[2020-09-16 21:19:07] SCN.cv10: Loading the datasets and model for 23th-batch-training
[2020-09-16 21:19:07] SCN.cv10: Argument hidden_size: 100
[2020-09-16 21:19:07] SCN.cv10: Argument candidate_size: 300
[2020-09-16 21:19:07] SCN.cv10: Argument Lambdas: [0.5, 1, 5, 15, 30, 50, 100, 150, 200]
[2020-09-16 21:19:07] SCN.cv10: Argument Lambdas_std: [0.01, 0.05, 0.1, 0.5, 1]
[2020-09-16 21:19:07] SCN.cv10: Argument r: [0.8, 0.9, 0.99, 0.9999, 0.999999]
[2020-09-16 21:19:07] SCN.cv10: Argument tolerance: 0
[2020-09-16 21:19:07] SCN.cv10: Argument device: device(type='cuda')
[2020-09-16 21:19:07] SCN.cv10: Argument dataset: 'sili'
[2020-09-16 21:19:07] SCN.cv10: Argument H: 1
[2020-09-16 21:19:07] SCN.cv10: Argument k: 5
[2020-09-16 21:19:07] SCN.cv10: Argument test: False
[2020-09-16 21:19:07] SCN.cv10: Argument normal: True
[2020-09-16 21:19:07] SCN.cv10: Argument diff: False
[2020-09-16 21:19:07] SCN.cv10: Argument times: 40
[2020-09-16 21:19:07] SCN.cv10: Argument datasets: {'ar1': {'lag_order': 15, 'normal': True, 'cov_dim': 0, 'kernel_size': 3}, 'wti': {'lag_order': 25, 'normal': True, 'cov_dim': 0, 'kernel_size': 5}, 'gold': {'lag_order': 25, 'normal': True, 'cov_dim': 0, 'kernel_size': 5}, 'sp': {'lag_order': 25, 'normal': True, 'cov_dim': 0, 'kernel_size': 5}, 'brent': {'lag_order': 24, 'normal': True, 'cov_dim': 0, 'kernel_size': 6}, 'sili': {'lag_order': 26, 'normal': True, 'cov_dim': 0, 'kernel_size': 6}}
[2020-09-16 21:19:07] SCN.cv10: Argument steps: 26
[2020-09-16 21:19:07] SCN.cv10: Argument experiment: 'experiments/normal/sili'
[2020-09-16 21:19:07] SCN.cv10: Argument scaler: StandardScaler()
[2020-09-16 21:19:07] SCN.cv10: Argument model_name: 'SCN_sili_h1'
[2020-09-16 21:19:07] SCN.cv10: Argument model_dir: 'experiments/normal/sili/SCN_sili_h1'
[2020-09-16 21:19:07] SCN.cv10: Argument restore: True
[2020-09-16 21:19:07] SCN.cv10: Argument cv: 10
[2020-09-16 21:19:07] SCN.cv10: Argument plot_dir: 'experiments/normal/sili/SCN_sili_h1/figures'
[2020-09-16 21:19:07] SCN.cv10: Using Cuda...
[2020-09-16 21:19:07] SCN.cv10: Loading complete.
[2020-09-16 21:19:07] SCN.cv10: Model: 
scnModel(
  (loss_fn): MSELoss()
)
[2020-09-16 21:19:07] SCN.cv10: Hidden size: 1 	 
Training MSE: 0.38084453 	 Validating MSE: 1.43890667 	 Best VMSE: 9999.00000000
[2020-09-16 21:19:07] SCN.cv10: Found new best state
[2020-09-16 21:19:07] SCN.cv10: Best vmse: 1.4389
[2020-09-16 21:19:07] SCN.cv10: Checkpoint saved to experiments/normal/sili/SCN_sili_h1
[2020-09-16 21:19:07] SCN.cv10: Hidden size: 2 	 
Training MSE: 0.23770623 	 Validating MSE: 0.82210332 	 Best VMSE: 1.43890667
[2020-09-16 21:19:07] SCN.cv10: Found new best state
[2020-09-16 21:19:07] SCN.cv10: Best vmse: 0.8221
[2020-09-16 21:19:07] SCN.cv10: Checkpoint saved to experiments/normal/sili/SCN_sili_h1
[2020-09-16 21:19:07] SCN.cv10: Hidden size: 3 	 
Training MSE: 0.17769921 	 Validating MSE: 0.67169631 	 Best VMSE: 0.82210332
[2020-09-16 21:19:07] SCN.cv10: Found new best state
[2020-09-16 21:19:07] SCN.cv10: Best vmse: 0.6717
[2020-09-16 21:19:07] SCN.cv10: Checkpoint saved to experiments/normal/sili/SCN_sili_h1
[2020-09-16 21:19:08] SCN.cv10: Hidden size: 4 	 
Training MSE: 0.16093616 	 Validating MSE: 0.47891501 	 Best VMSE: 0.67169631
[2020-09-16 21:19:08] SCN.cv10: Found new best state
[2020-09-16 21:19:08] SCN.cv10: Best vmse: 0.4789
[2020-09-16 21:19:08] SCN.cv10: Checkpoint saved to experiments/normal/sili/SCN_sili_h1
[2020-09-16 21:19:08] SCN.cv10: Hidden size: 5 	 
Training MSE: 0.14784095 	 Validating MSE: 0.38890260 	 Best VMSE: 0.47891501
[2020-09-16 21:19:08] SCN.cv10: Found new best state
[2020-09-16 21:19:08] SCN.cv10: Best vmse: 0.3889
[2020-09-16 21:19:08] SCN.cv10: Checkpoint saved to experiments/normal/sili/SCN_sili_h1
[2020-09-16 21:19:08] SCN.cv10: Hidden size: 6 	 
Training MSE: 0.13857113 	 Validating MSE: 0.39261436 	 Best VMSE: 0.38890260
[2020-09-16 21:19:08] SCN.cv10: Checkpoint saved to experiments/normal/sili/SCN_sili_h1
[2020-09-16 21:19:08] SCN.cv10: Hidden size: 7 	 
Training MSE: 0.13301548 	 Validating MSE: 0.36877227 	 Best VMSE: 0.38890260
[2020-09-16 21:19:08] SCN.cv10: Found new best state
[2020-09-16 21:19:08] SCN.cv10: Best vmse: 0.3688
[2020-09-16 21:19:08] SCN.cv10: Checkpoint saved to experiments/normal/sili/SCN_sili_h1
[2020-09-16 21:19:08] SCN.cv10: Hidden size: 8 	 
Training MSE: 0.13011518 	 Validating MSE: 0.36467713 	 Best VMSE: 0.36877227
[2020-09-16 21:19:08] SCN.cv10: Found new best state
[2020-09-16 21:19:08] SCN.cv10: Best vmse: 0.3647
[2020-09-16 21:19:08] SCN.cv10: Checkpoint saved to experiments/normal/sili/SCN_sili_h1
[2020-09-16 21:19:08] SCN.cv10: Hidden size: 9 	 
Training MSE: 0.12493770 	 Validating MSE: 0.32982782 	 Best VMSE: 0.36467713
[2020-09-16 21:19:08] SCN.cv10: Found new best state
[2020-09-16 21:19:08] SCN.cv10: Best vmse: 0.3298
[2020-09-16 21:19:08] SCN.cv10: Checkpoint saved to experiments/normal/sili/SCN_sili_h1
[2020-09-16 21:19:09] SCN.cv10: Hidden size: 10 	 
Training MSE: 0.12224618 	 Validating MSE: 0.31709340 	 Best VMSE: 0.32982782
[2020-09-16 21:19:09] SCN.cv10: Found new best state
[2020-09-16 21:19:09] SCN.cv10: Best vmse: 0.3171
[2020-09-16 21:19:09] SCN.cv10: Checkpoint saved to experiments/normal/sili/SCN_sili_h1
[2020-09-16 21:19:09] SCN.cv10: Hidden size: 11 	 
Training MSE: 0.12010336 	 Validating MSE: 0.31568113 	 Best VMSE: 0.31709340
[2020-09-16 21:19:09] SCN.cv10: Found new best state
[2020-09-16 21:19:09] SCN.cv10: Best vmse: 0.3157
[2020-09-16 21:19:09] SCN.cv10: Checkpoint saved to experiments/normal/sili/SCN_sili_h1
[2020-09-16 21:19:09] SCN.cv10: Hidden size: 12 	 
Training MSE: 0.11739060 	 Validating MSE: 0.32249480 	 Best VMSE: 0.31568113
[2020-09-16 21:19:09] SCN.cv10: Checkpoint saved to experiments/normal/sili/SCN_sili_h1
[2020-09-16 21:19:09] SCN.cv10: Hidden size: 13 	 
Training MSE: 0.11634733 	 Validating MSE: 0.31343508 	 Best VMSE: 0.31568113
[2020-09-16 21:19:09] SCN.cv10: Found new best state
[2020-09-16 21:19:09] SCN.cv10: Best vmse: 0.3134
[2020-09-16 21:19:09] SCN.cv10: Checkpoint saved to experiments/normal/sili/SCN_sili_h1
[2020-09-16 21:19:09] SCN.cv10: Hidden size: 14 	 
Training MSE: 0.11514556 	 Validating MSE: 0.30470452 	 Best VMSE: 0.31343508
[2020-09-16 21:19:09] SCN.cv10: Found new best state
[2020-09-16 21:19:09] SCN.cv10: Best vmse: 0.3047
[2020-09-16 21:19:09] SCN.cv10: Checkpoint saved to experiments/normal/sili/SCN_sili_h1
[2020-09-16 21:19:09] SCN.cv10: Hidden size: 15 	 
Training MSE: 0.11369152 	 Validating MSE: 0.30242860 	 Best VMSE: 0.30470452
[2020-09-16 21:19:09] SCN.cv10: Found new best state
[2020-09-16 21:19:09] SCN.cv10: Best vmse: 0.3024
[2020-09-16 21:19:09] SCN.cv10: Checkpoint saved to experiments/normal/sili/SCN_sili_h1
[2020-09-16 21:19:10] SCN.cv10: Hidden size: 16 	 
Training MSE: 0.11277074 	 Validating MSE: 0.31377244 	 Best VMSE: 0.30242860
[2020-09-16 21:19:10] SCN.cv10: Checkpoint saved to experiments/normal/sili/SCN_sili_h1
[2020-09-16 21:19:10] SCN.cv10: Hidden size: 17 	 
Training MSE: 0.11185452 	 Validating MSE: 0.32277989 	 Best VMSE: 0.30242860
[2020-09-16 21:19:10] SCN.cv10: Checkpoint saved to experiments/normal/sili/SCN_sili_h1
[2020-09-16 21:19:10] SCN.cv10: Hidden size: 18 	 
Training MSE: 0.11101733 	 Validating MSE: 0.31329700 	 Best VMSE: 0.30242860
[2020-09-16 21:19:10] SCN.cv10: Checkpoint saved to experiments/normal/sili/SCN_sili_h1
[2020-09-16 21:19:10] SCN.cv10: Hidden size: 19 	 
Training MSE: 0.10848545 	 Validating MSE: 0.33411330 	 Best VMSE: 0.30242860
[2020-09-16 21:19:10] SCN.cv10: Checkpoint saved to experiments/normal/sili/SCN_sili_h1
[2020-09-16 21:19:10] SCN.cv10: Hidden size: 20 	 
Training MSE: 0.10631903 	 Validating MSE: 0.31315976 	 Best VMSE: 0.30242860
[2020-09-16 21:19:10] SCN.cv10: Checkpoint saved to experiments/normal/sili/SCN_sili_h1
[2020-09-16 21:19:10] SCN.cv10: Hidden size: 21 	 
Training MSE: 0.10536385 	 Validating MSE: 0.30999950 	 Best VMSE: 0.30242860
[2020-09-16 21:19:10] SCN.cv10: Checkpoint saved to experiments/normal/sili/SCN_sili_h1
[2020-09-16 21:19:10] SCN.cv10: Hidden size: 22 	 
Training MSE: 0.10418494 	 Validating MSE: 0.32125354 	 Best VMSE: 0.30242860
[2020-09-16 21:19:10] SCN.cv10: Checkpoint saved to experiments/normal/sili/SCN_sili_h1
[2020-09-16 21:19:11] SCN.cv10: Hidden size: 23 	 
Training MSE: 0.10320827 	 Validating MSE: 0.32293224 	 Best VMSE: 0.30242860
[2020-09-16 21:19:11] SCN.cv10: Checkpoint saved to experiments/normal/sili/SCN_sili_h1
[2020-09-16 21:19:11] SCN.cv10: Hidden size: 24 	 
Training MSE: 0.10241977 	 Validating MSE: 0.33143398 	 Best VMSE: 0.30242860
[2020-09-16 21:19:11] SCN.cv10: Checkpoint saved to experiments/normal/sili/SCN_sili_h1
[2020-09-16 21:19:11] SCN.cv10: Hidden size: 25 	 
Training MSE: 0.10123911 	 Validating MSE: 0.34471002 	 Best VMSE: 0.30242860
[2020-09-16 21:19:11] SCN.cv10: Checkpoint saved to experiments/normal/sili/SCN_sili_h1
[2020-09-16 21:19:11] SCN.cv10: Hidden size: 26 	 
Training MSE: 0.10003243 	 Validating MSE: 0.32468736 	 Best VMSE: 0.30242860
[2020-09-16 21:19:11] SCN.cv10: Checkpoint saved to experiments/normal/sili/SCN_sili_h1
[2020-09-16 21:19:11] SCN.cv10: Hidden size: 27 	 
Training MSE: 0.09833866 	 Validating MSE: 0.31738201 	 Best VMSE: 0.30242860
[2020-09-16 21:19:11] SCN.cv10: Checkpoint saved to experiments/normal/sili/SCN_sili_h1
[2020-09-16 21:19:12] SCN.cv10: Hidden size: 28 	 
Training MSE: 0.09636489 	 Validating MSE: 0.32886693 	 Best VMSE: 0.30242860
[2020-09-16 21:19:12] SCN.cv10: Checkpoint saved to experiments/normal/sili/SCN_sili_h1
[2020-09-16 21:19:12] SCN.cv10: Hidden size: 29 	 
Training MSE: 0.09423380 	 Validating MSE: 0.32204720 	 Best VMSE: 0.30242860
[2020-09-16 21:19:12] SCN.cv10: Checkpoint saved to experiments/normal/sili/SCN_sili_h1
[2020-09-16 21:19:12] SCN.cv10: Hidden size: 30 	 
Training MSE: 0.09317174 	 Validating MSE: 0.30258533 	 Best VMSE: 0.30242860
[2020-09-16 21:19:12] SCN.cv10: Checkpoint saved to experiments/normal/sili/SCN_sili_h1
[2020-09-16 21:19:12] SCN.cv10: Hidden size: 31 	 
Training MSE: 0.09262068 	 Validating MSE: 0.30221656 	 Best VMSE: 0.30242860
[2020-09-16 21:19:12] SCN.cv10: Found new best state
[2020-09-16 21:19:12] SCN.cv10: Best vmse: 0.3022
[2020-09-16 21:19:12] SCN.cv10: Checkpoint saved to experiments/normal/sili/SCN_sili_h1
[2020-09-16 21:19:12] SCN.cv10: Hidden size: 32 	 
Training MSE: 0.09160679 	 Validating MSE: 0.31966326 	 Best VMSE: 0.30221656
[2020-09-16 21:19:12] SCN.cv10: Checkpoint saved to experiments/normal/sili/SCN_sili_h1
[2020-09-16 21:19:12] SCN.cv10: Hidden size: 33 	 
Training MSE: 0.09060998 	 Validating MSE: 0.32180503 	 Best VMSE: 0.30221656
[2020-09-16 21:19:12] SCN.cv10: Checkpoint saved to experiments/normal/sili/SCN_sili_h1
[2020-09-16 21:19:12] SCN.cv10: Hidden size: 34 	 
Training MSE: 0.09006665 	 Validating MSE: 0.33395281 	 Best VMSE: 0.30221656
[2020-09-16 21:19:12] SCN.cv10: Checkpoint saved to experiments/normal/sili/SCN_sili_h1
[2020-09-16 21:19:13] SCN.cv10: Hidden size: 35 	 
Training MSE: 0.08897255 	 Validating MSE: 0.35606471 	 Best VMSE: 0.30221656
[2020-09-16 21:19:13] SCN.cv10: Checkpoint saved to experiments/normal/sili/SCN_sili_h1
[2020-09-16 21:19:13] SCN.cv10: Hidden size: 36 	 
Training MSE: 0.08767661 	 Validating MSE: 0.37323427 	 Best VMSE: 0.30221656
[2020-09-16 21:19:13] SCN.cv10: Checkpoint saved to experiments/normal/sili/SCN_sili_h1
[2020-09-16 21:19:13] SCN.cv10: Hidden size: 37 	 
Training MSE: 0.08686290 	 Validating MSE: 0.40566814 	 Best VMSE: 0.30221656
[2020-09-16 21:19:13] SCN.cv10: Checkpoint saved to experiments/normal/sili/SCN_sili_h1
[2020-09-16 21:19:13] SCN.cv10: Hidden size: 38 	 
Training MSE: 0.08579813 	 Validating MSE: 0.42644262 	 Best VMSE: 0.30221656
[2020-09-16 21:19:13] SCN.cv10: Checkpoint saved to experiments/normal/sili/SCN_sili_h1
[2020-09-16 21:19:13] SCN.cv10: Hidden size: 39 	 
Training MSE: 0.08492321 	 Validating MSE: 0.41420999 	 Best VMSE: 0.30221656
[2020-09-16 21:19:13] SCN.cv10: Checkpoint saved to experiments/normal/sili/SCN_sili_h1
[2020-09-16 21:19:13] SCN.cv10: Hidden size: 40 	 
Training MSE: 0.08420172 	 Validating MSE: 0.41813496 	 Best VMSE: 0.30221656
[2020-09-16 21:19:13] SCN.cv10: Checkpoint saved to experiments/normal/sili/SCN_sili_h1
[2020-09-16 21:19:14] SCN.cv10: Hidden size: 41 	 
Training MSE: 0.08346155 	 Validating MSE: 0.42558643 	 Best VMSE: 0.30221656
[2020-09-16 21:19:14] SCN.cv10: Checkpoint saved to experiments/normal/sili/SCN_sili_h1
[2020-09-16 21:19:14] SCN.cv10: Hidden size: 42 	 
Training MSE: 0.08219615 	 Validating MSE: 0.47620073 	 Best VMSE: 0.30221656
[2020-09-16 21:19:14] SCN.cv10: Checkpoint saved to experiments/normal/sili/SCN_sili_h1
[2020-09-16 21:19:14] SCN.cv10: Hidden size: 43 	 
Training MSE: 0.08104075 	 Validating MSE: 0.47473583 	 Best VMSE: 0.30221656
[2020-09-16 21:19:14] SCN.cv10: Checkpoint saved to experiments/normal/sili/SCN_sili_h1
[2020-09-16 21:19:14] SCN.cv10: Hidden size: 44 	 
Training MSE: 0.07870454 	 Validating MSE: 0.49124297 	 Best VMSE: 0.30221656
[2020-09-16 21:19:14] SCN.cv10: Checkpoint saved to experiments/normal/sili/SCN_sili_h1
[2020-09-16 21:19:14] SCN.cv10: Hidden size: 45 	 
Training MSE: 0.07740820 	 Validating MSE: 0.53679514 	 Best VMSE: 0.30221656
[2020-09-16 21:19:14] SCN.cv10: Checkpoint saved to experiments/normal/sili/SCN_sili_h1
[2020-09-16 21:19:14] SCN.cv10: Hidden size: 46 	 
Training MSE: 0.07598189 	 Validating MSE: 0.55651188 	 Best VMSE: 0.30221656
[2020-09-16 21:19:14] SCN.cv10: Checkpoint saved to experiments/normal/sili/SCN_sili_h1
[2020-09-16 21:19:15] SCN.cv10: Hidden size: 47 	 
Training MSE: 0.07529696 	 Validating MSE: 0.57024062 	 Best VMSE: 0.30221656
[2020-09-16 21:19:15] SCN.cv10: Checkpoint saved to experiments/normal/sili/SCN_sili_h1
[2020-09-16 21:19:15] SCN.cv10: Hidden size: 48 	 
Training MSE: 0.07449040 	 Validating MSE: 0.57592028 	 Best VMSE: 0.30221656
[2020-09-16 21:19:15] SCN.cv10: Checkpoint saved to experiments/normal/sili/SCN_sili_h1
[2020-09-16 21:19:15] SCN.cv10: Hidden size: 49 	 
Training MSE: 0.07305079 	 Validating MSE: 0.61126417 	 Best VMSE: 0.30221656
[2020-09-16 21:19:15] SCN.cv10: Checkpoint saved to experiments/normal/sili/SCN_sili_h1
[2020-09-16 21:19:15] SCN.cv10: Hidden size: 50 	 
Training MSE: 0.07232738 	 Validating MSE: 0.68550682 	 Best VMSE: 0.30221656
[2020-09-16 21:19:15] SCN.cv10: Checkpoint saved to experiments/normal/sili/SCN_sili_h1
[2020-09-16 21:19:15] SCN.cv10: Hidden size: 51 	 
Training MSE: 0.07128474 	 Validating MSE: 0.72446454 	 Best VMSE: 0.30221656
[2020-09-16 21:19:15] SCN.cv10: Checkpoint saved to experiments/normal/sili/SCN_sili_h1
[2020-09-16 21:19:15] SCN.cv10: Hidden size: 52 	 
Training MSE: 0.07061278 	 Validating MSE: 0.69541895 	 Best VMSE: 0.30221656
[2020-09-16 21:19:15] SCN.cv10: Checkpoint saved to experiments/normal/sili/SCN_sili_h1
[2020-09-16 21:19:16] SCN.cv10: Hidden size: 53 	 
Training MSE: 0.06974293 	 Validating MSE: 0.74016213 	 Best VMSE: 0.30221656
[2020-09-16 21:19:16] SCN.cv10: Checkpoint saved to experiments/normal/sili/SCN_sili_h1
[2020-09-16 21:19:16] SCN.cv10: Hidden size: 54 	 
Training MSE: 0.06772370 	 Validating MSE: 0.75795776 	 Best VMSE: 0.30221656
[2020-09-16 21:19:16] SCN.cv10: Checkpoint saved to experiments/normal/sili/SCN_sili_h1
[2020-09-16 21:19:16] SCN.cv10: Hidden size: 55 	 
Training MSE: 0.06645984 	 Validating MSE: 0.81643760 	 Best VMSE: 0.30221656
[2020-09-16 21:19:16] SCN.cv10: Checkpoint saved to experiments/normal/sili/SCN_sili_h1
[2020-09-16 21:19:16] SCN.cv10: Hidden size: 56 	 
Training MSE: 0.06561499 	 Validating MSE: 0.81518555 	 Best VMSE: 0.30221656
[2020-09-16 21:19:16] SCN.cv10: Checkpoint saved to experiments/normal/sili/SCN_sili_h1
[2020-09-16 21:19:16] SCN.cv10: Hidden size: 57 	 
Training MSE: 0.06468154 	 Validating MSE: 0.79567504 	 Best VMSE: 0.30221656
[2020-09-16 21:19:16] SCN.cv10: Checkpoint saved to experiments/normal/sili/SCN_sili_h1
[2020-09-16 21:19:16] SCN.cv10: Hidden size: 58 	 
Training MSE: 0.06402182 	 Validating MSE: 0.75848961 	 Best VMSE: 0.30221656
[2020-09-16 21:19:16] SCN.cv10: Checkpoint saved to experiments/normal/sili/SCN_sili_h1
[2020-09-16 21:19:17] SCN.cv10: Hidden size: 59 	 
Training MSE: 0.06347772 	 Validating MSE: 0.76763165 	 Best VMSE: 0.30221656
[2020-09-16 21:19:17] SCN.cv10: Checkpoint saved to experiments/normal/sili/SCN_sili_h1
[2020-09-16 21:19:17] SCN.cv10: Hidden size: 60 	 
Training MSE: 0.06297513 	 Validating MSE: 0.77544171 	 Best VMSE: 0.30221656
[2020-09-16 21:19:17] SCN.cv10: Checkpoint saved to experiments/normal/sili/SCN_sili_h1
[2020-09-16 21:19:17] SCN.cv10: Hidden size: 61 	 
Training MSE: 0.06249835 	 Validating MSE: 0.79769748 	 Best VMSE: 0.30221656
[2020-09-16 21:19:17] SCN.cv10: Checkpoint saved to experiments/normal/sili/SCN_sili_h1
[2020-09-16 21:19:17] SCN.cv10: Hidden size: 62 	 
Training MSE: 0.06203929 	 Validating MSE: 0.84601408 	 Best VMSE: 0.30221656
[2020-09-16 21:19:17] SCN.cv10: Checkpoint saved to experiments/normal/sili/SCN_sili_h1
[2020-09-16 21:19:17] SCN.cv10: Hidden size: 63 	 
Training MSE: 0.06100244 	 Validating MSE: 0.85191083 	 Best VMSE: 0.30221656
[2020-09-16 21:19:17] SCN.cv10: Checkpoint saved to experiments/normal/sili/SCN_sili_h1
[2020-09-16 21:19:17] SCN.cv10: Hidden size: 64 	 
Training MSE: 0.06030033 	 Validating MSE: 0.87660360 	 Best VMSE: 0.30221656
[2020-09-16 21:19:17] SCN.cv10: Checkpoint saved to experiments/normal/sili/SCN_sili_h1
[2020-09-16 21:19:18] SCN.cv10: Hidden size: 65 	 
Training MSE: 0.05945556 	 Validating MSE: 0.88157785 	 Best VMSE: 0.30221656
[2020-09-16 21:19:18] SCN.cv10: Checkpoint saved to experiments/normal/sili/SCN_sili_h1
[2020-09-16 21:19:18] SCN.cv10: Hidden size: 66 	 
Training MSE: 0.05890145 	 Validating MSE: 0.88391078 	 Best VMSE: 0.30221656
[2020-09-16 21:19:18] SCN.cv10: Checkpoint saved to experiments/normal/sili/SCN_sili_h1
[2020-09-16 21:19:18] SCN.cv10: Hidden size: 67 	 
Training MSE: 0.05801175 	 Validating MSE: 0.97590619 	 Best VMSE: 0.30221656
[2020-09-16 21:19:18] SCN.cv10: Checkpoint saved to experiments/normal/sili/SCN_sili_h1
[2020-09-16 21:19:18] SCN.cv10: Hidden size: 68 	 
Training MSE: 0.05744495 	 Validating MSE: 1.04136264 	 Best VMSE: 0.30221656
[2020-09-16 21:19:18] SCN.cv10: Checkpoint saved to experiments/normal/sili/SCN_sili_h1
[2020-09-16 21:19:18] SCN.cv10: Hidden size: 69 	 
Training MSE: 0.05670116 	 Validating MSE: 1.09059906 	 Best VMSE: 0.30221656
[2020-09-16 21:19:18] SCN.cv10: Checkpoint saved to experiments/normal/sili/SCN_sili_h1
[2020-09-16 21:19:18] SCN.cv10: Hidden size: 70 	 
Training MSE: 0.05596128 	 Validating MSE: 1.09833682 	 Best VMSE: 0.30221656
[2020-09-16 21:19:18] SCN.cv10: Checkpoint saved to experiments/normal/sili/SCN_sili_h1
[2020-09-16 21:19:19] SCN.cv10: Hidden size: 71 	 
Training MSE: 0.05479235 	 Validating MSE: 1.14841461 	 Best VMSE: 0.30221656
[2020-09-16 21:19:19] SCN.cv10: Checkpoint saved to experiments/normal/sili/SCN_sili_h1
[2020-09-16 21:19:19] SCN.cv10: Hidden size: 72 	 
Training MSE: 0.05396389 	 Validating MSE: 1.28515697 	 Best VMSE: 0.30221656
[2020-09-16 21:19:19] SCN.cv10: Checkpoint saved to experiments/normal/sili/SCN_sili_h1
[2020-09-16 21:19:19] SCN.cv10: Hidden size: 73 	 
Training MSE: 0.05325627 	 Validating MSE: 1.35414279 	 Best VMSE: 0.30221656
[2020-09-16 21:19:19] SCN.cv10: Checkpoint saved to experiments/normal/sili/SCN_sili_h1
[2020-09-16 21:19:19] SCN.cv10: Hidden size: 74 	 
Training MSE: 0.05260155 	 Validating MSE: 1.21629143 	 Best VMSE: 0.30221656
[2020-09-16 21:19:19] SCN.cv10: Checkpoint saved to experiments/normal/sili/SCN_sili_h1
[2020-09-16 21:19:19] SCN.cv10: Hidden size: 75 	 
Training MSE: 0.05189487 	 Validating MSE: 1.24273741 	 Best VMSE: 0.30221656
[2020-09-16 21:19:19] SCN.cv10: Checkpoint saved to experiments/normal/sili/SCN_sili_h1
[2020-09-16 21:19:19] SCN.cv10: Hidden size: 76 	 
Training MSE: 0.05122562 	 Validating MSE: 1.32425976 	 Best VMSE: 0.30221656
[2020-09-16 21:19:19] SCN.cv10: Checkpoint saved to experiments/normal/sili/SCN_sili_h1
[2020-09-16 21:19:19] SCN.cv10: Hidden size: 77 	 
Training MSE: 0.05038181 	 Validating MSE: 1.23168194 	 Best VMSE: 0.30221656
[2020-09-16 21:19:19] SCN.cv10: Checkpoint saved to experiments/normal/sili/SCN_sili_h1
[2020-09-16 21:19:20] SCN.cv10: Hidden size: 78 	 
Training MSE: 0.05000237 	 Validating MSE: 1.23998296 	 Best VMSE: 0.30221656
[2020-09-16 21:19:20] SCN.cv10: Checkpoint saved to experiments/normal/sili/SCN_sili_h1
[2020-09-16 21:19:20] SCN.cv10: Hidden size: 79 	 
Training MSE: 0.04970821 	 Validating MSE: 1.23948002 	 Best VMSE: 0.30221656
[2020-09-16 21:19:20] SCN.cv10: Checkpoint saved to experiments/normal/sili/SCN_sili_h1
[2020-09-16 21:19:20] SCN.cv10: Hidden size: 80 	 
Training MSE: 0.04917176 	 Validating MSE: 1.30105174 	 Best VMSE: 0.30221656
[2020-09-16 21:19:20] SCN.cv10: Checkpoint saved to experiments/normal/sili/SCN_sili_h1
[2020-09-16 21:19:20] SCN.cv10: Hidden size: 81 	 
Training MSE: 0.04878061 	 Validating MSE: 1.37410784 	 Best VMSE: 0.30221656
[2020-09-16 21:19:20] SCN.cv10: Checkpoint saved to experiments/normal/sili/SCN_sili_h1
[2020-09-16 21:19:20] SCN.cv10: Hidden size: 82 	 
Training MSE: 0.04848249 	 Validating MSE: 1.41271508 	 Best VMSE: 0.30221656
[2020-09-16 21:19:20] SCN.cv10: Checkpoint saved to experiments/normal/sili/SCN_sili_h1
[2020-09-16 21:19:20] SCN.cv10: Hidden size: 83 	 
Training MSE: 0.04777465 	 Validating MSE: 1.47008467 	 Best VMSE: 0.30221656
[2020-09-16 21:19:20] SCN.cv10: Checkpoint saved to experiments/normal/sili/SCN_sili_h1
[2020-09-16 21:19:21] SCN.cv10: Hidden size: 84 	 
Training MSE: 0.04747875 	 Validating MSE: 1.50523877 	 Best VMSE: 0.30221656
[2020-09-16 21:19:21] SCN.cv10: Checkpoint saved to experiments/normal/sili/SCN_sili_h1
[2020-09-16 21:19:21] SCN.cv10: Hidden size: 85 	 
Training MSE: 0.04653420 	 Validating MSE: 1.52564466 	 Best VMSE: 0.30221656
[2020-09-16 21:19:21] SCN.cv10: Checkpoint saved to experiments/normal/sili/SCN_sili_h1
[2020-09-16 21:19:21] SCN.cv10: Hidden size: 86 	 
Training MSE: 0.04574357 	 Validating MSE: 1.49408388 	 Best VMSE: 0.30221656
[2020-09-16 21:19:21] SCN.cv10: Checkpoint saved to experiments/normal/sili/SCN_sili_h1
[2020-09-16 21:19:21] SCN.cv10: Hidden size: 87 	 
Training MSE: 0.04547909 	 Validating MSE: 1.51082063 	 Best VMSE: 0.30221656
[2020-09-16 21:19:21] SCN.cv10: Checkpoint saved to experiments/normal/sili/SCN_sili_h1
[2020-09-16 21:19:21] SCN.cv10: Hidden size: 88 	 
Training MSE: 0.04463889 	 Validating MSE: 1.54090130 	 Best VMSE: 0.30221656
[2020-09-16 21:19:21] SCN.cv10: Checkpoint saved to experiments/normal/sili/SCN_sili_h1
[2020-09-16 21:19:21] SCN.cv10: Hidden size: 89 	 
Training MSE: 0.04409651 	 Validating MSE: 1.55840147 	 Best VMSE: 0.30221656
[2020-09-16 21:19:21] SCN.cv10: Checkpoint saved to experiments/normal/sili/SCN_sili_h1
[2020-09-16 21:19:22] SCN.cv10: Hidden size: 90 	 
Training MSE: 0.04347124 	 Validating MSE: 1.63517165 	 Best VMSE: 0.30221656
[2020-09-16 21:19:22] SCN.cv10: Checkpoint saved to experiments/normal/sili/SCN_sili_h1
[2020-09-16 21:19:22] SCN.cv10: Hidden size: 91 	 
Training MSE: 0.04324332 	 Validating MSE: 1.68308687 	 Best VMSE: 0.30221656
[2020-09-16 21:19:22] SCN.cv10: Checkpoint saved to experiments/normal/sili/SCN_sili_h1
[2020-09-16 21:19:22] SCN.cv10: Hidden size: 92 	 
Training MSE: 0.04239045 	 Validating MSE: 1.62638390 	 Best VMSE: 0.30221656
[2020-09-16 21:19:22] SCN.cv10: Checkpoint saved to experiments/normal/sili/SCN_sili_h1
[2020-09-16 21:19:22] SCN.cv10: Hidden size: 93 	 
Training MSE: 0.04178888 	 Validating MSE: 1.61038458 	 Best VMSE: 0.30221656
[2020-09-16 21:19:22] SCN.cv10: Checkpoint saved to experiments/normal/sili/SCN_sili_h1
[2020-09-16 21:19:22] SCN.cv10: Hidden size: 94 	 
Training MSE: 0.04133318 	 Validating MSE: 1.68745649 	 Best VMSE: 0.30221656
[2020-09-16 21:19:22] SCN.cv10: Checkpoint saved to experiments/normal/sili/SCN_sili_h1
[2020-09-16 21:19:22] SCN.cv10: Hidden size: 95 	 
Training MSE: 0.04067542 	 Validating MSE: 1.76985013 	 Best VMSE: 0.30221656
[2020-09-16 21:19:22] SCN.cv10: Checkpoint saved to experiments/normal/sili/SCN_sili_h1
[2020-09-16 21:19:23] SCN.cv10: Hidden size: 96 	 
Training MSE: 0.04025869 	 Validating MSE: 1.80427027 	 Best VMSE: 0.30221656
[2020-09-16 21:19:23] SCN.cv10: Checkpoint saved to experiments/normal/sili/SCN_sili_h1
[2020-09-16 21:19:23] SCN.cv10: Hidden size: 97 	 
Training MSE: 0.03962333 	 Validating MSE: 1.89700639 	 Best VMSE: 0.30221656
[2020-09-16 21:19:23] SCN.cv10: Checkpoint saved to experiments/normal/sili/SCN_sili_h1
[2020-09-16 21:19:23] SCN.cv10: Hidden size: 98 	 
Training MSE: 0.03917950 	 Validating MSE: 1.84428799 	 Best VMSE: 0.30221656
[2020-09-16 21:19:23] SCN.cv10: Checkpoint saved to experiments/normal/sili/SCN_sili_h1
[2020-09-16 21:19:23] SCN.cv10: Hidden size: 99 	 
Training MSE: 0.03837350 	 Validating MSE: 1.75835168 	 Best VMSE: 0.30221656
[2020-09-16 21:19:23] SCN.cv10: Checkpoint saved to experiments/normal/sili/SCN_sili_h1
[2020-09-16 21:19:23] SCN.cv10: Hidden size: 100 	 
Training MSE: 0.03767529 	 Validating MSE: 1.82803106 	 Best VMSE: 0.30221656
[2020-09-16 21:19:23] SCN.cv10: Checkpoint saved to experiments/normal/sili/SCN_sili_h1
[2020-09-16 21:19:23] SCN.cv10: Restoring best parameters from experiments/normal/sili/SCN_sili_h1/train.cv10.pth.tar
[2020-09-16 21:19:23] SCN.cv10: sili	 H: 1	 Trail: 23 
Testing RMSE: 0.6771 	 MAPE: 0.112 	 SMAPE: 0.05913
