[2020-09-16 21:16:40] SCN.cv5: Loading the datasets and model for 14th-batch-training
[2020-09-16 21:16:40] SCN.cv5: Argument hidden_size: 100
[2020-09-16 21:16:40] SCN.cv5: Argument candidate_size: 300
[2020-09-16 21:16:40] SCN.cv5: Argument Lambdas: [0.5, 1, 5, 15, 30, 50, 100, 150, 200]
[2020-09-16 21:16:40] SCN.cv5: Argument Lambdas_std: [0.01, 0.05, 0.1, 0.5, 1]
[2020-09-16 21:16:40] SCN.cv5: Argument r: [0.8, 0.9, 0.99, 0.9999, 0.999999]
[2020-09-16 21:16:40] SCN.cv5: Argument tolerance: 0
[2020-09-16 21:16:40] SCN.cv5: Argument device: device(type='cuda')
[2020-09-16 21:16:40] SCN.cv5: Argument dataset: 'sili'
[2020-09-16 21:16:40] SCN.cv5: Argument H: 1
[2020-09-16 21:16:40] SCN.cv5: Argument k: 5
[2020-09-16 21:16:40] SCN.cv5: Argument test: False
[2020-09-16 21:16:40] SCN.cv5: Argument normal: True
[2020-09-16 21:16:40] SCN.cv5: Argument diff: False
[2020-09-16 21:16:40] SCN.cv5: Argument times: 40
[2020-09-16 21:16:40] SCN.cv5: Argument datasets: {'ar1': {'lag_order': 15, 'normal': True, 'cov_dim': 0, 'kernel_size': 3}, 'wti': {'lag_order': 25, 'normal': True, 'cov_dim': 0, 'kernel_size': 5}, 'gold': {'lag_order': 25, 'normal': True, 'cov_dim': 0, 'kernel_size': 5}, 'sp': {'lag_order': 25, 'normal': True, 'cov_dim': 0, 'kernel_size': 5}, 'brent': {'lag_order': 24, 'normal': True, 'cov_dim': 0, 'kernel_size': 6}, 'sili': {'lag_order': 26, 'normal': True, 'cov_dim': 0, 'kernel_size': 6}}
[2020-09-16 21:16:40] SCN.cv5: Argument steps: 26
[2020-09-16 21:16:40] SCN.cv5: Argument experiment: 'experiments/normal/sili'
[2020-09-16 21:16:40] SCN.cv5: Argument scaler: StandardScaler()
[2020-09-16 21:16:40] SCN.cv5: Argument model_name: 'SCN_sili_h1'
[2020-09-16 21:16:40] SCN.cv5: Argument model_dir: 'experiments/normal/sili/SCN_sili_h1'
[2020-09-16 21:16:40] SCN.cv5: Argument restore: True
[2020-09-16 21:16:40] SCN.cv5: Argument cv: 5
[2020-09-16 21:16:40] SCN.cv5: Argument plot_dir: 'experiments/normal/sili/SCN_sili_h1/figures'
[2020-09-16 21:16:40] SCN.cv5: Using Cuda...
[2020-09-16 21:16:40] SCN.cv5: Loading complete.
[2020-09-16 21:16:40] SCN.cv5: Model: 
scnModel(
  (loss_fn): MSELoss()
)
[2020-09-16 21:16:40] SCN.cv5: Hidden size: 1 	 
Training MSE: 0.41388389 	 Validating MSE: 1.43933630 	 Best VMSE: 9999.00000000
[2020-09-16 21:16:40] SCN.cv5: Found new best state
[2020-09-16 21:16:40] SCN.cv5: Best vmse: 1.4393
[2020-09-16 21:16:40] SCN.cv5: Checkpoint saved to experiments/normal/sili/SCN_sili_h1
[2020-09-16 21:16:40] SCN.cv5: Hidden size: 2 	 
Training MSE: 0.25589287 	 Validating MSE: 1.26325250 	 Best VMSE: 1.43933630
[2020-09-16 21:16:40] SCN.cv5: Found new best state
[2020-09-16 21:16:40] SCN.cv5: Best vmse: 1.2633
[2020-09-16 21:16:40] SCN.cv5: Checkpoint saved to experiments/normal/sili/SCN_sili_h1
[2020-09-16 21:16:41] SCN.cv5: Hidden size: 3 	 
Training MSE: 0.18905985 	 Validating MSE: 0.69014120 	 Best VMSE: 1.26325250
[2020-09-16 21:16:41] SCN.cv5: Found new best state
[2020-09-16 21:16:41] SCN.cv5: Best vmse: 0.6901
[2020-09-16 21:16:41] SCN.cv5: Checkpoint saved to experiments/normal/sili/SCN_sili_h1
[2020-09-16 21:16:41] SCN.cv5: Hidden size: 4 	 
Training MSE: 0.17478545 	 Validating MSE: 0.63100821 	 Best VMSE: 0.69014120
[2020-09-16 21:16:41] SCN.cv5: Found new best state
[2020-09-16 21:16:41] SCN.cv5: Best vmse: 0.6310
[2020-09-16 21:16:41] SCN.cv5: Checkpoint saved to experiments/normal/sili/SCN_sili_h1
[2020-09-16 21:16:41] SCN.cv5: Hidden size: 5 	 
Training MSE: 0.15635097 	 Validating MSE: 0.50161648 	 Best VMSE: 0.63100821
[2020-09-16 21:16:41] SCN.cv5: Found new best state
[2020-09-16 21:16:41] SCN.cv5: Best vmse: 0.5016
[2020-09-16 21:16:41] SCN.cv5: Checkpoint saved to experiments/normal/sili/SCN_sili_h1
[2020-09-16 21:16:41] SCN.cv5: Hidden size: 6 	 
Training MSE: 0.14183183 	 Validating MSE: 0.43701592 	 Best VMSE: 0.50161648
[2020-09-16 21:16:41] SCN.cv5: Found new best state
[2020-09-16 21:16:41] SCN.cv5: Best vmse: 0.4370
[2020-09-16 21:16:41] SCN.cv5: Checkpoint saved to experiments/normal/sili/SCN_sili_h1
[2020-09-16 21:16:41] SCN.cv5: Hidden size: 7 	 
Training MSE: 0.13671628 	 Validating MSE: 0.42453676 	 Best VMSE: 0.43701592
[2020-09-16 21:16:41] SCN.cv5: Found new best state
[2020-09-16 21:16:41] SCN.cv5: Best vmse: 0.4245
[2020-09-16 21:16:41] SCN.cv5: Checkpoint saved to experiments/normal/sili/SCN_sili_h1
[2020-09-16 21:16:41] SCN.cv5: Hidden size: 8 	 
Training MSE: 0.13024113 	 Validating MSE: 0.42347714 	 Best VMSE: 0.42453676
[2020-09-16 21:16:41] SCN.cv5: Found new best state
[2020-09-16 21:16:41] SCN.cv5: Best vmse: 0.4235
[2020-09-16 21:16:41] SCN.cv5: Checkpoint saved to experiments/normal/sili/SCN_sili_h1
[2020-09-16 21:16:41] SCN.cv5: Hidden size: 9 	 
Training MSE: 0.12787528 	 Validating MSE: 0.38891518 	 Best VMSE: 0.42347714
[2020-09-16 21:16:41] SCN.cv5: Found new best state
[2020-09-16 21:16:41] SCN.cv5: Best vmse: 0.3889
[2020-09-16 21:16:41] SCN.cv5: Checkpoint saved to experiments/normal/sili/SCN_sili_h1
[2020-09-16 21:16:42] SCN.cv5: Hidden size: 10 	 
Training MSE: 0.12249285 	 Validating MSE: 0.36504304 	 Best VMSE: 0.38891518
[2020-09-16 21:16:42] SCN.cv5: Found new best state
[2020-09-16 21:16:42] SCN.cv5: Best vmse: 0.3650
[2020-09-16 21:16:42] SCN.cv5: Checkpoint saved to experiments/normal/sili/SCN_sili_h1
[2020-09-16 21:16:42] SCN.cv5: Hidden size: 11 	 
Training MSE: 0.12028525 	 Validating MSE: 0.36147445 	 Best VMSE: 0.36504304
[2020-09-16 21:16:42] SCN.cv5: Found new best state
[2020-09-16 21:16:42] SCN.cv5: Best vmse: 0.3615
[2020-09-16 21:16:42] SCN.cv5: Checkpoint saved to experiments/normal/sili/SCN_sili_h1
[2020-09-16 21:16:42] SCN.cv5: Hidden size: 12 	 
Training MSE: 0.11838653 	 Validating MSE: 0.35116157 	 Best VMSE: 0.36147445
[2020-09-16 21:16:42] SCN.cv5: Found new best state
[2020-09-16 21:16:42] SCN.cv5: Best vmse: 0.3512
[2020-09-16 21:16:42] SCN.cv5: Checkpoint saved to experiments/normal/sili/SCN_sili_h1
[2020-09-16 21:16:42] SCN.cv5: Hidden size: 13 	 
Training MSE: 0.11721254 	 Validating MSE: 0.33987299 	 Best VMSE: 0.35116157
[2020-09-16 21:16:42] SCN.cv5: Found new best state
[2020-09-16 21:16:42] SCN.cv5: Best vmse: 0.3399
[2020-09-16 21:16:42] SCN.cv5: Checkpoint saved to experiments/normal/sili/SCN_sili_h1
[2020-09-16 21:16:42] SCN.cv5: Hidden size: 14 	 
Training MSE: 0.11493117 	 Validating MSE: 0.34665462 	 Best VMSE: 0.33987299
[2020-09-16 21:16:42] SCN.cv5: Checkpoint saved to experiments/normal/sili/SCN_sili_h1
[2020-09-16 21:16:42] SCN.cv5: Hidden size: 15 	 
Training MSE: 0.11334860 	 Validating MSE: 0.34649050 	 Best VMSE: 0.33987299
[2020-09-16 21:16:42] SCN.cv5: Checkpoint saved to experiments/normal/sili/SCN_sili_h1
[2020-09-16 21:16:43] SCN.cv5: Hidden size: 16 	 
Training MSE: 0.11221496 	 Validating MSE: 0.34909245 	 Best VMSE: 0.33987299
[2020-09-16 21:16:43] SCN.cv5: Checkpoint saved to experiments/normal/sili/SCN_sili_h1
[2020-09-16 21:16:43] SCN.cv5: Hidden size: 17 	 
Training MSE: 0.11096492 	 Validating MSE: 0.35201538 	 Best VMSE: 0.33987299
[2020-09-16 21:16:43] SCN.cv5: Checkpoint saved to experiments/normal/sili/SCN_sili_h1
[2020-09-16 21:16:43] SCN.cv5: Hidden size: 18 	 
Training MSE: 0.10830331 	 Validating MSE: 0.34355575 	 Best VMSE: 0.33987299
[2020-09-16 21:16:43] SCN.cv5: Checkpoint saved to experiments/normal/sili/SCN_sili_h1
[2020-09-16 21:16:43] SCN.cv5: Hidden size: 19 	 
Training MSE: 0.10680049 	 Validating MSE: 0.35655594 	 Best VMSE: 0.33987299
[2020-09-16 21:16:43] SCN.cv5: Checkpoint saved to experiments/normal/sili/SCN_sili_h1
[2020-09-16 21:16:43] SCN.cv5: Hidden size: 20 	 
Training MSE: 0.10503941 	 Validating MSE: 0.35677460 	 Best VMSE: 0.33987299
[2020-09-16 21:16:43] SCN.cv5: Checkpoint saved to experiments/normal/sili/SCN_sili_h1
[2020-09-16 21:16:43] SCN.cv5: Hidden size: 21 	 
Training MSE: 0.10254758 	 Validating MSE: 0.37536225 	 Best VMSE: 0.33987299
[2020-09-16 21:16:43] SCN.cv5: Checkpoint saved to experiments/normal/sili/SCN_sili_h1
[2020-09-16 21:16:44] SCN.cv5: Hidden size: 22 	 
Training MSE: 0.10168392 	 Validating MSE: 0.35830021 	 Best VMSE: 0.33987299
[2020-09-16 21:16:44] SCN.cv5: Checkpoint saved to experiments/normal/sili/SCN_sili_h1
[2020-09-16 21:16:44] SCN.cv5: Hidden size: 23 	 
Training MSE: 0.10098315 	 Validating MSE: 0.35335046 	 Best VMSE: 0.33987299
[2020-09-16 21:16:44] SCN.cv5: Checkpoint saved to experiments/normal/sili/SCN_sili_h1
[2020-09-16 21:16:44] SCN.cv5: Hidden size: 24 	 
Training MSE: 0.10012456 	 Validating MSE: 0.35910988 	 Best VMSE: 0.33987299
[2020-09-16 21:16:44] SCN.cv5: Checkpoint saved to experiments/normal/sili/SCN_sili_h1
[2020-09-16 21:16:44] SCN.cv5: Hidden size: 25 	 
Training MSE: 0.09889989 	 Validating MSE: 0.35241866 	 Best VMSE: 0.33987299
[2020-09-16 21:16:44] SCN.cv5: Checkpoint saved to experiments/normal/sili/SCN_sili_h1
[2020-09-16 21:16:44] SCN.cv5: Hidden size: 26 	 
Training MSE: 0.09748758 	 Validating MSE: 0.35179827 	 Best VMSE: 0.33987299
[2020-09-16 21:16:44] SCN.cv5: Checkpoint saved to experiments/normal/sili/SCN_sili_h1
[2020-09-16 21:16:44] SCN.cv5: Hidden size: 27 	 
Training MSE: 0.09690860 	 Validating MSE: 0.35642567 	 Best VMSE: 0.33987299
[2020-09-16 21:16:44] SCN.cv5: Checkpoint saved to experiments/normal/sili/SCN_sili_h1
[2020-09-16 21:16:45] SCN.cv5: Hidden size: 28 	 
Training MSE: 0.09629416 	 Validating MSE: 0.35990873 	 Best VMSE: 0.33987299
[2020-09-16 21:16:45] SCN.cv5: Checkpoint saved to experiments/normal/sili/SCN_sili_h1
[2020-09-16 21:16:45] SCN.cv5: Hidden size: 29 	 
Training MSE: 0.09585375 	 Validating MSE: 0.35735014 	 Best VMSE: 0.33987299
[2020-09-16 21:16:45] SCN.cv5: Checkpoint saved to experiments/normal/sili/SCN_sili_h1
[2020-09-16 21:16:45] SCN.cv5: Hidden size: 30 	 
Training MSE: 0.09482535 	 Validating MSE: 0.33711737 	 Best VMSE: 0.33987299
[2020-09-16 21:16:45] SCN.cv5: Found new best state
[2020-09-16 21:16:45] SCN.cv5: Best vmse: 0.3371
[2020-09-16 21:16:45] SCN.cv5: Checkpoint saved to experiments/normal/sili/SCN_sili_h1
[2020-09-16 21:16:45] SCN.cv5: Hidden size: 31 	 
Training MSE: 0.09407838 	 Validating MSE: 0.34026408 	 Best VMSE: 0.33711737
[2020-09-16 21:16:45] SCN.cv5: Checkpoint saved to experiments/normal/sili/SCN_sili_h1
[2020-09-16 21:16:45] SCN.cv5: Hidden size: 32 	 
Training MSE: 0.09271038 	 Validating MSE: 0.33518919 	 Best VMSE: 0.33711737
[2020-09-16 21:16:45] SCN.cv5: Found new best state
[2020-09-16 21:16:45] SCN.cv5: Best vmse: 0.3352
[2020-09-16 21:16:45] SCN.cv5: Checkpoint saved to experiments/normal/sili/SCN_sili_h1
[2020-09-16 21:16:45] SCN.cv5: Hidden size: 33 	 
Training MSE: 0.09191314 	 Validating MSE: 0.35402349 	 Best VMSE: 0.33518919
[2020-09-16 21:16:45] SCN.cv5: Checkpoint saved to experiments/normal/sili/SCN_sili_h1
[2020-09-16 21:16:45] SCN.cv5: Hidden size: 34 	 
Training MSE: 0.09123850 	 Validating MSE: 0.35761794 	 Best VMSE: 0.33518919
[2020-09-16 21:16:45] SCN.cv5: Checkpoint saved to experiments/normal/sili/SCN_sili_h1
[2020-09-16 21:16:46] SCN.cv5: Hidden size: 35 	 
Training MSE: 0.09064677 	 Validating MSE: 0.36927909 	 Best VMSE: 0.33518919
[2020-09-16 21:16:46] SCN.cv5: Checkpoint saved to experiments/normal/sili/SCN_sili_h1
[2020-09-16 21:16:46] SCN.cv5: Hidden size: 36 	 
Training MSE: 0.08952326 	 Validating MSE: 0.41527474 	 Best VMSE: 0.33518919
[2020-09-16 21:16:46] SCN.cv5: Checkpoint saved to experiments/normal/sili/SCN_sili_h1
[2020-09-16 21:16:46] SCN.cv5: Hidden size: 37 	 
Training MSE: 0.08829153 	 Validating MSE: 0.45721611 	 Best VMSE: 0.33518919
[2020-09-16 21:16:46] SCN.cv5: Checkpoint saved to experiments/normal/sili/SCN_sili_h1
[2020-09-16 21:16:46] SCN.cv5: Hidden size: 38 	 
Training MSE: 0.08721271 	 Validating MSE: 0.46486607 	 Best VMSE: 0.33518919
[2020-09-16 21:16:46] SCN.cv5: Checkpoint saved to experiments/normal/sili/SCN_sili_h1
[2020-09-16 21:16:46] SCN.cv5: Hidden size: 39 	 
Training MSE: 0.08505211 	 Validating MSE: 0.44108191 	 Best VMSE: 0.33518919
[2020-09-16 21:16:46] SCN.cv5: Checkpoint saved to experiments/normal/sili/SCN_sili_h1
[2020-09-16 21:16:46] SCN.cv5: Hidden size: 40 	 
Training MSE: 0.08400472 	 Validating MSE: 0.44941062 	 Best VMSE: 0.33518919
[2020-09-16 21:16:46] SCN.cv5: Checkpoint saved to experiments/normal/sili/SCN_sili_h1
[2020-09-16 21:16:47] SCN.cv5: Hidden size: 41 	 
Training MSE: 0.08239365 	 Validating MSE: 0.53848493 	 Best VMSE: 0.33518919
[2020-09-16 21:16:47] SCN.cv5: Checkpoint saved to experiments/normal/sili/SCN_sili_h1
[2020-09-16 21:16:47] SCN.cv5: Hidden size: 42 	 
Training MSE: 0.08196377 	 Validating MSE: 0.53982306 	 Best VMSE: 0.33518919
[2020-09-16 21:16:47] SCN.cv5: Checkpoint saved to experiments/normal/sili/SCN_sili_h1
[2020-09-16 21:16:47] SCN.cv5: Hidden size: 43 	 
Training MSE: 0.08095439 	 Validating MSE: 0.54990530 	 Best VMSE: 0.33518919
[2020-09-16 21:16:47] SCN.cv5: Checkpoint saved to experiments/normal/sili/SCN_sili_h1
[2020-09-16 21:16:47] SCN.cv5: Hidden size: 44 	 
Training MSE: 0.08035079 	 Validating MSE: 0.54821336 	 Best VMSE: 0.33518919
[2020-09-16 21:16:47] SCN.cv5: Checkpoint saved to experiments/normal/sili/SCN_sili_h1
[2020-09-16 21:16:47] SCN.cv5: Hidden size: 45 	 
Training MSE: 0.07864851 	 Validating MSE: 0.56298375 	 Best VMSE: 0.33518919
[2020-09-16 21:16:47] SCN.cv5: Checkpoint saved to experiments/normal/sili/SCN_sili_h1
[2020-09-16 21:16:47] SCN.cv5: Hidden size: 46 	 
Training MSE: 0.07712031 	 Validating MSE: 0.58721077 	 Best VMSE: 0.33518919
[2020-09-16 21:16:47] SCN.cv5: Checkpoint saved to experiments/normal/sili/SCN_sili_h1
[2020-09-16 21:16:48] SCN.cv5: Hidden size: 47 	 
Training MSE: 0.07597660 	 Validating MSE: 0.64773440 	 Best VMSE: 0.33518919
[2020-09-16 21:16:48] SCN.cv5: Checkpoint saved to experiments/normal/sili/SCN_sili_h1
[2020-09-16 21:16:48] SCN.cv5: Hidden size: 48 	 
Training MSE: 0.07433286 	 Validating MSE: 0.66217476 	 Best VMSE: 0.33518919
[2020-09-16 21:16:48] SCN.cv5: Checkpoint saved to experiments/normal/sili/SCN_sili_h1
[2020-09-16 21:16:48] SCN.cv5: Hidden size: 49 	 
Training MSE: 0.07230829 	 Validating MSE: 0.69337898 	 Best VMSE: 0.33518919
[2020-09-16 21:16:48] SCN.cv5: Checkpoint saved to experiments/normal/sili/SCN_sili_h1
[2020-09-16 21:16:48] SCN.cv5: Hidden size: 50 	 
Training MSE: 0.07104811 	 Validating MSE: 0.71540648 	 Best VMSE: 0.33518919
[2020-09-16 21:16:48] SCN.cv5: Checkpoint saved to experiments/normal/sili/SCN_sili_h1
[2020-09-16 21:16:48] SCN.cv5: Hidden size: 51 	 
Training MSE: 0.07047111 	 Validating MSE: 0.72052497 	 Best VMSE: 0.33518919
[2020-09-16 21:16:48] SCN.cv5: Checkpoint saved to experiments/normal/sili/SCN_sili_h1
[2020-09-16 21:16:48] SCN.cv5: Hidden size: 52 	 
Training MSE: 0.06984799 	 Validating MSE: 0.75456268 	 Best VMSE: 0.33518919
[2020-09-16 21:16:48] SCN.cv5: Checkpoint saved to experiments/normal/sili/SCN_sili_h1
[2020-09-16 21:16:49] SCN.cv5: Hidden size: 53 	 
Training MSE: 0.06882101 	 Validating MSE: 0.80223668 	 Best VMSE: 0.33518919
[2020-09-16 21:16:49] SCN.cv5: Checkpoint saved to experiments/normal/sili/SCN_sili_h1
[2020-09-16 21:16:49] SCN.cv5: Hidden size: 54 	 
Training MSE: 0.06772947 	 Validating MSE: 0.79178721 	 Best VMSE: 0.33518919
[2020-09-16 21:16:49] SCN.cv5: Checkpoint saved to experiments/normal/sili/SCN_sili_h1
[2020-09-16 21:16:49] SCN.cv5: Hidden size: 55 	 
Training MSE: 0.06685604 	 Validating MSE: 0.81911564 	 Best VMSE: 0.33518919
[2020-09-16 21:16:49] SCN.cv5: Checkpoint saved to experiments/normal/sili/SCN_sili_h1
[2020-09-16 21:16:49] SCN.cv5: Hidden size: 56 	 
Training MSE: 0.06559715 	 Validating MSE: 0.94024450 	 Best VMSE: 0.33518919
[2020-09-16 21:16:49] SCN.cv5: Checkpoint saved to experiments/normal/sili/SCN_sili_h1
[2020-09-16 21:16:49] SCN.cv5: Hidden size: 57 	 
Training MSE: 0.06488977 	 Validating MSE: 0.90357858 	 Best VMSE: 0.33518919
[2020-09-16 21:16:49] SCN.cv5: Checkpoint saved to experiments/normal/sili/SCN_sili_h1
[2020-09-16 21:16:49] SCN.cv5: Hidden size: 58 	 
Training MSE: 0.06367078 	 Validating MSE: 0.96039307 	 Best VMSE: 0.33518919
[2020-09-16 21:16:49] SCN.cv5: Checkpoint saved to experiments/normal/sili/SCN_sili_h1
[2020-09-16 21:16:49] SCN.cv5: Hidden size: 59 	 
Training MSE: 0.06295602 	 Validating MSE: 1.06903422 	 Best VMSE: 0.33518919
[2020-09-16 21:16:49] SCN.cv5: Checkpoint saved to experiments/normal/sili/SCN_sili_h1
[2020-09-16 21:16:50] SCN.cv5: Hidden size: 60 	 
Training MSE: 0.06242526 	 Validating MSE: 0.97615618 	 Best VMSE: 0.33518919
[2020-09-16 21:16:50] SCN.cv5: Checkpoint saved to experiments/normal/sili/SCN_sili_h1
[2020-09-16 21:16:50] SCN.cv5: Hidden size: 61 	 
Training MSE: 0.06214131 	 Validating MSE: 0.96000993 	 Best VMSE: 0.33518919
[2020-09-16 21:16:50] SCN.cv5: Checkpoint saved to experiments/normal/sili/SCN_sili_h1
[2020-09-16 21:16:50] SCN.cv5: Hidden size: 62 	 
Training MSE: 0.06157327 	 Validating MSE: 0.97117567 	 Best VMSE: 0.33518919
[2020-09-16 21:16:50] SCN.cv5: Checkpoint saved to experiments/normal/sili/SCN_sili_h1
[2020-09-16 21:16:50] SCN.cv5: Hidden size: 63 	 
Training MSE: 0.06104981 	 Validating MSE: 0.91296953 	 Best VMSE: 0.33518919
[2020-09-16 21:16:50] SCN.cv5: Checkpoint saved to experiments/normal/sili/SCN_sili_h1
[2020-09-16 21:16:50] SCN.cv5: Hidden size: 64 	 
Training MSE: 0.06037174 	 Validating MSE: 0.90278864 	 Best VMSE: 0.33518919
[2020-09-16 21:16:50] SCN.cv5: Checkpoint saved to experiments/normal/sili/SCN_sili_h1
[2020-09-16 21:16:50] SCN.cv5: Hidden size: 65 	 
Training MSE: 0.05990974 	 Validating MSE: 0.92864084 	 Best VMSE: 0.33518919
[2020-09-16 21:16:50] SCN.cv5: Checkpoint saved to experiments/normal/sili/SCN_sili_h1
[2020-09-16 21:16:51] SCN.cv5: Hidden size: 66 	 
Training MSE: 0.05921292 	 Validating MSE: 0.90714782 	 Best VMSE: 0.33518919
[2020-09-16 21:16:51] SCN.cv5: Checkpoint saved to experiments/normal/sili/SCN_sili_h1
[2020-09-16 21:16:51] SCN.cv5: Hidden size: 67 	 
Training MSE: 0.05837947 	 Validating MSE: 0.96192366 	 Best VMSE: 0.33518919
[2020-09-16 21:16:51] SCN.cv5: Checkpoint saved to experiments/normal/sili/SCN_sili_h1
[2020-09-16 21:16:51] SCN.cv5: Hidden size: 68 	 
Training MSE: 0.05752334 	 Validating MSE: 0.97318089 	 Best VMSE: 0.33518919
[2020-09-16 21:16:51] SCN.cv5: Checkpoint saved to experiments/normal/sili/SCN_sili_h1
[2020-09-16 21:16:51] SCN.cv5: Hidden size: 69 	 
Training MSE: 0.05640522 	 Validating MSE: 1.00262105 	 Best VMSE: 0.33518919
[2020-09-16 21:16:51] SCN.cv5: Checkpoint saved to experiments/normal/sili/SCN_sili_h1
[2020-09-16 21:16:51] SCN.cv5: Hidden size: 70 	 
Training MSE: 0.05542784 	 Validating MSE: 1.11670029 	 Best VMSE: 0.33518919
[2020-09-16 21:16:51] SCN.cv5: Checkpoint saved to experiments/normal/sili/SCN_sili_h1
[2020-09-16 21:16:51] SCN.cv5: Hidden size: 71 	 
Training MSE: 0.05468575 	 Validating MSE: 1.14321089 	 Best VMSE: 0.33518919
[2020-09-16 21:16:51] SCN.cv5: Checkpoint saved to experiments/normal/sili/SCN_sili_h1
[2020-09-16 21:16:52] SCN.cv5: Hidden size: 72 	 
Training MSE: 0.05363305 	 Validating MSE: 1.17086148 	 Best VMSE: 0.33518919
[2020-09-16 21:16:52] SCN.cv5: Checkpoint saved to experiments/normal/sili/SCN_sili_h1
[2020-09-16 21:16:52] SCN.cv5: Hidden size: 73 	 
Training MSE: 0.05282910 	 Validating MSE: 1.19254196 	 Best VMSE: 0.33518919
[2020-09-16 21:16:52] SCN.cv5: Checkpoint saved to experiments/normal/sili/SCN_sili_h1
[2020-09-16 21:16:52] SCN.cv5: Hidden size: 74 	 
Training MSE: 0.05211760 	 Validating MSE: 1.12492108 	 Best VMSE: 0.33518919
[2020-09-16 21:16:52] SCN.cv5: Checkpoint saved to experiments/normal/sili/SCN_sili_h1
[2020-09-16 21:16:52] SCN.cv5: Hidden size: 75 	 
Training MSE: 0.05132500 	 Validating MSE: 1.15093899 	 Best VMSE: 0.33518919
[2020-09-16 21:16:52] SCN.cv5: Checkpoint saved to experiments/normal/sili/SCN_sili_h1
[2020-09-16 21:16:52] SCN.cv5: Hidden size: 76 	 
Training MSE: 0.05066179 	 Validating MSE: 1.09362376 	 Best VMSE: 0.33518919
[2020-09-16 21:16:52] SCN.cv5: Checkpoint saved to experiments/normal/sili/SCN_sili_h1
[2020-09-16 21:16:52] SCN.cv5: Hidden size: 77 	 
Training MSE: 0.05009405 	 Validating MSE: 1.10914612 	 Best VMSE: 0.33518919
[2020-09-16 21:16:52] SCN.cv5: Checkpoint saved to experiments/normal/sili/SCN_sili_h1
[2020-09-16 21:16:53] SCN.cv5: Hidden size: 78 	 
Training MSE: 0.04926882 	 Validating MSE: 1.13313210 	 Best VMSE: 0.33518919
[2020-09-16 21:16:53] SCN.cv5: Checkpoint saved to experiments/normal/sili/SCN_sili_h1
[2020-09-16 21:16:53] SCN.cv5: Hidden size: 79 	 
Training MSE: 0.04890849 	 Validating MSE: 1.15764606 	 Best VMSE: 0.33518919
[2020-09-16 21:16:53] SCN.cv5: Checkpoint saved to experiments/normal/sili/SCN_sili_h1
[2020-09-16 21:16:53] SCN.cv5: Hidden size: 80 	 
Training MSE: 0.04854685 	 Validating MSE: 1.18492627 	 Best VMSE: 0.33518919
[2020-09-16 21:16:53] SCN.cv5: Checkpoint saved to experiments/normal/sili/SCN_sili_h1
[2020-09-16 21:16:53] SCN.cv5: Hidden size: 81 	 
Training MSE: 0.04768141 	 Validating MSE: 1.22753286 	 Best VMSE: 0.33518919
[2020-09-16 21:16:53] SCN.cv5: Checkpoint saved to experiments/normal/sili/SCN_sili_h1
[2020-09-16 21:16:53] SCN.cv5: Hidden size: 82 	 
Training MSE: 0.04676497 	 Validating MSE: 1.24523234 	 Best VMSE: 0.33518919
[2020-09-16 21:16:53] SCN.cv5: Checkpoint saved to experiments/normal/sili/SCN_sili_h1
[2020-09-16 21:16:53] SCN.cv5: Hidden size: 83 	 
Training MSE: 0.04625471 	 Validating MSE: 1.24753702 	 Best VMSE: 0.33518919
[2020-09-16 21:16:53] SCN.cv5: Checkpoint saved to experiments/normal/sili/SCN_sili_h1
[2020-09-16 21:16:54] SCN.cv5: Hidden size: 84 	 
Training MSE: 0.04586673 	 Validating MSE: 1.23265243 	 Best VMSE: 0.33518919
[2020-09-16 21:16:54] SCN.cv5: Checkpoint saved to experiments/normal/sili/SCN_sili_h1
[2020-09-16 21:16:54] SCN.cv5: Hidden size: 85 	 
Training MSE: 0.04523476 	 Validating MSE: 1.22845364 	 Best VMSE: 0.33518919
[2020-09-16 21:16:54] SCN.cv5: Checkpoint saved to experiments/normal/sili/SCN_sili_h1
[2020-09-16 21:16:54] SCN.cv5: Hidden size: 86 	 
Training MSE: 0.04483556 	 Validating MSE: 1.23034143 	 Best VMSE: 0.33518919
[2020-09-16 21:16:54] SCN.cv5: Checkpoint saved to experiments/normal/sili/SCN_sili_h1
[2020-09-16 21:16:54] SCN.cv5: Hidden size: 87 	 
Training MSE: 0.04443622 	 Validating MSE: 1.25058103 	 Best VMSE: 0.33518919
[2020-09-16 21:16:54] SCN.cv5: Checkpoint saved to experiments/normal/sili/SCN_sili_h1
[2020-09-16 21:16:54] SCN.cv5: Hidden size: 88 	 
Training MSE: 0.04342546 	 Validating MSE: 1.23784316 	 Best VMSE: 0.33518919
[2020-09-16 21:16:54] SCN.cv5: Checkpoint saved to experiments/normal/sili/SCN_sili_h1
[2020-09-16 21:16:54] SCN.cv5: Hidden size: 89 	 
Training MSE: 0.04258800 	 Validating MSE: 1.25303411 	 Best VMSE: 0.33518919
[2020-09-16 21:16:54] SCN.cv5: Checkpoint saved to experiments/normal/sili/SCN_sili_h1
[2020-09-16 21:16:55] SCN.cv5: Hidden size: 90 	 
Training MSE: 0.04229805 	 Validating MSE: 1.27558708 	 Best VMSE: 0.33518919
[2020-09-16 21:16:55] SCN.cv5: Checkpoint saved to experiments/normal/sili/SCN_sili_h1
[2020-09-16 21:16:55] SCN.cv5: Hidden size: 91 	 
Training MSE: 0.04194375 	 Validating MSE: 1.28643608 	 Best VMSE: 0.33518919
[2020-09-16 21:16:55] SCN.cv5: Checkpoint saved to experiments/normal/sili/SCN_sili_h1
[2020-09-16 21:16:55] SCN.cv5: Hidden size: 92 	 
Training MSE: 0.04169315 	 Validating MSE: 1.32375300 	 Best VMSE: 0.33518919
[2020-09-16 21:16:55] SCN.cv5: Checkpoint saved to experiments/normal/sili/SCN_sili_h1
[2020-09-16 21:16:55] SCN.cv5: Hidden size: 93 	 
Training MSE: 0.04094078 	 Validating MSE: 1.29304492 	 Best VMSE: 0.33518919
[2020-09-16 21:16:55] SCN.cv5: Checkpoint saved to experiments/normal/sili/SCN_sili_h1
[2020-09-16 21:16:55] SCN.cv5: Hidden size: 94 	 
Training MSE: 0.04015902 	 Validating MSE: 1.34105349 	 Best VMSE: 0.33518919
[2020-09-16 21:16:55] SCN.cv5: Checkpoint saved to experiments/normal/sili/SCN_sili_h1
[2020-09-16 21:16:55] SCN.cv5: Hidden size: 95 	 
Training MSE: 0.03972134 	 Validating MSE: 1.39006686 	 Best VMSE: 0.33518919
[2020-09-16 21:16:55] SCN.cv5: Checkpoint saved to experiments/normal/sili/SCN_sili_h1
[2020-09-16 21:16:56] SCN.cv5: Hidden size: 96 	 
Training MSE: 0.03866420 	 Validating MSE: 1.45053792 	 Best VMSE: 0.33518919
[2020-09-16 21:16:56] SCN.cv5: Checkpoint saved to experiments/normal/sili/SCN_sili_h1
[2020-09-16 21:16:56] SCN.cv5: Hidden size: 97 	 
Training MSE: 0.03827027 	 Validating MSE: 1.52531374 	 Best VMSE: 0.33518919
[2020-09-16 21:16:56] SCN.cv5: Checkpoint saved to experiments/normal/sili/SCN_sili_h1
[2020-09-16 21:16:56] SCN.cv5: Hidden size: 98 	 
Training MSE: 0.03788299 	 Validating MSE: 1.50806320 	 Best VMSE: 0.33518919
[2020-09-16 21:16:56] SCN.cv5: Checkpoint saved to experiments/normal/sili/SCN_sili_h1
[2020-09-16 21:16:56] SCN.cv5: Hidden size: 99 	 
Training MSE: 0.03721368 	 Validating MSE: 1.48326468 	 Best VMSE: 0.33518919
[2020-09-16 21:16:56] SCN.cv5: Checkpoint saved to experiments/normal/sili/SCN_sili_h1
[2020-09-16 21:16:56] SCN.cv5: Hidden size: 100 	 
Training MSE: 0.03688527 	 Validating MSE: 1.52563918 	 Best VMSE: 0.33518919
[2020-09-16 21:16:56] SCN.cv5: Checkpoint saved to experiments/normal/sili/SCN_sili_h1
[2020-09-16 21:16:56] SCN.cv5: Restoring best parameters from experiments/normal/sili/SCN_sili_h1/train.cv5.pth.tar
[2020-09-16 21:16:56] SCN.cv5: sili	 H: 1	 Trail: 14 
Testing RMSE: 0.6953 	 MAPE: 0.1151 	 SMAPE: 0.05925
