[2020-09-16 21:20:12] SCN.cv13: Loading the datasets and model for 27th-batch-training
[2020-09-16 21:20:12] SCN.cv13: Argument hidden_size: 100
[2020-09-16 21:20:12] SCN.cv13: Argument candidate_size: 300
[2020-09-16 21:20:12] SCN.cv13: Argument Lambdas: [0.5, 1, 5, 15, 30, 50, 100, 150, 200]
[2020-09-16 21:20:12] SCN.cv13: Argument Lambdas_std: [0.01, 0.05, 0.1, 0.5, 1]
[2020-09-16 21:20:12] SCN.cv13: Argument r: [0.8, 0.9, 0.99, 0.9999, 0.999999]
[2020-09-16 21:20:12] SCN.cv13: Argument tolerance: 0
[2020-09-16 21:20:12] SCN.cv13: Argument device: device(type='cuda')
[2020-09-16 21:20:12] SCN.cv13: Argument dataset: 'sili'
[2020-09-16 21:20:12] SCN.cv13: Argument H: 1
[2020-09-16 21:20:12] SCN.cv13: Argument k: 5
[2020-09-16 21:20:12] SCN.cv13: Argument test: False
[2020-09-16 21:20:12] SCN.cv13: Argument normal: True
[2020-09-16 21:20:12] SCN.cv13: Argument diff: False
[2020-09-16 21:20:12] SCN.cv13: Argument times: 40
[2020-09-16 21:20:12] SCN.cv13: Argument datasets: {'ar1': {'lag_order': 15, 'normal': True, 'cov_dim': 0, 'kernel_size': 3}, 'wti': {'lag_order': 25, 'normal': True, 'cov_dim': 0, 'kernel_size': 5}, 'gold': {'lag_order': 25, 'normal': True, 'cov_dim': 0, 'kernel_size': 5}, 'sp': {'lag_order': 25, 'normal': True, 'cov_dim': 0, 'kernel_size': 5}, 'brent': {'lag_order': 24, 'normal': True, 'cov_dim': 0, 'kernel_size': 6}, 'sili': {'lag_order': 26, 'normal': True, 'cov_dim': 0, 'kernel_size': 6}}
[2020-09-16 21:20:12] SCN.cv13: Argument steps: 26
[2020-09-16 21:20:12] SCN.cv13: Argument experiment: 'experiments/normal/sili'
[2020-09-16 21:20:12] SCN.cv13: Argument scaler: StandardScaler()
[2020-09-16 21:20:12] SCN.cv13: Argument model_name: 'SCN_sili_h1'
[2020-09-16 21:20:12] SCN.cv13: Argument model_dir: 'experiments/normal/sili/SCN_sili_h1'
[2020-09-16 21:20:12] SCN.cv13: Argument restore: True
[2020-09-16 21:20:12] SCN.cv13: Argument cv: 13
[2020-09-16 21:20:12] SCN.cv13: Argument plot_dir: 'experiments/normal/sili/SCN_sili_h1/figures'
[2020-09-16 21:20:12] SCN.cv13: Using Cuda...
[2020-09-16 21:20:12] SCN.cv13: Loading complete.
[2020-09-16 21:20:12] SCN.cv13: Model: 
scnModel(
  (loss_fn): MSELoss()
)
[2020-09-16 21:20:12] SCN.cv13: Hidden size: 1 	 
Training MSE: 0.39713803 	 Validating MSE: 1.47938597 	 Best VMSE: 9999.00000000
[2020-09-16 21:20:12] SCN.cv13: Found new best state
[2020-09-16 21:20:12] SCN.cv13: Best vmse: 1.4794
[2020-09-16 21:20:12] SCN.cv13: Checkpoint saved to experiments/normal/sili/SCN_sili_h1
[2020-09-16 21:20:13] SCN.cv13: Hidden size: 2 	 
Training MSE: 0.24750856 	 Validating MSE: 1.18259549 	 Best VMSE: 1.47938597
[2020-09-16 21:20:13] SCN.cv13: Found new best state
[2020-09-16 21:20:13] SCN.cv13: Best vmse: 1.1826
[2020-09-16 21:20:13] SCN.cv13: Checkpoint saved to experiments/normal/sili/SCN_sili_h1
[2020-09-16 21:20:13] SCN.cv13: Hidden size: 3 	 
Training MSE: 0.17937757 	 Validating MSE: 0.81273293 	 Best VMSE: 1.18259549
[2020-09-16 21:20:13] SCN.cv13: Found new best state
[2020-09-16 21:20:13] SCN.cv13: Best vmse: 0.8127
[2020-09-16 21:20:13] SCN.cv13: Checkpoint saved to experiments/normal/sili/SCN_sili_h1
[2020-09-16 21:20:13] SCN.cv13: Hidden size: 4 	 
Training MSE: 0.16961153 	 Validating MSE: 0.65977287 	 Best VMSE: 0.81273293
[2020-09-16 21:20:13] SCN.cv13: Found new best state
[2020-09-16 21:20:13] SCN.cv13: Best vmse: 0.6598
[2020-09-16 21:20:13] SCN.cv13: Checkpoint saved to experiments/normal/sili/SCN_sili_h1
[2020-09-16 21:20:13] SCN.cv13: Hidden size: 5 	 
Training MSE: 0.14556481 	 Validating MSE: 0.59154844 	 Best VMSE: 0.65977287
[2020-09-16 21:20:13] SCN.cv13: Found new best state
[2020-09-16 21:20:13] SCN.cv13: Best vmse: 0.5915
[2020-09-16 21:20:13] SCN.cv13: Checkpoint saved to experiments/normal/sili/SCN_sili_h1
[2020-09-16 21:20:13] SCN.cv13: Hidden size: 6 	 
Training MSE: 0.13559033 	 Validating MSE: 0.50902295 	 Best VMSE: 0.59154844
[2020-09-16 21:20:13] SCN.cv13: Found new best state
[2020-09-16 21:20:13] SCN.cv13: Best vmse: 0.5090
[2020-09-16 21:20:13] SCN.cv13: Checkpoint saved to experiments/normal/sili/SCN_sili_h1
[2020-09-16 21:20:14] SCN.cv13: Hidden size: 7 	 
Training MSE: 0.13268958 	 Validating MSE: 0.53538126 	 Best VMSE: 0.50902295
[2020-09-16 21:20:14] SCN.cv13: Checkpoint saved to experiments/normal/sili/SCN_sili_h1
[2020-09-16 21:20:14] SCN.cv13: Hidden size: 8 	 
Training MSE: 0.12803374 	 Validating MSE: 0.49806613 	 Best VMSE: 0.50902295
[2020-09-16 21:20:14] SCN.cv13: Found new best state
[2020-09-16 21:20:14] SCN.cv13: Best vmse: 0.4981
[2020-09-16 21:20:14] SCN.cv13: Checkpoint saved to experiments/normal/sili/SCN_sili_h1
[2020-09-16 21:20:14] SCN.cv13: Hidden size: 9 	 
Training MSE: 0.12511180 	 Validating MSE: 0.48236877 	 Best VMSE: 0.49806613
[2020-09-16 21:20:14] SCN.cv13: Found new best state
[2020-09-16 21:20:14] SCN.cv13: Best vmse: 0.4824
[2020-09-16 21:20:14] SCN.cv13: Checkpoint saved to experiments/normal/sili/SCN_sili_h1
[2020-09-16 21:20:14] SCN.cv13: Hidden size: 10 	 
Training MSE: 0.12195529 	 Validating MSE: 0.49910623 	 Best VMSE: 0.48236877
[2020-09-16 21:20:14] SCN.cv13: Checkpoint saved to experiments/normal/sili/SCN_sili_h1
[2020-09-16 21:20:14] SCN.cv13: Hidden size: 11 	 
Training MSE: 0.11635195 	 Validating MSE: 0.41987577 	 Best VMSE: 0.48236877
[2020-09-16 21:20:14] SCN.cv13: Found new best state
[2020-09-16 21:20:14] SCN.cv13: Best vmse: 0.4199
[2020-09-16 21:20:14] SCN.cv13: Checkpoint saved to experiments/normal/sili/SCN_sili_h1
[2020-09-16 21:20:14] SCN.cv13: Hidden size: 12 	 
Training MSE: 0.11320277 	 Validating MSE: 0.41616634 	 Best VMSE: 0.41987577
[2020-09-16 21:20:14] SCN.cv13: Found new best state
[2020-09-16 21:20:14] SCN.cv13: Best vmse: 0.4162
[2020-09-16 21:20:14] SCN.cv13: Checkpoint saved to experiments/normal/sili/SCN_sili_h1
[2020-09-16 21:20:15] SCN.cv13: Hidden size: 13 	 
Training MSE: 0.10992342 	 Validating MSE: 0.42177525 	 Best VMSE: 0.41616634
[2020-09-16 21:20:15] SCN.cv13: Checkpoint saved to experiments/normal/sili/SCN_sili_h1
[2020-09-16 21:20:15] SCN.cv13: Hidden size: 14 	 
Training MSE: 0.10835977 	 Validating MSE: 0.43603110 	 Best VMSE: 0.41616634
[2020-09-16 21:20:15] SCN.cv13: Checkpoint saved to experiments/normal/sili/SCN_sili_h1
[2020-09-16 21:20:15] SCN.cv13: Hidden size: 15 	 
Training MSE: 0.10670219 	 Validating MSE: 0.44370455 	 Best VMSE: 0.41616634
[2020-09-16 21:20:15] SCN.cv13: Checkpoint saved to experiments/normal/sili/SCN_sili_h1
[2020-09-16 21:20:15] SCN.cv13: Hidden size: 16 	 
Training MSE: 0.10591847 	 Validating MSE: 0.46320069 	 Best VMSE: 0.41616634
[2020-09-16 21:20:15] SCN.cv13: Checkpoint saved to experiments/normal/sili/SCN_sili_h1
[2020-09-16 21:20:15] SCN.cv13: Hidden size: 17 	 
Training MSE: 0.10512825 	 Validating MSE: 0.47430858 	 Best VMSE: 0.41616634
[2020-09-16 21:20:15] SCN.cv13: Checkpoint saved to experiments/normal/sili/SCN_sili_h1
[2020-09-16 21:20:15] SCN.cv13: Hidden size: 18 	 
Training MSE: 0.10420997 	 Validating MSE: 0.49140319 	 Best VMSE: 0.41616634
[2020-09-16 21:20:15] SCN.cv13: Checkpoint saved to experiments/normal/sili/SCN_sili_h1
[2020-09-16 21:20:16] SCN.cv13: Hidden size: 19 	 
Training MSE: 0.10335390 	 Validating MSE: 0.49606588 	 Best VMSE: 0.41616634
[2020-09-16 21:20:16] SCN.cv13: Checkpoint saved to experiments/normal/sili/SCN_sili_h1
[2020-09-16 21:20:16] SCN.cv13: Hidden size: 20 	 
Training MSE: 0.10218646 	 Validating MSE: 0.50310451 	 Best VMSE: 0.41616634
[2020-09-16 21:20:16] SCN.cv13: Checkpoint saved to experiments/normal/sili/SCN_sili_h1
[2020-09-16 21:20:16] SCN.cv13: Hidden size: 21 	 
Training MSE: 0.10021719 	 Validating MSE: 0.49132708 	 Best VMSE: 0.41616634
[2020-09-16 21:20:16] SCN.cv13: Checkpoint saved to experiments/normal/sili/SCN_sili_h1
[2020-09-16 21:20:16] SCN.cv13: Hidden size: 22 	 
Training MSE: 0.09808072 	 Validating MSE: 0.52909809 	 Best VMSE: 0.41616634
[2020-09-16 21:20:16] SCN.cv13: Checkpoint saved to experiments/normal/sili/SCN_sili_h1
[2020-09-16 21:20:16] SCN.cv13: Hidden size: 23 	 
Training MSE: 0.09657114 	 Validating MSE: 0.51387072 	 Best VMSE: 0.41616634
[2020-09-16 21:20:16] SCN.cv13: Checkpoint saved to experiments/normal/sili/SCN_sili_h1
[2020-09-16 21:20:16] SCN.cv13: Hidden size: 24 	 
Training MSE: 0.09471498 	 Validating MSE: 0.49169645 	 Best VMSE: 0.41616634
[2020-09-16 21:20:16] SCN.cv13: Checkpoint saved to experiments/normal/sili/SCN_sili_h1
[2020-09-16 21:20:17] SCN.cv13: Hidden size: 25 	 
Training MSE: 0.09356873 	 Validating MSE: 0.45953646 	 Best VMSE: 0.41616634
[2020-09-16 21:20:17] SCN.cv13: Checkpoint saved to experiments/normal/sili/SCN_sili_h1
[2020-09-16 21:20:17] SCN.cv13: Hidden size: 26 	 
Training MSE: 0.09251360 	 Validating MSE: 0.46555102 	 Best VMSE: 0.41616634
[2020-09-16 21:20:17] SCN.cv13: Checkpoint saved to experiments/normal/sili/SCN_sili_h1
[2020-09-16 21:20:17] SCN.cv13: Hidden size: 27 	 
Training MSE: 0.09109145 	 Validating MSE: 0.47507787 	 Best VMSE: 0.41616634
[2020-09-16 21:20:17] SCN.cv13: Checkpoint saved to experiments/normal/sili/SCN_sili_h1
[2020-09-16 21:20:17] SCN.cv13: Hidden size: 28 	 
Training MSE: 0.09005985 	 Validating MSE: 0.40812600 	 Best VMSE: 0.41616634
[2020-09-16 21:20:17] SCN.cv13: Found new best state
[2020-09-16 21:20:17] SCN.cv13: Best vmse: 0.4081
[2020-09-16 21:20:17] SCN.cv13: Checkpoint saved to experiments/normal/sili/SCN_sili_h1
[2020-09-16 21:20:17] SCN.cv13: Hidden size: 29 	 
Training MSE: 0.08919347 	 Validating MSE: 0.37580818 	 Best VMSE: 0.40812600
[2020-09-16 21:20:17] SCN.cv13: Found new best state
[2020-09-16 21:20:17] SCN.cv13: Best vmse: 0.3758
[2020-09-16 21:20:17] SCN.cv13: Checkpoint saved to experiments/normal/sili/SCN_sili_h1
[2020-09-16 21:20:17] SCN.cv13: Hidden size: 30 	 
Training MSE: 0.08898940 	 Validating MSE: 0.38368407 	 Best VMSE: 0.37580818
[2020-09-16 21:20:17] SCN.cv13: Checkpoint saved to experiments/normal/sili/SCN_sili_h1
[2020-09-16 21:20:18] SCN.cv13: Hidden size: 31 	 
Training MSE: 0.08806159 	 Validating MSE: 0.40453953 	 Best VMSE: 0.37580818
[2020-09-16 21:20:18] SCN.cv13: Checkpoint saved to experiments/normal/sili/SCN_sili_h1
[2020-09-16 21:20:18] SCN.cv13: Hidden size: 32 	 
Training MSE: 0.08739234 	 Validating MSE: 0.41407344 	 Best VMSE: 0.37580818
[2020-09-16 21:20:18] SCN.cv13: Checkpoint saved to experiments/normal/sili/SCN_sili_h1
[2020-09-16 21:20:18] SCN.cv13: Hidden size: 33 	 
Training MSE: 0.08665214 	 Validating MSE: 0.44851717 	 Best VMSE: 0.37580818
[2020-09-16 21:20:18] SCN.cv13: Checkpoint saved to experiments/normal/sili/SCN_sili_h1
[2020-09-16 21:20:18] SCN.cv13: Hidden size: 34 	 
Training MSE: 0.08593331 	 Validating MSE: 0.44369385 	 Best VMSE: 0.37580818
[2020-09-16 21:20:18] SCN.cv13: Checkpoint saved to experiments/normal/sili/SCN_sili_h1
[2020-09-16 21:20:18] SCN.cv13: Hidden size: 35 	 
Training MSE: 0.08508912 	 Validating MSE: 0.47420964 	 Best VMSE: 0.37580818
[2020-09-16 21:20:18] SCN.cv13: Checkpoint saved to experiments/normal/sili/SCN_sili_h1
[2020-09-16 21:20:18] SCN.cv13: Hidden size: 36 	 
Training MSE: 0.08403517 	 Validating MSE: 0.48364851 	 Best VMSE: 0.37580818
[2020-09-16 21:20:18] SCN.cv13: Checkpoint saved to experiments/normal/sili/SCN_sili_h1
[2020-09-16 21:20:19] SCN.cv13: Hidden size: 37 	 
Training MSE: 0.08357980 	 Validating MSE: 0.46488157 	 Best VMSE: 0.37580818
[2020-09-16 21:20:19] SCN.cv13: Checkpoint saved to experiments/normal/sili/SCN_sili_h1
[2020-09-16 21:20:19] SCN.cv13: Hidden size: 38 	 
Training MSE: 0.08246925 	 Validating MSE: 0.53464735 	 Best VMSE: 0.37580818
[2020-09-16 21:20:19] SCN.cv13: Checkpoint saved to experiments/normal/sili/SCN_sili_h1
[2020-09-16 21:20:19] SCN.cv13: Hidden size: 39 	 
Training MSE: 0.08113313 	 Validating MSE: 0.55533630 	 Best VMSE: 0.37580818
[2020-09-16 21:20:19] SCN.cv13: Checkpoint saved to experiments/normal/sili/SCN_sili_h1
[2020-09-16 21:20:19] SCN.cv13: Hidden size: 40 	 
Training MSE: 0.08033899 	 Validating MSE: 0.57425326 	 Best VMSE: 0.37580818
[2020-09-16 21:20:19] SCN.cv13: Checkpoint saved to experiments/normal/sili/SCN_sili_h1
[2020-09-16 21:20:19] SCN.cv13: Hidden size: 41 	 
Training MSE: 0.07947586 	 Validating MSE: 0.65407050 	 Best VMSE: 0.37580818
[2020-09-16 21:20:19] SCN.cv13: Checkpoint saved to experiments/normal/sili/SCN_sili_h1
[2020-09-16 21:20:19] SCN.cv13: Hidden size: 42 	 
Training MSE: 0.07875822 	 Validating MSE: 0.67272365 	 Best VMSE: 0.37580818
[2020-09-16 21:20:19] SCN.cv13: Checkpoint saved to experiments/normal/sili/SCN_sili_h1
[2020-09-16 21:20:20] SCN.cv13: Hidden size: 43 	 
Training MSE: 0.07701442 	 Validating MSE: 0.64954972 	 Best VMSE: 0.37580818
[2020-09-16 21:20:20] SCN.cv13: Checkpoint saved to experiments/normal/sili/SCN_sili_h1
[2020-09-16 21:20:20] SCN.cv13: Hidden size: 44 	 
Training MSE: 0.07571576 	 Validating MSE: 0.63728637 	 Best VMSE: 0.37580818
[2020-09-16 21:20:20] SCN.cv13: Checkpoint saved to experiments/normal/sili/SCN_sili_h1
[2020-09-16 21:20:20] SCN.cv13: Hidden size: 45 	 
Training MSE: 0.07413371 	 Validating MSE: 0.63908368 	 Best VMSE: 0.37580818
[2020-09-16 21:20:20] SCN.cv13: Checkpoint saved to experiments/normal/sili/SCN_sili_h1
[2020-09-16 21:20:20] SCN.cv13: Hidden size: 46 	 
Training MSE: 0.07366467 	 Validating MSE: 0.67580920 	 Best VMSE: 0.37580818
[2020-09-16 21:20:20] SCN.cv13: Checkpoint saved to experiments/normal/sili/SCN_sili_h1
[2020-09-16 21:20:20] SCN.cv13: Hidden size: 47 	 
Training MSE: 0.07328889 	 Validating MSE: 0.68487036 	 Best VMSE: 0.37580818
[2020-09-16 21:20:20] SCN.cv13: Checkpoint saved to experiments/normal/sili/SCN_sili_h1
[2020-09-16 21:20:20] SCN.cv13: Hidden size: 48 	 
Training MSE: 0.07210315 	 Validating MSE: 0.68200970 	 Best VMSE: 0.37580818
[2020-09-16 21:20:20] SCN.cv13: Checkpoint saved to experiments/normal/sili/SCN_sili_h1
[2020-09-16 21:20:21] SCN.cv13: Hidden size: 49 	 
Training MSE: 0.07073985 	 Validating MSE: 0.70572156 	 Best VMSE: 0.37580818
[2020-09-16 21:20:21] SCN.cv13: Checkpoint saved to experiments/normal/sili/SCN_sili_h1
[2020-09-16 21:20:21] SCN.cv13: Hidden size: 50 	 
Training MSE: 0.06968985 	 Validating MSE: 0.67902881 	 Best VMSE: 0.37580818
[2020-09-16 21:20:21] SCN.cv13: Checkpoint saved to experiments/normal/sili/SCN_sili_h1
[2020-09-16 21:20:21] SCN.cv13: Hidden size: 51 	 
Training MSE: 0.06887145 	 Validating MSE: 0.67532092 	 Best VMSE: 0.37580818
[2020-09-16 21:20:21] SCN.cv13: Checkpoint saved to experiments/normal/sili/SCN_sili_h1
[2020-09-16 21:20:21] SCN.cv13: Hidden size: 52 	 
Training MSE: 0.06703515 	 Validating MSE: 0.65069723 	 Best VMSE: 0.37580818
[2020-09-16 21:20:21] SCN.cv13: Checkpoint saved to experiments/normal/sili/SCN_sili_h1
[2020-09-16 21:20:21] SCN.cv13: Hidden size: 53 	 
Training MSE: 0.06634228 	 Validating MSE: 0.62048382 	 Best VMSE: 0.37580818
[2020-09-16 21:20:21] SCN.cv13: Checkpoint saved to experiments/normal/sili/SCN_sili_h1
[2020-09-16 21:20:21] SCN.cv13: Hidden size: 54 	 
Training MSE: 0.06582002 	 Validating MSE: 0.60798162 	 Best VMSE: 0.37580818
[2020-09-16 21:20:21] SCN.cv13: Checkpoint saved to experiments/normal/sili/SCN_sili_h1
[2020-09-16 21:20:22] SCN.cv13: Hidden size: 55 	 
Training MSE: 0.06481170 	 Validating MSE: 0.67331892 	 Best VMSE: 0.37580818
[2020-09-16 21:20:22] SCN.cv13: Checkpoint saved to experiments/normal/sili/SCN_sili_h1
[2020-09-16 21:20:22] SCN.cv13: Hidden size: 56 	 
Training MSE: 0.06369534 	 Validating MSE: 0.72524047 	 Best VMSE: 0.37580818
[2020-09-16 21:20:22] SCN.cv13: Checkpoint saved to experiments/normal/sili/SCN_sili_h1
[2020-09-16 21:20:22] SCN.cv13: Hidden size: 57 	 
Training MSE: 0.06321140 	 Validating MSE: 0.69705999 	 Best VMSE: 0.37580818
[2020-09-16 21:20:22] SCN.cv13: Checkpoint saved to experiments/normal/sili/SCN_sili_h1
[2020-09-16 21:20:22] SCN.cv13: Hidden size: 58 	 
Training MSE: 0.06268532 	 Validating MSE: 0.71187037 	 Best VMSE: 0.37580818
[2020-09-16 21:20:22] SCN.cv13: Checkpoint saved to experiments/normal/sili/SCN_sili_h1
[2020-09-16 21:20:22] SCN.cv13: Hidden size: 59 	 
Training MSE: 0.06193304 	 Validating MSE: 0.73917085 	 Best VMSE: 0.37580818
[2020-09-16 21:20:22] SCN.cv13: Checkpoint saved to experiments/normal/sili/SCN_sili_h1
[2020-09-16 21:20:22] SCN.cv13: Hidden size: 60 	 
Training MSE: 0.06095125 	 Validating MSE: 0.71790552 	 Best VMSE: 0.37580818
[2020-09-16 21:20:22] SCN.cv13: Checkpoint saved to experiments/normal/sili/SCN_sili_h1
[2020-09-16 21:20:22] SCN.cv13: Hidden size: 61 	 
Training MSE: 0.05991841 	 Validating MSE: 0.69175148 	 Best VMSE: 0.37580818
[2020-09-16 21:20:22] SCN.cv13: Checkpoint saved to experiments/normal/sili/SCN_sili_h1
[2020-09-16 21:20:23] SCN.cv13: Hidden size: 62 	 
Training MSE: 0.05951090 	 Validating MSE: 0.68554866 	 Best VMSE: 0.37580818
[2020-09-16 21:20:23] SCN.cv13: Checkpoint saved to experiments/normal/sili/SCN_sili_h1
[2020-09-16 21:20:23] SCN.cv13: Hidden size: 63 	 
Training MSE: 0.05901689 	 Validating MSE: 0.72496229 	 Best VMSE: 0.37580818
[2020-09-16 21:20:23] SCN.cv13: Checkpoint saved to experiments/normal/sili/SCN_sili_h1
[2020-09-16 21:20:23] SCN.cv13: Hidden size: 64 	 
Training MSE: 0.05871792 	 Validating MSE: 0.73123270 	 Best VMSE: 0.37580818
[2020-09-16 21:20:23] SCN.cv13: Checkpoint saved to experiments/normal/sili/SCN_sili_h1
[2020-09-16 21:20:23] SCN.cv13: Hidden size: 65 	 
Training MSE: 0.05783276 	 Validating MSE: 0.77415597 	 Best VMSE: 0.37580818
[2020-09-16 21:20:23] SCN.cv13: Checkpoint saved to experiments/normal/sili/SCN_sili_h1
[2020-09-16 21:20:23] SCN.cv13: Hidden size: 66 	 
Training MSE: 0.05751232 	 Validating MSE: 0.79333168 	 Best VMSE: 0.37580818
[2020-09-16 21:20:23] SCN.cv13: Checkpoint saved to experiments/normal/sili/SCN_sili_h1
[2020-09-16 21:20:23] SCN.cv13: Hidden size: 67 	 
Training MSE: 0.05686138 	 Validating MSE: 0.77933973 	 Best VMSE: 0.37580818
[2020-09-16 21:20:23] SCN.cv13: Checkpoint saved to experiments/normal/sili/SCN_sili_h1
[2020-09-16 21:20:24] SCN.cv13: Hidden size: 68 	 
Training MSE: 0.05628708 	 Validating MSE: 0.76494789 	 Best VMSE: 0.37580818
[2020-09-16 21:20:24] SCN.cv13: Checkpoint saved to experiments/normal/sili/SCN_sili_h1
[2020-09-16 21:20:24] SCN.cv13: Hidden size: 69 	 
Training MSE: 0.05522386 	 Validating MSE: 0.78235197 	 Best VMSE: 0.37580818
[2020-09-16 21:20:24] SCN.cv13: Checkpoint saved to experiments/normal/sili/SCN_sili_h1
[2020-09-16 21:20:24] SCN.cv13: Hidden size: 70 	 
Training MSE: 0.05417294 	 Validating MSE: 0.84407526 	 Best VMSE: 0.37580818
[2020-09-16 21:20:24] SCN.cv13: Checkpoint saved to experiments/normal/sili/SCN_sili_h1
[2020-09-16 21:20:24] SCN.cv13: Hidden size: 71 	 
Training MSE: 0.05372854 	 Validating MSE: 0.83019876 	 Best VMSE: 0.37580818
[2020-09-16 21:20:24] SCN.cv13: Checkpoint saved to experiments/normal/sili/SCN_sili_h1
[2020-09-16 21:20:24] SCN.cv13: Hidden size: 72 	 
Training MSE: 0.05321848 	 Validating MSE: 0.82984644 	 Best VMSE: 0.37580818
[2020-09-16 21:20:24] SCN.cv13: Checkpoint saved to experiments/normal/sili/SCN_sili_h1
[2020-09-16 21:20:24] SCN.cv13: Hidden size: 73 	 
Training MSE: 0.05256765 	 Validating MSE: 0.80256218 	 Best VMSE: 0.37580818
[2020-09-16 21:20:24] SCN.cv13: Checkpoint saved to experiments/normal/sili/SCN_sili_h1
[2020-09-16 21:20:25] SCN.cv13: Hidden size: 74 	 
Training MSE: 0.05168013 	 Validating MSE: 0.76015610 	 Best VMSE: 0.37580818
[2020-09-16 21:20:25] SCN.cv13: Checkpoint saved to experiments/normal/sili/SCN_sili_h1
[2020-09-16 21:20:25] SCN.cv13: Hidden size: 75 	 
Training MSE: 0.05104931 	 Validating MSE: 0.80928004 	 Best VMSE: 0.37580818
[2020-09-16 21:20:25] SCN.cv13: Checkpoint saved to experiments/normal/sili/SCN_sili_h1
[2020-09-16 21:20:25] SCN.cv13: Hidden size: 76 	 
Training MSE: 0.05032525 	 Validating MSE: 0.76161951 	 Best VMSE: 0.37580818
[2020-09-16 21:20:25] SCN.cv13: Checkpoint saved to experiments/normal/sili/SCN_sili_h1
[2020-09-16 21:20:25] SCN.cv13: Hidden size: 77 	 
Training MSE: 0.05001776 	 Validating MSE: 0.75383836 	 Best VMSE: 0.37580818
[2020-09-16 21:20:25] SCN.cv13: Checkpoint saved to experiments/normal/sili/SCN_sili_h1
[2020-09-16 21:20:25] SCN.cv13: Hidden size: 78 	 
Training MSE: 0.04964333 	 Validating MSE: 0.73494840 	 Best VMSE: 0.37580818
[2020-09-16 21:20:25] SCN.cv13: Checkpoint saved to experiments/normal/sili/SCN_sili_h1
[2020-09-16 21:20:25] SCN.cv13: Hidden size: 79 	 
Training MSE: 0.04915614 	 Validating MSE: 0.73267275 	 Best VMSE: 0.37580818
[2020-09-16 21:20:25] SCN.cv13: Checkpoint saved to experiments/normal/sili/SCN_sili_h1
[2020-09-16 21:20:26] SCN.cv13: Hidden size: 80 	 
Training MSE: 0.04818690 	 Validating MSE: 0.70784622 	 Best VMSE: 0.37580818
[2020-09-16 21:20:26] SCN.cv13: Checkpoint saved to experiments/normal/sili/SCN_sili_h1
[2020-09-16 21:20:26] SCN.cv13: Hidden size: 81 	 
Training MSE: 0.04768905 	 Validating MSE: 0.73514491 	 Best VMSE: 0.37580818
[2020-09-16 21:20:26] SCN.cv13: Checkpoint saved to experiments/normal/sili/SCN_sili_h1
[2020-09-16 21:20:26] SCN.cv13: Hidden size: 82 	 
Training MSE: 0.04696158 	 Validating MSE: 0.68558806 	 Best VMSE: 0.37580818
[2020-09-16 21:20:26] SCN.cv13: Checkpoint saved to experiments/normal/sili/SCN_sili_h1
[2020-09-16 21:20:26] SCN.cv13: Hidden size: 83 	 
Training MSE: 0.04650282 	 Validating MSE: 0.70114034 	 Best VMSE: 0.37580818
[2020-09-16 21:20:26] SCN.cv13: Checkpoint saved to experiments/normal/sili/SCN_sili_h1
[2020-09-16 21:20:26] SCN.cv13: Hidden size: 84 	 
Training MSE: 0.04591303 	 Validating MSE: 0.78066045 	 Best VMSE: 0.37580818
[2020-09-16 21:20:26] SCN.cv13: Checkpoint saved to experiments/normal/sili/SCN_sili_h1
[2020-09-16 21:20:26] SCN.cv13: Hidden size: 85 	 
Training MSE: 0.04551145 	 Validating MSE: 0.80491114 	 Best VMSE: 0.37580818
[2020-09-16 21:20:26] SCN.cv13: Checkpoint saved to experiments/normal/sili/SCN_sili_h1
[2020-09-16 21:20:27] SCN.cv13: Hidden size: 86 	 
Training MSE: 0.04446882 	 Validating MSE: 0.80476481 	 Best VMSE: 0.37580818
[2020-09-16 21:20:27] SCN.cv13: Checkpoint saved to experiments/normal/sili/SCN_sili_h1
[2020-09-16 21:20:27] SCN.cv13: Hidden size: 87 	 
Training MSE: 0.04401305 	 Validating MSE: 0.78175008 	 Best VMSE: 0.37580818
[2020-09-16 21:20:27] SCN.cv13: Checkpoint saved to experiments/normal/sili/SCN_sili_h1
[2020-09-16 21:20:27] SCN.cv13: Hidden size: 88 	 
Training MSE: 0.04321590 	 Validating MSE: 0.70374942 	 Best VMSE: 0.37580818
[2020-09-16 21:20:27] SCN.cv13: Checkpoint saved to experiments/normal/sili/SCN_sili_h1
[2020-09-16 21:20:27] SCN.cv13: Hidden size: 89 	 
Training MSE: 0.04264803 	 Validating MSE: 0.69450253 	 Best VMSE: 0.37580818
[2020-09-16 21:20:27] SCN.cv13: Checkpoint saved to experiments/normal/sili/SCN_sili_h1
[2020-09-16 21:20:27] SCN.cv13: Hidden size: 90 	 
Training MSE: 0.04217332 	 Validating MSE: 0.69290704 	 Best VMSE: 0.37580818
[2020-09-16 21:20:27] SCN.cv13: Checkpoint saved to experiments/normal/sili/SCN_sili_h1
[2020-09-16 21:20:27] SCN.cv13: Hidden size: 91 	 
Training MSE: 0.04172187 	 Validating MSE: 0.72626323 	 Best VMSE: 0.37580818
[2020-09-16 21:20:27] SCN.cv13: Checkpoint saved to experiments/normal/sili/SCN_sili_h1
[2020-09-16 21:20:28] SCN.cv13: Hidden size: 92 	 
Training MSE: 0.04095794 	 Validating MSE: 0.67942804 	 Best VMSE: 0.37580818
[2020-09-16 21:20:28] SCN.cv13: Checkpoint saved to experiments/normal/sili/SCN_sili_h1
[2020-09-16 21:20:28] SCN.cv13: Hidden size: 93 	 
Training MSE: 0.04056171 	 Validating MSE: 0.70629179 	 Best VMSE: 0.37580818
[2020-09-16 21:20:28] SCN.cv13: Checkpoint saved to experiments/normal/sili/SCN_sili_h1
[2020-09-16 21:20:28] SCN.cv13: Hidden size: 94 	 
Training MSE: 0.04018988 	 Validating MSE: 0.72674066 	 Best VMSE: 0.37580818
[2020-09-16 21:20:28] SCN.cv13: Checkpoint saved to experiments/normal/sili/SCN_sili_h1
[2020-09-16 21:20:28] SCN.cv13: Hidden size: 95 	 
Training MSE: 0.03981159 	 Validating MSE: 0.73480511 	 Best VMSE: 0.37580818
[2020-09-16 21:20:28] SCN.cv13: Checkpoint saved to experiments/normal/sili/SCN_sili_h1
[2020-09-16 21:20:28] SCN.cv13: Hidden size: 96 	 
Training MSE: 0.03938111 	 Validating MSE: 0.75629461 	 Best VMSE: 0.37580818
[2020-09-16 21:20:28] SCN.cv13: Checkpoint saved to experiments/normal/sili/SCN_sili_h1
[2020-09-16 21:20:28] SCN.cv13: Hidden size: 97 	 
Training MSE: 0.03864958 	 Validating MSE: 0.74666780 	 Best VMSE: 0.37580818
[2020-09-16 21:20:28] SCN.cv13: Checkpoint saved to experiments/normal/sili/SCN_sili_h1
[2020-09-16 21:20:29] SCN.cv13: Hidden size: 98 	 
Training MSE: 0.03808973 	 Validating MSE: 0.72796488 	 Best VMSE: 0.37580818
[2020-09-16 21:20:29] SCN.cv13: Checkpoint saved to experiments/normal/sili/SCN_sili_h1
[2020-09-16 21:20:29] SCN.cv13: Hidden size: 99 	 
Training MSE: 0.03754019 	 Validating MSE: 0.76529109 	 Best VMSE: 0.37580818
[2020-09-16 21:20:29] SCN.cv13: Checkpoint saved to experiments/normal/sili/SCN_sili_h1
[2020-09-16 21:20:29] SCN.cv13: Hidden size: 100 	 
Training MSE: 0.03725404 	 Validating MSE: 0.75164992 	 Best VMSE: 0.37580818
[2020-09-16 21:20:29] SCN.cv13: Checkpoint saved to experiments/normal/sili/SCN_sili_h1
[2020-09-16 21:20:29] SCN.cv13: Restoring best parameters from experiments/normal/sili/SCN_sili_h1/train.cv13.pth.tar
[2020-09-16 21:20:29] SCN.cv13: sili	 H: 1	 Trail: 27 
Testing RMSE: 0.8117 	 MAPE: 0.1371 	 SMAPE: 0.07386
