[2020-09-16 21:17:30] SCN.cv7: Loading the datasets and model for 17th-batch-training
[2020-09-16 21:17:30] SCN.cv7: Argument hidden_size: 100
[2020-09-16 21:17:30] SCN.cv7: Argument candidate_size: 300
[2020-09-16 21:17:30] SCN.cv7: Argument Lambdas: [0.5, 1, 5, 15, 30, 50, 100, 150, 200]
[2020-09-16 21:17:30] SCN.cv7: Argument Lambdas_std: [0.01, 0.05, 0.1, 0.5, 1]
[2020-09-16 21:17:30] SCN.cv7: Argument r: [0.8, 0.9, 0.99, 0.9999, 0.999999]
[2020-09-16 21:17:30] SCN.cv7: Argument tolerance: 0
[2020-09-16 21:17:30] SCN.cv7: Argument device: device(type='cuda')
[2020-09-16 21:17:30] SCN.cv7: Argument dataset: 'sili'
[2020-09-16 21:17:30] SCN.cv7: Argument H: 1
[2020-09-16 21:17:30] SCN.cv7: Argument k: 5
[2020-09-16 21:17:30] SCN.cv7: Argument test: False
[2020-09-16 21:17:30] SCN.cv7: Argument normal: True
[2020-09-16 21:17:30] SCN.cv7: Argument diff: False
[2020-09-16 21:17:30] SCN.cv7: Argument times: 40
[2020-09-16 21:17:30] SCN.cv7: Argument datasets: {'ar1': {'lag_order': 15, 'normal': True, 'cov_dim': 0, 'kernel_size': 3}, 'wti': {'lag_order': 25, 'normal': True, 'cov_dim': 0, 'kernel_size': 5}, 'gold': {'lag_order': 25, 'normal': True, 'cov_dim': 0, 'kernel_size': 5}, 'sp': {'lag_order': 25, 'normal': True, 'cov_dim': 0, 'kernel_size': 5}, 'brent': {'lag_order': 24, 'normal': True, 'cov_dim': 0, 'kernel_size': 6}, 'sili': {'lag_order': 26, 'normal': True, 'cov_dim': 0, 'kernel_size': 6}}
[2020-09-16 21:17:30] SCN.cv7: Argument steps: 26
[2020-09-16 21:17:30] SCN.cv7: Argument experiment: 'experiments/normal/sili'
[2020-09-16 21:17:30] SCN.cv7: Argument scaler: StandardScaler()
[2020-09-16 21:17:30] SCN.cv7: Argument model_name: 'SCN_sili_h1'
[2020-09-16 21:17:30] SCN.cv7: Argument model_dir: 'experiments/normal/sili/SCN_sili_h1'
[2020-09-16 21:17:30] SCN.cv7: Argument restore: True
[2020-09-16 21:17:30] SCN.cv7: Argument cv: 7
[2020-09-16 21:17:30] SCN.cv7: Argument plot_dir: 'experiments/normal/sili/SCN_sili_h1/figures'
[2020-09-16 21:17:30] SCN.cv7: Using Cuda...
[2020-09-16 21:17:30] SCN.cv7: Loading complete.
[2020-09-16 21:17:30] SCN.cv7: Model: 
scnModel(
  (loss_fn): MSELoss()
)
[2020-09-16 21:17:30] SCN.cv7: Hidden size: 1 	 
Training MSE: 0.40552604 	 Validating MSE: 1.53356969 	 Best VMSE: 9999.00000000
[2020-09-16 21:17:30] SCN.cv7: Found new best state
[2020-09-16 21:17:30] SCN.cv7: Best vmse: 1.5336
[2020-09-16 21:17:30] SCN.cv7: Checkpoint saved to experiments/normal/sili/SCN_sili_h1
[2020-09-16 21:17:30] SCN.cv7: Hidden size: 2 	 
Training MSE: 0.25428450 	 Validating MSE: 1.14109778 	 Best VMSE: 1.53356969
[2020-09-16 21:17:30] SCN.cv7: Found new best state
[2020-09-16 21:17:30] SCN.cv7: Best vmse: 1.1411
[2020-09-16 21:17:30] SCN.cv7: Checkpoint saved to experiments/normal/sili/SCN_sili_h1
[2020-09-16 21:17:30] SCN.cv7: Hidden size: 3 	 
Training MSE: 0.21487476 	 Validating MSE: 0.99300885 	 Best VMSE: 1.14109778
[2020-09-16 21:17:30] SCN.cv7: Found new best state
[2020-09-16 21:17:30] SCN.cv7: Best vmse: 0.9930
[2020-09-16 21:17:30] SCN.cv7: Checkpoint saved to experiments/normal/sili/SCN_sili_h1
[2020-09-16 21:17:30] SCN.cv7: Hidden size: 4 	 
Training MSE: 0.18230987 	 Validating MSE: 0.65098059 	 Best VMSE: 0.99300885
[2020-09-16 21:17:30] SCN.cv7: Found new best state
[2020-09-16 21:17:30] SCN.cv7: Best vmse: 0.6510
[2020-09-16 21:17:30] SCN.cv7: Checkpoint saved to experiments/normal/sili/SCN_sili_h1
[2020-09-16 21:17:30] SCN.cv7: Hidden size: 5 	 
Training MSE: 0.16375756 	 Validating MSE: 0.60917729 	 Best VMSE: 0.65098059
[2020-09-16 21:17:30] SCN.cv7: Found new best state
[2020-09-16 21:17:30] SCN.cv7: Best vmse: 0.6092
[2020-09-16 21:17:30] SCN.cv7: Checkpoint saved to experiments/normal/sili/SCN_sili_h1
[2020-09-16 21:17:30] SCN.cv7: Hidden size: 6 	 
Training MSE: 0.14532883 	 Validating MSE: 0.49105045 	 Best VMSE: 0.60917729
[2020-09-16 21:17:30] SCN.cv7: Found new best state
[2020-09-16 21:17:30] SCN.cv7: Best vmse: 0.4911
[2020-09-16 21:17:30] SCN.cv7: Checkpoint saved to experiments/normal/sili/SCN_sili_h1
[2020-09-16 21:17:31] SCN.cv7: Hidden size: 7 	 
Training MSE: 0.13379319 	 Validating MSE: 0.45177221 	 Best VMSE: 0.49105045
[2020-09-16 21:17:31] SCN.cv7: Found new best state
[2020-09-16 21:17:31] SCN.cv7: Best vmse: 0.4518
[2020-09-16 21:17:31] SCN.cv7: Checkpoint saved to experiments/normal/sili/SCN_sili_h1
[2020-09-16 21:17:31] SCN.cv7: Hidden size: 8 	 
Training MSE: 0.12425485 	 Validating MSE: 0.41759661 	 Best VMSE: 0.45177221
[2020-09-16 21:17:31] SCN.cv7: Found new best state
[2020-09-16 21:17:31] SCN.cv7: Best vmse: 0.4176
[2020-09-16 21:17:31] SCN.cv7: Checkpoint saved to experiments/normal/sili/SCN_sili_h1
[2020-09-16 21:17:31] SCN.cv7: Hidden size: 9 	 
Training MSE: 0.12202440 	 Validating MSE: 0.41197276 	 Best VMSE: 0.41759661
[2020-09-16 21:17:31] SCN.cv7: Found new best state
[2020-09-16 21:17:31] SCN.cv7: Best vmse: 0.4120
[2020-09-16 21:17:31] SCN.cv7: Checkpoint saved to experiments/normal/sili/SCN_sili_h1
[2020-09-16 21:17:31] SCN.cv7: Hidden size: 10 	 
Training MSE: 0.11954347 	 Validating MSE: 0.40818581 	 Best VMSE: 0.41197276
[2020-09-16 21:17:31] SCN.cv7: Found new best state
[2020-09-16 21:17:31] SCN.cv7: Best vmse: 0.4082
[2020-09-16 21:17:31] SCN.cv7: Checkpoint saved to experiments/normal/sili/SCN_sili_h1
[2020-09-16 21:17:31] SCN.cv7: Hidden size: 11 	 
Training MSE: 0.11821393 	 Validating MSE: 0.38393497 	 Best VMSE: 0.40818581
[2020-09-16 21:17:31] SCN.cv7: Found new best state
[2020-09-16 21:17:31] SCN.cv7: Best vmse: 0.3839
[2020-09-16 21:17:31] SCN.cv7: Checkpoint saved to experiments/normal/sili/SCN_sili_h1
[2020-09-16 21:17:31] SCN.cv7: Hidden size: 12 	 
Training MSE: 0.11450434 	 Validating MSE: 0.37937871 	 Best VMSE: 0.38393497
[2020-09-16 21:17:31] SCN.cv7: Found new best state
[2020-09-16 21:17:31] SCN.cv7: Best vmse: 0.3794
[2020-09-16 21:17:31] SCN.cv7: Checkpoint saved to experiments/normal/sili/SCN_sili_h1
[2020-09-16 21:17:32] SCN.cv7: Hidden size: 13 	 
Training MSE: 0.11381321 	 Validating MSE: 0.39489311 	 Best VMSE: 0.37937871
[2020-09-16 21:17:32] SCN.cv7: Checkpoint saved to experiments/normal/sili/SCN_sili_h1
[2020-09-16 21:17:32] SCN.cv7: Hidden size: 14 	 
Training MSE: 0.11063965 	 Validating MSE: 0.38706622 	 Best VMSE: 0.37937871
[2020-09-16 21:17:32] SCN.cv7: Checkpoint saved to experiments/normal/sili/SCN_sili_h1
[2020-09-16 21:17:32] SCN.cv7: Hidden size: 15 	 
Training MSE: 0.10970984 	 Validating MSE: 0.39366096 	 Best VMSE: 0.37937871
[2020-09-16 21:17:32] SCN.cv7: Checkpoint saved to experiments/normal/sili/SCN_sili_h1
[2020-09-16 21:17:32] SCN.cv7: Hidden size: 16 	 
Training MSE: 0.10889867 	 Validating MSE: 0.39298528 	 Best VMSE: 0.37937871
[2020-09-16 21:17:32] SCN.cv7: Checkpoint saved to experiments/normal/sili/SCN_sili_h1
[2020-09-16 21:17:32] SCN.cv7: Hidden size: 17 	 
Training MSE: 0.10725025 	 Validating MSE: 0.36556321 	 Best VMSE: 0.37937871
[2020-09-16 21:17:32] SCN.cv7: Found new best state
[2020-09-16 21:17:32] SCN.cv7: Best vmse: 0.3656
[2020-09-16 21:17:32] SCN.cv7: Checkpoint saved to experiments/normal/sili/SCN_sili_h1
[2020-09-16 21:17:32] SCN.cv7: Hidden size: 18 	 
Training MSE: 0.10596961 	 Validating MSE: 0.36872035 	 Best VMSE: 0.36556321
[2020-09-16 21:17:32] SCN.cv7: Checkpoint saved to experiments/normal/sili/SCN_sili_h1
[2020-09-16 21:17:33] SCN.cv7: Hidden size: 19 	 
Training MSE: 0.10498598 	 Validating MSE: 0.37620312 	 Best VMSE: 0.36556321
[2020-09-16 21:17:33] SCN.cv7: Checkpoint saved to experiments/normal/sili/SCN_sili_h1
[2020-09-16 21:17:33] SCN.cv7: Hidden size: 20 	 
Training MSE: 0.10396891 	 Validating MSE: 0.39910570 	 Best VMSE: 0.36556321
[2020-09-16 21:17:33] SCN.cv7: Checkpoint saved to experiments/normal/sili/SCN_sili_h1
[2020-09-16 21:17:33] SCN.cv7: Hidden size: 21 	 
Training MSE: 0.10328881 	 Validating MSE: 0.41049203 	 Best VMSE: 0.36556321
[2020-09-16 21:17:33] SCN.cv7: Checkpoint saved to experiments/normal/sili/SCN_sili_h1
[2020-09-16 21:17:33] SCN.cv7: Hidden size: 22 	 
Training MSE: 0.10230502 	 Validating MSE: 0.40826941 	 Best VMSE: 0.36556321
[2020-09-16 21:17:33] SCN.cv7: Checkpoint saved to experiments/normal/sili/SCN_sili_h1
[2020-09-16 21:17:33] SCN.cv7: Hidden size: 23 	 
Training MSE: 0.10159221 	 Validating MSE: 0.41935673 	 Best VMSE: 0.36556321
[2020-09-16 21:17:33] SCN.cv7: Checkpoint saved to experiments/normal/sili/SCN_sili_h1
[2020-09-16 21:17:33] SCN.cv7: Hidden size: 24 	 
Training MSE: 0.10057628 	 Validating MSE: 0.43593615 	 Best VMSE: 0.36556321
[2020-09-16 21:17:33] SCN.cv7: Checkpoint saved to experiments/normal/sili/SCN_sili_h1
[2020-09-16 21:17:34] SCN.cv7: Hidden size: 25 	 
Training MSE: 0.09899551 	 Validating MSE: 0.45539668 	 Best VMSE: 0.36556321
[2020-09-16 21:17:34] SCN.cv7: Checkpoint saved to experiments/normal/sili/SCN_sili_h1
[2020-09-16 21:17:34] SCN.cv7: Hidden size: 26 	 
Training MSE: 0.09804940 	 Validating MSE: 0.46473157 	 Best VMSE: 0.36556321
[2020-09-16 21:17:34] SCN.cv7: Checkpoint saved to experiments/normal/sili/SCN_sili_h1
[2020-09-16 21:17:34] SCN.cv7: Hidden size: 27 	 
Training MSE: 0.09736761 	 Validating MSE: 0.47069979 	 Best VMSE: 0.36556321
[2020-09-16 21:17:34] SCN.cv7: Checkpoint saved to experiments/normal/sili/SCN_sili_h1
[2020-09-16 21:17:34] SCN.cv7: Hidden size: 28 	 
Training MSE: 0.09566817 	 Validating MSE: 0.47099358 	 Best VMSE: 0.36556321
[2020-09-16 21:17:34] SCN.cv7: Checkpoint saved to experiments/normal/sili/SCN_sili_h1
[2020-09-16 21:17:34] SCN.cv7: Hidden size: 29 	 
Training MSE: 0.09529529 	 Validating MSE: 0.48439983 	 Best VMSE: 0.36556321
[2020-09-16 21:17:34] SCN.cv7: Checkpoint saved to experiments/normal/sili/SCN_sili_h1
[2020-09-16 21:17:34] SCN.cv7: Hidden size: 30 	 
Training MSE: 0.09440289 	 Validating MSE: 0.47397238 	 Best VMSE: 0.36556321
[2020-09-16 21:17:34] SCN.cv7: Checkpoint saved to experiments/normal/sili/SCN_sili_h1
[2020-09-16 21:17:34] SCN.cv7: Hidden size: 31 	 
Training MSE: 0.09330110 	 Validating MSE: 0.47938702 	 Best VMSE: 0.36556321
[2020-09-16 21:17:34] SCN.cv7: Checkpoint saved to experiments/normal/sili/SCN_sili_h1
[2020-09-16 21:17:35] SCN.cv7: Hidden size: 32 	 
Training MSE: 0.09161670 	 Validating MSE: 0.49743408 	 Best VMSE: 0.36556321
[2020-09-16 21:17:35] SCN.cv7: Checkpoint saved to experiments/normal/sili/SCN_sili_h1
[2020-09-16 21:17:35] SCN.cv7: Hidden size: 33 	 
Training MSE: 0.09075915 	 Validating MSE: 0.49931100 	 Best VMSE: 0.36556321
[2020-09-16 21:17:35] SCN.cv7: Checkpoint saved to experiments/normal/sili/SCN_sili_h1
[2020-09-16 21:17:35] SCN.cv7: Hidden size: 34 	 
Training MSE: 0.09012961 	 Validating MSE: 0.52224916 	 Best VMSE: 0.36556321
[2020-09-16 21:17:35] SCN.cv7: Checkpoint saved to experiments/normal/sili/SCN_sili_h1
[2020-09-16 21:17:35] SCN.cv7: Hidden size: 35 	 
Training MSE: 0.08966083 	 Validating MSE: 0.51146001 	 Best VMSE: 0.36556321
[2020-09-16 21:17:35] SCN.cv7: Checkpoint saved to experiments/normal/sili/SCN_sili_h1
[2020-09-16 21:17:35] SCN.cv7: Hidden size: 36 	 
Training MSE: 0.08880241 	 Validating MSE: 0.54795355 	 Best VMSE: 0.36556321
[2020-09-16 21:17:35] SCN.cv7: Checkpoint saved to experiments/normal/sili/SCN_sili_h1
[2020-09-16 21:17:35] SCN.cv7: Hidden size: 37 	 
Training MSE: 0.08805203 	 Validating MSE: 0.58253151 	 Best VMSE: 0.36556321
[2020-09-16 21:17:35] SCN.cv7: Checkpoint saved to experiments/normal/sili/SCN_sili_h1
[2020-09-16 21:17:36] SCN.cv7: Hidden size: 38 	 
Training MSE: 0.08771093 	 Validating MSE: 0.56271619 	 Best VMSE: 0.36556321
[2020-09-16 21:17:36] SCN.cv7: Checkpoint saved to experiments/normal/sili/SCN_sili_h1
[2020-09-16 21:17:36] SCN.cv7: Hidden size: 39 	 
Training MSE: 0.08661214 	 Validating MSE: 0.56457436 	 Best VMSE: 0.36556321
[2020-09-16 21:17:36] SCN.cv7: Checkpoint saved to experiments/normal/sili/SCN_sili_h1
[2020-09-16 21:17:36] SCN.cv7: Hidden size: 40 	 
Training MSE: 0.08545282 	 Validating MSE: 0.61918741 	 Best VMSE: 0.36556321
[2020-09-16 21:17:36] SCN.cv7: Checkpoint saved to experiments/normal/sili/SCN_sili_h1
[2020-09-16 21:17:36] SCN.cv7: Hidden size: 41 	 
Training MSE: 0.08334102 	 Validating MSE: 0.67816323 	 Best VMSE: 0.36556321
[2020-09-16 21:17:36] SCN.cv7: Checkpoint saved to experiments/normal/sili/SCN_sili_h1
[2020-09-16 21:17:36] SCN.cv7: Hidden size: 42 	 
Training MSE: 0.08232677 	 Validating MSE: 0.72926182 	 Best VMSE: 0.36556321
[2020-09-16 21:17:36] SCN.cv7: Checkpoint saved to experiments/normal/sili/SCN_sili_h1
[2020-09-16 21:17:36] SCN.cv7: Hidden size: 43 	 
Training MSE: 0.08162890 	 Validating MSE: 0.70915574 	 Best VMSE: 0.36556321
[2020-09-16 21:17:36] SCN.cv7: Checkpoint saved to experiments/normal/sili/SCN_sili_h1
[2020-09-16 21:17:37] SCN.cv7: Hidden size: 44 	 
Training MSE: 0.08037957 	 Validating MSE: 0.76932770 	 Best VMSE: 0.36556321
[2020-09-16 21:17:37] SCN.cv7: Checkpoint saved to experiments/normal/sili/SCN_sili_h1
[2020-09-16 21:17:37] SCN.cv7: Hidden size: 45 	 
Training MSE: 0.07935749 	 Validating MSE: 0.73106700 	 Best VMSE: 0.36556321
[2020-09-16 21:17:37] SCN.cv7: Checkpoint saved to experiments/normal/sili/SCN_sili_h1
[2020-09-16 21:17:37] SCN.cv7: Hidden size: 46 	 
Training MSE: 0.07877106 	 Validating MSE: 0.75892889 	 Best VMSE: 0.36556321
[2020-09-16 21:17:37] SCN.cv7: Checkpoint saved to experiments/normal/sili/SCN_sili_h1
[2020-09-16 21:17:37] SCN.cv7: Hidden size: 47 	 
Training MSE: 0.07794344 	 Validating MSE: 0.76503623 	 Best VMSE: 0.36556321
[2020-09-16 21:17:37] SCN.cv7: Checkpoint saved to experiments/normal/sili/SCN_sili_h1
[2020-09-16 21:17:37] SCN.cv7: Hidden size: 48 	 
Training MSE: 0.07713244 	 Validating MSE: 0.76810700 	 Best VMSE: 0.36556321
[2020-09-16 21:17:37] SCN.cv7: Checkpoint saved to experiments/normal/sili/SCN_sili_h1
[2020-09-16 21:17:37] SCN.cv7: Hidden size: 49 	 
Training MSE: 0.07636169 	 Validating MSE: 0.85033232 	 Best VMSE: 0.36556321
[2020-09-16 21:17:37] SCN.cv7: Checkpoint saved to experiments/normal/sili/SCN_sili_h1
[2020-09-16 21:17:37] SCN.cv7: Hidden size: 50 	 
Training MSE: 0.07523084 	 Validating MSE: 0.80430943 	 Best VMSE: 0.36556321
[2020-09-16 21:17:37] SCN.cv7: Checkpoint saved to experiments/normal/sili/SCN_sili_h1
[2020-09-16 21:17:38] SCN.cv7: Hidden size: 51 	 
Training MSE: 0.07426489 	 Validating MSE: 0.83022165 	 Best VMSE: 0.36556321
[2020-09-16 21:17:38] SCN.cv7: Checkpoint saved to experiments/normal/sili/SCN_sili_h1
[2020-09-16 21:17:38] SCN.cv7: Hidden size: 52 	 
Training MSE: 0.07245377 	 Validating MSE: 0.90506893 	 Best VMSE: 0.36556321
[2020-09-16 21:17:38] SCN.cv7: Checkpoint saved to experiments/normal/sili/SCN_sili_h1
[2020-09-16 21:17:38] SCN.cv7: Hidden size: 53 	 
Training MSE: 0.07132072 	 Validating MSE: 0.96994191 	 Best VMSE: 0.36556321
[2020-09-16 21:17:38] SCN.cv7: Checkpoint saved to experiments/normal/sili/SCN_sili_h1
[2020-09-16 21:17:38] SCN.cv7: Hidden size: 54 	 
Training MSE: 0.07047469 	 Validating MSE: 0.98487508 	 Best VMSE: 0.36556321
[2020-09-16 21:17:38] SCN.cv7: Checkpoint saved to experiments/normal/sili/SCN_sili_h1
[2020-09-16 21:17:38] SCN.cv7: Hidden size: 55 	 
Training MSE: 0.06945979 	 Validating MSE: 1.06148303 	 Best VMSE: 0.36556321
[2020-09-16 21:17:38] SCN.cv7: Checkpoint saved to experiments/normal/sili/SCN_sili_h1
[2020-09-16 21:17:38] SCN.cv7: Hidden size: 56 	 
Training MSE: 0.06863282 	 Validating MSE: 1.11087072 	 Best VMSE: 0.36556321
[2020-09-16 21:17:38] SCN.cv7: Checkpoint saved to experiments/normal/sili/SCN_sili_h1
[2020-09-16 21:17:39] SCN.cv7: Hidden size: 57 	 
Training MSE: 0.06786649 	 Validating MSE: 1.12392545 	 Best VMSE: 0.36556321
[2020-09-16 21:17:39] SCN.cv7: Checkpoint saved to experiments/normal/sili/SCN_sili_h1
[2020-09-16 21:17:39] SCN.cv7: Hidden size: 58 	 
Training MSE: 0.06710380 	 Validating MSE: 1.19151735 	 Best VMSE: 0.36556321
[2020-09-16 21:17:39] SCN.cv7: Checkpoint saved to experiments/normal/sili/SCN_sili_h1
[2020-09-16 21:17:39] SCN.cv7: Hidden size: 59 	 
Training MSE: 0.06569362 	 Validating MSE: 1.29630041 	 Best VMSE: 0.36556321
[2020-09-16 21:17:39] SCN.cv7: Checkpoint saved to experiments/normal/sili/SCN_sili_h1
[2020-09-16 21:17:39] SCN.cv7: Hidden size: 60 	 
Training MSE: 0.06458637 	 Validating MSE: 1.23820794 	 Best VMSE: 0.36556321
[2020-09-16 21:17:39] SCN.cv7: Checkpoint saved to experiments/normal/sili/SCN_sili_h1
[2020-09-16 21:17:39] SCN.cv7: Hidden size: 61 	 
Training MSE: 0.06405690 	 Validating MSE: 1.23484266 	 Best VMSE: 0.36556321
[2020-09-16 21:17:39] SCN.cv7: Checkpoint saved to experiments/normal/sili/SCN_sili_h1
[2020-09-16 21:17:39] SCN.cv7: Hidden size: 62 	 
Training MSE: 0.06341626 	 Validating MSE: 1.21576405 	 Best VMSE: 0.36556321
[2020-09-16 21:17:39] SCN.cv7: Checkpoint saved to experiments/normal/sili/SCN_sili_h1
[2020-09-16 21:17:40] SCN.cv7: Hidden size: 63 	 
Training MSE: 0.06283940 	 Validating MSE: 1.25540304 	 Best VMSE: 0.36556321
[2020-09-16 21:17:40] SCN.cv7: Checkpoint saved to experiments/normal/sili/SCN_sili_h1
[2020-09-16 21:17:40] SCN.cv7: Hidden size: 64 	 
Training MSE: 0.06181814 	 Validating MSE: 1.29655600 	 Best VMSE: 0.36556321
[2020-09-16 21:17:40] SCN.cv7: Checkpoint saved to experiments/normal/sili/SCN_sili_h1
[2020-09-16 21:17:40] SCN.cv7: Hidden size: 65 	 
Training MSE: 0.06076465 	 Validating MSE: 1.30933321 	 Best VMSE: 0.36556321
[2020-09-16 21:17:40] SCN.cv7: Checkpoint saved to experiments/normal/sili/SCN_sili_h1
[2020-09-16 21:17:40] SCN.cv7: Hidden size: 66 	 
Training MSE: 0.05983590 	 Validating MSE: 1.39415431 	 Best VMSE: 0.36556321
[2020-09-16 21:17:40] SCN.cv7: Checkpoint saved to experiments/normal/sili/SCN_sili_h1
[2020-09-16 21:17:40] SCN.cv7: Hidden size: 67 	 
Training MSE: 0.05926707 	 Validating MSE: 1.35639179 	 Best VMSE: 0.36556321
[2020-09-16 21:17:40] SCN.cv7: Checkpoint saved to experiments/normal/sili/SCN_sili_h1
[2020-09-16 21:17:40] SCN.cv7: Hidden size: 68 	 
Training MSE: 0.05855086 	 Validating MSE: 1.39591205 	 Best VMSE: 0.36556321
[2020-09-16 21:17:40] SCN.cv7: Checkpoint saved to experiments/normal/sili/SCN_sili_h1
[2020-09-16 21:17:41] SCN.cv7: Hidden size: 69 	 
Training MSE: 0.05768254 	 Validating MSE: 1.43645704 	 Best VMSE: 0.36556321
[2020-09-16 21:17:41] SCN.cv7: Checkpoint saved to experiments/normal/sili/SCN_sili_h1
[2020-09-16 21:17:41] SCN.cv7: Hidden size: 70 	 
Training MSE: 0.05720477 	 Validating MSE: 1.37411571 	 Best VMSE: 0.36556321
[2020-09-16 21:17:41] SCN.cv7: Checkpoint saved to experiments/normal/sili/SCN_sili_h1
[2020-09-16 21:17:41] SCN.cv7: Hidden size: 71 	 
Training MSE: 0.05681713 	 Validating MSE: 1.37570930 	 Best VMSE: 0.36556321
[2020-09-16 21:17:41] SCN.cv7: Checkpoint saved to experiments/normal/sili/SCN_sili_h1
[2020-09-16 21:17:41] SCN.cv7: Hidden size: 72 	 
Training MSE: 0.05599608 	 Validating MSE: 1.41111290 	 Best VMSE: 0.36556321
[2020-09-16 21:17:41] SCN.cv7: Checkpoint saved to experiments/normal/sili/SCN_sili_h1
[2020-09-16 21:17:41] SCN.cv7: Hidden size: 73 	 
Training MSE: 0.05544390 	 Validating MSE: 1.43357205 	 Best VMSE: 0.36556321
[2020-09-16 21:17:41] SCN.cv7: Checkpoint saved to experiments/normal/sili/SCN_sili_h1
[2020-09-16 21:17:41] SCN.cv7: Hidden size: 74 	 
Training MSE: 0.05465455 	 Validating MSE: 1.43029273 	 Best VMSE: 0.36556321
[2020-09-16 21:17:41] SCN.cv7: Checkpoint saved to experiments/normal/sili/SCN_sili_h1
[2020-09-16 21:17:42] SCN.cv7: Hidden size: 75 	 
Training MSE: 0.05365280 	 Validating MSE: 1.37257981 	 Best VMSE: 0.36556321
[2020-09-16 21:17:42] SCN.cv7: Checkpoint saved to experiments/normal/sili/SCN_sili_h1
[2020-09-16 21:17:42] SCN.cv7: Hidden size: 76 	 
Training MSE: 0.05274748 	 Validating MSE: 1.36305213 	 Best VMSE: 0.36556321
[2020-09-16 21:17:42] SCN.cv7: Checkpoint saved to experiments/normal/sili/SCN_sili_h1
[2020-09-16 21:17:42] SCN.cv7: Hidden size: 77 	 
Training MSE: 0.05238518 	 Validating MSE: 1.34486222 	 Best VMSE: 0.36556321
[2020-09-16 21:17:42] SCN.cv7: Checkpoint saved to experiments/normal/sili/SCN_sili_h1
[2020-09-16 21:17:42] SCN.cv7: Hidden size: 78 	 
Training MSE: 0.05173652 	 Validating MSE: 1.46318412 	 Best VMSE: 0.36556321
[2020-09-16 21:17:42] SCN.cv7: Checkpoint saved to experiments/normal/sili/SCN_sili_h1
[2020-09-16 21:17:42] SCN.cv7: Hidden size: 79 	 
Training MSE: 0.05115997 	 Validating MSE: 1.43734896 	 Best VMSE: 0.36556321
[2020-09-16 21:17:42] SCN.cv7: Checkpoint saved to experiments/normal/sili/SCN_sili_h1
[2020-09-16 21:17:42] SCN.cv7: Hidden size: 80 	 
Training MSE: 0.05014632 	 Validating MSE: 1.49095786 	 Best VMSE: 0.36556321
[2020-09-16 21:17:42] SCN.cv7: Checkpoint saved to experiments/normal/sili/SCN_sili_h1
[2020-09-16 21:17:43] SCN.cv7: Hidden size: 81 	 
Training MSE: 0.04871441 	 Validating MSE: 1.41599369 	 Best VMSE: 0.36556321
[2020-09-16 21:17:43] SCN.cv7: Checkpoint saved to experiments/normal/sili/SCN_sili_h1
[2020-09-16 21:17:43] SCN.cv7: Hidden size: 82 	 
Training MSE: 0.04802570 	 Validating MSE: 1.46258974 	 Best VMSE: 0.36556321
[2020-09-16 21:17:43] SCN.cv7: Checkpoint saved to experiments/normal/sili/SCN_sili_h1
[2020-09-16 21:17:43] SCN.cv7: Hidden size: 83 	 
Training MSE: 0.04704751 	 Validating MSE: 1.44390857 	 Best VMSE: 0.36556321
[2020-09-16 21:17:43] SCN.cv7: Checkpoint saved to experiments/normal/sili/SCN_sili_h1
[2020-09-16 21:17:43] SCN.cv7: Hidden size: 84 	 
Training MSE: 0.04663747 	 Validating MSE: 1.43305957 	 Best VMSE: 0.36556321
[2020-09-16 21:17:43] SCN.cv7: Checkpoint saved to experiments/normal/sili/SCN_sili_h1
[2020-09-16 21:17:43] SCN.cv7: Hidden size: 85 	 
Training MSE: 0.04591891 	 Validating MSE: 1.45557511 	 Best VMSE: 0.36556321
[2020-09-16 21:17:43] SCN.cv7: Checkpoint saved to experiments/normal/sili/SCN_sili_h1
[2020-09-16 21:17:43] SCN.cv7: Hidden size: 86 	 
Training MSE: 0.04552591 	 Validating MSE: 1.48459959 	 Best VMSE: 0.36556321
[2020-09-16 21:17:43] SCN.cv7: Checkpoint saved to experiments/normal/sili/SCN_sili_h1
[2020-09-16 21:17:43] SCN.cv7: Hidden size: 87 	 
Training MSE: 0.04507295 	 Validating MSE: 1.51503229 	 Best VMSE: 0.36556321
[2020-09-16 21:17:43] SCN.cv7: Checkpoint saved to experiments/normal/sili/SCN_sili_h1
[2020-09-16 21:17:44] SCN.cv7: Hidden size: 88 	 
Training MSE: 0.04461300 	 Validating MSE: 1.58198643 	 Best VMSE: 0.36556321
[2020-09-16 21:17:44] SCN.cv7: Checkpoint saved to experiments/normal/sili/SCN_sili_h1
[2020-09-16 21:17:44] SCN.cv7: Hidden size: 89 	 
Training MSE: 0.04425796 	 Validating MSE: 1.65956855 	 Best VMSE: 0.36556321
[2020-09-16 21:17:44] SCN.cv7: Checkpoint saved to experiments/normal/sili/SCN_sili_h1
[2020-09-16 21:17:44] SCN.cv7: Hidden size: 90 	 
Training MSE: 0.04293881 	 Validating MSE: 1.65329075 	 Best VMSE: 0.36556321
[2020-09-16 21:17:44] SCN.cv7: Checkpoint saved to experiments/normal/sili/SCN_sili_h1
[2020-09-16 21:17:44] SCN.cv7: Hidden size: 91 	 
Training MSE: 0.04236149 	 Validating MSE: 1.67096829 	 Best VMSE: 0.36556321
[2020-09-16 21:17:44] SCN.cv7: Checkpoint saved to experiments/normal/sili/SCN_sili_h1
[2020-09-16 21:17:44] SCN.cv7: Hidden size: 92 	 
Training MSE: 0.04192964 	 Validating MSE: 1.64160454 	 Best VMSE: 0.36556321
[2020-09-16 21:17:44] SCN.cv7: Checkpoint saved to experiments/normal/sili/SCN_sili_h1
[2020-09-16 21:17:44] SCN.cv7: Hidden size: 93 	 
Training MSE: 0.04168275 	 Validating MSE: 1.64534974 	 Best VMSE: 0.36556321
[2020-09-16 21:17:44] SCN.cv7: Checkpoint saved to experiments/normal/sili/SCN_sili_h1
[2020-09-16 21:17:45] SCN.cv7: Hidden size: 94 	 
Training MSE: 0.04125239 	 Validating MSE: 1.62040281 	 Best VMSE: 0.36556321
[2020-09-16 21:17:45] SCN.cv7: Checkpoint saved to experiments/normal/sili/SCN_sili_h1
[2020-09-16 21:17:45] SCN.cv7: Hidden size: 95 	 
Training MSE: 0.04081772 	 Validating MSE: 1.61856115 	 Best VMSE: 0.36556321
[2020-09-16 21:17:45] SCN.cv7: Checkpoint saved to experiments/normal/sili/SCN_sili_h1
[2020-09-16 21:17:45] SCN.cv7: Hidden size: 96 	 
Training MSE: 0.04036188 	 Validating MSE: 1.69132471 	 Best VMSE: 0.36556321
[2020-09-16 21:17:45] SCN.cv7: Checkpoint saved to experiments/normal/sili/SCN_sili_h1
[2020-09-16 21:17:45] SCN.cv7: Hidden size: 97 	 
Training MSE: 0.04004872 	 Validating MSE: 1.75026453 	 Best VMSE: 0.36556321
[2020-09-16 21:17:45] SCN.cv7: Checkpoint saved to experiments/normal/sili/SCN_sili_h1
[2020-09-16 21:17:45] SCN.cv7: Hidden size: 98 	 
Training MSE: 0.03959875 	 Validating MSE: 1.81833434 	 Best VMSE: 0.36556321
[2020-09-16 21:17:45] SCN.cv7: Checkpoint saved to experiments/normal/sili/SCN_sili_h1
[2020-09-16 21:17:45] SCN.cv7: Hidden size: 99 	 
Training MSE: 0.03908483 	 Validating MSE: 1.71490502 	 Best VMSE: 0.36556321
[2020-09-16 21:17:45] SCN.cv7: Checkpoint saved to experiments/normal/sili/SCN_sili_h1
[2020-09-16 21:17:46] SCN.cv7: Hidden size: 100 	 
Training MSE: 0.03803708 	 Validating MSE: 1.85842371 	 Best VMSE: 0.36556321
[2020-09-16 21:17:46] SCN.cv7: Checkpoint saved to experiments/normal/sili/SCN_sili_h1
[2020-09-16 21:17:46] SCN.cv7: Restoring best parameters from experiments/normal/sili/SCN_sili_h1/train.cv7.pth.tar
[2020-09-16 21:17:46] SCN.cv7: sili	 H: 1	 Trail: 17 
Testing RMSE: 0.6991 	 MAPE: 0.1064 	 SMAPE: 0.05687
