[2020-10-23 13:07:13] esCNN.cv14: Loading the datasets and model for 44th-batch-training
[2020-10-23 13:07:13] esCNN.cv14: Argument channel_size: 100
[2020-10-23 13:07:13] esCNN.cv14: Argument candidate_size: 300
[2020-10-23 13:07:13] esCNN.cv14: Argument kernel_size: 3
[2020-10-23 13:07:13] esCNN.cv14: Argument kernel_list: [5, 3, 3, 2]
[2020-10-23 13:07:13] esCNN.cv14: Argument Lambdas: [0.5, 1, 5, 15, 30, 50, 100, 150, 200]
[2020-10-23 13:07:13] esCNN.cv14: Argument Lambdas_std: [0.01, 0.05, 0.1, 0.5, 1]
[2020-10-23 13:07:13] esCNN.cv14: Argument r: [0.8, 0.9, 0.99, 0.9999, 0.999999]
[2020-10-23 13:07:13] esCNN.cv14: Argument tolerance: 0
[2020-10-23 13:07:13] esCNN.cv14: Argument device: device(type='cuda')
[2020-10-23 13:07:13] esCNN.cv14: Argument dataset: 'ar1'
[2020-10-23 13:07:13] esCNN.cv14: Argument H: 3
[2020-10-23 13:07:13] esCNN.cv14: Argument k: 5
[2020-10-23 13:07:13] esCNN.cv14: Argument test: False
[2020-10-23 13:07:13] esCNN.cv14: Argument search: 'random'
[2020-10-23 13:07:13] esCNN.cv14: Argument normal: True
[2020-10-23 13:07:13] esCNN.cv14: Argument diff: False
[2020-10-23 13:07:13] esCNN.cv14: Argument times: 60
[2020-10-23 13:07:13] esCNN.cv14: Argument datasets: {'ar1': {'lag_order': 15, 'normal': True, 'cov_dim': 0, 'kernel_size': 3}, 'wti': {'lag_order': 25, 'normal': True, 'cov_dim': 0, 'kernel_size': 5}, 'gold': {'lag_order': 25, 'normal': True, 'cov_dim': 0, 'kernel_size': 5}, 'sp': {'lag_order': 25, 'normal': True, 'cov_dim': 0, 'kernel_size': 5}, 'brent': {'lag_order': 24, 'normal': True, 'cov_dim': 0, 'kernel_size': 6}, 'sili': {'lag_order': 26, 'normal': True, 'cov_dim': 0, 'kernel_size': 6}}
[2020-10-23 13:07:13] esCNN.cv14: Argument steps: 15
[2020-10-23 13:07:13] esCNN.cv14: Argument cov_dim: 0
[2020-10-23 13:07:13] esCNN.cv14: Argument experiment: 'experiments/normal/ar1'
[2020-10-23 13:07:13] esCNN.cv14: Argument scaler: StandardScaler()
[2020-10-23 13:07:13] esCNN.cv14: Argument model_name: 'esCNN_random_ar1_h3'
[2020-10-23 13:07:13] esCNN.cv14: Argument model_dir: 'experiments/normal/ar1/esCNN_random_ar1_h3'
[2020-10-23 13:07:13] esCNN.cv14: Argument In_channels: 1
[2020-10-23 13:07:13] esCNN.cv14: Argument restore: True
[2020-10-23 13:07:13] esCNN.cv14: Argument cv: 14
[2020-10-23 13:07:13] esCNN.cv14: Argument plot_dir: 'experiments/normal/ar1/esCNN_random_ar1_h3/figures'
[2020-10-23 13:07:13] esCNN.cv14: Using Cuda...
[2020-10-23 13:07:13] esCNN.cv14: Loading complete.
[2020-10-23 13:07:13] esCNN.cv14: Model: 
ES_CNN(
  (Pool): AvgPool1d(kernel_size=(3,), stride=(1,), padding=(0,))
  (loss_fn): MSELoss()
)
[2020-10-23 13:07:13] esCNN.cv14: Found new best state
[2020-10-23 13:07:13] esCNN.cv14: Best vmse: 0.1025
[2020-10-23 13:07:13] esCNN.cv14: Channel size: 1 	 Kernel size: 3 
Training MSE: 0.07972467 	 Validating MSE: 0.10249123 	 Best VMSE: 0.10249123
[2020-10-23 13:07:13] esCNN.cv14: Checkpoint saved to experiments/normal/ar1/esCNN_random_ar1_h3
[2020-10-23 13:07:13] esCNN.cv14: Channel size: 2 	 Kernel size: 3 
Training MSE: 0.07574841 	 Validating MSE: 0.10839040 	 Best VMSE: 0.10249123
[2020-10-23 13:07:13] esCNN.cv14: Checkpoint saved to experiments/normal/ar1/esCNN_random_ar1_h3
[2020-10-23 13:07:13] esCNN.cv14: Channel size: 3 	 Kernel size: 3 
Training MSE: 0.06032122 	 Validating MSE: 0.17955539 	 Best VMSE: 0.10249123
[2020-10-23 13:07:13] esCNN.cv14: Checkpoint saved to experiments/normal/ar1/esCNN_random_ar1_h3
[2020-10-23 13:07:13] esCNN.cv14: Found new best state
[2020-10-23 13:07:13] esCNN.cv14: Best vmse: 0.0690
[2020-10-23 13:07:13] esCNN.cv14: Channel size: 4 	 Kernel size: 3 
Training MSE: 0.04911608 	 Validating MSE: 0.06904402 	 Best VMSE: 0.06904402
[2020-10-23 13:07:13] esCNN.cv14: Checkpoint saved to experiments/normal/ar1/esCNN_random_ar1_h3
[2020-10-23 13:07:13] esCNN.cv14: Channel size: 5 	 Kernel size: 3 
Training MSE: 0.04351858 	 Validating MSE: 0.10005508 	 Best VMSE: 0.06904402
[2020-10-23 13:07:13] esCNN.cv14: Checkpoint saved to experiments/normal/ar1/esCNN_random_ar1_h3
[2020-10-23 13:07:13] esCNN.cv14: Channel size: 6 	 Kernel size: 3 
Training MSE: 0.04261192 	 Validating MSE: 0.07296971 	 Best VMSE: 0.06904402
[2020-10-23 13:07:13] esCNN.cv14: Checkpoint saved to experiments/normal/ar1/esCNN_random_ar1_h3
[2020-10-23 13:07:13] esCNN.cv14: Found new best state
[2020-10-23 13:07:13] esCNN.cv14: Best vmse: 0.0477
[2020-10-23 13:07:13] esCNN.cv14: Channel size: 7 	 Kernel size: 3 
Training MSE: 0.03708626 	 Validating MSE: 0.04770110 	 Best VMSE: 0.04770110
[2020-10-23 13:07:13] esCNN.cv14: Checkpoint saved to experiments/normal/ar1/esCNN_random_ar1_h3
[2020-10-23 13:07:13] esCNN.cv14: Channel size: 8 	 Kernel size: 3 
Training MSE: 0.03464037 	 Validating MSE: 0.04870587 	 Best VMSE: 0.04770110
[2020-10-23 13:07:13] esCNN.cv14: Checkpoint saved to experiments/normal/ar1/esCNN_random_ar1_h3
[2020-10-23 13:07:13] esCNN.cv14: Found new best state
[2020-10-23 13:07:13] esCNN.cv14: Best vmse: 0.0444
[2020-10-23 13:07:13] esCNN.cv14: Channel size: 9 	 Kernel size: 3 
Training MSE: 0.03312022 	 Validating MSE: 0.04442853 	 Best VMSE: 0.04442853
[2020-10-23 13:07:13] esCNN.cv14: Checkpoint saved to experiments/normal/ar1/esCNN_random_ar1_h3
[2020-10-23 13:07:13] esCNN.cv14: Channel size: 10 	 Kernel size: 3 
Training MSE: 0.03289105 	 Validating MSE: 0.04712702 	 Best VMSE: 0.04442853
[2020-10-23 13:07:13] esCNN.cv14: Checkpoint saved to experiments/normal/ar1/esCNN_random_ar1_h3
[2020-10-23 13:07:13] esCNN.cv14: Channel size: 11 	 Kernel size: 3 
Training MSE: 0.03276012 	 Validating MSE: 0.04526218 	 Best VMSE: 0.04442853
[2020-10-23 13:07:13] esCNN.cv14: Checkpoint saved to experiments/normal/ar1/esCNN_random_ar1_h3
[2020-10-23 13:07:13] esCNN.cv14: Channel size: 12 	 Kernel size: 3 
Training MSE: 0.03275940 	 Validating MSE: 0.04535229 	 Best VMSE: 0.04442853
[2020-10-23 13:07:13] esCNN.cv14: Checkpoint saved to experiments/normal/ar1/esCNN_random_ar1_h3
[2020-10-23 13:07:13] esCNN.cv14: Channel size: 13 	 Kernel size: 3 
Training MSE: 0.03275597 	 Validating MSE: 0.04508024 	 Best VMSE: 0.04442853
[2020-10-23 13:07:13] esCNN.cv14: Checkpoint saved to experiments/normal/ar1/esCNN_random_ar1_h3
[2020-10-23 13:07:13] esCNN.cv14: Channel size: 14 	 Kernel size: 3 
Training MSE: 0.03275561 	 Validating MSE: 0.04515774 	 Best VMSE: 0.04442853
[2020-10-23 13:07:13] esCNN.cv14: Checkpoint saved to experiments/normal/ar1/esCNN_random_ar1_h3
[2020-10-23 13:07:13] esCNN.cv14: Channel size: 15 	 Kernel size: 3 
Training MSE: 0.03275211 	 Validating MSE: 0.04553589 	 Best VMSE: 0.04442853
[2020-10-23 13:07:13] esCNN.cv14: Checkpoint saved to experiments/normal/ar1/esCNN_random_ar1_h3
[2020-10-23 13:07:13] esCNN.cv14: Channel size: 16 	 Kernel size: 3 
Training MSE: 0.03275048 	 Validating MSE: 0.04563100 	 Best VMSE: 0.04442853
[2020-10-23 13:07:13] esCNN.cv14: Checkpoint saved to experiments/normal/ar1/esCNN_random_ar1_h3
[2020-10-23 13:07:13] esCNN.cv14: Channel size: 17 	 Kernel size: 3 
Training MSE: 0.03274253 	 Validating MSE: 0.04516166 	 Best VMSE: 0.04442853
[2020-10-23 13:07:13] esCNN.cv14: Checkpoint saved to experiments/normal/ar1/esCNN_random_ar1_h3
[2020-10-23 13:07:13] esCNN.cv14: Channel size: 18 	 Kernel size: 3 
Training MSE: 0.03272421 	 Validating MSE: 0.04595584 	 Best VMSE: 0.04442853
[2020-10-23 13:07:13] esCNN.cv14: Checkpoint saved to experiments/normal/ar1/esCNN_random_ar1_h3
[2020-10-23 13:07:13] esCNN.cv14: Channel size: 19 	 Kernel size: 3 
Training MSE: 0.03272211 	 Validating MSE: 0.04622384 	 Best VMSE: 0.04442853
[2020-10-23 13:07:13] esCNN.cv14: Checkpoint saved to experiments/normal/ar1/esCNN_random_ar1_h3
[2020-10-23 13:07:13] esCNN.cv14: Channel size: 20 	 Kernel size: 3 
Training MSE: 0.03271278 	 Validating MSE: 0.04565935 	 Best VMSE: 0.04442853
[2020-10-23 13:07:13] esCNN.cv14: Checkpoint saved to experiments/normal/ar1/esCNN_random_ar1_h3
[2020-10-23 13:07:13] esCNN.cv14: Channel size: 21 	 Kernel size: 3 
Training MSE: 0.03270013 	 Validating MSE: 0.04495871 	 Best VMSE: 0.04442853
[2020-10-23 13:07:13] esCNN.cv14: Checkpoint saved to experiments/normal/ar1/esCNN_random_ar1_h3
[2020-10-23 13:07:13] esCNN.cv14: Channel size: 22 	 Kernel size: 3 
Training MSE: 0.03269983 	 Validating MSE: 0.04502123 	 Best VMSE: 0.04442853
[2020-10-23 13:07:13] esCNN.cv14: Checkpoint saved to experiments/normal/ar1/esCNN_random_ar1_h3
[2020-10-23 13:07:13] esCNN.cv14: Channel size: 23 	 Kernel size: 3 
Training MSE: 0.03267674 	 Validating MSE: 0.04616146 	 Best VMSE: 0.04442853
[2020-10-23 13:07:13] esCNN.cv14: Checkpoint saved to experiments/normal/ar1/esCNN_random_ar1_h3
[2020-10-23 13:07:13] esCNN.cv14: Channel size: 24 	 Kernel size: 3 
Training MSE: 0.03265171 	 Validating MSE: 0.04516145 	 Best VMSE: 0.04442853
[2020-10-23 13:07:13] esCNN.cv14: Checkpoint saved to experiments/normal/ar1/esCNN_random_ar1_h3
[2020-10-23 13:07:14] esCNN.cv14: Channel size: 25 	 Kernel size: 3 
Training MSE: 0.03262369 	 Validating MSE: 0.04639091 	 Best VMSE: 0.04442853
[2020-10-23 13:07:14] esCNN.cv14: Checkpoint saved to experiments/normal/ar1/esCNN_random_ar1_h3
[2020-10-23 13:07:14] esCNN.cv14: Channel size: 26 	 Kernel size: 3 
Training MSE: 0.03262277 	 Validating MSE: 0.04658750 	 Best VMSE: 0.04442853
[2020-10-23 13:07:14] esCNN.cv14: Checkpoint saved to experiments/normal/ar1/esCNN_random_ar1_h3
[2020-10-23 13:07:14] esCNN.cv14: Channel size: 27 	 Kernel size: 3 
Training MSE: 0.03262237 	 Validating MSE: 0.04666954 	 Best VMSE: 0.04442853
[2020-10-23 13:07:14] esCNN.cv14: Checkpoint saved to experiments/normal/ar1/esCNN_random_ar1_h3
[2020-10-23 13:07:14] esCNN.cv14: Channel size: 28 	 Kernel size: 3 
Training MSE: 0.03260357 	 Validating MSE: 0.04589389 	 Best VMSE: 0.04442853
[2020-10-23 13:07:14] esCNN.cv14: Checkpoint saved to experiments/normal/ar1/esCNN_random_ar1_h3
[2020-10-23 13:07:14] esCNN.cv14: Channel size: 29 	 Kernel size: 3 
Training MSE: 0.03260220 	 Validating MSE: 0.04609952 	 Best VMSE: 0.04442853
[2020-10-23 13:07:14] esCNN.cv14: Checkpoint saved to experiments/normal/ar1/esCNN_random_ar1_h3
[2020-10-23 13:07:14] esCNN.cv14: Channel size: 30 	 Kernel size: 3 
Training MSE: 0.03258851 	 Validating MSE: 0.04542904 	 Best VMSE: 0.04442853
[2020-10-23 13:07:14] esCNN.cv14: Checkpoint saved to experiments/normal/ar1/esCNN_random_ar1_h3
[2020-10-23 13:07:14] esCNN.cv14: Channel size: 31 	 Kernel size: 3 
Training MSE: 0.03258531 	 Validating MSE: 0.04581401 	 Best VMSE: 0.04442853
[2020-10-23 13:07:14] esCNN.cv14: Checkpoint saved to experiments/normal/ar1/esCNN_random_ar1_h3
[2020-10-23 13:07:14] esCNN.cv14: Channel size: 32 	 Kernel size: 3 
Training MSE: 0.03258191 	 Validating MSE: 0.04544904 	 Best VMSE: 0.04442853
[2020-10-23 13:07:14] esCNN.cv14: Checkpoint saved to experiments/normal/ar1/esCNN_random_ar1_h3
[2020-10-23 13:07:14] esCNN.cv14: Channel size: 33 	 Kernel size: 3 
Training MSE: 0.03257103 	 Validating MSE: 0.04608211 	 Best VMSE: 0.04442853
[2020-10-23 13:07:14] esCNN.cv14: Checkpoint saved to experiments/normal/ar1/esCNN_random_ar1_h3
[2020-10-23 13:07:14] esCNN.cv14: Channel size: 34 	 Kernel size: 3 
Training MSE: 0.03256707 	 Validating MSE: 0.04575160 	 Best VMSE: 0.04442853
[2020-10-23 13:07:14] esCNN.cv14: Checkpoint saved to experiments/normal/ar1/esCNN_random_ar1_h3
[2020-10-23 13:07:14] esCNN.cv14: Channel size: 35 	 Kernel size: 3 
Training MSE: 0.03256522 	 Validating MSE: 0.04568535 	 Best VMSE: 0.04442853
[2020-10-23 13:07:14] esCNN.cv14: Checkpoint saved to experiments/normal/ar1/esCNN_random_ar1_h3
[2020-10-23 13:07:14] esCNN.cv14: Channel size: 36 	 Kernel size: 3 
Training MSE: 0.03256419 	 Validating MSE: 0.04566357 	 Best VMSE: 0.04442853
[2020-10-23 13:07:14] esCNN.cv14: Checkpoint saved to experiments/normal/ar1/esCNN_random_ar1_h3
[2020-10-23 13:07:14] esCNN.cv14: Channel size: 37 	 Kernel size: 3 
Training MSE: 0.03256384 	 Validating MSE: 0.04558263 	 Best VMSE: 0.04442853
[2020-10-23 13:07:14] esCNN.cv14: Checkpoint saved to experiments/normal/ar1/esCNN_random_ar1_h3
[2020-10-23 13:07:14] esCNN.cv14: Channel size: 38 	 Kernel size: 3 
Training MSE: 0.03256243 	 Validating MSE: 0.04578583 	 Best VMSE: 0.04442853
[2020-10-23 13:07:14] esCNN.cv14: Checkpoint saved to experiments/normal/ar1/esCNN_random_ar1_h3
[2020-10-23 13:07:14] esCNN.cv14: Channel size: 39 	 Kernel size: 3 
Training MSE: 0.03256160 	 Validating MSE: 0.04566180 	 Best VMSE: 0.04442853
[2020-10-23 13:07:14] esCNN.cv14: Checkpoint saved to experiments/normal/ar1/esCNN_random_ar1_h3
[2020-10-23 13:07:14] esCNN.cv14: Channel size: 40 	 Kernel size: 3 
Training MSE: 0.03255966 	 Validating MSE: 0.04568233 	 Best VMSE: 0.04442853
[2020-10-23 13:07:14] esCNN.cv14: Checkpoint saved to experiments/normal/ar1/esCNN_random_ar1_h3
[2020-10-23 13:07:14] esCNN.cv14: Channel size: 41 	 Kernel size: 3 
Training MSE: 0.03255805 	 Validating MSE: 0.04558557 	 Best VMSE: 0.04442853
[2020-10-23 13:07:14] esCNN.cv14: Checkpoint saved to experiments/normal/ar1/esCNN_random_ar1_h3
[2020-10-23 13:07:14] esCNN.cv14: Channel size: 42 	 Kernel size: 3 
Training MSE: 0.03255769 	 Validating MSE: 0.04558131 	 Best VMSE: 0.04442853
[2020-10-23 13:07:14] esCNN.cv14: Checkpoint saved to experiments/normal/ar1/esCNN_random_ar1_h3
[2020-10-23 13:07:14] esCNN.cv14: Channel size: 43 	 Kernel size: 3 
Training MSE: 0.03255616 	 Validating MSE: 0.04568633 	 Best VMSE: 0.04442853
[2020-10-23 13:07:14] esCNN.cv14: Checkpoint saved to experiments/normal/ar1/esCNN_random_ar1_h3
[2020-10-23 13:07:15] esCNN.cv14: Channel size: 44 	 Kernel size: 3 
Training MSE: 0.03255558 	 Validating MSE: 0.04575105 	 Best VMSE: 0.04442853
[2020-10-23 13:07:15] esCNN.cv14: Checkpoint saved to experiments/normal/ar1/esCNN_random_ar1_h3
[2020-10-23 13:07:15] esCNN.cv14: Channel size: 45 	 Kernel size: 3 
Training MSE: 0.03255181 	 Validating MSE: 0.04546261 	 Best VMSE: 0.04442853
[2020-10-23 13:07:15] esCNN.cv14: Checkpoint saved to experiments/normal/ar1/esCNN_random_ar1_h3
[2020-10-23 13:07:15] esCNN.cv14: Channel size: 46 	 Kernel size: 3 
Training MSE: 0.03254936 	 Validating MSE: 0.04575308 	 Best VMSE: 0.04442853
[2020-10-23 13:07:15] esCNN.cv14: Checkpoint saved to experiments/normal/ar1/esCNN_random_ar1_h3
[2020-10-23 13:07:15] esCNN.cv14: Channel size: 47 	 Kernel size: 3 
Training MSE: 0.03254901 	 Validating MSE: 0.04562699 	 Best VMSE: 0.04442853
[2020-10-23 13:07:15] esCNN.cv14: Checkpoint saved to experiments/normal/ar1/esCNN_random_ar1_h3
[2020-10-23 13:07:15] esCNN.cv14: Channel size: 48 	 Kernel size: 3 
Training MSE: 0.03254880 	 Validating MSE: 0.04555253 	 Best VMSE: 0.04442853
[2020-10-23 13:07:15] esCNN.cv14: Checkpoint saved to experiments/normal/ar1/esCNN_random_ar1_h3
[2020-10-23 13:07:15] esCNN.cv14: Channel size: 49 	 Kernel size: 3 
Training MSE: 0.03254864 	 Validating MSE: 0.04559188 	 Best VMSE: 0.04442853
[2020-10-23 13:07:15] esCNN.cv14: Checkpoint saved to experiments/normal/ar1/esCNN_random_ar1_h3
[2020-10-23 13:07:15] esCNN.cv14: Channel size: 50 	 Kernel size: 3 
Training MSE: 0.03254639 	 Validating MSE: 0.04590332 	 Best VMSE: 0.04442853
[2020-10-23 13:07:15] esCNN.cv14: Checkpoint saved to experiments/normal/ar1/esCNN_random_ar1_h3
[2020-10-23 13:07:15] esCNN.cv14: Channel size: 51 	 Kernel size: 3 
Training MSE: 0.03254543 	 Validating MSE: 0.04573413 	 Best VMSE: 0.04442853
[2020-10-23 13:07:15] esCNN.cv14: Checkpoint saved to experiments/normal/ar1/esCNN_random_ar1_h3
[2020-10-23 13:07:15] esCNN.cv14: Channel size: 52 	 Kernel size: 3 
Training MSE: 0.03254011 	 Validating MSE: 0.04610365 	 Best VMSE: 0.04442853
[2020-10-23 13:07:15] esCNN.cv14: Checkpoint saved to experiments/normal/ar1/esCNN_random_ar1_h3
[2020-10-23 13:07:15] esCNN.cv14: Channel size: 53 	 Kernel size: 3 
Training MSE: 0.03251752 	 Validating MSE: 0.04718705 	 Best VMSE: 0.04442853
[2020-10-23 13:07:15] esCNN.cv14: Checkpoint saved to experiments/normal/ar1/esCNN_random_ar1_h3
[2020-10-23 13:07:15] esCNN.cv14: Channel size: 54 	 Kernel size: 3 
Training MSE: 0.03245891 	 Validating MSE: 0.04559731 	 Best VMSE: 0.04442853
[2020-10-23 13:07:15] esCNN.cv14: Checkpoint saved to experiments/normal/ar1/esCNN_random_ar1_h3
[2020-10-23 13:07:15] esCNN.cv14: Channel size: 55 	 Kernel size: 3 
Training MSE: 0.03245612 	 Validating MSE: 0.04584284 	 Best VMSE: 0.04442853
[2020-10-23 13:07:15] esCNN.cv14: Checkpoint saved to experiments/normal/ar1/esCNN_random_ar1_h3
[2020-10-23 13:07:15] esCNN.cv14: Channel size: 56 	 Kernel size: 3 
Training MSE: 0.03245401 	 Validating MSE: 0.04611041 	 Best VMSE: 0.04442853
[2020-10-23 13:07:15] esCNN.cv14: Checkpoint saved to experiments/normal/ar1/esCNN_random_ar1_h3
[2020-10-23 13:07:15] esCNN.cv14: Channel size: 57 	 Kernel size: 3 
Training MSE: 0.03245175 	 Validating MSE: 0.04633991 	 Best VMSE: 0.04442853
[2020-10-23 13:07:15] esCNN.cv14: Checkpoint saved to experiments/normal/ar1/esCNN_random_ar1_h3
[2020-10-23 13:07:15] esCNN.cv14: Channel size: 58 	 Kernel size: 3 
Training MSE: 0.03244241 	 Validating MSE: 0.04574523 	 Best VMSE: 0.04442853
[2020-10-23 13:07:15] esCNN.cv14: Checkpoint saved to experiments/normal/ar1/esCNN_random_ar1_h3
[2020-10-23 13:07:16] esCNN.cv14: Channel size: 59 	 Kernel size: 3 
Training MSE: 0.03242821 	 Validating MSE: 0.04662838 	 Best VMSE: 0.04442853
[2020-10-23 13:07:16] esCNN.cv14: Checkpoint saved to experiments/normal/ar1/esCNN_random_ar1_h3
[2020-10-23 13:07:16] esCNN.cv14: Channel size: 60 	 Kernel size: 3 
Training MSE: 0.03242747 	 Validating MSE: 0.04642339 	 Best VMSE: 0.04442853
[2020-10-23 13:07:16] esCNN.cv14: Checkpoint saved to experiments/normal/ar1/esCNN_random_ar1_h3
[2020-10-23 13:07:16] esCNN.cv14: Channel size: 61 	 Kernel size: 3 
Training MSE: 0.03242152 	 Validating MSE: 0.04593563 	 Best VMSE: 0.04442853
[2020-10-23 13:07:16] esCNN.cv14: Checkpoint saved to experiments/normal/ar1/esCNN_random_ar1_h3
[2020-10-23 13:07:16] esCNN.cv14: Channel size: 62 	 Kernel size: 3 
Training MSE: 0.03241860 	 Validating MSE: 0.04630244 	 Best VMSE: 0.04442853
[2020-10-23 13:07:16] esCNN.cv14: Checkpoint saved to experiments/normal/ar1/esCNN_random_ar1_h3
[2020-10-23 13:07:16] esCNN.cv14: Channel size: 63 	 Kernel size: 3 
Training MSE: 0.03241801 	 Validating MSE: 0.04616749 	 Best VMSE: 0.04442853
[2020-10-23 13:07:16] esCNN.cv14: Checkpoint saved to experiments/normal/ar1/esCNN_random_ar1_h3
[2020-10-23 13:07:16] esCNN.cv14: Channel size: 64 	 Kernel size: 3 
Training MSE: 0.03241118 	 Validating MSE: 0.04666854 	 Best VMSE: 0.04442853
[2020-10-23 13:07:16] esCNN.cv14: Checkpoint saved to experiments/normal/ar1/esCNN_random_ar1_h3
[2020-10-23 13:07:16] esCNN.cv14: Channel size: 65 	 Kernel size: 3 
Training MSE: 0.03240533 	 Validating MSE: 0.04615471 	 Best VMSE: 0.04442853
[2020-10-23 13:07:16] esCNN.cv14: Checkpoint saved to experiments/normal/ar1/esCNN_random_ar1_h3
[2020-10-23 13:07:16] esCNN.cv14: Channel size: 66 	 Kernel size: 3 
Training MSE: 0.03240062 	 Validating MSE: 0.04571973 	 Best VMSE: 0.04442853
[2020-10-23 13:07:16] esCNN.cv14: Checkpoint saved to experiments/normal/ar1/esCNN_random_ar1_h3
[2020-10-23 13:07:16] esCNN.cv14: Channel size: 67 	 Kernel size: 3 
Training MSE: 0.03240016 	 Validating MSE: 0.04595368 	 Best VMSE: 0.04442853
[2020-10-23 13:07:16] esCNN.cv14: Checkpoint saved to experiments/normal/ar1/esCNN_random_ar1_h3
[2020-10-23 13:07:16] esCNN.cv14: Channel size: 68 	 Kernel size: 3 
Training MSE: 0.03239989 	 Validating MSE: 0.04605986 	 Best VMSE: 0.04442853
[2020-10-23 13:07:16] esCNN.cv14: Checkpoint saved to experiments/normal/ar1/esCNN_random_ar1_h3
[2020-10-23 13:07:16] esCNN.cv14: Channel size: 69 	 Kernel size: 3 
Training MSE: 0.03239878 	 Validating MSE: 0.04618564 	 Best VMSE: 0.04442853
[2020-10-23 13:07:16] esCNN.cv14: Checkpoint saved to experiments/normal/ar1/esCNN_random_ar1_h3
[2020-10-23 13:07:16] esCNN.cv14: Channel size: 70 	 Kernel size: 3 
Training MSE: 0.03239758 	 Validating MSE: 0.04603886 	 Best VMSE: 0.04442853
[2020-10-23 13:07:16] esCNN.cv14: Checkpoint saved to experiments/normal/ar1/esCNN_random_ar1_h3
[2020-10-23 13:07:16] esCNN.cv14: Channel size: 71 	 Kernel size: 3 
Training MSE: 0.03239742 	 Validating MSE: 0.04598688 	 Best VMSE: 0.04442853
[2020-10-23 13:07:16] esCNN.cv14: Checkpoint saved to experiments/normal/ar1/esCNN_random_ar1_h3
[2020-10-23 13:07:17] esCNN.cv14: Channel size: 72 	 Kernel size: 3 
Training MSE: 0.03239708 	 Validating MSE: 0.04598617 	 Best VMSE: 0.04442853
[2020-10-23 13:07:17] esCNN.cv14: Checkpoint saved to experiments/normal/ar1/esCNN_random_ar1_h3
[2020-10-23 13:07:17] esCNN.cv14: Channel size: 73 	 Kernel size: 3 
Training MSE: 0.03234680 	 Validating MSE: 0.04774498 	 Best VMSE: 0.04442853
[2020-10-23 13:07:17] esCNN.cv14: Checkpoint saved to experiments/normal/ar1/esCNN_random_ar1_h3
[2020-10-23 13:07:17] esCNN.cv14: Channel size: 74 	 Kernel size: 3 
Training MSE: 0.03232235 	 Validating MSE: 0.04655757 	 Best VMSE: 0.04442853
[2020-10-23 13:07:17] esCNN.cv14: Checkpoint saved to experiments/normal/ar1/esCNN_random_ar1_h3
[2020-10-23 13:07:17] esCNN.cv14: Channel size: 75 	 Kernel size: 3 
Training MSE: 0.03231161 	 Validating MSE: 0.04631132 	 Best VMSE: 0.04442853
[2020-10-23 13:07:17] esCNN.cv14: Checkpoint saved to experiments/normal/ar1/esCNN_random_ar1_h3
[2020-10-23 13:07:17] esCNN.cv14: Channel size: 76 	 Kernel size: 3 
Training MSE: 0.03231152 	 Validating MSE: 0.04633813 	 Best VMSE: 0.04442853
[2020-10-23 13:07:17] esCNN.cv14: Checkpoint saved to experiments/normal/ar1/esCNN_random_ar1_h3
[2020-10-23 13:07:17] esCNN.cv14: Channel size: 77 	 Kernel size: 3 
Training MSE: 0.03231144 	 Validating MSE: 0.04628620 	 Best VMSE: 0.04442853
[2020-10-23 13:07:17] esCNN.cv14: Checkpoint saved to experiments/normal/ar1/esCNN_random_ar1_h3
[2020-10-23 13:07:17] esCNN.cv14: Channel size: 78 	 Kernel size: 3 
Training MSE: 0.03227959 	 Validating MSE: 0.04751725 	 Best VMSE: 0.04442853
[2020-10-23 13:07:17] esCNN.cv14: Checkpoint saved to experiments/normal/ar1/esCNN_random_ar1_h3
[2020-10-23 13:07:17] esCNN.cv14: Channel size: 79 	 Kernel size: 3 
Training MSE: 0.03225334 	 Validating MSE: 0.04643458 	 Best VMSE: 0.04442853
[2020-10-23 13:07:17] esCNN.cv14: Checkpoint saved to experiments/normal/ar1/esCNN_random_ar1_h3
[2020-10-23 13:07:17] esCNN.cv14: Channel size: 80 	 Kernel size: 3 
Training MSE: 0.03225034 	 Validating MSE: 0.04675456 	 Best VMSE: 0.04442853
[2020-10-23 13:07:17] esCNN.cv14: Checkpoint saved to experiments/normal/ar1/esCNN_random_ar1_h3
[2020-10-23 13:07:17] esCNN.cv14: Channel size: 81 	 Kernel size: 3 
Training MSE: 0.03224700 	 Validating MSE: 0.04641644 	 Best VMSE: 0.04442853
[2020-10-23 13:07:17] esCNN.cv14: Checkpoint saved to experiments/normal/ar1/esCNN_random_ar1_h3
[2020-10-23 13:07:17] esCNN.cv14: Channel size: 82 	 Kernel size: 3 
Training MSE: 0.03224631 	 Validating MSE: 0.04627744 	 Best VMSE: 0.04442853
[2020-10-23 13:07:17] esCNN.cv14: Checkpoint saved to experiments/normal/ar1/esCNN_random_ar1_h3
[2020-10-23 13:07:17] esCNN.cv14: Channel size: 83 	 Kernel size: 3 
Training MSE: 0.03224231 	 Validating MSE: 0.04666970 	 Best VMSE: 0.04442853
[2020-10-23 13:07:17] esCNN.cv14: Checkpoint saved to experiments/normal/ar1/esCNN_random_ar1_h3
[2020-10-23 13:07:18] esCNN.cv14: Channel size: 84 	 Kernel size: 3 
Training MSE: 0.03224108 	 Validating MSE: 0.04686107 	 Best VMSE: 0.04442853
[2020-10-23 13:07:18] esCNN.cv14: Checkpoint saved to experiments/normal/ar1/esCNN_random_ar1_h3
[2020-10-23 13:07:18] esCNN.cv14: Channel size: 85 	 Kernel size: 3 
Training MSE: 0.03223561 	 Validating MSE: 0.04643816 	 Best VMSE: 0.04442853
[2020-10-23 13:07:18] esCNN.cv14: Checkpoint saved to experiments/normal/ar1/esCNN_random_ar1_h3
[2020-10-23 13:07:18] esCNN.cv14: Channel size: 86 	 Kernel size: 3 
Training MSE: 0.03223371 	 Validating MSE: 0.04623977 	 Best VMSE: 0.04442853
[2020-10-23 13:07:18] esCNN.cv14: Checkpoint saved to experiments/normal/ar1/esCNN_random_ar1_h3
[2020-10-23 13:07:18] esCNN.cv14: Channel size: 87 	 Kernel size: 3 
Training MSE: 0.03223337 	 Validating MSE: 0.04635227 	 Best VMSE: 0.04442853
[2020-10-23 13:07:18] esCNN.cv14: Checkpoint saved to experiments/normal/ar1/esCNN_random_ar1_h3
[2020-10-23 13:07:18] esCNN.cv14: Channel size: 88 	 Kernel size: 3 
Training MSE: 0.03223304 	 Validating MSE: 0.04649142 	 Best VMSE: 0.04442853
[2020-10-23 13:07:18] esCNN.cv14: Checkpoint saved to experiments/normal/ar1/esCNN_random_ar1_h3
[2020-10-23 13:07:18] esCNN.cv14: Channel size: 89 	 Kernel size: 3 
Training MSE: 0.03223254 	 Validating MSE: 0.04631343 	 Best VMSE: 0.04442853
[2020-10-23 13:07:18] esCNN.cv14: Checkpoint saved to experiments/normal/ar1/esCNN_random_ar1_h3
[2020-10-23 13:07:18] esCNN.cv14: Channel size: 90 	 Kernel size: 3 
Training MSE: 0.03223205 	 Validating MSE: 0.04647718 	 Best VMSE: 0.04442853
[2020-10-23 13:07:18] esCNN.cv14: Checkpoint saved to experiments/normal/ar1/esCNN_random_ar1_h3
[2020-10-23 13:07:18] esCNN.cv14: Channel size: 91 	 Kernel size: 3 
Training MSE: 0.03219996 	 Validating MSE: 0.04769769 	 Best VMSE: 0.04442853
[2020-10-23 13:07:18] esCNN.cv14: Checkpoint saved to experiments/normal/ar1/esCNN_random_ar1_h3
[2020-10-23 13:07:18] esCNN.cv14: Channel size: 92 	 Kernel size: 3 
Training MSE: 0.03216467 	 Validating MSE: 0.04658889 	 Best VMSE: 0.04442853
[2020-10-23 13:07:18] esCNN.cv14: Checkpoint saved to experiments/normal/ar1/esCNN_random_ar1_h3
[2020-10-23 13:07:18] esCNN.cv14: Channel size: 93 	 Kernel size: 3 
Training MSE: 0.03216383 	 Validating MSE: 0.04653489 	 Best VMSE: 0.04442853
[2020-10-23 13:07:18] esCNN.cv14: Checkpoint saved to experiments/normal/ar1/esCNN_random_ar1_h3
[2020-10-23 13:07:19] esCNN.cv14: Channel size: 94 	 Kernel size: 3 
Training MSE: 0.03216334 	 Validating MSE: 0.04645252 	 Best VMSE: 0.04442853
[2020-10-23 13:07:19] esCNN.cv14: Checkpoint saved to experiments/normal/ar1/esCNN_random_ar1_h3
[2020-10-23 13:07:19] esCNN.cv14: Channel size: 95 	 Kernel size: 3 
Training MSE: 0.03216231 	 Validating MSE: 0.04657977 	 Best VMSE: 0.04442853
[2020-10-23 13:07:19] esCNN.cv14: Checkpoint saved to experiments/normal/ar1/esCNN_random_ar1_h3
[2020-10-23 13:07:19] esCNN.cv14: Channel size: 96 	 Kernel size: 3 
Training MSE: 0.03215695 	 Validating MSE: 0.04701860 	 Best VMSE: 0.04442853
[2020-10-23 13:07:19] esCNN.cv14: Checkpoint saved to experiments/normal/ar1/esCNN_random_ar1_h3
[2020-10-23 13:07:19] esCNN.cv14: Channel size: 97 	 Kernel size: 3 
Training MSE: 0.03215081 	 Validating MSE: 0.04653282 	 Best VMSE: 0.04442853
[2020-10-23 13:07:19] esCNN.cv14: Checkpoint saved to experiments/normal/ar1/esCNN_random_ar1_h3
[2020-10-23 13:07:19] esCNN.cv14: Channel size: 98 	 Kernel size: 3 
Training MSE: 0.03214937 	 Validating MSE: 0.04681889 	 Best VMSE: 0.04442853
[2020-10-23 13:07:19] esCNN.cv14: Checkpoint saved to experiments/normal/ar1/esCNN_random_ar1_h3
[2020-10-23 13:07:19] esCNN.cv14: Channel size: 99 	 Kernel size: 3 
Training MSE: 0.03213631 	 Validating MSE: 0.04768006 	 Best VMSE: 0.04442853
[2020-10-23 13:07:19] esCNN.cv14: Checkpoint saved to experiments/normal/ar1/esCNN_random_ar1_h3
[2020-10-23 13:07:19] esCNN.cv14: Channel size: 100 	 Kernel size: 3 
Training MSE: 0.03212135 	 Validating MSE: 0.04664750 	 Best VMSE: 0.04442853
[2020-10-23 13:07:19] esCNN.cv14: Checkpoint saved to experiments/normal/ar1/esCNN_random_ar1_h3
[2020-10-23 13:07:19] esCNN.cv14: Restoring best parameters from experiments/normal/ar1/esCNN_random_ar1_h3/train.cv14.pth.tar
[2020-10-23 13:07:19] esCNN.cv14: ar1	 H: 3	 Trail: 44 
Testing RMSE: 0.3339 	 MAPE: 0.06626 	 SMAPE: 0.03474
