[2020-10-23 13:03:29] esCNN.cv2: Loading the datasets and model for 10th-batch-training
[2020-10-23 13:03:29] esCNN.cv2: Argument channel_size: 100
[2020-10-23 13:03:29] esCNN.cv2: Argument candidate_size: 300
[2020-10-23 13:03:29] esCNN.cv2: Argument kernel_size: 3
[2020-10-23 13:03:29] esCNN.cv2: Argument kernel_list: [5, 3, 3, 2]
[2020-10-23 13:03:29] esCNN.cv2: Argument Lambdas: [0.5, 1, 5, 15, 30, 50, 100, 150, 200]
[2020-10-23 13:03:29] esCNN.cv2: Argument Lambdas_std: [0.01, 0.05, 0.1, 0.5, 1]
[2020-10-23 13:03:29] esCNN.cv2: Argument r: [0.8, 0.9, 0.99, 0.9999, 0.999999]
[2020-10-23 13:03:29] esCNN.cv2: Argument tolerance: 0
[2020-10-23 13:03:29] esCNN.cv2: Argument device: device(type='cuda')
[2020-10-23 13:03:29] esCNN.cv2: Argument dataset: 'ar1'
[2020-10-23 13:03:29] esCNN.cv2: Argument H: 3
[2020-10-23 13:03:29] esCNN.cv2: Argument k: 5
[2020-10-23 13:03:29] esCNN.cv2: Argument test: False
[2020-10-23 13:03:29] esCNN.cv2: Argument search: 'random'
[2020-10-23 13:03:29] esCNN.cv2: Argument normal: True
[2020-10-23 13:03:29] esCNN.cv2: Argument diff: False
[2020-10-23 13:03:29] esCNN.cv2: Argument times: 60
[2020-10-23 13:03:29] esCNN.cv2: Argument datasets: {'ar1': {'lag_order': 15, 'normal': True, 'cov_dim': 0, 'kernel_size': 3}, 'wti': {'lag_order': 25, 'normal': True, 'cov_dim': 0, 'kernel_size': 5}, 'gold': {'lag_order': 25, 'normal': True, 'cov_dim': 0, 'kernel_size': 5}, 'sp': {'lag_order': 25, 'normal': True, 'cov_dim': 0, 'kernel_size': 5}, 'brent': {'lag_order': 24, 'normal': True, 'cov_dim': 0, 'kernel_size': 6}, 'sili': {'lag_order': 26, 'normal': True, 'cov_dim': 0, 'kernel_size': 6}}
[2020-10-23 13:03:29] esCNN.cv2: Argument steps: 15
[2020-10-23 13:03:29] esCNN.cv2: Argument cov_dim: 0
[2020-10-23 13:03:29] esCNN.cv2: Argument experiment: 'experiments/normal/ar1'
[2020-10-23 13:03:29] esCNN.cv2: Argument scaler: StandardScaler()
[2020-10-23 13:03:29] esCNN.cv2: Argument model_name: 'esCNN_random_ar1_h3'
[2020-10-23 13:03:29] esCNN.cv2: Argument model_dir: 'experiments/normal/ar1/esCNN_random_ar1_h3'
[2020-10-23 13:03:29] esCNN.cv2: Argument In_channels: 1
[2020-10-23 13:03:29] esCNN.cv2: Argument restore: True
[2020-10-23 13:03:29] esCNN.cv2: Argument cv: 2
[2020-10-23 13:03:29] esCNN.cv2: Argument plot_dir: 'experiments/normal/ar1/esCNN_random_ar1_h3/figures'
[2020-10-23 13:03:29] esCNN.cv2: Using Cuda...
[2020-10-23 13:03:29] esCNN.cv2: Loading complete.
[2020-10-23 13:03:29] esCNN.cv2: Model: 
ES_CNN(
  (Pool): AvgPool1d(kernel_size=(3,), stride=(1,), padding=(0,))
  (loss_fn): MSELoss()
)
[2020-10-23 13:03:29] esCNN.cv2: Found new best state
[2020-10-23 13:03:29] esCNN.cv2: Best vmse: 0.0784
[2020-10-23 13:03:29] esCNN.cv2: Channel size: 1 	 Kernel size: 3 
Training MSE: 0.06375002 	 Validating MSE: 0.07842813 	 Best VMSE: 0.07842813
[2020-10-23 13:03:29] esCNN.cv2: Checkpoint saved to experiments/normal/ar1/esCNN_random_ar1_h3
[2020-10-23 13:03:29] esCNN.cv2: Found new best state
[2020-10-23 13:03:29] esCNN.cv2: Best vmse: 0.0498
[2020-10-23 13:03:29] esCNN.cv2: Channel size: 2 	 Kernel size: 3 
Training MSE: 0.03793435 	 Validating MSE: 0.04978424 	 Best VMSE: 0.04978424
[2020-10-23 13:03:29] esCNN.cv2: Checkpoint saved to experiments/normal/ar1/esCNN_random_ar1_h3
[2020-10-23 13:03:29] esCNN.cv2: Found new best state
[2020-10-23 13:03:29] esCNN.cv2: Best vmse: 0.0495
[2020-10-23 13:03:29] esCNN.cv2: Channel size: 3 	 Kernel size: 3 
Training MSE: 0.03784835 	 Validating MSE: 0.04947386 	 Best VMSE: 0.04947386
[2020-10-23 13:03:29] esCNN.cv2: Checkpoint saved to experiments/normal/ar1/esCNN_random_ar1_h3
[2020-10-23 13:03:29] esCNN.cv2: Found new best state
[2020-10-23 13:03:29] esCNN.cv2: Best vmse: 0.0440
[2020-10-23 13:03:29] esCNN.cv2: Channel size: 4 	 Kernel size: 3 
Training MSE: 0.03356379 	 Validating MSE: 0.04404918 	 Best VMSE: 0.04404918
[2020-10-23 13:03:29] esCNN.cv2: Checkpoint saved to experiments/normal/ar1/esCNN_random_ar1_h3
[2020-10-23 13:03:29] esCNN.cv2: Found new best state
[2020-10-23 13:03:29] esCNN.cv2: Best vmse: 0.0436
[2020-10-23 13:03:29] esCNN.cv2: Channel size: 5 	 Kernel size: 3 
Training MSE: 0.03329987 	 Validating MSE: 0.04356141 	 Best VMSE: 0.04356141
[2020-10-23 13:03:29] esCNN.cv2: Checkpoint saved to experiments/normal/ar1/esCNN_random_ar1_h3
[2020-10-23 13:03:29] esCNN.cv2: Found new best state
[2020-10-23 13:03:29] esCNN.cv2: Best vmse: 0.0434
[2020-10-23 13:03:29] esCNN.cv2: Channel size: 6 	 Kernel size: 3 
Training MSE: 0.03289526 	 Validating MSE: 0.04342211 	 Best VMSE: 0.04342211
[2020-10-23 13:03:29] esCNN.cv2: Checkpoint saved to experiments/normal/ar1/esCNN_random_ar1_h3
[2020-10-23 13:03:29] esCNN.cv2: Found new best state
[2020-10-23 13:03:29] esCNN.cv2: Best vmse: 0.0432
[2020-10-23 13:03:29] esCNN.cv2: Channel size: 7 	 Kernel size: 3 
Training MSE: 0.03287603 	 Validating MSE: 0.04315864 	 Best VMSE: 0.04315864
[2020-10-23 13:03:29] esCNN.cv2: Checkpoint saved to experiments/normal/ar1/esCNN_random_ar1_h3
[2020-10-23 13:03:29] esCNN.cv2: Found new best state
[2020-10-23 13:03:29] esCNN.cv2: Best vmse: 0.0431
[2020-10-23 13:03:29] esCNN.cv2: Channel size: 8 	 Kernel size: 3 
Training MSE: 0.03287598 	 Validating MSE: 0.04313216 	 Best VMSE: 0.04313216
[2020-10-23 13:03:29] esCNN.cv2: Checkpoint saved to experiments/normal/ar1/esCNN_random_ar1_h3
[2020-10-23 13:03:29] esCNN.cv2: Channel size: 9 	 Kernel size: 3 
Training MSE: 0.03287575 	 Validating MSE: 0.04314088 	 Best VMSE: 0.04313216
[2020-10-23 13:03:29] esCNN.cv2: Checkpoint saved to experiments/normal/ar1/esCNN_random_ar1_h3
[2020-10-23 13:03:29] esCNN.cv2: Channel size: 10 	 Kernel size: 3 
Training MSE: 0.03285835 	 Validating MSE: 0.04386136 	 Best VMSE: 0.04313216
[2020-10-23 13:03:29] esCNN.cv2: Checkpoint saved to experiments/normal/ar1/esCNN_random_ar1_h3
[2020-10-23 13:03:29] esCNN.cv2: Channel size: 11 	 Kernel size: 3 
Training MSE: 0.03285354 	 Validating MSE: 0.04347958 	 Best VMSE: 0.04313216
[2020-10-23 13:03:29] esCNN.cv2: Checkpoint saved to experiments/normal/ar1/esCNN_random_ar1_h3
[2020-10-23 13:03:29] esCNN.cv2: Channel size: 12 	 Kernel size: 3 
Training MSE: 0.03285284 	 Validating MSE: 0.04341428 	 Best VMSE: 0.04313216
[2020-10-23 13:03:29] esCNN.cv2: Checkpoint saved to experiments/normal/ar1/esCNN_random_ar1_h3
[2020-10-23 13:03:29] esCNN.cv2: Channel size: 13 	 Kernel size: 3 
Training MSE: 0.03285167 	 Validating MSE: 0.04327163 	 Best VMSE: 0.04313216
[2020-10-23 13:03:29] esCNN.cv2: Checkpoint saved to experiments/normal/ar1/esCNN_random_ar1_h3
[2020-10-23 13:03:29] esCNN.cv2: Channel size: 14 	 Kernel size: 3 
Training MSE: 0.03285117 	 Validating MSE: 0.04331031 	 Best VMSE: 0.04313216
[2020-10-23 13:03:29] esCNN.cv2: Checkpoint saved to experiments/normal/ar1/esCNN_random_ar1_h3
[2020-10-23 13:03:29] esCNN.cv2: Channel size: 15 	 Kernel size: 3 
Training MSE: 0.03285034 	 Validating MSE: 0.04318709 	 Best VMSE: 0.04313216
[2020-10-23 13:03:29] esCNN.cv2: Checkpoint saved to experiments/normal/ar1/esCNN_random_ar1_h3
[2020-10-23 13:03:29] esCNN.cv2: Channel size: 16 	 Kernel size: 3 
Training MSE: 0.03285030 	 Validating MSE: 0.04320495 	 Best VMSE: 0.04313216
[2020-10-23 13:03:29] esCNN.cv2: Checkpoint saved to experiments/normal/ar1/esCNN_random_ar1_h3
[2020-10-23 13:03:29] esCNN.cv2: Channel size: 17 	 Kernel size: 3 
Training MSE: 0.03281451 	 Validating MSE: 0.04408181 	 Best VMSE: 0.04313216
[2020-10-23 13:03:29] esCNN.cv2: Checkpoint saved to experiments/normal/ar1/esCNN_random_ar1_h3
[2020-10-23 13:03:29] esCNN.cv2: Channel size: 18 	 Kernel size: 3 
Training MSE: 0.03279584 	 Validating MSE: 0.04342083 	 Best VMSE: 0.04313216
[2020-10-23 13:03:29] esCNN.cv2: Checkpoint saved to experiments/normal/ar1/esCNN_random_ar1_h3
[2020-10-23 13:03:29] esCNN.cv2: Channel size: 19 	 Kernel size: 3 
Training MSE: 0.03279262 	 Validating MSE: 0.04328778 	 Best VMSE: 0.04313216
[2020-10-23 13:03:29] esCNN.cv2: Checkpoint saved to experiments/normal/ar1/esCNN_random_ar1_h3
[2020-10-23 13:03:29] esCNN.cv2: Channel size: 20 	 Kernel size: 3 
Training MSE: 0.03278737 	 Validating MSE: 0.04364715 	 Best VMSE: 0.04313216
[2020-10-23 13:03:29] esCNN.cv2: Checkpoint saved to experiments/normal/ar1/esCNN_random_ar1_h3
[2020-10-23 13:03:29] esCNN.cv2: Channel size: 21 	 Kernel size: 3 
Training MSE: 0.03278690 	 Validating MSE: 0.04363301 	 Best VMSE: 0.04313216
[2020-10-23 13:03:29] esCNN.cv2: Checkpoint saved to experiments/normal/ar1/esCNN_random_ar1_h3
[2020-10-23 13:03:29] esCNN.cv2: Channel size: 22 	 Kernel size: 3 
Training MSE: 0.03278656 	 Validating MSE: 0.04362847 	 Best VMSE: 0.04313216
[2020-10-23 13:03:29] esCNN.cv2: Checkpoint saved to experiments/normal/ar1/esCNN_random_ar1_h3
[2020-10-23 13:03:29] esCNN.cv2: Channel size: 23 	 Kernel size: 3 
Training MSE: 0.03277887 	 Validating MSE: 0.04330239 	 Best VMSE: 0.04313216
[2020-10-23 13:03:29] esCNN.cv2: Checkpoint saved to experiments/normal/ar1/esCNN_random_ar1_h3
[2020-10-23 13:03:30] esCNN.cv2: Channel size: 24 	 Kernel size: 3 
Training MSE: 0.03277837 	 Validating MSE: 0.04342921 	 Best VMSE: 0.04313216
[2020-10-23 13:03:30] esCNN.cv2: Checkpoint saved to experiments/normal/ar1/esCNN_random_ar1_h3
[2020-10-23 13:03:30] esCNN.cv2: Channel size: 25 	 Kernel size: 3 
Training MSE: 0.03277703 	 Validating MSE: 0.04351921 	 Best VMSE: 0.04313216
[2020-10-23 13:03:30] esCNN.cv2: Checkpoint saved to experiments/normal/ar1/esCNN_random_ar1_h3
[2020-10-23 13:03:30] esCNN.cv2: Channel size: 26 	 Kernel size: 3 
Training MSE: 0.03277004 	 Validating MSE: 0.04384969 	 Best VMSE: 0.04313216
[2020-10-23 13:03:30] esCNN.cv2: Checkpoint saved to experiments/normal/ar1/esCNN_random_ar1_h3
[2020-10-23 13:03:30] esCNN.cv2: Channel size: 27 	 Kernel size: 3 
Training MSE: 0.03275703 	 Validating MSE: 0.04336565 	 Best VMSE: 0.04313216
[2020-10-23 13:03:30] esCNN.cv2: Checkpoint saved to experiments/normal/ar1/esCNN_random_ar1_h3
[2020-10-23 13:03:30] esCNN.cv2: Channel size: 28 	 Kernel size: 3 
Training MSE: 0.03275667 	 Validating MSE: 0.04341037 	 Best VMSE: 0.04313216
[2020-10-23 13:03:30] esCNN.cv2: Checkpoint saved to experiments/normal/ar1/esCNN_random_ar1_h3
[2020-10-23 13:03:30] esCNN.cv2: Channel size: 29 	 Kernel size: 3 
Training MSE: 0.03275556 	 Validating MSE: 0.04355981 	 Best VMSE: 0.04313216
[2020-10-23 13:03:30] esCNN.cv2: Checkpoint saved to experiments/normal/ar1/esCNN_random_ar1_h3
[2020-10-23 13:03:30] esCNN.cv2: Channel size: 30 	 Kernel size: 3 
Training MSE: 0.03275464 	 Validating MSE: 0.04352102 	 Best VMSE: 0.04313216
[2020-10-23 13:03:30] esCNN.cv2: Checkpoint saved to experiments/normal/ar1/esCNN_random_ar1_h3
[2020-10-23 13:03:30] esCNN.cv2: Channel size: 31 	 Kernel size: 3 
Training MSE: 0.03274841 	 Validating MSE: 0.04379679 	 Best VMSE: 0.04313216
[2020-10-23 13:03:30] esCNN.cv2: Checkpoint saved to experiments/normal/ar1/esCNN_random_ar1_h3
[2020-10-23 13:03:30] esCNN.cv2: Channel size: 32 	 Kernel size: 3 
Training MSE: 0.03273203 	 Validating MSE: 0.04325480 	 Best VMSE: 0.04313216
[2020-10-23 13:03:30] esCNN.cv2: Checkpoint saved to experiments/normal/ar1/esCNN_random_ar1_h3
[2020-10-23 13:03:30] esCNN.cv2: Channel size: 33 	 Kernel size: 3 
Training MSE: 0.03273037 	 Validating MSE: 0.04344497 	 Best VMSE: 0.04313216
[2020-10-23 13:03:30] esCNN.cv2: Checkpoint saved to experiments/normal/ar1/esCNN_random_ar1_h3
[2020-10-23 13:03:30] esCNN.cv2: Channel size: 34 	 Kernel size: 3 
Training MSE: 0.03272964 	 Validating MSE: 0.04331815 	 Best VMSE: 0.04313216
[2020-10-23 13:03:30] esCNN.cv2: Checkpoint saved to experiments/normal/ar1/esCNN_random_ar1_h3
[2020-10-23 13:03:30] esCNN.cv2: Channel size: 35 	 Kernel size: 3 
Training MSE: 0.03272861 	 Validating MSE: 0.04348867 	 Best VMSE: 0.04313216
[2020-10-23 13:03:30] esCNN.cv2: Checkpoint saved to experiments/normal/ar1/esCNN_random_ar1_h3
[2020-10-23 13:03:30] esCNN.cv2: Channel size: 36 	 Kernel size: 3 
Training MSE: 0.03272854 	 Validating MSE: 0.04345815 	 Best VMSE: 0.04313216
[2020-10-23 13:03:30] esCNN.cv2: Checkpoint saved to experiments/normal/ar1/esCNN_random_ar1_h3
[2020-10-23 13:03:30] esCNN.cv2: Channel size: 37 	 Kernel size: 3 
Training MSE: 0.03272778 	 Validating MSE: 0.04358399 	 Best VMSE: 0.04313216
[2020-10-23 13:03:30] esCNN.cv2: Checkpoint saved to experiments/normal/ar1/esCNN_random_ar1_h3
[2020-10-23 13:03:30] esCNN.cv2: Channel size: 38 	 Kernel size: 3 
Training MSE: 0.03270580 	 Validating MSE: 0.04429608 	 Best VMSE: 0.04313216
[2020-10-23 13:03:30] esCNN.cv2: Checkpoint saved to experiments/normal/ar1/esCNN_random_ar1_h3
[2020-10-23 13:03:30] esCNN.cv2: Channel size: 39 	 Kernel size: 3 
Training MSE: 0.03267750 	 Validating MSE: 0.04344413 	 Best VMSE: 0.04313216
[2020-10-23 13:03:30] esCNN.cv2: Checkpoint saved to experiments/normal/ar1/esCNN_random_ar1_h3
[2020-10-23 13:03:30] esCNN.cv2: Channel size: 40 	 Kernel size: 3 
Training MSE: 0.03267538 	 Validating MSE: 0.04342229 	 Best VMSE: 0.04313216
[2020-10-23 13:03:30] esCNN.cv2: Checkpoint saved to experiments/normal/ar1/esCNN_random_ar1_h3
[2020-10-23 13:03:30] esCNN.cv2: Channel size: 41 	 Kernel size: 3 
Training MSE: 0.03267514 	 Validating MSE: 0.04346222 	 Best VMSE: 0.04313216
[2020-10-23 13:03:30] esCNN.cv2: Checkpoint saved to experiments/normal/ar1/esCNN_random_ar1_h3
[2020-10-23 13:03:30] esCNN.cv2: Channel size: 42 	 Kernel size: 3 
Training MSE: 0.03262304 	 Validating MSE: 0.04452816 	 Best VMSE: 0.04313216
[2020-10-23 13:03:30] esCNN.cv2: Checkpoint saved to experiments/normal/ar1/esCNN_random_ar1_h3
[2020-10-23 13:03:31] esCNN.cv2: Channel size: 43 	 Kernel size: 3 
Training MSE: 0.03259834 	 Validating MSE: 0.04380371 	 Best VMSE: 0.04313216
[2020-10-23 13:03:31] esCNN.cv2: Checkpoint saved to experiments/normal/ar1/esCNN_random_ar1_h3
[2020-10-23 13:03:31] esCNN.cv2: Channel size: 44 	 Kernel size: 3 
Training MSE: 0.03259279 	 Validating MSE: 0.04344467 	 Best VMSE: 0.04313216
[2020-10-23 13:03:31] esCNN.cv2: Checkpoint saved to experiments/normal/ar1/esCNN_random_ar1_h3
[2020-10-23 13:03:31] esCNN.cv2: Channel size: 45 	 Kernel size: 3 
Training MSE: 0.03258294 	 Validating MSE: 0.04402972 	 Best VMSE: 0.04313216
[2020-10-23 13:03:31] esCNN.cv2: Checkpoint saved to experiments/normal/ar1/esCNN_random_ar1_h3
[2020-10-23 13:03:31] esCNN.cv2: Channel size: 46 	 Kernel size: 3 
Training MSE: 0.03258060 	 Validating MSE: 0.04378165 	 Best VMSE: 0.04313216
[2020-10-23 13:03:31] esCNN.cv2: Checkpoint saved to experiments/normal/ar1/esCNN_random_ar1_h3
[2020-10-23 13:03:31] esCNN.cv2: Channel size: 47 	 Kernel size: 3 
Training MSE: 0.03257973 	 Validating MSE: 0.04374965 	 Best VMSE: 0.04313216
[2020-10-23 13:03:31] esCNN.cv2: Checkpoint saved to experiments/normal/ar1/esCNN_random_ar1_h3
[2020-10-23 13:03:31] esCNN.cv2: Channel size: 48 	 Kernel size: 3 
Training MSE: 0.03257943 	 Validating MSE: 0.04373021 	 Best VMSE: 0.04313216
[2020-10-23 13:03:31] esCNN.cv2: Checkpoint saved to experiments/normal/ar1/esCNN_random_ar1_h3
[2020-10-23 13:03:31] esCNN.cv2: Channel size: 49 	 Kernel size: 3 
Training MSE: 0.03257846 	 Validating MSE: 0.04358623 	 Best VMSE: 0.04313216
[2020-10-23 13:03:31] esCNN.cv2: Checkpoint saved to experiments/normal/ar1/esCNN_random_ar1_h3
[2020-10-23 13:03:31] esCNN.cv2: Channel size: 50 	 Kernel size: 3 
Training MSE: 0.03257840 	 Validating MSE: 0.04356438 	 Best VMSE: 0.04313216
[2020-10-23 13:03:31] esCNN.cv2: Checkpoint saved to experiments/normal/ar1/esCNN_random_ar1_h3
[2020-10-23 13:03:31] esCNN.cv2: Channel size: 51 	 Kernel size: 3 
Training MSE: 0.03257777 	 Validating MSE: 0.04347688 	 Best VMSE: 0.04313216
[2020-10-23 13:03:31] esCNN.cv2: Checkpoint saved to experiments/normal/ar1/esCNN_random_ar1_h3
[2020-10-23 13:03:31] esCNN.cv2: Channel size: 52 	 Kernel size: 3 
Training MSE: 0.03257694 	 Validating MSE: 0.04358014 	 Best VMSE: 0.04313216
[2020-10-23 13:03:31] esCNN.cv2: Checkpoint saved to experiments/normal/ar1/esCNN_random_ar1_h3
[2020-10-23 13:03:31] esCNN.cv2: Channel size: 53 	 Kernel size: 3 
Training MSE: 0.03257652 	 Validating MSE: 0.04371703 	 Best VMSE: 0.04313216
[2020-10-23 13:03:31] esCNN.cv2: Checkpoint saved to experiments/normal/ar1/esCNN_random_ar1_h3
[2020-10-23 13:03:31] esCNN.cv2: Channel size: 54 	 Kernel size: 3 
Training MSE: 0.03257580 	 Validating MSE: 0.04391452 	 Best VMSE: 0.04313216
[2020-10-23 13:03:31] esCNN.cv2: Checkpoint saved to experiments/normal/ar1/esCNN_random_ar1_h3
[2020-10-23 13:03:31] esCNN.cv2: Channel size: 55 	 Kernel size: 3 
Training MSE: 0.03256684 	 Validating MSE: 0.04413144 	 Best VMSE: 0.04313216
[2020-10-23 13:03:31] esCNN.cv2: Checkpoint saved to experiments/normal/ar1/esCNN_random_ar1_h3
[2020-10-23 13:03:31] esCNN.cv2: Channel size: 56 	 Kernel size: 3 
Training MSE: 0.03255343 	 Validating MSE: 0.04363118 	 Best VMSE: 0.04313216
[2020-10-23 13:03:31] esCNN.cv2: Checkpoint saved to experiments/normal/ar1/esCNN_random_ar1_h3
[2020-10-23 13:03:31] esCNN.cv2: Channel size: 57 	 Kernel size: 3 
Training MSE: 0.03253694 	 Validating MSE: 0.04419456 	 Best VMSE: 0.04313216
[2020-10-23 13:03:31] esCNN.cv2: Checkpoint saved to experiments/normal/ar1/esCNN_random_ar1_h3
[2020-10-23 13:03:31] esCNN.cv2: Channel size: 58 	 Kernel size: 3 
Training MSE: 0.03251798 	 Validating MSE: 0.04354738 	 Best VMSE: 0.04313216
[2020-10-23 13:03:31] esCNN.cv2: Checkpoint saved to experiments/normal/ar1/esCNN_random_ar1_h3
[2020-10-23 13:03:32] esCNN.cv2: Channel size: 59 	 Kernel size: 3 
Training MSE: 0.03251295 	 Validating MSE: 0.04398795 	 Best VMSE: 0.04313216
[2020-10-23 13:03:32] esCNN.cv2: Checkpoint saved to experiments/normal/ar1/esCNN_random_ar1_h3
[2020-10-23 13:03:32] esCNN.cv2: Channel size: 60 	 Kernel size: 3 
Training MSE: 0.03250821 	 Validating MSE: 0.04365990 	 Best VMSE: 0.04313216
[2020-10-23 13:03:32] esCNN.cv2: Checkpoint saved to experiments/normal/ar1/esCNN_random_ar1_h3
[2020-10-23 13:03:32] esCNN.cv2: Channel size: 61 	 Kernel size: 3 
Training MSE: 0.03246994 	 Validating MSE: 0.04470104 	 Best VMSE: 0.04313216
[2020-10-23 13:03:32] esCNN.cv2: Checkpoint saved to experiments/normal/ar1/esCNN_random_ar1_h3
[2020-10-23 13:03:32] esCNN.cv2: Channel size: 62 	 Kernel size: 3 
Training MSE: 0.03244377 	 Validating MSE: 0.04384002 	 Best VMSE: 0.04313216
[2020-10-23 13:03:32] esCNN.cv2: Checkpoint saved to experiments/normal/ar1/esCNN_random_ar1_h3
[2020-10-23 13:03:32] esCNN.cv2: Channel size: 63 	 Kernel size: 3 
Training MSE: 0.03244213 	 Validating MSE: 0.04382328 	 Best VMSE: 0.04313216
[2020-10-23 13:03:32] esCNN.cv2: Checkpoint saved to experiments/normal/ar1/esCNN_random_ar1_h3
[2020-10-23 13:03:32] esCNN.cv2: Channel size: 64 	 Kernel size: 3 
Training MSE: 0.03242151 	 Validating MSE: 0.04460889 	 Best VMSE: 0.04313216
[2020-10-23 13:03:32] esCNN.cv2: Checkpoint saved to experiments/normal/ar1/esCNN_random_ar1_h3
[2020-10-23 13:03:32] esCNN.cv2: Channel size: 65 	 Kernel size: 3 
Training MSE: 0.03239660 	 Validating MSE: 0.04385394 	 Best VMSE: 0.04313216
[2020-10-23 13:03:32] esCNN.cv2: Checkpoint saved to experiments/normal/ar1/esCNN_random_ar1_h3
[2020-10-23 13:03:32] esCNN.cv2: Channel size: 66 	 Kernel size: 3 
Training MSE: 0.03239634 	 Validating MSE: 0.04377997 	 Best VMSE: 0.04313216
[2020-10-23 13:03:32] esCNN.cv2: Checkpoint saved to experiments/normal/ar1/esCNN_random_ar1_h3
[2020-10-23 13:03:32] esCNN.cv2: Channel size: 67 	 Kernel size: 3 
Training MSE: 0.03239424 	 Validating MSE: 0.04400090 	 Best VMSE: 0.04313216
[2020-10-23 13:03:32] esCNN.cv2: Checkpoint saved to experiments/normal/ar1/esCNN_random_ar1_h3
[2020-10-23 13:03:32] esCNN.cv2: Channel size: 68 	 Kernel size: 3 
Training MSE: 0.03239293 	 Validating MSE: 0.04387862 	 Best VMSE: 0.04313216
[2020-10-23 13:03:32] esCNN.cv2: Checkpoint saved to experiments/normal/ar1/esCNN_random_ar1_h3
[2020-10-23 13:03:32] esCNN.cv2: Channel size: 69 	 Kernel size: 3 
Training MSE: 0.03238700 	 Validating MSE: 0.04432260 	 Best VMSE: 0.04313216
[2020-10-23 13:03:32] esCNN.cv2: Checkpoint saved to experiments/normal/ar1/esCNN_random_ar1_h3
[2020-10-23 13:03:32] esCNN.cv2: Channel size: 70 	 Kernel size: 3 
Training MSE: 0.03238563 	 Validating MSE: 0.04407685 	 Best VMSE: 0.04313216
[2020-10-23 13:03:32] esCNN.cv2: Checkpoint saved to experiments/normal/ar1/esCNN_random_ar1_h3
[2020-10-23 13:03:32] esCNN.cv2: Channel size: 71 	 Kernel size: 3 
Training MSE: 0.03238346 	 Validating MSE: 0.04391107 	 Best VMSE: 0.04313216
[2020-10-23 13:03:32] esCNN.cv2: Checkpoint saved to experiments/normal/ar1/esCNN_random_ar1_h3
[2020-10-23 13:03:33] esCNN.cv2: Channel size: 72 	 Kernel size: 3 
Training MSE: 0.03238245 	 Validating MSE: 0.04406482 	 Best VMSE: 0.04313216
[2020-10-23 13:03:33] esCNN.cv2: Checkpoint saved to experiments/normal/ar1/esCNN_random_ar1_h3
[2020-10-23 13:03:33] esCNN.cv2: Channel size: 73 	 Kernel size: 3 
Training MSE: 0.03238104 	 Validating MSE: 0.04384288 	 Best VMSE: 0.04313216
[2020-10-23 13:03:33] esCNN.cv2: Checkpoint saved to experiments/normal/ar1/esCNN_random_ar1_h3
[2020-10-23 13:03:33] esCNN.cv2: Channel size: 74 	 Kernel size: 3 
Training MSE: 0.03238003 	 Validating MSE: 0.04385364 	 Best VMSE: 0.04313216
[2020-10-23 13:03:33] esCNN.cv2: Checkpoint saved to experiments/normal/ar1/esCNN_random_ar1_h3
[2020-10-23 13:03:33] esCNN.cv2: Channel size: 75 	 Kernel size: 3 
Training MSE: 0.03237890 	 Validating MSE: 0.04389576 	 Best VMSE: 0.04313216
[2020-10-23 13:03:33] esCNN.cv2: Checkpoint saved to experiments/normal/ar1/esCNN_random_ar1_h3
[2020-10-23 13:03:33] esCNN.cv2: Channel size: 76 	 Kernel size: 3 
Training MSE: 0.03237883 	 Validating MSE: 0.04391182 	 Best VMSE: 0.04313216
[2020-10-23 13:03:33] esCNN.cv2: Checkpoint saved to experiments/normal/ar1/esCNN_random_ar1_h3
[2020-10-23 13:03:33] esCNN.cv2: Channel size: 77 	 Kernel size: 3 
Training MSE: 0.03237832 	 Validating MSE: 0.04377992 	 Best VMSE: 0.04313216
[2020-10-23 13:03:33] esCNN.cv2: Checkpoint saved to experiments/normal/ar1/esCNN_random_ar1_h3
[2020-10-23 13:03:33] esCNN.cv2: Channel size: 78 	 Kernel size: 3 
Training MSE: 0.03236966 	 Validating MSE: 0.04419956 	 Best VMSE: 0.04313216
[2020-10-23 13:03:33] esCNN.cv2: Checkpoint saved to experiments/normal/ar1/esCNN_random_ar1_h3
[2020-10-23 13:03:33] esCNN.cv2: Channel size: 79 	 Kernel size: 3 
Training MSE: 0.03236216 	 Validating MSE: 0.04472089 	 Best VMSE: 0.04313216
[2020-10-23 13:03:33] esCNN.cv2: Checkpoint saved to experiments/normal/ar1/esCNN_random_ar1_h3
[2020-10-23 13:03:33] esCNN.cv2: Channel size: 80 	 Kernel size: 3 
Training MSE: 0.03233398 	 Validating MSE: 0.04376091 	 Best VMSE: 0.04313216
[2020-10-23 13:03:33] esCNN.cv2: Checkpoint saved to experiments/normal/ar1/esCNN_random_ar1_h3
[2020-10-23 13:03:33] esCNN.cv2: Channel size: 81 	 Kernel size: 3 
Training MSE: 0.03232668 	 Validating MSE: 0.04433601 	 Best VMSE: 0.04313216
[2020-10-23 13:03:33] esCNN.cv2: Checkpoint saved to experiments/normal/ar1/esCNN_random_ar1_h3
[2020-10-23 13:03:33] esCNN.cv2: Channel size: 82 	 Kernel size: 3 
Training MSE: 0.03229972 	 Validating MSE: 0.04534900 	 Best VMSE: 0.04313216
[2020-10-23 13:03:33] esCNN.cv2: Checkpoint saved to experiments/normal/ar1/esCNN_random_ar1_h3
[2020-10-23 13:03:34] esCNN.cv2: Channel size: 83 	 Kernel size: 3 
Training MSE: 0.03228193 	 Validating MSE: 0.04453280 	 Best VMSE: 0.04313216
[2020-10-23 13:03:34] esCNN.cv2: Checkpoint saved to experiments/normal/ar1/esCNN_random_ar1_h3
[2020-10-23 13:03:34] esCNN.cv2: Channel size: 84 	 Kernel size: 3 
Training MSE: 0.03227954 	 Validating MSE: 0.04445319 	 Best VMSE: 0.04313216
[2020-10-23 13:03:34] esCNN.cv2: Checkpoint saved to experiments/normal/ar1/esCNN_random_ar1_h3
[2020-10-23 13:03:34] esCNN.cv2: Channel size: 85 	 Kernel size: 3 
Training MSE: 0.03227419 	 Validating MSE: 0.04404386 	 Best VMSE: 0.04313216
[2020-10-23 13:03:34] esCNN.cv2: Checkpoint saved to experiments/normal/ar1/esCNN_random_ar1_h3
[2020-10-23 13:03:34] esCNN.cv2: Channel size: 86 	 Kernel size: 3 
Training MSE: 0.03227293 	 Validating MSE: 0.04426251 	 Best VMSE: 0.04313216
[2020-10-23 13:03:34] esCNN.cv2: Checkpoint saved to experiments/normal/ar1/esCNN_random_ar1_h3
[2020-10-23 13:03:34] esCNN.cv2: Channel size: 87 	 Kernel size: 3 
Training MSE: 0.03227249 	 Validating MSE: 0.04423787 	 Best VMSE: 0.04313216
[2020-10-23 13:03:34] esCNN.cv2: Checkpoint saved to experiments/normal/ar1/esCNN_random_ar1_h3
[2020-10-23 13:03:34] esCNN.cv2: Channel size: 88 	 Kernel size: 3 
Training MSE: 0.03226072 	 Validating MSE: 0.04486877 	 Best VMSE: 0.04313216
[2020-10-23 13:03:34] esCNN.cv2: Checkpoint saved to experiments/normal/ar1/esCNN_random_ar1_h3
[2020-10-23 13:03:34] esCNN.cv2: Channel size: 89 	 Kernel size: 3 
Training MSE: 0.03224273 	 Validating MSE: 0.04409415 	 Best VMSE: 0.04313216
[2020-10-23 13:03:34] esCNN.cv2: Checkpoint saved to experiments/normal/ar1/esCNN_random_ar1_h3
[2020-10-23 13:03:34] esCNN.cv2: Channel size: 90 	 Kernel size: 3 
Training MSE: 0.03224248 	 Validating MSE: 0.04404515 	 Best VMSE: 0.04313216
[2020-10-23 13:03:34] esCNN.cv2: Checkpoint saved to experiments/normal/ar1/esCNN_random_ar1_h3
[2020-10-23 13:03:34] esCNN.cv2: Channel size: 91 	 Kernel size: 3 
Training MSE: 0.03224085 	 Validating MSE: 0.04436034 	 Best VMSE: 0.04313216
[2020-10-23 13:03:34] esCNN.cv2: Checkpoint saved to experiments/normal/ar1/esCNN_random_ar1_h3
[2020-10-23 13:03:34] esCNN.cv2: Channel size: 92 	 Kernel size: 3 
Training MSE: 0.03223915 	 Validating MSE: 0.04427513 	 Best VMSE: 0.04313216
[2020-10-23 13:03:34] esCNN.cv2: Checkpoint saved to experiments/normal/ar1/esCNN_random_ar1_h3
[2020-10-23 13:03:34] esCNN.cv2: Channel size: 93 	 Kernel size: 3 
Training MSE: 0.03223779 	 Validating MSE: 0.04418704 	 Best VMSE: 0.04313216
[2020-10-23 13:03:34] esCNN.cv2: Checkpoint saved to experiments/normal/ar1/esCNN_random_ar1_h3
[2020-10-23 13:03:35] esCNN.cv2: Channel size: 94 	 Kernel size: 3 
Training MSE: 0.03223737 	 Validating MSE: 0.04413217 	 Best VMSE: 0.04313216
[2020-10-23 13:03:35] esCNN.cv2: Checkpoint saved to experiments/normal/ar1/esCNN_random_ar1_h3
[2020-10-23 13:03:35] esCNN.cv2: Channel size: 95 	 Kernel size: 3 
Training MSE: 0.03222916 	 Validating MSE: 0.04461608 	 Best VMSE: 0.04313216
[2020-10-23 13:03:35] esCNN.cv2: Checkpoint saved to experiments/normal/ar1/esCNN_random_ar1_h3
[2020-10-23 13:03:35] esCNN.cv2: Channel size: 96 	 Kernel size: 3 
Training MSE: 0.03222694 	 Validating MSE: 0.04435208 	 Best VMSE: 0.04313216
[2020-10-23 13:03:35] esCNN.cv2: Checkpoint saved to experiments/normal/ar1/esCNN_random_ar1_h3
[2020-10-23 13:03:35] esCNN.cv2: Channel size: 97 	 Kernel size: 3 
Training MSE: 0.03222598 	 Validating MSE: 0.04418450 	 Best VMSE: 0.04313216
[2020-10-23 13:03:35] esCNN.cv2: Checkpoint saved to experiments/normal/ar1/esCNN_random_ar1_h3
[2020-10-23 13:03:35] esCNN.cv2: Channel size: 98 	 Kernel size: 3 
Training MSE: 0.03222589 	 Validating MSE: 0.04413375 	 Best VMSE: 0.04313216
[2020-10-23 13:03:35] esCNN.cv2: Checkpoint saved to experiments/normal/ar1/esCNN_random_ar1_h3
[2020-10-23 13:03:35] esCNN.cv2: Channel size: 99 	 Kernel size: 3 
Training MSE: 0.03222547 	 Validating MSE: 0.04429820 	 Best VMSE: 0.04313216
[2020-10-23 13:03:35] esCNN.cv2: Checkpoint saved to experiments/normal/ar1/esCNN_random_ar1_h3
[2020-10-23 13:03:35] esCNN.cv2: Channel size: 100 	 Kernel size: 3 
Training MSE: 0.03222504 	 Validating MSE: 0.04424778 	 Best VMSE: 0.04313216
[2020-10-23 13:03:35] esCNN.cv2: Checkpoint saved to experiments/normal/ar1/esCNN_random_ar1_h3
[2020-10-23 13:03:35] esCNN.cv2: Restoring best parameters from experiments/normal/ar1/esCNN_random_ar1_h3/train.cv2.pth.tar
[2020-10-23 13:03:35] esCNN.cv2: ar1	 H: 3	 Trail: 10 
Testing RMSE: 0.3218 	 MAPE: 0.06394 	 SMAPE: 0.03343
