[2020-10-23 13:04:28] esCNN.cv5: Loading the datasets and model for 19th-batch-training
[2020-10-23 13:04:28] esCNN.cv5: Argument channel_size: 100
[2020-10-23 13:04:28] esCNN.cv5: Argument candidate_size: 300
[2020-10-23 13:04:28] esCNN.cv5: Argument kernel_size: 3
[2020-10-23 13:04:28] esCNN.cv5: Argument kernel_list: [5, 3, 3, 2]
[2020-10-23 13:04:28] esCNN.cv5: Argument Lambdas: [0.5, 1, 5, 15, 30, 50, 100, 150, 200]
[2020-10-23 13:04:28] esCNN.cv5: Argument Lambdas_std: [0.01, 0.05, 0.1, 0.5, 1]
[2020-10-23 13:04:28] esCNN.cv5: Argument r: [0.8, 0.9, 0.99, 0.9999, 0.999999]
[2020-10-23 13:04:28] esCNN.cv5: Argument tolerance: 0
[2020-10-23 13:04:28] esCNN.cv5: Argument device: device(type='cuda')
[2020-10-23 13:04:28] esCNN.cv5: Argument dataset: 'ar1'
[2020-10-23 13:04:28] esCNN.cv5: Argument H: 3
[2020-10-23 13:04:28] esCNN.cv5: Argument k: 5
[2020-10-23 13:04:28] esCNN.cv5: Argument test: False
[2020-10-23 13:04:28] esCNN.cv5: Argument search: 'random'
[2020-10-23 13:04:28] esCNN.cv5: Argument normal: True
[2020-10-23 13:04:28] esCNN.cv5: Argument diff: False
[2020-10-23 13:04:28] esCNN.cv5: Argument times: 60
[2020-10-23 13:04:28] esCNN.cv5: Argument datasets: {'ar1': {'lag_order': 15, 'normal': True, 'cov_dim': 0, 'kernel_size': 3}, 'wti': {'lag_order': 25, 'normal': True, 'cov_dim': 0, 'kernel_size': 5}, 'gold': {'lag_order': 25, 'normal': True, 'cov_dim': 0, 'kernel_size': 5}, 'sp': {'lag_order': 25, 'normal': True, 'cov_dim': 0, 'kernel_size': 5}, 'brent': {'lag_order': 24, 'normal': True, 'cov_dim': 0, 'kernel_size': 6}, 'sili': {'lag_order': 26, 'normal': True, 'cov_dim': 0, 'kernel_size': 6}}
[2020-10-23 13:04:28] esCNN.cv5: Argument steps: 15
[2020-10-23 13:04:28] esCNN.cv5: Argument cov_dim: 0
[2020-10-23 13:04:28] esCNN.cv5: Argument experiment: 'experiments/normal/ar1'
[2020-10-23 13:04:28] esCNN.cv5: Argument scaler: StandardScaler()
[2020-10-23 13:04:28] esCNN.cv5: Argument model_name: 'esCNN_random_ar1_h3'
[2020-10-23 13:04:28] esCNN.cv5: Argument model_dir: 'experiments/normal/ar1/esCNN_random_ar1_h3'
[2020-10-23 13:04:28] esCNN.cv5: Argument In_channels: 1
[2020-10-23 13:04:28] esCNN.cv5: Argument restore: True
[2020-10-23 13:04:28] esCNN.cv5: Argument cv: 5
[2020-10-23 13:04:28] esCNN.cv5: Argument plot_dir: 'experiments/normal/ar1/esCNN_random_ar1_h3/figures'
[2020-10-23 13:04:28] esCNN.cv5: Using Cuda...
[2020-10-23 13:04:28] esCNN.cv5: Loading complete.
[2020-10-23 13:04:28] esCNN.cv5: Model: 
ES_CNN(
  (Pool): AvgPool1d(kernel_size=(3,), stride=(1,), padding=(0,))
  (loss_fn): MSELoss()
)
[2020-10-23 13:04:28] esCNN.cv5: Found new best state
[2020-10-23 13:04:28] esCNN.cv5: Best vmse: 0.1145
[2020-10-23 13:04:28] esCNN.cv5: Channel size: 1 	 Kernel size: 3 
Training MSE: 0.09206168 	 Validating MSE: 0.11447692 	 Best VMSE: 0.11447692
[2020-10-23 13:04:28] esCNN.cv5: Checkpoint saved to experiments/normal/ar1/esCNN_random_ar1_h3
[2020-10-23 13:04:28] esCNN.cv5: Found new best state
[2020-10-23 13:04:28] esCNN.cv5: Best vmse: 0.0685
[2020-10-23 13:04:28] esCNN.cv5: Channel size: 2 	 Kernel size: 3 
Training MSE: 0.05469438 	 Validating MSE: 0.06849945 	 Best VMSE: 0.06849945
[2020-10-23 13:04:28] esCNN.cv5: Checkpoint saved to experiments/normal/ar1/esCNN_random_ar1_h3
[2020-10-23 13:04:28] esCNN.cv5: Found new best state
[2020-10-23 13:04:28] esCNN.cv5: Best vmse: 0.0516
[2020-10-23 13:04:28] esCNN.cv5: Channel size: 3 	 Kernel size: 3 
Training MSE: 0.04211457 	 Validating MSE: 0.05158958 	 Best VMSE: 0.05158958
[2020-10-23 13:04:28] esCNN.cv5: Checkpoint saved to experiments/normal/ar1/esCNN_random_ar1_h3
[2020-10-23 13:04:28] esCNN.cv5: Channel size: 4 	 Kernel size: 3 
Training MSE: 0.04114879 	 Validating MSE: 0.05483727 	 Best VMSE: 0.05158958
[2020-10-23 13:04:28] esCNN.cv5: Checkpoint saved to experiments/normal/ar1/esCNN_random_ar1_h3
[2020-10-23 13:04:28] esCNN.cv5: Found new best state
[2020-10-23 13:04:28] esCNN.cv5: Best vmse: 0.0441
[2020-10-23 13:04:28] esCNN.cv5: Channel size: 5 	 Kernel size: 3 
Training MSE: 0.03384104 	 Validating MSE: 0.04409856 	 Best VMSE: 0.04409856
[2020-10-23 13:04:28] esCNN.cv5: Checkpoint saved to experiments/normal/ar1/esCNN_random_ar1_h3
[2020-10-23 13:04:28] esCNN.cv5: Found new best state
[2020-10-23 13:04:28] esCNN.cv5: Best vmse: 0.0439
[2020-10-23 13:04:28] esCNN.cv5: Channel size: 6 	 Kernel size: 3 
Training MSE: 0.03319413 	 Validating MSE: 0.04389988 	 Best VMSE: 0.04389988
[2020-10-23 13:04:28] esCNN.cv5: Checkpoint saved to experiments/normal/ar1/esCNN_random_ar1_h3
[2020-10-23 13:04:28] esCNN.cv5: Channel size: 7 	 Kernel size: 3 
Training MSE: 0.03310738 	 Validating MSE: 0.04554490 	 Best VMSE: 0.04389988
[2020-10-23 13:04:28] esCNN.cv5: Checkpoint saved to experiments/normal/ar1/esCNN_random_ar1_h3
[2020-10-23 13:04:28] esCNN.cv5: Channel size: 8 	 Kernel size: 3 
Training MSE: 0.03306926 	 Validating MSE: 0.04456076 	 Best VMSE: 0.04389988
[2020-10-23 13:04:28] esCNN.cv5: Checkpoint saved to experiments/normal/ar1/esCNN_random_ar1_h3
[2020-10-23 13:04:28] esCNN.cv5: Found new best state
[2020-10-23 13:04:28] esCNN.cv5: Best vmse: 0.0438
[2020-10-23 13:04:28] esCNN.cv5: Channel size: 9 	 Kernel size: 3 
Training MSE: 0.03287352 	 Validating MSE: 0.04377079 	 Best VMSE: 0.04377079
[2020-10-23 13:04:28] esCNN.cv5: Checkpoint saved to experiments/normal/ar1/esCNN_random_ar1_h3
[2020-10-23 13:04:28] esCNN.cv5: Found new best state
[2020-10-23 13:04:28] esCNN.cv5: Best vmse: 0.0436
[2020-10-23 13:04:28] esCNN.cv5: Channel size: 10 	 Kernel size: 3 
Training MSE: 0.03285771 	 Validating MSE: 0.04361829 	 Best VMSE: 0.04361829
[2020-10-23 13:04:28] esCNN.cv5: Checkpoint saved to experiments/normal/ar1/esCNN_random_ar1_h3
[2020-10-23 13:04:28] esCNN.cv5: Found new best state
[2020-10-23 13:04:28] esCNN.cv5: Best vmse: 0.0434
[2020-10-23 13:04:28] esCNN.cv5: Channel size: 11 	 Kernel size: 3 
Training MSE: 0.03278317 	 Validating MSE: 0.04342909 	 Best VMSE: 0.04342909
[2020-10-23 13:04:28] esCNN.cv5: Checkpoint saved to experiments/normal/ar1/esCNN_random_ar1_h3
[2020-10-23 13:04:28] esCNN.cv5: Found new best state
[2020-10-23 13:04:28] esCNN.cv5: Best vmse: 0.0434
[2020-10-23 13:04:28] esCNN.cv5: Channel size: 12 	 Kernel size: 3 
Training MSE: 0.03278030 	 Validating MSE: 0.04337339 	 Best VMSE: 0.04337339
[2020-10-23 13:04:28] esCNN.cv5: Checkpoint saved to experiments/normal/ar1/esCNN_random_ar1_h3
[2020-10-23 13:04:28] esCNN.cv5: Channel size: 13 	 Kernel size: 3 
Training MSE: 0.03274351 	 Validating MSE: 0.04398949 	 Best VMSE: 0.04337339
[2020-10-23 13:04:28] esCNN.cv5: Checkpoint saved to experiments/normal/ar1/esCNN_random_ar1_h3
[2020-10-23 13:04:28] esCNN.cv5: Channel size: 14 	 Kernel size: 3 
Training MSE: 0.03270135 	 Validating MSE: 0.04351177 	 Best VMSE: 0.04337339
[2020-10-23 13:04:28] esCNN.cv5: Checkpoint saved to experiments/normal/ar1/esCNN_random_ar1_h3
[2020-10-23 13:04:28] esCNN.cv5: Channel size: 15 	 Kernel size: 3 
Training MSE: 0.03270102 	 Validating MSE: 0.04354847 	 Best VMSE: 0.04337339
[2020-10-23 13:04:28] esCNN.cv5: Checkpoint saved to experiments/normal/ar1/esCNN_random_ar1_h3
[2020-10-23 13:04:28] esCNN.cv5: Channel size: 16 	 Kernel size: 3 
Training MSE: 0.03269694 	 Validating MSE: 0.04385377 	 Best VMSE: 0.04337339
[2020-10-23 13:04:28] esCNN.cv5: Checkpoint saved to experiments/normal/ar1/esCNN_random_ar1_h3
[2020-10-23 13:04:28] esCNN.cv5: Channel size: 17 	 Kernel size: 3 
Training MSE: 0.03269365 	 Validating MSE: 0.04361181 	 Best VMSE: 0.04337339
[2020-10-23 13:04:28] esCNN.cv5: Checkpoint saved to experiments/normal/ar1/esCNN_random_ar1_h3
[2020-10-23 13:04:28] esCNN.cv5: Channel size: 18 	 Kernel size: 3 
Training MSE: 0.03268500 	 Validating MSE: 0.04398992 	 Best VMSE: 0.04337339
[2020-10-23 13:04:28] esCNN.cv5: Checkpoint saved to experiments/normal/ar1/esCNN_random_ar1_h3
[2020-10-23 13:04:28] esCNN.cv5: Channel size: 19 	 Kernel size: 3 
Training MSE: 0.03267624 	 Validating MSE: 0.04361978 	 Best VMSE: 0.04337339
[2020-10-23 13:04:28] esCNN.cv5: Checkpoint saved to experiments/normal/ar1/esCNN_random_ar1_h3
[2020-10-23 13:04:28] esCNN.cv5: Channel size: 20 	 Kernel size: 3 
Training MSE: 0.03267347 	 Validating MSE: 0.04382214 	 Best VMSE: 0.04337339
[2020-10-23 13:04:28] esCNN.cv5: Checkpoint saved to experiments/normal/ar1/esCNN_random_ar1_h3
[2020-10-23 13:04:29] esCNN.cv5: Channel size: 21 	 Kernel size: 3 
Training MSE: 0.03267118 	 Validating MSE: 0.04386628 	 Best VMSE: 0.04337339
[2020-10-23 13:04:29] esCNN.cv5: Checkpoint saved to experiments/normal/ar1/esCNN_random_ar1_h3
[2020-10-23 13:04:29] esCNN.cv5: Channel size: 22 	 Kernel size: 3 
Training MSE: 0.03266881 	 Validating MSE: 0.04404999 	 Best VMSE: 0.04337339
[2020-10-23 13:04:29] esCNN.cv5: Checkpoint saved to experiments/normal/ar1/esCNN_random_ar1_h3
[2020-10-23 13:04:29] esCNN.cv5: Channel size: 23 	 Kernel size: 3 
Training MSE: 0.03266778 	 Validating MSE: 0.04406413 	 Best VMSE: 0.04337339
[2020-10-23 13:04:29] esCNN.cv5: Checkpoint saved to experiments/normal/ar1/esCNN_random_ar1_h3
[2020-10-23 13:04:29] esCNN.cv5: Channel size: 24 	 Kernel size: 3 
Training MSE: 0.03265278 	 Validating MSE: 0.04399886 	 Best VMSE: 0.04337339
[2020-10-23 13:04:29] esCNN.cv5: Checkpoint saved to experiments/normal/ar1/esCNN_random_ar1_h3
[2020-10-23 13:04:29] esCNN.cv5: Channel size: 25 	 Kernel size: 3 
Training MSE: 0.03264956 	 Validating MSE: 0.04367398 	 Best VMSE: 0.04337339
[2020-10-23 13:04:29] esCNN.cv5: Checkpoint saved to experiments/normal/ar1/esCNN_random_ar1_h3
[2020-10-23 13:04:29] esCNN.cv5: Channel size: 26 	 Kernel size: 3 
Training MSE: 0.03264913 	 Validating MSE: 0.04369793 	 Best VMSE: 0.04337339
[2020-10-23 13:04:29] esCNN.cv5: Checkpoint saved to experiments/normal/ar1/esCNN_random_ar1_h3
[2020-10-23 13:04:29] esCNN.cv5: Channel size: 27 	 Kernel size: 3 
Training MSE: 0.03264844 	 Validating MSE: 0.04379522 	 Best VMSE: 0.04337339
[2020-10-23 13:04:29] esCNN.cv5: Checkpoint saved to experiments/normal/ar1/esCNN_random_ar1_h3
[2020-10-23 13:04:29] esCNN.cv5: Channel size: 28 	 Kernel size: 3 
Training MSE: 0.03264117 	 Validating MSE: 0.04414438 	 Best VMSE: 0.04337339
[2020-10-23 13:04:29] esCNN.cv5: Checkpoint saved to experiments/normal/ar1/esCNN_random_ar1_h3
[2020-10-23 13:04:29] esCNN.cv5: Channel size: 29 	 Kernel size: 3 
Training MSE: 0.03262357 	 Validating MSE: 0.04362601 	 Best VMSE: 0.04337339
[2020-10-23 13:04:29] esCNN.cv5: Checkpoint saved to experiments/normal/ar1/esCNN_random_ar1_h3
[2020-10-23 13:04:29] esCNN.cv5: Channel size: 30 	 Kernel size: 3 
Training MSE: 0.03262034 	 Validating MSE: 0.04378807 	 Best VMSE: 0.04337339
[2020-10-23 13:04:29] esCNN.cv5: Checkpoint saved to experiments/normal/ar1/esCNN_random_ar1_h3
[2020-10-23 13:04:29] esCNN.cv5: Channel size: 31 	 Kernel size: 3 
Training MSE: 0.03261994 	 Validating MSE: 0.04385433 	 Best VMSE: 0.04337339
[2020-10-23 13:04:29] esCNN.cv5: Checkpoint saved to experiments/normal/ar1/esCNN_random_ar1_h3
[2020-10-23 13:04:29] esCNN.cv5: Channel size: 32 	 Kernel size: 3 
Training MSE: 0.03261777 	 Validating MSE: 0.04367087 	 Best VMSE: 0.04337339
[2020-10-23 13:04:29] esCNN.cv5: Checkpoint saved to experiments/normal/ar1/esCNN_random_ar1_h3
[2020-10-23 13:04:29] esCNN.cv5: Channel size: 33 	 Kernel size: 3 
Training MSE: 0.03261646 	 Validating MSE: 0.04385103 	 Best VMSE: 0.04337339
[2020-10-23 13:04:29] esCNN.cv5: Checkpoint saved to experiments/normal/ar1/esCNN_random_ar1_h3
[2020-10-23 13:04:29] esCNN.cv5: Channel size: 34 	 Kernel size: 3 
Training MSE: 0.03261532 	 Validating MSE: 0.04379427 	 Best VMSE: 0.04337339
[2020-10-23 13:04:29] esCNN.cv5: Checkpoint saved to experiments/normal/ar1/esCNN_random_ar1_h3
[2020-10-23 13:04:29] esCNN.cv5: Channel size: 35 	 Kernel size: 3 
Training MSE: 0.03261503 	 Validating MSE: 0.04364285 	 Best VMSE: 0.04337339
[2020-10-23 13:04:29] esCNN.cv5: Checkpoint saved to experiments/normal/ar1/esCNN_random_ar1_h3
[2020-10-23 13:04:29] esCNN.cv5: Channel size: 36 	 Kernel size: 3 
Training MSE: 0.03261266 	 Validating MSE: 0.04387283 	 Best VMSE: 0.04337339
[2020-10-23 13:04:29] esCNN.cv5: Checkpoint saved to experiments/normal/ar1/esCNN_random_ar1_h3
[2020-10-23 13:04:29] esCNN.cv5: Channel size: 37 	 Kernel size: 3 
Training MSE: 0.03260885 	 Validating MSE: 0.04360094 	 Best VMSE: 0.04337339
[2020-10-23 13:04:29] esCNN.cv5: Checkpoint saved to experiments/normal/ar1/esCNN_random_ar1_h3
[2020-10-23 13:04:29] esCNN.cv5: Channel size: 38 	 Kernel size: 3 
Training MSE: 0.03256773 	 Validating MSE: 0.04455936 	 Best VMSE: 0.04337339
[2020-10-23 13:04:29] esCNN.cv5: Checkpoint saved to experiments/normal/ar1/esCNN_random_ar1_h3
[2020-10-23 13:04:29] esCNN.cv5: Channel size: 39 	 Kernel size: 3 
Training MSE: 0.03253751 	 Validating MSE: 0.04365603 	 Best VMSE: 0.04337339
[2020-10-23 13:04:29] esCNN.cv5: Checkpoint saved to experiments/normal/ar1/esCNN_random_ar1_h3
[2020-10-23 13:04:29] esCNN.cv5: Channel size: 40 	 Kernel size: 3 
Training MSE: 0.03253509 	 Validating MSE: 0.04396391 	 Best VMSE: 0.04337339
[2020-10-23 13:04:29] esCNN.cv5: Checkpoint saved to experiments/normal/ar1/esCNN_random_ar1_h3
[2020-10-23 13:04:30] esCNN.cv5: Channel size: 41 	 Kernel size: 3 
Training MSE: 0.03253475 	 Validating MSE: 0.04387568 	 Best VMSE: 0.04337339
[2020-10-23 13:04:30] esCNN.cv5: Checkpoint saved to experiments/normal/ar1/esCNN_random_ar1_h3
[2020-10-23 13:04:30] esCNN.cv5: Channel size: 42 	 Kernel size: 3 
Training MSE: 0.03253420 	 Validating MSE: 0.04384289 	 Best VMSE: 0.04337339
[2020-10-23 13:04:30] esCNN.cv5: Checkpoint saved to experiments/normal/ar1/esCNN_random_ar1_h3
[2020-10-23 13:04:30] esCNN.cv5: Channel size: 43 	 Kernel size: 3 
Training MSE: 0.03252384 	 Validating MSE: 0.04434014 	 Best VMSE: 0.04337339
[2020-10-23 13:04:30] esCNN.cv5: Checkpoint saved to experiments/normal/ar1/esCNN_random_ar1_h3
[2020-10-23 13:04:30] esCNN.cv5: Channel size: 44 	 Kernel size: 3 
Training MSE: 0.03251722 	 Validating MSE: 0.04397466 	 Best VMSE: 0.04337339
[2020-10-23 13:04:30] esCNN.cv5: Checkpoint saved to experiments/normal/ar1/esCNN_random_ar1_h3
[2020-10-23 13:04:30] esCNN.cv5: Channel size: 45 	 Kernel size: 3 
Training MSE: 0.03249970 	 Validating MSE: 0.04455572 	 Best VMSE: 0.04337339
[2020-10-23 13:04:30] esCNN.cv5: Checkpoint saved to experiments/normal/ar1/esCNN_random_ar1_h3
[2020-10-23 13:04:30] esCNN.cv5: Channel size: 46 	 Kernel size: 3 
Training MSE: 0.03247852 	 Validating MSE: 0.04390626 	 Best VMSE: 0.04337339
[2020-10-23 13:04:30] esCNN.cv5: Checkpoint saved to experiments/normal/ar1/esCNN_random_ar1_h3
[2020-10-23 13:04:30] esCNN.cv5: Channel size: 47 	 Kernel size: 3 
Training MSE: 0.03244405 	 Validating MSE: 0.04476243 	 Best VMSE: 0.04337339
[2020-10-23 13:04:30] esCNN.cv5: Checkpoint saved to experiments/normal/ar1/esCNN_random_ar1_h3
[2020-10-23 13:04:30] esCNN.cv5: Channel size: 48 	 Kernel size: 3 
Training MSE: 0.03242990 	 Validating MSE: 0.04423757 	 Best VMSE: 0.04337339
[2020-10-23 13:04:30] esCNN.cv5: Checkpoint saved to experiments/normal/ar1/esCNN_random_ar1_h3
[2020-10-23 13:04:30] esCNN.cv5: Channel size: 49 	 Kernel size: 3 
Training MSE: 0.03242369 	 Validating MSE: 0.04391090 	 Best VMSE: 0.04337339
[2020-10-23 13:04:30] esCNN.cv5: Checkpoint saved to experiments/normal/ar1/esCNN_random_ar1_h3
[2020-10-23 13:04:30] esCNN.cv5: Channel size: 50 	 Kernel size: 3 
Training MSE: 0.03242221 	 Validating MSE: 0.04425563 	 Best VMSE: 0.04337339
[2020-10-23 13:04:30] esCNN.cv5: Checkpoint saved to experiments/normal/ar1/esCNN_random_ar1_h3
[2020-10-23 13:04:30] esCNN.cv5: Channel size: 51 	 Kernel size: 3 
Training MSE: 0.03242115 	 Validating MSE: 0.04408902 	 Best VMSE: 0.04337339
[2020-10-23 13:04:30] esCNN.cv5: Checkpoint saved to experiments/normal/ar1/esCNN_random_ar1_h3
[2020-10-23 13:04:30] esCNN.cv5: Channel size: 52 	 Kernel size: 3 
Training MSE: 0.03241888 	 Validating MSE: 0.04387210 	 Best VMSE: 0.04337339
[2020-10-23 13:04:30] esCNN.cv5: Checkpoint saved to experiments/normal/ar1/esCNN_random_ar1_h3
[2020-10-23 13:04:30] esCNN.cv5: Channel size: 53 	 Kernel size: 3 
Training MSE: 0.03241851 	 Validating MSE: 0.04396673 	 Best VMSE: 0.04337339
[2020-10-23 13:04:30] esCNN.cv5: Checkpoint saved to experiments/normal/ar1/esCNN_random_ar1_h3
[2020-10-23 13:04:30] esCNN.cv5: Channel size: 54 	 Kernel size: 3 
Training MSE: 0.03241779 	 Validating MSE: 0.04394523 	 Best VMSE: 0.04337339
[2020-10-23 13:04:30] esCNN.cv5: Checkpoint saved to experiments/normal/ar1/esCNN_random_ar1_h3
[2020-10-23 13:04:30] esCNN.cv5: Channel size: 55 	 Kernel size: 3 
Training MSE: 0.03241402 	 Validating MSE: 0.04416732 	 Best VMSE: 0.04337339
[2020-10-23 13:04:30] esCNN.cv5: Checkpoint saved to experiments/normal/ar1/esCNN_random_ar1_h3
[2020-10-23 13:04:30] esCNN.cv5: Channel size: 56 	 Kernel size: 3 
Training MSE: 0.03241357 	 Validating MSE: 0.04409167 	 Best VMSE: 0.04337339
[2020-10-23 13:04:30] esCNN.cv5: Checkpoint saved to experiments/normal/ar1/esCNN_random_ar1_h3
[2020-10-23 13:04:31] esCNN.cv5: Channel size: 57 	 Kernel size: 3 
Training MSE: 0.03241298 	 Validating MSE: 0.04411586 	 Best VMSE: 0.04337339
[2020-10-23 13:04:31] esCNN.cv5: Checkpoint saved to experiments/normal/ar1/esCNN_random_ar1_h3
[2020-10-23 13:04:31] esCNN.cv5: Channel size: 58 	 Kernel size: 3 
Training MSE: 0.03239332 	 Validating MSE: 0.04463969 	 Best VMSE: 0.04337339
[2020-10-23 13:04:31] esCNN.cv5: Checkpoint saved to experiments/normal/ar1/esCNN_random_ar1_h3
[2020-10-23 13:04:31] esCNN.cv5: Channel size: 59 	 Kernel size: 3 
Training MSE: 0.03238646 	 Validating MSE: 0.04434228 	 Best VMSE: 0.04337339
[2020-10-23 13:04:31] esCNN.cv5: Checkpoint saved to experiments/normal/ar1/esCNN_random_ar1_h3
[2020-10-23 13:04:31] esCNN.cv5: Channel size: 60 	 Kernel size: 3 
Training MSE: 0.03238624 	 Validating MSE: 0.04434081 	 Best VMSE: 0.04337339
[2020-10-23 13:04:31] esCNN.cv5: Checkpoint saved to experiments/normal/ar1/esCNN_random_ar1_h3
[2020-10-23 13:04:31] esCNN.cv5: Channel size: 61 	 Kernel size: 3 
Training MSE: 0.03238370 	 Validating MSE: 0.04422157 	 Best VMSE: 0.04337339
[2020-10-23 13:04:31] esCNN.cv5: Checkpoint saved to experiments/normal/ar1/esCNN_random_ar1_h3
[2020-10-23 13:04:31] esCNN.cv5: Channel size: 62 	 Kernel size: 3 
Training MSE: 0.03238153 	 Validating MSE: 0.04437594 	 Best VMSE: 0.04337339
[2020-10-23 13:04:31] esCNN.cv5: Checkpoint saved to experiments/normal/ar1/esCNN_random_ar1_h3
[2020-10-23 13:04:31] esCNN.cv5: Channel size: 63 	 Kernel size: 3 
Training MSE: 0.03237581 	 Validating MSE: 0.04400739 	 Best VMSE: 0.04337339
[2020-10-23 13:04:31] esCNN.cv5: Checkpoint saved to experiments/normal/ar1/esCNN_random_ar1_h3
[2020-10-23 13:04:31] esCNN.cv5: Channel size: 64 	 Kernel size: 3 
Training MSE: 0.03237511 	 Validating MSE: 0.04401166 	 Best VMSE: 0.04337339
[2020-10-23 13:04:31] esCNN.cv5: Checkpoint saved to experiments/normal/ar1/esCNN_random_ar1_h3
[2020-10-23 13:04:31] esCNN.cv5: Channel size: 65 	 Kernel size: 3 
Training MSE: 0.03237318 	 Validating MSE: 0.04422405 	 Best VMSE: 0.04337339
[2020-10-23 13:04:31] esCNN.cv5: Checkpoint saved to experiments/normal/ar1/esCNN_random_ar1_h3
[2020-10-23 13:04:31] esCNN.cv5: Channel size: 66 	 Kernel size: 3 
Training MSE: 0.03236979 	 Validating MSE: 0.04393840 	 Best VMSE: 0.04337339
[2020-10-23 13:04:31] esCNN.cv5: Checkpoint saved to experiments/normal/ar1/esCNN_random_ar1_h3
[2020-10-23 13:04:31] esCNN.cv5: Channel size: 67 	 Kernel size: 3 
Training MSE: 0.03236868 	 Validating MSE: 0.04381738 	 Best VMSE: 0.04337339
[2020-10-23 13:04:31] esCNN.cv5: Checkpoint saved to experiments/normal/ar1/esCNN_random_ar1_h3
[2020-10-23 13:04:31] esCNN.cv5: Channel size: 68 	 Kernel size: 3 
Training MSE: 0.03236844 	 Validating MSE: 0.04387562 	 Best VMSE: 0.04337339
[2020-10-23 13:04:31] esCNN.cv5: Checkpoint saved to experiments/normal/ar1/esCNN_random_ar1_h3
[2020-10-23 13:04:31] esCNN.cv5: Channel size: 69 	 Kernel size: 3 
Training MSE: 0.03236830 	 Validating MSE: 0.04386583 	 Best VMSE: 0.04337339
[2020-10-23 13:04:31] esCNN.cv5: Checkpoint saved to experiments/normal/ar1/esCNN_random_ar1_h3
[2020-10-23 13:04:32] esCNN.cv5: Channel size: 70 	 Kernel size: 3 
Training MSE: 0.03236555 	 Validating MSE: 0.04407851 	 Best VMSE: 0.04337339
[2020-10-23 13:04:32] esCNN.cv5: Checkpoint saved to experiments/normal/ar1/esCNN_random_ar1_h3
[2020-10-23 13:04:32] esCNN.cv5: Channel size: 71 	 Kernel size: 3 
Training MSE: 0.03236362 	 Validating MSE: 0.04407123 	 Best VMSE: 0.04337339
[2020-10-23 13:04:32] esCNN.cv5: Checkpoint saved to experiments/normal/ar1/esCNN_random_ar1_h3
[2020-10-23 13:04:32] esCNN.cv5: Channel size: 72 	 Kernel size: 3 
Training MSE: 0.03236306 	 Validating MSE: 0.04421253 	 Best VMSE: 0.04337339
[2020-10-23 13:04:32] esCNN.cv5: Checkpoint saved to experiments/normal/ar1/esCNN_random_ar1_h3
[2020-10-23 13:04:32] esCNN.cv5: Channel size: 73 	 Kernel size: 3 
Training MSE: 0.03235901 	 Validating MSE: 0.04384881 	 Best VMSE: 0.04337339
[2020-10-23 13:04:32] esCNN.cv5: Checkpoint saved to experiments/normal/ar1/esCNN_random_ar1_h3
[2020-10-23 13:04:32] esCNN.cv5: Channel size: 74 	 Kernel size: 3 
Training MSE: 0.03235211 	 Validating MSE: 0.04427988 	 Best VMSE: 0.04337339
[2020-10-23 13:04:32] esCNN.cv5: Checkpoint saved to experiments/normal/ar1/esCNN_random_ar1_h3
[2020-10-23 13:04:32] esCNN.cv5: Channel size: 75 	 Kernel size: 3 
Training MSE: 0.03234308 	 Validating MSE: 0.04469381 	 Best VMSE: 0.04337339
[2020-10-23 13:04:32] esCNN.cv5: Checkpoint saved to experiments/normal/ar1/esCNN_random_ar1_h3
[2020-10-23 13:04:32] esCNN.cv5: Channel size: 76 	 Kernel size: 3 
Training MSE: 0.03231812 	 Validating MSE: 0.04394572 	 Best VMSE: 0.04337339
[2020-10-23 13:04:32] esCNN.cv5: Checkpoint saved to experiments/normal/ar1/esCNN_random_ar1_h3
[2020-10-23 13:04:32] esCNN.cv5: Channel size: 77 	 Kernel size: 3 
Training MSE: 0.03231678 	 Validating MSE: 0.04403915 	 Best VMSE: 0.04337339
[2020-10-23 13:04:32] esCNN.cv5: Checkpoint saved to experiments/normal/ar1/esCNN_random_ar1_h3
[2020-10-23 13:04:32] esCNN.cv5: Channel size: 78 	 Kernel size: 3 
Training MSE: 0.03231584 	 Validating MSE: 0.04414484 	 Best VMSE: 0.04337339
[2020-10-23 13:04:32] esCNN.cv5: Checkpoint saved to experiments/normal/ar1/esCNN_random_ar1_h3
[2020-10-23 13:04:32] esCNN.cv5: Channel size: 79 	 Kernel size: 3 
Training MSE: 0.03231206 	 Validating MSE: 0.04433095 	 Best VMSE: 0.04337339
[2020-10-23 13:04:32] esCNN.cv5: Checkpoint saved to experiments/normal/ar1/esCNN_random_ar1_h3
[2020-10-23 13:04:32] esCNN.cv5: Channel size: 80 	 Kernel size: 3 
Training MSE: 0.03230953 	 Validating MSE: 0.04405751 	 Best VMSE: 0.04337339
[2020-10-23 13:04:32] esCNN.cv5: Checkpoint saved to experiments/normal/ar1/esCNN_random_ar1_h3
[2020-10-23 13:04:32] esCNN.cv5: Channel size: 81 	 Kernel size: 3 
Training MSE: 0.03230688 	 Validating MSE: 0.04383271 	 Best VMSE: 0.04337339
[2020-10-23 13:04:32] esCNN.cv5: Checkpoint saved to experiments/normal/ar1/esCNN_random_ar1_h3
[2020-10-23 13:04:33] esCNN.cv5: Channel size: 82 	 Kernel size: 3 
Training MSE: 0.03230666 	 Validating MSE: 0.04382189 	 Best VMSE: 0.04337339
[2020-10-23 13:04:33] esCNN.cv5: Checkpoint saved to experiments/normal/ar1/esCNN_random_ar1_h3
[2020-10-23 13:04:33] esCNN.cv5: Channel size: 83 	 Kernel size: 3 
Training MSE: 0.03230504 	 Validating MSE: 0.04417465 	 Best VMSE: 0.04337339
[2020-10-23 13:04:33] esCNN.cv5: Checkpoint saved to experiments/normal/ar1/esCNN_random_ar1_h3
[2020-10-23 13:04:33] esCNN.cv5: Channel size: 84 	 Kernel size: 3 
Training MSE: 0.03230428 	 Validating MSE: 0.04430209 	 Best VMSE: 0.04337339
[2020-10-23 13:04:33] esCNN.cv5: Checkpoint saved to experiments/normal/ar1/esCNN_random_ar1_h3
[2020-10-23 13:04:33] esCNN.cv5: Channel size: 85 	 Kernel size: 3 
Training MSE: 0.03230345 	 Validating MSE: 0.04432670 	 Best VMSE: 0.04337339
[2020-10-23 13:04:33] esCNN.cv5: Checkpoint saved to experiments/normal/ar1/esCNN_random_ar1_h3
[2020-10-23 13:04:33] esCNN.cv5: Channel size: 86 	 Kernel size: 3 
Training MSE: 0.03230026 	 Validating MSE: 0.04407898 	 Best VMSE: 0.04337339
[2020-10-23 13:04:33] esCNN.cv5: Checkpoint saved to experiments/normal/ar1/esCNN_random_ar1_h3
[2020-10-23 13:04:33] esCNN.cv5: Channel size: 87 	 Kernel size: 3 
Training MSE: 0.03230014 	 Validating MSE: 0.04411508 	 Best VMSE: 0.04337339
[2020-10-23 13:04:33] esCNN.cv5: Checkpoint saved to experiments/normal/ar1/esCNN_random_ar1_h3
[2020-10-23 13:04:33] esCNN.cv5: Channel size: 88 	 Kernel size: 3 
Training MSE: 0.03229989 	 Validating MSE: 0.04401183 	 Best VMSE: 0.04337339
[2020-10-23 13:04:33] esCNN.cv5: Checkpoint saved to experiments/normal/ar1/esCNN_random_ar1_h3
[2020-10-23 13:04:33] esCNN.cv5: Channel size: 89 	 Kernel size: 3 
Training MSE: 0.03228437 	 Validating MSE: 0.04475655 	 Best VMSE: 0.04337339
[2020-10-23 13:04:33] esCNN.cv5: Checkpoint saved to experiments/normal/ar1/esCNN_random_ar1_h3
[2020-10-23 13:04:33] esCNN.cv5: Channel size: 90 	 Kernel size: 3 
Training MSE: 0.03226673 	 Validating MSE: 0.04407111 	 Best VMSE: 0.04337339
[2020-10-23 13:04:33] esCNN.cv5: Checkpoint saved to experiments/normal/ar1/esCNN_random_ar1_h3
[2020-10-23 13:04:33] esCNN.cv5: Channel size: 91 	 Kernel size: 3 
Training MSE: 0.03226428 	 Validating MSE: 0.04426816 	 Best VMSE: 0.04337339
[2020-10-23 13:04:33] esCNN.cv5: Checkpoint saved to experiments/normal/ar1/esCNN_random_ar1_h3
[2020-10-23 13:04:33] esCNN.cv5: Channel size: 92 	 Kernel size: 3 
Training MSE: 0.03226262 	 Validating MSE: 0.04414182 	 Best VMSE: 0.04337339
[2020-10-23 13:04:33] esCNN.cv5: Checkpoint saved to experiments/normal/ar1/esCNN_random_ar1_h3
[2020-10-23 13:04:34] esCNN.cv5: Channel size: 93 	 Kernel size: 3 
Training MSE: 0.03226213 	 Validating MSE: 0.04412580 	 Best VMSE: 0.04337339
[2020-10-23 13:04:34] esCNN.cv5: Checkpoint saved to experiments/normal/ar1/esCNN_random_ar1_h3
[2020-10-23 13:04:34] esCNN.cv5: Channel size: 94 	 Kernel size: 3 
Training MSE: 0.03223958 	 Validating MSE: 0.04487406 	 Best VMSE: 0.04337339
[2020-10-23 13:04:34] esCNN.cv5: Checkpoint saved to experiments/normal/ar1/esCNN_random_ar1_h3
[2020-10-23 13:04:34] esCNN.cv5: Channel size: 95 	 Kernel size: 3 
Training MSE: 0.03223884 	 Validating MSE: 0.04475188 	 Best VMSE: 0.04337339
[2020-10-23 13:04:34] esCNN.cv5: Checkpoint saved to experiments/normal/ar1/esCNN_random_ar1_h3
[2020-10-23 13:04:34] esCNN.cv5: Channel size: 96 	 Kernel size: 3 
Training MSE: 0.03222418 	 Validating MSE: 0.04417983 	 Best VMSE: 0.04337339
[2020-10-23 13:04:34] esCNN.cv5: Checkpoint saved to experiments/normal/ar1/esCNN_random_ar1_h3
[2020-10-23 13:04:34] esCNN.cv5: Channel size: 97 	 Kernel size: 3 
Training MSE: 0.03222289 	 Validating MSE: 0.04417494 	 Best VMSE: 0.04337339
[2020-10-23 13:04:34] esCNN.cv5: Checkpoint saved to experiments/normal/ar1/esCNN_random_ar1_h3
[2020-10-23 13:04:34] esCNN.cv5: Channel size: 98 	 Kernel size: 3 
Training MSE: 0.03222248 	 Validating MSE: 0.04411312 	 Best VMSE: 0.04337339
[2020-10-23 13:04:34] esCNN.cv5: Checkpoint saved to experiments/normal/ar1/esCNN_random_ar1_h3
[2020-10-23 13:04:34] esCNN.cv5: Channel size: 99 	 Kernel size: 3 
Training MSE: 0.03221457 	 Validating MSE: 0.04453554 	 Best VMSE: 0.04337339
[2020-10-23 13:04:34] esCNN.cv5: Checkpoint saved to experiments/normal/ar1/esCNN_random_ar1_h3
[2020-10-23 13:04:34] esCNN.cv5: Channel size: 100 	 Kernel size: 3 
Training MSE: 0.03220418 	 Validating MSE: 0.04502631 	 Best VMSE: 0.04337339
[2020-10-23 13:04:34] esCNN.cv5: Checkpoint saved to experiments/normal/ar1/esCNN_random_ar1_h3
[2020-10-23 13:04:34] esCNN.cv5: Restoring best parameters from experiments/normal/ar1/esCNN_random_ar1_h3/train.cv5.pth.tar
[2020-10-23 13:04:34] esCNN.cv5: ar1	 H: 3	 Trail: 19 
Testing RMSE: 0.3199 	 MAPE: 0.06355 	 SMAPE: 0.0331
