[2020-10-23 13:42:39] IELM.cv12: Loading the datasets and model for 31th-batch-training
[2020-10-23 13:42:39] IELM.cv12: Argument hidden_size: 100
[2020-10-23 13:42:39] IELM.cv12: Argument candidate_size: 300
[2020-10-23 13:42:39] IELM.cv12: Argument Lambdas: [0.5, 1, 5, 15, 30, 50, 100, 150, 200]
[2020-10-23 13:42:39] IELM.cv12: Argument Lambdas_std: [0.01, 0.05, 0.1, 0.5, 1]
[2020-10-23 13:42:39] IELM.cv12: Argument r: [0.8, 0.9, 0.99, 0.9999, 0.999999]
[2020-10-23 13:42:39] IELM.cv12: Argument tolerance: 0
[2020-10-23 13:42:39] IELM.cv12: Argument device: device(type='cuda')
[2020-10-23 13:42:39] IELM.cv12: Argument dataset: 'ar1'
[2020-10-23 13:42:39] IELM.cv12: Argument H: 6
[2020-10-23 13:42:39] IELM.cv12: Argument k: 5
[2020-10-23 13:42:39] IELM.cv12: Argument test: False
[2020-10-23 13:42:39] IELM.cv12: Argument normal: True
[2020-10-23 13:42:39] IELM.cv12: Argument diff: False
[2020-10-23 13:42:39] IELM.cv12: Argument times: 60
[2020-10-23 13:42:39] IELM.cv12: Argument datasets: {'ar1': {'lag_order': 15, 'normal': True, 'cov_dim': 0, 'kernel_size': 3}, 'wti': {'lag_order': 25, 'normal': True, 'cov_dim': 0, 'kernel_size': 5}, 'gold': {'lag_order': 25, 'normal': True, 'cov_dim': 0, 'kernel_size': 5}, 'sp': {'lag_order': 25, 'normal': True, 'cov_dim': 0, 'kernel_size': 5}, 'brent': {'lag_order': 24, 'normal': True, 'cov_dim': 0, 'kernel_size': 6}, 'sili': {'lag_order': 26, 'normal': True, 'cov_dim': 0, 'kernel_size': 6}}
[2020-10-23 13:42:39] IELM.cv12: Argument steps: 15
[2020-10-23 13:42:39] IELM.cv12: Argument experiment: 'experiments/normal/ar1'
[2020-10-23 13:42:39] IELM.cv12: Argument scaler: StandardScaler()
[2020-10-23 13:42:39] IELM.cv12: Argument model_name: 'IELM_ar1_h6'
[2020-10-23 13:42:39] IELM.cv12: Argument model_dir: 'experiments/normal/ar1/IELM_ar1_h6'
[2020-10-23 13:42:39] IELM.cv12: Argument restore: True
[2020-10-23 13:42:39] IELM.cv12: Argument cv: 12
[2020-10-23 13:42:39] IELM.cv12: Argument plot_dir: 'experiments/normal/ar1/IELM_ar1_h6/figures'
[2020-10-23 13:42:39] IELM.cv12: Using Cuda...
[2020-10-23 13:42:39] IELM.cv12: Loading complete.
[2020-10-23 13:42:39] IELM.cv12: Model: 
IELM(
  (loss_fn): MSELoss()
)
[2020-10-23 13:42:39] IELM.cv12: Hidden size: 1 	 
Training MSE: 0.29206491 	 Validating MSE: 1.69778073 	 Best VMSE: 9999.00000000
[2020-10-23 13:42:39] IELM.cv12: Found new best state
[2020-10-23 13:42:39] IELM.cv12: Best vmse: 1.6978
[2020-10-23 13:42:39] IELM.cv12: Checkpoint saved to experiments/normal/ar1/IELM_ar1_h6
[2020-10-23 13:42:39] IELM.cv12: Hidden size: 2 	 
Training MSE: 0.28827995 	 Validating MSE: 1.80100524 	 Best VMSE: 1.69778073
[2020-10-23 13:42:39] IELM.cv12: Checkpoint saved to experiments/normal/ar1/IELM_ar1_h6
[2020-10-23 13:42:39] IELM.cv12: Hidden size: 3 	 
Training MSE: 0.26573977 	 Validating MSE: 1.24082613 	 Best VMSE: 1.69778073
[2020-10-23 13:42:39] IELM.cv12: Found new best state
[2020-10-23 13:42:39] IELM.cv12: Best vmse: 1.2408
[2020-10-23 13:42:39] IELM.cv12: Checkpoint saved to experiments/normal/ar1/IELM_ar1_h6
[2020-10-23 13:42:39] IELM.cv12: Hidden size: 4 	 
Training MSE: 0.24617517 	 Validating MSE: 1.33064473 	 Best VMSE: 1.24082613
[2020-10-23 13:42:39] IELM.cv12: Checkpoint saved to experiments/normal/ar1/IELM_ar1_h6
[2020-10-23 13:42:39] IELM.cv12: Hidden size: 5 	 
Training MSE: 0.24617200 	 Validating MSE: 1.33265936 	 Best VMSE: 1.24082613
[2020-10-23 13:42:39] IELM.cv12: Checkpoint saved to experiments/normal/ar1/IELM_ar1_h6
[2020-10-23 13:42:39] IELM.cv12: Hidden size: 6 	 
Training MSE: 0.24554433 	 Validating MSE: 1.30378032 	 Best VMSE: 1.24082613
[2020-10-23 13:42:39] IELM.cv12: Checkpoint saved to experiments/normal/ar1/IELM_ar1_h6
[2020-10-23 13:42:39] IELM.cv12: Hidden size: 7 	 
Training MSE: 0.24552378 	 Validating MSE: 1.30921185 	 Best VMSE: 1.24082613
[2020-10-23 13:42:39] IELM.cv12: Checkpoint saved to experiments/normal/ar1/IELM_ar1_h6
[2020-10-23 13:42:39] IELM.cv12: Hidden size: 8 	 
Training MSE: 0.22377232 	 Validating MSE: 0.76933414 	 Best VMSE: 1.24082613
[2020-10-23 13:42:39] IELM.cv12: Found new best state
[2020-10-23 13:42:39] IELM.cv12: Best vmse: 0.7693
[2020-10-23 13:42:39] IELM.cv12: Checkpoint saved to experiments/normal/ar1/IELM_ar1_h6
[2020-10-23 13:42:39] IELM.cv12: Hidden size: 9 	 
Training MSE: 0.21453857 	 Validating MSE: 0.95987892 	 Best VMSE: 0.76933414
[2020-10-23 13:42:39] IELM.cv12: Checkpoint saved to experiments/normal/ar1/IELM_ar1_h6
[2020-10-23 13:42:39] IELM.cv12: Hidden size: 10 	 
Training MSE: 0.20582353 	 Validating MSE: 0.74455553 	 Best VMSE: 0.76933414
[2020-10-23 13:42:39] IELM.cv12: Found new best state
[2020-10-23 13:42:39] IELM.cv12: Best vmse: 0.7446
[2020-10-23 13:42:39] IELM.cv12: Checkpoint saved to experiments/normal/ar1/IELM_ar1_h6
[2020-10-23 13:42:39] IELM.cv12: Hidden size: 11 	 
Training MSE: 0.19719294 	 Validating MSE: 0.87941313 	 Best VMSE: 0.74455553
[2020-10-23 13:42:39] IELM.cv12: Checkpoint saved to experiments/normal/ar1/IELM_ar1_h6
[2020-10-23 13:42:39] IELM.cv12: Hidden size: 12 	 
Training MSE: 0.19517507 	 Validating MSE: 0.92060441 	 Best VMSE: 0.74455553
[2020-10-23 13:42:39] IELM.cv12: Checkpoint saved to experiments/normal/ar1/IELM_ar1_h6
[2020-10-23 13:42:39] IELM.cv12: Hidden size: 13 	 
Training MSE: 0.19494160 	 Validating MSE: 0.93317920 	 Best VMSE: 0.74455553
[2020-10-23 13:42:39] IELM.cv12: Checkpoint saved to experiments/normal/ar1/IELM_ar1_h6
[2020-10-23 13:42:39] IELM.cv12: Hidden size: 14 	 
Training MSE: 0.18600145 	 Validating MSE: 0.72464859 	 Best VMSE: 0.74455553
[2020-10-23 13:42:39] IELM.cv12: Found new best state
[2020-10-23 13:42:39] IELM.cv12: Best vmse: 0.7246
[2020-10-23 13:42:39] IELM.cv12: Checkpoint saved to experiments/normal/ar1/IELM_ar1_h6
[2020-10-23 13:42:39] IELM.cv12: Hidden size: 15 	 
Training MSE: 0.18434690 	 Validating MSE: 0.77121842 	 Best VMSE: 0.72464859
[2020-10-23 13:42:39] IELM.cv12: Checkpoint saved to experiments/normal/ar1/IELM_ar1_h6
[2020-10-23 13:42:39] IELM.cv12: Hidden size: 16 	 
Training MSE: 0.18434070 	 Validating MSE: 0.76693881 	 Best VMSE: 0.72464859
[2020-10-23 13:42:39] IELM.cv12: Checkpoint saved to experiments/normal/ar1/IELM_ar1_h6
[2020-10-23 13:42:39] IELM.cv12: Hidden size: 17 	 
Training MSE: 0.18197660 	 Validating MSE: 0.77876133 	 Best VMSE: 0.72464859
[2020-10-23 13:42:39] IELM.cv12: Checkpoint saved to experiments/normal/ar1/IELM_ar1_h6
[2020-10-23 13:42:39] IELM.cv12: Hidden size: 18 	 
Training MSE: 0.18047352 	 Validating MSE: 0.72496778 	 Best VMSE: 0.72464859
[2020-10-23 13:42:39] IELM.cv12: Checkpoint saved to experiments/normal/ar1/IELM_ar1_h6
[2020-10-23 13:42:39] IELM.cv12: Hidden size: 19 	 
Training MSE: 0.17999409 	 Validating MSE: 0.73180944 	 Best VMSE: 0.72464859
[2020-10-23 13:42:39] IELM.cv12: Checkpoint saved to experiments/normal/ar1/IELM_ar1_h6
[2020-10-23 13:42:39] IELM.cv12: Hidden size: 20 	 
Training MSE: 0.17095637 	 Validating MSE: 0.51760989 	 Best VMSE: 0.72464859
[2020-10-23 13:42:39] IELM.cv12: Found new best state
[2020-10-23 13:42:39] IELM.cv12: Best vmse: 0.5176
[2020-10-23 13:42:39] IELM.cv12: Checkpoint saved to experiments/normal/ar1/IELM_ar1_h6
[2020-10-23 13:42:39] IELM.cv12: Hidden size: 21 	 
Training MSE: 0.17095628 	 Validating MSE: 0.51696712 	 Best VMSE: 0.51760989
[2020-10-23 13:42:39] IELM.cv12: Found new best state
[2020-10-23 13:42:39] IELM.cv12: Best vmse: 0.5170
[2020-10-23 13:42:39] IELM.cv12: Checkpoint saved to experiments/normal/ar1/IELM_ar1_h6
[2020-10-23 13:42:39] IELM.cv12: Hidden size: 22 	 
Training MSE: 0.16987173 	 Validating MSE: 0.57611471 	 Best VMSE: 0.51696712
[2020-10-23 13:42:39] IELM.cv12: Checkpoint saved to experiments/normal/ar1/IELM_ar1_h6
[2020-10-23 13:42:39] IELM.cv12: Hidden size: 23 	 
Training MSE: 0.16564225 	 Validating MSE: 0.34878018 	 Best VMSE: 0.51696712
[2020-10-23 13:42:39] IELM.cv12: Found new best state
[2020-10-23 13:42:39] IELM.cv12: Best vmse: 0.3488
[2020-10-23 13:42:39] IELM.cv12: Checkpoint saved to experiments/normal/ar1/IELM_ar1_h6
[2020-10-23 13:42:39] IELM.cv12: Hidden size: 24 	 
Training MSE: 0.16453113 	 Validating MSE: 0.42025346 	 Best VMSE: 0.34878018
[2020-10-23 13:42:39] IELM.cv12: Checkpoint saved to experiments/normal/ar1/IELM_ar1_h6
[2020-10-23 13:42:39] IELM.cv12: Hidden size: 25 	 
Training MSE: 0.16087306 	 Validating MSE: 0.46224219 	 Best VMSE: 0.34878018
[2020-10-23 13:42:39] IELM.cv12: Checkpoint saved to experiments/normal/ar1/IELM_ar1_h6
[2020-10-23 13:42:39] IELM.cv12: Hidden size: 26 	 
Training MSE: 0.15586631 	 Validating MSE: 0.31476793 	 Best VMSE: 0.34878018
[2020-10-23 13:42:39] IELM.cv12: Found new best state
[2020-10-23 13:42:39] IELM.cv12: Best vmse: 0.3148
[2020-10-23 13:42:39] IELM.cv12: Checkpoint saved to experiments/normal/ar1/IELM_ar1_h6
[2020-10-23 13:42:39] IELM.cv12: Hidden size: 27 	 
Training MSE: 0.15234560 	 Validating MSE: 0.34994963 	 Best VMSE: 0.31476793
[2020-10-23 13:42:39] IELM.cv12: Checkpoint saved to experiments/normal/ar1/IELM_ar1_h6
[2020-10-23 13:42:39] IELM.cv12: Hidden size: 28 	 
Training MSE: 0.15234482 	 Validating MSE: 0.34948328 	 Best VMSE: 0.31476793
[2020-10-23 13:42:39] IELM.cv12: Checkpoint saved to experiments/normal/ar1/IELM_ar1_h6
[2020-10-23 13:42:39] IELM.cv12: Hidden size: 29 	 
Training MSE: 0.15182069 	 Validating MSE: 0.36216512 	 Best VMSE: 0.31476793
[2020-10-23 13:42:39] IELM.cv12: Checkpoint saved to experiments/normal/ar1/IELM_ar1_h6
[2020-10-23 13:42:39] IELM.cv12: Hidden size: 30 	 
Training MSE: 0.14890666 	 Validating MSE: 0.29318926 	 Best VMSE: 0.31476793
[2020-10-23 13:42:39] IELM.cv12: Found new best state
[2020-10-23 13:42:39] IELM.cv12: Best vmse: 0.2932
[2020-10-23 13:42:39] IELM.cv12: Checkpoint saved to experiments/normal/ar1/IELM_ar1_h6
[2020-10-23 13:42:39] IELM.cv12: Hidden size: 31 	 
Training MSE: 0.14486420 	 Validating MSE: 0.32064787 	 Best VMSE: 0.29318926
[2020-10-23 13:42:39] IELM.cv12: Checkpoint saved to experiments/normal/ar1/IELM_ar1_h6
[2020-10-23 13:42:39] IELM.cv12: Hidden size: 32 	 
Training MSE: 0.14294904 	 Validating MSE: 0.29557231 	 Best VMSE: 0.29318926
[2020-10-23 13:42:39] IELM.cv12: Checkpoint saved to experiments/normal/ar1/IELM_ar1_h6
[2020-10-23 13:42:39] IELM.cv12: Hidden size: 33 	 
Training MSE: 0.14179616 	 Validating MSE: 0.24864766 	 Best VMSE: 0.29318926
[2020-10-23 13:42:39] IELM.cv12: Found new best state
[2020-10-23 13:42:39] IELM.cv12: Best vmse: 0.2486
[2020-10-23 13:42:39] IELM.cv12: Checkpoint saved to experiments/normal/ar1/IELM_ar1_h6
[2020-10-23 13:42:40] IELM.cv12: Hidden size: 34 	 
Training MSE: 0.13495624 	 Validating MSE: 0.29625902 	 Best VMSE: 0.24864766
[2020-10-23 13:42:40] IELM.cv12: Checkpoint saved to experiments/normal/ar1/IELM_ar1_h6
[2020-10-23 13:42:40] IELM.cv12: Hidden size: 35 	 
Training MSE: 0.13366145 	 Validating MSE: 0.26619244 	 Best VMSE: 0.24864766
[2020-10-23 13:42:40] IELM.cv12: Checkpoint saved to experiments/normal/ar1/IELM_ar1_h6
[2020-10-23 13:42:40] IELM.cv12: Hidden size: 36 	 
Training MSE: 0.13328807 	 Validating MSE: 0.24794282 	 Best VMSE: 0.24864766
[2020-10-23 13:42:40] IELM.cv12: Found new best state
[2020-10-23 13:42:40] IELM.cv12: Best vmse: 0.2479
[2020-10-23 13:42:40] IELM.cv12: Checkpoint saved to experiments/normal/ar1/IELM_ar1_h6
[2020-10-23 13:42:40] IELM.cv12: Hidden size: 37 	 
Training MSE: 0.13270645 	 Validating MSE: 0.26414150 	 Best VMSE: 0.24794282
[2020-10-23 13:42:40] IELM.cv12: Checkpoint saved to experiments/normal/ar1/IELM_ar1_h6
[2020-10-23 13:42:40] IELM.cv12: Hidden size: 38 	 
Training MSE: 0.13123296 	 Validating MSE: 0.20889895 	 Best VMSE: 0.24794282
[2020-10-23 13:42:40] IELM.cv12: Found new best state
[2020-10-23 13:42:40] IELM.cv12: Best vmse: 0.2089
[2020-10-23 13:42:40] IELM.cv12: Checkpoint saved to experiments/normal/ar1/IELM_ar1_h6
[2020-10-23 13:42:40] IELM.cv12: Hidden size: 39 	 
Training MSE: 0.13112961 	 Validating MSE: 0.22147708 	 Best VMSE: 0.20889895
[2020-10-23 13:42:40] IELM.cv12: Checkpoint saved to experiments/normal/ar1/IELM_ar1_h6
[2020-10-23 13:42:40] IELM.cv12: Hidden size: 40 	 
Training MSE: 0.13108608 	 Validating MSE: 0.22869737 	 Best VMSE: 0.20889895
[2020-10-23 13:42:40] IELM.cv12: Checkpoint saved to experiments/normal/ar1/IELM_ar1_h6
[2020-10-23 13:42:40] IELM.cv12: Hidden size: 41 	 
Training MSE: 0.12870884 	 Validating MSE: 0.23724857 	 Best VMSE: 0.20889895
[2020-10-23 13:42:40] IELM.cv12: Checkpoint saved to experiments/normal/ar1/IELM_ar1_h6
[2020-10-23 13:42:40] IELM.cv12: Hidden size: 42 	 
Training MSE: 0.12782428 	 Validating MSE: 0.22738822 	 Best VMSE: 0.20889895
[2020-10-23 13:42:40] IELM.cv12: Checkpoint saved to experiments/normal/ar1/IELM_ar1_h6
[2020-10-23 13:42:40] IELM.cv12: Hidden size: 43 	 
Training MSE: 0.12510328 	 Validating MSE: 0.15287462 	 Best VMSE: 0.20889895
[2020-10-23 13:42:40] IELM.cv12: Found new best state
[2020-10-23 13:42:40] IELM.cv12: Best vmse: 0.1529
[2020-10-23 13:42:40] IELM.cv12: Checkpoint saved to experiments/normal/ar1/IELM_ar1_h6
[2020-10-23 13:42:40] IELM.cv12: Hidden size: 44 	 
Training MSE: 0.12366854 	 Validating MSE: 0.15989907 	 Best VMSE: 0.15287462
[2020-10-23 13:42:40] IELM.cv12: Checkpoint saved to experiments/normal/ar1/IELM_ar1_h6
[2020-10-23 13:42:40] IELM.cv12: Hidden size: 45 	 
Training MSE: 0.12366025 	 Validating MSE: 0.15624495 	 Best VMSE: 0.15287462
[2020-10-23 13:42:40] IELM.cv12: Checkpoint saved to experiments/normal/ar1/IELM_ar1_h6
[2020-10-23 13:42:40] IELM.cv12: Hidden size: 46 	 
Training MSE: 0.12347703 	 Validating MSE: 0.14714935 	 Best VMSE: 0.15287462
[2020-10-23 13:42:40] IELM.cv12: Found new best state
[2020-10-23 13:42:40] IELM.cv12: Best vmse: 0.1471
[2020-10-23 13:42:40] IELM.cv12: Checkpoint saved to experiments/normal/ar1/IELM_ar1_h6
[2020-10-23 13:42:40] IELM.cv12: Hidden size: 47 	 
Training MSE: 0.12275910 	 Validating MSE: 0.12421381 	 Best VMSE: 0.14714935
[2020-10-23 13:42:40] IELM.cv12: Found new best state
[2020-10-23 13:42:40] IELM.cv12: Best vmse: 0.1242
[2020-10-23 13:42:40] IELM.cv12: Checkpoint saved to experiments/normal/ar1/IELM_ar1_h6
[2020-10-23 13:42:40] IELM.cv12: Hidden size: 48 	 
Training MSE: 0.12033504 	 Validating MSE: 0.12902269 	 Best VMSE: 0.12421381
[2020-10-23 13:42:40] IELM.cv12: Checkpoint saved to experiments/normal/ar1/IELM_ar1_h6
[2020-10-23 13:42:40] IELM.cv12: Hidden size: 49 	 
Training MSE: 0.12020168 	 Validating MSE: 0.12263016 	 Best VMSE: 0.12421381
[2020-10-23 13:42:40] IELM.cv12: Found new best state
[2020-10-23 13:42:40] IELM.cv12: Best vmse: 0.1226
[2020-10-23 13:42:40] IELM.cv12: Checkpoint saved to experiments/normal/ar1/IELM_ar1_h6
[2020-10-23 13:42:40] IELM.cv12: Hidden size: 50 	 
Training MSE: 0.11985670 	 Validating MSE: 0.12519059 	 Best VMSE: 0.12263016
[2020-10-23 13:42:40] IELM.cv12: Checkpoint saved to experiments/normal/ar1/IELM_ar1_h6
[2020-10-23 13:42:40] IELM.cv12: Hidden size: 51 	 
Training MSE: 0.11901829 	 Validating MSE: 0.11853978 	 Best VMSE: 0.12263016
[2020-10-23 13:42:40] IELM.cv12: Found new best state
[2020-10-23 13:42:40] IELM.cv12: Best vmse: 0.1185
[2020-10-23 13:42:40] IELM.cv12: Checkpoint saved to experiments/normal/ar1/IELM_ar1_h6
[2020-10-23 13:42:40] IELM.cv12: Hidden size: 52 	 
Training MSE: 0.11882516 	 Validating MSE: 0.12052891 	 Best VMSE: 0.11853978
[2020-10-23 13:42:40] IELM.cv12: Checkpoint saved to experiments/normal/ar1/IELM_ar1_h6
[2020-10-23 13:42:40] IELM.cv12: Hidden size: 53 	 
Training MSE: 0.11863710 	 Validating MSE: 0.12849686 	 Best VMSE: 0.11853978
[2020-10-23 13:42:40] IELM.cv12: Checkpoint saved to experiments/normal/ar1/IELM_ar1_h6
[2020-10-23 13:42:40] IELM.cv12: Hidden size: 54 	 
Training MSE: 0.11842982 	 Validating MSE: 0.12004777 	 Best VMSE: 0.11853978
[2020-10-23 13:42:40] IELM.cv12: Checkpoint saved to experiments/normal/ar1/IELM_ar1_h6
[2020-10-23 13:42:40] IELM.cv12: Hidden size: 55 	 
Training MSE: 0.11799868 	 Validating MSE: 0.12462122 	 Best VMSE: 0.11853978
[2020-10-23 13:42:40] IELM.cv12: Checkpoint saved to experiments/normal/ar1/IELM_ar1_h6
[2020-10-23 13:42:40] IELM.cv12: Hidden size: 56 	 
Training MSE: 0.11765088 	 Validating MSE: 0.11388574 	 Best VMSE: 0.11853978
[2020-10-23 13:42:40] IELM.cv12: Found new best state
[2020-10-23 13:42:40] IELM.cv12: Best vmse: 0.1139
[2020-10-23 13:42:40] IELM.cv12: Checkpoint saved to experiments/normal/ar1/IELM_ar1_h6
[2020-10-23 13:42:40] IELM.cv12: Hidden size: 57 	 
Training MSE: 0.11763982 	 Validating MSE: 0.11326294 	 Best VMSE: 0.11388574
[2020-10-23 13:42:40] IELM.cv12: Found new best state
[2020-10-23 13:42:40] IELM.cv12: Best vmse: 0.1133
[2020-10-23 13:42:40] IELM.cv12: Checkpoint saved to experiments/normal/ar1/IELM_ar1_h6
[2020-10-23 13:42:40] IELM.cv12: Hidden size: 58 	 
Training MSE: 0.11763719 	 Validating MSE: 0.11350536 	 Best VMSE: 0.11326294
[2020-10-23 13:42:40] IELM.cv12: Checkpoint saved to experiments/normal/ar1/IELM_ar1_h6
[2020-10-23 13:42:40] IELM.cv12: Hidden size: 59 	 
Training MSE: 0.11756654 	 Validating MSE: 0.11473246 	 Best VMSE: 0.11326294
[2020-10-23 13:42:40] IELM.cv12: Checkpoint saved to experiments/normal/ar1/IELM_ar1_h6
[2020-10-23 13:42:40] IELM.cv12: Hidden size: 60 	 
Training MSE: 0.11727361 	 Validating MSE: 0.11157302 	 Best VMSE: 0.11326294
[2020-10-23 13:42:40] IELM.cv12: Found new best state
[2020-10-23 13:42:40] IELM.cv12: Best vmse: 0.1116
[2020-10-23 13:42:40] IELM.cv12: Checkpoint saved to experiments/normal/ar1/IELM_ar1_h6
[2020-10-23 13:42:40] IELM.cv12: Hidden size: 61 	 
Training MSE: 0.11578386 	 Validating MSE: 0.12688448 	 Best VMSE: 0.11157302
[2020-10-23 13:42:40] IELM.cv12: Checkpoint saved to experiments/normal/ar1/IELM_ar1_h6
[2020-10-23 13:42:40] IELM.cv12: Hidden size: 62 	 
Training MSE: 0.11537527 	 Validating MSE: 0.12132943 	 Best VMSE: 0.11157302
[2020-10-23 13:42:40] IELM.cv12: Checkpoint saved to experiments/normal/ar1/IELM_ar1_h6
[2020-10-23 13:42:40] IELM.cv12: Hidden size: 63 	 
Training MSE: 0.11522896 	 Validating MSE: 0.11843452 	 Best VMSE: 0.11157302
[2020-10-23 13:42:40] IELM.cv12: Checkpoint saved to experiments/normal/ar1/IELM_ar1_h6
[2020-10-23 13:42:40] IELM.cv12: Hidden size: 64 	 
Training MSE: 0.11522823 	 Validating MSE: 0.11834605 	 Best VMSE: 0.11157302
[2020-10-23 13:42:40] IELM.cv12: Checkpoint saved to experiments/normal/ar1/IELM_ar1_h6
[2020-10-23 13:42:40] IELM.cv12: Hidden size: 65 	 
Training MSE: 0.11468314 	 Validating MSE: 0.12024650 	 Best VMSE: 0.11157302
[2020-10-23 13:42:40] IELM.cv12: Checkpoint saved to experiments/normal/ar1/IELM_ar1_h6
[2020-10-23 13:42:40] IELM.cv12: Hidden size: 66 	 
Training MSE: 0.11410195 	 Validating MSE: 0.10793650 	 Best VMSE: 0.11157302
[2020-10-23 13:42:40] IELM.cv12: Found new best state
[2020-10-23 13:42:40] IELM.cv12: Best vmse: 0.1079
[2020-10-23 13:42:40] IELM.cv12: Checkpoint saved to experiments/normal/ar1/IELM_ar1_h6
[2020-10-23 13:42:40] IELM.cv12: Hidden size: 67 	 
Training MSE: 0.11397695 	 Validating MSE: 0.10455481 	 Best VMSE: 0.10793650
[2020-10-23 13:42:40] IELM.cv12: Found new best state
[2020-10-23 13:42:40] IELM.cv12: Best vmse: 0.1046
[2020-10-23 13:42:40] IELM.cv12: Checkpoint saved to experiments/normal/ar1/IELM_ar1_h6
[2020-10-23 13:42:40] IELM.cv12: Hidden size: 68 	 
Training MSE: 0.11280484 	 Validating MSE: 0.12633581 	 Best VMSE: 0.10455481
[2020-10-23 13:42:40] IELM.cv12: Checkpoint saved to experiments/normal/ar1/IELM_ar1_h6
[2020-10-23 13:42:40] IELM.cv12: Hidden size: 69 	 
Training MSE: 0.11238488 	 Validating MSE: 0.13334413 	 Best VMSE: 0.10455481
[2020-10-23 13:42:40] IELM.cv12: Checkpoint saved to experiments/normal/ar1/IELM_ar1_h6
[2020-10-23 13:42:40] IELM.cv12: Hidden size: 70 	 
Training MSE: 0.11214435 	 Validating MSE: 0.13021480 	 Best VMSE: 0.10455481
[2020-10-23 13:42:40] IELM.cv12: Checkpoint saved to experiments/normal/ar1/IELM_ar1_h6
[2020-10-23 13:42:41] IELM.cv12: Hidden size: 71 	 
Training MSE: 0.11154231 	 Validating MSE: 0.11258262 	 Best VMSE: 0.10455481
[2020-10-23 13:42:41] IELM.cv12: Checkpoint saved to experiments/normal/ar1/IELM_ar1_h6
[2020-10-23 13:42:41] IELM.cv12: Hidden size: 72 	 
Training MSE: 0.11153065 	 Validating MSE: 0.11357640 	 Best VMSE: 0.10455481
[2020-10-23 13:42:41] IELM.cv12: Checkpoint saved to experiments/normal/ar1/IELM_ar1_h6
[2020-10-23 13:42:41] IELM.cv12: Hidden size: 73 	 
Training MSE: 0.11153040 	 Validating MSE: 0.11363486 	 Best VMSE: 0.10455481
[2020-10-23 13:42:41] IELM.cv12: Checkpoint saved to experiments/normal/ar1/IELM_ar1_h6
[2020-10-23 13:42:41] IELM.cv12: Hidden size: 74 	 
Training MSE: 0.11142459 	 Validating MSE: 0.11794002 	 Best VMSE: 0.10455481
[2020-10-23 13:42:41] IELM.cv12: Checkpoint saved to experiments/normal/ar1/IELM_ar1_h6
[2020-10-23 13:42:41] IELM.cv12: Hidden size: 75 	 
Training MSE: 0.11121818 	 Validating MSE: 0.11647552 	 Best VMSE: 0.10455481
[2020-10-23 13:42:41] IELM.cv12: Checkpoint saved to experiments/normal/ar1/IELM_ar1_h6
[2020-10-23 13:42:41] IELM.cv12: Hidden size: 76 	 
Training MSE: 0.11120774 	 Validating MSE: 0.11711378 	 Best VMSE: 0.10455481
[2020-10-23 13:42:41] IELM.cv12: Checkpoint saved to experiments/normal/ar1/IELM_ar1_h6
[2020-10-23 13:42:41] IELM.cv12: Hidden size: 77 	 
Training MSE: 0.11106170 	 Validating MSE: 0.12161320 	 Best VMSE: 0.10455481
[2020-10-23 13:42:41] IELM.cv12: Checkpoint saved to experiments/normal/ar1/IELM_ar1_h6
[2020-10-23 13:42:41] IELM.cv12: Hidden size: 78 	 
Training MSE: 0.11086751 	 Validating MSE: 0.10877768 	 Best VMSE: 0.10455481
[2020-10-23 13:42:41] IELM.cv12: Checkpoint saved to experiments/normal/ar1/IELM_ar1_h6
[2020-10-23 13:42:41] IELM.cv12: Hidden size: 79 	 
Training MSE: 0.11085015 	 Validating MSE: 0.10814318 	 Best VMSE: 0.10455481
[2020-10-23 13:42:41] IELM.cv12: Checkpoint saved to experiments/normal/ar1/IELM_ar1_h6
[2020-10-23 13:42:41] IELM.cv12: Hidden size: 80 	 
Training MSE: 0.11065859 	 Validating MSE: 0.11235664 	 Best VMSE: 0.10455481
[2020-10-23 13:42:41] IELM.cv12: Checkpoint saved to experiments/normal/ar1/IELM_ar1_h6
[2020-10-23 13:42:41] IELM.cv12: Hidden size: 81 	 
Training MSE: 0.11036900 	 Validating MSE: 0.11713026 	 Best VMSE: 0.10455481
[2020-10-23 13:42:41] IELM.cv12: Checkpoint saved to experiments/normal/ar1/IELM_ar1_h6
[2020-10-23 13:42:41] IELM.cv12: Hidden size: 82 	 
Training MSE: 0.10980660 	 Validating MSE: 0.11133192 	 Best VMSE: 0.10455481
[2020-10-23 13:42:41] IELM.cv12: Checkpoint saved to experiments/normal/ar1/IELM_ar1_h6
[2020-10-23 13:42:41] IELM.cv12: Hidden size: 83 	 
Training MSE: 0.10974333 	 Validating MSE: 0.11254112 	 Best VMSE: 0.10455481
[2020-10-23 13:42:41] IELM.cv12: Checkpoint saved to experiments/normal/ar1/IELM_ar1_h6
[2020-10-23 13:42:41] IELM.cv12: Hidden size: 84 	 
Training MSE: 0.10973182 	 Validating MSE: 0.11221512 	 Best VMSE: 0.10455481
[2020-10-23 13:42:41] IELM.cv12: Checkpoint saved to experiments/normal/ar1/IELM_ar1_h6
[2020-10-23 13:42:41] IELM.cv12: Hidden size: 85 	 
Training MSE: 0.10962003 	 Validating MSE: 0.11669736 	 Best VMSE: 0.10455481
[2020-10-23 13:42:41] IELM.cv12: Checkpoint saved to experiments/normal/ar1/IELM_ar1_h6
[2020-10-23 13:42:41] IELM.cv12: Hidden size: 86 	 
Training MSE: 0.10949702 	 Validating MSE: 0.11483403 	 Best VMSE: 0.10455481
[2020-10-23 13:42:41] IELM.cv12: Checkpoint saved to experiments/normal/ar1/IELM_ar1_h6
[2020-10-23 13:42:41] IELM.cv12: Hidden size: 87 	 
Training MSE: 0.10947511 	 Validating MSE: 0.11662222 	 Best VMSE: 0.10455481
[2020-10-23 13:42:41] IELM.cv12: Checkpoint saved to experiments/normal/ar1/IELM_ar1_h6
[2020-10-23 13:42:41] IELM.cv12: Hidden size: 88 	 
Training MSE: 0.10947080 	 Validating MSE: 0.11755215 	 Best VMSE: 0.10455481
[2020-10-23 13:42:41] IELM.cv12: Checkpoint saved to experiments/normal/ar1/IELM_ar1_h6
[2020-10-23 13:42:41] IELM.cv12: Hidden size: 89 	 
Training MSE: 0.10946779 	 Validating MSE: 0.11800233 	 Best VMSE: 0.10455481
[2020-10-23 13:42:41] IELM.cv12: Checkpoint saved to experiments/normal/ar1/IELM_ar1_h6
[2020-10-23 13:42:41] IELM.cv12: Hidden size: 90 	 
Training MSE: 0.10943817 	 Validating MSE: 0.11938793 	 Best VMSE: 0.10455481
[2020-10-23 13:42:41] IELM.cv12: Checkpoint saved to experiments/normal/ar1/IELM_ar1_h6
[2020-10-23 13:42:41] IELM.cv12: Hidden size: 91 	 
Training MSE: 0.10878115 	 Validating MSE: 0.11055587 	 Best VMSE: 0.10455481
[2020-10-23 13:42:41] IELM.cv12: Checkpoint saved to experiments/normal/ar1/IELM_ar1_h6
[2020-10-23 13:42:41] IELM.cv12: Hidden size: 92 	 
Training MSE: 0.10780990 	 Validating MSE: 0.12861229 	 Best VMSE: 0.10455481
[2020-10-23 13:42:41] IELM.cv12: Checkpoint saved to experiments/normal/ar1/IELM_ar1_h6
[2020-10-23 13:42:41] IELM.cv12: Hidden size: 93 	 
Training MSE: 0.10726699 	 Validating MSE: 0.11715113 	 Best VMSE: 0.10455481
[2020-10-23 13:42:41] IELM.cv12: Checkpoint saved to experiments/normal/ar1/IELM_ar1_h6
[2020-10-23 13:42:41] IELM.cv12: Hidden size: 94 	 
Training MSE: 0.10665261 	 Validating MSE: 0.12951724 	 Best VMSE: 0.10455481
[2020-10-23 13:42:41] IELM.cv12: Checkpoint saved to experiments/normal/ar1/IELM_ar1_h6
[2020-10-23 13:42:41] IELM.cv12: Hidden size: 95 	 
Training MSE: 0.10657367 	 Validating MSE: 0.12562013 	 Best VMSE: 0.10455481
[2020-10-23 13:42:41] IELM.cv12: Checkpoint saved to experiments/normal/ar1/IELM_ar1_h6
[2020-10-23 13:42:41] IELM.cv12: Hidden size: 96 	 
Training MSE: 0.10657248 	 Validating MSE: 0.12547284 	 Best VMSE: 0.10455481
[2020-10-23 13:42:41] IELM.cv12: Checkpoint saved to experiments/normal/ar1/IELM_ar1_h6
[2020-10-23 13:42:41] IELM.cv12: Hidden size: 97 	 
Training MSE: 0.10596595 	 Validating MSE: 0.11629628 	 Best VMSE: 0.10455481
[2020-10-23 13:42:41] IELM.cv12: Checkpoint saved to experiments/normal/ar1/IELM_ar1_h6
[2020-10-23 13:42:41] IELM.cv12: Hidden size: 98 	 
Training MSE: 0.10578150 	 Validating MSE: 0.12267278 	 Best VMSE: 0.10455481
[2020-10-23 13:42:41] IELM.cv12: Checkpoint saved to experiments/normal/ar1/IELM_ar1_h6
[2020-10-23 13:42:41] IELM.cv12: Hidden size: 99 	 
Training MSE: 0.10565347 	 Validating MSE: 0.11914860 	 Best VMSE: 0.10455481
[2020-10-23 13:42:41] IELM.cv12: Checkpoint saved to experiments/normal/ar1/IELM_ar1_h6
[2020-10-23 13:42:41] IELM.cv12: Hidden size: 100 	 
Training MSE: 0.10563774 	 Validating MSE: 0.12290729 	 Best VMSE: 0.10455481
[2020-10-23 13:42:41] IELM.cv12: Checkpoint saved to experiments/normal/ar1/IELM_ar1_h6
[2020-10-23 13:42:41] IELM.cv12: Restoring best parameters from experiments/normal/ar1/IELM_ar1_h6/train.cv12.pth.tar
[2020-10-23 13:42:41] IELM.cv12: ar1	 H: 6	 Trail: 31 
Testing RMSE: 0.7176 	 MAPE: 0.1359 	 SMAPE: 0.07554
