[2020-10-23 13:42:36] IELM.cv11: Loading the datasets and model for 30th-batch-training
[2020-10-23 13:42:36] IELM.cv11: Argument hidden_size: 100
[2020-10-23 13:42:36] IELM.cv11: Argument candidate_size: 300
[2020-10-23 13:42:36] IELM.cv11: Argument Lambdas: [0.5, 1, 5, 15, 30, 50, 100, 150, 200]
[2020-10-23 13:42:36] IELM.cv11: Argument Lambdas_std: [0.01, 0.05, 0.1, 0.5, 1]
[2020-10-23 13:42:36] IELM.cv11: Argument r: [0.8, 0.9, 0.99, 0.9999, 0.999999]
[2020-10-23 13:42:36] IELM.cv11: Argument tolerance: 0
[2020-10-23 13:42:36] IELM.cv11: Argument device: device(type='cuda')
[2020-10-23 13:42:36] IELM.cv11: Argument dataset: 'ar1'
[2020-10-23 13:42:36] IELM.cv11: Argument H: 6
[2020-10-23 13:42:36] IELM.cv11: Argument k: 5
[2020-10-23 13:42:36] IELM.cv11: Argument test: False
[2020-10-23 13:42:36] IELM.cv11: Argument normal: True
[2020-10-23 13:42:36] IELM.cv11: Argument diff: False
[2020-10-23 13:42:36] IELM.cv11: Argument times: 60
[2020-10-23 13:42:36] IELM.cv11: Argument datasets: {'ar1': {'lag_order': 15, 'normal': True, 'cov_dim': 0, 'kernel_size': 3}, 'wti': {'lag_order': 25, 'normal': True, 'cov_dim': 0, 'kernel_size': 5}, 'gold': {'lag_order': 25, 'normal': True, 'cov_dim': 0, 'kernel_size': 5}, 'sp': {'lag_order': 25, 'normal': True, 'cov_dim': 0, 'kernel_size': 5}, 'brent': {'lag_order': 24, 'normal': True, 'cov_dim': 0, 'kernel_size': 6}, 'sili': {'lag_order': 26, 'normal': True, 'cov_dim': 0, 'kernel_size': 6}}
[2020-10-23 13:42:36] IELM.cv11: Argument steps: 15
[2020-10-23 13:42:36] IELM.cv11: Argument experiment: 'experiments/normal/ar1'
[2020-10-23 13:42:36] IELM.cv11: Argument scaler: StandardScaler()
[2020-10-23 13:42:36] IELM.cv11: Argument model_name: 'IELM_ar1_h6'
[2020-10-23 13:42:36] IELM.cv11: Argument model_dir: 'experiments/normal/ar1/IELM_ar1_h6'
[2020-10-23 13:42:36] IELM.cv11: Argument restore: True
[2020-10-23 13:42:36] IELM.cv11: Argument cv: 11
[2020-10-23 13:42:36] IELM.cv11: Argument plot_dir: 'experiments/normal/ar1/IELM_ar1_h6/figures'
[2020-10-23 13:42:36] IELM.cv11: Using Cuda...
[2020-10-23 13:42:36] IELM.cv11: Loading complete.
[2020-10-23 13:42:36] IELM.cv11: Model: 
IELM(
  (loss_fn): MSELoss()
)
[2020-10-23 13:42:36] IELM.cv11: Hidden size: 1 	 
Training MSE: 0.33519429 	 Validating MSE: 2.13346887 	 Best VMSE: 9999.00000000
[2020-10-23 13:42:36] IELM.cv11: Found new best state
[2020-10-23 13:42:36] IELM.cv11: Best vmse: 2.1335
[2020-10-23 13:42:36] IELM.cv11: Checkpoint saved to experiments/normal/ar1/IELM_ar1_h6
[2020-10-23 13:42:36] IELM.cv11: Hidden size: 2 	 
Training MSE: 0.33189631 	 Validating MSE: 2.28737307 	 Best VMSE: 2.13346887
[2020-10-23 13:42:36] IELM.cv11: Checkpoint saved to experiments/normal/ar1/IELM_ar1_h6
[2020-10-23 13:42:36] IELM.cv11: Hidden size: 3 	 
Training MSE: 0.32678774 	 Validating MSE: 2.03348804 	 Best VMSE: 2.13346887
[2020-10-23 13:42:36] IELM.cv11: Found new best state
[2020-10-23 13:42:36] IELM.cv11: Best vmse: 2.0335
[2020-10-23 13:42:36] IELM.cv11: Checkpoint saved to experiments/normal/ar1/IELM_ar1_h6
[2020-10-23 13:42:36] IELM.cv11: Hidden size: 4 	 
Training MSE: 0.31612721 	 Validating MSE: 2.21621823 	 Best VMSE: 2.03348804
[2020-10-23 13:42:36] IELM.cv11: Checkpoint saved to experiments/normal/ar1/IELM_ar1_h6
[2020-10-23 13:42:36] IELM.cv11: Hidden size: 5 	 
Training MSE: 0.30616355 	 Validating MSE: 1.82468700 	 Best VMSE: 2.03348804
[2020-10-23 13:42:36] IELM.cv11: Found new best state
[2020-10-23 13:42:36] IELM.cv11: Best vmse: 1.8247
[2020-10-23 13:42:36] IELM.cv11: Checkpoint saved to experiments/normal/ar1/IELM_ar1_h6
[2020-10-23 13:42:36] IELM.cv11: Hidden size: 6 	 
Training MSE: 0.30329153 	 Validating MSE: 1.98695266 	 Best VMSE: 1.82468700
[2020-10-23 13:42:36] IELM.cv11: Checkpoint saved to experiments/normal/ar1/IELM_ar1_h6
[2020-10-23 13:42:36] IELM.cv11: Hidden size: 7 	 
Training MSE: 0.26832977 	 Validating MSE: 0.96421492 	 Best VMSE: 1.82468700
[2020-10-23 13:42:36] IELM.cv11: Found new best state
[2020-10-23 13:42:36] IELM.cv11: Best vmse: 0.9642
[2020-10-23 13:42:36] IELM.cv11: Checkpoint saved to experiments/normal/ar1/IELM_ar1_h6
[2020-10-23 13:42:36] IELM.cv11: Hidden size: 8 	 
Training MSE: 0.25275457 	 Validating MSE: 1.29448175 	 Best VMSE: 0.96421492
[2020-10-23 13:42:36] IELM.cv11: Checkpoint saved to experiments/normal/ar1/IELM_ar1_h6
[2020-10-23 13:42:36] IELM.cv11: Hidden size: 9 	 
Training MSE: 0.24664047 	 Validating MSE: 1.45908666 	 Best VMSE: 0.96421492
[2020-10-23 13:42:36] IELM.cv11: Checkpoint saved to experiments/normal/ar1/IELM_ar1_h6
[2020-10-23 13:42:36] IELM.cv11: Hidden size: 10 	 
Training MSE: 0.23308870 	 Validating MSE: 1.06295311 	 Best VMSE: 0.96421492
[2020-10-23 13:42:36] IELM.cv11: Checkpoint saved to experiments/normal/ar1/IELM_ar1_h6
[2020-10-23 13:42:36] IELM.cv11: Hidden size: 11 	 
Training MSE: 0.22762766 	 Validating MSE: 0.75877768 	 Best VMSE: 0.96421492
[2020-10-23 13:42:36] IELM.cv11: Found new best state
[2020-10-23 13:42:36] IELM.cv11: Best vmse: 0.7588
[2020-10-23 13:42:36] IELM.cv11: Checkpoint saved to experiments/normal/ar1/IELM_ar1_h6
[2020-10-23 13:42:36] IELM.cv11: Hidden size: 12 	 
Training MSE: 0.19810055 	 Validating MSE: 0.83187491 	 Best VMSE: 0.75877768
[2020-10-23 13:42:36] IELM.cv11: Checkpoint saved to experiments/normal/ar1/IELM_ar1_h6
[2020-10-23 13:42:36] IELM.cv11: Hidden size: 13 	 
Training MSE: 0.19810008 	 Validating MSE: 0.83134276 	 Best VMSE: 0.75877768
[2020-10-23 13:42:36] IELM.cv11: Checkpoint saved to experiments/normal/ar1/IELM_ar1_h6
[2020-10-23 13:42:36] IELM.cv11: Hidden size: 14 	 
Training MSE: 0.18855283 	 Validating MSE: 0.59266263 	 Best VMSE: 0.75877768
[2020-10-23 13:42:36] IELM.cv11: Found new best state
[2020-10-23 13:42:36] IELM.cv11: Best vmse: 0.5927
[2020-10-23 13:42:36] IELM.cv11: Checkpoint saved to experiments/normal/ar1/IELM_ar1_h6
[2020-10-23 13:42:36] IELM.cv11: Hidden size: 15 	 
Training MSE: 0.18450858 	 Validating MSE: 0.71141559 	 Best VMSE: 0.59266263
[2020-10-23 13:42:36] IELM.cv11: Checkpoint saved to experiments/normal/ar1/IELM_ar1_h6
[2020-10-23 13:42:36] IELM.cv11: Hidden size: 16 	 
Training MSE: 0.18226501 	 Validating MSE: 0.61153662 	 Best VMSE: 0.59266263
[2020-10-23 13:42:36] IELM.cv11: Checkpoint saved to experiments/normal/ar1/IELM_ar1_h6
[2020-10-23 13:42:36] IELM.cv11: Hidden size: 17 	 
Training MSE: 0.18112813 	 Validating MSE: 0.52932495 	 Best VMSE: 0.59266263
[2020-10-23 13:42:36] IELM.cv11: Found new best state
[2020-10-23 13:42:36] IELM.cv11: Best vmse: 0.5293
[2020-10-23 13:42:36] IELM.cv11: Checkpoint saved to experiments/normal/ar1/IELM_ar1_h6
[2020-10-23 13:42:36] IELM.cv11: Hidden size: 18 	 
Training MSE: 0.17754163 	 Validating MSE: 0.61261690 	 Best VMSE: 0.52932495
[2020-10-23 13:42:36] IELM.cv11: Checkpoint saved to experiments/normal/ar1/IELM_ar1_h6
[2020-10-23 13:42:36] IELM.cv11: Hidden size: 19 	 
Training MSE: 0.17664060 	 Validating MSE: 0.56420666 	 Best VMSE: 0.52932495
[2020-10-23 13:42:36] IELM.cv11: Checkpoint saved to experiments/normal/ar1/IELM_ar1_h6
[2020-10-23 13:42:36] IELM.cv11: Hidden size: 20 	 
Training MSE: 0.16890554 	 Validating MSE: 0.59076774 	 Best VMSE: 0.52932495
[2020-10-23 13:42:36] IELM.cv11: Checkpoint saved to experiments/normal/ar1/IELM_ar1_h6
[2020-10-23 13:42:36] IELM.cv11: Hidden size: 21 	 
Training MSE: 0.16311051 	 Validating MSE: 0.44648105 	 Best VMSE: 0.52932495
[2020-10-23 13:42:36] IELM.cv11: Found new best state
[2020-10-23 13:42:36] IELM.cv11: Best vmse: 0.4465
[2020-10-23 13:42:36] IELM.cv11: Checkpoint saved to experiments/normal/ar1/IELM_ar1_h6
[2020-10-23 13:42:36] IELM.cv11: Hidden size: 22 	 
Training MSE: 0.16159803 	 Validating MSE: 0.51352668 	 Best VMSE: 0.44648105
[2020-10-23 13:42:36] IELM.cv11: Checkpoint saved to experiments/normal/ar1/IELM_ar1_h6
[2020-10-23 13:42:36] IELM.cv11: Hidden size: 23 	 
Training MSE: 0.16149209 	 Validating MSE: 0.52706772 	 Best VMSE: 0.44648105
[2020-10-23 13:42:36] IELM.cv11: Checkpoint saved to experiments/normal/ar1/IELM_ar1_h6
[2020-10-23 13:42:36] IELM.cv11: Hidden size: 24 	 
Training MSE: 0.15639117 	 Validating MSE: 0.39480484 	 Best VMSE: 0.44648105
[2020-10-23 13:42:36] IELM.cv11: Found new best state
[2020-10-23 13:42:36] IELM.cv11: Best vmse: 0.3948
[2020-10-23 13:42:36] IELM.cv11: Checkpoint saved to experiments/normal/ar1/IELM_ar1_h6
[2020-10-23 13:42:37] IELM.cv11: Hidden size: 25 	 
Training MSE: 0.15065171 	 Validating MSE: 0.47704145 	 Best VMSE: 0.39480484
[2020-10-23 13:42:37] IELM.cv11: Checkpoint saved to experiments/normal/ar1/IELM_ar1_h6
[2020-10-23 13:42:37] IELM.cv11: Hidden size: 26 	 
Training MSE: 0.15011868 	 Validating MSE: 0.49591362 	 Best VMSE: 0.39480484
[2020-10-23 13:42:37] IELM.cv11: Checkpoint saved to experiments/normal/ar1/IELM_ar1_h6
[2020-10-23 13:42:37] IELM.cv11: Hidden size: 27 	 
Training MSE: 0.14984067 	 Validating MSE: 0.48121187 	 Best VMSE: 0.39480484
[2020-10-23 13:42:37] IELM.cv11: Checkpoint saved to experiments/normal/ar1/IELM_ar1_h6
[2020-10-23 13:42:37] IELM.cv11: Hidden size: 28 	 
Training MSE: 0.14926229 	 Validating MSE: 0.45839843 	 Best VMSE: 0.39480484
[2020-10-23 13:42:37] IELM.cv11: Checkpoint saved to experiments/normal/ar1/IELM_ar1_h6
[2020-10-23 13:42:37] IELM.cv11: Hidden size: 29 	 
Training MSE: 0.14793696 	 Validating MSE: 0.37633461 	 Best VMSE: 0.39480484
[2020-10-23 13:42:37] IELM.cv11: Found new best state
[2020-10-23 13:42:37] IELM.cv11: Best vmse: 0.3763
[2020-10-23 13:42:37] IELM.cv11: Checkpoint saved to experiments/normal/ar1/IELM_ar1_h6
[2020-10-23 13:42:37] IELM.cv11: Hidden size: 30 	 
Training MSE: 0.14790538 	 Validating MSE: 0.38490555 	 Best VMSE: 0.37633461
[2020-10-23 13:42:37] IELM.cv11: Checkpoint saved to experiments/normal/ar1/IELM_ar1_h6
[2020-10-23 13:42:37] IELM.cv11: Hidden size: 31 	 
Training MSE: 0.14789023 	 Validating MSE: 0.38959005 	 Best VMSE: 0.37633461
[2020-10-23 13:42:37] IELM.cv11: Checkpoint saved to experiments/normal/ar1/IELM_ar1_h6
[2020-10-23 13:42:37] IELM.cv11: Hidden size: 32 	 
Training MSE: 0.14333738 	 Validating MSE: 0.21694651 	 Best VMSE: 0.37633461
[2020-10-23 13:42:37] IELM.cv11: Found new best state
[2020-10-23 13:42:37] IELM.cv11: Best vmse: 0.2169
[2020-10-23 13:42:37] IELM.cv11: Checkpoint saved to experiments/normal/ar1/IELM_ar1_h6
[2020-10-23 13:42:37] IELM.cv11: Hidden size: 33 	 
Training MSE: 0.14307810 	 Validating MSE: 0.19370240 	 Best VMSE: 0.21694651
[2020-10-23 13:42:37] IELM.cv11: Found new best state
[2020-10-23 13:42:37] IELM.cv11: Best vmse: 0.1937
[2020-10-23 13:42:37] IELM.cv11: Checkpoint saved to experiments/normal/ar1/IELM_ar1_h6
[2020-10-23 13:42:37] IELM.cv11: Hidden size: 34 	 
Training MSE: 0.14013048 	 Validating MSE: 0.25875726 	 Best VMSE: 0.19370240
[2020-10-23 13:42:37] IELM.cv11: Checkpoint saved to experiments/normal/ar1/IELM_ar1_h6
[2020-10-23 13:42:37] IELM.cv11: Hidden size: 35 	 
Training MSE: 0.13960728 	 Validating MSE: 0.28791252 	 Best VMSE: 0.19370240
[2020-10-23 13:42:37] IELM.cv11: Checkpoint saved to experiments/normal/ar1/IELM_ar1_h6
[2020-10-23 13:42:37] IELM.cv11: Hidden size: 36 	 
Training MSE: 0.13940324 	 Validating MSE: 0.30165878 	 Best VMSE: 0.19370240
[2020-10-23 13:42:37] IELM.cv11: Checkpoint saved to experiments/normal/ar1/IELM_ar1_h6
[2020-10-23 13:42:37] IELM.cv11: Hidden size: 37 	 
Training MSE: 0.13934882 	 Validating MSE: 0.29439244 	 Best VMSE: 0.19370240
[2020-10-23 13:42:37] IELM.cv11: Checkpoint saved to experiments/normal/ar1/IELM_ar1_h6
[2020-10-23 13:42:37] IELM.cv11: Hidden size: 38 	 
Training MSE: 0.13789448 	 Validating MSE: 0.30588555 	 Best VMSE: 0.19370240
[2020-10-23 13:42:37] IELM.cv11: Checkpoint saved to experiments/normal/ar1/IELM_ar1_h6
[2020-10-23 13:42:37] IELM.cv11: Hidden size: 39 	 
Training MSE: 0.13779677 	 Validating MSE: 0.30173540 	 Best VMSE: 0.19370240
[2020-10-23 13:42:37] IELM.cv11: Checkpoint saved to experiments/normal/ar1/IELM_ar1_h6
[2020-10-23 13:42:37] IELM.cv11: Hidden size: 40 	 
Training MSE: 0.13778232 	 Validating MSE: 0.29905584 	 Best VMSE: 0.19370240
[2020-10-23 13:42:37] IELM.cv11: Checkpoint saved to experiments/normal/ar1/IELM_ar1_h6
[2020-10-23 13:42:37] IELM.cv11: Hidden size: 41 	 
Training MSE: 0.13477604 	 Validating MSE: 0.22089145 	 Best VMSE: 0.19370240
[2020-10-23 13:42:37] IELM.cv11: Checkpoint saved to experiments/normal/ar1/IELM_ar1_h6
[2020-10-23 13:42:37] IELM.cv11: Hidden size: 42 	 
Training MSE: 0.13379392 	 Validating MSE: 0.24263285 	 Best VMSE: 0.19370240
[2020-10-23 13:42:37] IELM.cv11: Checkpoint saved to experiments/normal/ar1/IELM_ar1_h6
[2020-10-23 13:42:37] IELM.cv11: Hidden size: 43 	 
Training MSE: 0.13363650 	 Validating MSE: 0.22758166 	 Best VMSE: 0.19370240
[2020-10-23 13:42:37] IELM.cv11: Checkpoint saved to experiments/normal/ar1/IELM_ar1_h6
[2020-10-23 13:42:37] IELM.cv11: Hidden size: 44 	 
Training MSE: 0.13362707 	 Validating MSE: 0.22409797 	 Best VMSE: 0.19370240
[2020-10-23 13:42:37] IELM.cv11: Checkpoint saved to experiments/normal/ar1/IELM_ar1_h6
[2020-10-23 13:42:37] IELM.cv11: Hidden size: 45 	 
Training MSE: 0.13319741 	 Validating MSE: 0.20121096 	 Best VMSE: 0.19370240
[2020-10-23 13:42:37] IELM.cv11: Checkpoint saved to experiments/normal/ar1/IELM_ar1_h6
[2020-10-23 13:42:37] IELM.cv11: Hidden size: 46 	 
Training MSE: 0.12858582 	 Validating MSE: 0.22402784 	 Best VMSE: 0.19370240
[2020-10-23 13:42:37] IELM.cv11: Checkpoint saved to experiments/normal/ar1/IELM_ar1_h6
[2020-10-23 13:42:37] IELM.cv11: Hidden size: 47 	 
Training MSE: 0.12525415 	 Validating MSE: 0.16135228 	 Best VMSE: 0.19370240
[2020-10-23 13:42:37] IELM.cv11: Found new best state
[2020-10-23 13:42:37] IELM.cv11: Best vmse: 0.1614
[2020-10-23 13:42:37] IELM.cv11: Checkpoint saved to experiments/normal/ar1/IELM_ar1_h6
[2020-10-23 13:42:37] IELM.cv11: Hidden size: 48 	 
Training MSE: 0.12419138 	 Validating MSE: 0.17181982 	 Best VMSE: 0.16135228
[2020-10-23 13:42:37] IELM.cv11: Checkpoint saved to experiments/normal/ar1/IELM_ar1_h6
[2020-10-23 13:42:37] IELM.cv11: Hidden size: 49 	 
Training MSE: 0.12414405 	 Validating MSE: 0.18045439 	 Best VMSE: 0.16135228
[2020-10-23 13:42:37] IELM.cv11: Checkpoint saved to experiments/normal/ar1/IELM_ar1_h6
[2020-10-23 13:42:37] IELM.cv11: Hidden size: 50 	 
Training MSE: 0.12385987 	 Validating MSE: 0.18445972 	 Best VMSE: 0.16135228
[2020-10-23 13:42:37] IELM.cv11: Checkpoint saved to experiments/normal/ar1/IELM_ar1_h6
[2020-10-23 13:42:37] IELM.cv11: Hidden size: 51 	 
Training MSE: 0.12383807 	 Validating MSE: 0.18247618 	 Best VMSE: 0.16135228
[2020-10-23 13:42:37] IELM.cv11: Checkpoint saved to experiments/normal/ar1/IELM_ar1_h6
[2020-10-23 13:42:37] IELM.cv11: Hidden size: 52 	 
Training MSE: 0.12381493 	 Validating MSE: 0.18085501 	 Best VMSE: 0.16135228
[2020-10-23 13:42:37] IELM.cv11: Checkpoint saved to experiments/normal/ar1/IELM_ar1_h6
[2020-10-23 13:42:37] IELM.cv11: Hidden size: 53 	 
Training MSE: 0.12304822 	 Validating MSE: 0.15835498 	 Best VMSE: 0.16135228
[2020-10-23 13:42:37] IELM.cv11: Found new best state
[2020-10-23 13:42:37] IELM.cv11: Best vmse: 0.1584
[2020-10-23 13:42:37] IELM.cv11: Checkpoint saved to experiments/normal/ar1/IELM_ar1_h6
[2020-10-23 13:42:37] IELM.cv11: Hidden size: 54 	 
Training MSE: 0.12272945 	 Validating MSE: 0.14304049 	 Best VMSE: 0.15835498
[2020-10-23 13:42:37] IELM.cv11: Found new best state
[2020-10-23 13:42:37] IELM.cv11: Best vmse: 0.1430
[2020-10-23 13:42:37] IELM.cv11: Checkpoint saved to experiments/normal/ar1/IELM_ar1_h6
[2020-10-23 13:42:37] IELM.cv11: Hidden size: 55 	 
Training MSE: 0.12140002 	 Validating MSE: 0.17042595 	 Best VMSE: 0.14304049
[2020-10-23 13:42:37] IELM.cv11: Checkpoint saved to experiments/normal/ar1/IELM_ar1_h6
[2020-10-23 13:42:37] IELM.cv11: Hidden size: 56 	 
Training MSE: 0.12110534 	 Validating MSE: 0.17655832 	 Best VMSE: 0.14304049
[2020-10-23 13:42:37] IELM.cv11: Checkpoint saved to experiments/normal/ar1/IELM_ar1_h6
[2020-10-23 13:42:37] IELM.cv11: Hidden size: 57 	 
Training MSE: 0.11769469 	 Validating MSE: 0.12379493 	 Best VMSE: 0.14304049
[2020-10-23 13:42:37] IELM.cv11: Found new best state
[2020-10-23 13:42:37] IELM.cv11: Best vmse: 0.1238
[2020-10-23 13:42:37] IELM.cv11: Checkpoint saved to experiments/normal/ar1/IELM_ar1_h6
[2020-10-23 13:42:37] IELM.cv11: Hidden size: 58 	 
Training MSE: 0.11717737 	 Validating MSE: 0.13463785 	 Best VMSE: 0.12379493
[2020-10-23 13:42:37] IELM.cv11: Checkpoint saved to experiments/normal/ar1/IELM_ar1_h6
[2020-10-23 13:42:37] IELM.cv11: Hidden size: 59 	 
Training MSE: 0.11716874 	 Validating MSE: 0.13603593 	 Best VMSE: 0.12379493
[2020-10-23 13:42:37] IELM.cv11: Checkpoint saved to experiments/normal/ar1/IELM_ar1_h6
[2020-10-23 13:42:37] IELM.cv11: Hidden size: 60 	 
Training MSE: 0.11687224 	 Validating MSE: 0.14168312 	 Best VMSE: 0.12379493
[2020-10-23 13:42:37] IELM.cv11: Checkpoint saved to experiments/normal/ar1/IELM_ar1_h6
[2020-10-23 13:42:37] IELM.cv11: Hidden size: 61 	 
Training MSE: 0.11680836 	 Validating MSE: 0.14315173 	 Best VMSE: 0.12379493
[2020-10-23 13:42:37] IELM.cv11: Checkpoint saved to experiments/normal/ar1/IELM_ar1_h6
[2020-10-23 13:42:38] IELM.cv11: Hidden size: 62 	 
Training MSE: 0.11656550 	 Validating MSE: 0.14018783 	 Best VMSE: 0.12379493
[2020-10-23 13:42:38] IELM.cv11: Checkpoint saved to experiments/normal/ar1/IELM_ar1_h6
[2020-10-23 13:42:38] IELM.cv11: Hidden size: 63 	 
Training MSE: 0.11589713 	 Validating MSE: 0.14641351 	 Best VMSE: 0.12379493
[2020-10-23 13:42:38] IELM.cv11: Checkpoint saved to experiments/normal/ar1/IELM_ar1_h6
[2020-10-23 13:42:38] IELM.cv11: Hidden size: 64 	 
Training MSE: 0.11512968 	 Validating MSE: 0.13145833 	 Best VMSE: 0.12379493
[2020-10-23 13:42:38] IELM.cv11: Checkpoint saved to experiments/normal/ar1/IELM_ar1_h6
[2020-10-23 13:42:38] IELM.cv11: Hidden size: 65 	 
Training MSE: 0.11491000 	 Validating MSE: 0.12632394 	 Best VMSE: 0.12379493
[2020-10-23 13:42:38] IELM.cv11: Checkpoint saved to experiments/normal/ar1/IELM_ar1_h6
[2020-10-23 13:42:38] IELM.cv11: Hidden size: 66 	 
Training MSE: 0.11482396 	 Validating MSE: 0.13409288 	 Best VMSE: 0.12379493
[2020-10-23 13:42:38] IELM.cv11: Checkpoint saved to experiments/normal/ar1/IELM_ar1_h6
[2020-10-23 13:42:38] IELM.cv11: Hidden size: 67 	 
Training MSE: 0.11438137 	 Validating MSE: 0.14368705 	 Best VMSE: 0.12379493
[2020-10-23 13:42:38] IELM.cv11: Checkpoint saved to experiments/normal/ar1/IELM_ar1_h6
[2020-10-23 13:42:38] IELM.cv11: Hidden size: 68 	 
Training MSE: 0.11433685 	 Validating MSE: 0.14944212 	 Best VMSE: 0.12379493
[2020-10-23 13:42:38] IELM.cv11: Checkpoint saved to experiments/normal/ar1/IELM_ar1_h6
[2020-10-23 13:42:38] IELM.cv11: Hidden size: 69 	 
Training MSE: 0.11351872 	 Validating MSE: 0.13357872 	 Best VMSE: 0.12379493
[2020-10-23 13:42:38] IELM.cv11: Checkpoint saved to experiments/normal/ar1/IELM_ar1_h6
[2020-10-23 13:42:38] IELM.cv11: Hidden size: 70 	 
Training MSE: 0.11314169 	 Validating MSE: 0.13913690 	 Best VMSE: 0.12379493
[2020-10-23 13:42:38] IELM.cv11: Checkpoint saved to experiments/normal/ar1/IELM_ar1_h6
[2020-10-23 13:42:38] IELM.cv11: Hidden size: 71 	 
Training MSE: 0.11313903 	 Validating MSE: 0.13983226 	 Best VMSE: 0.12379493
[2020-10-23 13:42:38] IELM.cv11: Checkpoint saved to experiments/normal/ar1/IELM_ar1_h6
[2020-10-23 13:42:38] IELM.cv11: Hidden size: 72 	 
Training MSE: 0.11140914 	 Validating MSE: 0.11975224 	 Best VMSE: 0.12379493
[2020-10-23 13:42:38] IELM.cv11: Found new best state
[2020-10-23 13:42:38] IELM.cv11: Best vmse: 0.1198
[2020-10-23 13:42:38] IELM.cv11: Checkpoint saved to experiments/normal/ar1/IELM_ar1_h6
[2020-10-23 13:42:38] IELM.cv11: Hidden size: 73 	 
Training MSE: 0.11019571 	 Validating MSE: 0.12550801 	 Best VMSE: 0.11975224
[2020-10-23 13:42:38] IELM.cv11: Checkpoint saved to experiments/normal/ar1/IELM_ar1_h6
[2020-10-23 13:42:38] IELM.cv11: Hidden size: 74 	 
Training MSE: 0.11015186 	 Validating MSE: 0.12653911 	 Best VMSE: 0.11975224
[2020-10-23 13:42:38] IELM.cv11: Checkpoint saved to experiments/normal/ar1/IELM_ar1_h6
[2020-10-23 13:42:38] IELM.cv11: Hidden size: 75 	 
Training MSE: 0.11014158 	 Validating MSE: 0.12687989 	 Best VMSE: 0.11975224
[2020-10-23 13:42:38] IELM.cv11: Checkpoint saved to experiments/normal/ar1/IELM_ar1_h6
[2020-10-23 13:42:38] IELM.cv11: Hidden size: 76 	 
Training MSE: 0.10970701 	 Validating MSE: 0.12086291 	 Best VMSE: 0.11975224
[2020-10-23 13:42:38] IELM.cv11: Checkpoint saved to experiments/normal/ar1/IELM_ar1_h6
[2020-10-23 13:42:38] IELM.cv11: Hidden size: 77 	 
Training MSE: 0.10949305 	 Validating MSE: 0.11617823 	 Best VMSE: 0.11975224
[2020-10-23 13:42:38] IELM.cv11: Found new best state
[2020-10-23 13:42:38] IELM.cv11: Best vmse: 0.1162
[2020-10-23 13:42:38] IELM.cv11: Checkpoint saved to experiments/normal/ar1/IELM_ar1_h6
[2020-10-23 13:42:38] IELM.cv11: Hidden size: 78 	 
Training MSE: 0.10948806 	 Validating MSE: 0.11703369 	 Best VMSE: 0.11617823
[2020-10-23 13:42:38] IELM.cv11: Checkpoint saved to experiments/normal/ar1/IELM_ar1_h6
[2020-10-23 13:42:38] IELM.cv11: Hidden size: 79 	 
Training MSE: 0.10944193 	 Validating MSE: 0.12040065 	 Best VMSE: 0.11617823
[2020-10-23 13:42:38] IELM.cv11: Checkpoint saved to experiments/normal/ar1/IELM_ar1_h6
[2020-10-23 13:42:38] IELM.cv11: Hidden size: 80 	 
Training MSE: 0.10855568 	 Validating MSE: 0.12921908 	 Best VMSE: 0.11617823
[2020-10-23 13:42:38] IELM.cv11: Checkpoint saved to experiments/normal/ar1/IELM_ar1_h6
[2020-10-23 13:42:38] IELM.cv11: Hidden size: 81 	 
Training MSE: 0.10658127 	 Validating MSE: 0.09984192 	 Best VMSE: 0.11617823
[2020-10-23 13:42:38] IELM.cv11: Found new best state
[2020-10-23 13:42:38] IELM.cv11: Best vmse: 0.0998
[2020-10-23 13:42:38] IELM.cv11: Checkpoint saved to experiments/normal/ar1/IELM_ar1_h6
[2020-10-23 13:42:38] IELM.cv11: Hidden size: 82 	 
Training MSE: 0.10558740 	 Validating MSE: 0.10151065 	 Best VMSE: 0.09984192
[2020-10-23 13:42:38] IELM.cv11: Checkpoint saved to experiments/normal/ar1/IELM_ar1_h6
[2020-10-23 13:42:38] IELM.cv11: Hidden size: 83 	 
Training MSE: 0.10556658 	 Validating MSE: 0.10107770 	 Best VMSE: 0.09984192
[2020-10-23 13:42:38] IELM.cv11: Checkpoint saved to experiments/normal/ar1/IELM_ar1_h6
[2020-10-23 13:42:38] IELM.cv11: Hidden size: 84 	 
Training MSE: 0.10556613 	 Validating MSE: 0.10101677 	 Best VMSE: 0.09984192
[2020-10-23 13:42:38] IELM.cv11: Checkpoint saved to experiments/normal/ar1/IELM_ar1_h6
[2020-10-23 13:42:38] IELM.cv11: Hidden size: 85 	 
Training MSE: 0.10523927 	 Validating MSE: 0.10504679 	 Best VMSE: 0.09984192
[2020-10-23 13:42:38] IELM.cv11: Checkpoint saved to experiments/normal/ar1/IELM_ar1_h6
[2020-10-23 13:42:38] IELM.cv11: Hidden size: 86 	 
Training MSE: 0.10514894 	 Validating MSE: 0.10365854 	 Best VMSE: 0.09984192
[2020-10-23 13:42:38] IELM.cv11: Checkpoint saved to experiments/normal/ar1/IELM_ar1_h6
[2020-10-23 13:42:38] IELM.cv11: Hidden size: 87 	 
Training MSE: 0.10509270 	 Validating MSE: 0.10707444 	 Best VMSE: 0.09984192
[2020-10-23 13:42:38] IELM.cv11: Checkpoint saved to experiments/normal/ar1/IELM_ar1_h6
[2020-10-23 13:42:38] IELM.cv11: Hidden size: 88 	 
Training MSE: 0.10444252 	 Validating MSE: 0.09227704 	 Best VMSE: 0.09984192
[2020-10-23 13:42:38] IELM.cv11: Found new best state
[2020-10-23 13:42:38] IELM.cv11: Best vmse: 0.0923
[2020-10-23 13:42:38] IELM.cv11: Checkpoint saved to experiments/normal/ar1/IELM_ar1_h6
[2020-10-23 13:42:38] IELM.cv11: Hidden size: 89 	 
Training MSE: 0.10384354 	 Validating MSE: 0.09761764 	 Best VMSE: 0.09227704
[2020-10-23 13:42:38] IELM.cv11: Checkpoint saved to experiments/normal/ar1/IELM_ar1_h6
[2020-10-23 13:42:38] IELM.cv11: Hidden size: 90 	 
Training MSE: 0.10347074 	 Validating MSE: 0.09410978 	 Best VMSE: 0.09227704
[2020-10-23 13:42:38] IELM.cv11: Checkpoint saved to experiments/normal/ar1/IELM_ar1_h6
[2020-10-23 13:42:38] IELM.cv11: Hidden size: 91 	 
Training MSE: 0.10340944 	 Validating MSE: 0.09065596 	 Best VMSE: 0.09227704
[2020-10-23 13:42:38] IELM.cv11: Found new best state
[2020-10-23 13:42:38] IELM.cv11: Best vmse: 0.0907
[2020-10-23 13:42:38] IELM.cv11: Checkpoint saved to experiments/normal/ar1/IELM_ar1_h6
[2020-10-23 13:42:38] IELM.cv11: Hidden size: 92 	 
Training MSE: 0.10324356 	 Validating MSE: 0.09470554 	 Best VMSE: 0.09065596
[2020-10-23 13:42:38] IELM.cv11: Checkpoint saved to experiments/normal/ar1/IELM_ar1_h6
[2020-10-23 13:42:38] IELM.cv11: Hidden size: 93 	 
Training MSE: 0.10324268 	 Validating MSE: 0.09486282 	 Best VMSE: 0.09065596
[2020-10-23 13:42:38] IELM.cv11: Checkpoint saved to experiments/normal/ar1/IELM_ar1_h6
[2020-10-23 13:42:38] IELM.cv11: Hidden size: 94 	 
Training MSE: 0.10321912 	 Validating MSE: 0.09337614 	 Best VMSE: 0.09065596
[2020-10-23 13:42:38] IELM.cv11: Checkpoint saved to experiments/normal/ar1/IELM_ar1_h6
[2020-10-23 13:42:38] IELM.cv11: Hidden size: 95 	 
Training MSE: 0.10317714 	 Validating MSE: 0.09251166 	 Best VMSE: 0.09065596
[2020-10-23 13:42:38] IELM.cv11: Checkpoint saved to experiments/normal/ar1/IELM_ar1_h6
[2020-10-23 13:42:38] IELM.cv11: Hidden size: 96 	 
Training MSE: 0.10280282 	 Validating MSE: 0.09387997 	 Best VMSE: 0.09065596
[2020-10-23 13:42:38] IELM.cv11: Checkpoint saved to experiments/normal/ar1/IELM_ar1_h6
[2020-10-23 13:42:38] IELM.cv11: Hidden size: 97 	 
Training MSE: 0.10246973 	 Validating MSE: 0.09287623 	 Best VMSE: 0.09065596
[2020-10-23 13:42:38] IELM.cv11: Checkpoint saved to experiments/normal/ar1/IELM_ar1_h6
[2020-10-23 13:42:38] IELM.cv11: Hidden size: 98 	 
Training MSE: 0.10238768 	 Validating MSE: 0.09045929 	 Best VMSE: 0.09065596
[2020-10-23 13:42:38] IELM.cv11: Found new best state
[2020-10-23 13:42:38] IELM.cv11: Best vmse: 0.0905
[2020-10-23 13:42:38] IELM.cv11: Checkpoint saved to experiments/normal/ar1/IELM_ar1_h6
[2020-10-23 13:42:39] IELM.cv11: Hidden size: 99 	 
Training MSE: 0.10233012 	 Validating MSE: 0.08832141 	 Best VMSE: 0.09045929
[2020-10-23 13:42:39] IELM.cv11: Found new best state
[2020-10-23 13:42:39] IELM.cv11: Best vmse: 0.0883
[2020-10-23 13:42:39] IELM.cv11: Checkpoint saved to experiments/normal/ar1/IELM_ar1_h6
[2020-10-23 13:42:39] IELM.cv11: Hidden size: 100 	 
Training MSE: 0.10143186 	 Validating MSE: 0.09061291 	 Best VMSE: 0.08832141
[2020-10-23 13:42:39] IELM.cv11: Checkpoint saved to experiments/normal/ar1/IELM_ar1_h6
[2020-10-23 13:42:39] IELM.cv11: Restoring best parameters from experiments/normal/ar1/IELM_ar1_h6/train.cv11.pth.tar
[2020-10-23 13:42:39] IELM.cv11: ar1	 H: 6	 Trail: 30 
Testing RMSE: 0.6566 	 MAPE: 0.121 	 SMAPE: 0.06673
