[2020-10-23 13:43:42] IELM.cv18: Loading the datasets and model for 54th-batch-training
[2020-10-23 13:43:42] IELM.cv18: Argument hidden_size: 100
[2020-10-23 13:43:42] IELM.cv18: Argument candidate_size: 300
[2020-10-23 13:43:42] IELM.cv18: Argument Lambdas: [0.5, 1, 5, 15, 30, 50, 100, 150, 200]
[2020-10-23 13:43:42] IELM.cv18: Argument Lambdas_std: [0.01, 0.05, 0.1, 0.5, 1]
[2020-10-23 13:43:42] IELM.cv18: Argument r: [0.8, 0.9, 0.99, 0.9999, 0.999999]
[2020-10-23 13:43:42] IELM.cv18: Argument tolerance: 0
[2020-10-23 13:43:42] IELM.cv18: Argument device: device(type='cuda')
[2020-10-23 13:43:42] IELM.cv18: Argument dataset: 'ar1'
[2020-10-23 13:43:42] IELM.cv18: Argument H: 6
[2020-10-23 13:43:42] IELM.cv18: Argument k: 5
[2020-10-23 13:43:42] IELM.cv18: Argument test: False
[2020-10-23 13:43:42] IELM.cv18: Argument normal: True
[2020-10-23 13:43:42] IELM.cv18: Argument diff: False
[2020-10-23 13:43:42] IELM.cv18: Argument times: 60
[2020-10-23 13:43:42] IELM.cv18: Argument datasets: {'ar1': {'lag_order': 15, 'normal': True, 'cov_dim': 0, 'kernel_size': 3}, 'wti': {'lag_order': 25, 'normal': True, 'cov_dim': 0, 'kernel_size': 5}, 'gold': {'lag_order': 25, 'normal': True, 'cov_dim': 0, 'kernel_size': 5}, 'sp': {'lag_order': 25, 'normal': True, 'cov_dim': 0, 'kernel_size': 5}, 'brent': {'lag_order': 24, 'normal': True, 'cov_dim': 0, 'kernel_size': 6}, 'sili': {'lag_order': 26, 'normal': True, 'cov_dim': 0, 'kernel_size': 6}}
[2020-10-23 13:43:42] IELM.cv18: Argument steps: 15
[2020-10-23 13:43:42] IELM.cv18: Argument experiment: 'experiments/normal/ar1'
[2020-10-23 13:43:42] IELM.cv18: Argument scaler: StandardScaler()
[2020-10-23 13:43:42] IELM.cv18: Argument model_name: 'IELM_ar1_h6'
[2020-10-23 13:43:42] IELM.cv18: Argument model_dir: 'experiments/normal/ar1/IELM_ar1_h6'
[2020-10-23 13:43:42] IELM.cv18: Argument restore: True
[2020-10-23 13:43:42] IELM.cv18: Argument cv: 18
[2020-10-23 13:43:42] IELM.cv18: Argument plot_dir: 'experiments/normal/ar1/IELM_ar1_h6/figures'
[2020-10-23 13:43:42] IELM.cv18: Using Cuda...
[2020-10-23 13:43:42] IELM.cv18: Loading complete.
[2020-10-23 13:43:42] IELM.cv18: Model: 
IELM(
  (loss_fn): MSELoss()
)
[2020-10-23 13:43:42] IELM.cv18: Hidden size: 1 	 
Training MSE: 0.30440378 	 Validating MSE: 1.88020408 	 Best VMSE: 9999.00000000
[2020-10-23 13:43:42] IELM.cv18: Found new best state
[2020-10-23 13:43:42] IELM.cv18: Best vmse: 1.8802
[2020-10-23 13:43:42] IELM.cv18: Checkpoint saved to experiments/normal/ar1/IELM_ar1_h6
[2020-10-23 13:43:42] IELM.cv18: Hidden size: 2 	 
Training MSE: 0.29046196 	 Validating MSE: 1.34293175 	 Best VMSE: 1.88020408
[2020-10-23 13:43:42] IELM.cv18: Found new best state
[2020-10-23 13:43:42] IELM.cv18: Best vmse: 1.3429
[2020-10-23 13:43:42] IELM.cv18: Checkpoint saved to experiments/normal/ar1/IELM_ar1_h6
[2020-10-23 13:43:42] IELM.cv18: Hidden size: 3 	 
Training MSE: 0.29022455 	 Validating MSE: 1.27582896 	 Best VMSE: 1.34293175
[2020-10-23 13:43:42] IELM.cv18: Found new best state
[2020-10-23 13:43:42] IELM.cv18: Best vmse: 1.2758
[2020-10-23 13:43:42] IELM.cv18: Checkpoint saved to experiments/normal/ar1/IELM_ar1_h6
[2020-10-23 13:43:42] IELM.cv18: Hidden size: 4 	 
Training MSE: 0.26734826 	 Validating MSE: 1.48917639 	 Best VMSE: 1.27582896
[2020-10-23 13:43:42] IELM.cv18: Checkpoint saved to experiments/normal/ar1/IELM_ar1_h6
[2020-10-23 13:43:42] IELM.cv18: Hidden size: 5 	 
Training MSE: 0.26526374 	 Validating MSE: 1.51557994 	 Best VMSE: 1.27582896
[2020-10-23 13:43:42] IELM.cv18: Checkpoint saved to experiments/normal/ar1/IELM_ar1_h6
[2020-10-23 13:43:42] IELM.cv18: Hidden size: 6 	 
Training MSE: 0.26522011 	 Validating MSE: 1.52318692 	 Best VMSE: 1.27582896
[2020-10-23 13:43:42] IELM.cv18: Checkpoint saved to experiments/normal/ar1/IELM_ar1_h6
[2020-10-23 13:43:43] IELM.cv18: Hidden size: 7 	 
Training MSE: 0.26497510 	 Validating MSE: 1.53311944 	 Best VMSE: 1.27582896
[2020-10-23 13:43:43] IELM.cv18: Checkpoint saved to experiments/normal/ar1/IELM_ar1_h6
[2020-10-23 13:43:43] IELM.cv18: Hidden size: 8 	 
Training MSE: 0.26453102 	 Validating MSE: 1.52153790 	 Best VMSE: 1.27582896
[2020-10-23 13:43:43] IELM.cv18: Checkpoint saved to experiments/normal/ar1/IELM_ar1_h6
[2020-10-23 13:43:43] IELM.cv18: Hidden size: 9 	 
Training MSE: 0.26363242 	 Validating MSE: 1.55191338 	 Best VMSE: 1.27582896
[2020-10-23 13:43:43] IELM.cv18: Checkpoint saved to experiments/normal/ar1/IELM_ar1_h6
[2020-10-23 13:43:43] IELM.cv18: Hidden size: 10 	 
Training MSE: 0.25090021 	 Validating MSE: 1.25181985 	 Best VMSE: 1.27582896
[2020-10-23 13:43:43] IELM.cv18: Found new best state
[2020-10-23 13:43:43] IELM.cv18: Best vmse: 1.2518
[2020-10-23 13:43:43] IELM.cv18: Checkpoint saved to experiments/normal/ar1/IELM_ar1_h6
[2020-10-23 13:43:43] IELM.cv18: Hidden size: 11 	 
Training MSE: 0.25084999 	 Validating MSE: 1.26655555 	 Best VMSE: 1.25181985
[2020-10-23 13:43:43] IELM.cv18: Checkpoint saved to experiments/normal/ar1/IELM_ar1_h6
[2020-10-23 13:43:43] IELM.cv18: Hidden size: 12 	 
Training MSE: 0.25004032 	 Validating MSE: 1.33133149 	 Best VMSE: 1.25181985
[2020-10-23 13:43:43] IELM.cv18: Checkpoint saved to experiments/normal/ar1/IELM_ar1_h6
[2020-10-23 13:43:43] IELM.cv18: Hidden size: 13 	 
Training MSE: 0.24947709 	 Validating MSE: 1.36532497 	 Best VMSE: 1.25181985
[2020-10-23 13:43:43] IELM.cv18: Checkpoint saved to experiments/normal/ar1/IELM_ar1_h6
[2020-10-23 13:43:43] IELM.cv18: Hidden size: 14 	 
Training MSE: 0.21359928 	 Validating MSE: 0.50027901 	 Best VMSE: 1.25181985
[2020-10-23 13:43:43] IELM.cv18: Found new best state
[2020-10-23 13:43:43] IELM.cv18: Best vmse: 0.5003
[2020-10-23 13:43:43] IELM.cv18: Checkpoint saved to experiments/normal/ar1/IELM_ar1_h6
[2020-10-23 13:43:43] IELM.cv18: Hidden size: 15 	 
Training MSE: 0.18012205 	 Validating MSE: 0.55655807 	 Best VMSE: 0.50027901
[2020-10-23 13:43:43] IELM.cv18: Checkpoint saved to experiments/normal/ar1/IELM_ar1_h6
[2020-10-23 13:43:43] IELM.cv18: Hidden size: 16 	 
Training MSE: 0.17779596 	 Validating MSE: 0.50452316 	 Best VMSE: 0.50027901
[2020-10-23 13:43:43] IELM.cv18: Checkpoint saved to experiments/normal/ar1/IELM_ar1_h6
[2020-10-23 13:43:43] IELM.cv18: Hidden size: 17 	 
Training MSE: 0.17759252 	 Validating MSE: 0.51822126 	 Best VMSE: 0.50027901
[2020-10-23 13:43:43] IELM.cv18: Checkpoint saved to experiments/normal/ar1/IELM_ar1_h6
[2020-10-23 13:43:43] IELM.cv18: Hidden size: 18 	 
Training MSE: 0.17346196 	 Validating MSE: 0.39126930 	 Best VMSE: 0.50027901
[2020-10-23 13:43:43] IELM.cv18: Found new best state
[2020-10-23 13:43:43] IELM.cv18: Best vmse: 0.3913
[2020-10-23 13:43:43] IELM.cv18: Checkpoint saved to experiments/normal/ar1/IELM_ar1_h6
[2020-10-23 13:43:43] IELM.cv18: Hidden size: 19 	 
Training MSE: 0.16993079 	 Validating MSE: 0.46443734 	 Best VMSE: 0.39126930
[2020-10-23 13:43:43] IELM.cv18: Checkpoint saved to experiments/normal/ar1/IELM_ar1_h6
[2020-10-23 13:43:43] IELM.cv18: Hidden size: 20 	 
Training MSE: 0.16884933 	 Validating MSE: 0.40053448 	 Best VMSE: 0.39126930
[2020-10-23 13:43:43] IELM.cv18: Checkpoint saved to experiments/normal/ar1/IELM_ar1_h6
[2020-10-23 13:43:43] IELM.cv18: Hidden size: 21 	 
Training MSE: 0.16847688 	 Validating MSE: 0.41610003 	 Best VMSE: 0.39126930
[2020-10-23 13:43:43] IELM.cv18: Checkpoint saved to experiments/normal/ar1/IELM_ar1_h6
[2020-10-23 13:43:43] IELM.cv18: Hidden size: 22 	 
Training MSE: 0.16563334 	 Validating MSE: 0.46188197 	 Best VMSE: 0.39126930
[2020-10-23 13:43:43] IELM.cv18: Checkpoint saved to experiments/normal/ar1/IELM_ar1_h6
[2020-10-23 13:43:43] IELM.cv18: Hidden size: 23 	 
Training MSE: 0.16394743 	 Validating MSE: 0.42104280 	 Best VMSE: 0.39126930
[2020-10-23 13:43:43] IELM.cv18: Checkpoint saved to experiments/normal/ar1/IELM_ar1_h6
[2020-10-23 13:43:43] IELM.cv18: Hidden size: 24 	 
Training MSE: 0.16321278 	 Validating MSE: 0.43264174 	 Best VMSE: 0.39126930
[2020-10-23 13:43:43] IELM.cv18: Checkpoint saved to experiments/normal/ar1/IELM_ar1_h6
[2020-10-23 13:43:43] IELM.cv18: Hidden size: 25 	 
Training MSE: 0.15927793 	 Validating MSE: 0.32534689 	 Best VMSE: 0.39126930
[2020-10-23 13:43:43] IELM.cv18: Found new best state
[2020-10-23 13:43:43] IELM.cv18: Best vmse: 0.3253
[2020-10-23 13:43:43] IELM.cv18: Checkpoint saved to experiments/normal/ar1/IELM_ar1_h6
[2020-10-23 13:43:43] IELM.cv18: Hidden size: 26 	 
Training MSE: 0.15822406 	 Validating MSE: 0.29012978 	 Best VMSE: 0.32534689
[2020-10-23 13:43:43] IELM.cv18: Found new best state
[2020-10-23 13:43:43] IELM.cv18: Best vmse: 0.2901
[2020-10-23 13:43:43] IELM.cv18: Checkpoint saved to experiments/normal/ar1/IELM_ar1_h6
[2020-10-23 13:43:43] IELM.cv18: Hidden size: 27 	 
Training MSE: 0.15642247 	 Validating MSE: 0.32235569 	 Best VMSE: 0.29012978
[2020-10-23 13:43:43] IELM.cv18: Checkpoint saved to experiments/normal/ar1/IELM_ar1_h6
[2020-10-23 13:43:43] IELM.cv18: Hidden size: 28 	 
Training MSE: 0.15404652 	 Validating MSE: 0.34294832 	 Best VMSE: 0.29012978
[2020-10-23 13:43:43] IELM.cv18: Checkpoint saved to experiments/normal/ar1/IELM_ar1_h6
[2020-10-23 13:43:43] IELM.cv18: Hidden size: 29 	 
Training MSE: 0.15129074 	 Validating MSE: 0.19511768 	 Best VMSE: 0.29012978
[2020-10-23 13:43:43] IELM.cv18: Found new best state
[2020-10-23 13:43:43] IELM.cv18: Best vmse: 0.1951
[2020-10-23 13:43:43] IELM.cv18: Checkpoint saved to experiments/normal/ar1/IELM_ar1_h6
[2020-10-23 13:43:43] IELM.cv18: Hidden size: 30 	 
Training MSE: 0.15128556 	 Validating MSE: 0.19547743 	 Best VMSE: 0.19511768
[2020-10-23 13:43:43] IELM.cv18: Checkpoint saved to experiments/normal/ar1/IELM_ar1_h6
[2020-10-23 13:43:43] IELM.cv18: Hidden size: 31 	 
Training MSE: 0.15113917 	 Validating MSE: 0.20074160 	 Best VMSE: 0.19511768
[2020-10-23 13:43:43] IELM.cv18: Checkpoint saved to experiments/normal/ar1/IELM_ar1_h6
[2020-10-23 13:43:43] IELM.cv18: Hidden size: 32 	 
Training MSE: 0.15072292 	 Validating MSE: 0.19505769 	 Best VMSE: 0.19511768
[2020-10-23 13:43:43] IELM.cv18: Found new best state
[2020-10-23 13:43:43] IELM.cv18: Best vmse: 0.1951
[2020-10-23 13:43:43] IELM.cv18: Checkpoint saved to experiments/normal/ar1/IELM_ar1_h6
[2020-10-23 13:43:43] IELM.cv18: Hidden size: 33 	 
Training MSE: 0.15066960 	 Validating MSE: 0.20114367 	 Best VMSE: 0.19505769
[2020-10-23 13:43:43] IELM.cv18: Checkpoint saved to experiments/normal/ar1/IELM_ar1_h6
[2020-10-23 13:43:43] IELM.cv18: Hidden size: 34 	 
Training MSE: 0.15024669 	 Validating MSE: 0.20448537 	 Best VMSE: 0.19505769
[2020-10-23 13:43:43] IELM.cv18: Checkpoint saved to experiments/normal/ar1/IELM_ar1_h6
[2020-10-23 13:43:43] IELM.cv18: Hidden size: 35 	 
Training MSE: 0.14990449 	 Validating MSE: 0.18806288 	 Best VMSE: 0.19505769
[2020-10-23 13:43:43] IELM.cv18: Found new best state
[2020-10-23 13:43:43] IELM.cv18: Best vmse: 0.1881
[2020-10-23 13:43:43] IELM.cv18: Checkpoint saved to experiments/normal/ar1/IELM_ar1_h6
[2020-10-23 13:43:43] IELM.cv18: Hidden size: 36 	 
Training MSE: 0.14985369 	 Validating MSE: 0.18912250 	 Best VMSE: 0.18806288
[2020-10-23 13:43:43] IELM.cv18: Checkpoint saved to experiments/normal/ar1/IELM_ar1_h6
[2020-10-23 13:43:43] IELM.cv18: Hidden size: 37 	 
Training MSE: 0.14839417 	 Validating MSE: 0.15538272 	 Best VMSE: 0.18806288
[2020-10-23 13:43:43] IELM.cv18: Found new best state
[2020-10-23 13:43:43] IELM.cv18: Best vmse: 0.1554
[2020-10-23 13:43:43] IELM.cv18: Checkpoint saved to experiments/normal/ar1/IELM_ar1_h6
[2020-10-23 13:43:43] IELM.cv18: Hidden size: 38 	 
Training MSE: 0.14684480 	 Validating MSE: 0.18024820 	 Best VMSE: 0.15538272
[2020-10-23 13:43:43] IELM.cv18: Checkpoint saved to experiments/normal/ar1/IELM_ar1_h6
[2020-10-23 13:43:43] IELM.cv18: Hidden size: 39 	 
Training MSE: 0.14670517 	 Validating MSE: 0.17109948 	 Best VMSE: 0.15538272
[2020-10-23 13:43:43] IELM.cv18: Checkpoint saved to experiments/normal/ar1/IELM_ar1_h6
[2020-10-23 13:43:43] IELM.cv18: Hidden size: 40 	 
Training MSE: 0.14650013 	 Validating MSE: 0.17701377 	 Best VMSE: 0.15538272
[2020-10-23 13:43:43] IELM.cv18: Checkpoint saved to experiments/normal/ar1/IELM_ar1_h6
[2020-10-23 13:43:43] IELM.cv18: Hidden size: 41 	 
Training MSE: 0.14471290 	 Validating MSE: 0.13692775 	 Best VMSE: 0.15538272
[2020-10-23 13:43:43] IELM.cv18: Found new best state
[2020-10-23 13:43:43] IELM.cv18: Best vmse: 0.1369
[2020-10-23 13:43:43] IELM.cv18: Checkpoint saved to experiments/normal/ar1/IELM_ar1_h6
[2020-10-23 13:43:43] IELM.cv18: Hidden size: 42 	 
Training MSE: 0.14462134 	 Validating MSE: 0.13412832 	 Best VMSE: 0.13692775
[2020-10-23 13:43:43] IELM.cv18: Found new best state
[2020-10-23 13:43:43] IELM.cv18: Best vmse: 0.1341
[2020-10-23 13:43:43] IELM.cv18: Checkpoint saved to experiments/normal/ar1/IELM_ar1_h6
[2020-10-23 13:43:43] IELM.cv18: Hidden size: 43 	 
Training MSE: 0.14358822 	 Validating MSE: 0.13773626 	 Best VMSE: 0.13412832
[2020-10-23 13:43:43] IELM.cv18: Checkpoint saved to experiments/normal/ar1/IELM_ar1_h6
[2020-10-23 13:43:44] IELM.cv18: Hidden size: 44 	 
Training MSE: 0.14342493 	 Validating MSE: 0.13916713 	 Best VMSE: 0.13412832
[2020-10-23 13:43:44] IELM.cv18: Checkpoint saved to experiments/normal/ar1/IELM_ar1_h6
[2020-10-23 13:43:44] IELM.cv18: Hidden size: 45 	 
Training MSE: 0.14342313 	 Validating MSE: 0.13920529 	 Best VMSE: 0.13412832
[2020-10-23 13:43:44] IELM.cv18: Checkpoint saved to experiments/normal/ar1/IELM_ar1_h6
[2020-10-23 13:43:44] IELM.cv18: Hidden size: 46 	 
Training MSE: 0.14298540 	 Validating MSE: 0.13507573 	 Best VMSE: 0.13412832
[2020-10-23 13:43:44] IELM.cv18: Checkpoint saved to experiments/normal/ar1/IELM_ar1_h6
[2020-10-23 13:43:44] IELM.cv18: Hidden size: 47 	 
Training MSE: 0.14271720 	 Validating MSE: 0.12972748 	 Best VMSE: 0.13412832
[2020-10-23 13:43:44] IELM.cv18: Found new best state
[2020-10-23 13:43:44] IELM.cv18: Best vmse: 0.1297
[2020-10-23 13:43:44] IELM.cv18: Checkpoint saved to experiments/normal/ar1/IELM_ar1_h6
[2020-10-23 13:43:44] IELM.cv18: Hidden size: 48 	 
Training MSE: 0.14136276 	 Validating MSE: 0.15244886 	 Best VMSE: 0.12972748
[2020-10-23 13:43:44] IELM.cv18: Checkpoint saved to experiments/normal/ar1/IELM_ar1_h6
[2020-10-23 13:43:44] IELM.cv18: Hidden size: 49 	 
Training MSE: 0.14118712 	 Validating MSE: 0.14835374 	 Best VMSE: 0.12972748
[2020-10-23 13:43:44] IELM.cv18: Checkpoint saved to experiments/normal/ar1/IELM_ar1_h6
[2020-10-23 13:43:44] IELM.cv18: Hidden size: 50 	 
Training MSE: 0.14079028 	 Validating MSE: 0.15215304 	 Best VMSE: 0.12972748
[2020-10-23 13:43:44] IELM.cv18: Checkpoint saved to experiments/normal/ar1/IELM_ar1_h6
[2020-10-23 13:43:44] IELM.cv18: Hidden size: 51 	 
Training MSE: 0.14074129 	 Validating MSE: 0.14788657 	 Best VMSE: 0.12972748
[2020-10-23 13:43:44] IELM.cv18: Checkpoint saved to experiments/normal/ar1/IELM_ar1_h6
[2020-10-23 13:43:44] IELM.cv18: Hidden size: 52 	 
Training MSE: 0.14040923 	 Validating MSE: 0.13706695 	 Best VMSE: 0.12972748
[2020-10-23 13:43:44] IELM.cv18: Checkpoint saved to experiments/normal/ar1/IELM_ar1_h6
[2020-10-23 13:43:44] IELM.cv18: Hidden size: 53 	 
Training MSE: 0.14040029 	 Validating MSE: 0.13628183 	 Best VMSE: 0.12972748
[2020-10-23 13:43:44] IELM.cv18: Checkpoint saved to experiments/normal/ar1/IELM_ar1_h6
[2020-10-23 13:43:44] IELM.cv18: Hidden size: 54 	 
Training MSE: 0.14029872 	 Validating MSE: 0.13317028 	 Best VMSE: 0.12972748
[2020-10-23 13:43:44] IELM.cv18: Checkpoint saved to experiments/normal/ar1/IELM_ar1_h6
[2020-10-23 13:43:44] IELM.cv18: Hidden size: 55 	 
Training MSE: 0.14028051 	 Validating MSE: 0.13512158 	 Best VMSE: 0.12972748
[2020-10-23 13:43:44] IELM.cv18: Checkpoint saved to experiments/normal/ar1/IELM_ar1_h6
[2020-10-23 13:43:44] IELM.cv18: Hidden size: 56 	 
Training MSE: 0.13999544 	 Validating MSE: 0.13883303 	 Best VMSE: 0.12972748
[2020-10-23 13:43:44] IELM.cv18: Checkpoint saved to experiments/normal/ar1/IELM_ar1_h6
[2020-10-23 13:43:44] IELM.cv18: Hidden size: 57 	 
Training MSE: 0.13993928 	 Validating MSE: 0.14120971 	 Best VMSE: 0.12972748
[2020-10-23 13:43:44] IELM.cv18: Checkpoint saved to experiments/normal/ar1/IELM_ar1_h6
[2020-10-23 13:43:44] IELM.cv18: Hidden size: 58 	 
Training MSE: 0.13902156 	 Validating MSE: 0.12714674 	 Best VMSE: 0.12972748
[2020-10-23 13:43:44] IELM.cv18: Found new best state
[2020-10-23 13:43:44] IELM.cv18: Best vmse: 0.1271
[2020-10-23 13:43:44] IELM.cv18: Checkpoint saved to experiments/normal/ar1/IELM_ar1_h6
[2020-10-23 13:43:44] IELM.cv18: Hidden size: 59 	 
Training MSE: 0.13845053 	 Validating MSE: 0.13926902 	 Best VMSE: 0.12714674
[2020-10-23 13:43:44] IELM.cv18: Checkpoint saved to experiments/normal/ar1/IELM_ar1_h6
[2020-10-23 13:43:44] IELM.cv18: Hidden size: 60 	 
Training MSE: 0.13633807 	 Validating MSE: 0.11063092 	 Best VMSE: 0.12714674
[2020-10-23 13:43:44] IELM.cv18: Found new best state
[2020-10-23 13:43:44] IELM.cv18: Best vmse: 0.1106
[2020-10-23 13:43:44] IELM.cv18: Checkpoint saved to experiments/normal/ar1/IELM_ar1_h6
[2020-10-23 13:43:44] IELM.cv18: Hidden size: 61 	 
Training MSE: 0.13512656 	 Validating MSE: 0.11792888 	 Best VMSE: 0.11063092
[2020-10-23 13:43:44] IELM.cv18: Checkpoint saved to experiments/normal/ar1/IELM_ar1_h6
[2020-10-23 13:43:44] IELM.cv18: Hidden size: 62 	 
Training MSE: 0.13511747 	 Validating MSE: 0.11729809 	 Best VMSE: 0.11063092
[2020-10-23 13:43:44] IELM.cv18: Checkpoint saved to experiments/normal/ar1/IELM_ar1_h6
[2020-10-23 13:43:44] IELM.cv18: Hidden size: 63 	 
Training MSE: 0.13450709 	 Validating MSE: 0.12587497 	 Best VMSE: 0.11063092
[2020-10-23 13:43:44] IELM.cv18: Checkpoint saved to experiments/normal/ar1/IELM_ar1_h6
[2020-10-23 13:43:44] IELM.cv18: Hidden size: 64 	 
Training MSE: 0.13410999 	 Validating MSE: 0.11751318 	 Best VMSE: 0.11063092
[2020-10-23 13:43:44] IELM.cv18: Checkpoint saved to experiments/normal/ar1/IELM_ar1_h6
[2020-10-23 13:43:44] IELM.cv18: Hidden size: 65 	 
Training MSE: 0.13382767 	 Validating MSE: 0.10824075 	 Best VMSE: 0.11063092
[2020-10-23 13:43:44] IELM.cv18: Found new best state
[2020-10-23 13:43:44] IELM.cv18: Best vmse: 0.1082
[2020-10-23 13:43:44] IELM.cv18: Checkpoint saved to experiments/normal/ar1/IELM_ar1_h6
[2020-10-23 13:43:44] IELM.cv18: Hidden size: 66 	 
Training MSE: 0.13264190 	 Validating MSE: 0.11393669 	 Best VMSE: 0.10824075
[2020-10-23 13:43:44] IELM.cv18: Checkpoint saved to experiments/normal/ar1/IELM_ar1_h6
[2020-10-23 13:43:44] IELM.cv18: Hidden size: 67 	 
Training MSE: 0.12996164 	 Validating MSE: 0.10158951 	 Best VMSE: 0.10824075
[2020-10-23 13:43:44] IELM.cv18: Found new best state
[2020-10-23 13:43:44] IELM.cv18: Best vmse: 0.1016
[2020-10-23 13:43:44] IELM.cv18: Checkpoint saved to experiments/normal/ar1/IELM_ar1_h6
[2020-10-23 13:43:44] IELM.cv18: Hidden size: 68 	 
Training MSE: 0.12622733 	 Validating MSE: 0.12266204 	 Best VMSE: 0.10158951
[2020-10-23 13:43:44] IELM.cv18: Checkpoint saved to experiments/normal/ar1/IELM_ar1_h6
[2020-10-23 13:43:44] IELM.cv18: Hidden size: 69 	 
Training MSE: 0.12547390 	 Validating MSE: 0.11115658 	 Best VMSE: 0.10158951
[2020-10-23 13:43:44] IELM.cv18: Checkpoint saved to experiments/normal/ar1/IELM_ar1_h6
[2020-10-23 13:43:44] IELM.cv18: Hidden size: 70 	 
Training MSE: 0.12538047 	 Validating MSE: 0.11333173 	 Best VMSE: 0.10158951
[2020-10-23 13:43:44] IELM.cv18: Checkpoint saved to experiments/normal/ar1/IELM_ar1_h6
[2020-10-23 13:43:44] IELM.cv18: Hidden size: 71 	 
Training MSE: 0.12523469 	 Validating MSE: 0.11571272 	 Best VMSE: 0.10158951
[2020-10-23 13:43:44] IELM.cv18: Checkpoint saved to experiments/normal/ar1/IELM_ar1_h6
[2020-10-23 13:43:44] IELM.cv18: Hidden size: 72 	 
Training MSE: 0.12515870 	 Validating MSE: 0.11345760 	 Best VMSE: 0.10158951
[2020-10-23 13:43:44] IELM.cv18: Checkpoint saved to experiments/normal/ar1/IELM_ar1_h6
[2020-10-23 13:43:44] IELM.cv18: Hidden size: 73 	 
Training MSE: 0.12501127 	 Validating MSE: 0.11002322 	 Best VMSE: 0.10158951
[2020-10-23 13:43:44] IELM.cv18: Checkpoint saved to experiments/normal/ar1/IELM_ar1_h6
[2020-10-23 13:43:44] IELM.cv18: Hidden size: 74 	 
Training MSE: 0.12445751 	 Validating MSE: 0.09705020 	 Best VMSE: 0.10158951
[2020-10-23 13:43:44] IELM.cv18: Found new best state
[2020-10-23 13:43:44] IELM.cv18: Best vmse: 0.0971
[2020-10-23 13:43:44] IELM.cv18: Checkpoint saved to experiments/normal/ar1/IELM_ar1_h6
[2020-10-23 13:43:44] IELM.cv18: Hidden size: 75 	 
Training MSE: 0.12396154 	 Validating MSE: 0.09797190 	 Best VMSE: 0.09705020
[2020-10-23 13:43:44] IELM.cv18: Checkpoint saved to experiments/normal/ar1/IELM_ar1_h6
[2020-10-23 13:43:44] IELM.cv18: Hidden size: 76 	 
Training MSE: 0.12395689 	 Validating MSE: 0.09794986 	 Best VMSE: 0.09705020
[2020-10-23 13:43:44] IELM.cv18: Checkpoint saved to experiments/normal/ar1/IELM_ar1_h6
[2020-10-23 13:43:44] IELM.cv18: Hidden size: 77 	 
Training MSE: 0.12330979 	 Validating MSE: 0.09420893 	 Best VMSE: 0.09705020
[2020-10-23 13:43:44] IELM.cv18: Found new best state
[2020-10-23 13:43:44] IELM.cv18: Best vmse: 0.0942
[2020-10-23 13:43:44] IELM.cv18: Checkpoint saved to experiments/normal/ar1/IELM_ar1_h6
[2020-10-23 13:43:44] IELM.cv18: Hidden size: 78 	 
Training MSE: 0.12292124 	 Validating MSE: 0.09676550 	 Best VMSE: 0.09420893
[2020-10-23 13:43:44] IELM.cv18: Checkpoint saved to experiments/normal/ar1/IELM_ar1_h6
[2020-10-23 13:43:44] IELM.cv18: Hidden size: 79 	 
Training MSE: 0.12241051 	 Validating MSE: 0.10454527 	 Best VMSE: 0.09420893
[2020-10-23 13:43:44] IELM.cv18: Checkpoint saved to experiments/normal/ar1/IELM_ar1_h6
[2020-10-23 13:43:44] IELM.cv18: Hidden size: 80 	 
Training MSE: 0.12238703 	 Validating MSE: 0.10435851 	 Best VMSE: 0.09420893
[2020-10-23 13:43:44] IELM.cv18: Checkpoint saved to experiments/normal/ar1/IELM_ar1_h6
[2020-10-23 13:43:45] IELM.cv18: Hidden size: 81 	 
Training MSE: 0.12213781 	 Validating MSE: 0.11189555 	 Best VMSE: 0.09420893
[2020-10-23 13:43:45] IELM.cv18: Checkpoint saved to experiments/normal/ar1/IELM_ar1_h6
[2020-10-23 13:43:45] IELM.cv18: Hidden size: 82 	 
Training MSE: 0.12163249 	 Validating MSE: 0.11025546 	 Best VMSE: 0.09420893
[2020-10-23 13:43:45] IELM.cv18: Checkpoint saved to experiments/normal/ar1/IELM_ar1_h6
[2020-10-23 13:43:45] IELM.cv18: Hidden size: 83 	 
Training MSE: 0.12052105 	 Validating MSE: 0.09398208 	 Best VMSE: 0.09420893
[2020-10-23 13:43:45] IELM.cv18: Found new best state
[2020-10-23 13:43:45] IELM.cv18: Best vmse: 0.0940
[2020-10-23 13:43:45] IELM.cv18: Checkpoint saved to experiments/normal/ar1/IELM_ar1_h6
[2020-10-23 13:43:45] IELM.cv18: Hidden size: 84 	 
Training MSE: 0.12020881 	 Validating MSE: 0.09855441 	 Best VMSE: 0.09398208
[2020-10-23 13:43:45] IELM.cv18: Checkpoint saved to experiments/normal/ar1/IELM_ar1_h6
[2020-10-23 13:43:45] IELM.cv18: Hidden size: 85 	 
Training MSE: 0.12003189 	 Validating MSE: 0.10614976 	 Best VMSE: 0.09398208
[2020-10-23 13:43:45] IELM.cv18: Checkpoint saved to experiments/normal/ar1/IELM_ar1_h6
[2020-10-23 13:43:45] IELM.cv18: Hidden size: 86 	 
Training MSE: 0.11996650 	 Validating MSE: 0.10386693 	 Best VMSE: 0.09398208
[2020-10-23 13:43:45] IELM.cv18: Checkpoint saved to experiments/normal/ar1/IELM_ar1_h6
[2020-10-23 13:43:45] IELM.cv18: Hidden size: 87 	 
Training MSE: 0.11994193 	 Validating MSE: 0.10151408 	 Best VMSE: 0.09398208
[2020-10-23 13:43:45] IELM.cv18: Checkpoint saved to experiments/normal/ar1/IELM_ar1_h6
[2020-10-23 13:43:45] IELM.cv18: Hidden size: 88 	 
Training MSE: 0.11973269 	 Validating MSE: 0.10401549 	 Best VMSE: 0.09398208
[2020-10-23 13:43:45] IELM.cv18: Checkpoint saved to experiments/normal/ar1/IELM_ar1_h6
[2020-10-23 13:43:45] IELM.cv18: Hidden size: 89 	 
Training MSE: 0.11973094 	 Validating MSE: 0.10345487 	 Best VMSE: 0.09398208
[2020-10-23 13:43:45] IELM.cv18: Checkpoint saved to experiments/normal/ar1/IELM_ar1_h6
[2020-10-23 13:43:45] IELM.cv18: Hidden size: 90 	 
Training MSE: 0.11970475 	 Validating MSE: 0.10766221 	 Best VMSE: 0.09398208
[2020-10-23 13:43:45] IELM.cv18: Checkpoint saved to experiments/normal/ar1/IELM_ar1_h6
[2020-10-23 13:43:45] IELM.cv18: Hidden size: 91 	 
Training MSE: 0.11936017 	 Validating MSE: 0.10121951 	 Best VMSE: 0.09398208
[2020-10-23 13:43:45] IELM.cv18: Checkpoint saved to experiments/normal/ar1/IELM_ar1_h6
[2020-10-23 13:43:45] IELM.cv18: Hidden size: 92 	 
Training MSE: 0.11867629 	 Validating MSE: 0.11143353 	 Best VMSE: 0.09398208
[2020-10-23 13:43:45] IELM.cv18: Checkpoint saved to experiments/normal/ar1/IELM_ar1_h6
[2020-10-23 13:43:45] IELM.cv18: Hidden size: 93 	 
Training MSE: 0.11867603 	 Validating MSE: 0.11146984 	 Best VMSE: 0.09398208
[2020-10-23 13:43:45] IELM.cv18: Checkpoint saved to experiments/normal/ar1/IELM_ar1_h6
[2020-10-23 13:43:45] IELM.cv18: Hidden size: 94 	 
Training MSE: 0.11839060 	 Validating MSE: 0.10644292 	 Best VMSE: 0.09398208
[2020-10-23 13:43:45] IELM.cv18: Checkpoint saved to experiments/normal/ar1/IELM_ar1_h6
[2020-10-23 13:43:45] IELM.cv18: Hidden size: 95 	 
Training MSE: 0.11836397 	 Validating MSE: 0.10686138 	 Best VMSE: 0.09398208
[2020-10-23 13:43:45] IELM.cv18: Checkpoint saved to experiments/normal/ar1/IELM_ar1_h6
[2020-10-23 13:43:45] IELM.cv18: Hidden size: 96 	 
Training MSE: 0.11709946 	 Validating MSE: 0.09346233 	 Best VMSE: 0.09398208
[2020-10-23 13:43:45] IELM.cv18: Found new best state
[2020-10-23 13:43:45] IELM.cv18: Best vmse: 0.0935
[2020-10-23 13:43:45] IELM.cv18: Checkpoint saved to experiments/normal/ar1/IELM_ar1_h6
[2020-10-23 13:43:45] IELM.cv18: Hidden size: 97 	 
Training MSE: 0.11470229 	 Validating MSE: 0.10177303 	 Best VMSE: 0.09346233
[2020-10-23 13:43:45] IELM.cv18: Checkpoint saved to experiments/normal/ar1/IELM_ar1_h6
[2020-10-23 13:43:45] IELM.cv18: Hidden size: 98 	 
Training MSE: 0.11285912 	 Validating MSE: 0.09219282 	 Best VMSE: 0.09346233
[2020-10-23 13:43:45] IELM.cv18: Found new best state
[2020-10-23 13:43:45] IELM.cv18: Best vmse: 0.0922
[2020-10-23 13:43:45] IELM.cv18: Checkpoint saved to experiments/normal/ar1/IELM_ar1_h6
[2020-10-23 13:43:45] IELM.cv18: Hidden size: 99 	 
Training MSE: 0.11262694 	 Validating MSE: 0.09655755 	 Best VMSE: 0.09219282
[2020-10-23 13:43:45] IELM.cv18: Checkpoint saved to experiments/normal/ar1/IELM_ar1_h6
[2020-10-23 13:43:45] IELM.cv18: Hidden size: 100 	 
Training MSE: 0.11255553 	 Validating MSE: 0.09405018 	 Best VMSE: 0.09219282
[2020-10-23 13:43:45] IELM.cv18: Checkpoint saved to experiments/normal/ar1/IELM_ar1_h6
[2020-10-23 13:43:45] IELM.cv18: Restoring best parameters from experiments/normal/ar1/IELM_ar1_h6/train.cv18.pth.tar
[2020-10-23 13:43:45] IELM.cv18: ar1	 H: 6	 Trail: 54 
Testing RMSE: 0.6763 	 MAPE: 0.1254 	 SMAPE: 0.06921
