[2020-10-23 13:43:48] IELM.cv19: Loading the datasets and model for 56th-batch-training
[2020-10-23 13:43:48] IELM.cv19: Argument hidden_size: 100
[2020-10-23 13:43:48] IELM.cv19: Argument candidate_size: 300
[2020-10-23 13:43:48] IELM.cv19: Argument Lambdas: [0.5, 1, 5, 15, 30, 50, 100, 150, 200]
[2020-10-23 13:43:48] IELM.cv19: Argument Lambdas_std: [0.01, 0.05, 0.1, 0.5, 1]
[2020-10-23 13:43:48] IELM.cv19: Argument r: [0.8, 0.9, 0.99, 0.9999, 0.999999]
[2020-10-23 13:43:48] IELM.cv19: Argument tolerance: 0
[2020-10-23 13:43:48] IELM.cv19: Argument device: device(type='cuda')
[2020-10-23 13:43:48] IELM.cv19: Argument dataset: 'ar1'
[2020-10-23 13:43:48] IELM.cv19: Argument H: 6
[2020-10-23 13:43:48] IELM.cv19: Argument k: 5
[2020-10-23 13:43:48] IELM.cv19: Argument test: False
[2020-10-23 13:43:48] IELM.cv19: Argument normal: True
[2020-10-23 13:43:48] IELM.cv19: Argument diff: False
[2020-10-23 13:43:48] IELM.cv19: Argument times: 60
[2020-10-23 13:43:48] IELM.cv19: Argument datasets: {'ar1': {'lag_order': 15, 'normal': True, 'cov_dim': 0, 'kernel_size': 3}, 'wti': {'lag_order': 25, 'normal': True, 'cov_dim': 0, 'kernel_size': 5}, 'gold': {'lag_order': 25, 'normal': True, 'cov_dim': 0, 'kernel_size': 5}, 'sp': {'lag_order': 25, 'normal': True, 'cov_dim': 0, 'kernel_size': 5}, 'brent': {'lag_order': 24, 'normal': True, 'cov_dim': 0, 'kernel_size': 6}, 'sili': {'lag_order': 26, 'normal': True, 'cov_dim': 0, 'kernel_size': 6}}
[2020-10-23 13:43:48] IELM.cv19: Argument steps: 15
[2020-10-23 13:43:48] IELM.cv19: Argument experiment: 'experiments/normal/ar1'
[2020-10-23 13:43:48] IELM.cv19: Argument scaler: StandardScaler()
[2020-10-23 13:43:48] IELM.cv19: Argument model_name: 'IELM_ar1_h6'
[2020-10-23 13:43:48] IELM.cv19: Argument model_dir: 'experiments/normal/ar1/IELM_ar1_h6'
[2020-10-23 13:43:48] IELM.cv19: Argument restore: True
[2020-10-23 13:43:48] IELM.cv19: Argument cv: 19
[2020-10-23 13:43:48] IELM.cv19: Argument plot_dir: 'experiments/normal/ar1/IELM_ar1_h6/figures'
[2020-10-23 13:43:48] IELM.cv19: Using Cuda...
[2020-10-23 13:43:48] IELM.cv19: Loading complete.
[2020-10-23 13:43:48] IELM.cv19: Model: 
IELM(
  (loss_fn): MSELoss()
)
[2020-10-23 13:43:48] IELM.cv19: Hidden size: 1 	 
Training MSE: 0.24047963 	 Validating MSE: 1.37226629 	 Best VMSE: 9999.00000000
[2020-10-23 13:43:48] IELM.cv19: Found new best state
[2020-10-23 13:43:48] IELM.cv19: Best vmse: 1.3723
[2020-10-23 13:43:48] IELM.cv19: Checkpoint saved to experiments/normal/ar1/IELM_ar1_h6
[2020-10-23 13:43:48] IELM.cv19: Hidden size: 2 	 
Training MSE: 0.24047627 	 Validating MSE: 1.37383306 	 Best VMSE: 1.37226629
[2020-10-23 13:43:48] IELM.cv19: Checkpoint saved to experiments/normal/ar1/IELM_ar1_h6
[2020-10-23 13:43:48] IELM.cv19: Hidden size: 3 	 
Training MSE: 0.24022803 	 Validating MSE: 1.35277176 	 Best VMSE: 1.37226629
[2020-10-23 13:43:48] IELM.cv19: Found new best state
[2020-10-23 13:43:48] IELM.cv19: Best vmse: 1.3528
[2020-10-23 13:43:48] IELM.cv19: Checkpoint saved to experiments/normal/ar1/IELM_ar1_h6
[2020-10-23 13:43:48] IELM.cv19: Hidden size: 4 	 
Training MSE: 0.23723821 	 Validating MSE: 1.20959818 	 Best VMSE: 1.35277176
[2020-10-23 13:43:48] IELM.cv19: Found new best state
[2020-10-23 13:43:48] IELM.cv19: Best vmse: 1.2096
[2020-10-23 13:43:48] IELM.cv19: Checkpoint saved to experiments/normal/ar1/IELM_ar1_h6
[2020-10-23 13:43:48] IELM.cv19: Hidden size: 5 	 
Training MSE: 0.23625188 	 Validating MSE: 1.26837778 	 Best VMSE: 1.20959818
[2020-10-23 13:43:48] IELM.cv19: Checkpoint saved to experiments/normal/ar1/IELM_ar1_h6
[2020-10-23 13:43:48] IELM.cv19: Hidden size: 6 	 
Training MSE: 0.23620787 	 Validating MSE: 1.25352907 	 Best VMSE: 1.20959818
[2020-10-23 13:43:48] IELM.cv19: Checkpoint saved to experiments/normal/ar1/IELM_ar1_h6
[2020-10-23 13:43:48] IELM.cv19: Hidden size: 7 	 
Training MSE: 0.23029944 	 Validating MSE: 0.98534763 	 Best VMSE: 1.20959818
[2020-10-23 13:43:48] IELM.cv19: Found new best state
[2020-10-23 13:43:48] IELM.cv19: Best vmse: 0.9853
[2020-10-23 13:43:48] IELM.cv19: Checkpoint saved to experiments/normal/ar1/IELM_ar1_h6
[2020-10-23 13:43:48] IELM.cv19: Hidden size: 8 	 
Training MSE: 0.21297762 	 Validating MSE: 1.15949070 	 Best VMSE: 0.98534763
[2020-10-23 13:43:48] IELM.cv19: Checkpoint saved to experiments/normal/ar1/IELM_ar1_h6
[2020-10-23 13:43:48] IELM.cv19: Hidden size: 9 	 
Training MSE: 0.21208829 	 Validating MSE: 1.09345210 	 Best VMSE: 0.98534763
[2020-10-23 13:43:48] IELM.cv19: Checkpoint saved to experiments/normal/ar1/IELM_ar1_h6
[2020-10-23 13:43:48] IELM.cv19: Hidden size: 10 	 
Training MSE: 0.19604984 	 Validating MSE: 0.55245709 	 Best VMSE: 0.98534763
[2020-10-23 13:43:48] IELM.cv19: Found new best state
[2020-10-23 13:43:48] IELM.cv19: Best vmse: 0.5525
[2020-10-23 13:43:48] IELM.cv19: Checkpoint saved to experiments/normal/ar1/IELM_ar1_h6
[2020-10-23 13:43:48] IELM.cv19: Hidden size: 11 	 
Training MSE: 0.18468370 	 Validating MSE: 0.65909427 	 Best VMSE: 0.55245709
[2020-10-23 13:43:48] IELM.cv19: Checkpoint saved to experiments/normal/ar1/IELM_ar1_h6
[2020-10-23 13:43:48] IELM.cv19: Hidden size: 12 	 
Training MSE: 0.17626245 	 Validating MSE: 0.43282774 	 Best VMSE: 0.55245709
[2020-10-23 13:43:48] IELM.cv19: Found new best state
[2020-10-23 13:43:48] IELM.cv19: Best vmse: 0.4328
[2020-10-23 13:43:48] IELM.cv19: Checkpoint saved to experiments/normal/ar1/IELM_ar1_h6
[2020-10-23 13:43:48] IELM.cv19: Hidden size: 13 	 
Training MSE: 0.17370853 	 Validating MSE: 0.47942030 	 Best VMSE: 0.43282774
[2020-10-23 13:43:48] IELM.cv19: Checkpoint saved to experiments/normal/ar1/IELM_ar1_h6
[2020-10-23 13:43:48] IELM.cv19: Hidden size: 14 	 
Training MSE: 0.17349941 	 Validating MSE: 0.48889354 	 Best VMSE: 0.43282774
[2020-10-23 13:43:48] IELM.cv19: Checkpoint saved to experiments/normal/ar1/IELM_ar1_h6
[2020-10-23 13:43:48] IELM.cv19: Hidden size: 15 	 
Training MSE: 0.17276506 	 Validating MSE: 0.44057432 	 Best VMSE: 0.43282774
[2020-10-23 13:43:48] IELM.cv19: Checkpoint saved to experiments/normal/ar1/IELM_ar1_h6
[2020-10-23 13:43:48] IELM.cv19: Hidden size: 16 	 
Training MSE: 0.16726652 	 Validating MSE: 0.47698775 	 Best VMSE: 0.43282774
[2020-10-23 13:43:48] IELM.cv19: Checkpoint saved to experiments/normal/ar1/IELM_ar1_h6
[2020-10-23 13:43:48] IELM.cv19: Hidden size: 17 	 
Training MSE: 0.16444479 	 Validating MSE: 0.42920950 	 Best VMSE: 0.43282774
[2020-10-23 13:43:48] IELM.cv19: Found new best state
[2020-10-23 13:43:48] IELM.cv19: Best vmse: 0.4292
[2020-10-23 13:43:48] IELM.cv19: Checkpoint saved to experiments/normal/ar1/IELM_ar1_h6
[2020-10-23 13:43:48] IELM.cv19: Hidden size: 18 	 
Training MSE: 0.16395427 	 Validating MSE: 0.39812598 	 Best VMSE: 0.42920950
[2020-10-23 13:43:48] IELM.cv19: Found new best state
[2020-10-23 13:43:48] IELM.cv19: Best vmse: 0.3981
[2020-10-23 13:43:48] IELM.cv19: Checkpoint saved to experiments/normal/ar1/IELM_ar1_h6
[2020-10-23 13:43:48] IELM.cv19: Hidden size: 19 	 
Training MSE: 0.16072081 	 Validating MSE: 0.45881230 	 Best VMSE: 0.39812598
[2020-10-23 13:43:48] IELM.cv19: Checkpoint saved to experiments/normal/ar1/IELM_ar1_h6
[2020-10-23 13:43:48] IELM.cv19: Hidden size: 20 	 
Training MSE: 0.16009204 	 Validating MSE: 0.41816035 	 Best VMSE: 0.39812598
[2020-10-23 13:43:48] IELM.cv19: Checkpoint saved to experiments/normal/ar1/IELM_ar1_h6
[2020-10-23 13:43:48] IELM.cv19: Hidden size: 21 	 
Training MSE: 0.15997128 	 Validating MSE: 0.42926735 	 Best VMSE: 0.39812598
[2020-10-23 13:43:48] IELM.cv19: Checkpoint saved to experiments/normal/ar1/IELM_ar1_h6
[2020-10-23 13:43:48] IELM.cv19: Hidden size: 22 	 
Training MSE: 0.15983583 	 Validating MSE: 0.43346125 	 Best VMSE: 0.39812598
[2020-10-23 13:43:48] IELM.cv19: Checkpoint saved to experiments/normal/ar1/IELM_ar1_h6
[2020-10-23 13:43:48] IELM.cv19: Hidden size: 23 	 
Training MSE: 0.15737760 	 Validating MSE: 0.34224537 	 Best VMSE: 0.39812598
[2020-10-23 13:43:48] IELM.cv19: Found new best state
[2020-10-23 13:43:48] IELM.cv19: Best vmse: 0.3422
[2020-10-23 13:43:48] IELM.cv19: Checkpoint saved to experiments/normal/ar1/IELM_ar1_h6
[2020-10-23 13:43:49] IELM.cv19: Hidden size: 24 	 
Training MSE: 0.15711361 	 Validating MSE: 0.36904186 	 Best VMSE: 0.34224537
[2020-10-23 13:43:49] IELM.cv19: Checkpoint saved to experiments/normal/ar1/IELM_ar1_h6
[2020-10-23 13:43:49] IELM.cv19: Hidden size: 25 	 
Training MSE: 0.15664719 	 Validating MSE: 0.39104471 	 Best VMSE: 0.34224537
[2020-10-23 13:43:49] IELM.cv19: Checkpoint saved to experiments/normal/ar1/IELM_ar1_h6
[2020-10-23 13:43:49] IELM.cv19: Hidden size: 26 	 
Training MSE: 0.15560405 	 Validating MSE: 0.37030026 	 Best VMSE: 0.34224537
[2020-10-23 13:43:49] IELM.cv19: Checkpoint saved to experiments/normal/ar1/IELM_ar1_h6
[2020-10-23 13:43:49] IELM.cv19: Hidden size: 27 	 
Training MSE: 0.15203950 	 Validating MSE: 0.43244848 	 Best VMSE: 0.34224537
[2020-10-23 13:43:49] IELM.cv19: Checkpoint saved to experiments/normal/ar1/IELM_ar1_h6
[2020-10-23 13:43:49] IELM.cv19: Hidden size: 28 	 
Training MSE: 0.14881186 	 Validating MSE: 0.30012700 	 Best VMSE: 0.34224537
[2020-10-23 13:43:49] IELM.cv19: Found new best state
[2020-10-23 13:43:49] IELM.cv19: Best vmse: 0.3001
[2020-10-23 13:43:49] IELM.cv19: Checkpoint saved to experiments/normal/ar1/IELM_ar1_h6
[2020-10-23 13:43:49] IELM.cv19: Hidden size: 29 	 
Training MSE: 0.14766324 	 Validating MSE: 0.26410726 	 Best VMSE: 0.30012700
[2020-10-23 13:43:49] IELM.cv19: Found new best state
[2020-10-23 13:43:49] IELM.cv19: Best vmse: 0.2641
[2020-10-23 13:43:49] IELM.cv19: Checkpoint saved to experiments/normal/ar1/IELM_ar1_h6
[2020-10-23 13:43:49] IELM.cv19: Hidden size: 30 	 
Training MSE: 0.14764765 	 Validating MSE: 0.25951830 	 Best VMSE: 0.26410726
[2020-10-23 13:43:49] IELM.cv19: Found new best state
[2020-10-23 13:43:49] IELM.cv19: Best vmse: 0.2595
[2020-10-23 13:43:49] IELM.cv19: Checkpoint saved to experiments/normal/ar1/IELM_ar1_h6
[2020-10-23 13:43:49] IELM.cv19: Hidden size: 31 	 
Training MSE: 0.14754657 	 Validating MSE: 0.24366052 	 Best VMSE: 0.25951830
[2020-10-23 13:43:49] IELM.cv19: Found new best state
[2020-10-23 13:43:49] IELM.cv19: Best vmse: 0.2437
[2020-10-23 13:43:49] IELM.cv19: Checkpoint saved to experiments/normal/ar1/IELM_ar1_h6
[2020-10-23 13:43:49] IELM.cv19: Hidden size: 32 	 
Training MSE: 0.14581831 	 Validating MSE: 0.26173672 	 Best VMSE: 0.24366052
[2020-10-23 13:43:49] IELM.cv19: Checkpoint saved to experiments/normal/ar1/IELM_ar1_h6
[2020-10-23 13:43:49] IELM.cv19: Hidden size: 33 	 
Training MSE: 0.14543580 	 Validating MSE: 0.24384540 	 Best VMSE: 0.24366052
[2020-10-23 13:43:49] IELM.cv19: Checkpoint saved to experiments/normal/ar1/IELM_ar1_h6
[2020-10-23 13:43:49] IELM.cv19: Hidden size: 34 	 
Training MSE: 0.14344735 	 Validating MSE: 0.27135366 	 Best VMSE: 0.24366052
[2020-10-23 13:43:49] IELM.cv19: Checkpoint saved to experiments/normal/ar1/IELM_ar1_h6
[2020-10-23 13:43:49] IELM.cv19: Hidden size: 35 	 
Training MSE: 0.14344682 	 Validating MSE: 0.27099270 	 Best VMSE: 0.24366052
[2020-10-23 13:43:49] IELM.cv19: Checkpoint saved to experiments/normal/ar1/IELM_ar1_h6
[2020-10-23 13:43:49] IELM.cv19: Hidden size: 36 	 
Training MSE: 0.14343293 	 Validating MSE: 0.26774263 	 Best VMSE: 0.24366052
[2020-10-23 13:43:49] IELM.cv19: Checkpoint saved to experiments/normal/ar1/IELM_ar1_h6
[2020-10-23 13:43:49] IELM.cv19: Hidden size: 37 	 
Training MSE: 0.14339402 	 Validating MSE: 0.26363841 	 Best VMSE: 0.24366052
[2020-10-23 13:43:49] IELM.cv19: Checkpoint saved to experiments/normal/ar1/IELM_ar1_h6
[2020-10-23 13:43:49] IELM.cv19: Hidden size: 38 	 
Training MSE: 0.14292073 	 Validating MSE: 0.27930355 	 Best VMSE: 0.24366052
[2020-10-23 13:43:49] IELM.cv19: Checkpoint saved to experiments/normal/ar1/IELM_ar1_h6
[2020-10-23 13:43:49] IELM.cv19: Hidden size: 39 	 
Training MSE: 0.14238703 	 Validating MSE: 0.24775454 	 Best VMSE: 0.24366052
[2020-10-23 13:43:49] IELM.cv19: Checkpoint saved to experiments/normal/ar1/IELM_ar1_h6
[2020-10-23 13:43:49] IELM.cv19: Hidden size: 40 	 
Training MSE: 0.14219321 	 Validating MSE: 0.25587928 	 Best VMSE: 0.24366052
[2020-10-23 13:43:49] IELM.cv19: Checkpoint saved to experiments/normal/ar1/IELM_ar1_h6
[2020-10-23 13:43:49] IELM.cv19: Hidden size: 41 	 
Training MSE: 0.14169720 	 Validating MSE: 0.23730388 	 Best VMSE: 0.24366052
[2020-10-23 13:43:49] IELM.cv19: Found new best state
[2020-10-23 13:43:49] IELM.cv19: Best vmse: 0.2373
[2020-10-23 13:43:49] IELM.cv19: Checkpoint saved to experiments/normal/ar1/IELM_ar1_h6
[2020-10-23 13:43:49] IELM.cv19: Hidden size: 42 	 
Training MSE: 0.14079911 	 Validating MSE: 0.24776348 	 Best VMSE: 0.23730388
[2020-10-23 13:43:49] IELM.cv19: Checkpoint saved to experiments/normal/ar1/IELM_ar1_h6
[2020-10-23 13:43:49] IELM.cv19: Hidden size: 43 	 
Training MSE: 0.13635513 	 Validating MSE: 0.18787897 	 Best VMSE: 0.23730388
[2020-10-23 13:43:49] IELM.cv19: Found new best state
[2020-10-23 13:43:49] IELM.cv19: Best vmse: 0.1879
[2020-10-23 13:43:49] IELM.cv19: Checkpoint saved to experiments/normal/ar1/IELM_ar1_h6
[2020-10-23 13:43:49] IELM.cv19: Hidden size: 44 	 
Training MSE: 0.13121048 	 Validating MSE: 0.23457244 	 Best VMSE: 0.18787897
[2020-10-23 13:43:49] IELM.cv19: Checkpoint saved to experiments/normal/ar1/IELM_ar1_h6
[2020-10-23 13:43:49] IELM.cv19: Hidden size: 45 	 
Training MSE: 0.13064581 	 Validating MSE: 0.22738868 	 Best VMSE: 0.18787897
[2020-10-23 13:43:49] IELM.cv19: Checkpoint saved to experiments/normal/ar1/IELM_ar1_h6
[2020-10-23 13:43:49] IELM.cv19: Hidden size: 46 	 
Training MSE: 0.13055027 	 Validating MSE: 0.22040939 	 Best VMSE: 0.18787897
[2020-10-23 13:43:49] IELM.cv19: Checkpoint saved to experiments/normal/ar1/IELM_ar1_h6
[2020-10-23 13:43:49] IELM.cv19: Hidden size: 47 	 
Training MSE: 0.13040242 	 Validating MSE: 0.22274357 	 Best VMSE: 0.18787897
[2020-10-23 13:43:49] IELM.cv19: Checkpoint saved to experiments/normal/ar1/IELM_ar1_h6
[2020-10-23 13:43:49] IELM.cv19: Hidden size: 48 	 
Training MSE: 0.13012835 	 Validating MSE: 0.23196153 	 Best VMSE: 0.18787897
[2020-10-23 13:43:49] IELM.cv19: Checkpoint saved to experiments/normal/ar1/IELM_ar1_h6
[2020-10-23 13:43:49] IELM.cv19: Hidden size: 49 	 
Training MSE: 0.12970127 	 Validating MSE: 0.20768470 	 Best VMSE: 0.18787897
[2020-10-23 13:43:49] IELM.cv19: Checkpoint saved to experiments/normal/ar1/IELM_ar1_h6
[2020-10-23 13:43:49] IELM.cv19: Hidden size: 50 	 
Training MSE: 0.12968716 	 Validating MSE: 0.20688048 	 Best VMSE: 0.18787897
[2020-10-23 13:43:49] IELM.cv19: Checkpoint saved to experiments/normal/ar1/IELM_ar1_h6
[2020-10-23 13:43:49] IELM.cv19: Hidden size: 51 	 
Training MSE: 0.12925351 	 Validating MSE: 0.22112510 	 Best VMSE: 0.18787897
[2020-10-23 13:43:49] IELM.cv19: Checkpoint saved to experiments/normal/ar1/IELM_ar1_h6
[2020-10-23 13:43:49] IELM.cv19: Hidden size: 52 	 
Training MSE: 0.12921511 	 Validating MSE: 0.21590732 	 Best VMSE: 0.18787897
[2020-10-23 13:43:49] IELM.cv19: Checkpoint saved to experiments/normal/ar1/IELM_ar1_h6
[2020-10-23 13:43:49] IELM.cv19: Hidden size: 53 	 
Training MSE: 0.12890631 	 Validating MSE: 0.21007508 	 Best VMSE: 0.18787897
[2020-10-23 13:43:49] IELM.cv19: Checkpoint saved to experiments/normal/ar1/IELM_ar1_h6
[2020-10-23 13:43:49] IELM.cv19: Hidden size: 54 	 
Training MSE: 0.12845992 	 Validating MSE: 0.22114098 	 Best VMSE: 0.18787897
[2020-10-23 13:43:49] IELM.cv19: Checkpoint saved to experiments/normal/ar1/IELM_ar1_h6
[2020-10-23 13:43:49] IELM.cv19: Hidden size: 55 	 
Training MSE: 0.12837999 	 Validating MSE: 0.21881677 	 Best VMSE: 0.18787897
[2020-10-23 13:43:49] IELM.cv19: Checkpoint saved to experiments/normal/ar1/IELM_ar1_h6
[2020-10-23 13:43:49] IELM.cv19: Hidden size: 56 	 
Training MSE: 0.12837978 	 Validating MSE: 0.21896361 	 Best VMSE: 0.18787897
[2020-10-23 13:43:49] IELM.cv19: Checkpoint saved to experiments/normal/ar1/IELM_ar1_h6
[2020-10-23 13:43:49] IELM.cv19: Hidden size: 57 	 
Training MSE: 0.12697668 	 Validating MSE: 0.18227914 	 Best VMSE: 0.18787897
[2020-10-23 13:43:49] IELM.cv19: Found new best state
[2020-10-23 13:43:49] IELM.cv19: Best vmse: 0.1823
[2020-10-23 13:43:49] IELM.cv19: Checkpoint saved to experiments/normal/ar1/IELM_ar1_h6
[2020-10-23 13:43:49] IELM.cv19: Hidden size: 58 	 
Training MSE: 0.12664579 	 Validating MSE: 0.20217109 	 Best VMSE: 0.18227914
[2020-10-23 13:43:49] IELM.cv19: Checkpoint saved to experiments/normal/ar1/IELM_ar1_h6
[2020-10-23 13:43:49] IELM.cv19: Hidden size: 59 	 
Training MSE: 0.12664555 	 Validating MSE: 0.20227349 	 Best VMSE: 0.18227914
[2020-10-23 13:43:49] IELM.cv19: Checkpoint saved to experiments/normal/ar1/IELM_ar1_h6
[2020-10-23 13:43:49] IELM.cv19: Hidden size: 60 	 
Training MSE: 0.12662657 	 Validating MSE: 0.19607621 	 Best VMSE: 0.18227914
[2020-10-23 13:43:49] IELM.cv19: Checkpoint saved to experiments/normal/ar1/IELM_ar1_h6
[2020-10-23 13:43:50] IELM.cv19: Hidden size: 61 	 
Training MSE: 0.12662554 	 Validating MSE: 0.19544803 	 Best VMSE: 0.18227914
[2020-10-23 13:43:50] IELM.cv19: Checkpoint saved to experiments/normal/ar1/IELM_ar1_h6
[2020-10-23 13:43:50] IELM.cv19: Hidden size: 62 	 
Training MSE: 0.12574315 	 Validating MSE: 0.22098058 	 Best VMSE: 0.18227914
[2020-10-23 13:43:50] IELM.cv19: Checkpoint saved to experiments/normal/ar1/IELM_ar1_h6
[2020-10-23 13:43:50] IELM.cv19: Hidden size: 63 	 
Training MSE: 0.12567089 	 Validating MSE: 0.21859470 	 Best VMSE: 0.18227914
[2020-10-23 13:43:50] IELM.cv19: Checkpoint saved to experiments/normal/ar1/IELM_ar1_h6
[2020-10-23 13:43:50] IELM.cv19: Hidden size: 64 	 
Training MSE: 0.12566468 	 Validating MSE: 0.21686813 	 Best VMSE: 0.18227914
[2020-10-23 13:43:50] IELM.cv19: Checkpoint saved to experiments/normal/ar1/IELM_ar1_h6
[2020-10-23 13:43:50] IELM.cv19: Hidden size: 65 	 
Training MSE: 0.12540928 	 Validating MSE: 0.22411673 	 Best VMSE: 0.18227914
[2020-10-23 13:43:50] IELM.cv19: Checkpoint saved to experiments/normal/ar1/IELM_ar1_h6
[2020-10-23 13:43:50] IELM.cv19: Hidden size: 66 	 
Training MSE: 0.12518771 	 Validating MSE: 0.21885300 	 Best VMSE: 0.18227914
[2020-10-23 13:43:50] IELM.cv19: Checkpoint saved to experiments/normal/ar1/IELM_ar1_h6
[2020-10-23 13:43:50] IELM.cv19: Hidden size: 67 	 
Training MSE: 0.12506594 	 Validating MSE: 0.21050403 	 Best VMSE: 0.18227914
[2020-10-23 13:43:50] IELM.cv19: Checkpoint saved to experiments/normal/ar1/IELM_ar1_h6
[2020-10-23 13:43:50] IELM.cv19: Hidden size: 68 	 
Training MSE: 0.12498391 	 Validating MSE: 0.21177684 	 Best VMSE: 0.18227914
[2020-10-23 13:43:50] IELM.cv19: Checkpoint saved to experiments/normal/ar1/IELM_ar1_h6
[2020-10-23 13:43:50] IELM.cv19: Hidden size: 69 	 
Training MSE: 0.12454419 	 Validating MSE: 0.19485573 	 Best VMSE: 0.18227914
[2020-10-23 13:43:50] IELM.cv19: Checkpoint saved to experiments/normal/ar1/IELM_ar1_h6
[2020-10-23 13:43:50] IELM.cv19: Hidden size: 70 	 
Training MSE: 0.12432590 	 Validating MSE: 0.20095605 	 Best VMSE: 0.18227914
[2020-10-23 13:43:50] IELM.cv19: Checkpoint saved to experiments/normal/ar1/IELM_ar1_h6
[2020-10-23 13:43:50] IELM.cv19: Hidden size: 71 	 
Training MSE: 0.12412480 	 Validating MSE: 0.18475175 	 Best VMSE: 0.18227914
[2020-10-23 13:43:50] IELM.cv19: Checkpoint saved to experiments/normal/ar1/IELM_ar1_h6
[2020-10-23 13:43:50] IELM.cv19: Hidden size: 72 	 
Training MSE: 0.12363614 	 Validating MSE: 0.19420876 	 Best VMSE: 0.18227914
[2020-10-23 13:43:50] IELM.cv19: Checkpoint saved to experiments/normal/ar1/IELM_ar1_h6
[2020-10-23 13:43:50] IELM.cv19: Hidden size: 73 	 
Training MSE: 0.12346979 	 Validating MSE: 0.19077328 	 Best VMSE: 0.18227914
[2020-10-23 13:43:50] IELM.cv19: Checkpoint saved to experiments/normal/ar1/IELM_ar1_h6
[2020-10-23 13:43:50] IELM.cv19: Hidden size: 74 	 
Training MSE: 0.12324220 	 Validating MSE: 0.17789191 	 Best VMSE: 0.18227914
[2020-10-23 13:43:50] IELM.cv19: Found new best state
[2020-10-23 13:43:50] IELM.cv19: Best vmse: 0.1779
[2020-10-23 13:43:50] IELM.cv19: Checkpoint saved to experiments/normal/ar1/IELM_ar1_h6
[2020-10-23 13:43:50] IELM.cv19: Hidden size: 75 	 
Training MSE: 0.12322711 	 Validating MSE: 0.18432511 	 Best VMSE: 0.17789191
[2020-10-23 13:43:50] IELM.cv19: Checkpoint saved to experiments/normal/ar1/IELM_ar1_h6
[2020-10-23 13:43:50] IELM.cv19: Hidden size: 76 	 
Training MSE: 0.12320633 	 Validating MSE: 0.18999261 	 Best VMSE: 0.17789191
[2020-10-23 13:43:50] IELM.cv19: Checkpoint saved to experiments/normal/ar1/IELM_ar1_h6
[2020-10-23 13:43:50] IELM.cv19: Hidden size: 77 	 
Training MSE: 0.12312719 	 Validating MSE: 0.19851956 	 Best VMSE: 0.17789191
[2020-10-23 13:43:50] IELM.cv19: Checkpoint saved to experiments/normal/ar1/IELM_ar1_h6
[2020-10-23 13:43:50] IELM.cv19: Hidden size: 78 	 
Training MSE: 0.12312707 	 Validating MSE: 0.19861887 	 Best VMSE: 0.17789191
[2020-10-23 13:43:50] IELM.cv19: Checkpoint saved to experiments/normal/ar1/IELM_ar1_h6
[2020-10-23 13:43:50] IELM.cv19: Hidden size: 79 	 
Training MSE: 0.12294528 	 Validating MSE: 0.21185035 	 Best VMSE: 0.17789191
[2020-10-23 13:43:50] IELM.cv19: Checkpoint saved to experiments/normal/ar1/IELM_ar1_h6
[2020-10-23 13:43:50] IELM.cv19: Hidden size: 80 	 
Training MSE: 0.12294126 	 Validating MSE: 0.21093580 	 Best VMSE: 0.17789191
[2020-10-23 13:43:50] IELM.cv19: Checkpoint saved to experiments/normal/ar1/IELM_ar1_h6
[2020-10-23 13:43:50] IELM.cv19: Hidden size: 81 	 
Training MSE: 0.12017932 	 Validating MSE: 0.14492679 	 Best VMSE: 0.17789191
[2020-10-23 13:43:50] IELM.cv19: Found new best state
[2020-10-23 13:43:50] IELM.cv19: Best vmse: 0.1449
[2020-10-23 13:43:50] IELM.cv19: Checkpoint saved to experiments/normal/ar1/IELM_ar1_h6
[2020-10-23 13:43:50] IELM.cv19: Hidden size: 82 	 
Training MSE: 0.11739258 	 Validating MSE: 0.15950778 	 Best VMSE: 0.14492679
[2020-10-23 13:43:50] IELM.cv19: Checkpoint saved to experiments/normal/ar1/IELM_ar1_h6
[2020-10-23 13:43:50] IELM.cv19: Hidden size: 83 	 
Training MSE: 0.11710252 	 Validating MSE: 0.14770129 	 Best VMSE: 0.14492679
[2020-10-23 13:43:50] IELM.cv19: Checkpoint saved to experiments/normal/ar1/IELM_ar1_h6
[2020-10-23 13:43:50] IELM.cv19: Hidden size: 84 	 
Training MSE: 0.11700124 	 Validating MSE: 0.14943056 	 Best VMSE: 0.14492679
[2020-10-23 13:43:50] IELM.cv19: Checkpoint saved to experiments/normal/ar1/IELM_ar1_h6
[2020-10-23 13:43:50] IELM.cv19: Hidden size: 85 	 
Training MSE: 0.11690900 	 Validating MSE: 0.14711718 	 Best VMSE: 0.14492679
[2020-10-23 13:43:50] IELM.cv19: Checkpoint saved to experiments/normal/ar1/IELM_ar1_h6
[2020-10-23 13:43:50] IELM.cv19: Hidden size: 86 	 
Training MSE: 0.11666110 	 Validating MSE: 0.15247695 	 Best VMSE: 0.14492679
[2020-10-23 13:43:50] IELM.cv19: Checkpoint saved to experiments/normal/ar1/IELM_ar1_h6
[2020-10-23 13:43:50] IELM.cv19: Hidden size: 87 	 
Training MSE: 0.11656725 	 Validating MSE: 0.15546216 	 Best VMSE: 0.14492679
[2020-10-23 13:43:50] IELM.cv19: Checkpoint saved to experiments/normal/ar1/IELM_ar1_h6
[2020-10-23 13:43:50] IELM.cv19: Hidden size: 88 	 
Training MSE: 0.11600516 	 Validating MSE: 0.14527237 	 Best VMSE: 0.14492679
[2020-10-23 13:43:50] IELM.cv19: Checkpoint saved to experiments/normal/ar1/IELM_ar1_h6
[2020-10-23 13:43:50] IELM.cv19: Hidden size: 89 	 
Training MSE: 0.11600210 	 Validating MSE: 0.14538959 	 Best VMSE: 0.14492679
[2020-10-23 13:43:50] IELM.cv19: Checkpoint saved to experiments/normal/ar1/IELM_ar1_h6
[2020-10-23 13:43:50] IELM.cv19: Hidden size: 90 	 
Training MSE: 0.11592697 	 Validating MSE: 0.14083356 	 Best VMSE: 0.14492679
[2020-10-23 13:43:50] IELM.cv19: Found new best state
[2020-10-23 13:43:50] IELM.cv19: Best vmse: 0.1408
[2020-10-23 13:43:50] IELM.cv19: Checkpoint saved to experiments/normal/ar1/IELM_ar1_h6
[2020-10-23 13:43:50] IELM.cv19: Hidden size: 91 	 
Training MSE: 0.11541519 	 Validating MSE: 0.15534563 	 Best VMSE: 0.14083356
[2020-10-23 13:43:50] IELM.cv19: Checkpoint saved to experiments/normal/ar1/IELM_ar1_h6
[2020-10-23 13:43:50] IELM.cv19: Hidden size: 92 	 
Training MSE: 0.11533955 	 Validating MSE: 0.16016492 	 Best VMSE: 0.14083356
[2020-10-23 13:43:50] IELM.cv19: Checkpoint saved to experiments/normal/ar1/IELM_ar1_h6
[2020-10-23 13:43:50] IELM.cv19: Hidden size: 93 	 
Training MSE: 0.11533806 	 Validating MSE: 0.15988895 	 Best VMSE: 0.14083356
[2020-10-23 13:43:50] IELM.cv19: Checkpoint saved to experiments/normal/ar1/IELM_ar1_h6
[2020-10-23 13:43:50] IELM.cv19: Hidden size: 94 	 
Training MSE: 0.11523942 	 Validating MSE: 0.16317412 	 Best VMSE: 0.14083356
[2020-10-23 13:43:50] IELM.cv19: Checkpoint saved to experiments/normal/ar1/IELM_ar1_h6
[2020-10-23 13:43:50] IELM.cv19: Hidden size: 95 	 
Training MSE: 0.11438337 	 Validating MSE: 0.14569142 	 Best VMSE: 0.14083356
[2020-10-23 13:43:50] IELM.cv19: Checkpoint saved to experiments/normal/ar1/IELM_ar1_h6
[2020-10-23 13:43:50] IELM.cv19: Hidden size: 96 	 
Training MSE: 0.11432452 	 Validating MSE: 0.13790238 	 Best VMSE: 0.14083356
[2020-10-23 13:43:50] IELM.cv19: Found new best state
[2020-10-23 13:43:50] IELM.cv19: Best vmse: 0.1379
[2020-10-23 13:43:50] IELM.cv19: Checkpoint saved to experiments/normal/ar1/IELM_ar1_h6
[2020-10-23 13:43:50] IELM.cv19: Hidden size: 97 	 
Training MSE: 0.11411837 	 Validating MSE: 0.15393521 	 Best VMSE: 0.13790238
[2020-10-23 13:43:50] IELM.cv19: Checkpoint saved to experiments/normal/ar1/IELM_ar1_h6
[2020-10-23 13:43:51] IELM.cv19: Hidden size: 98 	 
Training MSE: 0.11410998 	 Validating MSE: 0.15421177 	 Best VMSE: 0.13790238
[2020-10-23 13:43:51] IELM.cv19: Checkpoint saved to experiments/normal/ar1/IELM_ar1_h6
[2020-10-23 13:43:51] IELM.cv19: Hidden size: 99 	 
Training MSE: 0.11407985 	 Validating MSE: 0.14943109 	 Best VMSE: 0.13790238
[2020-10-23 13:43:51] IELM.cv19: Checkpoint saved to experiments/normal/ar1/IELM_ar1_h6
[2020-10-23 13:43:51] IELM.cv19: Hidden size: 100 	 
Training MSE: 0.11400660 	 Validating MSE: 0.15196683 	 Best VMSE: 0.13790238
[2020-10-23 13:43:51] IELM.cv19: Checkpoint saved to experiments/normal/ar1/IELM_ar1_h6
[2020-10-23 13:43:51] IELM.cv19: Restoring best parameters from experiments/normal/ar1/IELM_ar1_h6/train.cv19.pth.tar
[2020-10-23 13:43:51] IELM.cv19: ar1	 H: 6	 Trail: 56 
Testing RMSE: 0.7908 	 MAPE: 0.1619 	 SMAPE: 0.09087
