[2020-09-14 16:34:18] RVFL.cv10: Loading the datasets and model for 10th-batch-training
[2020-09-14 16:34:18] RVFL.cv10: Argument hidden_size: 100
[2020-09-14 16:34:18] RVFL.cv10: Argument candidate_size: 300
[2020-09-14 16:34:18] RVFL.cv10: Argument Lambdas: [0.5, 1, 5, 15, 30, 50, 100, 150, 200]
[2020-09-14 16:34:18] RVFL.cv10: Argument Lambdas_std: [0.01, 0.05, 0.1, 0.5, 1]
[2020-09-14 16:34:18] RVFL.cv10: Argument r: [0.8, 0.9, 0.99, 0.9999, 0.999999]
[2020-09-14 16:34:18] RVFL.cv10: Argument tolerance: 0
[2020-09-14 16:34:18] RVFL.cv10: Argument device: device(type='cpu')
[2020-09-14 16:34:18] RVFL.cv10: Argument dataset: 'sili'
[2020-09-14 16:34:18] RVFL.cv10: Argument H: 4
[2020-09-14 16:34:18] RVFL.cv10: Argument k: 5
[2020-09-14 16:34:18] RVFL.cv10: Argument test: False
[2020-09-14 16:34:18] RVFL.cv10: Argument normal: True
[2020-09-14 16:34:18] RVFL.cv10: Argument diff: False
[2020-09-14 16:34:18] RVFL.cv10: Argument times: 20
[2020-09-14 16:34:18] RVFL.cv10: Argument datasets: {'ar1': {'lag_order': 15, 'normal': True, 'cov_dim': 0, 'kernel_size': 3}, 'wti': {'lag_order': 25, 'normal': True, 'cov_dim': 0, 'kernel_size': 5}, 'gold': {'lag_order': 25, 'normal': True, 'cov_dim': 0, 'kernel_size': 5}, 'sp': {'lag_order': 25, 'normal': True, 'cov_dim': 0, 'kernel_size': 5}, 'brent': {'lag_order': 24, 'normal': True, 'cov_dim': 0, 'kernel_size': 6}, 'sili': {'lag_order': 26, 'normal': True, 'cov_dim': 0, 'kernel_size': 6}}
[2020-09-14 16:34:18] RVFL.cv10: Argument steps: 26
[2020-09-14 16:34:18] RVFL.cv10: Argument experiment: 'experiments/normal/sili'
[2020-09-14 16:34:18] RVFL.cv10: Argument scaler: StandardScaler()
[2020-09-14 16:34:18] RVFL.cv10: Argument model_name: 'RVFL_sili_h4'
[2020-09-14 16:34:18] RVFL.cv10: Argument model_dir: 'experiments/normal/sili/RVFL_sili_h4'
[2020-09-14 16:34:18] RVFL.cv10: Argument restore: True
[2020-09-14 16:34:18] RVFL.cv10: Argument cv: 10
[2020-09-14 16:34:18] RVFL.cv10: Loading complete.
[2020-09-14 16:34:18] RVFL.cv10: Model: 
RVFL(
  (loss_fn): MSELoss()
)
[2020-09-14 16:34:18] RVFL.cv10: Hidden size: 100 	 
Training MSE: 0.09573990 	 Validating MSE: 2.31903648 
[2020-09-14 16:34:18] RVFL.cv10: sili	 H: 4	 Trail: 10 
Testing RMSE: 1.955 	 MAPE: 0.3669 	 SMAPE: 0.1701
