[2020-10-23 13:29:51] esCNN.cv2: Loading the datasets and model for 8th-batch-training
[2020-10-23 13:29:51] esCNN.cv2: Argument channel_size: 100
[2020-10-23 13:29:51] esCNN.cv2: Argument candidate_size: 300
[2020-10-23 13:29:51] esCNN.cv2: Argument kernel_size: 6
[2020-10-23 13:29:51] esCNN.cv2: Argument kernel_list: [8, 6, 5, 4]
[2020-10-23 13:29:51] esCNN.cv2: Argument Lambdas: [0.5, 1, 5, 15, 30, 50, 100, 150, 200]
[2020-10-23 13:29:51] esCNN.cv2: Argument Lambdas_std: [0.01, 0.05, 0.1, 0.5, 1]
[2020-10-23 13:29:51] esCNN.cv2: Argument r: [0.8, 0.9, 0.99, 0.9999, 0.999999]
[2020-10-23 13:29:51] esCNN.cv2: Argument tolerance: 0
[2020-10-23 13:29:51] esCNN.cv2: Argument device: device(type='cuda')
[2020-10-23 13:29:51] esCNN.cv2: Argument dataset: 'sili'
[2020-10-23 13:29:51] esCNN.cv2: Argument H: 8
[2020-10-23 13:29:51] esCNN.cv2: Argument k: 5
[2020-10-23 13:29:51] esCNN.cv2: Argument test: False
[2020-10-23 13:29:51] esCNN.cv2: Argument search: 'random'
[2020-10-23 13:29:51] esCNN.cv2: Argument normal: True
[2020-10-23 13:29:51] esCNN.cv2: Argument diff: False
[2020-10-23 13:29:51] esCNN.cv2: Argument times: 60
[2020-10-23 13:29:51] esCNN.cv2: Argument datasets: {'ar1': {'lag_order': 15, 'normal': True, 'cov_dim': 0, 'kernel_size': 3}, 'wti': {'lag_order': 25, 'normal': True, 'cov_dim': 0, 'kernel_size': 5}, 'gold': {'lag_order': 25, 'normal': True, 'cov_dim': 0, 'kernel_size': 5}, 'sp': {'lag_order': 25, 'normal': True, 'cov_dim': 0, 'kernel_size': 5}, 'brent': {'lag_order': 24, 'normal': True, 'cov_dim': 0, 'kernel_size': 6}, 'sili': {'lag_order': 26, 'normal': True, 'cov_dim': 0, 'kernel_size': 6}}
[2020-10-23 13:29:51] esCNN.cv2: Argument steps: 26
[2020-10-23 13:29:51] esCNN.cv2: Argument cov_dim: 0
[2020-10-23 13:29:51] esCNN.cv2: Argument experiment: 'experiments/normal/sili'
[2020-10-23 13:29:51] esCNN.cv2: Argument scaler: StandardScaler()
[2020-10-23 13:29:51] esCNN.cv2: Argument model_name: 'esCNN_random_sili_h8'
[2020-10-23 13:29:51] esCNN.cv2: Argument model_dir: 'experiments/normal/sili/esCNN_random_sili_h8'
[2020-10-23 13:29:51] esCNN.cv2: Argument In_channels: 1
[2020-10-23 13:29:51] esCNN.cv2: Argument restore: True
[2020-10-23 13:29:51] esCNN.cv2: Argument cv: 2
[2020-10-23 13:29:51] esCNN.cv2: Argument plot_dir: 'experiments/normal/sili/esCNN_random_sili_h8/figures'
[2020-10-23 13:29:51] esCNN.cv2: Using Cuda...
[2020-10-23 13:29:51] esCNN.cv2: Loading complete.
[2020-10-23 13:29:51] esCNN.cv2: Model: 
ES_CNN(
  (Pool): AvgPool1d(kernel_size=(3,), stride=(1,), padding=(0,))
  (loss_fn): MSELoss()
)
[2020-10-23 13:29:51] esCNN.cv2: Found new best state
[2020-10-23 13:29:51] esCNN.cv2: Best vmse: 1.6908
[2020-10-23 13:29:51] esCNN.cv2: Channel size: 1 	 Kernel size: 6 
Training MSE: 0.32829237 	 Validating MSE: 1.69075799 	 Best VMSE: 1.69075799
[2020-10-23 13:29:51] esCNN.cv2: Checkpoint saved to experiments/normal/sili/esCNN_random_sili_h8
[2020-10-23 13:29:52] esCNN.cv2: Found new best state
[2020-10-23 13:29:52] esCNN.cv2: Best vmse: 1.1749
[2020-10-23 13:29:52] esCNN.cv2: Channel size: 2 	 Kernel size: 6 
Training MSE: 0.25273591 	 Validating MSE: 1.17488456 	 Best VMSE: 1.17488456
[2020-10-23 13:29:52] esCNN.cv2: Checkpoint saved to experiments/normal/sili/esCNN_random_sili_h8
[2020-10-23 13:29:52] esCNN.cv2: Channel size: 3 	 Kernel size: 6 
Training MSE: 0.24159175 	 Validating MSE: 1.21621346 	 Best VMSE: 1.17488456
[2020-10-23 13:29:52] esCNN.cv2: Checkpoint saved to experiments/normal/sili/esCNN_random_sili_h8
[2020-10-23 13:29:52] esCNN.cv2: Found new best state
[2020-10-23 13:29:52] esCNN.cv2: Best vmse: 1.0587
[2020-10-23 13:29:52] esCNN.cv2: Channel size: 4 	 Kernel size: 6 
Training MSE: 0.23354065 	 Validating MSE: 1.05866051 	 Best VMSE: 1.05866051
[2020-10-23 13:29:52] esCNN.cv2: Checkpoint saved to experiments/normal/sili/esCNN_random_sili_h8
[2020-10-23 13:29:52] esCNN.cv2: Found new best state
[2020-10-23 13:29:52] esCNN.cv2: Best vmse: 1.0433
[2020-10-23 13:29:52] esCNN.cv2: Channel size: 5 	 Kernel size: 6 
Training MSE: 0.23252547 	 Validating MSE: 1.04332983 	 Best VMSE: 1.04332983
[2020-10-23 13:29:52] esCNN.cv2: Checkpoint saved to experiments/normal/sili/esCNN_random_sili_h8
[2020-10-23 13:29:52] esCNN.cv2: Found new best state
[2020-10-23 13:29:52] esCNN.cv2: Best vmse: 0.9968
[2020-10-23 13:29:52] esCNN.cv2: Channel size: 6 	 Kernel size: 6 
Training MSE: 0.22522575 	 Validating MSE: 0.99675369 	 Best VMSE: 0.99675369
[2020-10-23 13:29:52] esCNN.cv2: Checkpoint saved to experiments/normal/sili/esCNN_random_sili_h8
[2020-10-23 13:29:52] esCNN.cv2: Channel size: 7 	 Kernel size: 6 
Training MSE: 0.22149363 	 Validating MSE: 1.00237846 	 Best VMSE: 0.99675369
[2020-10-23 13:29:52] esCNN.cv2: Checkpoint saved to experiments/normal/sili/esCNN_random_sili_h8
[2020-10-23 13:29:52] esCNN.cv2: Channel size: 8 	 Kernel size: 6 
Training MSE: 0.22000265 	 Validating MSE: 1.00308537 	 Best VMSE: 0.99675369
[2020-10-23 13:29:52] esCNN.cv2: Checkpoint saved to experiments/normal/sili/esCNN_random_sili_h8
[2020-10-23 13:29:52] esCNN.cv2: Channel size: 9 	 Kernel size: 6 
Training MSE: 0.21840945 	 Validating MSE: 1.00909781 	 Best VMSE: 0.99675369
[2020-10-23 13:29:52] esCNN.cv2: Checkpoint saved to experiments/normal/sili/esCNN_random_sili_h8
[2020-10-23 13:29:52] esCNN.cv2: Channel size: 10 	 Kernel size: 6 
Training MSE: 0.21810536 	 Validating MSE: 0.99857742 	 Best VMSE: 0.99675369
[2020-10-23 13:29:52] esCNN.cv2: Checkpoint saved to experiments/normal/sili/esCNN_random_sili_h8
[2020-10-23 13:29:52] esCNN.cv2: Channel size: 11 	 Kernel size: 6 
Training MSE: 0.21765830 	 Validating MSE: 1.00074232 	 Best VMSE: 0.99675369
[2020-10-23 13:29:52] esCNN.cv2: Checkpoint saved to experiments/normal/sili/esCNN_random_sili_h8
[2020-10-23 13:29:52] esCNN.cv2: Found new best state
[2020-10-23 13:29:52] esCNN.cv2: Best vmse: 0.9953
[2020-10-23 13:29:52] esCNN.cv2: Channel size: 12 	 Kernel size: 6 
Training MSE: 0.21746746 	 Validating MSE: 0.99525470 	 Best VMSE: 0.99525470
[2020-10-23 13:29:52] esCNN.cv2: Checkpoint saved to experiments/normal/sili/esCNN_random_sili_h8
[2020-10-23 13:29:52] esCNN.cv2: Channel size: 13 	 Kernel size: 6 
Training MSE: 0.21729113 	 Validating MSE: 0.99854797 	 Best VMSE: 0.99525470
[2020-10-23 13:29:52] esCNN.cv2: Checkpoint saved to experiments/normal/sili/esCNN_random_sili_h8
[2020-10-23 13:29:52] esCNN.cv2: Found new best state
[2020-10-23 13:29:52] esCNN.cv2: Best vmse: 0.9913
[2020-10-23 13:29:52] esCNN.cv2: Channel size: 14 	 Kernel size: 6 
Training MSE: 0.21716399 	 Validating MSE: 0.99129611 	 Best VMSE: 0.99129611
[2020-10-23 13:29:52] esCNN.cv2: Checkpoint saved to experiments/normal/sili/esCNN_random_sili_h8
[2020-10-23 13:29:52] esCNN.cv2: Found new best state
[2020-10-23 13:29:52] esCNN.cv2: Best vmse: 0.9854
[2020-10-23 13:29:52] esCNN.cv2: Channel size: 15 	 Kernel size: 6 
Training MSE: 0.21704178 	 Validating MSE: 0.98542625 	 Best VMSE: 0.98542625
[2020-10-23 13:29:52] esCNN.cv2: Checkpoint saved to experiments/normal/sili/esCNN_random_sili_h8
[2020-10-23 13:29:52] esCNN.cv2: Channel size: 16 	 Kernel size: 6 
Training MSE: 0.21690625 	 Validating MSE: 0.99393719 	 Best VMSE: 0.98542625
[2020-10-23 13:29:52] esCNN.cv2: Checkpoint saved to experiments/normal/sili/esCNN_random_sili_h8
[2020-10-23 13:29:52] esCNN.cv2: Channel size: 17 	 Kernel size: 6 
Training MSE: 0.21677265 	 Validating MSE: 0.99701130 	 Best VMSE: 0.98542625
[2020-10-23 13:29:52] esCNN.cv2: Checkpoint saved to experiments/normal/sili/esCNN_random_sili_h8
[2020-10-23 13:29:52] esCNN.cv2: Found new best state
[2020-10-23 13:29:52] esCNN.cv2: Best vmse: 0.9752
[2020-10-23 13:29:52] esCNN.cv2: Channel size: 18 	 Kernel size: 6 
Training MSE: 0.21580833 	 Validating MSE: 0.97520334 	 Best VMSE: 0.97520334
[2020-10-23 13:29:52] esCNN.cv2: Checkpoint saved to experiments/normal/sili/esCNN_random_sili_h8
[2020-10-23 13:29:52] esCNN.cv2: Channel size: 19 	 Kernel size: 6 
Training MSE: 0.21441385 	 Validating MSE: 0.98053867 	 Best VMSE: 0.97520334
[2020-10-23 13:29:52] esCNN.cv2: Checkpoint saved to experiments/normal/sili/esCNN_random_sili_h8
[2020-10-23 13:29:52] esCNN.cv2: Found new best state
[2020-10-23 13:29:52] esCNN.cv2: Best vmse: 0.9742
[2020-10-23 13:29:52] esCNN.cv2: Channel size: 20 	 Kernel size: 6 
Training MSE: 0.21416280 	 Validating MSE: 0.97420961 	 Best VMSE: 0.97420961
[2020-10-23 13:29:52] esCNN.cv2: Checkpoint saved to experiments/normal/sili/esCNN_random_sili_h8
[2020-10-23 13:29:52] esCNN.cv2: Channel size: 21 	 Kernel size: 6 
Training MSE: 0.21391387 	 Validating MSE: 0.97761577 	 Best VMSE: 0.97420961
[2020-10-23 13:29:52] esCNN.cv2: Checkpoint saved to experiments/normal/sili/esCNN_random_sili_h8
[2020-10-23 13:29:52] esCNN.cv2: Channel size: 22 	 Kernel size: 6 
Training MSE: 0.21379507 	 Validating MSE: 0.98000956 	 Best VMSE: 0.97420961
[2020-10-23 13:29:52] esCNN.cv2: Checkpoint saved to experiments/normal/sili/esCNN_random_sili_h8
[2020-10-23 13:29:52] esCNN.cv2: Channel size: 23 	 Kernel size: 6 
Training MSE: 0.21365424 	 Validating MSE: 0.98162651 	 Best VMSE: 0.97420961
[2020-10-23 13:29:52] esCNN.cv2: Checkpoint saved to experiments/normal/sili/esCNN_random_sili_h8
[2020-10-23 13:29:52] esCNN.cv2: Channel size: 24 	 Kernel size: 6 
Training MSE: 0.21353622 	 Validating MSE: 0.98214716 	 Best VMSE: 0.97420961
[2020-10-23 13:29:52] esCNN.cv2: Checkpoint saved to experiments/normal/sili/esCNN_random_sili_h8
[2020-10-23 13:29:52] esCNN.cv2: Channel size: 25 	 Kernel size: 6 
Training MSE: 0.21342914 	 Validating MSE: 0.98296565 	 Best VMSE: 0.97420961
[2020-10-23 13:29:52] esCNN.cv2: Checkpoint saved to experiments/normal/sili/esCNN_random_sili_h8
[2020-10-23 13:29:52] esCNN.cv2: Channel size: 26 	 Kernel size: 6 
Training MSE: 0.21317036 	 Validating MSE: 0.97839737 	 Best VMSE: 0.97420961
[2020-10-23 13:29:52] esCNN.cv2: Checkpoint saved to experiments/normal/sili/esCNN_random_sili_h8
[2020-10-23 13:29:52] esCNN.cv2: Channel size: 27 	 Kernel size: 6 
Training MSE: 0.21300571 	 Validating MSE: 0.98108333 	 Best VMSE: 0.97420961
[2020-10-23 13:29:52] esCNN.cv2: Checkpoint saved to experiments/normal/sili/esCNN_random_sili_h8
[2020-10-23 13:29:52] esCNN.cv2: Channel size: 28 	 Kernel size: 6 
Training MSE: 0.21284716 	 Validating MSE: 0.98430818 	 Best VMSE: 0.97420961
[2020-10-23 13:29:52] esCNN.cv2: Checkpoint saved to experiments/normal/sili/esCNN_random_sili_h8
[2020-10-23 13:29:53] esCNN.cv2: Channel size: 29 	 Kernel size: 6 
Training MSE: 0.21267338 	 Validating MSE: 0.97848225 	 Best VMSE: 0.97420961
[2020-10-23 13:29:53] esCNN.cv2: Checkpoint saved to experiments/normal/sili/esCNN_random_sili_h8
[2020-10-23 13:29:53] esCNN.cv2: Channel size: 30 	 Kernel size: 6 
Training MSE: 0.21261711 	 Validating MSE: 0.97963393 	 Best VMSE: 0.97420961
[2020-10-23 13:29:53] esCNN.cv2: Checkpoint saved to experiments/normal/sili/esCNN_random_sili_h8
[2020-10-23 13:29:53] esCNN.cv2: Channel size: 31 	 Kernel size: 6 
Training MSE: 0.21247073 	 Validating MSE: 0.97874230 	 Best VMSE: 0.97420961
[2020-10-23 13:29:53] esCNN.cv2: Checkpoint saved to experiments/normal/sili/esCNN_random_sili_h8
[2020-10-23 13:29:53] esCNN.cv2: Channel size: 32 	 Kernel size: 6 
Training MSE: 0.21239699 	 Validating MSE: 0.98310989 	 Best VMSE: 0.97420961
[2020-10-23 13:29:53] esCNN.cv2: Checkpoint saved to experiments/normal/sili/esCNN_random_sili_h8
[2020-10-23 13:29:53] esCNN.cv2: Channel size: 33 	 Kernel size: 6 
Training MSE: 0.21234719 	 Validating MSE: 0.98419094 	 Best VMSE: 0.97420961
[2020-10-23 13:29:53] esCNN.cv2: Checkpoint saved to experiments/normal/sili/esCNN_random_sili_h8
[2020-10-23 13:29:53] esCNN.cv2: Found new best state
[2020-10-23 13:29:53] esCNN.cv2: Best vmse: 0.9687
[2020-10-23 13:29:53] esCNN.cv2: Channel size: 34 	 Kernel size: 6 
Training MSE: 0.21195884 	 Validating MSE: 0.96865195 	 Best VMSE: 0.96865195
[2020-10-23 13:29:53] esCNN.cv2: Checkpoint saved to experiments/normal/sili/esCNN_random_sili_h8
[2020-10-23 13:29:53] esCNN.cv2: Channel size: 35 	 Kernel size: 6 
Training MSE: 0.21138000 	 Validating MSE: 0.98212588 	 Best VMSE: 0.96865195
[2020-10-23 13:29:53] esCNN.cv2: Checkpoint saved to experiments/normal/sili/esCNN_random_sili_h8
[2020-10-23 13:29:53] esCNN.cv2: Channel size: 36 	 Kernel size: 6 
Training MSE: 0.21106453 	 Validating MSE: 0.98654747 	 Best VMSE: 0.96865195
[2020-10-23 13:29:53] esCNN.cv2: Checkpoint saved to experiments/normal/sili/esCNN_random_sili_h8
[2020-10-23 13:29:53] esCNN.cv2: Channel size: 37 	 Kernel size: 6 
Training MSE: 0.21075600 	 Validating MSE: 0.97403443 	 Best VMSE: 0.96865195
[2020-10-23 13:29:53] esCNN.cv2: Checkpoint saved to experiments/normal/sili/esCNN_random_sili_h8
[2020-10-23 13:29:53] esCNN.cv2: Channel size: 38 	 Kernel size: 6 
Training MSE: 0.21061859 	 Validating MSE: 0.97345936 	 Best VMSE: 0.96865195
[2020-10-23 13:29:53] esCNN.cv2: Checkpoint saved to experiments/normal/sili/esCNN_random_sili_h8
[2020-10-23 13:29:53] esCNN.cv2: Channel size: 39 	 Kernel size: 6 
Training MSE: 0.21042126 	 Validating MSE: 0.98250276 	 Best VMSE: 0.96865195
[2020-10-23 13:29:53] esCNN.cv2: Checkpoint saved to experiments/normal/sili/esCNN_random_sili_h8
[2020-10-23 13:29:53] esCNN.cv2: Channel size: 40 	 Kernel size: 6 
Training MSE: 0.21024893 	 Validating MSE: 0.97901106 	 Best VMSE: 0.96865195
[2020-10-23 13:29:53] esCNN.cv2: Checkpoint saved to experiments/normal/sili/esCNN_random_sili_h8
[2020-10-23 13:29:53] esCNN.cv2: Channel size: 41 	 Kernel size: 6 
Training MSE: 0.21009123 	 Validating MSE: 0.97343254 	 Best VMSE: 0.96865195
[2020-10-23 13:29:53] esCNN.cv2: Checkpoint saved to experiments/normal/sili/esCNN_random_sili_h8
[2020-10-23 13:29:53] esCNN.cv2: Channel size: 42 	 Kernel size: 6 
Training MSE: 0.20979469 	 Validating MSE: 0.97879785 	 Best VMSE: 0.96865195
[2020-10-23 13:29:53] esCNN.cv2: Checkpoint saved to experiments/normal/sili/esCNN_random_sili_h8
[2020-10-23 13:29:53] esCNN.cv2: Channel size: 43 	 Kernel size: 6 
Training MSE: 0.20961255 	 Validating MSE: 0.97434330 	 Best VMSE: 0.96865195
[2020-10-23 13:29:53] esCNN.cv2: Checkpoint saved to experiments/normal/sili/esCNN_random_sili_h8
[2020-10-23 13:29:53] esCNN.cv2: Found new best state
[2020-10-23 13:29:53] esCNN.cv2: Best vmse: 0.9528
[2020-10-23 13:29:53] esCNN.cv2: Channel size: 44 	 Kernel size: 6 
Training MSE: 0.20852908 	 Validating MSE: 0.95282787 	 Best VMSE: 0.95282787
[2020-10-23 13:29:53] esCNN.cv2: Checkpoint saved to experiments/normal/sili/esCNN_random_sili_h8
[2020-10-23 13:29:53] esCNN.cv2: Channel size: 45 	 Kernel size: 6 
Training MSE: 0.20794813 	 Validating MSE: 0.96797323 	 Best VMSE: 0.95282787
[2020-10-23 13:29:53] esCNN.cv2: Checkpoint saved to experiments/normal/sili/esCNN_random_sili_h8
[2020-10-23 13:29:53] esCNN.cv2: Channel size: 46 	 Kernel size: 6 
Training MSE: 0.20733064 	 Validating MSE: 0.98805201 	 Best VMSE: 0.95282787
[2020-10-23 13:29:53] esCNN.cv2: Checkpoint saved to experiments/normal/sili/esCNN_random_sili_h8
[2020-10-23 13:29:54] esCNN.cv2: Channel size: 47 	 Kernel size: 6 
Training MSE: 0.20712806 	 Validating MSE: 0.98109263 	 Best VMSE: 0.95282787
[2020-10-23 13:29:54] esCNN.cv2: Checkpoint saved to experiments/normal/sili/esCNN_random_sili_h8
[2020-10-23 13:29:54] esCNN.cv2: Channel size: 48 	 Kernel size: 6 
Training MSE: 0.20701559 	 Validating MSE: 0.98482269 	 Best VMSE: 0.95282787
[2020-10-23 13:29:54] esCNN.cv2: Checkpoint saved to experiments/normal/sili/esCNN_random_sili_h8
[2020-10-23 13:29:54] esCNN.cv2: Channel size: 49 	 Kernel size: 6 
Training MSE: 0.20697109 	 Validating MSE: 0.98275870 	 Best VMSE: 0.95282787
[2020-10-23 13:29:54] esCNN.cv2: Checkpoint saved to experiments/normal/sili/esCNN_random_sili_h8
[2020-10-23 13:29:54] esCNN.cv2: Channel size: 50 	 Kernel size: 6 
Training MSE: 0.20645522 	 Validating MSE: 0.97586787 	 Best VMSE: 0.95282787
[2020-10-23 13:29:54] esCNN.cv2: Checkpoint saved to experiments/normal/sili/esCNN_random_sili_h8
[2020-10-23 13:29:54] esCNN.cv2: Channel size: 51 	 Kernel size: 6 
Training MSE: 0.20614173 	 Validating MSE: 0.98175377 	 Best VMSE: 0.95282787
[2020-10-23 13:29:54] esCNN.cv2: Checkpoint saved to experiments/normal/sili/esCNN_random_sili_h8
[2020-10-23 13:29:54] esCNN.cv2: Channel size: 52 	 Kernel size: 6 
Training MSE: 0.20569715 	 Validating MSE: 0.96518421 	 Best VMSE: 0.95282787
[2020-10-23 13:29:54] esCNN.cv2: Checkpoint saved to experiments/normal/sili/esCNN_random_sili_h8
[2020-10-23 13:29:54] esCNN.cv2: Channel size: 53 	 Kernel size: 6 
Training MSE: 0.20552874 	 Validating MSE: 0.97718698 	 Best VMSE: 0.95282787
[2020-10-23 13:29:54] esCNN.cv2: Checkpoint saved to experiments/normal/sili/esCNN_random_sili_h8
[2020-10-23 13:29:54] esCNN.cv2: Channel size: 54 	 Kernel size: 6 
Training MSE: 0.20539908 	 Validating MSE: 0.97625107 	 Best VMSE: 0.95282787
[2020-10-23 13:29:54] esCNN.cv2: Checkpoint saved to experiments/normal/sili/esCNN_random_sili_h8
[2020-10-23 13:29:54] esCNN.cv2: Channel size: 55 	 Kernel size: 6 
Training MSE: 0.20524299 	 Validating MSE: 0.97383797 	 Best VMSE: 0.95282787
[2020-10-23 13:29:54] esCNN.cv2: Checkpoint saved to experiments/normal/sili/esCNN_random_sili_h8
[2020-10-23 13:29:54] esCNN.cv2: Channel size: 56 	 Kernel size: 6 
Training MSE: 0.20511542 	 Validating MSE: 0.97511494 	 Best VMSE: 0.95282787
[2020-10-23 13:29:54] esCNN.cv2: Checkpoint saved to experiments/normal/sili/esCNN_random_sili_h8
[2020-10-23 13:29:54] esCNN.cv2: Channel size: 57 	 Kernel size: 6 
Training MSE: 0.20506713 	 Validating MSE: 0.97722113 	 Best VMSE: 0.95282787
[2020-10-23 13:29:54] esCNN.cv2: Checkpoint saved to experiments/normal/sili/esCNN_random_sili_h8
[2020-10-23 13:29:54] esCNN.cv2: Channel size: 58 	 Kernel size: 6 
Training MSE: 0.20497027 	 Validating MSE: 0.98085749 	 Best VMSE: 0.95282787
[2020-10-23 13:29:54] esCNN.cv2: Checkpoint saved to experiments/normal/sili/esCNN_random_sili_h8
[2020-10-23 13:29:54] esCNN.cv2: Channel size: 59 	 Kernel size: 6 
Training MSE: 0.20493640 	 Validating MSE: 0.97879881 	 Best VMSE: 0.95282787
[2020-10-23 13:29:54] esCNN.cv2: Checkpoint saved to experiments/normal/sili/esCNN_random_sili_h8
[2020-10-23 13:29:54] esCNN.cv2: Channel size: 60 	 Kernel size: 6 
Training MSE: 0.20491701 	 Validating MSE: 0.97989130 	 Best VMSE: 0.95282787
[2020-10-23 13:29:54] esCNN.cv2: Checkpoint saved to experiments/normal/sili/esCNN_random_sili_h8
[2020-10-23 13:29:54] esCNN.cv2: Channel size: 61 	 Kernel size: 6 
Training MSE: 0.20478936 	 Validating MSE: 0.97157139 	 Best VMSE: 0.95282787
[2020-10-23 13:29:54] esCNN.cv2: Checkpoint saved to experiments/normal/sili/esCNN_random_sili_h8
[2020-10-23 13:29:55] esCNN.cv2: Channel size: 62 	 Kernel size: 6 
Training MSE: 0.20464718 	 Validating MSE: 0.97451746 	 Best VMSE: 0.95282787
[2020-10-23 13:29:55] esCNN.cv2: Checkpoint saved to experiments/normal/sili/esCNN_random_sili_h8
[2020-10-23 13:29:55] esCNN.cv2: Channel size: 63 	 Kernel size: 6 
Training MSE: 0.20437020 	 Validating MSE: 0.98868513 	 Best VMSE: 0.95282787
[2020-10-23 13:29:55] esCNN.cv2: Checkpoint saved to experiments/normal/sili/esCNN_random_sili_h8
[2020-10-23 13:29:55] esCNN.cv2: Channel size: 64 	 Kernel size: 6 
Training MSE: 0.20433301 	 Validating MSE: 0.98447818 	 Best VMSE: 0.95282787
[2020-10-23 13:29:55] esCNN.cv2: Checkpoint saved to experiments/normal/sili/esCNN_random_sili_h8
[2020-10-23 13:29:55] esCNN.cv2: Channel size: 65 	 Kernel size: 6 
Training MSE: 0.20431799 	 Validating MSE: 0.98309231 	 Best VMSE: 0.95282787
[2020-10-23 13:29:55] esCNN.cv2: Checkpoint saved to experiments/normal/sili/esCNN_random_sili_h8
[2020-10-23 13:29:55] esCNN.cv2: Channel size: 66 	 Kernel size: 6 
Training MSE: 0.20429529 	 Validating MSE: 0.98080969 	 Best VMSE: 0.95282787
[2020-10-23 13:29:55] esCNN.cv2: Checkpoint saved to experiments/normal/sili/esCNN_random_sili_h8
[2020-10-23 13:29:55] esCNN.cv2: Channel size: 67 	 Kernel size: 6 
Training MSE: 0.20415862 	 Validating MSE: 0.98202747 	 Best VMSE: 0.95282787
[2020-10-23 13:29:55] esCNN.cv2: Checkpoint saved to experiments/normal/sili/esCNN_random_sili_h8
[2020-10-23 13:29:55] esCNN.cv2: Channel size: 68 	 Kernel size: 6 
Training MSE: 0.20400485 	 Validating MSE: 0.97797817 	 Best VMSE: 0.95282787
[2020-10-23 13:29:55] esCNN.cv2: Checkpoint saved to experiments/normal/sili/esCNN_random_sili_h8
[2020-10-23 13:29:55] esCNN.cv2: Channel size: 69 	 Kernel size: 6 
Training MSE: 0.20395398 	 Validating MSE: 0.98074836 	 Best VMSE: 0.95282787
[2020-10-23 13:29:55] esCNN.cv2: Checkpoint saved to experiments/normal/sili/esCNN_random_sili_h8
[2020-10-23 13:29:55] esCNN.cv2: Channel size: 70 	 Kernel size: 6 
Training MSE: 0.20386155 	 Validating MSE: 0.98439801 	 Best VMSE: 0.95282787
[2020-10-23 13:29:55] esCNN.cv2: Checkpoint saved to experiments/normal/sili/esCNN_random_sili_h8
[2020-10-23 13:29:55] esCNN.cv2: Channel size: 71 	 Kernel size: 6 
Training MSE: 0.20359933 	 Validating MSE: 0.97166127 	 Best VMSE: 0.95282787
[2020-10-23 13:29:55] esCNN.cv2: Checkpoint saved to experiments/normal/sili/esCNN_random_sili_h8
[2020-10-23 13:29:55] esCNN.cv2: Channel size: 72 	 Kernel size: 6 
Training MSE: 0.20350036 	 Validating MSE: 0.97804052 	 Best VMSE: 0.95282787
[2020-10-23 13:29:55] esCNN.cv2: Checkpoint saved to experiments/normal/sili/esCNN_random_sili_h8
[2020-10-23 13:29:55] esCNN.cv2: Channel size: 73 	 Kernel size: 6 
Training MSE: 0.20335029 	 Validating MSE: 0.98154926 	 Best VMSE: 0.95282787
[2020-10-23 13:29:55] esCNN.cv2: Checkpoint saved to experiments/normal/sili/esCNN_random_sili_h8
[2020-10-23 13:29:55] esCNN.cv2: Channel size: 74 	 Kernel size: 6 
Training MSE: 0.20322502 	 Validating MSE: 0.97704524 	 Best VMSE: 0.95282787
[2020-10-23 13:29:55] esCNN.cv2: Checkpoint saved to experiments/normal/sili/esCNN_random_sili_h8
[2020-10-23 13:29:56] esCNN.cv2: Channel size: 75 	 Kernel size: 6 
Training MSE: 0.20314704 	 Validating MSE: 0.98092693 	 Best VMSE: 0.95282787
[2020-10-23 13:29:56] esCNN.cv2: Checkpoint saved to experiments/normal/sili/esCNN_random_sili_h8
[2020-10-23 13:29:56] esCNN.cv2: Channel size: 76 	 Kernel size: 6 
Training MSE: 0.20280950 	 Validating MSE: 0.97077209 	 Best VMSE: 0.95282787
[2020-10-23 13:29:56] esCNN.cv2: Checkpoint saved to experiments/normal/sili/esCNN_random_sili_h8
[2020-10-23 13:29:56] esCNN.cv2: Channel size: 77 	 Kernel size: 6 
Training MSE: 0.20262004 	 Validating MSE: 0.97958183 	 Best VMSE: 0.95282787
[2020-10-23 13:29:56] esCNN.cv2: Checkpoint saved to experiments/normal/sili/esCNN_random_sili_h8
[2020-10-23 13:29:56] esCNN.cv2: Channel size: 78 	 Kernel size: 6 
Training MSE: 0.20254166 	 Validating MSE: 0.98223859 	 Best VMSE: 0.95282787
[2020-10-23 13:29:56] esCNN.cv2: Checkpoint saved to experiments/normal/sili/esCNN_random_sili_h8
[2020-10-23 13:29:56] esCNN.cv2: Channel size: 79 	 Kernel size: 6 
Training MSE: 0.20250545 	 Validating MSE: 0.98054713 	 Best VMSE: 0.95282787
[2020-10-23 13:29:56] esCNN.cv2: Checkpoint saved to experiments/normal/sili/esCNN_random_sili_h8
[2020-10-23 13:29:56] esCNN.cv2: Channel size: 80 	 Kernel size: 6 
Training MSE: 0.20248845 	 Validating MSE: 0.97966498 	 Best VMSE: 0.95282787
[2020-10-23 13:29:56] esCNN.cv2: Checkpoint saved to experiments/normal/sili/esCNN_random_sili_h8
[2020-10-23 13:29:56] esCNN.cv2: Channel size: 81 	 Kernel size: 6 
Training MSE: 0.20236211 	 Validating MSE: 0.97198260 	 Best VMSE: 0.95282787
[2020-10-23 13:29:56] esCNN.cv2: Checkpoint saved to experiments/normal/sili/esCNN_random_sili_h8
[2020-10-23 13:29:56] esCNN.cv2: Channel size: 82 	 Kernel size: 6 
Training MSE: 0.20229957 	 Validating MSE: 0.97802728 	 Best VMSE: 0.95282787
[2020-10-23 13:29:56] esCNN.cv2: Checkpoint saved to experiments/normal/sili/esCNN_random_sili_h8
[2020-10-23 13:29:56] esCNN.cv2: Channel size: 83 	 Kernel size: 6 
Training MSE: 0.20219180 	 Validating MSE: 0.98357356 	 Best VMSE: 0.95282787
[2020-10-23 13:29:56] esCNN.cv2: Checkpoint saved to experiments/normal/sili/esCNN_random_sili_h8
[2020-10-23 13:29:56] esCNN.cv2: Channel size: 84 	 Kernel size: 6 
Training MSE: 0.20209900 	 Validating MSE: 0.98158658 	 Best VMSE: 0.95282787
[2020-10-23 13:29:56] esCNN.cv2: Checkpoint saved to experiments/normal/sili/esCNN_random_sili_h8
[2020-10-23 13:29:56] esCNN.cv2: Channel size: 85 	 Kernel size: 6 
Training MSE: 0.20205680 	 Validating MSE: 0.98104495 	 Best VMSE: 0.95282787
[2020-10-23 13:29:56] esCNN.cv2: Checkpoint saved to experiments/normal/sili/esCNN_random_sili_h8
[2020-10-23 13:29:57] esCNN.cv2: Channel size: 86 	 Kernel size: 6 
Training MSE: 0.20200086 	 Validating MSE: 0.97561389 	 Best VMSE: 0.95282787
[2020-10-23 13:29:57] esCNN.cv2: Checkpoint saved to experiments/normal/sili/esCNN_random_sili_h8
[2020-10-23 13:29:57] esCNN.cv2: Channel size: 87 	 Kernel size: 6 
Training MSE: 0.20189385 	 Validating MSE: 0.97552645 	 Best VMSE: 0.95282787
[2020-10-23 13:29:57] esCNN.cv2: Checkpoint saved to experiments/normal/sili/esCNN_random_sili_h8
[2020-10-23 13:29:57] esCNN.cv2: Channel size: 88 	 Kernel size: 6 
Training MSE: 0.20178351 	 Validating MSE: 0.97693521 	 Best VMSE: 0.95282787
[2020-10-23 13:29:57] esCNN.cv2: Checkpoint saved to experiments/normal/sili/esCNN_random_sili_h8
[2020-10-23 13:29:57] esCNN.cv2: Channel size: 89 	 Kernel size: 6 
Training MSE: 0.20166405 	 Validating MSE: 0.97563696 	 Best VMSE: 0.95282787
[2020-10-23 13:29:57] esCNN.cv2: Checkpoint saved to experiments/normal/sili/esCNN_random_sili_h8
[2020-10-23 13:29:57] esCNN.cv2: Channel size: 90 	 Kernel size: 6 
Training MSE: 0.20154378 	 Validating MSE: 0.97699231 	 Best VMSE: 0.95282787
[2020-10-23 13:29:57] esCNN.cv2: Checkpoint saved to experiments/normal/sili/esCNN_random_sili_h8
[2020-10-23 13:29:57] esCNN.cv2: Channel size: 91 	 Kernel size: 6 
Training MSE: 0.20148206 	 Validating MSE: 0.97965604 	 Best VMSE: 0.95282787
[2020-10-23 13:29:57] esCNN.cv2: Checkpoint saved to experiments/normal/sili/esCNN_random_sili_h8
[2020-10-23 13:29:57] esCNN.cv2: Channel size: 92 	 Kernel size: 6 
Training MSE: 0.20132092 	 Validating MSE: 0.99193281 	 Best VMSE: 0.95282787
[2020-10-23 13:29:57] esCNN.cv2: Checkpoint saved to experiments/normal/sili/esCNN_random_sili_h8
[2020-10-23 13:29:57] esCNN.cv2: Channel size: 93 	 Kernel size: 6 
Training MSE: 0.20122579 	 Validating MSE: 0.98227036 	 Best VMSE: 0.95282787
[2020-10-23 13:29:57] esCNN.cv2: Checkpoint saved to experiments/normal/sili/esCNN_random_sili_h8
[2020-10-23 13:29:57] esCNN.cv2: Channel size: 94 	 Kernel size: 6 
Training MSE: 0.20118840 	 Validating MSE: 0.98503429 	 Best VMSE: 0.95282787
[2020-10-23 13:29:57] esCNN.cv2: Checkpoint saved to experiments/normal/sili/esCNN_random_sili_h8
[2020-10-23 13:29:57] esCNN.cv2: Channel size: 95 	 Kernel size: 6 
Training MSE: 0.20113251 	 Validating MSE: 0.98260176 	 Best VMSE: 0.95282787
[2020-10-23 13:29:57] esCNN.cv2: Checkpoint saved to experiments/normal/sili/esCNN_random_sili_h8
[2020-10-23 13:29:57] esCNN.cv2: Channel size: 96 	 Kernel size: 6 
Training MSE: 0.20105410 	 Validating MSE: 0.97626221 	 Best VMSE: 0.95282787
[2020-10-23 13:29:57] esCNN.cv2: Checkpoint saved to experiments/normal/sili/esCNN_random_sili_h8
[2020-10-23 13:29:58] esCNN.cv2: Channel size: 97 	 Kernel size: 6 
Training MSE: 0.20101841 	 Validating MSE: 0.97467023 	 Best VMSE: 0.95282787
[2020-10-23 13:29:58] esCNN.cv2: Checkpoint saved to experiments/normal/sili/esCNN_random_sili_h8
[2020-10-23 13:29:58] esCNN.cv2: Channel size: 98 	 Kernel size: 6 
Training MSE: 0.20100158 	 Validating MSE: 0.97662830 	 Best VMSE: 0.95282787
[2020-10-23 13:29:58] esCNN.cv2: Checkpoint saved to experiments/normal/sili/esCNN_random_sili_h8
[2020-10-23 13:29:58] esCNN.cv2: Channel size: 99 	 Kernel size: 6 
Training MSE: 0.20088935 	 Validating MSE: 0.96887457 	 Best VMSE: 0.95282787
[2020-10-23 13:29:58] esCNN.cv2: Checkpoint saved to experiments/normal/sili/esCNN_random_sili_h8
[2020-10-23 13:29:58] esCNN.cv2: Channel size: 100 	 Kernel size: 6 
Training MSE: 0.20067090 	 Validating MSE: 0.98043597 	 Best VMSE: 0.95282787
[2020-10-23 13:29:58] esCNN.cv2: Checkpoint saved to experiments/normal/sili/esCNN_random_sili_h8
[2020-10-23 13:29:58] esCNN.cv2: Restoring best parameters from experiments/normal/sili/esCNN_random_sili_h8/train.cv2.pth.tar
[2020-10-23 13:29:58] esCNN.cv2: sili	 H: 8	 Trail: 8 
Testing RMSE: 1.061 	 MAPE: 0.1593 	 SMAPE: 0.08993
