[2020-10-23 13:17:50] esCNN.cv8: Loading the datasets and model for 18th-batch-training
[2020-10-23 13:17:50] esCNN.cv8: Argument channel_size: 100
[2020-10-23 13:17:50] esCNN.cv8: Argument candidate_size: 300
[2020-10-23 13:17:50] esCNN.cv8: Argument kernel_size: 6
[2020-10-23 13:17:50] esCNN.cv8: Argument kernel_list: [8, 6, 5, 4]
[2020-10-23 13:17:50] esCNN.cv8: Argument Lambdas: [0.5, 1, 5, 15, 30, 50, 100, 150, 200]
[2020-10-23 13:17:50] esCNN.cv8: Argument Lambdas_std: [0.01, 0.05, 0.1, 0.5, 1]
[2020-10-23 13:17:50] esCNN.cv8: Argument r: [0.8, 0.9, 0.99, 0.9999, 0.999999]
[2020-10-23 13:17:50] esCNN.cv8: Argument tolerance: 0
[2020-10-23 13:17:50] esCNN.cv8: Argument device: device(type='cuda')
[2020-10-23 13:17:50] esCNN.cv8: Argument dataset: 'sili'
[2020-10-23 13:17:50] esCNN.cv8: Argument H: 1
[2020-10-23 13:17:50] esCNN.cv8: Argument k: 5
[2020-10-23 13:17:50] esCNN.cv8: Argument test: False
[2020-10-23 13:17:50] esCNN.cv8: Argument search: 'random'
[2020-10-23 13:17:50] esCNN.cv8: Argument normal: True
[2020-10-23 13:17:50] esCNN.cv8: Argument diff: False
[2020-10-23 13:17:50] esCNN.cv8: Argument times: 60
[2020-10-23 13:17:50] esCNN.cv8: Argument datasets: {'ar1': {'lag_order': 15, 'normal': True, 'cov_dim': 0, 'kernel_size': 3}, 'wti': {'lag_order': 25, 'normal': True, 'cov_dim': 0, 'kernel_size': 5}, 'gold': {'lag_order': 25, 'normal': True, 'cov_dim': 0, 'kernel_size': 5}, 'sp': {'lag_order': 25, 'normal': True, 'cov_dim': 0, 'kernel_size': 5}, 'brent': {'lag_order': 24, 'normal': True, 'cov_dim': 0, 'kernel_size': 6}, 'sili': {'lag_order': 26, 'normal': True, 'cov_dim': 0, 'kernel_size': 6}}
[2020-10-23 13:17:50] esCNN.cv8: Argument steps: 26
[2020-10-23 13:17:50] esCNN.cv8: Argument cov_dim: 0
[2020-10-23 13:17:50] esCNN.cv8: Argument experiment: 'experiments/normal/sili'
[2020-10-23 13:17:50] esCNN.cv8: Argument scaler: StandardScaler()
[2020-10-23 13:17:50] esCNN.cv8: Argument model_name: 'esCNN_random_sili_h1'
[2020-10-23 13:17:50] esCNN.cv8: Argument model_dir: 'experiments/normal/sili/esCNN_random_sili_h1'
[2020-10-23 13:17:50] esCNN.cv8: Argument In_channels: 1
[2020-10-23 13:17:50] esCNN.cv8: Argument restore: True
[2020-10-23 13:17:50] esCNN.cv8: Argument cv: 8
[2020-10-23 13:17:50] esCNN.cv8: Argument plot_dir: 'experiments/normal/sili/esCNN_random_sili_h1/figures'
[2020-10-23 13:17:50] esCNN.cv8: Using Cuda...
[2020-10-23 13:17:50] esCNN.cv8: Loading complete.
[2020-10-23 13:17:50] esCNN.cv8: Model: 
ES_CNN(
  (Pool): AvgPool1d(kernel_size=(3,), stride=(1,), padding=(0,))
  (loss_fn): MSELoss()
)
[2020-10-23 13:17:50] esCNN.cv8: Found new best state
[2020-10-23 13:17:50] esCNN.cv8: Best vmse: 0.3810
[2020-10-23 13:17:50] esCNN.cv8: Channel size: 1 	 Kernel size: 6 
Training MSE: 0.13723624 	 Validating MSE: 0.38097858 	 Best VMSE: 0.38097858
[2020-10-23 13:17:50] esCNN.cv8: Checkpoint saved to experiments/normal/sili/esCNN_random_sili_h1
[2020-10-23 13:17:50] esCNN.cv8: Channel size: 2 	 Kernel size: 6 
Training MSE: 0.13148725 	 Validating MSE: 0.38384798 	 Best VMSE: 0.38097858
[2020-10-23 13:17:50] esCNN.cv8: Checkpoint saved to experiments/normal/sili/esCNN_random_sili_h1
[2020-10-23 13:17:50] esCNN.cv8: Found new best state
[2020-10-23 13:17:50] esCNN.cv8: Best vmse: 0.3797
[2020-10-23 13:17:50] esCNN.cv8: Channel size: 3 	 Kernel size: 6 
Training MSE: 0.13023111 	 Validating MSE: 0.37974468 	 Best VMSE: 0.37974468
[2020-10-23 13:17:50] esCNN.cv8: Checkpoint saved to experiments/normal/sili/esCNN_random_sili_h1
[2020-10-23 13:17:50] esCNN.cv8: Channel size: 4 	 Kernel size: 6 
Training MSE: 0.12911314 	 Validating MSE: 0.38225204 	 Best VMSE: 0.37974468
[2020-10-23 13:17:50] esCNN.cv8: Checkpoint saved to experiments/normal/sili/esCNN_random_sili_h1
[2020-10-23 13:17:50] esCNN.cv8: Found new best state
[2020-10-23 13:17:50] esCNN.cv8: Best vmse: 0.3161
[2020-10-23 13:17:50] esCNN.cv8: Channel size: 5 	 Kernel size: 6 
Training MSE: 0.11643227 	 Validating MSE: 0.31612769 	 Best VMSE: 0.31612769
[2020-10-23 13:17:50] esCNN.cv8: Checkpoint saved to experiments/normal/sili/esCNN_random_sili_h1
[2020-10-23 13:17:50] esCNN.cv8: Channel size: 6 	 Kernel size: 6 
Training MSE: 0.11605043 	 Validating MSE: 0.31685120 	 Best VMSE: 0.31612769
[2020-10-23 13:17:50] esCNN.cv8: Checkpoint saved to experiments/normal/sili/esCNN_random_sili_h1
[2020-10-23 13:17:50] esCNN.cv8: Found new best state
[2020-10-23 13:17:50] esCNN.cv8: Best vmse: 0.3125
[2020-10-23 13:17:50] esCNN.cv8: Channel size: 7 	 Kernel size: 6 
Training MSE: 0.11589400 	 Validating MSE: 0.31248105 	 Best VMSE: 0.31248105
[2020-10-23 13:17:50] esCNN.cv8: Checkpoint saved to experiments/normal/sili/esCNN_random_sili_h1
[2020-10-23 13:17:50] esCNN.cv8: Channel size: 8 	 Kernel size: 6 
Training MSE: 0.11583678 	 Validating MSE: 0.31288055 	 Best VMSE: 0.31248105
[2020-10-23 13:17:50] esCNN.cv8: Checkpoint saved to experiments/normal/sili/esCNN_random_sili_h1
[2020-10-23 13:17:50] esCNN.cv8: Channel size: 9 	 Kernel size: 6 
Training MSE: 0.11532033 	 Validating MSE: 0.31515133 	 Best VMSE: 0.31248105
[2020-10-23 13:17:50] esCNN.cv8: Checkpoint saved to experiments/normal/sili/esCNN_random_sili_h1
[2020-10-23 13:17:50] esCNN.cv8: Found new best state
[2020-10-23 13:17:50] esCNN.cv8: Best vmse: 0.3116
[2020-10-23 13:17:50] esCNN.cv8: Channel size: 10 	 Kernel size: 6 
Training MSE: 0.11498266 	 Validating MSE: 0.31163889 	 Best VMSE: 0.31163889
[2020-10-23 13:17:50] esCNN.cv8: Checkpoint saved to experiments/normal/sili/esCNN_random_sili_h1
[2020-10-23 13:17:50] esCNN.cv8: Found new best state
[2020-10-23 13:17:50] esCNN.cv8: Best vmse: 0.3105
[2020-10-23 13:17:50] esCNN.cv8: Channel size: 11 	 Kernel size: 6 
Training MSE: 0.11483259 	 Validating MSE: 0.31048557 	 Best VMSE: 0.31048557
[2020-10-23 13:17:50] esCNN.cv8: Checkpoint saved to experiments/normal/sili/esCNN_random_sili_h1
[2020-10-23 13:17:50] esCNN.cv8: Found new best state
[2020-10-23 13:17:50] esCNN.cv8: Best vmse: 0.3041
[2020-10-23 13:17:50] esCNN.cv8: Channel size: 12 	 Kernel size: 6 
Training MSE: 0.11477378 	 Validating MSE: 0.30411738 	 Best VMSE: 0.30411738
[2020-10-23 13:17:50] esCNN.cv8: Checkpoint saved to experiments/normal/sili/esCNN_random_sili_h1
[2020-10-23 13:17:50] esCNN.cv8: Channel size: 13 	 Kernel size: 6 
Training MSE: 0.11474343 	 Validating MSE: 0.30469757 	 Best VMSE: 0.30411738
[2020-10-23 13:17:50] esCNN.cv8: Checkpoint saved to experiments/normal/sili/esCNN_random_sili_h1
[2020-10-23 13:17:50] esCNN.cv8: Channel size: 14 	 Kernel size: 6 
Training MSE: 0.11469262 	 Validating MSE: 0.30585769 	 Best VMSE: 0.30411738
[2020-10-23 13:17:50] esCNN.cv8: Checkpoint saved to experiments/normal/sili/esCNN_random_sili_h1
[2020-10-23 13:17:50] esCNN.cv8: Channel size: 15 	 Kernel size: 6 
Training MSE: 0.11467179 	 Validating MSE: 0.30484778 	 Best VMSE: 0.30411738
[2020-10-23 13:17:50] esCNN.cv8: Checkpoint saved to experiments/normal/sili/esCNN_random_sili_h1
[2020-10-23 13:17:50] esCNN.cv8: Channel size: 16 	 Kernel size: 6 
Training MSE: 0.11433540 	 Validating MSE: 0.30738682 	 Best VMSE: 0.30411738
[2020-10-23 13:17:50] esCNN.cv8: Checkpoint saved to experiments/normal/sili/esCNN_random_sili_h1
[2020-10-23 13:17:50] esCNN.cv8: Channel size: 17 	 Kernel size: 6 
Training MSE: 0.11416336 	 Validating MSE: 0.30812812 	 Best VMSE: 0.30411738
[2020-10-23 13:17:50] esCNN.cv8: Checkpoint saved to experiments/normal/sili/esCNN_random_sili_h1
[2020-10-23 13:17:50] esCNN.cv8: Channel size: 18 	 Kernel size: 6 
Training MSE: 0.11405981 	 Validating MSE: 0.30647251 	 Best VMSE: 0.30411738
[2020-10-23 13:17:50] esCNN.cv8: Checkpoint saved to experiments/normal/sili/esCNN_random_sili_h1
[2020-10-23 13:17:50] esCNN.cv8: Channel size: 19 	 Kernel size: 6 
Training MSE: 0.11321285 	 Validating MSE: 0.31013981 	 Best VMSE: 0.30411738
[2020-10-23 13:17:50] esCNN.cv8: Checkpoint saved to experiments/normal/sili/esCNN_random_sili_h1
[2020-10-23 13:17:50] esCNN.cv8: Found new best state
[2020-10-23 13:17:50] esCNN.cv8: Best vmse: 0.3006
[2020-10-23 13:17:50] esCNN.cv8: Channel size: 20 	 Kernel size: 6 
Training MSE: 0.11276257 	 Validating MSE: 0.30062264 	 Best VMSE: 0.30062264
[2020-10-23 13:17:50] esCNN.cv8: Checkpoint saved to experiments/normal/sili/esCNN_random_sili_h1
[2020-10-23 13:17:50] esCNN.cv8: Channel size: 21 	 Kernel size: 6 
Training MSE: 0.11267561 	 Validating MSE: 0.30477938 	 Best VMSE: 0.30062264
[2020-10-23 13:17:50] esCNN.cv8: Checkpoint saved to experiments/normal/sili/esCNN_random_sili_h1
[2020-10-23 13:17:50] esCNN.cv8: Channel size: 22 	 Kernel size: 6 
Training MSE: 0.11262472 	 Validating MSE: 0.30646652 	 Best VMSE: 0.30062264
[2020-10-23 13:17:50] esCNN.cv8: Checkpoint saved to experiments/normal/sili/esCNN_random_sili_h1
[2020-10-23 13:17:50] esCNN.cv8: Channel size: 23 	 Kernel size: 6 
Training MSE: 0.11255679 	 Validating MSE: 0.30352566 	 Best VMSE: 0.30062264
[2020-10-23 13:17:50] esCNN.cv8: Checkpoint saved to experiments/normal/sili/esCNN_random_sili_h1
[2020-10-23 13:17:50] esCNN.cv8: Channel size: 24 	 Kernel size: 6 
Training MSE: 0.11233974 	 Validating MSE: 0.31273481 	 Best VMSE: 0.30062264
[2020-10-23 13:17:50] esCNN.cv8: Checkpoint saved to experiments/normal/sili/esCNN_random_sili_h1
[2020-10-23 13:17:50] esCNN.cv8: Channel size: 25 	 Kernel size: 6 
Training MSE: 0.11217684 	 Validating MSE: 0.30843392 	 Best VMSE: 0.30062264
[2020-10-23 13:17:50] esCNN.cv8: Checkpoint saved to experiments/normal/sili/esCNN_random_sili_h1
[2020-10-23 13:17:50] esCNN.cv8: Channel size: 26 	 Kernel size: 6 
Training MSE: 0.11211524 	 Validating MSE: 0.30769008 	 Best VMSE: 0.30062264
[2020-10-23 13:17:50] esCNN.cv8: Checkpoint saved to experiments/normal/sili/esCNN_random_sili_h1
[2020-10-23 13:17:50] esCNN.cv8: Channel size: 27 	 Kernel size: 6 
Training MSE: 0.11198519 	 Validating MSE: 0.30822065 	 Best VMSE: 0.30062264
[2020-10-23 13:17:50] esCNN.cv8: Checkpoint saved to experiments/normal/sili/esCNN_random_sili_h1
[2020-10-23 13:17:51] esCNN.cv8: Channel size: 28 	 Kernel size: 6 
Training MSE: 0.11191165 	 Validating MSE: 0.30642140 	 Best VMSE: 0.30062264
[2020-10-23 13:17:51] esCNN.cv8: Checkpoint saved to experiments/normal/sili/esCNN_random_sili_h1
[2020-10-23 13:17:51] esCNN.cv8: Channel size: 29 	 Kernel size: 6 
Training MSE: 0.11085772 	 Validating MSE: 0.31222209 	 Best VMSE: 0.30062264
[2020-10-23 13:17:51] esCNN.cv8: Checkpoint saved to experiments/normal/sili/esCNN_random_sili_h1
[2020-10-23 13:17:51] esCNN.cv8: Channel size: 30 	 Kernel size: 6 
Training MSE: 0.11034378 	 Validating MSE: 0.30719119 	 Best VMSE: 0.30062264
[2020-10-23 13:17:51] esCNN.cv8: Checkpoint saved to experiments/normal/sili/esCNN_random_sili_h1
[2020-10-23 13:17:51] esCNN.cv8: Channel size: 31 	 Kernel size: 6 
Training MSE: 0.11022996 	 Validating MSE: 0.30673948 	 Best VMSE: 0.30062264
[2020-10-23 13:17:51] esCNN.cv8: Checkpoint saved to experiments/normal/sili/esCNN_random_sili_h1
[2020-10-23 13:17:51] esCNN.cv8: Channel size: 32 	 Kernel size: 6 
Training MSE: 0.11014324 	 Validating MSE: 0.30579340 	 Best VMSE: 0.30062264
[2020-10-23 13:17:51] esCNN.cv8: Checkpoint saved to experiments/normal/sili/esCNN_random_sili_h1
[2020-10-23 13:17:51] esCNN.cv8: Channel size: 33 	 Kernel size: 6 
Training MSE: 0.11010531 	 Validating MSE: 0.30294323 	 Best VMSE: 0.30062264
[2020-10-23 13:17:51] esCNN.cv8: Checkpoint saved to experiments/normal/sili/esCNN_random_sili_h1
[2020-10-23 13:17:51] esCNN.cv8: Channel size: 34 	 Kernel size: 6 
Training MSE: 0.11008189 	 Validating MSE: 0.30193987 	 Best VMSE: 0.30062264
[2020-10-23 13:17:51] esCNN.cv8: Checkpoint saved to experiments/normal/sili/esCNN_random_sili_h1
[2020-10-23 13:17:51] esCNN.cv8: Found new best state
[2020-10-23 13:17:51] esCNN.cv8: Best vmse: 0.2985
[2020-10-23 13:17:51] esCNN.cv8: Channel size: 35 	 Kernel size: 6 
Training MSE: 0.11001793 	 Validating MSE: 0.29846835 	 Best VMSE: 0.29846835
[2020-10-23 13:17:51] esCNN.cv8: Checkpoint saved to experiments/normal/sili/esCNN_random_sili_h1
[2020-10-23 13:17:51] esCNN.cv8: Channel size: 36 	 Kernel size: 6 
Training MSE: 0.10981079 	 Validating MSE: 0.30176422 	 Best VMSE: 0.29846835
[2020-10-23 13:17:51] esCNN.cv8: Checkpoint saved to experiments/normal/sili/esCNN_random_sili_h1
[2020-10-23 13:17:51] esCNN.cv8: Channel size: 37 	 Kernel size: 6 
Training MSE: 0.10967044 	 Validating MSE: 0.30211106 	 Best VMSE: 0.29846835
[2020-10-23 13:17:51] esCNN.cv8: Checkpoint saved to experiments/normal/sili/esCNN_random_sili_h1
[2020-10-23 13:17:51] esCNN.cv8: Channel size: 38 	 Kernel size: 6 
Training MSE: 0.10963816 	 Validating MSE: 0.30145237 	 Best VMSE: 0.29846835
[2020-10-23 13:17:51] esCNN.cv8: Checkpoint saved to experiments/normal/sili/esCNN_random_sili_h1
[2020-10-23 13:17:51] esCNN.cv8: Channel size: 39 	 Kernel size: 6 
Training MSE: 0.10955183 	 Validating MSE: 0.30256435 	 Best VMSE: 0.29846835
[2020-10-23 13:17:51] esCNN.cv8: Checkpoint saved to experiments/normal/sili/esCNN_random_sili_h1
[2020-10-23 13:17:51] esCNN.cv8: Channel size: 40 	 Kernel size: 6 
Training MSE: 0.10947220 	 Validating MSE: 0.30234647 	 Best VMSE: 0.29846835
[2020-10-23 13:17:51] esCNN.cv8: Checkpoint saved to experiments/normal/sili/esCNN_random_sili_h1
[2020-10-23 13:17:51] esCNN.cv8: Channel size: 41 	 Kernel size: 6 
Training MSE: 0.10942648 	 Validating MSE: 0.30144167 	 Best VMSE: 0.29846835
[2020-10-23 13:17:51] esCNN.cv8: Checkpoint saved to experiments/normal/sili/esCNN_random_sili_h1
[2020-10-23 13:17:51] esCNN.cv8: Channel size: 42 	 Kernel size: 6 
Training MSE: 0.10937666 	 Validating MSE: 0.30229071 	 Best VMSE: 0.29846835
[2020-10-23 13:17:51] esCNN.cv8: Checkpoint saved to experiments/normal/sili/esCNN_random_sili_h1
[2020-10-23 13:17:51] esCNN.cv8: Channel size: 43 	 Kernel size: 6 
Training MSE: 0.10931838 	 Validating MSE: 0.30214372 	 Best VMSE: 0.29846835
[2020-10-23 13:17:51] esCNN.cv8: Checkpoint saved to experiments/normal/sili/esCNN_random_sili_h1
[2020-10-23 13:17:51] esCNN.cv8: Channel size: 44 	 Kernel size: 6 
Training MSE: 0.10921684 	 Validating MSE: 0.30811778 	 Best VMSE: 0.29846835
[2020-10-23 13:17:51] esCNN.cv8: Checkpoint saved to experiments/normal/sili/esCNN_random_sili_h1
[2020-10-23 13:17:51] esCNN.cv8: Channel size: 45 	 Kernel size: 6 
Training MSE: 0.10903800 	 Validating MSE: 0.30775070 	 Best VMSE: 0.29846835
[2020-10-23 13:17:51] esCNN.cv8: Checkpoint saved to experiments/normal/sili/esCNN_random_sili_h1
[2020-10-23 13:17:51] esCNN.cv8: Channel size: 46 	 Kernel size: 6 
Training MSE: 0.10893222 	 Validating MSE: 0.30918682 	 Best VMSE: 0.29846835
[2020-10-23 13:17:51] esCNN.cv8: Checkpoint saved to experiments/normal/sili/esCNN_random_sili_h1
[2020-10-23 13:17:52] esCNN.cv8: Channel size: 47 	 Kernel size: 6 
Training MSE: 0.10868979 	 Validating MSE: 0.30801892 	 Best VMSE: 0.29846835
[2020-10-23 13:17:52] esCNN.cv8: Checkpoint saved to experiments/normal/sili/esCNN_random_sili_h1
[2020-10-23 13:17:52] esCNN.cv8: Channel size: 48 	 Kernel size: 6 
Training MSE: 0.10856064 	 Validating MSE: 0.30656466 	 Best VMSE: 0.29846835
[2020-10-23 13:17:52] esCNN.cv8: Checkpoint saved to experiments/normal/sili/esCNN_random_sili_h1
[2020-10-23 13:17:52] esCNN.cv8: Channel size: 49 	 Kernel size: 6 
Training MSE: 0.10830253 	 Validating MSE: 0.31032133 	 Best VMSE: 0.29846835
[2020-10-23 13:17:52] esCNN.cv8: Checkpoint saved to experiments/normal/sili/esCNN_random_sili_h1
[2020-10-23 13:17:52] esCNN.cv8: Channel size: 50 	 Kernel size: 6 
Training MSE: 0.10799506 	 Validating MSE: 0.30113846 	 Best VMSE: 0.29846835
[2020-10-23 13:17:52] esCNN.cv8: Checkpoint saved to experiments/normal/sili/esCNN_random_sili_h1
[2020-10-23 13:17:52] esCNN.cv8: Channel size: 51 	 Kernel size: 6 
Training MSE: 0.10795669 	 Validating MSE: 0.30169880 	 Best VMSE: 0.29846835
[2020-10-23 13:17:52] esCNN.cv8: Checkpoint saved to experiments/normal/sili/esCNN_random_sili_h1
[2020-10-23 13:17:52] esCNN.cv8: Channel size: 52 	 Kernel size: 6 
Training MSE: 0.10778814 	 Validating MSE: 0.30828318 	 Best VMSE: 0.29846835
[2020-10-23 13:17:52] esCNN.cv8: Checkpoint saved to experiments/normal/sili/esCNN_random_sili_h1
[2020-10-23 13:17:52] esCNN.cv8: Channel size: 53 	 Kernel size: 6 
Training MSE: 0.10773156 	 Validating MSE: 0.30882606 	 Best VMSE: 0.29846835
[2020-10-23 13:17:52] esCNN.cv8: Checkpoint saved to experiments/normal/sili/esCNN_random_sili_h1
[2020-10-23 13:17:52] esCNN.cv8: Channel size: 54 	 Kernel size: 6 
Training MSE: 0.10765469 	 Validating MSE: 0.31071153 	 Best VMSE: 0.29846835
[2020-10-23 13:17:52] esCNN.cv8: Checkpoint saved to experiments/normal/sili/esCNN_random_sili_h1
[2020-10-23 13:17:52] esCNN.cv8: Channel size: 55 	 Kernel size: 6 
Training MSE: 0.10748284 	 Validating MSE: 0.31393948 	 Best VMSE: 0.29846835
[2020-10-23 13:17:52] esCNN.cv8: Checkpoint saved to experiments/normal/sili/esCNN_random_sili_h1
[2020-10-23 13:17:52] esCNN.cv8: Channel size: 56 	 Kernel size: 6 
Training MSE: 0.10732681 	 Validating MSE: 0.30487981 	 Best VMSE: 0.29846835
[2020-10-23 13:17:52] esCNN.cv8: Checkpoint saved to experiments/normal/sili/esCNN_random_sili_h1
[2020-10-23 13:17:52] esCNN.cv8: Channel size: 57 	 Kernel size: 6 
Training MSE: 0.10729270 	 Validating MSE: 0.30486304 	 Best VMSE: 0.29846835
[2020-10-23 13:17:52] esCNN.cv8: Checkpoint saved to experiments/normal/sili/esCNN_random_sili_h1
[2020-10-23 13:17:52] esCNN.cv8: Channel size: 58 	 Kernel size: 6 
Training MSE: 0.10719477 	 Validating MSE: 0.30807030 	 Best VMSE: 0.29846835
[2020-10-23 13:17:52] esCNN.cv8: Checkpoint saved to experiments/normal/sili/esCNN_random_sili_h1
[2020-10-23 13:17:52] esCNN.cv8: Channel size: 59 	 Kernel size: 6 
Training MSE: 0.10714639 	 Validating MSE: 0.30760324 	 Best VMSE: 0.29846835
[2020-10-23 13:17:52] esCNN.cv8: Checkpoint saved to experiments/normal/sili/esCNN_random_sili_h1
[2020-10-23 13:17:52] esCNN.cv8: Channel size: 60 	 Kernel size: 6 
Training MSE: 0.10707209 	 Validating MSE: 0.30390394 	 Best VMSE: 0.29846835
[2020-10-23 13:17:52] esCNN.cv8: Checkpoint saved to experiments/normal/sili/esCNN_random_sili_h1
[2020-10-23 13:17:52] esCNN.cv8: Channel size: 61 	 Kernel size: 6 
Training MSE: 0.10705889 	 Validating MSE: 0.30504733 	 Best VMSE: 0.29846835
[2020-10-23 13:17:52] esCNN.cv8: Checkpoint saved to experiments/normal/sili/esCNN_random_sili_h1
[2020-10-23 13:17:53] esCNN.cv8: Channel size: 62 	 Kernel size: 6 
Training MSE: 0.10682168 	 Validating MSE: 0.30875662 	 Best VMSE: 0.29846835
[2020-10-23 13:17:53] esCNN.cv8: Checkpoint saved to experiments/normal/sili/esCNN_random_sili_h1
[2020-10-23 13:17:53] esCNN.cv8: Channel size: 63 	 Kernel size: 6 
Training MSE: 0.10659800 	 Validating MSE: 0.31233314 	 Best VMSE: 0.29846835
[2020-10-23 13:17:53] esCNN.cv8: Checkpoint saved to experiments/normal/sili/esCNN_random_sili_h1
[2020-10-23 13:17:53] esCNN.cv8: Channel size: 64 	 Kernel size: 6 
Training MSE: 0.10652574 	 Validating MSE: 0.30860245 	 Best VMSE: 0.29846835
[2020-10-23 13:17:53] esCNN.cv8: Checkpoint saved to experiments/normal/sili/esCNN_random_sili_h1
[2020-10-23 13:17:53] esCNN.cv8: Channel size: 65 	 Kernel size: 6 
Training MSE: 0.10647005 	 Validating MSE: 0.30950901 	 Best VMSE: 0.29846835
[2020-10-23 13:17:53] esCNN.cv8: Checkpoint saved to experiments/normal/sili/esCNN_random_sili_h1
[2020-10-23 13:17:53] esCNN.cv8: Channel size: 66 	 Kernel size: 6 
Training MSE: 0.10645775 	 Validating MSE: 0.30977994 	 Best VMSE: 0.29846835
[2020-10-23 13:17:53] esCNN.cv8: Checkpoint saved to experiments/normal/sili/esCNN_random_sili_h1
[2020-10-23 13:17:53] esCNN.cv8: Channel size: 67 	 Kernel size: 6 
Training MSE: 0.10642310 	 Validating MSE: 0.30916515 	 Best VMSE: 0.29846835
[2020-10-23 13:17:53] esCNN.cv8: Checkpoint saved to experiments/normal/sili/esCNN_random_sili_h1
[2020-10-23 13:17:53] esCNN.cv8: Channel size: 68 	 Kernel size: 6 
Training MSE: 0.10634910 	 Validating MSE: 0.30913198 	 Best VMSE: 0.29846835
[2020-10-23 13:17:53] esCNN.cv8: Checkpoint saved to experiments/normal/sili/esCNN_random_sili_h1
[2020-10-23 13:17:53] esCNN.cv8: Channel size: 69 	 Kernel size: 6 
Training MSE: 0.10626857 	 Validating MSE: 0.31043911 	 Best VMSE: 0.29846835
[2020-10-23 13:17:53] esCNN.cv8: Checkpoint saved to experiments/normal/sili/esCNN_random_sili_h1
[2020-10-23 13:17:53] esCNN.cv8: Channel size: 70 	 Kernel size: 6 
Training MSE: 0.10625879 	 Validating MSE: 0.31027678 	 Best VMSE: 0.29846835
[2020-10-23 13:17:53] esCNN.cv8: Checkpoint saved to experiments/normal/sili/esCNN_random_sili_h1
[2020-10-23 13:17:53] esCNN.cv8: Channel size: 71 	 Kernel size: 6 
Training MSE: 0.10622738 	 Validating MSE: 0.30930260 	 Best VMSE: 0.29846835
[2020-10-23 13:17:53] esCNN.cv8: Checkpoint saved to experiments/normal/sili/esCNN_random_sili_h1
[2020-10-23 13:17:53] esCNN.cv8: Channel size: 72 	 Kernel size: 6 
Training MSE: 0.10619104 	 Validating MSE: 0.30969763 	 Best VMSE: 0.29846835
[2020-10-23 13:17:53] esCNN.cv8: Checkpoint saved to experiments/normal/sili/esCNN_random_sili_h1
[2020-10-23 13:17:53] esCNN.cv8: Channel size: 73 	 Kernel size: 6 
Training MSE: 0.10617024 	 Validating MSE: 0.30864787 	 Best VMSE: 0.29846835
[2020-10-23 13:17:53] esCNN.cv8: Checkpoint saved to experiments/normal/sili/esCNN_random_sili_h1
[2020-10-23 13:17:53] esCNN.cv8: Channel size: 74 	 Kernel size: 6 
Training MSE: 0.10612262 	 Validating MSE: 0.31012848 	 Best VMSE: 0.29846835
[2020-10-23 13:17:53] esCNN.cv8: Checkpoint saved to experiments/normal/sili/esCNN_random_sili_h1
[2020-10-23 13:17:54] esCNN.cv8: Channel size: 75 	 Kernel size: 6 
Training MSE: 0.10610029 	 Validating MSE: 0.31163973 	 Best VMSE: 0.29846835
[2020-10-23 13:17:54] esCNN.cv8: Checkpoint saved to experiments/normal/sili/esCNN_random_sili_h1
[2020-10-23 13:17:54] esCNN.cv8: Channel size: 76 	 Kernel size: 6 
Training MSE: 0.10608770 	 Validating MSE: 0.31102338 	 Best VMSE: 0.29846835
[2020-10-23 13:17:54] esCNN.cv8: Checkpoint saved to experiments/normal/sili/esCNN_random_sili_h1
[2020-10-23 13:17:54] esCNN.cv8: Channel size: 77 	 Kernel size: 6 
Training MSE: 0.10606555 	 Validating MSE: 0.30904931 	 Best VMSE: 0.29846835
[2020-10-23 13:17:54] esCNN.cv8: Checkpoint saved to experiments/normal/sili/esCNN_random_sili_h1
[2020-10-23 13:17:54] esCNN.cv8: Channel size: 78 	 Kernel size: 6 
Training MSE: 0.10603169 	 Validating MSE: 0.30787304 	 Best VMSE: 0.29846835
[2020-10-23 13:17:54] esCNN.cv8: Checkpoint saved to experiments/normal/sili/esCNN_random_sili_h1
[2020-10-23 13:17:54] esCNN.cv8: Channel size: 79 	 Kernel size: 6 
Training MSE: 0.10600437 	 Validating MSE: 0.30977485 	 Best VMSE: 0.29846835
[2020-10-23 13:17:54] esCNN.cv8: Checkpoint saved to experiments/normal/sili/esCNN_random_sili_h1
[2020-10-23 13:17:54] esCNN.cv8: Channel size: 80 	 Kernel size: 6 
Training MSE: 0.10597020 	 Validating MSE: 0.30941099 	 Best VMSE: 0.29846835
[2020-10-23 13:17:54] esCNN.cv8: Checkpoint saved to experiments/normal/sili/esCNN_random_sili_h1
[2020-10-23 13:17:54] esCNN.cv8: Channel size: 81 	 Kernel size: 6 
Training MSE: 0.10595436 	 Validating MSE: 0.31152844 	 Best VMSE: 0.29846835
[2020-10-23 13:17:54] esCNN.cv8: Checkpoint saved to experiments/normal/sili/esCNN_random_sili_h1
[2020-10-23 13:17:54] esCNN.cv8: Channel size: 82 	 Kernel size: 6 
Training MSE: 0.10594162 	 Validating MSE: 0.31052738 	 Best VMSE: 0.29846835
[2020-10-23 13:17:54] esCNN.cv8: Checkpoint saved to experiments/normal/sili/esCNN_random_sili_h1
[2020-10-23 13:17:54] esCNN.cv8: Channel size: 83 	 Kernel size: 6 
Training MSE: 0.10592808 	 Validating MSE: 0.31059405 	 Best VMSE: 0.29846835
[2020-10-23 13:17:54] esCNN.cv8: Checkpoint saved to experiments/normal/sili/esCNN_random_sili_h1
[2020-10-23 13:17:54] esCNN.cv8: Channel size: 84 	 Kernel size: 6 
Training MSE: 0.10591637 	 Validating MSE: 0.30986106 	 Best VMSE: 0.29846835
[2020-10-23 13:17:54] esCNN.cv8: Checkpoint saved to experiments/normal/sili/esCNN_random_sili_h1
[2020-10-23 13:17:54] esCNN.cv8: Channel size: 85 	 Kernel size: 6 
Training MSE: 0.10582035 	 Validating MSE: 0.31140748 	 Best VMSE: 0.29846835
[2020-10-23 13:17:54] esCNN.cv8: Checkpoint saved to experiments/normal/sili/esCNN_random_sili_h1
[2020-10-23 13:17:54] esCNN.cv8: Channel size: 86 	 Kernel size: 6 
Training MSE: 0.10573439 	 Validating MSE: 0.31016132 	 Best VMSE: 0.29846835
[2020-10-23 13:17:54] esCNN.cv8: Checkpoint saved to experiments/normal/sili/esCNN_random_sili_h1
[2020-10-23 13:17:55] esCNN.cv8: Channel size: 87 	 Kernel size: 6 
Training MSE: 0.10568529 	 Validating MSE: 0.31038901 	 Best VMSE: 0.29846835
[2020-10-23 13:17:55] esCNN.cv8: Checkpoint saved to experiments/normal/sili/esCNN_random_sili_h1
[2020-10-23 13:17:55] esCNN.cv8: Channel size: 88 	 Kernel size: 6 
Training MSE: 0.10558749 	 Validating MSE: 0.30802485 	 Best VMSE: 0.29846835
[2020-10-23 13:17:55] esCNN.cv8: Checkpoint saved to experiments/normal/sili/esCNN_random_sili_h1
[2020-10-23 13:17:55] esCNN.cv8: Channel size: 89 	 Kernel size: 6 
Training MSE: 0.10554778 	 Validating MSE: 0.30845466 	 Best VMSE: 0.29846835
[2020-10-23 13:17:55] esCNN.cv8: Checkpoint saved to experiments/normal/sili/esCNN_random_sili_h1
[2020-10-23 13:17:55] esCNN.cv8: Channel size: 90 	 Kernel size: 6 
Training MSE: 0.10552724 	 Validating MSE: 0.31030661 	 Best VMSE: 0.29846835
[2020-10-23 13:17:55] esCNN.cv8: Checkpoint saved to experiments/normal/sili/esCNN_random_sili_h1
[2020-10-23 13:17:55] esCNN.cv8: Channel size: 91 	 Kernel size: 6 
Training MSE: 0.10548842 	 Validating MSE: 0.30963442 	 Best VMSE: 0.29846835
[2020-10-23 13:17:55] esCNN.cv8: Checkpoint saved to experiments/normal/sili/esCNN_random_sili_h1
[2020-10-23 13:17:55] esCNN.cv8: Channel size: 92 	 Kernel size: 6 
Training MSE: 0.10544991 	 Validating MSE: 0.30873519 	 Best VMSE: 0.29846835
[2020-10-23 13:17:55] esCNN.cv8: Checkpoint saved to experiments/normal/sili/esCNN_random_sili_h1
[2020-10-23 13:17:55] esCNN.cv8: Channel size: 93 	 Kernel size: 6 
Training MSE: 0.10536724 	 Validating MSE: 0.30646735 	 Best VMSE: 0.29846835
[2020-10-23 13:17:55] esCNN.cv8: Checkpoint saved to experiments/normal/sili/esCNN_random_sili_h1
[2020-10-23 13:17:55] esCNN.cv8: Channel size: 94 	 Kernel size: 6 
Training MSE: 0.10520072 	 Validating MSE: 0.31154662 	 Best VMSE: 0.29846835
[2020-10-23 13:17:55] esCNN.cv8: Checkpoint saved to experiments/normal/sili/esCNN_random_sili_h1
[2020-10-23 13:17:55] esCNN.cv8: Channel size: 95 	 Kernel size: 6 
Training MSE: 0.10507235 	 Validating MSE: 0.30714417 	 Best VMSE: 0.29846835
[2020-10-23 13:17:55] esCNN.cv8: Checkpoint saved to experiments/normal/sili/esCNN_random_sili_h1
[2020-10-23 13:17:55] esCNN.cv8: Channel size: 96 	 Kernel size: 6 
Training MSE: 0.10496809 	 Validating MSE: 0.30777478 	 Best VMSE: 0.29846835
[2020-10-23 13:17:55] esCNN.cv8: Checkpoint saved to experiments/normal/sili/esCNN_random_sili_h1
[2020-10-23 13:17:55] esCNN.cv8: Channel size: 97 	 Kernel size: 6 
Training MSE: 0.10494630 	 Validating MSE: 0.30851772 	 Best VMSE: 0.29846835
[2020-10-23 13:17:55] esCNN.cv8: Checkpoint saved to experiments/normal/sili/esCNN_random_sili_h1
[2020-10-23 13:17:56] esCNN.cv8: Channel size: 98 	 Kernel size: 6 
Training MSE: 0.10492895 	 Validating MSE: 0.30812788 	 Best VMSE: 0.29846835
[2020-10-23 13:17:56] esCNN.cv8: Checkpoint saved to experiments/normal/sili/esCNN_random_sili_h1
[2020-10-23 13:17:56] esCNN.cv8: Channel size: 99 	 Kernel size: 6 
Training MSE: 0.10489450 	 Validating MSE: 0.30847126 	 Best VMSE: 0.29846835
[2020-10-23 13:17:56] esCNN.cv8: Checkpoint saved to experiments/normal/sili/esCNN_random_sili_h1
[2020-10-23 13:17:56] esCNN.cv8: Channel size: 100 	 Kernel size: 6 
Training MSE: 0.10488035 	 Validating MSE: 0.30769083 	 Best VMSE: 0.29846835
[2020-10-23 13:17:56] esCNN.cv8: Checkpoint saved to experiments/normal/sili/esCNN_random_sili_h1
[2020-10-23 13:17:56] esCNN.cv8: Restoring best parameters from experiments/normal/sili/esCNN_random_sili_h1/train.cv8.pth.tar
[2020-10-23 13:17:56] esCNN.cv8: sili	 H: 1	 Trail: 18 
Testing RMSE: 0.6641 	 MAPE: 0.1009 	 SMAPE: 0.05243
