[2020-10-23 13:18:02] esCNN.cv9: Loading the datasets and model for 20th-batch-training
[2020-10-23 13:18:02] esCNN.cv9: Argument channel_size: 100
[2020-10-23 13:18:02] esCNN.cv9: Argument candidate_size: 300
[2020-10-23 13:18:02] esCNN.cv9: Argument kernel_size: 6
[2020-10-23 13:18:02] esCNN.cv9: Argument kernel_list: [8, 6, 5, 4]
[2020-10-23 13:18:02] esCNN.cv9: Argument Lambdas: [0.5, 1, 5, 15, 30, 50, 100, 150, 200]
[2020-10-23 13:18:02] esCNN.cv9: Argument Lambdas_std: [0.01, 0.05, 0.1, 0.5, 1]
[2020-10-23 13:18:02] esCNN.cv9: Argument r: [0.8, 0.9, 0.99, 0.9999, 0.999999]
[2020-10-23 13:18:02] esCNN.cv9: Argument tolerance: 0
[2020-10-23 13:18:02] esCNN.cv9: Argument device: device(type='cuda')
[2020-10-23 13:18:02] esCNN.cv9: Argument dataset: 'sili'
[2020-10-23 13:18:02] esCNN.cv9: Argument H: 1
[2020-10-23 13:18:02] esCNN.cv9: Argument k: 5
[2020-10-23 13:18:02] esCNN.cv9: Argument test: False
[2020-10-23 13:18:02] esCNN.cv9: Argument search: 'random'
[2020-10-23 13:18:02] esCNN.cv9: Argument normal: True
[2020-10-23 13:18:02] esCNN.cv9: Argument diff: False
[2020-10-23 13:18:02] esCNN.cv9: Argument times: 60
[2020-10-23 13:18:02] esCNN.cv9: Argument datasets: {'ar1': {'lag_order': 15, 'normal': True, 'cov_dim': 0, 'kernel_size': 3}, 'wti': {'lag_order': 25, 'normal': True, 'cov_dim': 0, 'kernel_size': 5}, 'gold': {'lag_order': 25, 'normal': True, 'cov_dim': 0, 'kernel_size': 5}, 'sp': {'lag_order': 25, 'normal': True, 'cov_dim': 0, 'kernel_size': 5}, 'brent': {'lag_order': 24, 'normal': True, 'cov_dim': 0, 'kernel_size': 6}, 'sili': {'lag_order': 26, 'normal': True, 'cov_dim': 0, 'kernel_size': 6}}
[2020-10-23 13:18:02] esCNN.cv9: Argument steps: 26
[2020-10-23 13:18:02] esCNN.cv9: Argument cov_dim: 0
[2020-10-23 13:18:02] esCNN.cv9: Argument experiment: 'experiments/normal/sili'
[2020-10-23 13:18:02] esCNN.cv9: Argument scaler: StandardScaler()
[2020-10-23 13:18:02] esCNN.cv9: Argument model_name: 'esCNN_random_sili_h1'
[2020-10-23 13:18:02] esCNN.cv9: Argument model_dir: 'experiments/normal/sili/esCNN_random_sili_h1'
[2020-10-23 13:18:02] esCNN.cv9: Argument In_channels: 1
[2020-10-23 13:18:02] esCNN.cv9: Argument restore: True
[2020-10-23 13:18:02] esCNN.cv9: Argument cv: 9
[2020-10-23 13:18:02] esCNN.cv9: Argument plot_dir: 'experiments/normal/sili/esCNN_random_sili_h1/figures'
[2020-10-23 13:18:02] esCNN.cv9: Using Cuda...
[2020-10-23 13:18:02] esCNN.cv9: Loading complete.
[2020-10-23 13:18:02] esCNN.cv9: Model: 
ES_CNN(
  (Pool): AvgPool1d(kernel_size=(3,), stride=(1,), padding=(0,))
  (loss_fn): MSELoss()
)
[2020-10-23 13:18:02] esCNN.cv9: Found new best state
[2020-10-23 13:18:02] esCNN.cv9: Best vmse: 0.4891
[2020-10-23 13:18:02] esCNN.cv9: Channel size: 1 	 Kernel size: 6 
Training MSE: 0.15741350 	 Validating MSE: 0.48909745 	 Best VMSE: 0.48909745
[2020-10-23 13:18:02] esCNN.cv9: Checkpoint saved to experiments/normal/sili/esCNN_random_sili_h1
[2020-10-23 13:18:02] esCNN.cv9: Channel size: 2 	 Kernel size: 6 
Training MSE: 0.13450457 	 Validating MSE: 0.49108154 	 Best VMSE: 0.48909745
[2020-10-23 13:18:02] esCNN.cv9: Checkpoint saved to experiments/normal/sili/esCNN_random_sili_h1
[2020-10-23 13:18:02] esCNN.cv9: Found new best state
[2020-10-23 13:18:02] esCNN.cv9: Best vmse: 0.4604
[2020-10-23 13:18:02] esCNN.cv9: Channel size: 3 	 Kernel size: 6 
Training MSE: 0.12983815 	 Validating MSE: 0.46041408 	 Best VMSE: 0.46041408
[2020-10-23 13:18:02] esCNN.cv9: Checkpoint saved to experiments/normal/sili/esCNN_random_sili_h1
[2020-10-23 13:18:02] esCNN.cv9: Found new best state
[2020-10-23 13:18:02] esCNN.cv9: Best vmse: 0.4169
[2020-10-23 13:18:02] esCNN.cv9: Channel size: 4 	 Kernel size: 6 
Training MSE: 0.12454934 	 Validating MSE: 0.41689903 	 Best VMSE: 0.41689903
[2020-10-23 13:18:02] esCNN.cv9: Checkpoint saved to experiments/normal/sili/esCNN_random_sili_h1
[2020-10-23 13:18:02] esCNN.cv9: Channel size: 5 	 Kernel size: 6 
Training MSE: 0.12408585 	 Validating MSE: 0.42366731 	 Best VMSE: 0.41689903
[2020-10-23 13:18:02] esCNN.cv9: Checkpoint saved to experiments/normal/sili/esCNN_random_sili_h1
[2020-10-23 13:18:02] esCNN.cv9: Channel size: 6 	 Kernel size: 6 
Training MSE: 0.12395728 	 Validating MSE: 0.42384052 	 Best VMSE: 0.41689903
[2020-10-23 13:18:02] esCNN.cv9: Checkpoint saved to experiments/normal/sili/esCNN_random_sili_h1
[2020-10-23 13:18:02] esCNN.cv9: Found new best state
[2020-10-23 13:18:02] esCNN.cv9: Best vmse: 0.3135
[2020-10-23 13:18:02] esCNN.cv9: Channel size: 7 	 Kernel size: 6 
Training MSE: 0.11577203 	 Validating MSE: 0.31351918 	 Best VMSE: 0.31351918
[2020-10-23 13:18:02] esCNN.cv9: Checkpoint saved to experiments/normal/sili/esCNN_random_sili_h1
[2020-10-23 13:18:03] esCNN.cv9: Found new best state
[2020-10-23 13:18:03] esCNN.cv9: Best vmse: 0.3119
[2020-10-23 13:18:03] esCNN.cv9: Channel size: 8 	 Kernel size: 6 
Training MSE: 0.11542711 	 Validating MSE: 0.31191438 	 Best VMSE: 0.31191438
[2020-10-23 13:18:03] esCNN.cv9: Checkpoint saved to experiments/normal/sili/esCNN_random_sili_h1
[2020-10-23 13:18:03] esCNN.cv9: Found new best state
[2020-10-23 13:18:03] esCNN.cv9: Best vmse: 0.2935
[2020-10-23 13:18:03] esCNN.cv9: Channel size: 9 	 Kernel size: 6 
Training MSE: 0.11422314 	 Validating MSE: 0.29350913 	 Best VMSE: 0.29350913
[2020-10-23 13:18:03] esCNN.cv9: Checkpoint saved to experiments/normal/sili/esCNN_random_sili_h1
[2020-10-23 13:18:03] esCNN.cv9: Found new best state
[2020-10-23 13:18:03] esCNN.cv9: Best vmse: 0.2861
[2020-10-23 13:18:03] esCNN.cv9: Channel size: 10 	 Kernel size: 6 
Training MSE: 0.11371412 	 Validating MSE: 0.28606957 	 Best VMSE: 0.28606957
[2020-10-23 13:18:03] esCNN.cv9: Checkpoint saved to experiments/normal/sili/esCNN_random_sili_h1
[2020-10-23 13:18:03] esCNN.cv9: Channel size: 11 	 Kernel size: 6 
Training MSE: 0.11343266 	 Validating MSE: 0.29192522 	 Best VMSE: 0.28606957
[2020-10-23 13:18:03] esCNN.cv9: Checkpoint saved to experiments/normal/sili/esCNN_random_sili_h1
[2020-10-23 13:18:03] esCNN.cv9: Channel size: 12 	 Kernel size: 6 
Training MSE: 0.11292555 	 Validating MSE: 0.28870401 	 Best VMSE: 0.28606957
[2020-10-23 13:18:03] esCNN.cv9: Checkpoint saved to experiments/normal/sili/esCNN_random_sili_h1
[2020-10-23 13:18:03] esCNN.cv9: Found new best state
[2020-10-23 13:18:03] esCNN.cv9: Best vmse: 0.2796
[2020-10-23 13:18:03] esCNN.cv9: Channel size: 13 	 Kernel size: 6 
Training MSE: 0.11248278 	 Validating MSE: 0.27963626 	 Best VMSE: 0.27963626
[2020-10-23 13:18:03] esCNN.cv9: Checkpoint saved to experiments/normal/sili/esCNN_random_sili_h1
[2020-10-23 13:18:03] esCNN.cv9: Channel size: 14 	 Kernel size: 6 
Training MSE: 0.11242300 	 Validating MSE: 0.27979505 	 Best VMSE: 0.27963626
[2020-10-23 13:18:03] esCNN.cv9: Checkpoint saved to experiments/normal/sili/esCNN_random_sili_h1
[2020-10-23 13:18:03] esCNN.cv9: Found new best state
[2020-10-23 13:18:03] esCNN.cv9: Best vmse: 0.2783
[2020-10-23 13:18:03] esCNN.cv9: Channel size: 15 	 Kernel size: 6 
Training MSE: 0.11238700 	 Validating MSE: 0.27831501 	 Best VMSE: 0.27831501
[2020-10-23 13:18:03] esCNN.cv9: Checkpoint saved to experiments/normal/sili/esCNN_random_sili_h1
[2020-10-23 13:18:03] esCNN.cv9: Channel size: 16 	 Kernel size: 6 
Training MSE: 0.11233570 	 Validating MSE: 0.28132027 	 Best VMSE: 0.27831501
[2020-10-23 13:18:03] esCNN.cv9: Checkpoint saved to experiments/normal/sili/esCNN_random_sili_h1
[2020-10-23 13:18:03] esCNN.cv9: Channel size: 17 	 Kernel size: 6 
Training MSE: 0.11232702 	 Validating MSE: 0.28173152 	 Best VMSE: 0.27831501
[2020-10-23 13:18:03] esCNN.cv9: Checkpoint saved to experiments/normal/sili/esCNN_random_sili_h1
[2020-10-23 13:18:03] esCNN.cv9: Channel size: 18 	 Kernel size: 6 
Training MSE: 0.11230015 	 Validating MSE: 0.28026208 	 Best VMSE: 0.27831501
[2020-10-23 13:18:03] esCNN.cv9: Checkpoint saved to experiments/normal/sili/esCNN_random_sili_h1
[2020-10-23 13:18:03] esCNN.cv9: Channel size: 19 	 Kernel size: 6 
Training MSE: 0.11222047 	 Validating MSE: 0.28466433 	 Best VMSE: 0.27831501
[2020-10-23 13:18:03] esCNN.cv9: Checkpoint saved to experiments/normal/sili/esCNN_random_sili_h1
[2020-10-23 13:18:03] esCNN.cv9: Channel size: 20 	 Kernel size: 6 
Training MSE: 0.11204834 	 Validating MSE: 0.28130999 	 Best VMSE: 0.27831501
[2020-10-23 13:18:03] esCNN.cv9: Checkpoint saved to experiments/normal/sili/esCNN_random_sili_h1
[2020-10-23 13:18:03] esCNN.cv9: Channel size: 21 	 Kernel size: 6 
Training MSE: 0.11199667 	 Validating MSE: 0.28172651 	 Best VMSE: 0.27831501
[2020-10-23 13:18:03] esCNN.cv9: Checkpoint saved to experiments/normal/sili/esCNN_random_sili_h1
[2020-10-23 13:18:03] esCNN.cv9: Channel size: 22 	 Kernel size: 6 
Training MSE: 0.11199092 	 Validating MSE: 0.28093636 	 Best VMSE: 0.27831501
[2020-10-23 13:18:03] esCNN.cv9: Checkpoint saved to experiments/normal/sili/esCNN_random_sili_h1
[2020-10-23 13:18:03] esCNN.cv9: Channel size: 23 	 Kernel size: 6 
Training MSE: 0.11197509 	 Validating MSE: 0.28085300 	 Best VMSE: 0.27831501
[2020-10-23 13:18:03] esCNN.cv9: Checkpoint saved to experiments/normal/sili/esCNN_random_sili_h1
[2020-10-23 13:18:03] esCNN.cv9: Channel size: 24 	 Kernel size: 6 
Training MSE: 0.11184750 	 Validating MSE: 0.28376436 	 Best VMSE: 0.27831501
[2020-10-23 13:18:03] esCNN.cv9: Checkpoint saved to experiments/normal/sili/esCNN_random_sili_h1
[2020-10-23 13:18:03] esCNN.cv9: Channel size: 25 	 Kernel size: 6 
Training MSE: 0.11172555 	 Validating MSE: 0.28132030 	 Best VMSE: 0.27831501
[2020-10-23 13:18:03] esCNN.cv9: Checkpoint saved to experiments/normal/sili/esCNN_random_sili_h1
[2020-10-23 13:18:03] esCNN.cv9: Channel size: 26 	 Kernel size: 6 
Training MSE: 0.11163251 	 Validating MSE: 0.28294995 	 Best VMSE: 0.27831501
[2020-10-23 13:18:03] esCNN.cv9: Checkpoint saved to experiments/normal/sili/esCNN_random_sili_h1
[2020-10-23 13:18:03] esCNN.cv9: Channel size: 27 	 Kernel size: 6 
Training MSE: 0.11157310 	 Validating MSE: 0.28246558 	 Best VMSE: 0.27831501
[2020-10-23 13:18:03] esCNN.cv9: Checkpoint saved to experiments/normal/sili/esCNN_random_sili_h1
[2020-10-23 13:18:03] esCNN.cv9: Channel size: 28 	 Kernel size: 6 
Training MSE: 0.11154347 	 Validating MSE: 0.28337616 	 Best VMSE: 0.27831501
[2020-10-23 13:18:03] esCNN.cv9: Checkpoint saved to experiments/normal/sili/esCNN_random_sili_h1
[2020-10-23 13:18:03] esCNN.cv9: Channel size: 29 	 Kernel size: 6 
Training MSE: 0.11129046 	 Validating MSE: 0.28222120 	 Best VMSE: 0.27831501
[2020-10-23 13:18:03] esCNN.cv9: Checkpoint saved to experiments/normal/sili/esCNN_random_sili_h1
[2020-10-23 13:18:03] esCNN.cv9: Channel size: 30 	 Kernel size: 6 
Training MSE: 0.11109702 	 Validating MSE: 0.28674966 	 Best VMSE: 0.27831501
[2020-10-23 13:18:03] esCNN.cv9: Checkpoint saved to experiments/normal/sili/esCNN_random_sili_h1
[2020-10-23 13:18:03] esCNN.cv9: Channel size: 31 	 Kernel size: 6 
Training MSE: 0.11103024 	 Validating MSE: 0.28794894 	 Best VMSE: 0.27831501
[2020-10-23 13:18:03] esCNN.cv9: Checkpoint saved to experiments/normal/sili/esCNN_random_sili_h1
[2020-10-23 13:18:04] esCNN.cv9: Channel size: 32 	 Kernel size: 6 
Training MSE: 0.11098026 	 Validating MSE: 0.28586528 	 Best VMSE: 0.27831501
[2020-10-23 13:18:04] esCNN.cv9: Checkpoint saved to experiments/normal/sili/esCNN_random_sili_h1
[2020-10-23 13:18:04] esCNN.cv9: Channel size: 33 	 Kernel size: 6 
Training MSE: 0.11065491 	 Validating MSE: 0.28681076 	 Best VMSE: 0.27831501
[2020-10-23 13:18:04] esCNN.cv9: Checkpoint saved to experiments/normal/sili/esCNN_random_sili_h1
[2020-10-23 13:18:04] esCNN.cv9: Channel size: 34 	 Kernel size: 6 
Training MSE: 0.11050757 	 Validating MSE: 0.28661501 	 Best VMSE: 0.27831501
[2020-10-23 13:18:04] esCNN.cv9: Checkpoint saved to experiments/normal/sili/esCNN_random_sili_h1
[2020-10-23 13:18:04] esCNN.cv9: Channel size: 35 	 Kernel size: 6 
Training MSE: 0.11039539 	 Validating MSE: 0.28355780 	 Best VMSE: 0.27831501
[2020-10-23 13:18:04] esCNN.cv9: Checkpoint saved to experiments/normal/sili/esCNN_random_sili_h1
[2020-10-23 13:18:04] esCNN.cv9: Channel size: 36 	 Kernel size: 6 
Training MSE: 0.11027629 	 Validating MSE: 0.28219062 	 Best VMSE: 0.27831501
[2020-10-23 13:18:04] esCNN.cv9: Checkpoint saved to experiments/normal/sili/esCNN_random_sili_h1
[2020-10-23 13:18:04] esCNN.cv9: Channel size: 37 	 Kernel size: 6 
Training MSE: 0.11021733 	 Validating MSE: 0.28388122 	 Best VMSE: 0.27831501
[2020-10-23 13:18:04] esCNN.cv9: Checkpoint saved to experiments/normal/sili/esCNN_random_sili_h1
[2020-10-23 13:18:04] esCNN.cv9: Channel size: 38 	 Kernel size: 6 
Training MSE: 0.11016288 	 Validating MSE: 0.28450322 	 Best VMSE: 0.27831501
[2020-10-23 13:18:04] esCNN.cv9: Checkpoint saved to experiments/normal/sili/esCNN_random_sili_h1
[2020-10-23 13:18:04] esCNN.cv9: Channel size: 39 	 Kernel size: 6 
Training MSE: 0.11011416 	 Validating MSE: 0.28177327 	 Best VMSE: 0.27831501
[2020-10-23 13:18:04] esCNN.cv9: Checkpoint saved to experiments/normal/sili/esCNN_random_sili_h1
[2020-10-23 13:18:04] esCNN.cv9: Channel size: 40 	 Kernel size: 6 
Training MSE: 0.11009816 	 Validating MSE: 0.28184217 	 Best VMSE: 0.27831501
[2020-10-23 13:18:04] esCNN.cv9: Checkpoint saved to experiments/normal/sili/esCNN_random_sili_h1
[2020-10-23 13:18:04] esCNN.cv9: Channel size: 41 	 Kernel size: 6 
Training MSE: 0.11006203 	 Validating MSE: 0.28478825 	 Best VMSE: 0.27831501
[2020-10-23 13:18:04] esCNN.cv9: Checkpoint saved to experiments/normal/sili/esCNN_random_sili_h1
[2020-10-23 13:18:04] esCNN.cv9: Channel size: 42 	 Kernel size: 6 
Training MSE: 0.11001264 	 Validating MSE: 0.28460240 	 Best VMSE: 0.27831501
[2020-10-23 13:18:04] esCNN.cv9: Checkpoint saved to experiments/normal/sili/esCNN_random_sili_h1
[2020-10-23 13:18:04] esCNN.cv9: Channel size: 43 	 Kernel size: 6 
Training MSE: 0.10997692 	 Validating MSE: 0.28658357 	 Best VMSE: 0.27831501
[2020-10-23 13:18:04] esCNN.cv9: Checkpoint saved to experiments/normal/sili/esCNN_random_sili_h1
[2020-10-23 13:18:04] esCNN.cv9: Channel size: 44 	 Kernel size: 6 
Training MSE: 0.10978937 	 Validating MSE: 0.28679040 	 Best VMSE: 0.27831501
[2020-10-23 13:18:04] esCNN.cv9: Checkpoint saved to experiments/normal/sili/esCNN_random_sili_h1
[2020-10-23 13:18:04] esCNN.cv9: Channel size: 45 	 Kernel size: 6 
Training MSE: 0.10962049 	 Validating MSE: 0.28628382 	 Best VMSE: 0.27831501
[2020-10-23 13:18:04] esCNN.cv9: Checkpoint saved to experiments/normal/sili/esCNN_random_sili_h1
[2020-10-23 13:18:04] esCNN.cv9: Channel size: 46 	 Kernel size: 6 
Training MSE: 0.10956153 	 Validating MSE: 0.28481159 	 Best VMSE: 0.27831501
[2020-10-23 13:18:04] esCNN.cv9: Checkpoint saved to experiments/normal/sili/esCNN_random_sili_h1
[2020-10-23 13:18:04] esCNN.cv9: Channel size: 47 	 Kernel size: 6 
Training MSE: 0.10951360 	 Validating MSE: 0.28179210 	 Best VMSE: 0.27831501
[2020-10-23 13:18:04] esCNN.cv9: Checkpoint saved to experiments/normal/sili/esCNN_random_sili_h1
[2020-10-23 13:18:04] esCNN.cv9: Channel size: 48 	 Kernel size: 6 
Training MSE: 0.10942463 	 Validating MSE: 0.28132412 	 Best VMSE: 0.27831501
[2020-10-23 13:18:04] esCNN.cv9: Checkpoint saved to experiments/normal/sili/esCNN_random_sili_h1
[2020-10-23 13:18:04] esCNN.cv9: Channel size: 49 	 Kernel size: 6 
Training MSE: 0.10928684 	 Validating MSE: 0.28300875 	 Best VMSE: 0.27831501
[2020-10-23 13:18:04] esCNN.cv9: Checkpoint saved to experiments/normal/sili/esCNN_random_sili_h1
[2020-10-23 13:18:05] esCNN.cv9: Channel size: 50 	 Kernel size: 6 
Training MSE: 0.10920820 	 Validating MSE: 0.28230128 	 Best VMSE: 0.27831501
[2020-10-23 13:18:05] esCNN.cv9: Checkpoint saved to experiments/normal/sili/esCNN_random_sili_h1
[2020-10-23 13:18:05] esCNN.cv9: Channel size: 51 	 Kernel size: 6 
Training MSE: 0.10913949 	 Validating MSE: 0.28356966 	 Best VMSE: 0.27831501
[2020-10-23 13:18:05] esCNN.cv9: Checkpoint saved to experiments/normal/sili/esCNN_random_sili_h1
[2020-10-23 13:18:05] esCNN.cv9: Channel size: 52 	 Kernel size: 6 
Training MSE: 0.10911101 	 Validating MSE: 0.28369349 	 Best VMSE: 0.27831501
[2020-10-23 13:18:05] esCNN.cv9: Checkpoint saved to experiments/normal/sili/esCNN_random_sili_h1
[2020-10-23 13:18:05] esCNN.cv9: Channel size: 53 	 Kernel size: 6 
Training MSE: 0.10909744 	 Validating MSE: 0.28352186 	 Best VMSE: 0.27831501
[2020-10-23 13:18:05] esCNN.cv9: Checkpoint saved to experiments/normal/sili/esCNN_random_sili_h1
[2020-10-23 13:18:05] esCNN.cv9: Channel size: 54 	 Kernel size: 6 
Training MSE: 0.10908812 	 Validating MSE: 0.28280574 	 Best VMSE: 0.27831501
[2020-10-23 13:18:05] esCNN.cv9: Checkpoint saved to experiments/normal/sili/esCNN_random_sili_h1
[2020-10-23 13:18:05] esCNN.cv9: Channel size: 55 	 Kernel size: 6 
Training MSE: 0.10906381 	 Validating MSE: 0.28404126 	 Best VMSE: 0.27831501
[2020-10-23 13:18:05] esCNN.cv9: Checkpoint saved to experiments/normal/sili/esCNN_random_sili_h1
[2020-10-23 13:18:05] esCNN.cv9: Channel size: 56 	 Kernel size: 6 
Training MSE: 0.10904654 	 Validating MSE: 0.28340480 	 Best VMSE: 0.27831501
[2020-10-23 13:18:05] esCNN.cv9: Checkpoint saved to experiments/normal/sili/esCNN_random_sili_h1
[2020-10-23 13:18:05] esCNN.cv9: Channel size: 57 	 Kernel size: 6 
Training MSE: 0.10900670 	 Validating MSE: 0.28392071 	 Best VMSE: 0.27831501
[2020-10-23 13:18:05] esCNN.cv9: Checkpoint saved to experiments/normal/sili/esCNN_random_sili_h1
[2020-10-23 13:18:05] esCNN.cv9: Channel size: 58 	 Kernel size: 6 
Training MSE: 0.10898187 	 Validating MSE: 0.28493467 	 Best VMSE: 0.27831501
[2020-10-23 13:18:05] esCNN.cv9: Checkpoint saved to experiments/normal/sili/esCNN_random_sili_h1
[2020-10-23 13:18:05] esCNN.cv9: Channel size: 59 	 Kernel size: 6 
Training MSE: 0.10891309 	 Validating MSE: 0.28393474 	 Best VMSE: 0.27831501
[2020-10-23 13:18:05] esCNN.cv9: Checkpoint saved to experiments/normal/sili/esCNN_random_sili_h1
[2020-10-23 13:18:05] esCNN.cv9: Channel size: 60 	 Kernel size: 6 
Training MSE: 0.10882800 	 Validating MSE: 0.28449488 	 Best VMSE: 0.27831501
[2020-10-23 13:18:05] esCNN.cv9: Checkpoint saved to experiments/normal/sili/esCNN_random_sili_h1
[2020-10-23 13:18:05] esCNN.cv9: Channel size: 61 	 Kernel size: 6 
Training MSE: 0.10879970 	 Validating MSE: 0.28438169 	 Best VMSE: 0.27831501
[2020-10-23 13:18:05] esCNN.cv9: Checkpoint saved to experiments/normal/sili/esCNN_random_sili_h1
[2020-10-23 13:18:05] esCNN.cv9: Channel size: 62 	 Kernel size: 6 
Training MSE: 0.10876124 	 Validating MSE: 0.28513190 	 Best VMSE: 0.27831501
[2020-10-23 13:18:05] esCNN.cv9: Checkpoint saved to experiments/normal/sili/esCNN_random_sili_h1
[2020-10-23 13:18:05] esCNN.cv9: Channel size: 63 	 Kernel size: 6 
Training MSE: 0.10873755 	 Validating MSE: 0.28477344 	 Best VMSE: 0.27831501
[2020-10-23 13:18:05] esCNN.cv9: Checkpoint saved to experiments/normal/sili/esCNN_random_sili_h1
[2020-10-23 13:18:05] esCNN.cv9: Channel size: 64 	 Kernel size: 6 
Training MSE: 0.10871118 	 Validating MSE: 0.28319472 	 Best VMSE: 0.27831501
[2020-10-23 13:18:05] esCNN.cv9: Checkpoint saved to experiments/normal/sili/esCNN_random_sili_h1
[2020-10-23 13:18:06] esCNN.cv9: Channel size: 65 	 Kernel size: 6 
Training MSE: 0.10857648 	 Validating MSE: 0.28695437 	 Best VMSE: 0.27831501
[2020-10-23 13:18:06] esCNN.cv9: Checkpoint saved to experiments/normal/sili/esCNN_random_sili_h1
[2020-10-23 13:18:06] esCNN.cv9: Channel size: 66 	 Kernel size: 6 
Training MSE: 0.10837264 	 Validating MSE: 0.28321677 	 Best VMSE: 0.27831501
[2020-10-23 13:18:06] esCNN.cv9: Checkpoint saved to experiments/normal/sili/esCNN_random_sili_h1
[2020-10-23 13:18:06] esCNN.cv9: Channel size: 67 	 Kernel size: 6 
Training MSE: 0.10828394 	 Validating MSE: 0.28272194 	 Best VMSE: 0.27831501
[2020-10-23 13:18:06] esCNN.cv9: Checkpoint saved to experiments/normal/sili/esCNN_random_sili_h1
[2020-10-23 13:18:06] esCNN.cv9: Channel size: 68 	 Kernel size: 6 
Training MSE: 0.10825244 	 Validating MSE: 0.28193378 	 Best VMSE: 0.27831501
[2020-10-23 13:18:06] esCNN.cv9: Checkpoint saved to experiments/normal/sili/esCNN_random_sili_h1
[2020-10-23 13:18:06] esCNN.cv9: Channel size: 69 	 Kernel size: 6 
Training MSE: 0.10798100 	 Validating MSE: 0.28295395 	 Best VMSE: 0.27831501
[2020-10-23 13:18:06] esCNN.cv9: Checkpoint saved to experiments/normal/sili/esCNN_random_sili_h1
[2020-10-23 13:18:06] esCNN.cv9: Channel size: 70 	 Kernel size: 6 
Training MSE: 0.10763634 	 Validating MSE: 0.28017309 	 Best VMSE: 0.27831501
[2020-10-23 13:18:06] esCNN.cv9: Checkpoint saved to experiments/normal/sili/esCNN_random_sili_h1
[2020-10-23 13:18:06] esCNN.cv9: Channel size: 71 	 Kernel size: 6 
Training MSE: 0.10755718 	 Validating MSE: 0.28106180 	 Best VMSE: 0.27831501
[2020-10-23 13:18:06] esCNN.cv9: Checkpoint saved to experiments/normal/sili/esCNN_random_sili_h1
[2020-10-23 13:18:06] esCNN.cv9: Channel size: 72 	 Kernel size: 6 
Training MSE: 0.10743079 	 Validating MSE: 0.28309637 	 Best VMSE: 0.27831501
[2020-10-23 13:18:06] esCNN.cv9: Checkpoint saved to experiments/normal/sili/esCNN_random_sili_h1
[2020-10-23 13:18:06] esCNN.cv9: Channel size: 73 	 Kernel size: 6 
Training MSE: 0.10734704 	 Validating MSE: 0.28394565 	 Best VMSE: 0.27831501
[2020-10-23 13:18:06] esCNN.cv9: Checkpoint saved to experiments/normal/sili/esCNN_random_sili_h1
[2020-10-23 13:18:06] esCNN.cv9: Channel size: 74 	 Kernel size: 6 
Training MSE: 0.10730933 	 Validating MSE: 0.28326067 	 Best VMSE: 0.27831501
[2020-10-23 13:18:06] esCNN.cv9: Checkpoint saved to experiments/normal/sili/esCNN_random_sili_h1
[2020-10-23 13:18:06] esCNN.cv9: Channel size: 75 	 Kernel size: 6 
Training MSE: 0.10728460 	 Validating MSE: 0.28120840 	 Best VMSE: 0.27831501
[2020-10-23 13:18:06] esCNN.cv9: Checkpoint saved to experiments/normal/sili/esCNN_random_sili_h1
[2020-10-23 13:18:06] esCNN.cv9: Channel size: 76 	 Kernel size: 6 
Training MSE: 0.10722413 	 Validating MSE: 0.28074530 	 Best VMSE: 0.27831501
[2020-10-23 13:18:06] esCNN.cv9: Checkpoint saved to experiments/normal/sili/esCNN_random_sili_h1
[2020-10-23 13:18:07] esCNN.cv9: Channel size: 77 	 Kernel size: 6 
Training MSE: 0.10719094 	 Validating MSE: 0.28171647 	 Best VMSE: 0.27831501
[2020-10-23 13:18:07] esCNN.cv9: Checkpoint saved to experiments/normal/sili/esCNN_random_sili_h1
[2020-10-23 13:18:07] esCNN.cv9: Channel size: 78 	 Kernel size: 6 
Training MSE: 0.10709549 	 Validating MSE: 0.28471535 	 Best VMSE: 0.27831501
[2020-10-23 13:18:07] esCNN.cv9: Checkpoint saved to experiments/normal/sili/esCNN_random_sili_h1
[2020-10-23 13:18:07] esCNN.cv9: Channel size: 79 	 Kernel size: 6 
Training MSE: 0.10702578 	 Validating MSE: 0.28264228 	 Best VMSE: 0.27831501
[2020-10-23 13:18:07] esCNN.cv9: Checkpoint saved to experiments/normal/sili/esCNN_random_sili_h1
[2020-10-23 13:18:07] esCNN.cv9: Channel size: 80 	 Kernel size: 6 
Training MSE: 0.10695382 	 Validating MSE: 0.28224176 	 Best VMSE: 0.27831501
[2020-10-23 13:18:07] esCNN.cv9: Checkpoint saved to experiments/normal/sili/esCNN_random_sili_h1
[2020-10-23 13:18:07] esCNN.cv9: Channel size: 81 	 Kernel size: 6 
Training MSE: 0.10684643 	 Validating MSE: 0.28409824 	 Best VMSE: 0.27831501
[2020-10-23 13:18:07] esCNN.cv9: Checkpoint saved to experiments/normal/sili/esCNN_random_sili_h1
[2020-10-23 13:18:07] esCNN.cv9: Channel size: 82 	 Kernel size: 6 
Training MSE: 0.10674634 	 Validating MSE: 0.28063619 	 Best VMSE: 0.27831501
[2020-10-23 13:18:07] esCNN.cv9: Checkpoint saved to experiments/normal/sili/esCNN_random_sili_h1
[2020-10-23 13:18:07] esCNN.cv9: Channel size: 83 	 Kernel size: 6 
Training MSE: 0.10671640 	 Validating MSE: 0.28266284 	 Best VMSE: 0.27831501
[2020-10-23 13:18:07] esCNN.cv9: Checkpoint saved to experiments/normal/sili/esCNN_random_sili_h1
[2020-10-23 13:18:07] esCNN.cv9: Channel size: 84 	 Kernel size: 6 
Training MSE: 0.10661265 	 Validating MSE: 0.28320181 	 Best VMSE: 0.27831501
[2020-10-23 13:18:07] esCNN.cv9: Checkpoint saved to experiments/normal/sili/esCNN_random_sili_h1
[2020-10-23 13:18:07] esCNN.cv9: Channel size: 85 	 Kernel size: 6 
Training MSE: 0.10650420 	 Validating MSE: 0.28625479 	 Best VMSE: 0.27831501
[2020-10-23 13:18:07] esCNN.cv9: Checkpoint saved to experiments/normal/sili/esCNN_random_sili_h1
[2020-10-23 13:18:07] esCNN.cv9: Channel size: 86 	 Kernel size: 6 
Training MSE: 0.10647556 	 Validating MSE: 0.28480816 	 Best VMSE: 0.27831501
[2020-10-23 13:18:07] esCNN.cv9: Checkpoint saved to experiments/normal/sili/esCNN_random_sili_h1
[2020-10-23 13:18:07] esCNN.cv9: Channel size: 87 	 Kernel size: 6 
Training MSE: 0.10641002 	 Validating MSE: 0.28420994 	 Best VMSE: 0.27831501
[2020-10-23 13:18:07] esCNN.cv9: Checkpoint saved to experiments/normal/sili/esCNN_random_sili_h1
[2020-10-23 13:18:07] esCNN.cv9: Channel size: 88 	 Kernel size: 6 
Training MSE: 0.10632977 	 Validating MSE: 0.28206587 	 Best VMSE: 0.27831501
[2020-10-23 13:18:07] esCNN.cv9: Checkpoint saved to experiments/normal/sili/esCNN_random_sili_h1
[2020-10-23 13:18:08] esCNN.cv9: Channel size: 89 	 Kernel size: 6 
Training MSE: 0.10585482 	 Validating MSE: 0.28730106 	 Best VMSE: 0.27831501
[2020-10-23 13:18:08] esCNN.cv9: Checkpoint saved to experiments/normal/sili/esCNN_random_sili_h1
[2020-10-23 13:18:08] esCNN.cv9: Channel size: 90 	 Kernel size: 6 
Training MSE: 0.10556880 	 Validating MSE: 0.29017344 	 Best VMSE: 0.27831501
[2020-10-23 13:18:08] esCNN.cv9: Checkpoint saved to experiments/normal/sili/esCNN_random_sili_h1
[2020-10-23 13:18:08] esCNN.cv9: Channel size: 91 	 Kernel size: 6 
Training MSE: 0.10541849 	 Validating MSE: 0.28558409 	 Best VMSE: 0.27831501
[2020-10-23 13:18:08] esCNN.cv9: Checkpoint saved to experiments/normal/sili/esCNN_random_sili_h1
[2020-10-23 13:18:08] esCNN.cv9: Channel size: 92 	 Kernel size: 6 
Training MSE: 0.10531645 	 Validating MSE: 0.28290811 	 Best VMSE: 0.27831501
[2020-10-23 13:18:08] esCNN.cv9: Checkpoint saved to experiments/normal/sili/esCNN_random_sili_h1
[2020-10-23 13:18:08] esCNN.cv9: Channel size: 93 	 Kernel size: 6 
Training MSE: 0.10527951 	 Validating MSE: 0.28336376 	 Best VMSE: 0.27831501
[2020-10-23 13:18:08] esCNN.cv9: Checkpoint saved to experiments/normal/sili/esCNN_random_sili_h1
[2020-10-23 13:18:08] esCNN.cv9: Channel size: 94 	 Kernel size: 6 
Training MSE: 0.10525403 	 Validating MSE: 0.28393281 	 Best VMSE: 0.27831501
[2020-10-23 13:18:08] esCNN.cv9: Checkpoint saved to experiments/normal/sili/esCNN_random_sili_h1
[2020-10-23 13:18:08] esCNN.cv9: Channel size: 95 	 Kernel size: 6 
Training MSE: 0.10523974 	 Validating MSE: 0.28383163 	 Best VMSE: 0.27831501
[2020-10-23 13:18:08] esCNN.cv9: Checkpoint saved to experiments/normal/sili/esCNN_random_sili_h1
[2020-10-23 13:18:08] esCNN.cv9: Channel size: 96 	 Kernel size: 6 
Training MSE: 0.10522489 	 Validating MSE: 0.28423074 	 Best VMSE: 0.27831501
[2020-10-23 13:18:08] esCNN.cv9: Checkpoint saved to experiments/normal/sili/esCNN_random_sili_h1
[2020-10-23 13:18:08] esCNN.cv9: Channel size: 97 	 Kernel size: 6 
Training MSE: 0.10520640 	 Validating MSE: 0.28351867 	 Best VMSE: 0.27831501
[2020-10-23 13:18:08] esCNN.cv9: Checkpoint saved to experiments/normal/sili/esCNN_random_sili_h1
[2020-10-23 13:18:08] esCNN.cv9: Channel size: 98 	 Kernel size: 6 
Training MSE: 0.10509746 	 Validating MSE: 0.28851235 	 Best VMSE: 0.27831501
[2020-10-23 13:18:08] esCNN.cv9: Checkpoint saved to experiments/normal/sili/esCNN_random_sili_h1
[2020-10-23 13:18:09] esCNN.cv9: Channel size: 99 	 Kernel size: 6 
Training MSE: 0.10503498 	 Validating MSE: 0.28915536 	 Best VMSE: 0.27831501
[2020-10-23 13:18:09] esCNN.cv9: Checkpoint saved to experiments/normal/sili/esCNN_random_sili_h1
[2020-10-23 13:18:09] esCNN.cv9: Channel size: 100 	 Kernel size: 6 
Training MSE: 0.10499459 	 Validating MSE: 0.28728631 	 Best VMSE: 0.27831501
[2020-10-23 13:18:09] esCNN.cv9: Checkpoint saved to experiments/normal/sili/esCNN_random_sili_h1
[2020-10-23 13:18:09] esCNN.cv9: Restoring best parameters from experiments/normal/sili/esCNN_random_sili_h1/train.cv9.pth.tar
[2020-10-23 13:18:09] esCNN.cv9: sili	 H: 1	 Trail: 20 
Testing RMSE: 0.6468 	 MAPE: 0.09266 	 SMAPE: 0.04762
