[2020-10-23 13:16:51] esCNN.cv5: Loading the datasets and model for 9th-batch-training
[2020-10-23 13:16:51] esCNN.cv5: Argument channel_size: 100
[2020-10-23 13:16:51] esCNN.cv5: Argument candidate_size: 300
[2020-10-23 13:16:51] esCNN.cv5: Argument kernel_size: 6
[2020-10-23 13:16:51] esCNN.cv5: Argument kernel_list: [8, 6, 5, 4]
[2020-10-23 13:16:51] esCNN.cv5: Argument Lambdas: [0.5, 1, 5, 15, 30, 50, 100, 150, 200]
[2020-10-23 13:16:51] esCNN.cv5: Argument Lambdas_std: [0.01, 0.05, 0.1, 0.5, 1]
[2020-10-23 13:16:51] esCNN.cv5: Argument r: [0.8, 0.9, 0.99, 0.9999, 0.999999]
[2020-10-23 13:16:51] esCNN.cv5: Argument tolerance: 0
[2020-10-23 13:16:51] esCNN.cv5: Argument device: device(type='cuda')
[2020-10-23 13:16:51] esCNN.cv5: Argument dataset: 'sili'
[2020-10-23 13:16:51] esCNN.cv5: Argument H: 1
[2020-10-23 13:16:51] esCNN.cv5: Argument k: 5
[2020-10-23 13:16:51] esCNN.cv5: Argument test: False
[2020-10-23 13:16:51] esCNN.cv5: Argument search: 'random'
[2020-10-23 13:16:51] esCNN.cv5: Argument normal: True
[2020-10-23 13:16:51] esCNN.cv5: Argument diff: False
[2020-10-23 13:16:51] esCNN.cv5: Argument times: 60
[2020-10-23 13:16:51] esCNN.cv5: Argument datasets: {'ar1': {'lag_order': 15, 'normal': True, 'cov_dim': 0, 'kernel_size': 3}, 'wti': {'lag_order': 25, 'normal': True, 'cov_dim': 0, 'kernel_size': 5}, 'gold': {'lag_order': 25, 'normal': True, 'cov_dim': 0, 'kernel_size': 5}, 'sp': {'lag_order': 25, 'normal': True, 'cov_dim': 0, 'kernel_size': 5}, 'brent': {'lag_order': 24, 'normal': True, 'cov_dim': 0, 'kernel_size': 6}, 'sili': {'lag_order': 26, 'normal': True, 'cov_dim': 0, 'kernel_size': 6}}
[2020-10-23 13:16:51] esCNN.cv5: Argument steps: 26
[2020-10-23 13:16:51] esCNN.cv5: Argument cov_dim: 0
[2020-10-23 13:16:51] esCNN.cv5: Argument experiment: 'experiments/normal/sili'
[2020-10-23 13:16:51] esCNN.cv5: Argument scaler: StandardScaler()
[2020-10-23 13:16:51] esCNN.cv5: Argument model_name: 'esCNN_random_sili_h1'
[2020-10-23 13:16:51] esCNN.cv5: Argument model_dir: 'experiments/normal/sili/esCNN_random_sili_h1'
[2020-10-23 13:16:51] esCNN.cv5: Argument In_channels: 1
[2020-10-23 13:16:51] esCNN.cv5: Argument restore: True
[2020-10-23 13:16:51] esCNN.cv5: Argument cv: 5
[2020-10-23 13:16:51] esCNN.cv5: Argument plot_dir: 'experiments/normal/sili/esCNN_random_sili_h1/figures'
[2020-10-23 13:16:51] esCNN.cv5: Using Cuda...
[2020-10-23 13:16:51] esCNN.cv5: Loading complete.
[2020-10-23 13:16:51] esCNN.cv5: Model: 
ES_CNN(
  (Pool): AvgPool1d(kernel_size=(3,), stride=(1,), padding=(0,))
  (loss_fn): MSELoss()
)
[2020-10-23 13:16:51] esCNN.cv5: Found new best state
[2020-10-23 13:16:51] esCNN.cv5: Best vmse: 1.5475
[2020-10-23 13:16:51] esCNN.cv5: Channel size: 1 	 Kernel size: 6 
Training MSE: 0.31615728 	 Validating MSE: 1.54746938 	 Best VMSE: 1.54746938
[2020-10-23 13:16:51] esCNN.cv5: Checkpoint saved to experiments/normal/sili/esCNN_random_sili_h1
[2020-10-23 13:16:51] esCNN.cv5: Found new best state
[2020-10-23 13:16:51] esCNN.cv5: Best vmse: 1.3726
[2020-10-23 13:16:51] esCNN.cv5: Channel size: 2 	 Kernel size: 6 
Training MSE: 0.28455931 	 Validating MSE: 1.37262905 	 Best VMSE: 1.37262905
[2020-10-23 13:16:51] esCNN.cv5: Checkpoint saved to experiments/normal/sili/esCNN_random_sili_h1
[2020-10-23 13:16:51] esCNN.cv5: Found new best state
[2020-10-23 13:16:51] esCNN.cv5: Best vmse: 0.7161
[2020-10-23 13:16:51] esCNN.cv5: Channel size: 3 	 Kernel size: 6 
Training MSE: 0.20580593 	 Validating MSE: 0.71610874 	 Best VMSE: 0.71610874
[2020-10-23 13:16:51] esCNN.cv5: Checkpoint saved to experiments/normal/sili/esCNN_random_sili_h1
[2020-10-23 13:16:51] esCNN.cv5: Channel size: 4 	 Kernel size: 6 
Training MSE: 0.16738266 	 Validating MSE: 0.71887273 	 Best VMSE: 0.71610874
[2020-10-23 13:16:51] esCNN.cv5: Checkpoint saved to experiments/normal/sili/esCNN_random_sili_h1
[2020-10-23 13:16:51] esCNN.cv5: Found new best state
[2020-10-23 13:16:51] esCNN.cv5: Best vmse: 0.6202
[2020-10-23 13:16:51] esCNN.cv5: Channel size: 5 	 Kernel size: 6 
Training MSE: 0.15915544 	 Validating MSE: 0.62016767 	 Best VMSE: 0.62016767
[2020-10-23 13:16:51] esCNN.cv5: Checkpoint saved to experiments/normal/sili/esCNN_random_sili_h1
[2020-10-23 13:16:51] esCNN.cv5: Found new best state
[2020-10-23 13:16:51] esCNN.cv5: Best vmse: 0.5960
[2020-10-23 13:16:51] esCNN.cv5: Channel size: 6 	 Kernel size: 6 
Training MSE: 0.14091411 	 Validating MSE: 0.59599251 	 Best VMSE: 0.59599251
[2020-10-23 13:16:51] esCNN.cv5: Checkpoint saved to experiments/normal/sili/esCNN_random_sili_h1
[2020-10-23 13:16:52] esCNN.cv5: Found new best state
[2020-10-23 13:16:52] esCNN.cv5: Best vmse: 0.5768
[2020-10-23 13:16:52] esCNN.cv5: Channel size: 7 	 Kernel size: 6 
Training MSE: 0.13545886 	 Validating MSE: 0.57676238 	 Best VMSE: 0.57676238
[2020-10-23 13:16:52] esCNN.cv5: Checkpoint saved to experiments/normal/sili/esCNN_random_sili_h1
[2020-10-23 13:16:52] esCNN.cv5: Channel size: 8 	 Kernel size: 6 
Training MSE: 0.13502267 	 Validating MSE: 0.58759892 	 Best VMSE: 0.57676238
[2020-10-23 13:16:52] esCNN.cv5: Checkpoint saved to experiments/normal/sili/esCNN_random_sili_h1
[2020-10-23 13:16:52] esCNN.cv5: Found new best state
[2020-10-23 13:16:52] esCNN.cv5: Best vmse: 0.5704
[2020-10-23 13:16:52] esCNN.cv5: Channel size: 9 	 Kernel size: 6 
Training MSE: 0.13443500 	 Validating MSE: 0.57043976 	 Best VMSE: 0.57043976
[2020-10-23 13:16:52] esCNN.cv5: Checkpoint saved to experiments/normal/sili/esCNN_random_sili_h1
[2020-10-23 13:16:52] esCNN.cv5: Found new best state
[2020-10-23 13:16:52] esCNN.cv5: Best vmse: 0.5332
[2020-10-23 13:16:52] esCNN.cv5: Channel size: 10 	 Kernel size: 6 
Training MSE: 0.12877099 	 Validating MSE: 0.53321308 	 Best VMSE: 0.53321308
[2020-10-23 13:16:52] esCNN.cv5: Checkpoint saved to experiments/normal/sili/esCNN_random_sili_h1
[2020-10-23 13:16:52] esCNN.cv5: Found new best state
[2020-10-23 13:16:52] esCNN.cv5: Best vmse: 0.4614
[2020-10-23 13:16:52] esCNN.cv5: Channel size: 11 	 Kernel size: 6 
Training MSE: 0.12413085 	 Validating MSE: 0.46135250 	 Best VMSE: 0.46135250
[2020-10-23 13:16:52] esCNN.cv5: Checkpoint saved to experiments/normal/sili/esCNN_random_sili_h1
[2020-10-23 13:16:52] esCNN.cv5: Found new best state
[2020-10-23 13:16:52] esCNN.cv5: Best vmse: 0.4306
[2020-10-23 13:16:52] esCNN.cv5: Channel size: 12 	 Kernel size: 6 
Training MSE: 0.12212112 	 Validating MSE: 0.43059728 	 Best VMSE: 0.43059728
[2020-10-23 13:16:52] esCNN.cv5: Checkpoint saved to experiments/normal/sili/esCNN_random_sili_h1
[2020-10-23 13:16:52] esCNN.cv5: Found new best state
[2020-10-23 13:16:52] esCNN.cv5: Best vmse: 0.4295
[2020-10-23 13:16:52] esCNN.cv5: Channel size: 13 	 Kernel size: 6 
Training MSE: 0.12119626 	 Validating MSE: 0.42945156 	 Best VMSE: 0.42945156
[2020-10-23 13:16:52] esCNN.cv5: Checkpoint saved to experiments/normal/sili/esCNN_random_sili_h1
[2020-10-23 13:16:52] esCNN.cv5: Found new best state
[2020-10-23 13:16:52] esCNN.cv5: Best vmse: 0.4247
[2020-10-23 13:16:52] esCNN.cv5: Channel size: 14 	 Kernel size: 6 
Training MSE: 0.12051446 	 Validating MSE: 0.42472699 	 Best VMSE: 0.42472699
[2020-10-23 13:16:52] esCNN.cv5: Checkpoint saved to experiments/normal/sili/esCNN_random_sili_h1
[2020-10-23 13:16:52] esCNN.cv5: Found new best state
[2020-10-23 13:16:52] esCNN.cv5: Best vmse: 0.4127
[2020-10-23 13:16:52] esCNN.cv5: Channel size: 15 	 Kernel size: 6 
Training MSE: 0.11994736 	 Validating MSE: 0.41268784 	 Best VMSE: 0.41268784
[2020-10-23 13:16:52] esCNN.cv5: Checkpoint saved to experiments/normal/sili/esCNN_random_sili_h1
[2020-10-23 13:16:52] esCNN.cv5: Channel size: 16 	 Kernel size: 6 
Training MSE: 0.11966369 	 Validating MSE: 0.42865565 	 Best VMSE: 0.41268784
[2020-10-23 13:16:52] esCNN.cv5: Checkpoint saved to experiments/normal/sili/esCNN_random_sili_h1
[2020-10-23 13:16:52] esCNN.cv5: Channel size: 17 	 Kernel size: 6 
Training MSE: 0.11949282 	 Validating MSE: 0.42777243 	 Best VMSE: 0.41268784
[2020-10-23 13:16:52] esCNN.cv5: Checkpoint saved to experiments/normal/sili/esCNN_random_sili_h1
[2020-10-23 13:16:52] esCNN.cv5: Channel size: 18 	 Kernel size: 6 
Training MSE: 0.11874183 	 Validating MSE: 0.43024558 	 Best VMSE: 0.41268784
[2020-10-23 13:16:52] esCNN.cv5: Checkpoint saved to experiments/normal/sili/esCNN_random_sili_h1
[2020-10-23 13:16:52] esCNN.cv5: Channel size: 19 	 Kernel size: 6 
Training MSE: 0.11832932 	 Validating MSE: 0.41613889 	 Best VMSE: 0.41268784
[2020-10-23 13:16:52] esCNN.cv5: Checkpoint saved to experiments/normal/sili/esCNN_random_sili_h1
[2020-10-23 13:16:52] esCNN.cv5: Channel size: 20 	 Kernel size: 6 
Training MSE: 0.11820367 	 Validating MSE: 0.41602704 	 Best VMSE: 0.41268784
[2020-10-23 13:16:52] esCNN.cv5: Checkpoint saved to experiments/normal/sili/esCNN_random_sili_h1
[2020-10-23 13:16:52] esCNN.cv5: Channel size: 21 	 Kernel size: 6 
Training MSE: 0.11814255 	 Validating MSE: 0.41479808 	 Best VMSE: 0.41268784
[2020-10-23 13:16:52] esCNN.cv5: Checkpoint saved to experiments/normal/sili/esCNN_random_sili_h1
[2020-10-23 13:16:52] esCNN.cv5: Channel size: 22 	 Kernel size: 6 
Training MSE: 0.11811335 	 Validating MSE: 0.41446558 	 Best VMSE: 0.41268784
[2020-10-23 13:16:52] esCNN.cv5: Checkpoint saved to experiments/normal/sili/esCNN_random_sili_h1
[2020-10-23 13:16:52] esCNN.cv5: Channel size: 23 	 Kernel size: 6 
Training MSE: 0.11806172 	 Validating MSE: 0.41410041 	 Best VMSE: 0.41268784
[2020-10-23 13:16:52] esCNN.cv5: Checkpoint saved to experiments/normal/sili/esCNN_random_sili_h1
[2020-10-23 13:16:52] esCNN.cv5: Channel size: 24 	 Kernel size: 6 
Training MSE: 0.11800511 	 Validating MSE: 0.41722813 	 Best VMSE: 0.41268784
[2020-10-23 13:16:52] esCNN.cv5: Checkpoint saved to experiments/normal/sili/esCNN_random_sili_h1
[2020-10-23 13:16:52] esCNN.cv5: Found new best state
[2020-10-23 13:16:52] esCNN.cv5: Best vmse: 0.4118
[2020-10-23 13:16:52] esCNN.cv5: Channel size: 25 	 Kernel size: 6 
Training MSE: 0.11791612 	 Validating MSE: 0.41180670 	 Best VMSE: 0.41180670
[2020-10-23 13:16:52] esCNN.cv5: Checkpoint saved to experiments/normal/sili/esCNN_random_sili_h1
[2020-10-23 13:16:52] esCNN.cv5: Found new best state
[2020-10-23 13:16:52] esCNN.cv5: Best vmse: 0.4109
[2020-10-23 13:16:52] esCNN.cv5: Channel size: 26 	 Kernel size: 6 
Training MSE: 0.11787055 	 Validating MSE: 0.41087496 	 Best VMSE: 0.41087496
[2020-10-23 13:16:52] esCNN.cv5: Checkpoint saved to experiments/normal/sili/esCNN_random_sili_h1
[2020-10-23 13:16:52] esCNN.cv5: Channel size: 27 	 Kernel size: 6 
Training MSE: 0.11757775 	 Validating MSE: 0.41665316 	 Best VMSE: 0.41087496
[2020-10-23 13:16:52] esCNN.cv5: Checkpoint saved to experiments/normal/sili/esCNN_random_sili_h1
[2020-10-23 13:16:52] esCNN.cv5: Found new best state
[2020-10-23 13:16:52] esCNN.cv5: Best vmse: 0.4055
[2020-10-23 13:16:52] esCNN.cv5: Channel size: 28 	 Kernel size: 6 
Training MSE: 0.11741389 	 Validating MSE: 0.40550420 	 Best VMSE: 0.40550420
[2020-10-23 13:16:52] esCNN.cv5: Checkpoint saved to experiments/normal/sili/esCNN_random_sili_h1
[2020-10-23 13:16:52] esCNN.cv5: Channel size: 29 	 Kernel size: 6 
Training MSE: 0.11729977 	 Validating MSE: 0.40830001 	 Best VMSE: 0.40550420
[2020-10-23 13:16:52] esCNN.cv5: Checkpoint saved to experiments/normal/sili/esCNN_random_sili_h1
[2020-10-23 13:16:52] esCNN.cv5: Channel size: 30 	 Kernel size: 6 
Training MSE: 0.11724343 	 Validating MSE: 0.40979254 	 Best VMSE: 0.40550420
[2020-10-23 13:16:52] esCNN.cv5: Checkpoint saved to experiments/normal/sili/esCNN_random_sili_h1
[2020-10-23 13:16:53] esCNN.cv5: Channel size: 31 	 Kernel size: 6 
Training MSE: 0.11719129 	 Validating MSE: 0.40840319 	 Best VMSE: 0.40550420
[2020-10-23 13:16:53] esCNN.cv5: Checkpoint saved to experiments/normal/sili/esCNN_random_sili_h1
[2020-10-23 13:16:53] esCNN.cv5: Channel size: 32 	 Kernel size: 6 
Training MSE: 0.11709348 	 Validating MSE: 0.40695569 	 Best VMSE: 0.40550420
[2020-10-23 13:16:53] esCNN.cv5: Checkpoint saved to experiments/normal/sili/esCNN_random_sili_h1
[2020-10-23 13:16:53] esCNN.cv5: Found new best state
[2020-10-23 13:16:53] esCNN.cv5: Best vmse: 0.4050
[2020-10-23 13:16:53] esCNN.cv5: Channel size: 33 	 Kernel size: 6 
Training MSE: 0.11706363 	 Validating MSE: 0.40499878 	 Best VMSE: 0.40499878
[2020-10-23 13:16:53] esCNN.cv5: Checkpoint saved to experiments/normal/sili/esCNN_random_sili_h1
[2020-10-23 13:16:53] esCNN.cv5: Found new best state
[2020-10-23 13:16:53] esCNN.cv5: Best vmse: 0.4045
[2020-10-23 13:16:53] esCNN.cv5: Channel size: 34 	 Kernel size: 6 
Training MSE: 0.11700434 	 Validating MSE: 0.40446568 	 Best VMSE: 0.40446568
[2020-10-23 13:16:53] esCNN.cv5: Checkpoint saved to experiments/normal/sili/esCNN_random_sili_h1
[2020-10-23 13:16:53] esCNN.cv5: Found new best state
[2020-10-23 13:16:53] esCNN.cv5: Best vmse: 0.4043
[2020-10-23 13:16:53] esCNN.cv5: Channel size: 35 	 Kernel size: 6 
Training MSE: 0.11697635 	 Validating MSE: 0.40432221 	 Best VMSE: 0.40432221
[2020-10-23 13:16:53] esCNN.cv5: Checkpoint saved to experiments/normal/sili/esCNN_random_sili_h1
[2020-10-23 13:16:53] esCNN.cv5: Channel size: 36 	 Kernel size: 6 
Training MSE: 0.11686714 	 Validating MSE: 0.40480047 	 Best VMSE: 0.40432221
[2020-10-23 13:16:53] esCNN.cv5: Checkpoint saved to experiments/normal/sili/esCNN_random_sili_h1
[2020-10-23 13:16:53] esCNN.cv5: Channel size: 37 	 Kernel size: 6 
Training MSE: 0.11679278 	 Validating MSE: 0.40519431 	 Best VMSE: 0.40432221
[2020-10-23 13:16:53] esCNN.cv5: Checkpoint saved to experiments/normal/sili/esCNN_random_sili_h1
[2020-10-23 13:16:53] esCNN.cv5: Found new best state
[2020-10-23 13:16:53] esCNN.cv5: Best vmse: 0.4036
[2020-10-23 13:16:53] esCNN.cv5: Channel size: 38 	 Kernel size: 6 
Training MSE: 0.11665566 	 Validating MSE: 0.40361419 	 Best VMSE: 0.40361419
[2020-10-23 13:16:53] esCNN.cv5: Checkpoint saved to experiments/normal/sili/esCNN_random_sili_h1
[2020-10-23 13:16:53] esCNN.cv5: Found new best state
[2020-10-23 13:16:53] esCNN.cv5: Best vmse: 0.4026
[2020-10-23 13:16:53] esCNN.cv5: Channel size: 39 	 Kernel size: 6 
Training MSE: 0.11660589 	 Validating MSE: 0.40260842 	 Best VMSE: 0.40260842
[2020-10-23 13:16:53] esCNN.cv5: Checkpoint saved to experiments/normal/sili/esCNN_random_sili_h1
[2020-10-23 13:16:53] esCNN.cv5: Channel size: 40 	 Kernel size: 6 
Training MSE: 0.11651289 	 Validating MSE: 0.40334782 	 Best VMSE: 0.40260842
[2020-10-23 13:16:53] esCNN.cv5: Checkpoint saved to experiments/normal/sili/esCNN_random_sili_h1
[2020-10-23 13:16:53] esCNN.cv5: Found new best state
[2020-10-23 13:16:53] esCNN.cv5: Best vmse: 0.4013
[2020-10-23 13:16:53] esCNN.cv5: Channel size: 41 	 Kernel size: 6 
Training MSE: 0.11645666 	 Validating MSE: 0.40132636 	 Best VMSE: 0.40132636
[2020-10-23 13:16:53] esCNN.cv5: Checkpoint saved to experiments/normal/sili/esCNN_random_sili_h1
[2020-10-23 13:16:53] esCNN.cv5: Channel size: 42 	 Kernel size: 6 
Training MSE: 0.11642333 	 Validating MSE: 0.40594935 	 Best VMSE: 0.40132636
[2020-10-23 13:16:53] esCNN.cv5: Checkpoint saved to experiments/normal/sili/esCNN_random_sili_h1
[2020-10-23 13:16:53] esCNN.cv5: Channel size: 43 	 Kernel size: 6 
Training MSE: 0.11641278 	 Validating MSE: 0.40470546 	 Best VMSE: 0.40132636
[2020-10-23 13:16:53] esCNN.cv5: Checkpoint saved to experiments/normal/sili/esCNN_random_sili_h1
[2020-10-23 13:16:53] esCNN.cv5: Channel size: 44 	 Kernel size: 6 
Training MSE: 0.11640418 	 Validating MSE: 0.40497166 	 Best VMSE: 0.40132636
[2020-10-23 13:16:53] esCNN.cv5: Checkpoint saved to experiments/normal/sili/esCNN_random_sili_h1
[2020-10-23 13:16:53] esCNN.cv5: Channel size: 45 	 Kernel size: 6 
Training MSE: 0.11636962 	 Validating MSE: 0.40373823 	 Best VMSE: 0.40132636
[2020-10-23 13:16:53] esCNN.cv5: Checkpoint saved to experiments/normal/sili/esCNN_random_sili_h1
[2020-10-23 13:16:53] esCNN.cv5: Channel size: 46 	 Kernel size: 6 
Training MSE: 0.11635166 	 Validating MSE: 0.40266696 	 Best VMSE: 0.40132636
[2020-10-23 13:16:53] esCNN.cv5: Checkpoint saved to experiments/normal/sili/esCNN_random_sili_h1
[2020-10-23 13:16:53] esCNN.cv5: Channel size: 47 	 Kernel size: 6 
Training MSE: 0.11626085 	 Validating MSE: 0.40414175 	 Best VMSE: 0.40132636
[2020-10-23 13:16:53] esCNN.cv5: Checkpoint saved to experiments/normal/sili/esCNN_random_sili_h1
[2020-10-23 13:16:53] esCNN.cv5: Channel size: 48 	 Kernel size: 6 
Training MSE: 0.11615413 	 Validating MSE: 0.40245253 	 Best VMSE: 0.40132636
[2020-10-23 13:16:53] esCNN.cv5: Checkpoint saved to experiments/normal/sili/esCNN_random_sili_h1
[2020-10-23 13:16:54] esCNN.cv5: Found new best state
[2020-10-23 13:16:54] esCNN.cv5: Best vmse: 0.3994
[2020-10-23 13:16:54] esCNN.cv5: Channel size: 49 	 Kernel size: 6 
Training MSE: 0.11610414 	 Validating MSE: 0.39941713 	 Best VMSE: 0.39941713
[2020-10-23 13:16:54] esCNN.cv5: Checkpoint saved to experiments/normal/sili/esCNN_random_sili_h1
[2020-10-23 13:16:54] esCNN.cv5: Channel size: 50 	 Kernel size: 6 
Training MSE: 0.11608299 	 Validating MSE: 0.40272254 	 Best VMSE: 0.39941713
[2020-10-23 13:16:54] esCNN.cv5: Checkpoint saved to experiments/normal/sili/esCNN_random_sili_h1
[2020-10-23 13:16:54] esCNN.cv5: Channel size: 51 	 Kernel size: 6 
Training MSE: 0.11606929 	 Validating MSE: 0.40153769 	 Best VMSE: 0.39941713
[2020-10-23 13:16:54] esCNN.cv5: Checkpoint saved to experiments/normal/sili/esCNN_random_sili_h1
[2020-10-23 13:16:54] esCNN.cv5: Channel size: 52 	 Kernel size: 6 
Training MSE: 0.11602273 	 Validating MSE: 0.40051162 	 Best VMSE: 0.39941713
[2020-10-23 13:16:54] esCNN.cv5: Checkpoint saved to experiments/normal/sili/esCNN_random_sili_h1
[2020-10-23 13:16:54] esCNN.cv5: Channel size: 53 	 Kernel size: 6 
Training MSE: 0.11588332 	 Validating MSE: 0.40903780 	 Best VMSE: 0.39941713
[2020-10-23 13:16:54] esCNN.cv5: Checkpoint saved to experiments/normal/sili/esCNN_random_sili_h1
[2020-10-23 13:16:54] esCNN.cv5: Channel size: 54 	 Kernel size: 6 
Training MSE: 0.11578772 	 Validating MSE: 0.40227753 	 Best VMSE: 0.39941713
[2020-10-23 13:16:54] esCNN.cv5: Checkpoint saved to experiments/normal/sili/esCNN_random_sili_h1
[2020-10-23 13:16:54] esCNN.cv5: Channel size: 55 	 Kernel size: 6 
Training MSE: 0.11572997 	 Validating MSE: 0.40551993 	 Best VMSE: 0.39941713
[2020-10-23 13:16:54] esCNN.cv5: Checkpoint saved to experiments/normal/sili/esCNN_random_sili_h1
[2020-10-23 13:16:54] esCNN.cv5: Channel size: 56 	 Kernel size: 6 
Training MSE: 0.11566403 	 Validating MSE: 0.40861326 	 Best VMSE: 0.39941713
[2020-10-23 13:16:54] esCNN.cv5: Checkpoint saved to experiments/normal/sili/esCNN_random_sili_h1
[2020-10-23 13:16:54] esCNN.cv5: Channel size: 57 	 Kernel size: 6 
Training MSE: 0.11554310 	 Validating MSE: 0.40160915 	 Best VMSE: 0.39941713
[2020-10-23 13:16:54] esCNN.cv5: Checkpoint saved to experiments/normal/sili/esCNN_random_sili_h1
[2020-10-23 13:16:54] esCNN.cv5: Channel size: 58 	 Kernel size: 6 
Training MSE: 0.11547612 	 Validating MSE: 0.40313402 	 Best VMSE: 0.39941713
[2020-10-23 13:16:54] esCNN.cv5: Checkpoint saved to experiments/normal/sili/esCNN_random_sili_h1
[2020-10-23 13:16:54] esCNN.cv5: Channel size: 59 	 Kernel size: 6 
Training MSE: 0.11544694 	 Validating MSE: 0.40559980 	 Best VMSE: 0.39941713
[2020-10-23 13:16:54] esCNN.cv5: Checkpoint saved to experiments/normal/sili/esCNN_random_sili_h1
[2020-10-23 13:16:54] esCNN.cv5: Channel size: 60 	 Kernel size: 6 
Training MSE: 0.11539456 	 Validating MSE: 0.40393990 	 Best VMSE: 0.39941713
[2020-10-23 13:16:54] esCNN.cv5: Checkpoint saved to experiments/normal/sili/esCNN_random_sili_h1
[2020-10-23 13:16:54] esCNN.cv5: Channel size: 61 	 Kernel size: 6 
Training MSE: 0.11533882 	 Validating MSE: 0.40321773 	 Best VMSE: 0.39941713
[2020-10-23 13:16:54] esCNN.cv5: Checkpoint saved to experiments/normal/sili/esCNN_random_sili_h1
[2020-10-23 13:16:54] esCNN.cv5: Channel size: 62 	 Kernel size: 6 
Training MSE: 0.11529525 	 Validating MSE: 0.40128869 	 Best VMSE: 0.39941713
[2020-10-23 13:16:54] esCNN.cv5: Checkpoint saved to experiments/normal/sili/esCNN_random_sili_h1
[2020-10-23 13:16:54] esCNN.cv5: Channel size: 63 	 Kernel size: 6 
Training MSE: 0.11528398 	 Validating MSE: 0.40070447 	 Best VMSE: 0.39941713
[2020-10-23 13:16:54] esCNN.cv5: Checkpoint saved to experiments/normal/sili/esCNN_random_sili_h1
[2020-10-23 13:16:55] esCNN.cv5: Channel size: 64 	 Kernel size: 6 
Training MSE: 0.11524884 	 Validating MSE: 0.40142944 	 Best VMSE: 0.39941713
[2020-10-23 13:16:55] esCNN.cv5: Checkpoint saved to experiments/normal/sili/esCNN_random_sili_h1
[2020-10-23 13:16:55] esCNN.cv5: Channel size: 65 	 Kernel size: 6 
Training MSE: 0.11522528 	 Validating MSE: 0.40010032 	 Best VMSE: 0.39941713
[2020-10-23 13:16:55] esCNN.cv5: Checkpoint saved to experiments/normal/sili/esCNN_random_sili_h1
[2020-10-23 13:16:55] esCNN.cv5: Channel size: 66 	 Kernel size: 6 
Training MSE: 0.11520810 	 Validating MSE: 0.40162838 	 Best VMSE: 0.39941713
[2020-10-23 13:16:55] esCNN.cv5: Checkpoint saved to experiments/normal/sili/esCNN_random_sili_h1
[2020-10-23 13:16:55] esCNN.cv5: Channel size: 67 	 Kernel size: 6 
Training MSE: 0.11520239 	 Validating MSE: 0.40035862 	 Best VMSE: 0.39941713
[2020-10-23 13:16:55] esCNN.cv5: Checkpoint saved to experiments/normal/sili/esCNN_random_sili_h1
[2020-10-23 13:16:55] esCNN.cv5: Found new best state
[2020-10-23 13:16:55] esCNN.cv5: Best vmse: 0.3983
[2020-10-23 13:16:55] esCNN.cv5: Channel size: 68 	 Kernel size: 6 
Training MSE: 0.11518207 	 Validating MSE: 0.39826703 	 Best VMSE: 0.39826703
[2020-10-23 13:16:55] esCNN.cv5: Checkpoint saved to experiments/normal/sili/esCNN_random_sili_h1
[2020-10-23 13:16:55] esCNN.cv5: Channel size: 69 	 Kernel size: 6 
Training MSE: 0.11514937 	 Validating MSE: 0.39841184 	 Best VMSE: 0.39826703
[2020-10-23 13:16:55] esCNN.cv5: Checkpoint saved to experiments/normal/sili/esCNN_random_sili_h1
[2020-10-23 13:16:55] esCNN.cv5: Channel size: 70 	 Kernel size: 6 
Training MSE: 0.11512712 	 Validating MSE: 0.39842173 	 Best VMSE: 0.39826703
[2020-10-23 13:16:55] esCNN.cv5: Checkpoint saved to experiments/normal/sili/esCNN_random_sili_h1
[2020-10-23 13:16:55] esCNN.cv5: Channel size: 71 	 Kernel size: 6 
Training MSE: 0.11511964 	 Validating MSE: 0.39927244 	 Best VMSE: 0.39826703
[2020-10-23 13:16:55] esCNN.cv5: Checkpoint saved to experiments/normal/sili/esCNN_random_sili_h1
[2020-10-23 13:16:55] esCNN.cv5: Channel size: 72 	 Kernel size: 6 
Training MSE: 0.11502962 	 Validating MSE: 0.40080845 	 Best VMSE: 0.39826703
[2020-10-23 13:16:55] esCNN.cv5: Checkpoint saved to experiments/normal/sili/esCNN_random_sili_h1
[2020-10-23 13:16:55] esCNN.cv5: Found new best state
[2020-10-23 13:16:55] esCNN.cv5: Best vmse: 0.3970
[2020-10-23 13:16:55] esCNN.cv5: Channel size: 73 	 Kernel size: 6 
Training MSE: 0.11491486 	 Validating MSE: 0.39696851 	 Best VMSE: 0.39696851
[2020-10-23 13:16:55] esCNN.cv5: Checkpoint saved to experiments/normal/sili/esCNN_random_sili_h1
[2020-10-23 13:16:55] esCNN.cv5: Channel size: 74 	 Kernel size: 6 
Training MSE: 0.11485111 	 Validating MSE: 0.39843118 	 Best VMSE: 0.39696851
[2020-10-23 13:16:55] esCNN.cv5: Checkpoint saved to experiments/normal/sili/esCNN_random_sili_h1
[2020-10-23 13:16:55] esCNN.cv5: Channel size: 75 	 Kernel size: 6 
Training MSE: 0.11479139 	 Validating MSE: 0.39974707 	 Best VMSE: 0.39696851
[2020-10-23 13:16:55] esCNN.cv5: Checkpoint saved to experiments/normal/sili/esCNN_random_sili_h1
[2020-10-23 13:16:56] esCNN.cv5: Channel size: 76 	 Kernel size: 6 
Training MSE: 0.11472908 	 Validating MSE: 0.40145671 	 Best VMSE: 0.39696851
[2020-10-23 13:16:56] esCNN.cv5: Checkpoint saved to experiments/normal/sili/esCNN_random_sili_h1
[2020-10-23 13:16:56] esCNN.cv5: Channel size: 77 	 Kernel size: 6 
Training MSE: 0.11468703 	 Validating MSE: 0.40306020 	 Best VMSE: 0.39696851
[2020-10-23 13:16:56] esCNN.cv5: Checkpoint saved to experiments/normal/sili/esCNN_random_sili_h1
[2020-10-23 13:16:56] esCNN.cv5: Channel size: 78 	 Kernel size: 6 
Training MSE: 0.11461481 	 Validating MSE: 0.39936519 	 Best VMSE: 0.39696851
[2020-10-23 13:16:56] esCNN.cv5: Checkpoint saved to experiments/normal/sili/esCNN_random_sili_h1
[2020-10-23 13:16:56] esCNN.cv5: Found new best state
[2020-10-23 13:16:56] esCNN.cv5: Best vmse: 0.3965
[2020-10-23 13:16:56] esCNN.cv5: Channel size: 79 	 Kernel size: 6 
Training MSE: 0.11458132 	 Validating MSE: 0.39651465 	 Best VMSE: 0.39651465
[2020-10-23 13:16:56] esCNN.cv5: Checkpoint saved to experiments/normal/sili/esCNN_random_sili_h1
[2020-10-23 13:16:56] esCNN.cv5: Channel size: 80 	 Kernel size: 6 
Training MSE: 0.11451213 	 Validating MSE: 0.39808273 	 Best VMSE: 0.39651465
[2020-10-23 13:16:56] esCNN.cv5: Checkpoint saved to experiments/normal/sili/esCNN_random_sili_h1
[2020-10-23 13:16:56] esCNN.cv5: Channel size: 81 	 Kernel size: 6 
Training MSE: 0.11444232 	 Validating MSE: 0.39809012 	 Best VMSE: 0.39651465
[2020-10-23 13:16:56] esCNN.cv5: Checkpoint saved to experiments/normal/sili/esCNN_random_sili_h1
[2020-10-23 13:16:56] esCNN.cv5: Found new best state
[2020-10-23 13:16:56] esCNN.cv5: Best vmse: 0.3933
[2020-10-23 13:16:56] esCNN.cv5: Channel size: 82 	 Kernel size: 6 
Training MSE: 0.11435295 	 Validating MSE: 0.39330378 	 Best VMSE: 0.39330378
[2020-10-23 13:16:56] esCNN.cv5: Checkpoint saved to experiments/normal/sili/esCNN_random_sili_h1
[2020-10-23 13:16:56] esCNN.cv5: Channel size: 83 	 Kernel size: 6 
Training MSE: 0.11433309 	 Validating MSE: 0.39405727 	 Best VMSE: 0.39330378
[2020-10-23 13:16:56] esCNN.cv5: Checkpoint saved to experiments/normal/sili/esCNN_random_sili_h1
[2020-10-23 13:16:56] esCNN.cv5: Channel size: 84 	 Kernel size: 6 
Training MSE: 0.11431797 	 Validating MSE: 0.39606810 	 Best VMSE: 0.39330378
[2020-10-23 13:16:56] esCNN.cv5: Checkpoint saved to experiments/normal/sili/esCNN_random_sili_h1
[2020-10-23 13:16:56] esCNN.cv5: Channel size: 85 	 Kernel size: 6 
Training MSE: 0.11402053 	 Validating MSE: 0.39825684 	 Best VMSE: 0.39330378
[2020-10-23 13:16:56] esCNN.cv5: Checkpoint saved to experiments/normal/sili/esCNN_random_sili_h1
[2020-10-23 13:16:56] esCNN.cv5: Channel size: 86 	 Kernel size: 6 
Training MSE: 0.11386761 	 Validating MSE: 0.39835268 	 Best VMSE: 0.39330378
[2020-10-23 13:16:56] esCNN.cv5: Checkpoint saved to experiments/normal/sili/esCNN_random_sili_h1
[2020-10-23 13:16:56] esCNN.cv5: Channel size: 87 	 Kernel size: 6 
Training MSE: 0.11373078 	 Validating MSE: 0.39669132 	 Best VMSE: 0.39330378
[2020-10-23 13:16:56] esCNN.cv5: Checkpoint saved to experiments/normal/sili/esCNN_random_sili_h1
[2020-10-23 13:16:57] esCNN.cv5: Channel size: 88 	 Kernel size: 6 
Training MSE: 0.11371032 	 Validating MSE: 0.39658582 	 Best VMSE: 0.39330378
[2020-10-23 13:16:57] esCNN.cv5: Checkpoint saved to experiments/normal/sili/esCNN_random_sili_h1
[2020-10-23 13:16:57] esCNN.cv5: Channel size: 89 	 Kernel size: 6 
Training MSE: 0.11365884 	 Validating MSE: 0.40006387 	 Best VMSE: 0.39330378
[2020-10-23 13:16:57] esCNN.cv5: Checkpoint saved to experiments/normal/sili/esCNN_random_sili_h1
[2020-10-23 13:16:57] esCNN.cv5: Channel size: 90 	 Kernel size: 6 
Training MSE: 0.11359485 	 Validating MSE: 0.39561495 	 Best VMSE: 0.39330378
[2020-10-23 13:16:57] esCNN.cv5: Checkpoint saved to experiments/normal/sili/esCNN_random_sili_h1
[2020-10-23 13:16:57] esCNN.cv5: Channel size: 91 	 Kernel size: 6 
Training MSE: 0.11356758 	 Validating MSE: 0.39525163 	 Best VMSE: 0.39330378
[2020-10-23 13:16:57] esCNN.cv5: Checkpoint saved to experiments/normal/sili/esCNN_random_sili_h1
[2020-10-23 13:16:57] esCNN.cv5: Channel size: 92 	 Kernel size: 6 
Training MSE: 0.11354328 	 Validating MSE: 0.39484885 	 Best VMSE: 0.39330378
[2020-10-23 13:16:57] esCNN.cv5: Checkpoint saved to experiments/normal/sili/esCNN_random_sili_h1
[2020-10-23 13:16:57] esCNN.cv5: Channel size: 93 	 Kernel size: 6 
Training MSE: 0.11350299 	 Validating MSE: 0.39511776 	 Best VMSE: 0.39330378
[2020-10-23 13:16:57] esCNN.cv5: Checkpoint saved to experiments/normal/sili/esCNN_random_sili_h1
[2020-10-23 13:16:57] esCNN.cv5: Channel size: 94 	 Kernel size: 6 
Training MSE: 0.11343290 	 Validating MSE: 0.39634925 	 Best VMSE: 0.39330378
[2020-10-23 13:16:57] esCNN.cv5: Checkpoint saved to experiments/normal/sili/esCNN_random_sili_h1
[2020-10-23 13:16:57] esCNN.cv5: Channel size: 95 	 Kernel size: 6 
Training MSE: 0.11340950 	 Validating MSE: 0.39470008 	 Best VMSE: 0.39330378
[2020-10-23 13:16:57] esCNN.cv5: Checkpoint saved to experiments/normal/sili/esCNN_random_sili_h1
[2020-10-23 13:16:57] esCNN.cv5: Channel size: 96 	 Kernel size: 6 
Training MSE: 0.11319564 	 Validating MSE: 0.40533623 	 Best VMSE: 0.39330378
[2020-10-23 13:16:57] esCNN.cv5: Checkpoint saved to experiments/normal/sili/esCNN_random_sili_h1
[2020-10-23 13:16:57] esCNN.cv5: Channel size: 97 	 Kernel size: 6 
Training MSE: 0.11296609 	 Validating MSE: 0.40272117 	 Best VMSE: 0.39330378
[2020-10-23 13:16:57] esCNN.cv5: Checkpoint saved to experiments/normal/sili/esCNN_random_sili_h1
[2020-10-23 13:16:58] esCNN.cv5: Channel size: 98 	 Kernel size: 6 
Training MSE: 0.11293930 	 Validating MSE: 0.40026507 	 Best VMSE: 0.39330378
[2020-10-23 13:16:58] esCNN.cv5: Checkpoint saved to experiments/normal/sili/esCNN_random_sili_h1
[2020-10-23 13:16:58] esCNN.cv5: Channel size: 99 	 Kernel size: 6 
Training MSE: 0.11275764 	 Validating MSE: 0.40006286 	 Best VMSE: 0.39330378
[2020-10-23 13:16:58] esCNN.cv5: Checkpoint saved to experiments/normal/sili/esCNN_random_sili_h1
[2020-10-23 13:16:58] esCNN.cv5: Channel size: 100 	 Kernel size: 6 
Training MSE: 0.11263778 	 Validating MSE: 0.39510363 	 Best VMSE: 0.39330378
[2020-10-23 13:16:58] esCNN.cv5: Checkpoint saved to experiments/normal/sili/esCNN_random_sili_h1
[2020-10-23 13:16:58] esCNN.cv5: Restoring best parameters from experiments/normal/sili/esCNN_random_sili_h1/train.cv5.pth.tar
[2020-10-23 13:16:58] esCNN.cv5: sili	 H: 1	 Trail: 9 
Testing RMSE: 0.7447 	 MAPE: 0.1009 	 SMAPE: 0.05273
