[2020-10-23 13:20:30] esCNN.cv17: Loading the datasets and model for 43th-batch-training
[2020-10-23 13:20:30] esCNN.cv17: Argument channel_size: 100
[2020-10-23 13:20:30] esCNN.cv17: Argument candidate_size: 300
[2020-10-23 13:20:30] esCNN.cv17: Argument kernel_size: 6
[2020-10-23 13:20:30] esCNN.cv17: Argument kernel_list: [8, 6, 5, 4]
[2020-10-23 13:20:30] esCNN.cv17: Argument Lambdas: [0.5, 1, 5, 15, 30, 50, 100, 150, 200]
[2020-10-23 13:20:30] esCNN.cv17: Argument Lambdas_std: [0.01, 0.05, 0.1, 0.5, 1]
[2020-10-23 13:20:30] esCNN.cv17: Argument r: [0.8, 0.9, 0.99, 0.9999, 0.999999]
[2020-10-23 13:20:30] esCNN.cv17: Argument tolerance: 0
[2020-10-23 13:20:30] esCNN.cv17: Argument device: device(type='cuda')
[2020-10-23 13:20:30] esCNN.cv17: Argument dataset: 'sili'
[2020-10-23 13:20:30] esCNN.cv17: Argument H: 1
[2020-10-23 13:20:30] esCNN.cv17: Argument k: 5
[2020-10-23 13:20:30] esCNN.cv17: Argument test: False
[2020-10-23 13:20:30] esCNN.cv17: Argument search: 'random'
[2020-10-23 13:20:30] esCNN.cv17: Argument normal: True
[2020-10-23 13:20:30] esCNN.cv17: Argument diff: False
[2020-10-23 13:20:30] esCNN.cv17: Argument times: 60
[2020-10-23 13:20:30] esCNN.cv17: Argument datasets: {'ar1': {'lag_order': 15, 'normal': True, 'cov_dim': 0, 'kernel_size': 3}, 'wti': {'lag_order': 25, 'normal': True, 'cov_dim': 0, 'kernel_size': 5}, 'gold': {'lag_order': 25, 'normal': True, 'cov_dim': 0, 'kernel_size': 5}, 'sp': {'lag_order': 25, 'normal': True, 'cov_dim': 0, 'kernel_size': 5}, 'brent': {'lag_order': 24, 'normal': True, 'cov_dim': 0, 'kernel_size': 6}, 'sili': {'lag_order': 26, 'normal': True, 'cov_dim': 0, 'kernel_size': 6}}
[2020-10-23 13:20:30] esCNN.cv17: Argument steps: 26
[2020-10-23 13:20:30] esCNN.cv17: Argument cov_dim: 0
[2020-10-23 13:20:30] esCNN.cv17: Argument experiment: 'experiments/normal/sili'
[2020-10-23 13:20:30] esCNN.cv17: Argument scaler: StandardScaler()
[2020-10-23 13:20:30] esCNN.cv17: Argument model_name: 'esCNN_random_sili_h1'
[2020-10-23 13:20:30] esCNN.cv17: Argument model_dir: 'experiments/normal/sili/esCNN_random_sili_h1'
[2020-10-23 13:20:30] esCNN.cv17: Argument In_channels: 1
[2020-10-23 13:20:30] esCNN.cv17: Argument restore: True
[2020-10-23 13:20:30] esCNN.cv17: Argument cv: 17
[2020-10-23 13:20:30] esCNN.cv17: Argument plot_dir: 'experiments/normal/sili/esCNN_random_sili_h1/figures'
[2020-10-23 13:20:30] esCNN.cv17: Using Cuda...
[2020-10-23 13:20:30] esCNN.cv17: Loading complete.
[2020-10-23 13:20:30] esCNN.cv17: Model: 
ES_CNN(
  (Pool): AvgPool1d(kernel_size=(3,), stride=(1,), padding=(0,))
  (loss_fn): MSELoss()
)
[2020-10-23 13:20:30] esCNN.cv17: Found new best state
[2020-10-23 13:20:30] esCNN.cv17: Best vmse: 0.3370
[2020-10-23 13:20:30] esCNN.cv17: Channel size: 1 	 Kernel size: 6 
Training MSE: 0.12443844 	 Validating MSE: 0.33697158 	 Best VMSE: 0.33697158
[2020-10-23 13:20:30] esCNN.cv17: Checkpoint saved to experiments/normal/sili/esCNN_random_sili_h1
[2020-10-23 13:20:30] esCNN.cv17: Found new best state
[2020-10-23 13:20:30] esCNN.cv17: Best vmse: 0.3146
[2020-10-23 13:20:30] esCNN.cv17: Channel size: 2 	 Kernel size: 6 
Training MSE: 0.11883723 	 Validating MSE: 0.31461340 	 Best VMSE: 0.31461340
[2020-10-23 13:20:30] esCNN.cv17: Checkpoint saved to experiments/normal/sili/esCNN_random_sili_h1
[2020-10-23 13:20:30] esCNN.cv17: Found new best state
[2020-10-23 13:20:30] esCNN.cv17: Best vmse: 0.3120
[2020-10-23 13:20:30] esCNN.cv17: Channel size: 3 	 Kernel size: 6 
Training MSE: 0.11717095 	 Validating MSE: 0.31196141 	 Best VMSE: 0.31196141
[2020-10-23 13:20:30] esCNN.cv17: Checkpoint saved to experiments/normal/sili/esCNN_random_sili_h1
[2020-10-23 13:20:30] esCNN.cv17: Found new best state
[2020-10-23 13:20:30] esCNN.cv17: Best vmse: 0.3004
[2020-10-23 13:20:30] esCNN.cv17: Channel size: 4 	 Kernel size: 6 
Training MSE: 0.11637853 	 Validating MSE: 0.30039054 	 Best VMSE: 0.30039054
[2020-10-23 13:20:30] esCNN.cv17: Checkpoint saved to experiments/normal/sili/esCNN_random_sili_h1
[2020-10-23 13:20:30] esCNN.cv17: Channel size: 5 	 Kernel size: 6 
Training MSE: 0.11600315 	 Validating MSE: 0.30320281 	 Best VMSE: 0.30039054
[2020-10-23 13:20:30] esCNN.cv17: Checkpoint saved to experiments/normal/sili/esCNN_random_sili_h1
[2020-10-23 13:20:30] esCNN.cv17: Channel size: 6 	 Kernel size: 6 
Training MSE: 0.11562826 	 Validating MSE: 0.30156901 	 Best VMSE: 0.30039054
[2020-10-23 13:20:30] esCNN.cv17: Checkpoint saved to experiments/normal/sili/esCNN_random_sili_h1
[2020-10-23 13:20:30] esCNN.cv17: Channel size: 7 	 Kernel size: 6 
Training MSE: 0.11517958 	 Validating MSE: 0.30516696 	 Best VMSE: 0.30039054
[2020-10-23 13:20:30] esCNN.cv17: Checkpoint saved to experiments/normal/sili/esCNN_random_sili_h1
[2020-10-23 13:20:30] esCNN.cv17: Channel size: 8 	 Kernel size: 6 
Training MSE: 0.11514489 	 Validating MSE: 0.30317768 	 Best VMSE: 0.30039054
[2020-10-23 13:20:30] esCNN.cv17: Checkpoint saved to experiments/normal/sili/esCNN_random_sili_h1
[2020-10-23 13:20:30] esCNN.cv17: Channel size: 9 	 Kernel size: 6 
Training MSE: 0.11509711 	 Validating MSE: 0.30297565 	 Best VMSE: 0.30039054
[2020-10-23 13:20:30] esCNN.cv17: Checkpoint saved to experiments/normal/sili/esCNN_random_sili_h1
[2020-10-23 13:20:30] esCNN.cv17: Channel size: 10 	 Kernel size: 6 
Training MSE: 0.11506114 	 Validating MSE: 0.30124030 	 Best VMSE: 0.30039054
[2020-10-23 13:20:30] esCNN.cv17: Checkpoint saved to experiments/normal/sili/esCNN_random_sili_h1
[2020-10-23 13:20:30] esCNN.cv17: Found new best state
[2020-10-23 13:20:30] esCNN.cv17: Best vmse: 0.3000
[2020-10-23 13:20:30] esCNN.cv17: Channel size: 11 	 Kernel size: 6 
Training MSE: 0.11501323 	 Validating MSE: 0.30002680 	 Best VMSE: 0.30002680
[2020-10-23 13:20:30] esCNN.cv17: Checkpoint saved to experiments/normal/sili/esCNN_random_sili_h1
[2020-10-23 13:20:30] esCNN.cv17: Channel size: 12 	 Kernel size: 6 
Training MSE: 0.11491074 	 Validating MSE: 0.30047131 	 Best VMSE: 0.30002680
[2020-10-23 13:20:30] esCNN.cv17: Checkpoint saved to experiments/normal/sili/esCNN_random_sili_h1
[2020-10-23 13:20:30] esCNN.cv17: Found new best state
[2020-10-23 13:20:30] esCNN.cv17: Best vmse: 0.3000
[2020-10-23 13:20:30] esCNN.cv17: Channel size: 13 	 Kernel size: 6 
Training MSE: 0.11476438 	 Validating MSE: 0.30000821 	 Best VMSE: 0.30000821
[2020-10-23 13:20:30] esCNN.cv17: Checkpoint saved to experiments/normal/sili/esCNN_random_sili_h1
[2020-10-23 13:20:30] esCNN.cv17: Channel size: 14 	 Kernel size: 6 
Training MSE: 0.11468938 	 Validating MSE: 0.30015695 	 Best VMSE: 0.30000821
[2020-10-23 13:20:30] esCNN.cv17: Checkpoint saved to experiments/normal/sili/esCNN_random_sili_h1
[2020-10-23 13:20:31] esCNN.cv17: Found new best state
[2020-10-23 13:20:31] esCNN.cv17: Best vmse: 0.2978
[2020-10-23 13:20:31] esCNN.cv17: Channel size: 15 	 Kernel size: 6 
Training MSE: 0.11460352 	 Validating MSE: 0.29776943 	 Best VMSE: 0.29776943
[2020-10-23 13:20:31] esCNN.cv17: Checkpoint saved to experiments/normal/sili/esCNN_random_sili_h1
[2020-10-23 13:20:31] esCNN.cv17: Found new best state
[2020-10-23 13:20:31] esCNN.cv17: Best vmse: 0.2970
[2020-10-23 13:20:31] esCNN.cv17: Channel size: 16 	 Kernel size: 6 
Training MSE: 0.11458199 	 Validating MSE: 0.29699782 	 Best VMSE: 0.29699782
[2020-10-23 13:20:31] esCNN.cv17: Checkpoint saved to experiments/normal/sili/esCNN_random_sili_h1
[2020-10-23 13:20:31] esCNN.cv17: Channel size: 17 	 Kernel size: 6 
Training MSE: 0.11455552 	 Validating MSE: 0.29729837 	 Best VMSE: 0.29699782
[2020-10-23 13:20:31] esCNN.cv17: Checkpoint saved to experiments/normal/sili/esCNN_random_sili_h1
[2020-10-23 13:20:31] esCNN.cv17: Found new best state
[2020-10-23 13:20:31] esCNN.cv17: Best vmse: 0.2968
[2020-10-23 13:20:31] esCNN.cv17: Channel size: 18 	 Kernel size: 6 
Training MSE: 0.11442690 	 Validating MSE: 0.29675263 	 Best VMSE: 0.29675263
[2020-10-23 13:20:31] esCNN.cv17: Checkpoint saved to experiments/normal/sili/esCNN_random_sili_h1
[2020-10-23 13:20:31] esCNN.cv17: Channel size: 19 	 Kernel size: 6 
Training MSE: 0.11440210 	 Validating MSE: 0.29787859 	 Best VMSE: 0.29675263
[2020-10-23 13:20:31] esCNN.cv17: Checkpoint saved to experiments/normal/sili/esCNN_random_sili_h1
[2020-10-23 13:20:31] esCNN.cv17: Channel size: 20 	 Kernel size: 6 
Training MSE: 0.11438155 	 Validating MSE: 0.29707164 	 Best VMSE: 0.29675263
[2020-10-23 13:20:31] esCNN.cv17: Checkpoint saved to experiments/normal/sili/esCNN_random_sili_h1
[2020-10-23 13:20:31] esCNN.cv17: Channel size: 21 	 Kernel size: 6 
Training MSE: 0.11431057 	 Validating MSE: 0.29933274 	 Best VMSE: 0.29675263
[2020-10-23 13:20:31] esCNN.cv17: Checkpoint saved to experiments/normal/sili/esCNN_random_sili_h1
[2020-10-23 13:20:31] esCNN.cv17: Channel size: 22 	 Kernel size: 6 
Training MSE: 0.11417320 	 Validating MSE: 0.30092469 	 Best VMSE: 0.29675263
[2020-10-23 13:20:31] esCNN.cv17: Checkpoint saved to experiments/normal/sili/esCNN_random_sili_h1
[2020-10-23 13:20:31] esCNN.cv17: Found new best state
[2020-10-23 13:20:31] esCNN.cv17: Best vmse: 0.2944
[2020-10-23 13:20:31] esCNN.cv17: Channel size: 23 	 Kernel size: 6 
Training MSE: 0.11394147 	 Validating MSE: 0.29435894 	 Best VMSE: 0.29435894
[2020-10-23 13:20:31] esCNN.cv17: Checkpoint saved to experiments/normal/sili/esCNN_random_sili_h1
[2020-10-23 13:20:31] esCNN.cv17: Channel size: 24 	 Kernel size: 6 
Training MSE: 0.11383621 	 Validating MSE: 0.29751945 	 Best VMSE: 0.29435894
[2020-10-23 13:20:31] esCNN.cv17: Checkpoint saved to experiments/normal/sili/esCNN_random_sili_h1
[2020-10-23 13:20:31] esCNN.cv17: Channel size: 25 	 Kernel size: 6 
Training MSE: 0.11376198 	 Validating MSE: 0.29725689 	 Best VMSE: 0.29435894
[2020-10-23 13:20:31] esCNN.cv17: Checkpoint saved to experiments/normal/sili/esCNN_random_sili_h1
[2020-10-23 13:20:31] esCNN.cv17: Channel size: 26 	 Kernel size: 6 
Training MSE: 0.11368433 	 Validating MSE: 0.29735938 	 Best VMSE: 0.29435894
[2020-10-23 13:20:31] esCNN.cv17: Checkpoint saved to experiments/normal/sili/esCNN_random_sili_h1
[2020-10-23 13:20:31] esCNN.cv17: Channel size: 27 	 Kernel size: 6 
Training MSE: 0.11366377 	 Validating MSE: 0.29677737 	 Best VMSE: 0.29435894
[2020-10-23 13:20:31] esCNN.cv17: Checkpoint saved to experiments/normal/sili/esCNN_random_sili_h1
[2020-10-23 13:20:31] esCNN.cv17: Channel size: 28 	 Kernel size: 6 
Training MSE: 0.11363209 	 Validating MSE: 0.29515269 	 Best VMSE: 0.29435894
[2020-10-23 13:20:31] esCNN.cv17: Checkpoint saved to experiments/normal/sili/esCNN_random_sili_h1
[2020-10-23 13:20:31] esCNN.cv17: Channel size: 29 	 Kernel size: 6 
Training MSE: 0.11361549 	 Validating MSE: 0.29563403 	 Best VMSE: 0.29435894
[2020-10-23 13:20:31] esCNN.cv17: Checkpoint saved to experiments/normal/sili/esCNN_random_sili_h1
[2020-10-23 13:20:31] esCNN.cv17: Found new best state
[2020-10-23 13:20:31] esCNN.cv17: Best vmse: 0.2942
[2020-10-23 13:20:31] esCNN.cv17: Channel size: 30 	 Kernel size: 6 
Training MSE: 0.11357547 	 Validating MSE: 0.29416683 	 Best VMSE: 0.29416683
[2020-10-23 13:20:31] esCNN.cv17: Checkpoint saved to experiments/normal/sili/esCNN_random_sili_h1
[2020-10-23 13:20:31] esCNN.cv17: Channel size: 31 	 Kernel size: 6 
Training MSE: 0.11353706 	 Validating MSE: 0.29598877 	 Best VMSE: 0.29416683
[2020-10-23 13:20:31] esCNN.cv17: Checkpoint saved to experiments/normal/sili/esCNN_random_sili_h1
[2020-10-23 13:20:31] esCNN.cv17: Channel size: 32 	 Kernel size: 6 
Training MSE: 0.11351912 	 Validating MSE: 0.29675663 	 Best VMSE: 0.29416683
[2020-10-23 13:20:31] esCNN.cv17: Checkpoint saved to experiments/normal/sili/esCNN_random_sili_h1
[2020-10-23 13:20:31] esCNN.cv17: Channel size: 33 	 Kernel size: 6 
Training MSE: 0.11350049 	 Validating MSE: 0.29604390 	 Best VMSE: 0.29416683
[2020-10-23 13:20:31] esCNN.cv17: Checkpoint saved to experiments/normal/sili/esCNN_random_sili_h1
[2020-10-23 13:20:31] esCNN.cv17: Found new best state
[2020-10-23 13:20:31] esCNN.cv17: Best vmse: 0.2931
[2020-10-23 13:20:31] esCNN.cv17: Channel size: 34 	 Kernel size: 6 
Training MSE: 0.11343794 	 Validating MSE: 0.29314774 	 Best VMSE: 0.29314774
[2020-10-23 13:20:31] esCNN.cv17: Checkpoint saved to experiments/normal/sili/esCNN_random_sili_h1
[2020-10-23 13:20:31] esCNN.cv17: Channel size: 35 	 Kernel size: 6 
Training MSE: 0.11338655 	 Validating MSE: 0.29387143 	 Best VMSE: 0.29314774
[2020-10-23 13:20:31] esCNN.cv17: Checkpoint saved to experiments/normal/sili/esCNN_random_sili_h1
[2020-10-23 13:20:31] esCNN.cv17: Channel size: 36 	 Kernel size: 6 
Training MSE: 0.11327898 	 Validating MSE: 0.29406533 	 Best VMSE: 0.29314774
[2020-10-23 13:20:31] esCNN.cv17: Checkpoint saved to experiments/normal/sili/esCNN_random_sili_h1
[2020-10-23 13:20:32] esCNN.cv17: Channel size: 37 	 Kernel size: 6 
Training MSE: 0.11322339 	 Validating MSE: 0.29403147 	 Best VMSE: 0.29314774
[2020-10-23 13:20:32] esCNN.cv17: Checkpoint saved to experiments/normal/sili/esCNN_random_sili_h1
[2020-10-23 13:20:32] esCNN.cv17: Channel size: 38 	 Kernel size: 6 
Training MSE: 0.11318977 	 Validating MSE: 0.29370424 	 Best VMSE: 0.29314774
[2020-10-23 13:20:32] esCNN.cv17: Checkpoint saved to experiments/normal/sili/esCNN_random_sili_h1
[2020-10-23 13:20:32] esCNN.cv17: Channel size: 39 	 Kernel size: 6 
Training MSE: 0.11306116 	 Validating MSE: 0.29648787 	 Best VMSE: 0.29314774
[2020-10-23 13:20:32] esCNN.cv17: Checkpoint saved to experiments/normal/sili/esCNN_random_sili_h1
[2020-10-23 13:20:32] esCNN.cv17: Channel size: 40 	 Kernel size: 6 
Training MSE: 0.11300388 	 Validating MSE: 0.29814443 	 Best VMSE: 0.29314774
[2020-10-23 13:20:32] esCNN.cv17: Checkpoint saved to experiments/normal/sili/esCNN_random_sili_h1
[2020-10-23 13:20:32] esCNN.cv17: Channel size: 41 	 Kernel size: 6 
Training MSE: 0.11294287 	 Validating MSE: 0.29594606 	 Best VMSE: 0.29314774
[2020-10-23 13:20:32] esCNN.cv17: Checkpoint saved to experiments/normal/sili/esCNN_random_sili_h1
[2020-10-23 13:20:32] esCNN.cv17: Channel size: 42 	 Kernel size: 6 
Training MSE: 0.11291537 	 Validating MSE: 0.29748687 	 Best VMSE: 0.29314774
[2020-10-23 13:20:32] esCNN.cv17: Checkpoint saved to experiments/normal/sili/esCNN_random_sili_h1
[2020-10-23 13:20:32] esCNN.cv17: Channel size: 43 	 Kernel size: 6 
Training MSE: 0.11271548 	 Validating MSE: 0.29841363 	 Best VMSE: 0.29314774
[2020-10-23 13:20:32] esCNN.cv17: Checkpoint saved to experiments/normal/sili/esCNN_random_sili_h1
[2020-10-23 13:20:32] esCNN.cv17: Channel size: 44 	 Kernel size: 6 
Training MSE: 0.11250773 	 Validating MSE: 0.30020326 	 Best VMSE: 0.29314774
[2020-10-23 13:20:32] esCNN.cv17: Checkpoint saved to experiments/normal/sili/esCNN_random_sili_h1
[2020-10-23 13:20:32] esCNN.cv17: Channel size: 45 	 Kernel size: 6 
Training MSE: 0.11241314 	 Validating MSE: 0.29808137 	 Best VMSE: 0.29314774
[2020-10-23 13:20:32] esCNN.cv17: Checkpoint saved to experiments/normal/sili/esCNN_random_sili_h1
[2020-10-23 13:20:32] esCNN.cv17: Channel size: 46 	 Kernel size: 6 
Training MSE: 0.11235023 	 Validating MSE: 0.29597592 	 Best VMSE: 0.29314774
[2020-10-23 13:20:32] esCNN.cv17: Checkpoint saved to experiments/normal/sili/esCNN_random_sili_h1
[2020-10-23 13:20:32] esCNN.cv17: Channel size: 47 	 Kernel size: 6 
Training MSE: 0.11223208 	 Validating MSE: 0.29992804 	 Best VMSE: 0.29314774
[2020-10-23 13:20:32] esCNN.cv17: Checkpoint saved to experiments/normal/sili/esCNN_random_sili_h1
[2020-10-23 13:20:32] esCNN.cv17: Channel size: 48 	 Kernel size: 6 
Training MSE: 0.11219789 	 Validating MSE: 0.29898393 	 Best VMSE: 0.29314774
[2020-10-23 13:20:32] esCNN.cv17: Checkpoint saved to experiments/normal/sili/esCNN_random_sili_h1
[2020-10-23 13:20:32] esCNN.cv17: Channel size: 49 	 Kernel size: 6 
Training MSE: 0.11200499 	 Validating MSE: 0.29507625 	 Best VMSE: 0.29314774
[2020-10-23 13:20:32] esCNN.cv17: Checkpoint saved to experiments/normal/sili/esCNN_random_sili_h1
[2020-10-23 13:20:32] esCNN.cv17: Channel size: 50 	 Kernel size: 6 
Training MSE: 0.11194324 	 Validating MSE: 0.29652503 	 Best VMSE: 0.29314774
[2020-10-23 13:20:32] esCNN.cv17: Checkpoint saved to experiments/normal/sili/esCNN_random_sili_h1
[2020-10-23 13:20:32] esCNN.cv17: Channel size: 51 	 Kernel size: 6 
Training MSE: 0.11189727 	 Validating MSE: 0.29662275 	 Best VMSE: 0.29314774
[2020-10-23 13:20:32] esCNN.cv17: Checkpoint saved to experiments/normal/sili/esCNN_random_sili_h1
[2020-10-23 13:20:32] esCNN.cv17: Channel size: 52 	 Kernel size: 6 
Training MSE: 0.11176338 	 Validating MSE: 0.29742879 	 Best VMSE: 0.29314774
[2020-10-23 13:20:32] esCNN.cv17: Checkpoint saved to experiments/normal/sili/esCNN_random_sili_h1
[2020-10-23 13:20:32] esCNN.cv17: Found new best state
[2020-10-23 13:20:32] esCNN.cv17: Best vmse: 0.2919
[2020-10-23 13:20:32] esCNN.cv17: Channel size: 53 	 Kernel size: 6 
Training MSE: 0.11163905 	 Validating MSE: 0.29191622 	 Best VMSE: 0.29191622
[2020-10-23 13:20:32] esCNN.cv17: Checkpoint saved to experiments/normal/sili/esCNN_random_sili_h1
[2020-10-23 13:20:33] esCNN.cv17: Channel size: 54 	 Kernel size: 6 
Training MSE: 0.11160138 	 Validating MSE: 0.29415676 	 Best VMSE: 0.29191622
[2020-10-23 13:20:33] esCNN.cv17: Checkpoint saved to experiments/normal/sili/esCNN_random_sili_h1
[2020-10-23 13:20:33] esCNN.cv17: Channel size: 55 	 Kernel size: 6 
Training MSE: 0.11153855 	 Validating MSE: 0.29694811 	 Best VMSE: 0.29191622
[2020-10-23 13:20:33] esCNN.cv17: Checkpoint saved to experiments/normal/sili/esCNN_random_sili_h1
[2020-10-23 13:20:33] esCNN.cv17: Channel size: 56 	 Kernel size: 6 
Training MSE: 0.11144299 	 Validating MSE: 0.29288250 	 Best VMSE: 0.29191622
[2020-10-23 13:20:33] esCNN.cv17: Checkpoint saved to experiments/normal/sili/esCNN_random_sili_h1
[2020-10-23 13:20:33] esCNN.cv17: Channel size: 57 	 Kernel size: 6 
Training MSE: 0.11138276 	 Validating MSE: 0.29287323 	 Best VMSE: 0.29191622
[2020-10-23 13:20:33] esCNN.cv17: Checkpoint saved to experiments/normal/sili/esCNN_random_sili_h1
[2020-10-23 13:20:33] esCNN.cv17: Channel size: 58 	 Kernel size: 6 
Training MSE: 0.11117753 	 Validating MSE: 0.29474956 	 Best VMSE: 0.29191622
[2020-10-23 13:20:33] esCNN.cv17: Checkpoint saved to experiments/normal/sili/esCNN_random_sili_h1
[2020-10-23 13:20:33] esCNN.cv17: Channel size: 59 	 Kernel size: 6 
Training MSE: 0.11108268 	 Validating MSE: 0.29459438 	 Best VMSE: 0.29191622
[2020-10-23 13:20:33] esCNN.cv17: Checkpoint saved to experiments/normal/sili/esCNN_random_sili_h1
[2020-10-23 13:20:33] esCNN.cv17: Channel size: 60 	 Kernel size: 6 
Training MSE: 0.11093403 	 Validating MSE: 0.29626074 	 Best VMSE: 0.29191622
[2020-10-23 13:20:33] esCNN.cv17: Checkpoint saved to experiments/normal/sili/esCNN_random_sili_h1
[2020-10-23 13:20:33] esCNN.cv17: Channel size: 61 	 Kernel size: 6 
Training MSE: 0.11090658 	 Validating MSE: 0.29449111 	 Best VMSE: 0.29191622
[2020-10-23 13:20:33] esCNN.cv17: Checkpoint saved to experiments/normal/sili/esCNN_random_sili_h1
[2020-10-23 13:20:33] esCNN.cv17: Channel size: 62 	 Kernel size: 6 
Training MSE: 0.11090034 	 Validating MSE: 0.29431397 	 Best VMSE: 0.29191622
[2020-10-23 13:20:33] esCNN.cv17: Checkpoint saved to experiments/normal/sili/esCNN_random_sili_h1
[2020-10-23 13:20:33] esCNN.cv17: Channel size: 63 	 Kernel size: 6 
Training MSE: 0.11087947 	 Validating MSE: 0.29538938 	 Best VMSE: 0.29191622
[2020-10-23 13:20:33] esCNN.cv17: Checkpoint saved to experiments/normal/sili/esCNN_random_sili_h1
[2020-10-23 13:20:33] esCNN.cv17: Channel size: 64 	 Kernel size: 6 
Training MSE: 0.11085800 	 Validating MSE: 0.29519549 	 Best VMSE: 0.29191622
[2020-10-23 13:20:33] esCNN.cv17: Checkpoint saved to experiments/normal/sili/esCNN_random_sili_h1
[2020-10-23 13:20:33] esCNN.cv17: Channel size: 65 	 Kernel size: 6 
Training MSE: 0.11084320 	 Validating MSE: 0.29673216 	 Best VMSE: 0.29191622
[2020-10-23 13:20:33] esCNN.cv17: Checkpoint saved to experiments/normal/sili/esCNN_random_sili_h1
[2020-10-23 13:20:33] esCNN.cv17: Channel size: 66 	 Kernel size: 6 
Training MSE: 0.11076836 	 Validating MSE: 0.29697177 	 Best VMSE: 0.29191622
[2020-10-23 13:20:33] esCNN.cv17: Checkpoint saved to experiments/normal/sili/esCNN_random_sili_h1
[2020-10-23 13:20:33] esCNN.cv17: Channel size: 67 	 Kernel size: 6 
Training MSE: 0.11072070 	 Validating MSE: 0.29763734 	 Best VMSE: 0.29191622
[2020-10-23 13:20:33] esCNN.cv17: Checkpoint saved to experiments/normal/sili/esCNN_random_sili_h1
[2020-10-23 13:20:34] esCNN.cv17: Channel size: 68 	 Kernel size: 6 
Training MSE: 0.11069731 	 Validating MSE: 0.29754791 	 Best VMSE: 0.29191622
[2020-10-23 13:20:34] esCNN.cv17: Checkpoint saved to experiments/normal/sili/esCNN_random_sili_h1
[2020-10-23 13:20:34] esCNN.cv17: Channel size: 69 	 Kernel size: 6 
Training MSE: 0.11067142 	 Validating MSE: 0.29638901 	 Best VMSE: 0.29191622
[2020-10-23 13:20:34] esCNN.cv17: Checkpoint saved to experiments/normal/sili/esCNN_random_sili_h1
[2020-10-23 13:20:34] esCNN.cv17: Channel size: 70 	 Kernel size: 6 
Training MSE: 0.11059819 	 Validating MSE: 0.29392609 	 Best VMSE: 0.29191622
[2020-10-23 13:20:34] esCNN.cv17: Checkpoint saved to experiments/normal/sili/esCNN_random_sili_h1
[2020-10-23 13:20:34] esCNN.cv17: Channel size: 71 	 Kernel size: 6 
Training MSE: 0.11056506 	 Validating MSE: 0.29693368 	 Best VMSE: 0.29191622
[2020-10-23 13:20:34] esCNN.cv17: Checkpoint saved to experiments/normal/sili/esCNN_random_sili_h1
[2020-10-23 13:20:34] esCNN.cv17: Channel size: 72 	 Kernel size: 6 
Training MSE: 0.11055227 	 Validating MSE: 0.29606429 	 Best VMSE: 0.29191622
[2020-10-23 13:20:34] esCNN.cv17: Checkpoint saved to experiments/normal/sili/esCNN_random_sili_h1
[2020-10-23 13:20:34] esCNN.cv17: Channel size: 73 	 Kernel size: 6 
Training MSE: 0.11053575 	 Validating MSE: 0.29748270 	 Best VMSE: 0.29191622
[2020-10-23 13:20:34] esCNN.cv17: Checkpoint saved to experiments/normal/sili/esCNN_random_sili_h1
[2020-10-23 13:20:34] esCNN.cv17: Channel size: 74 	 Kernel size: 6 
Training MSE: 0.11042728 	 Validating MSE: 0.29803553 	 Best VMSE: 0.29191622
[2020-10-23 13:20:34] esCNN.cv17: Checkpoint saved to experiments/normal/sili/esCNN_random_sili_h1
[2020-10-23 13:20:34] esCNN.cv17: Channel size: 75 	 Kernel size: 6 
Training MSE: 0.11039131 	 Validating MSE: 0.29728279 	 Best VMSE: 0.29191622
[2020-10-23 13:20:34] esCNN.cv17: Checkpoint saved to experiments/normal/sili/esCNN_random_sili_h1
[2020-10-23 13:20:34] esCNN.cv17: Channel size: 76 	 Kernel size: 6 
Training MSE: 0.11033520 	 Validating MSE: 0.29370946 	 Best VMSE: 0.29191622
[2020-10-23 13:20:34] esCNN.cv17: Checkpoint saved to experiments/normal/sili/esCNN_random_sili_h1
[2020-10-23 13:20:34] esCNN.cv17: Channel size: 77 	 Kernel size: 6 
Training MSE: 0.11018799 	 Validating MSE: 0.29456705 	 Best VMSE: 0.29191622
[2020-10-23 13:20:34] esCNN.cv17: Checkpoint saved to experiments/normal/sili/esCNN_random_sili_h1
[2020-10-23 13:20:34] esCNN.cv17: Channel size: 78 	 Kernel size: 6 
Training MSE: 0.10981424 	 Validating MSE: 0.29789078 	 Best VMSE: 0.29191622
[2020-10-23 13:20:34] esCNN.cv17: Checkpoint saved to experiments/normal/sili/esCNN_random_sili_h1
[2020-10-23 13:20:34] esCNN.cv17: Channel size: 79 	 Kernel size: 6 
Training MSE: 0.10964609 	 Validating MSE: 0.29575807 	 Best VMSE: 0.29191622
[2020-10-23 13:20:34] esCNN.cv17: Checkpoint saved to experiments/normal/sili/esCNN_random_sili_h1
[2020-10-23 13:20:34] esCNN.cv17: Channel size: 80 	 Kernel size: 6 
Training MSE: 0.10956589 	 Validating MSE: 0.29668880 	 Best VMSE: 0.29191622
[2020-10-23 13:20:34] esCNN.cv17: Checkpoint saved to experiments/normal/sili/esCNN_random_sili_h1
[2020-10-23 13:20:35] esCNN.cv17: Channel size: 81 	 Kernel size: 6 
Training MSE: 0.10954433 	 Validating MSE: 0.29699880 	 Best VMSE: 0.29191622
[2020-10-23 13:20:35] esCNN.cv17: Checkpoint saved to experiments/normal/sili/esCNN_random_sili_h1
[2020-10-23 13:20:35] esCNN.cv17: Channel size: 82 	 Kernel size: 6 
Training MSE: 0.10951453 	 Validating MSE: 0.29758784 	 Best VMSE: 0.29191622
[2020-10-23 13:20:35] esCNN.cv17: Checkpoint saved to experiments/normal/sili/esCNN_random_sili_h1
[2020-10-23 13:20:35] esCNN.cv17: Channel size: 83 	 Kernel size: 6 
Training MSE: 0.10945776 	 Validating MSE: 0.30062824 	 Best VMSE: 0.29191622
[2020-10-23 13:20:35] esCNN.cv17: Checkpoint saved to experiments/normal/sili/esCNN_random_sili_h1
[2020-10-23 13:20:35] esCNN.cv17: Channel size: 84 	 Kernel size: 6 
Training MSE: 0.10941742 	 Validating MSE: 0.29711011 	 Best VMSE: 0.29191622
[2020-10-23 13:20:35] esCNN.cv17: Checkpoint saved to experiments/normal/sili/esCNN_random_sili_h1
[2020-10-23 13:20:35] esCNN.cv17: Channel size: 85 	 Kernel size: 6 
Training MSE: 0.10940391 	 Validating MSE: 0.29584724 	 Best VMSE: 0.29191622
[2020-10-23 13:20:35] esCNN.cv17: Checkpoint saved to experiments/normal/sili/esCNN_random_sili_h1
[2020-10-23 13:20:35] esCNN.cv17: Channel size: 86 	 Kernel size: 6 
Training MSE: 0.10938741 	 Validating MSE: 0.29534402 	 Best VMSE: 0.29191622
[2020-10-23 13:20:35] esCNN.cv17: Checkpoint saved to experiments/normal/sili/esCNN_random_sili_h1
[2020-10-23 13:20:35] esCNN.cv17: Channel size: 87 	 Kernel size: 6 
Training MSE: 0.10936411 	 Validating MSE: 0.29648539 	 Best VMSE: 0.29191622
[2020-10-23 13:20:35] esCNN.cv17: Checkpoint saved to experiments/normal/sili/esCNN_random_sili_h1
[2020-10-23 13:20:35] esCNN.cv17: Channel size: 88 	 Kernel size: 6 
Training MSE: 0.10933885 	 Validating MSE: 0.29708594 	 Best VMSE: 0.29191622
[2020-10-23 13:20:35] esCNN.cv17: Checkpoint saved to experiments/normal/sili/esCNN_random_sili_h1
[2020-10-23 13:20:35] esCNN.cv17: Channel size: 89 	 Kernel size: 6 
Training MSE: 0.10930312 	 Validating MSE: 0.29764944 	 Best VMSE: 0.29191622
[2020-10-23 13:20:35] esCNN.cv17: Checkpoint saved to experiments/normal/sili/esCNN_random_sili_h1
[2020-10-23 13:20:35] esCNN.cv17: Channel size: 90 	 Kernel size: 6 
Training MSE: 0.10915931 	 Validating MSE: 0.29884392 	 Best VMSE: 0.29191622
[2020-10-23 13:20:35] esCNN.cv17: Checkpoint saved to experiments/normal/sili/esCNN_random_sili_h1
[2020-10-23 13:20:35] esCNN.cv17: Channel size: 91 	 Kernel size: 6 
Training MSE: 0.10906336 	 Validating MSE: 0.29820785 	 Best VMSE: 0.29191622
[2020-10-23 13:20:35] esCNN.cv17: Checkpoint saved to experiments/normal/sili/esCNN_random_sili_h1
[2020-10-23 13:20:36] esCNN.cv17: Channel size: 92 	 Kernel size: 6 
Training MSE: 0.10904831 	 Validating MSE: 0.29926687 	 Best VMSE: 0.29191622
[2020-10-23 13:20:36] esCNN.cv17: Checkpoint saved to experiments/normal/sili/esCNN_random_sili_h1
[2020-10-23 13:20:36] esCNN.cv17: Channel size: 93 	 Kernel size: 6 
Training MSE: 0.10901747 	 Validating MSE: 0.29813281 	 Best VMSE: 0.29191622
[2020-10-23 13:20:36] esCNN.cv17: Checkpoint saved to experiments/normal/sili/esCNN_random_sili_h1
[2020-10-23 13:20:36] esCNN.cv17: Channel size: 94 	 Kernel size: 6 
Training MSE: 0.10897858 	 Validating MSE: 0.29779419 	 Best VMSE: 0.29191622
[2020-10-23 13:20:36] esCNN.cv17: Checkpoint saved to experiments/normal/sili/esCNN_random_sili_h1
[2020-10-23 13:20:36] esCNN.cv17: Channel size: 95 	 Kernel size: 6 
Training MSE: 0.10892544 	 Validating MSE: 0.29608071 	 Best VMSE: 0.29191622
[2020-10-23 13:20:36] esCNN.cv17: Checkpoint saved to experiments/normal/sili/esCNN_random_sili_h1
[2020-10-23 13:20:36] esCNN.cv17: Channel size: 96 	 Kernel size: 6 
Training MSE: 0.10886143 	 Validating MSE: 0.29330638 	 Best VMSE: 0.29191622
[2020-10-23 13:20:36] esCNN.cv17: Checkpoint saved to experiments/normal/sili/esCNN_random_sili_h1
[2020-10-23 13:20:36] esCNN.cv17: Channel size: 97 	 Kernel size: 6 
Training MSE: 0.10876761 	 Validating MSE: 0.29574725 	 Best VMSE: 0.29191622
[2020-10-23 13:20:36] esCNN.cv17: Checkpoint saved to experiments/normal/sili/esCNN_random_sili_h1
[2020-10-23 13:20:36] esCNN.cv17: Channel size: 98 	 Kernel size: 6 
Training MSE: 0.10874918 	 Validating MSE: 0.29750976 	 Best VMSE: 0.29191622
[2020-10-23 13:20:36] esCNN.cv17: Checkpoint saved to experiments/normal/sili/esCNN_random_sili_h1
[2020-10-23 13:20:36] esCNN.cv17: Channel size: 99 	 Kernel size: 6 
Training MSE: 0.10852157 	 Validating MSE: 0.29733855 	 Best VMSE: 0.29191622
[2020-10-23 13:20:36] esCNN.cv17: Checkpoint saved to experiments/normal/sili/esCNN_random_sili_h1
[2020-10-23 13:20:36] esCNN.cv17: Channel size: 100 	 Kernel size: 6 
Training MSE: 0.10836862 	 Validating MSE: 0.29993001 	 Best VMSE: 0.29191622
[2020-10-23 13:20:36] esCNN.cv17: Checkpoint saved to experiments/normal/sili/esCNN_random_sili_h1
[2020-10-23 13:20:36] esCNN.cv17: Restoring best parameters from experiments/normal/sili/esCNN_random_sili_h1/train.cv17.pth.tar
[2020-10-23 13:20:36] esCNN.cv17: sili	 H: 1	 Trail: 43 
Testing RMSE: 0.6453 	 MAPE: 0.08899 	 SMAPE: 0.04633
