[2020-10-23 13:17:17] esCNN.cv7: Loading the datasets and model for 13th-batch-training
[2020-10-23 13:17:17] esCNN.cv7: Argument channel_size: 100
[2020-10-23 13:17:17] esCNN.cv7: Argument candidate_size: 300
[2020-10-23 13:17:17] esCNN.cv7: Argument kernel_size: 6
[2020-10-23 13:17:17] esCNN.cv7: Argument kernel_list: [8, 6, 5, 4]
[2020-10-23 13:17:17] esCNN.cv7: Argument Lambdas: [0.5, 1, 5, 15, 30, 50, 100, 150, 200]
[2020-10-23 13:17:17] esCNN.cv7: Argument Lambdas_std: [0.01, 0.05, 0.1, 0.5, 1]
[2020-10-23 13:17:17] esCNN.cv7: Argument r: [0.8, 0.9, 0.99, 0.9999, 0.999999]
[2020-10-23 13:17:17] esCNN.cv7: Argument tolerance: 0
[2020-10-23 13:17:17] esCNN.cv7: Argument device: device(type='cuda')
[2020-10-23 13:17:17] esCNN.cv7: Argument dataset: 'sili'
[2020-10-23 13:17:17] esCNN.cv7: Argument H: 1
[2020-10-23 13:17:17] esCNN.cv7: Argument k: 5
[2020-10-23 13:17:17] esCNN.cv7: Argument test: False
[2020-10-23 13:17:17] esCNN.cv7: Argument search: 'random'
[2020-10-23 13:17:17] esCNN.cv7: Argument normal: True
[2020-10-23 13:17:17] esCNN.cv7: Argument diff: False
[2020-10-23 13:17:17] esCNN.cv7: Argument times: 60
[2020-10-23 13:17:17] esCNN.cv7: Argument datasets: {'ar1': {'lag_order': 15, 'normal': True, 'cov_dim': 0, 'kernel_size': 3}, 'wti': {'lag_order': 25, 'normal': True, 'cov_dim': 0, 'kernel_size': 5}, 'gold': {'lag_order': 25, 'normal': True, 'cov_dim': 0, 'kernel_size': 5}, 'sp': {'lag_order': 25, 'normal': True, 'cov_dim': 0, 'kernel_size': 5}, 'brent': {'lag_order': 24, 'normal': True, 'cov_dim': 0, 'kernel_size': 6}, 'sili': {'lag_order': 26, 'normal': True, 'cov_dim': 0, 'kernel_size': 6}}
[2020-10-23 13:17:17] esCNN.cv7: Argument steps: 26
[2020-10-23 13:17:17] esCNN.cv7: Argument cov_dim: 0
[2020-10-23 13:17:17] esCNN.cv7: Argument experiment: 'experiments/normal/sili'
[2020-10-23 13:17:17] esCNN.cv7: Argument scaler: StandardScaler()
[2020-10-23 13:17:17] esCNN.cv7: Argument model_name: 'esCNN_random_sili_h1'
[2020-10-23 13:17:17] esCNN.cv7: Argument model_dir: 'experiments/normal/sili/esCNN_random_sili_h1'
[2020-10-23 13:17:17] esCNN.cv7: Argument In_channels: 1
[2020-10-23 13:17:17] esCNN.cv7: Argument restore: True
[2020-10-23 13:17:17] esCNN.cv7: Argument cv: 7
[2020-10-23 13:17:17] esCNN.cv7: Argument plot_dir: 'experiments/normal/sili/esCNN_random_sili_h1/figures'
[2020-10-23 13:17:17] esCNN.cv7: Using Cuda...
[2020-10-23 13:17:17] esCNN.cv7: Loading complete.
[2020-10-23 13:17:17] esCNN.cv7: Model: 
ES_CNN(
  (Pool): AvgPool1d(kernel_size=(3,), stride=(1,), padding=(0,))
  (loss_fn): MSELoss()
)
[2020-10-23 13:17:17] esCNN.cv7: Found new best state
[2020-10-23 13:17:17] esCNN.cv7: Best vmse: 1.1469
[2020-10-23 13:17:17] esCNN.cv7: Channel size: 1 	 Kernel size: 6 
Training MSE: 0.25295982 	 Validating MSE: 1.14689481 	 Best VMSE: 1.14689481
[2020-10-23 13:17:17] esCNN.cv7: Checkpoint saved to experiments/normal/sili/esCNN_random_sili_h1
[2020-10-23 13:17:17] esCNN.cv7: Found new best state
[2020-10-23 13:17:17] esCNN.cv7: Best vmse: 0.5769
[2020-10-23 13:17:17] esCNN.cv7: Channel size: 2 	 Kernel size: 6 
Training MSE: 0.15029186 	 Validating MSE: 0.57685512 	 Best VMSE: 0.57685512
[2020-10-23 13:17:17] esCNN.cv7: Checkpoint saved to experiments/normal/sili/esCNN_random_sili_h1
[2020-10-23 13:17:18] esCNN.cv7: Channel size: 3 	 Kernel size: 6 
Training MSE: 0.14293496 	 Validating MSE: 0.59788984 	 Best VMSE: 0.57685512
[2020-10-23 13:17:18] esCNN.cv7: Checkpoint saved to experiments/normal/sili/esCNN_random_sili_h1
[2020-10-23 13:17:18] esCNN.cv7: Found new best state
[2020-10-23 13:17:18] esCNN.cv7: Best vmse: 0.4209
[2020-10-23 13:17:18] esCNN.cv7: Channel size: 4 	 Kernel size: 6 
Training MSE: 0.12730753 	 Validating MSE: 0.42087740 	 Best VMSE: 0.42087740
[2020-10-23 13:17:18] esCNN.cv7: Checkpoint saved to experiments/normal/sili/esCNN_random_sili_h1
[2020-10-23 13:17:18] esCNN.cv7: Channel size: 5 	 Kernel size: 6 
Training MSE: 0.12181435 	 Validating MSE: 0.45604211 	 Best VMSE: 0.42087740
[2020-10-23 13:17:18] esCNN.cv7: Checkpoint saved to experiments/normal/sili/esCNN_random_sili_h1
[2020-10-23 13:17:18] esCNN.cv7: Channel size: 6 	 Kernel size: 6 
Training MSE: 0.12049548 	 Validating MSE: 0.47114235 	 Best VMSE: 0.42087740
[2020-10-23 13:17:18] esCNN.cv7: Checkpoint saved to experiments/normal/sili/esCNN_random_sili_h1
[2020-10-23 13:17:18] esCNN.cv7: Found new best state
[2020-10-23 13:17:18] esCNN.cv7: Best vmse: 0.4155
[2020-10-23 13:17:18] esCNN.cv7: Channel size: 7 	 Kernel size: 6 
Training MSE: 0.11704402 	 Validating MSE: 0.41550732 	 Best VMSE: 0.41550732
[2020-10-23 13:17:18] esCNN.cv7: Checkpoint saved to experiments/normal/sili/esCNN_random_sili_h1
[2020-10-23 13:17:18] esCNN.cv7: Found new best state
[2020-10-23 13:17:18] esCNN.cv7: Best vmse: 0.4095
[2020-10-23 13:17:18] esCNN.cv7: Channel size: 8 	 Kernel size: 6 
Training MSE: 0.11679024 	 Validating MSE: 0.40951040 	 Best VMSE: 0.40951040
[2020-10-23 13:17:18] esCNN.cv7: Checkpoint saved to experiments/normal/sili/esCNN_random_sili_h1
[2020-10-23 13:17:18] esCNN.cv7: Found new best state
[2020-10-23 13:17:18] esCNN.cv7: Best vmse: 0.4015
[2020-10-23 13:17:18] esCNN.cv7: Channel size: 9 	 Kernel size: 6 
Training MSE: 0.11580855 	 Validating MSE: 0.40150481 	 Best VMSE: 0.40150481
[2020-10-23 13:17:18] esCNN.cv7: Checkpoint saved to experiments/normal/sili/esCNN_random_sili_h1
[2020-10-23 13:17:18] esCNN.cv7: Found new best state
[2020-10-23 13:17:18] esCNN.cv7: Best vmse: 0.3852
[2020-10-23 13:17:18] esCNN.cv7: Channel size: 10 	 Kernel size: 6 
Training MSE: 0.11453518 	 Validating MSE: 0.38521004 	 Best VMSE: 0.38521004
[2020-10-23 13:17:18] esCNN.cv7: Checkpoint saved to experiments/normal/sili/esCNN_random_sili_h1
[2020-10-23 13:17:18] esCNN.cv7: Channel size: 11 	 Kernel size: 6 
Training MSE: 0.11416281 	 Validating MSE: 0.38939220 	 Best VMSE: 0.38521004
[2020-10-23 13:17:18] esCNN.cv7: Checkpoint saved to experiments/normal/sili/esCNN_random_sili_h1
[2020-10-23 13:17:18] esCNN.cv7: Found new best state
[2020-10-23 13:17:18] esCNN.cv7: Best vmse: 0.3804
[2020-10-23 13:17:18] esCNN.cv7: Channel size: 12 	 Kernel size: 6 
Training MSE: 0.11387180 	 Validating MSE: 0.38043138 	 Best VMSE: 0.38043138
[2020-10-23 13:17:18] esCNN.cv7: Checkpoint saved to experiments/normal/sili/esCNN_random_sili_h1
[2020-10-23 13:17:18] esCNN.cv7: Channel size: 13 	 Kernel size: 6 
Training MSE: 0.11318503 	 Validating MSE: 0.38198504 	 Best VMSE: 0.38043138
[2020-10-23 13:17:18] esCNN.cv7: Checkpoint saved to experiments/normal/sili/esCNN_random_sili_h1
[2020-10-23 13:17:18] esCNN.cv7: Found new best state
[2020-10-23 13:17:18] esCNN.cv7: Best vmse: 0.3757
[2020-10-23 13:17:18] esCNN.cv7: Channel size: 14 	 Kernel size: 6 
Training MSE: 0.11309012 	 Validating MSE: 0.37571600 	 Best VMSE: 0.37571600
[2020-10-23 13:17:18] esCNN.cv7: Checkpoint saved to experiments/normal/sili/esCNN_random_sili_h1
[2020-10-23 13:17:18] esCNN.cv7: Found new best state
[2020-10-23 13:17:18] esCNN.cv7: Best vmse: 0.3696
[2020-10-23 13:17:18] esCNN.cv7: Channel size: 15 	 Kernel size: 6 
Training MSE: 0.11300912 	 Validating MSE: 0.36963835 	 Best VMSE: 0.36963835
[2020-10-23 13:17:18] esCNN.cv7: Checkpoint saved to experiments/normal/sili/esCNN_random_sili_h1
[2020-10-23 13:17:18] esCNN.cv7: Found new best state
[2020-10-23 13:17:18] esCNN.cv7: Best vmse: 0.3628
[2020-10-23 13:17:18] esCNN.cv7: Channel size: 16 	 Kernel size: 6 
Training MSE: 0.11269043 	 Validating MSE: 0.36277938 	 Best VMSE: 0.36277938
[2020-10-23 13:17:18] esCNN.cv7: Checkpoint saved to experiments/normal/sili/esCNN_random_sili_h1
[2020-10-23 13:17:18] esCNN.cv7: Found new best state
[2020-10-23 13:17:18] esCNN.cv7: Best vmse: 0.3569
[2020-10-23 13:17:18] esCNN.cv7: Channel size: 17 	 Kernel size: 6 
Training MSE: 0.11238819 	 Validating MSE: 0.35691392 	 Best VMSE: 0.35691392
[2020-10-23 13:17:18] esCNN.cv7: Checkpoint saved to experiments/normal/sili/esCNN_random_sili_h1
[2020-10-23 13:17:18] esCNN.cv7: Channel size: 18 	 Kernel size: 6 
Training MSE: 0.11236022 	 Validating MSE: 0.35841730 	 Best VMSE: 0.35691392
[2020-10-23 13:17:18] esCNN.cv7: Checkpoint saved to experiments/normal/sili/esCNN_random_sili_h1
[2020-10-23 13:17:18] esCNN.cv7: Channel size: 19 	 Kernel size: 6 
Training MSE: 0.11230697 	 Validating MSE: 0.36281002 	 Best VMSE: 0.35691392
[2020-10-23 13:17:18] esCNN.cv7: Checkpoint saved to experiments/normal/sili/esCNN_random_sili_h1
[2020-10-23 13:17:18] esCNN.cv7: Found new best state
[2020-10-23 13:17:18] esCNN.cv7: Best vmse: 0.3564
[2020-10-23 13:17:18] esCNN.cv7: Channel size: 20 	 Kernel size: 6 
Training MSE: 0.11204645 	 Validating MSE: 0.35640973 	 Best VMSE: 0.35640973
[2020-10-23 13:17:18] esCNN.cv7: Checkpoint saved to experiments/normal/sili/esCNN_random_sili_h1
[2020-10-23 13:17:18] esCNN.cv7: Channel size: 21 	 Kernel size: 6 
Training MSE: 0.11189290 	 Validating MSE: 0.36204803 	 Best VMSE: 0.35640973
[2020-10-23 13:17:18] esCNN.cv7: Checkpoint saved to experiments/normal/sili/esCNN_random_sili_h1
[2020-10-23 13:17:18] esCNN.cv7: Found new best state
[2020-10-23 13:17:18] esCNN.cv7: Best vmse: 0.3546
[2020-10-23 13:17:18] esCNN.cv7: Channel size: 22 	 Kernel size: 6 
Training MSE: 0.11158595 	 Validating MSE: 0.35464147 	 Best VMSE: 0.35464147
[2020-10-23 13:17:18] esCNN.cv7: Checkpoint saved to experiments/normal/sili/esCNN_random_sili_h1
[2020-10-23 13:17:18] esCNN.cv7: Found new best state
[2020-10-23 13:17:18] esCNN.cv7: Best vmse: 0.3544
[2020-10-23 13:17:18] esCNN.cv7: Channel size: 23 	 Kernel size: 6 
Training MSE: 0.11142307 	 Validating MSE: 0.35438547 	 Best VMSE: 0.35438547
[2020-10-23 13:17:18] esCNN.cv7: Checkpoint saved to experiments/normal/sili/esCNN_random_sili_h1
[2020-10-23 13:17:18] esCNN.cv7: Found new best state
[2020-10-23 13:17:18] esCNN.cv7: Best vmse: 0.3504
[2020-10-23 13:17:18] esCNN.cv7: Channel size: 24 	 Kernel size: 6 
Training MSE: 0.11131243 	 Validating MSE: 0.35042918 	 Best VMSE: 0.35042918
[2020-10-23 13:17:18] esCNN.cv7: Checkpoint saved to experiments/normal/sili/esCNN_random_sili_h1
[2020-10-23 13:17:18] esCNN.cv7: Found new best state
[2020-10-23 13:17:18] esCNN.cv7: Best vmse: 0.3495
[2020-10-23 13:17:18] esCNN.cv7: Channel size: 25 	 Kernel size: 6 
Training MSE: 0.11124106 	 Validating MSE: 0.34947252 	 Best VMSE: 0.34947252
[2020-10-23 13:17:18] esCNN.cv7: Checkpoint saved to experiments/normal/sili/esCNN_random_sili_h1
[2020-10-23 13:17:18] esCNN.cv7: Found new best state
[2020-10-23 13:17:18] esCNN.cv7: Best vmse: 0.3481
[2020-10-23 13:17:18] esCNN.cv7: Channel size: 26 	 Kernel size: 6 
Training MSE: 0.11106426 	 Validating MSE: 0.34805825 	 Best VMSE: 0.34805825
[2020-10-23 13:17:18] esCNN.cv7: Checkpoint saved to experiments/normal/sili/esCNN_random_sili_h1
[2020-10-23 13:17:18] esCNN.cv7: Found new best state
[2020-10-23 13:17:18] esCNN.cv7: Best vmse: 0.3408
[2020-10-23 13:17:18] esCNN.cv7: Channel size: 27 	 Kernel size: 6 
Training MSE: 0.11084799 	 Validating MSE: 0.34079036 	 Best VMSE: 0.34079036
[2020-10-23 13:17:18] esCNN.cv7: Checkpoint saved to experiments/normal/sili/esCNN_random_sili_h1
[2020-10-23 13:17:18] esCNN.cv7: Channel size: 28 	 Kernel size: 6 
Training MSE: 0.11076989 	 Validating MSE: 0.34570837 	 Best VMSE: 0.34079036
[2020-10-23 13:17:18] esCNN.cv7: Checkpoint saved to experiments/normal/sili/esCNN_random_sili_h1
[2020-10-23 13:17:19] esCNN.cv7: Channel size: 29 	 Kernel size: 6 
Training MSE: 0.11074342 	 Validating MSE: 0.34558415 	 Best VMSE: 0.34079036
[2020-10-23 13:17:19] esCNN.cv7: Checkpoint saved to experiments/normal/sili/esCNN_random_sili_h1
[2020-10-23 13:17:19] esCNN.cv7: Channel size: 30 	 Kernel size: 6 
Training MSE: 0.11043020 	 Validating MSE: 0.34524015 	 Best VMSE: 0.34079036
[2020-10-23 13:17:19] esCNN.cv7: Checkpoint saved to experiments/normal/sili/esCNN_random_sili_h1
[2020-10-23 13:17:19] esCNN.cv7: Found new best state
[2020-10-23 13:17:19] esCNN.cv7: Best vmse: 0.3403
[2020-10-23 13:17:19] esCNN.cv7: Channel size: 31 	 Kernel size: 6 
Training MSE: 0.11023749 	 Validating MSE: 0.34029630 	 Best VMSE: 0.34029630
[2020-10-23 13:17:19] esCNN.cv7: Checkpoint saved to experiments/normal/sili/esCNN_random_sili_h1
[2020-10-23 13:17:19] esCNN.cv7: Channel size: 32 	 Kernel size: 6 
Training MSE: 0.11013173 	 Validating MSE: 0.34891284 	 Best VMSE: 0.34029630
[2020-10-23 13:17:19] esCNN.cv7: Checkpoint saved to experiments/normal/sili/esCNN_random_sili_h1
[2020-10-23 13:17:19] esCNN.cv7: Channel size: 33 	 Kernel size: 6 
Training MSE: 0.11005682 	 Validating MSE: 0.35332969 	 Best VMSE: 0.34029630
[2020-10-23 13:17:19] esCNN.cv7: Checkpoint saved to experiments/normal/sili/esCNN_random_sili_h1
[2020-10-23 13:17:19] esCNN.cv7: Channel size: 34 	 Kernel size: 6 
Training MSE: 0.10999685 	 Validating MSE: 0.35125178 	 Best VMSE: 0.34029630
[2020-10-23 13:17:19] esCNN.cv7: Checkpoint saved to experiments/normal/sili/esCNN_random_sili_h1
[2020-10-23 13:17:19] esCNN.cv7: Channel size: 35 	 Kernel size: 6 
Training MSE: 0.10989466 	 Validating MSE: 0.35061619 	 Best VMSE: 0.34029630
[2020-10-23 13:17:19] esCNN.cv7: Checkpoint saved to experiments/normal/sili/esCNN_random_sili_h1
[2020-10-23 13:17:19] esCNN.cv7: Channel size: 36 	 Kernel size: 6 
Training MSE: 0.10975032 	 Validating MSE: 0.34601611 	 Best VMSE: 0.34029630
[2020-10-23 13:17:19] esCNN.cv7: Checkpoint saved to experiments/normal/sili/esCNN_random_sili_h1
[2020-10-23 13:17:19] esCNN.cv7: Channel size: 37 	 Kernel size: 6 
Training MSE: 0.10966706 	 Validating MSE: 0.34688866 	 Best VMSE: 0.34029630
[2020-10-23 13:17:19] esCNN.cv7: Checkpoint saved to experiments/normal/sili/esCNN_random_sili_h1
[2020-10-23 13:17:19] esCNN.cv7: Channel size: 38 	 Kernel size: 6 
Training MSE: 0.10961870 	 Validating MSE: 0.34440222 	 Best VMSE: 0.34029630
[2020-10-23 13:17:19] esCNN.cv7: Checkpoint saved to experiments/normal/sili/esCNN_random_sili_h1
[2020-10-23 13:17:19] esCNN.cv7: Channel size: 39 	 Kernel size: 6 
Training MSE: 0.10959014 	 Validating MSE: 0.34723473 	 Best VMSE: 0.34029630
[2020-10-23 13:17:19] esCNN.cv7: Checkpoint saved to experiments/normal/sili/esCNN_random_sili_h1
[2020-10-23 13:17:19] esCNN.cv7: Channel size: 40 	 Kernel size: 6 
Training MSE: 0.10954020 	 Validating MSE: 0.34816119 	 Best VMSE: 0.34029630
[2020-10-23 13:17:19] esCNN.cv7: Checkpoint saved to experiments/normal/sili/esCNN_random_sili_h1
[2020-10-23 13:17:19] esCNN.cv7: Channel size: 41 	 Kernel size: 6 
Training MSE: 0.10937367 	 Validating MSE: 0.35044536 	 Best VMSE: 0.34029630
[2020-10-23 13:17:19] esCNN.cv7: Checkpoint saved to experiments/normal/sili/esCNN_random_sili_h1
[2020-10-23 13:17:19] esCNN.cv7: Channel size: 42 	 Kernel size: 6 
Training MSE: 0.10927767 	 Validating MSE: 0.34922382 	 Best VMSE: 0.34029630
[2020-10-23 13:17:19] esCNN.cv7: Checkpoint saved to experiments/normal/sili/esCNN_random_sili_h1
[2020-10-23 13:17:19] esCNN.cv7: Channel size: 43 	 Kernel size: 6 
Training MSE: 0.10921868 	 Validating MSE: 0.35086742 	 Best VMSE: 0.34029630
[2020-10-23 13:17:19] esCNN.cv7: Checkpoint saved to experiments/normal/sili/esCNN_random_sili_h1
[2020-10-23 13:17:19] esCNN.cv7: Channel size: 44 	 Kernel size: 6 
Training MSE: 0.10917111 	 Validating MSE: 0.34874505 	 Best VMSE: 0.34029630
[2020-10-23 13:17:19] esCNN.cv7: Checkpoint saved to experiments/normal/sili/esCNN_random_sili_h1
[2020-10-23 13:17:19] esCNN.cv7: Channel size: 45 	 Kernel size: 6 
Training MSE: 0.10901383 	 Validating MSE: 0.35911706 	 Best VMSE: 0.34029630
[2020-10-23 13:17:19] esCNN.cv7: Checkpoint saved to experiments/normal/sili/esCNN_random_sili_h1
[2020-10-23 13:17:19] esCNN.cv7: Channel size: 46 	 Kernel size: 6 
Training MSE: 0.10801812 	 Validating MSE: 0.34742633 	 Best VMSE: 0.34029630
[2020-10-23 13:17:19] esCNN.cv7: Checkpoint saved to experiments/normal/sili/esCNN_random_sili_h1
[2020-10-23 13:17:20] esCNN.cv7: Channel size: 47 	 Kernel size: 6 
Training MSE: 0.10743853 	 Validating MSE: 0.34489706 	 Best VMSE: 0.34029630
[2020-10-23 13:17:20] esCNN.cv7: Checkpoint saved to experiments/normal/sili/esCNN_random_sili_h1
[2020-10-23 13:17:20] esCNN.cv7: Channel size: 48 	 Kernel size: 6 
Training MSE: 0.10730503 	 Validating MSE: 0.34643537 	 Best VMSE: 0.34029630
[2020-10-23 13:17:20] esCNN.cv7: Checkpoint saved to experiments/normal/sili/esCNN_random_sili_h1
[2020-10-23 13:17:20] esCNN.cv7: Channel size: 49 	 Kernel size: 6 
Training MSE: 0.10728275 	 Validating MSE: 0.34768000 	 Best VMSE: 0.34029630
[2020-10-23 13:17:20] esCNN.cv7: Checkpoint saved to experiments/normal/sili/esCNN_random_sili_h1
[2020-10-23 13:17:20] esCNN.cv7: Channel size: 50 	 Kernel size: 6 
Training MSE: 0.10724547 	 Validating MSE: 0.34773886 	 Best VMSE: 0.34029630
[2020-10-23 13:17:20] esCNN.cv7: Checkpoint saved to experiments/normal/sili/esCNN_random_sili_h1
[2020-10-23 13:17:20] esCNN.cv7: Channel size: 51 	 Kernel size: 6 
Training MSE: 0.10721800 	 Validating MSE: 0.34795377 	 Best VMSE: 0.34029630
[2020-10-23 13:17:20] esCNN.cv7: Checkpoint saved to experiments/normal/sili/esCNN_random_sili_h1
[2020-10-23 13:17:20] esCNN.cv7: Channel size: 52 	 Kernel size: 6 
Training MSE: 0.10719235 	 Validating MSE: 0.34913853 	 Best VMSE: 0.34029630
[2020-10-23 13:17:20] esCNN.cv7: Checkpoint saved to experiments/normal/sili/esCNN_random_sili_h1
[2020-10-23 13:17:20] esCNN.cv7: Channel size: 53 	 Kernel size: 6 
Training MSE: 0.10716115 	 Validating MSE: 0.34823868 	 Best VMSE: 0.34029630
[2020-10-23 13:17:20] esCNN.cv7: Checkpoint saved to experiments/normal/sili/esCNN_random_sili_h1
[2020-10-23 13:17:20] esCNN.cv7: Channel size: 54 	 Kernel size: 6 
Training MSE: 0.10708153 	 Validating MSE: 0.34731415 	 Best VMSE: 0.34029630
[2020-10-23 13:17:20] esCNN.cv7: Checkpoint saved to experiments/normal/sili/esCNN_random_sili_h1
[2020-10-23 13:17:20] esCNN.cv7: Channel size: 55 	 Kernel size: 6 
Training MSE: 0.10697755 	 Validating MSE: 0.34468254 	 Best VMSE: 0.34029630
[2020-10-23 13:17:20] esCNN.cv7: Checkpoint saved to experiments/normal/sili/esCNN_random_sili_h1
[2020-10-23 13:17:20] esCNN.cv7: Channel size: 56 	 Kernel size: 6 
Training MSE: 0.10693516 	 Validating MSE: 0.34828570 	 Best VMSE: 0.34029630
[2020-10-23 13:17:20] esCNN.cv7: Checkpoint saved to experiments/normal/sili/esCNN_random_sili_h1
[2020-10-23 13:17:20] esCNN.cv7: Channel size: 57 	 Kernel size: 6 
Training MSE: 0.10679618 	 Validating MSE: 0.34748888 	 Best VMSE: 0.34029630
[2020-10-23 13:17:20] esCNN.cv7: Checkpoint saved to experiments/normal/sili/esCNN_random_sili_h1
[2020-10-23 13:17:20] esCNN.cv7: Channel size: 58 	 Kernel size: 6 
Training MSE: 0.10675761 	 Validating MSE: 0.34975493 	 Best VMSE: 0.34029630
[2020-10-23 13:17:20] esCNN.cv7: Checkpoint saved to experiments/normal/sili/esCNN_random_sili_h1
[2020-10-23 13:17:20] esCNN.cv7: Channel size: 59 	 Kernel size: 6 
Training MSE: 0.10664815 	 Validating MSE: 0.34607410 	 Best VMSE: 0.34029630
[2020-10-23 13:17:20] esCNN.cv7: Checkpoint saved to experiments/normal/sili/esCNN_random_sili_h1
[2020-10-23 13:17:20] esCNN.cv7: Channel size: 60 	 Kernel size: 6 
Training MSE: 0.10661025 	 Validating MSE: 0.34982160 	 Best VMSE: 0.34029630
[2020-10-23 13:17:20] esCNN.cv7: Checkpoint saved to experiments/normal/sili/esCNN_random_sili_h1
[2020-10-23 13:17:20] esCNN.cv7: Channel size: 61 	 Kernel size: 6 
Training MSE: 0.10658168 	 Validating MSE: 0.34849739 	 Best VMSE: 0.34029630
[2020-10-23 13:17:20] esCNN.cv7: Checkpoint saved to experiments/normal/sili/esCNN_random_sili_h1
[2020-10-23 13:17:21] esCNN.cv7: Channel size: 62 	 Kernel size: 6 
Training MSE: 0.10656204 	 Validating MSE: 0.34841958 	 Best VMSE: 0.34029630
[2020-10-23 13:17:21] esCNN.cv7: Checkpoint saved to experiments/normal/sili/esCNN_random_sili_h1
[2020-10-23 13:17:21] esCNN.cv7: Channel size: 63 	 Kernel size: 6 
Training MSE: 0.10651637 	 Validating MSE: 0.35051873 	 Best VMSE: 0.34029630
[2020-10-23 13:17:21] esCNN.cv7: Checkpoint saved to experiments/normal/sili/esCNN_random_sili_h1
[2020-10-23 13:17:21] esCNN.cv7: Channel size: 64 	 Kernel size: 6 
Training MSE: 0.10649849 	 Validating MSE: 0.34860960 	 Best VMSE: 0.34029630
[2020-10-23 13:17:21] esCNN.cv7: Checkpoint saved to experiments/normal/sili/esCNN_random_sili_h1
[2020-10-23 13:17:21] esCNN.cv7: Channel size: 65 	 Kernel size: 6 
Training MSE: 0.10645558 	 Validating MSE: 0.35067970 	 Best VMSE: 0.34029630
[2020-10-23 13:17:21] esCNN.cv7: Checkpoint saved to experiments/normal/sili/esCNN_random_sili_h1
[2020-10-23 13:17:21] esCNN.cv7: Channel size: 66 	 Kernel size: 6 
Training MSE: 0.10641965 	 Validating MSE: 0.35202551 	 Best VMSE: 0.34029630
[2020-10-23 13:17:21] esCNN.cv7: Checkpoint saved to experiments/normal/sili/esCNN_random_sili_h1
[2020-10-23 13:17:21] esCNN.cv7: Channel size: 67 	 Kernel size: 6 
Training MSE: 0.10639611 	 Validating MSE: 0.35083485 	 Best VMSE: 0.34029630
[2020-10-23 13:17:21] esCNN.cv7: Checkpoint saved to experiments/normal/sili/esCNN_random_sili_h1
[2020-10-23 13:17:21] esCNN.cv7: Channel size: 68 	 Kernel size: 6 
Training MSE: 0.10636524 	 Validating MSE: 0.35136461 	 Best VMSE: 0.34029630
[2020-10-23 13:17:21] esCNN.cv7: Checkpoint saved to experiments/normal/sili/esCNN_random_sili_h1
[2020-10-23 13:17:21] esCNN.cv7: Channel size: 69 	 Kernel size: 6 
Training MSE: 0.10635141 	 Validating MSE: 0.35000846 	 Best VMSE: 0.34029630
[2020-10-23 13:17:21] esCNN.cv7: Checkpoint saved to experiments/normal/sili/esCNN_random_sili_h1
[2020-10-23 13:17:21] esCNN.cv7: Channel size: 70 	 Kernel size: 6 
Training MSE: 0.10633262 	 Validating MSE: 0.34907120 	 Best VMSE: 0.34029630
[2020-10-23 13:17:21] esCNN.cv7: Checkpoint saved to experiments/normal/sili/esCNN_random_sili_h1
[2020-10-23 13:17:21] esCNN.cv7: Channel size: 71 	 Kernel size: 6 
Training MSE: 0.10631787 	 Validating MSE: 0.35016122 	 Best VMSE: 0.34029630
[2020-10-23 13:17:21] esCNN.cv7: Checkpoint saved to experiments/normal/sili/esCNN_random_sili_h1
[2020-10-23 13:17:21] esCNN.cv7: Channel size: 72 	 Kernel size: 6 
Training MSE: 0.10624872 	 Validating MSE: 0.35324836 	 Best VMSE: 0.34029630
[2020-10-23 13:17:21] esCNN.cv7: Checkpoint saved to experiments/normal/sili/esCNN_random_sili_h1
[2020-10-23 13:17:21] esCNN.cv7: Channel size: 73 	 Kernel size: 6 
Training MSE: 0.10622614 	 Validating MSE: 0.35505313 	 Best VMSE: 0.34029630
[2020-10-23 13:17:21] esCNN.cv7: Checkpoint saved to experiments/normal/sili/esCNN_random_sili_h1
[2020-10-23 13:17:21] esCNN.cv7: Channel size: 74 	 Kernel size: 6 
Training MSE: 0.10618605 	 Validating MSE: 0.35168645 	 Best VMSE: 0.34029630
[2020-10-23 13:17:22] esCNN.cv7: Checkpoint saved to experiments/normal/sili/esCNN_random_sili_h1
[2020-10-23 13:17:22] esCNN.cv7: Channel size: 75 	 Kernel size: 6 
Training MSE: 0.10616139 	 Validating MSE: 0.35142085 	 Best VMSE: 0.34029630
[2020-10-23 13:17:22] esCNN.cv7: Checkpoint saved to experiments/normal/sili/esCNN_random_sili_h1
[2020-10-23 13:17:22] esCNN.cv7: Channel size: 76 	 Kernel size: 6 
Training MSE: 0.10615857 	 Validating MSE: 0.35228008 	 Best VMSE: 0.34029630
[2020-10-23 13:17:22] esCNN.cv7: Checkpoint saved to experiments/normal/sili/esCNN_random_sili_h1
[2020-10-23 13:17:22] esCNN.cv7: Channel size: 77 	 Kernel size: 6 
Training MSE: 0.10614377 	 Validating MSE: 0.35185355 	 Best VMSE: 0.34029630
[2020-10-23 13:17:22] esCNN.cv7: Checkpoint saved to experiments/normal/sili/esCNN_random_sili_h1
[2020-10-23 13:17:22] esCNN.cv7: Channel size: 78 	 Kernel size: 6 
Training MSE: 0.10610650 	 Validating MSE: 0.35443258 	 Best VMSE: 0.34029630
[2020-10-23 13:17:22] esCNN.cv7: Checkpoint saved to experiments/normal/sili/esCNN_random_sili_h1
[2020-10-23 13:17:22] esCNN.cv7: Channel size: 79 	 Kernel size: 6 
Training MSE: 0.10557672 	 Validating MSE: 0.35025918 	 Best VMSE: 0.34029630
[2020-10-23 13:17:22] esCNN.cv7: Checkpoint saved to experiments/normal/sili/esCNN_random_sili_h1
[2020-10-23 13:17:22] esCNN.cv7: Channel size: 80 	 Kernel size: 6 
Training MSE: 0.10508495 	 Validating MSE: 0.34092832 	 Best VMSE: 0.34029630
[2020-10-23 13:17:22] esCNN.cv7: Checkpoint saved to experiments/normal/sili/esCNN_random_sili_h1
[2020-10-23 13:17:22] esCNN.cv7: Channel size: 81 	 Kernel size: 6 
Training MSE: 0.10500693 	 Validating MSE: 0.34793988 	 Best VMSE: 0.34029630
[2020-10-23 13:17:22] esCNN.cv7: Checkpoint saved to experiments/normal/sili/esCNN_random_sili_h1
[2020-10-23 13:17:22] esCNN.cv7: Channel size: 82 	 Kernel size: 6 
Training MSE: 0.10495380 	 Validating MSE: 0.34853697 	 Best VMSE: 0.34029630
[2020-10-23 13:17:22] esCNN.cv7: Checkpoint saved to experiments/normal/sili/esCNN_random_sili_h1
[2020-10-23 13:17:22] esCNN.cv7: Channel size: 83 	 Kernel size: 6 
Training MSE: 0.10471255 	 Validating MSE: 0.35190767 	 Best VMSE: 0.34029630
[2020-10-23 13:17:22] esCNN.cv7: Checkpoint saved to experiments/normal/sili/esCNN_random_sili_h1
[2020-10-23 13:17:22] esCNN.cv7: Channel size: 84 	 Kernel size: 6 
Training MSE: 0.10453025 	 Validating MSE: 0.35076717 	 Best VMSE: 0.34029630
[2020-10-23 13:17:22] esCNN.cv7: Checkpoint saved to experiments/normal/sili/esCNN_random_sili_h1
[2020-10-23 13:17:22] esCNN.cv7: Channel size: 85 	 Kernel size: 6 
Training MSE: 0.10448346 	 Validating MSE: 0.34946042 	 Best VMSE: 0.34029630
[2020-10-23 13:17:22] esCNN.cv7: Checkpoint saved to experiments/normal/sili/esCNN_random_sili_h1
[2020-10-23 13:17:23] esCNN.cv7: Channel size: 86 	 Kernel size: 6 
Training MSE: 0.10441779 	 Validating MSE: 0.35027164 	 Best VMSE: 0.34029630
[2020-10-23 13:17:23] esCNN.cv7: Checkpoint saved to experiments/normal/sili/esCNN_random_sili_h1
[2020-10-23 13:17:23] esCNN.cv7: Channel size: 87 	 Kernel size: 6 
Training MSE: 0.10433324 	 Validating MSE: 0.35045874 	 Best VMSE: 0.34029630
[2020-10-23 13:17:23] esCNN.cv7: Checkpoint saved to experiments/normal/sili/esCNN_random_sili_h1
[2020-10-23 13:17:23] esCNN.cv7: Channel size: 88 	 Kernel size: 6 
Training MSE: 0.10425355 	 Validating MSE: 0.35260588 	 Best VMSE: 0.34029630
[2020-10-23 13:17:23] esCNN.cv7: Checkpoint saved to experiments/normal/sili/esCNN_random_sili_h1
[2020-10-23 13:17:23] esCNN.cv7: Channel size: 89 	 Kernel size: 6 
Training MSE: 0.10422710 	 Validating MSE: 0.35266015 	 Best VMSE: 0.34029630
[2020-10-23 13:17:23] esCNN.cv7: Checkpoint saved to experiments/normal/sili/esCNN_random_sili_h1
[2020-10-23 13:17:23] esCNN.cv7: Channel size: 90 	 Kernel size: 6 
Training MSE: 0.10417045 	 Validating MSE: 0.34863263 	 Best VMSE: 0.34029630
[2020-10-23 13:17:23] esCNN.cv7: Checkpoint saved to experiments/normal/sili/esCNN_random_sili_h1
[2020-10-23 13:17:23] esCNN.cv7: Channel size: 91 	 Kernel size: 6 
Training MSE: 0.10413671 	 Validating MSE: 0.35070768 	 Best VMSE: 0.34029630
[2020-10-23 13:17:23] esCNN.cv7: Checkpoint saved to experiments/normal/sili/esCNN_random_sili_h1
[2020-10-23 13:17:23] esCNN.cv7: Channel size: 92 	 Kernel size: 6 
Training MSE: 0.10409211 	 Validating MSE: 0.34923342 	 Best VMSE: 0.34029630
[2020-10-23 13:17:23] esCNN.cv7: Checkpoint saved to experiments/normal/sili/esCNN_random_sili_h1
[2020-10-23 13:17:23] esCNN.cv7: Channel size: 93 	 Kernel size: 6 
Training MSE: 0.10405042 	 Validating MSE: 0.34971949 	 Best VMSE: 0.34029630
[2020-10-23 13:17:23] esCNN.cv7: Checkpoint saved to experiments/normal/sili/esCNN_random_sili_h1
[2020-10-23 13:17:23] esCNN.cv7: Channel size: 94 	 Kernel size: 6 
Training MSE: 0.10388254 	 Validating MSE: 0.35383502 	 Best VMSE: 0.34029630
[2020-10-23 13:17:23] esCNN.cv7: Checkpoint saved to experiments/normal/sili/esCNN_random_sili_h1
[2020-10-23 13:17:23] esCNN.cv7: Channel size: 95 	 Kernel size: 6 
Training MSE: 0.10378184 	 Validating MSE: 0.35100660 	 Best VMSE: 0.34029630
[2020-10-23 13:17:23] esCNN.cv7: Checkpoint saved to experiments/normal/sili/esCNN_random_sili_h1
[2020-10-23 13:17:23] esCNN.cv7: Channel size: 96 	 Kernel size: 6 
Training MSE: 0.10372835 	 Validating MSE: 0.35199752 	 Best VMSE: 0.34029630
[2020-10-23 13:17:23] esCNN.cv7: Checkpoint saved to experiments/normal/sili/esCNN_random_sili_h1
[2020-10-23 13:17:24] esCNN.cv7: Channel size: 97 	 Kernel size: 6 
Training MSE: 0.10366740 	 Validating MSE: 0.35554090 	 Best VMSE: 0.34029630
[2020-10-23 13:17:24] esCNN.cv7: Checkpoint saved to experiments/normal/sili/esCNN_random_sili_h1
[2020-10-23 13:17:24] esCNN.cv7: Channel size: 98 	 Kernel size: 6 
Training MSE: 0.10363381 	 Validating MSE: 0.35294414 	 Best VMSE: 0.34029630
[2020-10-23 13:17:24] esCNN.cv7: Checkpoint saved to experiments/normal/sili/esCNN_random_sili_h1
[2020-10-23 13:17:24] esCNN.cv7: Channel size: 99 	 Kernel size: 6 
Training MSE: 0.10360654 	 Validating MSE: 0.35398027 	 Best VMSE: 0.34029630
[2020-10-23 13:17:24] esCNN.cv7: Checkpoint saved to experiments/normal/sili/esCNN_random_sili_h1
[2020-10-23 13:17:24] esCNN.cv7: Channel size: 100 	 Kernel size: 6 
Training MSE: 0.10359358 	 Validating MSE: 0.35475147 	 Best VMSE: 0.34029630
[2020-10-23 13:17:24] esCNN.cv7: Checkpoint saved to experiments/normal/sili/esCNN_random_sili_h1
[2020-10-23 13:17:24] esCNN.cv7: Restoring best parameters from experiments/normal/sili/esCNN_random_sili_h1/train.cv7.pth.tar
[2020-10-23 13:17:24] esCNN.cv7: sili	 H: 1	 Trail: 13 
Testing RMSE: 0.7111 	 MAPE: 0.108 	 SMAPE: 0.05786
