[2020-10-23 13:19:45] esCNN.cv13: Loading the datasets and model for 36th-batch-training
[2020-10-23 13:19:45] esCNN.cv13: Argument channel_size: 100
[2020-10-23 13:19:45] esCNN.cv13: Argument candidate_size: 300
[2020-10-23 13:19:45] esCNN.cv13: Argument kernel_size: 6
[2020-10-23 13:19:45] esCNN.cv13: Argument kernel_list: [8, 6, 5, 4]
[2020-10-23 13:19:45] esCNN.cv13: Argument Lambdas: [0.5, 1, 5, 15, 30, 50, 100, 150, 200]
[2020-10-23 13:19:45] esCNN.cv13: Argument Lambdas_std: [0.01, 0.05, 0.1, 0.5, 1]
[2020-10-23 13:19:45] esCNN.cv13: Argument r: [0.8, 0.9, 0.99, 0.9999, 0.999999]
[2020-10-23 13:19:45] esCNN.cv13: Argument tolerance: 0
[2020-10-23 13:19:45] esCNN.cv13: Argument device: device(type='cuda')
[2020-10-23 13:19:45] esCNN.cv13: Argument dataset: 'sili'
[2020-10-23 13:19:45] esCNN.cv13: Argument H: 1
[2020-10-23 13:19:45] esCNN.cv13: Argument k: 5
[2020-10-23 13:19:45] esCNN.cv13: Argument test: False
[2020-10-23 13:19:45] esCNN.cv13: Argument search: 'random'
[2020-10-23 13:19:45] esCNN.cv13: Argument normal: True
[2020-10-23 13:19:45] esCNN.cv13: Argument diff: False
[2020-10-23 13:19:45] esCNN.cv13: Argument times: 60
[2020-10-23 13:19:45] esCNN.cv13: Argument datasets: {'ar1': {'lag_order': 15, 'normal': True, 'cov_dim': 0, 'kernel_size': 3}, 'wti': {'lag_order': 25, 'normal': True, 'cov_dim': 0, 'kernel_size': 5}, 'gold': {'lag_order': 25, 'normal': True, 'cov_dim': 0, 'kernel_size': 5}, 'sp': {'lag_order': 25, 'normal': True, 'cov_dim': 0, 'kernel_size': 5}, 'brent': {'lag_order': 24, 'normal': True, 'cov_dim': 0, 'kernel_size': 6}, 'sili': {'lag_order': 26, 'normal': True, 'cov_dim': 0, 'kernel_size': 6}}
[2020-10-23 13:19:45] esCNN.cv13: Argument steps: 26
[2020-10-23 13:19:45] esCNN.cv13: Argument cov_dim: 0
[2020-10-23 13:19:45] esCNN.cv13: Argument experiment: 'experiments/normal/sili'
[2020-10-23 13:19:45] esCNN.cv13: Argument scaler: StandardScaler()
[2020-10-23 13:19:45] esCNN.cv13: Argument model_name: 'esCNN_random_sili_h1'
[2020-10-23 13:19:45] esCNN.cv13: Argument model_dir: 'experiments/normal/sili/esCNN_random_sili_h1'
[2020-10-23 13:19:45] esCNN.cv13: Argument In_channels: 1
[2020-10-23 13:19:45] esCNN.cv13: Argument restore: True
[2020-10-23 13:19:45] esCNN.cv13: Argument cv: 13
[2020-10-23 13:19:45] esCNN.cv13: Argument plot_dir: 'experiments/normal/sili/esCNN_random_sili_h1/figures'
[2020-10-23 13:19:45] esCNN.cv13: Using Cuda...
[2020-10-23 13:19:45] esCNN.cv13: Loading complete.
[2020-10-23 13:19:45] esCNN.cv13: Model: 
ES_CNN(
  (Pool): AvgPool1d(kernel_size=(3,), stride=(1,), padding=(0,))
  (loss_fn): MSELoss()
)
[2020-10-23 13:19:45] esCNN.cv13: Found new best state
[2020-10-23 13:19:45] esCNN.cv13: Best vmse: 1.6241
[2020-10-23 13:19:45] esCNN.cv13: Channel size: 1 	 Kernel size: 6 
Training MSE: 0.32646537 	 Validating MSE: 1.62408793 	 Best VMSE: 1.62408793
[2020-10-23 13:19:45] esCNN.cv13: Checkpoint saved to experiments/normal/sili/esCNN_random_sili_h1
[2020-10-23 13:19:45] esCNN.cv13: Found new best state
[2020-10-23 13:19:45] esCNN.cv13: Best vmse: 1.0385
[2020-10-23 13:19:45] esCNN.cv13: Channel size: 2 	 Kernel size: 6 
Training MSE: 0.24868950 	 Validating MSE: 1.03851211 	 Best VMSE: 1.03851211
[2020-10-23 13:19:45] esCNN.cv13: Checkpoint saved to experiments/normal/sili/esCNN_random_sili_h1
[2020-10-23 13:19:45] esCNN.cv13: Found new best state
[2020-10-23 13:19:45] esCNN.cv13: Best vmse: 0.9321
[2020-10-23 13:19:45] esCNN.cv13: Channel size: 3 	 Kernel size: 6 
Training MSE: 0.21127973 	 Validating MSE: 0.93212008 	 Best VMSE: 0.93212008
[2020-10-23 13:19:45] esCNN.cv13: Checkpoint saved to experiments/normal/sili/esCNN_random_sili_h1
[2020-10-23 13:19:45] esCNN.cv13: Found new best state
[2020-10-23 13:19:45] esCNN.cv13: Best vmse: 0.5440
[2020-10-23 13:19:45] esCNN.cv13: Channel size: 4 	 Kernel size: 6 
Training MSE: 0.15591100 	 Validating MSE: 0.54403341 	 Best VMSE: 0.54403341
[2020-10-23 13:19:45] esCNN.cv13: Checkpoint saved to experiments/normal/sili/esCNN_random_sili_h1
[2020-10-23 13:19:45] esCNN.cv13: Found new best state
[2020-10-23 13:19:45] esCNN.cv13: Best vmse: 0.5424
[2020-10-23 13:19:45] esCNN.cv13: Channel size: 5 	 Kernel size: 6 
Training MSE: 0.14401686 	 Validating MSE: 0.54244131 	 Best VMSE: 0.54244131
[2020-10-23 13:19:45] esCNN.cv13: Checkpoint saved to experiments/normal/sili/esCNN_random_sili_h1
[2020-10-23 13:19:45] esCNN.cv13: Found new best state
[2020-10-23 13:19:45] esCNN.cv13: Best vmse: 0.4980
[2020-10-23 13:19:45] esCNN.cv13: Channel size: 6 	 Kernel size: 6 
Training MSE: 0.14156970 	 Validating MSE: 0.49802887 	 Best VMSE: 0.49802887
[2020-10-23 13:19:45] esCNN.cv13: Checkpoint saved to experiments/normal/sili/esCNN_random_sili_h1
[2020-10-23 13:19:45] esCNN.cv13: Found new best state
[2020-10-23 13:19:45] esCNN.cv13: Best vmse: 0.3345
[2020-10-23 13:19:45] esCNN.cv13: Channel size: 7 	 Kernel size: 6 
Training MSE: 0.12015947 	 Validating MSE: 0.33453995 	 Best VMSE: 0.33453995
[2020-10-23 13:19:45] esCNN.cv13: Checkpoint saved to experiments/normal/sili/esCNN_random_sili_h1
[2020-10-23 13:19:45] esCNN.cv13: Found new best state
[2020-10-23 13:19:45] esCNN.cv13: Best vmse: 0.3269
[2020-10-23 13:19:45] esCNN.cv13: Channel size: 8 	 Kernel size: 6 
Training MSE: 0.11705104 	 Validating MSE: 0.32689399 	 Best VMSE: 0.32689399
[2020-10-23 13:19:45] esCNN.cv13: Checkpoint saved to experiments/normal/sili/esCNN_random_sili_h1
[2020-10-23 13:19:45] esCNN.cv13: Found new best state
[2020-10-23 13:19:45] esCNN.cv13: Best vmse: 0.3194
[2020-10-23 13:19:45] esCNN.cv13: Channel size: 9 	 Kernel size: 6 
Training MSE: 0.11584555 	 Validating MSE: 0.31940982 	 Best VMSE: 0.31940982
[2020-10-23 13:19:45] esCNN.cv13: Checkpoint saved to experiments/normal/sili/esCNN_random_sili_h1
[2020-10-23 13:19:45] esCNN.cv13: Channel size: 10 	 Kernel size: 6 
Training MSE: 0.11506742 	 Validating MSE: 0.32008079 	 Best VMSE: 0.31940982
[2020-10-23 13:19:45] esCNN.cv13: Checkpoint saved to experiments/normal/sili/esCNN_random_sili_h1
[2020-10-23 13:19:45] esCNN.cv13: Found new best state
[2020-10-23 13:19:45] esCNN.cv13: Best vmse: 0.3144
[2020-10-23 13:19:45] esCNN.cv13: Channel size: 11 	 Kernel size: 6 
Training MSE: 0.11415772 	 Validating MSE: 0.31435052 	 Best VMSE: 0.31435052
[2020-10-23 13:19:45] esCNN.cv13: Checkpoint saved to experiments/normal/sili/esCNN_random_sili_h1
[2020-10-23 13:19:45] esCNN.cv13: Found new best state
[2020-10-23 13:19:45] esCNN.cv13: Best vmse: 0.3104
[2020-10-23 13:19:45] esCNN.cv13: Channel size: 12 	 Kernel size: 6 
Training MSE: 0.11307946 	 Validating MSE: 0.31044763 	 Best VMSE: 0.31044763
[2020-10-23 13:19:45] esCNN.cv13: Checkpoint saved to experiments/normal/sili/esCNN_random_sili_h1
[2020-10-23 13:19:45] esCNN.cv13: Channel size: 13 	 Kernel size: 6 
Training MSE: 0.11274512 	 Validating MSE: 0.31105641 	 Best VMSE: 0.31044763
[2020-10-23 13:19:45] esCNN.cv13: Checkpoint saved to experiments/normal/sili/esCNN_random_sili_h1
[2020-10-23 13:19:45] esCNN.cv13: Found new best state
[2020-10-23 13:19:45] esCNN.cv13: Best vmse: 0.3103
[2020-10-23 13:19:45] esCNN.cv13: Channel size: 14 	 Kernel size: 6 
Training MSE: 0.11251158 	 Validating MSE: 0.31030199 	 Best VMSE: 0.31030199
[2020-10-23 13:19:45] esCNN.cv13: Checkpoint saved to experiments/normal/sili/esCNN_random_sili_h1
[2020-10-23 13:19:45] esCNN.cv13: Found new best state
[2020-10-23 13:19:45] esCNN.cv13: Best vmse: 0.2941
[2020-10-23 13:19:45] esCNN.cv13: Channel size: 15 	 Kernel size: 6 
Training MSE: 0.11216529 	 Validating MSE: 0.29410821 	 Best VMSE: 0.29410821
[2020-10-23 13:19:45] esCNN.cv13: Checkpoint saved to experiments/normal/sili/esCNN_random_sili_h1
[2020-10-23 13:19:46] esCNN.cv13: Found new best state
[2020-10-23 13:19:46] esCNN.cv13: Best vmse: 0.2933
[2020-10-23 13:19:46] esCNN.cv13: Channel size: 16 	 Kernel size: 6 
Training MSE: 0.11208867 	 Validating MSE: 0.29333359 	 Best VMSE: 0.29333359
[2020-10-23 13:19:46] esCNN.cv13: Checkpoint saved to experiments/normal/sili/esCNN_random_sili_h1
[2020-10-23 13:19:46] esCNN.cv13: Channel size: 17 	 Kernel size: 6 
Training MSE: 0.11201386 	 Validating MSE: 0.29353836 	 Best VMSE: 0.29333359
[2020-10-23 13:19:46] esCNN.cv13: Checkpoint saved to experiments/normal/sili/esCNN_random_sili_h1
[2020-10-23 13:19:46] esCNN.cv13: Found new best state
[2020-10-23 13:19:46] esCNN.cv13: Best vmse: 0.2933
[2020-10-23 13:19:46] esCNN.cv13: Channel size: 18 	 Kernel size: 6 
Training MSE: 0.11199199 	 Validating MSE: 0.29332259 	 Best VMSE: 0.29332259
[2020-10-23 13:19:46] esCNN.cv13: Checkpoint saved to experiments/normal/sili/esCNN_random_sili_h1
[2020-10-23 13:19:46] esCNN.cv13: Found new best state
[2020-10-23 13:19:46] esCNN.cv13: Best vmse: 0.2925
[2020-10-23 13:19:46] esCNN.cv13: Channel size: 19 	 Kernel size: 6 
Training MSE: 0.11192206 	 Validating MSE: 0.29254216 	 Best VMSE: 0.29254216
[2020-10-23 13:19:46] esCNN.cv13: Checkpoint saved to experiments/normal/sili/esCNN_random_sili_h1
[2020-10-23 13:19:46] esCNN.cv13: Channel size: 20 	 Kernel size: 6 
Training MSE: 0.11182399 	 Validating MSE: 0.29273441 	 Best VMSE: 0.29254216
[2020-10-23 13:19:46] esCNN.cv13: Checkpoint saved to experiments/normal/sili/esCNN_random_sili_h1
[2020-10-23 13:19:46] esCNN.cv13: Found new best state
[2020-10-23 13:19:46] esCNN.cv13: Best vmse: 0.2924
[2020-10-23 13:19:46] esCNN.cv13: Channel size: 21 	 Kernel size: 6 
Training MSE: 0.11171827 	 Validating MSE: 0.29244637 	 Best VMSE: 0.29244637
[2020-10-23 13:19:46] esCNN.cv13: Checkpoint saved to experiments/normal/sili/esCNN_random_sili_h1
[2020-10-23 13:19:46] esCNN.cv13: Found new best state
[2020-10-23 13:19:46] esCNN.cv13: Best vmse: 0.2913
[2020-10-23 13:19:46] esCNN.cv13: Channel size: 22 	 Kernel size: 6 
Training MSE: 0.11145686 	 Validating MSE: 0.29126543 	 Best VMSE: 0.29126543
[2020-10-23 13:19:46] esCNN.cv13: Checkpoint saved to experiments/normal/sili/esCNN_random_sili_h1
[2020-10-23 13:19:46] esCNN.cv13: Found new best state
[2020-10-23 13:19:46] esCNN.cv13: Best vmse: 0.2888
[2020-10-23 13:19:46] esCNN.cv13: Channel size: 23 	 Kernel size: 6 
Training MSE: 0.11137379 	 Validating MSE: 0.28878677 	 Best VMSE: 0.28878677
[2020-10-23 13:19:46] esCNN.cv13: Checkpoint saved to experiments/normal/sili/esCNN_random_sili_h1
[2020-10-23 13:19:46] esCNN.cv13: Channel size: 24 	 Kernel size: 6 
Training MSE: 0.11110578 	 Validating MSE: 0.29223302 	 Best VMSE: 0.28878677
[2020-10-23 13:19:46] esCNN.cv13: Checkpoint saved to experiments/normal/sili/esCNN_random_sili_h1
[2020-10-23 13:19:46] esCNN.cv13: Channel size: 25 	 Kernel size: 6 
Training MSE: 0.11097853 	 Validating MSE: 0.29112363 	 Best VMSE: 0.28878677
[2020-10-23 13:19:46] esCNN.cv13: Checkpoint saved to experiments/normal/sili/esCNN_random_sili_h1
[2020-10-23 13:19:46] esCNN.cv13: Channel size: 26 	 Kernel size: 6 
Training MSE: 0.11086165 	 Validating MSE: 0.28920281 	 Best VMSE: 0.28878677
[2020-10-23 13:19:46] esCNN.cv13: Checkpoint saved to experiments/normal/sili/esCNN_random_sili_h1
[2020-10-23 13:19:46] esCNN.cv13: Channel size: 27 	 Kernel size: 6 
Training MSE: 0.11083969 	 Validating MSE: 0.29038915 	 Best VMSE: 0.28878677
[2020-10-23 13:19:46] esCNN.cv13: Checkpoint saved to experiments/normal/sili/esCNN_random_sili_h1
[2020-10-23 13:19:46] esCNN.cv13: Found new best state
[2020-10-23 13:19:46] esCNN.cv13: Best vmse: 0.2872
[2020-10-23 13:19:46] esCNN.cv13: Channel size: 28 	 Kernel size: 6 
Training MSE: 0.11079550 	 Validating MSE: 0.28722584 	 Best VMSE: 0.28722584
[2020-10-23 13:19:46] esCNN.cv13: Checkpoint saved to experiments/normal/sili/esCNN_random_sili_h1
[2020-10-23 13:19:46] esCNN.cv13: Channel size: 29 	 Kernel size: 6 
Training MSE: 0.11075742 	 Validating MSE: 0.28937414 	 Best VMSE: 0.28722584
[2020-10-23 13:19:46] esCNN.cv13: Checkpoint saved to experiments/normal/sili/esCNN_random_sili_h1
[2020-10-23 13:19:46] esCNN.cv13: Channel size: 30 	 Kernel size: 6 
Training MSE: 0.11070187 	 Validating MSE: 0.28926936 	 Best VMSE: 0.28722584
[2020-10-23 13:19:46] esCNN.cv13: Checkpoint saved to experiments/normal/sili/esCNN_random_sili_h1
[2020-10-23 13:19:46] esCNN.cv13: Channel size: 31 	 Kernel size: 6 
Training MSE: 0.11068261 	 Validating MSE: 0.28974929 	 Best VMSE: 0.28722584
[2020-10-23 13:19:46] esCNN.cv13: Checkpoint saved to experiments/normal/sili/esCNN_random_sili_h1
[2020-10-23 13:19:46] esCNN.cv13: Channel size: 32 	 Kernel size: 6 
Training MSE: 0.11066682 	 Validating MSE: 0.29046801 	 Best VMSE: 0.28722584
[2020-10-23 13:19:46] esCNN.cv13: Checkpoint saved to experiments/normal/sili/esCNN_random_sili_h1
[2020-10-23 13:19:46] esCNN.cv13: Channel size: 33 	 Kernel size: 6 
Training MSE: 0.11065824 	 Validating MSE: 0.28927979 	 Best VMSE: 0.28722584
[2020-10-23 13:19:46] esCNN.cv13: Checkpoint saved to experiments/normal/sili/esCNN_random_sili_h1
[2020-10-23 13:19:46] esCNN.cv13: Found new best state
[2020-10-23 13:19:46] esCNN.cv13: Best vmse: 0.2871
[2020-10-23 13:19:46] esCNN.cv13: Channel size: 34 	 Kernel size: 6 
Training MSE: 0.11062953 	 Validating MSE: 0.28711239 	 Best VMSE: 0.28711239
[2020-10-23 13:19:46] esCNN.cv13: Checkpoint saved to experiments/normal/sili/esCNN_random_sili_h1
[2020-10-23 13:19:46] esCNN.cv13: Channel size: 35 	 Kernel size: 6 
Training MSE: 0.11061386 	 Validating MSE: 0.28724071 	 Best VMSE: 0.28711239
[2020-10-23 13:19:46] esCNN.cv13: Checkpoint saved to experiments/normal/sili/esCNN_random_sili_h1
[2020-10-23 13:19:46] esCNN.cv13: Channel size: 36 	 Kernel size: 6 
Training MSE: 0.11059271 	 Validating MSE: 0.28715196 	 Best VMSE: 0.28711239
[2020-10-23 13:19:46] esCNN.cv13: Checkpoint saved to experiments/normal/sili/esCNN_random_sili_h1
[2020-10-23 13:19:46] esCNN.cv13: Channel size: 37 	 Kernel size: 6 
Training MSE: 0.11051255 	 Validating MSE: 0.28868762 	 Best VMSE: 0.28711239
[2020-10-23 13:19:46] esCNN.cv13: Checkpoint saved to experiments/normal/sili/esCNN_random_sili_h1
[2020-10-23 13:19:47] esCNN.cv13: Channel size: 38 	 Kernel size: 6 
Training MSE: 0.11047084 	 Validating MSE: 0.28892067 	 Best VMSE: 0.28711239
[2020-10-23 13:19:47] esCNN.cv13: Checkpoint saved to experiments/normal/sili/esCNN_random_sili_h1
[2020-10-23 13:19:47] esCNN.cv13: Channel size: 39 	 Kernel size: 6 
Training MSE: 0.11043061 	 Validating MSE: 0.28855801 	 Best VMSE: 0.28711239
[2020-10-23 13:19:47] esCNN.cv13: Checkpoint saved to experiments/normal/sili/esCNN_random_sili_h1
[2020-10-23 13:19:47] esCNN.cv13: Channel size: 40 	 Kernel size: 6 
Training MSE: 0.11039173 	 Validating MSE: 0.28855669 	 Best VMSE: 0.28711239
[2020-10-23 13:19:47] esCNN.cv13: Checkpoint saved to experiments/normal/sili/esCNN_random_sili_h1
[2020-10-23 13:19:47] esCNN.cv13: Channel size: 41 	 Kernel size: 6 
Training MSE: 0.11030450 	 Validating MSE: 0.28873485 	 Best VMSE: 0.28711239
[2020-10-23 13:19:47] esCNN.cv13: Checkpoint saved to experiments/normal/sili/esCNN_random_sili_h1
[2020-10-23 13:19:47] esCNN.cv13: Channel size: 42 	 Kernel size: 6 
Training MSE: 0.11028793 	 Validating MSE: 0.28908324 	 Best VMSE: 0.28711239
[2020-10-23 13:19:47] esCNN.cv13: Checkpoint saved to experiments/normal/sili/esCNN_random_sili_h1
[2020-10-23 13:19:47] esCNN.cv13: Channel size: 43 	 Kernel size: 6 
Training MSE: 0.11016633 	 Validating MSE: 0.29040983 	 Best VMSE: 0.28711239
[2020-10-23 13:19:47] esCNN.cv13: Checkpoint saved to experiments/normal/sili/esCNN_random_sili_h1
[2020-10-23 13:19:47] esCNN.cv13: Channel size: 44 	 Kernel size: 6 
Training MSE: 0.11005185 	 Validating MSE: 0.28834182 	 Best VMSE: 0.28711239
[2020-10-23 13:19:47] esCNN.cv13: Checkpoint saved to experiments/normal/sili/esCNN_random_sili_h1
[2020-10-23 13:19:47] esCNN.cv13: Channel size: 45 	 Kernel size: 6 
Training MSE: 0.11001346 	 Validating MSE: 0.28965205 	 Best VMSE: 0.28711239
[2020-10-23 13:19:47] esCNN.cv13: Checkpoint saved to experiments/normal/sili/esCNN_random_sili_h1
[2020-10-23 13:19:47] esCNN.cv13: Channel size: 46 	 Kernel size: 6 
Training MSE: 0.10996452 	 Validating MSE: 0.28774157 	 Best VMSE: 0.28711239
[2020-10-23 13:19:47] esCNN.cv13: Checkpoint saved to experiments/normal/sili/esCNN_random_sili_h1
[2020-10-23 13:19:47] esCNN.cv13: Channel size: 47 	 Kernel size: 6 
Training MSE: 0.10994471 	 Validating MSE: 0.28817645 	 Best VMSE: 0.28711239
[2020-10-23 13:19:47] esCNN.cv13: Checkpoint saved to experiments/normal/sili/esCNN_random_sili_h1
[2020-10-23 13:19:47] esCNN.cv13: Channel size: 48 	 Kernel size: 6 
Training MSE: 0.10986938 	 Validating MSE: 0.29172435 	 Best VMSE: 0.28711239
[2020-10-23 13:19:47] esCNN.cv13: Checkpoint saved to experiments/normal/sili/esCNN_random_sili_h1
[2020-10-23 13:19:47] esCNN.cv13: Channel size: 49 	 Kernel size: 6 
Training MSE: 0.10974745 	 Validating MSE: 0.29337493 	 Best VMSE: 0.28711239
[2020-10-23 13:19:47] esCNN.cv13: Checkpoint saved to experiments/normal/sili/esCNN_random_sili_h1
[2020-10-23 13:19:47] esCNN.cv13: Channel size: 50 	 Kernel size: 6 
Training MSE: 0.10969777 	 Validating MSE: 0.29422206 	 Best VMSE: 0.28711239
[2020-10-23 13:19:47] esCNN.cv13: Checkpoint saved to experiments/normal/sili/esCNN_random_sili_h1
[2020-10-23 13:19:47] esCNN.cv13: Channel size: 51 	 Kernel size: 6 
Training MSE: 0.10959730 	 Validating MSE: 0.29290840 	 Best VMSE: 0.28711239
[2020-10-23 13:19:47] esCNN.cv13: Checkpoint saved to experiments/normal/sili/esCNN_random_sili_h1
[2020-10-23 13:19:47] esCNN.cv13: Channel size: 52 	 Kernel size: 6 
Training MSE: 0.10945547 	 Validating MSE: 0.28929859 	 Best VMSE: 0.28711239
[2020-10-23 13:19:47] esCNN.cv13: Checkpoint saved to experiments/normal/sili/esCNN_random_sili_h1
[2020-10-23 13:19:47] esCNN.cv13: Channel size: 53 	 Kernel size: 6 
Training MSE: 0.10938162 	 Validating MSE: 0.29239070 	 Best VMSE: 0.28711239
[2020-10-23 13:19:47] esCNN.cv13: Checkpoint saved to experiments/normal/sili/esCNN_random_sili_h1
[2020-10-23 13:19:47] esCNN.cv13: Channel size: 54 	 Kernel size: 6 
Training MSE: 0.10930622 	 Validating MSE: 0.29204920 	 Best VMSE: 0.28711239
[2020-10-23 13:19:47] esCNN.cv13: Checkpoint saved to experiments/normal/sili/esCNN_random_sili_h1
[2020-10-23 13:19:48] esCNN.cv13: Channel size: 55 	 Kernel size: 6 
Training MSE: 0.10928086 	 Validating MSE: 0.29237694 	 Best VMSE: 0.28711239
[2020-10-23 13:19:48] esCNN.cv13: Checkpoint saved to experiments/normal/sili/esCNN_random_sili_h1
[2020-10-23 13:19:48] esCNN.cv13: Channel size: 56 	 Kernel size: 6 
Training MSE: 0.10925074 	 Validating MSE: 0.29197001 	 Best VMSE: 0.28711239
[2020-10-23 13:19:48] esCNN.cv13: Checkpoint saved to experiments/normal/sili/esCNN_random_sili_h1
[2020-10-23 13:19:48] esCNN.cv13: Channel size: 57 	 Kernel size: 6 
Training MSE: 0.10915338 	 Validating MSE: 0.29294902 	 Best VMSE: 0.28711239
[2020-10-23 13:19:48] esCNN.cv13: Checkpoint saved to experiments/normal/sili/esCNN_random_sili_h1
[2020-10-23 13:19:48] esCNN.cv13: Channel size: 58 	 Kernel size: 6 
Training MSE: 0.10895220 	 Validating MSE: 0.29150096 	 Best VMSE: 0.28711239
[2020-10-23 13:19:48] esCNN.cv13: Checkpoint saved to experiments/normal/sili/esCNN_random_sili_h1
[2020-10-23 13:19:48] esCNN.cv13: Channel size: 59 	 Kernel size: 6 
Training MSE: 0.10890708 	 Validating MSE: 0.29153571 	 Best VMSE: 0.28711239
[2020-10-23 13:19:48] esCNN.cv13: Checkpoint saved to experiments/normal/sili/esCNN_random_sili_h1
[2020-10-23 13:19:48] esCNN.cv13: Channel size: 60 	 Kernel size: 6 
Training MSE: 0.10887896 	 Validating MSE: 0.29094559 	 Best VMSE: 0.28711239
[2020-10-23 13:19:48] esCNN.cv13: Checkpoint saved to experiments/normal/sili/esCNN_random_sili_h1
[2020-10-23 13:19:48] esCNN.cv13: Channel size: 61 	 Kernel size: 6 
Training MSE: 0.10885920 	 Validating MSE: 0.29325366 	 Best VMSE: 0.28711239
[2020-10-23 13:19:48] esCNN.cv13: Checkpoint saved to experiments/normal/sili/esCNN_random_sili_h1
[2020-10-23 13:19:48] esCNN.cv13: Channel size: 62 	 Kernel size: 6 
Training MSE: 0.10870761 	 Validating MSE: 0.29510766 	 Best VMSE: 0.28711239
[2020-10-23 13:19:48] esCNN.cv13: Checkpoint saved to experiments/normal/sili/esCNN_random_sili_h1
[2020-10-23 13:19:48] esCNN.cv13: Channel size: 63 	 Kernel size: 6 
Training MSE: 0.10857156 	 Validating MSE: 0.29228160 	 Best VMSE: 0.28711239
[2020-10-23 13:19:48] esCNN.cv13: Checkpoint saved to experiments/normal/sili/esCNN_random_sili_h1
[2020-10-23 13:19:48] esCNN.cv13: Channel size: 64 	 Kernel size: 6 
Training MSE: 0.10847364 	 Validating MSE: 0.29594374 	 Best VMSE: 0.28711239
[2020-10-23 13:19:48] esCNN.cv13: Checkpoint saved to experiments/normal/sili/esCNN_random_sili_h1
[2020-10-23 13:19:48] esCNN.cv13: Channel size: 65 	 Kernel size: 6 
Training MSE: 0.10841868 	 Validating MSE: 0.29689044 	 Best VMSE: 0.28711239
[2020-10-23 13:19:48] esCNN.cv13: Checkpoint saved to experiments/normal/sili/esCNN_random_sili_h1
[2020-10-23 13:19:48] esCNN.cv13: Channel size: 66 	 Kernel size: 6 
Training MSE: 0.10827422 	 Validating MSE: 0.29445136 	 Best VMSE: 0.28711239
[2020-10-23 13:19:48] esCNN.cv13: Checkpoint saved to experiments/normal/sili/esCNN_random_sili_h1
[2020-10-23 13:19:48] esCNN.cv13: Channel size: 67 	 Kernel size: 6 
Training MSE: 0.10815796 	 Validating MSE: 0.29527768 	 Best VMSE: 0.28711239
[2020-10-23 13:19:48] esCNN.cv13: Checkpoint saved to experiments/normal/sili/esCNN_random_sili_h1
[2020-10-23 13:19:48] esCNN.cv13: Channel size: 68 	 Kernel size: 6 
Training MSE: 0.10797147 	 Validating MSE: 0.29837212 	 Best VMSE: 0.28711239
[2020-10-23 13:19:48] esCNN.cv13: Checkpoint saved to experiments/normal/sili/esCNN_random_sili_h1
[2020-10-23 13:19:49] esCNN.cv13: Channel size: 69 	 Kernel size: 6 
Training MSE: 0.10790426 	 Validating MSE: 0.29876998 	 Best VMSE: 0.28711239
[2020-10-23 13:19:49] esCNN.cv13: Checkpoint saved to experiments/normal/sili/esCNN_random_sili_h1
[2020-10-23 13:19:49] esCNN.cv13: Channel size: 70 	 Kernel size: 6 
Training MSE: 0.10783779 	 Validating MSE: 0.29417685 	 Best VMSE: 0.28711239
[2020-10-23 13:19:49] esCNN.cv13: Checkpoint saved to experiments/normal/sili/esCNN_random_sili_h1
[2020-10-23 13:19:49] esCNN.cv13: Channel size: 71 	 Kernel size: 6 
Training MSE: 0.10770573 	 Validating MSE: 0.29357553 	 Best VMSE: 0.28711239
[2020-10-23 13:19:49] esCNN.cv13: Checkpoint saved to experiments/normal/sili/esCNN_random_sili_h1
[2020-10-23 13:19:49] esCNN.cv13: Channel size: 72 	 Kernel size: 6 
Training MSE: 0.10752066 	 Validating MSE: 0.29633337 	 Best VMSE: 0.28711239
[2020-10-23 13:19:49] esCNN.cv13: Checkpoint saved to experiments/normal/sili/esCNN_random_sili_h1
[2020-10-23 13:19:49] esCNN.cv13: Channel size: 73 	 Kernel size: 6 
Training MSE: 0.10745899 	 Validating MSE: 0.29675579 	 Best VMSE: 0.28711239
[2020-10-23 13:19:49] esCNN.cv13: Checkpoint saved to experiments/normal/sili/esCNN_random_sili_h1
[2020-10-23 13:19:49] esCNN.cv13: Channel size: 74 	 Kernel size: 6 
Training MSE: 0.10742038 	 Validating MSE: 0.29676837 	 Best VMSE: 0.28711239
[2020-10-23 13:19:49] esCNN.cv13: Checkpoint saved to experiments/normal/sili/esCNN_random_sili_h1
[2020-10-23 13:19:49] esCNN.cv13: Channel size: 75 	 Kernel size: 6 
Training MSE: 0.10735118 	 Validating MSE: 0.29865643 	 Best VMSE: 0.28711239
[2020-10-23 13:19:49] esCNN.cv13: Checkpoint saved to experiments/normal/sili/esCNN_random_sili_h1
[2020-10-23 13:19:49] esCNN.cv13: Channel size: 76 	 Kernel size: 6 
Training MSE: 0.10727046 	 Validating MSE: 0.29794306 	 Best VMSE: 0.28711239
[2020-10-23 13:19:49] esCNN.cv13: Checkpoint saved to experiments/normal/sili/esCNN_random_sili_h1
[2020-10-23 13:19:49] esCNN.cv13: Channel size: 77 	 Kernel size: 6 
Training MSE: 0.10723820 	 Validating MSE: 0.30013809 	 Best VMSE: 0.28711239
[2020-10-23 13:19:49] esCNN.cv13: Checkpoint saved to experiments/normal/sili/esCNN_random_sili_h1
[2020-10-23 13:19:49] esCNN.cv13: Channel size: 78 	 Kernel size: 6 
Training MSE: 0.10723252 	 Validating MSE: 0.29925820 	 Best VMSE: 0.28711239
[2020-10-23 13:19:49] esCNN.cv13: Checkpoint saved to experiments/normal/sili/esCNN_random_sili_h1
[2020-10-23 13:19:49] esCNN.cv13: Channel size: 79 	 Kernel size: 6 
Training MSE: 0.10719357 	 Validating MSE: 0.29830727 	 Best VMSE: 0.28711239
[2020-10-23 13:19:49] esCNN.cv13: Checkpoint saved to experiments/normal/sili/esCNN_random_sili_h1
[2020-10-23 13:19:49] esCNN.cv13: Channel size: 80 	 Kernel size: 6 
Training MSE: 0.10692339 	 Validating MSE: 0.30320868 	 Best VMSE: 0.28711239
[2020-10-23 13:19:49] esCNN.cv13: Checkpoint saved to experiments/normal/sili/esCNN_random_sili_h1
[2020-10-23 13:19:50] esCNN.cv13: Channel size: 81 	 Kernel size: 6 
Training MSE: 0.10669671 	 Validating MSE: 0.30584997 	 Best VMSE: 0.28711239
[2020-10-23 13:19:50] esCNN.cv13: Checkpoint saved to experiments/normal/sili/esCNN_random_sili_h1
[2020-10-23 13:19:50] esCNN.cv13: Channel size: 82 	 Kernel size: 6 
Training MSE: 0.10665839 	 Validating MSE: 0.30149063 	 Best VMSE: 0.28711239
[2020-10-23 13:19:50] esCNN.cv13: Checkpoint saved to experiments/normal/sili/esCNN_random_sili_h1
[2020-10-23 13:19:50] esCNN.cv13: Channel size: 83 	 Kernel size: 6 
Training MSE: 0.10662933 	 Validating MSE: 0.30059272 	 Best VMSE: 0.28711239
[2020-10-23 13:19:50] esCNN.cv13: Checkpoint saved to experiments/normal/sili/esCNN_random_sili_h1
[2020-10-23 13:19:50] esCNN.cv13: Channel size: 84 	 Kernel size: 6 
Training MSE: 0.10658200 	 Validating MSE: 0.30162707 	 Best VMSE: 0.28711239
[2020-10-23 13:19:50] esCNN.cv13: Checkpoint saved to experiments/normal/sili/esCNN_random_sili_h1
[2020-10-23 13:19:50] esCNN.cv13: Channel size: 85 	 Kernel size: 6 
Training MSE: 0.10656618 	 Validating MSE: 0.30235156 	 Best VMSE: 0.28711239
[2020-10-23 13:19:50] esCNN.cv13: Checkpoint saved to experiments/normal/sili/esCNN_random_sili_h1
[2020-10-23 13:19:50] esCNN.cv13: Channel size: 86 	 Kernel size: 6 
Training MSE: 0.10652185 	 Validating MSE: 0.30315307 	 Best VMSE: 0.28711239
[2020-10-23 13:19:50] esCNN.cv13: Checkpoint saved to experiments/normal/sili/esCNN_random_sili_h1
[2020-10-23 13:19:50] esCNN.cv13: Channel size: 87 	 Kernel size: 6 
Training MSE: 0.10640547 	 Validating MSE: 0.30097222 	 Best VMSE: 0.28711239
[2020-10-23 13:19:50] esCNN.cv13: Checkpoint saved to experiments/normal/sili/esCNN_random_sili_h1
[2020-10-23 13:19:50] esCNN.cv13: Channel size: 88 	 Kernel size: 6 
Training MSE: 0.10631350 	 Validating MSE: 0.30181664 	 Best VMSE: 0.28711239
[2020-10-23 13:19:50] esCNN.cv13: Checkpoint saved to experiments/normal/sili/esCNN_random_sili_h1
[2020-10-23 13:19:50] esCNN.cv13: Channel size: 89 	 Kernel size: 6 
Training MSE: 0.10624877 	 Validating MSE: 0.30094409 	 Best VMSE: 0.28711239
[2020-10-23 13:19:50] esCNN.cv13: Checkpoint saved to experiments/normal/sili/esCNN_random_sili_h1
[2020-10-23 13:19:50] esCNN.cv13: Channel size: 90 	 Kernel size: 6 
Training MSE: 0.10612227 	 Validating MSE: 0.30632931 	 Best VMSE: 0.28711239
[2020-10-23 13:19:50] esCNN.cv13: Checkpoint saved to experiments/normal/sili/esCNN_random_sili_h1
[2020-10-23 13:19:50] esCNN.cv13: Channel size: 91 	 Kernel size: 6 
Training MSE: 0.10603940 	 Validating MSE: 0.30496889 	 Best VMSE: 0.28711239
[2020-10-23 13:19:50] esCNN.cv13: Checkpoint saved to experiments/normal/sili/esCNN_random_sili_h1
[2020-10-23 13:19:51] esCNN.cv13: Channel size: 92 	 Kernel size: 6 
Training MSE: 0.10601023 	 Validating MSE: 0.30516669 	 Best VMSE: 0.28711239
[2020-10-23 13:19:51] esCNN.cv13: Checkpoint saved to experiments/normal/sili/esCNN_random_sili_h1
[2020-10-23 13:19:51] esCNN.cv13: Channel size: 93 	 Kernel size: 6 
Training MSE: 0.10598128 	 Validating MSE: 0.30380529 	 Best VMSE: 0.28711239
[2020-10-23 13:19:51] esCNN.cv13: Checkpoint saved to experiments/normal/sili/esCNN_random_sili_h1
[2020-10-23 13:19:51] esCNN.cv13: Channel size: 94 	 Kernel size: 6 
Training MSE: 0.10596702 	 Validating MSE: 0.30227578 	 Best VMSE: 0.28711239
[2020-10-23 13:19:51] esCNN.cv13: Checkpoint saved to experiments/normal/sili/esCNN_random_sili_h1
[2020-10-23 13:19:51] esCNN.cv13: Channel size: 95 	 Kernel size: 6 
Training MSE: 0.10589706 	 Validating MSE: 0.30445814 	 Best VMSE: 0.28711239
[2020-10-23 13:19:51] esCNN.cv13: Checkpoint saved to experiments/normal/sili/esCNN_random_sili_h1
[2020-10-23 13:19:51] esCNN.cv13: Channel size: 96 	 Kernel size: 6 
Training MSE: 0.10581551 	 Validating MSE: 0.30753201 	 Best VMSE: 0.28711239
[2020-10-23 13:19:51] esCNN.cv13: Checkpoint saved to experiments/normal/sili/esCNN_random_sili_h1
[2020-10-23 13:19:51] esCNN.cv13: Channel size: 97 	 Kernel size: 6 
Training MSE: 0.10570022 	 Validating MSE: 0.30360886 	 Best VMSE: 0.28711239
[2020-10-23 13:19:51] esCNN.cv13: Checkpoint saved to experiments/normal/sili/esCNN_random_sili_h1
[2020-10-23 13:19:51] esCNN.cv13: Channel size: 98 	 Kernel size: 6 
Training MSE: 0.10567971 	 Validating MSE: 0.30489811 	 Best VMSE: 0.28711239
[2020-10-23 13:19:51] esCNN.cv13: Checkpoint saved to experiments/normal/sili/esCNN_random_sili_h1
[2020-10-23 13:19:51] esCNN.cv13: Channel size: 99 	 Kernel size: 6 
Training MSE: 0.10566942 	 Validating MSE: 0.30528504 	 Best VMSE: 0.28711239
[2020-10-23 13:19:51] esCNN.cv13: Checkpoint saved to experiments/normal/sili/esCNN_random_sili_h1
[2020-10-23 13:19:51] esCNN.cv13: Channel size: 100 	 Kernel size: 6 
Training MSE: 0.10562271 	 Validating MSE: 0.30633813 	 Best VMSE: 0.28711239
[2020-10-23 13:19:51] esCNN.cv13: Checkpoint saved to experiments/normal/sili/esCNN_random_sili_h1
[2020-10-23 13:19:51] esCNN.cv13: Restoring best parameters from experiments/normal/sili/esCNN_random_sili_h1/train.cv13.pth.tar
[2020-10-23 13:19:51] esCNN.cv13: sili	 H: 1	 Trail: 36 
Testing RMSE: 0.647 	 MAPE: 0.09575 	 SMAPE: 0.0487
