[2020-10-23 13:19:06] esCNN.cv12: Loading the datasets and model for 30th-batch-training
[2020-10-23 13:19:06] esCNN.cv12: Argument channel_size: 100
[2020-10-23 13:19:06] esCNN.cv12: Argument candidate_size: 300
[2020-10-23 13:19:06] esCNN.cv12: Argument kernel_size: 6
[2020-10-23 13:19:06] esCNN.cv12: Argument kernel_list: [8, 6, 5, 4]
[2020-10-23 13:19:06] esCNN.cv12: Argument Lambdas: [0.5, 1, 5, 15, 30, 50, 100, 150, 200]
[2020-10-23 13:19:06] esCNN.cv12: Argument Lambdas_std: [0.01, 0.05, 0.1, 0.5, 1]
[2020-10-23 13:19:06] esCNN.cv12: Argument r: [0.8, 0.9, 0.99, 0.9999, 0.999999]
[2020-10-23 13:19:06] esCNN.cv12: Argument tolerance: 0
[2020-10-23 13:19:06] esCNN.cv12: Argument device: device(type='cuda')
[2020-10-23 13:19:06] esCNN.cv12: Argument dataset: 'sili'
[2020-10-23 13:19:06] esCNN.cv12: Argument H: 1
[2020-10-23 13:19:06] esCNN.cv12: Argument k: 5
[2020-10-23 13:19:06] esCNN.cv12: Argument test: False
[2020-10-23 13:19:06] esCNN.cv12: Argument search: 'random'
[2020-10-23 13:19:06] esCNN.cv12: Argument normal: True
[2020-10-23 13:19:06] esCNN.cv12: Argument diff: False
[2020-10-23 13:19:06] esCNN.cv12: Argument times: 60
[2020-10-23 13:19:06] esCNN.cv12: Argument datasets: {'ar1': {'lag_order': 15, 'normal': True, 'cov_dim': 0, 'kernel_size': 3}, 'wti': {'lag_order': 25, 'normal': True, 'cov_dim': 0, 'kernel_size': 5}, 'gold': {'lag_order': 25, 'normal': True, 'cov_dim': 0, 'kernel_size': 5}, 'sp': {'lag_order': 25, 'normal': True, 'cov_dim': 0, 'kernel_size': 5}, 'brent': {'lag_order': 24, 'normal': True, 'cov_dim': 0, 'kernel_size': 6}, 'sili': {'lag_order': 26, 'normal': True, 'cov_dim': 0, 'kernel_size': 6}}
[2020-10-23 13:19:06] esCNN.cv12: Argument steps: 26
[2020-10-23 13:19:06] esCNN.cv12: Argument cov_dim: 0
[2020-10-23 13:19:06] esCNN.cv12: Argument experiment: 'experiments/normal/sili'
[2020-10-23 13:19:06] esCNN.cv12: Argument scaler: StandardScaler()
[2020-10-23 13:19:06] esCNN.cv12: Argument model_name: 'esCNN_random_sili_h1'
[2020-10-23 13:19:06] esCNN.cv12: Argument model_dir: 'experiments/normal/sili/esCNN_random_sili_h1'
[2020-10-23 13:19:06] esCNN.cv12: Argument In_channels: 1
[2020-10-23 13:19:06] esCNN.cv12: Argument restore: True
[2020-10-23 13:19:06] esCNN.cv12: Argument cv: 12
[2020-10-23 13:19:06] esCNN.cv12: Argument plot_dir: 'experiments/normal/sili/esCNN_random_sili_h1/figures'
[2020-10-23 13:19:06] esCNN.cv12: Using Cuda...
[2020-10-23 13:19:06] esCNN.cv12: Loading complete.
[2020-10-23 13:19:06] esCNN.cv12: Model: 
ES_CNN(
  (Pool): AvgPool1d(kernel_size=(3,), stride=(1,), padding=(0,))
  (loss_fn): MSELoss()
)
[2020-10-23 13:19:06] esCNN.cv12: Found new best state
[2020-10-23 13:19:06] esCNN.cv12: Best vmse: 0.9086
[2020-10-23 13:19:06] esCNN.cv12: Channel size: 1 	 Kernel size: 6 
Training MSE: 0.27109775 	 Validating MSE: 0.90861946 	 Best VMSE: 0.90861946
[2020-10-23 13:19:06] esCNN.cv12: Checkpoint saved to experiments/normal/sili/esCNN_random_sili_h1
[2020-10-23 13:19:06] esCNN.cv12: Found new best state
[2020-10-23 13:19:06] esCNN.cv12: Best vmse: 0.3232
[2020-10-23 13:19:06] esCNN.cv12: Channel size: 2 	 Kernel size: 6 
Training MSE: 0.12553045 	 Validating MSE: 0.32322910 	 Best VMSE: 0.32322910
[2020-10-23 13:19:06] esCNN.cv12: Checkpoint saved to experiments/normal/sili/esCNN_random_sili_h1
[2020-10-23 13:19:07] esCNN.cv12: Channel size: 3 	 Kernel size: 6 
Training MSE: 0.12000240 	 Validating MSE: 0.32847938 	 Best VMSE: 0.32322910
[2020-10-23 13:19:07] esCNN.cv12: Checkpoint saved to experiments/normal/sili/esCNN_random_sili_h1
[2020-10-23 13:19:07] esCNN.cv12: Found new best state
[2020-10-23 13:19:07] esCNN.cv12: Best vmse: 0.3076
[2020-10-23 13:19:07] esCNN.cv12: Channel size: 4 	 Kernel size: 6 
Training MSE: 0.11567966 	 Validating MSE: 0.30761182 	 Best VMSE: 0.30761182
[2020-10-23 13:19:07] esCNN.cv12: Checkpoint saved to experiments/normal/sili/esCNN_random_sili_h1
[2020-10-23 13:19:07] esCNN.cv12: Found new best state
[2020-10-23 13:19:07] esCNN.cv12: Best vmse: 0.2950
[2020-10-23 13:19:07] esCNN.cv12: Channel size: 5 	 Kernel size: 6 
Training MSE: 0.11380724 	 Validating MSE: 0.29497501 	 Best VMSE: 0.29497501
[2020-10-23 13:19:07] esCNN.cv12: Checkpoint saved to experiments/normal/sili/esCNN_random_sili_h1
[2020-10-23 13:19:07] esCNN.cv12: Found new best state
[2020-10-23 13:19:07] esCNN.cv12: Best vmse: 0.2922
[2020-10-23 13:19:07] esCNN.cv12: Channel size: 6 	 Kernel size: 6 
Training MSE: 0.11332421 	 Validating MSE: 0.29219079 	 Best VMSE: 0.29219079
[2020-10-23 13:19:07] esCNN.cv12: Checkpoint saved to experiments/normal/sili/esCNN_random_sili_h1
[2020-10-23 13:19:07] esCNN.cv12: Found new best state
[2020-10-23 13:19:07] esCNN.cv12: Best vmse: 0.2892
[2020-10-23 13:19:07] esCNN.cv12: Channel size: 7 	 Kernel size: 6 
Training MSE: 0.11257550 	 Validating MSE: 0.28918597 	 Best VMSE: 0.28918597
[2020-10-23 13:19:07] esCNN.cv12: Checkpoint saved to experiments/normal/sili/esCNN_random_sili_h1
[2020-10-23 13:19:07] esCNN.cv12: Found new best state
[2020-10-23 13:19:07] esCNN.cv12: Best vmse: 0.2874
[2020-10-23 13:19:07] esCNN.cv12: Channel size: 8 	 Kernel size: 6 
Training MSE: 0.11234149 	 Validating MSE: 0.28735062 	 Best VMSE: 0.28735062
[2020-10-23 13:19:07] esCNN.cv12: Checkpoint saved to experiments/normal/sili/esCNN_random_sili_h1
[2020-10-23 13:19:07] esCNN.cv12: Found new best state
[2020-10-23 13:19:07] esCNN.cv12: Best vmse: 0.2869
[2020-10-23 13:19:07] esCNN.cv12: Channel size: 9 	 Kernel size: 6 
Training MSE: 0.11228614 	 Validating MSE: 0.28688332 	 Best VMSE: 0.28688332
[2020-10-23 13:19:07] esCNN.cv12: Checkpoint saved to experiments/normal/sili/esCNN_random_sili_h1
[2020-10-23 13:19:07] esCNN.cv12: Channel size: 10 	 Kernel size: 6 
Training MSE: 0.11222278 	 Validating MSE: 0.28818315 	 Best VMSE: 0.28688332
[2020-10-23 13:19:07] esCNN.cv12: Checkpoint saved to experiments/normal/sili/esCNN_random_sili_h1
[2020-10-23 13:19:07] esCNN.cv12: Channel size: 11 	 Kernel size: 6 
Training MSE: 0.11212175 	 Validating MSE: 0.28771326 	 Best VMSE: 0.28688332
[2020-10-23 13:19:07] esCNN.cv12: Checkpoint saved to experiments/normal/sili/esCNN_random_sili_h1
[2020-10-23 13:19:07] esCNN.cv12: Channel size: 12 	 Kernel size: 6 
Training MSE: 0.11196879 	 Validating MSE: 0.28851202 	 Best VMSE: 0.28688332
[2020-10-23 13:19:07] esCNN.cv12: Checkpoint saved to experiments/normal/sili/esCNN_random_sili_h1
[2020-10-23 13:19:07] esCNN.cv12: Channel size: 13 	 Kernel size: 6 
Training MSE: 0.11188344 	 Validating MSE: 0.28891572 	 Best VMSE: 0.28688332
[2020-10-23 13:19:07] esCNN.cv12: Checkpoint saved to experiments/normal/sili/esCNN_random_sili_h1
[2020-10-23 13:19:07] esCNN.cv12: Channel size: 14 	 Kernel size: 6 
Training MSE: 0.11170936 	 Validating MSE: 0.28738555 	 Best VMSE: 0.28688332
[2020-10-23 13:19:07] esCNN.cv12: Checkpoint saved to experiments/normal/sili/esCNN_random_sili_h1
[2020-10-23 13:19:07] esCNN.cv12: Channel size: 15 	 Kernel size: 6 
Training MSE: 0.11154628 	 Validating MSE: 0.28908554 	 Best VMSE: 0.28688332
[2020-10-23 13:19:07] esCNN.cv12: Checkpoint saved to experiments/normal/sili/esCNN_random_sili_h1
[2020-10-23 13:19:07] esCNN.cv12: Channel size: 16 	 Kernel size: 6 
Training MSE: 0.11147279 	 Validating MSE: 0.28822097 	 Best VMSE: 0.28688332
[2020-10-23 13:19:07] esCNN.cv12: Checkpoint saved to experiments/normal/sili/esCNN_random_sili_h1
[2020-10-23 13:19:07] esCNN.cv12: Channel size: 17 	 Kernel size: 6 
Training MSE: 0.11144751 	 Validating MSE: 0.28939974 	 Best VMSE: 0.28688332
[2020-10-23 13:19:07] esCNN.cv12: Checkpoint saved to experiments/normal/sili/esCNN_random_sili_h1
[2020-10-23 13:19:07] esCNN.cv12: Channel size: 18 	 Kernel size: 6 
Training MSE: 0.11125377 	 Validating MSE: 0.29042959 	 Best VMSE: 0.28688332
[2020-10-23 13:19:07] esCNN.cv12: Checkpoint saved to experiments/normal/sili/esCNN_random_sili_h1
[2020-10-23 13:19:07] esCNN.cv12: Found new best state
[2020-10-23 13:19:07] esCNN.cv12: Best vmse: 0.2868
[2020-10-23 13:19:07] esCNN.cv12: Channel size: 19 	 Kernel size: 6 
Training MSE: 0.11105893 	 Validating MSE: 0.28682357 	 Best VMSE: 0.28682357
[2020-10-23 13:19:07] esCNN.cv12: Checkpoint saved to experiments/normal/sili/esCNN_random_sili_h1
[2020-10-23 13:19:07] esCNN.cv12: Channel size: 20 	 Kernel size: 6 
Training MSE: 0.11101634 	 Validating MSE: 0.28868854 	 Best VMSE: 0.28682357
[2020-10-23 13:19:07] esCNN.cv12: Checkpoint saved to experiments/normal/sili/esCNN_random_sili_h1
[2020-10-23 13:19:07] esCNN.cv12: Channel size: 21 	 Kernel size: 6 
Training MSE: 0.11100072 	 Validating MSE: 0.28812408 	 Best VMSE: 0.28682357
[2020-10-23 13:19:07] esCNN.cv12: Checkpoint saved to experiments/normal/sili/esCNN_random_sili_h1
[2020-10-23 13:19:07] esCNN.cv12: Channel size: 22 	 Kernel size: 6 
Training MSE: 0.11098777 	 Validating MSE: 0.28832927 	 Best VMSE: 0.28682357
[2020-10-23 13:19:07] esCNN.cv12: Checkpoint saved to experiments/normal/sili/esCNN_random_sili_h1
[2020-10-23 13:19:07] esCNN.cv12: Channel size: 23 	 Kernel size: 6 
Training MSE: 0.11097068 	 Validating MSE: 0.28872958 	 Best VMSE: 0.28682357
[2020-10-23 13:19:07] esCNN.cv12: Checkpoint saved to experiments/normal/sili/esCNN_random_sili_h1
[2020-10-23 13:19:07] esCNN.cv12: Channel size: 24 	 Kernel size: 6 
Training MSE: 0.11090872 	 Validating MSE: 0.28919053 	 Best VMSE: 0.28682357
[2020-10-23 13:19:07] esCNN.cv12: Checkpoint saved to experiments/normal/sili/esCNN_random_sili_h1
[2020-10-23 13:19:07] esCNN.cv12: Channel size: 25 	 Kernel size: 6 
Training MSE: 0.11085295 	 Validating MSE: 0.28858215 	 Best VMSE: 0.28682357
[2020-10-23 13:19:07] esCNN.cv12: Checkpoint saved to experiments/normal/sili/esCNN_random_sili_h1
[2020-10-23 13:19:07] esCNN.cv12: Channel size: 26 	 Kernel size: 6 
Training MSE: 0.11083379 	 Validating MSE: 0.28896707 	 Best VMSE: 0.28682357
[2020-10-23 13:19:07] esCNN.cv12: Checkpoint saved to experiments/normal/sili/esCNN_random_sili_h1
[2020-10-23 13:19:07] esCNN.cv12: Channel size: 27 	 Kernel size: 6 
Training MSE: 0.11081957 	 Validating MSE: 0.28882429 	 Best VMSE: 0.28682357
[2020-10-23 13:19:07] esCNN.cv12: Checkpoint saved to experiments/normal/sili/esCNN_random_sili_h1
[2020-10-23 13:19:07] esCNN.cv12: Channel size: 28 	 Kernel size: 6 
Training MSE: 0.11077125 	 Validating MSE: 0.28833857 	 Best VMSE: 0.28682357
[2020-10-23 13:19:07] esCNN.cv12: Checkpoint saved to experiments/normal/sili/esCNN_random_sili_h1
[2020-10-23 13:19:08] esCNN.cv12: Found new best state
[2020-10-23 13:19:08] esCNN.cv12: Best vmse: 0.2839
[2020-10-23 13:19:08] esCNN.cv12: Channel size: 29 	 Kernel size: 6 
Training MSE: 0.11062982 	 Validating MSE: 0.28389180 	 Best VMSE: 0.28389180
[2020-10-23 13:19:08] esCNN.cv12: Checkpoint saved to experiments/normal/sili/esCNN_random_sili_h1
[2020-10-23 13:19:08] esCNN.cv12: Channel size: 30 	 Kernel size: 6 
Training MSE: 0.11055934 	 Validating MSE: 0.28502190 	 Best VMSE: 0.28389180
[2020-10-23 13:19:08] esCNN.cv12: Checkpoint saved to experiments/normal/sili/esCNN_random_sili_h1
[2020-10-23 13:19:08] esCNN.cv12: Channel size: 31 	 Kernel size: 6 
Training MSE: 0.11051673 	 Validating MSE: 0.28485286 	 Best VMSE: 0.28389180
[2020-10-23 13:19:08] esCNN.cv12: Checkpoint saved to experiments/normal/sili/esCNN_random_sili_h1
[2020-10-23 13:19:08] esCNN.cv12: Channel size: 32 	 Kernel size: 6 
Training MSE: 0.11047682 	 Validating MSE: 0.28511861 	 Best VMSE: 0.28389180
[2020-10-23 13:19:08] esCNN.cv12: Checkpoint saved to experiments/normal/sili/esCNN_random_sili_h1
[2020-10-23 13:19:08] esCNN.cv12: Channel size: 33 	 Kernel size: 6 
Training MSE: 0.11045308 	 Validating MSE: 0.28763077 	 Best VMSE: 0.28389180
[2020-10-23 13:19:08] esCNN.cv12: Checkpoint saved to experiments/normal/sili/esCNN_random_sili_h1
[2020-10-23 13:19:08] esCNN.cv12: Channel size: 34 	 Kernel size: 6 
Training MSE: 0.11044575 	 Validating MSE: 0.28852683 	 Best VMSE: 0.28389180
[2020-10-23 13:19:08] esCNN.cv12: Checkpoint saved to experiments/normal/sili/esCNN_random_sili_h1
[2020-10-23 13:19:08] esCNN.cv12: Channel size: 35 	 Kernel size: 6 
Training MSE: 0.11041941 	 Validating MSE: 0.28739434 	 Best VMSE: 0.28389180
[2020-10-23 13:19:08] esCNN.cv12: Checkpoint saved to experiments/normal/sili/esCNN_random_sili_h1
[2020-10-23 13:19:08] esCNN.cv12: Channel size: 36 	 Kernel size: 6 
Training MSE: 0.11034620 	 Validating MSE: 0.28672537 	 Best VMSE: 0.28389180
[2020-10-23 13:19:08] esCNN.cv12: Checkpoint saved to experiments/normal/sili/esCNN_random_sili_h1
[2020-10-23 13:19:08] esCNN.cv12: Channel size: 37 	 Kernel size: 6 
Training MSE: 0.11031240 	 Validating MSE: 0.28749207 	 Best VMSE: 0.28389180
[2020-10-23 13:19:08] esCNN.cv12: Checkpoint saved to experiments/normal/sili/esCNN_random_sili_h1
[2020-10-23 13:19:08] esCNN.cv12: Channel size: 38 	 Kernel size: 6 
Training MSE: 0.11029214 	 Validating MSE: 0.28756192 	 Best VMSE: 0.28389180
[2020-10-23 13:19:08] esCNN.cv12: Checkpoint saved to experiments/normal/sili/esCNN_random_sili_h1
[2020-10-23 13:19:08] esCNN.cv12: Channel size: 39 	 Kernel size: 6 
Training MSE: 0.11020478 	 Validating MSE: 0.28631729 	 Best VMSE: 0.28389180
[2020-10-23 13:19:08] esCNN.cv12: Checkpoint saved to experiments/normal/sili/esCNN_random_sili_h1
[2020-10-23 13:19:08] esCNN.cv12: Channel size: 40 	 Kernel size: 6 
Training MSE: 0.11009543 	 Validating MSE: 0.28903979 	 Best VMSE: 0.28389180
[2020-10-23 13:19:08] esCNN.cv12: Checkpoint saved to experiments/normal/sili/esCNN_random_sili_h1
[2020-10-23 13:19:08] esCNN.cv12: Channel size: 41 	 Kernel size: 6 
Training MSE: 0.11006729 	 Validating MSE: 0.28842711 	 Best VMSE: 0.28389180
[2020-10-23 13:19:08] esCNN.cv12: Checkpoint saved to experiments/normal/sili/esCNN_random_sili_h1
[2020-10-23 13:19:08] esCNN.cv12: Channel size: 42 	 Kernel size: 6 
Training MSE: 0.11004230 	 Validating MSE: 0.28795519 	 Best VMSE: 0.28389180
[2020-10-23 13:19:08] esCNN.cv12: Checkpoint saved to experiments/normal/sili/esCNN_random_sili_h1
[2020-10-23 13:19:08] esCNN.cv12: Channel size: 43 	 Kernel size: 6 
Training MSE: 0.10998213 	 Validating MSE: 0.28757250 	 Best VMSE: 0.28389180
[2020-10-23 13:19:08] esCNN.cv12: Checkpoint saved to experiments/normal/sili/esCNN_random_sili_h1
[2020-10-23 13:19:08] esCNN.cv12: Channel size: 44 	 Kernel size: 6 
Training MSE: 0.10993584 	 Validating MSE: 0.28834605 	 Best VMSE: 0.28389180
[2020-10-23 13:19:08] esCNN.cv12: Checkpoint saved to experiments/normal/sili/esCNN_random_sili_h1
[2020-10-23 13:19:08] esCNN.cv12: Channel size: 45 	 Kernel size: 6 
Training MSE: 0.10988650 	 Validating MSE: 0.28814974 	 Best VMSE: 0.28389180
[2020-10-23 13:19:08] esCNN.cv12: Checkpoint saved to experiments/normal/sili/esCNN_random_sili_h1
[2020-10-23 13:19:08] esCNN.cv12: Channel size: 46 	 Kernel size: 6 
Training MSE: 0.10984007 	 Validating MSE: 0.28719756 	 Best VMSE: 0.28389180
[2020-10-23 13:19:08] esCNN.cv12: Checkpoint saved to experiments/normal/sili/esCNN_random_sili_h1
[2020-10-23 13:19:08] esCNN.cv12: Channel size: 47 	 Kernel size: 6 
Training MSE: 0.10982943 	 Validating MSE: 0.28726360 	 Best VMSE: 0.28389180
[2020-10-23 13:19:08] esCNN.cv12: Checkpoint saved to experiments/normal/sili/esCNN_random_sili_h1
[2020-10-23 13:19:09] esCNN.cv12: Channel size: 48 	 Kernel size: 6 
Training MSE: 0.10982482 	 Validating MSE: 0.28739539 	 Best VMSE: 0.28389180
[2020-10-23 13:19:09] esCNN.cv12: Checkpoint saved to experiments/normal/sili/esCNN_random_sili_h1
[2020-10-23 13:19:09] esCNN.cv12: Channel size: 49 	 Kernel size: 6 
Training MSE: 0.10978696 	 Validating MSE: 0.28729135 	 Best VMSE: 0.28389180
[2020-10-23 13:19:09] esCNN.cv12: Checkpoint saved to experiments/normal/sili/esCNN_random_sili_h1
[2020-10-23 13:19:09] esCNN.cv12: Channel size: 50 	 Kernel size: 6 
Training MSE: 0.10975947 	 Validating MSE: 0.28745827 	 Best VMSE: 0.28389180
[2020-10-23 13:19:09] esCNN.cv12: Checkpoint saved to experiments/normal/sili/esCNN_random_sili_h1
[2020-10-23 13:19:09] esCNN.cv12: Channel size: 51 	 Kernel size: 6 
Training MSE: 0.10964206 	 Validating MSE: 0.28930631 	 Best VMSE: 0.28389180
[2020-10-23 13:19:09] esCNN.cv12: Checkpoint saved to experiments/normal/sili/esCNN_random_sili_h1
[2020-10-23 13:19:09] esCNN.cv12: Channel size: 52 	 Kernel size: 6 
Training MSE: 0.10951018 	 Validating MSE: 0.28445882 	 Best VMSE: 0.28389180
[2020-10-23 13:19:09] esCNN.cv12: Checkpoint saved to experiments/normal/sili/esCNN_random_sili_h1
[2020-10-23 13:19:09] esCNN.cv12: Channel size: 53 	 Kernel size: 6 
Training MSE: 0.10938406 	 Validating MSE: 0.28538322 	 Best VMSE: 0.28389180
[2020-10-23 13:19:09] esCNN.cv12: Checkpoint saved to experiments/normal/sili/esCNN_random_sili_h1
[2020-10-23 13:19:09] esCNN.cv12: Channel size: 54 	 Kernel size: 6 
Training MSE: 0.10929315 	 Validating MSE: 0.28602767 	 Best VMSE: 0.28389180
[2020-10-23 13:19:09] esCNN.cv12: Checkpoint saved to experiments/normal/sili/esCNN_random_sili_h1
[2020-10-23 13:19:09] esCNN.cv12: Channel size: 55 	 Kernel size: 6 
Training MSE: 0.10926587 	 Validating MSE: 0.28875101 	 Best VMSE: 0.28389180
[2020-10-23 13:19:09] esCNN.cv12: Checkpoint saved to experiments/normal/sili/esCNN_random_sili_h1
[2020-10-23 13:19:09] esCNN.cv12: Channel size: 56 	 Kernel size: 6 
Training MSE: 0.10924555 	 Validating MSE: 0.28936186 	 Best VMSE: 0.28389180
[2020-10-23 13:19:09] esCNN.cv12: Checkpoint saved to experiments/normal/sili/esCNN_random_sili_h1
[2020-10-23 13:19:09] esCNN.cv12: Channel size: 57 	 Kernel size: 6 
Training MSE: 0.10917391 	 Validating MSE: 0.28732532 	 Best VMSE: 0.28389180
[2020-10-23 13:19:09] esCNN.cv12: Checkpoint saved to experiments/normal/sili/esCNN_random_sili_h1
[2020-10-23 13:19:09] esCNN.cv12: Channel size: 58 	 Kernel size: 6 
Training MSE: 0.10908700 	 Validating MSE: 0.28703469 	 Best VMSE: 0.28389180
[2020-10-23 13:19:09] esCNN.cv12: Checkpoint saved to experiments/normal/sili/esCNN_random_sili_h1
[2020-10-23 13:19:09] esCNN.cv12: Channel size: 59 	 Kernel size: 6 
Training MSE: 0.10902247 	 Validating MSE: 0.28582948 	 Best VMSE: 0.28389180
[2020-10-23 13:19:09] esCNN.cv12: Checkpoint saved to experiments/normal/sili/esCNN_random_sili_h1
[2020-10-23 13:19:09] esCNN.cv12: Channel size: 60 	 Kernel size: 6 
Training MSE: 0.10900576 	 Validating MSE: 0.28737816 	 Best VMSE: 0.28389180
[2020-10-23 13:19:09] esCNN.cv12: Checkpoint saved to experiments/normal/sili/esCNN_random_sili_h1
[2020-10-23 13:19:09] esCNN.cv12: Channel size: 61 	 Kernel size: 6 
Training MSE: 0.10898457 	 Validating MSE: 0.28812918 	 Best VMSE: 0.28389180
[2020-10-23 13:19:09] esCNN.cv12: Checkpoint saved to experiments/normal/sili/esCNN_random_sili_h1
[2020-10-23 13:19:09] esCNN.cv12: Channel size: 62 	 Kernel size: 6 
Training MSE: 0.10896505 	 Validating MSE: 0.28828058 	 Best VMSE: 0.28389180
[2020-10-23 13:19:09] esCNN.cv12: Checkpoint saved to experiments/normal/sili/esCNN_random_sili_h1
[2020-10-23 13:19:10] esCNN.cv12: Channel size: 63 	 Kernel size: 6 
Training MSE: 0.10893851 	 Validating MSE: 0.28759342 	 Best VMSE: 0.28389180
[2020-10-23 13:19:10] esCNN.cv12: Checkpoint saved to experiments/normal/sili/esCNN_random_sili_h1
[2020-10-23 13:19:10] esCNN.cv12: Channel size: 64 	 Kernel size: 6 
Training MSE: 0.10878786 	 Validating MSE: 0.28746665 	 Best VMSE: 0.28389180
[2020-10-23 13:19:10] esCNN.cv12: Checkpoint saved to experiments/normal/sili/esCNN_random_sili_h1
[2020-10-23 13:19:10] esCNN.cv12: Channel size: 65 	 Kernel size: 6 
Training MSE: 0.10825396 	 Validating MSE: 0.28692147 	 Best VMSE: 0.28389180
[2020-10-23 13:19:10] esCNN.cv12: Checkpoint saved to experiments/normal/sili/esCNN_random_sili_h1
[2020-10-23 13:19:10] esCNN.cv12: Channel size: 66 	 Kernel size: 6 
Training MSE: 0.10804096 	 Validating MSE: 0.28767371 	 Best VMSE: 0.28389180
[2020-10-23 13:19:10] esCNN.cv12: Checkpoint saved to experiments/normal/sili/esCNN_random_sili_h1
[2020-10-23 13:19:10] esCNN.cv12: Channel size: 67 	 Kernel size: 6 
Training MSE: 0.10788179 	 Validating MSE: 0.28734314 	 Best VMSE: 0.28389180
[2020-10-23 13:19:10] esCNN.cv12: Checkpoint saved to experiments/normal/sili/esCNN_random_sili_h1
[2020-10-23 13:19:10] esCNN.cv12: Channel size: 68 	 Kernel size: 6 
Training MSE: 0.10784113 	 Validating MSE: 0.28801304 	 Best VMSE: 0.28389180
[2020-10-23 13:19:10] esCNN.cv12: Checkpoint saved to experiments/normal/sili/esCNN_random_sili_h1
[2020-10-23 13:19:10] esCNN.cv12: Channel size: 69 	 Kernel size: 6 
Training MSE: 0.10779510 	 Validating MSE: 0.28667647 	 Best VMSE: 0.28389180
[2020-10-23 13:19:10] esCNN.cv12: Checkpoint saved to experiments/normal/sili/esCNN_random_sili_h1
[2020-10-23 13:19:10] esCNN.cv12: Channel size: 70 	 Kernel size: 6 
Training MSE: 0.10775802 	 Validating MSE: 0.28410795 	 Best VMSE: 0.28389180
[2020-10-23 13:19:10] esCNN.cv12: Checkpoint saved to experiments/normal/sili/esCNN_random_sili_h1
[2020-10-23 13:19:10] esCNN.cv12: Channel size: 71 	 Kernel size: 6 
Training MSE: 0.10762434 	 Validating MSE: 0.28744850 	 Best VMSE: 0.28389180
[2020-10-23 13:19:10] esCNN.cv12: Checkpoint saved to experiments/normal/sili/esCNN_random_sili_h1
[2020-10-23 13:19:10] esCNN.cv12: Channel size: 72 	 Kernel size: 6 
Training MSE: 0.10751806 	 Validating MSE: 0.28746870 	 Best VMSE: 0.28389180
[2020-10-23 13:19:10] esCNN.cv12: Checkpoint saved to experiments/normal/sili/esCNN_random_sili_h1
[2020-10-23 13:19:10] esCNN.cv12: Channel size: 73 	 Kernel size: 6 
Training MSE: 0.10725669 	 Validating MSE: 0.29099795 	 Best VMSE: 0.28389180
[2020-10-23 13:19:10] esCNN.cv12: Checkpoint saved to experiments/normal/sili/esCNN_random_sili_h1
[2020-10-23 13:19:10] esCNN.cv12: Channel size: 74 	 Kernel size: 6 
Training MSE: 0.10718356 	 Validating MSE: 0.28921002 	 Best VMSE: 0.28389180
[2020-10-23 13:19:10] esCNN.cv12: Checkpoint saved to experiments/normal/sili/esCNN_random_sili_h1
[2020-10-23 13:19:10] esCNN.cv12: Channel size: 75 	 Kernel size: 6 
Training MSE: 0.10713609 	 Validating MSE: 0.29009563 	 Best VMSE: 0.28389180
[2020-10-23 13:19:10] esCNN.cv12: Checkpoint saved to experiments/normal/sili/esCNN_random_sili_h1
[2020-10-23 13:19:11] esCNN.cv12: Channel size: 76 	 Kernel size: 6 
Training MSE: 0.10709544 	 Validating MSE: 0.29062197 	 Best VMSE: 0.28389180
[2020-10-23 13:19:11] esCNN.cv12: Checkpoint saved to experiments/normal/sili/esCNN_random_sili_h1
[2020-10-23 13:19:11] esCNN.cv12: Channel size: 77 	 Kernel size: 6 
Training MSE: 0.10703959 	 Validating MSE: 0.28832120 	 Best VMSE: 0.28389180
[2020-10-23 13:19:11] esCNN.cv12: Checkpoint saved to experiments/normal/sili/esCNN_random_sili_h1
[2020-10-23 13:19:11] esCNN.cv12: Channel size: 78 	 Kernel size: 6 
Training MSE: 0.10699172 	 Validating MSE: 0.28705305 	 Best VMSE: 0.28389180
[2020-10-23 13:19:11] esCNN.cv12: Checkpoint saved to experiments/normal/sili/esCNN_random_sili_h1
[2020-10-23 13:19:11] esCNN.cv12: Channel size: 79 	 Kernel size: 6 
Training MSE: 0.10695588 	 Validating MSE: 0.28708220 	 Best VMSE: 0.28389180
[2020-10-23 13:19:11] esCNN.cv12: Checkpoint saved to experiments/normal/sili/esCNN_random_sili_h1
[2020-10-23 13:19:11] esCNN.cv12: Channel size: 80 	 Kernel size: 6 
Training MSE: 0.10686379 	 Validating MSE: 0.29016322 	 Best VMSE: 0.28389180
[2020-10-23 13:19:11] esCNN.cv12: Checkpoint saved to experiments/normal/sili/esCNN_random_sili_h1
[2020-10-23 13:19:11] esCNN.cv12: Channel size: 81 	 Kernel size: 6 
Training MSE: 0.10678490 	 Validating MSE: 0.29096398 	 Best VMSE: 0.28389180
[2020-10-23 13:19:11] esCNN.cv12: Checkpoint saved to experiments/normal/sili/esCNN_random_sili_h1
[2020-10-23 13:19:11] esCNN.cv12: Channel size: 82 	 Kernel size: 6 
Training MSE: 0.10670908 	 Validating MSE: 0.29131904 	 Best VMSE: 0.28389180
[2020-10-23 13:19:11] esCNN.cv12: Checkpoint saved to experiments/normal/sili/esCNN_random_sili_h1
[2020-10-23 13:19:11] esCNN.cv12: Channel size: 83 	 Kernel size: 6 
Training MSE: 0.10636818 	 Validating MSE: 0.28965592 	 Best VMSE: 0.28389180
[2020-10-23 13:19:11] esCNN.cv12: Checkpoint saved to experiments/normal/sili/esCNN_random_sili_h1
[2020-10-23 13:19:11] esCNN.cv12: Channel size: 84 	 Kernel size: 6 
Training MSE: 0.10608228 	 Validating MSE: 0.29183927 	 Best VMSE: 0.28389180
[2020-10-23 13:19:11] esCNN.cv12: Checkpoint saved to experiments/normal/sili/esCNN_random_sili_h1
[2020-10-23 13:19:11] esCNN.cv12: Channel size: 85 	 Kernel size: 6 
Training MSE: 0.10595521 	 Validating MSE: 0.28984043 	 Best VMSE: 0.28389180
[2020-10-23 13:19:11] esCNN.cv12: Checkpoint saved to experiments/normal/sili/esCNN_random_sili_h1
[2020-10-23 13:19:11] esCNN.cv12: Channel size: 86 	 Kernel size: 6 
Training MSE: 0.10584030 	 Validating MSE: 0.28895083 	 Best VMSE: 0.28389180
[2020-10-23 13:19:11] esCNN.cv12: Checkpoint saved to experiments/normal/sili/esCNN_random_sili_h1
[2020-10-23 13:19:12] esCNN.cv12: Channel size: 87 	 Kernel size: 6 
Training MSE: 0.10577276 	 Validating MSE: 0.29183787 	 Best VMSE: 0.28389180
[2020-10-23 13:19:12] esCNN.cv12: Checkpoint saved to experiments/normal/sili/esCNN_random_sili_h1
[2020-10-23 13:19:12] esCNN.cv12: Channel size: 88 	 Kernel size: 6 
Training MSE: 0.10573866 	 Validating MSE: 0.29215884 	 Best VMSE: 0.28389180
[2020-10-23 13:19:12] esCNN.cv12: Checkpoint saved to experiments/normal/sili/esCNN_random_sili_h1
[2020-10-23 13:19:12] esCNN.cv12: Channel size: 89 	 Kernel size: 6 
Training MSE: 0.10572173 	 Validating MSE: 0.29177752 	 Best VMSE: 0.28389180
[2020-10-23 13:19:12] esCNN.cv12: Checkpoint saved to experiments/normal/sili/esCNN_random_sili_h1
[2020-10-23 13:19:12] esCNN.cv12: Channel size: 90 	 Kernel size: 6 
Training MSE: 0.10568810 	 Validating MSE: 0.29288119 	 Best VMSE: 0.28389180
[2020-10-23 13:19:12] esCNN.cv12: Checkpoint saved to experiments/normal/sili/esCNN_random_sili_h1
[2020-10-23 13:19:12] esCNN.cv12: Channel size: 91 	 Kernel size: 6 
Training MSE: 0.10567602 	 Validating MSE: 0.29230824 	 Best VMSE: 0.28389180
[2020-10-23 13:19:12] esCNN.cv12: Checkpoint saved to experiments/normal/sili/esCNN_random_sili_h1
[2020-10-23 13:19:12] esCNN.cv12: Channel size: 92 	 Kernel size: 6 
Training MSE: 0.10564283 	 Validating MSE: 0.29098237 	 Best VMSE: 0.28389180
[2020-10-23 13:19:12] esCNN.cv12: Checkpoint saved to experiments/normal/sili/esCNN_random_sili_h1
[2020-10-23 13:19:12] esCNN.cv12: Channel size: 93 	 Kernel size: 6 
Training MSE: 0.10547101 	 Validating MSE: 0.28927147 	 Best VMSE: 0.28389180
[2020-10-23 13:19:12] esCNN.cv12: Checkpoint saved to experiments/normal/sili/esCNN_random_sili_h1
[2020-10-23 13:19:12] esCNN.cv12: Channel size: 94 	 Kernel size: 6 
Training MSE: 0.10531354 	 Validating MSE: 0.28854054 	 Best VMSE: 0.28389180
[2020-10-23 13:19:12] esCNN.cv12: Checkpoint saved to experiments/normal/sili/esCNN_random_sili_h1
[2020-10-23 13:19:12] esCNN.cv12: Channel size: 95 	 Kernel size: 6 
Training MSE: 0.10527708 	 Validating MSE: 0.29083577 	 Best VMSE: 0.28389180
[2020-10-23 13:19:12] esCNN.cv12: Checkpoint saved to experiments/normal/sili/esCNN_random_sili_h1
[2020-10-23 13:19:12] esCNN.cv12: Channel size: 96 	 Kernel size: 6 
Training MSE: 0.10479557 	 Validating MSE: 0.29130399 	 Best VMSE: 0.28389180
[2020-10-23 13:19:12] esCNN.cv12: Checkpoint saved to experiments/normal/sili/esCNN_random_sili_h1
[2020-10-23 13:19:12] esCNN.cv12: Channel size: 97 	 Kernel size: 6 
Training MSE: 0.10440356 	 Validating MSE: 0.29221866 	 Best VMSE: 0.28389180
[2020-10-23 13:19:12] esCNN.cv12: Checkpoint saved to experiments/normal/sili/esCNN_random_sili_h1
[2020-10-23 13:19:13] esCNN.cv12: Channel size: 98 	 Kernel size: 6 
Training MSE: 0.10438646 	 Validating MSE: 0.29357007 	 Best VMSE: 0.28389180
[2020-10-23 13:19:13] esCNN.cv12: Checkpoint saved to experiments/normal/sili/esCNN_random_sili_h1
[2020-10-23 13:19:13] esCNN.cv12: Channel size: 99 	 Kernel size: 6 
Training MSE: 0.10419564 	 Validating MSE: 0.29859528 	 Best VMSE: 0.28389180
[2020-10-23 13:19:13] esCNN.cv12: Checkpoint saved to experiments/normal/sili/esCNN_random_sili_h1
[2020-10-23 13:19:13] esCNN.cv12: Channel size: 100 	 Kernel size: 6 
Training MSE: 0.10413244 	 Validating MSE: 0.29451048 	 Best VMSE: 0.28389180
[2020-10-23 13:19:13] esCNN.cv12: Checkpoint saved to experiments/normal/sili/esCNN_random_sili_h1
[2020-10-23 13:19:13] esCNN.cv12: Restoring best parameters from experiments/normal/sili/esCNN_random_sili_h1/train.cv12.pth.tar
[2020-10-23 13:19:13] esCNN.cv12: sili	 H: 1	 Trail: 30 
Testing RMSE: 0.6428 	 MAPE: 0.09706 	 SMAPE: 0.05116
