[2020-10-23 13:01:48] esCNN.cv16: Loading the datasets and model for 55th-batch-training
[2020-10-23 13:01:48] esCNN.cv16: Argument channel_size: 100
[2020-10-23 13:01:48] esCNN.cv16: Argument candidate_size: 300
[2020-10-23 13:01:48] esCNN.cv16: Argument kernel_size: 3
[2020-10-23 13:01:48] esCNN.cv16: Argument kernel_list: [5, 3, 3, 2]
[2020-10-23 13:01:48] esCNN.cv16: Argument Lambdas: [0.5, 1, 5, 15, 30, 50, 100, 150, 200]
[2020-10-23 13:01:48] esCNN.cv16: Argument Lambdas_std: [0.01, 0.05, 0.1, 0.5, 1]
[2020-10-23 13:01:48] esCNN.cv16: Argument r: [0.8, 0.9, 0.99, 0.9999, 0.999999]
[2020-10-23 13:01:48] esCNN.cv16: Argument tolerance: 0
[2020-10-23 13:01:48] esCNN.cv16: Argument device: device(type='cuda')
[2020-10-23 13:01:48] esCNN.cv16: Argument dataset: 'ar1'
[2020-10-23 13:01:48] esCNN.cv16: Argument H: 1
[2020-10-23 13:01:48] esCNN.cv16: Argument k: 5
[2020-10-23 13:01:48] esCNN.cv16: Argument test: False
[2020-10-23 13:01:48] esCNN.cv16: Argument search: 'random'
[2020-10-23 13:01:48] esCNN.cv16: Argument normal: True
[2020-10-23 13:01:48] esCNN.cv16: Argument diff: False
[2020-10-23 13:01:48] esCNN.cv16: Argument times: 60
[2020-10-23 13:01:48] esCNN.cv16: Argument datasets: {'ar1': {'lag_order': 15, 'normal': True, 'cov_dim': 0, 'kernel_size': 3}, 'wti': {'lag_order': 25, 'normal': True, 'cov_dim': 0, 'kernel_size': 5}, 'gold': {'lag_order': 25, 'normal': True, 'cov_dim': 0, 'kernel_size': 5}, 'sp': {'lag_order': 25, 'normal': True, 'cov_dim': 0, 'kernel_size': 5}, 'brent': {'lag_order': 24, 'normal': True, 'cov_dim': 0, 'kernel_size': 6}, 'sili': {'lag_order': 26, 'normal': True, 'cov_dim': 0, 'kernel_size': 6}}
[2020-10-23 13:01:48] esCNN.cv16: Argument steps: 15
[2020-10-23 13:01:48] esCNN.cv16: Argument cov_dim: 0
[2020-10-23 13:01:48] esCNN.cv16: Argument experiment: 'experiments/normal/ar1'
[2020-10-23 13:01:48] esCNN.cv16: Argument scaler: StandardScaler()
[2020-10-23 13:01:48] esCNN.cv16: Argument model_name: 'esCNN_random_ar1_h1'
[2020-10-23 13:01:48] esCNN.cv16: Argument model_dir: 'experiments/normal/ar1/esCNN_random_ar1_h1'
[2020-10-23 13:01:48] esCNN.cv16: Argument In_channels: 1
[2020-10-23 13:01:48] esCNN.cv16: Argument restore: True
[2020-10-23 13:01:48] esCNN.cv16: Argument cv: 16
[2020-10-23 13:01:48] esCNN.cv16: Argument plot_dir: 'experiments/normal/ar1/esCNN_random_ar1_h1/figures'
[2020-10-23 13:01:48] esCNN.cv16: Using Cuda...
[2020-10-23 13:01:48] esCNN.cv16: Loading complete.
[2020-10-23 13:01:48] esCNN.cv16: Model: 
ES_CNN(
  (Pool): AvgPool1d(kernel_size=(3,), stride=(1,), padding=(0,))
  (loss_fn): MSELoss()
)
[2020-10-23 13:01:48] esCNN.cv16: Found new best state
[2020-10-23 13:01:48] esCNN.cv16: Best vmse: 0.1421
[2020-10-23 13:01:48] esCNN.cv16: Channel size: 1 	 Kernel size: 3 
Training MSE: 0.10356501 	 Validating MSE: 0.14211853 	 Best VMSE: 0.14211853
[2020-10-23 13:01:48] esCNN.cv16: Checkpoint saved to experiments/normal/ar1/esCNN_random_ar1_h1
[2020-10-23 13:01:48] esCNN.cv16: Found new best state
[2020-10-23 13:01:48] esCNN.cv16: Best vmse: 0.0824
[2020-10-23 13:01:48] esCNN.cv16: Channel size: 2 	 Kernel size: 3 
Training MSE: 0.05689853 	 Validating MSE: 0.08241113 	 Best VMSE: 0.08241113
[2020-10-23 13:01:48] esCNN.cv16: Checkpoint saved to experiments/normal/ar1/esCNN_random_ar1_h1
[2020-10-23 13:01:48] esCNN.cv16: Found new best state
[2020-10-23 13:01:48] esCNN.cv16: Best vmse: 0.0499
[2020-10-23 13:01:48] esCNN.cv16: Channel size: 3 	 Kernel size: 3 
Training MSE: 0.03163577 	 Validating MSE: 0.04986258 	 Best VMSE: 0.04986258
[2020-10-23 13:01:48] esCNN.cv16: Checkpoint saved to experiments/normal/ar1/esCNN_random_ar1_h1
[2020-10-23 13:01:48] esCNN.cv16: Found new best state
[2020-10-23 13:01:48] esCNN.cv16: Best vmse: 0.0212
[2020-10-23 13:01:48] esCNN.cv16: Channel size: 4 	 Kernel size: 3 
Training MSE: 0.01574971 	 Validating MSE: 0.02117855 	 Best VMSE: 0.02117855
[2020-10-23 13:01:48] esCNN.cv16: Checkpoint saved to experiments/normal/ar1/esCNN_random_ar1_h1
[2020-10-23 13:01:48] esCNN.cv16: Channel size: 5 	 Kernel size: 3 
Training MSE: 0.01574815 	 Validating MSE: 0.02122205 	 Best VMSE: 0.02117855
[2020-10-23 13:01:48] esCNN.cv16: Checkpoint saved to experiments/normal/ar1/esCNN_random_ar1_h1
[2020-10-23 13:01:48] esCNN.cv16: Channel size: 6 	 Kernel size: 3 
Training MSE: 0.01574812 	 Validating MSE: 0.02122981 	 Best VMSE: 0.02117855
[2020-10-23 13:01:48] esCNN.cv16: Checkpoint saved to experiments/normal/ar1/esCNN_random_ar1_h1
[2020-10-23 13:01:48] esCNN.cv16: Channel size: 7 	 Kernel size: 3 
Training MSE: 0.01574754 	 Validating MSE: 0.02126198 	 Best VMSE: 0.02117855
[2020-10-23 13:01:48] esCNN.cv16: Checkpoint saved to experiments/normal/ar1/esCNN_random_ar1_h1
[2020-10-23 13:01:48] esCNN.cv16: Channel size: 8 	 Kernel size: 3 
Training MSE: 0.01574678 	 Validating MSE: 0.02125925 	 Best VMSE: 0.02117855
[2020-10-23 13:01:48] esCNN.cv16: Checkpoint saved to experiments/normal/ar1/esCNN_random_ar1_h1
[2020-10-23 13:01:48] esCNN.cv16: Channel size: 9 	 Kernel size: 3 
Training MSE: 0.01574559 	 Validating MSE: 0.02118427 	 Best VMSE: 0.02117855
[2020-10-23 13:01:48] esCNN.cv16: Checkpoint saved to experiments/normal/ar1/esCNN_random_ar1_h1
[2020-10-23 13:01:48] esCNN.cv16: Channel size: 10 	 Kernel size: 3 
Training MSE: 0.01571693 	 Validating MSE: 0.02148210 	 Best VMSE: 0.02117855
[2020-10-23 13:01:48] esCNN.cv16: Checkpoint saved to experiments/normal/ar1/esCNN_random_ar1_h1
[2020-10-23 13:01:49] esCNN.cv16: Channel size: 11 	 Kernel size: 3 
Training MSE: 0.01571508 	 Validating MSE: 0.02161724 	 Best VMSE: 0.02117855
[2020-10-23 13:01:49] esCNN.cv16: Checkpoint saved to experiments/normal/ar1/esCNN_random_ar1_h1
[2020-10-23 13:01:49] esCNN.cv16: Channel size: 12 	 Kernel size: 3 
Training MSE: 0.01569775 	 Validating MSE: 0.02132163 	 Best VMSE: 0.02117855
[2020-10-23 13:01:49] esCNN.cv16: Checkpoint saved to experiments/normal/ar1/esCNN_random_ar1_h1
[2020-10-23 13:01:49] esCNN.cv16: Channel size: 13 	 Kernel size: 3 
Training MSE: 0.01569355 	 Validating MSE: 0.02126147 	 Best VMSE: 0.02117855
[2020-10-23 13:01:49] esCNN.cv16: Checkpoint saved to experiments/normal/ar1/esCNN_random_ar1_h1
[2020-10-23 13:01:49] esCNN.cv16: Channel size: 14 	 Kernel size: 3 
Training MSE: 0.01569216 	 Validating MSE: 0.02134348 	 Best VMSE: 0.02117855
[2020-10-23 13:01:49] esCNN.cv16: Checkpoint saved to experiments/normal/ar1/esCNN_random_ar1_h1
[2020-10-23 13:01:49] esCNN.cv16: Channel size: 15 	 Kernel size: 3 
Training MSE: 0.01569092 	 Validating MSE: 0.02136835 	 Best VMSE: 0.02117855
[2020-10-23 13:01:49] esCNN.cv16: Checkpoint saved to experiments/normal/ar1/esCNN_random_ar1_h1
[2020-10-23 13:01:49] esCNN.cv16: Channel size: 16 	 Kernel size: 3 
Training MSE: 0.01569050 	 Validating MSE: 0.02133790 	 Best VMSE: 0.02117855
[2020-10-23 13:01:49] esCNN.cv16: Checkpoint saved to experiments/normal/ar1/esCNN_random_ar1_h1
[2020-10-23 13:01:49] esCNN.cv16: Channel size: 17 	 Kernel size: 3 
Training MSE: 0.01569031 	 Validating MSE: 0.02134503 	 Best VMSE: 0.02117855
[2020-10-23 13:01:49] esCNN.cv16: Checkpoint saved to experiments/normal/ar1/esCNN_random_ar1_h1
[2020-10-23 13:01:49] esCNN.cv16: Channel size: 18 	 Kernel size: 3 
Training MSE: 0.01566589 	 Validating MSE: 0.02163119 	 Best VMSE: 0.02117855
[2020-10-23 13:01:49] esCNN.cv16: Checkpoint saved to experiments/normal/ar1/esCNN_random_ar1_h1
[2020-10-23 13:01:49] esCNN.cv16: Channel size: 19 	 Kernel size: 3 
Training MSE: 0.01564821 	 Validating MSE: 0.02140983 	 Best VMSE: 0.02117855
[2020-10-23 13:01:49] esCNN.cv16: Checkpoint saved to experiments/normal/ar1/esCNN_random_ar1_h1
[2020-10-23 13:01:49] esCNN.cv16: Channel size: 20 	 Kernel size: 3 
Training MSE: 0.01564784 	 Validating MSE: 0.02136776 	 Best VMSE: 0.02117855
[2020-10-23 13:01:49] esCNN.cv16: Checkpoint saved to experiments/normal/ar1/esCNN_random_ar1_h1
[2020-10-23 13:01:49] esCNN.cv16: Channel size: 21 	 Kernel size: 3 
Training MSE: 0.01564701 	 Validating MSE: 0.02141939 	 Best VMSE: 0.02117855
[2020-10-23 13:01:49] esCNN.cv16: Checkpoint saved to experiments/normal/ar1/esCNN_random_ar1_h1
[2020-10-23 13:01:49] esCNN.cv16: Channel size: 22 	 Kernel size: 3 
Training MSE: 0.01562888 	 Validating MSE: 0.02176109 	 Best VMSE: 0.02117855
[2020-10-23 13:01:49] esCNN.cv16: Checkpoint saved to experiments/normal/ar1/esCNN_random_ar1_h1
[2020-10-23 13:01:49] esCNN.cv16: Channel size: 23 	 Kernel size: 3 
Training MSE: 0.01561099 	 Validating MSE: 0.02149702 	 Best VMSE: 0.02117855
[2020-10-23 13:01:49] esCNN.cv16: Checkpoint saved to experiments/normal/ar1/esCNN_random_ar1_h1
[2020-10-23 13:01:49] esCNN.cv16: Channel size: 24 	 Kernel size: 3 
Training MSE: 0.01560728 	 Validating MSE: 0.02135896 	 Best VMSE: 0.02117855
[2020-10-23 13:01:49] esCNN.cv16: Checkpoint saved to experiments/normal/ar1/esCNN_random_ar1_h1
[2020-10-23 13:01:49] esCNN.cv16: Channel size: 25 	 Kernel size: 3 
Training MSE: 0.01560344 	 Validating MSE: 0.02145279 	 Best VMSE: 0.02117855
[2020-10-23 13:01:49] esCNN.cv16: Checkpoint saved to experiments/normal/ar1/esCNN_random_ar1_h1
[2020-10-23 13:01:49] esCNN.cv16: Channel size: 26 	 Kernel size: 3 
Training MSE: 0.01559940 	 Validating MSE: 0.02139549 	 Best VMSE: 0.02117855
[2020-10-23 13:01:49] esCNN.cv16: Checkpoint saved to experiments/normal/ar1/esCNN_random_ar1_h1
[2020-10-23 13:01:49] esCNN.cv16: Channel size: 27 	 Kernel size: 3 
Training MSE: 0.01559905 	 Validating MSE: 0.02142255 	 Best VMSE: 0.02117855
[2020-10-23 13:01:49] esCNN.cv16: Checkpoint saved to experiments/normal/ar1/esCNN_random_ar1_h1
[2020-10-23 13:01:49] esCNN.cv16: Channel size: 28 	 Kernel size: 3 
Training MSE: 0.01559484 	 Validating MSE: 0.02145940 	 Best VMSE: 0.02117855
[2020-10-23 13:01:49] esCNN.cv16: Checkpoint saved to experiments/normal/ar1/esCNN_random_ar1_h1
[2020-10-23 13:01:49] esCNN.cv16: Channel size: 29 	 Kernel size: 3 
Training MSE: 0.01559012 	 Validating MSE: 0.02141186 	 Best VMSE: 0.02117855
[2020-10-23 13:01:49] esCNN.cv16: Checkpoint saved to experiments/normal/ar1/esCNN_random_ar1_h1
[2020-10-23 13:01:49] esCNN.cv16: Channel size: 30 	 Kernel size: 3 
Training MSE: 0.01558644 	 Validating MSE: 0.02156381 	 Best VMSE: 0.02117855
[2020-10-23 13:01:49] esCNN.cv16: Checkpoint saved to experiments/normal/ar1/esCNN_random_ar1_h1
[2020-10-23 13:01:49] esCNN.cv16: Channel size: 31 	 Kernel size: 3 
Training MSE: 0.01558476 	 Validating MSE: 0.02159054 	 Best VMSE: 0.02117855
[2020-10-23 13:01:49] esCNN.cv16: Checkpoint saved to experiments/normal/ar1/esCNN_random_ar1_h1
[2020-10-23 13:01:49] esCNN.cv16: Channel size: 32 	 Kernel size: 3 
Training MSE: 0.01558097 	 Validating MSE: 0.02146735 	 Best VMSE: 0.02117855
[2020-10-23 13:01:49] esCNN.cv16: Checkpoint saved to experiments/normal/ar1/esCNN_random_ar1_h1
[2020-10-23 13:01:49] esCNN.cv16: Channel size: 33 	 Kernel size: 3 
Training MSE: 0.01558068 	 Validating MSE: 0.02148020 	 Best VMSE: 0.02117855
[2020-10-23 13:01:49] esCNN.cv16: Checkpoint saved to experiments/normal/ar1/esCNN_random_ar1_h1
[2020-10-23 13:01:50] esCNN.cv16: Channel size: 34 	 Kernel size: 3 
Training MSE: 0.01557884 	 Validating MSE: 0.02142710 	 Best VMSE: 0.02117855
[2020-10-23 13:01:50] esCNN.cv16: Checkpoint saved to experiments/normal/ar1/esCNN_random_ar1_h1
[2020-10-23 13:01:50] esCNN.cv16: Channel size: 35 	 Kernel size: 3 
Training MSE: 0.01557162 	 Validating MSE: 0.02155276 	 Best VMSE: 0.02117855
[2020-10-23 13:01:50] esCNN.cv16: Checkpoint saved to experiments/normal/ar1/esCNN_random_ar1_h1
[2020-10-23 13:01:50] esCNN.cv16: Channel size: 36 	 Kernel size: 3 
Training MSE: 0.01556634 	 Validating MSE: 0.02147728 	 Best VMSE: 0.02117855
[2020-10-23 13:01:50] esCNN.cv16: Checkpoint saved to experiments/normal/ar1/esCNN_random_ar1_h1
[2020-10-23 13:01:50] esCNN.cv16: Channel size: 37 	 Kernel size: 3 
Training MSE: 0.01555205 	 Validating MSE: 0.02154916 	 Best VMSE: 0.02117855
[2020-10-23 13:01:50] esCNN.cv16: Checkpoint saved to experiments/normal/ar1/esCNN_random_ar1_h1
[2020-10-23 13:01:50] esCNN.cv16: Channel size: 38 	 Kernel size: 3 
Training MSE: 0.01553829 	 Validating MSE: 0.02151555 	 Best VMSE: 0.02117855
[2020-10-23 13:01:50] esCNN.cv16: Checkpoint saved to experiments/normal/ar1/esCNN_random_ar1_h1
[2020-10-23 13:01:50] esCNN.cv16: Channel size: 39 	 Kernel size: 3 
Training MSE: 0.01553723 	 Validating MSE: 0.02155200 	 Best VMSE: 0.02117855
[2020-10-23 13:01:50] esCNN.cv16: Checkpoint saved to experiments/normal/ar1/esCNN_random_ar1_h1
[2020-10-23 13:01:50] esCNN.cv16: Channel size: 40 	 Kernel size: 3 
Training MSE: 0.01553588 	 Validating MSE: 0.02160985 	 Best VMSE: 0.02117855
[2020-10-23 13:01:50] esCNN.cv16: Checkpoint saved to experiments/normal/ar1/esCNN_random_ar1_h1
[2020-10-23 13:01:50] esCNN.cv16: Channel size: 41 	 Kernel size: 3 
Training MSE: 0.01553279 	 Validating MSE: 0.02147062 	 Best VMSE: 0.02117855
[2020-10-23 13:01:50] esCNN.cv16: Checkpoint saved to experiments/normal/ar1/esCNN_random_ar1_h1
[2020-10-23 13:01:50] esCNN.cv16: Channel size: 42 	 Kernel size: 3 
Training MSE: 0.01552930 	 Validating MSE: 0.02157610 	 Best VMSE: 0.02117855
[2020-10-23 13:01:50] esCNN.cv16: Checkpoint saved to experiments/normal/ar1/esCNN_random_ar1_h1
[2020-10-23 13:01:50] esCNN.cv16: Channel size: 43 	 Kernel size: 3 
Training MSE: 0.01552709 	 Validating MSE: 0.02152837 	 Best VMSE: 0.02117855
[2020-10-23 13:01:50] esCNN.cv16: Checkpoint saved to experiments/normal/ar1/esCNN_random_ar1_h1
[2020-10-23 13:01:50] esCNN.cv16: Channel size: 44 	 Kernel size: 3 
Training MSE: 0.01552497 	 Validating MSE: 0.02141757 	 Best VMSE: 0.02117855
[2020-10-23 13:01:50] esCNN.cv16: Checkpoint saved to experiments/normal/ar1/esCNN_random_ar1_h1
[2020-10-23 13:01:50] esCNN.cv16: Channel size: 45 	 Kernel size: 3 
Training MSE: 0.01551353 	 Validating MSE: 0.02174852 	 Best VMSE: 0.02117855
[2020-10-23 13:01:50] esCNN.cv16: Checkpoint saved to experiments/normal/ar1/esCNN_random_ar1_h1
[2020-10-23 13:01:50] esCNN.cv16: Channel size: 46 	 Kernel size: 3 
Training MSE: 0.01550393 	 Validating MSE: 0.02150802 	 Best VMSE: 0.02117855
[2020-10-23 13:01:50] esCNN.cv16: Checkpoint saved to experiments/normal/ar1/esCNN_random_ar1_h1
[2020-10-23 13:01:50] esCNN.cv16: Channel size: 47 	 Kernel size: 3 
Training MSE: 0.01550337 	 Validating MSE: 0.02152295 	 Best VMSE: 0.02117855
[2020-10-23 13:01:50] esCNN.cv16: Checkpoint saved to experiments/normal/ar1/esCNN_random_ar1_h1
[2020-10-23 13:01:50] esCNN.cv16: Channel size: 48 	 Kernel size: 3 
Training MSE: 0.01550258 	 Validating MSE: 0.02153667 	 Best VMSE: 0.02117855
[2020-10-23 13:01:50] esCNN.cv16: Checkpoint saved to experiments/normal/ar1/esCNN_random_ar1_h1
[2020-10-23 13:01:50] esCNN.cv16: Channel size: 49 	 Kernel size: 3 
Training MSE: 0.01550250 	 Validating MSE: 0.02153504 	 Best VMSE: 0.02117855
[2020-10-23 13:01:50] esCNN.cv16: Checkpoint saved to experiments/normal/ar1/esCNN_random_ar1_h1
[2020-10-23 13:01:50] esCNN.cv16: Channel size: 50 	 Kernel size: 3 
Training MSE: 0.01550213 	 Validating MSE: 0.02156903 	 Best VMSE: 0.02117855
[2020-10-23 13:01:50] esCNN.cv16: Checkpoint saved to experiments/normal/ar1/esCNN_random_ar1_h1
[2020-10-23 13:01:51] esCNN.cv16: Channel size: 51 	 Kernel size: 3 
Training MSE: 0.01550115 	 Validating MSE: 0.02161145 	 Best VMSE: 0.02117855
[2020-10-23 13:01:51] esCNN.cv16: Checkpoint saved to experiments/normal/ar1/esCNN_random_ar1_h1
[2020-10-23 13:01:51] esCNN.cv16: Channel size: 52 	 Kernel size: 3 
Training MSE: 0.01549846 	 Validating MSE: 0.02153778 	 Best VMSE: 0.02117855
[2020-10-23 13:01:51] esCNN.cv16: Checkpoint saved to experiments/normal/ar1/esCNN_random_ar1_h1
[2020-10-23 13:01:51] esCNN.cv16: Channel size: 53 	 Kernel size: 3 
Training MSE: 0.01549828 	 Validating MSE: 0.02154839 	 Best VMSE: 0.02117855
[2020-10-23 13:01:51] esCNN.cv16: Checkpoint saved to experiments/normal/ar1/esCNN_random_ar1_h1
[2020-10-23 13:01:51] esCNN.cv16: Channel size: 54 	 Kernel size: 3 
Training MSE: 0.01549798 	 Validating MSE: 0.02151243 	 Best VMSE: 0.02117855
[2020-10-23 13:01:51] esCNN.cv16: Checkpoint saved to experiments/normal/ar1/esCNN_random_ar1_h1
[2020-10-23 13:01:51] esCNN.cv16: Channel size: 55 	 Kernel size: 3 
Training MSE: 0.01549711 	 Validating MSE: 0.02154681 	 Best VMSE: 0.02117855
[2020-10-23 13:01:51] esCNN.cv16: Checkpoint saved to experiments/normal/ar1/esCNN_random_ar1_h1
[2020-10-23 13:01:51] esCNN.cv16: Channel size: 56 	 Kernel size: 3 
Training MSE: 0.01549674 	 Validating MSE: 0.02154645 	 Best VMSE: 0.02117855
[2020-10-23 13:01:51] esCNN.cv16: Checkpoint saved to experiments/normal/ar1/esCNN_random_ar1_h1
[2020-10-23 13:01:51] esCNN.cv16: Channel size: 57 	 Kernel size: 3 
Training MSE: 0.01549669 	 Validating MSE: 0.02157349 	 Best VMSE: 0.02117855
[2020-10-23 13:01:51] esCNN.cv16: Checkpoint saved to experiments/normal/ar1/esCNN_random_ar1_h1
[2020-10-23 13:01:51] esCNN.cv16: Channel size: 58 	 Kernel size: 3 
Training MSE: 0.01549605 	 Validating MSE: 0.02159269 	 Best VMSE: 0.02117855
[2020-10-23 13:01:51] esCNN.cv16: Checkpoint saved to experiments/normal/ar1/esCNN_random_ar1_h1
[2020-10-23 13:01:51] esCNN.cv16: Channel size: 59 	 Kernel size: 3 
Training MSE: 0.01548770 	 Validating MSE: 0.02175750 	 Best VMSE: 0.02117855
[2020-10-23 13:01:51] esCNN.cv16: Checkpoint saved to experiments/normal/ar1/esCNN_random_ar1_h1
[2020-10-23 13:01:51] esCNN.cv16: Channel size: 60 	 Kernel size: 3 
Training MSE: 0.01548531 	 Validating MSE: 0.02172645 	 Best VMSE: 0.02117855
[2020-10-23 13:01:51] esCNN.cv16: Checkpoint saved to experiments/normal/ar1/esCNN_random_ar1_h1
[2020-10-23 13:01:51] esCNN.cv16: Channel size: 61 	 Kernel size: 3 
Training MSE: 0.01547882 	 Validating MSE: 0.02156997 	 Best VMSE: 0.02117855
[2020-10-23 13:01:51] esCNN.cv16: Checkpoint saved to experiments/normal/ar1/esCNN_random_ar1_h1
[2020-10-23 13:01:51] esCNN.cv16: Channel size: 62 	 Kernel size: 3 
Training MSE: 0.01547760 	 Validating MSE: 0.02151296 	 Best VMSE: 0.02117855
[2020-10-23 13:01:51] esCNN.cv16: Checkpoint saved to experiments/normal/ar1/esCNN_random_ar1_h1
[2020-10-23 13:01:51] esCNN.cv16: Channel size: 63 	 Kernel size: 3 
Training MSE: 0.01547719 	 Validating MSE: 0.02156950 	 Best VMSE: 0.02117855
[2020-10-23 13:01:51] esCNN.cv16: Checkpoint saved to experiments/normal/ar1/esCNN_random_ar1_h1
[2020-10-23 13:01:51] esCNN.cv16: Channel size: 64 	 Kernel size: 3 
Training MSE: 0.01547532 	 Validating MSE: 0.02163036 	 Best VMSE: 0.02117855
[2020-10-23 13:01:51] esCNN.cv16: Checkpoint saved to experiments/normal/ar1/esCNN_random_ar1_h1
[2020-10-23 13:01:52] esCNN.cv16: Channel size: 65 	 Kernel size: 3 
Training MSE: 0.01547336 	 Validating MSE: 0.02153971 	 Best VMSE: 0.02117855
[2020-10-23 13:01:52] esCNN.cv16: Checkpoint saved to experiments/normal/ar1/esCNN_random_ar1_h1
[2020-10-23 13:01:52] esCNN.cv16: Channel size: 66 	 Kernel size: 3 
Training MSE: 0.01546985 	 Validating MSE: 0.02158399 	 Best VMSE: 0.02117855
[2020-10-23 13:01:52] esCNN.cv16: Checkpoint saved to experiments/normal/ar1/esCNN_random_ar1_h1
[2020-10-23 13:01:52] esCNN.cv16: Channel size: 67 	 Kernel size: 3 
Training MSE: 0.01546823 	 Validating MSE: 0.02159564 	 Best VMSE: 0.02117855
[2020-10-23 13:01:52] esCNN.cv16: Checkpoint saved to experiments/normal/ar1/esCNN_random_ar1_h1
[2020-10-23 13:01:52] esCNN.cv16: Channel size: 68 	 Kernel size: 3 
Training MSE: 0.01546686 	 Validating MSE: 0.02169509 	 Best VMSE: 0.02117855
[2020-10-23 13:01:52] esCNN.cv16: Checkpoint saved to experiments/normal/ar1/esCNN_random_ar1_h1
[2020-10-23 13:01:52] esCNN.cv16: Channel size: 69 	 Kernel size: 3 
Training MSE: 0.01546553 	 Validating MSE: 0.02162233 	 Best VMSE: 0.02117855
[2020-10-23 13:01:52] esCNN.cv16: Checkpoint saved to experiments/normal/ar1/esCNN_random_ar1_h1
[2020-10-23 13:01:52] esCNN.cv16: Channel size: 70 	 Kernel size: 3 
Training MSE: 0.01546521 	 Validating MSE: 0.02160913 	 Best VMSE: 0.02117855
[2020-10-23 13:01:52] esCNN.cv16: Checkpoint saved to experiments/normal/ar1/esCNN_random_ar1_h1
[2020-10-23 13:01:52] esCNN.cv16: Channel size: 71 	 Kernel size: 3 
Training MSE: 0.01546440 	 Validating MSE: 0.02159547 	 Best VMSE: 0.02117855
[2020-10-23 13:01:52] esCNN.cv16: Checkpoint saved to experiments/normal/ar1/esCNN_random_ar1_h1
[2020-10-23 13:01:52] esCNN.cv16: Channel size: 72 	 Kernel size: 3 
Training MSE: 0.01546415 	 Validating MSE: 0.02157668 	 Best VMSE: 0.02117855
[2020-10-23 13:01:52] esCNN.cv16: Checkpoint saved to experiments/normal/ar1/esCNN_random_ar1_h1
[2020-10-23 13:01:52] esCNN.cv16: Channel size: 73 	 Kernel size: 3 
Training MSE: 0.01545985 	 Validating MSE: 0.02170482 	 Best VMSE: 0.02117855
[2020-10-23 13:01:52] esCNN.cv16: Checkpoint saved to experiments/normal/ar1/esCNN_random_ar1_h1
[2020-10-23 13:01:52] esCNN.cv16: Channel size: 74 	 Kernel size: 3 
Training MSE: 0.01545585 	 Validating MSE: 0.02156417 	 Best VMSE: 0.02117855
[2020-10-23 13:01:52] esCNN.cv16: Checkpoint saved to experiments/normal/ar1/esCNN_random_ar1_h1
[2020-10-23 13:01:52] esCNN.cv16: Channel size: 75 	 Kernel size: 3 
Training MSE: 0.01545248 	 Validating MSE: 0.02169405 	 Best VMSE: 0.02117855
[2020-10-23 13:01:52] esCNN.cv16: Checkpoint saved to experiments/normal/ar1/esCNN_random_ar1_h1
[2020-10-23 13:01:52] esCNN.cv16: Channel size: 76 	 Kernel size: 3 
Training MSE: 0.01545102 	 Validating MSE: 0.02160998 	 Best VMSE: 0.02117855
[2020-10-23 13:01:52] esCNN.cv16: Checkpoint saved to experiments/normal/ar1/esCNN_random_ar1_h1
[2020-10-23 13:01:52] esCNN.cv16: Channel size: 77 	 Kernel size: 3 
Training MSE: 0.01545000 	 Validating MSE: 0.02155692 	 Best VMSE: 0.02117855
[2020-10-23 13:01:52] esCNN.cv16: Checkpoint saved to experiments/normal/ar1/esCNN_random_ar1_h1
[2020-10-23 13:01:53] esCNN.cv16: Channel size: 78 	 Kernel size: 3 
Training MSE: 0.01544179 	 Validating MSE: 0.02184323 	 Best VMSE: 0.02117855
[2020-10-23 13:01:53] esCNN.cv16: Checkpoint saved to experiments/normal/ar1/esCNN_random_ar1_h1
[2020-10-23 13:01:53] esCNN.cv16: Channel size: 79 	 Kernel size: 3 
Training MSE: 0.01543505 	 Validating MSE: 0.02167290 	 Best VMSE: 0.02117855
[2020-10-23 13:01:53] esCNN.cv16: Checkpoint saved to experiments/normal/ar1/esCNN_random_ar1_h1
[2020-10-23 13:01:53] esCNN.cv16: Channel size: 80 	 Kernel size: 3 
Training MSE: 0.01543446 	 Validating MSE: 0.02160648 	 Best VMSE: 0.02117855
[2020-10-23 13:01:53] esCNN.cv16: Checkpoint saved to experiments/normal/ar1/esCNN_random_ar1_h1
[2020-10-23 13:01:53] esCNN.cv16: Channel size: 81 	 Kernel size: 3 
Training MSE: 0.01543414 	 Validating MSE: 0.02161542 	 Best VMSE: 0.02117855
[2020-10-23 13:01:53] esCNN.cv16: Checkpoint saved to experiments/normal/ar1/esCNN_random_ar1_h1
[2020-10-23 13:01:53] esCNN.cv16: Channel size: 82 	 Kernel size: 3 
Training MSE: 0.01543403 	 Validating MSE: 0.02163804 	 Best VMSE: 0.02117855
[2020-10-23 13:01:53] esCNN.cv16: Checkpoint saved to experiments/normal/ar1/esCNN_random_ar1_h1
[2020-10-23 13:01:53] esCNN.cv16: Channel size: 83 	 Kernel size: 3 
Training MSE: 0.01542765 	 Validating MSE: 0.02181295 	 Best VMSE: 0.02117855
[2020-10-23 13:01:53] esCNN.cv16: Checkpoint saved to experiments/normal/ar1/esCNN_random_ar1_h1
[2020-10-23 13:01:53] esCNN.cv16: Channel size: 84 	 Kernel size: 3 
Training MSE: 0.01542217 	 Validating MSE: 0.02165502 	 Best VMSE: 0.02117855
[2020-10-23 13:01:53] esCNN.cv16: Checkpoint saved to experiments/normal/ar1/esCNN_random_ar1_h1
[2020-10-23 13:01:53] esCNN.cv16: Channel size: 85 	 Kernel size: 3 
Training MSE: 0.01542133 	 Validating MSE: 0.02168571 	 Best VMSE: 0.02117855
[2020-10-23 13:01:53] esCNN.cv16: Checkpoint saved to experiments/normal/ar1/esCNN_random_ar1_h1
[2020-10-23 13:01:53] esCNN.cv16: Channel size: 86 	 Kernel size: 3 
Training MSE: 0.01542104 	 Validating MSE: 0.02167862 	 Best VMSE: 0.02117855
[2020-10-23 13:01:53] esCNN.cv16: Checkpoint saved to experiments/normal/ar1/esCNN_random_ar1_h1
[2020-10-23 13:01:53] esCNN.cv16: Channel size: 87 	 Kernel size: 3 
Training MSE: 0.01542100 	 Validating MSE: 0.02166320 	 Best VMSE: 0.02117855
[2020-10-23 13:01:53] esCNN.cv16: Checkpoint saved to experiments/normal/ar1/esCNN_random_ar1_h1
[2020-10-23 13:01:53] esCNN.cv16: Channel size: 88 	 Kernel size: 3 
Training MSE: 0.01541812 	 Validating MSE: 0.02178451 	 Best VMSE: 0.02117855
[2020-10-23 13:01:53] esCNN.cv16: Checkpoint saved to experiments/normal/ar1/esCNN_random_ar1_h1
[2020-10-23 13:01:54] esCNN.cv16: Channel size: 89 	 Kernel size: 3 
Training MSE: 0.01541310 	 Validating MSE: 0.02163852 	 Best VMSE: 0.02117855
[2020-10-23 13:01:54] esCNN.cv16: Checkpoint saved to experiments/normal/ar1/esCNN_random_ar1_h1
[2020-10-23 13:01:54] esCNN.cv16: Channel size: 90 	 Kernel size: 3 
Training MSE: 0.01539515 	 Validating MSE: 0.02202979 	 Best VMSE: 0.02117855
[2020-10-23 13:01:54] esCNN.cv16: Checkpoint saved to experiments/normal/ar1/esCNN_random_ar1_h1
[2020-10-23 13:01:54] esCNN.cv16: Channel size: 91 	 Kernel size: 3 
Training MSE: 0.01538215 	 Validating MSE: 0.02173022 	 Best VMSE: 0.02117855
[2020-10-23 13:01:54] esCNN.cv16: Checkpoint saved to experiments/normal/ar1/esCNN_random_ar1_h1
[2020-10-23 13:01:54] esCNN.cv16: Channel size: 92 	 Kernel size: 3 
Training MSE: 0.01538143 	 Validating MSE: 0.02173418 	 Best VMSE: 0.02117855
[2020-10-23 13:01:54] esCNN.cv16: Checkpoint saved to experiments/normal/ar1/esCNN_random_ar1_h1
[2020-10-23 13:01:54] esCNN.cv16: Channel size: 93 	 Kernel size: 3 
Training MSE: 0.01538123 	 Validating MSE: 0.02171645 	 Best VMSE: 0.02117855
[2020-10-23 13:01:54] esCNN.cv16: Checkpoint saved to experiments/normal/ar1/esCNN_random_ar1_h1
[2020-10-23 13:01:54] esCNN.cv16: Channel size: 94 	 Kernel size: 3 
Training MSE: 0.01538104 	 Validating MSE: 0.02174031 	 Best VMSE: 0.02117855
[2020-10-23 13:01:54] esCNN.cv16: Checkpoint saved to experiments/normal/ar1/esCNN_random_ar1_h1
[2020-10-23 13:01:54] esCNN.cv16: Channel size: 95 	 Kernel size: 3 
Training MSE: 0.01537889 	 Validating MSE: 0.02182293 	 Best VMSE: 0.02117855
[2020-10-23 13:01:54] esCNN.cv16: Checkpoint saved to experiments/normal/ar1/esCNN_random_ar1_h1
[2020-10-23 13:01:54] esCNN.cv16: Channel size: 96 	 Kernel size: 3 
Training MSE: 0.01537868 	 Validating MSE: 0.02187807 	 Best VMSE: 0.02117855
[2020-10-23 13:01:54] esCNN.cv16: Checkpoint saved to experiments/normal/ar1/esCNN_random_ar1_h1
[2020-10-23 13:01:54] esCNN.cv16: Channel size: 97 	 Kernel size: 3 
Training MSE: 0.01537651 	 Validating MSE: 0.02180392 	 Best VMSE: 0.02117855
[2020-10-23 13:01:54] esCNN.cv16: Checkpoint saved to experiments/normal/ar1/esCNN_random_ar1_h1
[2020-10-23 13:01:54] esCNN.cv16: Channel size: 98 	 Kernel size: 3 
Training MSE: 0.01537641 	 Validating MSE: 0.02177747 	 Best VMSE: 0.02117855
[2020-10-23 13:01:54] esCNN.cv16: Checkpoint saved to experiments/normal/ar1/esCNN_random_ar1_h1
[2020-10-23 13:01:55] esCNN.cv16: Channel size: 99 	 Kernel size: 3 
Training MSE: 0.01537625 	 Validating MSE: 0.02175731 	 Best VMSE: 0.02117855
[2020-10-23 13:01:55] esCNN.cv16: Checkpoint saved to experiments/normal/ar1/esCNN_random_ar1_h1
[2020-10-23 13:01:55] esCNN.cv16: Channel size: 100 	 Kernel size: 3 
Training MSE: 0.01537623 	 Validating MSE: 0.02177398 	 Best VMSE: 0.02117855
[2020-10-23 13:01:55] esCNN.cv16: Checkpoint saved to experiments/normal/ar1/esCNN_random_ar1_h1
[2020-10-23 13:01:55] esCNN.cv16: Restoring best parameters from experiments/normal/ar1/esCNN_random_ar1_h1/train.cv16.pth.tar
[2020-10-23 13:01:55] esCNN.cv16: ar1	 H: 1	 Trail: 55 
Testing RMSE: 0.21 	 MAPE: 0.04236 	 SMAPE: 0.02169
