[2020-10-23 12:57:08] esCNN.cv4: Loading the datasets and model for 12th-batch-training
[2020-10-23 12:57:08] esCNN.cv4: Argument channel_size: 100
[2020-10-23 12:57:08] esCNN.cv4: Argument candidate_size: 300
[2020-10-23 12:57:08] esCNN.cv4: Argument kernel_size: 3
[2020-10-23 12:57:08] esCNN.cv4: Argument kernel_list: [5, 3, 3, 2]
[2020-10-23 12:57:08] esCNN.cv4: Argument Lambdas: [0.5, 1, 5, 15, 30, 50, 100, 150, 200]
[2020-10-23 12:57:08] esCNN.cv4: Argument Lambdas_std: [0.01, 0.05, 0.1, 0.5, 1]
[2020-10-23 12:57:08] esCNN.cv4: Argument r: [0.8, 0.9, 0.99, 0.9999, 0.999999]
[2020-10-23 12:57:08] esCNN.cv4: Argument tolerance: 0
[2020-10-23 12:57:08] esCNN.cv4: Argument device: device(type='cuda')
[2020-10-23 12:57:08] esCNN.cv4: Argument dataset: 'ar1'
[2020-10-23 12:57:08] esCNN.cv4: Argument H: 1
[2020-10-23 12:57:08] esCNN.cv4: Argument k: 5
[2020-10-23 12:57:08] esCNN.cv4: Argument test: False
[2020-10-23 12:57:08] esCNN.cv4: Argument search: 'random'
[2020-10-23 12:57:08] esCNN.cv4: Argument normal: True
[2020-10-23 12:57:08] esCNN.cv4: Argument diff: False
[2020-10-23 12:57:08] esCNN.cv4: Argument times: 60
[2020-10-23 12:57:08] esCNN.cv4: Argument datasets: {'ar1': {'lag_order': 15, 'normal': True, 'cov_dim': 0, 'kernel_size': 3}, 'wti': {'lag_order': 25, 'normal': True, 'cov_dim': 0, 'kernel_size': 5}, 'gold': {'lag_order': 25, 'normal': True, 'cov_dim': 0, 'kernel_size': 5}, 'sp': {'lag_order': 25, 'normal': True, 'cov_dim': 0, 'kernel_size': 5}, 'brent': {'lag_order': 24, 'normal': True, 'cov_dim': 0, 'kernel_size': 6}, 'sili': {'lag_order': 26, 'normal': True, 'cov_dim': 0, 'kernel_size': 6}}
[2020-10-23 12:57:08] esCNN.cv4: Argument steps: 15
[2020-10-23 12:57:08] esCNN.cv4: Argument cov_dim: 0
[2020-10-23 12:57:08] esCNN.cv4: Argument experiment: 'experiments/normal/ar1'
[2020-10-23 12:57:08] esCNN.cv4: Argument scaler: StandardScaler()
[2020-10-23 12:57:08] esCNN.cv4: Argument model_name: 'esCNN_random_ar1_h1'
[2020-10-23 12:57:08] esCNN.cv4: Argument model_dir: 'experiments/normal/ar1/esCNN_random_ar1_h1'
[2020-10-23 12:57:08] esCNN.cv4: Argument In_channels: 1
[2020-10-23 12:57:08] esCNN.cv4: Argument restore: True
[2020-10-23 12:57:08] esCNN.cv4: Argument cv: 4
[2020-10-23 12:57:08] esCNN.cv4: Argument plot_dir: 'experiments/normal/ar1/esCNN_random_ar1_h1/figures'
[2020-10-23 12:57:08] esCNN.cv4: Using Cuda...
[2020-10-23 12:57:08] esCNN.cv4: Loading complete.
[2020-10-23 12:57:08] esCNN.cv4: Model: 
ES_CNN(
  (Pool): AvgPool1d(kernel_size=(3,), stride=(1,), padding=(0,))
  (loss_fn): MSELoss()
)
[2020-10-23 12:57:08] esCNN.cv4: Found new best state
[2020-10-23 12:57:08] esCNN.cv4: Best vmse: 0.0544
[2020-10-23 12:57:08] esCNN.cv4: Channel size: 1 	 Kernel size: 3 
Training MSE: 0.03848255 	 Validating MSE: 0.05438204 	 Best VMSE: 0.05438204
[2020-10-23 12:57:08] esCNN.cv4: Checkpoint saved to experiments/normal/ar1/esCNN_random_ar1_h1
[2020-10-23 12:57:08] esCNN.cv4: Found new best state
[2020-10-23 12:57:08] esCNN.cv4: Best vmse: 0.0528
[2020-10-23 12:57:08] esCNN.cv4: Channel size: 2 	 Kernel size: 3 
Training MSE: 0.02645621 	 Validating MSE: 0.05280909 	 Best VMSE: 0.05280909
[2020-10-23 12:57:08] esCNN.cv4: Checkpoint saved to experiments/normal/ar1/esCNN_random_ar1_h1
[2020-10-23 12:57:08] esCNN.cv4: Found new best state
[2020-10-23 12:57:08] esCNN.cv4: Best vmse: 0.0300
[2020-10-23 12:57:08] esCNN.cv4: Channel size: 3 	 Kernel size: 3 
Training MSE: 0.02089272 	 Validating MSE: 0.03004856 	 Best VMSE: 0.03004856
[2020-10-23 12:57:08] esCNN.cv4: Checkpoint saved to experiments/normal/ar1/esCNN_random_ar1_h1
[2020-10-23 12:57:09] esCNN.cv4: Found new best state
[2020-10-23 12:57:09] esCNN.cv4: Best vmse: 0.0291
[2020-10-23 12:57:09] esCNN.cv4: Channel size: 4 	 Kernel size: 3 
Training MSE: 0.01852004 	 Validating MSE: 0.02911129 	 Best VMSE: 0.02911129
[2020-10-23 12:57:09] esCNN.cv4: Checkpoint saved to experiments/normal/ar1/esCNN_random_ar1_h1
[2020-10-23 12:57:09] esCNN.cv4: Found new best state
[2020-10-23 12:57:09] esCNN.cv4: Best vmse: 0.0259
[2020-10-23 12:57:09] esCNN.cv4: Channel size: 5 	 Kernel size: 3 
Training MSE: 0.01688136 	 Validating MSE: 0.02590848 	 Best VMSE: 0.02590848
[2020-10-23 12:57:09] esCNN.cv4: Checkpoint saved to experiments/normal/ar1/esCNN_random_ar1_h1
[2020-10-23 12:57:09] esCNN.cv4: Found new best state
[2020-10-23 12:57:09] esCNN.cv4: Best vmse: 0.0236
[2020-10-23 12:57:09] esCNN.cv4: Channel size: 6 	 Kernel size: 3 
Training MSE: 0.01610438 	 Validating MSE: 0.02356272 	 Best VMSE: 0.02356272
[2020-10-23 12:57:09] esCNN.cv4: Checkpoint saved to experiments/normal/ar1/esCNN_random_ar1_h1
[2020-10-23 12:57:09] esCNN.cv4: Found new best state
[2020-10-23 12:57:09] esCNN.cv4: Best vmse: 0.0228
[2020-10-23 12:57:09] esCNN.cv4: Channel size: 7 	 Kernel size: 3 
Training MSE: 0.01563599 	 Validating MSE: 0.02279131 	 Best VMSE: 0.02279131
[2020-10-23 12:57:09] esCNN.cv4: Checkpoint saved to experiments/normal/ar1/esCNN_random_ar1_h1
[2020-10-23 12:57:09] esCNN.cv4: Found new best state
[2020-10-23 12:57:09] esCNN.cv4: Best vmse: 0.0228
[2020-10-23 12:57:09] esCNN.cv4: Channel size: 8 	 Kernel size: 3 
Training MSE: 0.01563538 	 Validating MSE: 0.02276693 	 Best VMSE: 0.02276693
[2020-10-23 12:57:09] esCNN.cv4: Checkpoint saved to experiments/normal/ar1/esCNN_random_ar1_h1
[2020-10-23 12:57:09] esCNN.cv4: Found new best state
[2020-10-23 12:57:09] esCNN.cv4: Best vmse: 0.0228
[2020-10-23 12:57:09] esCNN.cv4: Channel size: 9 	 Kernel size: 3 
Training MSE: 0.01563247 	 Validating MSE: 0.02275125 	 Best VMSE: 0.02275125
[2020-10-23 12:57:09] esCNN.cv4: Checkpoint saved to experiments/normal/ar1/esCNN_random_ar1_h1
[2020-10-23 12:57:09] esCNN.cv4: Channel size: 10 	 Kernel size: 3 
Training MSE: 0.01563039 	 Validating MSE: 0.02288706 	 Best VMSE: 0.02275125
[2020-10-23 12:57:09] esCNN.cv4: Checkpoint saved to experiments/normal/ar1/esCNN_random_ar1_h1
[2020-10-23 12:57:09] esCNN.cv4: Channel size: 11 	 Kernel size: 3 
Training MSE: 0.01562856 	 Validating MSE: 0.02277638 	 Best VMSE: 0.02275125
[2020-10-23 12:57:09] esCNN.cv4: Checkpoint saved to experiments/normal/ar1/esCNN_random_ar1_h1
[2020-10-23 12:57:09] esCNN.cv4: Channel size: 12 	 Kernel size: 3 
Training MSE: 0.01562805 	 Validating MSE: 0.02278115 	 Best VMSE: 0.02275125
[2020-10-23 12:57:09] esCNN.cv4: Checkpoint saved to experiments/normal/ar1/esCNN_random_ar1_h1
[2020-10-23 12:57:09] esCNN.cv4: Channel size: 13 	 Kernel size: 3 
Training MSE: 0.01562786 	 Validating MSE: 0.02276923 	 Best VMSE: 0.02275125
[2020-10-23 12:57:09] esCNN.cv4: Checkpoint saved to experiments/normal/ar1/esCNN_random_ar1_h1
[2020-10-23 12:57:09] esCNN.cv4: Channel size: 14 	 Kernel size: 3 
Training MSE: 0.01562770 	 Validating MSE: 0.02279063 	 Best VMSE: 0.02275125
[2020-10-23 12:57:09] esCNN.cv4: Checkpoint saved to experiments/normal/ar1/esCNN_random_ar1_h1
[2020-10-23 12:57:09] esCNN.cv4: Channel size: 15 	 Kernel size: 3 
Training MSE: 0.01562767 	 Validating MSE: 0.02280229 	 Best VMSE: 0.02275125
[2020-10-23 12:57:09] esCNN.cv4: Checkpoint saved to experiments/normal/ar1/esCNN_random_ar1_h1
[2020-10-23 12:57:09] esCNN.cv4: Channel size: 16 	 Kernel size: 3 
Training MSE: 0.01562460 	 Validating MSE: 0.02292900 	 Best VMSE: 0.02275125
[2020-10-23 12:57:09] esCNN.cv4: Checkpoint saved to experiments/normal/ar1/esCNN_random_ar1_h1
[2020-10-23 12:57:09] esCNN.cv4: Channel size: 17 	 Kernel size: 3 
Training MSE: 0.01562195 	 Validating MSE: 0.02277773 	 Best VMSE: 0.02275125
[2020-10-23 12:57:09] esCNN.cv4: Checkpoint saved to experiments/normal/ar1/esCNN_random_ar1_h1
[2020-10-23 12:57:09] esCNN.cv4: Channel size: 18 	 Kernel size: 3 
Training MSE: 0.01562044 	 Validating MSE: 0.02283650 	 Best VMSE: 0.02275125
[2020-10-23 12:57:09] esCNN.cv4: Checkpoint saved to experiments/normal/ar1/esCNN_random_ar1_h1
[2020-10-23 12:57:09] esCNN.cv4: Channel size: 19 	 Kernel size: 3 
Training MSE: 0.01561976 	 Validating MSE: 0.02288320 	 Best VMSE: 0.02275125
[2020-10-23 12:57:09] esCNN.cv4: Checkpoint saved to experiments/normal/ar1/esCNN_random_ar1_h1
[2020-10-23 12:57:09] esCNN.cv4: Channel size: 20 	 Kernel size: 3 
Training MSE: 0.01561740 	 Validating MSE: 0.02276550 	 Best VMSE: 0.02275125
[2020-10-23 12:57:09] esCNN.cv4: Checkpoint saved to experiments/normal/ar1/esCNN_random_ar1_h1
[2020-10-23 12:57:09] esCNN.cv4: Channel size: 21 	 Kernel size: 3 
Training MSE: 0.01561730 	 Validating MSE: 0.02277703 	 Best VMSE: 0.02275125
[2020-10-23 12:57:09] esCNN.cv4: Checkpoint saved to experiments/normal/ar1/esCNN_random_ar1_h1
[2020-10-23 12:57:09] esCNN.cv4: Channel size: 22 	 Kernel size: 3 
Training MSE: 0.01561723 	 Validating MSE: 0.02279221 	 Best VMSE: 0.02275125
[2020-10-23 12:57:09] esCNN.cv4: Checkpoint saved to experiments/normal/ar1/esCNN_random_ar1_h1
[2020-10-23 12:57:09] esCNN.cv4: Channel size: 23 	 Kernel size: 3 
Training MSE: 0.01561715 	 Validating MSE: 0.02279692 	 Best VMSE: 0.02275125
[2020-10-23 12:57:09] esCNN.cv4: Checkpoint saved to experiments/normal/ar1/esCNN_random_ar1_h1
[2020-10-23 12:57:09] esCNN.cv4: Channel size: 24 	 Kernel size: 3 
Training MSE: 0.01559295 	 Validating MSE: 0.02324360 	 Best VMSE: 0.02275125
[2020-10-23 12:57:09] esCNN.cv4: Checkpoint saved to experiments/normal/ar1/esCNN_random_ar1_h1
[2020-10-23 12:57:09] esCNN.cv4: Channel size: 25 	 Kernel size: 3 
Training MSE: 0.01559042 	 Validating MSE: 0.02306756 	 Best VMSE: 0.02275125
[2020-10-23 12:57:09] esCNN.cv4: Checkpoint saved to experiments/normal/ar1/esCNN_random_ar1_h1
[2020-10-23 12:57:09] esCNN.cv4: Channel size: 26 	 Kernel size: 3 
Training MSE: 0.01557632 	 Validating MSE: 0.02288054 	 Best VMSE: 0.02275125
[2020-10-23 12:57:09] esCNN.cv4: Checkpoint saved to experiments/normal/ar1/esCNN_random_ar1_h1
[2020-10-23 12:57:09] esCNN.cv4: Channel size: 27 	 Kernel size: 3 
Training MSE: 0.01557526 	 Validating MSE: 0.02296179 	 Best VMSE: 0.02275125
[2020-10-23 12:57:09] esCNN.cv4: Checkpoint saved to experiments/normal/ar1/esCNN_random_ar1_h1
[2020-10-23 12:57:09] esCNN.cv4: Channel size: 28 	 Kernel size: 3 
Training MSE: 0.01557274 	 Validating MSE: 0.02307274 	 Best VMSE: 0.02275125
[2020-10-23 12:57:09] esCNN.cv4: Checkpoint saved to experiments/normal/ar1/esCNN_random_ar1_h1
[2020-10-23 12:57:09] esCNN.cv4: Channel size: 29 	 Kernel size: 3 
Training MSE: 0.01556554 	 Validating MSE: 0.02285825 	 Best VMSE: 0.02275125
[2020-10-23 12:57:09] esCNN.cv4: Checkpoint saved to experiments/normal/ar1/esCNN_random_ar1_h1
[2020-10-23 12:57:10] esCNN.cv4: Channel size: 30 	 Kernel size: 3 
Training MSE: 0.01556371 	 Validating MSE: 0.02295704 	 Best VMSE: 0.02275125
[2020-10-23 12:57:10] esCNN.cv4: Checkpoint saved to experiments/normal/ar1/esCNN_random_ar1_h1
[2020-10-23 12:57:10] esCNN.cv4: Channel size: 31 	 Kernel size: 3 
Training MSE: 0.01556243 	 Validating MSE: 0.02288351 	 Best VMSE: 0.02275125
[2020-10-23 12:57:10] esCNN.cv4: Checkpoint saved to experiments/normal/ar1/esCNN_random_ar1_h1
[2020-10-23 12:57:10] esCNN.cv4: Channel size: 32 	 Kernel size: 3 
Training MSE: 0.01555868 	 Validating MSE: 0.02301896 	 Best VMSE: 0.02275125
[2020-10-23 12:57:10] esCNN.cv4: Checkpoint saved to experiments/normal/ar1/esCNN_random_ar1_h1
[2020-10-23 12:57:10] esCNN.cv4: Channel size: 33 	 Kernel size: 3 
Training MSE: 0.01555855 	 Validating MSE: 0.02298506 	 Best VMSE: 0.02275125
[2020-10-23 12:57:10] esCNN.cv4: Checkpoint saved to experiments/normal/ar1/esCNN_random_ar1_h1
[2020-10-23 12:57:10] esCNN.cv4: Channel size: 34 	 Kernel size: 3 
Training MSE: 0.01555645 	 Validating MSE: 0.02311641 	 Best VMSE: 0.02275125
[2020-10-23 12:57:10] esCNN.cv4: Checkpoint saved to experiments/normal/ar1/esCNN_random_ar1_h1
[2020-10-23 12:57:10] esCNN.cv4: Channel size: 35 	 Kernel size: 3 
Training MSE: 0.01555013 	 Validating MSE: 0.02291218 	 Best VMSE: 0.02275125
[2020-10-23 12:57:10] esCNN.cv4: Checkpoint saved to experiments/normal/ar1/esCNN_random_ar1_h1
[2020-10-23 12:57:10] esCNN.cv4: Channel size: 36 	 Kernel size: 3 
Training MSE: 0.01554961 	 Validating MSE: 0.02289077 	 Best VMSE: 0.02275125
[2020-10-23 12:57:10] esCNN.cv4: Checkpoint saved to experiments/normal/ar1/esCNN_random_ar1_h1
[2020-10-23 12:57:10] esCNN.cv4: Channel size: 37 	 Kernel size: 3 
Training MSE: 0.01554903 	 Validating MSE: 0.02296237 	 Best VMSE: 0.02275125
[2020-10-23 12:57:10] esCNN.cv4: Checkpoint saved to experiments/normal/ar1/esCNN_random_ar1_h1
[2020-10-23 12:57:10] esCNN.cv4: Channel size: 38 	 Kernel size: 3 
Training MSE: 0.01554889 	 Validating MSE: 0.02291448 	 Best VMSE: 0.02275125
[2020-10-23 12:57:10] esCNN.cv4: Checkpoint saved to experiments/normal/ar1/esCNN_random_ar1_h1
[2020-10-23 12:57:10] esCNN.cv4: Channel size: 39 	 Kernel size: 3 
Training MSE: 0.01554017 	 Validating MSE: 0.02322205 	 Best VMSE: 0.02275125
[2020-10-23 12:57:10] esCNN.cv4: Checkpoint saved to experiments/normal/ar1/esCNN_random_ar1_h1
[2020-10-23 12:57:10] esCNN.cv4: Channel size: 40 	 Kernel size: 3 
Training MSE: 0.01553062 	 Validating MSE: 0.02308476 	 Best VMSE: 0.02275125
[2020-10-23 12:57:10] esCNN.cv4: Checkpoint saved to experiments/normal/ar1/esCNN_random_ar1_h1
[2020-10-23 12:57:10] esCNN.cv4: Channel size: 41 	 Kernel size: 3 
Training MSE: 0.01552204 	 Validating MSE: 0.02322166 	 Best VMSE: 0.02275125
[2020-10-23 12:57:10] esCNN.cv4: Checkpoint saved to experiments/normal/ar1/esCNN_random_ar1_h1
[2020-10-23 12:57:10] esCNN.cv4: Channel size: 42 	 Kernel size: 3 
Training MSE: 0.01551452 	 Validating MSE: 0.02296306 	 Best VMSE: 0.02275125
[2020-10-23 12:57:10] esCNN.cv4: Checkpoint saved to experiments/normal/ar1/esCNN_random_ar1_h1
[2020-10-23 12:57:10] esCNN.cv4: Channel size: 43 	 Kernel size: 3 
Training MSE: 0.01551376 	 Validating MSE: 0.02304255 	 Best VMSE: 0.02275125
[2020-10-23 12:57:10] esCNN.cv4: Checkpoint saved to experiments/normal/ar1/esCNN_random_ar1_h1
[2020-10-23 12:57:10] esCNN.cv4: Channel size: 44 	 Kernel size: 3 
Training MSE: 0.01551011 	 Validating MSE: 0.02323228 	 Best VMSE: 0.02275125
[2020-10-23 12:57:10] esCNN.cv4: Checkpoint saved to experiments/normal/ar1/esCNN_random_ar1_h1
[2020-10-23 12:57:10] esCNN.cv4: Channel size: 45 	 Kernel size: 3 
Training MSE: 0.01550238 	 Validating MSE: 0.02296428 	 Best VMSE: 0.02275125
[2020-10-23 12:57:10] esCNN.cv4: Checkpoint saved to experiments/normal/ar1/esCNN_random_ar1_h1
[2020-10-23 12:57:10] esCNN.cv4: Channel size: 46 	 Kernel size: 3 
Training MSE: 0.01550033 	 Validating MSE: 0.02305036 	 Best VMSE: 0.02275125
[2020-10-23 12:57:10] esCNN.cv4: Checkpoint saved to experiments/normal/ar1/esCNN_random_ar1_h1
[2020-10-23 12:57:10] esCNN.cv4: Channel size: 47 	 Kernel size: 3 
Training MSE: 0.01549874 	 Validating MSE: 0.02296916 	 Best VMSE: 0.02275125
[2020-10-23 12:57:10] esCNN.cv4: Checkpoint saved to experiments/normal/ar1/esCNN_random_ar1_h1
[2020-10-23 12:57:11] esCNN.cv4: Channel size: 48 	 Kernel size: 3 
Training MSE: 0.01549859 	 Validating MSE: 0.02294961 	 Best VMSE: 0.02275125
[2020-10-23 12:57:11] esCNN.cv4: Checkpoint saved to experiments/normal/ar1/esCNN_random_ar1_h1
[2020-10-23 12:57:11] esCNN.cv4: Channel size: 49 	 Kernel size: 3 
Training MSE: 0.01549829 	 Validating MSE: 0.02298645 	 Best VMSE: 0.02275125
[2020-10-23 12:57:11] esCNN.cv4: Checkpoint saved to experiments/normal/ar1/esCNN_random_ar1_h1
[2020-10-23 12:57:11] esCNN.cv4: Channel size: 50 	 Kernel size: 3 
Training MSE: 0.01549303 	 Validating MSE: 0.02318420 	 Best VMSE: 0.02275125
[2020-10-23 12:57:11] esCNN.cv4: Checkpoint saved to experiments/normal/ar1/esCNN_random_ar1_h1
[2020-10-23 12:57:11] esCNN.cv4: Channel size: 51 	 Kernel size: 3 
Training MSE: 0.01548765 	 Validating MSE: 0.02296390 	 Best VMSE: 0.02275125
[2020-10-23 12:57:11] esCNN.cv4: Checkpoint saved to experiments/normal/ar1/esCNN_random_ar1_h1
[2020-10-23 12:57:11] esCNN.cv4: Channel size: 52 	 Kernel size: 3 
Training MSE: 0.01548621 	 Validating MSE: 0.02293720 	 Best VMSE: 0.02275125
[2020-10-23 12:57:11] esCNN.cv4: Checkpoint saved to experiments/normal/ar1/esCNN_random_ar1_h1
[2020-10-23 12:57:11] esCNN.cv4: Channel size: 53 	 Kernel size: 3 
Training MSE: 0.01548616 	 Validating MSE: 0.02293053 	 Best VMSE: 0.02275125
[2020-10-23 12:57:11] esCNN.cv4: Checkpoint saved to experiments/normal/ar1/esCNN_random_ar1_h1
[2020-10-23 12:57:11] esCNN.cv4: Channel size: 54 	 Kernel size: 3 
Training MSE: 0.01548607 	 Validating MSE: 0.02294381 	 Best VMSE: 0.02275125
[2020-10-23 12:57:11] esCNN.cv4: Checkpoint saved to experiments/normal/ar1/esCNN_random_ar1_h1
[2020-10-23 12:57:11] esCNN.cv4: Channel size: 55 	 Kernel size: 3 
Training MSE: 0.01548592 	 Validating MSE: 0.02295140 	 Best VMSE: 0.02275125
[2020-10-23 12:57:11] esCNN.cv4: Checkpoint saved to experiments/normal/ar1/esCNN_random_ar1_h1
[2020-10-23 12:57:11] esCNN.cv4: Channel size: 56 	 Kernel size: 3 
Training MSE: 0.01548577 	 Validating MSE: 0.02298372 	 Best VMSE: 0.02275125
[2020-10-23 12:57:11] esCNN.cv4: Checkpoint saved to experiments/normal/ar1/esCNN_random_ar1_h1
[2020-10-23 12:57:11] esCNN.cv4: Channel size: 57 	 Kernel size: 3 
Training MSE: 0.01547513 	 Validating MSE: 0.02333690 	 Best VMSE: 0.02275125
[2020-10-23 12:57:11] esCNN.cv4: Checkpoint saved to experiments/normal/ar1/esCNN_random_ar1_h1
[2020-10-23 12:57:11] esCNN.cv4: Channel size: 58 	 Kernel size: 3 
Training MSE: 0.01547181 	 Validating MSE: 0.02314894 	 Best VMSE: 0.02275125
[2020-10-23 12:57:11] esCNN.cv4: Checkpoint saved to experiments/normal/ar1/esCNN_random_ar1_h1
[2020-10-23 12:57:11] esCNN.cv4: Channel size: 59 	 Kernel size: 3 
Training MSE: 0.01547015 	 Validating MSE: 0.02303284 	 Best VMSE: 0.02275125
[2020-10-23 12:57:11] esCNN.cv4: Checkpoint saved to experiments/normal/ar1/esCNN_random_ar1_h1
[2020-10-23 12:57:11] esCNN.cv4: Channel size: 60 	 Kernel size: 3 
Training MSE: 0.01546918 	 Validating MSE: 0.02304496 	 Best VMSE: 0.02275125
[2020-10-23 12:57:11] esCNN.cv4: Checkpoint saved to experiments/normal/ar1/esCNN_random_ar1_h1
[2020-10-23 12:57:11] esCNN.cv4: Channel size: 61 	 Kernel size: 3 
Training MSE: 0.01546825 	 Validating MSE: 0.02300137 	 Best VMSE: 0.02275125
[2020-10-23 12:57:11] esCNN.cv4: Checkpoint saved to experiments/normal/ar1/esCNN_random_ar1_h1
[2020-10-23 12:57:11] esCNN.cv4: Channel size: 62 	 Kernel size: 3 
Training MSE: 0.01545703 	 Validating MSE: 0.02324454 	 Best VMSE: 0.02275125
[2020-10-23 12:57:11] esCNN.cv4: Checkpoint saved to experiments/normal/ar1/esCNN_random_ar1_h1
[2020-10-23 12:57:12] esCNN.cv4: Channel size: 63 	 Kernel size: 3 
Training MSE: 0.01544697 	 Validating MSE: 0.02298759 	 Best VMSE: 0.02275125
[2020-10-23 12:57:12] esCNN.cv4: Checkpoint saved to experiments/normal/ar1/esCNN_random_ar1_h1
[2020-10-23 12:57:12] esCNN.cv4: Channel size: 64 	 Kernel size: 3 
Training MSE: 0.01544522 	 Validating MSE: 0.02298709 	 Best VMSE: 0.02275125
[2020-10-23 12:57:12] esCNN.cv4: Checkpoint saved to experiments/normal/ar1/esCNN_random_ar1_h1
[2020-10-23 12:57:12] esCNN.cv4: Channel size: 65 	 Kernel size: 3 
Training MSE: 0.01544301 	 Validating MSE: 0.02316753 	 Best VMSE: 0.02275125
[2020-10-23 12:57:12] esCNN.cv4: Checkpoint saved to experiments/normal/ar1/esCNN_random_ar1_h1
[2020-10-23 12:57:12] esCNN.cv4: Channel size: 66 	 Kernel size: 3 
Training MSE: 0.01544298 	 Validating MSE: 0.02317205 	 Best VMSE: 0.02275125
[2020-10-23 12:57:12] esCNN.cv4: Checkpoint saved to experiments/normal/ar1/esCNN_random_ar1_h1
[2020-10-23 12:57:12] esCNN.cv4: Channel size: 67 	 Kernel size: 3 
Training MSE: 0.01544112 	 Validating MSE: 0.02305562 	 Best VMSE: 0.02275125
[2020-10-23 12:57:12] esCNN.cv4: Checkpoint saved to experiments/normal/ar1/esCNN_random_ar1_h1
[2020-10-23 12:57:12] esCNN.cv4: Channel size: 68 	 Kernel size: 3 
Training MSE: 0.01544096 	 Validating MSE: 0.02306038 	 Best VMSE: 0.02275125
[2020-10-23 12:57:12] esCNN.cv4: Checkpoint saved to experiments/normal/ar1/esCNN_random_ar1_h1
[2020-10-23 12:57:12] esCNN.cv4: Channel size: 69 	 Kernel size: 3 
Training MSE: 0.01544060 	 Validating MSE: 0.02301714 	 Best VMSE: 0.02275125
[2020-10-23 12:57:12] esCNN.cv4: Checkpoint saved to experiments/normal/ar1/esCNN_random_ar1_h1
[2020-10-23 12:57:12] esCNN.cv4: Channel size: 70 	 Kernel size: 3 
Training MSE: 0.01543597 	 Validating MSE: 0.02325659 	 Best VMSE: 0.02275125
[2020-10-23 12:57:12] esCNN.cv4: Checkpoint saved to experiments/normal/ar1/esCNN_random_ar1_h1
[2020-10-23 12:57:12] esCNN.cv4: Channel size: 71 	 Kernel size: 3 
Training MSE: 0.01543589 	 Validating MSE: 0.02325242 	 Best VMSE: 0.02275125
[2020-10-23 12:57:12] esCNN.cv4: Checkpoint saved to experiments/normal/ar1/esCNN_random_ar1_h1
[2020-10-23 12:57:12] esCNN.cv4: Channel size: 72 	 Kernel size: 3 
Training MSE: 0.01543231 	 Validating MSE: 0.02308404 	 Best VMSE: 0.02275125
[2020-10-23 12:57:12] esCNN.cv4: Checkpoint saved to experiments/normal/ar1/esCNN_random_ar1_h1
[2020-10-23 12:57:12] esCNN.cv4: Channel size: 73 	 Kernel size: 3 
Training MSE: 0.01543193 	 Validating MSE: 0.02308119 	 Best VMSE: 0.02275125
[2020-10-23 12:57:12] esCNN.cv4: Checkpoint saved to experiments/normal/ar1/esCNN_random_ar1_h1
[2020-10-23 12:57:12] esCNN.cv4: Channel size: 74 	 Kernel size: 3 
Training MSE: 0.01542918 	 Validating MSE: 0.02329650 	 Best VMSE: 0.02275125
[2020-10-23 12:57:12] esCNN.cv4: Checkpoint saved to experiments/normal/ar1/esCNN_random_ar1_h1
[2020-10-23 12:57:12] esCNN.cv4: Channel size: 75 	 Kernel size: 3 
Training MSE: 0.01542848 	 Validating MSE: 0.02318092 	 Best VMSE: 0.02275125
[2020-10-23 12:57:12] esCNN.cv4: Checkpoint saved to experiments/normal/ar1/esCNN_random_ar1_h1
[2020-10-23 12:57:13] esCNN.cv4: Channel size: 76 	 Kernel size: 3 
Training MSE: 0.01542727 	 Validating MSE: 0.02308213 	 Best VMSE: 0.02275125
[2020-10-23 12:57:13] esCNN.cv4: Checkpoint saved to experiments/normal/ar1/esCNN_random_ar1_h1
[2020-10-23 12:57:13] esCNN.cv4: Channel size: 77 	 Kernel size: 3 
Training MSE: 0.01542693 	 Validating MSE: 0.02307615 	 Best VMSE: 0.02275125
[2020-10-23 12:57:13] esCNN.cv4: Checkpoint saved to experiments/normal/ar1/esCNN_random_ar1_h1
[2020-10-23 12:57:13] esCNN.cv4: Channel size: 78 	 Kernel size: 3 
Training MSE: 0.01542622 	 Validating MSE: 0.02318168 	 Best VMSE: 0.02275125
[2020-10-23 12:57:13] esCNN.cv4: Checkpoint saved to experiments/normal/ar1/esCNN_random_ar1_h1
[2020-10-23 12:57:13] esCNN.cv4: Channel size: 79 	 Kernel size: 3 
Training MSE: 0.01542515 	 Validating MSE: 0.02307560 	 Best VMSE: 0.02275125
[2020-10-23 12:57:13] esCNN.cv4: Checkpoint saved to experiments/normal/ar1/esCNN_random_ar1_h1
[2020-10-23 12:57:13] esCNN.cv4: Channel size: 80 	 Kernel size: 3 
Training MSE: 0.01542494 	 Validating MSE: 0.02311275 	 Best VMSE: 0.02275125
[2020-10-23 12:57:13] esCNN.cv4: Checkpoint saved to experiments/normal/ar1/esCNN_random_ar1_h1
[2020-10-23 12:57:13] esCNN.cv4: Channel size: 81 	 Kernel size: 3 
Training MSE: 0.01542489 	 Validating MSE: 0.02309911 	 Best VMSE: 0.02275125
[2020-10-23 12:57:13] esCNN.cv4: Checkpoint saved to experiments/normal/ar1/esCNN_random_ar1_h1
[2020-10-23 12:57:13] esCNN.cv4: Channel size: 82 	 Kernel size: 3 
Training MSE: 0.01541909 	 Validating MSE: 0.02331829 	 Best VMSE: 0.02275125
[2020-10-23 12:57:13] esCNN.cv4: Checkpoint saved to experiments/normal/ar1/esCNN_random_ar1_h1
[2020-10-23 12:57:13] esCNN.cv4: Channel size: 83 	 Kernel size: 3 
Training MSE: 0.01541734 	 Validating MSE: 0.02343526 	 Best VMSE: 0.02275125
[2020-10-23 12:57:13] esCNN.cv4: Checkpoint saved to experiments/normal/ar1/esCNN_random_ar1_h1
[2020-10-23 12:57:13] esCNN.cv4: Channel size: 84 	 Kernel size: 3 
Training MSE: 0.01541250 	 Validating MSE: 0.02318313 	 Best VMSE: 0.02275125
[2020-10-23 12:57:13] esCNN.cv4: Checkpoint saved to experiments/normal/ar1/esCNN_random_ar1_h1
[2020-10-23 12:57:13] esCNN.cv4: Channel size: 85 	 Kernel size: 3 
Training MSE: 0.01541183 	 Validating MSE: 0.02316800 	 Best VMSE: 0.02275125
[2020-10-23 12:57:13] esCNN.cv4: Checkpoint saved to experiments/normal/ar1/esCNN_random_ar1_h1
[2020-10-23 12:57:13] esCNN.cv4: Channel size: 86 	 Kernel size: 3 
Training MSE: 0.01541164 	 Validating MSE: 0.02311878 	 Best VMSE: 0.02275125
[2020-10-23 12:57:13] esCNN.cv4: Checkpoint saved to experiments/normal/ar1/esCNN_random_ar1_h1
[2020-10-23 12:57:14] esCNN.cv4: Channel size: 87 	 Kernel size: 3 
Training MSE: 0.01540061 	 Validating MSE: 0.02352768 	 Best VMSE: 0.02275125
[2020-10-23 12:57:14] esCNN.cv4: Checkpoint saved to experiments/normal/ar1/esCNN_random_ar1_h1
[2020-10-23 12:57:14] esCNN.cv4: Channel size: 88 	 Kernel size: 3 
Training MSE: 0.01539056 	 Validating MSE: 0.02315009 	 Best VMSE: 0.02275125
[2020-10-23 12:57:14] esCNN.cv4: Checkpoint saved to experiments/normal/ar1/esCNN_random_ar1_h1
[2020-10-23 12:57:14] esCNN.cv4: Channel size: 89 	 Kernel size: 3 
Training MSE: 0.01538814 	 Validating MSE: 0.02321302 	 Best VMSE: 0.02275125
[2020-10-23 12:57:14] esCNN.cv4: Checkpoint saved to experiments/normal/ar1/esCNN_random_ar1_h1
[2020-10-23 12:57:14] esCNN.cv4: Channel size: 90 	 Kernel size: 3 
Training MSE: 0.01538791 	 Validating MSE: 0.02318289 	 Best VMSE: 0.02275125
[2020-10-23 12:57:14] esCNN.cv4: Checkpoint saved to experiments/normal/ar1/esCNN_random_ar1_h1
[2020-10-23 12:57:14] esCNN.cv4: Channel size: 91 	 Kernel size: 3 
Training MSE: 0.01538770 	 Validating MSE: 0.02316349 	 Best VMSE: 0.02275125
[2020-10-23 12:57:14] esCNN.cv4: Checkpoint saved to experiments/normal/ar1/esCNN_random_ar1_h1
[2020-10-23 12:57:14] esCNN.cv4: Channel size: 92 	 Kernel size: 3 
Training MSE: 0.01538766 	 Validating MSE: 0.02319071 	 Best VMSE: 0.02275125
[2020-10-23 12:57:14] esCNN.cv4: Checkpoint saved to experiments/normal/ar1/esCNN_random_ar1_h1
[2020-10-23 12:57:14] esCNN.cv4: Channel size: 93 	 Kernel size: 3 
Training MSE: 0.01538125 	 Validating MSE: 0.02344752 	 Best VMSE: 0.02275125
[2020-10-23 12:57:14] esCNN.cv4: Checkpoint saved to experiments/normal/ar1/esCNN_random_ar1_h1
[2020-10-23 12:57:14] esCNN.cv4: Channel size: 94 	 Kernel size: 3 
Training MSE: 0.01537672 	 Validating MSE: 0.02323152 	 Best VMSE: 0.02275125
[2020-10-23 12:57:14] esCNN.cv4: Checkpoint saved to experiments/normal/ar1/esCNN_random_ar1_h1
[2020-10-23 12:57:14] esCNN.cv4: Channel size: 95 	 Kernel size: 3 
Training MSE: 0.01537660 	 Validating MSE: 0.02320860 	 Best VMSE: 0.02275125
[2020-10-23 12:57:14] esCNN.cv4: Checkpoint saved to experiments/normal/ar1/esCNN_random_ar1_h1
[2020-10-23 12:57:14] esCNN.cv4: Channel size: 96 	 Kernel size: 3 
Training MSE: 0.01536891 	 Validating MSE: 0.02355726 	 Best VMSE: 0.02275125
[2020-10-23 12:57:14] esCNN.cv4: Checkpoint saved to experiments/normal/ar1/esCNN_random_ar1_h1
[2020-10-23 12:57:14] esCNN.cv4: Channel size: 97 	 Kernel size: 3 
Training MSE: 0.01536544 	 Validating MSE: 0.02338921 	 Best VMSE: 0.02275125
[2020-10-23 12:57:14] esCNN.cv4: Checkpoint saved to experiments/normal/ar1/esCNN_random_ar1_h1
[2020-10-23 12:57:15] esCNN.cv4: Channel size: 98 	 Kernel size: 3 
Training MSE: 0.01536323 	 Validating MSE: 0.02325705 	 Best VMSE: 0.02275125
[2020-10-23 12:57:15] esCNN.cv4: Checkpoint saved to experiments/normal/ar1/esCNN_random_ar1_h1
[2020-10-23 12:57:15] esCNN.cv4: Channel size: 99 	 Kernel size: 3 
Training MSE: 0.01536208 	 Validating MSE: 0.02334417 	 Best VMSE: 0.02275125
[2020-10-23 12:57:15] esCNN.cv4: Checkpoint saved to experiments/normal/ar1/esCNN_random_ar1_h1
[2020-10-23 12:57:15] esCNN.cv4: Channel size: 100 	 Kernel size: 3 
Training MSE: 0.01536187 	 Validating MSE: 0.02340515 	 Best VMSE: 0.02275125
[2020-10-23 12:57:15] esCNN.cv4: Checkpoint saved to experiments/normal/ar1/esCNN_random_ar1_h1
[2020-10-23 12:57:15] esCNN.cv4: Restoring best parameters from experiments/normal/ar1/esCNN_random_ar1_h1/train.cv4.pth.tar
[2020-10-23 12:57:15] esCNN.cv4: ar1	 H: 1	 Trail: 12 
Testing RMSE: 0.2035 	 MAPE: 0.04149 	 SMAPE: 0.02132
