[2020-09-16 21:15:02] SCN.cv10: Loading the datasets and model for 23th-batch-training
[2020-09-16 21:15:02] SCN.cv10: Argument hidden_size: 100
[2020-09-16 21:15:02] SCN.cv10: Argument candidate_size: 300
[2020-09-16 21:15:02] SCN.cv10: Argument Lambdas: [0.5, 1, 5, 15, 30, 50, 100, 150, 200]
[2020-09-16 21:15:02] SCN.cv10: Argument Lambdas_std: [0.01, 0.05, 0.1, 0.5, 1]
[2020-09-16 21:15:02] SCN.cv10: Argument r: [0.8, 0.9, 0.99, 0.9999, 0.999999]
[2020-09-16 21:15:02] SCN.cv10: Argument tolerance: 0
[2020-09-16 21:15:02] SCN.cv10: Argument device: device(type='cuda')
[2020-09-16 21:15:02] SCN.cv10: Argument dataset: 'ar1'
[2020-09-16 21:15:02] SCN.cv10: Argument H: 3
[2020-09-16 21:15:02] SCN.cv10: Argument k: 5
[2020-09-16 21:15:02] SCN.cv10: Argument test: False
[2020-09-16 21:15:02] SCN.cv10: Argument normal: True
[2020-09-16 21:15:02] SCN.cv10: Argument diff: False
[2020-09-16 21:15:02] SCN.cv10: Argument times: 40
[2020-09-16 21:15:02] SCN.cv10: Argument datasets: {'ar1': {'lag_order': 15, 'normal': True, 'cov_dim': 0, 'kernel_size': 3}, 'wti': {'lag_order': 25, 'normal': True, 'cov_dim': 0, 'kernel_size': 5}, 'gold': {'lag_order': 25, 'normal': True, 'cov_dim': 0, 'kernel_size': 5}, 'sp': {'lag_order': 25, 'normal': True, 'cov_dim': 0, 'kernel_size': 5}, 'brent': {'lag_order': 24, 'normal': True, 'cov_dim': 0, 'kernel_size': 6}, 'sili': {'lag_order': 26, 'normal': True, 'cov_dim': 0, 'kernel_size': 6}}
[2020-09-16 21:15:02] SCN.cv10: Argument steps: 15
[2020-09-16 21:15:02] SCN.cv10: Argument experiment: 'experiments/normal/ar1'
[2020-09-16 21:15:02] SCN.cv10: Argument scaler: StandardScaler()
[2020-09-16 21:15:02] SCN.cv10: Argument model_name: 'SCN_ar1_h3'
[2020-09-16 21:15:02] SCN.cv10: Argument model_dir: 'experiments/normal/ar1/SCN_ar1_h3'
[2020-09-16 21:15:02] SCN.cv10: Argument restore: True
[2020-09-16 21:15:02] SCN.cv10: Argument cv: 10
[2020-09-16 21:15:02] SCN.cv10: Argument plot_dir: 'experiments/normal/ar1/SCN_ar1_h3/figures'
[2020-09-16 21:15:02] SCN.cv10: Using Cuda...
[2020-09-16 21:15:02] SCN.cv10: Loading complete.
[2020-09-16 21:15:02] SCN.cv10: Model: 
scnModel(
  (loss_fn): MSELoss()
)
[2020-09-16 21:15:02] SCN.cv10: Hidden size: 1 	 
Training MSE: 0.33535394 	 Validating MSE: 2.05788064 	 Best VMSE: 9999.00000000
[2020-09-16 21:15:02] SCN.cv10: Found new best state
[2020-09-16 21:15:02] SCN.cv10: Best vmse: 2.0579
[2020-09-16 21:15:02] SCN.cv10: Checkpoint saved to experiments/normal/ar1/SCN_ar1_h3
[2020-09-16 21:15:02] SCN.cv10: Hidden size: 2 	 
Training MSE: 0.18215096 	 Validating MSE: 0.11278892 	 Best VMSE: 2.05788064
[2020-09-16 21:15:02] SCN.cv10: Found new best state
[2020-09-16 21:15:02] SCN.cv10: Best vmse: 0.1128
[2020-09-16 21:15:02] SCN.cv10: Checkpoint saved to experiments/normal/ar1/SCN_ar1_h3
[2020-09-16 21:15:02] SCN.cv10: Hidden size: 3 	 
Training MSE: 0.09788463 	 Validating MSE: 0.10784233 	 Best VMSE: 0.11278892
[2020-09-16 21:15:02] SCN.cv10: Found new best state
[2020-09-16 21:15:02] SCN.cv10: Best vmse: 0.1078
[2020-09-16 21:15:02] SCN.cv10: Checkpoint saved to experiments/normal/ar1/SCN_ar1_h3
[2020-09-16 21:15:03] SCN.cv10: Hidden size: 4 	 
Training MSE: 0.06206322 	 Validating MSE: 0.10347021 	 Best VMSE: 0.10784233
[2020-09-16 21:15:03] SCN.cv10: Found new best state
[2020-09-16 21:15:03] SCN.cv10: Best vmse: 0.1035
[2020-09-16 21:15:03] SCN.cv10: Checkpoint saved to experiments/normal/ar1/SCN_ar1_h3
[2020-09-16 21:15:03] SCN.cv10: Hidden size: 5 	 
Training MSE: 0.04925879 	 Validating MSE: 0.10513608 	 Best VMSE: 0.10347021
[2020-09-16 21:15:03] SCN.cv10: Checkpoint saved to experiments/normal/ar1/SCN_ar1_h3
[2020-09-16 21:15:04] SCN.cv10: Hidden size: 6 	 
Training MSE: 0.04004936 	 Validating MSE: 0.05834190 	 Best VMSE: 0.10347021
[2020-09-16 21:15:04] SCN.cv10: Found new best state
[2020-09-16 21:15:04] SCN.cv10: Best vmse: 0.0583
[2020-09-16 21:15:04] SCN.cv10: Checkpoint saved to experiments/normal/ar1/SCN_ar1_h3
[2020-09-16 21:15:04] SCN.cv10: Hidden size: 7 	 
Training MSE: 0.03722673 	 Validating MSE: 0.09168967 	 Best VMSE: 0.05834190
[2020-09-16 21:15:04] SCN.cv10: Checkpoint saved to experiments/normal/ar1/SCN_ar1_h3
[2020-09-16 21:15:05] SCN.cv10: Hidden size: 8 	 
Training MSE: 0.03500157 	 Validating MSE: 0.12628335 	 Best VMSE: 0.05834190
[2020-09-16 21:15:05] SCN.cv10: Checkpoint saved to experiments/normal/ar1/SCN_ar1_h3
[2020-09-16 21:15:05] SCN.cv10: Hidden size: 9 	 
Training MSE: 0.03333786 	 Validating MSE: 0.18960927 	 Best VMSE: 0.05834190
[2020-09-16 21:15:05] SCN.cv10: Checkpoint saved to experiments/normal/ar1/SCN_ar1_h3
[2020-09-16 21:15:05] SCN.cv10: Hidden size: 10 	 
Training MSE: 0.03270524 	 Validating MSE: 0.10743812 	 Best VMSE: 0.05834190
[2020-09-16 21:15:05] SCN.cv10: Checkpoint saved to experiments/normal/ar1/SCN_ar1_h3
[2020-09-16 21:15:06] SCN.cv10: Hidden size: 11 	 
Training MSE: 0.03120949 	 Validating MSE: 0.08561999 	 Best VMSE: 0.05834190
[2020-09-16 21:15:06] SCN.cv10: Checkpoint saved to experiments/normal/ar1/SCN_ar1_h3
[2020-09-16 21:15:06] SCN.cv10: Hidden size: 12 	 
Training MSE: 0.02991145 	 Validating MSE: 0.09589630 	 Best VMSE: 0.05834190
[2020-09-16 21:15:06] SCN.cv10: Checkpoint saved to experiments/normal/ar1/SCN_ar1_h3
[2020-09-16 21:15:07] SCN.cv10: Hidden size: 13 	 
Training MSE: 0.02935939 	 Validating MSE: 0.07987926 	 Best VMSE: 0.05834190
[2020-09-16 21:15:07] SCN.cv10: Checkpoint saved to experiments/normal/ar1/SCN_ar1_h3
[2020-09-16 21:15:07] SCN.cv10: Hidden size: 14 	 
Training MSE: 0.02897427 	 Validating MSE: 0.09649149 	 Best VMSE: 0.05834190
[2020-09-16 21:15:07] SCN.cv10: Checkpoint saved to experiments/normal/ar1/SCN_ar1_h3
[2020-09-16 21:15:07] SCN.cv10: Hidden size: 15 	 
Training MSE: 0.02854580 	 Validating MSE: 0.08843034 	 Best VMSE: 0.05834190
[2020-09-16 21:15:07] SCN.cv10: Checkpoint saved to experiments/normal/ar1/SCN_ar1_h3
[2020-09-16 21:15:08] SCN.cv10: Hidden size: 16 	 
Training MSE: 0.02835553 	 Validating MSE: 0.12707123 	 Best VMSE: 0.05834190
[2020-09-16 21:15:08] SCN.cv10: Checkpoint saved to experiments/normal/ar1/SCN_ar1_h3
[2020-09-16 21:15:08] SCN.cv10: Hidden size: 17 	 
Training MSE: 0.02826089 	 Validating MSE: 0.13245596 	 Best VMSE: 0.05834190
[2020-09-16 21:15:08] SCN.cv10: Checkpoint saved to experiments/normal/ar1/SCN_ar1_h3
[2020-09-16 21:15:09] SCN.cv10: Hidden size: 18 	 
Training MSE: 0.02801456 	 Validating MSE: 0.16077936 	 Best VMSE: 0.05834190
[2020-09-16 21:15:09] SCN.cv10: Checkpoint saved to experiments/normal/ar1/SCN_ar1_h3
[2020-09-16 21:15:09] SCN.cv10: Hidden size: 19 	 
Training MSE: 0.02795429 	 Validating MSE: 0.15554790 	 Best VMSE: 0.05834190
[2020-09-16 21:15:09] SCN.cv10: Checkpoint saved to experiments/normal/ar1/SCN_ar1_h3
[2020-09-16 21:15:09] SCN.cv10: Hidden size: 20 	 
Training MSE: 0.02772049 	 Validating MSE: 0.25927565 	 Best VMSE: 0.05834190
[2020-09-16 21:15:09] SCN.cv10: Checkpoint saved to experiments/normal/ar1/SCN_ar1_h3
[2020-09-16 21:15:10] SCN.cv10: Hidden size: 21 	 
Training MSE: 0.02735063 	 Validating MSE: 0.32375893 	 Best VMSE: 0.05834190
[2020-09-16 21:15:10] SCN.cv10: Checkpoint saved to experiments/normal/ar1/SCN_ar1_h3
[2020-09-16 21:15:10] SCN.cv10: Hidden size: 22 	 
Training MSE: 0.02709223 	 Validating MSE: 0.17230915 	 Best VMSE: 0.05834190
[2020-09-16 21:15:10] SCN.cv10: Checkpoint saved to experiments/normal/ar1/SCN_ar1_h3
[2020-09-16 21:15:11] SCN.cv10: Hidden size: 23 	 
Training MSE: 0.02689246 	 Validating MSE: 0.20497158 	 Best VMSE: 0.05834190
[2020-09-16 21:15:11] SCN.cv10: Checkpoint saved to experiments/normal/ar1/SCN_ar1_h3
[2020-09-16 21:15:11] SCN.cv10: Hidden size: 24 	 
Training MSE: 0.02667424 	 Validating MSE: 0.16802751 	 Best VMSE: 0.05834190
[2020-09-16 21:15:11] SCN.cv10: Checkpoint saved to experiments/normal/ar1/SCN_ar1_h3
[2020-09-16 21:15:11] SCN.cv10: Hidden size: 25 	 
Training MSE: 0.02640299 	 Validating MSE: 0.22165573 	 Best VMSE: 0.05834190
[2020-09-16 21:15:11] SCN.cv10: Checkpoint saved to experiments/normal/ar1/SCN_ar1_h3
[2020-09-16 21:15:12] SCN.cv10: Hidden size: 26 	 
Training MSE: 0.02620059 	 Validating MSE: 0.17706716 	 Best VMSE: 0.05834190
[2020-09-16 21:15:12] SCN.cv10: Checkpoint saved to experiments/normal/ar1/SCN_ar1_h3
[2020-09-16 21:15:12] SCN.cv10: Hidden size: 27 	 
Training MSE: 0.02599596 	 Validating MSE: 0.16687983 	 Best VMSE: 0.05834190
[2020-09-16 21:15:12] SCN.cv10: Checkpoint saved to experiments/normal/ar1/SCN_ar1_h3
[2020-09-16 21:15:13] SCN.cv10: Hidden size: 28 	 
Training MSE: 0.02586498 	 Validating MSE: 0.23413496 	 Best VMSE: 0.05834190
[2020-09-16 21:15:13] SCN.cv10: Checkpoint saved to experiments/normal/ar1/SCN_ar1_h3
[2020-09-16 21:15:13] SCN.cv10: Hidden size: 29 	 
Training MSE: 0.02576126 	 Validating MSE: 0.25262550 	 Best VMSE: 0.05834190
[2020-09-16 21:15:13] SCN.cv10: Checkpoint saved to experiments/normal/ar1/SCN_ar1_h3
[2020-09-16 21:15:13] SCN.cv10: Hidden size: 30 	 
Training MSE: 0.02552507 	 Validating MSE: 0.27402517 	 Best VMSE: 0.05834190
[2020-09-16 21:15:13] SCN.cv10: Checkpoint saved to experiments/normal/ar1/SCN_ar1_h3
[2020-09-16 21:15:14] SCN.cv10: Hidden size: 31 	 
Training MSE: 0.02535499 	 Validating MSE: 0.38609710 	 Best VMSE: 0.05834190
[2020-09-16 21:15:14] SCN.cv10: Checkpoint saved to experiments/normal/ar1/SCN_ar1_h3
[2020-09-16 21:15:14] SCN.cv10: Hidden size: 32 	 
Training MSE: 0.02527130 	 Validating MSE: 0.48949072 	 Best VMSE: 0.05834190
[2020-09-16 21:15:14] SCN.cv10: Checkpoint saved to experiments/normal/ar1/SCN_ar1_h3
[2020-09-16 21:15:15] SCN.cv10: Hidden size: 33 	 
Training MSE: 0.02508090 	 Validating MSE: 1.08337104 	 Best VMSE: 0.05834190
[2020-09-16 21:15:15] SCN.cv10: Checkpoint saved to experiments/normal/ar1/SCN_ar1_h3
[2020-09-16 21:15:15] SCN.cv10: Hidden size: 34 	 
Training MSE: 0.02486800 	 Validating MSE: 1.73993266 	 Best VMSE: 0.05834190
[2020-09-16 21:15:15] SCN.cv10: Checkpoint saved to experiments/normal/ar1/SCN_ar1_h3
[2020-09-16 21:15:15] SCN.cv10: Hidden size: 35 	 
Training MSE: 0.02453572 	 Validating MSE: 1.47441542 	 Best VMSE: 0.05834190
[2020-09-16 21:15:15] SCN.cv10: Checkpoint saved to experiments/normal/ar1/SCN_ar1_h3
[2020-09-16 21:15:16] SCN.cv10: Hidden size: 36 	 
Training MSE: 0.02430788 	 Validating MSE: 1.58451176 	 Best VMSE: 0.05834190
[2020-09-16 21:15:16] SCN.cv10: Checkpoint saved to experiments/normal/ar1/SCN_ar1_h3
[2020-09-16 21:15:16] SCN.cv10: Hidden size: 37 	 
Training MSE: 0.02404485 	 Validating MSE: 1.61745965 	 Best VMSE: 0.05834190
[2020-09-16 21:15:16] SCN.cv10: Checkpoint saved to experiments/normal/ar1/SCN_ar1_h3
[2020-09-16 21:15:17] SCN.cv10: Hidden size: 38 	 
Training MSE: 0.02387099 	 Validating MSE: 1.64450216 	 Best VMSE: 0.05834190
[2020-09-16 21:15:17] SCN.cv10: Checkpoint saved to experiments/normal/ar1/SCN_ar1_h3
[2020-09-16 21:15:17] SCN.cv10: Hidden size: 39 	 
Training MSE: 0.02365769 	 Validating MSE: 2.12809420 	 Best VMSE: 0.05834190
[2020-09-16 21:15:17] SCN.cv10: Checkpoint saved to experiments/normal/ar1/SCN_ar1_h3
[2020-09-16 21:15:18] SCN.cv10: Hidden size: 40 	 
Training MSE: 0.02340719 	 Validating MSE: 2.36892295 	 Best VMSE: 0.05834190
[2020-09-16 21:15:18] SCN.cv10: Checkpoint saved to experiments/normal/ar1/SCN_ar1_h3
[2020-09-16 21:15:18] SCN.cv10: Hidden size: 41 	 
Training MSE: 0.02330921 	 Validating MSE: 2.89592147 	 Best VMSE: 0.05834190
[2020-09-16 21:15:18] SCN.cv10: Checkpoint saved to experiments/normal/ar1/SCN_ar1_h3
[2020-09-16 21:15:19] SCN.cv10: Hidden size: 42 	 
Training MSE: 0.02310641 	 Validating MSE: 3.66996574 	 Best VMSE: 0.05834190
[2020-09-16 21:15:19] SCN.cv10: Checkpoint saved to experiments/normal/ar1/SCN_ar1_h3
[2020-09-16 21:15:19] SCN.cv10: Hidden size: 43 	 
Training MSE: 0.02297073 	 Validating MSE: 4.22616863 	 Best VMSE: 0.05834190
[2020-09-16 21:15:19] SCN.cv10: Checkpoint saved to experiments/normal/ar1/SCN_ar1_h3
[2020-09-16 21:15:20] SCN.cv10: Hidden size: 44 	 
Training MSE: 0.02253948 	 Validating MSE: 4.26738405 	 Best VMSE: 0.05834190
[2020-09-16 21:15:20] SCN.cv10: Checkpoint saved to experiments/normal/ar1/SCN_ar1_h3
[2020-09-16 21:15:20] SCN.cv10: Hidden size: 45 	 
Training MSE: 0.02214294 	 Validating MSE: 4.82209539 	 Best VMSE: 0.05834190
[2020-09-16 21:15:20] SCN.cv10: Checkpoint saved to experiments/normal/ar1/SCN_ar1_h3
[2020-09-16 21:15:21] SCN.cv10: Hidden size: 46 	 
Training MSE: 0.02200552 	 Validating MSE: 5.04356575 	 Best VMSE: 0.05834190
[2020-09-16 21:15:21] SCN.cv10: Checkpoint saved to experiments/normal/ar1/SCN_ar1_h3
[2020-09-16 21:15:21] SCN.cv10: Hidden size: 47 	 
Training MSE: 0.02191810 	 Validating MSE: 5.39933395 	 Best VMSE: 0.05834190
[2020-09-16 21:15:21] SCN.cv10: Checkpoint saved to experiments/normal/ar1/SCN_ar1_h3
[2020-09-16 21:15:22] SCN.cv10: Hidden size: 48 	 
Training MSE: 0.02174713 	 Validating MSE: 5.85091877 	 Best VMSE: 0.05834190
[2020-09-16 21:15:22] SCN.cv10: Checkpoint saved to experiments/normal/ar1/SCN_ar1_h3
[2020-09-16 21:15:22] SCN.cv10: Hidden size: 49 	 
Training MSE: 0.02160524 	 Validating MSE: 7.42558289 	 Best VMSE: 0.05834190
[2020-09-16 21:15:22] SCN.cv10: Checkpoint saved to experiments/normal/ar1/SCN_ar1_h3
[2020-09-16 21:15:23] SCN.cv10: Hidden size: 50 	 
Training MSE: 0.02137966 	 Validating MSE: 7.82787895 	 Best VMSE: 0.05834190
[2020-09-16 21:15:23] SCN.cv10: Checkpoint saved to experiments/normal/ar1/SCN_ar1_h3
[2020-09-16 21:15:24] SCN.cv10: Hidden size: 51 	 
Training MSE: 0.02105717 	 Validating MSE: 8.76697922 	 Best VMSE: 0.05834190
[2020-09-16 21:15:24] SCN.cv10: Checkpoint saved to experiments/normal/ar1/SCN_ar1_h3
[2020-09-16 21:15:25] SCN.cv10: Hidden size: 52 	 
Training MSE: 0.02081909 	 Validating MSE: 11.22583103 	 Best VMSE: 0.05834190
[2020-09-16 21:15:25] SCN.cv10: Checkpoint saved to experiments/normal/ar1/SCN_ar1_h3
[2020-09-16 21:15:25] SCN.cv10: Hidden size: 53 	 
Training MSE: 0.02037939 	 Validating MSE: 13.91680431 	 Best VMSE: 0.05834190
[2020-09-16 21:15:25] SCN.cv10: Checkpoint saved to experiments/normal/ar1/SCN_ar1_h3
[2020-09-16 21:15:25] SCN.cv10: Hidden size: 54 	 
Training MSE: 0.02015666 	 Validating MSE: 14.19105721 	 Best VMSE: 0.05834190
[2020-09-16 21:15:25] SCN.cv10: Checkpoint saved to experiments/normal/ar1/SCN_ar1_h3
[2020-09-16 21:15:26] SCN.cv10: Hidden size: 55 	 
Training MSE: 0.01993059 	 Validating MSE: 16.67393494 	 Best VMSE: 0.05834190
[2020-09-16 21:15:26] SCN.cv10: Checkpoint saved to experiments/normal/ar1/SCN_ar1_h3
[2020-09-16 21:15:27] SCN.cv10: Hidden size: 56 	 
Training MSE: 0.01976926 	 Validating MSE: 15.91457176 	 Best VMSE: 0.05834190
[2020-09-16 21:15:27] SCN.cv10: Checkpoint saved to experiments/normal/ar1/SCN_ar1_h3
[2020-09-16 21:15:28] SCN.cv10: Hidden size: 57 	 
Training MSE: 0.01973241 	 Validating MSE: 16.40963364 	 Best VMSE: 0.05834190
[2020-09-16 21:15:28] SCN.cv10: Checkpoint saved to experiments/normal/ar1/SCN_ar1_h3
[2020-09-16 21:15:28] SCN.cv10: Hidden size: 58 	 
Training MSE: 0.01941303 	 Validating MSE: 16.55171013 	 Best VMSE: 0.05834190
[2020-09-16 21:15:28] SCN.cv10: Checkpoint saved to experiments/normal/ar1/SCN_ar1_h3
[2020-09-16 21:15:29] SCN.cv10: Hidden size: 59 	 
Training MSE: 0.01931422 	 Validating MSE: 15.54241562 	 Best VMSE: 0.05834190
[2020-09-16 21:15:29] SCN.cv10: Checkpoint saved to experiments/normal/ar1/SCN_ar1_h3
[2020-09-16 21:15:30] SCN.cv10: Hidden size: 60 	 
Training MSE: 0.01925770 	 Validating MSE: 15.49892616 	 Best VMSE: 0.05834190
[2020-09-16 21:15:30] SCN.cv10: Checkpoint saved to experiments/normal/ar1/SCN_ar1_h3
[2020-09-16 21:15:30] SCN.cv10: Hidden size: 61 	 
Training MSE: 0.01893515 	 Validating MSE: 12.72743797 	 Best VMSE: 0.05834190
[2020-09-16 21:15:30] SCN.cv10: Checkpoint saved to experiments/normal/ar1/SCN_ar1_h3
[2020-09-16 21:15:31] SCN.cv10: Hidden size: 62 	 
Training MSE: 0.01866764 	 Validating MSE: 11.03699398 	 Best VMSE: 0.05834190
[2020-09-16 21:15:31] SCN.cv10: Checkpoint saved to experiments/normal/ar1/SCN_ar1_h3
[2020-09-16 21:15:32] SCN.cv10: Hidden size: 63 	 
Training MSE: 0.01857657 	 Validating MSE: 10.25652027 	 Best VMSE: 0.05834190
[2020-09-16 21:15:32] SCN.cv10: Checkpoint saved to experiments/normal/ar1/SCN_ar1_h3
[2020-09-16 21:15:33] SCN.cv10: Hidden size: 64 	 
Training MSE: 0.01847911 	 Validating MSE: 10.29328060 	 Best VMSE: 0.05834190
[2020-09-16 21:15:33] SCN.cv10: Checkpoint saved to experiments/normal/ar1/SCN_ar1_h3
[2020-09-16 21:15:33] SCN.cv10: Hidden size: 65 	 
Training MSE: 0.01823629 	 Validating MSE: 10.58236980 	 Best VMSE: 0.05834190
[2020-09-16 21:15:33] SCN.cv10: Checkpoint saved to experiments/normal/ar1/SCN_ar1_h3
[2020-09-16 21:15:34] SCN.cv10: Hidden size: 66 	 
Training MSE: 0.01804136 	 Validating MSE: 8.03897572 	 Best VMSE: 0.05834190
[2020-09-16 21:15:34] SCN.cv10: Checkpoint saved to experiments/normal/ar1/SCN_ar1_h3
[2020-09-16 21:15:35] SCN.cv10: Hidden size: 67 	 
Training MSE: 0.01783787 	 Validating MSE: 5.80081511 	 Best VMSE: 0.05834190
[2020-09-16 21:15:35] SCN.cv10: Checkpoint saved to experiments/normal/ar1/SCN_ar1_h3
[2020-09-16 21:15:36] SCN.cv10: Hidden size: 68 	 
Training MSE: 0.01767266 	 Validating MSE: 6.54676294 	 Best VMSE: 0.05834190
[2020-09-16 21:15:36] SCN.cv10: Checkpoint saved to experiments/normal/ar1/SCN_ar1_h3
[2020-09-16 21:15:37] SCN.cv10: Hidden size: 69 	 
Training MSE: 0.01750467 	 Validating MSE: 6.39007235 	 Best VMSE: 0.05834190
[2020-09-16 21:15:37] SCN.cv10: Checkpoint saved to experiments/normal/ar1/SCN_ar1_h3
[2020-09-16 21:15:37] SCN.cv10: Hidden size: 70 	 
Training MSE: 0.01728196 	 Validating MSE: 5.84577227 	 Best VMSE: 0.05834190
[2020-09-16 21:15:37] SCN.cv10: Checkpoint saved to experiments/normal/ar1/SCN_ar1_h3
[2020-09-16 21:15:38] SCN.cv10: Hidden size: 71 	 
Training MSE: 0.01718755 	 Validating MSE: 6.52329969 	 Best VMSE: 0.05834190
[2020-09-16 21:15:38] SCN.cv10: Checkpoint saved to experiments/normal/ar1/SCN_ar1_h3
[2020-09-16 21:15:39] SCN.cv10: Hidden size: 72 	 
Training MSE: 0.01713534 	 Validating MSE: 6.53531456 	 Best VMSE: 0.05834190
[2020-09-16 21:15:39] SCN.cv10: Checkpoint saved to experiments/normal/ar1/SCN_ar1_h3
[2020-09-16 21:15:40] SCN.cv10: Hidden size: 73 	 
Training MSE: 0.01669543 	 Validating MSE: 7.76521683 	 Best VMSE: 0.05834190
[2020-09-16 21:15:40] SCN.cv10: Checkpoint saved to experiments/normal/ar1/SCN_ar1_h3
[2020-09-16 21:15:40] SCN.cv10: Hidden size: 74 	 
Training MSE: 0.01664955 	 Validating MSE: 6.93152428 	 Best VMSE: 0.05834190
[2020-09-16 21:15:40] SCN.cv10: Checkpoint saved to experiments/normal/ar1/SCN_ar1_h3
[2020-09-16 21:15:41] SCN.cv10: Hidden size: 75 	 
Training MSE: 0.01637457 	 Validating MSE: 8.64560032 	 Best VMSE: 0.05834190
[2020-09-16 21:15:41] SCN.cv10: Checkpoint saved to experiments/normal/ar1/SCN_ar1_h3
[2020-09-16 21:15:42] SCN.cv10: Hidden size: 76 	 
Training MSE: 0.01627166 	 Validating MSE: 7.85210800 	 Best VMSE: 0.05834190
[2020-09-16 21:15:42] SCN.cv10: Checkpoint saved to experiments/normal/ar1/SCN_ar1_h3
[2020-09-16 21:15:42] SCN.cv10: Hidden size: 77 	 
Training MSE: 0.01614697 	 Validating MSE: 6.68292809 	 Best VMSE: 0.05834190
[2020-09-16 21:15:42] SCN.cv10: Checkpoint saved to experiments/normal/ar1/SCN_ar1_h3
[2020-09-16 21:15:43] SCN.cv10: Hidden size: 78 	 
Training MSE: 0.01593559 	 Validating MSE: 6.04404688 	 Best VMSE: 0.05834190
[2020-09-16 21:15:43] SCN.cv10: Checkpoint saved to experiments/normal/ar1/SCN_ar1_h3
[2020-09-16 21:15:44] SCN.cv10: Hidden size: 79 	 
Training MSE: 0.01568305 	 Validating MSE: 4.63574076 	 Best VMSE: 0.05834190
[2020-09-16 21:15:44] SCN.cv10: Checkpoint saved to experiments/normal/ar1/SCN_ar1_h3
[2020-09-16 21:15:45] SCN.cv10: Hidden size: 80 	 
Training MSE: 0.01549741 	 Validating MSE: 4.60840368 	 Best VMSE: 0.05834190
[2020-09-16 21:15:45] SCN.cv10: Checkpoint saved to experiments/normal/ar1/SCN_ar1_h3
[2020-09-16 21:15:45] SCN.cv10: Hidden size: 81 	 
Training MSE: 0.01539253 	 Validating MSE: 4.95881271 	 Best VMSE: 0.05834190
[2020-09-16 21:15:45] SCN.cv10: Checkpoint saved to experiments/normal/ar1/SCN_ar1_h3
[2020-09-16 21:15:46] SCN.cv10: Hidden size: 82 	 
Training MSE: 0.01530313 	 Validating MSE: 4.82213736 	 Best VMSE: 0.05834190
[2020-09-16 21:15:46] SCN.cv10: Checkpoint saved to experiments/normal/ar1/SCN_ar1_h3
[2020-09-16 21:15:47] SCN.cv10: Hidden size: 83 	 
Training MSE: 0.01517315 	 Validating MSE: 4.74195147 	 Best VMSE: 0.05834190
[2020-09-16 21:15:47] SCN.cv10: Checkpoint saved to experiments/normal/ar1/SCN_ar1_h3
[2020-09-16 21:15:48] SCN.cv10: Hidden size: 84 	 
Training MSE: 0.01500059 	 Validating MSE: 4.22531319 	 Best VMSE: 0.05834190
[2020-09-16 21:15:48] SCN.cv10: Checkpoint saved to experiments/normal/ar1/SCN_ar1_h3
[2020-09-16 21:15:48] SCN.cv10: Hidden size: 85 	 
Training MSE: 0.01487126 	 Validating MSE: 3.62604547 	 Best VMSE: 0.05834190
[2020-09-16 21:15:48] SCN.cv10: Checkpoint saved to experiments/normal/ar1/SCN_ar1_h3
[2020-09-16 21:15:49] SCN.cv10: Hidden size: 86 	 
Training MSE: 0.01451875 	 Validating MSE: 3.16776419 	 Best VMSE: 0.05834190
[2020-09-16 21:15:49] SCN.cv10: Checkpoint saved to experiments/normal/ar1/SCN_ar1_h3
[2020-09-16 21:15:50] SCN.cv10: Hidden size: 87 	 
Training MSE: 0.01446420 	 Validating MSE: 3.03632045 	 Best VMSE: 0.05834190
[2020-09-16 21:15:50] SCN.cv10: Checkpoint saved to experiments/normal/ar1/SCN_ar1_h3
[2020-09-16 21:15:51] SCN.cv10: Hidden size: 88 	 
Training MSE: 0.01412513 	 Validating MSE: 3.54992294 	 Best VMSE: 0.05834190
[2020-09-16 21:15:51] SCN.cv10: Checkpoint saved to experiments/normal/ar1/SCN_ar1_h3
[2020-09-16 21:15:51] SCN.cv10: Hidden size: 89 	 
Training MSE: 0.01400142 	 Validating MSE: 2.60744715 	 Best VMSE: 0.05834190
[2020-09-16 21:15:51] SCN.cv10: Checkpoint saved to experiments/normal/ar1/SCN_ar1_h3
[2020-09-16 21:15:52] SCN.cv10: Hidden size: 90 	 
Training MSE: 0.01392397 	 Validating MSE: 2.40152049 	 Best VMSE: 0.05834190
[2020-09-16 21:15:52] SCN.cv10: Checkpoint saved to experiments/normal/ar1/SCN_ar1_h3
[2020-09-16 21:15:53] SCN.cv10: Hidden size: 91 	 
Training MSE: 0.01382081 	 Validating MSE: 2.33847141 	 Best VMSE: 0.05834190
[2020-09-16 21:15:53] SCN.cv10: Checkpoint saved to experiments/normal/ar1/SCN_ar1_h3
[2020-09-16 21:15:54] SCN.cv10: Hidden size: 92 	 
Training MSE: 0.01377946 	 Validating MSE: 2.14516139 	 Best VMSE: 0.05834190
[2020-09-16 21:15:54] SCN.cv10: Checkpoint saved to experiments/normal/ar1/SCN_ar1_h3
[2020-09-16 21:15:55] SCN.cv10: Hidden size: 93 	 
Training MSE: 0.01367827 	 Validating MSE: 2.53216362 	 Best VMSE: 0.05834190
[2020-09-16 21:15:55] SCN.cv10: Checkpoint saved to experiments/normal/ar1/SCN_ar1_h3
[2020-09-16 21:15:55] SCN.cv10: Hidden size: 94 	 
Training MSE: 0.01333459 	 Validating MSE: 2.73602247 	 Best VMSE: 0.05834190
[2020-09-16 21:15:55] SCN.cv10: Checkpoint saved to experiments/normal/ar1/SCN_ar1_h3
[2020-09-16 21:15:56] SCN.cv10: Hidden size: 95 	 
Training MSE: 0.01314588 	 Validating MSE: 1.74947393 	 Best VMSE: 0.05834190
[2020-09-16 21:15:56] SCN.cv10: Checkpoint saved to experiments/normal/ar1/SCN_ar1_h3
[2020-09-16 21:15:57] SCN.cv10: Hidden size: 96 	 
Training MSE: 0.01301816 	 Validating MSE: 1.81216919 	 Best VMSE: 0.05834190
[2020-09-16 21:15:57] SCN.cv10: Checkpoint saved to experiments/normal/ar1/SCN_ar1_h3
[2020-09-16 21:15:58] SCN.cv10: Hidden size: 97 	 
Training MSE: 0.01284748 	 Validating MSE: 2.56409931 	 Best VMSE: 0.05834190
[2020-09-16 21:15:58] SCN.cv10: Checkpoint saved to experiments/normal/ar1/SCN_ar1_h3
[2020-09-16 21:15:58] SCN.cv10: Hidden size: 98 	 
Training MSE: 0.01276700 	 Validating MSE: 2.37336707 	 Best VMSE: 0.05834190
[2020-09-16 21:15:58] SCN.cv10: Checkpoint saved to experiments/normal/ar1/SCN_ar1_h3
[2020-09-16 21:15:59] SCN.cv10: Hidden size: 99 	 
Training MSE: 0.01258455 	 Validating MSE: 2.64033341 	 Best VMSE: 0.05834190
[2020-09-16 21:15:59] SCN.cv10: Checkpoint saved to experiments/normal/ar1/SCN_ar1_h3
[2020-09-16 21:16:00] SCN.cv10: Hidden size: 100 	 
Training MSE: 0.01250099 	 Validating MSE: 2.18138027 	 Best VMSE: 0.05834190
[2020-09-16 21:16:00] SCN.cv10: Checkpoint saved to experiments/normal/ar1/SCN_ar1_h3
[2020-09-16 21:16:00] SCN.cv10: Restoring best parameters from experiments/normal/ar1/SCN_ar1_h3/train.cv10.pth.tar
[2020-09-16 21:16:00] SCN.cv10: ar1	 H: 3	 Trail: 23 
Testing RMSE: 0.4317 	 MAPE: 0.08062 	 SMAPE: 0.04258
