[2020-09-16 21:08:45] SCN.cv7: Loading the datasets and model for 16th-batch-training
[2020-09-16 21:08:45] SCN.cv7: Argument hidden_size: 100
[2020-09-16 21:08:45] SCN.cv7: Argument candidate_size: 300
[2020-09-16 21:08:45] SCN.cv7: Argument Lambdas: [0.5, 1, 5, 15, 30, 50, 100, 150, 200]
[2020-09-16 21:08:45] SCN.cv7: Argument Lambdas_std: [0.01, 0.05, 0.1, 0.5, 1]
[2020-09-16 21:08:45] SCN.cv7: Argument r: [0.8, 0.9, 0.99, 0.9999, 0.999999]
[2020-09-16 21:08:45] SCN.cv7: Argument tolerance: 0
[2020-09-16 21:08:45] SCN.cv7: Argument device: device(type='cuda')
[2020-09-16 21:08:45] SCN.cv7: Argument dataset: 'ar1'
[2020-09-16 21:08:45] SCN.cv7: Argument H: 3
[2020-09-16 21:08:45] SCN.cv7: Argument k: 5
[2020-09-16 21:08:45] SCN.cv7: Argument test: False
[2020-09-16 21:08:45] SCN.cv7: Argument normal: True
[2020-09-16 21:08:45] SCN.cv7: Argument diff: False
[2020-09-16 21:08:45] SCN.cv7: Argument times: 40
[2020-09-16 21:08:45] SCN.cv7: Argument datasets: {'ar1': {'lag_order': 15, 'normal': True, 'cov_dim': 0, 'kernel_size': 3}, 'wti': {'lag_order': 25, 'normal': True, 'cov_dim': 0, 'kernel_size': 5}, 'gold': {'lag_order': 25, 'normal': True, 'cov_dim': 0, 'kernel_size': 5}, 'sp': {'lag_order': 25, 'normal': True, 'cov_dim': 0, 'kernel_size': 5}, 'brent': {'lag_order': 24, 'normal': True, 'cov_dim': 0, 'kernel_size': 6}, 'sili': {'lag_order': 26, 'normal': True, 'cov_dim': 0, 'kernel_size': 6}}
[2020-09-16 21:08:45] SCN.cv7: Argument steps: 15
[2020-09-16 21:08:45] SCN.cv7: Argument experiment: 'experiments/normal/ar1'
[2020-09-16 21:08:45] SCN.cv7: Argument scaler: StandardScaler()
[2020-09-16 21:08:45] SCN.cv7: Argument model_name: 'SCN_ar1_h3'
[2020-09-16 21:08:45] SCN.cv7: Argument model_dir: 'experiments/normal/ar1/SCN_ar1_h3'
[2020-09-16 21:08:45] SCN.cv7: Argument restore: True
[2020-09-16 21:08:45] SCN.cv7: Argument cv: 7
[2020-09-16 21:08:45] SCN.cv7: Argument plot_dir: 'experiments/normal/ar1/SCN_ar1_h3/figures'
[2020-09-16 21:08:45] SCN.cv7: Using Cuda...
[2020-09-16 21:08:45] SCN.cv7: Loading complete.
[2020-09-16 21:08:45] SCN.cv7: Model: 
scnModel(
  (loss_fn): MSELoss()
)
[2020-09-16 21:08:45] SCN.cv7: Hidden size: 1 	 
Training MSE: 0.26080912 	 Validating MSE: 1.55638814 	 Best VMSE: 9999.00000000
[2020-09-16 21:08:45] SCN.cv7: Found new best state
[2020-09-16 21:08:45] SCN.cv7: Best vmse: 1.5564
[2020-09-16 21:08:45] SCN.cv7: Checkpoint saved to experiments/normal/ar1/SCN_ar1_h3
[2020-09-16 21:08:46] SCN.cv7: Hidden size: 2 	 
Training MSE: 0.10722204 	 Validating MSE: 0.09584602 	 Best VMSE: 1.55638814
[2020-09-16 21:08:46] SCN.cv7: Found new best state
[2020-09-16 21:08:46] SCN.cv7: Best vmse: 0.0958
[2020-09-16 21:08:46] SCN.cv7: Checkpoint saved to experiments/normal/ar1/SCN_ar1_h3
[2020-09-16 21:08:46] SCN.cv7: Hidden size: 3 	 
Training MSE: 0.08028494 	 Validating MSE: 0.06330655 	 Best VMSE: 0.09584602
[2020-09-16 21:08:46] SCN.cv7: Found new best state
[2020-09-16 21:08:46] SCN.cv7: Best vmse: 0.0633
[2020-09-16 21:08:46] SCN.cv7: Checkpoint saved to experiments/normal/ar1/SCN_ar1_h3
[2020-09-16 21:08:46] SCN.cv7: Hidden size: 4 	 
Training MSE: 0.04933614 	 Validating MSE: 0.13589925 	 Best VMSE: 0.06330655
[2020-09-16 21:08:46] SCN.cv7: Checkpoint saved to experiments/normal/ar1/SCN_ar1_h3
[2020-09-16 21:08:47] SCN.cv7: Hidden size: 5 	 
Training MSE: 0.04618905 	 Validating MSE: 0.19736487 	 Best VMSE: 0.06330655
[2020-09-16 21:08:47] SCN.cv7: Checkpoint saved to experiments/normal/ar1/SCN_ar1_h3
[2020-09-16 21:08:47] SCN.cv7: Hidden size: 6 	 
Training MSE: 0.03881805 	 Validating MSE: 0.22776270 	 Best VMSE: 0.06330655
[2020-09-16 21:08:47] SCN.cv7: Checkpoint saved to experiments/normal/ar1/SCN_ar1_h3
[2020-09-16 21:08:47] SCN.cv7: Hidden size: 7 	 
Training MSE: 0.03704576 	 Validating MSE: 0.17486084 	 Best VMSE: 0.06330655
[2020-09-16 21:08:47] SCN.cv7: Checkpoint saved to experiments/normal/ar1/SCN_ar1_h3
[2020-09-16 21:08:48] SCN.cv7: Hidden size: 8 	 
Training MSE: 0.03366630 	 Validating MSE: 0.17697752 	 Best VMSE: 0.06330655
[2020-09-16 21:08:48] SCN.cv7: Checkpoint saved to experiments/normal/ar1/SCN_ar1_h3
[2020-09-16 21:08:48] SCN.cv7: Hidden size: 9 	 
Training MSE: 0.03258323 	 Validating MSE: 0.15183908 	 Best VMSE: 0.06330655
[2020-09-16 21:08:48] SCN.cv7: Checkpoint saved to experiments/normal/ar1/SCN_ar1_h3
[2020-09-16 21:08:48] SCN.cv7: Hidden size: 10 	 
Training MSE: 0.03125959 	 Validating MSE: 0.17409657 	 Best VMSE: 0.06330655
[2020-09-16 21:08:48] SCN.cv7: Checkpoint saved to experiments/normal/ar1/SCN_ar1_h3
[2020-09-16 21:08:49] SCN.cv7: Hidden size: 11 	 
Training MSE: 0.03020170 	 Validating MSE: 0.19121954 	 Best VMSE: 0.06330655
[2020-09-16 21:08:49] SCN.cv7: Checkpoint saved to experiments/normal/ar1/SCN_ar1_h3
[2020-09-16 21:08:49] SCN.cv7: Hidden size: 12 	 
Training MSE: 0.02981518 	 Validating MSE: 0.22012873 	 Best VMSE: 0.06330655
[2020-09-16 21:08:49] SCN.cv7: Checkpoint saved to experiments/normal/ar1/SCN_ar1_h3
[2020-09-16 21:08:49] SCN.cv7: Hidden size: 13 	 
Training MSE: 0.02891606 	 Validating MSE: 0.25168708 	 Best VMSE: 0.06330655
[2020-09-16 21:08:49] SCN.cv7: Checkpoint saved to experiments/normal/ar1/SCN_ar1_h3
[2020-09-16 21:08:50] SCN.cv7: Hidden size: 14 	 
Training MSE: 0.02884771 	 Validating MSE: 0.25346214 	 Best VMSE: 0.06330655
[2020-09-16 21:08:50] SCN.cv7: Checkpoint saved to experiments/normal/ar1/SCN_ar1_h3
[2020-09-16 21:08:50] SCN.cv7: Hidden size: 15 	 
Training MSE: 0.02856393 	 Validating MSE: 0.36640573 	 Best VMSE: 0.06330655
[2020-09-16 21:08:50] SCN.cv7: Checkpoint saved to experiments/normal/ar1/SCN_ar1_h3
[2020-09-16 21:08:50] SCN.cv7: Hidden size: 16 	 
Training MSE: 0.02802487 	 Validating MSE: 0.34058002 	 Best VMSE: 0.06330655
[2020-09-16 21:08:50] SCN.cv7: Checkpoint saved to experiments/normal/ar1/SCN_ar1_h3
[2020-09-16 21:08:51] SCN.cv7: Hidden size: 17 	 
Training MSE: 0.02768640 	 Validating MSE: 0.37706873 	 Best VMSE: 0.06330655
[2020-09-16 21:08:51] SCN.cv7: Checkpoint saved to experiments/normal/ar1/SCN_ar1_h3
[2020-09-16 21:08:51] SCN.cv7: Hidden size: 18 	 
Training MSE: 0.02738256 	 Validating MSE: 0.39528659 	 Best VMSE: 0.06330655
[2020-09-16 21:08:51] SCN.cv7: Checkpoint saved to experiments/normal/ar1/SCN_ar1_h3
[2020-09-16 21:08:51] SCN.cv7: Hidden size: 19 	 
Training MSE: 0.02719983 	 Validating MSE: 0.41629726 	 Best VMSE: 0.06330655
[2020-09-16 21:08:51] SCN.cv7: Checkpoint saved to experiments/normal/ar1/SCN_ar1_h3
[2020-09-16 21:08:52] SCN.cv7: Hidden size: 20 	 
Training MSE: 0.02692573 	 Validating MSE: 0.36936629 	 Best VMSE: 0.06330655
[2020-09-16 21:08:52] SCN.cv7: Checkpoint saved to experiments/normal/ar1/SCN_ar1_h3
[2020-09-16 21:08:52] SCN.cv7: Hidden size: 21 	 
Training MSE: 0.02665738 	 Validating MSE: 0.51016802 	 Best VMSE: 0.06330655
[2020-09-16 21:08:52] SCN.cv7: Checkpoint saved to experiments/normal/ar1/SCN_ar1_h3
[2020-09-16 21:08:53] SCN.cv7: Hidden size: 22 	 
Training MSE: 0.02642307 	 Validating MSE: 0.40834355 	 Best VMSE: 0.06330655
[2020-09-16 21:08:53] SCN.cv7: Checkpoint saved to experiments/normal/ar1/SCN_ar1_h3
[2020-09-16 21:08:53] SCN.cv7: Hidden size: 23 	 
Training MSE: 0.02631807 	 Validating MSE: 0.49994254 	 Best VMSE: 0.06330655
[2020-09-16 21:08:53] SCN.cv7: Checkpoint saved to experiments/normal/ar1/SCN_ar1_h3
[2020-09-16 21:08:53] SCN.cv7: Hidden size: 24 	 
Training MSE: 0.02609719 	 Validating MSE: 0.46161041 	 Best VMSE: 0.06330655
[2020-09-16 21:08:53] SCN.cv7: Checkpoint saved to experiments/normal/ar1/SCN_ar1_h3
[2020-09-16 21:08:54] SCN.cv7: Hidden size: 25 	 
Training MSE: 0.02597155 	 Validating MSE: 0.56854260 	 Best VMSE: 0.06330655
[2020-09-16 21:08:54] SCN.cv7: Checkpoint saved to experiments/normal/ar1/SCN_ar1_h3
[2020-09-16 21:08:54] SCN.cv7: Hidden size: 26 	 
Training MSE: 0.02587186 	 Validating MSE: 0.56583142 	 Best VMSE: 0.06330655
[2020-09-16 21:08:54] SCN.cv7: Checkpoint saved to experiments/normal/ar1/SCN_ar1_h3
[2020-09-16 21:08:54] SCN.cv7: Hidden size: 27 	 
Training MSE: 0.02578441 	 Validating MSE: 0.48230541 	 Best VMSE: 0.06330655
[2020-09-16 21:08:54] SCN.cv7: Checkpoint saved to experiments/normal/ar1/SCN_ar1_h3
[2020-09-16 21:08:55] SCN.cv7: Hidden size: 28 	 
Training MSE: 0.02563531 	 Validating MSE: 0.54416305 	 Best VMSE: 0.06330655
[2020-09-16 21:08:55] SCN.cv7: Checkpoint saved to experiments/normal/ar1/SCN_ar1_h3
[2020-09-16 21:08:55] SCN.cv7: Hidden size: 29 	 
Training MSE: 0.02555970 	 Validating MSE: 0.72396058 	 Best VMSE: 0.06330655
[2020-09-16 21:08:55] SCN.cv7: Checkpoint saved to experiments/normal/ar1/SCN_ar1_h3
[2020-09-16 21:08:55] SCN.cv7: Hidden size: 30 	 
Training MSE: 0.02548625 	 Validating MSE: 0.58532172 	 Best VMSE: 0.06330655
[2020-09-16 21:08:55] SCN.cv7: Checkpoint saved to experiments/normal/ar1/SCN_ar1_h3
[2020-09-16 21:08:56] SCN.cv7: Hidden size: 31 	 
Training MSE: 0.02532814 	 Validating MSE: 0.79844850 	 Best VMSE: 0.06330655
[2020-09-16 21:08:56] SCN.cv7: Checkpoint saved to experiments/normal/ar1/SCN_ar1_h3
[2020-09-16 21:08:56] SCN.cv7: Hidden size: 32 	 
Training MSE: 0.02527850 	 Validating MSE: 0.84226519 	 Best VMSE: 0.06330655
[2020-09-16 21:08:56] SCN.cv7: Checkpoint saved to experiments/normal/ar1/SCN_ar1_h3
[2020-09-16 21:08:56] SCN.cv7: Hidden size: 33 	 
Training MSE: 0.02520755 	 Validating MSE: 0.65144986 	 Best VMSE: 0.06330655
[2020-09-16 21:08:56] SCN.cv7: Checkpoint saved to experiments/normal/ar1/SCN_ar1_h3
[2020-09-16 21:08:57] SCN.cv7: Hidden size: 34 	 
Training MSE: 0.02506371 	 Validating MSE: 0.76947999 	 Best VMSE: 0.06330655
[2020-09-16 21:08:57] SCN.cv7: Checkpoint saved to experiments/normal/ar1/SCN_ar1_h3
[2020-09-16 21:08:57] SCN.cv7: Hidden size: 35 	 
Training MSE: 0.02479558 	 Validating MSE: 0.96172512 	 Best VMSE: 0.06330655
[2020-09-16 21:08:57] SCN.cv7: Checkpoint saved to experiments/normal/ar1/SCN_ar1_h3
[2020-09-16 21:08:57] SCN.cv7: Hidden size: 36 	 
Training MSE: 0.02448636 	 Validating MSE: 1.59108639 	 Best VMSE: 0.06330655
[2020-09-16 21:08:57] SCN.cv7: Checkpoint saved to experiments/normal/ar1/SCN_ar1_h3
[2020-09-16 21:08:58] SCN.cv7: Hidden size: 37 	 
Training MSE: 0.02421894 	 Validating MSE: 1.78007305 	 Best VMSE: 0.06330655
[2020-09-16 21:08:58] SCN.cv7: Checkpoint saved to experiments/normal/ar1/SCN_ar1_h3
[2020-09-16 21:08:58] SCN.cv7: Hidden size: 38 	 
Training MSE: 0.02364850 	 Validating MSE: 3.02329588 	 Best VMSE: 0.06330655
[2020-09-16 21:08:58] SCN.cv7: Checkpoint saved to experiments/normal/ar1/SCN_ar1_h3
[2020-09-16 21:08:58] SCN.cv7: Hidden size: 39 	 
Training MSE: 0.02347372 	 Validating MSE: 3.84409213 	 Best VMSE: 0.06330655
[2020-09-16 21:08:58] SCN.cv7: Checkpoint saved to experiments/normal/ar1/SCN_ar1_h3
[2020-09-16 21:08:59] SCN.cv7: Hidden size: 40 	 
Training MSE: 0.02321927 	 Validating MSE: 3.69592285 	 Best VMSE: 0.06330655
[2020-09-16 21:08:59] SCN.cv7: Checkpoint saved to experiments/normal/ar1/SCN_ar1_h3
[2020-09-16 21:08:59] SCN.cv7: Hidden size: 41 	 
Training MSE: 0.02312780 	 Validating MSE: 4.60390759 	 Best VMSE: 0.06330655
[2020-09-16 21:08:59] SCN.cv7: Checkpoint saved to experiments/normal/ar1/SCN_ar1_h3
[2020-09-16 21:08:59] SCN.cv7: Hidden size: 42 	 
Training MSE: 0.02304645 	 Validating MSE: 4.73640680 	 Best VMSE: 0.06330655
[2020-09-16 21:08:59] SCN.cv7: Checkpoint saved to experiments/normal/ar1/SCN_ar1_h3
[2020-09-16 21:09:00] SCN.cv7: Hidden size: 43 	 
Training MSE: 0.02277037 	 Validating MSE: 5.50393486 	 Best VMSE: 0.06330655
[2020-09-16 21:09:00] SCN.cv7: Checkpoint saved to experiments/normal/ar1/SCN_ar1_h3
[2020-09-16 21:09:01] SCN.cv7: Hidden size: 44 	 
Training MSE: 0.02245467 	 Validating MSE: 5.65524626 	 Best VMSE: 0.06330655
[2020-09-16 21:09:01] SCN.cv7: Checkpoint saved to experiments/normal/ar1/SCN_ar1_h3
[2020-09-16 21:09:01] SCN.cv7: Hidden size: 45 	 
Training MSE: 0.02205785 	 Validating MSE: 7.93138885 	 Best VMSE: 0.06330655
[2020-09-16 21:09:01] SCN.cv7: Checkpoint saved to experiments/normal/ar1/SCN_ar1_h3
[2020-09-16 21:09:01] SCN.cv7: Hidden size: 46 	 
Training MSE: 0.02172590 	 Validating MSE: 13.38332844 	 Best VMSE: 0.06330655
[2020-09-16 21:09:01] SCN.cv7: Checkpoint saved to experiments/normal/ar1/SCN_ar1_h3
[2020-09-16 21:09:02] SCN.cv7: Hidden size: 47 	 
Training MSE: 0.02144426 	 Validating MSE: 13.06955147 	 Best VMSE: 0.06330655
[2020-09-16 21:09:02] SCN.cv7: Checkpoint saved to experiments/normal/ar1/SCN_ar1_h3
[2020-09-16 21:09:02] SCN.cv7: Hidden size: 48 	 
Training MSE: 0.02121477 	 Validating MSE: 15.38360405 	 Best VMSE: 0.06330655
[2020-09-16 21:09:02] SCN.cv7: Checkpoint saved to experiments/normal/ar1/SCN_ar1_h3
[2020-09-16 21:09:03] SCN.cv7: Hidden size: 49 	 
Training MSE: 0.02085620 	 Validating MSE: 16.16822052 	 Best VMSE: 0.06330655
[2020-09-16 21:09:03] SCN.cv7: Checkpoint saved to experiments/normal/ar1/SCN_ar1_h3
[2020-09-16 21:09:04] SCN.cv7: Hidden size: 50 	 
Training MSE: 0.02063017 	 Validating MSE: 12.72820377 	 Best VMSE: 0.06330655
[2020-09-16 21:09:04] SCN.cv7: Checkpoint saved to experiments/normal/ar1/SCN_ar1_h3
[2020-09-16 21:09:04] SCN.cv7: Hidden size: 51 	 
Training MSE: 0.02054063 	 Validating MSE: 13.35953808 	 Best VMSE: 0.06330655
[2020-09-16 21:09:04] SCN.cv7: Checkpoint saved to experiments/normal/ar1/SCN_ar1_h3
[2020-09-16 21:09:05] SCN.cv7: Hidden size: 52 	 
Training MSE: 0.02033670 	 Validating MSE: 15.58444500 	 Best VMSE: 0.06330655
[2020-09-16 21:09:05] SCN.cv7: Checkpoint saved to experiments/normal/ar1/SCN_ar1_h3
[2020-09-16 21:09:06] SCN.cv7: Hidden size: 53 	 
Training MSE: 0.02022561 	 Validating MSE: 17.89902306 	 Best VMSE: 0.06330655
[2020-09-16 21:09:06] SCN.cv7: Checkpoint saved to experiments/normal/ar1/SCN_ar1_h3
[2020-09-16 21:09:06] SCN.cv7: Hidden size: 54 	 
Training MSE: 0.01999857 	 Validating MSE: 20.44466972 	 Best VMSE: 0.06330655
[2020-09-16 21:09:06] SCN.cv7: Checkpoint saved to experiments/normal/ar1/SCN_ar1_h3
[2020-09-16 21:09:07] SCN.cv7: Hidden size: 55 	 
Training MSE: 0.01995097 	 Validating MSE: 23.12719917 	 Best VMSE: 0.06330655
[2020-09-16 21:09:07] SCN.cv7: Checkpoint saved to experiments/normal/ar1/SCN_ar1_h3
[2020-09-16 21:09:07] SCN.cv7: Hidden size: 56 	 
Training MSE: 0.01987054 	 Validating MSE: 20.22100830 	 Best VMSE: 0.06330655
[2020-09-16 21:09:07] SCN.cv7: Checkpoint saved to experiments/normal/ar1/SCN_ar1_h3
[2020-09-16 21:09:08] SCN.cv7: Hidden size: 57 	 
Training MSE: 0.01974965 	 Validating MSE: 20.35898972 	 Best VMSE: 0.06330655
[2020-09-16 21:09:08] SCN.cv7: Checkpoint saved to experiments/normal/ar1/SCN_ar1_h3
[2020-09-16 21:09:09] SCN.cv7: Hidden size: 58 	 
Training MSE: 0.01950883 	 Validating MSE: 24.86153603 	 Best VMSE: 0.06330655
[2020-09-16 21:09:09] SCN.cv7: Checkpoint saved to experiments/normal/ar1/SCN_ar1_h3
[2020-09-16 21:09:09] SCN.cv7: Hidden size: 59 	 
Training MSE: 0.01939470 	 Validating MSE: 24.69565964 	 Best VMSE: 0.06330655
[2020-09-16 21:09:09] SCN.cv7: Checkpoint saved to experiments/normal/ar1/SCN_ar1_h3
[2020-09-16 21:09:10] SCN.cv7: Hidden size: 60 	 
Training MSE: 0.01909452 	 Validating MSE: 24.40748024 	 Best VMSE: 0.06330655
[2020-09-16 21:09:10] SCN.cv7: Checkpoint saved to experiments/normal/ar1/SCN_ar1_h3
[2020-09-16 21:09:11] SCN.cv7: Hidden size: 61 	 
Training MSE: 0.01882774 	 Validating MSE: 25.79525948 	 Best VMSE: 0.06330655
[2020-09-16 21:09:11] SCN.cv7: Checkpoint saved to experiments/normal/ar1/SCN_ar1_h3
[2020-09-16 21:09:11] SCN.cv7: Hidden size: 62 	 
Training MSE: 0.01851174 	 Validating MSE: 25.83817863 	 Best VMSE: 0.06330655
[2020-09-16 21:09:11] SCN.cv7: Checkpoint saved to experiments/normal/ar1/SCN_ar1_h3
[2020-09-16 21:09:12] SCN.cv7: Hidden size: 63 	 
Training MSE: 0.01836197 	 Validating MSE: 21.69115639 	 Best VMSE: 0.06330655
[2020-09-16 21:09:12] SCN.cv7: Checkpoint saved to experiments/normal/ar1/SCN_ar1_h3
[2020-09-16 21:09:12] SCN.cv7: Hidden size: 64 	 
Training MSE: 0.01820618 	 Validating MSE: 20.96962738 	 Best VMSE: 0.06330655
[2020-09-16 21:09:12] SCN.cv7: Checkpoint saved to experiments/normal/ar1/SCN_ar1_h3
[2020-09-16 21:09:13] SCN.cv7: Hidden size: 65 	 
Training MSE: 0.01775598 	 Validating MSE: 25.13071442 	 Best VMSE: 0.06330655
[2020-09-16 21:09:13] SCN.cv7: Checkpoint saved to experiments/normal/ar1/SCN_ar1_h3
[2020-09-16 21:09:13] SCN.cv7: Hidden size: 66 	 
Training MSE: 0.01749598 	 Validating MSE: 26.76336288 	 Best VMSE: 0.06330655
[2020-09-16 21:09:13] SCN.cv7: Checkpoint saved to experiments/normal/ar1/SCN_ar1_h3
[2020-09-16 21:09:14] SCN.cv7: Hidden size: 67 	 
Training MSE: 0.01729319 	 Validating MSE: 27.38364601 	 Best VMSE: 0.06330655
[2020-09-16 21:09:14] SCN.cv7: Checkpoint saved to experiments/normal/ar1/SCN_ar1_h3
[2020-09-16 21:09:15] SCN.cv7: Hidden size: 68 	 
Training MSE: 0.01703149 	 Validating MSE: 28.35561752 	 Best VMSE: 0.06330655
[2020-09-16 21:09:15] SCN.cv7: Checkpoint saved to experiments/normal/ar1/SCN_ar1_h3
[2020-09-16 21:09:15] SCN.cv7: Hidden size: 69 	 
Training MSE: 0.01694100 	 Validating MSE: 31.17131615 	 Best VMSE: 0.06330655
[2020-09-16 21:09:15] SCN.cv7: Checkpoint saved to experiments/normal/ar1/SCN_ar1_h3
[2020-09-16 21:09:16] SCN.cv7: Hidden size: 70 	 
Training MSE: 0.01679146 	 Validating MSE: 33.76504517 	 Best VMSE: 0.06330655
[2020-09-16 21:09:16] SCN.cv7: Checkpoint saved to experiments/normal/ar1/SCN_ar1_h3
[2020-09-16 21:09:17] SCN.cv7: Hidden size: 71 	 
Training MSE: 0.01661775 	 Validating MSE: 33.32975388 	 Best VMSE: 0.06330655
[2020-09-16 21:09:17] SCN.cv7: Checkpoint saved to experiments/normal/ar1/SCN_ar1_h3
[2020-09-16 21:09:17] SCN.cv7: Hidden size: 72 	 
Training MSE: 0.01645029 	 Validating MSE: 30.26424026 	 Best VMSE: 0.06330655
[2020-09-16 21:09:17] SCN.cv7: Checkpoint saved to experiments/normal/ar1/SCN_ar1_h3
[2020-09-16 21:09:18] SCN.cv7: Hidden size: 73 	 
Training MSE: 0.01633009 	 Validating MSE: 30.44892311 	 Best VMSE: 0.06330655
[2020-09-16 21:09:18] SCN.cv7: Checkpoint saved to experiments/normal/ar1/SCN_ar1_h3
[2020-09-16 21:09:19] SCN.cv7: Hidden size: 74 	 
Training MSE: 0.01619918 	 Validating MSE: 29.84996796 	 Best VMSE: 0.06330655
[2020-09-16 21:09:19] SCN.cv7: Checkpoint saved to experiments/normal/ar1/SCN_ar1_h3
[2020-09-16 21:09:19] SCN.cv7: Hidden size: 75 	 
Training MSE: 0.01600307 	 Validating MSE: 28.79202271 	 Best VMSE: 0.06330655
[2020-09-16 21:09:19] SCN.cv7: Checkpoint saved to experiments/normal/ar1/SCN_ar1_h3
[2020-09-16 21:09:20] SCN.cv7: Hidden size: 76 	 
Training MSE: 0.01584648 	 Validating MSE: 28.27459717 	 Best VMSE: 0.06330655
[2020-09-16 21:09:20] SCN.cv7: Checkpoint saved to experiments/normal/ar1/SCN_ar1_h3
[2020-09-16 21:09:20] SCN.cv7: Hidden size: 77 	 
Training MSE: 0.01574540 	 Validating MSE: 29.59005547 	 Best VMSE: 0.06330655
[2020-09-16 21:09:20] SCN.cv7: Checkpoint saved to experiments/normal/ar1/SCN_ar1_h3
[2020-09-16 21:09:21] SCN.cv7: Hidden size: 78 	 
Training MSE: 0.01554286 	 Validating MSE: 26.14085388 	 Best VMSE: 0.06330655
[2020-09-16 21:09:21] SCN.cv7: Checkpoint saved to experiments/normal/ar1/SCN_ar1_h3
[2020-09-16 21:09:22] SCN.cv7: Hidden size: 79 	 
Training MSE: 0.01534361 	 Validating MSE: 25.89016914 	 Best VMSE: 0.06330655
[2020-09-16 21:09:22] SCN.cv7: Checkpoint saved to experiments/normal/ar1/SCN_ar1_h3
[2020-09-16 21:09:22] SCN.cv7: Hidden size: 80 	 
Training MSE: 0.01523108 	 Validating MSE: 26.78076363 	 Best VMSE: 0.06330655
[2020-09-16 21:09:22] SCN.cv7: Checkpoint saved to experiments/normal/ar1/SCN_ar1_h3
[2020-09-16 21:09:23] SCN.cv7: Hidden size: 81 	 
Training MSE: 0.01510629 	 Validating MSE: 28.48287964 	 Best VMSE: 0.06330655
[2020-09-16 21:09:23] SCN.cv7: Checkpoint saved to experiments/normal/ar1/SCN_ar1_h3
[2020-09-16 21:09:24] SCN.cv7: Hidden size: 82 	 
Training MSE: 0.01492814 	 Validating MSE: 26.52083397 	 Best VMSE: 0.06330655
[2020-09-16 21:09:24] SCN.cv7: Checkpoint saved to experiments/normal/ar1/SCN_ar1_h3
[2020-09-16 21:09:24] SCN.cv7: Hidden size: 83 	 
Training MSE: 0.01485864 	 Validating MSE: 30.18552589 	 Best VMSE: 0.06330655
[2020-09-16 21:09:24] SCN.cv7: Checkpoint saved to experiments/normal/ar1/SCN_ar1_h3
[2020-09-16 21:09:25] SCN.cv7: Hidden size: 84 	 
Training MSE: 0.01482374 	 Validating MSE: 29.45184708 	 Best VMSE: 0.06330655
[2020-09-16 21:09:25] SCN.cv7: Checkpoint saved to experiments/normal/ar1/SCN_ar1_h3
[2020-09-16 21:09:26] SCN.cv7: Hidden size: 85 	 
Training MSE: 0.01476766 	 Validating MSE: 27.67402458 	 Best VMSE: 0.06330655
[2020-09-16 21:09:26] SCN.cv7: Checkpoint saved to experiments/normal/ar1/SCN_ar1_h3
[2020-09-16 21:09:26] SCN.cv7: Hidden size: 86 	 
Training MSE: 0.01458701 	 Validating MSE: 28.22090721 	 Best VMSE: 0.06330655
[2020-09-16 21:09:26] SCN.cv7: Checkpoint saved to experiments/normal/ar1/SCN_ar1_h3
[2020-09-16 21:09:27] SCN.cv7: Hidden size: 87 	 
Training MSE: 0.01439464 	 Validating MSE: 26.82819748 	 Best VMSE: 0.06330655
[2020-09-16 21:09:27] SCN.cv7: Checkpoint saved to experiments/normal/ar1/SCN_ar1_h3
[2020-09-16 21:09:28] SCN.cv7: Hidden size: 88 	 
Training MSE: 0.01428843 	 Validating MSE: 20.83892059 	 Best VMSE: 0.06330655
[2020-09-16 21:09:28] SCN.cv7: Checkpoint saved to experiments/normal/ar1/SCN_ar1_h3
[2020-09-16 21:09:28] SCN.cv7: Hidden size: 89 	 
Training MSE: 0.01423353 	 Validating MSE: 20.99575615 	 Best VMSE: 0.06330655
[2020-09-16 21:09:28] SCN.cv7: Checkpoint saved to experiments/normal/ar1/SCN_ar1_h3
[2020-09-16 21:09:29] SCN.cv7: Hidden size: 90 	 
Training MSE: 0.01413408 	 Validating MSE: 20.99829674 	 Best VMSE: 0.06330655
[2020-09-16 21:09:29] SCN.cv7: Checkpoint saved to experiments/normal/ar1/SCN_ar1_h3
[2020-09-16 21:09:30] SCN.cv7: Hidden size: 91 	 
Training MSE: 0.01397949 	 Validating MSE: 17.51714706 	 Best VMSE: 0.06330655
[2020-09-16 21:09:30] SCN.cv7: Checkpoint saved to experiments/normal/ar1/SCN_ar1_h3
[2020-09-16 21:09:30] SCN.cv7: Hidden size: 92 	 
Training MSE: 0.01383219 	 Validating MSE: 13.41728878 	 Best VMSE: 0.06330655
[2020-09-16 21:09:30] SCN.cv7: Checkpoint saved to experiments/normal/ar1/SCN_ar1_h3
[2020-09-16 21:09:31] SCN.cv7: Hidden size: 93 	 
Training MSE: 0.01378184 	 Validating MSE: 12.51470947 	 Best VMSE: 0.06330655
[2020-09-16 21:09:31] SCN.cv7: Checkpoint saved to experiments/normal/ar1/SCN_ar1_h3
[2020-09-16 21:09:32] SCN.cv7: Hidden size: 94 	 
Training MSE: 0.01368794 	 Validating MSE: 13.41441631 	 Best VMSE: 0.06330655
[2020-09-16 21:09:32] SCN.cv7: Checkpoint saved to experiments/normal/ar1/SCN_ar1_h3
[2020-09-16 21:09:32] SCN.cv7: Hidden size: 95 	 
Training MSE: 0.01358438 	 Validating MSE: 11.90446186 	 Best VMSE: 0.06330655
[2020-09-16 21:09:32] SCN.cv7: Checkpoint saved to experiments/normal/ar1/SCN_ar1_h3
[2020-09-16 21:09:33] SCN.cv7: Hidden size: 96 	 
Training MSE: 0.01336276 	 Validating MSE: 14.28271866 	 Best VMSE: 0.06330655
[2020-09-16 21:09:33] SCN.cv7: Checkpoint saved to experiments/normal/ar1/SCN_ar1_h3
[2020-09-16 21:09:34] SCN.cv7: Hidden size: 97 	 
Training MSE: 0.01323730 	 Validating MSE: 13.69471931 	 Best VMSE: 0.06330655
[2020-09-16 21:09:34] SCN.cv7: Checkpoint saved to experiments/normal/ar1/SCN_ar1_h3
[2020-09-16 21:09:34] SCN.cv7: Hidden size: 98 	 
Training MSE: 0.01314481 	 Validating MSE: 13.37823868 	 Best VMSE: 0.06330655
[2020-09-16 21:09:34] SCN.cv7: Checkpoint saved to experiments/normal/ar1/SCN_ar1_h3
[2020-09-16 21:09:35] SCN.cv7: Hidden size: 99 	 
Training MSE: 0.01304548 	 Validating MSE: 12.94413471 	 Best VMSE: 0.06330655
[2020-09-16 21:09:35] SCN.cv7: Checkpoint saved to experiments/normal/ar1/SCN_ar1_h3
[2020-09-16 21:09:36] SCN.cv7: Hidden size: 100 	 
Training MSE: 0.01297301 	 Validating MSE: 13.45951748 	 Best VMSE: 0.06330655
[2020-09-16 21:09:36] SCN.cv7: Checkpoint saved to experiments/normal/ar1/SCN_ar1_h3
[2020-09-16 21:09:36] SCN.cv7: Restoring best parameters from experiments/normal/ar1/SCN_ar1_h3/train.cv7.pth.tar
[2020-09-16 21:09:36] SCN.cv7: ar1	 H: 3	 Trail: 16 
Testing RMSE: 0.6802 	 MAPE: 0.1187 	 SMAPE: 0.06513
