[2020-09-16 20:54:11] SCN.cv0: Loading the datasets and model for 1th-batch-training
[2020-09-16 20:54:11] SCN.cv0: Argument hidden_size: 100
[2020-09-16 20:54:11] SCN.cv0: Argument candidate_size: 300
[2020-09-16 20:54:11] SCN.cv0: Argument Lambdas: [0.5, 1, 5, 15, 30, 50, 100, 150, 200]
[2020-09-16 20:54:11] SCN.cv0: Argument Lambdas_std: [0.01, 0.05, 0.1, 0.5, 1]
[2020-09-16 20:54:11] SCN.cv0: Argument r: [0.8, 0.9, 0.99, 0.9999, 0.999999]
[2020-09-16 20:54:11] SCN.cv0: Argument tolerance: 0
[2020-09-16 20:54:11] SCN.cv0: Argument device: device(type='cuda')
[2020-09-16 20:54:11] SCN.cv0: Argument dataset: 'ar1'
[2020-09-16 20:54:11] SCN.cv0: Argument H: 3
[2020-09-16 20:54:11] SCN.cv0: Argument k: 5
[2020-09-16 20:54:11] SCN.cv0: Argument test: False
[2020-09-16 20:54:11] SCN.cv0: Argument normal: True
[2020-09-16 20:54:11] SCN.cv0: Argument diff: False
[2020-09-16 20:54:11] SCN.cv0: Argument times: 40
[2020-09-16 20:54:11] SCN.cv0: Argument datasets: {'ar1': {'lag_order': 15, 'normal': True, 'cov_dim': 0, 'kernel_size': 3}, 'wti': {'lag_order': 25, 'normal': True, 'cov_dim': 0, 'kernel_size': 5}, 'gold': {'lag_order': 25, 'normal': True, 'cov_dim': 0, 'kernel_size': 5}, 'sp': {'lag_order': 25, 'normal': True, 'cov_dim': 0, 'kernel_size': 5}, 'brent': {'lag_order': 24, 'normal': True, 'cov_dim': 0, 'kernel_size': 6}, 'sili': {'lag_order': 26, 'normal': True, 'cov_dim': 0, 'kernel_size': 6}}
[2020-09-16 20:54:11] SCN.cv0: Argument steps: 15
[2020-09-16 20:54:11] SCN.cv0: Argument experiment: 'experiments/normal/ar1'
[2020-09-16 20:54:11] SCN.cv0: Argument scaler: StandardScaler()
[2020-09-16 20:54:11] SCN.cv0: Argument model_name: 'SCN_ar1_h3'
[2020-09-16 20:54:11] SCN.cv0: Argument model_dir: 'experiments/normal/ar1/SCN_ar1_h3'
[2020-09-16 20:54:11] SCN.cv0: Argument restore: True
[2020-09-16 20:54:11] SCN.cv0: Argument cv: 0
[2020-09-16 20:54:11] SCN.cv0: Argument plot_dir: 'experiments/normal/ar1/SCN_ar1_h3/figures'
[2020-09-16 20:54:11] SCN.cv0: Using Cuda...
[2020-09-16 20:54:11] SCN.cv0: Loading complete.
[2020-09-16 20:54:11] SCN.cv0: Model: 
scnModel(
  (loss_fn): MSELoss()
)
[2020-09-16 20:54:11] SCN.cv0: Hidden size: 1 	 
Training MSE: 0.38879132 	 Validating MSE: 2.33727241 	 Best VMSE: 9999.00000000
[2020-09-16 20:54:11] SCN.cv0: Found new best state
[2020-09-16 20:54:11] SCN.cv0: Best vmse: 2.3373
[2020-09-16 20:54:11] SCN.cv0: Checkpoint saved to experiments/normal/ar1/SCN_ar1_h3
[2020-09-16 20:54:11] SCN.cv0: Hidden size: 2 	 
Training MSE: 0.18244155 	 Validating MSE: 0.18820383 	 Best VMSE: 2.33727241
[2020-09-16 20:54:11] SCN.cv0: Found new best state
[2020-09-16 20:54:11] SCN.cv0: Best vmse: 0.1882
[2020-09-16 20:54:11] SCN.cv0: Checkpoint saved to experiments/normal/ar1/SCN_ar1_h3
[2020-09-16 20:54:12] SCN.cv0: Hidden size: 3 	 
Training MSE: 0.11343776 	 Validating MSE: 0.09084994 	 Best VMSE: 0.18820383
[2020-09-16 20:54:12] SCN.cv0: Found new best state
[2020-09-16 20:54:12] SCN.cv0: Best vmse: 0.0908
[2020-09-16 20:54:12] SCN.cv0: Checkpoint saved to experiments/normal/ar1/SCN_ar1_h3
[2020-09-16 20:54:12] SCN.cv0: Hidden size: 4 	 
Training MSE: 0.07204109 	 Validating MSE: 0.18030962 	 Best VMSE: 0.09084994
[2020-09-16 20:54:12] SCN.cv0: Checkpoint saved to experiments/normal/ar1/SCN_ar1_h3
[2020-09-16 20:54:13] SCN.cv0: Hidden size: 5 	 
Training MSE: 0.04921271 	 Validating MSE: 0.25124612 	 Best VMSE: 0.09084994
[2020-09-16 20:54:13] SCN.cv0: Checkpoint saved to experiments/normal/ar1/SCN_ar1_h3
[2020-09-16 20:54:13] SCN.cv0: Hidden size: 6 	 
Training MSE: 0.03869181 	 Validating MSE: 0.18926144 	 Best VMSE: 0.09084994
[2020-09-16 20:54:13] SCN.cv0: Checkpoint saved to experiments/normal/ar1/SCN_ar1_h3
[2020-09-16 20:54:13] SCN.cv0: Hidden size: 7 	 
Training MSE: 0.03791033 	 Validating MSE: 0.13438480 	 Best VMSE: 0.09084994
[2020-09-16 20:54:13] SCN.cv0: Checkpoint saved to experiments/normal/ar1/SCN_ar1_h3
[2020-09-16 20:54:14] SCN.cv0: Hidden size: 8 	 
Training MSE: 0.03548918 	 Validating MSE: 0.10525002 	 Best VMSE: 0.09084994
[2020-09-16 20:54:14] SCN.cv0: Checkpoint saved to experiments/normal/ar1/SCN_ar1_h3
[2020-09-16 20:54:14] SCN.cv0: Hidden size: 9 	 
Training MSE: 0.03438228 	 Validating MSE: 0.08073584 	 Best VMSE: 0.09084994
[2020-09-16 20:54:14] SCN.cv0: Found new best state
[2020-09-16 20:54:14] SCN.cv0: Best vmse: 0.0807
[2020-09-16 20:54:14] SCN.cv0: Checkpoint saved to experiments/normal/ar1/SCN_ar1_h3
[2020-09-16 20:54:15] SCN.cv0: Hidden size: 10 	 
Training MSE: 0.03272722 	 Validating MSE: 0.07459289 	 Best VMSE: 0.08073584
[2020-09-16 20:54:15] SCN.cv0: Found new best state
[2020-09-16 20:54:15] SCN.cv0: Best vmse: 0.0746
[2020-09-16 20:54:15] SCN.cv0: Checkpoint saved to experiments/normal/ar1/SCN_ar1_h3
[2020-09-16 20:54:15] SCN.cv0: Hidden size: 11 	 
Training MSE: 0.03123695 	 Validating MSE: 0.14648022 	 Best VMSE: 0.07459289
[2020-09-16 20:54:15] SCN.cv0: Checkpoint saved to experiments/normal/ar1/SCN_ar1_h3
[2020-09-16 20:54:16] SCN.cv0: Hidden size: 12 	 
Training MSE: 0.03044991 	 Validating MSE: 0.12549151 	 Best VMSE: 0.07459289
[2020-09-16 20:54:16] SCN.cv0: Checkpoint saved to experiments/normal/ar1/SCN_ar1_h3
[2020-09-16 20:54:16] SCN.cv0: Hidden size: 13 	 
Training MSE: 0.03007939 	 Validating MSE: 0.13507032 	 Best VMSE: 0.07459289
[2020-09-16 20:54:16] SCN.cv0: Checkpoint saved to experiments/normal/ar1/SCN_ar1_h3
[2020-09-16 20:54:16] SCN.cv0: Hidden size: 14 	 
Training MSE: 0.02891392 	 Validating MSE: 0.15072969 	 Best VMSE: 0.07459289
[2020-09-16 20:54:16] SCN.cv0: Checkpoint saved to experiments/normal/ar1/SCN_ar1_h3
[2020-09-16 20:54:17] SCN.cv0: Hidden size: 15 	 
Training MSE: 0.02822892 	 Validating MSE: 0.13527609 	 Best VMSE: 0.07459289
[2020-09-16 20:54:17] SCN.cv0: Checkpoint saved to experiments/normal/ar1/SCN_ar1_h3
[2020-09-16 20:54:17] SCN.cv0: Hidden size: 16 	 
Training MSE: 0.02794017 	 Validating MSE: 0.14567904 	 Best VMSE: 0.07459289
[2020-09-16 20:54:17] SCN.cv0: Checkpoint saved to experiments/normal/ar1/SCN_ar1_h3
[2020-09-16 20:54:18] SCN.cv0: Hidden size: 17 	 
Training MSE: 0.02755282 	 Validating MSE: 0.13705185 	 Best VMSE: 0.07459289
[2020-09-16 20:54:18] SCN.cv0: Checkpoint saved to experiments/normal/ar1/SCN_ar1_h3
[2020-09-16 20:54:18] SCN.cv0: Hidden size: 18 	 
Training MSE: 0.02746070 	 Validating MSE: 0.13441454 	 Best VMSE: 0.07459289
[2020-09-16 20:54:18] SCN.cv0: Checkpoint saved to experiments/normal/ar1/SCN_ar1_h3
[2020-09-16 20:54:18] SCN.cv0: Hidden size: 19 	 
Training MSE: 0.02735419 	 Validating MSE: 0.13897507 	 Best VMSE: 0.07459289
[2020-09-16 20:54:18] SCN.cv0: Checkpoint saved to experiments/normal/ar1/SCN_ar1_h3
[2020-09-16 20:54:19] SCN.cv0: Hidden size: 20 	 
Training MSE: 0.02718978 	 Validating MSE: 0.12372793 	 Best VMSE: 0.07459289
[2020-09-16 20:54:19] SCN.cv0: Checkpoint saved to experiments/normal/ar1/SCN_ar1_h3
[2020-09-16 20:54:19] SCN.cv0: Hidden size: 21 	 
Training MSE: 0.02697869 	 Validating MSE: 0.13501729 	 Best VMSE: 0.07459289
[2020-09-16 20:54:19] SCN.cv0: Checkpoint saved to experiments/normal/ar1/SCN_ar1_h3
[2020-09-16 20:54:20] SCN.cv0: Hidden size: 22 	 
Training MSE: 0.02687407 	 Validating MSE: 0.17016912 	 Best VMSE: 0.07459289
[2020-09-16 20:54:20] SCN.cv0: Checkpoint saved to experiments/normal/ar1/SCN_ar1_h3
[2020-09-16 20:54:20] SCN.cv0: Hidden size: 23 	 
Training MSE: 0.02653074 	 Validating MSE: 0.29404560 	 Best VMSE: 0.07459289
[2020-09-16 20:54:20] SCN.cv0: Checkpoint saved to experiments/normal/ar1/SCN_ar1_h3
[2020-09-16 20:54:20] SCN.cv0: Hidden size: 24 	 
Training MSE: 0.02644251 	 Validating MSE: 0.30711666 	 Best VMSE: 0.07459289
[2020-09-16 20:54:20] SCN.cv0: Checkpoint saved to experiments/normal/ar1/SCN_ar1_h3
[2020-09-16 20:54:21] SCN.cv0: Hidden size: 25 	 
Training MSE: 0.02637745 	 Validating MSE: 0.31413898 	 Best VMSE: 0.07459289
[2020-09-16 20:54:21] SCN.cv0: Checkpoint saved to experiments/normal/ar1/SCN_ar1_h3
[2020-09-16 20:54:21] SCN.cv0: Hidden size: 26 	 
Training MSE: 0.02610603 	 Validating MSE: 0.35072315 	 Best VMSE: 0.07459289
[2020-09-16 20:54:21] SCN.cv0: Checkpoint saved to experiments/normal/ar1/SCN_ar1_h3
[2020-09-16 20:54:22] SCN.cv0: Hidden size: 27 	 
Training MSE: 0.02603032 	 Validating MSE: 0.53352833 	 Best VMSE: 0.07459289
[2020-09-16 20:54:22] SCN.cv0: Checkpoint saved to experiments/normal/ar1/SCN_ar1_h3
[2020-09-16 20:54:22] SCN.cv0: Hidden size: 28 	 
Training MSE: 0.02591001 	 Validating MSE: 0.65500987 	 Best VMSE: 0.07459289
[2020-09-16 20:54:22] SCN.cv0: Checkpoint saved to experiments/normal/ar1/SCN_ar1_h3
[2020-09-16 20:54:23] SCN.cv0: Hidden size: 29 	 
Training MSE: 0.02585570 	 Validating MSE: 0.67283106 	 Best VMSE: 0.07459289
[2020-09-16 20:54:23] SCN.cv0: Checkpoint saved to experiments/normal/ar1/SCN_ar1_h3
[2020-09-16 20:54:23] SCN.cv0: Hidden size: 30 	 
Training MSE: 0.02570383 	 Validating MSE: 0.78420788 	 Best VMSE: 0.07459289
[2020-09-16 20:54:23] SCN.cv0: Checkpoint saved to experiments/normal/ar1/SCN_ar1_h3
[2020-09-16 20:54:23] SCN.cv0: Hidden size: 31 	 
Training MSE: 0.02556447 	 Validating MSE: 0.85620302 	 Best VMSE: 0.07459289
[2020-09-16 20:54:23] SCN.cv0: Checkpoint saved to experiments/normal/ar1/SCN_ar1_h3
[2020-09-16 20:54:24] SCN.cv0: Hidden size: 32 	 
Training MSE: 0.02535506 	 Validating MSE: 0.83277404 	 Best VMSE: 0.07459289
[2020-09-16 20:54:24] SCN.cv0: Checkpoint saved to experiments/normal/ar1/SCN_ar1_h3
[2020-09-16 20:54:24] SCN.cv0: Hidden size: 33 	 
Training MSE: 0.02481966 	 Validating MSE: 0.97124463 	 Best VMSE: 0.07459289
[2020-09-16 20:54:24] SCN.cv0: Checkpoint saved to experiments/normal/ar1/SCN_ar1_h3
[2020-09-16 20:54:24] SCN.cv0: Hidden size: 34 	 
Training MSE: 0.02449834 	 Validating MSE: 1.05346489 	 Best VMSE: 0.07459289
[2020-09-16 20:54:24] SCN.cv0: Checkpoint saved to experiments/normal/ar1/SCN_ar1_h3
[2020-09-16 20:54:25] SCN.cv0: Hidden size: 35 	 
Training MSE: 0.02427444 	 Validating MSE: 0.88324469 	 Best VMSE: 0.07459289
[2020-09-16 20:54:25] SCN.cv0: Checkpoint saved to experiments/normal/ar1/SCN_ar1_h3
[2020-09-16 20:54:25] SCN.cv0: Hidden size: 36 	 
Training MSE: 0.02422908 	 Validating MSE: 0.91473150 	 Best VMSE: 0.07459289
[2020-09-16 20:54:25] SCN.cv0: Checkpoint saved to experiments/normal/ar1/SCN_ar1_h3
[2020-09-16 20:54:26] SCN.cv0: Hidden size: 37 	 
Training MSE: 0.02399257 	 Validating MSE: 0.76153314 	 Best VMSE: 0.07459289
[2020-09-16 20:54:26] SCN.cv0: Checkpoint saved to experiments/normal/ar1/SCN_ar1_h3
[2020-09-16 20:54:26] SCN.cv0: Hidden size: 38 	 
Training MSE: 0.02385964 	 Validating MSE: 0.93288434 	 Best VMSE: 0.07459289
[2020-09-16 20:54:26] SCN.cv0: Checkpoint saved to experiments/normal/ar1/SCN_ar1_h3
[2020-09-16 20:54:27] SCN.cv0: Hidden size: 39 	 
Training MSE: 0.02365371 	 Validating MSE: 1.01241040 	 Best VMSE: 0.07459289
[2020-09-16 20:54:27] SCN.cv0: Checkpoint saved to experiments/normal/ar1/SCN_ar1_h3
[2020-09-16 20:54:27] SCN.cv0: Hidden size: 40 	 
Training MSE: 0.02341941 	 Validating MSE: 1.19605541 	 Best VMSE: 0.07459289
[2020-09-16 20:54:27] SCN.cv0: Checkpoint saved to experiments/normal/ar1/SCN_ar1_h3
[2020-09-16 20:54:28] SCN.cv0: Hidden size: 41 	 
Training MSE: 0.02310821 	 Validating MSE: 0.91009629 	 Best VMSE: 0.07459289
[2020-09-16 20:54:28] SCN.cv0: Checkpoint saved to experiments/normal/ar1/SCN_ar1_h3
[2020-09-16 20:54:28] SCN.cv0: Hidden size: 42 	 
Training MSE: 0.02281072 	 Validating MSE: 1.35380995 	 Best VMSE: 0.07459289
[2020-09-16 20:54:28] SCN.cv0: Checkpoint saved to experiments/normal/ar1/SCN_ar1_h3
[2020-09-16 20:54:28] SCN.cv0: Hidden size: 43 	 
Training MSE: 0.02272784 	 Validating MSE: 1.27038944 	 Best VMSE: 0.07459289
[2020-09-16 20:54:28] SCN.cv0: Checkpoint saved to experiments/normal/ar1/SCN_ar1_h3
[2020-09-16 20:54:29] SCN.cv0: Hidden size: 44 	 
Training MSE: 0.02233306 	 Validating MSE: 1.31239378 	 Best VMSE: 0.07459289
[2020-09-16 20:54:29] SCN.cv0: Checkpoint saved to experiments/normal/ar1/SCN_ar1_h3
[2020-09-16 20:54:30] SCN.cv0: Hidden size: 45 	 
Training MSE: 0.02223267 	 Validating MSE: 1.28582382 	 Best VMSE: 0.07459289
[2020-09-16 20:54:30] SCN.cv0: Checkpoint saved to experiments/normal/ar1/SCN_ar1_h3
[2020-09-16 20:54:30] SCN.cv0: Hidden size: 46 	 
Training MSE: 0.02212414 	 Validating MSE: 1.63520133 	 Best VMSE: 0.07459289
[2020-09-16 20:54:30] SCN.cv0: Checkpoint saved to experiments/normal/ar1/SCN_ar1_h3
[2020-09-16 20:54:31] SCN.cv0: Hidden size: 47 	 
Training MSE: 0.02193304 	 Validating MSE: 1.97306740 	 Best VMSE: 0.07459289
[2020-09-16 20:54:31] SCN.cv0: Checkpoint saved to experiments/normal/ar1/SCN_ar1_h3
[2020-09-16 20:54:31] SCN.cv0: Hidden size: 48 	 
Training MSE: 0.02167271 	 Validating MSE: 2.79741192 	 Best VMSE: 0.07459289
[2020-09-16 20:54:31] SCN.cv0: Checkpoint saved to experiments/normal/ar1/SCN_ar1_h3
[2020-09-16 20:54:32] SCN.cv0: Hidden size: 49 	 
Training MSE: 0.02153341 	 Validating MSE: 2.52743196 	 Best VMSE: 0.07459289
[2020-09-16 20:54:32] SCN.cv0: Checkpoint saved to experiments/normal/ar1/SCN_ar1_h3
[2020-09-16 20:54:32] SCN.cv0: Hidden size: 50 	 
Training MSE: 0.02139164 	 Validating MSE: 2.93318462 	 Best VMSE: 0.07459289
[2020-09-16 20:54:32] SCN.cv0: Checkpoint saved to experiments/normal/ar1/SCN_ar1_h3
[2020-09-16 20:54:33] SCN.cv0: Hidden size: 51 	 
Training MSE: 0.02125320 	 Validating MSE: 3.66199040 	 Best VMSE: 0.07459289
[2020-09-16 20:54:33] SCN.cv0: Checkpoint saved to experiments/normal/ar1/SCN_ar1_h3
[2020-09-16 20:54:34] SCN.cv0: Hidden size: 52 	 
Training MSE: 0.02106904 	 Validating MSE: 3.73488450 	 Best VMSE: 0.07459289
[2020-09-16 20:54:34] SCN.cv0: Checkpoint saved to experiments/normal/ar1/SCN_ar1_h3
[2020-09-16 20:54:34] SCN.cv0: Hidden size: 53 	 
Training MSE: 0.02089527 	 Validating MSE: 4.50897551 	 Best VMSE: 0.07459289
[2020-09-16 20:54:34] SCN.cv0: Checkpoint saved to experiments/normal/ar1/SCN_ar1_h3
[2020-09-16 20:54:35] SCN.cv0: Hidden size: 54 	 
Training MSE: 0.02053981 	 Validating MSE: 4.31941795 	 Best VMSE: 0.07459289
[2020-09-16 20:54:35] SCN.cv0: Checkpoint saved to experiments/normal/ar1/SCN_ar1_h3
[2020-09-16 20:54:36] SCN.cv0: Hidden size: 55 	 
Training MSE: 0.02025380 	 Validating MSE: 3.63437605 	 Best VMSE: 0.07459289
[2020-09-16 20:54:36] SCN.cv0: Checkpoint saved to experiments/normal/ar1/SCN_ar1_h3
[2020-09-16 20:54:37] SCN.cv0: Hidden size: 56 	 
Training MSE: 0.02006286 	 Validating MSE: 3.40033102 	 Best VMSE: 0.07459289
[2020-09-16 20:54:37] SCN.cv0: Checkpoint saved to experiments/normal/ar1/SCN_ar1_h3
[2020-09-16 20:54:37] SCN.cv0: Hidden size: 57 	 
Training MSE: 0.01982141 	 Validating MSE: 4.68241739 	 Best VMSE: 0.07459289
[2020-09-16 20:54:37] SCN.cv0: Checkpoint saved to experiments/normal/ar1/SCN_ar1_h3
[2020-09-16 20:54:38] SCN.cv0: Hidden size: 58 	 
Training MSE: 0.01945938 	 Validating MSE: 4.21474314 	 Best VMSE: 0.07459289
[2020-09-16 20:54:38] SCN.cv0: Checkpoint saved to experiments/normal/ar1/SCN_ar1_h3
[2020-09-16 20:54:39] SCN.cv0: Hidden size: 59 	 
Training MSE: 0.01919634 	 Validating MSE: 9.21964073 	 Best VMSE: 0.07459289
[2020-09-16 20:54:39] SCN.cv0: Checkpoint saved to experiments/normal/ar1/SCN_ar1_h3
[2020-09-16 20:54:39] SCN.cv0: Hidden size: 60 	 
Training MSE: 0.01884429 	 Validating MSE: 7.69058943 	 Best VMSE: 0.07459289
[2020-09-16 20:54:39] SCN.cv0: Checkpoint saved to experiments/normal/ar1/SCN_ar1_h3
[2020-09-16 20:54:40] SCN.cv0: Hidden size: 61 	 
Training MSE: 0.01868489 	 Validating MSE: 7.53773308 	 Best VMSE: 0.07459289
[2020-09-16 20:54:40] SCN.cv0: Checkpoint saved to experiments/normal/ar1/SCN_ar1_h3
[2020-09-16 20:54:40] SCN.cv0: Hidden size: 62 	 
Training MSE: 0.01831295 	 Validating MSE: 6.67000389 	 Best VMSE: 0.07459289
[2020-09-16 20:54:40] SCN.cv0: Checkpoint saved to experiments/normal/ar1/SCN_ar1_h3
[2020-09-16 20:54:41] SCN.cv0: Hidden size: 63 	 
Training MSE: 0.01807705 	 Validating MSE: 5.84404182 	 Best VMSE: 0.07459289
[2020-09-16 20:54:41] SCN.cv0: Checkpoint saved to experiments/normal/ar1/SCN_ar1_h3
[2020-09-16 20:54:42] SCN.cv0: Hidden size: 64 	 
Training MSE: 0.01784793 	 Validating MSE: 5.44531679 	 Best VMSE: 0.07459289
[2020-09-16 20:54:42] SCN.cv0: Checkpoint saved to experiments/normal/ar1/SCN_ar1_h3
[2020-09-16 20:54:43] SCN.cv0: Hidden size: 65 	 
Training MSE: 0.01771357 	 Validating MSE: 6.39635849 	 Best VMSE: 0.07459289
[2020-09-16 20:54:43] SCN.cv0: Checkpoint saved to experiments/normal/ar1/SCN_ar1_h3
[2020-09-16 20:54:44] SCN.cv0: Hidden size: 66 	 
Training MSE: 0.01755502 	 Validating MSE: 6.70450830 	 Best VMSE: 0.07459289
[2020-09-16 20:54:44] SCN.cv0: Checkpoint saved to experiments/normal/ar1/SCN_ar1_h3
[2020-09-16 20:54:44] SCN.cv0: Hidden size: 67 	 
Training MSE: 0.01745829 	 Validating MSE: 7.80267859 	 Best VMSE: 0.07459289
[2020-09-16 20:54:44] SCN.cv0: Checkpoint saved to experiments/normal/ar1/SCN_ar1_h3
[2020-09-16 20:54:45] SCN.cv0: Hidden size: 68 	 
Training MSE: 0.01730551 	 Validating MSE: 8.71405602 	 Best VMSE: 0.07459289
[2020-09-16 20:54:45] SCN.cv0: Checkpoint saved to experiments/normal/ar1/SCN_ar1_h3
[2020-09-16 20:54:46] SCN.cv0: Hidden size: 69 	 
Training MSE: 0.01724742 	 Validating MSE: 7.81830597 	 Best VMSE: 0.07459289
[2020-09-16 20:54:46] SCN.cv0: Checkpoint saved to experiments/normal/ar1/SCN_ar1_h3
[2020-09-16 20:54:46] SCN.cv0: Hidden size: 70 	 
Training MSE: 0.01690389 	 Validating MSE: 6.92380095 	 Best VMSE: 0.07459289
[2020-09-16 20:54:46] SCN.cv0: Checkpoint saved to experiments/normal/ar1/SCN_ar1_h3
[2020-09-16 20:54:47] SCN.cv0: Hidden size: 71 	 
Training MSE: 0.01648775 	 Validating MSE: 5.64440727 	 Best VMSE: 0.07459289
[2020-09-16 20:54:47] SCN.cv0: Checkpoint saved to experiments/normal/ar1/SCN_ar1_h3
[2020-09-16 20:54:48] SCN.cv0: Hidden size: 72 	 
Training MSE: 0.01643000 	 Validating MSE: 5.50724173 	 Best VMSE: 0.07459289
[2020-09-16 20:54:48] SCN.cv0: Checkpoint saved to experiments/normal/ar1/SCN_ar1_h3
[2020-09-16 20:54:48] SCN.cv0: Hidden size: 73 	 
Training MSE: 0.01629735 	 Validating MSE: 6.09636879 	 Best VMSE: 0.07459289
[2020-09-16 20:54:49] SCN.cv0: Checkpoint saved to experiments/normal/ar1/SCN_ar1_h3
[2020-09-16 20:54:49] SCN.cv0: Hidden size: 74 	 
Training MSE: 0.01618751 	 Validating MSE: 6.37341261 	 Best VMSE: 0.07459289
[2020-09-16 20:54:49] SCN.cv0: Checkpoint saved to experiments/normal/ar1/SCN_ar1_h3
[2020-09-16 20:54:50] SCN.cv0: Hidden size: 75 	 
Training MSE: 0.01606486 	 Validating MSE: 7.79385662 	 Best VMSE: 0.07459289
[2020-09-16 20:54:50] SCN.cv0: Checkpoint saved to experiments/normal/ar1/SCN_ar1_h3
[2020-09-16 20:54:51] SCN.cv0: Hidden size: 76 	 
Training MSE: 0.01574738 	 Validating MSE: 6.27027750 	 Best VMSE: 0.07459289
[2020-09-16 20:54:51] SCN.cv0: Checkpoint saved to experiments/normal/ar1/SCN_ar1_h3
[2020-09-16 20:54:52] SCN.cv0: Hidden size: 77 	 
Training MSE: 0.01547092 	 Validating MSE: 7.19895554 	 Best VMSE: 0.07459289
[2020-09-16 20:54:52] SCN.cv0: Checkpoint saved to experiments/normal/ar1/SCN_ar1_h3
[2020-09-16 20:54:52] SCN.cv0: Hidden size: 78 	 
Training MSE: 0.01521049 	 Validating MSE: 8.22850990 	 Best VMSE: 0.07459289
[2020-09-16 20:54:52] SCN.cv0: Checkpoint saved to experiments/normal/ar1/SCN_ar1_h3
[2020-09-16 20:54:53] SCN.cv0: Hidden size: 79 	 
Training MSE: 0.01510071 	 Validating MSE: 7.44039440 	 Best VMSE: 0.07459289
[2020-09-16 20:54:53] SCN.cv0: Checkpoint saved to experiments/normal/ar1/SCN_ar1_h3
[2020-09-16 20:54:54] SCN.cv0: Hidden size: 80 	 
Training MSE: 0.01498684 	 Validating MSE: 6.37069511 	 Best VMSE: 0.07459289
[2020-09-16 20:54:54] SCN.cv0: Checkpoint saved to experiments/normal/ar1/SCN_ar1_h3
[2020-09-16 20:54:55] SCN.cv0: Hidden size: 81 	 
Training MSE: 0.01483827 	 Validating MSE: 6.60030651 	 Best VMSE: 0.07459289
[2020-09-16 20:54:55] SCN.cv0: Checkpoint saved to experiments/normal/ar1/SCN_ar1_h3
[2020-09-16 20:54:55] SCN.cv0: Hidden size: 82 	 
Training MSE: 0.01468915 	 Validating MSE: 6.27376366 	 Best VMSE: 0.07459289
[2020-09-16 20:54:55] SCN.cv0: Checkpoint saved to experiments/normal/ar1/SCN_ar1_h3
[2020-09-16 20:54:56] SCN.cv0: Hidden size: 83 	 
Training MSE: 0.01454317 	 Validating MSE: 7.22391510 	 Best VMSE: 0.07459289
[2020-09-16 20:54:56] SCN.cv0: Checkpoint saved to experiments/normal/ar1/SCN_ar1_h3
[2020-09-16 20:54:57] SCN.cv0: Hidden size: 84 	 
Training MSE: 0.01442832 	 Validating MSE: 7.27921963 	 Best VMSE: 0.07459289
[2020-09-16 20:54:57] SCN.cv0: Checkpoint saved to experiments/normal/ar1/SCN_ar1_h3
[2020-09-16 20:54:58] SCN.cv0: Hidden size: 85 	 
Training MSE: 0.01438930 	 Validating MSE: 7.56131506 	 Best VMSE: 0.07459289
[2020-09-16 20:54:58] SCN.cv0: Checkpoint saved to experiments/normal/ar1/SCN_ar1_h3
[2020-09-16 20:54:58] SCN.cv0: Hidden size: 86 	 
Training MSE: 0.01421986 	 Validating MSE: 8.34523392 	 Best VMSE: 0.07459289
[2020-09-16 20:54:58] SCN.cv0: Checkpoint saved to experiments/normal/ar1/SCN_ar1_h3
[2020-09-16 20:54:59] SCN.cv0: Hidden size: 87 	 
Training MSE: 0.01401289 	 Validating MSE: 7.77250147 	 Best VMSE: 0.07459289
[2020-09-16 20:54:59] SCN.cv0: Checkpoint saved to experiments/normal/ar1/SCN_ar1_h3
[2020-09-16 20:55:00] SCN.cv0: Hidden size: 88 	 
Training MSE: 0.01380216 	 Validating MSE: 7.34545708 	 Best VMSE: 0.07459289
[2020-09-16 20:55:00] SCN.cv0: Checkpoint saved to experiments/normal/ar1/SCN_ar1_h3
[2020-09-16 20:55:01] SCN.cv0: Hidden size: 89 	 
Training MSE: 0.01373226 	 Validating MSE: 6.89927864 	 Best VMSE: 0.07459289
[2020-09-16 20:55:01] SCN.cv0: Checkpoint saved to experiments/normal/ar1/SCN_ar1_h3
[2020-09-16 20:55:02] SCN.cv0: Hidden size: 90 	 
Training MSE: 0.01367353 	 Validating MSE: 5.47634077 	 Best VMSE: 0.07459289
[2020-09-16 20:55:02] SCN.cv0: Checkpoint saved to experiments/normal/ar1/SCN_ar1_h3
[2020-09-16 20:55:02] SCN.cv0: Hidden size: 91 	 
Training MSE: 0.01353042 	 Validating MSE: 6.64099169 	 Best VMSE: 0.07459289
[2020-09-16 20:55:02] SCN.cv0: Checkpoint saved to experiments/normal/ar1/SCN_ar1_h3
[2020-09-16 20:55:03] SCN.cv0: Hidden size: 92 	 
Training MSE: 0.01340580 	 Validating MSE: 5.73474407 	 Best VMSE: 0.07459289
[2020-09-16 20:55:03] SCN.cv0: Checkpoint saved to experiments/normal/ar1/SCN_ar1_h3
[2020-09-16 20:55:04] SCN.cv0: Hidden size: 93 	 
Training MSE: 0.01322838 	 Validating MSE: 5.98826551 	 Best VMSE: 0.07459289
[2020-09-16 20:55:04] SCN.cv0: Checkpoint saved to experiments/normal/ar1/SCN_ar1_h3
[2020-09-16 20:55:05] SCN.cv0: Hidden size: 94 	 
Training MSE: 0.01311100 	 Validating MSE: 5.74551582 	 Best VMSE: 0.07459289
[2020-09-16 20:55:05] SCN.cv0: Checkpoint saved to experiments/normal/ar1/SCN_ar1_h3
[2020-09-16 20:55:05] SCN.cv0: Hidden size: 95 	 
Training MSE: 0.01303054 	 Validating MSE: 5.45599318 	 Best VMSE: 0.07459289
[2020-09-16 20:55:05] SCN.cv0: Checkpoint saved to experiments/normal/ar1/SCN_ar1_h3
[2020-09-16 20:55:06] SCN.cv0: Hidden size: 96 	 
Training MSE: 0.01298241 	 Validating MSE: 3.97004843 	 Best VMSE: 0.07459289
[2020-09-16 20:55:06] SCN.cv0: Checkpoint saved to experiments/normal/ar1/SCN_ar1_h3
[2020-09-16 20:55:07] SCN.cv0: Hidden size: 97 	 
Training MSE: 0.01277284 	 Validating MSE: 4.28104305 	 Best VMSE: 0.07459289
[2020-09-16 20:55:07] SCN.cv0: Checkpoint saved to experiments/normal/ar1/SCN_ar1_h3
[2020-09-16 20:55:08] SCN.cv0: Hidden size: 98 	 
Training MSE: 0.01264013 	 Validating MSE: 4.05908775 	 Best VMSE: 0.07459289
[2020-09-16 20:55:08] SCN.cv0: Checkpoint saved to experiments/normal/ar1/SCN_ar1_h3
[2020-09-16 20:55:08] SCN.cv0: Hidden size: 99 	 
Training MSE: 0.01255471 	 Validating MSE: 3.18673158 	 Best VMSE: 0.07459289
[2020-09-16 20:55:08] SCN.cv0: Checkpoint saved to experiments/normal/ar1/SCN_ar1_h3
[2020-09-16 20:55:09] SCN.cv0: Hidden size: 100 	 
Training MSE: 0.01247136 	 Validating MSE: 3.73179674 	 Best VMSE: 0.07459289
[2020-09-16 20:55:09] SCN.cv0: Checkpoint saved to experiments/normal/ar1/SCN_ar1_h3
[2020-09-16 20:55:09] SCN.cv0: Restoring best parameters from experiments/normal/ar1/SCN_ar1_h3/train.cv0.pth.tar
[2020-09-16 20:55:09] SCN.cv0: ar1	 H: 3	 Trail: 1 
Testing RMSE: 0.4788 	 MAPE: 0.104 	 SMAPE: 0.05616
