[2020-10-23 13:40:24] IELM.cv15: Loading the datasets and model for 43th-batch-training
[2020-10-23 13:40:24] IELM.cv15: Argument hidden_size: 100
[2020-10-23 13:40:24] IELM.cv15: Argument candidate_size: 300
[2020-10-23 13:40:24] IELM.cv15: Argument Lambdas: [0.5, 1, 5, 15, 30, 50, 100, 150, 200]
[2020-10-23 13:40:24] IELM.cv15: Argument Lambdas_std: [0.01, 0.05, 0.1, 0.5, 1]
[2020-10-23 13:40:24] IELM.cv15: Argument r: [0.8, 0.9, 0.99, 0.9999, 0.999999]
[2020-10-23 13:40:24] IELM.cv15: Argument tolerance: 0
[2020-10-23 13:40:24] IELM.cv15: Argument device: device(type='cuda')
[2020-10-23 13:40:24] IELM.cv15: Argument dataset: 'ar1'
[2020-10-23 13:40:24] IELM.cv15: Argument H: 3
[2020-10-23 13:40:24] IELM.cv15: Argument k: 5
[2020-10-23 13:40:24] IELM.cv15: Argument test: False
[2020-10-23 13:40:24] IELM.cv15: Argument normal: True
[2020-10-23 13:40:24] IELM.cv15: Argument diff: False
[2020-10-23 13:40:24] IELM.cv15: Argument times: 60
[2020-10-23 13:40:24] IELM.cv15: Argument datasets: {'ar1': {'lag_order': 15, 'normal': True, 'cov_dim': 0, 'kernel_size': 3}, 'wti': {'lag_order': 25, 'normal': True, 'cov_dim': 0, 'kernel_size': 5}, 'gold': {'lag_order': 25, 'normal': True, 'cov_dim': 0, 'kernel_size': 5}, 'sp': {'lag_order': 25, 'normal': True, 'cov_dim': 0, 'kernel_size': 5}, 'brent': {'lag_order': 24, 'normal': True, 'cov_dim': 0, 'kernel_size': 6}, 'sili': {'lag_order': 26, 'normal': True, 'cov_dim': 0, 'kernel_size': 6}}
[2020-10-23 13:40:24] IELM.cv15: Argument steps: 15
[2020-10-23 13:40:24] IELM.cv15: Argument experiment: 'experiments/normal/ar1'
[2020-10-23 13:40:24] IELM.cv15: Argument scaler: StandardScaler()
[2020-10-23 13:40:24] IELM.cv15: Argument model_name: 'IELM_ar1_h3'
[2020-10-23 13:40:24] IELM.cv15: Argument model_dir: 'experiments/normal/ar1/IELM_ar1_h3'
[2020-10-23 13:40:24] IELM.cv15: Argument restore: True
[2020-10-23 13:40:24] IELM.cv15: Argument cv: 15
[2020-10-23 13:40:24] IELM.cv15: Argument plot_dir: 'experiments/normal/ar1/IELM_ar1_h3/figures'
[2020-10-23 13:40:24] IELM.cv15: Using Cuda...
[2020-10-23 13:40:24] IELM.cv15: Loading complete.
[2020-10-23 13:40:24] IELM.cv15: Model: 
IELM(
  (loss_fn): MSELoss()
)
[2020-10-23 13:40:24] IELM.cv15: Hidden size: 1 	 
Training MSE: 0.24747550 	 Validating MSE: 1.55511224 	 Best VMSE: 9999.00000000
[2020-10-23 13:40:24] IELM.cv15: Found new best state
[2020-10-23 13:40:24] IELM.cv15: Best vmse: 1.5551
[2020-10-23 13:40:24] IELM.cv15: Checkpoint saved to experiments/normal/ar1/IELM_ar1_h3
[2020-10-23 13:40:24] IELM.cv15: Hidden size: 2 	 
Training MSE: 0.24482380 	 Validating MSE: 1.56876099 	 Best VMSE: 1.55511224
[2020-10-23 13:40:24] IELM.cv15: Checkpoint saved to experiments/normal/ar1/IELM_ar1_h3
[2020-10-23 13:40:24] IELM.cv15: Hidden size: 3 	 
Training MSE: 0.24482165 	 Validating MSE: 1.56852424 	 Best VMSE: 1.55511224
[2020-10-23 13:40:24] IELM.cv15: Checkpoint saved to experiments/normal/ar1/IELM_ar1_h3
[2020-10-23 13:40:24] IELM.cv15: Hidden size: 4 	 
Training MSE: 0.23844658 	 Validating MSE: 1.37925529 	 Best VMSE: 1.55511224
[2020-10-23 13:40:24] IELM.cv15: Found new best state
[2020-10-23 13:40:24] IELM.cv15: Best vmse: 1.3793
[2020-10-23 13:40:24] IELM.cv15: Checkpoint saved to experiments/normal/ar1/IELM_ar1_h3
[2020-10-23 13:40:24] IELM.cv15: Hidden size: 5 	 
Training MSE: 0.23713353 	 Validating MSE: 1.41040945 	 Best VMSE: 1.37925529
[2020-10-23 13:40:24] IELM.cv15: Checkpoint saved to experiments/normal/ar1/IELM_ar1_h3
[2020-10-23 13:40:24] IELM.cv15: Hidden size: 6 	 
Training MSE: 0.23151176 	 Validating MSE: 1.21698523 	 Best VMSE: 1.37925529
[2020-10-23 13:40:24] IELM.cv15: Found new best state
[2020-10-23 13:40:24] IELM.cv15: Best vmse: 1.2170
[2020-10-23 13:40:24] IELM.cv15: Checkpoint saved to experiments/normal/ar1/IELM_ar1_h3
[2020-10-23 13:40:24] IELM.cv15: Hidden size: 7 	 
Training MSE: 0.22737528 	 Validating MSE: 1.00870371 	 Best VMSE: 1.21698523
[2020-10-23 13:40:24] IELM.cv15: Found new best state
[2020-10-23 13:40:24] IELM.cv15: Best vmse: 1.0087
[2020-10-23 13:40:24] IELM.cv15: Checkpoint saved to experiments/normal/ar1/IELM_ar1_h3
[2020-10-23 13:40:24] IELM.cv15: Hidden size: 8 	 
Training MSE: 0.19588335 	 Validating MSE: 1.13995838 	 Best VMSE: 1.00870371
[2020-10-23 13:40:24] IELM.cv15: Checkpoint saved to experiments/normal/ar1/IELM_ar1_h3
[2020-10-23 13:40:24] IELM.cv15: Hidden size: 9 	 
Training MSE: 0.19588304 	 Validating MSE: 1.13940537 	 Best VMSE: 1.00870371
[2020-10-23 13:40:24] IELM.cv15: Checkpoint saved to experiments/normal/ar1/IELM_ar1_h3
[2020-10-23 13:40:24] IELM.cv15: Hidden size: 10 	 
Training MSE: 0.19562739 	 Validating MSE: 1.12754071 	 Best VMSE: 1.00870371
[2020-10-23 13:40:24] IELM.cv15: Checkpoint saved to experiments/normal/ar1/IELM_ar1_h3
[2020-10-23 13:40:24] IELM.cv15: Hidden size: 11 	 
Training MSE: 0.16698569 	 Validating MSE: 0.58886546 	 Best VMSE: 1.00870371
[2020-10-23 13:40:24] IELM.cv15: Found new best state
[2020-10-23 13:40:24] IELM.cv15: Best vmse: 0.5889
[2020-10-23 13:40:24] IELM.cv15: Checkpoint saved to experiments/normal/ar1/IELM_ar1_h3
[2020-10-23 13:40:24] IELM.cv15: Hidden size: 12 	 
Training MSE: 0.16516565 	 Validating MSE: 0.43413246 	 Best VMSE: 0.58886546
[2020-10-23 13:40:24] IELM.cv15: Found new best state
[2020-10-23 13:40:24] IELM.cv15: Best vmse: 0.4341
[2020-10-23 13:40:24] IELM.cv15: Checkpoint saved to experiments/normal/ar1/IELM_ar1_h3
[2020-10-23 13:40:24] IELM.cv15: Hidden size: 13 	 
Training MSE: 0.14041297 	 Validating MSE: 0.48269776 	 Best VMSE: 0.43413246
[2020-10-23 13:40:24] IELM.cv15: Checkpoint saved to experiments/normal/ar1/IELM_ar1_h3
[2020-10-23 13:40:24] IELM.cv15: Hidden size: 14 	 
Training MSE: 0.14039402 	 Validating MSE: 0.48813573 	 Best VMSE: 0.43413246
[2020-10-23 13:40:24] IELM.cv15: Checkpoint saved to experiments/normal/ar1/IELM_ar1_h3
[2020-10-23 13:40:24] IELM.cv15: Hidden size: 15 	 
Training MSE: 0.13926293 	 Validating MSE: 0.50521177 	 Best VMSE: 0.43413246
[2020-10-23 13:40:24] IELM.cv15: Checkpoint saved to experiments/normal/ar1/IELM_ar1_h3
[2020-10-23 13:40:25] IELM.cv15: Hidden size: 16 	 
Training MSE: 0.13424906 	 Validating MSE: 0.43352044 	 Best VMSE: 0.43413246
[2020-10-23 13:40:25] IELM.cv15: Found new best state
[2020-10-23 13:40:25] IELM.cv15: Best vmse: 0.4335
[2020-10-23 13:40:25] IELM.cv15: Checkpoint saved to experiments/normal/ar1/IELM_ar1_h3
[2020-10-23 13:40:25] IELM.cv15: Hidden size: 17 	 
Training MSE: 0.13315260 	 Validating MSE: 0.45865414 	 Best VMSE: 0.43352044
[2020-10-23 13:40:25] IELM.cv15: Checkpoint saved to experiments/normal/ar1/IELM_ar1_h3
[2020-10-23 13:40:25] IELM.cv15: Hidden size: 18 	 
Training MSE: 0.13148105 	 Validating MSE: 0.40758511 	 Best VMSE: 0.43352044
[2020-10-23 13:40:25] IELM.cv15: Found new best state
[2020-10-23 13:40:25] IELM.cv15: Best vmse: 0.4076
[2020-10-23 13:40:25] IELM.cv15: Checkpoint saved to experiments/normal/ar1/IELM_ar1_h3
[2020-10-23 13:40:25] IELM.cv15: Hidden size: 19 	 
Training MSE: 0.13143297 	 Validating MSE: 0.41612256 	 Best VMSE: 0.40758511
[2020-10-23 13:40:25] IELM.cv15: Checkpoint saved to experiments/normal/ar1/IELM_ar1_h3
[2020-10-23 13:40:25] IELM.cv15: Hidden size: 20 	 
Training MSE: 0.13083784 	 Validating MSE: 0.43907738 	 Best VMSE: 0.40758511
[2020-10-23 13:40:25] IELM.cv15: Checkpoint saved to experiments/normal/ar1/IELM_ar1_h3
[2020-10-23 13:40:25] IELM.cv15: Hidden size: 21 	 
Training MSE: 0.13079123 	 Validating MSE: 0.44209158 	 Best VMSE: 0.40758511
[2020-10-23 13:40:25] IELM.cv15: Checkpoint saved to experiments/normal/ar1/IELM_ar1_h3
[2020-10-23 13:40:25] IELM.cv15: Hidden size: 22 	 
Training MSE: 0.13047086 	 Validating MSE: 0.46639252 	 Best VMSE: 0.40758511
[2020-10-23 13:40:25] IELM.cv15: Checkpoint saved to experiments/normal/ar1/IELM_ar1_h3
[2020-10-23 13:40:25] IELM.cv15: Hidden size: 23 	 
Training MSE: 0.13027264 	 Validating MSE: 0.44894269 	 Best VMSE: 0.40758511
[2020-10-23 13:40:25] IELM.cv15: Checkpoint saved to experiments/normal/ar1/IELM_ar1_h3
[2020-10-23 13:40:25] IELM.cv15: Hidden size: 24 	 
Training MSE: 0.13024494 	 Validating MSE: 0.45433336 	 Best VMSE: 0.40758511
[2020-10-23 13:40:25] IELM.cv15: Checkpoint saved to experiments/normal/ar1/IELM_ar1_h3
[2020-10-23 13:40:25] IELM.cv15: Hidden size: 25 	 
Training MSE: 0.12816575 	 Validating MSE: 0.38720220 	 Best VMSE: 0.40758511
[2020-10-23 13:40:25] IELM.cv15: Found new best state
[2020-10-23 13:40:25] IELM.cv15: Best vmse: 0.3872
[2020-10-23 13:40:25] IELM.cv15: Checkpoint saved to experiments/normal/ar1/IELM_ar1_h3
[2020-10-23 13:40:25] IELM.cv15: Hidden size: 26 	 
Training MSE: 0.12780270 	 Validating MSE: 0.41476631 	 Best VMSE: 0.38720220
[2020-10-23 13:40:25] IELM.cv15: Checkpoint saved to experiments/normal/ar1/IELM_ar1_h3
[2020-10-23 13:40:25] IELM.cv15: Hidden size: 27 	 
Training MSE: 0.12689042 	 Validating MSE: 0.36201057 	 Best VMSE: 0.38720220
[2020-10-23 13:40:25] IELM.cv15: Found new best state
[2020-10-23 13:40:25] IELM.cv15: Best vmse: 0.3620
[2020-10-23 13:40:25] IELM.cv15: Checkpoint saved to experiments/normal/ar1/IELM_ar1_h3
[2020-10-23 13:40:25] IELM.cv15: Hidden size: 28 	 
Training MSE: 0.12648556 	 Validating MSE: 0.38284811 	 Best VMSE: 0.36201057
[2020-10-23 13:40:25] IELM.cv15: Checkpoint saved to experiments/normal/ar1/IELM_ar1_h3
[2020-10-23 13:40:25] IELM.cv15: Hidden size: 29 	 
Training MSE: 0.12612528 	 Validating MSE: 0.35179594 	 Best VMSE: 0.36201057
[2020-10-23 13:40:25] IELM.cv15: Found new best state
[2020-10-23 13:40:25] IELM.cv15: Best vmse: 0.3518
[2020-10-23 13:40:25] IELM.cv15: Checkpoint saved to experiments/normal/ar1/IELM_ar1_h3
[2020-10-23 13:40:25] IELM.cv15: Hidden size: 30 	 
Training MSE: 0.12582178 	 Validating MSE: 0.31916162 	 Best VMSE: 0.35179594
[2020-10-23 13:40:25] IELM.cv15: Found new best state
[2020-10-23 13:40:25] IELM.cv15: Best vmse: 0.3192
[2020-10-23 13:40:25] IELM.cv15: Checkpoint saved to experiments/normal/ar1/IELM_ar1_h3
[2020-10-23 13:40:25] IELM.cv15: Hidden size: 31 	 
Training MSE: 0.12152709 	 Validating MSE: 0.33697015 	 Best VMSE: 0.31916162
[2020-10-23 13:40:25] IELM.cv15: Checkpoint saved to experiments/normal/ar1/IELM_ar1_h3
[2020-10-23 13:40:25] IELM.cv15: Hidden size: 32 	 
Training MSE: 0.11900512 	 Validating MSE: 0.24318185 	 Best VMSE: 0.31916162
[2020-10-23 13:40:25] IELM.cv15: Found new best state
[2020-10-23 13:40:25] IELM.cv15: Best vmse: 0.2432
[2020-10-23 13:40:25] IELM.cv15: Checkpoint saved to experiments/normal/ar1/IELM_ar1_h3
[2020-10-23 13:40:25] IELM.cv15: Hidden size: 33 	 
Training MSE: 0.11507253 	 Validating MSE: 0.29133222 	 Best VMSE: 0.24318185
[2020-10-23 13:40:25] IELM.cv15: Checkpoint saved to experiments/normal/ar1/IELM_ar1_h3
[2020-10-23 13:40:25] IELM.cv15: Hidden size: 34 	 
Training MSE: 0.11430705 	 Validating MSE: 0.26561245 	 Best VMSE: 0.24318185
[2020-10-23 13:40:25] IELM.cv15: Checkpoint saved to experiments/normal/ar1/IELM_ar1_h3
[2020-10-23 13:40:25] IELM.cv15: Hidden size: 35 	 
Training MSE: 0.11350133 	 Validating MSE: 0.23423207 	 Best VMSE: 0.24318185
[2020-10-23 13:40:25] IELM.cv15: Found new best state
[2020-10-23 13:40:25] IELM.cv15: Best vmse: 0.2342
[2020-10-23 13:40:25] IELM.cv15: Checkpoint saved to experiments/normal/ar1/IELM_ar1_h3
[2020-10-23 13:40:25] IELM.cv15: Hidden size: 36 	 
Training MSE: 0.11232477 	 Validating MSE: 0.17322566 	 Best VMSE: 0.23423207
[2020-10-23 13:40:25] IELM.cv15: Found new best state
[2020-10-23 13:40:25] IELM.cv15: Best vmse: 0.1732
[2020-10-23 13:40:25] IELM.cv15: Checkpoint saved to experiments/normal/ar1/IELM_ar1_h3
[2020-10-23 13:40:25] IELM.cv15: Hidden size: 37 	 
Training MSE: 0.11138281 	 Validating MSE: 0.20199798 	 Best VMSE: 0.17322566
[2020-10-23 13:40:25] IELM.cv15: Checkpoint saved to experiments/normal/ar1/IELM_ar1_h3
[2020-10-23 13:40:25] IELM.cv15: Hidden size: 38 	 
Training MSE: 0.11127751 	 Validating MSE: 0.21091129 	 Best VMSE: 0.17322566
[2020-10-23 13:40:25] IELM.cv15: Checkpoint saved to experiments/normal/ar1/IELM_ar1_h3
[2020-10-23 13:40:25] IELM.cv15: Hidden size: 39 	 
Training MSE: 0.10976614 	 Validating MSE: 0.23775452 	 Best VMSE: 0.17322566
[2020-10-23 13:40:25] IELM.cv15: Checkpoint saved to experiments/normal/ar1/IELM_ar1_h3
[2020-10-23 13:40:25] IELM.cv15: Hidden size: 40 	 
Training MSE: 0.10885097 	 Validating MSE: 0.21371062 	 Best VMSE: 0.17322566
[2020-10-23 13:40:25] IELM.cv15: Checkpoint saved to experiments/normal/ar1/IELM_ar1_h3
[2020-10-23 13:40:25] IELM.cv15: Hidden size: 41 	 
Training MSE: 0.10878153 	 Validating MSE: 0.21788861 	 Best VMSE: 0.17322566
[2020-10-23 13:40:25] IELM.cv15: Checkpoint saved to experiments/normal/ar1/IELM_ar1_h3
[2020-10-23 13:40:25] IELM.cv15: Hidden size: 42 	 
Training MSE: 0.10857185 	 Validating MSE: 0.22205383 	 Best VMSE: 0.17322566
[2020-10-23 13:40:25] IELM.cv15: Checkpoint saved to experiments/normal/ar1/IELM_ar1_h3
[2020-10-23 13:40:25] IELM.cv15: Hidden size: 43 	 
Training MSE: 0.10767844 	 Validating MSE: 0.20046656 	 Best VMSE: 0.17322566
[2020-10-23 13:40:25] IELM.cv15: Checkpoint saved to experiments/normal/ar1/IELM_ar1_h3
[2020-10-23 13:40:25] IELM.cv15: Hidden size: 44 	 
Training MSE: 0.10717596 	 Validating MSE: 0.20640443 	 Best VMSE: 0.17322566
[2020-10-23 13:40:25] IELM.cv15: Checkpoint saved to experiments/normal/ar1/IELM_ar1_h3
[2020-10-23 13:40:25] IELM.cv15: Hidden size: 45 	 
Training MSE: 0.10706673 	 Validating MSE: 0.20791180 	 Best VMSE: 0.17322566
[2020-10-23 13:40:25] IELM.cv15: Checkpoint saved to experiments/normal/ar1/IELM_ar1_h3
[2020-10-23 13:40:25] IELM.cv15: Hidden size: 46 	 
Training MSE: 0.10673042 	 Validating MSE: 0.21715277 	 Best VMSE: 0.17322566
[2020-10-23 13:40:25] IELM.cv15: Checkpoint saved to experiments/normal/ar1/IELM_ar1_h3
[2020-10-23 13:40:25] IELM.cv15: Hidden size: 47 	 
Training MSE: 0.10453959 	 Validating MSE: 0.15144701 	 Best VMSE: 0.17322566
[2020-10-23 13:40:25] IELM.cv15: Found new best state
[2020-10-23 13:40:25] IELM.cv15: Best vmse: 0.1514
[2020-10-23 13:40:25] IELM.cv15: Checkpoint saved to experiments/normal/ar1/IELM_ar1_h3
[2020-10-23 13:40:25] IELM.cv15: Hidden size: 48 	 
Training MSE: 0.10447238 	 Validating MSE: 0.15401922 	 Best VMSE: 0.15144701
[2020-10-23 13:40:25] IELM.cv15: Checkpoint saved to experiments/normal/ar1/IELM_ar1_h3
[2020-10-23 13:40:25] IELM.cv15: Hidden size: 49 	 
Training MSE: 0.10445924 	 Validating MSE: 0.15559705 	 Best VMSE: 0.15144701
[2020-10-23 13:40:25] IELM.cv15: Checkpoint saved to experiments/normal/ar1/IELM_ar1_h3
[2020-10-23 13:40:25] IELM.cv15: Hidden size: 50 	 
Training MSE: 0.10413129 	 Validating MSE: 0.14285631 	 Best VMSE: 0.15144701
[2020-10-23 13:40:25] IELM.cv15: Found new best state
[2020-10-23 13:40:25] IELM.cv15: Best vmse: 0.1429
[2020-10-23 13:40:25] IELM.cv15: Checkpoint saved to experiments/normal/ar1/IELM_ar1_h3
[2020-10-23 13:40:25] IELM.cv15: Hidden size: 51 	 
Training MSE: 0.10297463 	 Validating MSE: 0.10474603 	 Best VMSE: 0.14285631
[2020-10-23 13:40:25] IELM.cv15: Found new best state
[2020-10-23 13:40:25] IELM.cv15: Best vmse: 0.1047
[2020-10-23 13:40:25] IELM.cv15: Checkpoint saved to experiments/normal/ar1/IELM_ar1_h3
[2020-10-23 13:40:25] IELM.cv15: Hidden size: 52 	 
Training MSE: 0.09971000 	 Validating MSE: 0.14871618 	 Best VMSE: 0.10474603
[2020-10-23 13:40:25] IELM.cv15: Checkpoint saved to experiments/normal/ar1/IELM_ar1_h3
[2020-10-23 13:40:26] IELM.cv15: Hidden size: 53 	 
Training MSE: 0.09923702 	 Validating MSE: 0.13943833 	 Best VMSE: 0.10474603
[2020-10-23 13:40:26] IELM.cv15: Checkpoint saved to experiments/normal/ar1/IELM_ar1_h3
[2020-10-23 13:40:26] IELM.cv15: Hidden size: 54 	 
Training MSE: 0.09720904 	 Validating MSE: 0.10076525 	 Best VMSE: 0.10474603
[2020-10-23 13:40:26] IELM.cv15: Found new best state
[2020-10-23 13:40:26] IELM.cv15: Best vmse: 0.1008
[2020-10-23 13:40:26] IELM.cv15: Checkpoint saved to experiments/normal/ar1/IELM_ar1_h3
[2020-10-23 13:40:26] IELM.cv15: Hidden size: 55 	 
Training MSE: 0.09430450 	 Validating MSE: 0.10382192 	 Best VMSE: 0.10076525
[2020-10-23 13:40:26] IELM.cv15: Checkpoint saved to experiments/normal/ar1/IELM_ar1_h3
[2020-10-23 13:40:26] IELM.cv15: Hidden size: 56 	 
Training MSE: 0.09370175 	 Validating MSE: 0.09025359 	 Best VMSE: 0.10076525
[2020-10-23 13:40:26] IELM.cv15: Found new best state
[2020-10-23 13:40:26] IELM.cv15: Best vmse: 0.0903
[2020-10-23 13:40:26] IELM.cv15: Checkpoint saved to experiments/normal/ar1/IELM_ar1_h3
[2020-10-23 13:40:26] IELM.cv15: Hidden size: 57 	 
Training MSE: 0.09327859 	 Validating MSE: 0.09336297 	 Best VMSE: 0.09025359
[2020-10-23 13:40:26] IELM.cv15: Checkpoint saved to experiments/normal/ar1/IELM_ar1_h3
[2020-10-23 13:40:26] IELM.cv15: Hidden size: 58 	 
Training MSE: 0.09314548 	 Validating MSE: 0.09631732 	 Best VMSE: 0.09025359
[2020-10-23 13:40:26] IELM.cv15: Checkpoint saved to experiments/normal/ar1/IELM_ar1_h3
[2020-10-23 13:40:26] IELM.cv15: Hidden size: 59 	 
Training MSE: 0.09300620 	 Validating MSE: 0.08725894 	 Best VMSE: 0.09025359
[2020-10-23 13:40:26] IELM.cv15: Found new best state
[2020-10-23 13:40:26] IELM.cv15: Best vmse: 0.0873
[2020-10-23 13:40:26] IELM.cv15: Checkpoint saved to experiments/normal/ar1/IELM_ar1_h3
[2020-10-23 13:40:26] IELM.cv15: Hidden size: 60 	 
Training MSE: 0.09296189 	 Validating MSE: 0.08864906 	 Best VMSE: 0.08725894
[2020-10-23 13:40:26] IELM.cv15: Checkpoint saved to experiments/normal/ar1/IELM_ar1_h3
[2020-10-23 13:40:26] IELM.cv15: Hidden size: 61 	 
Training MSE: 0.09292492 	 Validating MSE: 0.08963144 	 Best VMSE: 0.08725894
[2020-10-23 13:40:26] IELM.cv15: Checkpoint saved to experiments/normal/ar1/IELM_ar1_h3
[2020-10-23 13:40:26] IELM.cv15: Hidden size: 62 	 
Training MSE: 0.09257589 	 Validating MSE: 0.08392466 	 Best VMSE: 0.08725894
[2020-10-23 13:40:26] IELM.cv15: Found new best state
[2020-10-23 13:40:26] IELM.cv15: Best vmse: 0.0839
[2020-10-23 13:40:26] IELM.cv15: Checkpoint saved to experiments/normal/ar1/IELM_ar1_h3
[2020-10-23 13:40:26] IELM.cv15: Hidden size: 63 	 
Training MSE: 0.09242312 	 Validating MSE: 0.08511612 	 Best VMSE: 0.08392466
[2020-10-23 13:40:26] IELM.cv15: Checkpoint saved to experiments/normal/ar1/IELM_ar1_h3
[2020-10-23 13:40:26] IELM.cv15: Hidden size: 64 	 
Training MSE: 0.09233941 	 Validating MSE: 0.08824318 	 Best VMSE: 0.08392466
[2020-10-23 13:40:26] IELM.cv15: Checkpoint saved to experiments/normal/ar1/IELM_ar1_h3
[2020-10-23 13:40:26] IELM.cv15: Hidden size: 65 	 
Training MSE: 0.09208107 	 Validating MSE: 0.08308455 	 Best VMSE: 0.08392466
[2020-10-23 13:40:26] IELM.cv15: Found new best state
[2020-10-23 13:40:26] IELM.cv15: Best vmse: 0.0831
[2020-10-23 13:40:26] IELM.cv15: Checkpoint saved to experiments/normal/ar1/IELM_ar1_h3
[2020-10-23 13:40:26] IELM.cv15: Hidden size: 66 	 
Training MSE: 0.09202435 	 Validating MSE: 0.08798236 	 Best VMSE: 0.08308455
[2020-10-23 13:40:26] IELM.cv15: Checkpoint saved to experiments/normal/ar1/IELM_ar1_h3
[2020-10-23 13:40:26] IELM.cv15: Hidden size: 67 	 
Training MSE: 0.09201654 	 Validating MSE: 0.08871546 	 Best VMSE: 0.08308455
[2020-10-23 13:40:26] IELM.cv15: Checkpoint saved to experiments/normal/ar1/IELM_ar1_h3
[2020-10-23 13:40:26] IELM.cv15: Hidden size: 68 	 
Training MSE: 0.09186502 	 Validating MSE: 0.08988897 	 Best VMSE: 0.08308455
[2020-10-23 13:40:26] IELM.cv15: Checkpoint saved to experiments/normal/ar1/IELM_ar1_h3
[2020-10-23 13:40:26] IELM.cv15: Hidden size: 69 	 
Training MSE: 0.09059506 	 Validating MSE: 0.06938174 	 Best VMSE: 0.08308455
[2020-10-23 13:40:26] IELM.cv15: Found new best state
[2020-10-23 13:40:26] IELM.cv15: Best vmse: 0.0694
[2020-10-23 13:40:26] IELM.cv15: Checkpoint saved to experiments/normal/ar1/IELM_ar1_h3
[2020-10-23 13:40:26] IELM.cv15: Hidden size: 70 	 
Training MSE: 0.09009523 	 Validating MSE: 0.07034783 	 Best VMSE: 0.06938174
[2020-10-23 13:40:26] IELM.cv15: Checkpoint saved to experiments/normal/ar1/IELM_ar1_h3
[2020-10-23 13:40:26] IELM.cv15: Hidden size: 71 	 
Training MSE: 0.09003537 	 Validating MSE: 0.07163149 	 Best VMSE: 0.06938174
[2020-10-23 13:40:26] IELM.cv15: Checkpoint saved to experiments/normal/ar1/IELM_ar1_h3
[2020-10-23 13:40:26] IELM.cv15: Hidden size: 72 	 
Training MSE: 0.08979284 	 Validating MSE: 0.06990061 	 Best VMSE: 0.06938174
[2020-10-23 13:40:26] IELM.cv15: Checkpoint saved to experiments/normal/ar1/IELM_ar1_h3
[2020-10-23 13:40:26] IELM.cv15: Hidden size: 73 	 
Training MSE: 0.08863595 	 Validating MSE: 0.07976536 	 Best VMSE: 0.06938174
[2020-10-23 13:40:26] IELM.cv15: Checkpoint saved to experiments/normal/ar1/IELM_ar1_h3
[2020-10-23 13:40:26] IELM.cv15: Hidden size: 74 	 
Training MSE: 0.08744986 	 Validating MSE: 0.07542894 	 Best VMSE: 0.06938174
[2020-10-23 13:40:26] IELM.cv15: Checkpoint saved to experiments/normal/ar1/IELM_ar1_h3
[2020-10-23 13:40:26] IELM.cv15: Hidden size: 75 	 
Training MSE: 0.08674432 	 Validating MSE: 0.08513997 	 Best VMSE: 0.06938174
[2020-10-23 13:40:26] IELM.cv15: Checkpoint saved to experiments/normal/ar1/IELM_ar1_h3
[2020-10-23 13:40:26] IELM.cv15: Hidden size: 76 	 
Training MSE: 0.08521166 	 Validating MSE: 0.07832675 	 Best VMSE: 0.06938174
[2020-10-23 13:40:26] IELM.cv15: Checkpoint saved to experiments/normal/ar1/IELM_ar1_h3
[2020-10-23 13:40:26] IELM.cv15: Hidden size: 77 	 
Training MSE: 0.08367050 	 Validating MSE: 0.11139656 	 Best VMSE: 0.06938174
[2020-10-23 13:40:26] IELM.cv15: Checkpoint saved to experiments/normal/ar1/IELM_ar1_h3
[2020-10-23 13:40:26] IELM.cv15: Hidden size: 78 	 
Training MSE: 0.08359596 	 Validating MSE: 0.10639879 	 Best VMSE: 0.06938174
[2020-10-23 13:40:26] IELM.cv15: Checkpoint saved to experiments/normal/ar1/IELM_ar1_h3
[2020-10-23 13:40:26] IELM.cv15: Hidden size: 79 	 
Training MSE: 0.08323005 	 Validating MSE: 0.09973769 	 Best VMSE: 0.06938174
[2020-10-23 13:40:26] IELM.cv15: Checkpoint saved to experiments/normal/ar1/IELM_ar1_h3
[2020-10-23 13:40:26] IELM.cv15: Hidden size: 80 	 
Training MSE: 0.08315494 	 Validating MSE: 0.09500774 	 Best VMSE: 0.06938174
[2020-10-23 13:40:26] IELM.cv15: Checkpoint saved to experiments/normal/ar1/IELM_ar1_h3
[2020-10-23 13:40:26] IELM.cv15: Hidden size: 81 	 
Training MSE: 0.08273020 	 Validating MSE: 0.09900475 	 Best VMSE: 0.06938174
[2020-10-23 13:40:26] IELM.cv15: Checkpoint saved to experiments/normal/ar1/IELM_ar1_h3
[2020-10-23 13:40:26] IELM.cv15: Hidden size: 82 	 
Training MSE: 0.08230469 	 Validating MSE: 0.10092164 	 Best VMSE: 0.06938174
[2020-10-23 13:40:26] IELM.cv15: Checkpoint saved to experiments/normal/ar1/IELM_ar1_h3
[2020-10-23 13:40:26] IELM.cv15: Hidden size: 83 	 
Training MSE: 0.08215974 	 Validating MSE: 0.09869448 	 Best VMSE: 0.06938174
[2020-10-23 13:40:26] IELM.cv15: Checkpoint saved to experiments/normal/ar1/IELM_ar1_h3
[2020-10-23 13:40:26] IELM.cv15: Hidden size: 84 	 
Training MSE: 0.08207366 	 Validating MSE: 0.09587432 	 Best VMSE: 0.06938174
[2020-10-23 13:40:26] IELM.cv15: Checkpoint saved to experiments/normal/ar1/IELM_ar1_h3
[2020-10-23 13:40:26] IELM.cv15: Hidden size: 85 	 
Training MSE: 0.08205093 	 Validating MSE: 0.09410348 	 Best VMSE: 0.06938174
[2020-10-23 13:40:26] IELM.cv15: Checkpoint saved to experiments/normal/ar1/IELM_ar1_h3
[2020-10-23 13:40:26] IELM.cv15: Hidden size: 86 	 
Training MSE: 0.08205082 	 Validating MSE: 0.09397373 	 Best VMSE: 0.06938174
[2020-10-23 13:40:26] IELM.cv15: Checkpoint saved to experiments/normal/ar1/IELM_ar1_h3
[2020-10-23 13:40:26] IELM.cv15: Hidden size: 87 	 
Training MSE: 0.08188382 	 Validating MSE: 0.09550104 	 Best VMSE: 0.06938174
[2020-10-23 13:40:26] IELM.cv15: Checkpoint saved to experiments/normal/ar1/IELM_ar1_h3
[2020-10-23 13:40:26] IELM.cv15: Hidden size: 88 	 
Training MSE: 0.08179198 	 Validating MSE: 0.09210809 	 Best VMSE: 0.06938174
[2020-10-23 13:40:26] IELM.cv15: Checkpoint saved to experiments/normal/ar1/IELM_ar1_h3
[2020-10-23 13:40:26] IELM.cv15: Hidden size: 89 	 
Training MSE: 0.08178731 	 Validating MSE: 0.09183062 	 Best VMSE: 0.06938174
[2020-10-23 13:40:26] IELM.cv15: Checkpoint saved to experiments/normal/ar1/IELM_ar1_h3
[2020-10-23 13:40:27] IELM.cv15: Hidden size: 90 	 
Training MSE: 0.08175723 	 Validating MSE: 0.09024492 	 Best VMSE: 0.06938174
[2020-10-23 13:40:27] IELM.cv15: Checkpoint saved to experiments/normal/ar1/IELM_ar1_h3
[2020-10-23 13:40:27] IELM.cv15: Hidden size: 91 	 
Training MSE: 0.08103023 	 Validating MSE: 0.07118043 	 Best VMSE: 0.06938174
[2020-10-23 13:40:27] IELM.cv15: Checkpoint saved to experiments/normal/ar1/IELM_ar1_h3
[2020-10-23 13:40:27] IELM.cv15: Hidden size: 92 	 
Training MSE: 0.08063021 	 Validating MSE: 0.08132834 	 Best VMSE: 0.06938174
[2020-10-23 13:40:27] IELM.cv15: Checkpoint saved to experiments/normal/ar1/IELM_ar1_h3
[2020-10-23 13:40:27] IELM.cv15: Hidden size: 93 	 
Training MSE: 0.08021051 	 Validating MSE: 0.08701266 	 Best VMSE: 0.06938174
[2020-10-23 13:40:27] IELM.cv15: Checkpoint saved to experiments/normal/ar1/IELM_ar1_h3
[2020-10-23 13:40:27] IELM.cv15: Hidden size: 94 	 
Training MSE: 0.07861984 	 Validating MSE: 0.06553522 	 Best VMSE: 0.06938174
[2020-10-23 13:40:27] IELM.cv15: Found new best state
[2020-10-23 13:40:27] IELM.cv15: Best vmse: 0.0655
[2020-10-23 13:40:27] IELM.cv15: Checkpoint saved to experiments/normal/ar1/IELM_ar1_h3
[2020-10-23 13:40:27] IELM.cv15: Hidden size: 95 	 
Training MSE: 0.07554258 	 Validating MSE: 0.08059542 	 Best VMSE: 0.06553522
[2020-10-23 13:40:27] IELM.cv15: Checkpoint saved to experiments/normal/ar1/IELM_ar1_h3
[2020-10-23 13:40:27] IELM.cv15: Hidden size: 96 	 
Training MSE: 0.07485601 	 Validating MSE: 0.07402933 	 Best VMSE: 0.06553522
[2020-10-23 13:40:27] IELM.cv15: Checkpoint saved to experiments/normal/ar1/IELM_ar1_h3
[2020-10-23 13:40:27] IELM.cv15: Hidden size: 97 	 
Training MSE: 0.07459891 	 Validating MSE: 0.06538998 	 Best VMSE: 0.06553522
[2020-10-23 13:40:27] IELM.cv15: Found new best state
[2020-10-23 13:40:27] IELM.cv15: Best vmse: 0.0654
[2020-10-23 13:40:27] IELM.cv15: Checkpoint saved to experiments/normal/ar1/IELM_ar1_h3
[2020-10-23 13:40:27] IELM.cv15: Hidden size: 98 	 
Training MSE: 0.07439597 	 Validating MSE: 0.05921170 	 Best VMSE: 0.06538998
[2020-10-23 13:40:27] IELM.cv15: Found new best state
[2020-10-23 13:40:27] IELM.cv15: Best vmse: 0.0592
[2020-10-23 13:40:27] IELM.cv15: Checkpoint saved to experiments/normal/ar1/IELM_ar1_h3
[2020-10-23 13:40:27] IELM.cv15: Hidden size: 99 	 
Training MSE: 0.07411041 	 Validating MSE: 0.06413905 	 Best VMSE: 0.05921170
[2020-10-23 13:40:27] IELM.cv15: Checkpoint saved to experiments/normal/ar1/IELM_ar1_h3
[2020-10-23 13:40:27] IELM.cv15: Hidden size: 100 	 
Training MSE: 0.07364412 	 Validating MSE: 0.06931929 	 Best VMSE: 0.05921170
[2020-10-23 13:40:27] IELM.cv15: Checkpoint saved to experiments/normal/ar1/IELM_ar1_h3
[2020-10-23 13:40:27] IELM.cv15: Restoring best parameters from experiments/normal/ar1/IELM_ar1_h3/train.cv15.pth.tar
[2020-10-23 13:40:27] IELM.cv15: ar1	 H: 3	 Trail: 43 
Testing RMSE: 0.6297 	 MAPE: 0.1174 	 SMAPE: 0.06426
