[2020-10-23 13:39:54] IELM.cv13: Loading the datasets and model for 32th-batch-training
[2020-10-23 13:39:54] IELM.cv13: Argument hidden_size: 100
[2020-10-23 13:39:54] IELM.cv13: Argument candidate_size: 300
[2020-10-23 13:39:54] IELM.cv13: Argument Lambdas: [0.5, 1, 5, 15, 30, 50, 100, 150, 200]
[2020-10-23 13:39:54] IELM.cv13: Argument Lambdas_std: [0.01, 0.05, 0.1, 0.5, 1]
[2020-10-23 13:39:54] IELM.cv13: Argument r: [0.8, 0.9, 0.99, 0.9999, 0.999999]
[2020-10-23 13:39:54] IELM.cv13: Argument tolerance: 0
[2020-10-23 13:39:54] IELM.cv13: Argument device: device(type='cuda')
[2020-10-23 13:39:54] IELM.cv13: Argument dataset: 'ar1'
[2020-10-23 13:39:54] IELM.cv13: Argument H: 3
[2020-10-23 13:39:54] IELM.cv13: Argument k: 5
[2020-10-23 13:39:54] IELM.cv13: Argument test: False
[2020-10-23 13:39:54] IELM.cv13: Argument normal: True
[2020-10-23 13:39:54] IELM.cv13: Argument diff: False
[2020-10-23 13:39:54] IELM.cv13: Argument times: 60
[2020-10-23 13:39:54] IELM.cv13: Argument datasets: {'ar1': {'lag_order': 15, 'normal': True, 'cov_dim': 0, 'kernel_size': 3}, 'wti': {'lag_order': 25, 'normal': True, 'cov_dim': 0, 'kernel_size': 5}, 'gold': {'lag_order': 25, 'normal': True, 'cov_dim': 0, 'kernel_size': 5}, 'sp': {'lag_order': 25, 'normal': True, 'cov_dim': 0, 'kernel_size': 5}, 'brent': {'lag_order': 24, 'normal': True, 'cov_dim': 0, 'kernel_size': 6}, 'sili': {'lag_order': 26, 'normal': True, 'cov_dim': 0, 'kernel_size': 6}}
[2020-10-23 13:39:54] IELM.cv13: Argument steps: 15
[2020-10-23 13:39:54] IELM.cv13: Argument experiment: 'experiments/normal/ar1'
[2020-10-23 13:39:54] IELM.cv13: Argument scaler: StandardScaler()
[2020-10-23 13:39:54] IELM.cv13: Argument model_name: 'IELM_ar1_h3'
[2020-10-23 13:39:54] IELM.cv13: Argument model_dir: 'experiments/normal/ar1/IELM_ar1_h3'
[2020-10-23 13:39:54] IELM.cv13: Argument restore: True
[2020-10-23 13:39:54] IELM.cv13: Argument cv: 13
[2020-10-23 13:39:54] IELM.cv13: Argument plot_dir: 'experiments/normal/ar1/IELM_ar1_h3/figures'
[2020-10-23 13:39:54] IELM.cv13: Using Cuda...
[2020-10-23 13:39:54] IELM.cv13: Loading complete.
[2020-10-23 13:39:54] IELM.cv13: Model: 
IELM(
  (loss_fn): MSELoss()
)
[2020-10-23 13:39:54] IELM.cv13: Hidden size: 1 	 
Training MSE: 0.29167205 	 Validating MSE: 1.70744658 	 Best VMSE: 9999.00000000
[2020-10-23 13:39:54] IELM.cv13: Found new best state
[2020-10-23 13:39:54] IELM.cv13: Best vmse: 1.7074
[2020-10-23 13:39:54] IELM.cv13: Checkpoint saved to experiments/normal/ar1/IELM_ar1_h3
[2020-10-23 13:39:54] IELM.cv13: Hidden size: 2 	 
Training MSE: 0.29166874 	 Validating MSE: 1.71208549 	 Best VMSE: 1.70744658
[2020-10-23 13:39:54] IELM.cv13: Checkpoint saved to experiments/normal/ar1/IELM_ar1_h3
[2020-10-23 13:39:54] IELM.cv13: Hidden size: 3 	 
Training MSE: 0.28743157 	 Validating MSE: 1.77994776 	 Best VMSE: 1.70744658
[2020-10-23 13:39:54] IELM.cv13: Checkpoint saved to experiments/normal/ar1/IELM_ar1_h3
[2020-10-23 13:39:54] IELM.cv13: Hidden size: 4 	 
Training MSE: 0.27228209 	 Validating MSE: 1.37884116 	 Best VMSE: 1.70744658
[2020-10-23 13:39:54] IELM.cv13: Found new best state
[2020-10-23 13:39:54] IELM.cv13: Best vmse: 1.3788
[2020-10-23 13:39:54] IELM.cv13: Checkpoint saved to experiments/normal/ar1/IELM_ar1_h3
[2020-10-23 13:39:54] IELM.cv13: Hidden size: 5 	 
Training MSE: 0.26845121 	 Validating MSE: 1.51180613 	 Best VMSE: 1.37884116
[2020-10-23 13:39:54] IELM.cv13: Checkpoint saved to experiments/normal/ar1/IELM_ar1_h3
[2020-10-23 13:39:54] IELM.cv13: Hidden size: 6 	 
Training MSE: 0.26823333 	 Validating MSE: 1.54808986 	 Best VMSE: 1.37884116
[2020-10-23 13:39:54] IELM.cv13: Checkpoint saved to experiments/normal/ar1/IELM_ar1_h3
[2020-10-23 13:39:54] IELM.cv13: Hidden size: 7 	 
Training MSE: 0.26816273 	 Validating MSE: 1.53079796 	 Best VMSE: 1.37884116
[2020-10-23 13:39:54] IELM.cv13: Checkpoint saved to experiments/normal/ar1/IELM_ar1_h3
[2020-10-23 13:39:54] IELM.cv13: Hidden size: 8 	 
Training MSE: 0.26433930 	 Validating MSE: 1.57692778 	 Best VMSE: 1.37884116
[2020-10-23 13:39:54] IELM.cv13: Checkpoint saved to experiments/normal/ar1/IELM_ar1_h3
[2020-10-23 13:39:54] IELM.cv13: Hidden size: 9 	 
Training MSE: 0.25808832 	 Validating MSE: 1.39902854 	 Best VMSE: 1.37884116
[2020-10-23 13:39:54] IELM.cv13: Checkpoint saved to experiments/normal/ar1/IELM_ar1_h3
[2020-10-23 13:39:54] IELM.cv13: Hidden size: 10 	 
Training MSE: 0.25656167 	 Validating MSE: 1.45419431 	 Best VMSE: 1.37884116
[2020-10-23 13:39:54] IELM.cv13: Checkpoint saved to experiments/normal/ar1/IELM_ar1_h3
[2020-10-23 13:39:54] IELM.cv13: Hidden size: 11 	 
Training MSE: 0.25477698 	 Validating MSE: 1.47005033 	 Best VMSE: 1.37884116
[2020-10-23 13:39:54] IELM.cv13: Checkpoint saved to experiments/normal/ar1/IELM_ar1_h3
[2020-10-23 13:39:54] IELM.cv13: Hidden size: 12 	 
Training MSE: 0.25383872 	 Validating MSE: 1.42766535 	 Best VMSE: 1.37884116
[2020-10-23 13:39:54] IELM.cv13: Checkpoint saved to experiments/normal/ar1/IELM_ar1_h3
[2020-10-23 13:39:54] IELM.cv13: Hidden size: 13 	 
Training MSE: 0.25350150 	 Validating MSE: 1.43910861 	 Best VMSE: 1.37884116
[2020-10-23 13:39:54] IELM.cv13: Checkpoint saved to experiments/normal/ar1/IELM_ar1_h3
[2020-10-23 13:39:54] IELM.cv13: Hidden size: 14 	 
Training MSE: 0.25013116 	 Validating MSE: 1.26705837 	 Best VMSE: 1.37884116
[2020-10-23 13:39:54] IELM.cv13: Found new best state
[2020-10-23 13:39:54] IELM.cv13: Best vmse: 1.2671
[2020-10-23 13:39:54] IELM.cv13: Checkpoint saved to experiments/normal/ar1/IELM_ar1_h3
[2020-10-23 13:39:54] IELM.cv13: Hidden size: 15 	 
Training MSE: 0.24860339 	 Validating MSE: 1.32110596 	 Best VMSE: 1.26705837
[2020-10-23 13:39:54] IELM.cv13: Checkpoint saved to experiments/normal/ar1/IELM_ar1_h3
[2020-10-23 13:39:54] IELM.cv13: Hidden size: 16 	 
Training MSE: 0.24301578 	 Validating MSE: 1.13829637 	 Best VMSE: 1.26705837
[2020-10-23 13:39:54] IELM.cv13: Found new best state
[2020-10-23 13:39:54] IELM.cv13: Best vmse: 1.1383
[2020-10-23 13:39:54] IELM.cv13: Checkpoint saved to experiments/normal/ar1/IELM_ar1_h3
[2020-10-23 13:39:54] IELM.cv13: Hidden size: 17 	 
Training MSE: 0.24301049 	 Validating MSE: 1.13275838 	 Best VMSE: 1.13829637
[2020-10-23 13:39:54] IELM.cv13: Found new best state
[2020-10-23 13:39:54] IELM.cv13: Best vmse: 1.1328
[2020-10-23 13:39:54] IELM.cv13: Checkpoint saved to experiments/normal/ar1/IELM_ar1_h3
[2020-10-23 13:39:54] IELM.cv13: Hidden size: 18 	 
Training MSE: 0.24057673 	 Validating MSE: 0.98773336 	 Best VMSE: 1.13275838
[2020-10-23 13:39:54] IELM.cv13: Found new best state
[2020-10-23 13:39:54] IELM.cv13: Best vmse: 0.9877
[2020-10-23 13:39:54] IELM.cv13: Checkpoint saved to experiments/normal/ar1/IELM_ar1_h3
[2020-10-23 13:39:54] IELM.cv13: Hidden size: 19 	 
Training MSE: 0.22033222 	 Validating MSE: 1.03677952 	 Best VMSE: 0.98773336
[2020-10-23 13:39:54] IELM.cv13: Checkpoint saved to experiments/normal/ar1/IELM_ar1_h3
[2020-10-23 13:39:54] IELM.cv13: Hidden size: 20 	 
Training MSE: 0.22031279 	 Validating MSE: 1.03309858 	 Best VMSE: 0.98773336
[2020-10-23 13:39:54] IELM.cv13: Checkpoint saved to experiments/normal/ar1/IELM_ar1_h3
[2020-10-23 13:39:54] IELM.cv13: Hidden size: 21 	 
Training MSE: 0.21437991 	 Validating MSE: 0.86520344 	 Best VMSE: 0.98773336
[2020-10-23 13:39:54] IELM.cv13: Found new best state
[2020-10-23 13:39:54] IELM.cv13: Best vmse: 0.8652
[2020-10-23 13:39:54] IELM.cv13: Checkpoint saved to experiments/normal/ar1/IELM_ar1_h3
[2020-10-23 13:39:54] IELM.cv13: Hidden size: 22 	 
Training MSE: 0.20580651 	 Validating MSE: 0.90565813 	 Best VMSE: 0.86520344
[2020-10-23 13:39:54] IELM.cv13: Checkpoint saved to experiments/normal/ar1/IELM_ar1_h3
[2020-10-23 13:39:54] IELM.cv13: Hidden size: 23 	 
Training MSE: 0.18316674 	 Validating MSE: 0.45233190 	 Best VMSE: 0.86520344
[2020-10-23 13:39:54] IELM.cv13: Found new best state
[2020-10-23 13:39:54] IELM.cv13: Best vmse: 0.4523
[2020-10-23 13:39:54] IELM.cv13: Checkpoint saved to experiments/normal/ar1/IELM_ar1_h3
[2020-10-23 13:39:54] IELM.cv13: Hidden size: 24 	 
Training MSE: 0.18116009 	 Validating MSE: 0.56180221 	 Best VMSE: 0.45233190
[2020-10-23 13:39:54] IELM.cv13: Checkpoint saved to experiments/normal/ar1/IELM_ar1_h3
[2020-10-23 13:39:54] IELM.cv13: Hidden size: 25 	 
Training MSE: 0.17973688 	 Validating MSE: 0.50047272 	 Best VMSE: 0.45233190
[2020-10-23 13:39:54] IELM.cv13: Checkpoint saved to experiments/normal/ar1/IELM_ar1_h3
[2020-10-23 13:39:54] IELM.cv13: Hidden size: 26 	 
Training MSE: 0.17883882 	 Validating MSE: 0.39671767 	 Best VMSE: 0.45233190
[2020-10-23 13:39:54] IELM.cv13: Found new best state
[2020-10-23 13:39:54] IELM.cv13: Best vmse: 0.3967
[2020-10-23 13:39:54] IELM.cv13: Checkpoint saved to experiments/normal/ar1/IELM_ar1_h3
[2020-10-23 13:39:54] IELM.cv13: Hidden size: 27 	 
Training MSE: 0.17748936 	 Validating MSE: 0.47631261 	 Best VMSE: 0.39671767
[2020-10-23 13:39:54] IELM.cv13: Checkpoint saved to experiments/normal/ar1/IELM_ar1_h3
[2020-10-23 13:39:54] IELM.cv13: Hidden size: 28 	 
Training MSE: 0.17726199 	 Validating MSE: 0.44127434 	 Best VMSE: 0.39671767
[2020-10-23 13:39:54] IELM.cv13: Checkpoint saved to experiments/normal/ar1/IELM_ar1_h3
[2020-10-23 13:39:54] IELM.cv13: Hidden size: 29 	 
Training MSE: 0.17698838 	 Validating MSE: 0.48657197 	 Best VMSE: 0.39671767
[2020-10-23 13:39:54] IELM.cv13: Checkpoint saved to experiments/normal/ar1/IELM_ar1_h3
[2020-10-23 13:39:54] IELM.cv13: Hidden size: 30 	 
Training MSE: 0.16897593 	 Validating MSE: 0.55271775 	 Best VMSE: 0.39671767
[2020-10-23 13:39:54] IELM.cv13: Checkpoint saved to experiments/normal/ar1/IELM_ar1_h3
[2020-10-23 13:39:54] IELM.cv13: Hidden size: 31 	 
Training MSE: 0.15132627 	 Validating MSE: 0.18069190 	 Best VMSE: 0.39671767
[2020-10-23 13:39:54] IELM.cv13: Found new best state
[2020-10-23 13:39:54] IELM.cv13: Best vmse: 0.1807
[2020-10-23 13:39:54] IELM.cv13: Checkpoint saved to experiments/normal/ar1/IELM_ar1_h3
[2020-10-23 13:39:54] IELM.cv13: Hidden size: 32 	 
Training MSE: 0.14971569 	 Validating MSE: 0.24173987 	 Best VMSE: 0.18069190
[2020-10-23 13:39:54] IELM.cv13: Checkpoint saved to experiments/normal/ar1/IELM_ar1_h3
[2020-10-23 13:39:54] IELM.cv13: Hidden size: 33 	 
Training MSE: 0.14753158 	 Validating MSE: 0.25217557 	 Best VMSE: 0.18069190
[2020-10-23 13:39:54] IELM.cv13: Checkpoint saved to experiments/normal/ar1/IELM_ar1_h3
[2020-10-23 13:39:55] IELM.cv13: Hidden size: 34 	 
Training MSE: 0.14182550 	 Validating MSE: 0.16553171 	 Best VMSE: 0.18069190
[2020-10-23 13:39:55] IELM.cv13: Found new best state
[2020-10-23 13:39:55] IELM.cv13: Best vmse: 0.1655
[2020-10-23 13:39:55] IELM.cv13: Checkpoint saved to experiments/normal/ar1/IELM_ar1_h3
[2020-10-23 13:39:55] IELM.cv13: Hidden size: 35 	 
Training MSE: 0.13531911 	 Validating MSE: 0.20840877 	 Best VMSE: 0.16553171
[2020-10-23 13:39:55] IELM.cv13: Checkpoint saved to experiments/normal/ar1/IELM_ar1_h3
[2020-10-23 13:39:55] IELM.cv13: Hidden size: 36 	 
Training MSE: 0.13464415 	 Validating MSE: 0.21793436 	 Best VMSE: 0.16553171
[2020-10-23 13:39:55] IELM.cv13: Checkpoint saved to experiments/normal/ar1/IELM_ar1_h3
[2020-10-23 13:39:55] IELM.cv13: Hidden size: 37 	 
Training MSE: 0.13027987 	 Validating MSE: 0.13786550 	 Best VMSE: 0.16553171
[2020-10-23 13:39:55] IELM.cv13: Found new best state
[2020-10-23 13:39:55] IELM.cv13: Best vmse: 0.1379
[2020-10-23 13:39:55] IELM.cv13: Checkpoint saved to experiments/normal/ar1/IELM_ar1_h3
[2020-10-23 13:39:55] IELM.cv13: Hidden size: 38 	 
Training MSE: 0.12869915 	 Validating MSE: 0.15475969 	 Best VMSE: 0.13786550
[2020-10-23 13:39:55] IELM.cv13: Checkpoint saved to experiments/normal/ar1/IELM_ar1_h3
[2020-10-23 13:39:55] IELM.cv13: Hidden size: 39 	 
Training MSE: 0.12784296 	 Validating MSE: 0.12940630 	 Best VMSE: 0.13786550
[2020-10-23 13:39:55] IELM.cv13: Found new best state
[2020-10-23 13:39:55] IELM.cv13: Best vmse: 0.1294
[2020-10-23 13:39:55] IELM.cv13: Checkpoint saved to experiments/normal/ar1/IELM_ar1_h3
[2020-10-23 13:39:55] IELM.cv13: Hidden size: 40 	 
Training MSE: 0.12749493 	 Validating MSE: 0.11641272 	 Best VMSE: 0.12940630
[2020-10-23 13:39:55] IELM.cv13: Found new best state
[2020-10-23 13:39:55] IELM.cv13: Best vmse: 0.1164
[2020-10-23 13:39:55] IELM.cv13: Checkpoint saved to experiments/normal/ar1/IELM_ar1_h3
[2020-10-23 13:39:55] IELM.cv13: Hidden size: 41 	 
Training MSE: 0.12749334 	 Validating MSE: 0.11675857 	 Best VMSE: 0.11641272
[2020-10-23 13:39:55] IELM.cv13: Checkpoint saved to experiments/normal/ar1/IELM_ar1_h3
[2020-10-23 13:39:55] IELM.cv13: Hidden size: 42 	 
Training MSE: 0.12742524 	 Validating MSE: 0.11817370 	 Best VMSE: 0.11641272
[2020-10-23 13:39:55] IELM.cv13: Checkpoint saved to experiments/normal/ar1/IELM_ar1_h3
[2020-10-23 13:39:55] IELM.cv13: Hidden size: 43 	 
Training MSE: 0.12698111 	 Validating MSE: 0.12220633 	 Best VMSE: 0.11641272
[2020-10-23 13:39:55] IELM.cv13: Checkpoint saved to experiments/normal/ar1/IELM_ar1_h3
[2020-10-23 13:39:55] IELM.cv13: Hidden size: 44 	 
Training MSE: 0.12253802 	 Validating MSE: 0.08581482 	 Best VMSE: 0.11641272
[2020-10-23 13:39:55] IELM.cv13: Found new best state
[2020-10-23 13:39:55] IELM.cv13: Best vmse: 0.0858
[2020-10-23 13:39:55] IELM.cv13: Checkpoint saved to experiments/normal/ar1/IELM_ar1_h3
[2020-10-23 13:39:55] IELM.cv13: Hidden size: 45 	 
Training MSE: 0.12214594 	 Validating MSE: 0.08065164 	 Best VMSE: 0.08581482
[2020-10-23 13:39:55] IELM.cv13: Found new best state
[2020-10-23 13:39:55] IELM.cv13: Best vmse: 0.0807
[2020-10-23 13:39:55] IELM.cv13: Checkpoint saved to experiments/normal/ar1/IELM_ar1_h3
[2020-10-23 13:39:55] IELM.cv13: Hidden size: 46 	 
Training MSE: 0.11501191 	 Validating MSE: 0.08814459 	 Best VMSE: 0.08065164
[2020-10-23 13:39:55] IELM.cv13: Checkpoint saved to experiments/normal/ar1/IELM_ar1_h3
[2020-10-23 13:39:55] IELM.cv13: Hidden size: 47 	 
Training MSE: 0.11390783 	 Validating MSE: 0.08061656 	 Best VMSE: 0.08065164
[2020-10-23 13:39:55] IELM.cv13: Found new best state
[2020-10-23 13:39:55] IELM.cv13: Best vmse: 0.0806
[2020-10-23 13:39:55] IELM.cv13: Checkpoint saved to experiments/normal/ar1/IELM_ar1_h3
[2020-10-23 13:39:55] IELM.cv13: Hidden size: 48 	 
Training MSE: 0.11381793 	 Validating MSE: 0.08105960 	 Best VMSE: 0.08061656
[2020-10-23 13:39:55] IELM.cv13: Checkpoint saved to experiments/normal/ar1/IELM_ar1_h3
[2020-10-23 13:39:55] IELM.cv13: Hidden size: 49 	 
Training MSE: 0.11335991 	 Validating MSE: 0.08410212 	 Best VMSE: 0.08061656
[2020-10-23 13:39:55] IELM.cv13: Checkpoint saved to experiments/normal/ar1/IELM_ar1_h3
[2020-10-23 13:39:55] IELM.cv13: Hidden size: 50 	 
Training MSE: 0.11332211 	 Validating MSE: 0.08289474 	 Best VMSE: 0.08061656
[2020-10-23 13:39:55] IELM.cv13: Checkpoint saved to experiments/normal/ar1/IELM_ar1_h3
[2020-10-23 13:39:55] IELM.cv13: Hidden size: 51 	 
Training MSE: 0.11324913 	 Validating MSE: 0.08403812 	 Best VMSE: 0.08061656
[2020-10-23 13:39:55] IELM.cv13: Checkpoint saved to experiments/normal/ar1/IELM_ar1_h3
[2020-10-23 13:39:55] IELM.cv13: Hidden size: 52 	 
Training MSE: 0.11184831 	 Validating MSE: 0.10126656 	 Best VMSE: 0.08061656
[2020-10-23 13:39:55] IELM.cv13: Checkpoint saved to experiments/normal/ar1/IELM_ar1_h3
[2020-10-23 13:39:55] IELM.cv13: Hidden size: 53 	 
Training MSE: 0.11105083 	 Validating MSE: 0.09357614 	 Best VMSE: 0.08061656
[2020-10-23 13:39:55] IELM.cv13: Checkpoint saved to experiments/normal/ar1/IELM_ar1_h3
[2020-10-23 13:39:55] IELM.cv13: Hidden size: 54 	 
Training MSE: 0.11079438 	 Validating MSE: 0.09073050 	 Best VMSE: 0.08061656
[2020-10-23 13:39:55] IELM.cv13: Checkpoint saved to experiments/normal/ar1/IELM_ar1_h3
[2020-10-23 13:39:55] IELM.cv13: Hidden size: 55 	 
Training MSE: 0.10880019 	 Validating MSE: 0.07780721 	 Best VMSE: 0.08061656
[2020-10-23 13:39:55] IELM.cv13: Found new best state
[2020-10-23 13:39:55] IELM.cv13: Best vmse: 0.0778
[2020-10-23 13:39:55] IELM.cv13: Checkpoint saved to experiments/normal/ar1/IELM_ar1_h3
[2020-10-23 13:39:55] IELM.cv13: Hidden size: 56 	 
Training MSE: 0.10478891 	 Validating MSE: 0.08193134 	 Best VMSE: 0.07780721
[2020-10-23 13:39:55] IELM.cv13: Checkpoint saved to experiments/normal/ar1/IELM_ar1_h3
[2020-10-23 13:39:55] IELM.cv13: Hidden size: 57 	 
Training MSE: 0.10231429 	 Validating MSE: 0.07131822 	 Best VMSE: 0.07780721
[2020-10-23 13:39:55] IELM.cv13: Found new best state
[2020-10-23 13:39:55] IELM.cv13: Best vmse: 0.0713
[2020-10-23 13:39:55] IELM.cv13: Checkpoint saved to experiments/normal/ar1/IELM_ar1_h3
[2020-10-23 13:39:55] IELM.cv13: Hidden size: 58 	 
Training MSE: 0.10231359 	 Validating MSE: 0.07147415 	 Best VMSE: 0.07131822
[2020-10-23 13:39:55] IELM.cv13: Checkpoint saved to experiments/normal/ar1/IELM_ar1_h3
[2020-10-23 13:39:55] IELM.cv13: Hidden size: 59 	 
Training MSE: 0.10110374 	 Validating MSE: 0.07229896 	 Best VMSE: 0.07131822
[2020-10-23 13:39:55] IELM.cv13: Checkpoint saved to experiments/normal/ar1/IELM_ar1_h3
[2020-10-23 13:39:55] IELM.cv13: Hidden size: 60 	 
Training MSE: 0.10107881 	 Validating MSE: 0.07261930 	 Best VMSE: 0.07131822
[2020-10-23 13:39:55] IELM.cv13: Checkpoint saved to experiments/normal/ar1/IELM_ar1_h3
[2020-10-23 13:39:55] IELM.cv13: Hidden size: 61 	 
Training MSE: 0.10103727 	 Validating MSE: 0.07184552 	 Best VMSE: 0.07131822
[2020-10-23 13:39:55] IELM.cv13: Checkpoint saved to experiments/normal/ar1/IELM_ar1_h3
[2020-10-23 13:39:55] IELM.cv13: Hidden size: 62 	 
Training MSE: 0.10092603 	 Validating MSE: 0.07346123 	 Best VMSE: 0.07131822
[2020-10-23 13:39:55] IELM.cv13: Checkpoint saved to experiments/normal/ar1/IELM_ar1_h3
[2020-10-23 13:39:55] IELM.cv13: Hidden size: 63 	 
Training MSE: 0.10092504 	 Validating MSE: 0.07334010 	 Best VMSE: 0.07131822
[2020-10-23 13:39:55] IELM.cv13: Checkpoint saved to experiments/normal/ar1/IELM_ar1_h3
[2020-10-23 13:39:55] IELM.cv13: Hidden size: 64 	 
Training MSE: 0.10089285 	 Validating MSE: 0.07288498 	 Best VMSE: 0.07131822
[2020-10-23 13:39:55] IELM.cv13: Checkpoint saved to experiments/normal/ar1/IELM_ar1_h3
[2020-10-23 13:39:55] IELM.cv13: Hidden size: 65 	 
Training MSE: 0.10077868 	 Validating MSE: 0.07335271 	 Best VMSE: 0.07131822
[2020-10-23 13:39:55] IELM.cv13: Checkpoint saved to experiments/normal/ar1/IELM_ar1_h3
[2020-10-23 13:39:55] IELM.cv13: Hidden size: 66 	 
Training MSE: 0.10072570 	 Validating MSE: 0.07163802 	 Best VMSE: 0.07131822
[2020-10-23 13:39:55] IELM.cv13: Checkpoint saved to experiments/normal/ar1/IELM_ar1_h3
[2020-10-23 13:39:55] IELM.cv13: Hidden size: 67 	 
Training MSE: 0.10024457 	 Validating MSE: 0.06882948 	 Best VMSE: 0.07131822
[2020-10-23 13:39:55] IELM.cv13: Found new best state
[2020-10-23 13:39:55] IELM.cv13: Best vmse: 0.0688
[2020-10-23 13:39:55] IELM.cv13: Checkpoint saved to experiments/normal/ar1/IELM_ar1_h3
[2020-10-23 13:39:55] IELM.cv13: Hidden size: 68 	 
Training MSE: 0.09997202 	 Validating MSE: 0.06887309 	 Best VMSE: 0.06882948
[2020-10-23 13:39:55] IELM.cv13: Checkpoint saved to experiments/normal/ar1/IELM_ar1_h3
[2020-10-23 13:39:55] IELM.cv13: Hidden size: 69 	 
Training MSE: 0.09997161 	 Validating MSE: 0.06884895 	 Best VMSE: 0.06882948
[2020-10-23 13:39:55] IELM.cv13: Checkpoint saved to experiments/normal/ar1/IELM_ar1_h3
[2020-10-23 13:39:55] IELM.cv13: Hidden size: 70 	 
Training MSE: 0.09994034 	 Validating MSE: 0.06940991 	 Best VMSE: 0.06882948
[2020-10-23 13:39:55] IELM.cv13: Checkpoint saved to experiments/normal/ar1/IELM_ar1_h3
[2020-10-23 13:39:56] IELM.cv13: Hidden size: 71 	 
Training MSE: 0.09988286 	 Validating MSE: 0.06906108 	 Best VMSE: 0.06882948
[2020-10-23 13:39:56] IELM.cv13: Checkpoint saved to experiments/normal/ar1/IELM_ar1_h3
[2020-10-23 13:39:56] IELM.cv13: Hidden size: 72 	 
Training MSE: 0.09976311 	 Validating MSE: 0.06916121 	 Best VMSE: 0.06882948
[2020-10-23 13:39:56] IELM.cv13: Checkpoint saved to experiments/normal/ar1/IELM_ar1_h3
[2020-10-23 13:39:56] IELM.cv13: Hidden size: 73 	 
Training MSE: 0.09965814 	 Validating MSE: 0.06862790 	 Best VMSE: 0.06882948
[2020-10-23 13:39:56] IELM.cv13: Found new best state
[2020-10-23 13:39:56] IELM.cv13: Best vmse: 0.0686
[2020-10-23 13:39:56] IELM.cv13: Checkpoint saved to experiments/normal/ar1/IELM_ar1_h3
[2020-10-23 13:39:56] IELM.cv13: Hidden size: 74 	 
Training MSE: 0.09953088 	 Validating MSE: 0.07041171 	 Best VMSE: 0.06862790
[2020-10-23 13:39:56] IELM.cv13: Checkpoint saved to experiments/normal/ar1/IELM_ar1_h3
[2020-10-23 13:39:56] IELM.cv13: Hidden size: 75 	 
Training MSE: 0.09945195 	 Validating MSE: 0.07057997 	 Best VMSE: 0.06862790
[2020-10-23 13:39:56] IELM.cv13: Checkpoint saved to experiments/normal/ar1/IELM_ar1_h3
[2020-10-23 13:39:56] IELM.cv13: Hidden size: 76 	 
Training MSE: 0.09845700 	 Validating MSE: 0.06717614 	 Best VMSE: 0.06862790
[2020-10-23 13:39:56] IELM.cv13: Found new best state
[2020-10-23 13:39:56] IELM.cv13: Best vmse: 0.0672
[2020-10-23 13:39:56] IELM.cv13: Checkpoint saved to experiments/normal/ar1/IELM_ar1_h3
[2020-10-23 13:39:56] IELM.cv13: Hidden size: 77 	 
Training MSE: 0.09843610 	 Validating MSE: 0.06721189 	 Best VMSE: 0.06717614
[2020-10-23 13:39:56] IELM.cv13: Checkpoint saved to experiments/normal/ar1/IELM_ar1_h3
[2020-10-23 13:39:56] IELM.cv13: Hidden size: 78 	 
Training MSE: 0.09838510 	 Validating MSE: 0.06731631 	 Best VMSE: 0.06717614
[2020-10-23 13:39:56] IELM.cv13: Checkpoint saved to experiments/normal/ar1/IELM_ar1_h3
[2020-10-23 13:39:56] IELM.cv13: Hidden size: 79 	 
Training MSE: 0.09832078 	 Validating MSE: 0.06719758 	 Best VMSE: 0.06717614
[2020-10-23 13:39:56] IELM.cv13: Checkpoint saved to experiments/normal/ar1/IELM_ar1_h3
[2020-10-23 13:39:56] IELM.cv13: Hidden size: 80 	 
Training MSE: 0.09706414 	 Validating MSE: 0.06608832 	 Best VMSE: 0.06717614
[2020-10-23 13:39:56] IELM.cv13: Found new best state
[2020-10-23 13:39:56] IELM.cv13: Best vmse: 0.0661
[2020-10-23 13:39:56] IELM.cv13: Checkpoint saved to experiments/normal/ar1/IELM_ar1_h3
[2020-10-23 13:39:56] IELM.cv13: Hidden size: 81 	 
Training MSE: 0.09314195 	 Validating MSE: 0.06958701 	 Best VMSE: 0.06608832
[2020-10-23 13:39:56] IELM.cv13: Checkpoint saved to experiments/normal/ar1/IELM_ar1_h3
[2020-10-23 13:39:56] IELM.cv13: Hidden size: 82 	 
Training MSE: 0.09273237 	 Validating MSE: 0.06825609 	 Best VMSE: 0.06608832
[2020-10-23 13:39:56] IELM.cv13: Checkpoint saved to experiments/normal/ar1/IELM_ar1_h3
[2020-10-23 13:39:56] IELM.cv13: Hidden size: 83 	 
Training MSE: 0.09144591 	 Validating MSE: 0.06481308 	 Best VMSE: 0.06608832
[2020-10-23 13:39:56] IELM.cv13: Found new best state
[2020-10-23 13:39:56] IELM.cv13: Best vmse: 0.0648
[2020-10-23 13:39:56] IELM.cv13: Checkpoint saved to experiments/normal/ar1/IELM_ar1_h3
[2020-10-23 13:39:56] IELM.cv13: Hidden size: 84 	 
Training MSE: 0.09120103 	 Validating MSE: 0.06485513 	 Best VMSE: 0.06481308
[2020-10-23 13:39:56] IELM.cv13: Checkpoint saved to experiments/normal/ar1/IELM_ar1_h3
[2020-10-23 13:39:56] IELM.cv13: Hidden size: 85 	 
Training MSE: 0.09077054 	 Validating MSE: 0.06619711 	 Best VMSE: 0.06481308
[2020-10-23 13:39:56] IELM.cv13: Checkpoint saved to experiments/normal/ar1/IELM_ar1_h3
[2020-10-23 13:39:56] IELM.cv13: Hidden size: 86 	 
Training MSE: 0.09066585 	 Validating MSE: 0.06825837 	 Best VMSE: 0.06481308
[2020-10-23 13:39:56] IELM.cv13: Checkpoint saved to experiments/normal/ar1/IELM_ar1_h3
[2020-10-23 13:39:56] IELM.cv13: Hidden size: 87 	 
Training MSE: 0.08984574 	 Validating MSE: 0.06193944 	 Best VMSE: 0.06481308
[2020-10-23 13:39:56] IELM.cv13: Found new best state
[2020-10-23 13:39:56] IELM.cv13: Best vmse: 0.0619
[2020-10-23 13:39:56] IELM.cv13: Checkpoint saved to experiments/normal/ar1/IELM_ar1_h3
[2020-10-23 13:39:56] IELM.cv13: Hidden size: 88 	 
Training MSE: 0.08964910 	 Validating MSE: 0.06162215 	 Best VMSE: 0.06193944
[2020-10-23 13:39:56] IELM.cv13: Found new best state
[2020-10-23 13:39:56] IELM.cv13: Best vmse: 0.0616
[2020-10-23 13:39:56] IELM.cv13: Checkpoint saved to experiments/normal/ar1/IELM_ar1_h3
[2020-10-23 13:39:56] IELM.cv13: Hidden size: 89 	 
Training MSE: 0.08964317 	 Validating MSE: 0.06164558 	 Best VMSE: 0.06162215
[2020-10-23 13:39:56] IELM.cv13: Checkpoint saved to experiments/normal/ar1/IELM_ar1_h3
[2020-10-23 13:39:56] IELM.cv13: Hidden size: 90 	 
Training MSE: 0.08928398 	 Validating MSE: 0.06309920 	 Best VMSE: 0.06162215
[2020-10-23 13:39:56] IELM.cv13: Checkpoint saved to experiments/normal/ar1/IELM_ar1_h3
[2020-10-23 13:39:56] IELM.cv13: Hidden size: 91 	 
Training MSE: 0.08908556 	 Validating MSE: 0.06170379 	 Best VMSE: 0.06162215
[2020-10-23 13:39:56] IELM.cv13: Checkpoint saved to experiments/normal/ar1/IELM_ar1_h3
[2020-10-23 13:39:56] IELM.cv13: Hidden size: 92 	 
Training MSE: 0.08884806 	 Validating MSE: 0.06216189 	 Best VMSE: 0.06162215
[2020-10-23 13:39:56] IELM.cv13: Checkpoint saved to experiments/normal/ar1/IELM_ar1_h3
[2020-10-23 13:39:56] IELM.cv13: Hidden size: 93 	 
Training MSE: 0.08843228 	 Validating MSE: 0.06116388 	 Best VMSE: 0.06162215
[2020-10-23 13:39:56] IELM.cv13: Found new best state
[2020-10-23 13:39:56] IELM.cv13: Best vmse: 0.0612
[2020-10-23 13:39:56] IELM.cv13: Checkpoint saved to experiments/normal/ar1/IELM_ar1_h3
[2020-10-23 13:39:56] IELM.cv13: Hidden size: 94 	 
Training MSE: 0.08776741 	 Validating MSE: 0.06259172 	 Best VMSE: 0.06116388
[2020-10-23 13:39:56] IELM.cv13: Checkpoint saved to experiments/normal/ar1/IELM_ar1_h3
[2020-10-23 13:39:56] IELM.cv13: Hidden size: 95 	 
Training MSE: 0.08771965 	 Validating MSE: 0.06308146 	 Best VMSE: 0.06116388
[2020-10-23 13:39:56] IELM.cv13: Checkpoint saved to experiments/normal/ar1/IELM_ar1_h3
[2020-10-23 13:39:56] IELM.cv13: Hidden size: 96 	 
Training MSE: 0.08715858 	 Validating MSE: 0.06117132 	 Best VMSE: 0.06116388
[2020-10-23 13:39:56] IELM.cv13: Checkpoint saved to experiments/normal/ar1/IELM_ar1_h3
[2020-10-23 13:39:56] IELM.cv13: Hidden size: 97 	 
Training MSE: 0.08705790 	 Validating MSE: 0.06012919 	 Best VMSE: 0.06116388
[2020-10-23 13:39:56] IELM.cv13: Found new best state
[2020-10-23 13:39:56] IELM.cv13: Best vmse: 0.0601
[2020-10-23 13:39:56] IELM.cv13: Checkpoint saved to experiments/normal/ar1/IELM_ar1_h3
[2020-10-23 13:39:56] IELM.cv13: Hidden size: 98 	 
Training MSE: 0.08705714 	 Validating MSE: 0.06012297 	 Best VMSE: 0.06012919
[2020-10-23 13:39:56] IELM.cv13: Found new best state
[2020-10-23 13:39:56] IELM.cv13: Best vmse: 0.0601
[2020-10-23 13:39:56] IELM.cv13: Checkpoint saved to experiments/normal/ar1/IELM_ar1_h3
[2020-10-23 13:39:56] IELM.cv13: Hidden size: 99 	 
Training MSE: 0.08698723 	 Validating MSE: 0.06060603 	 Best VMSE: 0.06012297
[2020-10-23 13:39:56] IELM.cv13: Checkpoint saved to experiments/normal/ar1/IELM_ar1_h3
[2020-10-23 13:39:56] IELM.cv13: Hidden size: 100 	 
Training MSE: 0.08689418 	 Validating MSE: 0.06108268 	 Best VMSE: 0.06012297
[2020-10-23 13:39:56] IELM.cv13: Checkpoint saved to experiments/normal/ar1/IELM_ar1_h3
[2020-10-23 13:39:56] IELM.cv13: Restoring best parameters from experiments/normal/ar1/IELM_ar1_h3/train.cv13.pth.tar
[2020-10-23 13:39:56] IELM.cv13: ar1	 H: 3	 Trail: 32 
Testing RMSE: 0.5423 	 MAPE: 0.09814 	 SMAPE: 0.05235
