[2020-10-23 13:39:26] IELM.cv7: Loading the datasets and model for 22th-batch-training
[2020-10-23 13:39:26] IELM.cv7: Argument hidden_size: 100
[2020-10-23 13:39:26] IELM.cv7: Argument candidate_size: 300
[2020-10-23 13:39:26] IELM.cv7: Argument Lambdas: [0.5, 1, 5, 15, 30, 50, 100, 150, 200]
[2020-10-23 13:39:26] IELM.cv7: Argument Lambdas_std: [0.01, 0.05, 0.1, 0.5, 1]
[2020-10-23 13:39:26] IELM.cv7: Argument r: [0.8, 0.9, 0.99, 0.9999, 0.999999]
[2020-10-23 13:39:26] IELM.cv7: Argument tolerance: 0
[2020-10-23 13:39:26] IELM.cv7: Argument device: device(type='cuda')
[2020-10-23 13:39:26] IELM.cv7: Argument dataset: 'ar1'
[2020-10-23 13:39:26] IELM.cv7: Argument H: 3
[2020-10-23 13:39:26] IELM.cv7: Argument k: 5
[2020-10-23 13:39:26] IELM.cv7: Argument test: False
[2020-10-23 13:39:26] IELM.cv7: Argument normal: True
[2020-10-23 13:39:26] IELM.cv7: Argument diff: False
[2020-10-23 13:39:26] IELM.cv7: Argument times: 60
[2020-10-23 13:39:26] IELM.cv7: Argument datasets: {'ar1': {'lag_order': 15, 'normal': True, 'cov_dim': 0, 'kernel_size': 3}, 'wti': {'lag_order': 25, 'normal': True, 'cov_dim': 0, 'kernel_size': 5}, 'gold': {'lag_order': 25, 'normal': True, 'cov_dim': 0, 'kernel_size': 5}, 'sp': {'lag_order': 25, 'normal': True, 'cov_dim': 0, 'kernel_size': 5}, 'brent': {'lag_order': 24, 'normal': True, 'cov_dim': 0, 'kernel_size': 6}, 'sili': {'lag_order': 26, 'normal': True, 'cov_dim': 0, 'kernel_size': 6}}
[2020-10-23 13:39:26] IELM.cv7: Argument steps: 15
[2020-10-23 13:39:26] IELM.cv7: Argument experiment: 'experiments/normal/ar1'
[2020-10-23 13:39:26] IELM.cv7: Argument scaler: StandardScaler()
[2020-10-23 13:39:26] IELM.cv7: Argument model_name: 'IELM_ar1_h3'
[2020-10-23 13:39:26] IELM.cv7: Argument model_dir: 'experiments/normal/ar1/IELM_ar1_h3'
[2020-10-23 13:39:26] IELM.cv7: Argument restore: True
[2020-10-23 13:39:26] IELM.cv7: Argument cv: 7
[2020-10-23 13:39:26] IELM.cv7: Argument plot_dir: 'experiments/normal/ar1/IELM_ar1_h3/figures'
[2020-10-23 13:39:26] IELM.cv7: Using Cuda...
[2020-10-23 13:39:26] IELM.cv7: Loading complete.
[2020-10-23 13:39:26] IELM.cv7: Model: 
IELM(
  (loss_fn): MSELoss()
)
[2020-10-23 13:39:26] IELM.cv7: Hidden size: 1 	 
Training MSE: 0.30745760 	 Validating MSE: 2.02930808 	 Best VMSE: 9999.00000000
[2020-10-23 13:39:26] IELM.cv7: Found new best state
[2020-10-23 13:39:26] IELM.cv7: Best vmse: 2.0293
[2020-10-23 13:39:26] IELM.cv7: Checkpoint saved to experiments/normal/ar1/IELM_ar1_h3
[2020-10-23 13:39:26] IELM.cv7: Hidden size: 2 	 
Training MSE: 0.30716887 	 Validating MSE: 1.97758448 	 Best VMSE: 2.02930808
[2020-10-23 13:39:26] IELM.cv7: Found new best state
[2020-10-23 13:39:26] IELM.cv7: Best vmse: 1.9776
[2020-10-23 13:39:26] IELM.cv7: Checkpoint saved to experiments/normal/ar1/IELM_ar1_h3
[2020-10-23 13:39:26] IELM.cv7: Hidden size: 3 	 
Training MSE: 0.29677892 	 Validating MSE: 2.15320611 	 Best VMSE: 1.97758448
[2020-10-23 13:39:26] IELM.cv7: Checkpoint saved to experiments/normal/ar1/IELM_ar1_h3
[2020-10-23 13:39:26] IELM.cv7: Hidden size: 4 	 
Training MSE: 0.29553327 	 Validating MSE: 2.09194636 	 Best VMSE: 1.97758448
[2020-10-23 13:39:26] IELM.cv7: Checkpoint saved to experiments/normal/ar1/IELM_ar1_h3
[2020-10-23 13:39:26] IELM.cv7: Hidden size: 5 	 
Training MSE: 0.29047045 	 Validating MSE: 1.81514561 	 Best VMSE: 1.97758448
[2020-10-23 13:39:26] IELM.cv7: Found new best state
[2020-10-23 13:39:26] IELM.cv7: Best vmse: 1.8151
[2020-10-23 13:39:26] IELM.cv7: Checkpoint saved to experiments/normal/ar1/IELM_ar1_h3
[2020-10-23 13:39:26] IELM.cv7: Hidden size: 6 	 
Training MSE: 0.28193536 	 Validating MSE: 1.35428715 	 Best VMSE: 1.81514561
[2020-10-23 13:39:26] IELM.cv7: Found new best state
[2020-10-23 13:39:26] IELM.cv7: Best vmse: 1.3543
[2020-10-23 13:39:26] IELM.cv7: Checkpoint saved to experiments/normal/ar1/IELM_ar1_h3
[2020-10-23 13:39:26] IELM.cv7: Hidden size: 7 	 
Training MSE: 0.25421134 	 Validating MSE: 1.64069867 	 Best VMSE: 1.35428715
[2020-10-23 13:39:26] IELM.cv7: Checkpoint saved to experiments/normal/ar1/IELM_ar1_h3
[2020-10-23 13:39:26] IELM.cv7: Hidden size: 8 	 
Training MSE: 0.25392401 	 Validating MSE: 1.61547661 	 Best VMSE: 1.35428715
[2020-10-23 13:39:26] IELM.cv7: Checkpoint saved to experiments/normal/ar1/IELM_ar1_h3
[2020-10-23 13:39:26] IELM.cv7: Hidden size: 9 	 
Training MSE: 0.25261721 	 Validating MSE: 1.65171266 	 Best VMSE: 1.35428715
[2020-10-23 13:39:26] IELM.cv7: Checkpoint saved to experiments/normal/ar1/IELM_ar1_h3
[2020-10-23 13:39:26] IELM.cv7: Hidden size: 10 	 
Training MSE: 0.20676818 	 Validating MSE: 0.66331190 	 Best VMSE: 1.35428715
[2020-10-23 13:39:26] IELM.cv7: Found new best state
[2020-10-23 13:39:26] IELM.cv7: Best vmse: 0.6633
[2020-10-23 13:39:26] IELM.cv7: Checkpoint saved to experiments/normal/ar1/IELM_ar1_h3
[2020-10-23 13:39:26] IELM.cv7: Hidden size: 11 	 
Training MSE: 0.20507884 	 Validating MSE: 0.78756827 	 Best VMSE: 0.66331190
[2020-10-23 13:39:26] IELM.cv7: Checkpoint saved to experiments/normal/ar1/IELM_ar1_h3
[2020-10-23 13:39:26] IELM.cv7: Hidden size: 12 	 
Training MSE: 0.19649160 	 Validating MSE: 0.94457030 	 Best VMSE: 0.66331190
[2020-10-23 13:39:26] IELM.cv7: Checkpoint saved to experiments/normal/ar1/IELM_ar1_h3
[2020-10-23 13:39:26] IELM.cv7: Hidden size: 13 	 
Training MSE: 0.19455703 	 Validating MSE: 0.98395163 	 Best VMSE: 0.66331190
[2020-10-23 13:39:26] IELM.cv7: Checkpoint saved to experiments/normal/ar1/IELM_ar1_h3
[2020-10-23 13:39:26] IELM.cv7: Hidden size: 14 	 
Training MSE: 0.19447759 	 Validating MSE: 0.97466779 	 Best VMSE: 0.66331190
[2020-10-23 13:39:26] IELM.cv7: Checkpoint saved to experiments/normal/ar1/IELM_ar1_h3
[2020-10-23 13:39:26] IELM.cv7: Hidden size: 15 	 
Training MSE: 0.17907029 	 Validating MSE: 0.69446778 	 Best VMSE: 0.66331190
[2020-10-23 13:39:26] IELM.cv7: Checkpoint saved to experiments/normal/ar1/IELM_ar1_h3
[2020-10-23 13:39:26] IELM.cv7: Hidden size: 16 	 
Training MSE: 0.16356133 	 Validating MSE: 0.80726314 	 Best VMSE: 0.66331190
[2020-10-23 13:39:26] IELM.cv7: Checkpoint saved to experiments/normal/ar1/IELM_ar1_h3
[2020-10-23 13:39:26] IELM.cv7: Hidden size: 17 	 
Training MSE: 0.14728987 	 Validating MSE: 0.50143987 	 Best VMSE: 0.66331190
[2020-10-23 13:39:26] IELM.cv7: Found new best state
[2020-10-23 13:39:26] IELM.cv7: Best vmse: 0.5014
[2020-10-23 13:39:26] IELM.cv7: Checkpoint saved to experiments/normal/ar1/IELM_ar1_h3
[2020-10-23 13:39:26] IELM.cv7: Hidden size: 18 	 
Training MSE: 0.14256018 	 Validating MSE: 0.58563638 	 Best VMSE: 0.50143987
[2020-10-23 13:39:26] IELM.cv7: Checkpoint saved to experiments/normal/ar1/IELM_ar1_h3
[2020-10-23 13:39:26] IELM.cv7: Hidden size: 19 	 
Training MSE: 0.13732538 	 Validating MSE: 0.61770523 	 Best VMSE: 0.50143987
[2020-10-23 13:39:26] IELM.cv7: Checkpoint saved to experiments/normal/ar1/IELM_ar1_h3
[2020-10-23 13:39:26] IELM.cv7: Hidden size: 20 	 
Training MSE: 0.12884486 	 Validating MSE: 0.43546292 	 Best VMSE: 0.50143987
[2020-10-23 13:39:26] IELM.cv7: Found new best state
[2020-10-23 13:39:26] IELM.cv7: Best vmse: 0.4355
[2020-10-23 13:39:26] IELM.cv7: Checkpoint saved to experiments/normal/ar1/IELM_ar1_h3
[2020-10-23 13:39:26] IELM.cv7: Hidden size: 21 	 
Training MSE: 0.12562621 	 Validating MSE: 0.28844544 	 Best VMSE: 0.43546292
[2020-10-23 13:39:26] IELM.cv7: Found new best state
[2020-10-23 13:39:26] IELM.cv7: Best vmse: 0.2884
[2020-10-23 13:39:26] IELM.cv7: Checkpoint saved to experiments/normal/ar1/IELM_ar1_h3
[2020-10-23 13:39:26] IELM.cv7: Hidden size: 22 	 
Training MSE: 0.11605402 	 Validating MSE: 0.33907163 	 Best VMSE: 0.28844544
[2020-10-23 13:39:26] IELM.cv7: Checkpoint saved to experiments/normal/ar1/IELM_ar1_h3
[2020-10-23 13:39:27] IELM.cv7: Hidden size: 23 	 
Training MSE: 0.11534631 	 Validating MSE: 0.30419707 	 Best VMSE: 0.28844544
[2020-10-23 13:39:27] IELM.cv7: Checkpoint saved to experiments/normal/ar1/IELM_ar1_h3
[2020-10-23 13:39:27] IELM.cv7: Hidden size: 24 	 
Training MSE: 0.11467385 	 Validating MSE: 0.32000440 	 Best VMSE: 0.28844544
[2020-10-23 13:39:27] IELM.cv7: Checkpoint saved to experiments/normal/ar1/IELM_ar1_h3
[2020-10-23 13:39:27] IELM.cv7: Hidden size: 25 	 
Training MSE: 0.10775975 	 Validating MSE: 0.17467608 	 Best VMSE: 0.28844544
[2020-10-23 13:39:27] IELM.cv7: Found new best state
[2020-10-23 13:39:27] IELM.cv7: Best vmse: 0.1747
[2020-10-23 13:39:27] IELM.cv7: Checkpoint saved to experiments/normal/ar1/IELM_ar1_h3
[2020-10-23 13:39:27] IELM.cv7: Hidden size: 26 	 
Training MSE: 0.10546304 	 Validating MSE: 0.21444713 	 Best VMSE: 0.17467608
[2020-10-23 13:39:27] IELM.cv7: Checkpoint saved to experiments/normal/ar1/IELM_ar1_h3
[2020-10-23 13:39:27] IELM.cv7: Hidden size: 27 	 
Training MSE: 0.10475208 	 Validating MSE: 0.17147891 	 Best VMSE: 0.17467608
[2020-10-23 13:39:27] IELM.cv7: Found new best state
[2020-10-23 13:39:27] IELM.cv7: Best vmse: 0.1715
[2020-10-23 13:39:27] IELM.cv7: Checkpoint saved to experiments/normal/ar1/IELM_ar1_h3
[2020-10-23 13:39:27] IELM.cv7: Hidden size: 28 	 
Training MSE: 0.10369616 	 Validating MSE: 0.19676574 	 Best VMSE: 0.17147891
[2020-10-23 13:39:27] IELM.cv7: Checkpoint saved to experiments/normal/ar1/IELM_ar1_h3
[2020-10-23 13:39:27] IELM.cv7: Hidden size: 29 	 
Training MSE: 0.10171197 	 Validating MSE: 0.13314526 	 Best VMSE: 0.17147891
[2020-10-23 13:39:27] IELM.cv7: Found new best state
[2020-10-23 13:39:27] IELM.cv7: Best vmse: 0.1331
[2020-10-23 13:39:27] IELM.cv7: Checkpoint saved to experiments/normal/ar1/IELM_ar1_h3
[2020-10-23 13:39:27] IELM.cv7: Hidden size: 30 	 
Training MSE: 0.09780765 	 Validating MSE: 0.15158969 	 Best VMSE: 0.13314526
[2020-10-23 13:39:27] IELM.cv7: Checkpoint saved to experiments/normal/ar1/IELM_ar1_h3
[2020-10-23 13:39:27] IELM.cv7: Hidden size: 31 	 
Training MSE: 0.09721410 	 Validating MSE: 0.13266268 	 Best VMSE: 0.13314526
[2020-10-23 13:39:27] IELM.cv7: Found new best state
[2020-10-23 13:39:27] IELM.cv7: Best vmse: 0.1327
[2020-10-23 13:39:27] IELM.cv7: Checkpoint saved to experiments/normal/ar1/IELM_ar1_h3
[2020-10-23 13:39:27] IELM.cv7: Hidden size: 32 	 
Training MSE: 0.09682591 	 Validating MSE: 0.14027461 	 Best VMSE: 0.13266268
[2020-10-23 13:39:27] IELM.cv7: Checkpoint saved to experiments/normal/ar1/IELM_ar1_h3
[2020-10-23 13:39:27] IELM.cv7: Hidden size: 33 	 
Training MSE: 0.09666408 	 Validating MSE: 0.12051367 	 Best VMSE: 0.13266268
[2020-10-23 13:39:27] IELM.cv7: Found new best state
[2020-10-23 13:39:27] IELM.cv7: Best vmse: 0.1205
[2020-10-23 13:39:27] IELM.cv7: Checkpoint saved to experiments/normal/ar1/IELM_ar1_h3
[2020-10-23 13:39:27] IELM.cv7: Hidden size: 34 	 
Training MSE: 0.09664524 	 Validating MSE: 0.12349856 	 Best VMSE: 0.12051367
[2020-10-23 13:39:27] IELM.cv7: Checkpoint saved to experiments/normal/ar1/IELM_ar1_h3
[2020-10-23 13:39:27] IELM.cv7: Hidden size: 35 	 
Training MSE: 0.09585983 	 Validating MSE: 0.09425935 	 Best VMSE: 0.12051367
[2020-10-23 13:39:27] IELM.cv7: Found new best state
[2020-10-23 13:39:27] IELM.cv7: Best vmse: 0.0943
[2020-10-23 13:39:27] IELM.cv7: Checkpoint saved to experiments/normal/ar1/IELM_ar1_h3
[2020-10-23 13:39:27] IELM.cv7: Hidden size: 36 	 
Training MSE: 0.09538680 	 Validating MSE: 0.10106254 	 Best VMSE: 0.09425935
[2020-10-23 13:39:27] IELM.cv7: Checkpoint saved to experiments/normal/ar1/IELM_ar1_h3
[2020-10-23 13:39:27] IELM.cv7: Hidden size: 37 	 
Training MSE: 0.09529006 	 Validating MSE: 0.10992956 	 Best VMSE: 0.09425935
[2020-10-23 13:39:27] IELM.cv7: Checkpoint saved to experiments/normal/ar1/IELM_ar1_h3
[2020-10-23 13:39:27] IELM.cv7: Hidden size: 38 	 
Training MSE: 0.09439532 	 Validating MSE: 0.09301394 	 Best VMSE: 0.09425935
[2020-10-23 13:39:27] IELM.cv7: Found new best state
[2020-10-23 13:39:27] IELM.cv7: Best vmse: 0.0930
[2020-10-23 13:39:27] IELM.cv7: Checkpoint saved to experiments/normal/ar1/IELM_ar1_h3
[2020-10-23 13:39:27] IELM.cv7: Hidden size: 39 	 
Training MSE: 0.09267724 	 Validating MSE: 0.10444478 	 Best VMSE: 0.09301394
[2020-10-23 13:39:27] IELM.cv7: Checkpoint saved to experiments/normal/ar1/IELM_ar1_h3
[2020-10-23 13:39:27] IELM.cv7: Hidden size: 40 	 
Training MSE: 0.09066885 	 Validating MSE: 0.07387639 	 Best VMSE: 0.09301394
[2020-10-23 13:39:27] IELM.cv7: Found new best state
[2020-10-23 13:39:27] IELM.cv7: Best vmse: 0.0739
[2020-10-23 13:39:27] IELM.cv7: Checkpoint saved to experiments/normal/ar1/IELM_ar1_h3
[2020-10-23 13:39:27] IELM.cv7: Hidden size: 41 	 
Training MSE: 0.08994353 	 Validating MSE: 0.07631524 	 Best VMSE: 0.07387639
[2020-10-23 13:39:27] IELM.cv7: Checkpoint saved to experiments/normal/ar1/IELM_ar1_h3
[2020-10-23 13:39:27] IELM.cv7: Hidden size: 42 	 
Training MSE: 0.08978192 	 Validating MSE: 0.07488535 	 Best VMSE: 0.07387639
[2020-10-23 13:39:27] IELM.cv7: Checkpoint saved to experiments/normal/ar1/IELM_ar1_h3
[2020-10-23 13:39:27] IELM.cv7: Hidden size: 43 	 
Training MSE: 0.08962996 	 Validating MSE: 0.06948152 	 Best VMSE: 0.07387639
[2020-10-23 13:39:27] IELM.cv7: Found new best state
[2020-10-23 13:39:27] IELM.cv7: Best vmse: 0.0695
[2020-10-23 13:39:27] IELM.cv7: Checkpoint saved to experiments/normal/ar1/IELM_ar1_h3
[2020-10-23 13:39:27] IELM.cv7: Hidden size: 44 	 
Training MSE: 0.08858994 	 Validating MSE: 0.07585341 	 Best VMSE: 0.06948152
[2020-10-23 13:39:27] IELM.cv7: Checkpoint saved to experiments/normal/ar1/IELM_ar1_h3
[2020-10-23 13:39:27] IELM.cv7: Hidden size: 45 	 
Training MSE: 0.08846065 	 Validating MSE: 0.07261208 	 Best VMSE: 0.06948152
[2020-10-23 13:39:27] IELM.cv7: Checkpoint saved to experiments/normal/ar1/IELM_ar1_h3
[2020-10-23 13:39:27] IELM.cv7: Hidden size: 46 	 
Training MSE: 0.08841702 	 Validating MSE: 0.07152968 	 Best VMSE: 0.06948152
[2020-10-23 13:39:27] IELM.cv7: Checkpoint saved to experiments/normal/ar1/IELM_ar1_h3
[2020-10-23 13:39:27] IELM.cv7: Hidden size: 47 	 
Training MSE: 0.08837337 	 Validating MSE: 0.07396564 	 Best VMSE: 0.06948152
[2020-10-23 13:39:27] IELM.cv7: Checkpoint saved to experiments/normal/ar1/IELM_ar1_h3
[2020-10-23 13:39:27] IELM.cv7: Hidden size: 48 	 
Training MSE: 0.08835496 	 Validating MSE: 0.07460569 	 Best VMSE: 0.06948152
[2020-10-23 13:39:27] IELM.cv7: Checkpoint saved to experiments/normal/ar1/IELM_ar1_h3
[2020-10-23 13:39:27] IELM.cv7: Hidden size: 49 	 
Training MSE: 0.08801652 	 Validating MSE: 0.07782704 	 Best VMSE: 0.06948152
[2020-10-23 13:39:27] IELM.cv7: Checkpoint saved to experiments/normal/ar1/IELM_ar1_h3
[2020-10-23 13:39:27] IELM.cv7: Hidden size: 50 	 
Training MSE: 0.08777254 	 Validating MSE: 0.06759576 	 Best VMSE: 0.06948152
[2020-10-23 13:39:27] IELM.cv7: Found new best state
[2020-10-23 13:39:27] IELM.cv7: Best vmse: 0.0676
[2020-10-23 13:39:27] IELM.cv7: Checkpoint saved to experiments/normal/ar1/IELM_ar1_h3
[2020-10-23 13:39:27] IELM.cv7: Hidden size: 51 	 
Training MSE: 0.08774468 	 Validating MSE: 0.06905366 	 Best VMSE: 0.06759576
[2020-10-23 13:39:27] IELM.cv7: Checkpoint saved to experiments/normal/ar1/IELM_ar1_h3
[2020-10-23 13:39:27] IELM.cv7: Hidden size: 52 	 
Training MSE: 0.08766533 	 Validating MSE: 0.06815995 	 Best VMSE: 0.06759576
[2020-10-23 13:39:27] IELM.cv7: Checkpoint saved to experiments/normal/ar1/IELM_ar1_h3
[2020-10-23 13:39:27] IELM.cv7: Hidden size: 53 	 
Training MSE: 0.08765494 	 Validating MSE: 0.06861502 	 Best VMSE: 0.06759576
[2020-10-23 13:39:27] IELM.cv7: Checkpoint saved to experiments/normal/ar1/IELM_ar1_h3
[2020-10-23 13:39:27] IELM.cv7: Hidden size: 54 	 
Training MSE: 0.08759475 	 Validating MSE: 0.06728843 	 Best VMSE: 0.06759576
[2020-10-23 13:39:27] IELM.cv7: Found new best state
[2020-10-23 13:39:27] IELM.cv7: Best vmse: 0.0673
[2020-10-23 13:39:27] IELM.cv7: Checkpoint saved to experiments/normal/ar1/IELM_ar1_h3
[2020-10-23 13:39:27] IELM.cv7: Hidden size: 55 	 
Training MSE: 0.08759341 	 Validating MSE: 0.06715221 	 Best VMSE: 0.06728843
[2020-10-23 13:39:27] IELM.cv7: Found new best state
[2020-10-23 13:39:27] IELM.cv7: Best vmse: 0.0672
[2020-10-23 13:39:27] IELM.cv7: Checkpoint saved to experiments/normal/ar1/IELM_ar1_h3
[2020-10-23 13:39:27] IELM.cv7: Hidden size: 56 	 
Training MSE: 0.08759288 	 Validating MSE: 0.06725570 	 Best VMSE: 0.06715221
[2020-10-23 13:39:27] IELM.cv7: Checkpoint saved to experiments/normal/ar1/IELM_ar1_h3
[2020-10-23 13:39:27] IELM.cv7: Hidden size: 57 	 
Training MSE: 0.08739468 	 Validating MSE: 0.06163398 	 Best VMSE: 0.06715221
[2020-10-23 13:39:27] IELM.cv7: Found new best state
[2020-10-23 13:39:27] IELM.cv7: Best vmse: 0.0616
[2020-10-23 13:39:27] IELM.cv7: Checkpoint saved to experiments/normal/ar1/IELM_ar1_h3
[2020-10-23 13:39:27] IELM.cv7: Hidden size: 58 	 
Training MSE: 0.08739406 	 Validating MSE: 0.06156537 	 Best VMSE: 0.06163398
[2020-10-23 13:39:27] IELM.cv7: Found new best state
[2020-10-23 13:39:27] IELM.cv7: Best vmse: 0.0616
[2020-10-23 13:39:27] IELM.cv7: Checkpoint saved to experiments/normal/ar1/IELM_ar1_h3
[2020-10-23 13:39:27] IELM.cv7: Hidden size: 59 	 
Training MSE: 0.08731424 	 Validating MSE: 0.06297622 	 Best VMSE: 0.06156537
[2020-10-23 13:39:27] IELM.cv7: Checkpoint saved to experiments/normal/ar1/IELM_ar1_h3
[2020-10-23 13:39:28] IELM.cv7: Hidden size: 60 	 
Training MSE: 0.08693844 	 Validating MSE: 0.05565047 	 Best VMSE: 0.06156537
[2020-10-23 13:39:28] IELM.cv7: Found new best state
[2020-10-23 13:39:28] IELM.cv7: Best vmse: 0.0557
[2020-10-23 13:39:28] IELM.cv7: Checkpoint saved to experiments/normal/ar1/IELM_ar1_h3
[2020-10-23 13:39:28] IELM.cv7: Hidden size: 61 	 
Training MSE: 0.08581159 	 Validating MSE: 0.05728479 	 Best VMSE: 0.05565047
[2020-10-23 13:39:28] IELM.cv7: Checkpoint saved to experiments/normal/ar1/IELM_ar1_h3
[2020-10-23 13:39:28] IELM.cv7: Hidden size: 62 	 
Training MSE: 0.08502463 	 Validating MSE: 0.05550671 	 Best VMSE: 0.05565047
[2020-10-23 13:39:28] IELM.cv7: Found new best state
[2020-10-23 13:39:28] IELM.cv7: Best vmse: 0.0555
[2020-10-23 13:39:28] IELM.cv7: Checkpoint saved to experiments/normal/ar1/IELM_ar1_h3
[2020-10-23 13:39:28] IELM.cv7: Hidden size: 63 	 
Training MSE: 0.08454651 	 Validating MSE: 0.05695180 	 Best VMSE: 0.05550671
[2020-10-23 13:39:28] IELM.cv7: Checkpoint saved to experiments/normal/ar1/IELM_ar1_h3
[2020-10-23 13:39:28] IELM.cv7: Hidden size: 64 	 
Training MSE: 0.08454522 	 Validating MSE: 0.05669265 	 Best VMSE: 0.05550671
[2020-10-23 13:39:28] IELM.cv7: Checkpoint saved to experiments/normal/ar1/IELM_ar1_h3
[2020-10-23 13:39:28] IELM.cv7: Hidden size: 65 	 
Training MSE: 0.08446264 	 Validating MSE: 0.05468442 	 Best VMSE: 0.05550671
[2020-10-23 13:39:28] IELM.cv7: Found new best state
[2020-10-23 13:39:28] IELM.cv7: Best vmse: 0.0547
[2020-10-23 13:39:28] IELM.cv7: Checkpoint saved to experiments/normal/ar1/IELM_ar1_h3
[2020-10-23 13:39:28] IELM.cv7: Hidden size: 66 	 
Training MSE: 0.08437028 	 Validating MSE: 0.05528399 	 Best VMSE: 0.05468442
[2020-10-23 13:39:28] IELM.cv7: Checkpoint saved to experiments/normal/ar1/IELM_ar1_h3
[2020-10-23 13:39:28] IELM.cv7: Hidden size: 67 	 
Training MSE: 0.08390895 	 Validating MSE: 0.05189096 	 Best VMSE: 0.05468442
[2020-10-23 13:39:28] IELM.cv7: Found new best state
[2020-10-23 13:39:28] IELM.cv7: Best vmse: 0.0519
[2020-10-23 13:39:28] IELM.cv7: Checkpoint saved to experiments/normal/ar1/IELM_ar1_h3
[2020-10-23 13:39:28] IELM.cv7: Hidden size: 68 	 
Training MSE: 0.08377361 	 Validating MSE: 0.05223409 	 Best VMSE: 0.05189096
[2020-10-23 13:39:28] IELM.cv7: Checkpoint saved to experiments/normal/ar1/IELM_ar1_h3
[2020-10-23 13:39:28] IELM.cv7: Hidden size: 69 	 
Training MSE: 0.08367664 	 Validating MSE: 0.05184765 	 Best VMSE: 0.05189096
[2020-10-23 13:39:28] IELM.cv7: Found new best state
[2020-10-23 13:39:28] IELM.cv7: Best vmse: 0.0518
[2020-10-23 13:39:28] IELM.cv7: Checkpoint saved to experiments/normal/ar1/IELM_ar1_h3
[2020-10-23 13:39:28] IELM.cv7: Hidden size: 70 	 
Training MSE: 0.08364835 	 Validating MSE: 0.05174717 	 Best VMSE: 0.05184765
[2020-10-23 13:39:28] IELM.cv7: Found new best state
[2020-10-23 13:39:28] IELM.cv7: Best vmse: 0.0517
[2020-10-23 13:39:28] IELM.cv7: Checkpoint saved to experiments/normal/ar1/IELM_ar1_h3
[2020-10-23 13:39:28] IELM.cv7: Hidden size: 71 	 
Training MSE: 0.08256823 	 Validating MSE: 0.05529902 	 Best VMSE: 0.05174717
[2020-10-23 13:39:28] IELM.cv7: Checkpoint saved to experiments/normal/ar1/IELM_ar1_h3
[2020-10-23 13:39:28] IELM.cv7: Hidden size: 72 	 
Training MSE: 0.08249004 	 Validating MSE: 0.05488644 	 Best VMSE: 0.05174717
[2020-10-23 13:39:28] IELM.cv7: Checkpoint saved to experiments/normal/ar1/IELM_ar1_h3
[2020-10-23 13:39:28] IELM.cv7: Hidden size: 73 	 
Training MSE: 0.08245791 	 Validating MSE: 0.05422303 	 Best VMSE: 0.05174717
[2020-10-23 13:39:28] IELM.cv7: Checkpoint saved to experiments/normal/ar1/IELM_ar1_h3
[2020-10-23 13:39:28] IELM.cv7: Hidden size: 74 	 
Training MSE: 0.08244217 	 Validating MSE: 0.05459081 	 Best VMSE: 0.05174717
[2020-10-23 13:39:28] IELM.cv7: Checkpoint saved to experiments/normal/ar1/IELM_ar1_h3
[2020-10-23 13:39:28] IELM.cv7: Hidden size: 75 	 
Training MSE: 0.08225659 	 Validating MSE: 0.05309296 	 Best VMSE: 0.05174717
[2020-10-23 13:39:28] IELM.cv7: Checkpoint saved to experiments/normal/ar1/IELM_ar1_h3
[2020-10-23 13:39:28] IELM.cv7: Hidden size: 76 	 
Training MSE: 0.08170014 	 Validating MSE: 0.05904590 	 Best VMSE: 0.05174717
[2020-10-23 13:39:28] IELM.cv7: Checkpoint saved to experiments/normal/ar1/IELM_ar1_h3
[2020-10-23 13:39:28] IELM.cv7: Hidden size: 77 	 
Training MSE: 0.08151861 	 Validating MSE: 0.05766242 	 Best VMSE: 0.05174717
[2020-10-23 13:39:28] IELM.cv7: Checkpoint saved to experiments/normal/ar1/IELM_ar1_h3
[2020-10-23 13:39:28] IELM.cv7: Hidden size: 78 	 
Training MSE: 0.08151253 	 Validating MSE: 0.05728884 	 Best VMSE: 0.05174717
[2020-10-23 13:39:28] IELM.cv7: Checkpoint saved to experiments/normal/ar1/IELM_ar1_h3
[2020-10-23 13:39:28] IELM.cv7: Hidden size: 79 	 
Training MSE: 0.08150500 	 Validating MSE: 0.05615868 	 Best VMSE: 0.05174717
[2020-10-23 13:39:28] IELM.cv7: Checkpoint saved to experiments/normal/ar1/IELM_ar1_h3
[2020-10-23 13:39:28] IELM.cv7: Hidden size: 80 	 
Training MSE: 0.08135029 	 Validating MSE: 0.06035675 	 Best VMSE: 0.05174717
[2020-10-23 13:39:28] IELM.cv7: Checkpoint saved to experiments/normal/ar1/IELM_ar1_h3
[2020-10-23 13:39:28] IELM.cv7: Hidden size: 81 	 
Training MSE: 0.08131335 	 Validating MSE: 0.06202657 	 Best VMSE: 0.05174717
[2020-10-23 13:39:28] IELM.cv7: Checkpoint saved to experiments/normal/ar1/IELM_ar1_h3
[2020-10-23 13:39:28] IELM.cv7: Hidden size: 82 	 
Training MSE: 0.08129230 	 Validating MSE: 0.06111564 	 Best VMSE: 0.05174717
[2020-10-23 13:39:28] IELM.cv7: Checkpoint saved to experiments/normal/ar1/IELM_ar1_h3
[2020-10-23 13:39:28] IELM.cv7: Hidden size: 83 	 
Training MSE: 0.08128805 	 Validating MSE: 0.06052424 	 Best VMSE: 0.05174717
[2020-10-23 13:39:28] IELM.cv7: Checkpoint saved to experiments/normal/ar1/IELM_ar1_h3
[2020-10-23 13:39:28] IELM.cv7: Hidden size: 84 	 
Training MSE: 0.08070208 	 Validating MSE: 0.05390176 	 Best VMSE: 0.05174717
[2020-10-23 13:39:28] IELM.cv7: Checkpoint saved to experiments/normal/ar1/IELM_ar1_h3
[2020-10-23 13:39:28] IELM.cv7: Hidden size: 85 	 
Training MSE: 0.08052514 	 Validating MSE: 0.05488330 	 Best VMSE: 0.05174717
[2020-10-23 13:39:28] IELM.cv7: Checkpoint saved to experiments/normal/ar1/IELM_ar1_h3
[2020-10-23 13:39:28] IELM.cv7: Hidden size: 86 	 
Training MSE: 0.08032224 	 Validating MSE: 0.05749077 	 Best VMSE: 0.05174717
[2020-10-23 13:39:28] IELM.cv7: Checkpoint saved to experiments/normal/ar1/IELM_ar1_h3
[2020-10-23 13:39:28] IELM.cv7: Hidden size: 87 	 
Training MSE: 0.08006033 	 Validating MSE: 0.05193593 	 Best VMSE: 0.05174717
[2020-10-23 13:39:28] IELM.cv7: Checkpoint saved to experiments/normal/ar1/IELM_ar1_h3
[2020-10-23 13:39:28] IELM.cv7: Hidden size: 88 	 
Training MSE: 0.08004941 	 Validating MSE: 0.05218860 	 Best VMSE: 0.05174717
[2020-10-23 13:39:28] IELM.cv7: Checkpoint saved to experiments/normal/ar1/IELM_ar1_h3
[2020-10-23 13:39:28] IELM.cv7: Hidden size: 89 	 
Training MSE: 0.07930292 	 Validating MSE: 0.05407120 	 Best VMSE: 0.05174717
[2020-10-23 13:39:28] IELM.cv7: Checkpoint saved to experiments/normal/ar1/IELM_ar1_h3
[2020-10-23 13:39:28] IELM.cv7: Hidden size: 90 	 
Training MSE: 0.07754488 	 Validating MSE: 0.05163508 	 Best VMSE: 0.05174717
[2020-10-23 13:39:28] IELM.cv7: Found new best state
[2020-10-23 13:39:28] IELM.cv7: Best vmse: 0.0516
[2020-10-23 13:39:28] IELM.cv7: Checkpoint saved to experiments/normal/ar1/IELM_ar1_h3
[2020-10-23 13:39:28] IELM.cv7: Hidden size: 91 	 
Training MSE: 0.07754330 	 Validating MSE: 0.05166722 	 Best VMSE: 0.05163508
[2020-10-23 13:39:28] IELM.cv7: Checkpoint saved to experiments/normal/ar1/IELM_ar1_h3
[2020-10-23 13:39:28] IELM.cv7: Hidden size: 92 	 
Training MSE: 0.07753539 	 Validating MSE: 0.05158886 	 Best VMSE: 0.05163508
[2020-10-23 13:39:28] IELM.cv7: Found new best state
[2020-10-23 13:39:28] IELM.cv7: Best vmse: 0.0516
[2020-10-23 13:39:28] IELM.cv7: Checkpoint saved to experiments/normal/ar1/IELM_ar1_h3
[2020-10-23 13:39:28] IELM.cv7: Hidden size: 93 	 
Training MSE: 0.07752221 	 Validating MSE: 0.05151564 	 Best VMSE: 0.05158886
[2020-10-23 13:39:28] IELM.cv7: Found new best state
[2020-10-23 13:39:28] IELM.cv7: Best vmse: 0.0515
[2020-10-23 13:39:28] IELM.cv7: Checkpoint saved to experiments/normal/ar1/IELM_ar1_h3
[2020-10-23 13:39:28] IELM.cv7: Hidden size: 94 	 
Training MSE: 0.07751752 	 Validating MSE: 0.05156583 	 Best VMSE: 0.05151564
[2020-10-23 13:39:28] IELM.cv7: Checkpoint saved to experiments/normal/ar1/IELM_ar1_h3
[2020-10-23 13:39:28] IELM.cv7: Hidden size: 95 	 
Training MSE: 0.07748573 	 Validating MSE: 0.05126004 	 Best VMSE: 0.05151564
[2020-10-23 13:39:28] IELM.cv7: Found new best state
[2020-10-23 13:39:28] IELM.cv7: Best vmse: 0.0513
[2020-10-23 13:39:28] IELM.cv7: Checkpoint saved to experiments/normal/ar1/IELM_ar1_h3
[2020-10-23 13:39:28] IELM.cv7: Hidden size: 96 	 
Training MSE: 0.07738318 	 Validating MSE: 0.05123450 	 Best VMSE: 0.05126004
[2020-10-23 13:39:28] IELM.cv7: Found new best state
[2020-10-23 13:39:28] IELM.cv7: Best vmse: 0.0512
[2020-10-23 13:39:28] IELM.cv7: Checkpoint saved to experiments/normal/ar1/IELM_ar1_h3
[2020-10-23 13:39:29] IELM.cv7: Hidden size: 97 	 
Training MSE: 0.07722693 	 Validating MSE: 0.05083786 	 Best VMSE: 0.05123450
[2020-10-23 13:39:29] IELM.cv7: Found new best state
[2020-10-23 13:39:29] IELM.cv7: Best vmse: 0.0508
[2020-10-23 13:39:29] IELM.cv7: Checkpoint saved to experiments/normal/ar1/IELM_ar1_h3
[2020-10-23 13:39:29] IELM.cv7: Hidden size: 98 	 
Training MSE: 0.07711809 	 Validating MSE: 0.05075314 	 Best VMSE: 0.05083786
[2020-10-23 13:39:29] IELM.cv7: Found new best state
[2020-10-23 13:39:29] IELM.cv7: Best vmse: 0.0508
[2020-10-23 13:39:29] IELM.cv7: Checkpoint saved to experiments/normal/ar1/IELM_ar1_h3
[2020-10-23 13:39:29] IELM.cv7: Hidden size: 99 	 
Training MSE: 0.07699303 	 Validating MSE: 0.04991744 	 Best VMSE: 0.05075314
[2020-10-23 13:39:29] IELM.cv7: Found new best state
[2020-10-23 13:39:29] IELM.cv7: Best vmse: 0.0499
[2020-10-23 13:39:29] IELM.cv7: Checkpoint saved to experiments/normal/ar1/IELM_ar1_h3
[2020-10-23 13:39:29] IELM.cv7: Hidden size: 100 	 
Training MSE: 0.07698983 	 Validating MSE: 0.05010764 	 Best VMSE: 0.04991744
[2020-10-23 13:39:29] IELM.cv7: Checkpoint saved to experiments/normal/ar1/IELM_ar1_h3
[2020-10-23 13:39:29] IELM.cv7: Restoring best parameters from experiments/normal/ar1/IELM_ar1_h3/train.cv7.pth.tar
[2020-10-23 13:39:29] IELM.cv7: ar1	 H: 3	 Trail: 22 
Testing RMSE: 0.4419 	 MAPE: 0.08451 	 SMAPE: 0.04408
