[2020-10-23 13:39:48] IELM.cv11: Loading the datasets and model for 30th-batch-training
[2020-10-23 13:39:48] IELM.cv11: Argument hidden_size: 100
[2020-10-23 13:39:48] IELM.cv11: Argument candidate_size: 300
[2020-10-23 13:39:48] IELM.cv11: Argument Lambdas: [0.5, 1, 5, 15, 30, 50, 100, 150, 200]
[2020-10-23 13:39:48] IELM.cv11: Argument Lambdas_std: [0.01, 0.05, 0.1, 0.5, 1]
[2020-10-23 13:39:48] IELM.cv11: Argument r: [0.8, 0.9, 0.99, 0.9999, 0.999999]
[2020-10-23 13:39:48] IELM.cv11: Argument tolerance: 0
[2020-10-23 13:39:48] IELM.cv11: Argument device: device(type='cuda')
[2020-10-23 13:39:48] IELM.cv11: Argument dataset: 'ar1'
[2020-10-23 13:39:48] IELM.cv11: Argument H: 3
[2020-10-23 13:39:48] IELM.cv11: Argument k: 5
[2020-10-23 13:39:48] IELM.cv11: Argument test: False
[2020-10-23 13:39:48] IELM.cv11: Argument normal: True
[2020-10-23 13:39:48] IELM.cv11: Argument diff: False
[2020-10-23 13:39:48] IELM.cv11: Argument times: 60
[2020-10-23 13:39:48] IELM.cv11: Argument datasets: {'ar1': {'lag_order': 15, 'normal': True, 'cov_dim': 0, 'kernel_size': 3}, 'wti': {'lag_order': 25, 'normal': True, 'cov_dim': 0, 'kernel_size': 5}, 'gold': {'lag_order': 25, 'normal': True, 'cov_dim': 0, 'kernel_size': 5}, 'sp': {'lag_order': 25, 'normal': True, 'cov_dim': 0, 'kernel_size': 5}, 'brent': {'lag_order': 24, 'normal': True, 'cov_dim': 0, 'kernel_size': 6}, 'sili': {'lag_order': 26, 'normal': True, 'cov_dim': 0, 'kernel_size': 6}}
[2020-10-23 13:39:48] IELM.cv11: Argument steps: 15
[2020-10-23 13:39:48] IELM.cv11: Argument experiment: 'experiments/normal/ar1'
[2020-10-23 13:39:48] IELM.cv11: Argument scaler: StandardScaler()
[2020-10-23 13:39:48] IELM.cv11: Argument model_name: 'IELM_ar1_h3'
[2020-10-23 13:39:48] IELM.cv11: Argument model_dir: 'experiments/normal/ar1/IELM_ar1_h3'
[2020-10-23 13:39:48] IELM.cv11: Argument restore: True
[2020-10-23 13:39:48] IELM.cv11: Argument cv: 11
[2020-10-23 13:39:48] IELM.cv11: Argument plot_dir: 'experiments/normal/ar1/IELM_ar1_h3/figures'
[2020-10-23 13:39:48] IELM.cv11: Using Cuda...
[2020-10-23 13:39:48] IELM.cv11: Loading complete.
[2020-10-23 13:39:48] IELM.cv11: Model: 
IELM(
  (loss_fn): MSELoss()
)
[2020-10-23 13:39:48] IELM.cv11: Hidden size: 1 	 
Training MSE: 0.32024038 	 Validating MSE: 2.02921844 	 Best VMSE: 9999.00000000
[2020-10-23 13:39:48] IELM.cv11: Found new best state
[2020-10-23 13:39:48] IELM.cv11: Best vmse: 2.0292
[2020-10-23 13:39:48] IELM.cv11: Checkpoint saved to experiments/normal/ar1/IELM_ar1_h3
[2020-10-23 13:39:48] IELM.cv11: Hidden size: 2 	 
Training MSE: 0.31776336 	 Validating MSE: 1.82871962 	 Best VMSE: 2.02921844
[2020-10-23 13:39:48] IELM.cv11: Found new best state
[2020-10-23 13:39:48] IELM.cv11: Best vmse: 1.8287
[2020-10-23 13:39:48] IELM.cv11: Checkpoint saved to experiments/normal/ar1/IELM_ar1_h3
[2020-10-23 13:39:48] IELM.cv11: Hidden size: 3 	 
Training MSE: 0.31729868 	 Validating MSE: 1.73615801 	 Best VMSE: 1.82871962
[2020-10-23 13:39:48] IELM.cv11: Found new best state
[2020-10-23 13:39:48] IELM.cv11: Best vmse: 1.7362
[2020-10-23 13:39:48] IELM.cv11: Checkpoint saved to experiments/normal/ar1/IELM_ar1_h3
[2020-10-23 13:39:48] IELM.cv11: Hidden size: 4 	 
Training MSE: 0.28020415 	 Validating MSE: 1.95344734 	 Best VMSE: 1.73615801
[2020-10-23 13:39:48] IELM.cv11: Checkpoint saved to experiments/normal/ar1/IELM_ar1_h3
[2020-10-23 13:39:48] IELM.cv11: Hidden size: 5 	 
Training MSE: 0.26726705 	 Validating MSE: 1.66696191 	 Best VMSE: 1.73615801
[2020-10-23 13:39:48] IELM.cv11: Found new best state
[2020-10-23 13:39:48] IELM.cv11: Best vmse: 1.6670
[2020-10-23 13:39:48] IELM.cv11: Checkpoint saved to experiments/normal/ar1/IELM_ar1_h3
[2020-10-23 13:39:48] IELM.cv11: Hidden size: 6 	 
Training MSE: 0.25936821 	 Validating MSE: 1.73724806 	 Best VMSE: 1.66696191
[2020-10-23 13:39:48] IELM.cv11: Checkpoint saved to experiments/normal/ar1/IELM_ar1_h3
[2020-10-23 13:39:48] IELM.cv11: Hidden size: 7 	 
Training MSE: 0.25923815 	 Validating MSE: 1.75234389 	 Best VMSE: 1.66696191
[2020-10-23 13:39:48] IELM.cv11: Checkpoint saved to experiments/normal/ar1/IELM_ar1_h3
[2020-10-23 13:39:48] IELM.cv11: Hidden size: 8 	 
Training MSE: 0.22243889 	 Validating MSE: 0.80391914 	 Best VMSE: 1.66696191
[2020-10-23 13:39:48] IELM.cv11: Found new best state
[2020-10-23 13:39:48] IELM.cv11: Best vmse: 0.8039
[2020-10-23 13:39:48] IELM.cv11: Checkpoint saved to experiments/normal/ar1/IELM_ar1_h3
[2020-10-23 13:39:48] IELM.cv11: Hidden size: 9 	 
Training MSE: 0.21996374 	 Validating MSE: 0.90358520 	 Best VMSE: 0.80391914
[2020-10-23 13:39:48] IELM.cv11: Checkpoint saved to experiments/normal/ar1/IELM_ar1_h3
[2020-10-23 13:39:48] IELM.cv11: Hidden size: 10 	 
Training MSE: 0.21670917 	 Validating MSE: 0.98726648 	 Best VMSE: 0.80391914
[2020-10-23 13:39:48] IELM.cv11: Checkpoint saved to experiments/normal/ar1/IELM_ar1_h3
[2020-10-23 13:39:48] IELM.cv11: Hidden size: 11 	 
Training MSE: 0.20188358 	 Validating MSE: 0.60178894 	 Best VMSE: 0.80391914
[2020-10-23 13:39:48] IELM.cv11: Found new best state
[2020-10-23 13:39:48] IELM.cv11: Best vmse: 0.6018
[2020-10-23 13:39:48] IELM.cv11: Checkpoint saved to experiments/normal/ar1/IELM_ar1_h3
[2020-10-23 13:39:48] IELM.cv11: Hidden size: 12 	 
Training MSE: 0.20182170 	 Validating MSE: 0.57489222 	 Best VMSE: 0.60178894
[2020-10-23 13:39:48] IELM.cv11: Found new best state
[2020-10-23 13:39:48] IELM.cv11: Best vmse: 0.5749
[2020-10-23 13:39:48] IELM.cv11: Checkpoint saved to experiments/normal/ar1/IELM_ar1_h3
[2020-10-23 13:39:48] IELM.cv11: Hidden size: 13 	 
Training MSE: 0.19280235 	 Validating MSE: 0.66447216 	 Best VMSE: 0.57489222
[2020-10-23 13:39:48] IELM.cv11: Checkpoint saved to experiments/normal/ar1/IELM_ar1_h3
[2020-10-23 13:39:48] IELM.cv11: Hidden size: 14 	 
Training MSE: 0.19280131 	 Validating MSE: 0.66348994 	 Best VMSE: 0.57489222
[2020-10-23 13:39:48] IELM.cv11: Checkpoint saved to experiments/normal/ar1/IELM_ar1_h3
[2020-10-23 13:39:48] IELM.cv11: Hidden size: 15 	 
Training MSE: 0.19250646 	 Validating MSE: 0.61988324 	 Best VMSE: 0.57489222
[2020-10-23 13:39:48] IELM.cv11: Checkpoint saved to experiments/normal/ar1/IELM_ar1_h3
[2020-10-23 13:39:48] IELM.cv11: Hidden size: 16 	 
Training MSE: 0.18683355 	 Validating MSE: 0.66445339 	 Best VMSE: 0.57489222
[2020-10-23 13:39:48] IELM.cv11: Checkpoint saved to experiments/normal/ar1/IELM_ar1_h3
[2020-10-23 13:39:48] IELM.cv11: Hidden size: 17 	 
Training MSE: 0.18681799 	 Validating MSE: 0.66605341 	 Best VMSE: 0.57489222
[2020-10-23 13:39:48] IELM.cv11: Checkpoint saved to experiments/normal/ar1/IELM_ar1_h3
[2020-10-23 13:39:49] IELM.cv11: Hidden size: 18 	 
Training MSE: 0.15958998 	 Validating MSE: 0.23748136 	 Best VMSE: 0.57489222
[2020-10-23 13:39:49] IELM.cv11: Found new best state
[2020-10-23 13:39:49] IELM.cv11: Best vmse: 0.2375
[2020-10-23 13:39:49] IELM.cv11: Checkpoint saved to experiments/normal/ar1/IELM_ar1_h3
[2020-10-23 13:39:49] IELM.cv11: Hidden size: 19 	 
Training MSE: 0.15080361 	 Validating MSE: 0.28372872 	 Best VMSE: 0.23748136
[2020-10-23 13:39:49] IELM.cv11: Checkpoint saved to experiments/normal/ar1/IELM_ar1_h3
[2020-10-23 13:39:49] IELM.cv11: Hidden size: 20 	 
Training MSE: 0.14976540 	 Validating MSE: 0.24679808 	 Best VMSE: 0.23748136
[2020-10-23 13:39:49] IELM.cv11: Checkpoint saved to experiments/normal/ar1/IELM_ar1_h3
[2020-10-23 13:39:49] IELM.cv11: Hidden size: 21 	 
Training MSE: 0.14702149 	 Validating MSE: 0.28516960 	 Best VMSE: 0.23748136
[2020-10-23 13:39:49] IELM.cv11: Checkpoint saved to experiments/normal/ar1/IELM_ar1_h3
[2020-10-23 13:39:49] IELM.cv11: Hidden size: 22 	 
Training MSE: 0.13454367 	 Validating MSE: 0.10055967 	 Best VMSE: 0.23748136
[2020-10-23 13:39:49] IELM.cv11: Found new best state
[2020-10-23 13:39:49] IELM.cv11: Best vmse: 0.1006
[2020-10-23 13:39:49] IELM.cv11: Checkpoint saved to experiments/normal/ar1/IELM_ar1_h3
[2020-10-23 13:39:49] IELM.cv11: Hidden size: 23 	 
Training MSE: 0.13340589 	 Validating MSE: 0.10892507 	 Best VMSE: 0.10055967
[2020-10-23 13:39:49] IELM.cv11: Checkpoint saved to experiments/normal/ar1/IELM_ar1_h3
[2020-10-23 13:39:49] IELM.cv11: Hidden size: 24 	 
Training MSE: 0.13223515 	 Validating MSE: 0.12935916 	 Best VMSE: 0.10055967
[2020-10-23 13:39:49] IELM.cv11: Checkpoint saved to experiments/normal/ar1/IELM_ar1_h3
[2020-10-23 13:39:49] IELM.cv11: Hidden size: 25 	 
Training MSE: 0.13140729 	 Validating MSE: 0.11347230 	 Best VMSE: 0.10055967
[2020-10-23 13:39:49] IELM.cv11: Checkpoint saved to experiments/normal/ar1/IELM_ar1_h3
[2020-10-23 13:39:49] IELM.cv11: Hidden size: 26 	 
Training MSE: 0.13140118 	 Validating MSE: 0.11137548 	 Best VMSE: 0.10055967
[2020-10-23 13:39:49] IELM.cv11: Checkpoint saved to experiments/normal/ar1/IELM_ar1_h3
[2020-10-23 13:39:49] IELM.cv11: Hidden size: 27 	 
Training MSE: 0.13099374 	 Validating MSE: 0.09377656 	 Best VMSE: 0.10055967
[2020-10-23 13:39:49] IELM.cv11: Found new best state
[2020-10-23 13:39:49] IELM.cv11: Best vmse: 0.0938
[2020-10-23 13:39:49] IELM.cv11: Checkpoint saved to experiments/normal/ar1/IELM_ar1_h3
[2020-10-23 13:39:49] IELM.cv11: Hidden size: 28 	 
Training MSE: 0.12869833 	 Validating MSE: 0.10585243 	 Best VMSE: 0.09377656
[2020-10-23 13:39:49] IELM.cv11: Checkpoint saved to experiments/normal/ar1/IELM_ar1_h3
[2020-10-23 13:39:49] IELM.cv11: Hidden size: 29 	 
Training MSE: 0.12862541 	 Validating MSE: 0.10787650 	 Best VMSE: 0.09377656
[2020-10-23 13:39:49] IELM.cv11: Checkpoint saved to experiments/normal/ar1/IELM_ar1_h3
[2020-10-23 13:39:49] IELM.cv11: Hidden size: 30 	 
Training MSE: 0.12862520 	 Validating MSE: 0.10792941 	 Best VMSE: 0.09377656
[2020-10-23 13:39:49] IELM.cv11: Checkpoint saved to experiments/normal/ar1/IELM_ar1_h3
[2020-10-23 13:39:49] IELM.cv11: Hidden size: 31 	 
Training MSE: 0.12860589 	 Validating MSE: 0.10678805 	 Best VMSE: 0.09377656
[2020-10-23 13:39:49] IELM.cv11: Checkpoint saved to experiments/normal/ar1/IELM_ar1_h3
[2020-10-23 13:39:49] IELM.cv11: Hidden size: 32 	 
Training MSE: 0.12859638 	 Validating MSE: 0.10578515 	 Best VMSE: 0.09377656
[2020-10-23 13:39:49] IELM.cv11: Checkpoint saved to experiments/normal/ar1/IELM_ar1_h3
[2020-10-23 13:39:49] IELM.cv11: Hidden size: 33 	 
Training MSE: 0.12846377 	 Validating MSE: 0.10281390 	 Best VMSE: 0.09377656
[2020-10-23 13:39:49] IELM.cv11: Checkpoint saved to experiments/normal/ar1/IELM_ar1_h3
[2020-10-23 13:39:49] IELM.cv11: Hidden size: 34 	 
Training MSE: 0.12844463 	 Validating MSE: 0.10373190 	 Best VMSE: 0.09377656
[2020-10-23 13:39:49] IELM.cv11: Checkpoint saved to experiments/normal/ar1/IELM_ar1_h3
[2020-10-23 13:39:49] IELM.cv11: Hidden size: 35 	 
Training MSE: 0.12837887 	 Validating MSE: 0.10480742 	 Best VMSE: 0.09377656
[2020-10-23 13:39:49] IELM.cv11: Checkpoint saved to experiments/normal/ar1/IELM_ar1_h3
[2020-10-23 13:39:49] IELM.cv11: Hidden size: 36 	 
Training MSE: 0.12837315 	 Validating MSE: 0.10536338 	 Best VMSE: 0.09377656
[2020-10-23 13:39:49] IELM.cv11: Checkpoint saved to experiments/normal/ar1/IELM_ar1_h3
[2020-10-23 13:39:49] IELM.cv11: Hidden size: 37 	 
Training MSE: 0.12811868 	 Validating MSE: 0.09773771 	 Best VMSE: 0.09377656
[2020-10-23 13:39:49] IELM.cv11: Checkpoint saved to experiments/normal/ar1/IELM_ar1_h3
[2020-10-23 13:39:49] IELM.cv11: Hidden size: 38 	 
Training MSE: 0.12742563 	 Validating MSE: 0.10202341 	 Best VMSE: 0.09377656
[2020-10-23 13:39:49] IELM.cv11: Checkpoint saved to experiments/normal/ar1/IELM_ar1_h3
[2020-10-23 13:39:49] IELM.cv11: Hidden size: 39 	 
Training MSE: 0.12612870 	 Validating MSE: 0.08799058 	 Best VMSE: 0.09377656
[2020-10-23 13:39:49] IELM.cv11: Found new best state
[2020-10-23 13:39:49] IELM.cv11: Best vmse: 0.0880
[2020-10-23 13:39:49] IELM.cv11: Checkpoint saved to experiments/normal/ar1/IELM_ar1_h3
[2020-10-23 13:39:49] IELM.cv11: Hidden size: 40 	 
Training MSE: 0.12554936 	 Validating MSE: 0.09013528 	 Best VMSE: 0.08799058
[2020-10-23 13:39:49] IELM.cv11: Checkpoint saved to experiments/normal/ar1/IELM_ar1_h3
[2020-10-23 13:39:49] IELM.cv11: Hidden size: 41 	 
Training MSE: 0.12547638 	 Validating MSE: 0.08700036 	 Best VMSE: 0.08799058
[2020-10-23 13:39:49] IELM.cv11: Found new best state
[2020-10-23 13:39:49] IELM.cv11: Best vmse: 0.0870
[2020-10-23 13:39:49] IELM.cv11: Checkpoint saved to experiments/normal/ar1/IELM_ar1_h3
[2020-10-23 13:39:49] IELM.cv11: Hidden size: 42 	 
Training MSE: 0.12546444 	 Validating MSE: 0.08795574 	 Best VMSE: 0.08700036
[2020-10-23 13:39:49] IELM.cv11: Checkpoint saved to experiments/normal/ar1/IELM_ar1_h3
[2020-10-23 13:39:49] IELM.cv11: Hidden size: 43 	 
Training MSE: 0.12368175 	 Validating MSE: 0.09023794 	 Best VMSE: 0.08700036
[2020-10-23 13:39:49] IELM.cv11: Checkpoint saved to experiments/normal/ar1/IELM_ar1_h3
[2020-10-23 13:39:49] IELM.cv11: Hidden size: 44 	 
Training MSE: 0.11870365 	 Validating MSE: 0.07618599 	 Best VMSE: 0.08700036
[2020-10-23 13:39:49] IELM.cv11: Found new best state
[2020-10-23 13:39:49] IELM.cv11: Best vmse: 0.0762
[2020-10-23 13:39:49] IELM.cv11: Checkpoint saved to experiments/normal/ar1/IELM_ar1_h3
[2020-10-23 13:39:49] IELM.cv11: Hidden size: 45 	 
Training MSE: 0.11696035 	 Validating MSE: 0.07295401 	 Best VMSE: 0.07618599
[2020-10-23 13:39:49] IELM.cv11: Found new best state
[2020-10-23 13:39:49] IELM.cv11: Best vmse: 0.0730
[2020-10-23 13:39:49] IELM.cv11: Checkpoint saved to experiments/normal/ar1/IELM_ar1_h3
[2020-10-23 13:39:49] IELM.cv11: Hidden size: 46 	 
Training MSE: 0.11623158 	 Validating MSE: 0.07310980 	 Best VMSE: 0.07295401
[2020-10-23 13:39:49] IELM.cv11: Checkpoint saved to experiments/normal/ar1/IELM_ar1_h3
[2020-10-23 13:39:49] IELM.cv11: Hidden size: 47 	 
Training MSE: 0.11619851 	 Validating MSE: 0.07281446 	 Best VMSE: 0.07295401
[2020-10-23 13:39:49] IELM.cv11: Found new best state
[2020-10-23 13:39:49] IELM.cv11: Best vmse: 0.0728
[2020-10-23 13:39:49] IELM.cv11: Checkpoint saved to experiments/normal/ar1/IELM_ar1_h3
[2020-10-23 13:39:49] IELM.cv11: Hidden size: 48 	 
Training MSE: 0.11596950 	 Validating MSE: 0.07250570 	 Best VMSE: 0.07281446
[2020-10-23 13:39:49] IELM.cv11: Found new best state
[2020-10-23 13:39:49] IELM.cv11: Best vmse: 0.0725
[2020-10-23 13:39:49] IELM.cv11: Checkpoint saved to experiments/normal/ar1/IELM_ar1_h3
[2020-10-23 13:39:49] IELM.cv11: Hidden size: 49 	 
Training MSE: 0.11509073 	 Validating MSE: 0.07353379 	 Best VMSE: 0.07250570
[2020-10-23 13:39:49] IELM.cv11: Checkpoint saved to experiments/normal/ar1/IELM_ar1_h3
[2020-10-23 13:39:49] IELM.cv11: Hidden size: 50 	 
Training MSE: 0.11491442 	 Validating MSE: 0.07207315 	 Best VMSE: 0.07250570
[2020-10-23 13:39:49] IELM.cv11: Found new best state
[2020-10-23 13:39:49] IELM.cv11: Best vmse: 0.0721
[2020-10-23 13:39:49] IELM.cv11: Checkpoint saved to experiments/normal/ar1/IELM_ar1_h3
[2020-10-23 13:39:49] IELM.cv11: Hidden size: 51 	 
Training MSE: 0.11479770 	 Validating MSE: 0.07197481 	 Best VMSE: 0.07207315
[2020-10-23 13:39:49] IELM.cv11: Found new best state
[2020-10-23 13:39:49] IELM.cv11: Best vmse: 0.0720
[2020-10-23 13:39:49] IELM.cv11: Checkpoint saved to experiments/normal/ar1/IELM_ar1_h3
[2020-10-23 13:39:49] IELM.cv11: Hidden size: 52 	 
Training MSE: 0.11478705 	 Validating MSE: 0.07202048 	 Best VMSE: 0.07197481
[2020-10-23 13:39:49] IELM.cv11: Checkpoint saved to experiments/normal/ar1/IELM_ar1_h3
[2020-10-23 13:39:49] IELM.cv11: Hidden size: 53 	 
Training MSE: 0.11473417 	 Validating MSE: 0.07163690 	 Best VMSE: 0.07197481
[2020-10-23 13:39:49] IELM.cv11: Found new best state
[2020-10-23 13:39:49] IELM.cv11: Best vmse: 0.0716
[2020-10-23 13:39:49] IELM.cv11: Checkpoint saved to experiments/normal/ar1/IELM_ar1_h3
[2020-10-23 13:39:49] IELM.cv11: Hidden size: 54 	 
Training MSE: 0.11435253 	 Validating MSE: 0.07089850 	 Best VMSE: 0.07163690
[2020-10-23 13:39:49] IELM.cv11: Found new best state
[2020-10-23 13:39:49] IELM.cv11: Best vmse: 0.0709
[2020-10-23 13:39:49] IELM.cv11: Checkpoint saved to experiments/normal/ar1/IELM_ar1_h3
[2020-10-23 13:39:50] IELM.cv11: Hidden size: 55 	 
Training MSE: 0.11339480 	 Validating MSE: 0.07253056 	 Best VMSE: 0.07089850
[2020-10-23 13:39:50] IELM.cv11: Checkpoint saved to experiments/normal/ar1/IELM_ar1_h3
[2020-10-23 13:39:50] IELM.cv11: Hidden size: 56 	 
Training MSE: 0.11310542 	 Validating MSE: 0.07159857 	 Best VMSE: 0.07089850
[2020-10-23 13:39:50] IELM.cv11: Checkpoint saved to experiments/normal/ar1/IELM_ar1_h3
[2020-10-23 13:39:50] IELM.cv11: Hidden size: 57 	 
Training MSE: 0.11309505 	 Validating MSE: 0.07179112 	 Best VMSE: 0.07089850
[2020-10-23 13:39:50] IELM.cv11: Checkpoint saved to experiments/normal/ar1/IELM_ar1_h3
[2020-10-23 13:39:50] IELM.cv11: Hidden size: 58 	 
Training MSE: 0.11300633 	 Validating MSE: 0.07092737 	 Best VMSE: 0.07089850
[2020-10-23 13:39:50] IELM.cv11: Checkpoint saved to experiments/normal/ar1/IELM_ar1_h3
[2020-10-23 13:39:50] IELM.cv11: Hidden size: 59 	 
Training MSE: 0.11266042 	 Validating MSE: 0.07161333 	 Best VMSE: 0.07089850
[2020-10-23 13:39:50] IELM.cv11: Checkpoint saved to experiments/normal/ar1/IELM_ar1_h3
[2020-10-23 13:39:50] IELM.cv11: Hidden size: 60 	 
Training MSE: 0.11254080 	 Validating MSE: 0.07069972 	 Best VMSE: 0.07089850
[2020-10-23 13:39:50] IELM.cv11: Found new best state
[2020-10-23 13:39:50] IELM.cv11: Best vmse: 0.0707
[2020-10-23 13:39:50] IELM.cv11: Checkpoint saved to experiments/normal/ar1/IELM_ar1_h3
[2020-10-23 13:39:50] IELM.cv11: Hidden size: 61 	 
Training MSE: 0.11248483 	 Validating MSE: 0.07077819 	 Best VMSE: 0.07069972
[2020-10-23 13:39:50] IELM.cv11: Checkpoint saved to experiments/normal/ar1/IELM_ar1_h3
[2020-10-23 13:39:50] IELM.cv11: Hidden size: 62 	 
Training MSE: 0.11219337 	 Validating MSE: 0.07090273 	 Best VMSE: 0.07069972
[2020-10-23 13:39:50] IELM.cv11: Checkpoint saved to experiments/normal/ar1/IELM_ar1_h3
[2020-10-23 13:39:50] IELM.cv11: Hidden size: 63 	 
Training MSE: 0.11175668 	 Validating MSE: 0.07031580 	 Best VMSE: 0.07069972
[2020-10-23 13:39:50] IELM.cv11: Found new best state
[2020-10-23 13:39:50] IELM.cv11: Best vmse: 0.0703
[2020-10-23 13:39:50] IELM.cv11: Checkpoint saved to experiments/normal/ar1/IELM_ar1_h3
[2020-10-23 13:39:50] IELM.cv11: Hidden size: 64 	 
Training MSE: 0.11175598 	 Validating MSE: 0.07031398 	 Best VMSE: 0.07031580
[2020-10-23 13:39:50] IELM.cv11: Found new best state
[2020-10-23 13:39:50] IELM.cv11: Best vmse: 0.0703
[2020-10-23 13:39:50] IELM.cv11: Checkpoint saved to experiments/normal/ar1/IELM_ar1_h3
[2020-10-23 13:39:50] IELM.cv11: Hidden size: 65 	 
Training MSE: 0.11160864 	 Validating MSE: 0.07033394 	 Best VMSE: 0.07031398
[2020-10-23 13:39:50] IELM.cv11: Checkpoint saved to experiments/normal/ar1/IELM_ar1_h3
[2020-10-23 13:39:50] IELM.cv11: Hidden size: 66 	 
Training MSE: 0.10963018 	 Validating MSE: 0.07145739 	 Best VMSE: 0.07031398
[2020-10-23 13:39:50] IELM.cv11: Checkpoint saved to experiments/normal/ar1/IELM_ar1_h3
[2020-10-23 13:39:50] IELM.cv11: Hidden size: 67 	 
Training MSE: 0.10962845 	 Validating MSE: 0.07156517 	 Best VMSE: 0.07031398
[2020-10-23 13:39:50] IELM.cv11: Checkpoint saved to experiments/normal/ar1/IELM_ar1_h3
[2020-10-23 13:39:50] IELM.cv11: Hidden size: 68 	 
Training MSE: 0.10864139 	 Validating MSE: 0.07031034 	 Best VMSE: 0.07031398
[2020-10-23 13:39:50] IELM.cv11: Found new best state
[2020-10-23 13:39:50] IELM.cv11: Best vmse: 0.0703
[2020-10-23 13:39:50] IELM.cv11: Checkpoint saved to experiments/normal/ar1/IELM_ar1_h3
[2020-10-23 13:39:50] IELM.cv11: Hidden size: 69 	 
Training MSE: 0.10798348 	 Validating MSE: 0.06854299 	 Best VMSE: 0.07031034
[2020-10-23 13:39:50] IELM.cv11: Found new best state
[2020-10-23 13:39:50] IELM.cv11: Best vmse: 0.0685
[2020-10-23 13:39:50] IELM.cv11: Checkpoint saved to experiments/normal/ar1/IELM_ar1_h3
[2020-10-23 13:39:50] IELM.cv11: Hidden size: 70 	 
Training MSE: 0.10796591 	 Validating MSE: 0.06823579 	 Best VMSE: 0.06854299
[2020-10-23 13:39:50] IELM.cv11: Found new best state
[2020-10-23 13:39:50] IELM.cv11: Best vmse: 0.0682
[2020-10-23 13:39:50] IELM.cv11: Checkpoint saved to experiments/normal/ar1/IELM_ar1_h3
[2020-10-23 13:39:50] IELM.cv11: Hidden size: 71 	 
Training MSE: 0.10793117 	 Validating MSE: 0.06793997 	 Best VMSE: 0.06823579
[2020-10-23 13:39:50] IELM.cv11: Found new best state
[2020-10-23 13:39:50] IELM.cv11: Best vmse: 0.0679
[2020-10-23 13:39:50] IELM.cv11: Checkpoint saved to experiments/normal/ar1/IELM_ar1_h3
[2020-10-23 13:39:50] IELM.cv11: Hidden size: 72 	 
Training MSE: 0.10774704 	 Validating MSE: 0.06839490 	 Best VMSE: 0.06793997
[2020-10-23 13:39:50] IELM.cv11: Checkpoint saved to experiments/normal/ar1/IELM_ar1_h3
[2020-10-23 13:39:50] IELM.cv11: Hidden size: 73 	 
Training MSE: 0.10700495 	 Validating MSE: 0.06859046 	 Best VMSE: 0.06793997
[2020-10-23 13:39:50] IELM.cv11: Checkpoint saved to experiments/normal/ar1/IELM_ar1_h3
[2020-10-23 13:39:50] IELM.cv11: Hidden size: 74 	 
Training MSE: 0.10540636 	 Validating MSE: 0.06635037 	 Best VMSE: 0.06793997
[2020-10-23 13:39:50] IELM.cv11: Found new best state
[2020-10-23 13:39:50] IELM.cv11: Best vmse: 0.0664
[2020-10-23 13:39:50] IELM.cv11: Checkpoint saved to experiments/normal/ar1/IELM_ar1_h3
[2020-10-23 13:39:50] IELM.cv11: Hidden size: 75 	 
Training MSE: 0.10451090 	 Validating MSE: 0.06708666 	 Best VMSE: 0.06635037
[2020-10-23 13:39:50] IELM.cv11: Checkpoint saved to experiments/normal/ar1/IELM_ar1_h3
[2020-10-23 13:39:50] IELM.cv11: Hidden size: 76 	 
Training MSE: 0.10435396 	 Validating MSE: 0.06669429 	 Best VMSE: 0.06635037
[2020-10-23 13:39:50] IELM.cv11: Checkpoint saved to experiments/normal/ar1/IELM_ar1_h3
[2020-10-23 13:39:50] IELM.cv11: Hidden size: 77 	 
Training MSE: 0.10338805 	 Validating MSE: 0.06677100 	 Best VMSE: 0.06635037
[2020-10-23 13:39:50] IELM.cv11: Checkpoint saved to experiments/normal/ar1/IELM_ar1_h3
[2020-10-23 13:39:50] IELM.cv11: Hidden size: 78 	 
Training MSE: 0.10284347 	 Validating MSE: 0.06534604 	 Best VMSE: 0.06635037
[2020-10-23 13:39:50] IELM.cv11: Found new best state
[2020-10-23 13:39:50] IELM.cv11: Best vmse: 0.0653
[2020-10-23 13:39:50] IELM.cv11: Checkpoint saved to experiments/normal/ar1/IELM_ar1_h3
[2020-10-23 13:39:50] IELM.cv11: Hidden size: 79 	 
Training MSE: 0.10284331 	 Validating MSE: 0.06535388 	 Best VMSE: 0.06534604
[2020-10-23 13:39:50] IELM.cv11: Checkpoint saved to experiments/normal/ar1/IELM_ar1_h3
[2020-10-23 13:39:50] IELM.cv11: Hidden size: 80 	 
Training MSE: 0.10244161 	 Validating MSE: 0.06562594 	 Best VMSE: 0.06534604
[2020-10-23 13:39:50] IELM.cv11: Checkpoint saved to experiments/normal/ar1/IELM_ar1_h3
[2020-10-23 13:39:50] IELM.cv11: Hidden size: 81 	 
Training MSE: 0.10230162 	 Validating MSE: 0.06540976 	 Best VMSE: 0.06534604
[2020-10-23 13:39:50] IELM.cv11: Checkpoint saved to experiments/normal/ar1/IELM_ar1_h3
[2020-10-23 13:39:50] IELM.cv11: Hidden size: 82 	 
Training MSE: 0.10229163 	 Validating MSE: 0.06542525 	 Best VMSE: 0.06534604
[2020-10-23 13:39:50] IELM.cv11: Checkpoint saved to experiments/normal/ar1/IELM_ar1_h3
[2020-10-23 13:39:50] IELM.cv11: Hidden size: 83 	 
Training MSE: 0.10205854 	 Validating MSE: 0.06848224 	 Best VMSE: 0.06534604
[2020-10-23 13:39:50] IELM.cv11: Checkpoint saved to experiments/normal/ar1/IELM_ar1_h3
[2020-10-23 13:39:50] IELM.cv11: Hidden size: 84 	 
Training MSE: 0.10170717 	 Validating MSE: 0.06612547 	 Best VMSE: 0.06534604
[2020-10-23 13:39:50] IELM.cv11: Checkpoint saved to experiments/normal/ar1/IELM_ar1_h3
[2020-10-23 13:39:50] IELM.cv11: Hidden size: 85 	 
Training MSE: 0.10147396 	 Validating MSE: 0.06533220 	 Best VMSE: 0.06534604
[2020-10-23 13:39:50] IELM.cv11: Found new best state
[2020-10-23 13:39:50] IELM.cv11: Best vmse: 0.0653
[2020-10-23 13:39:50] IELM.cv11: Checkpoint saved to experiments/normal/ar1/IELM_ar1_h3
[2020-10-23 13:39:50] IELM.cv11: Hidden size: 86 	 
Training MSE: 0.10147385 	 Validating MSE: 0.06530892 	 Best VMSE: 0.06533220
[2020-10-23 13:39:50] IELM.cv11: Found new best state
[2020-10-23 13:39:50] IELM.cv11: Best vmse: 0.0653
[2020-10-23 13:39:50] IELM.cv11: Checkpoint saved to experiments/normal/ar1/IELM_ar1_h3
[2020-10-23 13:39:50] IELM.cv11: Hidden size: 87 	 
Training MSE: 0.10076012 	 Validating MSE: 0.06636492 	 Best VMSE: 0.06530892
[2020-10-23 13:39:50] IELM.cv11: Checkpoint saved to experiments/normal/ar1/IELM_ar1_h3
[2020-10-23 13:39:50] IELM.cv11: Hidden size: 88 	 
Training MSE: 0.10066146 	 Validating MSE: 0.06531775 	 Best VMSE: 0.06530892
[2020-10-23 13:39:50] IELM.cv11: Checkpoint saved to experiments/normal/ar1/IELM_ar1_h3
[2020-10-23 13:39:50] IELM.cv11: Hidden size: 89 	 
Training MSE: 0.10066125 	 Validating MSE: 0.06532151 	 Best VMSE: 0.06530892
[2020-10-23 13:39:50] IELM.cv11: Checkpoint saved to experiments/normal/ar1/IELM_ar1_h3
[2020-10-23 13:39:50] IELM.cv11: Hidden size: 90 	 
Training MSE: 0.10064095 	 Validating MSE: 0.06518985 	 Best VMSE: 0.06530892
[2020-10-23 13:39:50] IELM.cv11: Found new best state
[2020-10-23 13:39:50] IELM.cv11: Best vmse: 0.0652
[2020-10-23 13:39:50] IELM.cv11: Checkpoint saved to experiments/normal/ar1/IELM_ar1_h3
[2020-10-23 13:39:51] IELM.cv11: Hidden size: 91 	 
Training MSE: 0.10053877 	 Validating MSE: 0.06438932 	 Best VMSE: 0.06518985
[2020-10-23 13:39:51] IELM.cv11: Found new best state
[2020-10-23 13:39:51] IELM.cv11: Best vmse: 0.0644
[2020-10-23 13:39:51] IELM.cv11: Checkpoint saved to experiments/normal/ar1/IELM_ar1_h3
[2020-10-23 13:39:51] IELM.cv11: Hidden size: 92 	 
Training MSE: 0.09960495 	 Validating MSE: 0.06353667 	 Best VMSE: 0.06438932
[2020-10-23 13:39:51] IELM.cv11: Found new best state
[2020-10-23 13:39:51] IELM.cv11: Best vmse: 0.0635
[2020-10-23 13:39:51] IELM.cv11: Checkpoint saved to experiments/normal/ar1/IELM_ar1_h3
[2020-10-23 13:39:51] IELM.cv11: Hidden size: 93 	 
Training MSE: 0.09684741 	 Validating MSE: 0.06404617 	 Best VMSE: 0.06353667
[2020-10-23 13:39:51] IELM.cv11: Checkpoint saved to experiments/normal/ar1/IELM_ar1_h3
[2020-10-23 13:39:51] IELM.cv11: Hidden size: 94 	 
Training MSE: 0.09676077 	 Validating MSE: 0.06349937 	 Best VMSE: 0.06353667
[2020-10-23 13:39:51] IELM.cv11: Found new best state
[2020-10-23 13:39:51] IELM.cv11: Best vmse: 0.0635
[2020-10-23 13:39:51] IELM.cv11: Checkpoint saved to experiments/normal/ar1/IELM_ar1_h3
[2020-10-23 13:39:51] IELM.cv11: Hidden size: 95 	 
Training MSE: 0.09674993 	 Validating MSE: 0.06360368 	 Best VMSE: 0.06349937
[2020-10-23 13:39:51] IELM.cv11: Checkpoint saved to experiments/normal/ar1/IELM_ar1_h3
[2020-10-23 13:39:51] IELM.cv11: Hidden size: 96 	 
Training MSE: 0.09631659 	 Validating MSE: 0.06224989 	 Best VMSE: 0.06349937
[2020-10-23 13:39:51] IELM.cv11: Found new best state
[2020-10-23 13:39:51] IELM.cv11: Best vmse: 0.0622
[2020-10-23 13:39:51] IELM.cv11: Checkpoint saved to experiments/normal/ar1/IELM_ar1_h3
[2020-10-23 13:39:51] IELM.cv11: Hidden size: 97 	 
Training MSE: 0.09625898 	 Validating MSE: 0.06353117 	 Best VMSE: 0.06224989
[2020-10-23 13:39:51] IELM.cv11: Checkpoint saved to experiments/normal/ar1/IELM_ar1_h3
[2020-10-23 13:39:51] IELM.cv11: Hidden size: 98 	 
Training MSE: 0.09625217 	 Validating MSE: 0.06344344 	 Best VMSE: 0.06224989
[2020-10-23 13:39:51] IELM.cv11: Checkpoint saved to experiments/normal/ar1/IELM_ar1_h3
[2020-10-23 13:39:51] IELM.cv11: Hidden size: 99 	 
Training MSE: 0.09624575 	 Validating MSE: 0.06319068 	 Best VMSE: 0.06224989
[2020-10-23 13:39:51] IELM.cv11: Checkpoint saved to experiments/normal/ar1/IELM_ar1_h3
[2020-10-23 13:39:51] IELM.cv11: Hidden size: 100 	 
Training MSE: 0.09525944 	 Validating MSE: 0.07094724 	 Best VMSE: 0.06224989
[2020-10-23 13:39:51] IELM.cv11: Checkpoint saved to experiments/normal/ar1/IELM_ar1_h3
[2020-10-23 13:39:51] IELM.cv11: Restoring best parameters from experiments/normal/ar1/IELM_ar1_h3/train.cv11.pth.tar
[2020-10-23 13:39:51] IELM.cv11: ar1	 H: 3	 Trail: 30 
Testing RMSE: 0.5975 	 MAPE: 0.1083 	 SMAPE: 0.05843
