[2020-10-23 13:39:34] IELM.cv9: Loading the datasets and model for 25th-batch-training
[2020-10-23 13:39:34] IELM.cv9: Argument hidden_size: 100
[2020-10-23 13:39:34] IELM.cv9: Argument candidate_size: 300
[2020-10-23 13:39:34] IELM.cv9: Argument Lambdas: [0.5, 1, 5, 15, 30, 50, 100, 150, 200]
[2020-10-23 13:39:34] IELM.cv9: Argument Lambdas_std: [0.01, 0.05, 0.1, 0.5, 1]
[2020-10-23 13:39:34] IELM.cv9: Argument r: [0.8, 0.9, 0.99, 0.9999, 0.999999]
[2020-10-23 13:39:34] IELM.cv9: Argument tolerance: 0
[2020-10-23 13:39:34] IELM.cv9: Argument device: device(type='cuda')
[2020-10-23 13:39:34] IELM.cv9: Argument dataset: 'ar1'
[2020-10-23 13:39:34] IELM.cv9: Argument H: 3
[2020-10-23 13:39:34] IELM.cv9: Argument k: 5
[2020-10-23 13:39:34] IELM.cv9: Argument test: False
[2020-10-23 13:39:34] IELM.cv9: Argument normal: True
[2020-10-23 13:39:34] IELM.cv9: Argument diff: False
[2020-10-23 13:39:34] IELM.cv9: Argument times: 60
[2020-10-23 13:39:34] IELM.cv9: Argument datasets: {'ar1': {'lag_order': 15, 'normal': True, 'cov_dim': 0, 'kernel_size': 3}, 'wti': {'lag_order': 25, 'normal': True, 'cov_dim': 0, 'kernel_size': 5}, 'gold': {'lag_order': 25, 'normal': True, 'cov_dim': 0, 'kernel_size': 5}, 'sp': {'lag_order': 25, 'normal': True, 'cov_dim': 0, 'kernel_size': 5}, 'brent': {'lag_order': 24, 'normal': True, 'cov_dim': 0, 'kernel_size': 6}, 'sili': {'lag_order': 26, 'normal': True, 'cov_dim': 0, 'kernel_size': 6}}
[2020-10-23 13:39:34] IELM.cv9: Argument steps: 15
[2020-10-23 13:39:34] IELM.cv9: Argument experiment: 'experiments/normal/ar1'
[2020-10-23 13:39:34] IELM.cv9: Argument scaler: StandardScaler()
[2020-10-23 13:39:34] IELM.cv9: Argument model_name: 'IELM_ar1_h3'
[2020-10-23 13:39:34] IELM.cv9: Argument model_dir: 'experiments/normal/ar1/IELM_ar1_h3'
[2020-10-23 13:39:34] IELM.cv9: Argument restore: True
[2020-10-23 13:39:34] IELM.cv9: Argument cv: 9
[2020-10-23 13:39:34] IELM.cv9: Argument plot_dir: 'experiments/normal/ar1/IELM_ar1_h3/figures'
[2020-10-23 13:39:34] IELM.cv9: Using Cuda...
[2020-10-23 13:39:34] IELM.cv9: Loading complete.
[2020-10-23 13:39:34] IELM.cv9: Model: 
IELM(
  (loss_fn): MSELoss()
)
[2020-10-23 13:39:34] IELM.cv9: Hidden size: 1 	 
Training MSE: 0.24671368 	 Validating MSE: 1.48747289 	 Best VMSE: 9999.00000000
[2020-10-23 13:39:34] IELM.cv9: Found new best state
[2020-10-23 13:39:34] IELM.cv9: Best vmse: 1.4875
[2020-10-23 13:39:34] IELM.cv9: Checkpoint saved to experiments/normal/ar1/IELM_ar1_h3
[2020-10-23 13:39:34] IELM.cv9: Hidden size: 2 	 
Training MSE: 0.24637078 	 Validating MSE: 1.50746059 	 Best VMSE: 1.48747289
[2020-10-23 13:39:34] IELM.cv9: Checkpoint saved to experiments/normal/ar1/IELM_ar1_h3
[2020-10-23 13:39:34] IELM.cv9: Hidden size: 3 	 
Training MSE: 0.23815072 	 Validating MSE: 1.19500172 	 Best VMSE: 1.48747289
[2020-10-23 13:39:34] IELM.cv9: Found new best state
[2020-10-23 13:39:34] IELM.cv9: Best vmse: 1.1950
[2020-10-23 13:39:34] IELM.cv9: Checkpoint saved to experiments/normal/ar1/IELM_ar1_h3
[2020-10-23 13:39:34] IELM.cv9: Hidden size: 4 	 
Training MSE: 0.23201384 	 Validating MSE: 1.27083254 	 Best VMSE: 1.19500172
[2020-10-23 13:39:34] IELM.cv9: Checkpoint saved to experiments/normal/ar1/IELM_ar1_h3
[2020-10-23 13:39:34] IELM.cv9: Hidden size: 5 	 
Training MSE: 0.23201279 	 Validating MSE: 1.27030146 	 Best VMSE: 1.19500172
[2020-10-23 13:39:34] IELM.cv9: Checkpoint saved to experiments/normal/ar1/IELM_ar1_h3
[2020-10-23 13:39:34] IELM.cv9: Hidden size: 6 	 
Training MSE: 0.23198688 	 Validating MSE: 1.26377475 	 Best VMSE: 1.19500172
[2020-10-23 13:39:34] IELM.cv9: Checkpoint saved to experiments/normal/ar1/IELM_ar1_h3
[2020-10-23 13:39:34] IELM.cv9: Hidden size: 7 	 
Training MSE: 0.23197979 	 Validating MSE: 1.26670825 	 Best VMSE: 1.19500172
[2020-10-23 13:39:34] IELM.cv9: Checkpoint saved to experiments/normal/ar1/IELM_ar1_h3
[2020-10-23 13:39:34] IELM.cv9: Hidden size: 8 	 
Training MSE: 0.23185402 	 Validating MSE: 1.24837875 	 Best VMSE: 1.19500172
[2020-10-23 13:39:34] IELM.cv9: Checkpoint saved to experiments/normal/ar1/IELM_ar1_h3
[2020-10-23 13:39:34] IELM.cv9: Hidden size: 9 	 
Training MSE: 0.22560176 	 Validating MSE: 1.05592728 	 Best VMSE: 1.19500172
[2020-10-23 13:39:34] IELM.cv9: Found new best state
[2020-10-23 13:39:34] IELM.cv9: Best vmse: 1.0559
[2020-10-23 13:39:34] IELM.cv9: Checkpoint saved to experiments/normal/ar1/IELM_ar1_h3
[2020-10-23 13:39:34] IELM.cv9: Hidden size: 10 	 
Training MSE: 0.21787697 	 Validating MSE: 1.13422036 	 Best VMSE: 1.05592728
[2020-10-23 13:39:34] IELM.cv9: Checkpoint saved to experiments/normal/ar1/IELM_ar1_h3
[2020-10-23 13:39:34] IELM.cv9: Hidden size: 11 	 
Training MSE: 0.21698169 	 Validating MSE: 1.15184116 	 Best VMSE: 1.05592728
[2020-10-23 13:39:34] IELM.cv9: Checkpoint saved to experiments/normal/ar1/IELM_ar1_h3
[2020-10-23 13:39:35] IELM.cv9: Hidden size: 12 	 
Training MSE: 0.19268583 	 Validating MSE: 0.70045286 	 Best VMSE: 1.05592728
[2020-10-23 13:39:35] IELM.cv9: Found new best state
[2020-10-23 13:39:35] IELM.cv9: Best vmse: 0.7005
[2020-10-23 13:39:35] IELM.cv9: Checkpoint saved to experiments/normal/ar1/IELM_ar1_h3
[2020-10-23 13:39:35] IELM.cv9: Hidden size: 13 	 
Training MSE: 0.17061348 	 Validating MSE: 0.76882833 	 Best VMSE: 0.70045286
[2020-10-23 13:39:35] IELM.cv9: Checkpoint saved to experiments/normal/ar1/IELM_ar1_h3
[2020-10-23 13:39:35] IELM.cv9: Hidden size: 14 	 
Training MSE: 0.17035466 	 Validating MSE: 0.76054662 	 Best VMSE: 0.70045286
[2020-10-23 13:39:35] IELM.cv9: Checkpoint saved to experiments/normal/ar1/IELM_ar1_h3
[2020-10-23 13:39:35] IELM.cv9: Hidden size: 15 	 
Training MSE: 0.16836476 	 Validating MSE: 0.68623149 	 Best VMSE: 0.70045286
[2020-10-23 13:39:35] IELM.cv9: Found new best state
[2020-10-23 13:39:35] IELM.cv9: Best vmse: 0.6862
[2020-10-23 13:39:35] IELM.cv9: Checkpoint saved to experiments/normal/ar1/IELM_ar1_h3
[2020-10-23 13:39:35] IELM.cv9: Hidden size: 16 	 
Training MSE: 0.16819738 	 Validating MSE: 0.65964901 	 Best VMSE: 0.68623149
[2020-10-23 13:39:35] IELM.cv9: Found new best state
[2020-10-23 13:39:35] IELM.cv9: Best vmse: 0.6596
[2020-10-23 13:39:35] IELM.cv9: Checkpoint saved to experiments/normal/ar1/IELM_ar1_h3
[2020-10-23 13:39:35] IELM.cv9: Hidden size: 17 	 
Training MSE: 0.16767660 	 Validating MSE: 0.68349743 	 Best VMSE: 0.65964901
[2020-10-23 13:39:35] IELM.cv9: Checkpoint saved to experiments/normal/ar1/IELM_ar1_h3
[2020-10-23 13:39:35] IELM.cv9: Hidden size: 18 	 
Training MSE: 0.16741425 	 Validating MSE: 0.64967334 	 Best VMSE: 0.65964901
[2020-10-23 13:39:35] IELM.cv9: Found new best state
[2020-10-23 13:39:35] IELM.cv9: Best vmse: 0.6497
[2020-10-23 13:39:35] IELM.cv9: Checkpoint saved to experiments/normal/ar1/IELM_ar1_h3
[2020-10-23 13:39:35] IELM.cv9: Hidden size: 19 	 
Training MSE: 0.16688709 	 Validating MSE: 0.68937516 	 Best VMSE: 0.64967334
[2020-10-23 13:39:35] IELM.cv9: Checkpoint saved to experiments/normal/ar1/IELM_ar1_h3
[2020-10-23 13:39:35] IELM.cv9: Hidden size: 20 	 
Training MSE: 0.16533732 	 Validating MSE: 0.59345686 	 Best VMSE: 0.64967334
[2020-10-23 13:39:35] IELM.cv9: Found new best state
[2020-10-23 13:39:35] IELM.cv9: Best vmse: 0.5935
[2020-10-23 13:39:35] IELM.cv9: Checkpoint saved to experiments/normal/ar1/IELM_ar1_h3
[2020-10-23 13:39:35] IELM.cv9: Hidden size: 21 	 
Training MSE: 0.16348305 	 Validating MSE: 0.45803434 	 Best VMSE: 0.59345686
[2020-10-23 13:39:35] IELM.cv9: Found new best state
[2020-10-23 13:39:35] IELM.cv9: Best vmse: 0.4580
[2020-10-23 13:39:35] IELM.cv9: Checkpoint saved to experiments/normal/ar1/IELM_ar1_h3
[2020-10-23 13:39:35] IELM.cv9: Hidden size: 22 	 
Training MSE: 0.16199452 	 Validating MSE: 0.52766466 	 Best VMSE: 0.45803434
[2020-10-23 13:39:35] IELM.cv9: Checkpoint saved to experiments/normal/ar1/IELM_ar1_h3
[2020-10-23 13:39:35] IELM.cv9: Hidden size: 23 	 
Training MSE: 0.16062011 	 Validating MSE: 0.54346049 	 Best VMSE: 0.45803434
[2020-10-23 13:39:35] IELM.cv9: Checkpoint saved to experiments/normal/ar1/IELM_ar1_h3
[2020-10-23 13:39:35] IELM.cv9: Hidden size: 24 	 
Training MSE: 0.15473244 	 Validating MSE: 0.32004464 	 Best VMSE: 0.45803434
[2020-10-23 13:39:35] IELM.cv9: Found new best state
[2020-10-23 13:39:35] IELM.cv9: Best vmse: 0.3200
[2020-10-23 13:39:35] IELM.cv9: Checkpoint saved to experiments/normal/ar1/IELM_ar1_h3
[2020-10-23 13:39:35] IELM.cv9: Hidden size: 25 	 
Training MSE: 0.15316118 	 Validating MSE: 0.35758504 	 Best VMSE: 0.32004464
[2020-10-23 13:39:35] IELM.cv9: Checkpoint saved to experiments/normal/ar1/IELM_ar1_h3
[2020-10-23 13:39:35] IELM.cv9: Hidden size: 26 	 
Training MSE: 0.15293247 	 Validating MSE: 0.34093580 	 Best VMSE: 0.32004464
[2020-10-23 13:39:35] IELM.cv9: Checkpoint saved to experiments/normal/ar1/IELM_ar1_h3
[2020-10-23 13:39:35] IELM.cv9: Hidden size: 27 	 
Training MSE: 0.15059306 	 Validating MSE: 0.23609886 	 Best VMSE: 0.32004464
[2020-10-23 13:39:35] IELM.cv9: Found new best state
[2020-10-23 13:39:35] IELM.cv9: Best vmse: 0.2361
[2020-10-23 13:39:35] IELM.cv9: Checkpoint saved to experiments/normal/ar1/IELM_ar1_h3
[2020-10-23 13:39:35] IELM.cv9: Hidden size: 28 	 
Training MSE: 0.15059011 	 Validating MSE: 0.23766717 	 Best VMSE: 0.23609886
[2020-10-23 13:39:35] IELM.cv9: Checkpoint saved to experiments/normal/ar1/IELM_ar1_h3
[2020-10-23 13:39:35] IELM.cv9: Hidden size: 29 	 
Training MSE: 0.14951235 	 Validating MSE: 0.25717744 	 Best VMSE: 0.23609886
[2020-10-23 13:39:35] IELM.cv9: Checkpoint saved to experiments/normal/ar1/IELM_ar1_h3
[2020-10-23 13:39:35] IELM.cv9: Hidden size: 30 	 
Training MSE: 0.14714178 	 Validating MSE: 0.32325223 	 Best VMSE: 0.23609886
[2020-10-23 13:39:35] IELM.cv9: Checkpoint saved to experiments/normal/ar1/IELM_ar1_h3
[2020-10-23 13:39:35] IELM.cv9: Hidden size: 31 	 
Training MSE: 0.14555979 	 Validating MSE: 0.27756014 	 Best VMSE: 0.23609886
[2020-10-23 13:39:35] IELM.cv9: Checkpoint saved to experiments/normal/ar1/IELM_ar1_h3
[2020-10-23 13:39:35] IELM.cv9: Hidden size: 32 	 
Training MSE: 0.14552727 	 Validating MSE: 0.26440361 	 Best VMSE: 0.23609886
[2020-10-23 13:39:35] IELM.cv9: Checkpoint saved to experiments/normal/ar1/IELM_ar1_h3
[2020-10-23 13:39:35] IELM.cv9: Hidden size: 33 	 
Training MSE: 0.14549139 	 Validating MSE: 0.27022400 	 Best VMSE: 0.23609886
[2020-10-23 13:39:35] IELM.cv9: Checkpoint saved to experiments/normal/ar1/IELM_ar1_h3
[2020-10-23 13:39:35] IELM.cv9: Hidden size: 34 	 
Training MSE: 0.14502022 	 Validating MSE: 0.24540314 	 Best VMSE: 0.23609886
[2020-10-23 13:39:35] IELM.cv9: Checkpoint saved to experiments/normal/ar1/IELM_ar1_h3
[2020-10-23 13:39:35] IELM.cv9: Hidden size: 35 	 
Training MSE: 0.14215952 	 Validating MSE: 0.25967500 	 Best VMSE: 0.23609886
[2020-10-23 13:39:35] IELM.cv9: Checkpoint saved to experiments/normal/ar1/IELM_ar1_h3
[2020-10-23 13:39:35] IELM.cv9: Hidden size: 36 	 
Training MSE: 0.13540778 	 Validating MSE: 0.12089819 	 Best VMSE: 0.23609886
[2020-10-23 13:39:35] IELM.cv9: Found new best state
[2020-10-23 13:39:35] IELM.cv9: Best vmse: 0.1209
[2020-10-23 13:39:35] IELM.cv9: Checkpoint saved to experiments/normal/ar1/IELM_ar1_h3
[2020-10-23 13:39:35] IELM.cv9: Hidden size: 37 	 
Training MSE: 0.13449945 	 Validating MSE: 0.14065872 	 Best VMSE: 0.12089819
[2020-10-23 13:39:35] IELM.cv9: Checkpoint saved to experiments/normal/ar1/IELM_ar1_h3
[2020-10-23 13:39:35] IELM.cv9: Hidden size: 38 	 
Training MSE: 0.13370891 	 Validating MSE: 0.16064695 	 Best VMSE: 0.12089819
[2020-10-23 13:39:35] IELM.cv9: Checkpoint saved to experiments/normal/ar1/IELM_ar1_h3
[2020-10-23 13:39:35] IELM.cv9: Hidden size: 39 	 
Training MSE: 0.13315822 	 Validating MSE: 0.15061329 	 Best VMSE: 0.12089819
[2020-10-23 13:39:35] IELM.cv9: Checkpoint saved to experiments/normal/ar1/IELM_ar1_h3
[2020-10-23 13:39:35] IELM.cv9: Hidden size: 40 	 
Training MSE: 0.13272949 	 Validating MSE: 0.15541545 	 Best VMSE: 0.12089819
[2020-10-23 13:39:35] IELM.cv9: Checkpoint saved to experiments/normal/ar1/IELM_ar1_h3
[2020-10-23 13:39:35] IELM.cv9: Hidden size: 41 	 
Training MSE: 0.13256395 	 Validating MSE: 0.16415994 	 Best VMSE: 0.12089819
[2020-10-23 13:39:35] IELM.cv9: Checkpoint saved to experiments/normal/ar1/IELM_ar1_h3
[2020-10-23 13:39:35] IELM.cv9: Hidden size: 42 	 
Training MSE: 0.13229223 	 Validating MSE: 0.17741564 	 Best VMSE: 0.12089819
[2020-10-23 13:39:35] IELM.cv9: Checkpoint saved to experiments/normal/ar1/IELM_ar1_h3
[2020-10-23 13:39:35] IELM.cv9: Hidden size: 43 	 
Training MSE: 0.13213852 	 Validating MSE: 0.17620915 	 Best VMSE: 0.12089819
[2020-10-23 13:39:35] IELM.cv9: Checkpoint saved to experiments/normal/ar1/IELM_ar1_h3
[2020-10-23 13:39:35] IELM.cv9: Hidden size: 44 	 
Training MSE: 0.13206157 	 Validating MSE: 0.17082565 	 Best VMSE: 0.12089819
[2020-10-23 13:39:35] IELM.cv9: Checkpoint saved to experiments/normal/ar1/IELM_ar1_h3
[2020-10-23 13:39:35] IELM.cv9: Hidden size: 45 	 
Training MSE: 0.13168234 	 Validating MSE: 0.18253297 	 Best VMSE: 0.12089819
[2020-10-23 13:39:35] IELM.cv9: Checkpoint saved to experiments/normal/ar1/IELM_ar1_h3
[2020-10-23 13:39:35] IELM.cv9: Hidden size: 46 	 
Training MSE: 0.13038474 	 Validating MSE: 0.15488109 	 Best VMSE: 0.12089819
[2020-10-23 13:39:35] IELM.cv9: Checkpoint saved to experiments/normal/ar1/IELM_ar1_h3
[2020-10-23 13:39:35] IELM.cv9: Hidden size: 47 	 
Training MSE: 0.13010466 	 Validating MSE: 0.13067438 	 Best VMSE: 0.12089819
[2020-10-23 13:39:35] IELM.cv9: Checkpoint saved to experiments/normal/ar1/IELM_ar1_h3
[2020-10-23 13:39:35] IELM.cv9: Hidden size: 48 	 
Training MSE: 0.12990360 	 Validating MSE: 0.12448629 	 Best VMSE: 0.12089819
[2020-10-23 13:39:35] IELM.cv9: Checkpoint saved to experiments/normal/ar1/IELM_ar1_h3
[2020-10-23 13:39:36] IELM.cv9: Hidden size: 49 	 
Training MSE: 0.12892839 	 Validating MSE: 0.14822993 	 Best VMSE: 0.12089819
[2020-10-23 13:39:36] IELM.cv9: Checkpoint saved to experiments/normal/ar1/IELM_ar1_h3
[2020-10-23 13:39:36] IELM.cv9: Hidden size: 50 	 
Training MSE: 0.12870808 	 Validating MSE: 0.15027781 	 Best VMSE: 0.12089819
[2020-10-23 13:39:36] IELM.cv9: Checkpoint saved to experiments/normal/ar1/IELM_ar1_h3
[2020-10-23 13:39:36] IELM.cv9: Hidden size: 51 	 
Training MSE: 0.12754987 	 Validating MSE: 0.13171519 	 Best VMSE: 0.12089819
[2020-10-23 13:39:36] IELM.cv9: Checkpoint saved to experiments/normal/ar1/IELM_ar1_h3
[2020-10-23 13:39:36] IELM.cv9: Hidden size: 52 	 
Training MSE: 0.12739950 	 Validating MSE: 0.14389020 	 Best VMSE: 0.12089819
[2020-10-23 13:39:36] IELM.cv9: Checkpoint saved to experiments/normal/ar1/IELM_ar1_h3
[2020-10-23 13:39:36] IELM.cv9: Hidden size: 53 	 
Training MSE: 0.12718159 	 Validating MSE: 0.14761509 	 Best VMSE: 0.12089819
[2020-10-23 13:39:36] IELM.cv9: Checkpoint saved to experiments/normal/ar1/IELM_ar1_h3
[2020-10-23 13:39:36] IELM.cv9: Hidden size: 54 	 
Training MSE: 0.12717964 	 Validating MSE: 0.14663394 	 Best VMSE: 0.12089819
[2020-10-23 13:39:36] IELM.cv9: Checkpoint saved to experiments/normal/ar1/IELM_ar1_h3
[2020-10-23 13:39:36] IELM.cv9: Hidden size: 55 	 
Training MSE: 0.12713453 	 Validating MSE: 0.14936209 	 Best VMSE: 0.12089819
[2020-10-23 13:39:36] IELM.cv9: Checkpoint saved to experiments/normal/ar1/IELM_ar1_h3
[2020-10-23 13:39:36] IELM.cv9: Hidden size: 56 	 
Training MSE: 0.12713364 	 Validating MSE: 0.14969824 	 Best VMSE: 0.12089819
[2020-10-23 13:39:36] IELM.cv9: Checkpoint saved to experiments/normal/ar1/IELM_ar1_h3
[2020-10-23 13:39:36] IELM.cv9: Hidden size: 57 	 
Training MSE: 0.12699518 	 Validating MSE: 0.15554239 	 Best VMSE: 0.12089819
[2020-10-23 13:39:36] IELM.cv9: Checkpoint saved to experiments/normal/ar1/IELM_ar1_h3
[2020-10-23 13:39:36] IELM.cv9: Hidden size: 58 	 
Training MSE: 0.12674810 	 Validating MSE: 0.15052092 	 Best VMSE: 0.12089819
[2020-10-23 13:39:36] IELM.cv9: Checkpoint saved to experiments/normal/ar1/IELM_ar1_h3
[2020-10-23 13:39:36] IELM.cv9: Hidden size: 59 	 
Training MSE: 0.12672292 	 Validating MSE: 0.14861338 	 Best VMSE: 0.12089819
[2020-10-23 13:39:36] IELM.cv9: Checkpoint saved to experiments/normal/ar1/IELM_ar1_h3
[2020-10-23 13:39:36] IELM.cv9: Hidden size: 60 	 
Training MSE: 0.12658179 	 Validating MSE: 0.15191726 	 Best VMSE: 0.12089819
[2020-10-23 13:39:36] IELM.cv9: Checkpoint saved to experiments/normal/ar1/IELM_ar1_h3
[2020-10-23 13:39:36] IELM.cv9: Hidden size: 61 	 
Training MSE: 0.12653951 	 Validating MSE: 0.15668608 	 Best VMSE: 0.12089819
[2020-10-23 13:39:36] IELM.cv9: Checkpoint saved to experiments/normal/ar1/IELM_ar1_h3
[2020-10-23 13:39:36] IELM.cv9: Hidden size: 62 	 
Training MSE: 0.12647113 	 Validating MSE: 0.15038532 	 Best VMSE: 0.12089819
[2020-10-23 13:39:36] IELM.cv9: Checkpoint saved to experiments/normal/ar1/IELM_ar1_h3
[2020-10-23 13:39:36] IELM.cv9: Hidden size: 63 	 
Training MSE: 0.12437612 	 Validating MSE: 0.09623748 	 Best VMSE: 0.12089819
[2020-10-23 13:39:36] IELM.cv9: Found new best state
[2020-10-23 13:39:36] IELM.cv9: Best vmse: 0.0962
[2020-10-23 13:39:36] IELM.cv9: Checkpoint saved to experiments/normal/ar1/IELM_ar1_h3
[2020-10-23 13:39:36] IELM.cv9: Hidden size: 64 	 
Training MSE: 0.12437600 	 Validating MSE: 0.09625303 	 Best VMSE: 0.09623748
[2020-10-23 13:39:36] IELM.cv9: Checkpoint saved to experiments/normal/ar1/IELM_ar1_h3
[2020-10-23 13:39:36] IELM.cv9: Hidden size: 65 	 
Training MSE: 0.12398464 	 Validating MSE: 0.09891536 	 Best VMSE: 0.09623748
[2020-10-23 13:39:36] IELM.cv9: Checkpoint saved to experiments/normal/ar1/IELM_ar1_h3
[2020-10-23 13:39:36] IELM.cv9: Hidden size: 66 	 
Training MSE: 0.12396155 	 Validating MSE: 0.09797055 	 Best VMSE: 0.09623748
[2020-10-23 13:39:36] IELM.cv9: Checkpoint saved to experiments/normal/ar1/IELM_ar1_h3
[2020-10-23 13:39:36] IELM.cv9: Hidden size: 67 	 
Training MSE: 0.11986785 	 Validating MSE: 0.16690886 	 Best VMSE: 0.09623748
[2020-10-23 13:39:36] IELM.cv9: Checkpoint saved to experiments/normal/ar1/IELM_ar1_h3
[2020-10-23 13:39:36] IELM.cv9: Hidden size: 68 	 
Training MSE: 0.11861105 	 Validating MSE: 0.15107423 	 Best VMSE: 0.09623748
[2020-10-23 13:39:36] IELM.cv9: Checkpoint saved to experiments/normal/ar1/IELM_ar1_h3
[2020-10-23 13:39:36] IELM.cv9: Hidden size: 69 	 
Training MSE: 0.11854006 	 Validating MSE: 0.14559434 	 Best VMSE: 0.09623748
[2020-10-23 13:39:36] IELM.cv9: Checkpoint saved to experiments/normal/ar1/IELM_ar1_h3
[2020-10-23 13:39:36] IELM.cv9: Hidden size: 70 	 
Training MSE: 0.11845070 	 Validating MSE: 0.13902302 	 Best VMSE: 0.09623748
[2020-10-23 13:39:36] IELM.cv9: Checkpoint saved to experiments/normal/ar1/IELM_ar1_h3
[2020-10-23 13:39:36] IELM.cv9: Hidden size: 71 	 
Training MSE: 0.11844752 	 Validating MSE: 0.13845232 	 Best VMSE: 0.09623748
[2020-10-23 13:39:36] IELM.cv9: Checkpoint saved to experiments/normal/ar1/IELM_ar1_h3
[2020-10-23 13:39:36] IELM.cv9: Hidden size: 72 	 
Training MSE: 0.11795909 	 Validating MSE: 0.12054552 	 Best VMSE: 0.09623748
[2020-10-23 13:39:36] IELM.cv9: Checkpoint saved to experiments/normal/ar1/IELM_ar1_h3
[2020-10-23 13:39:36] IELM.cv9: Hidden size: 73 	 
Training MSE: 0.11775927 	 Validating MSE: 0.13212311 	 Best VMSE: 0.09623748
[2020-10-23 13:39:36] IELM.cv9: Checkpoint saved to experiments/normal/ar1/IELM_ar1_h3
[2020-10-23 13:39:36] IELM.cv9: Hidden size: 74 	 
Training MSE: 0.11775152 	 Validating MSE: 0.13438669 	 Best VMSE: 0.09623748
[2020-10-23 13:39:36] IELM.cv9: Checkpoint saved to experiments/normal/ar1/IELM_ar1_h3
[2020-10-23 13:39:36] IELM.cv9: Hidden size: 75 	 
Training MSE: 0.11672828 	 Validating MSE: 0.10795692 	 Best VMSE: 0.09623748
[2020-10-23 13:39:36] IELM.cv9: Checkpoint saved to experiments/normal/ar1/IELM_ar1_h3
[2020-10-23 13:39:36] IELM.cv9: Hidden size: 76 	 
Training MSE: 0.11174067 	 Validating MSE: 0.13579234 	 Best VMSE: 0.09623748
[2020-10-23 13:39:36] IELM.cv9: Checkpoint saved to experiments/normal/ar1/IELM_ar1_h3
[2020-10-23 13:39:36] IELM.cv9: Hidden size: 77 	 
Training MSE: 0.11132088 	 Validating MSE: 0.13377880 	 Best VMSE: 0.09623748
[2020-10-23 13:39:36] IELM.cv9: Checkpoint saved to experiments/normal/ar1/IELM_ar1_h3
[2020-10-23 13:39:36] IELM.cv9: Hidden size: 78 	 
Training MSE: 0.11132037 	 Validating MSE: 0.13330817 	 Best VMSE: 0.09623748
[2020-10-23 13:39:36] IELM.cv9: Checkpoint saved to experiments/normal/ar1/IELM_ar1_h3
[2020-10-23 13:39:36] IELM.cv9: Hidden size: 79 	 
Training MSE: 0.11131687 	 Validating MSE: 0.13372838 	 Best VMSE: 0.09623748
[2020-10-23 13:39:36] IELM.cv9: Checkpoint saved to experiments/normal/ar1/IELM_ar1_h3
[2020-10-23 13:39:36] IELM.cv9: Hidden size: 80 	 
Training MSE: 0.11089556 	 Validating MSE: 0.14349335 	 Best VMSE: 0.09623748
[2020-10-23 13:39:36] IELM.cv9: Checkpoint saved to experiments/normal/ar1/IELM_ar1_h3
[2020-10-23 13:39:36] IELM.cv9: Hidden size: 81 	 
Training MSE: 0.11053313 	 Validating MSE: 0.12631626 	 Best VMSE: 0.09623748
[2020-10-23 13:39:36] IELM.cv9: Checkpoint saved to experiments/normal/ar1/IELM_ar1_h3
[2020-10-23 13:39:36] IELM.cv9: Hidden size: 82 	 
Training MSE: 0.11050802 	 Validating MSE: 0.12694678 	 Best VMSE: 0.09623748
[2020-10-23 13:39:36] IELM.cv9: Checkpoint saved to experiments/normal/ar1/IELM_ar1_h3
[2020-10-23 13:39:36] IELM.cv9: Hidden size: 83 	 
Training MSE: 0.11041657 	 Validating MSE: 0.12383094 	 Best VMSE: 0.09623748
[2020-10-23 13:39:36] IELM.cv9: Checkpoint saved to experiments/normal/ar1/IELM_ar1_h3
[2020-10-23 13:39:36] IELM.cv9: Hidden size: 84 	 
Training MSE: 0.11041453 	 Validating MSE: 0.12321266 	 Best VMSE: 0.09623748
[2020-10-23 13:39:36] IELM.cv9: Checkpoint saved to experiments/normal/ar1/IELM_ar1_h3
[2020-10-23 13:39:36] IELM.cv9: Hidden size: 85 	 
Training MSE: 0.11028134 	 Validating MSE: 0.11063477 	 Best VMSE: 0.09623748
[2020-10-23 13:39:36] IELM.cv9: Checkpoint saved to experiments/normal/ar1/IELM_ar1_h3
[2020-10-23 13:39:36] IELM.cv9: Hidden size: 86 	 
Training MSE: 0.11014962 	 Validating MSE: 0.11330117 	 Best VMSE: 0.09623748
[2020-10-23 13:39:36] IELM.cv9: Checkpoint saved to experiments/normal/ar1/IELM_ar1_h3
[2020-10-23 13:39:37] IELM.cv9: Hidden size: 87 	 
Training MSE: 0.10938994 	 Validating MSE: 0.09134403 	 Best VMSE: 0.09623748
[2020-10-23 13:39:37] IELM.cv9: Found new best state
[2020-10-23 13:39:37] IELM.cv9: Best vmse: 0.0913
[2020-10-23 13:39:37] IELM.cv9: Checkpoint saved to experiments/normal/ar1/IELM_ar1_h3
[2020-10-23 13:39:37] IELM.cv9: Hidden size: 88 	 
Training MSE: 0.10879425 	 Validating MSE: 0.09408966 	 Best VMSE: 0.09134403
[2020-10-23 13:39:37] IELM.cv9: Checkpoint saved to experiments/normal/ar1/IELM_ar1_h3
[2020-10-23 13:39:37] IELM.cv9: Hidden size: 89 	 
Training MSE: 0.10850628 	 Validating MSE: 0.09664800 	 Best VMSE: 0.09134403
[2020-10-23 13:39:37] IELM.cv9: Checkpoint saved to experiments/normal/ar1/IELM_ar1_h3
[2020-10-23 13:39:37] IELM.cv9: Hidden size: 90 	 
Training MSE: 0.10835630 	 Validating MSE: 0.09432940 	 Best VMSE: 0.09134403
[2020-10-23 13:39:37] IELM.cv9: Checkpoint saved to experiments/normal/ar1/IELM_ar1_h3
[2020-10-23 13:39:37] IELM.cv9: Hidden size: 91 	 
Training MSE: 0.10813635 	 Validating MSE: 0.09037119 	 Best VMSE: 0.09134403
[2020-10-23 13:39:37] IELM.cv9: Found new best state
[2020-10-23 13:39:37] IELM.cv9: Best vmse: 0.0904
[2020-10-23 13:39:37] IELM.cv9: Checkpoint saved to experiments/normal/ar1/IELM_ar1_h3
[2020-10-23 13:39:37] IELM.cv9: Hidden size: 92 	 
Training MSE: 0.10742629 	 Validating MSE: 0.09831744 	 Best VMSE: 0.09037119
[2020-10-23 13:39:37] IELM.cv9: Checkpoint saved to experiments/normal/ar1/IELM_ar1_h3
[2020-10-23 13:39:37] IELM.cv9: Hidden size: 93 	 
Training MSE: 0.10575322 	 Validating MSE: 0.08795082 	 Best VMSE: 0.09037119
[2020-10-23 13:39:37] IELM.cv9: Found new best state
[2020-10-23 13:39:37] IELM.cv9: Best vmse: 0.0880
[2020-10-23 13:39:37] IELM.cv9: Checkpoint saved to experiments/normal/ar1/IELM_ar1_h3
[2020-10-23 13:39:37] IELM.cv9: Hidden size: 94 	 
Training MSE: 0.10487919 	 Validating MSE: 0.09273208 	 Best VMSE: 0.08795082
[2020-10-23 13:39:37] IELM.cv9: Checkpoint saved to experiments/normal/ar1/IELM_ar1_h3
[2020-10-23 13:39:37] IELM.cv9: Hidden size: 95 	 
Training MSE: 0.10463624 	 Validating MSE: 0.09413066 	 Best VMSE: 0.08795082
[2020-10-23 13:39:37] IELM.cv9: Checkpoint saved to experiments/normal/ar1/IELM_ar1_h3
[2020-10-23 13:39:37] IELM.cv9: Hidden size: 96 	 
Training MSE: 0.10417438 	 Validating MSE: 0.08837253 	 Best VMSE: 0.08795082
[2020-10-23 13:39:37] IELM.cv9: Checkpoint saved to experiments/normal/ar1/IELM_ar1_h3
[2020-10-23 13:39:37] IELM.cv9: Hidden size: 97 	 
Training MSE: 0.10299311 	 Validating MSE: 0.07619195 	 Best VMSE: 0.08795082
[2020-10-23 13:39:37] IELM.cv9: Found new best state
[2020-10-23 13:39:37] IELM.cv9: Best vmse: 0.0762
[2020-10-23 13:39:37] IELM.cv9: Checkpoint saved to experiments/normal/ar1/IELM_ar1_h3
[2020-10-23 13:39:37] IELM.cv9: Hidden size: 98 	 
Training MSE: 0.10236994 	 Validating MSE: 0.07828180 	 Best VMSE: 0.07619195
[2020-10-23 13:39:37] IELM.cv9: Checkpoint saved to experiments/normal/ar1/IELM_ar1_h3
[2020-10-23 13:39:37] IELM.cv9: Hidden size: 99 	 
Training MSE: 0.10235047 	 Validating MSE: 0.07693739 	 Best VMSE: 0.07619195
[2020-10-23 13:39:37] IELM.cv9: Checkpoint saved to experiments/normal/ar1/IELM_ar1_h3
[2020-10-23 13:39:37] IELM.cv9: Hidden size: 100 	 
Training MSE: 0.10223010 	 Validating MSE: 0.07889002 	 Best VMSE: 0.07619195
[2020-10-23 13:39:37] IELM.cv9: Checkpoint saved to experiments/normal/ar1/IELM_ar1_h3
[2020-10-23 13:39:37] IELM.cv9: Restoring best parameters from experiments/normal/ar1/IELM_ar1_h3/train.cv9.pth.tar
[2020-10-23 13:39:37] IELM.cv9: ar1	 H: 3	 Trail: 25 
Testing RMSE: 0.7089 	 MAPE: 0.1323 	 SMAPE: 0.07325
