[2020-10-23 13:48:48] IELM.cv15: Loading the datasets and model for 43th-batch-training
[2020-10-23 13:48:48] IELM.cv15: Argument hidden_size: 100
[2020-10-23 13:48:48] IELM.cv15: Argument candidate_size: 300
[2020-10-23 13:48:48] IELM.cv15: Argument Lambdas: [0.5, 1, 5, 15, 30, 50, 100, 150, 200]
[2020-10-23 13:48:48] IELM.cv15: Argument Lambdas_std: [0.01, 0.05, 0.1, 0.5, 1]
[2020-10-23 13:48:48] IELM.cv15: Argument r: [0.8, 0.9, 0.99, 0.9999, 0.999999]
[2020-10-23 13:48:48] IELM.cv15: Argument tolerance: 0
[2020-10-23 13:48:48] IELM.cv15: Argument device: device(type='cuda')
[2020-10-23 13:48:48] IELM.cv15: Argument dataset: 'sili'
[2020-10-23 13:48:48] IELM.cv15: Argument H: 4
[2020-10-23 13:48:48] IELM.cv15: Argument k: 5
[2020-10-23 13:48:48] IELM.cv15: Argument test: False
[2020-10-23 13:48:48] IELM.cv15: Argument normal: True
[2020-10-23 13:48:48] IELM.cv15: Argument diff: False
[2020-10-23 13:48:48] IELM.cv15: Argument times: 60
[2020-10-23 13:48:48] IELM.cv15: Argument datasets: {'ar1': {'lag_order': 15, 'normal': True, 'cov_dim': 0, 'kernel_size': 3}, 'wti': {'lag_order': 25, 'normal': True, 'cov_dim': 0, 'kernel_size': 5}, 'gold': {'lag_order': 25, 'normal': True, 'cov_dim': 0, 'kernel_size': 5}, 'sp': {'lag_order': 25, 'normal': True, 'cov_dim': 0, 'kernel_size': 5}, 'brent': {'lag_order': 24, 'normal': True, 'cov_dim': 0, 'kernel_size': 6}, 'sili': {'lag_order': 26, 'normal': True, 'cov_dim': 0, 'kernel_size': 6}}
[2020-10-23 13:48:48] IELM.cv15: Argument steps: 26
[2020-10-23 13:48:48] IELM.cv15: Argument experiment: 'experiments/normal/sili'
[2020-10-23 13:48:48] IELM.cv15: Argument scaler: StandardScaler()
[2020-10-23 13:48:48] IELM.cv15: Argument model_name: 'IELM_sili_h4'
[2020-10-23 13:48:48] IELM.cv15: Argument model_dir: 'experiments/normal/sili/IELM_sili_h4'
[2020-10-23 13:48:48] IELM.cv15: Argument restore: True
[2020-10-23 13:48:48] IELM.cv15: Argument cv: 15
[2020-10-23 13:48:48] IELM.cv15: Argument plot_dir: 'experiments/normal/sili/IELM_sili_h4/figures'
[2020-10-23 13:48:48] IELM.cv15: Using Cuda...
[2020-10-23 13:48:48] IELM.cv15: Loading complete.
[2020-10-23 13:48:48] IELM.cv15: Model: 
IELM(
  (loss_fn): MSELoss()
)
[2020-10-23 13:48:48] IELM.cv15: Hidden size: 1 	 
Training MSE: 0.39180848 	 Validating MSE: 1.46534443 	 Best VMSE: 9999.00000000
[2020-10-23 13:48:48] IELM.cv15: Found new best state
[2020-10-23 13:48:48] IELM.cv15: Best vmse: 1.4653
[2020-10-23 13:48:48] IELM.cv15: Checkpoint saved to experiments/normal/sili/IELM_sili_h4
[2020-10-23 13:48:48] IELM.cv15: Hidden size: 2 	 
Training MSE: 0.37004501 	 Validating MSE: 1.56579089 	 Best VMSE: 1.46534443
[2020-10-23 13:48:48] IELM.cv15: Checkpoint saved to experiments/normal/sili/IELM_sili_h4
[2020-10-23 13:48:48] IELM.cv15: Hidden size: 3 	 
Training MSE: 0.36004916 	 Validating MSE: 1.51510978 	 Best VMSE: 1.46534443
[2020-10-23 13:48:48] IELM.cv15: Checkpoint saved to experiments/normal/sili/IELM_sili_h4
[2020-10-23 13:48:48] IELM.cv15: Hidden size: 4 	 
Training MSE: 0.35835826 	 Validating MSE: 1.55105209 	 Best VMSE: 1.46534443
[2020-10-23 13:48:48] IELM.cv15: Checkpoint saved to experiments/normal/sili/IELM_sili_h4
[2020-10-23 13:48:48] IELM.cv15: Hidden size: 5 	 
Training MSE: 0.35802421 	 Validating MSE: 1.56781125 	 Best VMSE: 1.46534443
[2020-10-23 13:48:48] IELM.cv15: Checkpoint saved to experiments/normal/sili/IELM_sili_h4
[2020-10-23 13:48:48] IELM.cv15: Hidden size: 6 	 
Training MSE: 0.34254721 	 Validating MSE: 1.46260011 	 Best VMSE: 1.46534443
[2020-10-23 13:48:48] IELM.cv15: Found new best state
[2020-10-23 13:48:48] IELM.cv15: Best vmse: 1.4626
[2020-10-23 13:48:48] IELM.cv15: Checkpoint saved to experiments/normal/sili/IELM_sili_h4
[2020-10-23 13:48:48] IELM.cv15: Hidden size: 7 	 
Training MSE: 0.33496076 	 Validating MSE: 1.55524027 	 Best VMSE: 1.46260011
[2020-10-23 13:48:48] IELM.cv15: Checkpoint saved to experiments/normal/sili/IELM_sili_h4
[2020-10-23 13:48:48] IELM.cv15: Hidden size: 8 	 
Training MSE: 0.32835978 	 Validating MSE: 1.45734584 	 Best VMSE: 1.46260011
[2020-10-23 13:48:48] IELM.cv15: Found new best state
[2020-10-23 13:48:48] IELM.cv15: Best vmse: 1.4573
[2020-10-23 13:48:48] IELM.cv15: Checkpoint saved to experiments/normal/sili/IELM_sili_h4
[2020-10-23 13:48:48] IELM.cv15: Hidden size: 9 	 
Training MSE: 0.32796171 	 Validating MSE: 1.49015212 	 Best VMSE: 1.45734584
[2020-10-23 13:48:48] IELM.cv15: Checkpoint saved to experiments/normal/sili/IELM_sili_h4
[2020-10-23 13:48:48] IELM.cv15: Hidden size: 10 	 
Training MSE: 0.32654256 	 Validating MSE: 1.52360117 	 Best VMSE: 1.45734584
[2020-10-23 13:48:48] IELM.cv15: Checkpoint saved to experiments/normal/sili/IELM_sili_h4
[2020-10-23 13:48:48] IELM.cv15: Hidden size: 11 	 
Training MSE: 0.32301420 	 Validating MSE: 1.44804800 	 Best VMSE: 1.45734584
[2020-10-23 13:48:48] IELM.cv15: Found new best state
[2020-10-23 13:48:48] IELM.cv15: Best vmse: 1.4480
[2020-10-23 13:48:48] IELM.cv15: Checkpoint saved to experiments/normal/sili/IELM_sili_h4
[2020-10-23 13:48:48] IELM.cv15: Hidden size: 12 	 
Training MSE: 0.32290107 	 Validating MSE: 1.45032382 	 Best VMSE: 1.44804800
[2020-10-23 13:48:48] IELM.cv15: Checkpoint saved to experiments/normal/sili/IELM_sili_h4
[2020-10-23 13:48:48] IELM.cv15: Hidden size: 13 	 
Training MSE: 0.32175824 	 Validating MSE: 1.49781001 	 Best VMSE: 1.44804800
[2020-10-23 13:48:48] IELM.cv15: Checkpoint saved to experiments/normal/sili/IELM_sili_h4
[2020-10-23 13:48:48] IELM.cv15: Hidden size: 14 	 
Training MSE: 0.31847152 	 Validating MSE: 1.40138507 	 Best VMSE: 1.44804800
[2020-10-23 13:48:48] IELM.cv15: Found new best state
[2020-10-23 13:48:48] IELM.cv15: Best vmse: 1.4014
[2020-10-23 13:48:48] IELM.cv15: Checkpoint saved to experiments/normal/sili/IELM_sili_h4
[2020-10-23 13:48:48] IELM.cv15: Hidden size: 15 	 
Training MSE: 0.31533715 	 Validating MSE: 1.42298305 	 Best VMSE: 1.40138507
[2020-10-23 13:48:48] IELM.cv15: Checkpoint saved to experiments/normal/sili/IELM_sili_h4
[2020-10-23 13:48:48] IELM.cv15: Hidden size: 16 	 
Training MSE: 0.31137833 	 Validating MSE: 1.35057497 	 Best VMSE: 1.40138507
[2020-10-23 13:48:48] IELM.cv15: Found new best state
[2020-10-23 13:48:48] IELM.cv15: Best vmse: 1.3506
[2020-10-23 13:48:48] IELM.cv15: Checkpoint saved to experiments/normal/sili/IELM_sili_h4
[2020-10-23 13:48:48] IELM.cv15: Hidden size: 17 	 
Training MSE: 0.30768543 	 Validating MSE: 1.41410601 	 Best VMSE: 1.35057497
[2020-10-23 13:48:48] IELM.cv15: Checkpoint saved to experiments/normal/sili/IELM_sili_h4
[2020-10-23 13:48:48] IELM.cv15: Hidden size: 18 	 
Training MSE: 0.30153060 	 Validating MSE: 1.44929218 	 Best VMSE: 1.35057497
[2020-10-23 13:48:48] IELM.cv15: Checkpoint saved to experiments/normal/sili/IELM_sili_h4
[2020-10-23 13:48:48] IELM.cv15: Hidden size: 19 	 
Training MSE: 0.30130896 	 Validating MSE: 1.44080424 	 Best VMSE: 1.35057497
[2020-10-23 13:48:48] IELM.cv15: Checkpoint saved to experiments/normal/sili/IELM_sili_h4
[2020-10-23 13:48:48] IELM.cv15: Hidden size: 20 	 
Training MSE: 0.29446250 	 Validating MSE: 1.37469804 	 Best VMSE: 1.35057497
[2020-10-23 13:48:48] IELM.cv15: Checkpoint saved to experiments/normal/sili/IELM_sili_h4
[2020-10-23 13:48:48] IELM.cv15: Hidden size: 21 	 
Training MSE: 0.29064542 	 Validating MSE: 1.41351438 	 Best VMSE: 1.35057497
[2020-10-23 13:48:48] IELM.cv15: Checkpoint saved to experiments/normal/sili/IELM_sili_h4
[2020-10-23 13:48:48] IELM.cv15: Hidden size: 22 	 
Training MSE: 0.29045662 	 Validating MSE: 1.40463769 	 Best VMSE: 1.35057497
[2020-10-23 13:48:48] IELM.cv15: Checkpoint saved to experiments/normal/sili/IELM_sili_h4
[2020-10-23 13:48:48] IELM.cv15: Hidden size: 23 	 
Training MSE: 0.29031923 	 Validating MSE: 1.39592326 	 Best VMSE: 1.35057497
[2020-10-23 13:48:48] IELM.cv15: Checkpoint saved to experiments/normal/sili/IELM_sili_h4
[2020-10-23 13:48:48] IELM.cv15: Hidden size: 24 	 
Training MSE: 0.28977358 	 Validating MSE: 1.40696251 	 Best VMSE: 1.35057497
[2020-10-23 13:48:48] IELM.cv15: Checkpoint saved to experiments/normal/sili/IELM_sili_h4
[2020-10-23 13:48:48] IELM.cv15: Hidden size: 25 	 
Training MSE: 0.28588066 	 Validating MSE: 1.34983969 	 Best VMSE: 1.35057497
[2020-10-23 13:48:48] IELM.cv15: Found new best state
[2020-10-23 13:48:48] IELM.cv15: Best vmse: 1.3498
[2020-10-23 13:48:48] IELM.cv15: Checkpoint saved to experiments/normal/sili/IELM_sili_h4
[2020-10-23 13:48:48] IELM.cv15: Hidden size: 26 	 
Training MSE: 0.28527912 	 Validating MSE: 1.31075871 	 Best VMSE: 1.34983969
[2020-10-23 13:48:48] IELM.cv15: Found new best state
[2020-10-23 13:48:48] IELM.cv15: Best vmse: 1.3108
[2020-10-23 13:48:48] IELM.cv15: Checkpoint saved to experiments/normal/sili/IELM_sili_h4
[2020-10-23 13:48:48] IELM.cv15: Hidden size: 27 	 
Training MSE: 0.28520364 	 Validating MSE: 1.31921804 	 Best VMSE: 1.31075871
[2020-10-23 13:48:48] IELM.cv15: Checkpoint saved to experiments/normal/sili/IELM_sili_h4
[2020-10-23 13:48:48] IELM.cv15: Hidden size: 28 	 
Training MSE: 0.28211245 	 Validating MSE: 1.35771537 	 Best VMSE: 1.31075871
[2020-10-23 13:48:48] IELM.cv15: Checkpoint saved to experiments/normal/sili/IELM_sili_h4
[2020-10-23 13:48:48] IELM.cv15: Hidden size: 29 	 
Training MSE: 0.27867010 	 Validating MSE: 1.26503801 	 Best VMSE: 1.31075871
[2020-10-23 13:48:48] IELM.cv15: Found new best state
[2020-10-23 13:48:48] IELM.cv15: Best vmse: 1.2650
[2020-10-23 13:48:48] IELM.cv15: Checkpoint saved to experiments/normal/sili/IELM_sili_h4
[2020-10-23 13:48:48] IELM.cv15: Hidden size: 30 	 
Training MSE: 0.27539137 	 Validating MSE: 1.32240772 	 Best VMSE: 1.26503801
[2020-10-23 13:48:48] IELM.cv15: Checkpoint saved to experiments/normal/sili/IELM_sili_h4
[2020-10-23 13:48:48] IELM.cv15: Hidden size: 31 	 
Training MSE: 0.27534974 	 Validating MSE: 1.31536794 	 Best VMSE: 1.26503801
[2020-10-23 13:48:48] IELM.cv15: Checkpoint saved to experiments/normal/sili/IELM_sili_h4
[2020-10-23 13:48:48] IELM.cv15: Hidden size: 32 	 
Training MSE: 0.27534851 	 Validating MSE: 1.31573534 	 Best VMSE: 1.26503801
[2020-10-23 13:48:48] IELM.cv15: Checkpoint saved to experiments/normal/sili/IELM_sili_h4
[2020-10-23 13:48:49] IELM.cv15: Hidden size: 33 	 
Training MSE: 0.27518123 	 Validating MSE: 1.30680561 	 Best VMSE: 1.26503801
[2020-10-23 13:48:49] IELM.cv15: Checkpoint saved to experiments/normal/sili/IELM_sili_h4
[2020-10-23 13:48:49] IELM.cv15: Hidden size: 34 	 
Training MSE: 0.27394250 	 Validating MSE: 1.27191389 	 Best VMSE: 1.26503801
[2020-10-23 13:48:49] IELM.cv15: Checkpoint saved to experiments/normal/sili/IELM_sili_h4
[2020-10-23 13:48:49] IELM.cv15: Hidden size: 35 	 
Training MSE: 0.27148196 	 Validating MSE: 1.29201055 	 Best VMSE: 1.26503801
[2020-10-23 13:48:49] IELM.cv15: Checkpoint saved to experiments/normal/sili/IELM_sili_h4
[2020-10-23 13:48:49] IELM.cv15: Hidden size: 36 	 
Training MSE: 0.27030548 	 Validating MSE: 1.26137352 	 Best VMSE: 1.26503801
[2020-10-23 13:48:49] IELM.cv15: Found new best state
[2020-10-23 13:48:49] IELM.cv15: Best vmse: 1.2614
[2020-10-23 13:48:49] IELM.cv15: Checkpoint saved to experiments/normal/sili/IELM_sili_h4
[2020-10-23 13:48:49] IELM.cv15: Hidden size: 37 	 
Training MSE: 0.26989657 	 Validating MSE: 1.27592492 	 Best VMSE: 1.26137352
[2020-10-23 13:48:49] IELM.cv15: Checkpoint saved to experiments/normal/sili/IELM_sili_h4
[2020-10-23 13:48:49] IELM.cv15: Hidden size: 38 	 
Training MSE: 0.26977953 	 Validating MSE: 1.26746309 	 Best VMSE: 1.26137352
[2020-10-23 13:48:49] IELM.cv15: Checkpoint saved to experiments/normal/sili/IELM_sili_h4
[2020-10-23 13:48:49] IELM.cv15: Hidden size: 39 	 
Training MSE: 0.26957637 	 Validating MSE: 1.27543902 	 Best VMSE: 1.26137352
[2020-10-23 13:48:49] IELM.cv15: Checkpoint saved to experiments/normal/sili/IELM_sili_h4
[2020-10-23 13:48:49] IELM.cv15: Hidden size: 40 	 
Training MSE: 0.26952621 	 Validating MSE: 1.27252853 	 Best VMSE: 1.26137352
[2020-10-23 13:48:49] IELM.cv15: Checkpoint saved to experiments/normal/sili/IELM_sili_h4
[2020-10-23 13:48:49] IELM.cv15: Hidden size: 41 	 
Training MSE: 0.26817587 	 Validating MSE: 1.22985876 	 Best VMSE: 1.26137352
[2020-10-23 13:48:49] IELM.cv15: Found new best state
[2020-10-23 13:48:49] IELM.cv15: Best vmse: 1.2299
[2020-10-23 13:48:49] IELM.cv15: Checkpoint saved to experiments/normal/sili/IELM_sili_h4
[2020-10-23 13:48:49] IELM.cv15: Hidden size: 42 	 
Training MSE: 0.26419860 	 Validating MSE: 1.30188775 	 Best VMSE: 1.22985876
[2020-10-23 13:48:49] IELM.cv15: Checkpoint saved to experiments/normal/sili/IELM_sili_h4
[2020-10-23 13:48:49] IELM.cv15: Hidden size: 43 	 
Training MSE: 0.26389006 	 Validating MSE: 1.31612921 	 Best VMSE: 1.22985876
[2020-10-23 13:48:49] IELM.cv15: Checkpoint saved to experiments/normal/sili/IELM_sili_h4
[2020-10-23 13:48:49] IELM.cv15: Hidden size: 44 	 
Training MSE: 0.26319611 	 Validating MSE: 1.29635644 	 Best VMSE: 1.22985876
[2020-10-23 13:48:49] IELM.cv15: Checkpoint saved to experiments/normal/sili/IELM_sili_h4
[2020-10-23 13:48:49] IELM.cv15: Hidden size: 45 	 
Training MSE: 0.26276550 	 Validating MSE: 1.27795684 	 Best VMSE: 1.22985876
[2020-10-23 13:48:49] IELM.cv15: Checkpoint saved to experiments/normal/sili/IELM_sili_h4
[2020-10-23 13:48:49] IELM.cv15: Hidden size: 46 	 
Training MSE: 0.26267242 	 Validating MSE: 1.28550422 	 Best VMSE: 1.22985876
[2020-10-23 13:48:49] IELM.cv15: Checkpoint saved to experiments/normal/sili/IELM_sili_h4
[2020-10-23 13:48:49] IELM.cv15: Hidden size: 47 	 
Training MSE: 0.26266015 	 Validating MSE: 1.28688073 	 Best VMSE: 1.22985876
[2020-10-23 13:48:49] IELM.cv15: Checkpoint saved to experiments/normal/sili/IELM_sili_h4
[2020-10-23 13:48:49] IELM.cv15: Hidden size: 48 	 
Training MSE: 0.26243436 	 Validating MSE: 1.29396224 	 Best VMSE: 1.22985876
[2020-10-23 13:48:49] IELM.cv15: Checkpoint saved to experiments/normal/sili/IELM_sili_h4
[2020-10-23 13:48:49] IELM.cv15: Hidden size: 49 	 
Training MSE: 0.26234144 	 Validating MSE: 1.30021870 	 Best VMSE: 1.22985876
[2020-10-23 13:48:49] IELM.cv15: Checkpoint saved to experiments/normal/sili/IELM_sili_h4
[2020-10-23 13:48:49] IELM.cv15: Hidden size: 50 	 
Training MSE: 0.26224807 	 Validating MSE: 1.29261374 	 Best VMSE: 1.22985876
[2020-10-23 13:48:49] IELM.cv15: Checkpoint saved to experiments/normal/sili/IELM_sili_h4
[2020-10-23 13:48:49] IELM.cv15: Hidden size: 51 	 
Training MSE: 0.26223293 	 Validating MSE: 1.29513896 	 Best VMSE: 1.22985876
[2020-10-23 13:48:49] IELM.cv15: Checkpoint saved to experiments/normal/sili/IELM_sili_h4
[2020-10-23 13:48:49] IELM.cv15: Hidden size: 52 	 
Training MSE: 0.26222569 	 Validating MSE: 1.29618907 	 Best VMSE: 1.22985876
[2020-10-23 13:48:49] IELM.cv15: Checkpoint saved to experiments/normal/sili/IELM_sili_h4
[2020-10-23 13:48:49] IELM.cv15: Hidden size: 53 	 
Training MSE: 0.26202452 	 Validating MSE: 1.27948201 	 Best VMSE: 1.22985876
[2020-10-23 13:48:49] IELM.cv15: Checkpoint saved to experiments/normal/sili/IELM_sili_h4
[2020-10-23 13:48:49] IELM.cv15: Hidden size: 54 	 
Training MSE: 0.26124907 	 Validating MSE: 1.29040587 	 Best VMSE: 1.22985876
[2020-10-23 13:48:49] IELM.cv15: Checkpoint saved to experiments/normal/sili/IELM_sili_h4
[2020-10-23 13:48:49] IELM.cv15: Hidden size: 55 	 
Training MSE: 0.25954780 	 Validating MSE: 1.24476159 	 Best VMSE: 1.22985876
[2020-10-23 13:48:49] IELM.cv15: Checkpoint saved to experiments/normal/sili/IELM_sili_h4
[2020-10-23 13:48:49] IELM.cv15: Hidden size: 56 	 
Training MSE: 0.25948790 	 Validating MSE: 1.25262892 	 Best VMSE: 1.22985876
[2020-10-23 13:48:49] IELM.cv15: Checkpoint saved to experiments/normal/sili/IELM_sili_h4
[2020-10-23 13:48:49] IELM.cv15: Hidden size: 57 	 
Training MSE: 0.25945565 	 Validating MSE: 1.25715244 	 Best VMSE: 1.22985876
[2020-10-23 13:48:49] IELM.cv15: Checkpoint saved to experiments/normal/sili/IELM_sili_h4
[2020-10-23 13:48:49] IELM.cv15: Hidden size: 58 	 
Training MSE: 0.25914952 	 Validating MSE: 1.26860988 	 Best VMSE: 1.22985876
[2020-10-23 13:48:49] IELM.cv15: Checkpoint saved to experiments/normal/sili/IELM_sili_h4
[2020-10-23 13:48:49] IELM.cv15: Hidden size: 59 	 
Training MSE: 0.25870100 	 Validating MSE: 1.24359369 	 Best VMSE: 1.22985876
[2020-10-23 13:48:49] IELM.cv15: Checkpoint saved to experiments/normal/sili/IELM_sili_h4
[2020-10-23 13:48:49] IELM.cv15: Hidden size: 60 	 
Training MSE: 0.25864211 	 Validating MSE: 1.24790955 	 Best VMSE: 1.22985876
[2020-10-23 13:48:49] IELM.cv15: Checkpoint saved to experiments/normal/sili/IELM_sili_h4
[2020-10-23 13:48:49] IELM.cv15: Hidden size: 61 	 
Training MSE: 0.25620717 	 Validating MSE: 1.27395391 	 Best VMSE: 1.22985876
[2020-10-23 13:48:49] IELM.cv15: Checkpoint saved to experiments/normal/sili/IELM_sili_h4
[2020-10-23 13:48:49] IELM.cv15: Hidden size: 62 	 
Training MSE: 0.25568295 	 Validating MSE: 1.26118636 	 Best VMSE: 1.22985876
[2020-10-23 13:48:49] IELM.cv15: Checkpoint saved to experiments/normal/sili/IELM_sili_h4
[2020-10-23 13:48:49] IELM.cv15: Hidden size: 63 	 
Training MSE: 0.25429863 	 Validating MSE: 1.23165607 	 Best VMSE: 1.22985876
[2020-10-23 13:48:49] IELM.cv15: Checkpoint saved to experiments/normal/sili/IELM_sili_h4
[2020-10-23 13:48:49] IELM.cv15: Hidden size: 64 	 
Training MSE: 0.25380668 	 Validating MSE: 1.24126291 	 Best VMSE: 1.22985876
[2020-10-23 13:48:49] IELM.cv15: Checkpoint saved to experiments/normal/sili/IELM_sili_h4
[2020-10-23 13:48:49] IELM.cv15: Hidden size: 65 	 
Training MSE: 0.25317222 	 Validating MSE: 1.25822961 	 Best VMSE: 1.22985876
[2020-10-23 13:48:49] IELM.cv15: Checkpoint saved to experiments/normal/sili/IELM_sili_h4
[2020-10-23 13:48:49] IELM.cv15: Hidden size: 66 	 
Training MSE: 0.25284034 	 Validating MSE: 1.24802017 	 Best VMSE: 1.22985876
[2020-10-23 13:48:49] IELM.cv15: Checkpoint saved to experiments/normal/sili/IELM_sili_h4
[2020-10-23 13:48:49] IELM.cv15: Hidden size: 67 	 
Training MSE: 0.25261486 	 Validating MSE: 1.25732803 	 Best VMSE: 1.22985876
[2020-10-23 13:48:49] IELM.cv15: Checkpoint saved to experiments/normal/sili/IELM_sili_h4
[2020-10-23 13:48:49] IELM.cv15: Hidden size: 68 	 
Training MSE: 0.25002778 	 Validating MSE: 1.20016420 	 Best VMSE: 1.22985876
[2020-10-23 13:48:49] IELM.cv15: Found new best state
[2020-10-23 13:48:49] IELM.cv15: Best vmse: 1.2002
[2020-10-23 13:48:49] IELM.cv15: Checkpoint saved to experiments/normal/sili/IELM_sili_h4
[2020-10-23 13:48:49] IELM.cv15: Hidden size: 69 	 
Training MSE: 0.24949215 	 Validating MSE: 1.21855867 	 Best VMSE: 1.20016420
[2020-10-23 13:48:49] IELM.cv15: Checkpoint saved to experiments/normal/sili/IELM_sili_h4
[2020-10-23 13:48:50] IELM.cv15: Hidden size: 70 	 
Training MSE: 0.24941818 	 Validating MSE: 1.21156371 	 Best VMSE: 1.20016420
[2020-10-23 13:48:50] IELM.cv15: Checkpoint saved to experiments/normal/sili/IELM_sili_h4
[2020-10-23 13:48:50] IELM.cv15: Hidden size: 71 	 
Training MSE: 0.24939699 	 Validating MSE: 1.20926869 	 Best VMSE: 1.20016420
[2020-10-23 13:48:50] IELM.cv15: Checkpoint saved to experiments/normal/sili/IELM_sili_h4
[2020-10-23 13:48:50] IELM.cv15: Hidden size: 72 	 
Training MSE: 0.24928340 	 Validating MSE: 1.19621217 	 Best VMSE: 1.20016420
[2020-10-23 13:48:50] IELM.cv15: Found new best state
[2020-10-23 13:48:50] IELM.cv15: Best vmse: 1.1962
[2020-10-23 13:48:50] IELM.cv15: Checkpoint saved to experiments/normal/sili/IELM_sili_h4
[2020-10-23 13:48:50] IELM.cv15: Hidden size: 73 	 
Training MSE: 0.24892108 	 Validating MSE: 1.20869040 	 Best VMSE: 1.19621217
[2020-10-23 13:48:50] IELM.cv15: Checkpoint saved to experiments/normal/sili/IELM_sili_h4
[2020-10-23 13:48:50] IELM.cv15: Hidden size: 74 	 
Training MSE: 0.24889235 	 Validating MSE: 1.20781243 	 Best VMSE: 1.19621217
[2020-10-23 13:48:50] IELM.cv15: Checkpoint saved to experiments/normal/sili/IELM_sili_h4
[2020-10-23 13:48:50] IELM.cv15: Hidden size: 75 	 
Training MSE: 0.24887735 	 Validating MSE: 1.20837402 	 Best VMSE: 1.19621217
[2020-10-23 13:48:50] IELM.cv15: Checkpoint saved to experiments/normal/sili/IELM_sili_h4
[2020-10-23 13:48:50] IELM.cv15: Hidden size: 76 	 
Training MSE: 0.24852242 	 Validating MSE: 1.19257486 	 Best VMSE: 1.19621217
[2020-10-23 13:48:50] IELM.cv15: Found new best state
[2020-10-23 13:48:50] IELM.cv15: Best vmse: 1.1926
[2020-10-23 13:48:50] IELM.cv15: Checkpoint saved to experiments/normal/sili/IELM_sili_h4
[2020-10-23 13:48:50] IELM.cv15: Hidden size: 77 	 
Training MSE: 0.24850659 	 Validating MSE: 1.19408309 	 Best VMSE: 1.19257486
[2020-10-23 13:48:50] IELM.cv15: Checkpoint saved to experiments/normal/sili/IELM_sili_h4
[2020-10-23 13:48:50] IELM.cv15: Hidden size: 78 	 
Training MSE: 0.24782798 	 Validating MSE: 1.21150148 	 Best VMSE: 1.19257486
[2020-10-23 13:48:50] IELM.cv15: Checkpoint saved to experiments/normal/sili/IELM_sili_h4
[2020-10-23 13:48:50] IELM.cv15: Hidden size: 79 	 
Training MSE: 0.24738178 	 Validating MSE: 1.18784559 	 Best VMSE: 1.19257486
[2020-10-23 13:48:50] IELM.cv15: Found new best state
[2020-10-23 13:48:50] IELM.cv15: Best vmse: 1.1878
[2020-10-23 13:48:50] IELM.cv15: Checkpoint saved to experiments/normal/sili/IELM_sili_h4
[2020-10-23 13:48:50] IELM.cv15: Hidden size: 80 	 
Training MSE: 0.24734333 	 Validating MSE: 1.18442237 	 Best VMSE: 1.18784559
[2020-10-23 13:48:50] IELM.cv15: Found new best state
[2020-10-23 13:48:50] IELM.cv15: Best vmse: 1.1844
[2020-10-23 13:48:50] IELM.cv15: Checkpoint saved to experiments/normal/sili/IELM_sili_h4
[2020-10-23 13:48:50] IELM.cv15: Hidden size: 81 	 
Training MSE: 0.24502954 	 Validating MSE: 1.10498095 	 Best VMSE: 1.18442237
[2020-10-23 13:48:50] IELM.cv15: Found new best state
[2020-10-23 13:48:50] IELM.cv15: Best vmse: 1.1050
[2020-10-23 13:48:50] IELM.cv15: Checkpoint saved to experiments/normal/sili/IELM_sili_h4
[2020-10-23 13:48:50] IELM.cv15: Hidden size: 82 	 
Training MSE: 0.24171066 	 Validating MSE: 1.14314067 	 Best VMSE: 1.10498095
[2020-10-23 13:48:50] IELM.cv15: Checkpoint saved to experiments/normal/sili/IELM_sili_h4
[2020-10-23 13:48:50] IELM.cv15: Hidden size: 83 	 
Training MSE: 0.24135067 	 Validating MSE: 1.12031531 	 Best VMSE: 1.10498095
[2020-10-23 13:48:50] IELM.cv15: Checkpoint saved to experiments/normal/sili/IELM_sili_h4
[2020-10-23 13:48:50] IELM.cv15: Hidden size: 84 	 
Training MSE: 0.24115188 	 Validating MSE: 1.12715816 	 Best VMSE: 1.10498095
[2020-10-23 13:48:50] IELM.cv15: Checkpoint saved to experiments/normal/sili/IELM_sili_h4
[2020-10-23 13:48:50] IELM.cv15: Hidden size: 85 	 
Training MSE: 0.24014555 	 Validating MSE: 1.10614753 	 Best VMSE: 1.10498095
[2020-10-23 13:48:50] IELM.cv15: Checkpoint saved to experiments/normal/sili/IELM_sili_h4
[2020-10-23 13:48:50] IELM.cv15: Hidden size: 86 	 
Training MSE: 0.23977783 	 Validating MSE: 1.12553203 	 Best VMSE: 1.10498095
[2020-10-23 13:48:50] IELM.cv15: Checkpoint saved to experiments/normal/sili/IELM_sili_h4
[2020-10-23 13:48:50] IELM.cv15: Hidden size: 87 	 
Training MSE: 0.23890691 	 Validating MSE: 1.14291704 	 Best VMSE: 1.10498095
[2020-10-23 13:48:50] IELM.cv15: Checkpoint saved to experiments/normal/sili/IELM_sili_h4
[2020-10-23 13:48:50] IELM.cv15: Hidden size: 88 	 
Training MSE: 0.23887046 	 Validating MSE: 1.13908029 	 Best VMSE: 1.10498095
[2020-10-23 13:48:50] IELM.cv15: Checkpoint saved to experiments/normal/sili/IELM_sili_h4
[2020-10-23 13:48:50] IELM.cv15: Hidden size: 89 	 
Training MSE: 0.23752666 	 Validating MSE: 1.10226500 	 Best VMSE: 1.10498095
[2020-10-23 13:48:50] IELM.cv15: Found new best state
[2020-10-23 13:48:50] IELM.cv15: Best vmse: 1.1023
[2020-10-23 13:48:50] IELM.cv15: Checkpoint saved to experiments/normal/sili/IELM_sili_h4
[2020-10-23 13:48:50] IELM.cv15: Hidden size: 90 	 
Training MSE: 0.23686989 	 Validating MSE: 1.12084579 	 Best VMSE: 1.10226500
[2020-10-23 13:48:50] IELM.cv15: Checkpoint saved to experiments/normal/sili/IELM_sili_h4
[2020-10-23 13:48:50] IELM.cv15: Hidden size: 91 	 
Training MSE: 0.23673739 	 Validating MSE: 1.11157084 	 Best VMSE: 1.10226500
[2020-10-23 13:48:50] IELM.cv15: Checkpoint saved to experiments/normal/sili/IELM_sili_h4
[2020-10-23 13:48:50] IELM.cv15: Hidden size: 92 	 
Training MSE: 0.23672010 	 Validating MSE: 1.11538196 	 Best VMSE: 1.10226500
[2020-10-23 13:48:50] IELM.cv15: Checkpoint saved to experiments/normal/sili/IELM_sili_h4
[2020-10-23 13:48:50] IELM.cv15: Hidden size: 93 	 
Training MSE: 0.23637077 	 Validating MSE: 1.13015139 	 Best VMSE: 1.10226500
[2020-10-23 13:48:50] IELM.cv15: Checkpoint saved to experiments/normal/sili/IELM_sili_h4
[2020-10-23 13:48:50] IELM.cv15: Hidden size: 94 	 
Training MSE: 0.23634546 	 Validating MSE: 1.12778640 	 Best VMSE: 1.10226500
[2020-10-23 13:48:50] IELM.cv15: Checkpoint saved to experiments/normal/sili/IELM_sili_h4
[2020-10-23 13:48:50] IELM.cv15: Hidden size: 95 	 
Training MSE: 0.23580880 	 Validating MSE: 1.10850883 	 Best VMSE: 1.10226500
[2020-10-23 13:48:50] IELM.cv15: Checkpoint saved to experiments/normal/sili/IELM_sili_h4
[2020-10-23 13:48:50] IELM.cv15: Hidden size: 96 	 
Training MSE: 0.23577495 	 Validating MSE: 1.10528755 	 Best VMSE: 1.10226500
[2020-10-23 13:48:50] IELM.cv15: Checkpoint saved to experiments/normal/sili/IELM_sili_h4
[2020-10-23 13:48:50] IELM.cv15: Hidden size: 97 	 
Training MSE: 0.23516978 	 Validating MSE: 1.12262535 	 Best VMSE: 1.10226500
[2020-10-23 13:48:50] IELM.cv15: Checkpoint saved to experiments/normal/sili/IELM_sili_h4
[2020-10-23 13:48:50] IELM.cv15: Hidden size: 98 	 
Training MSE: 0.23510396 	 Validating MSE: 1.11596406 	 Best VMSE: 1.10226500
[2020-10-23 13:48:50] IELM.cv15: Checkpoint saved to experiments/normal/sili/IELM_sili_h4
[2020-10-23 13:48:50] IELM.cv15: Hidden size: 99 	 
Training MSE: 0.23509820 	 Validating MSE: 1.11643517 	 Best VMSE: 1.10226500
[2020-10-23 13:48:50] IELM.cv15: Checkpoint saved to experiments/normal/sili/IELM_sili_h4
[2020-10-23 13:48:50] IELM.cv15: Hidden size: 100 	 
Training MSE: 0.23494220 	 Validating MSE: 1.10664499 	 Best VMSE: 1.10226500
[2020-10-23 13:48:50] IELM.cv15: Checkpoint saved to experiments/normal/sili/IELM_sili_h4
[2020-10-23 13:48:50] IELM.cv15: Restoring best parameters from experiments/normal/sili/IELM_sili_h4/train.cv15.pth.tar
[2020-10-23 13:48:50] IELM.cv15: sili	 H: 4	 Trail: 43 
Testing RMSE: 1.132 	 MAPE: 0.1728 	 SMAPE: 0.09828
