[2020-10-23 13:47:33] IELM.cv4: Loading the datasets and model for 16th-batch-training
[2020-10-23 13:47:33] IELM.cv4: Argument hidden_size: 100
[2020-10-23 13:47:33] IELM.cv4: Argument candidate_size: 300
[2020-10-23 13:47:33] IELM.cv4: Argument Lambdas: [0.5, 1, 5, 15, 30, 50, 100, 150, 200]
[2020-10-23 13:47:33] IELM.cv4: Argument Lambdas_std: [0.01, 0.05, 0.1, 0.5, 1]
[2020-10-23 13:47:33] IELM.cv4: Argument r: [0.8, 0.9, 0.99, 0.9999, 0.999999]
[2020-10-23 13:47:33] IELM.cv4: Argument tolerance: 0
[2020-10-23 13:47:33] IELM.cv4: Argument device: device(type='cuda')
[2020-10-23 13:47:33] IELM.cv4: Argument dataset: 'sili'
[2020-10-23 13:47:33] IELM.cv4: Argument H: 4
[2020-10-23 13:47:33] IELM.cv4: Argument k: 5
[2020-10-23 13:47:33] IELM.cv4: Argument test: False
[2020-10-23 13:47:33] IELM.cv4: Argument normal: True
[2020-10-23 13:47:33] IELM.cv4: Argument diff: False
[2020-10-23 13:47:33] IELM.cv4: Argument times: 60
[2020-10-23 13:47:33] IELM.cv4: Argument datasets: {'ar1': {'lag_order': 15, 'normal': True, 'cov_dim': 0, 'kernel_size': 3}, 'wti': {'lag_order': 25, 'normal': True, 'cov_dim': 0, 'kernel_size': 5}, 'gold': {'lag_order': 25, 'normal': True, 'cov_dim': 0, 'kernel_size': 5}, 'sp': {'lag_order': 25, 'normal': True, 'cov_dim': 0, 'kernel_size': 5}, 'brent': {'lag_order': 24, 'normal': True, 'cov_dim': 0, 'kernel_size': 6}, 'sili': {'lag_order': 26, 'normal': True, 'cov_dim': 0, 'kernel_size': 6}}
[2020-10-23 13:47:33] IELM.cv4: Argument steps: 26
[2020-10-23 13:47:33] IELM.cv4: Argument experiment: 'experiments/normal/sili'
[2020-10-23 13:47:33] IELM.cv4: Argument scaler: StandardScaler()
[2020-10-23 13:47:33] IELM.cv4: Argument model_name: 'IELM_sili_h4'
[2020-10-23 13:47:33] IELM.cv4: Argument model_dir: 'experiments/normal/sili/IELM_sili_h4'
[2020-10-23 13:47:33] IELM.cv4: Argument restore: True
[2020-10-23 13:47:33] IELM.cv4: Argument cv: 4
[2020-10-23 13:47:33] IELM.cv4: Argument plot_dir: 'experiments/normal/sili/IELM_sili_h4/figures'
[2020-10-23 13:47:33] IELM.cv4: Using Cuda...
[2020-10-23 13:47:33] IELM.cv4: Loading complete.
[2020-10-23 13:47:33] IELM.cv4: Model: 
IELM(
  (loss_fn): MSELoss()
)
[2020-10-23 13:47:33] IELM.cv4: Hidden size: 1 	 
Training MSE: 0.39511091 	 Validating MSE: 1.51928735 	 Best VMSE: 9999.00000000
[2020-10-23 13:47:33] IELM.cv4: Found new best state
[2020-10-23 13:47:33] IELM.cv4: Best vmse: 1.5193
[2020-10-23 13:47:33] IELM.cv4: Checkpoint saved to experiments/normal/sili/IELM_sili_h4
[2020-10-23 13:47:33] IELM.cv4: Hidden size: 2 	 
Training MSE: 0.39420620 	 Validating MSE: 1.48436296 	 Best VMSE: 1.51928735
[2020-10-23 13:47:33] IELM.cv4: Found new best state
[2020-10-23 13:47:33] IELM.cv4: Best vmse: 1.4844
[2020-10-23 13:47:33] IELM.cv4: Checkpoint saved to experiments/normal/sili/IELM_sili_h4
[2020-10-23 13:47:33] IELM.cv4: Hidden size: 3 	 
Training MSE: 0.39417833 	 Validating MSE: 1.48916686 	 Best VMSE: 1.48436296
[2020-10-23 13:47:33] IELM.cv4: Checkpoint saved to experiments/normal/sili/IELM_sili_h4
[2020-10-23 13:47:33] IELM.cv4: Hidden size: 4 	 
Training MSE: 0.39153758 	 Validating MSE: 1.53270972 	 Best VMSE: 1.48436296
[2020-10-23 13:47:33] IELM.cv4: Checkpoint saved to experiments/normal/sili/IELM_sili_h4
[2020-10-23 13:47:33] IELM.cv4: Hidden size: 5 	 
Training MSE: 0.39088142 	 Validating MSE: 1.50705183 	 Best VMSE: 1.48436296
[2020-10-23 13:47:33] IELM.cv4: Checkpoint saved to experiments/normal/sili/IELM_sili_h4
[2020-10-23 13:47:33] IELM.cv4: Hidden size: 6 	 
Training MSE: 0.38577288 	 Validating MSE: 1.62597132 	 Best VMSE: 1.48436296
[2020-10-23 13:47:33] IELM.cv4: Checkpoint saved to experiments/normal/sili/IELM_sili_h4
[2020-10-23 13:47:33] IELM.cv4: Hidden size: 7 	 
Training MSE: 0.37932882 	 Validating MSE: 1.53987730 	 Best VMSE: 1.48436296
[2020-10-23 13:47:33] IELM.cv4: Checkpoint saved to experiments/normal/sili/IELM_sili_h4
[2020-10-23 13:47:33] IELM.cv4: Hidden size: 8 	 
Training MSE: 0.37650177 	 Validating MSE: 1.57315910 	 Best VMSE: 1.48436296
[2020-10-23 13:47:33] IELM.cv4: Checkpoint saved to experiments/normal/sili/IELM_sili_h4
[2020-10-23 13:47:33] IELM.cv4: Hidden size: 9 	 
Training MSE: 0.36928624 	 Validating MSE: 1.46858752 	 Best VMSE: 1.48436296
[2020-10-23 13:47:33] IELM.cv4: Found new best state
[2020-10-23 13:47:33] IELM.cv4: Best vmse: 1.4686
[2020-10-23 13:47:33] IELM.cv4: Checkpoint saved to experiments/normal/sili/IELM_sili_h4
[2020-10-23 13:47:33] IELM.cv4: Hidden size: 10 	 
Training MSE: 0.36290553 	 Validating MSE: 1.55328465 	 Best VMSE: 1.46858752
[2020-10-23 13:47:33] IELM.cv4: Checkpoint saved to experiments/normal/sili/IELM_sili_h4
[2020-10-23 13:47:33] IELM.cv4: Hidden size: 11 	 
Training MSE: 0.36081597 	 Validating MSE: 1.58804524 	 Best VMSE: 1.46858752
[2020-10-23 13:47:33] IELM.cv4: Checkpoint saved to experiments/normal/sili/IELM_sili_h4
[2020-10-23 13:47:33] IELM.cv4: Hidden size: 12 	 
Training MSE: 0.36078775 	 Validating MSE: 1.58683801 	 Best VMSE: 1.46858752
[2020-10-23 13:47:33] IELM.cv4: Checkpoint saved to experiments/normal/sili/IELM_sili_h4
[2020-10-23 13:47:33] IELM.cv4: Hidden size: 13 	 
Training MSE: 0.36064735 	 Validating MSE: 1.59783411 	 Best VMSE: 1.46858752
[2020-10-23 13:47:33] IELM.cv4: Checkpoint saved to experiments/normal/sili/IELM_sili_h4
[2020-10-23 13:47:33] IELM.cv4: Hidden size: 14 	 
Training MSE: 0.36060792 	 Validating MSE: 1.59881103 	 Best VMSE: 1.46858752
[2020-10-23 13:47:33] IELM.cv4: Checkpoint saved to experiments/normal/sili/IELM_sili_h4
[2020-10-23 13:47:33] IELM.cv4: Hidden size: 15 	 
Training MSE: 0.36055729 	 Validating MSE: 1.59540153 	 Best VMSE: 1.46858752
[2020-10-23 13:47:33] IELM.cv4: Checkpoint saved to experiments/normal/sili/IELM_sili_h4
[2020-10-23 13:47:33] IELM.cv4: Hidden size: 16 	 
Training MSE: 0.36031589 	 Validating MSE: 1.57834160 	 Best VMSE: 1.46858752
[2020-10-23 13:47:33] IELM.cv4: Checkpoint saved to experiments/normal/sili/IELM_sili_h4
[2020-10-23 13:47:34] IELM.cv4: Hidden size: 17 	 
Training MSE: 0.36020118 	 Validating MSE: 1.56631494 	 Best VMSE: 1.46858752
[2020-10-23 13:47:34] IELM.cv4: Checkpoint saved to experiments/normal/sili/IELM_sili_h4
[2020-10-23 13:47:34] IELM.cv4: Hidden size: 18 	 
Training MSE: 0.35663995 	 Validating MSE: 1.48353493 	 Best VMSE: 1.46858752
[2020-10-23 13:47:34] IELM.cv4: Checkpoint saved to experiments/normal/sili/IELM_sili_h4
[2020-10-23 13:47:34] IELM.cv4: Hidden size: 19 	 
Training MSE: 0.35631219 	 Validating MSE: 1.47236729 	 Best VMSE: 1.46858752
[2020-10-23 13:47:34] IELM.cv4: Checkpoint saved to experiments/normal/sili/IELM_sili_h4
[2020-10-23 13:47:34] IELM.cv4: Hidden size: 20 	 
Training MSE: 0.34602097 	 Validating MSE: 1.59203684 	 Best VMSE: 1.46858752
[2020-10-23 13:47:34] IELM.cv4: Checkpoint saved to experiments/normal/sili/IELM_sili_h4
[2020-10-23 13:47:34] IELM.cv4: Hidden size: 21 	 
Training MSE: 0.34571195 	 Validating MSE: 1.57857156 	 Best VMSE: 1.46858752
[2020-10-23 13:47:34] IELM.cv4: Checkpoint saved to experiments/normal/sili/IELM_sili_h4
[2020-10-23 13:47:34] IELM.cv4: Hidden size: 22 	 
Training MSE: 0.33924261 	 Validating MSE: 1.63911426 	 Best VMSE: 1.46858752
[2020-10-23 13:47:34] IELM.cv4: Checkpoint saved to experiments/normal/sili/IELM_sili_h4
[2020-10-23 13:47:34] IELM.cv4: Hidden size: 23 	 
Training MSE: 0.32628316 	 Validating MSE: 1.47352028 	 Best VMSE: 1.46858752
[2020-10-23 13:47:34] IELM.cv4: Checkpoint saved to experiments/normal/sili/IELM_sili_h4
[2020-10-23 13:47:34] IELM.cv4: Hidden size: 24 	 
Training MSE: 0.32607815 	 Validating MSE: 1.46059823 	 Best VMSE: 1.46858752
[2020-10-23 13:47:34] IELM.cv4: Found new best state
[2020-10-23 13:47:34] IELM.cv4: Best vmse: 1.4606
[2020-10-23 13:47:34] IELM.cv4: Checkpoint saved to experiments/normal/sili/IELM_sili_h4
[2020-10-23 13:47:34] IELM.cv4: Hidden size: 25 	 
Training MSE: 0.32597896 	 Validating MSE: 1.44863367 	 Best VMSE: 1.46059823
[2020-10-23 13:47:34] IELM.cv4: Found new best state
[2020-10-23 13:47:34] IELM.cv4: Best vmse: 1.4486
[2020-10-23 13:47:34] IELM.cv4: Checkpoint saved to experiments/normal/sili/IELM_sili_h4
[2020-10-23 13:47:34] IELM.cv4: Hidden size: 26 	 
Training MSE: 0.32573196 	 Validating MSE: 1.42290795 	 Best VMSE: 1.44863367
[2020-10-23 13:47:34] IELM.cv4: Found new best state
[2020-10-23 13:47:34] IELM.cv4: Best vmse: 1.4229
[2020-10-23 13:47:34] IELM.cv4: Checkpoint saved to experiments/normal/sili/IELM_sili_h4
[2020-10-23 13:47:34] IELM.cv4: Hidden size: 27 	 
Training MSE: 0.32568359 	 Validating MSE: 1.41958606 	 Best VMSE: 1.42290795
[2020-10-23 13:47:34] IELM.cv4: Found new best state
[2020-10-23 13:47:34] IELM.cv4: Best vmse: 1.4196
[2020-10-23 13:47:34] IELM.cv4: Checkpoint saved to experiments/normal/sili/IELM_sili_h4
[2020-10-23 13:47:34] IELM.cv4: Hidden size: 28 	 
Training MSE: 0.32537422 	 Validating MSE: 1.44373810 	 Best VMSE: 1.41958606
[2020-10-23 13:47:34] IELM.cv4: Checkpoint saved to experiments/normal/sili/IELM_sili_h4
[2020-10-23 13:47:34] IELM.cv4: Hidden size: 29 	 
Training MSE: 0.32513255 	 Validating MSE: 1.42714775 	 Best VMSE: 1.41958606
[2020-10-23 13:47:34] IELM.cv4: Checkpoint saved to experiments/normal/sili/IELM_sili_h4
[2020-10-23 13:47:34] IELM.cv4: Hidden size: 30 	 
Training MSE: 0.32307604 	 Validating MSE: 1.45591140 	 Best VMSE: 1.41958606
[2020-10-23 13:47:34] IELM.cv4: Checkpoint saved to experiments/normal/sili/IELM_sili_h4
[2020-10-23 13:47:34] IELM.cv4: Hidden size: 31 	 
Training MSE: 0.32305500 	 Validating MSE: 1.46043313 	 Best VMSE: 1.41958606
[2020-10-23 13:47:34] IELM.cv4: Checkpoint saved to experiments/normal/sili/IELM_sili_h4
[2020-10-23 13:47:34] IELM.cv4: Hidden size: 32 	 
Training MSE: 0.32233357 	 Validating MSE: 1.44156480 	 Best VMSE: 1.41958606
[2020-10-23 13:47:34] IELM.cv4: Checkpoint saved to experiments/normal/sili/IELM_sili_h4
[2020-10-23 13:47:34] IELM.cv4: Hidden size: 33 	 
Training MSE: 0.32203892 	 Validating MSE: 1.41580939 	 Best VMSE: 1.41958606
[2020-10-23 13:47:34] IELM.cv4: Found new best state
[2020-10-23 13:47:34] IELM.cv4: Best vmse: 1.4158
[2020-10-23 13:47:34] IELM.cv4: Checkpoint saved to experiments/normal/sili/IELM_sili_h4
[2020-10-23 13:47:34] IELM.cv4: Hidden size: 34 	 
Training MSE: 0.31362012 	 Validating MSE: 1.48758578 	 Best VMSE: 1.41580939
[2020-10-23 13:47:34] IELM.cv4: Checkpoint saved to experiments/normal/sili/IELM_sili_h4
[2020-10-23 13:47:34] IELM.cv4: Hidden size: 35 	 
Training MSE: 0.30321354 	 Validating MSE: 1.30250263 	 Best VMSE: 1.41580939
[2020-10-23 13:47:34] IELM.cv4: Found new best state
[2020-10-23 13:47:34] IELM.cv4: Best vmse: 1.3025
[2020-10-23 13:47:34] IELM.cv4: Checkpoint saved to experiments/normal/sili/IELM_sili_h4
[2020-10-23 13:47:34] IELM.cv4: Hidden size: 36 	 
Training MSE: 0.30091381 	 Validating MSE: 1.31915128 	 Best VMSE: 1.30250263
[2020-10-23 13:47:34] IELM.cv4: Checkpoint saved to experiments/normal/sili/IELM_sili_h4
[2020-10-23 13:47:34] IELM.cv4: Hidden size: 37 	 
Training MSE: 0.29899672 	 Validating MSE: 1.27963436 	 Best VMSE: 1.30250263
[2020-10-23 13:47:34] IELM.cv4: Found new best state
[2020-10-23 13:47:34] IELM.cv4: Best vmse: 1.2796
[2020-10-23 13:47:34] IELM.cv4: Checkpoint saved to experiments/normal/sili/IELM_sili_h4
[2020-10-23 13:47:34] IELM.cv4: Hidden size: 38 	 
Training MSE: 0.29644209 	 Validating MSE: 1.21938086 	 Best VMSE: 1.27963436
[2020-10-23 13:47:34] IELM.cv4: Found new best state
[2020-10-23 13:47:34] IELM.cv4: Best vmse: 1.2194
[2020-10-23 13:47:34] IELM.cv4: Checkpoint saved to experiments/normal/sili/IELM_sili_h4
[2020-10-23 13:47:34] IELM.cv4: Hidden size: 39 	 
Training MSE: 0.28790531 	 Validating MSE: 1.30766988 	 Best VMSE: 1.21938086
[2020-10-23 13:47:34] IELM.cv4: Checkpoint saved to experiments/normal/sili/IELM_sili_h4
[2020-10-23 13:47:34] IELM.cv4: Hidden size: 40 	 
Training MSE: 0.28782451 	 Validating MSE: 1.30259013 	 Best VMSE: 1.21938086
[2020-10-23 13:47:34] IELM.cv4: Checkpoint saved to experiments/normal/sili/IELM_sili_h4
[2020-10-23 13:47:34] IELM.cv4: Hidden size: 41 	 
Training MSE: 0.28651994 	 Validating MSE: 1.24188805 	 Best VMSE: 1.21938086
[2020-10-23 13:47:34] IELM.cv4: Checkpoint saved to experiments/normal/sili/IELM_sili_h4
[2020-10-23 13:47:34] IELM.cv4: Hidden size: 42 	 
Training MSE: 0.28381404 	 Validating MSE: 1.29649711 	 Best VMSE: 1.21938086
[2020-10-23 13:47:34] IELM.cv4: Checkpoint saved to experiments/normal/sili/IELM_sili_h4
[2020-10-23 13:47:34] IELM.cv4: Hidden size: 43 	 
Training MSE: 0.28283632 	 Validating MSE: 1.26749289 	 Best VMSE: 1.21938086
[2020-10-23 13:47:34] IELM.cv4: Checkpoint saved to experiments/normal/sili/IELM_sili_h4
[2020-10-23 13:47:34] IELM.cv4: Hidden size: 44 	 
Training MSE: 0.28217402 	 Validating MSE: 1.24369395 	 Best VMSE: 1.21938086
[2020-10-23 13:47:34] IELM.cv4: Checkpoint saved to experiments/normal/sili/IELM_sili_h4
[2020-10-23 13:47:34] IELM.cv4: Hidden size: 45 	 
Training MSE: 0.28210860 	 Validating MSE: 1.24919438 	 Best VMSE: 1.21938086
[2020-10-23 13:47:34] IELM.cv4: Checkpoint saved to experiments/normal/sili/IELM_sili_h4
[2020-10-23 13:47:34] IELM.cv4: Hidden size: 46 	 
Training MSE: 0.27494395 	 Validating MSE: 1.12325227 	 Best VMSE: 1.21938086
[2020-10-23 13:47:34] IELM.cv4: Found new best state
[2020-10-23 13:47:34] IELM.cv4: Best vmse: 1.1233
[2020-10-23 13:47:34] IELM.cv4: Checkpoint saved to experiments/normal/sili/IELM_sili_h4
[2020-10-23 13:47:34] IELM.cv4: Hidden size: 47 	 
Training MSE: 0.25544506 	 Validating MSE: 1.21834230 	 Best VMSE: 1.12325227
[2020-10-23 13:47:34] IELM.cv4: Checkpoint saved to experiments/normal/sili/IELM_sili_h4
[2020-10-23 13:47:34] IELM.cv4: Hidden size: 48 	 
Training MSE: 0.25390458 	 Validating MSE: 1.19498181 	 Best VMSE: 1.12325227
[2020-10-23 13:47:34] IELM.cv4: Checkpoint saved to experiments/normal/sili/IELM_sili_h4
[2020-10-23 13:47:34] IELM.cv4: Hidden size: 49 	 
Training MSE: 0.25229496 	 Validating MSE: 1.22434258 	 Best VMSE: 1.12325227
[2020-10-23 13:47:34] IELM.cv4: Checkpoint saved to experiments/normal/sili/IELM_sili_h4
[2020-10-23 13:47:34] IELM.cv4: Hidden size: 50 	 
Training MSE: 0.25101599 	 Validating MSE: 1.19792438 	 Best VMSE: 1.12325227
[2020-10-23 13:47:34] IELM.cv4: Checkpoint saved to experiments/normal/sili/IELM_sili_h4
[2020-10-23 13:47:34] IELM.cv4: Hidden size: 51 	 
Training MSE: 0.25073135 	 Validating MSE: 1.18122625 	 Best VMSE: 1.12325227
[2020-10-23 13:47:34] IELM.cv4: Checkpoint saved to experiments/normal/sili/IELM_sili_h4
[2020-10-23 13:47:34] IELM.cv4: Hidden size: 52 	 
Training MSE: 0.25016811 	 Validating MSE: 1.16471303 	 Best VMSE: 1.12325227
[2020-10-23 13:47:34] IELM.cv4: Checkpoint saved to experiments/normal/sili/IELM_sili_h4
[2020-10-23 13:47:34] IELM.cv4: Hidden size: 53 	 
Training MSE: 0.25013062 	 Validating MSE: 1.16988778 	 Best VMSE: 1.12325227
[2020-10-23 13:47:34] IELM.cv4: Checkpoint saved to experiments/normal/sili/IELM_sili_h4
[2020-10-23 13:47:34] IELM.cv4: Hidden size: 54 	 
Training MSE: 0.24923687 	 Validating MSE: 1.18799424 	 Best VMSE: 1.12325227
[2020-10-23 13:47:35] IELM.cv4: Checkpoint saved to experiments/normal/sili/IELM_sili_h4
[2020-10-23 13:47:35] IELM.cv4: Hidden size: 55 	 
Training MSE: 0.24883351 	 Validating MSE: 1.20267200 	 Best VMSE: 1.12325227
[2020-10-23 13:47:35] IELM.cv4: Checkpoint saved to experiments/normal/sili/IELM_sili_h4
[2020-10-23 13:47:35] IELM.cv4: Hidden size: 56 	 
Training MSE: 0.24870645 	 Validating MSE: 1.19422615 	 Best VMSE: 1.12325227
[2020-10-23 13:47:35] IELM.cv4: Checkpoint saved to experiments/normal/sili/IELM_sili_h4
[2020-10-23 13:47:35] IELM.cv4: Hidden size: 57 	 
Training MSE: 0.24467601 	 Validating MSE: 1.12023139 	 Best VMSE: 1.12325227
[2020-10-23 13:47:35] IELM.cv4: Found new best state
[2020-10-23 13:47:35] IELM.cv4: Best vmse: 1.1202
[2020-10-23 13:47:35] IELM.cv4: Checkpoint saved to experiments/normal/sili/IELM_sili_h4
[2020-10-23 13:47:35] IELM.cv4: Hidden size: 58 	 
Training MSE: 0.24261007 	 Validating MSE: 1.14996183 	 Best VMSE: 1.12023139
[2020-10-23 13:47:35] IELM.cv4: Checkpoint saved to experiments/normal/sili/IELM_sili_h4
[2020-10-23 13:47:35] IELM.cv4: Hidden size: 59 	 
Training MSE: 0.24247223 	 Validating MSE: 1.15899456 	 Best VMSE: 1.12023139
[2020-10-23 13:47:35] IELM.cv4: Checkpoint saved to experiments/normal/sili/IELM_sili_h4
[2020-10-23 13:47:35] IELM.cv4: Hidden size: 60 	 
Training MSE: 0.24235409 	 Validating MSE: 1.16507041 	 Best VMSE: 1.12023139
[2020-10-23 13:47:35] IELM.cv4: Checkpoint saved to experiments/normal/sili/IELM_sili_h4
[2020-10-23 13:47:35] IELM.cv4: Hidden size: 61 	 
Training MSE: 0.24234569 	 Validating MSE: 1.16822970 	 Best VMSE: 1.12023139
[2020-10-23 13:47:35] IELM.cv4: Checkpoint saved to experiments/normal/sili/IELM_sili_h4
[2020-10-23 13:47:35] IELM.cv4: Hidden size: 62 	 
Training MSE: 0.23912416 	 Validating MSE: 1.08722782 	 Best VMSE: 1.12023139
[2020-10-23 13:47:35] IELM.cv4: Found new best state
[2020-10-23 13:47:35] IELM.cv4: Best vmse: 1.0872
[2020-10-23 13:47:35] IELM.cv4: Checkpoint saved to experiments/normal/sili/IELM_sili_h4
[2020-10-23 13:47:35] IELM.cv4: Hidden size: 63 	 
Training MSE: 0.23876035 	 Validating MSE: 1.10267532 	 Best VMSE: 1.08722782
[2020-10-23 13:47:35] IELM.cv4: Checkpoint saved to experiments/normal/sili/IELM_sili_h4
[2020-10-23 13:47:35] IELM.cv4: Hidden size: 64 	 
Training MSE: 0.23746298 	 Validating MSE: 1.06774092 	 Best VMSE: 1.08722782
[2020-10-23 13:47:35] IELM.cv4: Found new best state
[2020-10-23 13:47:35] IELM.cv4: Best vmse: 1.0677
[2020-10-23 13:47:35] IELM.cv4: Checkpoint saved to experiments/normal/sili/IELM_sili_h4
[2020-10-23 13:47:35] IELM.cv4: Hidden size: 65 	 
Training MSE: 0.23085354 	 Validating MSE: 1.11541939 	 Best VMSE: 1.06774092
[2020-10-23 13:47:35] IELM.cv4: Checkpoint saved to experiments/normal/sili/IELM_sili_h4
[2020-10-23 13:47:35] IELM.cv4: Hidden size: 66 	 
Training MSE: 0.22837391 	 Validating MSE: 1.07672179 	 Best VMSE: 1.06774092
[2020-10-23 13:47:35] IELM.cv4: Checkpoint saved to experiments/normal/sili/IELM_sili_h4
[2020-10-23 13:47:35] IELM.cv4: Hidden size: 67 	 
Training MSE: 0.22833991 	 Validating MSE: 1.08151019 	 Best VMSE: 1.06774092
[2020-10-23 13:47:35] IELM.cv4: Checkpoint saved to experiments/normal/sili/IELM_sili_h4
[2020-10-23 13:47:35] IELM.cv4: Hidden size: 68 	 
Training MSE: 0.22557932 	 Validating MSE: 1.11087108 	 Best VMSE: 1.06774092
[2020-10-23 13:47:35] IELM.cv4: Checkpoint saved to experiments/normal/sili/IELM_sili_h4
[2020-10-23 13:47:35] IELM.cv4: Hidden size: 69 	 
Training MSE: 0.22375102 	 Validating MSE: 1.06766105 	 Best VMSE: 1.06774092
[2020-10-23 13:47:35] IELM.cv4: Found new best state
[2020-10-23 13:47:35] IELM.cv4: Best vmse: 1.0677
[2020-10-23 13:47:35] IELM.cv4: Checkpoint saved to experiments/normal/sili/IELM_sili_h4
[2020-10-23 13:47:35] IELM.cv4: Hidden size: 70 	 
Training MSE: 0.22372587 	 Validating MSE: 1.06670451 	 Best VMSE: 1.06766105
[2020-10-23 13:47:35] IELM.cv4: Found new best state
[2020-10-23 13:47:35] IELM.cv4: Best vmse: 1.0667
[2020-10-23 13:47:35] IELM.cv4: Checkpoint saved to experiments/normal/sili/IELM_sili_h4
[2020-10-23 13:47:35] IELM.cv4: Hidden size: 71 	 
Training MSE: 0.22321188 	 Validating MSE: 1.08272266 	 Best VMSE: 1.06670451
[2020-10-23 13:47:35] IELM.cv4: Checkpoint saved to experiments/normal/sili/IELM_sili_h4
[2020-10-23 13:47:35] IELM.cv4: Hidden size: 72 	 
Training MSE: 0.22288792 	 Validating MSE: 1.06923342 	 Best VMSE: 1.06670451
[2020-10-23 13:47:35] IELM.cv4: Checkpoint saved to experiments/normal/sili/IELM_sili_h4
[2020-10-23 13:47:35] IELM.cv4: Hidden size: 73 	 
Training MSE: 0.22280291 	 Validating MSE: 1.06199348 	 Best VMSE: 1.06670451
[2020-10-23 13:47:35] IELM.cv4: Found new best state
[2020-10-23 13:47:35] IELM.cv4: Best vmse: 1.0620
[2020-10-23 13:47:35] IELM.cv4: Checkpoint saved to experiments/normal/sili/IELM_sili_h4
[2020-10-23 13:47:35] IELM.cv4: Hidden size: 74 	 
Training MSE: 0.22239201 	 Validating MSE: 1.04222381 	 Best VMSE: 1.06199348
[2020-10-23 13:47:35] IELM.cv4: Found new best state
[2020-10-23 13:47:35] IELM.cv4: Best vmse: 1.0422
[2020-10-23 13:47:35] IELM.cv4: Checkpoint saved to experiments/normal/sili/IELM_sili_h4
[2020-10-23 13:47:35] IELM.cv4: Hidden size: 75 	 
Training MSE: 0.22088119 	 Validating MSE: 1.06471515 	 Best VMSE: 1.04222381
[2020-10-23 13:47:35] IELM.cv4: Checkpoint saved to experiments/normal/sili/IELM_sili_h4
[2020-10-23 13:47:35] IELM.cv4: Hidden size: 76 	 
Training MSE: 0.22036475 	 Validating MSE: 1.04163766 	 Best VMSE: 1.04222381
[2020-10-23 13:47:35] IELM.cv4: Found new best state
[2020-10-23 13:47:35] IELM.cv4: Best vmse: 1.0416
[2020-10-23 13:47:35] IELM.cv4: Checkpoint saved to experiments/normal/sili/IELM_sili_h4
[2020-10-23 13:47:35] IELM.cv4: Hidden size: 77 	 
Training MSE: 0.22015932 	 Validating MSE: 1.05363941 	 Best VMSE: 1.04163766
[2020-10-23 13:47:35] IELM.cv4: Checkpoint saved to experiments/normal/sili/IELM_sili_h4
[2020-10-23 13:47:35] IELM.cv4: Hidden size: 78 	 
Training MSE: 0.22015652 	 Validating MSE: 1.05348647 	 Best VMSE: 1.04163766
[2020-10-23 13:47:35] IELM.cv4: Checkpoint saved to experiments/normal/sili/IELM_sili_h4
[2020-10-23 13:47:35] IELM.cv4: Hidden size: 79 	 
Training MSE: 0.21927460 	 Validating MSE: 1.01712883 	 Best VMSE: 1.04163766
[2020-10-23 13:47:35] IELM.cv4: Found new best state
[2020-10-23 13:47:35] IELM.cv4: Best vmse: 1.0171
[2020-10-23 13:47:35] IELM.cv4: Checkpoint saved to experiments/normal/sili/IELM_sili_h4
[2020-10-23 13:47:35] IELM.cv4: Hidden size: 80 	 
Training MSE: 0.21748319 	 Validating MSE: 1.04795241 	 Best VMSE: 1.01712883
[2020-10-23 13:47:35] IELM.cv4: Checkpoint saved to experiments/normal/sili/IELM_sili_h4
[2020-10-23 13:47:35] IELM.cv4: Hidden size: 81 	 
Training MSE: 0.21674654 	 Validating MSE: 1.05724788 	 Best VMSE: 1.01712883
[2020-10-23 13:47:35] IELM.cv4: Checkpoint saved to experiments/normal/sili/IELM_sili_h4
[2020-10-23 13:47:35] IELM.cv4: Hidden size: 82 	 
Training MSE: 0.21263508 	 Validating MSE: 0.97105587 	 Best VMSE: 1.01712883
[2020-10-23 13:47:35] IELM.cv4: Found new best state
[2020-10-23 13:47:35] IELM.cv4: Best vmse: 0.9711
[2020-10-23 13:47:35] IELM.cv4: Checkpoint saved to experiments/normal/sili/IELM_sili_h4
[2020-10-23 13:47:35] IELM.cv4: Hidden size: 83 	 
Training MSE: 0.21214248 	 Validating MSE: 0.98111087 	 Best VMSE: 0.97105587
[2020-10-23 13:47:35] IELM.cv4: Checkpoint saved to experiments/normal/sili/IELM_sili_h4
[2020-10-23 13:47:35] IELM.cv4: Hidden size: 84 	 
Training MSE: 0.21180005 	 Validating MSE: 0.99491411 	 Best VMSE: 0.97105587
[2020-10-23 13:47:35] IELM.cv4: Checkpoint saved to experiments/normal/sili/IELM_sili_h4
[2020-10-23 13:47:35] IELM.cv4: Hidden size: 85 	 
Training MSE: 0.21174122 	 Validating MSE: 0.99189156 	 Best VMSE: 0.97105587
[2020-10-23 13:47:35] IELM.cv4: Checkpoint saved to experiments/normal/sili/IELM_sili_h4
[2020-10-23 13:47:35] IELM.cv4: Hidden size: 86 	 
Training MSE: 0.21171395 	 Validating MSE: 0.99119925 	 Best VMSE: 0.97105587
[2020-10-23 13:47:35] IELM.cv4: Checkpoint saved to experiments/normal/sili/IELM_sili_h4
[2020-10-23 13:47:35] IELM.cv4: Hidden size: 87 	 
Training MSE: 0.21165900 	 Validating MSE: 0.98609829 	 Best VMSE: 0.97105587
[2020-10-23 13:47:35] IELM.cv4: Checkpoint saved to experiments/normal/sili/IELM_sili_h4
[2020-10-23 13:47:35] IELM.cv4: Hidden size: 88 	 
Training MSE: 0.21156980 	 Validating MSE: 0.97661829 	 Best VMSE: 0.97105587
[2020-10-23 13:47:35] IELM.cv4: Checkpoint saved to experiments/normal/sili/IELM_sili_h4
[2020-10-23 13:47:35] IELM.cv4: Hidden size: 89 	 
Training MSE: 0.21137781 	 Validating MSE: 0.98737776 	 Best VMSE: 0.97105587
[2020-10-23 13:47:35] IELM.cv4: Checkpoint saved to experiments/normal/sili/IELM_sili_h4
[2020-10-23 13:47:35] IELM.cv4: Hidden size: 90 	 
Training MSE: 0.21136823 	 Validating MSE: 0.98854518 	 Best VMSE: 0.97105587
[2020-10-23 13:47:35] IELM.cv4: Checkpoint saved to experiments/normal/sili/IELM_sili_h4
[2020-10-23 13:47:36] IELM.cv4: Hidden size: 91 	 
Training MSE: 0.21124171 	 Validating MSE: 0.97907364 	 Best VMSE: 0.97105587
[2020-10-23 13:47:36] IELM.cv4: Checkpoint saved to experiments/normal/sili/IELM_sili_h4
[2020-10-23 13:47:36] IELM.cv4: Hidden size: 92 	 
Training MSE: 0.21116342 	 Validating MSE: 0.98434317 	 Best VMSE: 0.97105587
[2020-10-23 13:47:36] IELM.cv4: Checkpoint saved to experiments/normal/sili/IELM_sili_h4
[2020-10-23 13:47:36] IELM.cv4: Hidden size: 93 	 
Training MSE: 0.21113765 	 Validating MSE: 0.98889256 	 Best VMSE: 0.97105587
[2020-10-23 13:47:36] IELM.cv4: Checkpoint saved to experiments/normal/sili/IELM_sili_h4
[2020-10-23 13:47:36] IELM.cv4: Hidden size: 94 	 
Training MSE: 0.21101578 	 Validating MSE: 0.98036611 	 Best VMSE: 0.97105587
[2020-10-23 13:47:36] IELM.cv4: Checkpoint saved to experiments/normal/sili/IELM_sili_h4
[2020-10-23 13:47:36] IELM.cv4: Hidden size: 95 	 
Training MSE: 0.21014522 	 Validating MSE: 0.93428689 	 Best VMSE: 0.97105587
[2020-10-23 13:47:36] IELM.cv4: Found new best state
[2020-10-23 13:47:36] IELM.cv4: Best vmse: 0.9343
[2020-10-23 13:47:36] IELM.cv4: Checkpoint saved to experiments/normal/sili/IELM_sili_h4
[2020-10-23 13:47:36] IELM.cv4: Hidden size: 96 	 
Training MSE: 0.20954740 	 Validating MSE: 0.95186371 	 Best VMSE: 0.93428689
[2020-10-23 13:47:36] IELM.cv4: Checkpoint saved to experiments/normal/sili/IELM_sili_h4
[2020-10-23 13:47:36] IELM.cv4: Hidden size: 97 	 
Training MSE: 0.20946831 	 Validating MSE: 0.95524061 	 Best VMSE: 0.93428689
[2020-10-23 13:47:36] IELM.cv4: Checkpoint saved to experiments/normal/sili/IELM_sili_h4
[2020-10-23 13:47:36] IELM.cv4: Hidden size: 98 	 
Training MSE: 0.20945874 	 Validating MSE: 0.95587075 	 Best VMSE: 0.93428689
[2020-10-23 13:47:36] IELM.cv4: Checkpoint saved to experiments/normal/sili/IELM_sili_h4
[2020-10-23 13:47:36] IELM.cv4: Hidden size: 99 	 
Training MSE: 0.20943771 	 Validating MSE: 0.95254934 	 Best VMSE: 0.93428689
[2020-10-23 13:47:36] IELM.cv4: Checkpoint saved to experiments/normal/sili/IELM_sili_h4
[2020-10-23 13:47:36] IELM.cv4: Hidden size: 100 	 
Training MSE: 0.20943438 	 Validating MSE: 0.95343411 	 Best VMSE: 0.93428689
[2020-10-23 13:47:36] IELM.cv4: Checkpoint saved to experiments/normal/sili/IELM_sili_h4
[2020-10-23 13:47:36] IELM.cv4: Restoring best parameters from experiments/normal/sili/IELM_sili_h4/train.cv4.pth.tar
[2020-10-23 13:47:36] IELM.cv4: sili	 H: 4	 Trail: 16 
Testing RMSE: 1.051 	 MAPE: 0.1642 	 SMAPE: 0.0919
