[2020-10-23 13:49:18] IELM.cv18: Loading the datasets and model for 54th-batch-training
[2020-10-23 13:49:18] IELM.cv18: Argument hidden_size: 100
[2020-10-23 13:49:18] IELM.cv18: Argument candidate_size: 300
[2020-10-23 13:49:18] IELM.cv18: Argument Lambdas: [0.5, 1, 5, 15, 30, 50, 100, 150, 200]
[2020-10-23 13:49:18] IELM.cv18: Argument Lambdas_std: [0.01, 0.05, 0.1, 0.5, 1]
[2020-10-23 13:49:18] IELM.cv18: Argument r: [0.8, 0.9, 0.99, 0.9999, 0.999999]
[2020-10-23 13:49:18] IELM.cv18: Argument tolerance: 0
[2020-10-23 13:49:18] IELM.cv18: Argument device: device(type='cuda')
[2020-10-23 13:49:18] IELM.cv18: Argument dataset: 'sili'
[2020-10-23 13:49:18] IELM.cv18: Argument H: 4
[2020-10-23 13:49:18] IELM.cv18: Argument k: 5
[2020-10-23 13:49:18] IELM.cv18: Argument test: False
[2020-10-23 13:49:18] IELM.cv18: Argument normal: True
[2020-10-23 13:49:18] IELM.cv18: Argument diff: False
[2020-10-23 13:49:18] IELM.cv18: Argument times: 60
[2020-10-23 13:49:18] IELM.cv18: Argument datasets: {'ar1': {'lag_order': 15, 'normal': True, 'cov_dim': 0, 'kernel_size': 3}, 'wti': {'lag_order': 25, 'normal': True, 'cov_dim': 0, 'kernel_size': 5}, 'gold': {'lag_order': 25, 'normal': True, 'cov_dim': 0, 'kernel_size': 5}, 'sp': {'lag_order': 25, 'normal': True, 'cov_dim': 0, 'kernel_size': 5}, 'brent': {'lag_order': 24, 'normal': True, 'cov_dim': 0, 'kernel_size': 6}, 'sili': {'lag_order': 26, 'normal': True, 'cov_dim': 0, 'kernel_size': 6}}
[2020-10-23 13:49:18] IELM.cv18: Argument steps: 26
[2020-10-23 13:49:18] IELM.cv18: Argument experiment: 'experiments/normal/sili'
[2020-10-23 13:49:18] IELM.cv18: Argument scaler: StandardScaler()
[2020-10-23 13:49:18] IELM.cv18: Argument model_name: 'IELM_sili_h4'
[2020-10-23 13:49:18] IELM.cv18: Argument model_dir: 'experiments/normal/sili/IELM_sili_h4'
[2020-10-23 13:49:18] IELM.cv18: Argument restore: True
[2020-10-23 13:49:18] IELM.cv18: Argument cv: 18
[2020-10-23 13:49:18] IELM.cv18: Argument plot_dir: 'experiments/normal/sili/IELM_sili_h4/figures'
[2020-10-23 13:49:18] IELM.cv18: Using Cuda...
[2020-10-23 13:49:18] IELM.cv18: Loading complete.
[2020-10-23 13:49:18] IELM.cv18: Model: 
IELM(
  (loss_fn): MSELoss()
)
[2020-10-23 13:49:18] IELM.cv18: Hidden size: 1 	 
Training MSE: 0.36913291 	 Validating MSE: 1.55406094 	 Best VMSE: 9999.00000000
[2020-10-23 13:49:18] IELM.cv18: Found new best state
[2020-10-23 13:49:18] IELM.cv18: Best vmse: 1.5541
[2020-10-23 13:49:18] IELM.cv18: Checkpoint saved to experiments/normal/sili/IELM_sili_h4
[2020-10-23 13:49:18] IELM.cv18: Hidden size: 2 	 
Training MSE: 0.36832505 	 Validating MSE: 1.59624588 	 Best VMSE: 1.55406094
[2020-10-23 13:49:18] IELM.cv18: Checkpoint saved to experiments/normal/sili/IELM_sili_h4
[2020-10-23 13:49:18] IELM.cv18: Hidden size: 3 	 
Training MSE: 0.36820430 	 Validating MSE: 1.59402311 	 Best VMSE: 1.55406094
[2020-10-23 13:49:18] IELM.cv18: Checkpoint saved to experiments/normal/sili/IELM_sili_h4
[2020-10-23 13:49:18] IELM.cv18: Hidden size: 4 	 
Training MSE: 0.36817718 	 Validating MSE: 1.59219778 	 Best VMSE: 1.55406094
[2020-10-23 13:49:18] IELM.cv18: Checkpoint saved to experiments/normal/sili/IELM_sili_h4
[2020-10-23 13:49:18] IELM.cv18: Hidden size: 5 	 
Training MSE: 0.36649746 	 Validating MSE: 1.54014254 	 Best VMSE: 1.55406094
[2020-10-23 13:49:18] IELM.cv18: Found new best state
[2020-10-23 13:49:18] IELM.cv18: Best vmse: 1.5401
[2020-10-23 13:49:18] IELM.cv18: Checkpoint saved to experiments/normal/sili/IELM_sili_h4
[2020-10-23 13:49:18] IELM.cv18: Hidden size: 6 	 
Training MSE: 0.36619753 	 Validating MSE: 1.53283989 	 Best VMSE: 1.54014254
[2020-10-23 13:49:18] IELM.cv18: Found new best state
[2020-10-23 13:49:18] IELM.cv18: Best vmse: 1.5328
[2020-10-23 13:49:18] IELM.cv18: Checkpoint saved to experiments/normal/sili/IELM_sili_h4
[2020-10-23 13:49:18] IELM.cv18: Hidden size: 7 	 
Training MSE: 0.35948026 	 Validating MSE: 1.42620647 	 Best VMSE: 1.53283989
[2020-10-23 13:49:18] IELM.cv18: Found new best state
[2020-10-23 13:49:18] IELM.cv18: Best vmse: 1.4262
[2020-10-23 13:49:18] IELM.cv18: Checkpoint saved to experiments/normal/sili/IELM_sili_h4
[2020-10-23 13:49:18] IELM.cv18: Hidden size: 8 	 
Training MSE: 0.35908160 	 Validating MSE: 1.44383526 	 Best VMSE: 1.42620647
[2020-10-23 13:49:18] IELM.cv18: Checkpoint saved to experiments/normal/sili/IELM_sili_h4
[2020-10-23 13:49:18] IELM.cv18: Hidden size: 9 	 
Training MSE: 0.35489550 	 Validating MSE: 1.50719893 	 Best VMSE: 1.42620647
[2020-10-23 13:49:18] IELM.cv18: Checkpoint saved to experiments/normal/sili/IELM_sili_h4
[2020-10-23 13:49:18] IELM.cv18: Hidden size: 10 	 
Training MSE: 0.34080219 	 Validating MSE: 1.36732221 	 Best VMSE: 1.42620647
[2020-10-23 13:49:18] IELM.cv18: Found new best state
[2020-10-23 13:49:18] IELM.cv18: Best vmse: 1.3673
[2020-10-23 13:49:18] IELM.cv18: Checkpoint saved to experiments/normal/sili/IELM_sili_h4
[2020-10-23 13:49:18] IELM.cv18: Hidden size: 11 	 
Training MSE: 0.33230305 	 Validating MSE: 1.45232880 	 Best VMSE: 1.36732221
[2020-10-23 13:49:18] IELM.cv18: Checkpoint saved to experiments/normal/sili/IELM_sili_h4
[2020-10-23 13:49:18] IELM.cv18: Hidden size: 12 	 
Training MSE: 0.32918850 	 Validating MSE: 1.49159861 	 Best VMSE: 1.36732221
[2020-10-23 13:49:18] IELM.cv18: Checkpoint saved to experiments/normal/sili/IELM_sili_h4
[2020-10-23 13:49:18] IELM.cv18: Hidden size: 13 	 
Training MSE: 0.32712653 	 Validating MSE: 1.42570674 	 Best VMSE: 1.36732221
[2020-10-23 13:49:19] IELM.cv18: Checkpoint saved to experiments/normal/sili/IELM_sili_h4
[2020-10-23 13:49:19] IELM.cv18: Hidden size: 14 	 
Training MSE: 0.32568073 	 Validating MSE: 1.45968556 	 Best VMSE: 1.36732221
[2020-10-23 13:49:19] IELM.cv18: Checkpoint saved to experiments/normal/sili/IELM_sili_h4
[2020-10-23 13:49:19] IELM.cv18: Hidden size: 15 	 
Training MSE: 0.32229680 	 Validating MSE: 1.39628589 	 Best VMSE: 1.36732221
[2020-10-23 13:49:19] IELM.cv18: Checkpoint saved to experiments/normal/sili/IELM_sili_h4
[2020-10-23 13:49:19] IELM.cv18: Hidden size: 16 	 
Training MSE: 0.31153753 	 Validating MSE: 1.49089575 	 Best VMSE: 1.36732221
[2020-10-23 13:49:19] IELM.cv18: Checkpoint saved to experiments/normal/sili/IELM_sili_h4
[2020-10-23 13:49:19] IELM.cv18: Hidden size: 17 	 
Training MSE: 0.31080827 	 Validating MSE: 1.46096826 	 Best VMSE: 1.36732221
[2020-10-23 13:49:19] IELM.cv18: Checkpoint saved to experiments/normal/sili/IELM_sili_h4
[2020-10-23 13:49:19] IELM.cv18: Hidden size: 18 	 
Training MSE: 0.30792812 	 Validating MSE: 1.39955413 	 Best VMSE: 1.36732221
[2020-10-23 13:49:19] IELM.cv18: Checkpoint saved to experiments/normal/sili/IELM_sili_h4
[2020-10-23 13:49:19] IELM.cv18: Hidden size: 19 	 
Training MSE: 0.30570117 	 Validating MSE: 1.34883213 	 Best VMSE: 1.36732221
[2020-10-23 13:49:19] IELM.cv18: Found new best state
[2020-10-23 13:49:19] IELM.cv18: Best vmse: 1.3488
[2020-10-23 13:49:19] IELM.cv18: Checkpoint saved to experiments/normal/sili/IELM_sili_h4
[2020-10-23 13:49:19] IELM.cv18: Hidden size: 20 	 
Training MSE: 0.30202970 	 Validating MSE: 1.40025604 	 Best VMSE: 1.34883213
[2020-10-23 13:49:19] IELM.cv18: Checkpoint saved to experiments/normal/sili/IELM_sili_h4
[2020-10-23 13:49:19] IELM.cv18: Hidden size: 21 	 
Training MSE: 0.30143744 	 Validating MSE: 1.38645029 	 Best VMSE: 1.34883213
[2020-10-23 13:49:19] IELM.cv18: Checkpoint saved to experiments/normal/sili/IELM_sili_h4
[2020-10-23 13:49:19] IELM.cv18: Hidden size: 22 	 
Training MSE: 0.30040237 	 Validating MSE: 1.41928148 	 Best VMSE: 1.34883213
[2020-10-23 13:49:19] IELM.cv18: Checkpoint saved to experiments/normal/sili/IELM_sili_h4
[2020-10-23 13:49:19] IELM.cv18: Hidden size: 23 	 
Training MSE: 0.29958636 	 Validating MSE: 1.38399625 	 Best VMSE: 1.34883213
[2020-10-23 13:49:19] IELM.cv18: Checkpoint saved to experiments/normal/sili/IELM_sili_h4
[2020-10-23 13:49:19] IELM.cv18: Hidden size: 24 	 
Training MSE: 0.29420480 	 Validating MSE: 1.42267621 	 Best VMSE: 1.34883213
[2020-10-23 13:49:19] IELM.cv18: Checkpoint saved to experiments/normal/sili/IELM_sili_h4
[2020-10-23 13:49:19] IELM.cv18: Hidden size: 25 	 
Training MSE: 0.29417509 	 Validating MSE: 1.42041135 	 Best VMSE: 1.34883213
[2020-10-23 13:49:19] IELM.cv18: Checkpoint saved to experiments/normal/sili/IELM_sili_h4
[2020-10-23 13:49:19] IELM.cv18: Hidden size: 26 	 
Training MSE: 0.28016362 	 Validating MSE: 1.19682813 	 Best VMSE: 1.34883213
[2020-10-23 13:49:19] IELM.cv18: Found new best state
[2020-10-23 13:49:19] IELM.cv18: Best vmse: 1.1968
[2020-10-23 13:49:19] IELM.cv18: Checkpoint saved to experiments/normal/sili/IELM_sili_h4
[2020-10-23 13:49:19] IELM.cv18: Hidden size: 27 	 
Training MSE: 0.26738453 	 Validating MSE: 1.26013613 	 Best VMSE: 1.19682813
[2020-10-23 13:49:19] IELM.cv18: Checkpoint saved to experiments/normal/sili/IELM_sili_h4
[2020-10-23 13:49:19] IELM.cv18: Hidden size: 28 	 
Training MSE: 0.26737022 	 Validating MSE: 1.26117909 	 Best VMSE: 1.19682813
[2020-10-23 13:49:19] IELM.cv18: Checkpoint saved to experiments/normal/sili/IELM_sili_h4
[2020-10-23 13:49:19] IELM.cv18: Hidden size: 29 	 
Training MSE: 0.26596770 	 Validating MSE: 1.23548162 	 Best VMSE: 1.19682813
[2020-10-23 13:49:19] IELM.cv18: Checkpoint saved to experiments/normal/sili/IELM_sili_h4
[2020-10-23 13:49:19] IELM.cv18: Hidden size: 30 	 
Training MSE: 0.26584870 	 Validating MSE: 1.24914765 	 Best VMSE: 1.19682813
[2020-10-23 13:49:19] IELM.cv18: Checkpoint saved to experiments/normal/sili/IELM_sili_h4
[2020-10-23 13:49:19] IELM.cv18: Hidden size: 31 	 
Training MSE: 0.26514295 	 Validating MSE: 1.21421933 	 Best VMSE: 1.19682813
[2020-10-23 13:49:19] IELM.cv18: Checkpoint saved to experiments/normal/sili/IELM_sili_h4
[2020-10-23 13:49:19] IELM.cv18: Hidden size: 32 	 
Training MSE: 0.26355207 	 Validating MSE: 1.22975457 	 Best VMSE: 1.19682813
[2020-10-23 13:49:19] IELM.cv18: Checkpoint saved to experiments/normal/sili/IELM_sili_h4
[2020-10-23 13:49:19] IELM.cv18: Hidden size: 33 	 
Training MSE: 0.25972307 	 Validating MSE: 1.16773510 	 Best VMSE: 1.19682813
[2020-10-23 13:49:19] IELM.cv18: Found new best state
[2020-10-23 13:49:19] IELM.cv18: Best vmse: 1.1677
[2020-10-23 13:49:19] IELM.cv18: Checkpoint saved to experiments/normal/sili/IELM_sili_h4
[2020-10-23 13:49:19] IELM.cv18: Hidden size: 34 	 
Training MSE: 0.25564244 	 Validating MSE: 1.19887948 	 Best VMSE: 1.16773510
[2020-10-23 13:49:19] IELM.cv18: Checkpoint saved to experiments/normal/sili/IELM_sili_h4
[2020-10-23 13:49:19] IELM.cv18: Hidden size: 35 	 
Training MSE: 0.25400567 	 Validating MSE: 1.16149664 	 Best VMSE: 1.16773510
[2020-10-23 13:49:19] IELM.cv18: Found new best state
[2020-10-23 13:49:19] IELM.cv18: Best vmse: 1.1615
[2020-10-23 13:49:19] IELM.cv18: Checkpoint saved to experiments/normal/sili/IELM_sili_h4
[2020-10-23 13:49:19] IELM.cv18: Hidden size: 36 	 
Training MSE: 0.25384027 	 Validating MSE: 1.17080164 	 Best VMSE: 1.16149664
[2020-10-23 13:49:19] IELM.cv18: Checkpoint saved to experiments/normal/sili/IELM_sili_h4
[2020-10-23 13:49:19] IELM.cv18: Hidden size: 37 	 
Training MSE: 0.25354591 	 Validating MSE: 1.18601537 	 Best VMSE: 1.16149664
[2020-10-23 13:49:19] IELM.cv18: Checkpoint saved to experiments/normal/sili/IELM_sili_h4
[2020-10-23 13:49:19] IELM.cv18: Hidden size: 38 	 
Training MSE: 0.25315434 	 Validating MSE: 1.16905653 	 Best VMSE: 1.16149664
[2020-10-23 13:49:19] IELM.cv18: Checkpoint saved to experiments/normal/sili/IELM_sili_h4
[2020-10-23 13:49:19] IELM.cv18: Hidden size: 39 	 
Training MSE: 0.25285280 	 Validating MSE: 1.17469049 	 Best VMSE: 1.16149664
[2020-10-23 13:49:19] IELM.cv18: Checkpoint saved to experiments/normal/sili/IELM_sili_h4
[2020-10-23 13:49:19] IELM.cv18: Hidden size: 40 	 
Training MSE: 0.25197333 	 Validating MSE: 1.15624356 	 Best VMSE: 1.16149664
[2020-10-23 13:49:19] IELM.cv18: Found new best state
[2020-10-23 13:49:19] IELM.cv18: Best vmse: 1.1562
[2020-10-23 13:49:19] IELM.cv18: Checkpoint saved to experiments/normal/sili/IELM_sili_h4
[2020-10-23 13:49:19] IELM.cv18: Hidden size: 41 	 
Training MSE: 0.25075561 	 Validating MSE: 1.17473090 	 Best VMSE: 1.15624356
[2020-10-23 13:49:19] IELM.cv18: Checkpoint saved to experiments/normal/sili/IELM_sili_h4
[2020-10-23 13:49:19] IELM.cv18: Hidden size: 42 	 
Training MSE: 0.24659514 	 Validating MSE: 1.10947585 	 Best VMSE: 1.15624356
[2020-10-23 13:49:19] IELM.cv18: Found new best state
[2020-10-23 13:49:19] IELM.cv18: Best vmse: 1.1095
[2020-10-23 13:49:19] IELM.cv18: Checkpoint saved to experiments/normal/sili/IELM_sili_h4
[2020-10-23 13:49:19] IELM.cv18: Hidden size: 43 	 
Training MSE: 0.24621375 	 Validating MSE: 1.12666082 	 Best VMSE: 1.10947585
[2020-10-23 13:49:19] IELM.cv18: Checkpoint saved to experiments/normal/sili/IELM_sili_h4
[2020-10-23 13:49:19] IELM.cv18: Hidden size: 44 	 
Training MSE: 0.24571501 	 Validating MSE: 1.13519156 	 Best VMSE: 1.10947585
[2020-10-23 13:49:19] IELM.cv18: Checkpoint saved to experiments/normal/sili/IELM_sili_h4
[2020-10-23 13:49:19] IELM.cv18: Hidden size: 45 	 
Training MSE: 0.24567635 	 Validating MSE: 1.12884283 	 Best VMSE: 1.10947585
[2020-10-23 13:49:19] IELM.cv18: Checkpoint saved to experiments/normal/sili/IELM_sili_h4
[2020-10-23 13:49:19] IELM.cv18: Hidden size: 46 	 
Training MSE: 0.24566022 	 Validating MSE: 1.13130975 	 Best VMSE: 1.10947585
[2020-10-23 13:49:19] IELM.cv18: Checkpoint saved to experiments/normal/sili/IELM_sili_h4
[2020-10-23 13:49:19] IELM.cv18: Hidden size: 47 	 
Training MSE: 0.24542812 	 Validating MSE: 1.13804650 	 Best VMSE: 1.10947585
[2020-10-23 13:49:19] IELM.cv18: Checkpoint saved to experiments/normal/sili/IELM_sili_h4
[2020-10-23 13:49:19] IELM.cv18: Hidden size: 48 	 
Training MSE: 0.24514300 	 Validating MSE: 1.12482405 	 Best VMSE: 1.10947585
[2020-10-23 13:49:19] IELM.cv18: Checkpoint saved to experiments/normal/sili/IELM_sili_h4
[2020-10-23 13:49:19] IELM.cv18: Hidden size: 49 	 
Training MSE: 0.24510196 	 Validating MSE: 1.13126576 	 Best VMSE: 1.10947585
[2020-10-23 13:49:19] IELM.cv18: Checkpoint saved to experiments/normal/sili/IELM_sili_h4
[2020-10-23 13:49:20] IELM.cv18: Hidden size: 50 	 
Training MSE: 0.24503943 	 Validating MSE: 1.12597418 	 Best VMSE: 1.10947585
[2020-10-23 13:49:20] IELM.cv18: Checkpoint saved to experiments/normal/sili/IELM_sili_h4
[2020-10-23 13:49:20] IELM.cv18: Hidden size: 51 	 
Training MSE: 0.24494770 	 Validating MSE: 1.13491940 	 Best VMSE: 1.10947585
[2020-10-23 13:49:20] IELM.cv18: Checkpoint saved to experiments/normal/sili/IELM_sili_h4
[2020-10-23 13:49:20] IELM.cv18: Hidden size: 52 	 
Training MSE: 0.24459848 	 Validating MSE: 1.12217283 	 Best VMSE: 1.10947585
[2020-10-23 13:49:20] IELM.cv18: Checkpoint saved to experiments/normal/sili/IELM_sili_h4
[2020-10-23 13:49:20] IELM.cv18: Hidden size: 53 	 
Training MSE: 0.24292322 	 Validating MSE: 1.14729071 	 Best VMSE: 1.10947585
[2020-10-23 13:49:20] IELM.cv18: Checkpoint saved to experiments/normal/sili/IELM_sili_h4
[2020-10-23 13:49:20] IELM.cv18: Hidden size: 54 	 
Training MSE: 0.24254893 	 Validating MSE: 1.13501716 	 Best VMSE: 1.10947585
[2020-10-23 13:49:20] IELM.cv18: Checkpoint saved to experiments/normal/sili/IELM_sili_h4
[2020-10-23 13:49:20] IELM.cv18: Hidden size: 55 	 
Training MSE: 0.24208620 	 Validating MSE: 1.11679101 	 Best VMSE: 1.10947585
[2020-10-23 13:49:20] IELM.cv18: Checkpoint saved to experiments/normal/sili/IELM_sili_h4
[2020-10-23 13:49:20] IELM.cv18: Hidden size: 56 	 
Training MSE: 0.24206968 	 Validating MSE: 1.11440659 	 Best VMSE: 1.10947585
[2020-10-23 13:49:20] IELM.cv18: Checkpoint saved to experiments/normal/sili/IELM_sili_h4
[2020-10-23 13:49:20] IELM.cv18: Hidden size: 57 	 
Training MSE: 0.24182694 	 Validating MSE: 1.09946215 	 Best VMSE: 1.10947585
[2020-10-23 13:49:20] IELM.cv18: Found new best state
[2020-10-23 13:49:20] IELM.cv18: Best vmse: 1.0995
[2020-10-23 13:49:20] IELM.cv18: Checkpoint saved to experiments/normal/sili/IELM_sili_h4
[2020-10-23 13:49:20] IELM.cv18: Hidden size: 58 	 
Training MSE: 0.24113142 	 Validating MSE: 1.12303185 	 Best VMSE: 1.09946215
[2020-10-23 13:49:20] IELM.cv18: Checkpoint saved to experiments/normal/sili/IELM_sili_h4
[2020-10-23 13:49:20] IELM.cv18: Hidden size: 59 	 
Training MSE: 0.24050274 	 Validating MSE: 1.09637570 	 Best VMSE: 1.09946215
[2020-10-23 13:49:20] IELM.cv18: Found new best state
[2020-10-23 13:49:20] IELM.cv18: Best vmse: 1.0964
[2020-10-23 13:49:20] IELM.cv18: Checkpoint saved to experiments/normal/sili/IELM_sili_h4
[2020-10-23 13:49:20] IELM.cv18: Hidden size: 60 	 
Training MSE: 0.24034868 	 Validating MSE: 1.11160445 	 Best VMSE: 1.09637570
[2020-10-23 13:49:20] IELM.cv18: Checkpoint saved to experiments/normal/sili/IELM_sili_h4
[2020-10-23 13:49:20] IELM.cv18: Hidden size: 61 	 
Training MSE: 0.23954354 	 Validating MSE: 1.12291408 	 Best VMSE: 1.09637570
[2020-10-23 13:49:20] IELM.cv18: Checkpoint saved to experiments/normal/sili/IELM_sili_h4
[2020-10-23 13:49:20] IELM.cv18: Hidden size: 62 	 
Training MSE: 0.23953311 	 Validating MSE: 1.12148690 	 Best VMSE: 1.09637570
[2020-10-23 13:49:20] IELM.cv18: Checkpoint saved to experiments/normal/sili/IELM_sili_h4
[2020-10-23 13:49:20] IELM.cv18: Hidden size: 63 	 
Training MSE: 0.23893696 	 Validating MSE: 1.09269381 	 Best VMSE: 1.09637570
[2020-10-23 13:49:20] IELM.cv18: Found new best state
[2020-10-23 13:49:20] IELM.cv18: Best vmse: 1.0927
[2020-10-23 13:49:20] IELM.cv18: Checkpoint saved to experiments/normal/sili/IELM_sili_h4
[2020-10-23 13:49:20] IELM.cv18: Hidden size: 64 	 
Training MSE: 0.23883773 	 Validating MSE: 1.08307076 	 Best VMSE: 1.09269381
[2020-10-23 13:49:20] IELM.cv18: Found new best state
[2020-10-23 13:49:20] IELM.cv18: Best vmse: 1.0831
[2020-10-23 13:49:20] IELM.cv18: Checkpoint saved to experiments/normal/sili/IELM_sili_h4
[2020-10-23 13:49:20] IELM.cv18: Hidden size: 65 	 
Training MSE: 0.23784713 	 Validating MSE: 1.10773313 	 Best VMSE: 1.08307076
[2020-10-23 13:49:20] IELM.cv18: Checkpoint saved to experiments/normal/sili/IELM_sili_h4
[2020-10-23 13:49:20] IELM.cv18: Hidden size: 66 	 
Training MSE: 0.23740439 	 Validating MSE: 1.11805236 	 Best VMSE: 1.08307076
[2020-10-23 13:49:20] IELM.cv18: Checkpoint saved to experiments/normal/sili/IELM_sili_h4
[2020-10-23 13:49:20] IELM.cv18: Hidden size: 67 	 
Training MSE: 0.23557720 	 Validating MSE: 1.08188963 	 Best VMSE: 1.08307076
[2020-10-23 13:49:20] IELM.cv18: Found new best state
[2020-10-23 13:49:20] IELM.cv18: Best vmse: 1.0819
[2020-10-23 13:49:20] IELM.cv18: Checkpoint saved to experiments/normal/sili/IELM_sili_h4
[2020-10-23 13:49:20] IELM.cv18: Hidden size: 68 	 
Training MSE: 0.23540826 	 Validating MSE: 1.08951104 	 Best VMSE: 1.08188963
[2020-10-23 13:49:20] IELM.cv18: Checkpoint saved to experiments/normal/sili/IELM_sili_h4
[2020-10-23 13:49:20] IELM.cv18: Hidden size: 69 	 
Training MSE: 0.23538962 	 Validating MSE: 1.09158123 	 Best VMSE: 1.08188963
[2020-10-23 13:49:20] IELM.cv18: Checkpoint saved to experiments/normal/sili/IELM_sili_h4
[2020-10-23 13:49:20] IELM.cv18: Hidden size: 70 	 
Training MSE: 0.23489928 	 Validating MSE: 1.07209241 	 Best VMSE: 1.08188963
[2020-10-23 13:49:20] IELM.cv18: Found new best state
[2020-10-23 13:49:20] IELM.cv18: Best vmse: 1.0721
[2020-10-23 13:49:20] IELM.cv18: Checkpoint saved to experiments/normal/sili/IELM_sili_h4
[2020-10-23 13:49:20] IELM.cv18: Hidden size: 71 	 
Training MSE: 0.23445880 	 Validating MSE: 1.08501148 	 Best VMSE: 1.07209241
[2020-10-23 13:49:20] IELM.cv18: Checkpoint saved to experiments/normal/sili/IELM_sili_h4
[2020-10-23 13:49:20] IELM.cv18: Hidden size: 72 	 
Training MSE: 0.23434566 	 Validating MSE: 1.09064031 	 Best VMSE: 1.07209241
[2020-10-23 13:49:20] IELM.cv18: Checkpoint saved to experiments/normal/sili/IELM_sili_h4
[2020-10-23 13:49:20] IELM.cv18: Hidden size: 73 	 
Training MSE: 0.23433450 	 Validating MSE: 1.08886850 	 Best VMSE: 1.07209241
[2020-10-23 13:49:20] IELM.cv18: Checkpoint saved to experiments/normal/sili/IELM_sili_h4
[2020-10-23 13:49:20] IELM.cv18: Hidden size: 74 	 
Training MSE: 0.23402600 	 Validating MSE: 1.07901704 	 Best VMSE: 1.07209241
[2020-10-23 13:49:20] IELM.cv18: Checkpoint saved to experiments/normal/sili/IELM_sili_h4
[2020-10-23 13:49:20] IELM.cv18: Hidden size: 75 	 
Training MSE: 0.23375499 	 Validating MSE: 1.08999157 	 Best VMSE: 1.07209241
[2020-10-23 13:49:20] IELM.cv18: Checkpoint saved to experiments/normal/sili/IELM_sili_h4
[2020-10-23 13:49:20] IELM.cv18: Hidden size: 76 	 
Training MSE: 0.23300454 	 Validating MSE: 1.06470048 	 Best VMSE: 1.07209241
[2020-10-23 13:49:20] IELM.cv18: Found new best state
[2020-10-23 13:49:20] IELM.cv18: Best vmse: 1.0647
[2020-10-23 13:49:20] IELM.cv18: Checkpoint saved to experiments/normal/sili/IELM_sili_h4
[2020-10-23 13:49:20] IELM.cv18: Hidden size: 77 	 
Training MSE: 0.23298457 	 Validating MSE: 1.06716049 	 Best VMSE: 1.06470048
[2020-10-23 13:49:20] IELM.cv18: Checkpoint saved to experiments/normal/sili/IELM_sili_h4
[2020-10-23 13:49:20] IELM.cv18: Hidden size: 78 	 
Training MSE: 0.23256712 	 Validating MSE: 1.07696605 	 Best VMSE: 1.06470048
[2020-10-23 13:49:20] IELM.cv18: Checkpoint saved to experiments/normal/sili/IELM_sili_h4
[2020-10-23 13:49:20] IELM.cv18: Hidden size: 79 	 
Training MSE: 0.23186183 	 Validating MSE: 1.05354917 	 Best VMSE: 1.06470048
[2020-10-23 13:49:20] IELM.cv18: Found new best state
[2020-10-23 13:49:20] IELM.cv18: Best vmse: 1.0535
[2020-10-23 13:49:20] IELM.cv18: Checkpoint saved to experiments/normal/sili/IELM_sili_h4
[2020-10-23 13:49:20] IELM.cv18: Hidden size: 80 	 
Training MSE: 0.23181802 	 Validating MSE: 1.05834043 	 Best VMSE: 1.05354917
[2020-10-23 13:49:20] IELM.cv18: Checkpoint saved to experiments/normal/sili/IELM_sili_h4
[2020-10-23 13:49:20] IELM.cv18: Hidden size: 81 	 
Training MSE: 0.23112427 	 Validating MSE: 1.07049751 	 Best VMSE: 1.05354917
[2020-10-23 13:49:20] IELM.cv18: Checkpoint saved to experiments/normal/sili/IELM_sili_h4
[2020-10-23 13:49:20] IELM.cv18: Hidden size: 82 	 
Training MSE: 0.23112135 	 Validating MSE: 1.07013369 	 Best VMSE: 1.05354917
[2020-10-23 13:49:20] IELM.cv18: Checkpoint saved to experiments/normal/sili/IELM_sili_h4
[2020-10-23 13:49:20] IELM.cv18: Hidden size: 83 	 
Training MSE: 0.23016141 	 Validating MSE: 1.03977871 	 Best VMSE: 1.05354917
[2020-10-23 13:49:20] IELM.cv18: Found new best state
[2020-10-23 13:49:20] IELM.cv18: Best vmse: 1.0398
[2020-10-23 13:49:20] IELM.cv18: Checkpoint saved to experiments/normal/sili/IELM_sili_h4
[2020-10-23 13:49:20] IELM.cv18: Hidden size: 84 	 
Training MSE: 0.23012798 	 Validating MSE: 1.03526151 	 Best VMSE: 1.03977871
[2020-10-23 13:49:20] IELM.cv18: Found new best state
[2020-10-23 13:49:20] IELM.cv18: Best vmse: 1.0353
[2020-10-23 13:49:20] IELM.cv18: Checkpoint saved to experiments/normal/sili/IELM_sili_h4
[2020-10-23 13:49:20] IELM.cv18: Hidden size: 85 	 
Training MSE: 0.22880957 	 Validating MSE: 1.04750001 	 Best VMSE: 1.03526151
[2020-10-23 13:49:20] IELM.cv18: Checkpoint saved to experiments/normal/sili/IELM_sili_h4
[2020-10-23 13:49:20] IELM.cv18: Hidden size: 86 	 
Training MSE: 0.22730787 	 Validating MSE: 1.00276804 	 Best VMSE: 1.03526151
[2020-10-23 13:49:20] IELM.cv18: Found new best state
[2020-10-23 13:49:20] IELM.cv18: Best vmse: 1.0028
[2020-10-23 13:49:20] IELM.cv18: Checkpoint saved to experiments/normal/sili/IELM_sili_h4
[2020-10-23 13:49:21] IELM.cv18: Hidden size: 87 	 
Training MSE: 0.22702266 	 Validating MSE: 1.01519394 	 Best VMSE: 1.00276804
[2020-10-23 13:49:21] IELM.cv18: Checkpoint saved to experiments/normal/sili/IELM_sili_h4
[2020-10-23 13:49:21] IELM.cv18: Hidden size: 88 	 
Training MSE: 0.22697127 	 Validating MSE: 1.02117860 	 Best VMSE: 1.00276804
[2020-10-23 13:49:21] IELM.cv18: Checkpoint saved to experiments/normal/sili/IELM_sili_h4
[2020-10-23 13:49:21] IELM.cv18: Hidden size: 89 	 
Training MSE: 0.22693722 	 Validating MSE: 1.01923370 	 Best VMSE: 1.00276804
[2020-10-23 13:49:21] IELM.cv18: Checkpoint saved to experiments/normal/sili/IELM_sili_h4
[2020-10-23 13:49:21] IELM.cv18: Hidden size: 90 	 
Training MSE: 0.22599609 	 Validating MSE: 0.99072409 	 Best VMSE: 1.00276804
[2020-10-23 13:49:21] IELM.cv18: Found new best state
[2020-10-23 13:49:21] IELM.cv18: Best vmse: 0.9907
[2020-10-23 13:49:21] IELM.cv18: Checkpoint saved to experiments/normal/sili/IELM_sili_h4
[2020-10-23 13:49:21] IELM.cv18: Hidden size: 91 	 
Training MSE: 0.22508098 	 Validating MSE: 1.00556564 	 Best VMSE: 0.99072409
[2020-10-23 13:49:21] IELM.cv18: Checkpoint saved to experiments/normal/sili/IELM_sili_h4
[2020-10-23 13:49:21] IELM.cv18: Hidden size: 92 	 
Training MSE: 0.22501004 	 Validating MSE: 1.01250875 	 Best VMSE: 0.99072409
[2020-10-23 13:49:21] IELM.cv18: Checkpoint saved to experiments/normal/sili/IELM_sili_h4
[2020-10-23 13:49:21] IELM.cv18: Hidden size: 93 	 
Training MSE: 0.22498919 	 Validating MSE: 1.01604092 	 Best VMSE: 0.99072409
[2020-10-23 13:49:21] IELM.cv18: Checkpoint saved to experiments/normal/sili/IELM_sili_h4
[2020-10-23 13:49:21] IELM.cv18: Hidden size: 94 	 
Training MSE: 0.22428951 	 Validating MSE: 0.98946685 	 Best VMSE: 0.99072409
[2020-10-23 13:49:21] IELM.cv18: Found new best state
[2020-10-23 13:49:21] IELM.cv18: Best vmse: 0.9895
[2020-10-23 13:49:21] IELM.cv18: Checkpoint saved to experiments/normal/sili/IELM_sili_h4
[2020-10-23 13:49:21] IELM.cv18: Hidden size: 95 	 
Training MSE: 0.22426167 	 Validating MSE: 0.98566568 	 Best VMSE: 0.98946685
[2020-10-23 13:49:21] IELM.cv18: Found new best state
[2020-10-23 13:49:21] IELM.cv18: Best vmse: 0.9857
[2020-10-23 13:49:21] IELM.cv18: Checkpoint saved to experiments/normal/sili/IELM_sili_h4
[2020-10-23 13:49:21] IELM.cv18: Hidden size: 96 	 
Training MSE: 0.22392958 	 Validating MSE: 1.00223780 	 Best VMSE: 0.98566568
[2020-10-23 13:49:21] IELM.cv18: Checkpoint saved to experiments/normal/sili/IELM_sili_h4
[2020-10-23 13:49:21] IELM.cv18: Hidden size: 97 	 
Training MSE: 0.22386076 	 Validating MSE: 0.99726689 	 Best VMSE: 0.98566568
[2020-10-23 13:49:21] IELM.cv18: Checkpoint saved to experiments/normal/sili/IELM_sili_h4
[2020-10-23 13:49:21] IELM.cv18: Hidden size: 98 	 
Training MSE: 0.22345912 	 Validating MSE: 1.00476325 	 Best VMSE: 0.98566568
[2020-10-23 13:49:21] IELM.cv18: Checkpoint saved to experiments/normal/sili/IELM_sili_h4
[2020-10-23 13:49:21] IELM.cv18: Hidden size: 99 	 
Training MSE: 0.22303495 	 Validating MSE: 0.99241829 	 Best VMSE: 0.98566568
[2020-10-23 13:49:21] IELM.cv18: Checkpoint saved to experiments/normal/sili/IELM_sili_h4
[2020-10-23 13:49:21] IELM.cv18: Hidden size: 100 	 
Training MSE: 0.22234458 	 Validating MSE: 0.96044648 	 Best VMSE: 0.98566568
[2020-10-23 13:49:21] IELM.cv18: Found new best state
[2020-10-23 13:49:21] IELM.cv18: Best vmse: 0.9604
[2020-10-23 13:49:21] IELM.cv18: Checkpoint saved to experiments/normal/sili/IELM_sili_h4
[2020-10-23 13:49:21] IELM.cv18: Restoring best parameters from experiments/normal/sili/IELM_sili_h4/train.cv18.pth.tar
[2020-10-23 13:49:21] IELM.cv18: sili	 H: 4	 Trail: 54 
Testing RMSE: 1.054 	 MAPE: 0.162 	 SMAPE: 0.09038
