[2020-10-22 11:33:29] esmCNN.cv11: Loading the datasets and model for 30th-batch-training
[2020-10-22 11:33:29] esmCNN.cv11: Argument channel_size: 100
[2020-10-22 11:33:29] esmCNN.cv11: Argument candidate_size: 300
[2020-10-22 11:33:29] esmCNN.cv11: Argument kernel_size: 3
[2020-10-22 11:33:29] esmCNN.cv11: Argument kernel_list: [5, 3, 3, 2]
[2020-10-22 11:33:29] esmCNN.cv11: Argument Lambdas: [0.5, 1, 5, 15, 30, 50, 100, 150, 200]
[2020-10-22 11:33:29] esmCNN.cv11: Argument Lambdas_std: [0.01, 0.05, 0.1, 0.5, 1]
[2020-10-22 11:33:29] esmCNN.cv11: Argument r: [0.8, 0.9, 0.99, 0.9999, 0.999999]
[2020-10-22 11:33:29] esmCNN.cv11: Argument tolerance: 0
[2020-10-22 11:33:29] esmCNN.cv11: Argument device: device(type='cuda')
[2020-10-22 11:33:29] esmCNN.cv11: Argument dataset: 'ar1'
[2020-10-22 11:33:29] esmCNN.cv11: Argument H: 3
[2020-10-22 11:33:29] esmCNN.cv11: Argument k: 5
[2020-10-22 11:33:29] esmCNN.cv11: Argument test: False
[2020-10-22 11:33:29] esmCNN.cv11: Argument search: 'random'
[2020-10-22 11:33:29] esmCNN.cv11: Argument normal: True
[2020-10-22 11:33:29] esmCNN.cv11: Argument diff: False
[2020-10-22 11:33:29] esmCNN.cv11: Argument times: 60
[2020-10-22 11:33:29] esmCNN.cv11: Argument datasets: {'ar1': {'lag_order': 15, 'normal': True, 'cov_dim': 0, 'kernel_size': 3}, 'wti': {'lag_order': 25, 'normal': True, 'cov_dim': 0, 'kernel_size': 5}, 'gold': {'lag_order': 25, 'normal': True, 'cov_dim': 0, 'kernel_size': 5}, 'sp': {'lag_order': 25, 'normal': True, 'cov_dim': 0, 'kernel_size': 5}, 'brent': {'lag_order': 24, 'normal': True, 'cov_dim': 0, 'kernel_size': 6}, 'sili': {'lag_order': 26, 'normal': True, 'cov_dim': 0, 'kernel_size': 6}}
[2020-10-22 11:33:29] esmCNN.cv11: Argument steps: 15
[2020-10-22 11:33:29] esmCNN.cv11: Argument cov_dim: 0
[2020-10-22 11:33:29] esmCNN.cv11: Argument experiment: 'experiments/normal/ar1'
[2020-10-22 11:33:29] esmCNN.cv11: Argument scaler: StandardScaler()
[2020-10-22 11:33:29] esmCNN.cv11: Argument model_name: 'esmCNN_random_ar1_h3'
[2020-10-22 11:33:29] esmCNN.cv11: Argument model_dir: 'experiments/normal/ar1/esmCNN_random_ar1_h3'
[2020-10-22 11:33:29] esmCNN.cv11: Argument In_channels: 1
[2020-10-22 11:33:29] esmCNN.cv11: Argument restore: True
[2020-10-22 11:33:29] esmCNN.cv11: Argument cv: 11
[2020-10-22 11:33:29] esmCNN.cv11: Argument plot_dir: 'experiments/normal/ar1/esmCNN_random_ar1_h3/figures'
[2020-10-22 11:33:29] esmCNN.cv11: Argument num_process: 8
[2020-10-22 11:33:29] esmCNN.cv11: Using Cuda...
[2020-10-22 11:33:29] esmCNN.cv11: Loading complete.
[2020-10-22 11:33:29] esmCNN.cv11: Model: 
ESM_CNN(
  (Pool): AvgPool1d(kernel_size=(3,), stride=(1,), padding=(0,))
  (loss_fn): MSELoss()
)
[2020-10-22 11:33:29] esmCNN.cv11: Found new best state
[2020-10-22 11:33:29] esmCNN.cv11: Best vmse: 0.0465
[2020-10-22 11:33:29] esmCNN.cv11: Channel size: 1 	 Kernel size: 3 
Training MSE: 0.03911702 	 Validating MSE: 0.04646973 	 Best VMSE: 0.04646973
[2020-10-22 11:33:29] esmCNN.cv11: Checkpoint saved to experiments/normal/ar1/esmCNN_random_ar1_h3
[2020-10-22 11:33:29] esmCNN.cv11: Find channel with Kernel size: 3 	 Lambda: 0.5: 	 Best Score: 0.0343
[2020-10-22 11:33:29] esmCNN.cv11: Found new best state
[2020-10-22 11:33:29] esmCNN.cv11: Best vmse: 0.0411
[2020-10-22 11:33:29] esmCNN.cv11: Channel size: 2 	 Kernel size: 3 
Training MSE: 0.03431105 	 Validating MSE: 0.04107437 	 Best VMSE: 0.04107437
[2020-10-22 11:33:29] esmCNN.cv11: Checkpoint saved to experiments/normal/ar1/esmCNN_random_ar1_h3
[2020-10-22 11:33:29] esmCNN.cv11: Find channel with Kernel size: 2 	 Lambda: 0.5: 	 Best Score: 0.0333
[2020-10-22 11:33:29] esmCNN.cv11: Found new best state
[2020-10-22 11:33:29] esmCNN.cv11: Best vmse: 0.0400
[2020-10-22 11:33:29] esmCNN.cv11: Channel size: 3 	 Kernel size: 2 
Training MSE: 0.03331278 	 Validating MSE: 0.04000903 	 Best VMSE: 0.04000903
[2020-10-22 11:33:29] esmCNN.cv11: Checkpoint saved to experiments/normal/ar1/esmCNN_random_ar1_h3
[2020-10-22 11:33:29] esmCNN.cv11: Find channel with Kernel size: 2 	 Lambda: 0.5: 	 Best Score: 0.0332
[2020-10-22 11:33:29] esmCNN.cv11: Found new best state
[2020-10-22 11:33:29] esmCNN.cv11: Best vmse: 0.0400
[2020-10-22 11:33:29] esmCNN.cv11: Channel size: 4 	 Kernel size: 2 
Training MSE: 0.03322411 	 Validating MSE: 0.03998676 	 Best VMSE: 0.03998676
[2020-10-22 11:33:29] esmCNN.cv11: Checkpoint saved to experiments/normal/ar1/esmCNN_random_ar1_h3
[2020-10-22 11:33:29] esmCNN.cv11: Find channel with Kernel size: 3 	 Lambda: 0.5: 	 Best Score: 0.0332
[2020-10-22 11:33:29] esmCNN.cv11: Channel size: 5 	 Kernel size: 3 
Training MSE: 0.03320928 	 Validating MSE: 0.04034090 	 Best VMSE: 0.03998676
[2020-10-22 11:33:29] esmCNN.cv11: Checkpoint saved to experiments/normal/ar1/esmCNN_random_ar1_h3
[2020-10-22 11:33:29] esmCNN.cv11: Find channel with Kernel size: 5 	 Lambda: 0.5: 	 Best Score: 0.0331
[2020-10-22 11:33:29] esmCNN.cv11: Channel size: 6 	 Kernel size: 5 
Training MSE: 0.03314656 	 Validating MSE: 0.04096683 	 Best VMSE: 0.03998676
[2020-10-22 11:33:29] esmCNN.cv11: Checkpoint saved to experiments/normal/ar1/esmCNN_random_ar1_h3
[2020-10-22 11:33:29] esmCNN.cv11: Find channel with Kernel size: 3 	 Lambda: 0.5: 	 Best Score: 0.0330
[2020-10-22 11:33:29] esmCNN.cv11: Channel size: 7 	 Kernel size: 3 
Training MSE: 0.03302412 	 Validating MSE: 0.04013195 	 Best VMSE: 0.03998676
[2020-10-22 11:33:29] esmCNN.cv11: Checkpoint saved to experiments/normal/ar1/esmCNN_random_ar1_h3
[2020-10-22 11:33:29] esmCNN.cv11: Find channel with Kernel size: 5 	 Lambda: 0.5: 	 Best Score: 0.0330
[2020-10-22 11:33:29] esmCNN.cv11: Channel size: 8 	 Kernel size: 5 
Training MSE: 0.03300554 	 Validating MSE: 0.04063889 	 Best VMSE: 0.03998676
[2020-10-22 11:33:29] esmCNN.cv11: Checkpoint saved to experiments/normal/ar1/esmCNN_random_ar1_h3
[2020-10-22 11:33:29] esmCNN.cv11: Find channel with Kernel size: 2 	 Lambda: 0.5: 	 Best Score: 0.0330
[2020-10-22 11:33:29] esmCNN.cv11: Channel size: 9 	 Kernel size: 2 
Training MSE: 0.03298692 	 Validating MSE: 0.04020280 	 Best VMSE: 0.03998676
[2020-10-22 11:33:29] esmCNN.cv11: Checkpoint saved to experiments/normal/ar1/esmCNN_random_ar1_h3
[2020-10-22 11:33:29] esmCNN.cv11: Find channel with Kernel size: 3 	 Lambda: 0.5: 	 Best Score: 0.0330
[2020-10-22 11:33:29] esmCNN.cv11: Channel size: 10 	 Kernel size: 3 
Training MSE: 0.03297151 	 Validating MSE: 0.04066668 	 Best VMSE: 0.03998676
[2020-10-22 11:33:29] esmCNN.cv11: Checkpoint saved to experiments/normal/ar1/esmCNN_random_ar1_h3
[2020-10-22 11:33:30] esmCNN.cv11: Find channel with Kernel size: 5 	 Lambda: 0.5: 	 Best Score: 0.0330
[2020-10-22 11:33:30] esmCNN.cv11: Channel size: 11 	 Kernel size: 5 
Training MSE: 0.03295343 	 Validating MSE: 0.04133897 	 Best VMSE: 0.03998676
[2020-10-22 11:33:30] esmCNN.cv11: Checkpoint saved to experiments/normal/ar1/esmCNN_random_ar1_h3
[2020-10-22 11:33:30] esmCNN.cv11: Find channel with Kernel size: 2 	 Lambda: 0.5: 	 Best Score: 0.0329
[2020-10-22 11:33:30] esmCNN.cv11: Channel size: 12 	 Kernel size: 2 
Training MSE: 0.03289252 	 Validating MSE: 0.04022645 	 Best VMSE: 0.03998676
[2020-10-22 11:33:30] esmCNN.cv11: Checkpoint saved to experiments/normal/ar1/esmCNN_random_ar1_h3
[2020-10-22 11:33:30] esmCNN.cv11: Find channel with Kernel size: 5 	 Lambda: 0.5: 	 Best Score: 0.0329
[2020-10-22 11:33:30] esmCNN.cv11: Channel size: 13 	 Kernel size: 5 
Training MSE: 0.03286797 	 Validating MSE: 0.04111395 	 Best VMSE: 0.03998676
[2020-10-22 11:33:30] esmCNN.cv11: Checkpoint saved to experiments/normal/ar1/esmCNN_random_ar1_h3
[2020-10-22 11:33:30] esmCNN.cv11: Find channel with Kernel size: 3 	 Lambda: 0.5: 	 Best Score: 0.0328
[2020-10-22 11:33:30] esmCNN.cv11: Channel size: 14 	 Kernel size: 3 
Training MSE: 0.03284615 	 Validating MSE: 0.04032109 	 Best VMSE: 0.03998676
[2020-10-22 11:33:30] esmCNN.cv11: Checkpoint saved to experiments/normal/ar1/esmCNN_random_ar1_h3
[2020-10-22 11:33:30] esmCNN.cv11: Find channel with Kernel size: 3 	 Lambda: 0.5: 	 Best Score: 0.0328
[2020-10-22 11:33:30] esmCNN.cv11: Channel size: 15 	 Kernel size: 3 
Training MSE: 0.03284225 	 Validating MSE: 0.04062948 	 Best VMSE: 0.03998676
[2020-10-22 11:33:30] esmCNN.cv11: Checkpoint saved to experiments/normal/ar1/esmCNN_random_ar1_h3
[2020-10-22 11:33:30] esmCNN.cv11: Find channel with Kernel size: 5 	 Lambda: 0.5: 	 Best Score: 0.0328
[2020-10-22 11:33:30] esmCNN.cv11: Channel size: 16 	 Kernel size: 5 
Training MSE: 0.03283698 	 Validating MSE: 0.04031624 	 Best VMSE: 0.03998676
[2020-10-22 11:33:30] esmCNN.cv11: Checkpoint saved to experiments/normal/ar1/esmCNN_random_ar1_h3
[2020-10-22 11:33:30] esmCNN.cv11: Find channel with Kernel size: 3 	 Lambda: 0.5: 	 Best Score: 0.0328
[2020-10-22 11:33:30] esmCNN.cv11: Channel size: 17 	 Kernel size: 3 
Training MSE: 0.03283502 	 Validating MSE: 0.04046396 	 Best VMSE: 0.03998676
[2020-10-22 11:33:30] esmCNN.cv11: Checkpoint saved to experiments/normal/ar1/esmCNN_random_ar1_h3
[2020-10-22 11:33:30] esmCNN.cv11: Find channel with Kernel size: 2 	 Lambda: 0.5: 	 Best Score: 0.0328
[2020-10-22 11:33:30] esmCNN.cv11: Channel size: 18 	 Kernel size: 2 
Training MSE: 0.03283117 	 Validating MSE: 0.04073701 	 Best VMSE: 0.03998676
[2020-10-22 11:33:30] esmCNN.cv11: Checkpoint saved to experiments/normal/ar1/esmCNN_random_ar1_h3
[2020-10-22 11:33:30] esmCNN.cv11: Find channel with Kernel size: 3 	 Lambda: 0.5: 	 Best Score: 0.0328
[2020-10-22 11:33:30] esmCNN.cv11: Channel size: 19 	 Kernel size: 3 
Training MSE: 0.03281882 	 Validating MSE: 0.04113624 	 Best VMSE: 0.03998676
[2020-10-22 11:33:30] esmCNN.cv11: Checkpoint saved to experiments/normal/ar1/esmCNN_random_ar1_h3
[2020-10-22 11:33:30] esmCNN.cv11: Find channel with Kernel size: 3 	 Lambda: 0.5: 	 Best Score: 0.0328
[2020-10-22 11:33:30] esmCNN.cv11: Channel size: 20 	 Kernel size: 3 
Training MSE: 0.03278773 	 Validating MSE: 0.04066093 	 Best VMSE: 0.03998676
[2020-10-22 11:33:30] esmCNN.cv11: Checkpoint saved to experiments/normal/ar1/esmCNN_random_ar1_h3
[2020-10-22 11:33:30] esmCNN.cv11: Find channel with Kernel size: 5 	 Lambda: 0.5: 	 Best Score: 0.0328
[2020-10-22 11:33:30] esmCNN.cv11: Channel size: 21 	 Kernel size: 5 
Training MSE: 0.03278042 	 Validating MSE: 0.04064270 	 Best VMSE: 0.03998676
[2020-10-22 11:33:30] esmCNN.cv11: Checkpoint saved to experiments/normal/ar1/esmCNN_random_ar1_h3
[2020-10-22 11:33:30] esmCNN.cv11: Find channel with Kernel size: 3 	 Lambda: 0.5: 	 Best Score: 0.0328
[2020-10-22 11:33:30] esmCNN.cv11: Channel size: 22 	 Kernel size: 3 
Training MSE: 0.03276263 	 Validating MSE: 0.04120778 	 Best VMSE: 0.03998676
[2020-10-22 11:33:30] esmCNN.cv11: Checkpoint saved to experiments/normal/ar1/esmCNN_random_ar1_h3
[2020-10-22 11:33:30] esmCNN.cv11: Find channel with Kernel size: 2 	 Lambda: 0.5: 	 Best Score: 0.0327
[2020-10-22 11:33:30] esmCNN.cv11: Channel size: 23 	 Kernel size: 2 
Training MSE: 0.03273531 	 Validating MSE: 0.04057568 	 Best VMSE: 0.03998676
[2020-10-22 11:33:30] esmCNN.cv11: Checkpoint saved to experiments/normal/ar1/esmCNN_random_ar1_h3
[2020-10-22 11:33:30] esmCNN.cv11: Find channel with Kernel size: 3 	 Lambda: 0.5: 	 Best Score: 0.0327
[2020-10-22 11:33:30] esmCNN.cv11: Channel size: 24 	 Kernel size: 3 
Training MSE: 0.03273322 	 Validating MSE: 0.04073193 	 Best VMSE: 0.03998676
[2020-10-22 11:33:30] esmCNN.cv11: Checkpoint saved to experiments/normal/ar1/esmCNN_random_ar1_h3
[2020-10-22 11:33:30] esmCNN.cv11: Find channel with Kernel size: 3 	 Lambda: 0.5: 	 Best Score: 0.0327
[2020-10-22 11:33:30] esmCNN.cv11: Channel size: 25 	 Kernel size: 3 
Training MSE: 0.03272928 	 Validating MSE: 0.04044865 	 Best VMSE: 0.03998676
[2020-10-22 11:33:30] esmCNN.cv11: Checkpoint saved to experiments/normal/ar1/esmCNN_random_ar1_h3
[2020-10-22 11:33:30] esmCNN.cv11: Find channel with Kernel size: 3 	 Lambda: 0.5: 	 Best Score: 0.0326
[2020-10-22 11:33:30] esmCNN.cv11: Channel size: 26 	 Kernel size: 3 
Training MSE: 0.03262563 	 Validating MSE: 0.04224471 	 Best VMSE: 0.03998676
[2020-10-22 11:33:31] esmCNN.cv11: Checkpoint saved to experiments/normal/ar1/esmCNN_random_ar1_h3
[2020-10-22 11:33:31] esmCNN.cv11: Find channel with Kernel size: 2 	 Lambda: 0.5: 	 Best Score: 0.0325
[2020-10-22 11:33:31] esmCNN.cv11: Channel size: 27 	 Kernel size: 2 
Training MSE: 0.03254553 	 Validating MSE: 0.04094965 	 Best VMSE: 0.03998676
[2020-10-22 11:33:31] esmCNN.cv11: Checkpoint saved to experiments/normal/ar1/esmCNN_random_ar1_h3
[2020-10-22 11:33:31] esmCNN.cv11: Find channel with Kernel size: 2 	 Lambda: 0.5: 	 Best Score: 0.0325
[2020-10-22 11:33:31] esmCNN.cv11: Channel size: 28 	 Kernel size: 2 
Training MSE: 0.03253799 	 Validating MSE: 0.04127596 	 Best VMSE: 0.03998676
[2020-10-22 11:33:31] esmCNN.cv11: Checkpoint saved to experiments/normal/ar1/esmCNN_random_ar1_h3
[2020-10-22 11:33:31] esmCNN.cv11: Find channel with Kernel size: 2 	 Lambda: 0.5: 	 Best Score: 0.0325
[2020-10-22 11:33:31] esmCNN.cv11: Channel size: 29 	 Kernel size: 2 
Training MSE: 0.03252884 	 Validating MSE: 0.04085912 	 Best VMSE: 0.03998676
[2020-10-22 11:33:31] esmCNN.cv11: Checkpoint saved to experiments/normal/ar1/esmCNN_random_ar1_h3
[2020-10-22 11:33:31] esmCNN.cv11: Find channel with Kernel size: 2 	 Lambda: 0.5: 	 Best Score: 0.0325
[2020-10-22 11:33:31] esmCNN.cv11: Channel size: 30 	 Kernel size: 2 
Training MSE: 0.03252377 	 Validating MSE: 0.04119468 	 Best VMSE: 0.03998676
[2020-10-22 11:33:31] esmCNN.cv11: Checkpoint saved to experiments/normal/ar1/esmCNN_random_ar1_h3
[2020-10-22 11:33:31] esmCNN.cv11: Find channel with Kernel size: 3 	 Lambda: 0.5: 	 Best Score: 0.0325
[2020-10-22 11:33:31] esmCNN.cv11: Channel size: 31 	 Kernel size: 3 
Training MSE: 0.03251364 	 Validating MSE: 0.04155253 	 Best VMSE: 0.03998676
[2020-10-22 11:33:31] esmCNN.cv11: Checkpoint saved to experiments/normal/ar1/esmCNN_random_ar1_h3
[2020-10-22 11:33:31] esmCNN.cv11: Find channel with Kernel size: 5 	 Lambda: 0.5: 	 Best Score: 0.0325
[2020-10-22 11:33:31] esmCNN.cv11: Channel size: 32 	 Kernel size: 5 
Training MSE: 0.03249306 	 Validating MSE: 0.04103328 	 Best VMSE: 0.03998676
[2020-10-22 11:33:31] esmCNN.cv11: Checkpoint saved to experiments/normal/ar1/esmCNN_random_ar1_h3
[2020-10-22 11:33:31] esmCNN.cv11: Find channel with Kernel size: 3 	 Lambda: 0.5: 	 Best Score: 0.0325
[2020-10-22 11:33:31] esmCNN.cv11: Channel size: 33 	 Kernel size: 3 
Training MSE: 0.03248653 	 Validating MSE: 0.04087998 	 Best VMSE: 0.03998676
[2020-10-22 11:33:31] esmCNN.cv11: Checkpoint saved to experiments/normal/ar1/esmCNN_random_ar1_h3
[2020-10-22 11:33:31] esmCNN.cv11: Find channel with Kernel size: 3 	 Lambda: 0.5: 	 Best Score: 0.0325
[2020-10-22 11:33:31] esmCNN.cv11: Channel size: 34 	 Kernel size: 3 
Training MSE: 0.03247719 	 Validating MSE: 0.04140168 	 Best VMSE: 0.03998676
[2020-10-22 11:33:31] esmCNN.cv11: Checkpoint saved to experiments/normal/ar1/esmCNN_random_ar1_h3
[2020-10-22 11:33:31] esmCNN.cv11: Find channel with Kernel size: 3 	 Lambda: 0.5: 	 Best Score: 0.0324
[2020-10-22 11:33:31] esmCNN.cv11: Channel size: 35 	 Kernel size: 3 
Training MSE: 0.03240731 	 Validating MSE: 0.04307715 	 Best VMSE: 0.03998676
[2020-10-22 11:33:31] esmCNN.cv11: Checkpoint saved to experiments/normal/ar1/esmCNN_random_ar1_h3
[2020-10-22 11:33:31] esmCNN.cv11: Find channel with Kernel size: 5 	 Lambda: 0.5: 	 Best Score: 0.0323
[2020-10-22 11:33:31] esmCNN.cv11: Channel size: 36 	 Kernel size: 5 
Training MSE: 0.03233716 	 Validating MSE: 0.04430431 	 Best VMSE: 0.03998676
[2020-10-22 11:33:31] esmCNN.cv11: Checkpoint saved to experiments/normal/ar1/esmCNN_random_ar1_h3
[2020-10-22 11:33:31] esmCNN.cv11: Find channel with Kernel size: 3 	 Lambda: 0.5: 	 Best Score: 0.0321
[2020-10-22 11:33:31] esmCNN.cv11: Channel size: 37 	 Kernel size: 3 
Training MSE: 0.03205363 	 Validating MSE: 0.04171130 	 Best VMSE: 0.03998676
[2020-10-22 11:33:31] esmCNN.cv11: Checkpoint saved to experiments/normal/ar1/esmCNN_random_ar1_h3
[2020-10-22 11:33:31] esmCNN.cv11: Find channel with Kernel size: 3 	 Lambda: 0.5: 	 Best Score: 0.0320
[2020-10-22 11:33:31] esmCNN.cv11: Channel size: 38 	 Kernel size: 3 
Training MSE: 0.03203874 	 Validating MSE: 0.04249772 	 Best VMSE: 0.03998676
[2020-10-22 11:33:31] esmCNN.cv11: Checkpoint saved to experiments/normal/ar1/esmCNN_random_ar1_h3
[2020-10-22 11:33:31] esmCNN.cv11: Find channel with Kernel size: 5 	 Lambda: 0.5: 	 Best Score: 0.0320
[2020-10-22 11:33:32] esmCNN.cv11: Channel size: 39 	 Kernel size: 5 
Training MSE: 0.03202045 	 Validating MSE: 0.04310609 	 Best VMSE: 0.03998676
[2020-10-22 11:33:32] esmCNN.cv11: Checkpoint saved to experiments/normal/ar1/esmCNN_random_ar1_h3
[2020-10-22 11:33:32] esmCNN.cv11: Find channel with Kernel size: 2 	 Lambda: 0.5: 	 Best Score: 0.0320
[2020-10-22 11:33:32] esmCNN.cv11: Channel size: 40 	 Kernel size: 2 
Training MSE: 0.03196480 	 Validating MSE: 0.04186403 	 Best VMSE: 0.03998676
[2020-10-22 11:33:32] esmCNN.cv11: Checkpoint saved to experiments/normal/ar1/esmCNN_random_ar1_h3
[2020-10-22 11:33:32] esmCNN.cv11: Find channel with Kernel size: 3 	 Lambda: 0.5: 	 Best Score: 0.0320
[2020-10-22 11:33:32] esmCNN.cv11: Channel size: 41 	 Kernel size: 3 
Training MSE: 0.03195084 	 Validating MSE: 0.04266123 	 Best VMSE: 0.03998676
[2020-10-22 11:33:32] esmCNN.cv11: Checkpoint saved to experiments/normal/ar1/esmCNN_random_ar1_h3
[2020-10-22 11:33:32] esmCNN.cv11: Find channel with Kernel size: 3 	 Lambda: 0.5: 	 Best Score: 0.0319
[2020-10-22 11:33:32] esmCNN.cv11: Channel size: 42 	 Kernel size: 3 
Training MSE: 0.03193712 	 Validating MSE: 0.04185007 	 Best VMSE: 0.03998676
[2020-10-22 11:33:32] esmCNN.cv11: Checkpoint saved to experiments/normal/ar1/esmCNN_random_ar1_h3
[2020-10-22 11:33:32] esmCNN.cv11: Find channel with Kernel size: 5 	 Lambda: 0.5: 	 Best Score: 0.0319
[2020-10-22 11:33:32] esmCNN.cv11: Channel size: 43 	 Kernel size: 5 
Training MSE: 0.03193560 	 Validating MSE: 0.04210665 	 Best VMSE: 0.03998676
[2020-10-22 11:33:32] esmCNN.cv11: Checkpoint saved to experiments/normal/ar1/esmCNN_random_ar1_h3
[2020-10-22 11:33:32] esmCNN.cv11: Find channel with Kernel size: 3 	 Lambda: 0.5: 	 Best Score: 0.0319
[2020-10-22 11:33:32] esmCNN.cv11: Channel size: 44 	 Kernel size: 3 
Training MSE: 0.03193359 	 Validating MSE: 0.04191418 	 Best VMSE: 0.03998676
[2020-10-22 11:33:32] esmCNN.cv11: Checkpoint saved to experiments/normal/ar1/esmCNN_random_ar1_h3
[2020-10-22 11:33:32] esmCNN.cv11: Find channel with Kernel size: 3 	 Lambda: 0.5: 	 Best Score: 0.0319
[2020-10-22 11:33:32] esmCNN.cv11: Channel size: 45 	 Kernel size: 3 
Training MSE: 0.03191558 	 Validating MSE: 0.04294486 	 Best VMSE: 0.03998676
[2020-10-22 11:33:32] esmCNN.cv11: Checkpoint saved to experiments/normal/ar1/esmCNN_random_ar1_h3
[2020-10-22 11:33:32] esmCNN.cv11: Find channel with Kernel size: 3 	 Lambda: 0.5: 	 Best Score: 0.0319
[2020-10-22 11:33:32] esmCNN.cv11: Channel size: 46 	 Kernel size: 3 
Training MSE: 0.03189580 	 Validating MSE: 0.04203687 	 Best VMSE: 0.03998676
[2020-10-22 11:33:32] esmCNN.cv11: Checkpoint saved to experiments/normal/ar1/esmCNN_random_ar1_h3
[2020-10-22 11:33:32] esmCNN.cv11: Find channel with Kernel size: 5 	 Lambda: 0.5: 	 Best Score: 0.0319
[2020-10-22 11:33:32] esmCNN.cv11: Channel size: 47 	 Kernel size: 5 
Training MSE: 0.03189056 	 Validating MSE: 0.04255731 	 Best VMSE: 0.03998676
[2020-10-22 11:33:32] esmCNN.cv11: Checkpoint saved to experiments/normal/ar1/esmCNN_random_ar1_h3
[2020-10-22 11:33:32] esmCNN.cv11: Find channel with Kernel size: 5 	 Lambda: 0.5: 	 Best Score: 0.0318
[2020-10-22 11:33:32] esmCNN.cv11: Channel size: 48 	 Kernel size: 5 
Training MSE: 0.03179873 	 Validating MSE: 0.04534058 	 Best VMSE: 0.03998676
[2020-10-22 11:33:32] esmCNN.cv11: Checkpoint saved to experiments/normal/ar1/esmCNN_random_ar1_h3
[2020-10-22 11:33:32] esmCNN.cv11: Find channel with Kernel size: 3 	 Lambda: 0.5: 	 Best Score: 0.0317
[2020-10-22 11:33:32] esmCNN.cv11: Channel size: 49 	 Kernel size: 3 
Training MSE: 0.03169148 	 Validating MSE: 0.04284953 	 Best VMSE: 0.03998676
[2020-10-22 11:33:32] esmCNN.cv11: Checkpoint saved to experiments/normal/ar1/esmCNN_random_ar1_h3
[2020-10-22 11:33:32] esmCNN.cv11: Find channel with Kernel size: 3 	 Lambda: 0.5: 	 Best Score: 0.0317
[2020-10-22 11:33:33] esmCNN.cv11: Channel size: 50 	 Kernel size: 3 
Training MSE: 0.03168462 	 Validating MSE: 0.04355423 	 Best VMSE: 0.03998676
[2020-10-22 11:33:33] esmCNN.cv11: Checkpoint saved to experiments/normal/ar1/esmCNN_random_ar1_h3
[2020-10-22 11:33:33] esmCNN.cv11: Find channel with Kernel size: 2 	 Lambda: 0.5: 	 Best Score: 0.0317
[2020-10-22 11:33:33] esmCNN.cv11: Channel size: 51 	 Kernel size: 2 
Training MSE: 0.03167697 	 Validating MSE: 0.04296355 	 Best VMSE: 0.03998676
[2020-10-22 11:33:33] esmCNN.cv11: Checkpoint saved to experiments/normal/ar1/esmCNN_random_ar1_h3
[2020-10-22 11:33:33] esmCNN.cv11: Find channel with Kernel size: 5 	 Lambda: 0.5: 	 Best Score: 0.0317
[2020-10-22 11:33:33] esmCNN.cv11: Channel size: 52 	 Kernel size: 5 
Training MSE: 0.03165113 	 Validating MSE: 0.04431008 	 Best VMSE: 0.03998676
[2020-10-22 11:33:33] esmCNN.cv11: Checkpoint saved to experiments/normal/ar1/esmCNN_random_ar1_h3
[2020-10-22 11:33:33] esmCNN.cv11: Find channel with Kernel size: 3 	 Lambda: 0.5: 	 Best Score: 0.0316
[2020-10-22 11:33:33] esmCNN.cv11: Channel size: 53 	 Kernel size: 3 
Training MSE: 0.03162408 	 Validating MSE: 0.04315177 	 Best VMSE: 0.03998676
[2020-10-22 11:33:33] esmCNN.cv11: Checkpoint saved to experiments/normal/ar1/esmCNN_random_ar1_h3
[2020-10-22 11:33:33] esmCNN.cv11: Find channel with Kernel size: 3 	 Lambda: 0.5: 	 Best Score: 0.0316
[2020-10-22 11:33:33] esmCNN.cv11: Channel size: 54 	 Kernel size: 3 
Training MSE: 0.03161933 	 Validating MSE: 0.04361153 	 Best VMSE: 0.03998676
[2020-10-22 11:33:33] esmCNN.cv11: Checkpoint saved to experiments/normal/ar1/esmCNN_random_ar1_h3
[2020-10-22 11:33:33] esmCNN.cv11: Find channel with Kernel size: 2 	 Lambda: 0.5: 	 Best Score: 0.0316
[2020-10-22 11:33:33] esmCNN.cv11: Channel size: 55 	 Kernel size: 2 
Training MSE: 0.03161547 	 Validating MSE: 0.04320589 	 Best VMSE: 0.03998676
[2020-10-22 11:33:33] esmCNN.cv11: Checkpoint saved to experiments/normal/ar1/esmCNN_random_ar1_h3
[2020-10-22 11:33:33] esmCNN.cv11: Find channel with Kernel size: 5 	 Lambda: 0.5: 	 Best Score: 0.0316
[2020-10-22 11:33:33] esmCNN.cv11: Channel size: 56 	 Kernel size: 5 
Training MSE: 0.03160843 	 Validating MSE: 0.04392597 	 Best VMSE: 0.03998676
[2020-10-22 11:33:33] esmCNN.cv11: Checkpoint saved to experiments/normal/ar1/esmCNN_random_ar1_h3
[2020-10-22 11:33:33] esmCNN.cv11: Find channel with Kernel size: 3 	 Lambda: 0.5: 	 Best Score: 0.0316
[2020-10-22 11:33:33] esmCNN.cv11: Channel size: 57 	 Kernel size: 3 
Training MSE: 0.03160033 	 Validating MSE: 0.04326600 	 Best VMSE: 0.03998676
[2020-10-22 11:33:33] esmCNN.cv11: Checkpoint saved to experiments/normal/ar1/esmCNN_random_ar1_h3
[2020-10-22 11:33:33] esmCNN.cv11: Find channel with Kernel size: 3 	 Lambda: 0.5: 	 Best Score: 0.0316
[2020-10-22 11:33:33] esmCNN.cv11: Channel size: 58 	 Kernel size: 3 
Training MSE: 0.03159861 	 Validating MSE: 0.04355854 	 Best VMSE: 0.03998676
[2020-10-22 11:33:33] esmCNN.cv11: Checkpoint saved to experiments/normal/ar1/esmCNN_random_ar1_h3
[2020-10-22 11:33:33] esmCNN.cv11: Find channel with Kernel size: 3 	 Lambda: 0.5: 	 Best Score: 0.0316
[2020-10-22 11:33:33] esmCNN.cv11: Channel size: 59 	 Kernel size: 3 
Training MSE: 0.03159767 	 Validating MSE: 0.04333574 	 Best VMSE: 0.03998676
[2020-10-22 11:33:33] esmCNN.cv11: Checkpoint saved to experiments/normal/ar1/esmCNN_random_ar1_h3
[2020-10-22 11:33:33] esmCNN.cv11: Find channel with Kernel size: 5 	 Lambda: 0.5: 	 Best Score: 0.0315
[2020-10-22 11:33:34] esmCNN.cv11: Channel size: 60 	 Kernel size: 5 
Training MSE: 0.03151393 	 Validating MSE: 0.04616824 	 Best VMSE: 0.03998676
[2020-10-22 11:33:34] esmCNN.cv11: Checkpoint saved to experiments/normal/ar1/esmCNN_random_ar1_h3
[2020-10-22 11:33:34] esmCNN.cv11: Find channel with Kernel size: 3 	 Lambda: 0.5: 	 Best Score: 0.0314
[2020-10-22 11:33:34] esmCNN.cv11: Channel size: 61 	 Kernel size: 3 
Training MSE: 0.03143728 	 Validating MSE: 0.04397617 	 Best VMSE: 0.03998676
[2020-10-22 11:33:34] esmCNN.cv11: Checkpoint saved to experiments/normal/ar1/esmCNN_random_ar1_h3
[2020-10-22 11:33:34] esmCNN.cv11: Find channel with Kernel size: 3 	 Lambda: 0.5: 	 Best Score: 0.0314
[2020-10-22 11:33:34] esmCNN.cv11: Channel size: 62 	 Kernel size: 3 
Training MSE: 0.03142863 	 Validating MSE: 0.04474529 	 Best VMSE: 0.03998676
[2020-10-22 11:33:34] esmCNN.cv11: Checkpoint saved to experiments/normal/ar1/esmCNN_random_ar1_h3
[2020-10-22 11:33:34] esmCNN.cv11: Find channel with Kernel size: 5 	 Lambda: 0.5: 	 Best Score: 0.0314
[2020-10-22 11:33:34] esmCNN.cv11: Channel size: 63 	 Kernel size: 5 
Training MSE: 0.03141116 	 Validating MSE: 0.04612578 	 Best VMSE: 0.03998676
[2020-10-22 11:33:34] esmCNN.cv11: Checkpoint saved to experiments/normal/ar1/esmCNN_random_ar1_h3
[2020-10-22 11:33:34] esmCNN.cv11: Find channel with Kernel size: 3 	 Lambda: 0.5: 	 Best Score: 0.0314
[2020-10-22 11:33:34] esmCNN.cv11: Channel size: 64 	 Kernel size: 3 
Training MSE: 0.03137397 	 Validating MSE: 0.04444852 	 Best VMSE: 0.03998676
[2020-10-22 11:33:34] esmCNN.cv11: Checkpoint saved to experiments/normal/ar1/esmCNN_random_ar1_h3
[2020-10-22 11:33:34] esmCNN.cv11: Find channel with Kernel size: 5 	 Lambda: 0.5: 	 Best Score: 0.0313
[2020-10-22 11:33:34] esmCNN.cv11: Channel size: 65 	 Kernel size: 5 
Training MSE: 0.03133834 	 Validating MSE: 0.04641064 	 Best VMSE: 0.03998676
[2020-10-22 11:33:34] esmCNN.cv11: Checkpoint saved to experiments/normal/ar1/esmCNN_random_ar1_h3
[2020-10-22 11:33:34] esmCNN.cv11: Find channel with Kernel size: 3 	 Lambda: 0.5: 	 Best Score: 0.0313
[2020-10-22 11:33:34] esmCNN.cv11: Channel size: 66 	 Kernel size: 3 
Training MSE: 0.03130728 	 Validating MSE: 0.04487068 	 Best VMSE: 0.03998676
[2020-10-22 11:33:34] esmCNN.cv11: Checkpoint saved to experiments/normal/ar1/esmCNN_random_ar1_h3
[2020-10-22 11:33:34] esmCNN.cv11: Find channel with Kernel size: 2 	 Lambda: 0.5: 	 Best Score: 0.0313
[2020-10-22 11:33:34] esmCNN.cv11: Channel size: 67 	 Kernel size: 2 
Training MSE: 0.03130330 	 Validating MSE: 0.04470590 	 Best VMSE: 0.03998676
[2020-10-22 11:33:34] esmCNN.cv11: Checkpoint saved to experiments/normal/ar1/esmCNN_random_ar1_h3
[2020-10-22 11:33:34] esmCNN.cv11: Find channel with Kernel size: 5 	 Lambda: 0.5: 	 Best Score: 0.0313
[2020-10-22 11:33:34] esmCNN.cv11: Channel size: 68 	 Kernel size: 5 
Training MSE: 0.03128567 	 Validating MSE: 0.04602219 	 Best VMSE: 0.03998676
[2020-10-22 11:33:34] esmCNN.cv11: Checkpoint saved to experiments/normal/ar1/esmCNN_random_ar1_h3
[2020-10-22 11:33:34] esmCNN.cv11: Find channel with Kernel size: 2 	 Lambda: 0.5: 	 Best Score: 0.0313
[2020-10-22 11:33:35] esmCNN.cv11: Channel size: 69 	 Kernel size: 2 
Training MSE: 0.03126752 	 Validating MSE: 0.04482030 	 Best VMSE: 0.03998676
[2020-10-22 11:33:35] esmCNN.cv11: Checkpoint saved to experiments/normal/ar1/esmCNN_random_ar1_h3
[2020-10-22 11:33:35] esmCNN.cv11: Find channel with Kernel size: 3 	 Lambda: 0.5: 	 Best Score: 0.0313
[2020-10-22 11:33:35] esmCNN.cv11: Channel size: 70 	 Kernel size: 3 
Training MSE: 0.03126622 	 Validating MSE: 0.04511817 	 Best VMSE: 0.03998676
[2020-10-22 11:33:35] esmCNN.cv11: Checkpoint saved to experiments/normal/ar1/esmCNN_random_ar1_h3
[2020-10-22 11:33:35] esmCNN.cv11: Find channel with Kernel size: 5 	 Lambda: 0.5: 	 Best Score: 0.0313
[2020-10-22 11:33:35] esmCNN.cv11: Channel size: 71 	 Kernel size: 5 
Training MSE: 0.03126347 	 Validating MSE: 0.04539905 	 Best VMSE: 0.03998676
[2020-10-22 11:33:35] esmCNN.cv11: Checkpoint saved to experiments/normal/ar1/esmCNN_random_ar1_h3
[2020-10-22 11:33:35] esmCNN.cv11: Find channel with Kernel size: 5 	 Lambda: 0.5: 	 Best Score: 0.0312
[2020-10-22 11:33:35] esmCNN.cv11: Channel size: 72 	 Kernel size: 5 
Training MSE: 0.03118605 	 Validating MSE: 0.04859988 	 Best VMSE: 0.03998676
[2020-10-22 11:33:35] esmCNN.cv11: Checkpoint saved to experiments/normal/ar1/esmCNN_random_ar1_h3
[2020-10-22 11:33:35] esmCNN.cv11: Find channel with Kernel size: 3 	 Lambda: 0.5: 	 Best Score: 0.0311
[2020-10-22 11:33:35] esmCNN.cv11: Channel size: 73 	 Kernel size: 3 
Training MSE: 0.03109723 	 Validating MSE: 0.04610547 	 Best VMSE: 0.03998676
[2020-10-22 11:33:35] esmCNN.cv11: Checkpoint saved to experiments/normal/ar1/esmCNN_random_ar1_h3
[2020-10-22 11:33:35] esmCNN.cv11: Find channel with Kernel size: 3 	 Lambda: 0.5: 	 Best Score: 0.0311
[2020-10-22 11:33:35] esmCNN.cv11: Channel size: 74 	 Kernel size: 3 
Training MSE: 0.03108910 	 Validating MSE: 0.04636476 	 Best VMSE: 0.03998676
[2020-10-22 11:33:35] esmCNN.cv11: Checkpoint saved to experiments/normal/ar1/esmCNN_random_ar1_h3
[2020-10-22 11:33:35] esmCNN.cv11: Find channel with Kernel size: 5 	 Lambda: 0.5: 	 Best Score: 0.0311
[2020-10-22 11:33:35] esmCNN.cv11: Channel size: 75 	 Kernel size: 5 
Training MSE: 0.03108668 	 Validating MSE: 0.04693047 	 Best VMSE: 0.03998676
[2020-10-22 11:33:35] esmCNN.cv11: Checkpoint saved to experiments/normal/ar1/esmCNN_random_ar1_h3
[2020-10-22 11:33:35] esmCNN.cv11: Find channel with Kernel size: 2 	 Lambda: 0.5: 	 Best Score: 0.0311
[2020-10-22 11:33:35] esmCNN.cv11: Channel size: 76 	 Kernel size: 2 
Training MSE: 0.03107907 	 Validating MSE: 0.04601910 	 Best VMSE: 0.03998676
[2020-10-22 11:33:35] esmCNN.cv11: Checkpoint saved to experiments/normal/ar1/esmCNN_random_ar1_h3
[2020-10-22 11:33:35] esmCNN.cv11: Find channel with Kernel size: 3 	 Lambda: 0.5: 	 Best Score: 0.0311
[2020-10-22 11:33:35] esmCNN.cv11: Channel size: 77 	 Kernel size: 3 
Training MSE: 0.03107874 	 Validating MSE: 0.04613460 	 Best VMSE: 0.03998676
[2020-10-22 11:33:35] esmCNN.cv11: Checkpoint saved to experiments/normal/ar1/esmCNN_random_ar1_h3
[2020-10-22 11:33:36] esmCNN.cv11: Find channel with Kernel size: 3 	 Lambda: 0.5: 	 Best Score: 0.0311
[2020-10-22 11:33:36] esmCNN.cv11: Channel size: 78 	 Kernel size: 3 
Training MSE: 0.03106652 	 Validating MSE: 0.04732352 	 Best VMSE: 0.03998676
[2020-10-22 11:33:36] esmCNN.cv11: Checkpoint saved to experiments/normal/ar1/esmCNN_random_ar1_h3
[2020-10-22 11:33:36] esmCNN.cv11: Find channel with Kernel size: 3 	 Lambda: 0.5: 	 Best Score: 0.0311
[2020-10-22 11:33:36] esmCNN.cv11: Channel size: 79 	 Kernel size: 3 
Training MSE: 0.03105213 	 Validating MSE: 0.04615818 	 Best VMSE: 0.03998676
[2020-10-22 11:33:36] esmCNN.cv11: Checkpoint saved to experiments/normal/ar1/esmCNN_random_ar1_h3
[2020-10-22 11:33:36] esmCNN.cv11: Find channel with Kernel size: 5 	 Lambda: 0.5: 	 Best Score: 0.0311
[2020-10-22 11:33:36] esmCNN.cv11: Channel size: 80 	 Kernel size: 5 
Training MSE: 0.03105116 	 Validating MSE: 0.04641052 	 Best VMSE: 0.03998676
[2020-10-22 11:33:36] esmCNN.cv11: Checkpoint saved to experiments/normal/ar1/esmCNN_random_ar1_h3
[2020-10-22 11:33:36] esmCNN.cv11: Find channel with Kernel size: 3 	 Lambda: 0.5: 	 Best Score: 0.0310
[2020-10-22 11:33:36] esmCNN.cv11: Channel size: 81 	 Kernel size: 3 
Training MSE: 0.03104940 	 Validating MSE: 0.04610662 	 Best VMSE: 0.03998676
[2020-10-22 11:33:36] esmCNN.cv11: Checkpoint saved to experiments/normal/ar1/esmCNN_random_ar1_h3
[2020-10-22 11:33:36] esmCNN.cv11: Find channel with Kernel size: 2 	 Lambda: 0.5: 	 Best Score: 0.0310
[2020-10-22 11:33:36] esmCNN.cv11: Channel size: 82 	 Kernel size: 2 
Training MSE: 0.03104740 	 Validating MSE: 0.04662652 	 Best VMSE: 0.03998676
[2020-10-22 11:33:36] esmCNN.cv11: Checkpoint saved to experiments/normal/ar1/esmCNN_random_ar1_h3
[2020-10-22 11:33:36] esmCNN.cv11: Find channel with Kernel size: 5 	 Lambda: 0.5: 	 Best Score: 0.0310
[2020-10-22 11:33:36] esmCNN.cv11: Channel size: 83 	 Kernel size: 5 
Training MSE: 0.03103931 	 Validating MSE: 0.04763691 	 Best VMSE: 0.03998676
[2020-10-22 11:33:36] esmCNN.cv11: Checkpoint saved to experiments/normal/ar1/esmCNN_random_ar1_h3
[2020-10-22 11:33:36] esmCNN.cv11: Find channel with Kernel size: 2 	 Lambda: 0.5: 	 Best Score: 0.0310
[2020-10-22 11:33:36] esmCNN.cv11: Channel size: 84 	 Kernel size: 2 
Training MSE: 0.03102205 	 Validating MSE: 0.04632702 	 Best VMSE: 0.03998676
[2020-10-22 11:33:36] esmCNN.cv11: Checkpoint saved to experiments/normal/ar1/esmCNN_random_ar1_h3
[2020-10-22 11:33:36] esmCNN.cv11: Find channel with Kernel size: 5 	 Lambda: 0.5: 	 Best Score: 0.0310
[2020-10-22 11:33:36] esmCNN.cv11: Channel size: 85 	 Kernel size: 5 
Training MSE: 0.03101875 	 Validating MSE: 0.04666781 	 Best VMSE: 0.03998676
[2020-10-22 11:33:36] esmCNN.cv11: Checkpoint saved to experiments/normal/ar1/esmCNN_random_ar1_h3
[2020-10-22 11:33:37] esmCNN.cv11: Find channel with Kernel size: 2 	 Lambda: 0.5: 	 Best Score: 0.0310
[2020-10-22 11:33:37] esmCNN.cv11: Channel size: 86 	 Kernel size: 2 
Training MSE: 0.03101591 	 Validating MSE: 0.04651567 	 Best VMSE: 0.03998676
[2020-10-22 11:33:37] esmCNN.cv11: Checkpoint saved to experiments/normal/ar1/esmCNN_random_ar1_h3
[2020-10-22 11:33:37] esmCNN.cv11: Find channel with Kernel size: 3 	 Lambda: 0.5: 	 Best Score: 0.0310
[2020-10-22 11:33:37] esmCNN.cv11: Channel size: 87 	 Kernel size: 3 
Training MSE: 0.03101145 	 Validating MSE: 0.04704136 	 Best VMSE: 0.03998676
[2020-10-22 11:33:37] esmCNN.cv11: Checkpoint saved to experiments/normal/ar1/esmCNN_random_ar1_h3
[2020-10-22 11:33:37] esmCNN.cv11: Find channel with Kernel size: 3 	 Lambda: 0.5: 	 Best Score: 0.0310
[2020-10-22 11:33:37] esmCNN.cv11: Channel size: 88 	 Kernel size: 3 
Training MSE: 0.03100316 	 Validating MSE: 0.04634880 	 Best VMSE: 0.03998676
[2020-10-22 11:33:37] esmCNN.cv11: Checkpoint saved to experiments/normal/ar1/esmCNN_random_ar1_h3
[2020-10-22 11:33:37] esmCNN.cv11: Find channel with Kernel size: 3 	 Lambda: 0.5: 	 Best Score: 0.0310
[2020-10-22 11:33:37] esmCNN.cv11: Channel size: 89 	 Kernel size: 3 
Training MSE: 0.03099853 	 Validating MSE: 0.04710102 	 Best VMSE: 0.03998676
[2020-10-22 11:33:37] esmCNN.cv11: Checkpoint saved to experiments/normal/ar1/esmCNN_random_ar1_h3
[2020-10-22 11:33:37] esmCNN.cv11: Find channel with Kernel size: 3 	 Lambda: 0.5: 	 Best Score: 0.0310
[2020-10-22 11:33:37] esmCNN.cv11: Channel size: 90 	 Kernel size: 3 
Training MSE: 0.03099363 	 Validating MSE: 0.04788024 	 Best VMSE: 0.03998676
[2020-10-22 11:33:37] esmCNN.cv11: Checkpoint saved to experiments/normal/ar1/esmCNN_random_ar1_h3
[2020-10-22 11:33:37] esmCNN.cv11: Find channel with Kernel size: 3 	 Lambda: 0.5: 	 Best Score: 0.0310
[2020-10-22 11:33:37] esmCNN.cv11: Channel size: 91 	 Kernel size: 3 
Training MSE: 0.03097962 	 Validating MSE: 0.04682092 	 Best VMSE: 0.03998676
[2020-10-22 11:33:37] esmCNN.cv11: Checkpoint saved to experiments/normal/ar1/esmCNN_random_ar1_h3
[2020-10-22 11:33:37] esmCNN.cv11: Find channel with Kernel size: 2 	 Lambda: 0.5: 	 Best Score: 0.0310
[2020-10-22 11:33:37] esmCNN.cv11: Channel size: 92 	 Kernel size: 2 
Training MSE: 0.03097542 	 Validating MSE: 0.04741012 	 Best VMSE: 0.03998676
[2020-10-22 11:33:37] esmCNN.cv11: Checkpoint saved to experiments/normal/ar1/esmCNN_random_ar1_h3
[2020-10-22 11:33:37] esmCNN.cv11: Find channel with Kernel size: 5 	 Lambda: 0.5: 	 Best Score: 0.0310
[2020-10-22 11:33:38] esmCNN.cv11: Channel size: 93 	 Kernel size: 5 
Training MSE: 0.03096489 	 Validating MSE: 0.04799720 	 Best VMSE: 0.03998676
[2020-10-22 11:33:38] esmCNN.cv11: Checkpoint saved to experiments/normal/ar1/esmCNN_random_ar1_h3
[2020-10-22 11:33:38] esmCNN.cv11: Find channel with Kernel size: 3 	 Lambda: 0.5: 	 Best Score: 0.0309
[2020-10-22 11:33:38] esmCNN.cv11: Channel size: 94 	 Kernel size: 3 
Training MSE: 0.03094611 	 Validating MSE: 0.04676394 	 Best VMSE: 0.03998676
[2020-10-22 11:33:38] esmCNN.cv11: Checkpoint saved to experiments/normal/ar1/esmCNN_random_ar1_h3
[2020-10-22 11:33:38] esmCNN.cv11: Find channel with Kernel size: 2 	 Lambda: 0.5: 	 Best Score: 0.0309
[2020-10-22 11:33:38] esmCNN.cv11: Channel size: 95 	 Kernel size: 2 
Training MSE: 0.03093822 	 Validating MSE: 0.04781346 	 Best VMSE: 0.03998676
[2020-10-22 11:33:38] esmCNN.cv11: Checkpoint saved to experiments/normal/ar1/esmCNN_random_ar1_h3
[2020-10-22 11:33:38] esmCNN.cv11: Find channel with Kernel size: 3 	 Lambda: 0.5: 	 Best Score: 0.0309
[2020-10-22 11:33:38] esmCNN.cv11: Channel size: 96 	 Kernel size: 3 
Training MSE: 0.03093237 	 Validating MSE: 0.04696959 	 Best VMSE: 0.03998676
[2020-10-22 11:33:38] esmCNN.cv11: Checkpoint saved to experiments/normal/ar1/esmCNN_random_ar1_h3
[2020-10-22 11:33:38] esmCNN.cv11: Find channel with Kernel size: 2 	 Lambda: 0.5: 	 Best Score: 0.0309
[2020-10-22 11:33:38] esmCNN.cv11: Channel size: 97 	 Kernel size: 2 
Training MSE: 0.03093151 	 Validating MSE: 0.04730531 	 Best VMSE: 0.03998676
[2020-10-22 11:33:38] esmCNN.cv11: Checkpoint saved to experiments/normal/ar1/esmCNN_random_ar1_h3
[2020-10-22 11:33:38] esmCNN.cv11: Find channel with Kernel size: 3 	 Lambda: 0.5: 	 Best Score: 0.0309
[2020-10-22 11:33:38] esmCNN.cv11: Channel size: 98 	 Kernel size: 3 
Training MSE: 0.03093029 	 Validating MSE: 0.04692590 	 Best VMSE: 0.03998676
[2020-10-22 11:33:38] esmCNN.cv11: Checkpoint saved to experiments/normal/ar1/esmCNN_random_ar1_h3
[2020-10-22 11:33:38] esmCNN.cv11: Find channel with Kernel size: 5 	 Lambda: 0.5: 	 Best Score: 0.0309
[2020-10-22 11:33:38] esmCNN.cv11: Channel size: 99 	 Kernel size: 5 
Training MSE: 0.03092763 	 Validating MSE: 0.04753522 	 Best VMSE: 0.03998676
[2020-10-22 11:33:38] esmCNN.cv11: Checkpoint saved to experiments/normal/ar1/esmCNN_random_ar1_h3
[2020-10-22 11:33:38] esmCNN.cv11: Find channel with Kernel size: 3 	 Lambda: 0.5: 	 Best Score: 0.0309
[2020-10-22 11:33:39] esmCNN.cv11: Channel size: 100 	 Kernel size: 3 
Training MSE: 0.03092600 	 Validating MSE: 0.04709037 	 Best VMSE: 0.03998676
[2020-10-22 11:33:39] esmCNN.cv11: Checkpoint saved to experiments/normal/ar1/esmCNN_random_ar1_h3
[2020-10-22 11:33:39] esmCNN.cv11: Restoring best parameters from experiments/normal/ar1/esmCNN_random_ar1_h3/train.cv11.pth.tar
[2020-10-22 11:33:39] esmCNN.cv11: ar1	 H: 3	 Trail: 30 
Testing RMSE: 0.2438 	 MAPE: 0.05061 	 SMAPE: 0.02591
