[2020-10-22 11:36:35] esmCNN.cv16: Loading the datasets and model for 49th-batch-training
[2020-10-22 11:36:35] esmCNN.cv16: Argument channel_size: 100
[2020-10-22 11:36:35] esmCNN.cv16: Argument candidate_size: 300
[2020-10-22 11:36:35] esmCNN.cv16: Argument kernel_size: 3
[2020-10-22 11:36:35] esmCNN.cv16: Argument kernel_list: [5, 3, 3, 2]
[2020-10-22 11:36:35] esmCNN.cv16: Argument Lambdas: [0.5, 1, 5, 15, 30, 50, 100, 150, 200]
[2020-10-22 11:36:35] esmCNN.cv16: Argument Lambdas_std: [0.01, 0.05, 0.1, 0.5, 1]
[2020-10-22 11:36:35] esmCNN.cv16: Argument r: [0.8, 0.9, 0.99, 0.9999, 0.999999]
[2020-10-22 11:36:35] esmCNN.cv16: Argument tolerance: 0
[2020-10-22 11:36:35] esmCNN.cv16: Argument device: device(type='cuda')
[2020-10-22 11:36:35] esmCNN.cv16: Argument dataset: 'ar1'
[2020-10-22 11:36:35] esmCNN.cv16: Argument H: 3
[2020-10-22 11:36:35] esmCNN.cv16: Argument k: 5
[2020-10-22 11:36:35] esmCNN.cv16: Argument test: False
[2020-10-22 11:36:35] esmCNN.cv16: Argument search: 'random'
[2020-10-22 11:36:35] esmCNN.cv16: Argument normal: True
[2020-10-22 11:36:35] esmCNN.cv16: Argument diff: False
[2020-10-22 11:36:35] esmCNN.cv16: Argument times: 60
[2020-10-22 11:36:35] esmCNN.cv16: Argument datasets: {'ar1': {'lag_order': 15, 'normal': True, 'cov_dim': 0, 'kernel_size': 3}, 'wti': {'lag_order': 25, 'normal': True, 'cov_dim': 0, 'kernel_size': 5}, 'gold': {'lag_order': 25, 'normal': True, 'cov_dim': 0, 'kernel_size': 5}, 'sp': {'lag_order': 25, 'normal': True, 'cov_dim': 0, 'kernel_size': 5}, 'brent': {'lag_order': 24, 'normal': True, 'cov_dim': 0, 'kernel_size': 6}, 'sili': {'lag_order': 26, 'normal': True, 'cov_dim': 0, 'kernel_size': 6}}
[2020-10-22 11:36:35] esmCNN.cv16: Argument steps: 15
[2020-10-22 11:36:35] esmCNN.cv16: Argument cov_dim: 0
[2020-10-22 11:36:35] esmCNN.cv16: Argument experiment: 'experiments/normal/ar1'
[2020-10-22 11:36:35] esmCNN.cv16: Argument scaler: StandardScaler()
[2020-10-22 11:36:35] esmCNN.cv16: Argument model_name: 'esmCNN_random_ar1_h3'
[2020-10-22 11:36:35] esmCNN.cv16: Argument model_dir: 'experiments/normal/ar1/esmCNN_random_ar1_h3'
[2020-10-22 11:36:35] esmCNN.cv16: Argument In_channels: 1
[2020-10-22 11:36:35] esmCNN.cv16: Argument restore: True
[2020-10-22 11:36:35] esmCNN.cv16: Argument cv: 16
[2020-10-22 11:36:35] esmCNN.cv16: Argument plot_dir: 'experiments/normal/ar1/esmCNN_random_ar1_h3/figures'
[2020-10-22 11:36:35] esmCNN.cv16: Argument num_process: 8
[2020-10-22 11:36:35] esmCNN.cv16: Using Cuda...
[2020-10-22 11:36:35] esmCNN.cv16: Loading complete.
[2020-10-22 11:36:35] esmCNN.cv16: Model: 
ESM_CNN(
  (Pool): AvgPool1d(kernel_size=(3,), stride=(1,), padding=(0,))
  (loss_fn): MSELoss()
)
[2020-10-22 11:36:35] esmCNN.cv16: Found new best state
[2020-10-22 11:36:35] esmCNN.cv16: Best vmse: 0.0599
[2020-10-22 11:36:35] esmCNN.cv16: Channel size: 1 	 Kernel size: 3 
Training MSE: 0.05039399 	 Validating MSE: 0.05986667 	 Best VMSE: 0.05986667
[2020-10-22 11:36:35] esmCNN.cv16: Checkpoint saved to experiments/normal/ar1/esmCNN_random_ar1_h3
[2020-10-22 11:36:35] esmCNN.cv16: Find channel with Kernel size: 2 	 Lambda: 0.5: 	 Best Score: 0.0331
[2020-10-22 11:36:35] esmCNN.cv16: Found new best state
[2020-10-22 11:36:35] esmCNN.cv16: Best vmse: 0.0428
[2020-10-22 11:36:35] esmCNN.cv16: Channel size: 2 	 Kernel size: 2 
Training MSE: 0.03310901 	 Validating MSE: 0.04283845 	 Best VMSE: 0.04283845
[2020-10-22 11:36:35] esmCNN.cv16: Checkpoint saved to experiments/normal/ar1/esmCNN_random_ar1_h3
[2020-10-22 11:36:35] esmCNN.cv16: Find channel with Kernel size: 2 	 Lambda: 0.5: 	 Best Score: 0.0330
[2020-10-22 11:36:35] esmCNN.cv16: Channel size: 3 	 Kernel size: 2 
Training MSE: 0.03302211 	 Validating MSE: 0.04291011 	 Best VMSE: 0.04283845
[2020-10-22 11:36:35] esmCNN.cv16: Checkpoint saved to experiments/normal/ar1/esmCNN_random_ar1_h3
[2020-10-22 11:36:35] esmCNN.cv16: Find channel with Kernel size: 3 	 Lambda: 0.5: 	 Best Score: 0.0330
[2020-10-22 11:36:35] esmCNN.cv16: Found new best state
[2020-10-22 11:36:35] esmCNN.cv16: Best vmse: 0.0428
[2020-10-22 11:36:35] esmCNN.cv16: Channel size: 4 	 Kernel size: 3 
Training MSE: 0.03301970 	 Validating MSE: 0.04282096 	 Best VMSE: 0.04282096
[2020-10-22 11:36:35] esmCNN.cv16: Checkpoint saved to experiments/normal/ar1/esmCNN_random_ar1_h3
[2020-10-22 11:36:35] esmCNN.cv16: Find channel with Kernel size: 3 	 Lambda: 0.5: 	 Best Score: 0.0330
[2020-10-22 11:36:35] esmCNN.cv16: Found new best state
[2020-10-22 11:36:35] esmCNN.cv16: Best vmse: 0.0425
[2020-10-22 11:36:35] esmCNN.cv16: Channel size: 5 	 Kernel size: 3 
Training MSE: 0.03301420 	 Validating MSE: 0.04249958 	 Best VMSE: 0.04249958
[2020-10-22 11:36:35] esmCNN.cv16: Checkpoint saved to experiments/normal/ar1/esmCNN_random_ar1_h3
[2020-10-22 11:36:35] esmCNN.cv16: Find channel with Kernel size: 5 	 Lambda: 0.5: 	 Best Score: 0.0329
[2020-10-22 11:36:35] esmCNN.cv16: Channel size: 6 	 Kernel size: 5 
Training MSE: 0.03293901 	 Validating MSE: 0.04417835 	 Best VMSE: 0.04249958
[2020-10-22 11:36:35] esmCNN.cv16: Checkpoint saved to experiments/normal/ar1/esmCNN_random_ar1_h3
[2020-10-22 11:36:35] esmCNN.cv16: Find channel with Kernel size: 3 	 Lambda: 0.5: 	 Best Score: 0.0329
[2020-10-22 11:36:35] esmCNN.cv16: Channel size: 7 	 Kernel size: 3 
Training MSE: 0.03286997 	 Validating MSE: 0.04276146 	 Best VMSE: 0.04249958
[2020-10-22 11:36:35] esmCNN.cv16: Checkpoint saved to experiments/normal/ar1/esmCNN_random_ar1_h3
[2020-10-22 11:36:35] esmCNN.cv16: Find channel with Kernel size: 3 	 Lambda: 0.5: 	 Best Score: 0.0329
[2020-10-22 11:36:35] esmCNN.cv16: Channel size: 8 	 Kernel size: 3 
Training MSE: 0.03285205 	 Validating MSE: 0.04346878 	 Best VMSE: 0.04249958
[2020-10-22 11:36:35] esmCNN.cv16: Checkpoint saved to experiments/normal/ar1/esmCNN_random_ar1_h3
[2020-10-22 11:36:35] esmCNN.cv16: Find channel with Kernel size: 3 	 Lambda: 0.5: 	 Best Score: 0.0328
[2020-10-22 11:36:35] esmCNN.cv16: Channel size: 9 	 Kernel size: 3 
Training MSE: 0.03284577 	 Validating MSE: 0.04373684 	 Best VMSE: 0.04249958
[2020-10-22 11:36:35] esmCNN.cv16: Checkpoint saved to experiments/normal/ar1/esmCNN_random_ar1_h3
[2020-10-22 11:36:35] esmCNN.cv16: Find channel with Kernel size: 2 	 Lambda: 0.5: 	 Best Score: 0.0328
[2020-10-22 11:36:35] esmCNN.cv16: Channel size: 10 	 Kernel size: 2 
Training MSE: 0.03280620 	 Validating MSE: 0.04278703 	 Best VMSE: 0.04249958
[2020-10-22 11:36:35] esmCNN.cv16: Checkpoint saved to experiments/normal/ar1/esmCNN_random_ar1_h3
[2020-10-22 11:36:35] esmCNN.cv16: Find channel with Kernel size: 3 	 Lambda: 0.5: 	 Best Score: 0.0328
[2020-10-22 11:36:35] esmCNN.cv16: Channel size: 11 	 Kernel size: 3 
Training MSE: 0.03279163 	 Validating MSE: 0.04330331 	 Best VMSE: 0.04249958
[2020-10-22 11:36:35] esmCNN.cv16: Checkpoint saved to experiments/normal/ar1/esmCNN_random_ar1_h3
[2020-10-22 11:36:35] esmCNN.cv16: Find channel with Kernel size: 5 	 Lambda: 0.5: 	 Best Score: 0.0328
[2020-10-22 11:36:35] esmCNN.cv16: Channel size: 12 	 Kernel size: 5 
Training MSE: 0.03277507 	 Validating MSE: 0.04404800 	 Best VMSE: 0.04249958
[2020-10-22 11:36:35] esmCNN.cv16: Checkpoint saved to experiments/normal/ar1/esmCNN_random_ar1_h3
[2020-10-22 11:36:35] esmCNN.cv16: Find channel with Kernel size: 5 	 Lambda: 0.5: 	 Best Score: 0.0327
[2020-10-22 11:36:35] esmCNN.cv16: Channel size: 13 	 Kernel size: 5 
Training MSE: 0.03271519 	 Validating MSE: 0.04289084 	 Best VMSE: 0.04249958
[2020-10-22 11:36:35] esmCNN.cv16: Checkpoint saved to experiments/normal/ar1/esmCNN_random_ar1_h3
[2020-10-22 11:36:35] esmCNN.cv16: Find channel with Kernel size: 3 	 Lambda: 0.5: 	 Best Score: 0.0327
[2020-10-22 11:36:35] esmCNN.cv16: Channel size: 14 	 Kernel size: 3 
Training MSE: 0.03271086 	 Validating MSE: 0.04294180 	 Best VMSE: 0.04249958
[2020-10-22 11:36:35] esmCNN.cv16: Checkpoint saved to experiments/normal/ar1/esmCNN_random_ar1_h3
[2020-10-22 11:36:35] esmCNN.cv16: Find channel with Kernel size: 5 	 Lambda: 0.5: 	 Best Score: 0.0324
[2020-10-22 11:36:35] esmCNN.cv16: Channel size: 15 	 Kernel size: 5 
Training MSE: 0.03236143 	 Validating MSE: 0.04705665 	 Best VMSE: 0.04249958
[2020-10-22 11:36:35] esmCNN.cv16: Checkpoint saved to experiments/normal/ar1/esmCNN_random_ar1_h3
[2020-10-22 11:36:36] esmCNN.cv16: Find channel with Kernel size: 2 	 Lambda: 0.5: 	 Best Score: 0.0321
[2020-10-22 11:36:36] esmCNN.cv16: Channel size: 16 	 Kernel size: 2 
Training MSE: 0.03208740 	 Validating MSE: 0.04430389 	 Best VMSE: 0.04249958
[2020-10-22 11:36:36] esmCNN.cv16: Checkpoint saved to experiments/normal/ar1/esmCNN_random_ar1_h3
[2020-10-22 11:36:36] esmCNN.cv16: Find channel with Kernel size: 5 	 Lambda: 0.5: 	 Best Score: 0.0321
[2020-10-22 11:36:36] esmCNN.cv16: Channel size: 17 	 Kernel size: 5 
Training MSE: 0.03205802 	 Validating MSE: 0.04535149 	 Best VMSE: 0.04249958
[2020-10-22 11:36:36] esmCNN.cv16: Checkpoint saved to experiments/normal/ar1/esmCNN_random_ar1_h3
[2020-10-22 11:36:36] esmCNN.cv16: Find channel with Kernel size: 2 	 Lambda: 0.5: 	 Best Score: 0.0320
[2020-10-22 11:36:36] esmCNN.cv16: Channel size: 18 	 Kernel size: 2 
Training MSE: 0.03203011 	 Validating MSE: 0.04436472 	 Best VMSE: 0.04249958
[2020-10-22 11:36:36] esmCNN.cv16: Checkpoint saved to experiments/normal/ar1/esmCNN_random_ar1_h3
[2020-10-22 11:36:36] esmCNN.cv16: Find channel with Kernel size: 3 	 Lambda: 0.5: 	 Best Score: 0.0320
[2020-10-22 11:36:36] esmCNN.cv16: Channel size: 19 	 Kernel size: 3 
Training MSE: 0.03202189 	 Validating MSE: 0.04499356 	 Best VMSE: 0.04249958
[2020-10-22 11:36:36] esmCNN.cv16: Checkpoint saved to experiments/normal/ar1/esmCNN_random_ar1_h3
[2020-10-22 11:36:36] esmCNN.cv16: Find channel with Kernel size: 3 	 Lambda: 0.5: 	 Best Score: 0.0320
[2020-10-22 11:36:36] esmCNN.cv16: Channel size: 20 	 Kernel size: 3 
Training MSE: 0.03201066 	 Validating MSE: 0.04436719 	 Best VMSE: 0.04249958
[2020-10-22 11:36:36] esmCNN.cv16: Checkpoint saved to experiments/normal/ar1/esmCNN_random_ar1_h3
[2020-10-22 11:36:36] esmCNN.cv16: Find channel with Kernel size: 3 	 Lambda: 0.5: 	 Best Score: 0.0320
[2020-10-22 11:36:36] esmCNN.cv16: Channel size: 21 	 Kernel size: 3 
Training MSE: 0.03200869 	 Validating MSE: 0.04464519 	 Best VMSE: 0.04249958
[2020-10-22 11:36:36] esmCNN.cv16: Checkpoint saved to experiments/normal/ar1/esmCNN_random_ar1_h3
[2020-10-22 11:36:36] esmCNN.cv16: Find channel with Kernel size: 3 	 Lambda: 0.5: 	 Best Score: 0.0320
[2020-10-22 11:36:36] esmCNN.cv16: Channel size: 22 	 Kernel size: 3 
Training MSE: 0.03199195 	 Validating MSE: 0.04552562 	 Best VMSE: 0.04249958
[2020-10-22 11:36:36] esmCNN.cv16: Checkpoint saved to experiments/normal/ar1/esmCNN_random_ar1_h3
[2020-10-22 11:36:36] esmCNN.cv16: Find channel with Kernel size: 5 	 Lambda: 0.5: 	 Best Score: 0.0320
[2020-10-22 11:36:36] esmCNN.cv16: Channel size: 23 	 Kernel size: 5 
Training MSE: 0.03197001 	 Validating MSE: 0.04578261 	 Best VMSE: 0.04249958
[2020-10-22 11:36:36] esmCNN.cv16: Checkpoint saved to experiments/normal/ar1/esmCNN_random_ar1_h3
[2020-10-22 11:36:36] esmCNN.cv16: Find channel with Kernel size: 3 	 Lambda: 0.5: 	 Best Score: 0.0319
[2020-10-22 11:36:36] esmCNN.cv16: Channel size: 24 	 Kernel size: 3 
Training MSE: 0.03190576 	 Validating MSE: 0.04454066 	 Best VMSE: 0.04249958
[2020-10-22 11:36:36] esmCNN.cv16: Checkpoint saved to experiments/normal/ar1/esmCNN_random_ar1_h3
[2020-10-22 11:36:36] esmCNN.cv16: Find channel with Kernel size: 3 	 Lambda: 0.5: 	 Best Score: 0.0319
[2020-10-22 11:36:36] esmCNN.cv16: Channel size: 25 	 Kernel size: 3 
Training MSE: 0.03187998 	 Validating MSE: 0.04571830 	 Best VMSE: 0.04249958
[2020-10-22 11:36:36] esmCNN.cv16: Checkpoint saved to experiments/normal/ar1/esmCNN_random_ar1_h3
[2020-10-22 11:36:36] esmCNN.cv16: Find channel with Kernel size: 3 	 Lambda: 0.5: 	 Best Score: 0.0319
[2020-10-22 11:36:36] esmCNN.cv16: Channel size: 26 	 Kernel size: 3 
Training MSE: 0.03185772 	 Validating MSE: 0.04491673 	 Best VMSE: 0.04249958
[2020-10-22 11:36:36] esmCNN.cv16: Checkpoint saved to experiments/normal/ar1/esmCNN_random_ar1_h3
[2020-10-22 11:36:36] esmCNN.cv16: Find channel with Kernel size: 2 	 Lambda: 0.5: 	 Best Score: 0.0318
[2020-10-22 11:36:36] esmCNN.cv16: Channel size: 27 	 Kernel size: 2 
Training MSE: 0.03184980 	 Validating MSE: 0.04530050 	 Best VMSE: 0.04249958
[2020-10-22 11:36:36] esmCNN.cv16: Checkpoint saved to experiments/normal/ar1/esmCNN_random_ar1_h3
[2020-10-22 11:36:36] esmCNN.cv16: Find channel with Kernel size: 3 	 Lambda: 0.5: 	 Best Score: 0.0318
[2020-10-22 11:36:36] esmCNN.cv16: Channel size: 28 	 Kernel size: 3 
Training MSE: 0.03184533 	 Validating MSE: 0.04480700 	 Best VMSE: 0.04249958
[2020-10-22 11:36:36] esmCNN.cv16: Checkpoint saved to experiments/normal/ar1/esmCNN_random_ar1_h3
[2020-10-22 11:36:36] esmCNN.cv16: Find channel with Kernel size: 5 	 Lambda: 0.5: 	 Best Score: 0.0318
[2020-10-22 11:36:36] esmCNN.cv16: Channel size: 29 	 Kernel size: 5 
Training MSE: 0.03184390 	 Validating MSE: 0.04505272 	 Best VMSE: 0.04249958
[2020-10-22 11:36:36] esmCNN.cv16: Checkpoint saved to experiments/normal/ar1/esmCNN_random_ar1_h3
[2020-10-22 11:36:36] esmCNN.cv16: Find channel with Kernel size: 2 	 Lambda: 0.5: 	 Best Score: 0.0318
[2020-10-22 11:36:36] esmCNN.cv16: Channel size: 30 	 Kernel size: 2 
Training MSE: 0.03184161 	 Validating MSE: 0.04474083 	 Best VMSE: 0.04249958
[2020-10-22 11:36:36] esmCNN.cv16: Checkpoint saved to experiments/normal/ar1/esmCNN_random_ar1_h3
[2020-10-22 11:36:37] esmCNN.cv16: Find channel with Kernel size: 5 	 Lambda: 0.5: 	 Best Score: 0.0318
[2020-10-22 11:36:37] esmCNN.cv16: Channel size: 31 	 Kernel size: 5 
Training MSE: 0.03183383 	 Validating MSE: 0.04550216 	 Best VMSE: 0.04249958
[2020-10-22 11:36:37] esmCNN.cv16: Checkpoint saved to experiments/normal/ar1/esmCNN_random_ar1_h3
[2020-10-22 11:36:37] esmCNN.cv16: Find channel with Kernel size: 3 	 Lambda: 0.5: 	 Best Score: 0.0318
[2020-10-22 11:36:37] esmCNN.cv16: Channel size: 32 	 Kernel size: 3 
Training MSE: 0.03182673 	 Validating MSE: 0.04481613 	 Best VMSE: 0.04249958
[2020-10-22 11:36:37] esmCNN.cv16: Checkpoint saved to experiments/normal/ar1/esmCNN_random_ar1_h3
[2020-10-22 11:36:37] esmCNN.cv16: Find channel with Kernel size: 3 	 Lambda: 0.5: 	 Best Score: 0.0318
[2020-10-22 11:36:37] esmCNN.cv16: Channel size: 33 	 Kernel size: 3 
Training MSE: 0.03181424 	 Validating MSE: 0.04571240 	 Best VMSE: 0.04249958
[2020-10-22 11:36:37] esmCNN.cv16: Checkpoint saved to experiments/normal/ar1/esmCNN_random_ar1_h3
[2020-10-22 11:36:37] esmCNN.cv16: Find channel with Kernel size: 5 	 Lambda: 0.5: 	 Best Score: 0.0318
[2020-10-22 11:36:37] esmCNN.cv16: Channel size: 34 	 Kernel size: 5 
Training MSE: 0.03179941 	 Validating MSE: 0.04487480 	 Best VMSE: 0.04249958
[2020-10-22 11:36:37] esmCNN.cv16: Checkpoint saved to experiments/normal/ar1/esmCNN_random_ar1_h3
[2020-10-22 11:36:37] esmCNN.cv16: Find channel with Kernel size: 2 	 Lambda: 0.5: 	 Best Score: 0.0318
[2020-10-22 11:36:37] esmCNN.cv16: Channel size: 35 	 Kernel size: 2 
Training MSE: 0.03179800 	 Validating MSE: 0.04485743 	 Best VMSE: 0.04249958
[2020-10-22 11:36:37] esmCNN.cv16: Checkpoint saved to experiments/normal/ar1/esmCNN_random_ar1_h3
[2020-10-22 11:36:37] esmCNN.cv16: Find channel with Kernel size: 5 	 Lambda: 0.5: 	 Best Score: 0.0318
[2020-10-22 11:36:37] esmCNN.cv16: Channel size: 36 	 Kernel size: 5 
Training MSE: 0.03179400 	 Validating MSE: 0.04539654 	 Best VMSE: 0.04249958
[2020-10-22 11:36:37] esmCNN.cv16: Checkpoint saved to experiments/normal/ar1/esmCNN_random_ar1_h3
[2020-10-22 11:36:37] esmCNN.cv16: Find channel with Kernel size: 3 	 Lambda: 0.5: 	 Best Score: 0.0318
[2020-10-22 11:36:37] esmCNN.cv16: Channel size: 37 	 Kernel size: 3 
Training MSE: 0.03179036 	 Validating MSE: 0.04573012 	 Best VMSE: 0.04249958
[2020-10-22 11:36:37] esmCNN.cv16: Checkpoint saved to experiments/normal/ar1/esmCNN_random_ar1_h3
[2020-10-22 11:36:37] esmCNN.cv16: Find channel with Kernel size: 3 	 Lambda: 0.5: 	 Best Score: 0.0318
[2020-10-22 11:36:37] esmCNN.cv16: Channel size: 38 	 Kernel size: 3 
Training MSE: 0.03177952 	 Validating MSE: 0.04503815 	 Best VMSE: 0.04249958
[2020-10-22 11:36:37] esmCNN.cv16: Checkpoint saved to experiments/normal/ar1/esmCNN_random_ar1_h3
[2020-10-22 11:36:37] esmCNN.cv16: Find channel with Kernel size: 3 	 Lambda: 0.5: 	 Best Score: 0.0317
[2020-10-22 11:36:37] esmCNN.cv16: Channel size: 39 	 Kernel size: 3 
Training MSE: 0.03174896 	 Validating MSE: 0.04662089 	 Best VMSE: 0.04249958
[2020-10-22 11:36:37] esmCNN.cv16: Checkpoint saved to experiments/normal/ar1/esmCNN_random_ar1_h3
[2020-10-22 11:36:37] esmCNN.cv16: Find channel with Kernel size: 3 	 Lambda: 0.5: 	 Best Score: 0.0317
[2020-10-22 11:36:37] esmCNN.cv16: Channel size: 40 	 Kernel size: 3 
Training MSE: 0.03172071 	 Validating MSE: 0.04531299 	 Best VMSE: 0.04249958
[2020-10-22 11:36:37] esmCNN.cv16: Checkpoint saved to experiments/normal/ar1/esmCNN_random_ar1_h3
[2020-10-22 11:36:37] esmCNN.cv16: Find channel with Kernel size: 2 	 Lambda: 0.5: 	 Best Score: 0.0317
[2020-10-22 11:36:37] esmCNN.cv16: Channel size: 41 	 Kernel size: 2 
Training MSE: 0.03171469 	 Validating MSE: 0.04585803 	 Best VMSE: 0.04249958
[2020-10-22 11:36:37] esmCNN.cv16: Checkpoint saved to experiments/normal/ar1/esmCNN_random_ar1_h3
[2020-10-22 11:36:37] esmCNN.cv16: Find channel with Kernel size: 2 	 Lambda: 0.5: 	 Best Score: 0.0317
[2020-10-22 11:36:37] esmCNN.cv16: Channel size: 42 	 Kernel size: 2 
Training MSE: 0.03171210 	 Validating MSE: 0.04542483 	 Best VMSE: 0.04249958
[2020-10-22 11:36:37] esmCNN.cv16: Checkpoint saved to experiments/normal/ar1/esmCNN_random_ar1_h3
[2020-10-22 11:36:38] esmCNN.cv16: Find channel with Kernel size: 3 	 Lambda: 0.5: 	 Best Score: 0.0317
[2020-10-22 11:36:38] esmCNN.cv16: Channel size: 43 	 Kernel size: 3 
Training MSE: 0.03170847 	 Validating MSE: 0.04596157 	 Best VMSE: 0.04249958
[2020-10-22 11:36:38] esmCNN.cv16: Checkpoint saved to experiments/normal/ar1/esmCNN_random_ar1_h3
[2020-10-22 11:36:38] esmCNN.cv16: Find channel with Kernel size: 2 	 Lambda: 0.5: 	 Best Score: 0.0317
[2020-10-22 11:36:38] esmCNN.cv16: Channel size: 44 	 Kernel size: 2 
Training MSE: 0.03170435 	 Validating MSE: 0.04556716 	 Best VMSE: 0.04249958
[2020-10-22 11:36:38] esmCNN.cv16: Checkpoint saved to experiments/normal/ar1/esmCNN_random_ar1_h3
[2020-10-22 11:36:38] esmCNN.cv16: Find channel with Kernel size: 5 	 Lambda: 0.5: 	 Best Score: 0.0317
[2020-10-22 11:36:38] esmCNN.cv16: Channel size: 45 	 Kernel size: 5 
Training MSE: 0.03170247 	 Validating MSE: 0.04576667 	 Best VMSE: 0.04249958
[2020-10-22 11:36:38] esmCNN.cv16: Checkpoint saved to experiments/normal/ar1/esmCNN_random_ar1_h3
[2020-10-22 11:36:38] esmCNN.cv16: Find channel with Kernel size: 3 	 Lambda: 0.5: 	 Best Score: 0.0317
[2020-10-22 11:36:38] esmCNN.cv16: Channel size: 46 	 Kernel size: 3 
Training MSE: 0.03168589 	 Validating MSE: 0.04673573 	 Best VMSE: 0.04249958
[2020-10-22 11:36:38] esmCNN.cv16: Checkpoint saved to experiments/normal/ar1/esmCNN_random_ar1_h3
[2020-10-22 11:36:38] esmCNN.cv16: Find channel with Kernel size: 2 	 Lambda: 0.5: 	 Best Score: 0.0317
[2020-10-22 11:36:38] esmCNN.cv16: Channel size: 47 	 Kernel size: 2 
Training MSE: 0.03165834 	 Validating MSE: 0.04553841 	 Best VMSE: 0.04249958
[2020-10-22 11:36:38] esmCNN.cv16: Checkpoint saved to experiments/normal/ar1/esmCNN_random_ar1_h3
[2020-10-22 11:36:38] esmCNN.cv16: Find channel with Kernel size: 2 	 Lambda: 0.5: 	 Best Score: 0.0317
[2020-10-22 11:36:38] esmCNN.cv16: Channel size: 48 	 Kernel size: 2 
Training MSE: 0.03165713 	 Validating MSE: 0.04551553 	 Best VMSE: 0.04249958
[2020-10-22 11:36:38] esmCNN.cv16: Checkpoint saved to experiments/normal/ar1/esmCNN_random_ar1_h3
[2020-10-22 11:36:38] esmCNN.cv16: Find channel with Kernel size: 3 	 Lambda: 0.5: 	 Best Score: 0.0317
[2020-10-22 11:36:38] esmCNN.cv16: Channel size: 49 	 Kernel size: 3 
Training MSE: 0.03165415 	 Validating MSE: 0.04589405 	 Best VMSE: 0.04249958
[2020-10-22 11:36:38] esmCNN.cv16: Checkpoint saved to experiments/normal/ar1/esmCNN_random_ar1_h3
[2020-10-22 11:36:38] esmCNN.cv16: Find channel with Kernel size: 3 	 Lambda: 0.5: 	 Best Score: 0.0316
[2020-10-22 11:36:38] esmCNN.cv16: Channel size: 50 	 Kernel size: 3 
Training MSE: 0.03164207 	 Validating MSE: 0.04690019 	 Best VMSE: 0.04249958
[2020-10-22 11:36:38] esmCNN.cv16: Checkpoint saved to experiments/normal/ar1/esmCNN_random_ar1_h3
[2020-10-22 11:36:38] esmCNN.cv16: Find channel with Kernel size: 2 	 Lambda: 0.5: 	 Best Score: 0.0316
[2020-10-22 11:36:38] esmCNN.cv16: Channel size: 51 	 Kernel size: 2 
Training MSE: 0.03161944 	 Validating MSE: 0.04576221 	 Best VMSE: 0.04249958
[2020-10-22 11:36:38] esmCNN.cv16: Checkpoint saved to experiments/normal/ar1/esmCNN_random_ar1_h3
[2020-10-22 11:36:38] esmCNN.cv16: Find channel with Kernel size: 3 	 Lambda: 0.5: 	 Best Score: 0.0316
[2020-10-22 11:36:38] esmCNN.cv16: Channel size: 52 	 Kernel size: 3 
Training MSE: 0.03161689 	 Validating MSE: 0.04619682 	 Best VMSE: 0.04249958
[2020-10-22 11:36:38] esmCNN.cv16: Checkpoint saved to experiments/normal/ar1/esmCNN_random_ar1_h3
[2020-10-22 11:36:38] esmCNN.cv16: Find channel with Kernel size: 2 	 Lambda: 0.5: 	 Best Score: 0.0316
[2020-10-22 11:36:38] esmCNN.cv16: Channel size: 53 	 Kernel size: 2 
Training MSE: 0.03161447 	 Validating MSE: 0.04584686 	 Best VMSE: 0.04249958
[2020-10-22 11:36:39] esmCNN.cv16: Checkpoint saved to experiments/normal/ar1/esmCNN_random_ar1_h3
[2020-10-22 11:36:39] esmCNN.cv16: Find channel with Kernel size: 3 	 Lambda: 0.5: 	 Best Score: 0.0316
[2020-10-22 11:36:39] esmCNN.cv16: Channel size: 54 	 Kernel size: 3 
Training MSE: 0.03159695 	 Validating MSE: 0.04697115 	 Best VMSE: 0.04249958
[2020-10-22 11:36:39] esmCNN.cv16: Checkpoint saved to experiments/normal/ar1/esmCNN_random_ar1_h3
[2020-10-22 11:36:39] esmCNN.cv16: Find channel with Kernel size: 2 	 Lambda: 0.5: 	 Best Score: 0.0316
[2020-10-22 11:36:39] esmCNN.cv16: Channel size: 55 	 Kernel size: 2 
Training MSE: 0.03157927 	 Validating MSE: 0.04590124 	 Best VMSE: 0.04249958
[2020-10-22 11:36:39] esmCNN.cv16: Checkpoint saved to experiments/normal/ar1/esmCNN_random_ar1_h3
[2020-10-22 11:36:39] esmCNN.cv16: Find channel with Kernel size: 3 	 Lambda: 0.5: 	 Best Score: 0.0316
[2020-10-22 11:36:39] esmCNN.cv16: Channel size: 56 	 Kernel size: 3 
Training MSE: 0.03157578 	 Validating MSE: 0.04640512 	 Best VMSE: 0.04249958
[2020-10-22 11:36:39] esmCNN.cv16: Checkpoint saved to experiments/normal/ar1/esmCNN_random_ar1_h3
[2020-10-22 11:36:39] esmCNN.cv16: Find channel with Kernel size: 5 	 Lambda: 0.5: 	 Best Score: 0.0316
[2020-10-22 11:36:39] esmCNN.cv16: Channel size: 57 	 Kernel size: 5 
Training MSE: 0.03156978 	 Validating MSE: 0.04580186 	 Best VMSE: 0.04249958
[2020-10-22 11:36:39] esmCNN.cv16: Checkpoint saved to experiments/normal/ar1/esmCNN_random_ar1_h3
[2020-10-22 11:36:39] esmCNN.cv16: Find channel with Kernel size: 3 	 Lambda: 0.5: 	 Best Score: 0.0316
[2020-10-22 11:36:39] esmCNN.cv16: Channel size: 58 	 Kernel size: 3 
Training MSE: 0.03156391 	 Validating MSE: 0.04653066 	 Best VMSE: 0.04249958
[2020-10-22 11:36:39] esmCNN.cv16: Checkpoint saved to experiments/normal/ar1/esmCNN_random_ar1_h3
[2020-10-22 11:36:39] esmCNN.cv16: Find channel with Kernel size: 3 	 Lambda: 0.5: 	 Best Score: 0.0316
[2020-10-22 11:36:39] esmCNN.cv16: Channel size: 59 	 Kernel size: 3 
Training MSE: 0.03155925 	 Validating MSE: 0.04601521 	 Best VMSE: 0.04249958
[2020-10-22 11:36:39] esmCNN.cv16: Checkpoint saved to experiments/normal/ar1/esmCNN_random_ar1_h3
[2020-10-22 11:36:39] esmCNN.cv16: Find channel with Kernel size: 2 	 Lambda: 0.5: 	 Best Score: 0.0316
[2020-10-22 11:36:39] esmCNN.cv16: Channel size: 60 	 Kernel size: 2 
Training MSE: 0.03155546 	 Validating MSE: 0.04656005 	 Best VMSE: 0.04249958
[2020-10-22 11:36:39] esmCNN.cv16: Checkpoint saved to experiments/normal/ar1/esmCNN_random_ar1_h3
[2020-10-22 11:36:39] esmCNN.cv16: Find channel with Kernel size: 2 	 Lambda: 0.5: 	 Best Score: 0.0316
[2020-10-22 11:36:39] esmCNN.cv16: Channel size: 61 	 Kernel size: 2 
Training MSE: 0.03155124 	 Validating MSE: 0.04605585 	 Best VMSE: 0.04249958
[2020-10-22 11:36:39] esmCNN.cv16: Checkpoint saved to experiments/normal/ar1/esmCNN_random_ar1_h3
[2020-10-22 11:36:39] esmCNN.cv16: Find channel with Kernel size: 5 	 Lambda: 0.5: 	 Best Score: 0.0315
[2020-10-22 11:36:39] esmCNN.cv16: Channel size: 62 	 Kernel size: 5 
Training MSE: 0.03154732 	 Validating MSE: 0.04661187 	 Best VMSE: 0.04249958
[2020-10-22 11:36:39] esmCNN.cv16: Checkpoint saved to experiments/normal/ar1/esmCNN_random_ar1_h3
[2020-10-22 11:36:39] esmCNN.cv16: Find channel with Kernel size: 2 	 Lambda: 0.5: 	 Best Score: 0.0315
[2020-10-22 11:36:40] esmCNN.cv16: Channel size: 63 	 Kernel size: 2 
Training MSE: 0.03154297 	 Validating MSE: 0.04605301 	 Best VMSE: 0.04249958
[2020-10-22 11:36:40] esmCNN.cv16: Checkpoint saved to experiments/normal/ar1/esmCNN_random_ar1_h3
[2020-10-22 11:36:40] esmCNN.cv16: Find channel with Kernel size: 5 	 Lambda: 0.5: 	 Best Score: 0.0315
[2020-10-22 11:36:40] esmCNN.cv16: Channel size: 64 	 Kernel size: 5 
Training MSE: 0.03153189 	 Validating MSE: 0.04693720 	 Best VMSE: 0.04249958
[2020-10-22 11:36:40] esmCNN.cv16: Checkpoint saved to experiments/normal/ar1/esmCNN_random_ar1_h3
[2020-10-22 11:36:40] esmCNN.cv16: Find channel with Kernel size: 2 	 Lambda: 0.5: 	 Best Score: 0.0315
[2020-10-22 11:36:40] esmCNN.cv16: Channel size: 65 	 Kernel size: 2 
Training MSE: 0.03152226 	 Validating MSE: 0.04610245 	 Best VMSE: 0.04249958
[2020-10-22 11:36:40] esmCNN.cv16: Checkpoint saved to experiments/normal/ar1/esmCNN_random_ar1_h3
[2020-10-22 11:36:40] esmCNN.cv16: Find channel with Kernel size: 3 	 Lambda: 0.5: 	 Best Score: 0.0315
[2020-10-22 11:36:40] esmCNN.cv16: Channel size: 66 	 Kernel size: 3 
Training MSE: 0.03151872 	 Validating MSE: 0.04654132 	 Best VMSE: 0.04249958
[2020-10-22 11:36:40] esmCNN.cv16: Checkpoint saved to experiments/normal/ar1/esmCNN_random_ar1_h3
[2020-10-22 11:36:40] esmCNN.cv16: Find channel with Kernel size: 3 	 Lambda: 0.5: 	 Best Score: 0.0315
[2020-10-22 11:36:40] esmCNN.cv16: Channel size: 67 	 Kernel size: 3 
Training MSE: 0.03150634 	 Validating MSE: 0.04757906 	 Best VMSE: 0.04249958
[2020-10-22 11:36:40] esmCNN.cv16: Checkpoint saved to experiments/normal/ar1/esmCNN_random_ar1_h3
[2020-10-22 11:36:40] esmCNN.cv16: Find channel with Kernel size: 3 	 Lambda: 0.5: 	 Best Score: 0.0315
[2020-10-22 11:36:40] esmCNN.cv16: Channel size: 68 	 Kernel size: 3 
Training MSE: 0.03147893 	 Validating MSE: 0.04634983 	 Best VMSE: 0.04249958
[2020-10-22 11:36:40] esmCNN.cv16: Checkpoint saved to experiments/normal/ar1/esmCNN_random_ar1_h3
[2020-10-22 11:36:40] esmCNN.cv16: Find channel with Kernel size: 5 	 Lambda: 0.5: 	 Best Score: 0.0315
[2020-10-22 11:36:40] esmCNN.cv16: Channel size: 69 	 Kernel size: 5 
Training MSE: 0.03146262 	 Validating MSE: 0.04766650 	 Best VMSE: 0.04249958
[2020-10-22 11:36:40] esmCNN.cv16: Checkpoint saved to experiments/normal/ar1/esmCNN_random_ar1_h3
[2020-10-22 11:36:40] esmCNN.cv16: Find channel with Kernel size: 5 	 Lambda: 0.5: 	 Best Score: 0.0314
[2020-10-22 11:36:40] esmCNN.cv16: Channel size: 70 	 Kernel size: 5 
Training MSE: 0.03141491 	 Validating MSE: 0.04924852 	 Best VMSE: 0.04249958
[2020-10-22 11:36:40] esmCNN.cv16: Checkpoint saved to experiments/normal/ar1/esmCNN_random_ar1_h3
[2020-10-22 11:36:40] esmCNN.cv16: Find channel with Kernel size: 2 	 Lambda: 0.5: 	 Best Score: 0.0313
[2020-10-22 11:36:40] esmCNN.cv16: Channel size: 71 	 Kernel size: 2 
Training MSE: 0.03132710 	 Validating MSE: 0.04703682 	 Best VMSE: 0.04249958
[2020-10-22 11:36:40] esmCNN.cv16: Checkpoint saved to experiments/normal/ar1/esmCNN_random_ar1_h3
[2020-10-22 11:36:40] esmCNN.cv16: Find channel with Kernel size: 2 	 Lambda: 0.5: 	 Best Score: 0.0313
[2020-10-22 11:36:41] esmCNN.cv16: Channel size: 72 	 Kernel size: 2 
Training MSE: 0.03132171 	 Validating MSE: 0.04776878 	 Best VMSE: 0.04249958
[2020-10-22 11:36:41] esmCNN.cv16: Checkpoint saved to experiments/normal/ar1/esmCNN_random_ar1_h3
[2020-10-22 11:36:41] esmCNN.cv16: Find channel with Kernel size: 5 	 Lambda: 0.5: 	 Best Score: 0.0313
[2020-10-22 11:36:41] esmCNN.cv16: Channel size: 73 	 Kernel size: 5 
Training MSE: 0.03131704 	 Validating MSE: 0.04707246 	 Best VMSE: 0.04249958
[2020-10-22 11:36:41] esmCNN.cv16: Checkpoint saved to experiments/normal/ar1/esmCNN_random_ar1_h3
[2020-10-22 11:36:41] esmCNN.cv16: Find channel with Kernel size: 3 	 Lambda: 0.5: 	 Best Score: 0.0313
[2020-10-22 11:36:41] esmCNN.cv16: Channel size: 74 	 Kernel size: 3 
Training MSE: 0.03131266 	 Validating MSE: 0.04778035 	 Best VMSE: 0.04249958
[2020-10-22 11:36:41] esmCNN.cv16: Checkpoint saved to experiments/normal/ar1/esmCNN_random_ar1_h3
[2020-10-22 11:36:41] esmCNN.cv16: Find channel with Kernel size: 3 	 Lambda: 0.5: 	 Best Score: 0.0313
[2020-10-22 11:36:41] esmCNN.cv16: Channel size: 75 	 Kernel size: 3 
Training MSE: 0.03130798 	 Validating MSE: 0.04709188 	 Best VMSE: 0.04249958
[2020-10-22 11:36:41] esmCNN.cv16: Checkpoint saved to experiments/normal/ar1/esmCNN_random_ar1_h3
[2020-10-22 11:36:41] esmCNN.cv16: Find channel with Kernel size: 5 	 Lambda: 0.5: 	 Best Score: 0.0313
[2020-10-22 11:36:41] esmCNN.cv16: Channel size: 76 	 Kernel size: 5 
Training MSE: 0.03129003 	 Validating MSE: 0.04865964 	 Best VMSE: 0.04249958
[2020-10-22 11:36:41] esmCNN.cv16: Checkpoint saved to experiments/normal/ar1/esmCNN_random_ar1_h3
[2020-10-22 11:36:41] esmCNN.cv16: Find channel with Kernel size: 3 	 Lambda: 0.5: 	 Best Score: 0.0313
[2020-10-22 11:36:41] esmCNN.cv16: Channel size: 77 	 Kernel size: 3 
Training MSE: 0.03126980 	 Validating MSE: 0.04756352 	 Best VMSE: 0.04249958
[2020-10-22 11:36:41] esmCNN.cv16: Checkpoint saved to experiments/normal/ar1/esmCNN_random_ar1_h3
[2020-10-22 11:36:41] esmCNN.cv16: Find channel with Kernel size: 5 	 Lambda: 0.5: 	 Best Score: 0.0313
[2020-10-22 11:36:41] esmCNN.cv16: Channel size: 78 	 Kernel size: 5 
Training MSE: 0.03126833 	 Validating MSE: 0.04770010 	 Best VMSE: 0.04249958
[2020-10-22 11:36:41] esmCNN.cv16: Checkpoint saved to experiments/normal/ar1/esmCNN_random_ar1_h3
[2020-10-22 11:36:41] esmCNN.cv16: Find channel with Kernel size: 5 	 Lambda: 0.5: 	 Best Score: 0.0312
[2020-10-22 11:36:41] esmCNN.cv16: Channel size: 79 	 Kernel size: 5 
Training MSE: 0.03124643 	 Validating MSE: 0.04889698 	 Best VMSE: 0.04249958
[2020-10-22 11:36:41] esmCNN.cv16: Checkpoint saved to experiments/normal/ar1/esmCNN_random_ar1_h3
[2020-10-22 11:36:41] esmCNN.cv16: Find channel with Kernel size: 3 	 Lambda: 0.5: 	 Best Score: 0.0312
[2020-10-22 11:36:42] esmCNN.cv16: Channel size: 80 	 Kernel size: 3 
Training MSE: 0.03121961 	 Validating MSE: 0.04784535 	 Best VMSE: 0.04249958
[2020-10-22 11:36:42] esmCNN.cv16: Checkpoint saved to experiments/normal/ar1/esmCNN_random_ar1_h3
[2020-10-22 11:36:42] esmCNN.cv16: Find channel with Kernel size: 3 	 Lambda: 0.5: 	 Best Score: 0.0312
[2020-10-22 11:36:42] esmCNN.cv16: Channel size: 81 	 Kernel size: 3 
Training MSE: 0.03121802 	 Validating MSE: 0.04766829 	 Best VMSE: 0.04249958
[2020-10-22 11:36:42] esmCNN.cv16: Checkpoint saved to experiments/normal/ar1/esmCNN_random_ar1_h3
[2020-10-22 11:36:42] esmCNN.cv16: Find channel with Kernel size: 3 	 Lambda: 0.5: 	 Best Score: 0.0312
[2020-10-22 11:36:42] esmCNN.cv16: Channel size: 82 	 Kernel size: 3 
Training MSE: 0.03119708 	 Validating MSE: 0.04919400 	 Best VMSE: 0.04249958
[2020-10-22 11:36:42] esmCNN.cv16: Checkpoint saved to experiments/normal/ar1/esmCNN_random_ar1_h3
[2020-10-22 11:36:42] esmCNN.cv16: Find channel with Kernel size: 3 	 Lambda: 0.5: 	 Best Score: 0.0312
[2020-10-22 11:36:42] esmCNN.cv16: Channel size: 83 	 Kernel size: 3 
Training MSE: 0.03118083 	 Validating MSE: 0.04780530 	 Best VMSE: 0.04249958
[2020-10-22 11:36:42] esmCNN.cv16: Checkpoint saved to experiments/normal/ar1/esmCNN_random_ar1_h3
[2020-10-22 11:36:42] esmCNN.cv16: Find channel with Kernel size: 2 	 Lambda: 0.5: 	 Best Score: 0.0312
[2020-10-22 11:36:42] esmCNN.cv16: Channel size: 84 	 Kernel size: 2 
Training MSE: 0.03117762 	 Validating MSE: 0.04851007 	 Best VMSE: 0.04249958
[2020-10-22 11:36:42] esmCNN.cv16: Checkpoint saved to experiments/normal/ar1/esmCNN_random_ar1_h3
[2020-10-22 11:36:42] esmCNN.cv16: Find channel with Kernel size: 3 	 Lambda: 0.5: 	 Best Score: 0.0312
[2020-10-22 11:36:42] esmCNN.cv16: Channel size: 85 	 Kernel size: 3 
Training MSE: 0.03117449 	 Validating MSE: 0.04795962 	 Best VMSE: 0.04249958
[2020-10-22 11:36:42] esmCNN.cv16: Checkpoint saved to experiments/normal/ar1/esmCNN_random_ar1_h3
[2020-10-22 11:36:42] esmCNN.cv16: Find channel with Kernel size: 3 	 Lambda: 0.5: 	 Best Score: 0.0312
[2020-10-22 11:36:42] esmCNN.cv16: Channel size: 86 	 Kernel size: 3 
Training MSE: 0.03117385 	 Validating MSE: 0.04773759 	 Best VMSE: 0.04249958
[2020-10-22 11:36:42] esmCNN.cv16: Checkpoint saved to experiments/normal/ar1/esmCNN_random_ar1_h3
[2020-10-22 11:36:42] esmCNN.cv16: Find channel with Kernel size: 5 	 Lambda: 0.5: 	 Best Score: 0.0312
[2020-10-22 11:36:42] esmCNN.cv16: Channel size: 87 	 Kernel size: 5 
Training MSE: 0.03116293 	 Validating MSE: 0.04885612 	 Best VMSE: 0.04249958
[2020-10-22 11:36:42] esmCNN.cv16: Checkpoint saved to experiments/normal/ar1/esmCNN_random_ar1_h3
[2020-10-22 11:36:42] esmCNN.cv16: Find channel with Kernel size: 2 	 Lambda: 0.5: 	 Best Score: 0.0312
[2020-10-22 11:36:43] esmCNN.cv16: Channel size: 88 	 Kernel size: 2 
Training MSE: 0.03115381 	 Validating MSE: 0.04800174 	 Best VMSE: 0.04249958
[2020-10-22 11:36:43] esmCNN.cv16: Checkpoint saved to experiments/normal/ar1/esmCNN_random_ar1_h3
[2020-10-22 11:36:43] esmCNN.cv16: Find channel with Kernel size: 3 	 Lambda: 0.5: 	 Best Score: 0.0312
[2020-10-22 11:36:43] esmCNN.cv16: Channel size: 89 	 Kernel size: 3 
Training MSE: 0.03115319 	 Validating MSE: 0.04826118 	 Best VMSE: 0.04249958
[2020-10-22 11:36:43] esmCNN.cv16: Checkpoint saved to experiments/normal/ar1/esmCNN_random_ar1_h3
[2020-10-22 11:36:43] esmCNN.cv16: Find channel with Kernel size: 5 	 Lambda: 0.5: 	 Best Score: 0.0312
[2020-10-22 11:36:43] esmCNN.cv16: Channel size: 90 	 Kernel size: 5 
Training MSE: 0.03115266 	 Validating MSE: 0.04832032 	 Best VMSE: 0.04249958
[2020-10-22 11:36:43] esmCNN.cv16: Checkpoint saved to experiments/normal/ar1/esmCNN_random_ar1_h3
[2020-10-22 11:36:43] esmCNN.cv16: Find channel with Kernel size: 5 	 Lambda: 0.5: 	 Best Score: 0.0312
[2020-10-22 11:36:43] esmCNN.cv16: Channel size: 91 	 Kernel size: 5 
Training MSE: 0.03115026 	 Validating MSE: 0.04878410 	 Best VMSE: 0.04249958
[2020-10-22 11:36:43] esmCNN.cv16: Checkpoint saved to experiments/normal/ar1/esmCNN_random_ar1_h3
[2020-10-22 11:36:43] esmCNN.cv16: Find channel with Kernel size: 2 	 Lambda: 0.5: 	 Best Score: 0.0311
[2020-10-22 11:36:43] esmCNN.cv16: Channel size: 92 	 Kernel size: 2 
Training MSE: 0.03114471 	 Validating MSE: 0.04804756 	 Best VMSE: 0.04249958
[2020-10-22 11:36:43] esmCNN.cv16: Checkpoint saved to experiments/normal/ar1/esmCNN_random_ar1_h3
[2020-10-22 11:36:43] esmCNN.cv16: Find channel with Kernel size: 3 	 Lambda: 0.5: 	 Best Score: 0.0311
[2020-10-22 11:36:43] esmCNN.cv16: Channel size: 93 	 Kernel size: 3 
Training MSE: 0.03114065 	 Validating MSE: 0.04878613 	 Best VMSE: 0.04249958
[2020-10-22 11:36:43] esmCNN.cv16: Checkpoint saved to experiments/normal/ar1/esmCNN_random_ar1_h3
[2020-10-22 11:36:43] esmCNN.cv16: Find channel with Kernel size: 5 	 Lambda: 0.5: 	 Best Score: 0.0311
[2020-10-22 11:36:43] esmCNN.cv16: Channel size: 94 	 Kernel size: 5 
Training MSE: 0.03113636 	 Validating MSE: 0.04855024 	 Best VMSE: 0.04249958
[2020-10-22 11:36:43] esmCNN.cv16: Checkpoint saved to experiments/normal/ar1/esmCNN_random_ar1_h3
[2020-10-22 11:36:43] esmCNN.cv16: Find channel with Kernel size: 2 	 Lambda: 0.5: 	 Best Score: 0.0311
[2020-10-22 11:36:44] esmCNN.cv16: Channel size: 95 	 Kernel size: 2 
Training MSE: 0.03113231 	 Validating MSE: 0.04810569 	 Best VMSE: 0.04249958
[2020-10-22 11:36:44] esmCNN.cv16: Checkpoint saved to experiments/normal/ar1/esmCNN_random_ar1_h3
[2020-10-22 11:36:44] esmCNN.cv16: Find channel with Kernel size: 3 	 Lambda: 0.5: 	 Best Score: 0.0311
[2020-10-22 11:36:44] esmCNN.cv16: Channel size: 96 	 Kernel size: 3 
Training MSE: 0.03113136 	 Validating MSE: 0.04840717 	 Best VMSE: 0.04249958
[2020-10-22 11:36:44] esmCNN.cv16: Checkpoint saved to experiments/normal/ar1/esmCNN_random_ar1_h3
[2020-10-22 11:36:44] esmCNN.cv16: Find channel with Kernel size: 3 	 Lambda: 0.5: 	 Best Score: 0.0311
[2020-10-22 11:36:44] esmCNN.cv16: Channel size: 97 	 Kernel size: 3 
Training MSE: 0.03112940 	 Validating MSE: 0.04883363 	 Best VMSE: 0.04249958
[2020-10-22 11:36:44] esmCNN.cv16: Checkpoint saved to experiments/normal/ar1/esmCNN_random_ar1_h3
[2020-10-22 11:36:44] esmCNN.cv16: Find channel with Kernel size: 5 	 Lambda: 0.5: 	 Best Score: 0.0311
[2020-10-22 11:36:44] esmCNN.cv16: Channel size: 98 	 Kernel size: 5 
Training MSE: 0.03112455 	 Validating MSE: 0.04814199 	 Best VMSE: 0.04249958
[2020-10-22 11:36:44] esmCNN.cv16: Checkpoint saved to experiments/normal/ar1/esmCNN_random_ar1_h3
[2020-10-22 11:36:44] esmCNN.cv16: Find channel with Kernel size: 2 	 Lambda: 0.5: 	 Best Score: 0.0311
[2020-10-22 11:36:44] esmCNN.cv16: Channel size: 99 	 Kernel size: 2 
Training MSE: 0.03112184 	 Validating MSE: 0.04859563 	 Best VMSE: 0.04249958
[2020-10-22 11:36:44] esmCNN.cv16: Checkpoint saved to experiments/normal/ar1/esmCNN_random_ar1_h3
[2020-10-22 11:36:44] esmCNN.cv16: Find channel with Kernel size: 3 	 Lambda: 0.5: 	 Best Score: 0.0311
[2020-10-22 11:36:44] esmCNN.cv16: Channel size: 100 	 Kernel size: 3 
Training MSE: 0.03111992 	 Validating MSE: 0.04826768 	 Best VMSE: 0.04249958
[2020-10-22 11:36:44] esmCNN.cv16: Checkpoint saved to experiments/normal/ar1/esmCNN_random_ar1_h3
[2020-10-22 11:36:44] esmCNN.cv16: Restoring best parameters from experiments/normal/ar1/esmCNN_random_ar1_h3/train.cv16.pth.tar
[2020-10-22 11:36:44] esmCNN.cv16: ar1	 H: 3	 Trail: 49 
Testing RMSE: 0.2644 	 MAPE: 0.05398 	 SMAPE: 0.02792
