[2020-10-22 11:34:17] esmCNN.cv13: Loading the datasets and model for 35th-batch-training
[2020-10-22 11:34:17] esmCNN.cv13: Argument channel_size: 100
[2020-10-22 11:34:17] esmCNN.cv13: Argument candidate_size: 300
[2020-10-22 11:34:17] esmCNN.cv13: Argument kernel_size: 3
[2020-10-22 11:34:17] esmCNN.cv13: Argument kernel_list: [5, 3, 3, 2]
[2020-10-22 11:34:17] esmCNN.cv13: Argument Lambdas: [0.5, 1, 5, 15, 30, 50, 100, 150, 200]
[2020-10-22 11:34:17] esmCNN.cv13: Argument Lambdas_std: [0.01, 0.05, 0.1, 0.5, 1]
[2020-10-22 11:34:17] esmCNN.cv13: Argument r: [0.8, 0.9, 0.99, 0.9999, 0.999999]
[2020-10-22 11:34:17] esmCNN.cv13: Argument tolerance: 0
[2020-10-22 11:34:17] esmCNN.cv13: Argument device: device(type='cuda')
[2020-10-22 11:34:17] esmCNN.cv13: Argument dataset: 'ar1'
[2020-10-22 11:34:17] esmCNN.cv13: Argument H: 3
[2020-10-22 11:34:17] esmCNN.cv13: Argument k: 5
[2020-10-22 11:34:17] esmCNN.cv13: Argument test: False
[2020-10-22 11:34:17] esmCNN.cv13: Argument search: 'random'
[2020-10-22 11:34:17] esmCNN.cv13: Argument normal: True
[2020-10-22 11:34:17] esmCNN.cv13: Argument diff: False
[2020-10-22 11:34:17] esmCNN.cv13: Argument times: 60
[2020-10-22 11:34:17] esmCNN.cv13: Argument datasets: {'ar1': {'lag_order': 15, 'normal': True, 'cov_dim': 0, 'kernel_size': 3}, 'wti': {'lag_order': 25, 'normal': True, 'cov_dim': 0, 'kernel_size': 5}, 'gold': {'lag_order': 25, 'normal': True, 'cov_dim': 0, 'kernel_size': 5}, 'sp': {'lag_order': 25, 'normal': True, 'cov_dim': 0, 'kernel_size': 5}, 'brent': {'lag_order': 24, 'normal': True, 'cov_dim': 0, 'kernel_size': 6}, 'sili': {'lag_order': 26, 'normal': True, 'cov_dim': 0, 'kernel_size': 6}}
[2020-10-22 11:34:17] esmCNN.cv13: Argument steps: 15
[2020-10-22 11:34:17] esmCNN.cv13: Argument cov_dim: 0
[2020-10-22 11:34:17] esmCNN.cv13: Argument experiment: 'experiments/normal/ar1'
[2020-10-22 11:34:17] esmCNN.cv13: Argument scaler: StandardScaler()
[2020-10-22 11:34:17] esmCNN.cv13: Argument model_name: 'esmCNN_random_ar1_h3'
[2020-10-22 11:34:17] esmCNN.cv13: Argument model_dir: 'experiments/normal/ar1/esmCNN_random_ar1_h3'
[2020-10-22 11:34:17] esmCNN.cv13: Argument In_channels: 1
[2020-10-22 11:34:17] esmCNN.cv13: Argument restore: True
[2020-10-22 11:34:17] esmCNN.cv13: Argument cv: 13
[2020-10-22 11:34:17] esmCNN.cv13: Argument plot_dir: 'experiments/normal/ar1/esmCNN_random_ar1_h3/figures'
[2020-10-22 11:34:17] esmCNN.cv13: Argument num_process: 8
[2020-10-22 11:34:17] esmCNN.cv13: Using Cuda...
[2020-10-22 11:34:17] esmCNN.cv13: Loading complete.
[2020-10-22 11:34:17] esmCNN.cv13: Model: 
ESM_CNN(
  (Pool): AvgPool1d(kernel_size=(3,), stride=(1,), padding=(0,))
  (loss_fn): MSELoss()
)
[2020-10-22 11:34:17] esmCNN.cv13: Found new best state
[2020-10-22 11:34:17] esmCNN.cv13: Best vmse: 0.0437
[2020-10-22 11:34:17] esmCNN.cv13: Channel size: 1 	 Kernel size: 3 
Training MSE: 0.03878817 	 Validating MSE: 0.04373804 	 Best VMSE: 0.04373804
[2020-10-22 11:34:17] esmCNN.cv13: Checkpoint saved to experiments/normal/ar1/esmCNN_random_ar1_h3
[2020-10-22 11:34:17] esmCNN.cv13: Find channel with Kernel size: 3 	 Lambda: 0.5: 	 Best Score: 0.0333
[2020-10-22 11:34:17] esmCNN.cv13: Found new best state
[2020-10-22 11:34:17] esmCNN.cv13: Best vmse: 0.0411
[2020-10-22 11:34:17] esmCNN.cv13: Channel size: 2 	 Kernel size: 3 
Training MSE: 0.03333478 	 Validating MSE: 0.04107937 	 Best VMSE: 0.04107937
[2020-10-22 11:34:17] esmCNN.cv13: Checkpoint saved to experiments/normal/ar1/esmCNN_random_ar1_h3
[2020-10-22 11:34:18] esmCNN.cv13: Find channel with Kernel size: 3 	 Lambda: 0.5: 	 Best Score: 0.0332
[2020-10-22 11:34:18] esmCNN.cv13: Channel size: 3 	 Kernel size: 3 
Training MSE: 0.03315146 	 Validating MSE: 0.04115579 	 Best VMSE: 0.04107937
[2020-10-22 11:34:18] esmCNN.cv13: Checkpoint saved to experiments/normal/ar1/esmCNN_random_ar1_h3
[2020-10-22 11:34:18] esmCNN.cv13: Find channel with Kernel size: 5 	 Lambda: 0.5: 	 Best Score: 0.0331
[2020-10-22 11:34:18] esmCNN.cv13: Channel size: 4 	 Kernel size: 5 
Training MSE: 0.03308962 	 Validating MSE: 0.04174295 	 Best VMSE: 0.04107937
[2020-10-22 11:34:18] esmCNN.cv13: Checkpoint saved to experiments/normal/ar1/esmCNN_random_ar1_h3
[2020-10-22 11:34:18] esmCNN.cv13: Find channel with Kernel size: 3 	 Lambda: 0.5: 	 Best Score: 0.0330
[2020-10-22 11:34:18] esmCNN.cv13: Found new best state
[2020-10-22 11:34:18] esmCNN.cv13: Best vmse: 0.0409
[2020-10-22 11:34:18] esmCNN.cv13: Channel size: 5 	 Kernel size: 3 
Training MSE: 0.03298978 	 Validating MSE: 0.04093847 	 Best VMSE: 0.04093847
[2020-10-22 11:34:18] esmCNN.cv13: Checkpoint saved to experiments/normal/ar1/esmCNN_random_ar1_h3
[2020-10-22 11:34:18] esmCNN.cv13: Find channel with Kernel size: 3 	 Lambda: 0.5: 	 Best Score: 0.0330
[2020-10-22 11:34:18] esmCNN.cv13: Channel size: 6 	 Kernel size: 3 
Training MSE: 0.03297275 	 Validating MSE: 0.04156242 	 Best VMSE: 0.04093847
[2020-10-22 11:34:18] esmCNN.cv13: Checkpoint saved to experiments/normal/ar1/esmCNN_random_ar1_h3
[2020-10-22 11:34:18] esmCNN.cv13: Find channel with Kernel size: 3 	 Lambda: 0.5: 	 Best Score: 0.0330
[2020-10-22 11:34:18] esmCNN.cv13: Found new best state
[2020-10-22 11:34:18] esmCNN.cv13: Best vmse: 0.0408
[2020-10-22 11:34:18] esmCNN.cv13: Channel size: 7 	 Kernel size: 3 
Training MSE: 0.03295023 	 Validating MSE: 0.04079223 	 Best VMSE: 0.04079223
[2020-10-22 11:34:18] esmCNN.cv13: Checkpoint saved to experiments/normal/ar1/esmCNN_random_ar1_h3
[2020-10-22 11:34:18] esmCNN.cv13: Find channel with Kernel size: 3 	 Lambda: 0.5: 	 Best Score: 0.0329
[2020-10-22 11:34:18] esmCNN.cv13: Channel size: 8 	 Kernel size: 3 
Training MSE: 0.03294522 	 Validating MSE: 0.04113586 	 Best VMSE: 0.04079223
[2020-10-22 11:34:18] esmCNN.cv13: Checkpoint saved to experiments/normal/ar1/esmCNN_random_ar1_h3
[2020-10-22 11:34:18] esmCNN.cv13: Find channel with Kernel size: 3 	 Lambda: 0.5: 	 Best Score: 0.0329
[2020-10-22 11:34:18] esmCNN.cv13: Channel size: 9 	 Kernel size: 3 
Training MSE: 0.03292741 	 Validating MSE: 0.04176456 	 Best VMSE: 0.04079223
[2020-10-22 11:34:18] esmCNN.cv13: Checkpoint saved to experiments/normal/ar1/esmCNN_random_ar1_h3
[2020-10-22 11:34:18] esmCNN.cv13: Find channel with Kernel size: 2 	 Lambda: 0.5: 	 Best Score: 0.0329
[2020-10-22 11:34:18] esmCNN.cv13: Channel size: 10 	 Kernel size: 2 
Training MSE: 0.03288849 	 Validating MSE: 0.04090092 	 Best VMSE: 0.04079223
[2020-10-22 11:34:18] esmCNN.cv13: Checkpoint saved to experiments/normal/ar1/esmCNN_random_ar1_h3
[2020-10-22 11:34:18] esmCNN.cv13: Find channel with Kernel size: 3 	 Lambda: 0.5: 	 Best Score: 0.0329
[2020-10-22 11:34:18] esmCNN.cv13: Channel size: 11 	 Kernel size: 3 
Training MSE: 0.03285056 	 Validating MSE: 0.04195183 	 Best VMSE: 0.04079223
[2020-10-22 11:34:18] esmCNN.cv13: Checkpoint saved to experiments/normal/ar1/esmCNN_random_ar1_h3
[2020-10-22 11:34:18] esmCNN.cv13: Find channel with Kernel size: 2 	 Lambda: 0.5: 	 Best Score: 0.0328
[2020-10-22 11:34:18] esmCNN.cv13: Channel size: 12 	 Kernel size: 2 
Training MSE: 0.03281196 	 Validating MSE: 0.04110955 	 Best VMSE: 0.04079223
[2020-10-22 11:34:18] esmCNN.cv13: Checkpoint saved to experiments/normal/ar1/esmCNN_random_ar1_h3
[2020-10-22 11:34:18] esmCNN.cv13: Find channel with Kernel size: 2 	 Lambda: 0.5: 	 Best Score: 0.0328
[2020-10-22 11:34:18] esmCNN.cv13: Channel size: 13 	 Kernel size: 2 
Training MSE: 0.03280328 	 Validating MSE: 0.04146282 	 Best VMSE: 0.04079223
[2020-10-22 11:34:18] esmCNN.cv13: Checkpoint saved to experiments/normal/ar1/esmCNN_random_ar1_h3
[2020-10-22 11:34:18] esmCNN.cv13: Find channel with Kernel size: 2 	 Lambda: 0.5: 	 Best Score: 0.0328
[2020-10-22 11:34:18] esmCNN.cv13: Channel size: 14 	 Kernel size: 2 
Training MSE: 0.03279574 	 Validating MSE: 0.04104886 	 Best VMSE: 0.04079223
[2020-10-22 11:34:18] esmCNN.cv13: Checkpoint saved to experiments/normal/ar1/esmCNN_random_ar1_h3
[2020-10-22 11:34:18] esmCNN.cv13: Find channel with Kernel size: 3 	 Lambda: 0.5: 	 Best Score: 0.0328
[2020-10-22 11:34:18] esmCNN.cv13: Channel size: 15 	 Kernel size: 3 
Training MSE: 0.03279415 	 Validating MSE: 0.04112659 	 Best VMSE: 0.04079223
[2020-10-22 11:34:18] esmCNN.cv13: Checkpoint saved to experiments/normal/ar1/esmCNN_random_ar1_h3
[2020-10-22 11:34:18] esmCNN.cv13: Find channel with Kernel size: 5 	 Lambda: 0.5: 	 Best Score: 0.0327
[2020-10-22 11:34:18] esmCNN.cv13: Channel size: 16 	 Kernel size: 5 
Training MSE: 0.03272337 	 Validating MSE: 0.04266740 	 Best VMSE: 0.04079223
[2020-10-22 11:34:18] esmCNN.cv13: Checkpoint saved to experiments/normal/ar1/esmCNN_random_ar1_h3
[2020-10-22 11:34:18] esmCNN.cv13: Find channel with Kernel size: 2 	 Lambda: 0.5: 	 Best Score: 0.0326
[2020-10-22 11:34:18] esmCNN.cv13: Channel size: 17 	 Kernel size: 2 
Training MSE: 0.03264778 	 Validating MSE: 0.04102199 	 Best VMSE: 0.04079223
[2020-10-22 11:34:18] esmCNN.cv13: Checkpoint saved to experiments/normal/ar1/esmCNN_random_ar1_h3
[2020-10-22 11:34:18] esmCNN.cv13: Find channel with Kernel size: 5 	 Lambda: 0.5: 	 Best Score: 0.0326
[2020-10-22 11:34:18] esmCNN.cv13: Channel size: 18 	 Kernel size: 5 
Training MSE: 0.03259166 	 Validating MSE: 0.04290823 	 Best VMSE: 0.04079223
[2020-10-22 11:34:18] esmCNN.cv13: Checkpoint saved to experiments/normal/ar1/esmCNN_random_ar1_h3
[2020-10-22 11:34:18] esmCNN.cv13: Find channel with Kernel size: 3 	 Lambda: 0.5: 	 Best Score: 0.0325
[2020-10-22 11:34:18] esmCNN.cv13: Channel size: 19 	 Kernel size: 3 
Training MSE: 0.03254572 	 Validating MSE: 0.04152452 	 Best VMSE: 0.04079223
[2020-10-22 11:34:18] esmCNN.cv13: Checkpoint saved to experiments/normal/ar1/esmCNN_random_ar1_h3
[2020-10-22 11:34:18] esmCNN.cv13: Find channel with Kernel size: 3 	 Lambda: 0.5: 	 Best Score: 0.0325
[2020-10-22 11:34:19] esmCNN.cv13: Channel size: 20 	 Kernel size: 3 
Training MSE: 0.03253407 	 Validating MSE: 0.04178168 	 Best VMSE: 0.04079223
[2020-10-22 11:34:19] esmCNN.cv13: Checkpoint saved to experiments/normal/ar1/esmCNN_random_ar1_h3
[2020-10-22 11:34:19] esmCNN.cv13: Find channel with Kernel size: 3 	 Lambda: 0.5: 	 Best Score: 0.0325
[2020-10-22 11:34:19] esmCNN.cv13: Channel size: 21 	 Kernel size: 3 
Training MSE: 0.03252505 	 Validating MSE: 0.04142694 	 Best VMSE: 0.04079223
[2020-10-22 11:34:19] esmCNN.cv13: Checkpoint saved to experiments/normal/ar1/esmCNN_random_ar1_h3
[2020-10-22 11:34:19] esmCNN.cv13: Find channel with Kernel size: 2 	 Lambda: 0.5: 	 Best Score: 0.0325
[2020-10-22 11:34:19] esmCNN.cv13: Channel size: 22 	 Kernel size: 2 
Training MSE: 0.03252182 	 Validating MSE: 0.04165670 	 Best VMSE: 0.04079223
[2020-10-22 11:34:19] esmCNN.cv13: Checkpoint saved to experiments/normal/ar1/esmCNN_random_ar1_h3
[2020-10-22 11:34:19] esmCNN.cv13: Find channel with Kernel size: 3 	 Lambda: 0.5: 	 Best Score: 0.0325
[2020-10-22 11:34:19] esmCNN.cv13: Channel size: 23 	 Kernel size: 3 
Training MSE: 0.03251620 	 Validating MSE: 0.04127933 	 Best VMSE: 0.04079223
[2020-10-22 11:34:19] esmCNN.cv13: Checkpoint saved to experiments/normal/ar1/esmCNN_random_ar1_h3
[2020-10-22 11:34:19] esmCNN.cv13: Find channel with Kernel size: 5 	 Lambda: 0.5: 	 Best Score: 0.0325
[2020-10-22 11:34:19] esmCNN.cv13: Channel size: 24 	 Kernel size: 5 
Training MSE: 0.03251133 	 Validating MSE: 0.04178509 	 Best VMSE: 0.04079223
[2020-10-22 11:34:19] esmCNN.cv13: Checkpoint saved to experiments/normal/ar1/esmCNN_random_ar1_h3
[2020-10-22 11:34:19] esmCNN.cv13: Find channel with Kernel size: 5 	 Lambda: 0.5: 	 Best Score: 0.0324
[2020-10-22 11:34:19] esmCNN.cv13: Channel size: 25 	 Kernel size: 5 
Training MSE: 0.03244773 	 Validating MSE: 0.04307951 	 Best VMSE: 0.04079223
[2020-10-22 11:34:19] esmCNN.cv13: Checkpoint saved to experiments/normal/ar1/esmCNN_random_ar1_h3
[2020-10-22 11:34:19] esmCNN.cv13: Find channel with Kernel size: 5 	 Lambda: 0.5: 	 Best Score: 0.0324
[2020-10-22 11:34:19] esmCNN.cv13: Channel size: 26 	 Kernel size: 5 
Training MSE: 0.03237911 	 Validating MSE: 0.04168171 	 Best VMSE: 0.04079223
[2020-10-22 11:34:19] esmCNN.cv13: Checkpoint saved to experiments/normal/ar1/esmCNN_random_ar1_h3
[2020-10-22 11:34:19] esmCNN.cv13: Find channel with Kernel size: 5 	 Lambda: 0.5: 	 Best Score: 0.0324
[2020-10-22 11:34:19] esmCNN.cv13: Channel size: 27 	 Kernel size: 5 
Training MSE: 0.03237253 	 Validating MSE: 0.04215341 	 Best VMSE: 0.04079223
[2020-10-22 11:34:19] esmCNN.cv13: Checkpoint saved to experiments/normal/ar1/esmCNN_random_ar1_h3
[2020-10-22 11:34:19] esmCNN.cv13: Find channel with Kernel size: 2 	 Lambda: 0.5: 	 Best Score: 0.0324
[2020-10-22 11:34:19] esmCNN.cv13: Channel size: 28 	 Kernel size: 2 
Training MSE: 0.03235988 	 Validating MSE: 0.04170882 	 Best VMSE: 0.04079223
[2020-10-22 11:34:19] esmCNN.cv13: Checkpoint saved to experiments/normal/ar1/esmCNN_random_ar1_h3
[2020-10-22 11:34:19] esmCNN.cv13: Find channel with Kernel size: 3 	 Lambda: 0.5: 	 Best Score: 0.0324
[2020-10-22 11:34:19] esmCNN.cv13: Channel size: 29 	 Kernel size: 3 
Training MSE: 0.03235078 	 Validating MSE: 0.04224348 	 Best VMSE: 0.04079223
[2020-10-22 11:34:19] esmCNN.cv13: Checkpoint saved to experiments/normal/ar1/esmCNN_random_ar1_h3
[2020-10-22 11:34:19] esmCNN.cv13: Find channel with Kernel size: 5 	 Lambda: 0.5: 	 Best Score: 0.0323
[2020-10-22 11:34:19] esmCNN.cv13: Channel size: 30 	 Kernel size: 5 
Training MSE: 0.03234465 	 Validating MSE: 0.04187512 	 Best VMSE: 0.04079223
[2020-10-22 11:34:19] esmCNN.cv13: Checkpoint saved to experiments/normal/ar1/esmCNN_random_ar1_h3
[2020-10-22 11:34:19] esmCNN.cv13: Find channel with Kernel size: 3 	 Lambda: 0.5: 	 Best Score: 0.0323
[2020-10-22 11:34:19] esmCNN.cv13: Channel size: 31 	 Kernel size: 3 
Training MSE: 0.03226881 	 Validating MSE: 0.04380267 	 Best VMSE: 0.04079223
[2020-10-22 11:34:19] esmCNN.cv13: Checkpoint saved to experiments/normal/ar1/esmCNN_random_ar1_h3
[2020-10-22 11:34:19] esmCNN.cv13: Find channel with Kernel size: 3 	 Lambda: 0.5: 	 Best Score: 0.0322
[2020-10-22 11:34:19] esmCNN.cv13: Channel size: 32 	 Kernel size: 3 
Training MSE: 0.03219363 	 Validating MSE: 0.04206969 	 Best VMSE: 0.04079223
[2020-10-22 11:34:19] esmCNN.cv13: Checkpoint saved to experiments/normal/ar1/esmCNN_random_ar1_h3
[2020-10-22 11:34:19] esmCNN.cv13: Find channel with Kernel size: 3 	 Lambda: 0.5: 	 Best Score: 0.0322
[2020-10-22 11:34:19] esmCNN.cv13: Channel size: 33 	 Kernel size: 3 
Training MSE: 0.03218953 	 Validating MSE: 0.04251233 	 Best VMSE: 0.04079223
[2020-10-22 11:34:19] esmCNN.cv13: Checkpoint saved to experiments/normal/ar1/esmCNN_random_ar1_h3
[2020-10-22 11:34:20] esmCNN.cv13: Find channel with Kernel size: 3 	 Lambda: 0.5: 	 Best Score: 0.0322
[2020-10-22 11:34:20] esmCNN.cv13: Channel size: 34 	 Kernel size: 3 
Training MSE: 0.03216977 	 Validating MSE: 0.04338311 	 Best VMSE: 0.04079223
[2020-10-22 11:34:20] esmCNN.cv13: Checkpoint saved to experiments/normal/ar1/esmCNN_random_ar1_h3
[2020-10-22 11:34:20] esmCNN.cv13: Find channel with Kernel size: 3 	 Lambda: 0.5: 	 Best Score: 0.0321
[2020-10-22 11:34:20] esmCNN.cv13: Channel size: 35 	 Kernel size: 3 
Training MSE: 0.03213289 	 Validating MSE: 0.04221241 	 Best VMSE: 0.04079223
[2020-10-22 11:34:20] esmCNN.cv13: Checkpoint saved to experiments/normal/ar1/esmCNN_random_ar1_h3
[2020-10-22 11:34:20] esmCNN.cv13: Find channel with Kernel size: 5 	 Lambda: 0.5: 	 Best Score: 0.0320
[2020-10-22 11:34:20] esmCNN.cv13: Channel size: 36 	 Kernel size: 5 
Training MSE: 0.03200924 	 Validating MSE: 0.04472478 	 Best VMSE: 0.04079223
[2020-10-22 11:34:20] esmCNN.cv13: Checkpoint saved to experiments/normal/ar1/esmCNN_random_ar1_h3
[2020-10-22 11:34:20] esmCNN.cv13: Find channel with Kernel size: 3 	 Lambda: 0.5: 	 Best Score: 0.0319
[2020-10-22 11:34:20] esmCNN.cv13: Channel size: 37 	 Kernel size: 3 
Training MSE: 0.03189711 	 Validating MSE: 0.04288664 	 Best VMSE: 0.04079223
[2020-10-22 11:34:20] esmCNN.cv13: Checkpoint saved to experiments/normal/ar1/esmCNN_random_ar1_h3
[2020-10-22 11:34:20] esmCNN.cv13: Find channel with Kernel size: 5 	 Lambda: 0.5: 	 Best Score: 0.0319
[2020-10-22 11:34:20] esmCNN.cv13: Channel size: 38 	 Kernel size: 5 
Training MSE: 0.03189144 	 Validating MSE: 0.04355694 	 Best VMSE: 0.04079223
[2020-10-22 11:34:20] esmCNN.cv13: Checkpoint saved to experiments/normal/ar1/esmCNN_random_ar1_h3
[2020-10-22 11:34:20] esmCNN.cv13: Find channel with Kernel size: 3 	 Lambda: 0.5: 	 Best Score: 0.0319
[2020-10-22 11:34:20] esmCNN.cv13: Channel size: 39 	 Kernel size: 3 
Training MSE: 0.03188581 	 Validating MSE: 0.04288081 	 Best VMSE: 0.04079223
[2020-10-22 11:34:20] esmCNN.cv13: Checkpoint saved to experiments/normal/ar1/esmCNN_random_ar1_h3
[2020-10-22 11:34:20] esmCNN.cv13: Find channel with Kernel size: 3 	 Lambda: 0.5: 	 Best Score: 0.0319
[2020-10-22 11:34:20] esmCNN.cv13: Channel size: 40 	 Kernel size: 3 
Training MSE: 0.03188176 	 Validating MSE: 0.04331798 	 Best VMSE: 0.04079223
[2020-10-22 11:34:20] esmCNN.cv13: Checkpoint saved to experiments/normal/ar1/esmCNN_random_ar1_h3
[2020-10-22 11:34:20] esmCNN.cv13: Find channel with Kernel size: 3 	 Lambda: 0.5: 	 Best Score: 0.0319
[2020-10-22 11:34:20] esmCNN.cv13: Channel size: 41 	 Kernel size: 3 
Training MSE: 0.03187613 	 Validating MSE: 0.04288318 	 Best VMSE: 0.04079223
[2020-10-22 11:34:20] esmCNN.cv13: Checkpoint saved to experiments/normal/ar1/esmCNN_random_ar1_h3
[2020-10-22 11:34:20] esmCNN.cv13: Find channel with Kernel size: 3 	 Lambda: 0.5: 	 Best Score: 0.0319
[2020-10-22 11:34:20] esmCNN.cv13: Channel size: 42 	 Kernel size: 3 
Training MSE: 0.03187295 	 Validating MSE: 0.04323699 	 Best VMSE: 0.04079223
[2020-10-22 11:34:20] esmCNN.cv13: Checkpoint saved to experiments/normal/ar1/esmCNN_random_ar1_h3
[2020-10-22 11:34:20] esmCNN.cv13: Find channel with Kernel size: 5 	 Lambda: 0.5: 	 Best Score: 0.0319
[2020-10-22 11:34:20] esmCNN.cv13: Channel size: 43 	 Kernel size: 5 
Training MSE: 0.03186338 	 Validating MSE: 0.04407234 	 Best VMSE: 0.04079223
[2020-10-22 11:34:20] esmCNN.cv13: Checkpoint saved to experiments/normal/ar1/esmCNN_random_ar1_h3
[2020-10-22 11:34:20] esmCNN.cv13: Find channel with Kernel size: 3 	 Lambda: 0.5: 	 Best Score: 0.0318
[2020-10-22 11:34:20] esmCNN.cv13: Channel size: 44 	 Kernel size: 3 
Training MSE: 0.03184915 	 Validating MSE: 0.04315865 	 Best VMSE: 0.04079223
[2020-10-22 11:34:20] esmCNN.cv13: Checkpoint saved to experiments/normal/ar1/esmCNN_random_ar1_h3
[2020-10-22 11:34:20] esmCNN.cv13: Find channel with Kernel size: 3 	 Lambda: 0.5: 	 Best Score: 0.0318
[2020-10-22 11:34:21] esmCNN.cv13: Channel size: 45 	 Kernel size: 3 
Training MSE: 0.03181294 	 Validating MSE: 0.04477939 	 Best VMSE: 0.04079223
[2020-10-22 11:34:21] esmCNN.cv13: Checkpoint saved to experiments/normal/ar1/esmCNN_random_ar1_h3
[2020-10-22 11:34:21] esmCNN.cv13: Find channel with Kernel size: 2 	 Lambda: 0.5: 	 Best Score: 0.0318
[2020-10-22 11:34:21] esmCNN.cv13: Channel size: 46 	 Kernel size: 2 
Training MSE: 0.03177688 	 Validating MSE: 0.04330407 	 Best VMSE: 0.04079223
[2020-10-22 11:34:21] esmCNN.cv13: Checkpoint saved to experiments/normal/ar1/esmCNN_random_ar1_h3
[2020-10-22 11:34:21] esmCNN.cv13: Find channel with Kernel size: 5 	 Lambda: 0.5: 	 Best Score: 0.0318
[2020-10-22 11:34:21] esmCNN.cv13: Channel size: 47 	 Kernel size: 5 
Training MSE: 0.03175105 	 Validating MSE: 0.04498165 	 Best VMSE: 0.04079223
[2020-10-22 11:34:21] esmCNN.cv13: Checkpoint saved to experiments/normal/ar1/esmCNN_random_ar1_h3
[2020-10-22 11:34:21] esmCNN.cv13: Find channel with Kernel size: 3 	 Lambda: 0.5: 	 Best Score: 0.0317
[2020-10-22 11:34:21] esmCNN.cv13: Channel size: 48 	 Kernel size: 3 
Training MSE: 0.03172311 	 Validating MSE: 0.04380739 	 Best VMSE: 0.04079223
[2020-10-22 11:34:21] esmCNN.cv13: Checkpoint saved to experiments/normal/ar1/esmCNN_random_ar1_h3
[2020-10-22 11:34:21] esmCNN.cv13: Find channel with Kernel size: 5 	 Lambda: 0.5: 	 Best Score: 0.0317
[2020-10-22 11:34:21] esmCNN.cv13: Channel size: 49 	 Kernel size: 5 
Training MSE: 0.03172050 	 Validating MSE: 0.04385997 	 Best VMSE: 0.04079223
[2020-10-22 11:34:21] esmCNN.cv13: Checkpoint saved to experiments/normal/ar1/esmCNN_random_ar1_h3
[2020-10-22 11:34:21] esmCNN.cv13: Find channel with Kernel size: 3 	 Lambda: 0.5: 	 Best Score: 0.0317
[2020-10-22 11:34:21] esmCNN.cv13: Channel size: 50 	 Kernel size: 3 
Training MSE: 0.03171746 	 Validating MSE: 0.04355870 	 Best VMSE: 0.04079223
[2020-10-22 11:34:21] esmCNN.cv13: Checkpoint saved to experiments/normal/ar1/esmCNN_random_ar1_h3
[2020-10-22 11:34:21] esmCNN.cv13: Find channel with Kernel size: 2 	 Lambda: 0.5: 	 Best Score: 0.0317
[2020-10-22 11:34:21] esmCNN.cv13: Channel size: 51 	 Kernel size: 2 
Training MSE: 0.03171308 	 Validating MSE: 0.04405132 	 Best VMSE: 0.04079223
[2020-10-22 11:34:21] esmCNN.cv13: Checkpoint saved to experiments/normal/ar1/esmCNN_random_ar1_h3
[2020-10-22 11:34:21] esmCNN.cv13: Find channel with Kernel size: 2 	 Lambda: 0.5: 	 Best Score: 0.0317
[2020-10-22 11:34:21] esmCNN.cv13: Channel size: 52 	 Kernel size: 2 
Training MSE: 0.03170882 	 Validating MSE: 0.04358997 	 Best VMSE: 0.04079223
[2020-10-22 11:34:21] esmCNN.cv13: Checkpoint saved to experiments/normal/ar1/esmCNN_random_ar1_h3
[2020-10-22 11:34:21] esmCNN.cv13: Find channel with Kernel size: 3 	 Lambda: 0.5: 	 Best Score: 0.0317
[2020-10-22 11:34:21] esmCNN.cv13: Channel size: 53 	 Kernel size: 3 
Training MSE: 0.03170358 	 Validating MSE: 0.04416861 	 Best VMSE: 0.04079223
[2020-10-22 11:34:21] esmCNN.cv13: Checkpoint saved to experiments/normal/ar1/esmCNN_random_ar1_h3
[2020-10-22 11:34:21] esmCNN.cv13: Find channel with Kernel size: 2 	 Lambda: 0.5: 	 Best Score: 0.0317
[2020-10-22 11:34:21] esmCNN.cv13: Channel size: 54 	 Kernel size: 2 
Training MSE: 0.03169915 	 Validating MSE: 0.04376134 	 Best VMSE: 0.04079223
[2020-10-22 11:34:21] esmCNN.cv13: Checkpoint saved to experiments/normal/ar1/esmCNN_random_ar1_h3
[2020-10-22 11:34:21] esmCNN.cv13: Find channel with Kernel size: 5 	 Lambda: 0.5: 	 Best Score: 0.0317
[2020-10-22 11:34:21] esmCNN.cv13: Channel size: 55 	 Kernel size: 5 
Training MSE: 0.03169778 	 Validating MSE: 0.04393089 	 Best VMSE: 0.04079223
[2020-10-22 11:34:21] esmCNN.cv13: Checkpoint saved to experiments/normal/ar1/esmCNN_random_ar1_h3
[2020-10-22 11:34:22] esmCNN.cv13: Find channel with Kernel size: 3 	 Lambda: 0.5: 	 Best Score: 0.0317
[2020-10-22 11:34:22] esmCNN.cv13: Channel size: 56 	 Kernel size: 3 
Training MSE: 0.03168833 	 Validating MSE: 0.04458391 	 Best VMSE: 0.04079223
[2020-10-22 11:34:22] esmCNN.cv13: Checkpoint saved to experiments/normal/ar1/esmCNN_random_ar1_h3
[2020-10-22 11:34:22] esmCNN.cv13: Find channel with Kernel size: 3 	 Lambda: 0.5: 	 Best Score: 0.0317
[2020-10-22 11:34:22] esmCNN.cv13: Channel size: 57 	 Kernel size: 3 
Training MSE: 0.03167231 	 Validating MSE: 0.04384804 	 Best VMSE: 0.04079223
[2020-10-22 11:34:22] esmCNN.cv13: Checkpoint saved to experiments/normal/ar1/esmCNN_random_ar1_h3
[2020-10-22 11:34:22] esmCNN.cv13: Find channel with Kernel size: 2 	 Lambda: 0.5: 	 Best Score: 0.0317
[2020-10-22 11:34:22] esmCNN.cv13: Channel size: 58 	 Kernel size: 2 
Training MSE: 0.03166221 	 Validating MSE: 0.04457933 	 Best VMSE: 0.04079223
[2020-10-22 11:34:22] esmCNN.cv13: Checkpoint saved to experiments/normal/ar1/esmCNN_random_ar1_h3
[2020-10-22 11:34:22] esmCNN.cv13: Find channel with Kernel size: 3 	 Lambda: 0.5: 	 Best Score: 0.0317
[2020-10-22 11:34:22] esmCNN.cv13: Channel size: 59 	 Kernel size: 3 
Training MSE: 0.03165140 	 Validating MSE: 0.04389873 	 Best VMSE: 0.04079223
[2020-10-22 11:34:22] esmCNN.cv13: Checkpoint saved to experiments/normal/ar1/esmCNN_random_ar1_h3
[2020-10-22 11:34:22] esmCNN.cv13: Find channel with Kernel size: 5 	 Lambda: 0.5: 	 Best Score: 0.0316
[2020-10-22 11:34:22] esmCNN.cv13: Channel size: 60 	 Kernel size: 5 
Training MSE: 0.03163281 	 Validating MSE: 0.04489142 	 Best VMSE: 0.04079223
[2020-10-22 11:34:22] esmCNN.cv13: Checkpoint saved to experiments/normal/ar1/esmCNN_random_ar1_h3
[2020-10-22 11:34:22] esmCNN.cv13: Find channel with Kernel size: 3 	 Lambda: 0.5: 	 Best Score: 0.0316
[2020-10-22 11:34:22] esmCNN.cv13: Channel size: 61 	 Kernel size: 3 
Training MSE: 0.03161540 	 Validating MSE: 0.04396970 	 Best VMSE: 0.04079223
[2020-10-22 11:34:22] esmCNN.cv13: Checkpoint saved to experiments/normal/ar1/esmCNN_random_ar1_h3
[2020-10-22 11:34:22] esmCNN.cv13: Find channel with Kernel size: 5 	 Lambda: 0.5: 	 Best Score: 0.0316
[2020-10-22 11:34:22] esmCNN.cv13: Channel size: 62 	 Kernel size: 5 
Training MSE: 0.03159332 	 Validating MSE: 0.04536056 	 Best VMSE: 0.04079223
[2020-10-22 11:34:22] esmCNN.cv13: Checkpoint saved to experiments/normal/ar1/esmCNN_random_ar1_h3
[2020-10-22 11:34:22] esmCNN.cv13: Find channel with Kernel size: 2 	 Lambda: 0.5: 	 Best Score: 0.0316
[2020-10-22 11:34:22] esmCNN.cv13: Channel size: 63 	 Kernel size: 2 
Training MSE: 0.03156909 	 Validating MSE: 0.04416832 	 Best VMSE: 0.04079223
[2020-10-22 11:34:22] esmCNN.cv13: Checkpoint saved to experiments/normal/ar1/esmCNN_random_ar1_h3
[2020-10-22 11:34:22] esmCNN.cv13: Find channel with Kernel size: 3 	 Lambda: 0.5: 	 Best Score: 0.0316
[2020-10-22 11:34:22] esmCNN.cv13: Channel size: 64 	 Kernel size: 3 
Training MSE: 0.03155716 	 Validating MSE: 0.04505884 	 Best VMSE: 0.04079223
[2020-10-22 11:34:22] esmCNN.cv13: Checkpoint saved to experiments/normal/ar1/esmCNN_random_ar1_h3
[2020-10-22 11:34:22] esmCNN.cv13: Find channel with Kernel size: 3 	 Lambda: 0.5: 	 Best Score: 0.0315
[2020-10-22 11:34:23] esmCNN.cv13: Channel size: 65 	 Kernel size: 3 
Training MSE: 0.03154429 	 Validating MSE: 0.04416866 	 Best VMSE: 0.04079223
[2020-10-22 11:34:23] esmCNN.cv13: Checkpoint saved to experiments/normal/ar1/esmCNN_random_ar1_h3
[2020-10-22 11:34:23] esmCNN.cv13: Find channel with Kernel size: 3 	 Lambda: 0.5: 	 Best Score: 0.0315
[2020-10-22 11:34:23] esmCNN.cv13: Channel size: 66 	 Kernel size: 3 
Training MSE: 0.03154162 	 Validating MSE: 0.04459435 	 Best VMSE: 0.04079223
[2020-10-22 11:34:23] esmCNN.cv13: Checkpoint saved to experiments/normal/ar1/esmCNN_random_ar1_h3
[2020-10-22 11:34:23] esmCNN.cv13: Find channel with Kernel size: 3 	 Lambda: 0.5: 	 Best Score: 0.0315
[2020-10-22 11:34:23] esmCNN.cv13: Channel size: 67 	 Kernel size: 3 
Training MSE: 0.03153986 	 Validating MSE: 0.04424306 	 Best VMSE: 0.04079223
[2020-10-22 11:34:23] esmCNN.cv13: Checkpoint saved to experiments/normal/ar1/esmCNN_random_ar1_h3
[2020-10-22 11:34:23] esmCNN.cv13: Find channel with Kernel size: 3 	 Lambda: 0.5: 	 Best Score: 0.0315
[2020-10-22 11:34:23] esmCNN.cv13: Channel size: 68 	 Kernel size: 3 
Training MSE: 0.03152928 	 Validating MSE: 0.04512862 	 Best VMSE: 0.04079223
[2020-10-22 11:34:23] esmCNN.cv13: Checkpoint saved to experiments/normal/ar1/esmCNN_random_ar1_h3
[2020-10-22 11:34:23] esmCNN.cv13: Find channel with Kernel size: 5 	 Lambda: 0.5: 	 Best Score: 0.0315
[2020-10-22 11:34:23] esmCNN.cv13: Channel size: 69 	 Kernel size: 5 
Training MSE: 0.03151752 	 Validating MSE: 0.04428788 	 Best VMSE: 0.04079223
[2020-10-22 11:34:23] esmCNN.cv13: Checkpoint saved to experiments/normal/ar1/esmCNN_random_ar1_h3
[2020-10-22 11:34:23] esmCNN.cv13: Find channel with Kernel size: 5 	 Lambda: 0.5: 	 Best Score: 0.0315
[2020-10-22 11:34:23] esmCNN.cv13: Channel size: 70 	 Kernel size: 5 
Training MSE: 0.03151056 	 Validating MSE: 0.04508309 	 Best VMSE: 0.04079223
[2020-10-22 11:34:23] esmCNN.cv13: Checkpoint saved to experiments/normal/ar1/esmCNN_random_ar1_h3
[2020-10-22 11:34:23] esmCNN.cv13: Find channel with Kernel size: 5 	 Lambda: 0.5: 	 Best Score: 0.0315
[2020-10-22 11:34:23] esmCNN.cv13: Channel size: 71 	 Kernel size: 5 
Training MSE: 0.03150102 	 Validating MSE: 0.04611911 	 Best VMSE: 0.04079223
[2020-10-22 11:34:23] esmCNN.cv13: Checkpoint saved to experiments/normal/ar1/esmCNN_random_ar1_h3
[2020-10-22 11:34:23] esmCNN.cv13: Find channel with Kernel size: 3 	 Lambda: 0.5: 	 Best Score: 0.0315
[2020-10-22 11:34:23] esmCNN.cv13: Channel size: 72 	 Kernel size: 3 
Training MSE: 0.03148672 	 Validating MSE: 0.04495622 	 Best VMSE: 0.04079223
[2020-10-22 11:34:23] esmCNN.cv13: Checkpoint saved to experiments/normal/ar1/esmCNN_random_ar1_h3
[2020-10-22 11:34:23] esmCNN.cv13: Find channel with Kernel size: 5 	 Lambda: 0.5: 	 Best Score: 0.0315
[2020-10-22 11:34:23] esmCNN.cv13: Channel size: 73 	 Kernel size: 5 
Training MSE: 0.03148254 	 Validating MSE: 0.04536578 	 Best VMSE: 0.04079223
[2020-10-22 11:34:23] esmCNN.cv13: Checkpoint saved to experiments/normal/ar1/esmCNN_random_ar1_h3
[2020-10-22 11:34:24] esmCNN.cv13: Find channel with Kernel size: 3 	 Lambda: 0.5: 	 Best Score: 0.0315
[2020-10-22 11:34:24] esmCNN.cv13: Channel size: 74 	 Kernel size: 3 
Training MSE: 0.03147225 	 Validating MSE: 0.04469230 	 Best VMSE: 0.04079223
[2020-10-22 11:34:24] esmCNN.cv13: Checkpoint saved to experiments/normal/ar1/esmCNN_random_ar1_h3
[2020-10-22 11:34:24] esmCNN.cv13: Find channel with Kernel size: 3 	 Lambda: 0.5: 	 Best Score: 0.0315
[2020-10-22 11:34:24] esmCNN.cv13: Channel size: 75 	 Kernel size: 3 
Training MSE: 0.03145823 	 Validating MSE: 0.04569656 	 Best VMSE: 0.04079223
[2020-10-22 11:34:24] esmCNN.cv13: Checkpoint saved to experiments/normal/ar1/esmCNN_random_ar1_h3
[2020-10-22 11:34:24] esmCNN.cv13: Find channel with Kernel size: 3 	 Lambda: 0.5: 	 Best Score: 0.0314
[2020-10-22 11:34:24] esmCNN.cv13: Channel size: 76 	 Kernel size: 3 
Training MSE: 0.03144577 	 Validating MSE: 0.04493010 	 Best VMSE: 0.04079223
[2020-10-22 11:34:24] esmCNN.cv13: Checkpoint saved to experiments/normal/ar1/esmCNN_random_ar1_h3
[2020-10-22 11:34:24] esmCNN.cv13: Find channel with Kernel size: 3 	 Lambda: 0.5: 	 Best Score: 0.0314
[2020-10-22 11:34:24] esmCNN.cv13: Channel size: 77 	 Kernel size: 3 
Training MSE: 0.03143580 	 Validating MSE: 0.04565201 	 Best VMSE: 0.04079223
[2020-10-22 11:34:24] esmCNN.cv13: Checkpoint saved to experiments/normal/ar1/esmCNN_random_ar1_h3
[2020-10-22 11:34:24] esmCNN.cv13: Find channel with Kernel size: 5 	 Lambda: 0.5: 	 Best Score: 0.0314
[2020-10-22 11:34:24] esmCNN.cv13: Channel size: 78 	 Kernel size: 5 
Training MSE: 0.03142456 	 Validating MSE: 0.04473423 	 Best VMSE: 0.04079223
[2020-10-22 11:34:24] esmCNN.cv13: Checkpoint saved to experiments/normal/ar1/esmCNN_random_ar1_h3
[2020-10-22 11:34:24] esmCNN.cv13: Find channel with Kernel size: 3 	 Lambda: 0.5: 	 Best Score: 0.0314
[2020-10-22 11:34:24] esmCNN.cv13: Channel size: 79 	 Kernel size: 3 
Training MSE: 0.03141646 	 Validating MSE: 0.04549658 	 Best VMSE: 0.04079223
[2020-10-22 11:34:24] esmCNN.cv13: Checkpoint saved to experiments/normal/ar1/esmCNN_random_ar1_h3
[2020-10-22 11:34:24] esmCNN.cv13: Find channel with Kernel size: 5 	 Lambda: 0.5: 	 Best Score: 0.0314
[2020-10-22 11:34:24] esmCNN.cv13: Channel size: 80 	 Kernel size: 5 
Training MSE: 0.03140932 	 Validating MSE: 0.04498100 	 Best VMSE: 0.04079223
[2020-10-22 11:34:24] esmCNN.cv13: Checkpoint saved to experiments/normal/ar1/esmCNN_random_ar1_h3
[2020-10-22 11:34:24] esmCNN.cv13: Find channel with Kernel size: 5 	 Lambda: 0.5: 	 Best Score: 0.0314
[2020-10-22 11:34:24] esmCNN.cv13: Channel size: 81 	 Kernel size: 5 
Training MSE: 0.03140638 	 Validating MSE: 0.04506504 	 Best VMSE: 0.04079223
[2020-10-22 11:34:24] esmCNN.cv13: Checkpoint saved to experiments/normal/ar1/esmCNN_random_ar1_h3
[2020-10-22 11:34:24] esmCNN.cv13: Find channel with Kernel size: 2 	 Lambda: 0.5: 	 Best Score: 0.0314
[2020-10-22 11:34:25] esmCNN.cv13: Channel size: 82 	 Kernel size: 2 
Training MSE: 0.03140272 	 Validating MSE: 0.04514445 	 Best VMSE: 0.04079223
[2020-10-22 11:34:25] esmCNN.cv13: Checkpoint saved to experiments/normal/ar1/esmCNN_random_ar1_h3
[2020-10-22 11:34:25] esmCNN.cv13: Find channel with Kernel size: 5 	 Lambda: 0.5: 	 Best Score: 0.0314
[2020-10-22 11:34:25] esmCNN.cv13: Channel size: 83 	 Kernel size: 5 
Training MSE: 0.03137186 	 Validating MSE: 0.04688900 	 Best VMSE: 0.04079223
[2020-10-22 11:34:25] esmCNN.cv13: Checkpoint saved to experiments/normal/ar1/esmCNN_random_ar1_h3
[2020-10-22 11:34:25] esmCNN.cv13: Find channel with Kernel size: 2 	 Lambda: 0.5: 	 Best Score: 0.0313
[2020-10-22 11:34:25] esmCNN.cv13: Channel size: 84 	 Kernel size: 2 
Training MSE: 0.03133326 	 Validating MSE: 0.04519825 	 Best VMSE: 0.04079223
[2020-10-22 11:34:25] esmCNN.cv13: Checkpoint saved to experiments/normal/ar1/esmCNN_random_ar1_h3
[2020-10-22 11:34:25] esmCNN.cv13: Find channel with Kernel size: 3 	 Lambda: 0.5: 	 Best Score: 0.0313
[2020-10-22 11:34:25] esmCNN.cv13: Channel size: 85 	 Kernel size: 3 
Training MSE: 0.03132457 	 Validating MSE: 0.04620233 	 Best VMSE: 0.04079223
[2020-10-22 11:34:25] esmCNN.cv13: Checkpoint saved to experiments/normal/ar1/esmCNN_random_ar1_h3
[2020-10-22 11:34:25] esmCNN.cv13: Find channel with Kernel size: 3 	 Lambda: 0.5: 	 Best Score: 0.0313
[2020-10-22 11:34:25] esmCNN.cv13: Channel size: 86 	 Kernel size: 3 
Training MSE: 0.03131480 	 Validating MSE: 0.04521504 	 Best VMSE: 0.04079223
[2020-10-22 11:34:25] esmCNN.cv13: Checkpoint saved to experiments/normal/ar1/esmCNN_random_ar1_h3
[2020-10-22 11:34:25] esmCNN.cv13: Find channel with Kernel size: 5 	 Lambda: 0.5: 	 Best Score: 0.0313
[2020-10-22 11:34:25] esmCNN.cv13: Channel size: 87 	 Kernel size: 5 
Training MSE: 0.03130816 	 Validating MSE: 0.04587176 	 Best VMSE: 0.04079223
[2020-10-22 11:34:25] esmCNN.cv13: Checkpoint saved to experiments/normal/ar1/esmCNN_random_ar1_h3
[2020-10-22 11:34:25] esmCNN.cv13: Find channel with Kernel size: 3 	 Lambda: 0.5: 	 Best Score: 0.0313
[2020-10-22 11:34:25] esmCNN.cv13: Channel size: 88 	 Kernel size: 3 
Training MSE: 0.03130217 	 Validating MSE: 0.04533489 	 Best VMSE: 0.04079223
[2020-10-22 11:34:25] esmCNN.cv13: Checkpoint saved to experiments/normal/ar1/esmCNN_random_ar1_h3
[2020-10-22 11:34:25] esmCNN.cv13: Find channel with Kernel size: 3 	 Lambda: 0.5: 	 Best Score: 0.0313
[2020-10-22 11:34:25] esmCNN.cv13: Channel size: 89 	 Kernel size: 3 
Training MSE: 0.03129940 	 Validating MSE: 0.04577941 	 Best VMSE: 0.04079223
[2020-10-22 11:34:25] esmCNN.cv13: Checkpoint saved to experiments/normal/ar1/esmCNN_random_ar1_h3
[2020-10-22 11:34:26] esmCNN.cv13: Find channel with Kernel size: 2 	 Lambda: 0.5: 	 Best Score: 0.0313
[2020-10-22 11:34:26] esmCNN.cv13: Channel size: 90 	 Kernel size: 2 
Training MSE: 0.03129677 	 Validating MSE: 0.04534646 	 Best VMSE: 0.04079223
[2020-10-22 11:34:26] esmCNN.cv13: Checkpoint saved to experiments/normal/ar1/esmCNN_random_ar1_h3
[2020-10-22 11:34:26] esmCNN.cv13: Find channel with Kernel size: 5 	 Lambda: 0.5: 	 Best Score: 0.0313
[2020-10-22 11:34:26] esmCNN.cv13: Channel size: 91 	 Kernel size: 5 
Training MSE: 0.03129360 	 Validating MSE: 0.04583640 	 Best VMSE: 0.04079223
[2020-10-22 11:34:26] esmCNN.cv13: Checkpoint saved to experiments/normal/ar1/esmCNN_random_ar1_h3
[2020-10-22 11:34:26] esmCNN.cv13: Find channel with Kernel size: 2 	 Lambda: 0.5: 	 Best Score: 0.0313
[2020-10-22 11:34:26] esmCNN.cv13: Channel size: 92 	 Kernel size: 2 
Training MSE: 0.03129134 	 Validating MSE: 0.04545747 	 Best VMSE: 0.04079223
[2020-10-22 11:34:26] esmCNN.cv13: Checkpoint saved to experiments/normal/ar1/esmCNN_random_ar1_h3
[2020-10-22 11:34:26] esmCNN.cv13: Find channel with Kernel size: 5 	 Lambda: 0.5: 	 Best Score: 0.0313
[2020-10-22 11:34:26] esmCNN.cv13: Channel size: 93 	 Kernel size: 5 
Training MSE: 0.03128993 	 Validating MSE: 0.04574476 	 Best VMSE: 0.04079223
[2020-10-22 11:34:26] esmCNN.cv13: Checkpoint saved to experiments/normal/ar1/esmCNN_random_ar1_h3
[2020-10-22 11:34:26] esmCNN.cv13: Find channel with Kernel size: 3 	 Lambda: 0.5: 	 Best Score: 0.0313
[2020-10-22 11:34:26] esmCNN.cv13: Channel size: 94 	 Kernel size: 3 
Training MSE: 0.03126935 	 Validating MSE: 0.04723071 	 Best VMSE: 0.04079223
[2020-10-22 11:34:26] esmCNN.cv13: Checkpoint saved to experiments/normal/ar1/esmCNN_random_ar1_h3
[2020-10-22 11:34:26] esmCNN.cv13: Find channel with Kernel size: 3 	 Lambda: 0.5: 	 Best Score: 0.0312
[2020-10-22 11:34:26] esmCNN.cv13: Channel size: 95 	 Kernel size: 3 
Training MSE: 0.03124355 	 Validating MSE: 0.04562947 	 Best VMSE: 0.04079223
[2020-10-22 11:34:26] esmCNN.cv13: Checkpoint saved to experiments/normal/ar1/esmCNN_random_ar1_h3
[2020-10-22 11:34:26] esmCNN.cv13: Find channel with Kernel size: 5 	 Lambda: 0.5: 	 Best Score: 0.0312
[2020-10-22 11:34:26] esmCNN.cv13: Channel size: 96 	 Kernel size: 5 
Training MSE: 0.03123993 	 Validating MSE: 0.04642851 	 Best VMSE: 0.04079223
[2020-10-22 11:34:26] esmCNN.cv13: Checkpoint saved to experiments/normal/ar1/esmCNN_random_ar1_h3
[2020-10-22 11:34:26] esmCNN.cv13: Find channel with Kernel size: 2 	 Lambda: 0.5: 	 Best Score: 0.0312
[2020-10-22 11:34:27] esmCNN.cv13: Channel size: 97 	 Kernel size: 2 
Training MSE: 0.03123153 	 Validating MSE: 0.04568950 	 Best VMSE: 0.04079223
[2020-10-22 11:34:27] esmCNN.cv13: Checkpoint saved to experiments/normal/ar1/esmCNN_random_ar1_h3
[2020-10-22 11:34:27] esmCNN.cv13: Find channel with Kernel size: 2 	 Lambda: 0.5: 	 Best Score: 0.0312
[2020-10-22 11:34:27] esmCNN.cv13: Channel size: 98 	 Kernel size: 2 
Training MSE: 0.03122715 	 Validating MSE: 0.04619102 	 Best VMSE: 0.04079223
[2020-10-22 11:34:27] esmCNN.cv13: Checkpoint saved to experiments/normal/ar1/esmCNN_random_ar1_h3
[2020-10-22 11:34:27] esmCNN.cv13: Find channel with Kernel size: 3 	 Lambda: 0.5: 	 Best Score: 0.0312
[2020-10-22 11:34:27] esmCNN.cv13: Channel size: 99 	 Kernel size: 3 
Training MSE: 0.03122502 	 Validating MSE: 0.04580159 	 Best VMSE: 0.04079223
[2020-10-22 11:34:27] esmCNN.cv13: Checkpoint saved to experiments/normal/ar1/esmCNN_random_ar1_h3
[2020-10-22 11:34:27] esmCNN.cv13: Find channel with Kernel size: 5 	 Lambda: 0.5: 	 Best Score: 0.0312
[2020-10-22 11:34:27] esmCNN.cv13: Channel size: 100 	 Kernel size: 5 
Training MSE: 0.03122445 	 Validating MSE: 0.04605696 	 Best VMSE: 0.04079223
[2020-10-22 11:34:27] esmCNN.cv13: Checkpoint saved to experiments/normal/ar1/esmCNN_random_ar1_h3
[2020-10-22 11:34:27] esmCNN.cv13: Restoring best parameters from experiments/normal/ar1/esmCNN_random_ar1_h3/train.cv13.pth.tar
[2020-10-22 11:34:27] esmCNN.cv13: ar1	 H: 3	 Trail: 35 
Testing RMSE: 0.2441 	 MAPE: 0.05068 	 SMAPE: 0.02599
