[2020-10-22 11:31:53] esmCNN.cv5: Loading the datasets and model for 20th-batch-training
[2020-10-22 11:31:53] esmCNN.cv5: Argument channel_size: 100
[2020-10-22 11:31:53] esmCNN.cv5: Argument candidate_size: 300
[2020-10-22 11:31:53] esmCNN.cv5: Argument kernel_size: 3
[2020-10-22 11:31:53] esmCNN.cv5: Argument kernel_list: [5, 3, 3, 2]
[2020-10-22 11:31:53] esmCNN.cv5: Argument Lambdas: [0.5, 1, 5, 15, 30, 50, 100, 150, 200]
[2020-10-22 11:31:53] esmCNN.cv5: Argument Lambdas_std: [0.01, 0.05, 0.1, 0.5, 1]
[2020-10-22 11:31:53] esmCNN.cv5: Argument r: [0.8, 0.9, 0.99, 0.9999, 0.999999]
[2020-10-22 11:31:53] esmCNN.cv5: Argument tolerance: 0
[2020-10-22 11:31:53] esmCNN.cv5: Argument device: device(type='cuda')
[2020-10-22 11:31:53] esmCNN.cv5: Argument dataset: 'ar1'
[2020-10-22 11:31:53] esmCNN.cv5: Argument H: 3
[2020-10-22 11:31:53] esmCNN.cv5: Argument k: 5
[2020-10-22 11:31:53] esmCNN.cv5: Argument test: False
[2020-10-22 11:31:53] esmCNN.cv5: Argument search: 'random'
[2020-10-22 11:31:53] esmCNN.cv5: Argument normal: True
[2020-10-22 11:31:53] esmCNN.cv5: Argument diff: False
[2020-10-22 11:31:53] esmCNN.cv5: Argument times: 60
[2020-10-22 11:31:53] esmCNN.cv5: Argument datasets: {'ar1': {'lag_order': 15, 'normal': True, 'cov_dim': 0, 'kernel_size': 3}, 'wti': {'lag_order': 25, 'normal': True, 'cov_dim': 0, 'kernel_size': 5}, 'gold': {'lag_order': 25, 'normal': True, 'cov_dim': 0, 'kernel_size': 5}, 'sp': {'lag_order': 25, 'normal': True, 'cov_dim': 0, 'kernel_size': 5}, 'brent': {'lag_order': 24, 'normal': True, 'cov_dim': 0, 'kernel_size': 6}, 'sili': {'lag_order': 26, 'normal': True, 'cov_dim': 0, 'kernel_size': 6}}
[2020-10-22 11:31:53] esmCNN.cv5: Argument steps: 15
[2020-10-22 11:31:53] esmCNN.cv5: Argument cov_dim: 0
[2020-10-22 11:31:53] esmCNN.cv5: Argument experiment: 'experiments/normal/ar1'
[2020-10-22 11:31:53] esmCNN.cv5: Argument scaler: StandardScaler()
[2020-10-22 11:31:53] esmCNN.cv5: Argument model_name: 'esmCNN_random_ar1_h3'
[2020-10-22 11:31:53] esmCNN.cv5: Argument model_dir: 'experiments/normal/ar1/esmCNN_random_ar1_h3'
[2020-10-22 11:31:53] esmCNN.cv5: Argument In_channels: 1
[2020-10-22 11:31:53] esmCNN.cv5: Argument restore: True
[2020-10-22 11:31:53] esmCNN.cv5: Argument cv: 5
[2020-10-22 11:31:53] esmCNN.cv5: Argument plot_dir: 'experiments/normal/ar1/esmCNN_random_ar1_h3/figures'
[2020-10-22 11:31:53] esmCNN.cv5: Argument num_process: 8
[2020-10-22 11:31:53] esmCNN.cv5: Using Cuda...
[2020-10-22 11:31:53] esmCNN.cv5: Loading complete.
[2020-10-22 11:31:53] esmCNN.cv5: Model: 
ESM_CNN(
  (Pool): AvgPool1d(kernel_size=(3,), stride=(1,), padding=(0,))
  (loss_fn): MSELoss()
)
[2020-10-22 11:31:53] esmCNN.cv5: Found new best state
[2020-10-22 11:31:53] esmCNN.cv5: Best vmse: 0.1092
[2020-10-22 11:31:53] esmCNN.cv5: Channel size: 1 	 Kernel size: 3 
Training MSE: 0.09071314 	 Validating MSE: 0.10918386 	 Best VMSE: 0.10918386
[2020-10-22 11:31:53] esmCNN.cv5: Checkpoint saved to experiments/normal/ar1/esmCNN_random_ar1_h3
[2020-10-22 11:31:53] esmCNN.cv5: Find channel with Kernel size: 2 	 Lambda: 0.5: 	 Best Score: 0.0330
[2020-10-22 11:31:53] esmCNN.cv5: Found new best state
[2020-10-22 11:31:53] esmCNN.cv5: Best vmse: 0.0423
[2020-10-22 11:31:53] esmCNN.cv5: Channel size: 2 	 Kernel size: 2 
Training MSE: 0.03304735 	 Validating MSE: 0.04229377 	 Best VMSE: 0.04229377
[2020-10-22 11:31:53] esmCNN.cv5: Checkpoint saved to experiments/normal/ar1/esmCNN_random_ar1_h3
[2020-10-22 11:31:53] esmCNN.cv5: Find channel with Kernel size: 2 	 Lambda: 0.5: 	 Best Score: 0.0330
[2020-10-22 11:31:53] esmCNN.cv5: Found new best state
[2020-10-22 11:31:53] esmCNN.cv5: Best vmse: 0.0421
[2020-10-22 11:31:53] esmCNN.cv5: Channel size: 3 	 Kernel size: 2 
Training MSE: 0.03303650 	 Validating MSE: 0.04205340 	 Best VMSE: 0.04205340
[2020-10-22 11:31:53] esmCNN.cv5: Checkpoint saved to experiments/normal/ar1/esmCNN_random_ar1_h3
[2020-10-22 11:31:53] esmCNN.cv5: Find channel with Kernel size: 2 	 Lambda: 0.5: 	 Best Score: 0.0330
[2020-10-22 11:31:53] esmCNN.cv5: Channel size: 4 	 Kernel size: 2 
Training MSE: 0.03302843 	 Validating MSE: 0.04250744 	 Best VMSE: 0.04205340
[2020-10-22 11:31:53] esmCNN.cv5: Checkpoint saved to experiments/normal/ar1/esmCNN_random_ar1_h3
[2020-10-22 11:31:53] esmCNN.cv5: Find channel with Kernel size: 2 	 Lambda: 0.5: 	 Best Score: 0.0330
[2020-10-22 11:31:53] esmCNN.cv5: Channel size: 5 	 Kernel size: 2 
Training MSE: 0.03302433 	 Validating MSE: 0.04226154 	 Best VMSE: 0.04205340
[2020-10-22 11:31:53] esmCNN.cv5: Checkpoint saved to experiments/normal/ar1/esmCNN_random_ar1_h3
[2020-10-22 11:31:53] esmCNN.cv5: Find channel with Kernel size: 3 	 Lambda: 0.5: 	 Best Score: 0.0330
[2020-10-22 11:31:53] esmCNN.cv5: Channel size: 6 	 Kernel size: 3 
Training MSE: 0.03300511 	 Validating MSE: 0.04264551 	 Best VMSE: 0.04205340
[2020-10-22 11:31:53] esmCNN.cv5: Checkpoint saved to experiments/normal/ar1/esmCNN_random_ar1_h3
[2020-10-22 11:31:53] esmCNN.cv5: Find channel with Kernel size: 5 	 Lambda: 0.5: 	 Best Score: 0.0330
[2020-10-22 11:31:53] esmCNN.cv5: Channel size: 7 	 Kernel size: 5 
Training MSE: 0.03298900 	 Validating MSE: 0.04229186 	 Best VMSE: 0.04205340
[2020-10-22 11:31:53] esmCNN.cv5: Checkpoint saved to experiments/normal/ar1/esmCNN_random_ar1_h3
[2020-10-22 11:31:53] esmCNN.cv5: Find channel with Kernel size: 3 	 Lambda: 0.5: 	 Best Score: 0.0330
[2020-10-22 11:31:53] esmCNN.cv5: Channel size: 8 	 Kernel size: 3 
Training MSE: 0.03298708 	 Validating MSE: 0.04239782 	 Best VMSE: 0.04205340
[2020-10-22 11:31:53] esmCNN.cv5: Checkpoint saved to experiments/normal/ar1/esmCNN_random_ar1_h3
[2020-10-22 11:31:53] esmCNN.cv5: Find channel with Kernel size: 3 	 Lambda: 0.5: 	 Best Score: 0.0330
[2020-10-22 11:31:53] esmCNN.cv5: Channel size: 9 	 Kernel size: 3 
Training MSE: 0.03298256 	 Validating MSE: 0.04262372 	 Best VMSE: 0.04205340
[2020-10-22 11:31:53] esmCNN.cv5: Checkpoint saved to experiments/normal/ar1/esmCNN_random_ar1_h3
[2020-10-22 11:31:53] esmCNN.cv5: Find channel with Kernel size: 3 	 Lambda: 0.5: 	 Best Score: 0.0330
[2020-10-22 11:31:53] esmCNN.cv5: Channel size: 10 	 Kernel size: 3 
Training MSE: 0.03296776 	 Validating MSE: 0.04207360 	 Best VMSE: 0.04205340
[2020-10-22 11:31:53] esmCNN.cv5: Checkpoint saved to experiments/normal/ar1/esmCNN_random_ar1_h3
[2020-10-22 11:31:53] esmCNN.cv5: Find channel with Kernel size: 5 	 Lambda: 0.5: 	 Best Score: 0.0329
[2020-10-22 11:31:53] esmCNN.cv5: Channel size: 11 	 Kernel size: 5 
Training MSE: 0.03285454 	 Validating MSE: 0.04337132 	 Best VMSE: 0.04205340
[2020-10-22 11:31:53] esmCNN.cv5: Checkpoint saved to experiments/normal/ar1/esmCNN_random_ar1_h3
[2020-10-22 11:31:53] esmCNN.cv5: Find channel with Kernel size: 3 	 Lambda: 0.5: 	 Best Score: 0.0328
[2020-10-22 11:31:53] esmCNN.cv5: Channel size: 12 	 Kernel size: 3 
Training MSE: 0.03276491 	 Validating MSE: 0.04250266 	 Best VMSE: 0.04205340
[2020-10-22 11:31:53] esmCNN.cv5: Checkpoint saved to experiments/normal/ar1/esmCNN_random_ar1_h3
[2020-10-22 11:31:53] esmCNN.cv5: Find channel with Kernel size: 5 	 Lambda: 0.5: 	 Best Score: 0.0328
[2020-10-22 11:31:53] esmCNN.cv5: Channel size: 13 	 Kernel size: 5 
Training MSE: 0.03275223 	 Validating MSE: 0.04304583 	 Best VMSE: 0.04205340
[2020-10-22 11:31:53] esmCNN.cv5: Checkpoint saved to experiments/normal/ar1/esmCNN_random_ar1_h3
[2020-10-22 11:31:53] esmCNN.cv5: Find channel with Kernel size: 3 	 Lambda: 0.5: 	 Best Score: 0.0327
[2020-10-22 11:31:53] esmCNN.cv5: Channel size: 14 	 Kernel size: 3 
Training MSE: 0.03273638 	 Validating MSE: 0.04244461 	 Best VMSE: 0.04205340
[2020-10-22 11:31:53] esmCNN.cv5: Checkpoint saved to experiments/normal/ar1/esmCNN_random_ar1_h3
[2020-10-22 11:31:53] esmCNN.cv5: Find channel with Kernel size: 2 	 Lambda: 0.5: 	 Best Score: 0.0327
[2020-10-22 11:31:53] esmCNN.cv5: Channel size: 15 	 Kernel size: 2 
Training MSE: 0.03271675 	 Validating MSE: 0.04312117 	 Best VMSE: 0.04205340
[2020-10-22 11:31:53] esmCNN.cv5: Checkpoint saved to experiments/normal/ar1/esmCNN_random_ar1_h3
[2020-10-22 11:31:53] esmCNN.cv5: Find channel with Kernel size: 2 	 Lambda: 0.5: 	 Best Score: 0.0327
[2020-10-22 11:31:53] esmCNN.cv5: Channel size: 16 	 Kernel size: 2 
Training MSE: 0.03270112 	 Validating MSE: 0.04249615 	 Best VMSE: 0.04205340
[2020-10-22 11:31:53] esmCNN.cv5: Checkpoint saved to experiments/normal/ar1/esmCNN_random_ar1_h3
[2020-10-22 11:31:53] esmCNN.cv5: Find channel with Kernel size: 2 	 Lambda: 0.5: 	 Best Score: 0.0327
[2020-10-22 11:31:53] esmCNN.cv5: Channel size: 17 	 Kernel size: 2 
Training MSE: 0.03269899 	 Validating MSE: 0.04271180 	 Best VMSE: 0.04205340
[2020-10-22 11:31:53] esmCNN.cv5: Checkpoint saved to experiments/normal/ar1/esmCNN_random_ar1_h3
[2020-10-22 11:31:53] esmCNN.cv5: Find channel with Kernel size: 3 	 Lambda: 0.5: 	 Best Score: 0.0326
[2020-10-22 11:31:53] esmCNN.cv5: Channel size: 18 	 Kernel size: 3 
Training MSE: 0.03259294 	 Validating MSE: 0.04491643 	 Best VMSE: 0.04205340
[2020-10-22 11:31:53] esmCNN.cv5: Checkpoint saved to experiments/normal/ar1/esmCNN_random_ar1_h3
[2020-10-22 11:31:54] esmCNN.cv5: Find channel with Kernel size: 2 	 Lambda: 0.5: 	 Best Score: 0.0325
[2020-10-22 11:31:54] esmCNN.cv5: Channel size: 19 	 Kernel size: 2 
Training MSE: 0.03247609 	 Validating MSE: 0.04306923 	 Best VMSE: 0.04205340
[2020-10-22 11:31:54] esmCNN.cv5: Checkpoint saved to experiments/normal/ar1/esmCNN_random_ar1_h3
[2020-10-22 11:31:54] esmCNN.cv5: Find channel with Kernel size: 5 	 Lambda: 0.5: 	 Best Score: 0.0325
[2020-10-22 11:31:54] esmCNN.cv5: Channel size: 20 	 Kernel size: 5 
Training MSE: 0.03247100 	 Validating MSE: 0.04347311 	 Best VMSE: 0.04205340
[2020-10-22 11:31:54] esmCNN.cv5: Checkpoint saved to experiments/normal/ar1/esmCNN_random_ar1_h3
[2020-10-22 11:31:54] esmCNN.cv5: Find channel with Kernel size: 5 	 Lambda: 0.5: 	 Best Score: 0.0325
[2020-10-22 11:31:54] esmCNN.cv5: Channel size: 21 	 Kernel size: 5 
Training MSE: 0.03245809 	 Validating MSE: 0.04279484 	 Best VMSE: 0.04205340
[2020-10-22 11:31:54] esmCNN.cv5: Checkpoint saved to experiments/normal/ar1/esmCNN_random_ar1_h3
[2020-10-22 11:31:54] esmCNN.cv5: Find channel with Kernel size: 5 	 Lambda: 0.5: 	 Best Score: 0.0324
[2020-10-22 11:31:54] esmCNN.cv5: Channel size: 22 	 Kernel size: 5 
Training MSE: 0.03244233 	 Validating MSE: 0.04345673 	 Best VMSE: 0.04205340
[2020-10-22 11:31:54] esmCNN.cv5: Checkpoint saved to experiments/normal/ar1/esmCNN_random_ar1_h3
[2020-10-22 11:31:54] esmCNN.cv5: Find channel with Kernel size: 3 	 Lambda: 0.5: 	 Best Score: 0.0324
[2020-10-22 11:31:54] esmCNN.cv5: Channel size: 23 	 Kernel size: 3 
Training MSE: 0.03242834 	 Validating MSE: 0.04294362 	 Best VMSE: 0.04205340
[2020-10-22 11:31:54] esmCNN.cv5: Checkpoint saved to experiments/normal/ar1/esmCNN_random_ar1_h3
[2020-10-22 11:31:54] esmCNN.cv5: Find channel with Kernel size: 3 	 Lambda: 0.5: 	 Best Score: 0.0324
[2020-10-22 11:31:54] esmCNN.cv5: Channel size: 24 	 Kernel size: 3 
Training MSE: 0.03240901 	 Validating MSE: 0.04362531 	 Best VMSE: 0.04205340
[2020-10-22 11:31:54] esmCNN.cv5: Checkpoint saved to experiments/normal/ar1/esmCNN_random_ar1_h3
[2020-10-22 11:31:54] esmCNN.cv5: Find channel with Kernel size: 2 	 Lambda: 0.5: 	 Best Score: 0.0324
[2020-10-22 11:31:54] esmCNN.cv5: Channel size: 25 	 Kernel size: 2 
Training MSE: 0.03239049 	 Validating MSE: 0.04296666 	 Best VMSE: 0.04205340
[2020-10-22 11:31:54] esmCNN.cv5: Checkpoint saved to experiments/normal/ar1/esmCNN_random_ar1_h3
[2020-10-22 11:31:54] esmCNN.cv5: Find channel with Kernel size: 3 	 Lambda: 0.5: 	 Best Score: 0.0324
[2020-10-22 11:31:54] esmCNN.cv5: Channel size: 26 	 Kernel size: 3 
Training MSE: 0.03238270 	 Validating MSE: 0.04348093 	 Best VMSE: 0.04205340
[2020-10-22 11:31:54] esmCNN.cv5: Checkpoint saved to experiments/normal/ar1/esmCNN_random_ar1_h3
[2020-10-22 11:31:54] esmCNN.cv5: Find channel with Kernel size: 3 	 Lambda: 0.5: 	 Best Score: 0.0324
[2020-10-22 11:31:54] esmCNN.cv5: Channel size: 27 	 Kernel size: 3 
Training MSE: 0.03237821 	 Validating MSE: 0.04309472 	 Best VMSE: 0.04205340
[2020-10-22 11:31:54] esmCNN.cv5: Checkpoint saved to experiments/normal/ar1/esmCNN_random_ar1_h3
[2020-10-22 11:31:54] esmCNN.cv5: Find channel with Kernel size: 3 	 Lambda: 0.5: 	 Best Score: 0.0324
[2020-10-22 11:31:54] esmCNN.cv5: Channel size: 28 	 Kernel size: 3 
Training MSE: 0.03236906 	 Validating MSE: 0.04370764 	 Best VMSE: 0.04205340
[2020-10-22 11:31:54] esmCNN.cv5: Checkpoint saved to experiments/normal/ar1/esmCNN_random_ar1_h3
[2020-10-22 11:31:54] esmCNN.cv5: Find channel with Kernel size: 3 	 Lambda: 0.5: 	 Best Score: 0.0324
[2020-10-22 11:31:54] esmCNN.cv5: Channel size: 29 	 Kernel size: 3 
Training MSE: 0.03235789 	 Validating MSE: 0.04422248 	 Best VMSE: 0.04205340
[2020-10-22 11:31:54] esmCNN.cv5: Checkpoint saved to experiments/normal/ar1/esmCNN_random_ar1_h3
[2020-10-22 11:31:54] esmCNN.cv5: Find channel with Kernel size: 5 	 Lambda: 0.5: 	 Best Score: 0.0323
[2020-10-22 11:31:54] esmCNN.cv5: Channel size: 30 	 Kernel size: 5 
Training MSE: 0.03226501 	 Validating MSE: 0.04690991 	 Best VMSE: 0.04205340
[2020-10-22 11:31:54] esmCNN.cv5: Checkpoint saved to experiments/normal/ar1/esmCNN_random_ar1_h3
[2020-10-22 11:31:54] esmCNN.cv5: Find channel with Kernel size: 2 	 Lambda: 0.5: 	 Best Score: 0.0321
[2020-10-22 11:31:54] esmCNN.cv5: Channel size: 31 	 Kernel size: 2 
Training MSE: 0.03205794 	 Validating MSE: 0.04359410 	 Best VMSE: 0.04205340
[2020-10-22 11:31:54] esmCNN.cv5: Checkpoint saved to experiments/normal/ar1/esmCNN_random_ar1_h3
[2020-10-22 11:31:54] esmCNN.cv5: Find channel with Kernel size: 3 	 Lambda: 0.5: 	 Best Score: 0.0320
[2020-10-22 11:31:54] esmCNN.cv5: Channel size: 32 	 Kernel size: 3 
Training MSE: 0.03203089 	 Validating MSE: 0.04510600 	 Best VMSE: 0.04205340
[2020-10-22 11:31:54] esmCNN.cv5: Checkpoint saved to experiments/normal/ar1/esmCNN_random_ar1_h3
[2020-10-22 11:31:55] esmCNN.cv5: Find channel with Kernel size: 5 	 Lambda: 0.5: 	 Best Score: 0.0320
[2020-10-22 11:31:55] esmCNN.cv5: Channel size: 33 	 Kernel size: 5 
Training MSE: 0.03201280 	 Validating MSE: 0.04457446 	 Best VMSE: 0.04205340
[2020-10-22 11:31:55] esmCNN.cv5: Checkpoint saved to experiments/normal/ar1/esmCNN_random_ar1_h3
[2020-10-22 11:31:55] esmCNN.cv5: Find channel with Kernel size: 3 	 Lambda: 0.5: 	 Best Score: 0.0320
[2020-10-22 11:31:55] esmCNN.cv5: Channel size: 34 	 Kernel size: 3 
Training MSE: 0.03200444 	 Validating MSE: 0.04484401 	 Best VMSE: 0.04205340
[2020-10-22 11:31:55] esmCNN.cv5: Checkpoint saved to experiments/normal/ar1/esmCNN_random_ar1_h3
[2020-10-22 11:31:55] esmCNN.cv5: Find channel with Kernel size: 3 	 Lambda: 0.5: 	 Best Score: 0.0320
[2020-10-22 11:31:55] esmCNN.cv5: Channel size: 35 	 Kernel size: 3 
Training MSE: 0.03199420 	 Validating MSE: 0.04419586 	 Best VMSE: 0.04205340
[2020-10-22 11:31:55] esmCNN.cv5: Checkpoint saved to experiments/normal/ar1/esmCNN_random_ar1_h3
[2020-10-22 11:31:55] esmCNN.cv5: Find channel with Kernel size: 3 	 Lambda: 0.5: 	 Best Score: 0.0320
[2020-10-22 11:31:55] esmCNN.cv5: Channel size: 36 	 Kernel size: 3 
Training MSE: 0.03196378 	 Validating MSE: 0.04558064 	 Best VMSE: 0.04205340
[2020-10-22 11:31:55] esmCNN.cv5: Checkpoint saved to experiments/normal/ar1/esmCNN_random_ar1_h3
[2020-10-22 11:31:55] esmCNN.cv5: Find channel with Kernel size: 2 	 Lambda: 0.5: 	 Best Score: 0.0319
[2020-10-22 11:31:55] esmCNN.cv5: Channel size: 37 	 Kernel size: 2 
Training MSE: 0.03193770 	 Validating MSE: 0.04440487 	 Best VMSE: 0.04205340
[2020-10-22 11:31:55] esmCNN.cv5: Checkpoint saved to experiments/normal/ar1/esmCNN_random_ar1_h3
[2020-10-22 11:31:55] esmCNN.cv5: Find channel with Kernel size: 5 	 Lambda: 0.5: 	 Best Score: 0.0319
[2020-10-22 11:31:55] esmCNN.cv5: Channel size: 38 	 Kernel size: 5 
Training MSE: 0.03190876 	 Validating MSE: 0.04582014 	 Best VMSE: 0.04205340
[2020-10-22 11:31:55] esmCNN.cv5: Checkpoint saved to experiments/normal/ar1/esmCNN_random_ar1_h3
[2020-10-22 11:31:55] esmCNN.cv5: Find channel with Kernel size: 3 	 Lambda: 0.5: 	 Best Score: 0.0319
[2020-10-22 11:31:55] esmCNN.cv5: Channel size: 39 	 Kernel size: 3 
Training MSE: 0.03187728 	 Validating MSE: 0.04455376 	 Best VMSE: 0.04205340
[2020-10-22 11:31:55] esmCNN.cv5: Checkpoint saved to experiments/normal/ar1/esmCNN_random_ar1_h3
[2020-10-22 11:31:55] esmCNN.cv5: Find channel with Kernel size: 3 	 Lambda: 0.5: 	 Best Score: 0.0319
[2020-10-22 11:31:55] esmCNN.cv5: Channel size: 40 	 Kernel size: 3 
Training MSE: 0.03187567 	 Validating MSE: 0.04480985 	 Best VMSE: 0.04205340
[2020-10-22 11:31:55] esmCNN.cv5: Checkpoint saved to experiments/normal/ar1/esmCNN_random_ar1_h3
[2020-10-22 11:31:55] esmCNN.cv5: Find channel with Kernel size: 3 	 Lambda: 0.5: 	 Best Score: 0.0319
[2020-10-22 11:31:55] esmCNN.cv5: Channel size: 41 	 Kernel size: 3 
Training MSE: 0.03187320 	 Validating MSE: 0.04449823 	 Best VMSE: 0.04205340
[2020-10-22 11:31:55] esmCNN.cv5: Checkpoint saved to experiments/normal/ar1/esmCNN_random_ar1_h3
[2020-10-22 11:31:55] esmCNN.cv5: Find channel with Kernel size: 3 	 Lambda: 0.5: 	 Best Score: 0.0319
[2020-10-22 11:31:55] esmCNN.cv5: Channel size: 42 	 Kernel size: 3 
Training MSE: 0.03185898 	 Validating MSE: 0.04534026 	 Best VMSE: 0.04205340
[2020-10-22 11:31:55] esmCNN.cv5: Checkpoint saved to experiments/normal/ar1/esmCNN_random_ar1_h3
[2020-10-22 11:31:55] esmCNN.cv5: Find channel with Kernel size: 3 	 Lambda: 0.5: 	 Best Score: 0.0318
[2020-10-22 11:31:55] esmCNN.cv5: Channel size: 43 	 Kernel size: 3 
Training MSE: 0.03184671 	 Validating MSE: 0.04455482 	 Best VMSE: 0.04205340
[2020-10-22 11:31:55] esmCNN.cv5: Checkpoint saved to experiments/normal/ar1/esmCNN_random_ar1_h3
[2020-10-22 11:31:55] esmCNN.cv5: Find channel with Kernel size: 3 	 Lambda: 0.5: 	 Best Score: 0.0318
[2020-10-22 11:31:55] esmCNN.cv5: Channel size: 44 	 Kernel size: 3 
Training MSE: 0.03183719 	 Validating MSE: 0.04528425 	 Best VMSE: 0.04205340
[2020-10-22 11:31:55] esmCNN.cv5: Checkpoint saved to experiments/normal/ar1/esmCNN_random_ar1_h3
[2020-10-22 11:31:56] esmCNN.cv5: Find channel with Kernel size: 5 	 Lambda: 0.5: 	 Best Score: 0.0318
[2020-10-22 11:31:56] esmCNN.cv5: Channel size: 45 	 Kernel size: 5 
Training MSE: 0.03176298 	 Validating MSE: 0.04769566 	 Best VMSE: 0.04205340
[2020-10-22 11:31:56] esmCNN.cv5: Checkpoint saved to experiments/normal/ar1/esmCNN_random_ar1_h3
[2020-10-22 11:31:56] esmCNN.cv5: Find channel with Kernel size: 5 	 Lambda: 0.5: 	 Best Score: 0.0317
[2020-10-22 11:31:56] esmCNN.cv5: Channel size: 46 	 Kernel size: 5 
Training MSE: 0.03166690 	 Validating MSE: 0.04556255 	 Best VMSE: 0.04205340
[2020-10-22 11:31:56] esmCNN.cv5: Checkpoint saved to experiments/normal/ar1/esmCNN_random_ar1_h3
[2020-10-22 11:31:56] esmCNN.cv5: Find channel with Kernel size: 2 	 Lambda: 0.5: 	 Best Score: 0.0317
[2020-10-22 11:31:56] esmCNN.cv5: Channel size: 47 	 Kernel size: 2 
Training MSE: 0.03165938 	 Validating MSE: 0.04529652 	 Best VMSE: 0.04205340
[2020-10-22 11:31:56] esmCNN.cv5: Checkpoint saved to experiments/normal/ar1/esmCNN_random_ar1_h3
[2020-10-22 11:31:56] esmCNN.cv5: Find channel with Kernel size: 3 	 Lambda: 0.5: 	 Best Score: 0.0317
[2020-10-22 11:31:56] esmCNN.cv5: Channel size: 48 	 Kernel size: 3 
Training MSE: 0.03165749 	 Validating MSE: 0.04566941 	 Best VMSE: 0.04205340
[2020-10-22 11:31:56] esmCNN.cv5: Checkpoint saved to experiments/normal/ar1/esmCNN_random_ar1_h3
[2020-10-22 11:31:56] esmCNN.cv5: Find channel with Kernel size: 3 	 Lambda: 0.5: 	 Best Score: 0.0317
[2020-10-22 11:31:56] esmCNN.cv5: Channel size: 49 	 Kernel size: 3 
Training MSE: 0.03165373 	 Validating MSE: 0.04602537 	 Best VMSE: 0.04205340
[2020-10-22 11:31:56] esmCNN.cv5: Checkpoint saved to experiments/normal/ar1/esmCNN_random_ar1_h3
[2020-10-22 11:31:56] esmCNN.cv5: Find channel with Kernel size: 3 	 Lambda: 0.5: 	 Best Score: 0.0316
[2020-10-22 11:31:56] esmCNN.cv5: Channel size: 50 	 Kernel size: 3 
Training MSE: 0.03164393 	 Validating MSE: 0.04692010 	 Best VMSE: 0.04205340
[2020-10-22 11:31:56] esmCNN.cv5: Checkpoint saved to experiments/normal/ar1/esmCNN_random_ar1_h3
[2020-10-22 11:31:56] esmCNN.cv5: Find channel with Kernel size: 2 	 Lambda: 0.5: 	 Best Score: 0.0316
[2020-10-22 11:31:56] esmCNN.cv5: Channel size: 51 	 Kernel size: 2 
Training MSE: 0.03161056 	 Validating MSE: 0.04552034 	 Best VMSE: 0.04205340
[2020-10-22 11:31:56] esmCNN.cv5: Checkpoint saved to experiments/normal/ar1/esmCNN_random_ar1_h3
[2020-10-22 11:31:56] esmCNN.cv5: Find channel with Kernel size: 3 	 Lambda: 0.5: 	 Best Score: 0.0316
[2020-10-22 11:31:56] esmCNN.cv5: Channel size: 52 	 Kernel size: 3 
Training MSE: 0.03157201 	 Validating MSE: 0.04733521 	 Best VMSE: 0.04205340
[2020-10-22 11:31:56] esmCNN.cv5: Checkpoint saved to experiments/normal/ar1/esmCNN_random_ar1_h3
[2020-10-22 11:31:56] esmCNN.cv5: Find channel with Kernel size: 3 	 Lambda: 0.5: 	 Best Score: 0.0315
[2020-10-22 11:31:56] esmCNN.cv5: Channel size: 53 	 Kernel size: 3 
Training MSE: 0.03154755 	 Validating MSE: 0.04604342 	 Best VMSE: 0.04205340
[2020-10-22 11:31:56] esmCNN.cv5: Checkpoint saved to experiments/normal/ar1/esmCNN_random_ar1_h3
[2020-10-22 11:31:56] esmCNN.cv5: Find channel with Kernel size: 5 	 Lambda: 0.5: 	 Best Score: 0.0315
[2020-10-22 11:31:56] esmCNN.cv5: Channel size: 54 	 Kernel size: 5 
Training MSE: 0.03154247 	 Validating MSE: 0.04566028 	 Best VMSE: 0.04205340
[2020-10-22 11:31:56] esmCNN.cv5: Checkpoint saved to experiments/normal/ar1/esmCNN_random_ar1_h3
[2020-10-22 11:31:56] esmCNN.cv5: Find channel with Kernel size: 3 	 Lambda: 0.5: 	 Best Score: 0.0315
[2020-10-22 11:31:56] esmCNN.cv5: Channel size: 55 	 Kernel size: 3 
Training MSE: 0.03149610 	 Validating MSE: 0.04785858 	 Best VMSE: 0.04205340
[2020-10-22 11:31:56] esmCNN.cv5: Checkpoint saved to experiments/normal/ar1/esmCNN_random_ar1_h3
[2020-10-22 11:31:57] esmCNN.cv5: Find channel with Kernel size: 2 	 Lambda: 0.5: 	 Best Score: 0.0315
[2020-10-22 11:31:57] esmCNN.cv5: Channel size: 56 	 Kernel size: 2 
Training MSE: 0.03146519 	 Validating MSE: 0.04633338 	 Best VMSE: 0.04205340
[2020-10-22 11:31:57] esmCNN.cv5: Checkpoint saved to experiments/normal/ar1/esmCNN_random_ar1_h3
[2020-10-22 11:31:57] esmCNN.cv5: Find channel with Kernel size: 5 	 Lambda: 0.5: 	 Best Score: 0.0314
[2020-10-22 11:31:57] esmCNN.cv5: Channel size: 57 	 Kernel size: 5 
Training MSE: 0.03143588 	 Validating MSE: 0.04826574 	 Best VMSE: 0.04205340
[2020-10-22 11:31:57] esmCNN.cv5: Checkpoint saved to experiments/normal/ar1/esmCNN_random_ar1_h3
[2020-10-22 11:31:57] esmCNN.cv5: Find channel with Kernel size: 3 	 Lambda: 0.5: 	 Best Score: 0.0314
[2020-10-22 11:31:57] esmCNN.cv5: Channel size: 58 	 Kernel size: 3 
Training MSE: 0.03140254 	 Validating MSE: 0.04669015 	 Best VMSE: 0.04205340
[2020-10-22 11:31:57] esmCNN.cv5: Checkpoint saved to experiments/normal/ar1/esmCNN_random_ar1_h3
[2020-10-22 11:31:57] esmCNN.cv5: Find channel with Kernel size: 3 	 Lambda: 0.5: 	 Best Score: 0.0314
[2020-10-22 11:31:57] esmCNN.cv5: Channel size: 59 	 Kernel size: 3 
Training MSE: 0.03140020 	 Validating MSE: 0.04708570 	 Best VMSE: 0.04205340
[2020-10-22 11:31:57] esmCNN.cv5: Checkpoint saved to experiments/normal/ar1/esmCNN_random_ar1_h3
[2020-10-22 11:31:57] esmCNN.cv5: Find channel with Kernel size: 2 	 Lambda: 0.5: 	 Best Score: 0.0314
[2020-10-22 11:31:57] esmCNN.cv5: Channel size: 60 	 Kernel size: 2 
Training MSE: 0.03139712 	 Validating MSE: 0.04658557 	 Best VMSE: 0.04205340
[2020-10-22 11:31:57] esmCNN.cv5: Checkpoint saved to experiments/normal/ar1/esmCNN_random_ar1_h3
[2020-10-22 11:31:57] esmCNN.cv5: Find channel with Kernel size: 3 	 Lambda: 0.5: 	 Best Score: 0.0314
[2020-10-22 11:31:57] esmCNN.cv5: Channel size: 61 	 Kernel size: 3 
Training MSE: 0.03138804 	 Validating MSE: 0.04757331 	 Best VMSE: 0.04205340
[2020-10-22 11:31:57] esmCNN.cv5: Checkpoint saved to experiments/normal/ar1/esmCNN_random_ar1_h3
[2020-10-22 11:31:57] esmCNN.cv5: Find channel with Kernel size: 3 	 Lambda: 0.5: 	 Best Score: 0.0314
[2020-10-22 11:31:57] esmCNN.cv5: Channel size: 62 	 Kernel size: 3 
Training MSE: 0.03137837 	 Validating MSE: 0.04669690 	 Best VMSE: 0.04205340
[2020-10-22 11:31:57] esmCNN.cv5: Checkpoint saved to experiments/normal/ar1/esmCNN_random_ar1_h3
[2020-10-22 11:31:57] esmCNN.cv5: Find channel with Kernel size: 2 	 Lambda: 0.5: 	 Best Score: 0.0314
[2020-10-22 11:31:57] esmCNN.cv5: Channel size: 63 	 Kernel size: 2 
Training MSE: 0.03137444 	 Validating MSE: 0.04729998 	 Best VMSE: 0.04205340
[2020-10-22 11:31:57] esmCNN.cv5: Checkpoint saved to experiments/normal/ar1/esmCNN_random_ar1_h3
[2020-10-22 11:31:57] esmCNN.cv5: Find channel with Kernel size: 2 	 Lambda: 0.5: 	 Best Score: 0.0314
[2020-10-22 11:31:57] esmCNN.cv5: Channel size: 64 	 Kernel size: 2 
Training MSE: 0.03137161 	 Validating MSE: 0.04777552 	 Best VMSE: 0.04205340
[2020-10-22 11:31:57] esmCNN.cv5: Checkpoint saved to experiments/normal/ar1/esmCNN_random_ar1_h3
[2020-10-22 11:31:57] esmCNN.cv5: Find channel with Kernel size: 3 	 Lambda: 0.5: 	 Best Score: 0.0314
[2020-10-22 11:31:58] esmCNN.cv5: Channel size: 65 	 Kernel size: 3 
Training MSE: 0.03136197 	 Validating MSE: 0.04695758 	 Best VMSE: 0.04205340
[2020-10-22 11:31:58] esmCNN.cv5: Checkpoint saved to experiments/normal/ar1/esmCNN_random_ar1_h3
[2020-10-22 11:31:58] esmCNN.cv5: Find channel with Kernel size: 3 	 Lambda: 0.5: 	 Best Score: 0.0314
[2020-10-22 11:31:58] esmCNN.cv5: Channel size: 66 	 Kernel size: 3 
Training MSE: 0.03135445 	 Validating MSE: 0.04789861 	 Best VMSE: 0.04205340
[2020-10-22 11:31:58] esmCNN.cv5: Checkpoint saved to experiments/normal/ar1/esmCNN_random_ar1_h3
[2020-10-22 11:31:58] esmCNN.cv5: Find channel with Kernel size: 2 	 Lambda: 0.5: 	 Best Score: 0.0313
[2020-10-22 11:31:58] esmCNN.cv5: Channel size: 67 	 Kernel size: 2 
Training MSE: 0.03134695 	 Validating MSE: 0.04708202 	 Best VMSE: 0.04205340
[2020-10-22 11:31:58] esmCNN.cv5: Checkpoint saved to experiments/normal/ar1/esmCNN_random_ar1_h3
[2020-10-22 11:31:58] esmCNN.cv5: Find channel with Kernel size: 5 	 Lambda: 0.5: 	 Best Score: 0.0313
[2020-10-22 11:31:58] esmCNN.cv5: Channel size: 68 	 Kernel size: 5 
Training MSE: 0.03134476 	 Validating MSE: 0.04757119 	 Best VMSE: 0.04205340
[2020-10-22 11:31:58] esmCNN.cv5: Checkpoint saved to experiments/normal/ar1/esmCNN_random_ar1_h3
[2020-10-22 11:31:58] esmCNN.cv5: Find channel with Kernel size: 2 	 Lambda: 0.5: 	 Best Score: 0.0313
[2020-10-22 11:31:58] esmCNN.cv5: Channel size: 69 	 Kernel size: 2 
Training MSE: 0.03134264 	 Validating MSE: 0.04706081 	 Best VMSE: 0.04205340
[2020-10-22 11:31:58] esmCNN.cv5: Checkpoint saved to experiments/normal/ar1/esmCNN_random_ar1_h3
[2020-10-22 11:31:58] esmCNN.cv5: Find channel with Kernel size: 2 	 Lambda: 0.5: 	 Best Score: 0.0313
[2020-10-22 11:31:58] esmCNN.cv5: Channel size: 70 	 Kernel size: 2 
Training MSE: 0.03133818 	 Validating MSE: 0.04758169 	 Best VMSE: 0.04205340
[2020-10-22 11:31:58] esmCNN.cv5: Checkpoint saved to experiments/normal/ar1/esmCNN_random_ar1_h3
[2020-10-22 11:31:58] esmCNN.cv5: Find channel with Kernel size: 2 	 Lambda: 0.5: 	 Best Score: 0.0313
[2020-10-22 11:31:58] esmCNN.cv5: Channel size: 71 	 Kernel size: 2 
Training MSE: 0.03133464 	 Validating MSE: 0.04712429 	 Best VMSE: 0.04205340
[2020-10-22 11:31:58] esmCNN.cv5: Checkpoint saved to experiments/normal/ar1/esmCNN_random_ar1_h3
[2020-10-22 11:31:58] esmCNN.cv5: Find channel with Kernel size: 3 	 Lambda: 0.5: 	 Best Score: 0.0313
[2020-10-22 11:31:58] esmCNN.cv5: Channel size: 72 	 Kernel size: 3 
Training MSE: 0.03132605 	 Validating MSE: 0.04787089 	 Best VMSE: 0.04205340
[2020-10-22 11:31:58] esmCNN.cv5: Checkpoint saved to experiments/normal/ar1/esmCNN_random_ar1_h3
[2020-10-22 11:31:58] esmCNN.cv5: Find channel with Kernel size: 2 	 Lambda: 0.5: 	 Best Score: 0.0313
[2020-10-22 11:31:58] esmCNN.cv5: Channel size: 73 	 Kernel size: 2 
Training MSE: 0.03131588 	 Validating MSE: 0.04732095 	 Best VMSE: 0.04205340
[2020-10-22 11:31:58] esmCNN.cv5: Checkpoint saved to experiments/normal/ar1/esmCNN_random_ar1_h3
[2020-10-22 11:31:58] esmCNN.cv5: Find channel with Kernel size: 5 	 Lambda: 0.5: 	 Best Score: 0.0313
[2020-10-22 11:31:59] esmCNN.cv5: Channel size: 74 	 Kernel size: 5 
Training MSE: 0.03130633 	 Validating MSE: 0.04786342 	 Best VMSE: 0.04205340
[2020-10-22 11:31:59] esmCNN.cv5: Checkpoint saved to experiments/normal/ar1/esmCNN_random_ar1_h3
[2020-10-22 11:31:59] esmCNN.cv5: Find channel with Kernel size: 5 	 Lambda: 0.5: 	 Best Score: 0.0313
[2020-10-22 11:31:59] esmCNN.cv5: Channel size: 75 	 Kernel size: 5 
Training MSE: 0.03129359 	 Validating MSE: 0.04882858 	 Best VMSE: 0.04205340
[2020-10-22 11:31:59] esmCNN.cv5: Checkpoint saved to experiments/normal/ar1/esmCNN_random_ar1_h3
[2020-10-22 11:31:59] esmCNN.cv5: Find channel with Kernel size: 3 	 Lambda: 0.5: 	 Best Score: 0.0313
[2020-10-22 11:31:59] esmCNN.cv5: Channel size: 76 	 Kernel size: 3 
Training MSE: 0.03127025 	 Validating MSE: 0.04789508 	 Best VMSE: 0.04205340
[2020-10-22 11:31:59] esmCNN.cv5: Checkpoint saved to experiments/normal/ar1/esmCNN_random_ar1_h3
[2020-10-22 11:31:59] esmCNN.cv5: Find channel with Kernel size: 2 	 Lambda: 0.5: 	 Best Score: 0.0313
[2020-10-22 11:31:59] esmCNN.cv5: Channel size: 77 	 Kernel size: 2 
Training MSE: 0.03126733 	 Validating MSE: 0.04761487 	 Best VMSE: 0.04205340
[2020-10-22 11:31:59] esmCNN.cv5: Checkpoint saved to experiments/normal/ar1/esmCNN_random_ar1_h3
[2020-10-22 11:31:59] esmCNN.cv5: Find channel with Kernel size: 3 	 Lambda: 0.5: 	 Best Score: 0.0313
[2020-10-22 11:31:59] esmCNN.cv5: Channel size: 78 	 Kernel size: 3 
Training MSE: 0.03126535 	 Validating MSE: 0.04718947 	 Best VMSE: 0.04205340
[2020-10-22 11:31:59] esmCNN.cv5: Checkpoint saved to experiments/normal/ar1/esmCNN_random_ar1_h3
[2020-10-22 11:31:59] esmCNN.cv5: Find channel with Kernel size: 3 	 Lambda: 0.5: 	 Best Score: 0.0313
[2020-10-22 11:31:59] esmCNN.cv5: Channel size: 79 	 Kernel size: 3 
Training MSE: 0.03126151 	 Validating MSE: 0.04790037 	 Best VMSE: 0.04205340
[2020-10-22 11:31:59] esmCNN.cv5: Checkpoint saved to experiments/normal/ar1/esmCNN_random_ar1_h3
[2020-10-22 11:31:59] esmCNN.cv5: Find channel with Kernel size: 2 	 Lambda: 0.5: 	 Best Score: 0.0313
[2020-10-22 11:31:59] esmCNN.cv5: Channel size: 80 	 Kernel size: 2 
Training MSE: 0.03125898 	 Validating MSE: 0.04738198 	 Best VMSE: 0.04205340
[2020-10-22 11:31:59] esmCNN.cv5: Checkpoint saved to experiments/normal/ar1/esmCNN_random_ar1_h3
[2020-10-22 11:31:59] esmCNN.cv5: Find channel with Kernel size: 5 	 Lambda: 0.5: 	 Best Score: 0.0313
[2020-10-22 11:31:59] esmCNN.cv5: Channel size: 81 	 Kernel size: 5 
Training MSE: 0.03125838 	 Validating MSE: 0.04733837 	 Best VMSE: 0.04205340
[2020-10-22 11:31:59] esmCNN.cv5: Checkpoint saved to experiments/normal/ar1/esmCNN_random_ar1_h3
[2020-10-22 11:31:59] esmCNN.cv5: Find channel with Kernel size: 5 	 Lambda: 0.5: 	 Best Score: 0.0312
[2020-10-22 11:32:00] esmCNN.cv5: Channel size: 82 	 Kernel size: 5 
Training MSE: 0.03117124 	 Validating MSE: 0.05031138 	 Best VMSE: 0.04205340
[2020-10-22 11:32:00] esmCNN.cv5: Checkpoint saved to experiments/normal/ar1/esmCNN_random_ar1_h3
[2020-10-22 11:32:00] esmCNN.cv5: Find channel with Kernel size: 3 	 Lambda: 0.5: 	 Best Score: 0.0311
[2020-10-22 11:32:00] esmCNN.cv5: Channel size: 83 	 Kernel size: 3 
Training MSE: 0.03109123 	 Validating MSE: 0.04813298 	 Best VMSE: 0.04205340
[2020-10-22 11:32:00] esmCNN.cv5: Checkpoint saved to experiments/normal/ar1/esmCNN_random_ar1_h3
[2020-10-22 11:32:00] esmCNN.cv5: Find channel with Kernel size: 2 	 Lambda: 0.5: 	 Best Score: 0.0311
[2020-10-22 11:32:00] esmCNN.cv5: Channel size: 84 	 Kernel size: 2 
Training MSE: 0.03108735 	 Validating MSE: 0.04827180 	 Best VMSE: 0.04205340
[2020-10-22 11:32:00] esmCNN.cv5: Checkpoint saved to experiments/normal/ar1/esmCNN_random_ar1_h3
[2020-10-22 11:32:00] esmCNN.cv5: Find channel with Kernel size: 5 	 Lambda: 0.5: 	 Best Score: 0.0311
[2020-10-22 11:32:00] esmCNN.cv5: Channel size: 85 	 Kernel size: 5 
Training MSE: 0.03108190 	 Validating MSE: 0.04921180 	 Best VMSE: 0.04205340
[2020-10-22 11:32:00] esmCNN.cv5: Checkpoint saved to experiments/normal/ar1/esmCNN_random_ar1_h3
[2020-10-22 11:32:00] esmCNN.cv5: Find channel with Kernel size: 2 	 Lambda: 0.5: 	 Best Score: 0.0311
[2020-10-22 11:32:00] esmCNN.cv5: Channel size: 86 	 Kernel size: 2 
Training MSE: 0.03107666 	 Validating MSE: 0.04830941 	 Best VMSE: 0.04205340
[2020-10-22 11:32:00] esmCNN.cv5: Checkpoint saved to experiments/normal/ar1/esmCNN_random_ar1_h3
[2020-10-22 11:32:00] esmCNN.cv5: Find channel with Kernel size: 5 	 Lambda: 0.5: 	 Best Score: 0.0311
[2020-10-22 11:32:00] esmCNN.cv5: Channel size: 87 	 Kernel size: 5 
Training MSE: 0.03106144 	 Validating MSE: 0.04947273 	 Best VMSE: 0.04205340
[2020-10-22 11:32:00] esmCNN.cv5: Checkpoint saved to experiments/normal/ar1/esmCNN_random_ar1_h3
[2020-10-22 11:32:00] esmCNN.cv5: Find channel with Kernel size: 3 	 Lambda: 0.5: 	 Best Score: 0.0310
[2020-10-22 11:32:00] esmCNN.cv5: Channel size: 88 	 Kernel size: 3 
Training MSE: 0.03104645 	 Validating MSE: 0.04817920 	 Best VMSE: 0.04205340
[2020-10-22 11:32:00] esmCNN.cv5: Checkpoint saved to experiments/normal/ar1/esmCNN_random_ar1_h3
[2020-10-22 11:32:00] esmCNN.cv5: Find channel with Kernel size: 5 	 Lambda: 0.5: 	 Best Score: 0.0310
[2020-10-22 11:32:00] esmCNN.cv5: Channel size: 89 	 Kernel size: 5 
Training MSE: 0.03104058 	 Validating MSE: 0.04901718 	 Best VMSE: 0.04205340
[2020-10-22 11:32:00] esmCNN.cv5: Checkpoint saved to experiments/normal/ar1/esmCNN_random_ar1_h3
[2020-10-22 11:32:01] esmCNN.cv5: Find channel with Kernel size: 2 	 Lambda: 0.5: 	 Best Score: 0.0310
[2020-10-22 11:32:01] esmCNN.cv5: Channel size: 90 	 Kernel size: 2 
Training MSE: 0.03103668 	 Validating MSE: 0.04842412 	 Best VMSE: 0.04205340
[2020-10-22 11:32:01] esmCNN.cv5: Checkpoint saved to experiments/normal/ar1/esmCNN_random_ar1_h3
[2020-10-22 11:32:01] esmCNN.cv5: Find channel with Kernel size: 3 	 Lambda: 0.5: 	 Best Score: 0.0310
[2020-10-22 11:32:01] esmCNN.cv5: Channel size: 91 	 Kernel size: 3 
Training MSE: 0.03103613 	 Validating MSE: 0.04861538 	 Best VMSE: 0.04205340
[2020-10-22 11:32:01] esmCNN.cv5: Checkpoint saved to experiments/normal/ar1/esmCNN_random_ar1_h3
[2020-10-22 11:32:01] esmCNN.cv5: Find channel with Kernel size: 3 	 Lambda: 0.5: 	 Best Score: 0.0310
[2020-10-22 11:32:01] esmCNN.cv5: Channel size: 92 	 Kernel size: 3 
Training MSE: 0.03103345 	 Validating MSE: 0.04919169 	 Best VMSE: 0.04205340
[2020-10-22 11:32:01] esmCNN.cv5: Checkpoint saved to experiments/normal/ar1/esmCNN_random_ar1_h3
[2020-10-22 11:32:01] esmCNN.cv5: Find channel with Kernel size: 5 	 Lambda: 0.5: 	 Best Score: 0.0310
[2020-10-22 11:32:01] esmCNN.cv5: Channel size: 93 	 Kernel size: 5 
Training MSE: 0.03102589 	 Validating MSE: 0.05030205 	 Best VMSE: 0.04205340
[2020-10-22 11:32:01] esmCNN.cv5: Checkpoint saved to experiments/normal/ar1/esmCNN_random_ar1_h3
[2020-10-22 11:32:01] esmCNN.cv5: Find channel with Kernel size: 5 	 Lambda: 0.5: 	 Best Score: 0.0310
[2020-10-22 11:32:01] esmCNN.cv5: Channel size: 94 	 Kernel size: 5 
Training MSE: 0.03100554 	 Validating MSE: 0.04875850 	 Best VMSE: 0.04205340
[2020-10-22 11:32:01] esmCNN.cv5: Checkpoint saved to experiments/normal/ar1/esmCNN_random_ar1_h3
[2020-10-22 11:32:01] esmCNN.cv5: Find channel with Kernel size: 3 	 Lambda: 0.5: 	 Best Score: 0.0310
[2020-10-22 11:32:01] esmCNN.cv5: Channel size: 95 	 Kernel size: 3 
Training MSE: 0.03099749 	 Validating MSE: 0.04988661 	 Best VMSE: 0.04205340
[2020-10-22 11:32:01] esmCNN.cv5: Checkpoint saved to experiments/normal/ar1/esmCNN_random_ar1_h3
[2020-10-22 11:32:01] esmCNN.cv5: Find channel with Kernel size: 3 	 Lambda: 0.5: 	 Best Score: 0.0310
[2020-10-22 11:32:01] esmCNN.cv5: Channel size: 96 	 Kernel size: 3 
Training MSE: 0.03098996 	 Validating MSE: 0.04888073 	 Best VMSE: 0.04205340
[2020-10-22 11:32:01] esmCNN.cv5: Checkpoint saved to experiments/normal/ar1/esmCNN_random_ar1_h3
[2020-10-22 11:32:01] esmCNN.cv5: Find channel with Kernel size: 3 	 Lambda: 0.5: 	 Best Score: 0.0310
[2020-10-22 11:32:02] esmCNN.cv5: Channel size: 97 	 Kernel size: 3 
Training MSE: 0.03098639 	 Validating MSE: 0.04950134 	 Best VMSE: 0.04205340
[2020-10-22 11:32:02] esmCNN.cv5: Checkpoint saved to experiments/normal/ar1/esmCNN_random_ar1_h3
[2020-10-22 11:32:02] esmCNN.cv5: Find channel with Kernel size: 3 	 Lambda: 0.5: 	 Best Score: 0.0310
[2020-10-22 11:32:02] esmCNN.cv5: Channel size: 98 	 Kernel size: 3 
Training MSE: 0.03098346 	 Validating MSE: 0.04884541 	 Best VMSE: 0.04205340
[2020-10-22 11:32:02] esmCNN.cv5: Checkpoint saved to experiments/normal/ar1/esmCNN_random_ar1_h3
[2020-10-22 11:32:02] esmCNN.cv5: Find channel with Kernel size: 5 	 Lambda: 0.5: 	 Best Score: 0.0310
[2020-10-22 11:32:02] esmCNN.cv5: Channel size: 99 	 Kernel size: 5 
Training MSE: 0.03098067 	 Validating MSE: 0.04932749 	 Best VMSE: 0.04205340
[2020-10-22 11:32:02] esmCNN.cv5: Checkpoint saved to experiments/normal/ar1/esmCNN_random_ar1_h3
[2020-10-22 11:32:02] esmCNN.cv5: Find channel with Kernel size: 3 	 Lambda: 0.5: 	 Best Score: 0.0310
[2020-10-22 11:32:02] esmCNN.cv5: Channel size: 100 	 Kernel size: 3 
Training MSE: 0.03097579 	 Validating MSE: 0.05006706 	 Best VMSE: 0.04205340
[2020-10-22 11:32:02] esmCNN.cv5: Checkpoint saved to experiments/normal/ar1/esmCNN_random_ar1_h3
[2020-10-22 11:32:02] esmCNN.cv5: Restoring best parameters from experiments/normal/ar1/esmCNN_random_ar1_h3/train.cv5.pth.tar
[2020-10-22 11:32:02] esmCNN.cv5: ar1	 H: 3	 Trail: 20 
Testing RMSE: 0.2538 	 MAPE: 0.05237 	 SMAPE: 0.02698
