[2020-10-22 11:32:22] esmCNN.cv6: Loading the datasets and model for 23th-batch-training
[2020-10-22 11:32:22] esmCNN.cv6: Argument channel_size: 100
[2020-10-22 11:32:22] esmCNN.cv6: Argument candidate_size: 300
[2020-10-22 11:32:22] esmCNN.cv6: Argument kernel_size: 3
[2020-10-22 11:32:22] esmCNN.cv6: Argument kernel_list: [5, 3, 3, 2]
[2020-10-22 11:32:22] esmCNN.cv6: Argument Lambdas: [0.5, 1, 5, 15, 30, 50, 100, 150, 200]
[2020-10-22 11:32:22] esmCNN.cv6: Argument Lambdas_std: [0.01, 0.05, 0.1, 0.5, 1]
[2020-10-22 11:32:22] esmCNN.cv6: Argument r: [0.8, 0.9, 0.99, 0.9999, 0.999999]
[2020-10-22 11:32:22] esmCNN.cv6: Argument tolerance: 0
[2020-10-22 11:32:22] esmCNN.cv6: Argument device: device(type='cuda')
[2020-10-22 11:32:22] esmCNN.cv6: Argument dataset: 'ar1'
[2020-10-22 11:32:22] esmCNN.cv6: Argument H: 3
[2020-10-22 11:32:22] esmCNN.cv6: Argument k: 5
[2020-10-22 11:32:22] esmCNN.cv6: Argument test: False
[2020-10-22 11:32:22] esmCNN.cv6: Argument search: 'random'
[2020-10-22 11:32:22] esmCNN.cv6: Argument normal: True
[2020-10-22 11:32:22] esmCNN.cv6: Argument diff: False
[2020-10-22 11:32:22] esmCNN.cv6: Argument times: 60
[2020-10-22 11:32:22] esmCNN.cv6: Argument datasets: {'ar1': {'lag_order': 15, 'normal': True, 'cov_dim': 0, 'kernel_size': 3}, 'wti': {'lag_order': 25, 'normal': True, 'cov_dim': 0, 'kernel_size': 5}, 'gold': {'lag_order': 25, 'normal': True, 'cov_dim': 0, 'kernel_size': 5}, 'sp': {'lag_order': 25, 'normal': True, 'cov_dim': 0, 'kernel_size': 5}, 'brent': {'lag_order': 24, 'normal': True, 'cov_dim': 0, 'kernel_size': 6}, 'sili': {'lag_order': 26, 'normal': True, 'cov_dim': 0, 'kernel_size': 6}}
[2020-10-22 11:32:22] esmCNN.cv6: Argument steps: 15
[2020-10-22 11:32:22] esmCNN.cv6: Argument cov_dim: 0
[2020-10-22 11:32:22] esmCNN.cv6: Argument experiment: 'experiments/normal/ar1'
[2020-10-22 11:32:22] esmCNN.cv6: Argument scaler: StandardScaler()
[2020-10-22 11:32:22] esmCNN.cv6: Argument model_name: 'esmCNN_random_ar1_h3'
[2020-10-22 11:32:22] esmCNN.cv6: Argument model_dir: 'experiments/normal/ar1/esmCNN_random_ar1_h3'
[2020-10-22 11:32:22] esmCNN.cv6: Argument In_channels: 1
[2020-10-22 11:32:22] esmCNN.cv6: Argument restore: True
[2020-10-22 11:32:22] esmCNN.cv6: Argument cv: 6
[2020-10-22 11:32:22] esmCNN.cv6: Argument plot_dir: 'experiments/normal/ar1/esmCNN_random_ar1_h3/figures'
[2020-10-22 11:32:22] esmCNN.cv6: Argument num_process: 8
[2020-10-22 11:32:22] esmCNN.cv6: Using Cuda...
[2020-10-22 11:32:22] esmCNN.cv6: Loading complete.
[2020-10-22 11:32:22] esmCNN.cv6: Model: 
ESM_CNN(
  (Pool): AvgPool1d(kernel_size=(3,), stride=(1,), padding=(0,))
  (loss_fn): MSELoss()
)
[2020-10-22 11:32:22] esmCNN.cv6: Found new best state
[2020-10-22 11:32:22] esmCNN.cv6: Best vmse: 0.0433
[2020-10-22 11:32:22] esmCNN.cv6: Channel size: 1 	 Kernel size: 3 
Training MSE: 0.03304639 	 Validating MSE: 0.04330724 	 Best VMSE: 0.04330724
[2020-10-22 11:32:22] esmCNN.cv6: Checkpoint saved to experiments/normal/ar1/esmCNN_random_ar1_h3
[2020-10-22 11:32:22] esmCNN.cv6: Find channel with Kernel size: 3 	 Lambda: 0.5: 	 Best Score: 0.0330
[2020-10-22 11:32:22] esmCNN.cv6: Channel size: 2 	 Kernel size: 3 
Training MSE: 0.03298980 	 Validating MSE: 0.04410221 	 Best VMSE: 0.04330724
[2020-10-22 11:32:22] esmCNN.cv6: Checkpoint saved to experiments/normal/ar1/esmCNN_random_ar1_h3
[2020-10-22 11:32:22] esmCNN.cv6: Find channel with Kernel size: 3 	 Lambda: 0.5: 	 Best Score: 0.0330
[2020-10-22 11:32:22] esmCNN.cv6: Found new best state
[2020-10-22 11:32:22] esmCNN.cv6: Best vmse: 0.0432
[2020-10-22 11:32:22] esmCNN.cv6: Channel size: 3 	 Kernel size: 3 
Training MSE: 0.03295094 	 Validating MSE: 0.04320472 	 Best VMSE: 0.04320472
[2020-10-22 11:32:22] esmCNN.cv6: Checkpoint saved to experiments/normal/ar1/esmCNN_random_ar1_h3
[2020-10-22 11:32:22] esmCNN.cv6: Find channel with Kernel size: 5 	 Lambda: 0.5: 	 Best Score: 0.0329
[2020-10-22 11:32:22] esmCNN.cv6: Channel size: 4 	 Kernel size: 5 
Training MSE: 0.03294427 	 Validating MSE: 0.04370773 	 Best VMSE: 0.04320472
[2020-10-22 11:32:22] esmCNN.cv6: Checkpoint saved to experiments/normal/ar1/esmCNN_random_ar1_h3
[2020-10-22 11:32:22] esmCNN.cv6: Find channel with Kernel size: 2 	 Lambda: 0.5: 	 Best Score: 0.0329
[2020-10-22 11:32:22] esmCNN.cv6: Channel size: 5 	 Kernel size: 2 
Training MSE: 0.03293736 	 Validating MSE: 0.04327325 	 Best VMSE: 0.04320472
[2020-10-22 11:32:22] esmCNN.cv6: Checkpoint saved to experiments/normal/ar1/esmCNN_random_ar1_h3
[2020-10-22 11:32:22] esmCNN.cv6: Find channel with Kernel size: 2 	 Lambda: 0.5: 	 Best Score: 0.0329
[2020-10-22 11:32:22] esmCNN.cv6: Channel size: 6 	 Kernel size: 2 
Training MSE: 0.03293208 	 Validating MSE: 0.04346886 	 Best VMSE: 0.04320472
[2020-10-22 11:32:22] esmCNN.cv6: Checkpoint saved to experiments/normal/ar1/esmCNN_random_ar1_h3
[2020-10-22 11:32:22] esmCNN.cv6: Find channel with Kernel size: 2 	 Lambda: 0.5: 	 Best Score: 0.0329
[2020-10-22 11:32:22] esmCNN.cv6: Channel size: 7 	 Kernel size: 2 
Training MSE: 0.03292636 	 Validating MSE: 0.04335259 	 Best VMSE: 0.04320472
[2020-10-22 11:32:22] esmCNN.cv6: Checkpoint saved to experiments/normal/ar1/esmCNN_random_ar1_h3
[2020-10-22 11:32:22] esmCNN.cv6: Find channel with Kernel size: 3 	 Lambda: 0.5: 	 Best Score: 0.0329
[2020-10-22 11:32:22] esmCNN.cv6: Channel size: 8 	 Kernel size: 3 
Training MSE: 0.03291847 	 Validating MSE: 0.04358771 	 Best VMSE: 0.04320472
[2020-10-22 11:32:22] esmCNN.cv6: Checkpoint saved to experiments/normal/ar1/esmCNN_random_ar1_h3
[2020-10-22 11:32:22] esmCNN.cv6: Find channel with Kernel size: 5 	 Lambda: 0.5: 	 Best Score: 0.0328
[2020-10-22 11:32:22] esmCNN.cv6: Channel size: 9 	 Kernel size: 5 
Training MSE: 0.03284325 	 Validating MSE: 0.04625924 	 Best VMSE: 0.04320472
[2020-10-22 11:32:22] esmCNN.cv6: Checkpoint saved to experiments/normal/ar1/esmCNN_random_ar1_h3
[2020-10-22 11:32:22] esmCNN.cv6: Find channel with Kernel size: 2 	 Lambda: 0.5: 	 Best Score: 0.0328
[2020-10-22 11:32:22] esmCNN.cv6: Channel size: 10 	 Kernel size: 2 
Training MSE: 0.03276453 	 Validating MSE: 0.04376719 	 Best VMSE: 0.04320472
[2020-10-22 11:32:22] esmCNN.cv6: Checkpoint saved to experiments/normal/ar1/esmCNN_random_ar1_h3
[2020-10-22 11:32:22] esmCNN.cv6: Find channel with Kernel size: 2 	 Lambda: 0.5: 	 Best Score: 0.0327
[2020-10-22 11:32:22] esmCNN.cv6: Channel size: 11 	 Kernel size: 2 
Training MSE: 0.03274024 	 Validating MSE: 0.04434645 	 Best VMSE: 0.04320472
[2020-10-22 11:32:22] esmCNN.cv6: Checkpoint saved to experiments/normal/ar1/esmCNN_random_ar1_h3
[2020-10-22 11:32:22] esmCNN.cv6: Find channel with Kernel size: 2 	 Lambda: 0.5: 	 Best Score: 0.0327
[2020-10-22 11:32:22] esmCNN.cv6: Channel size: 12 	 Kernel size: 2 
Training MSE: 0.03271463 	 Validating MSE: 0.04370933 	 Best VMSE: 0.04320472
[2020-10-22 11:32:22] esmCNN.cv6: Checkpoint saved to experiments/normal/ar1/esmCNN_random_ar1_h3
[2020-10-22 11:32:22] esmCNN.cv6: Find channel with Kernel size: 2 	 Lambda: 0.5: 	 Best Score: 0.0327
[2020-10-22 11:32:22] esmCNN.cv6: Channel size: 13 	 Kernel size: 2 
Training MSE: 0.03269442 	 Validating MSE: 0.04438980 	 Best VMSE: 0.04320472
[2020-10-22 11:32:22] esmCNN.cv6: Checkpoint saved to experiments/normal/ar1/esmCNN_random_ar1_h3
[2020-10-22 11:32:22] esmCNN.cv6: Find channel with Kernel size: 3 	 Lambda: 0.5: 	 Best Score: 0.0327
[2020-10-22 11:32:22] esmCNN.cv6: Channel size: 14 	 Kernel size: 3 
Training MSE: 0.03267860 	 Validating MSE: 0.04380263 	 Best VMSE: 0.04320472
[2020-10-22 11:32:22] esmCNN.cv6: Checkpoint saved to experiments/normal/ar1/esmCNN_random_ar1_h3
[2020-10-22 11:32:22] esmCNN.cv6: Find channel with Kernel size: 3 	 Lambda: 0.5: 	 Best Score: 0.0327
[2020-10-22 11:32:22] esmCNN.cv6: Channel size: 15 	 Kernel size: 3 
Training MSE: 0.03267425 	 Validating MSE: 0.04366085 	 Best VMSE: 0.04320472
[2020-10-22 11:32:22] esmCNN.cv6: Checkpoint saved to experiments/normal/ar1/esmCNN_random_ar1_h3
[2020-10-22 11:32:22] esmCNN.cv6: Find channel with Kernel size: 3 	 Lambda: 0.5: 	 Best Score: 0.0326
[2020-10-22 11:32:22] esmCNN.cv6: Channel size: 16 	 Kernel size: 3 
Training MSE: 0.03264022 	 Validating MSE: 0.04476041 	 Best VMSE: 0.04320472
[2020-10-22 11:32:22] esmCNN.cv6: Checkpoint saved to experiments/normal/ar1/esmCNN_random_ar1_h3
[2020-10-22 11:32:22] esmCNN.cv6: Find channel with Kernel size: 2 	 Lambda: 0.5: 	 Best Score: 0.0326
[2020-10-22 11:32:22] esmCNN.cv6: Channel size: 17 	 Kernel size: 2 
Training MSE: 0.03261188 	 Validating MSE: 0.04416531 	 Best VMSE: 0.04320472
[2020-10-22 11:32:22] esmCNN.cv6: Checkpoint saved to experiments/normal/ar1/esmCNN_random_ar1_h3
[2020-10-22 11:32:22] esmCNN.cv6: Find channel with Kernel size: 5 	 Lambda: 0.5: 	 Best Score: 0.0326
[2020-10-22 11:32:22] esmCNN.cv6: Channel size: 18 	 Kernel size: 5 
Training MSE: 0.03261098 	 Validating MSE: 0.04401610 	 Best VMSE: 0.04320472
[2020-10-22 11:32:22] esmCNN.cv6: Checkpoint saved to experiments/normal/ar1/esmCNN_random_ar1_h3
[2020-10-22 11:32:22] esmCNN.cv6: Find channel with Kernel size: 2 	 Lambda: 0.5: 	 Best Score: 0.0326
[2020-10-22 11:32:23] esmCNN.cv6: Channel size: 19 	 Kernel size: 2 
Training MSE: 0.03259326 	 Validating MSE: 0.04479828 	 Best VMSE: 0.04320472
[2020-10-22 11:32:23] esmCNN.cv6: Checkpoint saved to experiments/normal/ar1/esmCNN_random_ar1_h3
[2020-10-22 11:32:23] esmCNN.cv6: Find channel with Kernel size: 2 	 Lambda: 0.5: 	 Best Score: 0.0326
[2020-10-22 11:32:23] esmCNN.cv6: Channel size: 20 	 Kernel size: 2 
Training MSE: 0.03256861 	 Validating MSE: 0.04399175 	 Best VMSE: 0.04320472
[2020-10-22 11:32:23] esmCNN.cv6: Checkpoint saved to experiments/normal/ar1/esmCNN_random_ar1_h3
[2020-10-22 11:32:23] esmCNN.cv6: Find channel with Kernel size: 3 	 Lambda: 0.5: 	 Best Score: 0.0326
[2020-10-22 11:32:23] esmCNN.cv6: Channel size: 21 	 Kernel size: 3 
Training MSE: 0.03256461 	 Validating MSE: 0.04419044 	 Best VMSE: 0.04320472
[2020-10-22 11:32:23] esmCNN.cv6: Checkpoint saved to experiments/normal/ar1/esmCNN_random_ar1_h3
[2020-10-22 11:32:23] esmCNN.cv6: Find channel with Kernel size: 3 	 Lambda: 0.5: 	 Best Score: 0.0326
[2020-10-22 11:32:23] esmCNN.cv6: Channel size: 22 	 Kernel size: 3 
Training MSE: 0.03256148 	 Validating MSE: 0.04405376 	 Best VMSE: 0.04320472
[2020-10-22 11:32:23] esmCNN.cv6: Checkpoint saved to experiments/normal/ar1/esmCNN_random_ar1_h3
[2020-10-22 11:32:23] esmCNN.cv6: Find channel with Kernel size: 5 	 Lambda: 0.5: 	 Best Score: 0.0326
[2020-10-22 11:32:23] esmCNN.cv6: Channel size: 23 	 Kernel size: 5 
Training MSE: 0.03255468 	 Validating MSE: 0.04446296 	 Best VMSE: 0.04320472
[2020-10-22 11:32:23] esmCNN.cv6: Checkpoint saved to experiments/normal/ar1/esmCNN_random_ar1_h3
[2020-10-22 11:32:23] esmCNN.cv6: Find channel with Kernel size: 2 	 Lambda: 0.5: 	 Best Score: 0.0325
[2020-10-22 11:32:23] esmCNN.cv6: Channel size: 24 	 Kernel size: 2 
Training MSE: 0.03254924 	 Validating MSE: 0.04408700 	 Best VMSE: 0.04320472
[2020-10-22 11:32:23] esmCNN.cv6: Checkpoint saved to experiments/normal/ar1/esmCNN_random_ar1_h3
[2020-10-22 11:32:23] esmCNN.cv6: Find channel with Kernel size: 5 	 Lambda: 0.5: 	 Best Score: 0.0325
[2020-10-22 11:32:23] esmCNN.cv6: Channel size: 25 	 Kernel size: 5 
Training MSE: 0.03254627 	 Validating MSE: 0.04442689 	 Best VMSE: 0.04320472
[2020-10-22 11:32:23] esmCNN.cv6: Checkpoint saved to experiments/normal/ar1/esmCNN_random_ar1_h3
[2020-10-22 11:32:23] esmCNN.cv6: Find channel with Kernel size: 3 	 Lambda: 0.5: 	 Best Score: 0.0325
[2020-10-22 11:32:23] esmCNN.cv6: Channel size: 26 	 Kernel size: 3 
Training MSE: 0.03254296 	 Validating MSE: 0.04466601 	 Best VMSE: 0.04320472
[2020-10-22 11:32:23] esmCNN.cv6: Checkpoint saved to experiments/normal/ar1/esmCNN_random_ar1_h3
[2020-10-22 11:32:23] esmCNN.cv6: Find channel with Kernel size: 3 	 Lambda: 0.5: 	 Best Score: 0.0325
[2020-10-22 11:32:23] esmCNN.cv6: Channel size: 27 	 Kernel size: 3 
Training MSE: 0.03252995 	 Validating MSE: 0.04395492 	 Best VMSE: 0.04320472
[2020-10-22 11:32:23] esmCNN.cv6: Checkpoint saved to experiments/normal/ar1/esmCNN_random_ar1_h3
[2020-10-22 11:32:23] esmCNN.cv6: Find channel with Kernel size: 2 	 Lambda: 0.5: 	 Best Score: 0.0325
[2020-10-22 11:32:23] esmCNN.cv6: Channel size: 28 	 Kernel size: 2 
Training MSE: 0.03252583 	 Validating MSE: 0.04440182 	 Best VMSE: 0.04320472
[2020-10-22 11:32:23] esmCNN.cv6: Checkpoint saved to experiments/normal/ar1/esmCNN_random_ar1_h3
[2020-10-22 11:32:23] esmCNN.cv6: Find channel with Kernel size: 5 	 Lambda: 0.5: 	 Best Score: 0.0325
[2020-10-22 11:32:23] esmCNN.cv6: Channel size: 29 	 Kernel size: 5 
Training MSE: 0.03252077 	 Validating MSE: 0.04394592 	 Best VMSE: 0.04320472
[2020-10-22 11:32:23] esmCNN.cv6: Checkpoint saved to experiments/normal/ar1/esmCNN_random_ar1_h3
[2020-10-22 11:32:23] esmCNN.cv6: Find channel with Kernel size: 3 	 Lambda: 0.5: 	 Best Score: 0.0325
[2020-10-22 11:32:23] esmCNN.cv6: Channel size: 30 	 Kernel size: 3 
Training MSE: 0.03250991 	 Validating MSE: 0.04459352 	 Best VMSE: 0.04320472
[2020-10-22 11:32:23] esmCNN.cv6: Checkpoint saved to experiments/normal/ar1/esmCNN_random_ar1_h3
[2020-10-22 11:32:23] esmCNN.cv6: Find channel with Kernel size: 5 	 Lambda: 0.5: 	 Best Score: 0.0325
[2020-10-22 11:32:23] esmCNN.cv6: Channel size: 31 	 Kernel size: 5 
Training MSE: 0.03250053 	 Validating MSE: 0.04406446 	 Best VMSE: 0.04320472
[2020-10-22 11:32:23] esmCNN.cv6: Checkpoint saved to experiments/normal/ar1/esmCNN_random_ar1_h3
[2020-10-22 11:32:23] esmCNN.cv6: Find channel with Kernel size: 3 	 Lambda: 0.5: 	 Best Score: 0.0325
[2020-10-22 11:32:23] esmCNN.cv6: Channel size: 32 	 Kernel size: 3 
Training MSE: 0.03247553 	 Validating MSE: 0.04515755 	 Best VMSE: 0.04320472
[2020-10-22 11:32:23] esmCNN.cv6: Checkpoint saved to experiments/normal/ar1/esmCNN_random_ar1_h3
[2020-10-22 11:32:23] esmCNN.cv6: Find channel with Kernel size: 5 	 Lambda: 0.5: 	 Best Score: 0.0324
[2020-10-22 11:32:24] esmCNN.cv6: Channel size: 33 	 Kernel size: 5 
Training MSE: 0.03244647 	 Validating MSE: 0.04421317 	 Best VMSE: 0.04320472
[2020-10-22 11:32:24] esmCNN.cv6: Checkpoint saved to experiments/normal/ar1/esmCNN_random_ar1_h3
[2020-10-22 11:32:24] esmCNN.cv6: Find channel with Kernel size: 2 	 Lambda: 0.5: 	 Best Score: 0.0324
[2020-10-22 11:32:24] esmCNN.cv6: Channel size: 34 	 Kernel size: 2 
Training MSE: 0.03244292 	 Validating MSE: 0.04453028 	 Best VMSE: 0.04320472
[2020-10-22 11:32:24] esmCNN.cv6: Checkpoint saved to experiments/normal/ar1/esmCNN_random_ar1_h3
[2020-10-22 11:32:24] esmCNN.cv6: Find channel with Kernel size: 2 	 Lambda: 0.5: 	 Best Score: 0.0324
[2020-10-22 11:32:24] esmCNN.cv6: Channel size: 35 	 Kernel size: 2 
Training MSE: 0.03243105 	 Validating MSE: 0.04518482 	 Best VMSE: 0.04320472
[2020-10-22 11:32:24] esmCNN.cv6: Checkpoint saved to experiments/normal/ar1/esmCNN_random_ar1_h3
[2020-10-22 11:32:24] esmCNN.cv6: Find channel with Kernel size: 3 	 Lambda: 0.5: 	 Best Score: 0.0324
[2020-10-22 11:32:24] esmCNN.cv6: Channel size: 36 	 Kernel size: 3 
Training MSE: 0.03241247 	 Validating MSE: 0.04426548 	 Best VMSE: 0.04320472
[2020-10-22 11:32:24] esmCNN.cv6: Checkpoint saved to experiments/normal/ar1/esmCNN_random_ar1_h3
[2020-10-22 11:32:24] esmCNN.cv6: Find channel with Kernel size: 5 	 Lambda: 0.5: 	 Best Score: 0.0324
[2020-10-22 11:32:24] esmCNN.cv6: Channel size: 37 	 Kernel size: 5 
Training MSE: 0.03240572 	 Validating MSE: 0.04493629 	 Best VMSE: 0.04320472
[2020-10-22 11:32:24] esmCNN.cv6: Checkpoint saved to experiments/normal/ar1/esmCNN_random_ar1_h3
[2020-10-22 11:32:24] esmCNN.cv6: Find channel with Kernel size: 2 	 Lambda: 0.5: 	 Best Score: 0.0324
[2020-10-22 11:32:24] esmCNN.cv6: Channel size: 38 	 Kernel size: 2 
Training MSE: 0.03237689 	 Validating MSE: 0.04608936 	 Best VMSE: 0.04320472
[2020-10-22 11:32:24] esmCNN.cv6: Checkpoint saved to experiments/normal/ar1/esmCNN_random_ar1_h3
[2020-10-22 11:32:24] esmCNN.cv6: Find channel with Kernel size: 3 	 Lambda: 0.5: 	 Best Score: 0.0323
[2020-10-22 11:32:24] esmCNN.cv6: Channel size: 39 	 Kernel size: 3 
Training MSE: 0.03232010 	 Validating MSE: 0.04455540 	 Best VMSE: 0.04320472
[2020-10-22 11:32:24] esmCNN.cv6: Checkpoint saved to experiments/normal/ar1/esmCNN_random_ar1_h3
[2020-10-22 11:32:24] esmCNN.cv6: Find channel with Kernel size: 5 	 Lambda: 0.5: 	 Best Score: 0.0323
[2020-10-22 11:32:24] esmCNN.cv6: Channel size: 40 	 Kernel size: 5 
Training MSE: 0.03227266 	 Validating MSE: 0.04624507 	 Best VMSE: 0.04320472
[2020-10-22 11:32:24] esmCNN.cv6: Checkpoint saved to experiments/normal/ar1/esmCNN_random_ar1_h3
[2020-10-22 11:32:24] esmCNN.cv6: Find channel with Kernel size: 3 	 Lambda: 0.5: 	 Best Score: 0.0322
[2020-10-22 11:32:24] esmCNN.cv6: Channel size: 41 	 Kernel size: 3 
Training MSE: 0.03223505 	 Validating MSE: 0.04518108 	 Best VMSE: 0.04320472
[2020-10-22 11:32:24] esmCNN.cv6: Checkpoint saved to experiments/normal/ar1/esmCNN_random_ar1_h3
[2020-10-22 11:32:24] esmCNN.cv6: Find channel with Kernel size: 2 	 Lambda: 0.5: 	 Best Score: 0.0322
[2020-10-22 11:32:24] esmCNN.cv6: Channel size: 42 	 Kernel size: 2 
Training MSE: 0.03223233 	 Validating MSE: 0.04523683 	 Best VMSE: 0.04320472
[2020-10-22 11:32:24] esmCNN.cv6: Checkpoint saved to experiments/normal/ar1/esmCNN_random_ar1_h3
[2020-10-22 11:32:24] esmCNN.cv6: Find channel with Kernel size: 3 	 Lambda: 0.5: 	 Best Score: 0.0322
[2020-10-22 11:32:24] esmCNN.cv6: Channel size: 43 	 Kernel size: 3 
Training MSE: 0.03222762 	 Validating MSE: 0.04568335 	 Best VMSE: 0.04320472
[2020-10-22 11:32:24] esmCNN.cv6: Checkpoint saved to experiments/normal/ar1/esmCNN_random_ar1_h3
[2020-10-22 11:32:24] esmCNN.cv6: Find channel with Kernel size: 2 	 Lambda: 0.5: 	 Best Score: 0.0322
[2020-10-22 11:32:24] esmCNN.cv6: Channel size: 44 	 Kernel size: 2 
Training MSE: 0.03221448 	 Validating MSE: 0.04494018 	 Best VMSE: 0.04320472
[2020-10-22 11:32:24] esmCNN.cv6: Checkpoint saved to experiments/normal/ar1/esmCNN_random_ar1_h3
[2020-10-22 11:32:24] esmCNN.cv6: Find channel with Kernel size: 5 	 Lambda: 0.5: 	 Best Score: 0.0322
[2020-10-22 11:32:25] esmCNN.cv6: Channel size: 45 	 Kernel size: 5 
Training MSE: 0.03218543 	 Validating MSE: 0.04583678 	 Best VMSE: 0.04320472
[2020-10-22 11:32:25] esmCNN.cv6: Checkpoint saved to experiments/normal/ar1/esmCNN_random_ar1_h3
[2020-10-22 11:32:25] esmCNN.cv6: Find channel with Kernel size: 2 	 Lambda: 0.5: 	 Best Score: 0.0322
[2020-10-22 11:32:25] esmCNN.cv6: Channel size: 46 	 Kernel size: 2 
Training MSE: 0.03216092 	 Validating MSE: 0.04502282 	 Best VMSE: 0.04320472
[2020-10-22 11:32:25] esmCNN.cv6: Checkpoint saved to experiments/normal/ar1/esmCNN_random_ar1_h3
[2020-10-22 11:32:25] esmCNN.cv6: Find channel with Kernel size: 2 	 Lambda: 0.5: 	 Best Score: 0.0322
[2020-10-22 11:32:25] esmCNN.cv6: Channel size: 47 	 Kernel size: 2 
Training MSE: 0.03216035 	 Validating MSE: 0.04490658 	 Best VMSE: 0.04320472
[2020-10-22 11:32:25] esmCNN.cv6: Checkpoint saved to experiments/normal/ar1/esmCNN_random_ar1_h3
[2020-10-22 11:32:25] esmCNN.cv6: Find channel with Kernel size: 5 	 Lambda: 0.5: 	 Best Score: 0.0322
[2020-10-22 11:32:25] esmCNN.cv6: Channel size: 48 	 Kernel size: 5 
Training MSE: 0.03216014 	 Validating MSE: 0.04488508 	 Best VMSE: 0.04320472
[2020-10-22 11:32:25] esmCNN.cv6: Checkpoint saved to experiments/normal/ar1/esmCNN_random_ar1_h3
[2020-10-22 11:32:25] esmCNN.cv6: Find channel with Kernel size: 2 	 Lambda: 0.5: 	 Best Score: 0.0322
[2020-10-22 11:32:25] esmCNN.cv6: Channel size: 49 	 Kernel size: 2 
Training MSE: 0.03215614 	 Validating MSE: 0.04528800 	 Best VMSE: 0.04320472
[2020-10-22 11:32:25] esmCNN.cv6: Checkpoint saved to experiments/normal/ar1/esmCNN_random_ar1_h3
[2020-10-22 11:32:25] esmCNN.cv6: Find channel with Kernel size: 2 	 Lambda: 0.5: 	 Best Score: 0.0321
[2020-10-22 11:32:25] esmCNN.cv6: Channel size: 50 	 Kernel size: 2 
Training MSE: 0.03214674 	 Validating MSE: 0.04592873 	 Best VMSE: 0.04320472
[2020-10-22 11:32:25] esmCNN.cv6: Checkpoint saved to experiments/normal/ar1/esmCNN_random_ar1_h3
[2020-10-22 11:32:25] esmCNN.cv6: Find channel with Kernel size: 3 	 Lambda: 0.5: 	 Best Score: 0.0321
[2020-10-22 11:32:25] esmCNN.cv6: Channel size: 51 	 Kernel size: 3 
Training MSE: 0.03213094 	 Validating MSE: 0.04517441 	 Best VMSE: 0.04320472
[2020-10-22 11:32:25] esmCNN.cv6: Checkpoint saved to experiments/normal/ar1/esmCNN_random_ar1_h3
[2020-10-22 11:32:25] esmCNN.cv6: Find channel with Kernel size: 3 	 Lambda: 0.5: 	 Best Score: 0.0321
[2020-10-22 11:32:25] esmCNN.cv6: Channel size: 52 	 Kernel size: 3 
Training MSE: 0.03211745 	 Validating MSE: 0.04597724 	 Best VMSE: 0.04320472
[2020-10-22 11:32:25] esmCNN.cv6: Checkpoint saved to experiments/normal/ar1/esmCNN_random_ar1_h3
[2020-10-22 11:32:25] esmCNN.cv6: Find channel with Kernel size: 2 	 Lambda: 0.5: 	 Best Score: 0.0321
[2020-10-22 11:32:25] esmCNN.cv6: Channel size: 53 	 Kernel size: 2 
Training MSE: 0.03209632 	 Validating MSE: 0.04513974 	 Best VMSE: 0.04320472
[2020-10-22 11:32:25] esmCNN.cv6: Checkpoint saved to experiments/normal/ar1/esmCNN_random_ar1_h3
[2020-10-22 11:32:25] esmCNN.cv6: Find channel with Kernel size: 5 	 Lambda: 0.5: 	 Best Score: 0.0321
[2020-10-22 11:32:25] esmCNN.cv6: Channel size: 54 	 Kernel size: 5 
Training MSE: 0.03208430 	 Validating MSE: 0.04571210 	 Best VMSE: 0.04320472
[2020-10-22 11:32:25] esmCNN.cv6: Checkpoint saved to experiments/normal/ar1/esmCNN_random_ar1_h3
[2020-10-22 11:32:25] esmCNN.cv6: Find channel with Kernel size: 3 	 Lambda: 0.5: 	 Best Score: 0.0321
[2020-10-22 11:32:25] esmCNN.cv6: Channel size: 55 	 Kernel size: 3 
Training MSE: 0.03207041 	 Validating MSE: 0.04503445 	 Best VMSE: 0.04320472
[2020-10-22 11:32:25] esmCNN.cv6: Checkpoint saved to experiments/normal/ar1/esmCNN_random_ar1_h3
[2020-10-22 11:32:26] esmCNN.cv6: Find channel with Kernel size: 3 	 Lambda: 0.5: 	 Best Score: 0.0320
[2020-10-22 11:32:26] esmCNN.cv6: Channel size: 56 	 Kernel size: 3 
Training MSE: 0.03201393 	 Validating MSE: 0.04703533 	 Best VMSE: 0.04320472
[2020-10-22 11:32:26] esmCNN.cv6: Checkpoint saved to experiments/normal/ar1/esmCNN_random_ar1_h3
[2020-10-22 11:32:26] esmCNN.cv6: Find channel with Kernel size: 2 	 Lambda: 0.5: 	 Best Score: 0.0320
[2020-10-22 11:32:26] esmCNN.cv6: Channel size: 57 	 Kernel size: 2 
Training MSE: 0.03196812 	 Validating MSE: 0.04564179 	 Best VMSE: 0.04320472
[2020-10-22 11:32:26] esmCNN.cv6: Checkpoint saved to experiments/normal/ar1/esmCNN_random_ar1_h3
[2020-10-22 11:32:26] esmCNN.cv6: Find channel with Kernel size: 2 	 Lambda: 0.5: 	 Best Score: 0.0320
[2020-10-22 11:32:26] esmCNN.cv6: Channel size: 58 	 Kernel size: 2 
Training MSE: 0.03196446 	 Validating MSE: 0.04563197 	 Best VMSE: 0.04320472
[2020-10-22 11:32:26] esmCNN.cv6: Checkpoint saved to experiments/normal/ar1/esmCNN_random_ar1_h3
[2020-10-22 11:32:26] esmCNN.cv6: Find channel with Kernel size: 5 	 Lambda: 0.5: 	 Best Score: 0.0320
[2020-10-22 11:32:26] esmCNN.cv6: Channel size: 59 	 Kernel size: 5 
Training MSE: 0.03195337 	 Validating MSE: 0.04659843 	 Best VMSE: 0.04320472
[2020-10-22 11:32:26] esmCNN.cv6: Checkpoint saved to experiments/normal/ar1/esmCNN_random_ar1_h3
[2020-10-22 11:32:26] esmCNN.cv6: Find channel with Kernel size: 3 	 Lambda: 0.5: 	 Best Score: 0.0319
[2020-10-22 11:32:26] esmCNN.cv6: Channel size: 60 	 Kernel size: 3 
Training MSE: 0.03194039 	 Validating MSE: 0.04564491 	 Best VMSE: 0.04320472
[2020-10-22 11:32:26] esmCNN.cv6: Checkpoint saved to experiments/normal/ar1/esmCNN_random_ar1_h3
[2020-10-22 11:32:26] esmCNN.cv6: Find channel with Kernel size: 5 	 Lambda: 0.5: 	 Best Score: 0.0319
[2020-10-22 11:32:26] esmCNN.cv6: Channel size: 61 	 Kernel size: 5 
Training MSE: 0.03192407 	 Validating MSE: 0.04632374 	 Best VMSE: 0.04320472
[2020-10-22 11:32:26] esmCNN.cv6: Checkpoint saved to experiments/normal/ar1/esmCNN_random_ar1_h3
[2020-10-22 11:32:26] esmCNN.cv6: Find channel with Kernel size: 3 	 Lambda: 0.5: 	 Best Score: 0.0319
[2020-10-22 11:32:26] esmCNN.cv6: Channel size: 62 	 Kernel size: 3 
Training MSE: 0.03190664 	 Validating MSE: 0.04568798 	 Best VMSE: 0.04320472
[2020-10-22 11:32:26] esmCNN.cv6: Checkpoint saved to experiments/normal/ar1/esmCNN_random_ar1_h3
[2020-10-22 11:32:26] esmCNN.cv6: Find channel with Kernel size: 3 	 Lambda: 0.5: 	 Best Score: 0.0319
[2020-10-22 11:32:26] esmCNN.cv6: Channel size: 63 	 Kernel size: 3 
Training MSE: 0.03189527 	 Validating MSE: 0.04629329 	 Best VMSE: 0.04320472
[2020-10-22 11:32:26] esmCNN.cv6: Checkpoint saved to experiments/normal/ar1/esmCNN_random_ar1_h3
[2020-10-22 11:32:26] esmCNN.cv6: Find channel with Kernel size: 3 	 Lambda: 0.5: 	 Best Score: 0.0319
[2020-10-22 11:32:26] esmCNN.cv6: Channel size: 64 	 Kernel size: 3 
Training MSE: 0.03188339 	 Validating MSE: 0.04564157 	 Best VMSE: 0.04320472
[2020-10-22 11:32:26] esmCNN.cv6: Checkpoint saved to experiments/normal/ar1/esmCNN_random_ar1_h3
[2020-10-22 11:32:26] esmCNN.cv6: Find channel with Kernel size: 3 	 Lambda: 0.5: 	 Best Score: 0.0319
[2020-10-22 11:32:27] esmCNN.cv6: Channel size: 65 	 Kernel size: 3 
Training MSE: 0.03187713 	 Validating MSE: 0.04630581 	 Best VMSE: 0.04320472
[2020-10-22 11:32:27] esmCNN.cv6: Checkpoint saved to experiments/normal/ar1/esmCNN_random_ar1_h3
[2020-10-22 11:32:27] esmCNN.cv6: Find channel with Kernel size: 2 	 Lambda: 0.5: 	 Best Score: 0.0319
[2020-10-22 11:32:27] esmCNN.cv6: Channel size: 66 	 Kernel size: 2 
Training MSE: 0.03187150 	 Validating MSE: 0.04687019 	 Best VMSE: 0.04320472
[2020-10-22 11:32:27] esmCNN.cv6: Checkpoint saved to experiments/normal/ar1/esmCNN_random_ar1_h3
[2020-10-22 11:32:27] esmCNN.cv6: Find channel with Kernel size: 5 	 Lambda: 0.5: 	 Best Score: 0.0319
[2020-10-22 11:32:27] esmCNN.cv6: Channel size: 67 	 Kernel size: 5 
Training MSE: 0.03185994 	 Validating MSE: 0.04602978 	 Best VMSE: 0.04320472
[2020-10-22 11:32:27] esmCNN.cv6: Checkpoint saved to experiments/normal/ar1/esmCNN_random_ar1_h3
[2020-10-22 11:32:27] esmCNN.cv6: Find channel with Kernel size: 5 	 Lambda: 0.5: 	 Best Score: 0.0319
[2020-10-22 11:32:27] esmCNN.cv6: Channel size: 68 	 Kernel size: 5 
Training MSE: 0.03185308 	 Validating MSE: 0.04671809 	 Best VMSE: 0.04320472
[2020-10-22 11:32:27] esmCNN.cv6: Checkpoint saved to experiments/normal/ar1/esmCNN_random_ar1_h3
[2020-10-22 11:32:27] esmCNN.cv6: Find channel with Kernel size: 3 	 Lambda: 0.5: 	 Best Score: 0.0318
[2020-10-22 11:32:27] esmCNN.cv6: Channel size: 69 	 Kernel size: 3 
Training MSE: 0.03184056 	 Validating MSE: 0.04586868 	 Best VMSE: 0.04320472
[2020-10-22 11:32:27] esmCNN.cv6: Checkpoint saved to experiments/normal/ar1/esmCNN_random_ar1_h3
[2020-10-22 11:32:27] esmCNN.cv6: Find channel with Kernel size: 3 	 Lambda: 0.5: 	 Best Score: 0.0318
[2020-10-22 11:32:27] esmCNN.cv6: Channel size: 70 	 Kernel size: 3 
Training MSE: 0.03183668 	 Validating MSE: 0.04652065 	 Best VMSE: 0.04320472
[2020-10-22 11:32:27] esmCNN.cv6: Checkpoint saved to experiments/normal/ar1/esmCNN_random_ar1_h3
[2020-10-22 11:32:27] esmCNN.cv6: Find channel with Kernel size: 2 	 Lambda: 0.5: 	 Best Score: 0.0318
[2020-10-22 11:32:27] esmCNN.cv6: Channel size: 71 	 Kernel size: 2 
Training MSE: 0.03183326 	 Validating MSE: 0.04604759 	 Best VMSE: 0.04320472
[2020-10-22 11:32:27] esmCNN.cv6: Checkpoint saved to experiments/normal/ar1/esmCNN_random_ar1_h3
[2020-10-22 11:32:27] esmCNN.cv6: Find channel with Kernel size: 3 	 Lambda: 0.5: 	 Best Score: 0.0318
[2020-10-22 11:32:27] esmCNN.cv6: Channel size: 72 	 Kernel size: 3 
Training MSE: 0.03182938 	 Validating MSE: 0.04645230 	 Best VMSE: 0.04320472
[2020-10-22 11:32:27] esmCNN.cv6: Checkpoint saved to experiments/normal/ar1/esmCNN_random_ar1_h3
[2020-10-22 11:32:27] esmCNN.cv6: Find channel with Kernel size: 2 	 Lambda: 0.5: 	 Best Score: 0.0318
[2020-10-22 11:32:27] esmCNN.cv6: Channel size: 73 	 Kernel size: 2 
Training MSE: 0.03182657 	 Validating MSE: 0.04611908 	 Best VMSE: 0.04320472
[2020-10-22 11:32:27] esmCNN.cv6: Checkpoint saved to experiments/normal/ar1/esmCNN_random_ar1_h3
[2020-10-22 11:32:27] esmCNN.cv6: Find channel with Kernel size: 5 	 Lambda: 0.5: 	 Best Score: 0.0317
[2020-10-22 11:32:28] esmCNN.cv6: Channel size: 74 	 Kernel size: 5 
Training MSE: 0.03171900 	 Validating MSE: 0.04897204 	 Best VMSE: 0.04320472
[2020-10-22 11:32:28] esmCNN.cv6: Checkpoint saved to experiments/normal/ar1/esmCNN_random_ar1_h3
[2020-10-22 11:32:28] esmCNN.cv6: Find channel with Kernel size: 3 	 Lambda: 0.5: 	 Best Score: 0.0316
[2020-10-22 11:32:28] esmCNN.cv6: Channel size: 75 	 Kernel size: 3 
Training MSE: 0.03162205 	 Validating MSE: 0.04712990 	 Best VMSE: 0.04320472
[2020-10-22 11:32:28] esmCNN.cv6: Checkpoint saved to experiments/normal/ar1/esmCNN_random_ar1_h3
[2020-10-22 11:32:28] esmCNN.cv6: Find channel with Kernel size: 2 	 Lambda: 0.5: 	 Best Score: 0.0316
[2020-10-22 11:32:28] esmCNN.cv6: Channel size: 76 	 Kernel size: 2 
Training MSE: 0.03161978 	 Validating MSE: 0.04699391 	 Best VMSE: 0.04320472
[2020-10-22 11:32:28] esmCNN.cv6: Checkpoint saved to experiments/normal/ar1/esmCNN_random_ar1_h3
[2020-10-22 11:32:28] esmCNN.cv6: Find channel with Kernel size: 5 	 Lambda: 0.5: 	 Best Score: 0.0316
[2020-10-22 11:32:28] esmCNN.cv6: Channel size: 77 	 Kernel size: 5 
Training MSE: 0.03161808 	 Validating MSE: 0.04746692 	 Best VMSE: 0.04320472
[2020-10-22 11:32:28] esmCNN.cv6: Checkpoint saved to experiments/normal/ar1/esmCNN_random_ar1_h3
[2020-10-22 11:32:28] esmCNN.cv6: Find channel with Kernel size: 2 	 Lambda: 0.5: 	 Best Score: 0.0316
[2020-10-22 11:32:28] esmCNN.cv6: Channel size: 78 	 Kernel size: 2 
Training MSE: 0.03161287 	 Validating MSE: 0.04702937 	 Best VMSE: 0.04320472
[2020-10-22 11:32:28] esmCNN.cv6: Checkpoint saved to experiments/normal/ar1/esmCNN_random_ar1_h3
[2020-10-22 11:32:28] esmCNN.cv6: Find channel with Kernel size: 3 	 Lambda: 0.5: 	 Best Score: 0.0316
[2020-10-22 11:32:28] esmCNN.cv6: Channel size: 79 	 Kernel size: 3 
Training MSE: 0.03159856 	 Validating MSE: 0.04779606 	 Best VMSE: 0.04320472
[2020-10-22 11:32:28] esmCNN.cv6: Checkpoint saved to experiments/normal/ar1/esmCNN_random_ar1_h3
[2020-10-22 11:32:28] esmCNN.cv6: Find channel with Kernel size: 3 	 Lambda: 0.5: 	 Best Score: 0.0316
[2020-10-22 11:32:28] esmCNN.cv6: Channel size: 80 	 Kernel size: 3 
Training MSE: 0.03158581 	 Validating MSE: 0.04711466 	 Best VMSE: 0.04320472
[2020-10-22 11:32:28] esmCNN.cv6: Checkpoint saved to experiments/normal/ar1/esmCNN_random_ar1_h3
[2020-10-22 11:32:28] esmCNN.cv6: Find channel with Kernel size: 3 	 Lambda: 0.5: 	 Best Score: 0.0316
[2020-10-22 11:32:28] esmCNN.cv6: Channel size: 81 	 Kernel size: 3 
Training MSE: 0.03156600 	 Validating MSE: 0.04833278 	 Best VMSE: 0.04320472
[2020-10-22 11:32:28] esmCNN.cv6: Checkpoint saved to experiments/normal/ar1/esmCNN_random_ar1_h3
[2020-10-22 11:32:28] esmCNN.cv6: Find channel with Kernel size: 3 	 Lambda: 0.5: 	 Best Score: 0.0315
[2020-10-22 11:32:29] esmCNN.cv6: Channel size: 82 	 Kernel size: 3 
Training MSE: 0.03154620 	 Validating MSE: 0.04731578 	 Best VMSE: 0.04320472
[2020-10-22 11:32:29] esmCNN.cv6: Checkpoint saved to experiments/normal/ar1/esmCNN_random_ar1_h3
[2020-10-22 11:32:29] esmCNN.cv6: Find channel with Kernel size: 3 	 Lambda: 0.5: 	 Best Score: 0.0315
[2020-10-22 11:32:29] esmCNN.cv6: Channel size: 83 	 Kernel size: 3 
Training MSE: 0.03153141 	 Validating MSE: 0.04847562 	 Best VMSE: 0.04320472
[2020-10-22 11:32:29] esmCNN.cv6: Checkpoint saved to experiments/normal/ar1/esmCNN_random_ar1_h3
[2020-10-22 11:32:29] esmCNN.cv6: Find channel with Kernel size: 3 	 Lambda: 0.5: 	 Best Score: 0.0315
[2020-10-22 11:32:29] esmCNN.cv6: Channel size: 84 	 Kernel size: 3 
Training MSE: 0.03151679 	 Validating MSE: 0.04735509 	 Best VMSE: 0.04320472
[2020-10-22 11:32:29] esmCNN.cv6: Checkpoint saved to experiments/normal/ar1/esmCNN_random_ar1_h3
[2020-10-22 11:32:29] esmCNN.cv6: Find channel with Kernel size: 3 	 Lambda: 0.5: 	 Best Score: 0.0315
[2020-10-22 11:32:29] esmCNN.cv6: Channel size: 85 	 Kernel size: 3 
Training MSE: 0.03151350 	 Validating MSE: 0.04744238 	 Best VMSE: 0.04320472
[2020-10-22 11:32:29] esmCNN.cv6: Checkpoint saved to experiments/normal/ar1/esmCNN_random_ar1_h3
[2020-10-22 11:32:29] esmCNN.cv6: Find channel with Kernel size: 3 	 Lambda: 0.5: 	 Best Score: 0.0315
[2020-10-22 11:32:29] esmCNN.cv6: Channel size: 86 	 Kernel size: 3 
Training MSE: 0.03151231 	 Validating MSE: 0.04741699 	 Best VMSE: 0.04320472
[2020-10-22 11:32:29] esmCNN.cv6: Checkpoint saved to experiments/normal/ar1/esmCNN_random_ar1_h3
[2020-10-22 11:32:29] esmCNN.cv6: Find channel with Kernel size: 5 	 Lambda: 0.5: 	 Best Score: 0.0315
[2020-10-22 11:32:29] esmCNN.cv6: Channel size: 87 	 Kernel size: 5 
Training MSE: 0.03151066 	 Validating MSE: 0.04784830 	 Best VMSE: 0.04320472
[2020-10-22 11:32:29] esmCNN.cv6: Checkpoint saved to experiments/normal/ar1/esmCNN_random_ar1_h3
[2020-10-22 11:32:29] esmCNN.cv6: Find channel with Kernel size: 3 	 Lambda: 0.5: 	 Best Score: 0.0315
[2020-10-22 11:32:29] esmCNN.cv6: Channel size: 88 	 Kernel size: 3 
Training MSE: 0.03149623 	 Validating MSE: 0.04885316 	 Best VMSE: 0.04320472
[2020-10-22 11:32:29] esmCNN.cv6: Checkpoint saved to experiments/normal/ar1/esmCNN_random_ar1_h3
[2020-10-22 11:32:29] esmCNN.cv6: Find channel with Kernel size: 2 	 Lambda: 0.5: 	 Best Score: 0.0315
[2020-10-22 11:32:29] esmCNN.cv6: Channel size: 89 	 Kernel size: 2 
Training MSE: 0.03147251 	 Validating MSE: 0.04761127 	 Best VMSE: 0.04320472
[2020-10-22 11:32:29] esmCNN.cv6: Checkpoint saved to experiments/normal/ar1/esmCNN_random_ar1_h3
[2020-10-22 11:32:29] esmCNN.cv6: Find channel with Kernel size: 3 	 Lambda: 0.5: 	 Best Score: 0.0315
[2020-10-22 11:32:30] esmCNN.cv6: Channel size: 90 	 Kernel size: 3 
Training MSE: 0.03146852 	 Validating MSE: 0.04793218 	 Best VMSE: 0.04320472
[2020-10-22 11:32:30] esmCNN.cv6: Checkpoint saved to experiments/normal/ar1/esmCNN_random_ar1_h3
[2020-10-22 11:32:30] esmCNN.cv6: Find channel with Kernel size: 2 	 Lambda: 0.5: 	 Best Score: 0.0315
[2020-10-22 11:32:30] esmCNN.cv6: Channel size: 91 	 Kernel size: 2 
Training MSE: 0.03146438 	 Validating MSE: 0.04764702 	 Best VMSE: 0.04320472
[2020-10-22 11:32:30] esmCNN.cv6: Checkpoint saved to experiments/normal/ar1/esmCNN_random_ar1_h3
[2020-10-22 11:32:30] esmCNN.cv6: Find channel with Kernel size: 5 	 Lambda: 0.5: 	 Best Score: 0.0315
[2020-10-22 11:32:30] esmCNN.cv6: Channel size: 92 	 Kernel size: 5 
Training MSE: 0.03146411 	 Validating MSE: 0.04768577 	 Best VMSE: 0.04320472
[2020-10-22 11:32:30] esmCNN.cv6: Checkpoint saved to experiments/normal/ar1/esmCNN_random_ar1_h3
[2020-10-22 11:32:30] esmCNN.cv6: Find channel with Kernel size: 3 	 Lambda: 0.5: 	 Best Score: 0.0315
[2020-10-22 11:32:30] esmCNN.cv6: Channel size: 93 	 Kernel size: 3 
Training MSE: 0.03146037 	 Validating MSE: 0.04813670 	 Best VMSE: 0.04320472
[2020-10-22 11:32:30] esmCNN.cv6: Checkpoint saved to experiments/normal/ar1/esmCNN_random_ar1_h3
[2020-10-22 11:32:30] esmCNN.cv6: Find channel with Kernel size: 3 	 Lambda: 0.5: 	 Best Score: 0.0315
[2020-10-22 11:32:30] esmCNN.cv6: Channel size: 94 	 Kernel size: 3 
Training MSE: 0.03145632 	 Validating MSE: 0.04766225 	 Best VMSE: 0.04320472
[2020-10-22 11:32:30] esmCNN.cv6: Checkpoint saved to experiments/normal/ar1/esmCNN_random_ar1_h3
[2020-10-22 11:32:30] esmCNN.cv6: Find channel with Kernel size: 3 	 Lambda: 0.5: 	 Best Score: 0.0315
[2020-10-22 11:32:30] esmCNN.cv6: Channel size: 95 	 Kernel size: 3 
Training MSE: 0.03145342 	 Validating MSE: 0.04808179 	 Best VMSE: 0.04320472
[2020-10-22 11:32:30] esmCNN.cv6: Checkpoint saved to experiments/normal/ar1/esmCNN_random_ar1_h3
[2020-10-22 11:32:30] esmCNN.cv6: Find channel with Kernel size: 3 	 Lambda: 0.5: 	 Best Score: 0.0314
[2020-10-22 11:32:30] esmCNN.cv6: Channel size: 96 	 Kernel size: 3 
Training MSE: 0.03144900 	 Validating MSE: 0.04755967 	 Best VMSE: 0.04320472
[2020-10-22 11:32:30] esmCNN.cv6: Checkpoint saved to experiments/normal/ar1/esmCNN_random_ar1_h3
[2020-10-22 11:32:30] esmCNN.cv6: Find channel with Kernel size: 3 	 Lambda: 0.5: 	 Best Score: 0.0314
[2020-10-22 11:32:31] esmCNN.cv6: Channel size: 97 	 Kernel size: 3 
Training MSE: 0.03144443 	 Validating MSE: 0.04820564 	 Best VMSE: 0.04320472
[2020-10-22 11:32:31] esmCNN.cv6: Checkpoint saved to experiments/normal/ar1/esmCNN_random_ar1_h3
[2020-10-22 11:32:31] esmCNN.cv6: Find channel with Kernel size: 2 	 Lambda: 0.5: 	 Best Score: 0.0314
[2020-10-22 11:32:31] esmCNN.cv6: Channel size: 98 	 Kernel size: 2 
Training MSE: 0.03144091 	 Validating MSE: 0.04773658 	 Best VMSE: 0.04320472
[2020-10-22 11:32:31] esmCNN.cv6: Checkpoint saved to experiments/normal/ar1/esmCNN_random_ar1_h3
[2020-10-22 11:32:31] esmCNN.cv6: Find channel with Kernel size: 3 	 Lambda: 0.5: 	 Best Score: 0.0314
[2020-10-22 11:32:31] esmCNN.cv6: Channel size: 99 	 Kernel size: 3 
Training MSE: 0.03143527 	 Validating MSE: 0.04840765 	 Best VMSE: 0.04320472
[2020-10-22 11:32:31] esmCNN.cv6: Checkpoint saved to experiments/normal/ar1/esmCNN_random_ar1_h3
[2020-10-22 11:32:31] esmCNN.cv6: Find channel with Kernel size: 5 	 Lambda: 0.5: 	 Best Score: 0.0314
[2020-10-22 11:32:31] esmCNN.cv6: Channel size: 100 	 Kernel size: 5 
Training MSE: 0.03143088 	 Validating MSE: 0.04799932 	 Best VMSE: 0.04320472
[2020-10-22 11:32:31] esmCNN.cv6: Checkpoint saved to experiments/normal/ar1/esmCNN_random_ar1_h3
[2020-10-22 11:32:31] esmCNN.cv6: Restoring best parameters from experiments/normal/ar1/esmCNN_random_ar1_h3/train.cv6.pth.tar
[2020-10-22 11:32:31] esmCNN.cv6: ar1	 H: 3	 Trail: 23 
Testing RMSE: 0.2736 	 MAPE: 0.05567 	 SMAPE: 0.02889
