[2020-09-16 21:54:28] SCN.cv9: Loading the datasets and model for 21th-batch-training
[2020-09-16 21:54:28] SCN.cv9: Argument hidden_size: 100
[2020-09-16 21:54:28] SCN.cv9: Argument candidate_size: 300
[2020-09-16 21:54:28] SCN.cv9: Argument Lambdas: [0.5, 1, 5, 15, 30, 50, 100, 150, 200]
[2020-09-16 21:54:28] SCN.cv9: Argument Lambdas_std: [0.01, 0.05, 0.1, 0.5, 1]
[2020-09-16 21:54:28] SCN.cv9: Argument r: [0.8, 0.9, 0.99, 0.9999, 0.999999]
[2020-09-16 21:54:28] SCN.cv9: Argument tolerance: 0
[2020-09-16 21:54:28] SCN.cv9: Argument device: device(type='cuda')
[2020-09-16 21:54:28] SCN.cv9: Argument dataset: 'sili'
[2020-09-16 21:54:28] SCN.cv9: Argument H: 4
[2020-09-16 21:54:28] SCN.cv9: Argument k: 5
[2020-09-16 21:54:28] SCN.cv9: Argument test: False
[2020-09-16 21:54:28] SCN.cv9: Argument normal: True
[2020-09-16 21:54:28] SCN.cv9: Argument diff: False
[2020-09-16 21:54:28] SCN.cv9: Argument times: 40
[2020-09-16 21:54:28] SCN.cv9: Argument datasets: {'ar1': {'lag_order': 15, 'normal': True, 'cov_dim': 0, 'kernel_size': 3}, 'wti': {'lag_order': 25, 'normal': True, 'cov_dim': 0, 'kernel_size': 5}, 'gold': {'lag_order': 25, 'normal': True, 'cov_dim': 0, 'kernel_size': 5}, 'sp': {'lag_order': 25, 'normal': True, 'cov_dim': 0, 'kernel_size': 5}, 'brent': {'lag_order': 24, 'normal': True, 'cov_dim': 0, 'kernel_size': 6}, 'sili': {'lag_order': 26, 'normal': True, 'cov_dim': 0, 'kernel_size': 6}}
[2020-09-16 21:54:28] SCN.cv9: Argument steps: 26
[2020-09-16 21:54:28] SCN.cv9: Argument experiment: 'experiments/normal/sili'
[2020-09-16 21:54:28] SCN.cv9: Argument scaler: StandardScaler()
[2020-09-16 21:54:28] SCN.cv9: Argument model_name: 'SCN_sili_h4'
[2020-09-16 21:54:28] SCN.cv9: Argument model_dir: 'experiments/normal/sili/SCN_sili_h4'
[2020-09-16 21:54:28] SCN.cv9: Argument restore: True
[2020-09-16 21:54:28] SCN.cv9: Argument cv: 9
[2020-09-16 21:54:28] SCN.cv9: Argument plot_dir: 'experiments/normal/sili/SCN_sili_h4/figures'
[2020-09-16 21:54:28] SCN.cv9: Using Cuda...
[2020-09-16 21:54:28] SCN.cv9: Loading complete.
[2020-09-16 21:54:28] SCN.cv9: Model: 
scnModel(
  (loss_fn): MSELoss()
)
[2020-09-16 21:54:28] SCN.cv9: Hidden size: 1 	 
Training MSE: 0.38285172 	 Validating MSE: 1.53240669 	 Best VMSE: 9999.00000000
[2020-09-16 21:54:28] SCN.cv9: Found new best state
[2020-09-16 21:54:28] SCN.cv9: Best vmse: 1.5324
[2020-09-16 21:54:28] SCN.cv9: Checkpoint saved to experiments/normal/sili/SCN_sili_h4
[2020-09-16 21:54:28] SCN.cv9: Hidden size: 2 	 
Training MSE: 0.30137900 	 Validating MSE: 1.27003849 	 Best VMSE: 1.53240669
[2020-09-16 21:54:28] SCN.cv9: Found new best state
[2020-09-16 21:54:28] SCN.cv9: Best vmse: 1.2700
[2020-09-16 21:54:28] SCN.cv9: Checkpoint saved to experiments/normal/sili/SCN_sili_h4
[2020-09-16 21:54:29] SCN.cv9: Hidden size: 3 	 
Training MSE: 0.23318887 	 Validating MSE: 1.04997647 	 Best VMSE: 1.27003849
[2020-09-16 21:54:29] SCN.cv9: Found new best state
[2020-09-16 21:54:29] SCN.cv9: Best vmse: 1.0500
[2020-09-16 21:54:29] SCN.cv9: Checkpoint saved to experiments/normal/sili/SCN_sili_h4
[2020-09-16 21:54:29] SCN.cv9: Hidden size: 4 	 
Training MSE: 0.21115296 	 Validating MSE: 0.75934339 	 Best VMSE: 1.04997647
[2020-09-16 21:54:29] SCN.cv9: Found new best state
[2020-09-16 21:54:29] SCN.cv9: Best vmse: 0.7593
[2020-09-16 21:54:29] SCN.cv9: Checkpoint saved to experiments/normal/sili/SCN_sili_h4
[2020-09-16 21:54:30] SCN.cv9: Hidden size: 5 	 
Training MSE: 0.19693568 	 Validating MSE: 0.71188861 	 Best VMSE: 0.75934339
[2020-09-16 21:54:30] SCN.cv9: Found new best state
[2020-09-16 21:54:30] SCN.cv9: Best vmse: 0.7119
[2020-09-16 21:54:30] SCN.cv9: Checkpoint saved to experiments/normal/sili/SCN_sili_h4
[2020-09-16 21:54:30] SCN.cv9: Hidden size: 6 	 
Training MSE: 0.18715750 	 Validating MSE: 0.67377192 	 Best VMSE: 0.71188861
[2020-09-16 21:54:30] SCN.cv9: Found new best state
[2020-09-16 21:54:30] SCN.cv9: Best vmse: 0.6738
[2020-09-16 21:54:30] SCN.cv9: Checkpoint saved to experiments/normal/sili/SCN_sili_h4
[2020-09-16 21:54:31] SCN.cv9: Hidden size: 7 	 
Training MSE: 0.18332712 	 Validating MSE: 0.66378117 	 Best VMSE: 0.67377192
[2020-09-16 21:54:31] SCN.cv9: Found new best state
[2020-09-16 21:54:31] SCN.cv9: Best vmse: 0.6638
[2020-09-16 21:54:31] SCN.cv9: Checkpoint saved to experiments/normal/sili/SCN_sili_h4
[2020-09-16 21:54:31] SCN.cv9: Hidden size: 8 	 
Training MSE: 0.18040685 	 Validating MSE: 0.65154135 	 Best VMSE: 0.66378117
[2020-09-16 21:54:31] SCN.cv9: Found new best state
[2020-09-16 21:54:31] SCN.cv9: Best vmse: 0.6515
[2020-09-16 21:54:31] SCN.cv9: Checkpoint saved to experiments/normal/sili/SCN_sili_h4
[2020-09-16 21:54:32] SCN.cv9: Hidden size: 9 	 
Training MSE: 0.17595696 	 Validating MSE: 0.61003006 	 Best VMSE: 0.65154135
[2020-09-16 21:54:32] SCN.cv9: Found new best state
[2020-09-16 21:54:32] SCN.cv9: Best vmse: 0.6100
[2020-09-16 21:54:32] SCN.cv9: Checkpoint saved to experiments/normal/sili/SCN_sili_h4
[2020-09-16 21:54:32] SCN.cv9: Hidden size: 10 	 
Training MSE: 0.17057751 	 Validating MSE: 0.57492578 	 Best VMSE: 0.61003006
[2020-09-16 21:54:32] SCN.cv9: Found new best state
[2020-09-16 21:54:32] SCN.cv9: Best vmse: 0.5749
[2020-09-16 21:54:32] SCN.cv9: Checkpoint saved to experiments/normal/sili/SCN_sili_h4
[2020-09-16 21:54:33] SCN.cv9: Hidden size: 11 	 
Training MSE: 0.16651270 	 Validating MSE: 0.59901088 	 Best VMSE: 0.57492578
[2020-09-16 21:54:33] SCN.cv9: Checkpoint saved to experiments/normal/sili/SCN_sili_h4
[2020-09-16 21:54:34] SCN.cv9: Hidden size: 12 	 
Training MSE: 0.16380444 	 Validating MSE: 0.60957187 	 Best VMSE: 0.57492578
[2020-09-16 21:54:34] SCN.cv9: Checkpoint saved to experiments/normal/sili/SCN_sili_h4
[2020-09-16 21:54:34] SCN.cv9: Hidden size: 13 	 
Training MSE: 0.16198567 	 Validating MSE: 0.61040980 	 Best VMSE: 0.57492578
[2020-09-16 21:54:34] SCN.cv9: Checkpoint saved to experiments/normal/sili/SCN_sili_h4
[2020-09-16 21:54:35] SCN.cv9: Hidden size: 14 	 
Training MSE: 0.16020447 	 Validating MSE: 0.59965414 	 Best VMSE: 0.57492578
[2020-09-16 21:54:35] SCN.cv9: Checkpoint saved to experiments/normal/sili/SCN_sili_h4
[2020-09-16 21:54:35] SCN.cv9: Hidden size: 15 	 
Training MSE: 0.15796593 	 Validating MSE: 0.60228890 	 Best VMSE: 0.57492578
[2020-09-16 21:54:35] SCN.cv9: Checkpoint saved to experiments/normal/sili/SCN_sili_h4
[2020-09-16 21:54:36] SCN.cv9: Hidden size: 16 	 
Training MSE: 0.15689456 	 Validating MSE: 0.59867603 	 Best VMSE: 0.57492578
[2020-09-16 21:54:36] SCN.cv9: Checkpoint saved to experiments/normal/sili/SCN_sili_h4
[2020-09-16 21:54:36] SCN.cv9: Hidden size: 17 	 
Training MSE: 0.15301579 	 Validating MSE: 0.58015800 	 Best VMSE: 0.57492578
[2020-09-16 21:54:36] SCN.cv9: Checkpoint saved to experiments/normal/sili/SCN_sili_h4
[2020-09-16 21:54:37] SCN.cv9: Hidden size: 18 	 
Training MSE: 0.14837846 	 Validating MSE: 0.59013551 	 Best VMSE: 0.57492578
[2020-09-16 21:54:37] SCN.cv9: Checkpoint saved to experiments/normal/sili/SCN_sili_h4
[2020-09-16 21:54:37] SCN.cv9: Hidden size: 19 	 
Training MSE: 0.14680244 	 Validating MSE: 0.58952397 	 Best VMSE: 0.57492578
[2020-09-16 21:54:37] SCN.cv9: Checkpoint saved to experiments/normal/sili/SCN_sili_h4
[2020-09-16 21:54:38] SCN.cv9: Hidden size: 20 	 
Training MSE: 0.14547020 	 Validating MSE: 0.57669407 	 Best VMSE: 0.57492578
[2020-09-16 21:54:38] SCN.cv9: Checkpoint saved to experiments/normal/sili/SCN_sili_h4
[2020-09-16 21:54:38] SCN.cv9: Hidden size: 21 	 
Training MSE: 0.14338924 	 Validating MSE: 0.57879031 	 Best VMSE: 0.57492578
[2020-09-16 21:54:38] SCN.cv9: Checkpoint saved to experiments/normal/sili/SCN_sili_h4
[2020-09-16 21:54:39] SCN.cv9: Hidden size: 22 	 
Training MSE: 0.14188960 	 Validating MSE: 0.57555175 	 Best VMSE: 0.57492578
[2020-09-16 21:54:39] SCN.cv9: Checkpoint saved to experiments/normal/sili/SCN_sili_h4
[2020-09-16 21:54:39] SCN.cv9: Hidden size: 23 	 
Training MSE: 0.13987543 	 Validating MSE: 0.56669414 	 Best VMSE: 0.57492578
[2020-09-16 21:54:39] SCN.cv9: Found new best state
[2020-09-16 21:54:39] SCN.cv9: Best vmse: 0.5667
[2020-09-16 21:54:39] SCN.cv9: Checkpoint saved to experiments/normal/sili/SCN_sili_h4
[2020-09-16 21:54:40] SCN.cv9: Hidden size: 24 	 
Training MSE: 0.13794565 	 Validating MSE: 0.57984352 	 Best VMSE: 0.56669414
[2020-09-16 21:54:40] SCN.cv9: Checkpoint saved to experiments/normal/sili/SCN_sili_h4
[2020-09-16 21:54:40] SCN.cv9: Hidden size: 25 	 
Training MSE: 0.13577896 	 Validating MSE: 0.59811825 	 Best VMSE: 0.56669414
[2020-09-16 21:54:40] SCN.cv9: Checkpoint saved to experiments/normal/sili/SCN_sili_h4
[2020-09-16 21:54:41] SCN.cv9: Hidden size: 26 	 
Training MSE: 0.13393989 	 Validating MSE: 0.60499340 	 Best VMSE: 0.56669414
[2020-09-16 21:54:41] SCN.cv9: Checkpoint saved to experiments/normal/sili/SCN_sili_h4
[2020-09-16 21:54:42] SCN.cv9: Hidden size: 27 	 
Training MSE: 0.13204603 	 Validating MSE: 0.61722785 	 Best VMSE: 0.56669414
[2020-09-16 21:54:42] SCN.cv9: Checkpoint saved to experiments/normal/sili/SCN_sili_h4
[2020-09-16 21:54:42] SCN.cv9: Hidden size: 28 	 
Training MSE: 0.12982796 	 Validating MSE: 0.63895905 	 Best VMSE: 0.56669414
[2020-09-16 21:54:42] SCN.cv9: Checkpoint saved to experiments/normal/sili/SCN_sili_h4
[2020-09-16 21:54:43] SCN.cv9: Hidden size: 29 	 
Training MSE: 0.12796032 	 Validating MSE: 0.64450991 	 Best VMSE: 0.56669414
[2020-09-16 21:54:43] SCN.cv9: Checkpoint saved to experiments/normal/sili/SCN_sili_h4
[2020-09-16 21:54:43] SCN.cv9: Hidden size: 30 	 
Training MSE: 0.12634979 	 Validating MSE: 0.65567714 	 Best VMSE: 0.56669414
[2020-09-16 21:54:43] SCN.cv9: Checkpoint saved to experiments/normal/sili/SCN_sili_h4
[2020-09-16 21:54:44] SCN.cv9: Hidden size: 31 	 
Training MSE: 0.12463306 	 Validating MSE: 0.65520710 	 Best VMSE: 0.56669414
[2020-09-16 21:54:44] SCN.cv9: Checkpoint saved to experiments/normal/sili/SCN_sili_h4
[2020-09-16 21:54:44] SCN.cv9: Hidden size: 32 	 
Training MSE: 0.12335909 	 Validating MSE: 0.67014116 	 Best VMSE: 0.56669414
[2020-09-16 21:54:44] SCN.cv9: Checkpoint saved to experiments/normal/sili/SCN_sili_h4
[2020-09-16 21:54:45] SCN.cv9: Hidden size: 33 	 
Training MSE: 0.12140773 	 Validating MSE: 0.64724749 	 Best VMSE: 0.56669414
[2020-09-16 21:54:45] SCN.cv9: Checkpoint saved to experiments/normal/sili/SCN_sili_h4
[2020-09-16 21:54:45] SCN.cv9: Hidden size: 34 	 
Training MSE: 0.12072050 	 Validating MSE: 0.65448862 	 Best VMSE: 0.56669414
[2020-09-16 21:54:45] SCN.cv9: Checkpoint saved to experiments/normal/sili/SCN_sili_h4
[2020-09-16 21:54:46] SCN.cv9: Hidden size: 35 	 
Training MSE: 0.12016227 	 Validating MSE: 0.65814292 	 Best VMSE: 0.56669414
[2020-09-16 21:54:46] SCN.cv9: Checkpoint saved to experiments/normal/sili/SCN_sili_h4
[2020-09-16 21:54:46] SCN.cv9: Hidden size: 36 	 
Training MSE: 0.11927392 	 Validating MSE: 0.66850638 	 Best VMSE: 0.56669414
[2020-09-16 21:54:46] SCN.cv9: Checkpoint saved to experiments/normal/sili/SCN_sili_h4
[2020-09-16 21:54:47] SCN.cv9: Hidden size: 37 	 
Training MSE: 0.11834248 	 Validating MSE: 0.66627938 	 Best VMSE: 0.56669414
[2020-09-16 21:54:47] SCN.cv9: Checkpoint saved to experiments/normal/sili/SCN_sili_h4
[2020-09-16 21:54:47] SCN.cv9: Hidden size: 38 	 
Training MSE: 0.11708848 	 Validating MSE: 0.67091691 	 Best VMSE: 0.56669414
[2020-09-16 21:54:47] SCN.cv9: Checkpoint saved to experiments/normal/sili/SCN_sili_h4
[2020-09-16 21:54:48] SCN.cv9: Hidden size: 39 	 
Training MSE: 0.11646332 	 Validating MSE: 0.68337226 	 Best VMSE: 0.56669414
[2020-09-16 21:54:48] SCN.cv9: Checkpoint saved to experiments/normal/sili/SCN_sili_h4
[2020-09-16 21:54:48] SCN.cv9: Hidden size: 40 	 
Training MSE: 0.11574069 	 Validating MSE: 0.68122339 	 Best VMSE: 0.56669414
[2020-09-16 21:54:48] SCN.cv9: Checkpoint saved to experiments/normal/sili/SCN_sili_h4
[2020-09-16 21:54:49] SCN.cv9: Hidden size: 41 	 
Training MSE: 0.11458348 	 Validating MSE: 0.68268919 	 Best VMSE: 0.56669414
[2020-09-16 21:54:49] SCN.cv9: Checkpoint saved to experiments/normal/sili/SCN_sili_h4
[2020-09-16 21:54:49] SCN.cv9: Hidden size: 42 	 
Training MSE: 0.11302742 	 Validating MSE: 0.70305091 	 Best VMSE: 0.56669414
[2020-09-16 21:54:49] SCN.cv9: Checkpoint saved to experiments/normal/sili/SCN_sili_h4
[2020-09-16 21:54:50] SCN.cv9: Hidden size: 43 	 
Training MSE: 0.11236026 	 Validating MSE: 0.72624397 	 Best VMSE: 0.56669414
[2020-09-16 21:54:50] SCN.cv9: Checkpoint saved to experiments/normal/sili/SCN_sili_h4
[2020-09-16 21:54:51] SCN.cv9: Hidden size: 44 	 
Training MSE: 0.11169762 	 Validating MSE: 0.73792738 	 Best VMSE: 0.56669414
[2020-09-16 21:54:51] SCN.cv9: Checkpoint saved to experiments/normal/sili/SCN_sili_h4
[2020-09-16 21:54:51] SCN.cv9: Hidden size: 45 	 
Training MSE: 0.11088397 	 Validating MSE: 0.75163013 	 Best VMSE: 0.56669414
[2020-09-16 21:54:51] SCN.cv9: Checkpoint saved to experiments/normal/sili/SCN_sili_h4
[2020-09-16 21:54:52] SCN.cv9: Hidden size: 46 	 
Training MSE: 0.11020946 	 Validating MSE: 0.75615853 	 Best VMSE: 0.56669414
[2020-09-16 21:54:52] SCN.cv9: Checkpoint saved to experiments/normal/sili/SCN_sili_h4
[2020-09-16 21:54:52] SCN.cv9: Hidden size: 47 	 
Training MSE: 0.10872809 	 Validating MSE: 0.74864680 	 Best VMSE: 0.56669414
[2020-09-16 21:54:52] SCN.cv9: Checkpoint saved to experiments/normal/sili/SCN_sili_h4
[2020-09-16 21:54:53] SCN.cv9: Hidden size: 48 	 
Training MSE: 0.10796857 	 Validating MSE: 0.79492044 	 Best VMSE: 0.56669414
[2020-09-16 21:54:53] SCN.cv9: Checkpoint saved to experiments/normal/sili/SCN_sili_h4
[2020-09-16 21:54:53] SCN.cv9: Hidden size: 49 	 
Training MSE: 0.10639122 	 Validating MSE: 0.81709319 	 Best VMSE: 0.56669414
[2020-09-16 21:54:53] SCN.cv9: Checkpoint saved to experiments/normal/sili/SCN_sili_h4
[2020-09-16 21:54:54] SCN.cv9: Hidden size: 50 	 
Training MSE: 0.10523139 	 Validating MSE: 0.80107361 	 Best VMSE: 0.56669414
[2020-09-16 21:54:54] SCN.cv9: Checkpoint saved to experiments/normal/sili/SCN_sili_h4
[2020-09-16 21:54:54] SCN.cv9: Hidden size: 51 	 
Training MSE: 0.10425928 	 Validating MSE: 0.78593326 	 Best VMSE: 0.56669414
[2020-09-16 21:54:54] SCN.cv9: Checkpoint saved to experiments/normal/sili/SCN_sili_h4
[2020-09-16 21:54:55] SCN.cv9: Hidden size: 52 	 
Training MSE: 0.10315994 	 Validating MSE: 0.82425719 	 Best VMSE: 0.56669414
[2020-09-16 21:54:55] SCN.cv9: Checkpoint saved to experiments/normal/sili/SCN_sili_h4
[2020-09-16 21:54:55] SCN.cv9: Hidden size: 53 	 
Training MSE: 0.10158693 	 Validating MSE: 0.86578661 	 Best VMSE: 0.56669414
[2020-09-16 21:54:55] SCN.cv9: Checkpoint saved to experiments/normal/sili/SCN_sili_h4
[2020-09-16 21:54:56] SCN.cv9: Hidden size: 54 	 
Training MSE: 0.10088336 	 Validating MSE: 0.87192583 	 Best VMSE: 0.56669414
[2020-09-16 21:54:56] SCN.cv9: Checkpoint saved to experiments/normal/sili/SCN_sili_h4
[2020-09-16 21:54:56] SCN.cv9: Hidden size: 55 	 
Training MSE: 0.10045504 	 Validating MSE: 0.87459445 	 Best VMSE: 0.56669414
[2020-09-16 21:54:56] SCN.cv9: Checkpoint saved to experiments/normal/sili/SCN_sili_h4
[2020-09-16 21:54:57] SCN.cv9: Hidden size: 56 	 
Training MSE: 0.09913974 	 Validating MSE: 0.90904117 	 Best VMSE: 0.56669414
[2020-09-16 21:54:57] SCN.cv9: Checkpoint saved to experiments/normal/sili/SCN_sili_h4
[2020-09-16 21:54:57] SCN.cv9: Hidden size: 57 	 
Training MSE: 0.09737400 	 Validating MSE: 0.88451356 	 Best VMSE: 0.56669414
[2020-09-16 21:54:57] SCN.cv9: Checkpoint saved to experiments/normal/sili/SCN_sili_h4
[2020-09-16 21:54:58] SCN.cv9: Hidden size: 58 	 
Training MSE: 0.09649689 	 Validating MSE: 0.87116140 	 Best VMSE: 0.56669414
[2020-09-16 21:54:58] SCN.cv9: Checkpoint saved to experiments/normal/sili/SCN_sili_h4
[2020-09-16 21:54:59] SCN.cv9: Hidden size: 59 	 
Training MSE: 0.09594095 	 Validating MSE: 0.87990880 	 Best VMSE: 0.56669414
[2020-09-16 21:54:59] SCN.cv9: Checkpoint saved to experiments/normal/sili/SCN_sili_h4
[2020-09-16 21:54:59] SCN.cv9: Hidden size: 60 	 
Training MSE: 0.09488657 	 Validating MSE: 0.87751377 	 Best VMSE: 0.56669414
[2020-09-16 21:54:59] SCN.cv9: Checkpoint saved to experiments/normal/sili/SCN_sili_h4
[2020-09-16 21:55:00] SCN.cv9: Hidden size: 61 	 
Training MSE: 0.09397824 	 Validating MSE: 0.87161988 	 Best VMSE: 0.56669414
[2020-09-16 21:55:00] SCN.cv9: Checkpoint saved to experiments/normal/sili/SCN_sili_h4
[2020-09-16 21:55:00] SCN.cv9: Hidden size: 62 	 
Training MSE: 0.09292883 	 Validating MSE: 0.84484488 	 Best VMSE: 0.56669414
[2020-09-16 21:55:00] SCN.cv9: Checkpoint saved to experiments/normal/sili/SCN_sili_h4
[2020-09-16 21:55:01] SCN.cv9: Hidden size: 63 	 
Training MSE: 0.09192707 	 Validating MSE: 0.86453682 	 Best VMSE: 0.56669414
[2020-09-16 21:55:01] SCN.cv9: Checkpoint saved to experiments/normal/sili/SCN_sili_h4
[2020-09-16 21:55:01] SCN.cv9: Hidden size: 64 	 
Training MSE: 0.09119313 	 Validating MSE: 0.85934371 	 Best VMSE: 0.56669414
[2020-09-16 21:55:01] SCN.cv9: Checkpoint saved to experiments/normal/sili/SCN_sili_h4
[2020-09-16 21:55:02] SCN.cv9: Hidden size: 65 	 
Training MSE: 0.09057252 	 Validating MSE: 0.87744242 	 Best VMSE: 0.56669414
[2020-09-16 21:55:02] SCN.cv9: Checkpoint saved to experiments/normal/sili/SCN_sili_h4
[2020-09-16 21:55:02] SCN.cv9: Hidden size: 66 	 
Training MSE: 0.08931377 	 Validating MSE: 0.86755139 	 Best VMSE: 0.56669414
[2020-09-16 21:55:02] SCN.cv9: Checkpoint saved to experiments/normal/sili/SCN_sili_h4
[2020-09-16 21:55:03] SCN.cv9: Hidden size: 67 	 
Training MSE: 0.08791294 	 Validating MSE: 0.88537276 	 Best VMSE: 0.56669414
[2020-09-16 21:55:03] SCN.cv9: Checkpoint saved to experiments/normal/sili/SCN_sili_h4
[2020-09-16 21:55:03] SCN.cv9: Hidden size: 68 	 
Training MSE: 0.08719115 	 Validating MSE: 0.89054525 	 Best VMSE: 0.56669414
[2020-09-16 21:55:03] SCN.cv9: Checkpoint saved to experiments/normal/sili/SCN_sili_h4
[2020-09-16 21:55:04] SCN.cv9: Hidden size: 69 	 
Training MSE: 0.08627666 	 Validating MSE: 0.89807308 	 Best VMSE: 0.56669414
[2020-09-16 21:55:04] SCN.cv9: Checkpoint saved to experiments/normal/sili/SCN_sili_h4
[2020-09-16 21:55:04] SCN.cv9: Hidden size: 70 	 
Training MSE: 0.08577421 	 Validating MSE: 0.90007794 	 Best VMSE: 0.56669414
[2020-09-16 21:55:04] SCN.cv9: Checkpoint saved to experiments/normal/sili/SCN_sili_h4
[2020-09-16 21:55:05] SCN.cv9: Hidden size: 71 	 
Training MSE: 0.08495900 	 Validating MSE: 0.90218234 	 Best VMSE: 0.56669414
[2020-09-16 21:55:05] SCN.cv9: Checkpoint saved to experiments/normal/sili/SCN_sili_h4
[2020-09-16 21:55:05] SCN.cv9: Hidden size: 72 	 
Training MSE: 0.08435760 	 Validating MSE: 0.91275561 	 Best VMSE: 0.56669414
[2020-09-16 21:55:05] SCN.cv9: Checkpoint saved to experiments/normal/sili/SCN_sili_h4
[2020-09-16 21:55:06] SCN.cv9: Hidden size: 73 	 
Training MSE: 0.08355895 	 Validating MSE: 0.92974854 	 Best VMSE: 0.56669414
[2020-09-16 21:55:06] SCN.cv9: Checkpoint saved to experiments/normal/sili/SCN_sili_h4
[2020-09-16 21:55:07] SCN.cv9: Hidden size: 74 	 
Training MSE: 0.08265189 	 Validating MSE: 0.94425505 	 Best VMSE: 0.56669414
[2020-09-16 21:55:07] SCN.cv9: Checkpoint saved to experiments/normal/sili/SCN_sili_h4
[2020-09-16 21:55:07] SCN.cv9: Hidden size: 75 	 
Training MSE: 0.08197395 	 Validating MSE: 0.96880645 	 Best VMSE: 0.56669414
[2020-09-16 21:55:07] SCN.cv9: Checkpoint saved to experiments/normal/sili/SCN_sili_h4
[2020-09-16 21:55:08] SCN.cv9: Hidden size: 76 	 
Training MSE: 0.08126249 	 Validating MSE: 0.99228942 	 Best VMSE: 0.56669414
[2020-09-16 21:55:08] SCN.cv9: Checkpoint saved to experiments/normal/sili/SCN_sili_h4
[2020-09-16 21:55:08] SCN.cv9: Hidden size: 77 	 
Training MSE: 0.08067043 	 Validating MSE: 0.99068695 	 Best VMSE: 0.56669414
[2020-09-16 21:55:08] SCN.cv9: Checkpoint saved to experiments/normal/sili/SCN_sili_h4
[2020-09-16 21:55:09] SCN.cv9: Hidden size: 78 	 
Training MSE: 0.08002254 	 Validating MSE: 0.99525934 	 Best VMSE: 0.56669414
[2020-09-16 21:55:09] SCN.cv9: Checkpoint saved to experiments/normal/sili/SCN_sili_h4
[2020-09-16 21:55:09] SCN.cv9: Hidden size: 79 	 
Training MSE: 0.07926079 	 Validating MSE: 0.97611219 	 Best VMSE: 0.56669414
[2020-09-16 21:55:09] SCN.cv9: Checkpoint saved to experiments/normal/sili/SCN_sili_h4
[2020-09-16 21:55:10] SCN.cv9: Hidden size: 80 	 
Training MSE: 0.07793821 	 Validating MSE: 1.02952898 	 Best VMSE: 0.56669414
[2020-09-16 21:55:10] SCN.cv9: Checkpoint saved to experiments/normal/sili/SCN_sili_h4
[2020-09-16 21:55:10] SCN.cv9: Hidden size: 81 	 
Training MSE: 0.07699132 	 Validating MSE: 1.06306803 	 Best VMSE: 0.56669414
[2020-09-16 21:55:10] SCN.cv9: Checkpoint saved to experiments/normal/sili/SCN_sili_h4
[2020-09-16 21:55:11] SCN.cv9: Hidden size: 82 	 
Training MSE: 0.07606567 	 Validating MSE: 1.05224502 	 Best VMSE: 0.56669414
[2020-09-16 21:55:11] SCN.cv9: Checkpoint saved to experiments/normal/sili/SCN_sili_h4
[2020-09-16 21:55:11] SCN.cv9: Hidden size: 83 	 
Training MSE: 0.07559310 	 Validating MSE: 1.03163362 	 Best VMSE: 0.56669414
[2020-09-16 21:55:11] SCN.cv9: Checkpoint saved to experiments/normal/sili/SCN_sili_h4
[2020-09-16 21:55:12] SCN.cv9: Hidden size: 84 	 
Training MSE: 0.07423726 	 Validating MSE: 1.07675695 	 Best VMSE: 0.56669414
[2020-09-16 21:55:12] SCN.cv9: Checkpoint saved to experiments/normal/sili/SCN_sili_h4
[2020-09-16 21:55:12] SCN.cv9: Hidden size: 85 	 
Training MSE: 0.07334160 	 Validating MSE: 1.12001288 	 Best VMSE: 0.56669414
[2020-09-16 21:55:12] SCN.cv9: Checkpoint saved to experiments/normal/sili/SCN_sili_h4
[2020-09-16 21:55:13] SCN.cv9: Hidden size: 86 	 
Training MSE: 0.07268880 	 Validating MSE: 1.11241853 	 Best VMSE: 0.56669414
[2020-09-16 21:55:13] SCN.cv9: Checkpoint saved to experiments/normal/sili/SCN_sili_h4
[2020-09-16 21:55:13] SCN.cv9: Hidden size: 87 	 
Training MSE: 0.07188594 	 Validating MSE: 1.10802662 	 Best VMSE: 0.56669414
[2020-09-16 21:55:13] SCN.cv9: Checkpoint saved to experiments/normal/sili/SCN_sili_h4
[2020-09-16 21:55:14] SCN.cv9: Hidden size: 88 	 
Training MSE: 0.07129359 	 Validating MSE: 1.10407150 	 Best VMSE: 0.56669414
[2020-09-16 21:55:14] SCN.cv9: Checkpoint saved to experiments/normal/sili/SCN_sili_h4
[2020-09-16 21:55:15] SCN.cv9: Hidden size: 89 	 
Training MSE: 0.07070627 	 Validating MSE: 1.06647277 	 Best VMSE: 0.56669414
[2020-09-16 21:55:15] SCN.cv9: Checkpoint saved to experiments/normal/sili/SCN_sili_h4
[2020-09-16 21:55:15] SCN.cv9: Hidden size: 90 	 
Training MSE: 0.06948630 	 Validating MSE: 1.12685239 	 Best VMSE: 0.56669414
[2020-09-16 21:55:15] SCN.cv9: Checkpoint saved to experiments/normal/sili/SCN_sili_h4
[2020-09-16 21:55:16] SCN.cv9: Hidden size: 91 	 
Training MSE: 0.06894612 	 Validating MSE: 1.15597522 	 Best VMSE: 0.56669414
[2020-09-16 21:55:16] SCN.cv9: Checkpoint saved to experiments/normal/sili/SCN_sili_h4
[2020-09-16 21:55:16] SCN.cv9: Hidden size: 92 	 
Training MSE: 0.06782712 	 Validating MSE: 1.13078105 	 Best VMSE: 0.56669414
[2020-09-16 21:55:16] SCN.cv9: Checkpoint saved to experiments/normal/sili/SCN_sili_h4
[2020-09-16 21:55:17] SCN.cv9: Hidden size: 93 	 
Training MSE: 0.06713837 	 Validating MSE: 1.19483030 	 Best VMSE: 0.56669414
[2020-09-16 21:55:17] SCN.cv9: Checkpoint saved to experiments/normal/sili/SCN_sili_h4
[2020-09-16 21:55:17] SCN.cv9: Hidden size: 94 	 
Training MSE: 0.06596570 	 Validating MSE: 1.24890757 	 Best VMSE: 0.56669414
[2020-09-16 21:55:17] SCN.cv9: Checkpoint saved to experiments/normal/sili/SCN_sili_h4
[2020-09-16 21:55:18] SCN.cv9: Hidden size: 95 	 
Training MSE: 0.06561173 	 Validating MSE: 1.25975513 	 Best VMSE: 0.56669414
[2020-09-16 21:55:18] SCN.cv9: Checkpoint saved to experiments/normal/sili/SCN_sili_h4
[2020-09-16 21:55:18] SCN.cv9: Hidden size: 96 	 
Training MSE: 0.06508473 	 Validating MSE: 1.26481628 	 Best VMSE: 0.56669414
[2020-09-16 21:55:18] SCN.cv9: Checkpoint saved to experiments/normal/sili/SCN_sili_h4
[2020-09-16 21:55:19] SCN.cv9: Hidden size: 97 	 
Training MSE: 0.06416766 	 Validating MSE: 1.29867172 	 Best VMSE: 0.56669414
[2020-09-16 21:55:19] SCN.cv9: Checkpoint saved to experiments/normal/sili/SCN_sili_h4
[2020-09-16 21:55:19] SCN.cv9: Hidden size: 98 	 
Training MSE: 0.06360047 	 Validating MSE: 1.31733072 	 Best VMSE: 0.56669414
[2020-09-16 21:55:19] SCN.cv9: Checkpoint saved to experiments/normal/sili/SCN_sili_h4
[2020-09-16 21:55:20] SCN.cv9: Hidden size: 99 	 
Training MSE: 0.06284405 	 Validating MSE: 1.36661839 	 Best VMSE: 0.56669414
[2020-09-16 21:55:20] SCN.cv9: Checkpoint saved to experiments/normal/sili/SCN_sili_h4
[2020-09-16 21:55:20] SCN.cv9: Hidden size: 100 	 
Training MSE: 0.06166475 	 Validating MSE: 1.38000202 	 Best VMSE: 0.56669414
[2020-09-16 21:55:20] SCN.cv9: Checkpoint saved to experiments/normal/sili/SCN_sili_h4
[2020-09-16 21:55:21] SCN.cv9: Restoring best parameters from experiments/normal/sili/SCN_sili_h4/train.cv9.pth.tar
[2020-09-16 21:55:21] SCN.cv9: sili	 H: 4	 Trail: 21 
Testing RMSE: 0.8714 	 MAPE: 0.143 	 SMAPE: 0.07579
