[2020-09-16 22:03:18] SCN.cv14: Loading the datasets and model for 31th-batch-training
[2020-09-16 22:03:18] SCN.cv14: Argument hidden_size: 100
[2020-09-16 22:03:18] SCN.cv14: Argument candidate_size: 300
[2020-09-16 22:03:18] SCN.cv14: Argument Lambdas: [0.5, 1, 5, 15, 30, 50, 100, 150, 200]
[2020-09-16 22:03:18] SCN.cv14: Argument Lambdas_std: [0.01, 0.05, 0.1, 0.5, 1]
[2020-09-16 22:03:18] SCN.cv14: Argument r: [0.8, 0.9, 0.99, 0.9999, 0.999999]
[2020-09-16 22:03:18] SCN.cv14: Argument tolerance: 0
[2020-09-16 22:03:18] SCN.cv14: Argument device: device(type='cuda')
[2020-09-16 22:03:18] SCN.cv14: Argument dataset: 'sili'
[2020-09-16 22:03:18] SCN.cv14: Argument H: 4
[2020-09-16 22:03:18] SCN.cv14: Argument k: 5
[2020-09-16 22:03:18] SCN.cv14: Argument test: False
[2020-09-16 22:03:18] SCN.cv14: Argument normal: True
[2020-09-16 22:03:18] SCN.cv14: Argument diff: False
[2020-09-16 22:03:18] SCN.cv14: Argument times: 40
[2020-09-16 22:03:18] SCN.cv14: Argument datasets: {'ar1': {'lag_order': 15, 'normal': True, 'cov_dim': 0, 'kernel_size': 3}, 'wti': {'lag_order': 25, 'normal': True, 'cov_dim': 0, 'kernel_size': 5}, 'gold': {'lag_order': 25, 'normal': True, 'cov_dim': 0, 'kernel_size': 5}, 'sp': {'lag_order': 25, 'normal': True, 'cov_dim': 0, 'kernel_size': 5}, 'brent': {'lag_order': 24, 'normal': True, 'cov_dim': 0, 'kernel_size': 6}, 'sili': {'lag_order': 26, 'normal': True, 'cov_dim': 0, 'kernel_size': 6}}
[2020-09-16 22:03:18] SCN.cv14: Argument steps: 26
[2020-09-16 22:03:18] SCN.cv14: Argument experiment: 'experiments/normal/sili'
[2020-09-16 22:03:18] SCN.cv14: Argument scaler: StandardScaler()
[2020-09-16 22:03:18] SCN.cv14: Argument model_name: 'SCN_sili_h4'
[2020-09-16 22:03:18] SCN.cv14: Argument model_dir: 'experiments/normal/sili/SCN_sili_h4'
[2020-09-16 22:03:18] SCN.cv14: Argument restore: True
[2020-09-16 22:03:18] SCN.cv14: Argument cv: 14
[2020-09-16 22:03:18] SCN.cv14: Argument plot_dir: 'experiments/normal/sili/SCN_sili_h4/figures'
[2020-09-16 22:03:18] SCN.cv14: Using Cuda...
[2020-09-16 22:03:18] SCN.cv14: Loading complete.
[2020-09-16 22:03:18] SCN.cv14: Model: 
scnModel(
  (loss_fn): MSELoss()
)
[2020-09-16 22:03:18] SCN.cv14: Hidden size: 1 	 
Training MSE: 0.38180128 	 Validating MSE: 1.63909972 	 Best VMSE: 9999.00000000
[2020-09-16 22:03:18] SCN.cv14: Found new best state
[2020-09-16 22:03:18] SCN.cv14: Best vmse: 1.6391
[2020-09-16 22:03:18] SCN.cv14: Checkpoint saved to experiments/normal/sili/SCN_sili_h4
[2020-09-16 22:03:18] SCN.cv14: Hidden size: 2 	 
Training MSE: 0.30713144 	 Validating MSE: 1.51854253 	 Best VMSE: 1.63909972
[2020-09-16 22:03:18] SCN.cv14: Found new best state
[2020-09-16 22:03:18] SCN.cv14: Best vmse: 1.5185
[2020-09-16 22:03:18] SCN.cv14: Checkpoint saved to experiments/normal/sili/SCN_sili_h4
[2020-09-16 22:03:19] SCN.cv14: Hidden size: 3 	 
Training MSE: 0.24717034 	 Validating MSE: 1.09419739 	 Best VMSE: 1.51854253
[2020-09-16 22:03:19] SCN.cv14: Found new best state
[2020-09-16 22:03:19] SCN.cv14: Best vmse: 1.0942
[2020-09-16 22:03:19] SCN.cv14: Checkpoint saved to experiments/normal/sili/SCN_sili_h4
[2020-09-16 22:03:19] SCN.cv14: Hidden size: 4 	 
Training MSE: 0.21779263 	 Validating MSE: 0.88588065 	 Best VMSE: 1.09419739
[2020-09-16 22:03:19] SCN.cv14: Found new best state
[2020-09-16 22:03:19] SCN.cv14: Best vmse: 0.8859
[2020-09-16 22:03:19] SCN.cv14: Checkpoint saved to experiments/normal/sili/SCN_sili_h4
[2020-09-16 22:03:20] SCN.cv14: Hidden size: 5 	 
Training MSE: 0.20912488 	 Validating MSE: 0.85958099 	 Best VMSE: 0.88588065
[2020-09-16 22:03:20] SCN.cv14: Found new best state
[2020-09-16 22:03:20] SCN.cv14: Best vmse: 0.8596
[2020-09-16 22:03:20] SCN.cv14: Checkpoint saved to experiments/normal/sili/SCN_sili_h4
[2020-09-16 22:03:21] SCN.cv14: Hidden size: 6 	 
Training MSE: 0.20154689 	 Validating MSE: 0.78409737 	 Best VMSE: 0.85958099
[2020-09-16 22:03:21] SCN.cv14: Found new best state
[2020-09-16 22:03:21] SCN.cv14: Best vmse: 0.7841
[2020-09-16 22:03:21] SCN.cv14: Checkpoint saved to experiments/normal/sili/SCN_sili_h4
[2020-09-16 22:03:21] SCN.cv14: Hidden size: 7 	 
Training MSE: 0.19363014 	 Validating MSE: 0.75224507 	 Best VMSE: 0.78409737
[2020-09-16 22:03:21] SCN.cv14: Found new best state
[2020-09-16 22:03:21] SCN.cv14: Best vmse: 0.7522
[2020-09-16 22:03:21] SCN.cv14: Checkpoint saved to experiments/normal/sili/SCN_sili_h4
[2020-09-16 22:03:22] SCN.cv14: Hidden size: 8 	 
Training MSE: 0.18884960 	 Validating MSE: 0.70585465 	 Best VMSE: 0.75224507
[2020-09-16 22:03:22] SCN.cv14: Found new best state
[2020-09-16 22:03:22] SCN.cv14: Best vmse: 0.7059
[2020-09-16 22:03:22] SCN.cv14: Checkpoint saved to experiments/normal/sili/SCN_sili_h4
[2020-09-16 22:03:22] SCN.cv14: Hidden size: 9 	 
Training MSE: 0.18173486 	 Validating MSE: 0.67789412 	 Best VMSE: 0.70585465
[2020-09-16 22:03:22] SCN.cv14: Found new best state
[2020-09-16 22:03:22] SCN.cv14: Best vmse: 0.6779
[2020-09-16 22:03:22] SCN.cv14: Checkpoint saved to experiments/normal/sili/SCN_sili_h4
[2020-09-16 22:03:23] SCN.cv14: Hidden size: 10 	 
Training MSE: 0.17943515 	 Validating MSE: 0.65376127 	 Best VMSE: 0.67789412
[2020-09-16 22:03:23] SCN.cv14: Found new best state
[2020-09-16 22:03:23] SCN.cv14: Best vmse: 0.6538
[2020-09-16 22:03:23] SCN.cv14: Checkpoint saved to experiments/normal/sili/SCN_sili_h4
[2020-09-16 22:03:23] SCN.cv14: Hidden size: 11 	 
Training MSE: 0.17632878 	 Validating MSE: 0.62637043 	 Best VMSE: 0.65376127
[2020-09-16 22:03:23] SCN.cv14: Found new best state
[2020-09-16 22:03:23] SCN.cv14: Best vmse: 0.6264
[2020-09-16 22:03:23] SCN.cv14: Checkpoint saved to experiments/normal/sili/SCN_sili_h4
[2020-09-16 22:03:24] SCN.cv14: Hidden size: 12 	 
Training MSE: 0.17299318 	 Validating MSE: 0.61169606 	 Best VMSE: 0.62637043
[2020-09-16 22:03:24] SCN.cv14: Found new best state
[2020-09-16 22:03:24] SCN.cv14: Best vmse: 0.6117
[2020-09-16 22:03:24] SCN.cv14: Checkpoint saved to experiments/normal/sili/SCN_sili_h4
[2020-09-16 22:03:24] SCN.cv14: Hidden size: 13 	 
Training MSE: 0.16932921 	 Validating MSE: 0.60921204 	 Best VMSE: 0.61169606
[2020-09-16 22:03:24] SCN.cv14: Found new best state
[2020-09-16 22:03:24] SCN.cv14: Best vmse: 0.6092
[2020-09-16 22:03:24] SCN.cv14: Checkpoint saved to experiments/normal/sili/SCN_sili_h4
[2020-09-16 22:03:25] SCN.cv14: Hidden size: 14 	 
Training MSE: 0.16527800 	 Validating MSE: 0.59082472 	 Best VMSE: 0.60921204
[2020-09-16 22:03:25] SCN.cv14: Found new best state
[2020-09-16 22:03:25] SCN.cv14: Best vmse: 0.5908
[2020-09-16 22:03:25] SCN.cv14: Checkpoint saved to experiments/normal/sili/SCN_sili_h4
[2020-09-16 22:03:25] SCN.cv14: Hidden size: 15 	 
Training MSE: 0.16359264 	 Validating MSE: 0.59806591 	 Best VMSE: 0.59082472
[2020-09-16 22:03:25] SCN.cv14: Checkpoint saved to experiments/normal/sili/SCN_sili_h4
[2020-09-16 22:03:26] SCN.cv14: Hidden size: 16 	 
Training MSE: 0.16091976 	 Validating MSE: 0.57918531 	 Best VMSE: 0.59082472
[2020-09-16 22:03:26] SCN.cv14: Found new best state
[2020-09-16 22:03:26] SCN.cv14: Best vmse: 0.5792
[2020-09-16 22:03:26] SCN.cv14: Checkpoint saved to experiments/normal/sili/SCN_sili_h4
[2020-09-16 22:03:26] SCN.cv14: Hidden size: 17 	 
Training MSE: 0.15687209 	 Validating MSE: 0.56711233 	 Best VMSE: 0.57918531
[2020-09-16 22:03:26] SCN.cv14: Found new best state
[2020-09-16 22:03:26] SCN.cv14: Best vmse: 0.5671
[2020-09-16 22:03:26] SCN.cv14: Checkpoint saved to experiments/normal/sili/SCN_sili_h4
[2020-09-16 22:03:27] SCN.cv14: Hidden size: 18 	 
Training MSE: 0.15451160 	 Validating MSE: 0.56524193 	 Best VMSE: 0.56711233
[2020-09-16 22:03:27] SCN.cv14: Found new best state
[2020-09-16 22:03:27] SCN.cv14: Best vmse: 0.5652
[2020-09-16 22:03:27] SCN.cv14: Checkpoint saved to experiments/normal/sili/SCN_sili_h4
[2020-09-16 22:03:28] SCN.cv14: Hidden size: 19 	 
Training MSE: 0.15294039 	 Validating MSE: 0.56084567 	 Best VMSE: 0.56524193
[2020-09-16 22:03:28] SCN.cv14: Found new best state
[2020-09-16 22:03:28] SCN.cv14: Best vmse: 0.5608
[2020-09-16 22:03:28] SCN.cv14: Checkpoint saved to experiments/normal/sili/SCN_sili_h4
[2020-09-16 22:03:28] SCN.cv14: Hidden size: 20 	 
Training MSE: 0.15157144 	 Validating MSE: 0.55927670 	 Best VMSE: 0.56084567
[2020-09-16 22:03:28] SCN.cv14: Found new best state
[2020-09-16 22:03:28] SCN.cv14: Best vmse: 0.5593
[2020-09-16 22:03:28] SCN.cv14: Checkpoint saved to experiments/normal/sili/SCN_sili_h4
[2020-09-16 22:03:29] SCN.cv14: Hidden size: 21 	 
Training MSE: 0.14884233 	 Validating MSE: 0.55980289 	 Best VMSE: 0.55927670
[2020-09-16 22:03:29] SCN.cv14: Checkpoint saved to experiments/normal/sili/SCN_sili_h4
[2020-09-16 22:03:29] SCN.cv14: Hidden size: 22 	 
Training MSE: 0.14628245 	 Validating MSE: 0.55129570 	 Best VMSE: 0.55927670
[2020-09-16 22:03:29] SCN.cv14: Found new best state
[2020-09-16 22:03:29] SCN.cv14: Best vmse: 0.5513
[2020-09-16 22:03:29] SCN.cv14: Checkpoint saved to experiments/normal/sili/SCN_sili_h4
[2020-09-16 22:03:30] SCN.cv14: Hidden size: 23 	 
Training MSE: 0.14513485 	 Validating MSE: 0.56304562 	 Best VMSE: 0.55129570
[2020-09-16 22:03:30] SCN.cv14: Checkpoint saved to experiments/normal/sili/SCN_sili_h4
[2020-09-16 22:03:30] SCN.cv14: Hidden size: 24 	 
Training MSE: 0.14341161 	 Validating MSE: 0.56588656 	 Best VMSE: 0.55129570
[2020-09-16 22:03:30] SCN.cv14: Checkpoint saved to experiments/normal/sili/SCN_sili_h4
[2020-09-16 22:03:31] SCN.cv14: Hidden size: 25 	 
Training MSE: 0.14194286 	 Validating MSE: 0.55796814 	 Best VMSE: 0.55129570
[2020-09-16 22:03:31] SCN.cv14: Checkpoint saved to experiments/normal/sili/SCN_sili_h4
[2020-09-16 22:03:31] SCN.cv14: Hidden size: 26 	 
Training MSE: 0.13883683 	 Validating MSE: 0.58464807 	 Best VMSE: 0.55129570
[2020-09-16 22:03:31] SCN.cv14: Checkpoint saved to experiments/normal/sili/SCN_sili_h4
[2020-09-16 22:03:32] SCN.cv14: Hidden size: 27 	 
Training MSE: 0.13688721 	 Validating MSE: 0.56856447 	 Best VMSE: 0.55129570
[2020-09-16 22:03:32] SCN.cv14: Checkpoint saved to experiments/normal/sili/SCN_sili_h4
[2020-09-16 22:03:32] SCN.cv14: Hidden size: 28 	 
Training MSE: 0.13527402 	 Validating MSE: 0.56590718 	 Best VMSE: 0.55129570
[2020-09-16 22:03:32] SCN.cv14: Checkpoint saved to experiments/normal/sili/SCN_sili_h4
[2020-09-16 22:03:33] SCN.cv14: Hidden size: 29 	 
Training MSE: 0.13408896 	 Validating MSE: 0.57727087 	 Best VMSE: 0.55129570
[2020-09-16 22:03:33] SCN.cv14: Checkpoint saved to experiments/normal/sili/SCN_sili_h4
[2020-09-16 22:03:33] SCN.cv14: Hidden size: 30 	 
Training MSE: 0.13176572 	 Validating MSE: 0.61003816 	 Best VMSE: 0.55129570
[2020-09-16 22:03:33] SCN.cv14: Checkpoint saved to experiments/normal/sili/SCN_sili_h4
[2020-09-16 22:03:34] SCN.cv14: Hidden size: 31 	 
Training MSE: 0.13063651 	 Validating MSE: 0.64612556 	 Best VMSE: 0.55129570
[2020-09-16 22:03:34] SCN.cv14: Checkpoint saved to experiments/normal/sili/SCN_sili_h4
[2020-09-16 22:03:34] SCN.cv14: Hidden size: 32 	 
Training MSE: 0.12979470 	 Validating MSE: 0.64389837 	 Best VMSE: 0.55129570
[2020-09-16 22:03:34] SCN.cv14: Checkpoint saved to experiments/normal/sili/SCN_sili_h4
[2020-09-16 22:03:35] SCN.cv14: Hidden size: 33 	 
Training MSE: 0.12865524 	 Validating MSE: 0.64990407 	 Best VMSE: 0.55129570
[2020-09-16 22:03:35] SCN.cv14: Checkpoint saved to experiments/normal/sili/SCN_sili_h4
[2020-09-16 22:03:36] SCN.cv14: Hidden size: 34 	 
Training MSE: 0.12750986 	 Validating MSE: 0.64933252 	 Best VMSE: 0.55129570
[2020-09-16 22:03:36] SCN.cv14: Checkpoint saved to experiments/normal/sili/SCN_sili_h4
[2020-09-16 22:03:36] SCN.cv14: Hidden size: 35 	 
Training MSE: 0.12561615 	 Validating MSE: 0.66483253 	 Best VMSE: 0.55129570
[2020-09-16 22:03:36] SCN.cv14: Checkpoint saved to experiments/normal/sili/SCN_sili_h4
[2020-09-16 22:03:37] SCN.cv14: Hidden size: 36 	 
Training MSE: 0.12369612 	 Validating MSE: 0.69467425 	 Best VMSE: 0.55129570
[2020-09-16 22:03:37] SCN.cv14: Checkpoint saved to experiments/normal/sili/SCN_sili_h4
[2020-09-16 22:03:37] SCN.cv14: Hidden size: 37 	 
Training MSE: 0.12205244 	 Validating MSE: 0.69764262 	 Best VMSE: 0.55129570
[2020-09-16 22:03:37] SCN.cv14: Checkpoint saved to experiments/normal/sili/SCN_sili_h4
[2020-09-16 22:03:38] SCN.cv14: Hidden size: 38 	 
Training MSE: 0.12021290 	 Validating MSE: 0.68647939 	 Best VMSE: 0.55129570
[2020-09-16 22:03:38] SCN.cv14: Checkpoint saved to experiments/normal/sili/SCN_sili_h4
[2020-09-16 22:03:38] SCN.cv14: Hidden size: 39 	 
Training MSE: 0.11930510 	 Validating MSE: 0.67570376 	 Best VMSE: 0.55129570
[2020-09-16 22:03:38] SCN.cv14: Checkpoint saved to experiments/normal/sili/SCN_sili_h4
[2020-09-16 22:03:39] SCN.cv14: Hidden size: 40 	 
Training MSE: 0.11862314 	 Validating MSE: 0.68816656 	 Best VMSE: 0.55129570
[2020-09-16 22:03:39] SCN.cv14: Checkpoint saved to experiments/normal/sili/SCN_sili_h4
[2020-09-16 22:03:39] SCN.cv14: Hidden size: 41 	 
Training MSE: 0.11695933 	 Validating MSE: 0.72221327 	 Best VMSE: 0.55129570
[2020-09-16 22:03:39] SCN.cv14: Checkpoint saved to experiments/normal/sili/SCN_sili_h4
[2020-09-16 22:03:40] SCN.cv14: Hidden size: 42 	 
Training MSE: 0.11575774 	 Validating MSE: 0.71650386 	 Best VMSE: 0.55129570
[2020-09-16 22:03:40] SCN.cv14: Checkpoint saved to experiments/normal/sili/SCN_sili_h4
[2020-09-16 22:03:40] SCN.cv14: Hidden size: 43 	 
Training MSE: 0.11404910 	 Validating MSE: 0.71825838 	 Best VMSE: 0.55129570
[2020-09-16 22:03:40] SCN.cv14: Checkpoint saved to experiments/normal/sili/SCN_sili_h4
[2020-09-16 22:03:41] SCN.cv14: Hidden size: 44 	 
Training MSE: 0.11207949 	 Validating MSE: 0.68157995 	 Best VMSE: 0.55129570
[2020-09-16 22:03:41] SCN.cv14: Checkpoint saved to experiments/normal/sili/SCN_sili_h4
[2020-09-16 22:03:41] SCN.cv14: Hidden size: 45 	 
Training MSE: 0.11140162 	 Validating MSE: 0.70077688 	 Best VMSE: 0.55129570
[2020-09-16 22:03:41] SCN.cv14: Checkpoint saved to experiments/normal/sili/SCN_sili_h4
[2020-09-16 22:03:42] SCN.cv14: Hidden size: 46 	 
Training MSE: 0.11048359 	 Validating MSE: 0.70098722 	 Best VMSE: 0.55129570
[2020-09-16 22:03:42] SCN.cv14: Checkpoint saved to experiments/normal/sili/SCN_sili_h4
[2020-09-16 22:03:42] SCN.cv14: Hidden size: 47 	 
Training MSE: 0.10912542 	 Validating MSE: 0.70752484 	 Best VMSE: 0.55129570
[2020-09-16 22:03:42] SCN.cv14: Checkpoint saved to experiments/normal/sili/SCN_sili_h4
[2020-09-16 22:03:43] SCN.cv14: Hidden size: 48 	 
Training MSE: 0.10784771 	 Validating MSE: 0.70491403 	 Best VMSE: 0.55129570
[2020-09-16 22:03:43] SCN.cv14: Checkpoint saved to experiments/normal/sili/SCN_sili_h4
[2020-09-16 22:03:44] SCN.cv14: Hidden size: 49 	 
Training MSE: 0.10684355 	 Validating MSE: 0.70652890 	 Best VMSE: 0.55129570
[2020-09-16 22:03:44] SCN.cv14: Checkpoint saved to experiments/normal/sili/SCN_sili_h4
[2020-09-16 22:03:44] SCN.cv14: Hidden size: 50 	 
Training MSE: 0.10560634 	 Validating MSE: 0.71380275 	 Best VMSE: 0.55129570
[2020-09-16 22:03:44] SCN.cv14: Checkpoint saved to experiments/normal/sili/SCN_sili_h4
[2020-09-16 22:03:45] SCN.cv14: Hidden size: 51 	 
Training MSE: 0.10491180 	 Validating MSE: 0.72157931 	 Best VMSE: 0.55129570
[2020-09-16 22:03:45] SCN.cv14: Checkpoint saved to experiments/normal/sili/SCN_sili_h4
[2020-09-16 22:03:45] SCN.cv14: Hidden size: 52 	 
Training MSE: 0.10315972 	 Validating MSE: 0.67482054 	 Best VMSE: 0.55129570
[2020-09-16 22:03:45] SCN.cv14: Checkpoint saved to experiments/normal/sili/SCN_sili_h4
[2020-09-16 22:03:46] SCN.cv14: Hidden size: 53 	 
Training MSE: 0.10176016 	 Validating MSE: 0.66474247 	 Best VMSE: 0.55129570
[2020-09-16 22:03:46] SCN.cv14: Checkpoint saved to experiments/normal/sili/SCN_sili_h4
[2020-09-16 22:03:46] SCN.cv14: Hidden size: 54 	 
Training MSE: 0.10071830 	 Validating MSE: 0.69510901 	 Best VMSE: 0.55129570
[2020-09-16 22:03:46] SCN.cv14: Checkpoint saved to experiments/normal/sili/SCN_sili_h4
[2020-09-16 22:03:47] SCN.cv14: Hidden size: 55 	 
Training MSE: 0.09907369 	 Validating MSE: 0.65267873 	 Best VMSE: 0.55129570
[2020-09-16 22:03:47] SCN.cv14: Checkpoint saved to experiments/normal/sili/SCN_sili_h4
[2020-09-16 22:03:47] SCN.cv14: Hidden size: 56 	 
Training MSE: 0.09854335 	 Validating MSE: 0.64485663 	 Best VMSE: 0.55129570
[2020-09-16 22:03:47] SCN.cv14: Checkpoint saved to experiments/normal/sili/SCN_sili_h4
[2020-09-16 22:03:48] SCN.cv14: Hidden size: 57 	 
Training MSE: 0.09765597 	 Validating MSE: 0.63642156 	 Best VMSE: 0.55129570
[2020-09-16 22:03:48] SCN.cv14: Checkpoint saved to experiments/normal/sili/SCN_sili_h4
[2020-09-16 22:03:48] SCN.cv14: Hidden size: 58 	 
Training MSE: 0.09664150 	 Validating MSE: 0.63763005 	 Best VMSE: 0.55129570
[2020-09-16 22:03:48] SCN.cv14: Checkpoint saved to experiments/normal/sili/SCN_sili_h4
[2020-09-16 22:03:49] SCN.cv14: Hidden size: 59 	 
Training MSE: 0.09496193 	 Validating MSE: 0.62861472 	 Best VMSE: 0.55129570
[2020-09-16 22:03:49] SCN.cv14: Checkpoint saved to experiments/normal/sili/SCN_sili_h4
[2020-09-16 22:03:49] SCN.cv14: Hidden size: 60 	 
Training MSE: 0.09423781 	 Validating MSE: 0.62614584 	 Best VMSE: 0.55129570
[2020-09-16 22:03:49] SCN.cv14: Checkpoint saved to experiments/normal/sili/SCN_sili_h4
[2020-09-16 22:03:50] SCN.cv14: Hidden size: 61 	 
Training MSE: 0.09339099 	 Validating MSE: 0.62888277 	 Best VMSE: 0.55129570
[2020-09-16 22:03:50] SCN.cv14: Checkpoint saved to experiments/normal/sili/SCN_sili_h4
[2020-09-16 22:03:50] SCN.cv14: Hidden size: 62 	 
Training MSE: 0.09231836 	 Validating MSE: 0.62552536 	 Best VMSE: 0.55129570
[2020-09-16 22:03:50] SCN.cv14: Checkpoint saved to experiments/normal/sili/SCN_sili_h4
[2020-09-16 22:03:51] SCN.cv14: Hidden size: 63 	 
Training MSE: 0.09132416 	 Validating MSE: 0.64614719 	 Best VMSE: 0.55129570
[2020-09-16 22:03:51] SCN.cv14: Checkpoint saved to experiments/normal/sili/SCN_sili_h4
[2020-09-16 22:03:52] SCN.cv14: Hidden size: 64 	 
Training MSE: 0.09066090 	 Validating MSE: 0.65563679 	 Best VMSE: 0.55129570
[2020-09-16 22:03:52] SCN.cv14: Checkpoint saved to experiments/normal/sili/SCN_sili_h4
[2020-09-16 22:03:52] SCN.cv14: Hidden size: 65 	 
Training MSE: 0.08916514 	 Validating MSE: 0.66155517 	 Best VMSE: 0.55129570
[2020-09-16 22:03:52] SCN.cv14: Checkpoint saved to experiments/normal/sili/SCN_sili_h4
[2020-09-16 22:03:53] SCN.cv14: Hidden size: 66 	 
Training MSE: 0.08842643 	 Validating MSE: 0.67803067 	 Best VMSE: 0.55129570
[2020-09-16 22:03:53] SCN.cv14: Checkpoint saved to experiments/normal/sili/SCN_sili_h4
[2020-09-16 22:03:53] SCN.cv14: Hidden size: 67 	 
Training MSE: 0.08805023 	 Validating MSE: 0.67456049 	 Best VMSE: 0.55129570
[2020-09-16 22:03:53] SCN.cv14: Checkpoint saved to experiments/normal/sili/SCN_sili_h4
[2020-09-16 22:03:54] SCN.cv14: Hidden size: 68 	 
Training MSE: 0.08749066 	 Validating MSE: 0.69782305 	 Best VMSE: 0.55129570
[2020-09-16 22:03:54] SCN.cv14: Checkpoint saved to experiments/normal/sili/SCN_sili_h4
[2020-09-16 22:03:54] SCN.cv14: Hidden size: 69 	 
Training MSE: 0.08676009 	 Validating MSE: 0.71183294 	 Best VMSE: 0.55129570
[2020-09-16 22:03:54] SCN.cv14: Checkpoint saved to experiments/normal/sili/SCN_sili_h4
[2020-09-16 22:03:55] SCN.cv14: Hidden size: 70 	 
Training MSE: 0.08490235 	 Validating MSE: 0.74867660 	 Best VMSE: 0.55129570
[2020-09-16 22:03:55] SCN.cv14: Checkpoint saved to experiments/normal/sili/SCN_sili_h4
[2020-09-16 22:03:55] SCN.cv14: Hidden size: 71 	 
Training MSE: 0.08383942 	 Validating MSE: 0.72727871 	 Best VMSE: 0.55129570
[2020-09-16 22:03:55] SCN.cv14: Checkpoint saved to experiments/normal/sili/SCN_sili_h4
[2020-09-16 22:03:56] SCN.cv14: Hidden size: 72 	 
Training MSE: 0.08318708 	 Validating MSE: 0.75258750 	 Best VMSE: 0.55129570
[2020-09-16 22:03:56] SCN.cv14: Checkpoint saved to experiments/normal/sili/SCN_sili_h4
[2020-09-16 22:03:56] SCN.cv14: Hidden size: 73 	 
Training MSE: 0.08220345 	 Validating MSE: 0.80788052 	 Best VMSE: 0.55129570
[2020-09-16 22:03:56] SCN.cv14: Checkpoint saved to experiments/normal/sili/SCN_sili_h4
[2020-09-16 22:03:57] SCN.cv14: Hidden size: 74 	 
Training MSE: 0.08154313 	 Validating MSE: 0.81418806 	 Best VMSE: 0.55129570
[2020-09-16 22:03:57] SCN.cv14: Checkpoint saved to experiments/normal/sili/SCN_sili_h4
[2020-09-16 22:03:57] SCN.cv14: Hidden size: 75 	 
Training MSE: 0.08071940 	 Validating MSE: 0.88382137 	 Best VMSE: 0.55129570
[2020-09-16 22:03:57] SCN.cv14: Checkpoint saved to experiments/normal/sili/SCN_sili_h4
[2020-09-16 22:03:58] SCN.cv14: Hidden size: 76 	 
Training MSE: 0.07996125 	 Validating MSE: 0.90104431 	 Best VMSE: 0.55129570
[2020-09-16 22:03:58] SCN.cv14: Checkpoint saved to experiments/normal/sili/SCN_sili_h4
[2020-09-16 22:03:59] SCN.cv14: Hidden size: 77 	 
Training MSE: 0.07942185 	 Validating MSE: 0.91172010 	 Best VMSE: 0.55129570
[2020-09-16 22:03:59] SCN.cv14: Checkpoint saved to experiments/normal/sili/SCN_sili_h4
[2020-09-16 22:03:59] SCN.cv14: Hidden size: 78 	 
Training MSE: 0.07862253 	 Validating MSE: 0.92329466 	 Best VMSE: 0.55129570
[2020-09-16 22:03:59] SCN.cv14: Checkpoint saved to experiments/normal/sili/SCN_sili_h4
[2020-09-16 22:04:00] SCN.cv14: Hidden size: 79 	 
Training MSE: 0.07775380 	 Validating MSE: 0.94832772 	 Best VMSE: 0.55129570
[2020-09-16 22:04:00] SCN.cv14: Checkpoint saved to experiments/normal/sili/SCN_sili_h4
[2020-09-16 22:04:00] SCN.cv14: Hidden size: 80 	 
Training MSE: 0.07707825 	 Validating MSE: 0.95516020 	 Best VMSE: 0.55129570
[2020-09-16 22:04:00] SCN.cv14: Checkpoint saved to experiments/normal/sili/SCN_sili_h4
[2020-09-16 22:04:01] SCN.cv14: Hidden size: 81 	 
Training MSE: 0.07612845 	 Validating MSE: 0.98488402 	 Best VMSE: 0.55129570
[2020-09-16 22:04:01] SCN.cv14: Checkpoint saved to experiments/normal/sili/SCN_sili_h4
[2020-09-16 22:04:01] SCN.cv14: Hidden size: 82 	 
Training MSE: 0.07580899 	 Validating MSE: 0.99476230 	 Best VMSE: 0.55129570
[2020-09-16 22:04:01] SCN.cv14: Checkpoint saved to experiments/normal/sili/SCN_sili_h4
[2020-09-16 22:04:02] SCN.cv14: Hidden size: 83 	 
Training MSE: 0.07515241 	 Validating MSE: 1.00094950 	 Best VMSE: 0.55129570
[2020-09-16 22:04:02] SCN.cv14: Checkpoint saved to experiments/normal/sili/SCN_sili_h4
[2020-09-16 22:04:02] SCN.cv14: Hidden size: 84 	 
Training MSE: 0.07391847 	 Validating MSE: 1.07914746 	 Best VMSE: 0.55129570
[2020-09-16 22:04:02] SCN.cv14: Checkpoint saved to experiments/normal/sili/SCN_sili_h4
[2020-09-16 22:04:03] SCN.cv14: Hidden size: 85 	 
Training MSE: 0.07336134 	 Validating MSE: 1.13414013 	 Best VMSE: 0.55129570
[2020-09-16 22:04:03] SCN.cv14: Checkpoint saved to experiments/normal/sili/SCN_sili_h4
[2020-09-16 22:04:03] SCN.cv14: Hidden size: 86 	 
Training MSE: 0.07258841 	 Validating MSE: 1.12806427 	 Best VMSE: 0.55129570
[2020-09-16 22:04:03] SCN.cv14: Checkpoint saved to experiments/normal/sili/SCN_sili_h4
[2020-09-16 22:04:04] SCN.cv14: Hidden size: 87 	 
Training MSE: 0.07163506 	 Validating MSE: 1.16957021 	 Best VMSE: 0.55129570
[2020-09-16 22:04:04] SCN.cv14: Checkpoint saved to experiments/normal/sili/SCN_sili_h4
[2020-09-16 22:04:04] SCN.cv14: Hidden size: 88 	 
Training MSE: 0.07116917 	 Validating MSE: 1.16515124 	 Best VMSE: 0.55129570
[2020-09-16 22:04:04] SCN.cv14: Checkpoint saved to experiments/normal/sili/SCN_sili_h4
[2020-09-16 22:04:05] SCN.cv14: Hidden size: 89 	 
Training MSE: 0.07083476 	 Validating MSE: 1.18301737 	 Best VMSE: 0.55129570
[2020-09-16 22:04:05] SCN.cv14: Checkpoint saved to experiments/normal/sili/SCN_sili_h4
[2020-09-16 22:04:05] SCN.cv14: Hidden size: 90 	 
Training MSE: 0.07015422 	 Validating MSE: 1.18889594 	 Best VMSE: 0.55129570
[2020-09-16 22:04:05] SCN.cv14: Checkpoint saved to experiments/normal/sili/SCN_sili_h4
[2020-09-16 22:04:06] SCN.cv14: Hidden size: 91 	 
Training MSE: 0.06923278 	 Validating MSE: 1.20889676 	 Best VMSE: 0.55129570
[2020-09-16 22:04:06] SCN.cv14: Checkpoint saved to experiments/normal/sili/SCN_sili_h4
[2020-09-16 22:04:07] SCN.cv14: Hidden size: 92 	 
Training MSE: 0.06824803 	 Validating MSE: 1.19514811 	 Best VMSE: 0.55129570
[2020-09-16 22:04:07] SCN.cv14: Checkpoint saved to experiments/normal/sili/SCN_sili_h4
[2020-09-16 22:04:07] SCN.cv14: Hidden size: 93 	 
Training MSE: 0.06758031 	 Validating MSE: 1.29819584 	 Best VMSE: 0.55129570
[2020-09-16 22:04:07] SCN.cv14: Checkpoint saved to experiments/normal/sili/SCN_sili_h4
[2020-09-16 22:04:08] SCN.cv14: Hidden size: 94 	 
Training MSE: 0.06683750 	 Validating MSE: 1.35861290 	 Best VMSE: 0.55129570
[2020-09-16 22:04:08] SCN.cv14: Checkpoint saved to experiments/normal/sili/SCN_sili_h4
[2020-09-16 22:04:08] SCN.cv14: Hidden size: 95 	 
Training MSE: 0.06561657 	 Validating MSE: 1.52289188 	 Best VMSE: 0.55129570
[2020-09-16 22:04:08] SCN.cv14: Checkpoint saved to experiments/normal/sili/SCN_sili_h4
[2020-09-16 22:04:09] SCN.cv14: Hidden size: 96 	 
Training MSE: 0.06470062 	 Validating MSE: 1.61108434 	 Best VMSE: 0.55129570
[2020-09-16 22:04:09] SCN.cv14: Checkpoint saved to experiments/normal/sili/SCN_sili_h4
[2020-09-16 22:04:09] SCN.cv14: Hidden size: 97 	 
Training MSE: 0.06427915 	 Validating MSE: 1.60134697 	 Best VMSE: 0.55129570
[2020-09-16 22:04:09] SCN.cv14: Checkpoint saved to experiments/normal/sili/SCN_sili_h4
[2020-09-16 22:04:10] SCN.cv14: Hidden size: 98 	 
Training MSE: 0.06371070 	 Validating MSE: 1.65078855 	 Best VMSE: 0.55129570
[2020-09-16 22:04:10] SCN.cv14: Checkpoint saved to experiments/normal/sili/SCN_sili_h4
[2020-09-16 22:04:10] SCN.cv14: Hidden size: 99 	 
Training MSE: 0.06258332 	 Validating MSE: 1.76846385 	 Best VMSE: 0.55129570
[2020-09-16 22:04:10] SCN.cv14: Checkpoint saved to experiments/normal/sili/SCN_sili_h4
[2020-09-16 22:04:11] SCN.cv14: Hidden size: 100 	 
Training MSE: 0.06213306 	 Validating MSE: 1.80545211 	 Best VMSE: 0.55129570
[2020-09-16 22:04:11] SCN.cv14: Checkpoint saved to experiments/normal/sili/SCN_sili_h4
[2020-09-16 22:04:11] SCN.cv14: Restoring best parameters from experiments/normal/sili/SCN_sili_h4/train.cv14.pth.tar
[2020-09-16 22:04:11] SCN.cv14: sili	 H: 4	 Trail: 31 
Testing RMSE: 0.8949 	 MAPE: 0.1517 	 SMAPE: 0.08254
