[2020-09-16 21:42:58] SCN.cv3: Loading the datasets and model for 8th-batch-training
[2020-09-16 21:42:58] SCN.cv3: Argument hidden_size: 100
[2020-09-16 21:42:58] SCN.cv3: Argument candidate_size: 300
[2020-09-16 21:42:58] SCN.cv3: Argument Lambdas: [0.5, 1, 5, 15, 30, 50, 100, 150, 200]
[2020-09-16 21:42:58] SCN.cv3: Argument Lambdas_std: [0.01, 0.05, 0.1, 0.5, 1]
[2020-09-16 21:42:58] SCN.cv3: Argument r: [0.8, 0.9, 0.99, 0.9999, 0.999999]
[2020-09-16 21:42:58] SCN.cv3: Argument tolerance: 0
[2020-09-16 21:42:58] SCN.cv3: Argument device: device(type='cuda')
[2020-09-16 21:42:58] SCN.cv3: Argument dataset: 'sili'
[2020-09-16 21:42:58] SCN.cv3: Argument H: 4
[2020-09-16 21:42:58] SCN.cv3: Argument k: 5
[2020-09-16 21:42:58] SCN.cv3: Argument test: False
[2020-09-16 21:42:58] SCN.cv3: Argument normal: True
[2020-09-16 21:42:58] SCN.cv3: Argument diff: False
[2020-09-16 21:42:58] SCN.cv3: Argument times: 40
[2020-09-16 21:42:58] SCN.cv3: Argument datasets: {'ar1': {'lag_order': 15, 'normal': True, 'cov_dim': 0, 'kernel_size': 3}, 'wti': {'lag_order': 25, 'normal': True, 'cov_dim': 0, 'kernel_size': 5}, 'gold': {'lag_order': 25, 'normal': True, 'cov_dim': 0, 'kernel_size': 5}, 'sp': {'lag_order': 25, 'normal': True, 'cov_dim': 0, 'kernel_size': 5}, 'brent': {'lag_order': 24, 'normal': True, 'cov_dim': 0, 'kernel_size': 6}, 'sili': {'lag_order': 26, 'normal': True, 'cov_dim': 0, 'kernel_size': 6}}
[2020-09-16 21:42:58] SCN.cv3: Argument steps: 26
[2020-09-16 21:42:58] SCN.cv3: Argument experiment: 'experiments/normal/sili'
[2020-09-16 21:42:58] SCN.cv3: Argument scaler: StandardScaler()
[2020-09-16 21:42:58] SCN.cv3: Argument model_name: 'SCN_sili_h4'
[2020-09-16 21:42:58] SCN.cv3: Argument model_dir: 'experiments/normal/sili/SCN_sili_h4'
[2020-09-16 21:42:58] SCN.cv3: Argument restore: True
[2020-09-16 21:42:58] SCN.cv3: Argument cv: 3
[2020-09-16 21:42:58] SCN.cv3: Argument plot_dir: 'experiments/normal/sili/SCN_sili_h4/figures'
[2020-09-16 21:42:58] SCN.cv3: Using Cuda...
[2020-09-16 21:42:58] SCN.cv3: Loading complete.
[2020-09-16 21:42:58] SCN.cv3: Model: 
scnModel(
  (loss_fn): MSELoss()
)
[2020-09-16 21:42:58] SCN.cv3: Hidden size: 1 	 
Training MSE: 0.41664425 	 Validating MSE: 1.45859528 	 Best VMSE: 9999.00000000
[2020-09-16 21:42:58] SCN.cv3: Found new best state
[2020-09-16 21:42:58] SCN.cv3: Best vmse: 1.4586
[2020-09-16 21:42:58] SCN.cv3: Checkpoint saved to experiments/normal/sili/SCN_sili_h4
[2020-09-16 21:42:59] SCN.cv3: Hidden size: 2 	 
Training MSE: 0.31609312 	 Validating MSE: 1.55585063 	 Best VMSE: 1.45859528
[2020-09-16 21:42:59] SCN.cv3: Checkpoint saved to experiments/normal/sili/SCN_sili_h4
[2020-09-16 21:42:59] SCN.cv3: Hidden size: 3 	 
Training MSE: 0.25728819 	 Validating MSE: 1.18036759 	 Best VMSE: 1.45859528
[2020-09-16 21:42:59] SCN.cv3: Found new best state
[2020-09-16 21:42:59] SCN.cv3: Best vmse: 1.1804
[2020-09-16 21:42:59] SCN.cv3: Checkpoint saved to experiments/normal/sili/SCN_sili_h4
[2020-09-16 21:43:00] SCN.cv3: Hidden size: 4 	 
Training MSE: 0.23481794 	 Validating MSE: 0.99213225 	 Best VMSE: 1.18036759
[2020-09-16 21:43:00] SCN.cv3: Found new best state
[2020-09-16 21:43:00] SCN.cv3: Best vmse: 0.9921
[2020-09-16 21:43:00] SCN.cv3: Checkpoint saved to experiments/normal/sili/SCN_sili_h4
[2020-09-16 21:43:01] SCN.cv3: Hidden size: 5 	 
Training MSE: 0.22075105 	 Validating MSE: 0.83674425 	 Best VMSE: 0.99213225
[2020-09-16 21:43:01] SCN.cv3: Found new best state
[2020-09-16 21:43:01] SCN.cv3: Best vmse: 0.8367
[2020-09-16 21:43:01] SCN.cv3: Checkpoint saved to experiments/normal/sili/SCN_sili_h4
[2020-09-16 21:43:01] SCN.cv3: Hidden size: 6 	 
Training MSE: 0.19990487 	 Validating MSE: 0.74692822 	 Best VMSE: 0.83674425
[2020-09-16 21:43:01] SCN.cv3: Found new best state
[2020-09-16 21:43:01] SCN.cv3: Best vmse: 0.7469
[2020-09-16 21:43:01] SCN.cv3: Checkpoint saved to experiments/normal/sili/SCN_sili_h4
[2020-09-16 21:43:02] SCN.cv3: Hidden size: 7 	 
Training MSE: 0.18783748 	 Validating MSE: 0.68651098 	 Best VMSE: 0.74692822
[2020-09-16 21:43:02] SCN.cv3: Found new best state
[2020-09-16 21:43:02] SCN.cv3: Best vmse: 0.6865
[2020-09-16 21:43:02] SCN.cv3: Checkpoint saved to experiments/normal/sili/SCN_sili_h4
[2020-09-16 21:43:02] SCN.cv3: Hidden size: 8 	 
Training MSE: 0.18191755 	 Validating MSE: 0.63833320 	 Best VMSE: 0.68651098
[2020-09-16 21:43:02] SCN.cv3: Found new best state
[2020-09-16 21:43:02] SCN.cv3: Best vmse: 0.6383
[2020-09-16 21:43:02] SCN.cv3: Checkpoint saved to experiments/normal/sili/SCN_sili_h4
[2020-09-16 21:43:03] SCN.cv3: Hidden size: 9 	 
Training MSE: 0.17895685 	 Validating MSE: 0.63585353 	 Best VMSE: 0.63833320
[2020-09-16 21:43:03] SCN.cv3: Found new best state
[2020-09-16 21:43:03] SCN.cv3: Best vmse: 0.6359
[2020-09-16 21:43:03] SCN.cv3: Checkpoint saved to experiments/normal/sili/SCN_sili_h4
[2020-09-16 21:43:03] SCN.cv3: Hidden size: 10 	 
Training MSE: 0.17098676 	 Validating MSE: 0.61071742 	 Best VMSE: 0.63585353
[2020-09-16 21:43:03] SCN.cv3: Found new best state
[2020-09-16 21:43:03] SCN.cv3: Best vmse: 0.6107
[2020-09-16 21:43:03] SCN.cv3: Checkpoint saved to experiments/normal/sili/SCN_sili_h4
[2020-09-16 21:43:04] SCN.cv3: Hidden size: 11 	 
Training MSE: 0.16765861 	 Validating MSE: 0.57094747 	 Best VMSE: 0.61071742
[2020-09-16 21:43:04] SCN.cv3: Found new best state
[2020-09-16 21:43:04] SCN.cv3: Best vmse: 0.5709
[2020-09-16 21:43:04] SCN.cv3: Checkpoint saved to experiments/normal/sili/SCN_sili_h4
[2020-09-16 21:43:04] SCN.cv3: Hidden size: 12 	 
Training MSE: 0.16485685 	 Validating MSE: 0.57874644 	 Best VMSE: 0.57094747
[2020-09-16 21:43:04] SCN.cv3: Checkpoint saved to experiments/normal/sili/SCN_sili_h4
[2020-09-16 21:43:05] SCN.cv3: Hidden size: 13 	 
Training MSE: 0.15931149 	 Validating MSE: 0.58695173 	 Best VMSE: 0.57094747
[2020-09-16 21:43:05] SCN.cv3: Checkpoint saved to experiments/normal/sili/SCN_sili_h4
[2020-09-16 21:43:05] SCN.cv3: Hidden size: 14 	 
Training MSE: 0.15718877 	 Validating MSE: 0.57973295 	 Best VMSE: 0.57094747
[2020-09-16 21:43:05] SCN.cv3: Checkpoint saved to experiments/normal/sili/SCN_sili_h4
[2020-09-16 21:43:06] SCN.cv3: Hidden size: 15 	 
Training MSE: 0.15495011 	 Validating MSE: 0.56866050 	 Best VMSE: 0.57094747
[2020-09-16 21:43:06] SCN.cv3: Found new best state
[2020-09-16 21:43:06] SCN.cv3: Best vmse: 0.5687
[2020-09-16 21:43:06] SCN.cv3: Checkpoint saved to experiments/normal/sili/SCN_sili_h4
[2020-09-16 21:43:06] SCN.cv3: Hidden size: 16 	 
Training MSE: 0.15336971 	 Validating MSE: 0.57092583 	 Best VMSE: 0.56866050
[2020-09-16 21:43:06] SCN.cv3: Checkpoint saved to experiments/normal/sili/SCN_sili_h4
[2020-09-16 21:43:07] SCN.cv3: Hidden size: 17 	 
Training MSE: 0.15049297 	 Validating MSE: 0.55996597 	 Best VMSE: 0.56866050
[2020-09-16 21:43:07] SCN.cv3: Found new best state
[2020-09-16 21:43:07] SCN.cv3: Best vmse: 0.5600
[2020-09-16 21:43:07] SCN.cv3: Checkpoint saved to experiments/normal/sili/SCN_sili_h4
[2020-09-16 21:43:07] SCN.cv3: Hidden size: 18 	 
Training MSE: 0.14703955 	 Validating MSE: 0.55993336 	 Best VMSE: 0.55996597
[2020-09-16 21:43:07] SCN.cv3: Found new best state
[2020-09-16 21:43:07] SCN.cv3: Best vmse: 0.5599
[2020-09-16 21:43:07] SCN.cv3: Checkpoint saved to experiments/normal/sili/SCN_sili_h4
[2020-09-16 21:43:08] SCN.cv3: Hidden size: 19 	 
Training MSE: 0.14387086 	 Validating MSE: 0.56361765 	 Best VMSE: 0.55993336
[2020-09-16 21:43:08] SCN.cv3: Checkpoint saved to experiments/normal/sili/SCN_sili_h4
[2020-09-16 21:43:09] SCN.cv3: Hidden size: 20 	 
Training MSE: 0.14169118 	 Validating MSE: 0.58216906 	 Best VMSE: 0.55993336
[2020-09-16 21:43:09] SCN.cv3: Checkpoint saved to experiments/normal/sili/SCN_sili_h4
[2020-09-16 21:43:09] SCN.cv3: Hidden size: 21 	 
Training MSE: 0.13937853 	 Validating MSE: 0.58861661 	 Best VMSE: 0.55993336
[2020-09-16 21:43:09] SCN.cv3: Checkpoint saved to experiments/normal/sili/SCN_sili_h4
[2020-09-16 21:43:10] SCN.cv3: Hidden size: 22 	 
Training MSE: 0.13775404 	 Validating MSE: 0.59755784 	 Best VMSE: 0.55993336
[2020-09-16 21:43:10] SCN.cv3: Checkpoint saved to experiments/normal/sili/SCN_sili_h4
[2020-09-16 21:43:10] SCN.cv3: Hidden size: 23 	 
Training MSE: 0.13685420 	 Validating MSE: 0.59883785 	 Best VMSE: 0.55993336
[2020-09-16 21:43:10] SCN.cv3: Checkpoint saved to experiments/normal/sili/SCN_sili_h4
[2020-09-16 21:43:11] SCN.cv3: Hidden size: 24 	 
Training MSE: 0.13465452 	 Validating MSE: 0.60886621 	 Best VMSE: 0.55993336
[2020-09-16 21:43:11] SCN.cv3: Checkpoint saved to experiments/normal/sili/SCN_sili_h4
[2020-09-16 21:43:11] SCN.cv3: Hidden size: 25 	 
Training MSE: 0.13247803 	 Validating MSE: 0.60917693 	 Best VMSE: 0.55993336
[2020-09-16 21:43:11] SCN.cv3: Checkpoint saved to experiments/normal/sili/SCN_sili_h4
[2020-09-16 21:43:12] SCN.cv3: Hidden size: 26 	 
Training MSE: 0.13125843 	 Validating MSE: 0.61174840 	 Best VMSE: 0.55993336
[2020-09-16 21:43:12] SCN.cv3: Checkpoint saved to experiments/normal/sili/SCN_sili_h4
[2020-09-16 21:43:12] SCN.cv3: Hidden size: 27 	 
Training MSE: 0.12983297 	 Validating MSE: 0.63101006 	 Best VMSE: 0.55993336
[2020-09-16 21:43:12] SCN.cv3: Checkpoint saved to experiments/normal/sili/SCN_sili_h4
[2020-09-16 21:43:13] SCN.cv3: Hidden size: 28 	 
Training MSE: 0.12833767 	 Validating MSE: 0.63238966 	 Best VMSE: 0.55993336
[2020-09-16 21:43:13] SCN.cv3: Checkpoint saved to experiments/normal/sili/SCN_sili_h4
[2020-09-16 21:43:13] SCN.cv3: Hidden size: 29 	 
Training MSE: 0.12686180 	 Validating MSE: 0.64216697 	 Best VMSE: 0.55993336
[2020-09-16 21:43:13] SCN.cv3: Checkpoint saved to experiments/normal/sili/SCN_sili_h4
[2020-09-16 21:43:14] SCN.cv3: Hidden size: 30 	 
Training MSE: 0.12531513 	 Validating MSE: 0.66971350 	 Best VMSE: 0.55993336
[2020-09-16 21:43:14] SCN.cv3: Checkpoint saved to experiments/normal/sili/SCN_sili_h4
[2020-09-16 21:43:14] SCN.cv3: Hidden size: 31 	 
Training MSE: 0.12407838 	 Validating MSE: 0.64628249 	 Best VMSE: 0.55993336
[2020-09-16 21:43:14] SCN.cv3: Checkpoint saved to experiments/normal/sili/SCN_sili_h4
[2020-09-16 21:43:15] SCN.cv3: Hidden size: 32 	 
Training MSE: 0.12273835 	 Validating MSE: 0.65525395 	 Best VMSE: 0.55993336
[2020-09-16 21:43:15] SCN.cv3: Checkpoint saved to experiments/normal/sili/SCN_sili_h4
[2020-09-16 21:43:15] SCN.cv3: Hidden size: 33 	 
Training MSE: 0.12083395 	 Validating MSE: 0.66099250 	 Best VMSE: 0.55993336
[2020-09-16 21:43:15] SCN.cv3: Checkpoint saved to experiments/normal/sili/SCN_sili_h4
[2020-09-16 21:43:16] SCN.cv3: Hidden size: 34 	 
Training MSE: 0.11969908 	 Validating MSE: 0.66507787 	 Best VMSE: 0.55993336
[2020-09-16 21:43:16] SCN.cv3: Checkpoint saved to experiments/normal/sili/SCN_sili_h4
[2020-09-16 21:43:17] SCN.cv3: Hidden size: 35 	 
Training MSE: 0.11868467 	 Validating MSE: 0.67888486 	 Best VMSE: 0.55993336
[2020-09-16 21:43:17] SCN.cv3: Checkpoint saved to experiments/normal/sili/SCN_sili_h4
[2020-09-16 21:43:17] SCN.cv3: Hidden size: 36 	 
Training MSE: 0.11699699 	 Validating MSE: 0.67694539 	 Best VMSE: 0.55993336
[2020-09-16 21:43:17] SCN.cv3: Checkpoint saved to experiments/normal/sili/SCN_sili_h4
[2020-09-16 21:43:18] SCN.cv3: Hidden size: 37 	 
Training MSE: 0.11629858 	 Validating MSE: 0.68188041 	 Best VMSE: 0.55993336
[2020-09-16 21:43:18] SCN.cv3: Checkpoint saved to experiments/normal/sili/SCN_sili_h4
[2020-09-16 21:43:18] SCN.cv3: Hidden size: 38 	 
Training MSE: 0.11491396 	 Validating MSE: 0.68145216 	 Best VMSE: 0.55993336
[2020-09-16 21:43:18] SCN.cv3: Checkpoint saved to experiments/normal/sili/SCN_sili_h4
[2020-09-16 21:43:19] SCN.cv3: Hidden size: 39 	 
Training MSE: 0.11387695 	 Validating MSE: 0.69384688 	 Best VMSE: 0.55993336
[2020-09-16 21:43:19] SCN.cv3: Checkpoint saved to experiments/normal/sili/SCN_sili_h4
[2020-09-16 21:43:19] SCN.cv3: Hidden size: 40 	 
Training MSE: 0.11271992 	 Validating MSE: 0.69655895 	 Best VMSE: 0.55993336
[2020-09-16 21:43:19] SCN.cv3: Checkpoint saved to experiments/normal/sili/SCN_sili_h4
[2020-09-16 21:43:20] SCN.cv3: Hidden size: 41 	 
Training MSE: 0.11162336 	 Validating MSE: 0.71739912 	 Best VMSE: 0.55993336
[2020-09-16 21:43:20] SCN.cv3: Checkpoint saved to experiments/normal/sili/SCN_sili_h4
[2020-09-16 21:43:20] SCN.cv3: Hidden size: 42 	 
Training MSE: 0.11075835 	 Validating MSE: 0.71238273 	 Best VMSE: 0.55993336
[2020-09-16 21:43:20] SCN.cv3: Checkpoint saved to experiments/normal/sili/SCN_sili_h4
[2020-09-16 21:43:21] SCN.cv3: Hidden size: 43 	 
Training MSE: 0.11027233 	 Validating MSE: 0.72056741 	 Best VMSE: 0.55993336
[2020-09-16 21:43:21] SCN.cv3: Checkpoint saved to experiments/normal/sili/SCN_sili_h4
[2020-09-16 21:43:21] SCN.cv3: Hidden size: 44 	 
Training MSE: 0.10895546 	 Validating MSE: 0.74407500 	 Best VMSE: 0.55993336
[2020-09-16 21:43:21] SCN.cv3: Checkpoint saved to experiments/normal/sili/SCN_sili_h4
[2020-09-16 21:43:22] SCN.cv3: Hidden size: 45 	 
Training MSE: 0.10804629 	 Validating MSE: 0.78434056 	 Best VMSE: 0.55993336
[2020-09-16 21:43:22] SCN.cv3: Checkpoint saved to experiments/normal/sili/SCN_sili_h4
[2020-09-16 21:43:22] SCN.cv3: Hidden size: 46 	 
Training MSE: 0.10690555 	 Validating MSE: 0.83480686 	 Best VMSE: 0.55993336
[2020-09-16 21:43:22] SCN.cv3: Checkpoint saved to experiments/normal/sili/SCN_sili_h4
[2020-09-16 21:43:23] SCN.cv3: Hidden size: 47 	 
Training MSE: 0.10600137 	 Validating MSE: 0.82463491 	 Best VMSE: 0.55993336
[2020-09-16 21:43:23] SCN.cv3: Checkpoint saved to experiments/normal/sili/SCN_sili_h4
[2020-09-16 21:43:23] SCN.cv3: Hidden size: 48 	 
Training MSE: 0.10429559 	 Validating MSE: 0.83448529 	 Best VMSE: 0.55993336
[2020-09-16 21:43:23] SCN.cv3: Checkpoint saved to experiments/normal/sili/SCN_sili_h4
[2020-09-16 21:43:24] SCN.cv3: Hidden size: 49 	 
Training MSE: 0.10330022 	 Validating MSE: 0.83961880 	 Best VMSE: 0.55993336
[2020-09-16 21:43:24] SCN.cv3: Checkpoint saved to experiments/normal/sili/SCN_sili_h4
[2020-09-16 21:43:25] SCN.cv3: Hidden size: 50 	 
Training MSE: 0.10217671 	 Validating MSE: 0.81569803 	 Best VMSE: 0.55993336
[2020-09-16 21:43:25] SCN.cv3: Checkpoint saved to experiments/normal/sili/SCN_sili_h4
[2020-09-16 21:43:25] SCN.cv3: Hidden size: 51 	 
Training MSE: 0.10085447 	 Validating MSE: 0.82374024 	 Best VMSE: 0.55993336
[2020-09-16 21:43:25] SCN.cv3: Checkpoint saved to experiments/normal/sili/SCN_sili_h4
[2020-09-16 21:43:26] SCN.cv3: Hidden size: 52 	 
Training MSE: 0.09939720 	 Validating MSE: 0.86270607 	 Best VMSE: 0.55993336
[2020-09-16 21:43:26] SCN.cv3: Checkpoint saved to experiments/normal/sili/SCN_sili_h4
[2020-09-16 21:43:26] SCN.cv3: Hidden size: 53 	 
Training MSE: 0.09807374 	 Validating MSE: 0.91644835 	 Best VMSE: 0.55993336
[2020-09-16 21:43:26] SCN.cv3: Checkpoint saved to experiments/normal/sili/SCN_sili_h4
[2020-09-16 21:43:27] SCN.cv3: Hidden size: 54 	 
Training MSE: 0.09747681 	 Validating MSE: 0.91298580 	 Best VMSE: 0.55993336
[2020-09-16 21:43:27] SCN.cv3: Checkpoint saved to experiments/normal/sili/SCN_sili_h4
[2020-09-16 21:43:27] SCN.cv3: Hidden size: 55 	 
Training MSE: 0.09645811 	 Validating MSE: 0.88763070 	 Best VMSE: 0.55993336
[2020-09-16 21:43:27] SCN.cv3: Checkpoint saved to experiments/normal/sili/SCN_sili_h4
[2020-09-16 21:43:28] SCN.cv3: Hidden size: 56 	 
Training MSE: 0.09553532 	 Validating MSE: 0.85804892 	 Best VMSE: 0.55993336
[2020-09-16 21:43:28] SCN.cv3: Checkpoint saved to experiments/normal/sili/SCN_sili_h4
[2020-09-16 21:43:28] SCN.cv3: Hidden size: 57 	 
Training MSE: 0.09480660 	 Validating MSE: 0.86871219 	 Best VMSE: 0.55993336
[2020-09-16 21:43:28] SCN.cv3: Checkpoint saved to experiments/normal/sili/SCN_sili_h4
[2020-09-16 21:43:29] SCN.cv3: Hidden size: 58 	 
Training MSE: 0.09439572 	 Validating MSE: 0.86842215 	 Best VMSE: 0.55993336
[2020-09-16 21:43:29] SCN.cv3: Checkpoint saved to experiments/normal/sili/SCN_sili_h4
[2020-09-16 21:43:29] SCN.cv3: Hidden size: 59 	 
Training MSE: 0.09377125 	 Validating MSE: 0.86948478 	 Best VMSE: 0.55993336
[2020-09-16 21:43:29] SCN.cv3: Checkpoint saved to experiments/normal/sili/SCN_sili_h4
[2020-09-16 21:43:30] SCN.cv3: Hidden size: 60 	 
Training MSE: 0.09304389 	 Validating MSE: 0.86982578 	 Best VMSE: 0.55993336
[2020-09-16 21:43:30] SCN.cv3: Checkpoint saved to experiments/normal/sili/SCN_sili_h4
[2020-09-16 21:43:30] SCN.cv3: Hidden size: 61 	 
Training MSE: 0.09186076 	 Validating MSE: 0.96027958 	 Best VMSE: 0.55993336
[2020-09-16 21:43:30] SCN.cv3: Checkpoint saved to experiments/normal/sili/SCN_sili_h4
[2020-09-16 21:43:31] SCN.cv3: Hidden size: 62 	 
Training MSE: 0.09107831 	 Validating MSE: 0.95471936 	 Best VMSE: 0.55993336
[2020-09-16 21:43:31] SCN.cv3: Checkpoint saved to experiments/normal/sili/SCN_sili_h4
[2020-09-16 21:43:31] SCN.cv3: Hidden size: 63 	 
Training MSE: 0.08999839 	 Validating MSE: 0.99575216 	 Best VMSE: 0.55993336
[2020-09-16 21:43:31] SCN.cv3: Checkpoint saved to experiments/normal/sili/SCN_sili_h4
[2020-09-16 21:43:32] SCN.cv3: Hidden size: 64 	 
Training MSE: 0.08895741 	 Validating MSE: 0.99260372 	 Best VMSE: 0.55993336
[2020-09-16 21:43:32] SCN.cv3: Checkpoint saved to experiments/normal/sili/SCN_sili_h4
[2020-09-16 21:43:32] SCN.cv3: Hidden size: 65 	 
Training MSE: 0.08819182 	 Validating MSE: 1.01098919 	 Best VMSE: 0.55993336
[2020-09-16 21:43:32] SCN.cv3: Checkpoint saved to experiments/normal/sili/SCN_sili_h4
[2020-09-16 21:43:33] SCN.cv3: Hidden size: 66 	 
Training MSE: 0.08763814 	 Validating MSE: 0.99447179 	 Best VMSE: 0.55993336
[2020-09-16 21:43:33] SCN.cv3: Checkpoint saved to experiments/normal/sili/SCN_sili_h4
[2020-09-16 21:43:34] SCN.cv3: Hidden size: 67 	 
Training MSE: 0.08711036 	 Validating MSE: 1.00981784 	 Best VMSE: 0.55993336
[2020-09-16 21:43:34] SCN.cv3: Checkpoint saved to experiments/normal/sili/SCN_sili_h4
[2020-09-16 21:43:34] SCN.cv3: Hidden size: 68 	 
Training MSE: 0.08666052 	 Validating MSE: 1.01170719 	 Best VMSE: 0.55993336
[2020-09-16 21:43:34] SCN.cv3: Checkpoint saved to experiments/normal/sili/SCN_sili_h4
[2020-09-16 21:43:35] SCN.cv3: Hidden size: 69 	 
Training MSE: 0.08578067 	 Validating MSE: 1.00581324 	 Best VMSE: 0.55993336
[2020-09-16 21:43:35] SCN.cv3: Checkpoint saved to experiments/normal/sili/SCN_sili_h4
[2020-09-16 21:43:35] SCN.cv3: Hidden size: 70 	 
Training MSE: 0.08439902 	 Validating MSE: 1.07150209 	 Best VMSE: 0.55993336
[2020-09-16 21:43:35] SCN.cv3: Checkpoint saved to experiments/normal/sili/SCN_sili_h4
[2020-09-16 21:43:36] SCN.cv3: Hidden size: 71 	 
Training MSE: 0.08409524 	 Validating MSE: 1.05600631 	 Best VMSE: 0.55993336
[2020-09-16 21:43:36] SCN.cv3: Checkpoint saved to experiments/normal/sili/SCN_sili_h4
[2020-09-16 21:43:36] SCN.cv3: Hidden size: 72 	 
Training MSE: 0.08355883 	 Validating MSE: 1.05864656 	 Best VMSE: 0.55993336
[2020-09-16 21:43:36] SCN.cv3: Checkpoint saved to experiments/normal/sili/SCN_sili_h4
[2020-09-16 21:43:37] SCN.cv3: Hidden size: 73 	 
Training MSE: 0.08314070 	 Validating MSE: 1.07817292 	 Best VMSE: 0.55993336
[2020-09-16 21:43:37] SCN.cv3: Checkpoint saved to experiments/normal/sili/SCN_sili_h4
[2020-09-16 21:43:37] SCN.cv3: Hidden size: 74 	 
Training MSE: 0.08235524 	 Validating MSE: 1.08511102 	 Best VMSE: 0.55993336
[2020-09-16 21:43:37] SCN.cv3: Checkpoint saved to experiments/normal/sili/SCN_sili_h4
[2020-09-16 21:43:38] SCN.cv3: Hidden size: 75 	 
Training MSE: 0.08143463 	 Validating MSE: 1.06650841 	 Best VMSE: 0.55993336
[2020-09-16 21:43:38] SCN.cv3: Checkpoint saved to experiments/normal/sili/SCN_sili_h4
[2020-09-16 21:43:38] SCN.cv3: Hidden size: 76 	 
Training MSE: 0.08060361 	 Validating MSE: 1.12989390 	 Best VMSE: 0.55993336
[2020-09-16 21:43:38] SCN.cv3: Checkpoint saved to experiments/normal/sili/SCN_sili_h4
[2020-09-16 21:43:39] SCN.cv3: Hidden size: 77 	 
Training MSE: 0.08017303 	 Validating MSE: 1.15714478 	 Best VMSE: 0.55993336
[2020-09-16 21:43:39] SCN.cv3: Checkpoint saved to experiments/normal/sili/SCN_sili_h4
[2020-09-16 21:43:39] SCN.cv3: Hidden size: 78 	 
Training MSE: 0.07957191 	 Validating MSE: 1.17524970 	 Best VMSE: 0.55993336
[2020-09-16 21:43:39] SCN.cv3: Checkpoint saved to experiments/normal/sili/SCN_sili_h4
[2020-09-16 21:43:40] SCN.cv3: Hidden size: 79 	 
Training MSE: 0.07864289 	 Validating MSE: 1.17391586 	 Best VMSE: 0.55993336
[2020-09-16 21:43:40] SCN.cv3: Checkpoint saved to experiments/normal/sili/SCN_sili_h4
[2020-09-16 21:43:40] SCN.cv3: Hidden size: 80 	 
Training MSE: 0.07769407 	 Validating MSE: 1.14006603 	 Best VMSE: 0.55993336
[2020-09-16 21:43:40] SCN.cv3: Checkpoint saved to experiments/normal/sili/SCN_sili_h4
[2020-09-16 21:43:41] SCN.cv3: Hidden size: 81 	 
Training MSE: 0.07696878 	 Validating MSE: 1.17803681 	 Best VMSE: 0.55993336
[2020-09-16 21:43:41] SCN.cv3: Checkpoint saved to experiments/normal/sili/SCN_sili_h4
[2020-09-16 21:43:42] SCN.cv3: Hidden size: 82 	 
Training MSE: 0.07655445 	 Validating MSE: 1.18792415 	 Best VMSE: 0.55993336
[2020-09-16 21:43:42] SCN.cv3: Checkpoint saved to experiments/normal/sili/SCN_sili_h4
[2020-09-16 21:43:42] SCN.cv3: Hidden size: 83 	 
Training MSE: 0.07573582 	 Validating MSE: 1.21986151 	 Best VMSE: 0.55993336
[2020-09-16 21:43:42] SCN.cv3: Checkpoint saved to experiments/normal/sili/SCN_sili_h4
[2020-09-16 21:43:43] SCN.cv3: Hidden size: 84 	 
Training MSE: 0.07507458 	 Validating MSE: 1.19824564 	 Best VMSE: 0.55993336
[2020-09-16 21:43:43] SCN.cv3: Checkpoint saved to experiments/normal/sili/SCN_sili_h4
[2020-09-16 21:43:43] SCN.cv3: Hidden size: 85 	 
Training MSE: 0.07450886 	 Validating MSE: 1.23929918 	 Best VMSE: 0.55993336
[2020-09-16 21:43:43] SCN.cv3: Checkpoint saved to experiments/normal/sili/SCN_sili_h4
[2020-09-16 21:43:44] SCN.cv3: Hidden size: 86 	 
Training MSE: 0.07385062 	 Validating MSE: 1.32929671 	 Best VMSE: 0.55993336
[2020-09-16 21:43:44] SCN.cv3: Checkpoint saved to experiments/normal/sili/SCN_sili_h4
[2020-09-16 21:43:44] SCN.cv3: Hidden size: 87 	 
Training MSE: 0.07303729 	 Validating MSE: 1.43719542 	 Best VMSE: 0.55993336
[2020-09-16 21:43:44] SCN.cv3: Checkpoint saved to experiments/normal/sili/SCN_sili_h4
[2020-09-16 21:43:45] SCN.cv3: Hidden size: 88 	 
Training MSE: 0.07197672 	 Validating MSE: 1.49695730 	 Best VMSE: 0.55993336
[2020-09-16 21:43:45] SCN.cv3: Checkpoint saved to experiments/normal/sili/SCN_sili_h4
[2020-09-16 21:43:45] SCN.cv3: Hidden size: 89 	 
Training MSE: 0.07155595 	 Validating MSE: 1.51413798 	 Best VMSE: 0.55993336
[2020-09-16 21:43:45] SCN.cv3: Checkpoint saved to experiments/normal/sili/SCN_sili_h4
[2020-09-16 21:43:46] SCN.cv3: Hidden size: 90 	 
Training MSE: 0.07067823 	 Validating MSE: 1.43174815 	 Best VMSE: 0.55993336
[2020-09-16 21:43:46] SCN.cv3: Checkpoint saved to experiments/normal/sili/SCN_sili_h4
[2020-09-16 21:43:46] SCN.cv3: Hidden size: 91 	 
Training MSE: 0.07033766 	 Validating MSE: 1.44239318 	 Best VMSE: 0.55993336
[2020-09-16 21:43:46] SCN.cv3: Checkpoint saved to experiments/normal/sili/SCN_sili_h4
[2020-09-16 21:43:47] SCN.cv3: Hidden size: 92 	 
Training MSE: 0.06983690 	 Validating MSE: 1.49415696 	 Best VMSE: 0.55993336
[2020-09-16 21:43:47] SCN.cv3: Checkpoint saved to experiments/normal/sili/SCN_sili_h4
[2020-09-16 21:43:47] SCN.cv3: Hidden size: 93 	 
Training MSE: 0.06932500 	 Validating MSE: 1.48320222 	 Best VMSE: 0.55993336
[2020-09-16 21:43:47] SCN.cv3: Checkpoint saved to experiments/normal/sili/SCN_sili_h4
[2020-09-16 21:43:48] SCN.cv3: Hidden size: 94 	 
Training MSE: 0.06881177 	 Validating MSE: 1.50701511 	 Best VMSE: 0.55993336
[2020-09-16 21:43:48] SCN.cv3: Checkpoint saved to experiments/normal/sili/SCN_sili_h4
[2020-09-16 21:43:48] SCN.cv3: Hidden size: 95 	 
Training MSE: 0.06835347 	 Validating MSE: 1.51699054 	 Best VMSE: 0.55993336
[2020-09-16 21:43:48] SCN.cv3: Checkpoint saved to experiments/normal/sili/SCN_sili_h4
[2020-09-16 21:43:49] SCN.cv3: Hidden size: 96 	 
Training MSE: 0.06788149 	 Validating MSE: 1.52924395 	 Best VMSE: 0.55993336
[2020-09-16 21:43:49] SCN.cv3: Checkpoint saved to experiments/normal/sili/SCN_sili_h4
[2020-09-16 21:43:50] SCN.cv3: Hidden size: 97 	 
Training MSE: 0.06743828 	 Validating MSE: 1.50003350 	 Best VMSE: 0.55993336
[2020-09-16 21:43:50] SCN.cv3: Checkpoint saved to experiments/normal/sili/SCN_sili_h4
[2020-09-16 21:43:50] SCN.cv3: Hidden size: 98 	 
Training MSE: 0.06686035 	 Validating MSE: 1.52682638 	 Best VMSE: 0.55993336
[2020-09-16 21:43:50] SCN.cv3: Checkpoint saved to experiments/normal/sili/SCN_sili_h4
[2020-09-16 21:43:51] SCN.cv3: Hidden size: 99 	 
Training MSE: 0.06581292 	 Validating MSE: 1.56310570 	 Best VMSE: 0.55993336
[2020-09-16 21:43:51] SCN.cv3: Checkpoint saved to experiments/normal/sili/SCN_sili_h4
[2020-09-16 21:43:51] SCN.cv3: Hidden size: 100 	 
Training MSE: 0.06512700 	 Validating MSE: 1.59217608 	 Best VMSE: 0.55993336
[2020-09-16 21:43:51] SCN.cv3: Checkpoint saved to experiments/normal/sili/SCN_sili_h4
[2020-09-16 21:43:51] SCN.cv3: Restoring best parameters from experiments/normal/sili/SCN_sili_h4/train.cv3.pth.tar
[2020-09-16 21:43:51] SCN.cv3: sili	 H: 4	 Trail: 8 
Testing RMSE: 0.9011 	 MAPE: 0.1512 	 SMAPE: 0.0819
