[2020-09-16 22:05:49] SCN.cv16: Loading the datasets and model for 34th-batch-training
[2020-09-16 22:05:49] SCN.cv16: Argument hidden_size: 100
[2020-09-16 22:05:49] SCN.cv16: Argument candidate_size: 300
[2020-09-16 22:05:49] SCN.cv16: Argument Lambdas: [0.5, 1, 5, 15, 30, 50, 100, 150, 200]
[2020-09-16 22:05:49] SCN.cv16: Argument Lambdas_std: [0.01, 0.05, 0.1, 0.5, 1]
[2020-09-16 22:05:49] SCN.cv16: Argument r: [0.8, 0.9, 0.99, 0.9999, 0.999999]
[2020-09-16 22:05:49] SCN.cv16: Argument tolerance: 0
[2020-09-16 22:05:49] SCN.cv16: Argument device: device(type='cuda')
[2020-09-16 22:05:49] SCN.cv16: Argument dataset: 'sili'
[2020-09-16 22:05:49] SCN.cv16: Argument H: 4
[2020-09-16 22:05:49] SCN.cv16: Argument k: 5
[2020-09-16 22:05:49] SCN.cv16: Argument test: False
[2020-09-16 22:05:49] SCN.cv16: Argument normal: True
[2020-09-16 22:05:49] SCN.cv16: Argument diff: False
[2020-09-16 22:05:49] SCN.cv16: Argument times: 40
[2020-09-16 22:05:49] SCN.cv16: Argument datasets: {'ar1': {'lag_order': 15, 'normal': True, 'cov_dim': 0, 'kernel_size': 3}, 'wti': {'lag_order': 25, 'normal': True, 'cov_dim': 0, 'kernel_size': 5}, 'gold': {'lag_order': 25, 'normal': True, 'cov_dim': 0, 'kernel_size': 5}, 'sp': {'lag_order': 25, 'normal': True, 'cov_dim': 0, 'kernel_size': 5}, 'brent': {'lag_order': 24, 'normal': True, 'cov_dim': 0, 'kernel_size': 6}, 'sili': {'lag_order': 26, 'normal': True, 'cov_dim': 0, 'kernel_size': 6}}
[2020-09-16 22:05:49] SCN.cv16: Argument steps: 26
[2020-09-16 22:05:49] SCN.cv16: Argument experiment: 'experiments/normal/sili'
[2020-09-16 22:05:49] SCN.cv16: Argument scaler: StandardScaler()
[2020-09-16 22:05:49] SCN.cv16: Argument model_name: 'SCN_sili_h4'
[2020-09-16 22:05:49] SCN.cv16: Argument model_dir: 'experiments/normal/sili/SCN_sili_h4'
[2020-09-16 22:05:49] SCN.cv16: Argument restore: True
[2020-09-16 22:05:49] SCN.cv16: Argument cv: 16
[2020-09-16 22:05:49] SCN.cv16: Argument plot_dir: 'experiments/normal/sili/SCN_sili_h4/figures'
[2020-09-16 22:05:49] SCN.cv16: Using Cuda...
[2020-09-16 22:05:49] SCN.cv16: Loading complete.
[2020-09-16 22:05:49] SCN.cv16: Model: 
scnModel(
  (loss_fn): MSELoss()
)
[2020-09-16 22:05:49] SCN.cv16: Hidden size: 1 	 
Training MSE: 0.35966602 	 Validating MSE: 1.46079326 	 Best VMSE: 9999.00000000
[2020-09-16 22:05:49] SCN.cv16: Found new best state
[2020-09-16 22:05:49] SCN.cv16: Best vmse: 1.4608
[2020-09-16 22:05:49] SCN.cv16: Checkpoint saved to experiments/normal/sili/SCN_sili_h4
[2020-09-16 22:05:49] SCN.cv16: Hidden size: 2 	 
Training MSE: 0.24644451 	 Validating MSE: 0.99995685 	 Best VMSE: 1.46079326
[2020-09-16 22:05:49] SCN.cv16: Found new best state
[2020-09-16 22:05:49] SCN.cv16: Best vmse: 1.0000
[2020-09-16 22:05:49] SCN.cv16: Checkpoint saved to experiments/normal/sili/SCN_sili_h4
[2020-09-16 22:05:49] SCN.cv16: Hidden size: 3 	 
Training MSE: 0.22808890 	 Validating MSE: 0.88067061 	 Best VMSE: 0.99995685
[2020-09-16 22:05:49] SCN.cv16: Found new best state
[2020-09-16 22:05:49] SCN.cv16: Best vmse: 0.8807
[2020-09-16 22:05:49] SCN.cv16: Checkpoint saved to experiments/normal/sili/SCN_sili_h4
[2020-09-16 22:05:50] SCN.cv16: Hidden size: 4 	 
Training MSE: 0.20780134 	 Validating MSE: 0.83193064 	 Best VMSE: 0.88067061
[2020-09-16 22:05:50] SCN.cv16: Found new best state
[2020-09-16 22:05:50] SCN.cv16: Best vmse: 0.8319
[2020-09-16 22:05:50] SCN.cv16: Checkpoint saved to experiments/normal/sili/SCN_sili_h4
[2020-09-16 22:05:50] SCN.cv16: Hidden size: 5 	 
Training MSE: 0.19866869 	 Validating MSE: 0.68940234 	 Best VMSE: 0.83193064
[2020-09-16 22:05:50] SCN.cv16: Found new best state
[2020-09-16 22:05:50] SCN.cv16: Best vmse: 0.6894
[2020-09-16 22:05:50] SCN.cv16: Checkpoint saved to experiments/normal/sili/SCN_sili_h4
[2020-09-16 22:05:51] SCN.cv16: Hidden size: 6 	 
Training MSE: 0.19350153 	 Validating MSE: 0.72367924 	 Best VMSE: 0.68940234
[2020-09-16 22:05:51] SCN.cv16: Checkpoint saved to experiments/normal/sili/SCN_sili_h4
[2020-09-16 22:05:51] SCN.cv16: Hidden size: 7 	 
Training MSE: 0.18439409 	 Validating MSE: 0.66158146 	 Best VMSE: 0.68940234
[2020-09-16 22:05:51] SCN.cv16: Found new best state
[2020-09-16 22:05:51] SCN.cv16: Best vmse: 0.6616
[2020-09-16 22:05:51] SCN.cv16: Checkpoint saved to experiments/normal/sili/SCN_sili_h4
[2020-09-16 22:05:52] SCN.cv16: Hidden size: 8 	 
Training MSE: 0.17678191 	 Validating MSE: 0.63410580 	 Best VMSE: 0.66158146
[2020-09-16 22:05:52] SCN.cv16: Found new best state
[2020-09-16 22:05:52] SCN.cv16: Best vmse: 0.6341
[2020-09-16 22:05:52] SCN.cv16: Checkpoint saved to experiments/normal/sili/SCN_sili_h4
[2020-09-16 22:05:52] SCN.cv16: Hidden size: 9 	 
Training MSE: 0.17025150 	 Validating MSE: 0.61256129 	 Best VMSE: 0.63410580
[2020-09-16 22:05:52] SCN.cv16: Found new best state
[2020-09-16 22:05:52] SCN.cv16: Best vmse: 0.6126
[2020-09-16 22:05:52] SCN.cv16: Checkpoint saved to experiments/normal/sili/SCN_sili_h4
[2020-09-16 22:05:53] SCN.cv16: Hidden size: 10 	 
Training MSE: 0.16547556 	 Validating MSE: 0.60545915 	 Best VMSE: 0.61256129
[2020-09-16 22:05:53] SCN.cv16: Found new best state
[2020-09-16 22:05:53] SCN.cv16: Best vmse: 0.6055
[2020-09-16 22:05:53] SCN.cv16: Checkpoint saved to experiments/normal/sili/SCN_sili_h4
[2020-09-16 22:05:53] SCN.cv16: Hidden size: 11 	 
Training MSE: 0.15987003 	 Validating MSE: 0.62621117 	 Best VMSE: 0.60545915
[2020-09-16 22:05:53] SCN.cv16: Checkpoint saved to experiments/normal/sili/SCN_sili_h4
[2020-09-16 22:05:54] SCN.cv16: Hidden size: 12 	 
Training MSE: 0.15546784 	 Validating MSE: 0.63797259 	 Best VMSE: 0.60545915
[2020-09-16 22:05:54] SCN.cv16: Checkpoint saved to experiments/normal/sili/SCN_sili_h4
[2020-09-16 22:05:54] SCN.cv16: Hidden size: 13 	 
Training MSE: 0.15347306 	 Validating MSE: 0.64212930 	 Best VMSE: 0.60545915
[2020-09-16 22:05:54] SCN.cv16: Checkpoint saved to experiments/normal/sili/SCN_sili_h4
[2020-09-16 22:05:54] SCN.cv16: Hidden size: 14 	 
Training MSE: 0.15110771 	 Validating MSE: 0.62700856 	 Best VMSE: 0.60545915
[2020-09-16 22:05:54] SCN.cv16: Checkpoint saved to experiments/normal/sili/SCN_sili_h4
[2020-09-16 22:05:55] SCN.cv16: Hidden size: 15 	 
Training MSE: 0.14860468 	 Validating MSE: 0.62298852 	 Best VMSE: 0.60545915
[2020-09-16 22:05:55] SCN.cv16: Checkpoint saved to experiments/normal/sili/SCN_sili_h4
[2020-09-16 22:05:55] SCN.cv16: Hidden size: 16 	 
Training MSE: 0.14673606 	 Validating MSE: 0.61215729 	 Best VMSE: 0.60545915
[2020-09-16 22:05:55] SCN.cv16: Checkpoint saved to experiments/normal/sili/SCN_sili_h4
[2020-09-16 22:05:56] SCN.cv16: Hidden size: 17 	 
Training MSE: 0.14456461 	 Validating MSE: 0.60017532 	 Best VMSE: 0.60545915
[2020-09-16 22:05:56] SCN.cv16: Found new best state
[2020-09-16 22:05:56] SCN.cv16: Best vmse: 0.6002
[2020-09-16 22:05:56] SCN.cv16: Checkpoint saved to experiments/normal/sili/SCN_sili_h4
[2020-09-16 22:05:56] SCN.cv16: Hidden size: 18 	 
Training MSE: 0.14267896 	 Validating MSE: 0.61065608 	 Best VMSE: 0.60017532
[2020-09-16 22:05:56] SCN.cv16: Checkpoint saved to experiments/normal/sili/SCN_sili_h4
[2020-09-16 22:05:57] SCN.cv16: Hidden size: 19 	 
Training MSE: 0.13976064 	 Validating MSE: 0.64291632 	 Best VMSE: 0.60017532
[2020-09-16 22:05:57] SCN.cv16: Checkpoint saved to experiments/normal/sili/SCN_sili_h4
[2020-09-16 22:05:57] SCN.cv16: Hidden size: 20 	 
Training MSE: 0.13915870 	 Validating MSE: 0.64350075 	 Best VMSE: 0.60017532
[2020-09-16 22:05:57] SCN.cv16: Checkpoint saved to experiments/normal/sili/SCN_sili_h4
[2020-09-16 22:05:58] SCN.cv16: Hidden size: 21 	 
Training MSE: 0.13703942 	 Validating MSE: 0.64258659 	 Best VMSE: 0.60017532
[2020-09-16 22:05:58] SCN.cv16: Checkpoint saved to experiments/normal/sili/SCN_sili_h4
[2020-09-16 22:05:58] SCN.cv16: Hidden size: 22 	 
Training MSE: 0.13616738 	 Validating MSE: 0.64501840 	 Best VMSE: 0.60017532
[2020-09-16 22:05:58] SCN.cv16: Checkpoint saved to experiments/normal/sili/SCN_sili_h4
[2020-09-16 22:05:59] SCN.cv16: Hidden size: 23 	 
Training MSE: 0.13420175 	 Validating MSE: 0.64740425 	 Best VMSE: 0.60017532
[2020-09-16 22:05:59] SCN.cv16: Checkpoint saved to experiments/normal/sili/SCN_sili_h4
[2020-09-16 22:05:59] SCN.cv16: Hidden size: 24 	 
Training MSE: 0.13288279 	 Validating MSE: 0.65567869 	 Best VMSE: 0.60017532
[2020-09-16 22:05:59] SCN.cv16: Checkpoint saved to experiments/normal/sili/SCN_sili_h4
[2020-09-16 22:05:59] SCN.cv16: Hidden size: 25 	 
Training MSE: 0.13197464 	 Validating MSE: 0.66581988 	 Best VMSE: 0.60017532
[2020-09-16 22:05:59] SCN.cv16: Checkpoint saved to experiments/normal/sili/SCN_sili_h4
[2020-09-16 22:06:00] SCN.cv16: Hidden size: 26 	 
Training MSE: 0.13029310 	 Validating MSE: 0.69332254 	 Best VMSE: 0.60017532
[2020-09-16 22:06:00] SCN.cv16: Checkpoint saved to experiments/normal/sili/SCN_sili_h4
[2020-09-16 22:06:00] SCN.cv16: Hidden size: 27 	 
Training MSE: 0.12896894 	 Validating MSE: 0.73176593 	 Best VMSE: 0.60017532
[2020-09-16 22:06:00] SCN.cv16: Checkpoint saved to experiments/normal/sili/SCN_sili_h4
[2020-09-16 22:06:01] SCN.cv16: Hidden size: 28 	 
Training MSE: 0.12829703 	 Validating MSE: 0.74827778 	 Best VMSE: 0.60017532
[2020-09-16 22:06:01] SCN.cv16: Checkpoint saved to experiments/normal/sili/SCN_sili_h4
[2020-09-16 22:06:01] SCN.cv16: Hidden size: 29 	 
Training MSE: 0.12753527 	 Validating MSE: 0.78416383 	 Best VMSE: 0.60017532
[2020-09-16 22:06:01] SCN.cv16: Checkpoint saved to experiments/normal/sili/SCN_sili_h4
[2020-09-16 22:06:02] SCN.cv16: Hidden size: 30 	 
Training MSE: 0.12570968 	 Validating MSE: 0.83884329 	 Best VMSE: 0.60017532
[2020-09-16 22:06:02] SCN.cv16: Checkpoint saved to experiments/normal/sili/SCN_sili_h4
[2020-09-16 22:06:02] SCN.cv16: Hidden size: 31 	 
Training MSE: 0.12425639 	 Validating MSE: 0.94066703 	 Best VMSE: 0.60017532
[2020-09-16 22:06:02] SCN.cv16: Checkpoint saved to experiments/normal/sili/SCN_sili_h4
[2020-09-16 22:06:03] SCN.cv16: Hidden size: 32 	 
Training MSE: 0.12284110 	 Validating MSE: 1.00941145 	 Best VMSE: 0.60017532
[2020-09-16 22:06:03] SCN.cv16: Checkpoint saved to experiments/normal/sili/SCN_sili_h4
[2020-09-16 22:06:03] SCN.cv16: Hidden size: 33 	 
Training MSE: 0.12099542 	 Validating MSE: 1.08657956 	 Best VMSE: 0.60017532
[2020-09-16 22:06:03] SCN.cv16: Checkpoint saved to experiments/normal/sili/SCN_sili_h4
[2020-09-16 22:06:04] SCN.cv16: Hidden size: 34 	 
Training MSE: 0.11883665 	 Validating MSE: 1.15878236 	 Best VMSE: 0.60017532
[2020-09-16 22:06:04] SCN.cv16: Checkpoint saved to experiments/normal/sili/SCN_sili_h4
[2020-09-16 22:06:04] SCN.cv16: Hidden size: 35 	 
Training MSE: 0.11781625 	 Validating MSE: 1.18499422 	 Best VMSE: 0.60017532
[2020-09-16 22:06:04] SCN.cv16: Checkpoint saved to experiments/normal/sili/SCN_sili_h4
[2020-09-16 22:06:04] SCN.cv16: Hidden size: 36 	 
Training MSE: 0.11651108 	 Validating MSE: 1.23322642 	 Best VMSE: 0.60017532
[2020-09-16 22:06:04] SCN.cv16: Checkpoint saved to experiments/normal/sili/SCN_sili_h4
[2020-09-16 22:06:05] SCN.cv16: Hidden size: 37 	 
Training MSE: 0.11473569 	 Validating MSE: 1.28403103 	 Best VMSE: 0.60017532
[2020-09-16 22:06:05] SCN.cv16: Checkpoint saved to experiments/normal/sili/SCN_sili_h4
[2020-09-16 22:06:05] SCN.cv16: Hidden size: 38 	 
Training MSE: 0.11327859 	 Validating MSE: 1.38021421 	 Best VMSE: 0.60017532
[2020-09-16 22:06:05] SCN.cv16: Checkpoint saved to experiments/normal/sili/SCN_sili_h4
[2020-09-16 22:06:06] SCN.cv16: Hidden size: 39 	 
Training MSE: 0.11239871 	 Validating MSE: 1.42707288 	 Best VMSE: 0.60017532
[2020-09-16 22:06:06] SCN.cv16: Checkpoint saved to experiments/normal/sili/SCN_sili_h4
[2020-09-16 22:06:06] SCN.cv16: Hidden size: 40 	 
Training MSE: 0.11187577 	 Validating MSE: 1.41430140 	 Best VMSE: 0.60017532
[2020-09-16 22:06:06] SCN.cv16: Checkpoint saved to experiments/normal/sili/SCN_sili_h4
[2020-09-16 22:06:07] SCN.cv16: Hidden size: 41 	 
Training MSE: 0.11080476 	 Validating MSE: 1.41327560 	 Best VMSE: 0.60017532
[2020-09-16 22:06:07] SCN.cv16: Checkpoint saved to experiments/normal/sili/SCN_sili_h4
[2020-09-16 22:06:07] SCN.cv16: Hidden size: 42 	 
Training MSE: 0.10997419 	 Validating MSE: 1.53689766 	 Best VMSE: 0.60017532
[2020-09-16 22:06:07] SCN.cv16: Checkpoint saved to experiments/normal/sili/SCN_sili_h4
[2020-09-16 22:06:08] SCN.cv16: Hidden size: 43 	 
Training MSE: 0.10912459 	 Validating MSE: 1.58700299 	 Best VMSE: 0.60017532
[2020-09-16 22:06:08] SCN.cv16: Checkpoint saved to experiments/normal/sili/SCN_sili_h4
[2020-09-16 22:06:08] SCN.cv16: Hidden size: 44 	 
Training MSE: 0.10693362 	 Validating MSE: 1.69277585 	 Best VMSE: 0.60017532
[2020-09-16 22:06:08] SCN.cv16: Checkpoint saved to experiments/normal/sili/SCN_sili_h4
[2020-09-16 22:06:08] SCN.cv16: Hidden size: 45 	 
Training MSE: 0.10614192 	 Validating MSE: 1.73510897 	 Best VMSE: 0.60017532
[2020-09-16 22:06:08] SCN.cv16: Checkpoint saved to experiments/normal/sili/SCN_sili_h4
[2020-09-16 22:06:09] SCN.cv16: Hidden size: 46 	 
Training MSE: 0.10562596 	 Validating MSE: 1.73990881 	 Best VMSE: 0.60017532
[2020-09-16 22:06:09] SCN.cv16: Checkpoint saved to experiments/normal/sili/SCN_sili_h4
[2020-09-16 22:06:09] SCN.cv16: Hidden size: 47 	 
Training MSE: 0.10491636 	 Validating MSE: 1.76847839 	 Best VMSE: 0.60017532
[2020-09-16 22:06:09] SCN.cv16: Checkpoint saved to experiments/normal/sili/SCN_sili_h4
[2020-09-16 22:06:10] SCN.cv16: Hidden size: 48 	 
Training MSE: 0.10416457 	 Validating MSE: 1.72668195 	 Best VMSE: 0.60017532
[2020-09-16 22:06:10] SCN.cv16: Checkpoint saved to experiments/normal/sili/SCN_sili_h4
[2020-09-16 22:06:10] SCN.cv16: Hidden size: 49 	 
Training MSE: 0.10287903 	 Validating MSE: 1.77869666 	 Best VMSE: 0.60017532
[2020-09-16 22:06:10] SCN.cv16: Checkpoint saved to experiments/normal/sili/SCN_sili_h4
[2020-09-16 22:06:11] SCN.cv16: Hidden size: 50 	 
Training MSE: 0.10217671 	 Validating MSE: 1.84695148 	 Best VMSE: 0.60017532
[2020-09-16 22:06:11] SCN.cv16: Checkpoint saved to experiments/normal/sili/SCN_sili_h4
[2020-09-16 22:06:11] SCN.cv16: Hidden size: 51 	 
Training MSE: 0.10084887 	 Validating MSE: 1.83054626 	 Best VMSE: 0.60017532
[2020-09-16 22:06:11] SCN.cv16: Checkpoint saved to experiments/normal/sili/SCN_sili_h4
[2020-09-16 22:06:12] SCN.cv16: Hidden size: 52 	 
Training MSE: 0.09996767 	 Validating MSE: 1.90527344 	 Best VMSE: 0.60017532
[2020-09-16 22:06:12] SCN.cv16: Checkpoint saved to experiments/normal/sili/SCN_sili_h4
[2020-09-16 22:06:12] SCN.cv16: Hidden size: 53 	 
Training MSE: 0.09943694 	 Validating MSE: 1.86861920 	 Best VMSE: 0.60017532
[2020-09-16 22:06:12] SCN.cv16: Checkpoint saved to experiments/normal/sili/SCN_sili_h4
[2020-09-16 22:06:13] SCN.cv16: Hidden size: 54 	 
Training MSE: 0.09870957 	 Validating MSE: 1.85956097 	 Best VMSE: 0.60017532
[2020-09-16 22:06:13] SCN.cv16: Checkpoint saved to experiments/normal/sili/SCN_sili_h4
[2020-09-16 22:06:13] SCN.cv16: Hidden size: 55 	 
Training MSE: 0.09793676 	 Validating MSE: 1.82061899 	 Best VMSE: 0.60017532
[2020-09-16 22:06:13] SCN.cv16: Checkpoint saved to experiments/normal/sili/SCN_sili_h4
[2020-09-16 22:06:13] SCN.cv16: Hidden size: 56 	 
Training MSE: 0.09732427 	 Validating MSE: 1.81795716 	 Best VMSE: 0.60017532
[2020-09-16 22:06:13] SCN.cv16: Checkpoint saved to experiments/normal/sili/SCN_sili_h4
[2020-09-16 22:06:14] SCN.cv16: Hidden size: 57 	 
Training MSE: 0.09649701 	 Validating MSE: 1.78100884 	 Best VMSE: 0.60017532
[2020-09-16 22:06:14] SCN.cv16: Checkpoint saved to experiments/normal/sili/SCN_sili_h4
[2020-09-16 22:06:14] SCN.cv16: Hidden size: 58 	 
Training MSE: 0.09497456 	 Validating MSE: 1.85591114 	 Best VMSE: 0.60017532
[2020-09-16 22:06:14] SCN.cv16: Checkpoint saved to experiments/normal/sili/SCN_sili_h4
[2020-09-16 22:06:15] SCN.cv16: Hidden size: 59 	 
Training MSE: 0.09391316 	 Validating MSE: 1.81852627 	 Best VMSE: 0.60017532
[2020-09-16 22:06:15] SCN.cv16: Checkpoint saved to experiments/normal/sili/SCN_sili_h4
[2020-09-16 22:06:15] SCN.cv16: Hidden size: 60 	 
Training MSE: 0.09287672 	 Validating MSE: 1.78051722 	 Best VMSE: 0.60017532
[2020-09-16 22:06:15] SCN.cv16: Checkpoint saved to experiments/normal/sili/SCN_sili_h4
[2020-09-16 22:06:16] SCN.cv16: Hidden size: 61 	 
Training MSE: 0.09256836 	 Validating MSE: 1.80152178 	 Best VMSE: 0.60017532
[2020-09-16 22:06:16] SCN.cv16: Checkpoint saved to experiments/normal/sili/SCN_sili_h4
[2020-09-16 22:06:16] SCN.cv16: Hidden size: 62 	 
Training MSE: 0.09204207 	 Validating MSE: 1.80133212 	 Best VMSE: 0.60017532
[2020-09-16 22:06:16] SCN.cv16: Checkpoint saved to experiments/normal/sili/SCN_sili_h4
[2020-09-16 22:06:17] SCN.cv16: Hidden size: 63 	 
Training MSE: 0.09031884 	 Validating MSE: 1.65276945 	 Best VMSE: 0.60017532
[2020-09-16 22:06:17] SCN.cv16: Checkpoint saved to experiments/normal/sili/SCN_sili_h4
[2020-09-16 22:06:17] SCN.cv16: Hidden size: 64 	 
Training MSE: 0.08916964 	 Validating MSE: 1.58729577 	 Best VMSE: 0.60017532
[2020-09-16 22:06:17] SCN.cv16: Checkpoint saved to experiments/normal/sili/SCN_sili_h4
[2020-09-16 22:06:18] SCN.cv16: Hidden size: 65 	 
Training MSE: 0.08861339 	 Validating MSE: 1.60233259 	 Best VMSE: 0.60017532
[2020-09-16 22:06:18] SCN.cv16: Checkpoint saved to experiments/normal/sili/SCN_sili_h4
[2020-09-16 22:06:18] SCN.cv16: Hidden size: 66 	 
Training MSE: 0.08796679 	 Validating MSE: 1.51578629 	 Best VMSE: 0.60017532
[2020-09-16 22:06:18] SCN.cv16: Checkpoint saved to experiments/normal/sili/SCN_sili_h4
[2020-09-16 22:06:18] SCN.cv16: Hidden size: 67 	 
Training MSE: 0.08731595 	 Validating MSE: 1.54711449 	 Best VMSE: 0.60017532
[2020-09-16 22:06:18] SCN.cv16: Checkpoint saved to experiments/normal/sili/SCN_sili_h4
[2020-09-16 22:06:19] SCN.cv16: Hidden size: 68 	 
Training MSE: 0.08667661 	 Validating MSE: 1.56525040 	 Best VMSE: 0.60017532
[2020-09-16 22:06:19] SCN.cv16: Checkpoint saved to experiments/normal/sili/SCN_sili_h4
[2020-09-16 22:06:19] SCN.cv16: Hidden size: 69 	 
Training MSE: 0.08605003 	 Validating MSE: 1.58113229 	 Best VMSE: 0.60017532
[2020-09-16 22:06:19] SCN.cv16: Checkpoint saved to experiments/normal/sili/SCN_sili_h4
[2020-09-16 22:06:20] SCN.cv16: Hidden size: 70 	 
Training MSE: 0.08503731 	 Validating MSE: 1.76478064 	 Best VMSE: 0.60017532
[2020-09-16 22:06:20] SCN.cv16: Checkpoint saved to experiments/normal/sili/SCN_sili_h4
[2020-09-16 22:06:20] SCN.cv16: Hidden size: 71 	 
Training MSE: 0.08391079 	 Validating MSE: 1.76536357 	 Best VMSE: 0.60017532
[2020-09-16 22:06:20] SCN.cv16: Checkpoint saved to experiments/normal/sili/SCN_sili_h4
[2020-09-16 22:06:21] SCN.cv16: Hidden size: 72 	 
Training MSE: 0.08351632 	 Validating MSE: 1.70079565 	 Best VMSE: 0.60017532
[2020-09-16 22:06:21] SCN.cv16: Checkpoint saved to experiments/normal/sili/SCN_sili_h4
[2020-09-16 22:06:21] SCN.cv16: Hidden size: 73 	 
Training MSE: 0.08233754 	 Validating MSE: 1.76145732 	 Best VMSE: 0.60017532
[2020-09-16 22:06:21] SCN.cv16: Checkpoint saved to experiments/normal/sili/SCN_sili_h4
[2020-09-16 22:06:22] SCN.cv16: Hidden size: 74 	 
Training MSE: 0.08184529 	 Validating MSE: 1.75495493 	 Best VMSE: 0.60017532
[2020-09-16 22:06:22] SCN.cv16: Checkpoint saved to experiments/normal/sili/SCN_sili_h4
[2020-09-16 22:06:22] SCN.cv16: Hidden size: 75 	 
Training MSE: 0.08097179 	 Validating MSE: 1.87448740 	 Best VMSE: 0.60017532
[2020-09-16 22:06:22] SCN.cv16: Checkpoint saved to experiments/normal/sili/SCN_sili_h4
[2020-09-16 22:06:23] SCN.cv16: Hidden size: 76 	 
Training MSE: 0.08015875 	 Validating MSE: 1.97076714 	 Best VMSE: 0.60017532
[2020-09-16 22:06:23] SCN.cv16: Checkpoint saved to experiments/normal/sili/SCN_sili_h4
[2020-09-16 22:06:23] SCN.cv16: Hidden size: 77 	 
Training MSE: 0.07902300 	 Validating MSE: 2.14349627 	 Best VMSE: 0.60017532
[2020-09-16 22:06:23] SCN.cv16: Checkpoint saved to experiments/normal/sili/SCN_sili_h4
[2020-09-16 22:06:23] SCN.cv16: Hidden size: 78 	 
Training MSE: 0.07852666 	 Validating MSE: 2.16173673 	 Best VMSE: 0.60017532
[2020-09-16 22:06:23] SCN.cv16: Checkpoint saved to experiments/normal/sili/SCN_sili_h4
[2020-09-16 22:06:24] SCN.cv16: Hidden size: 79 	 
Training MSE: 0.07800537 	 Validating MSE: 2.18804479 	 Best VMSE: 0.60017532
[2020-09-16 22:06:24] SCN.cv16: Checkpoint saved to experiments/normal/sili/SCN_sili_h4
[2020-09-16 22:06:24] SCN.cv16: Hidden size: 80 	 
Training MSE: 0.07748725 	 Validating MSE: 2.20958591 	 Best VMSE: 0.60017532
[2020-09-16 22:06:24] SCN.cv16: Checkpoint saved to experiments/normal/sili/SCN_sili_h4
[2020-09-16 22:06:25] SCN.cv16: Hidden size: 81 	 
Training MSE: 0.07636507 	 Validating MSE: 2.25886774 	 Best VMSE: 0.60017532
[2020-09-16 22:06:25] SCN.cv16: Checkpoint saved to experiments/normal/sili/SCN_sili_h4
[2020-09-16 22:06:25] SCN.cv16: Hidden size: 82 	 
Training MSE: 0.07535818 	 Validating MSE: 2.27006674 	 Best VMSE: 0.60017532
[2020-09-16 22:06:25] SCN.cv16: Checkpoint saved to experiments/normal/sili/SCN_sili_h4
[2020-09-16 22:06:26] SCN.cv16: Hidden size: 83 	 
Training MSE: 0.07454985 	 Validating MSE: 2.39895701 	 Best VMSE: 0.60017532
[2020-09-16 22:06:26] SCN.cv16: Checkpoint saved to experiments/normal/sili/SCN_sili_h4
[2020-09-16 22:06:26] SCN.cv16: Hidden size: 84 	 
Training MSE: 0.07405227 	 Validating MSE: 2.34329104 	 Best VMSE: 0.60017532
[2020-09-16 22:06:26] SCN.cv16: Checkpoint saved to experiments/normal/sili/SCN_sili_h4
[2020-09-16 22:06:27] SCN.cv16: Hidden size: 85 	 
Training MSE: 0.07314109 	 Validating MSE: 2.37349939 	 Best VMSE: 0.60017532
[2020-09-16 22:06:27] SCN.cv16: Checkpoint saved to experiments/normal/sili/SCN_sili_h4
[2020-09-16 22:06:27] SCN.cv16: Hidden size: 86 	 
Training MSE: 0.07243215 	 Validating MSE: 2.45159316 	 Best VMSE: 0.60017532
[2020-09-16 22:06:27] SCN.cv16: Checkpoint saved to experiments/normal/sili/SCN_sili_h4
[2020-09-16 22:06:27] SCN.cv16: Hidden size: 87 	 
Training MSE: 0.07192519 	 Validating MSE: 2.61125612 	 Best VMSE: 0.60017532
[2020-09-16 22:06:27] SCN.cv16: Checkpoint saved to experiments/normal/sili/SCN_sili_h4
[2020-09-16 22:06:28] SCN.cv16: Hidden size: 88 	 
Training MSE: 0.07139613 	 Validating MSE: 2.64439249 	 Best VMSE: 0.60017532
[2020-09-16 22:06:28] SCN.cv16: Checkpoint saved to experiments/normal/sili/SCN_sili_h4
[2020-09-16 22:06:28] SCN.cv16: Hidden size: 89 	 
Training MSE: 0.07085662 	 Validating MSE: 2.71103764 	 Best VMSE: 0.60017532
[2020-09-16 22:06:28] SCN.cv16: Checkpoint saved to experiments/normal/sili/SCN_sili_h4
[2020-09-16 22:06:29] SCN.cv16: Hidden size: 90 	 
Training MSE: 0.07003957 	 Validating MSE: 2.80314779 	 Best VMSE: 0.60017532
[2020-09-16 22:06:29] SCN.cv16: Checkpoint saved to experiments/normal/sili/SCN_sili_h4
[2020-09-16 22:06:29] SCN.cv16: Hidden size: 91 	 
Training MSE: 0.06960203 	 Validating MSE: 2.72205162 	 Best VMSE: 0.60017532
[2020-09-16 22:06:29] SCN.cv16: Checkpoint saved to experiments/normal/sili/SCN_sili_h4
[2020-09-16 22:06:30] SCN.cv16: Hidden size: 92 	 
Training MSE: 0.06908048 	 Validating MSE: 2.70856118 	 Best VMSE: 0.60017532
[2020-09-16 22:06:30] SCN.cv16: Checkpoint saved to experiments/normal/sili/SCN_sili_h4
[2020-09-16 22:06:30] SCN.cv16: Hidden size: 93 	 
Training MSE: 0.06851662 	 Validating MSE: 2.72476530 	 Best VMSE: 0.60017532
[2020-09-16 22:06:30] SCN.cv16: Checkpoint saved to experiments/normal/sili/SCN_sili_h4
[2020-09-16 22:06:31] SCN.cv16: Hidden size: 94 	 
Training MSE: 0.06788401 	 Validating MSE: 2.67815065 	 Best VMSE: 0.60017532
[2020-09-16 22:06:31] SCN.cv16: Checkpoint saved to experiments/normal/sili/SCN_sili_h4
[2020-09-16 22:06:31] SCN.cv16: Hidden size: 95 	 
Training MSE: 0.06745422 	 Validating MSE: 2.70862818 	 Best VMSE: 0.60017532
[2020-09-16 22:06:31] SCN.cv16: Checkpoint saved to experiments/normal/sili/SCN_sili_h4
[2020-09-16 22:06:32] SCN.cv16: Hidden size: 96 	 
Training MSE: 0.06696153 	 Validating MSE: 2.65637469 	 Best VMSE: 0.60017532
[2020-09-16 22:06:32] SCN.cv16: Checkpoint saved to experiments/normal/sili/SCN_sili_h4
[2020-09-16 22:06:32] SCN.cv16: Hidden size: 97 	 
Training MSE: 0.06587441 	 Validating MSE: 2.72715783 	 Best VMSE: 0.60017532
[2020-09-16 22:06:32] SCN.cv16: Checkpoint saved to experiments/normal/sili/SCN_sili_h4
[2020-09-16 22:06:32] SCN.cv16: Hidden size: 98 	 
Training MSE: 0.06486958 	 Validating MSE: 2.80985260 	 Best VMSE: 0.60017532
[2020-09-16 22:06:32] SCN.cv16: Checkpoint saved to experiments/normal/sili/SCN_sili_h4
[2020-09-16 22:06:33] SCN.cv16: Hidden size: 99 	 
Training MSE: 0.06390466 	 Validating MSE: 2.75120640 	 Best VMSE: 0.60017532
[2020-09-16 22:06:33] SCN.cv16: Checkpoint saved to experiments/normal/sili/SCN_sili_h4
[2020-09-16 22:06:33] SCN.cv16: Hidden size: 100 	 
Training MSE: 0.06325994 	 Validating MSE: 2.80926418 	 Best VMSE: 0.60017532
[2020-09-16 22:06:33] SCN.cv16: Checkpoint saved to experiments/normal/sili/SCN_sili_h4
[2020-09-16 22:06:33] SCN.cv16: Restoring best parameters from experiments/normal/sili/SCN_sili_h4/train.cv16.pth.tar
[2020-09-16 22:06:33] SCN.cv16: sili	 H: 4	 Trail: 34 
Testing RMSE: 0.8803 	 MAPE: 0.1475 	 SMAPE: 0.07567
