[2020-10-23 10:57:19] esmCNN.cv13: Loading the datasets and model for 29th-batch-training
[2020-10-23 10:57:19] esmCNN.cv13: Argument channel_size: 100
[2020-10-23 10:57:19] esmCNN.cv13: Argument candidate_size: 300
[2020-10-23 10:57:19] esmCNN.cv13: Argument kernel_size: 6
[2020-10-23 10:57:19] esmCNN.cv13: Argument kernel_list: [8, 6, 5, 4]
[2020-10-23 10:57:19] esmCNN.cv13: Argument Lambdas: [0.5, 1, 5, 15, 30, 50, 100, 150, 200]
[2020-10-23 10:57:19] esmCNN.cv13: Argument Lambdas_std: [0.01, 0.05, 0.1, 0.5, 1]
[2020-10-23 10:57:19] esmCNN.cv13: Argument r: [0.8, 0.9, 0.99, 0.9999, 0.999999]
[2020-10-23 10:57:19] esmCNN.cv13: Argument tolerance: 0
[2020-10-23 10:57:19] esmCNN.cv13: Argument device: device(type='cuda')
[2020-10-23 10:57:19] esmCNN.cv13: Argument dataset: 'sili'
[2020-10-23 10:57:19] esmCNN.cv13: Argument H: 1
[2020-10-23 10:57:19] esmCNN.cv13: Argument k: 5
[2020-10-23 10:57:19] esmCNN.cv13: Argument test: False
[2020-10-23 10:57:19] esmCNN.cv13: Argument search: 'random'
[2020-10-23 10:57:19] esmCNN.cv13: Argument normal: True
[2020-10-23 10:57:19] esmCNN.cv13: Argument diff: False
[2020-10-23 10:57:19] esmCNN.cv13: Argument times: 60
[2020-10-23 10:57:19] esmCNN.cv13: Argument datasets: {'ar1': {'lag_order': 15, 'normal': True, 'cov_dim': 0, 'kernel_size': 3}, 'wti': {'lag_order': 25, 'normal': True, 'cov_dim': 0, 'kernel_size': 5}, 'gold': {'lag_order': 25, 'normal': True, 'cov_dim': 0, 'kernel_size': 5}, 'sp': {'lag_order': 25, 'normal': True, 'cov_dim': 0, 'kernel_size': 5}, 'brent': {'lag_order': 24, 'normal': True, 'cov_dim': 0, 'kernel_size': 6}, 'sili': {'lag_order': 26, 'normal': True, 'cov_dim': 0, 'kernel_size': 6}}
[2020-10-23 10:57:19] esmCNN.cv13: Argument steps: 26
[2020-10-23 10:57:19] esmCNN.cv13: Argument cov_dim: 0
[2020-10-23 10:57:19] esmCNN.cv13: Argument experiment: 'experiments/normal/sili'
[2020-10-23 10:57:19] esmCNN.cv13: Argument scaler: StandardScaler()
[2020-10-23 10:57:19] esmCNN.cv13: Argument model_name: 'esmCNN_random_sili_h1'
[2020-10-23 10:57:19] esmCNN.cv13: Argument model_dir: 'experiments/normal/sili/esmCNN_random_sili_h1'
[2020-10-23 10:57:19] esmCNN.cv13: Argument In_channels: 1
[2020-10-23 10:57:19] esmCNN.cv13: Argument restore: True
[2020-10-23 10:57:19] esmCNN.cv13: Argument cv: 13
[2020-10-23 10:57:19] esmCNN.cv13: Argument plot_dir: 'experiments/normal/sili/esmCNN_random_sili_h1/figures'
[2020-10-23 10:57:19] esmCNN.cv13: Argument num_process: 8
[2020-10-23 10:57:19] esmCNN.cv13: Using Cuda...
[2020-10-23 10:57:19] esmCNN.cv13: Loading complete.
[2020-10-23 10:57:19] esmCNN.cv13: Model: 
ESM_CNN(
  (Pool): AvgPool1d(kernel_size=(3,), stride=(1,), padding=(0,))
  (loss_fn): MSELoss()
)
[2020-10-23 10:57:19] esmCNN.cv13: Found new best state
[2020-10-23 10:57:19] esmCNN.cv13: Best vmse: 0.4660
[2020-10-23 10:57:19] esmCNN.cv13: Channel size: 1 	 Kernel size: 6 
Training MSE: 0.15379819 	 Validating MSE: 0.46602681 	 Best VMSE: 0.46602681
[2020-10-23 10:57:19] esmCNN.cv13: Checkpoint saved to experiments/normal/sili/esmCNN_random_sili_h1
[2020-10-23 10:57:19] esmCNN.cv13: Find channel with Kernel size: 8 	 Lambda: 0.5: 	 Best Score: 0.1293
[2020-10-23 10:57:19] esmCNN.cv13: Found new best state
[2020-10-23 10:57:19] esmCNN.cv13: Best vmse: 0.3759
[2020-10-23 10:57:19] esmCNN.cv13: Channel size: 2 	 Kernel size: 8 
Training MSE: 0.12928152 	 Validating MSE: 0.37594420 	 Best VMSE: 0.37594420
[2020-10-23 10:57:19] esmCNN.cv13: Checkpoint saved to experiments/normal/sili/esmCNN_random_sili_h1
[2020-10-23 10:57:19] esmCNN.cv13: Find channel with Kernel size: 4 	 Lambda: 0.5: 	 Best Score: 0.1131
[2020-10-23 10:57:19] esmCNN.cv13: Found new best state
[2020-10-23 10:57:19] esmCNN.cv13: Best vmse: 0.2799
[2020-10-23 10:57:19] esmCNN.cv13: Channel size: 3 	 Kernel size: 4 
Training MSE: 0.11310361 	 Validating MSE: 0.27994162 	 Best VMSE: 0.27994162
[2020-10-23 10:57:19] esmCNN.cv13: Checkpoint saved to experiments/normal/sili/esmCNN_random_sili_h1
[2020-10-23 10:57:19] esmCNN.cv13: Find channel with Kernel size: 5 	 Lambda: 0.5: 	 Best Score: 0.1126
[2020-10-23 10:57:19] esmCNN.cv13: Found new best state
[2020-10-23 10:57:19] esmCNN.cv13: Best vmse: 0.2741
[2020-10-23 10:57:19] esmCNN.cv13: Channel size: 4 	 Kernel size: 5 
Training MSE: 0.11258505 	 Validating MSE: 0.27406621 	 Best VMSE: 0.27406621
[2020-10-23 10:57:19] esmCNN.cv13: Checkpoint saved to experiments/normal/sili/esmCNN_random_sili_h1
[2020-10-23 10:57:19] esmCNN.cv13: Find channel with Kernel size: 4 	 Lambda: 0.5: 	 Best Score: 0.1124
[2020-10-23 10:57:19] esmCNN.cv13: Found new best state
[2020-10-23 10:57:19] esmCNN.cv13: Best vmse: 0.2685
[2020-10-23 10:57:19] esmCNN.cv13: Channel size: 5 	 Kernel size: 4 
Training MSE: 0.11236169 	 Validating MSE: 0.26848951 	 Best VMSE: 0.26848951
[2020-10-23 10:57:19] esmCNN.cv13: Checkpoint saved to experiments/normal/sili/esmCNN_random_sili_h1
[2020-10-23 10:57:19] esmCNN.cv13: Find channel with Kernel size: 6 	 Lambda: 0.5: 	 Best Score: 0.1118
[2020-10-23 10:57:19] esmCNN.cv13: Found new best state
[2020-10-23 10:57:19] esmCNN.cv13: Best vmse: 0.2681
[2020-10-23 10:57:19] esmCNN.cv13: Channel size: 6 	 Kernel size: 6 
Training MSE: 0.11180059 	 Validating MSE: 0.26809520 	 Best VMSE: 0.26809520
[2020-10-23 10:57:19] esmCNN.cv13: Checkpoint saved to experiments/normal/sili/esmCNN_random_sili_h1
[2020-10-23 10:57:19] esmCNN.cv13: Find channel with Kernel size: 6 	 Lambda: 0.5: 	 Best Score: 0.1114
[2020-10-23 10:57:19] esmCNN.cv13: Found new best state
[2020-10-23 10:57:19] esmCNN.cv13: Best vmse: 0.2654
[2020-10-23 10:57:19] esmCNN.cv13: Channel size: 7 	 Kernel size: 6 
Training MSE: 0.11139475 	 Validating MSE: 0.26540697 	 Best VMSE: 0.26540697
[2020-10-23 10:57:19] esmCNN.cv13: Checkpoint saved to experiments/normal/sili/esmCNN_random_sili_h1
[2020-10-23 10:57:19] esmCNN.cv13: Find channel with Kernel size: 8 	 Lambda: 0.5: 	 Best Score: 0.1109
[2020-10-23 10:57:19] esmCNN.cv13: Channel size: 8 	 Kernel size: 8 
Training MSE: 0.11093570 	 Validating MSE: 0.27362257 	 Best VMSE: 0.26540697
[2020-10-23 10:57:19] esmCNN.cv13: Checkpoint saved to experiments/normal/sili/esmCNN_random_sili_h1
[2020-10-23 10:57:19] esmCNN.cv13: Find channel with Kernel size: 6 	 Lambda: 0.5: 	 Best Score: 0.1107
[2020-10-23 10:57:19] esmCNN.cv13: Channel size: 9 	 Kernel size: 6 
Training MSE: 0.11068054 	 Validating MSE: 0.27477396 	 Best VMSE: 0.26540697
[2020-10-23 10:57:19] esmCNN.cv13: Checkpoint saved to experiments/normal/sili/esmCNN_random_sili_h1
[2020-10-23 10:57:19] esmCNN.cv13: Find channel with Kernel size: 6 	 Lambda: 0.5: 	 Best Score: 0.1104
[2020-10-23 10:57:19] esmCNN.cv13: Channel size: 10 	 Kernel size: 6 
Training MSE: 0.11041638 	 Validating MSE: 0.27485809 	 Best VMSE: 0.26540697
[2020-10-23 10:57:19] esmCNN.cv13: Checkpoint saved to experiments/normal/sili/esmCNN_random_sili_h1
[2020-10-23 10:57:19] esmCNN.cv13: Find channel with Kernel size: 6 	 Lambda: 0.5: 	 Best Score: 0.1100
[2020-10-23 10:57:19] esmCNN.cv13: Channel size: 11 	 Kernel size: 6 
Training MSE: 0.10999691 	 Validating MSE: 0.27439812 	 Best VMSE: 0.26540697
[2020-10-23 10:57:19] esmCNN.cv13: Checkpoint saved to experiments/normal/sili/esmCNN_random_sili_h1
[2020-10-23 10:57:19] esmCNN.cv13: Find channel with Kernel size: 6 	 Lambda: 0.5: 	 Best Score: 0.1097
[2020-10-23 10:57:19] esmCNN.cv13: Channel size: 12 	 Kernel size: 6 
Training MSE: 0.10969013 	 Validating MSE: 0.27496782 	 Best VMSE: 0.26540697
[2020-10-23 10:57:19] esmCNN.cv13: Checkpoint saved to experiments/normal/sili/esmCNN_random_sili_h1
[2020-10-23 10:57:19] esmCNN.cv13: Find channel with Kernel size: 4 	 Lambda: 0.5: 	 Best Score: 0.1095
[2020-10-23 10:57:19] esmCNN.cv13: Channel size: 13 	 Kernel size: 4 
Training MSE: 0.10945231 	 Validating MSE: 0.27683297 	 Best VMSE: 0.26540697
[2020-10-23 10:57:19] esmCNN.cv13: Checkpoint saved to experiments/normal/sili/esmCNN_random_sili_h1
[2020-10-23 10:57:19] esmCNN.cv13: Find channel with Kernel size: 4 	 Lambda: 0.5: 	 Best Score: 0.1092
[2020-10-23 10:57:19] esmCNN.cv13: Channel size: 14 	 Kernel size: 4 
Training MSE: 0.10922737 	 Validating MSE: 0.27924889 	 Best VMSE: 0.26540697
[2020-10-23 10:57:19] esmCNN.cv13: Checkpoint saved to experiments/normal/sili/esmCNN_random_sili_h1
[2020-10-23 10:57:19] esmCNN.cv13: Find channel with Kernel size: 4 	 Lambda: 0.5: 	 Best Score: 0.1090
[2020-10-23 10:57:19] esmCNN.cv13: Channel size: 15 	 Kernel size: 4 
Training MSE: 0.10903729 	 Validating MSE: 0.27907738 	 Best VMSE: 0.26540697
[2020-10-23 10:57:19] esmCNN.cv13: Checkpoint saved to experiments/normal/sili/esmCNN_random_sili_h1
[2020-10-23 10:57:19] esmCNN.cv13: Find channel with Kernel size: 5 	 Lambda: 0.5: 	 Best Score: 0.1089
[2020-10-23 10:57:20] esmCNN.cv13: Channel size: 16 	 Kernel size: 5 
Training MSE: 0.10888987 	 Validating MSE: 0.27755389 	 Best VMSE: 0.26540697
[2020-10-23 10:57:20] esmCNN.cv13: Checkpoint saved to experiments/normal/sili/esmCNN_random_sili_h1
[2020-10-23 10:57:20] esmCNN.cv13: Find channel with Kernel size: 8 	 Lambda: 0.5: 	 Best Score: 0.1087
[2020-10-23 10:57:20] esmCNN.cv13: Channel size: 17 	 Kernel size: 8 
Training MSE: 0.10869543 	 Validating MSE: 0.27804855 	 Best VMSE: 0.26540697
[2020-10-23 10:57:20] esmCNN.cv13: Checkpoint saved to experiments/normal/sili/esmCNN_random_sili_h1
[2020-10-23 10:57:20] esmCNN.cv13: Find channel with Kernel size: 5 	 Lambda: 0.5: 	 Best Score: 0.1085
[2020-10-23 10:57:20] esmCNN.cv13: Channel size: 18 	 Kernel size: 5 
Training MSE: 0.10849760 	 Validating MSE: 0.28033075 	 Best VMSE: 0.26540697
[2020-10-23 10:57:20] esmCNN.cv13: Checkpoint saved to experiments/normal/sili/esmCNN_random_sili_h1
[2020-10-23 10:57:20] esmCNN.cv13: Find channel with Kernel size: 4 	 Lambda: 0.5: 	 Best Score: 0.1084
[2020-10-23 10:57:20] esmCNN.cv13: Channel size: 19 	 Kernel size: 4 
Training MSE: 0.10841072 	 Validating MSE: 0.27896574 	 Best VMSE: 0.26540697
[2020-10-23 10:57:20] esmCNN.cv13: Checkpoint saved to experiments/normal/sili/esmCNN_random_sili_h1
[2020-10-23 10:57:20] esmCNN.cv13: Find channel with Kernel size: 5 	 Lambda: 0.5: 	 Best Score: 0.1083
[2020-10-23 10:57:20] esmCNN.cv13: Channel size: 20 	 Kernel size: 5 
Training MSE: 0.10830618 	 Validating MSE: 0.27937308 	 Best VMSE: 0.26540697
[2020-10-23 10:57:20] esmCNN.cv13: Checkpoint saved to experiments/normal/sili/esmCNN_random_sili_h1
[2020-10-23 10:57:20] esmCNN.cv13: Find channel with Kernel size: 4 	 Lambda: 0.5: 	 Best Score: 0.1082
[2020-10-23 10:57:20] esmCNN.cv13: Channel size: 21 	 Kernel size: 4 
Training MSE: 0.10818265 	 Validating MSE: 0.27871060 	 Best VMSE: 0.26540697
[2020-10-23 10:57:20] esmCNN.cv13: Checkpoint saved to experiments/normal/sili/esmCNN_random_sili_h1
[2020-10-23 10:57:20] esmCNN.cv13: Find channel with Kernel size: 8 	 Lambda: 0.5: 	 Best Score: 0.1079
[2020-10-23 10:57:20] esmCNN.cv13: Channel size: 22 	 Kernel size: 8 
Training MSE: 0.10794374 	 Validating MSE: 0.27872816 	 Best VMSE: 0.26540697
[2020-10-23 10:57:20] esmCNN.cv13: Checkpoint saved to experiments/normal/sili/esmCNN_random_sili_h1
[2020-10-23 10:57:20] esmCNN.cv13: Find channel with Kernel size: 8 	 Lambda: 0.5: 	 Best Score: 0.1078
[2020-10-23 10:57:20] esmCNN.cv13: Channel size: 23 	 Kernel size: 8 
Training MSE: 0.10780053 	 Validating MSE: 0.28069490 	 Best VMSE: 0.26540697
[2020-10-23 10:57:20] esmCNN.cv13: Checkpoint saved to experiments/normal/sili/esmCNN_random_sili_h1
[2020-10-23 10:57:20] esmCNN.cv13: Find channel with Kernel size: 6 	 Lambda: 0.5: 	 Best Score: 0.1077
[2020-10-23 10:57:20] esmCNN.cv13: Channel size: 24 	 Kernel size: 6 
Training MSE: 0.10765098 	 Validating MSE: 0.27967504 	 Best VMSE: 0.26540697
[2020-10-23 10:57:20] esmCNN.cv13: Checkpoint saved to experiments/normal/sili/esmCNN_random_sili_h1
[2020-10-23 10:57:20] esmCNN.cv13: Find channel with Kernel size: 5 	 Lambda: 0.5: 	 Best Score: 0.1074
[2020-10-23 10:57:20] esmCNN.cv13: Channel size: 25 	 Kernel size: 5 
Training MSE: 0.10742296 	 Validating MSE: 0.27903035 	 Best VMSE: 0.26540697
[2020-10-23 10:57:20] esmCNN.cv13: Checkpoint saved to experiments/normal/sili/esmCNN_random_sili_h1
[2020-10-23 10:57:20] esmCNN.cv13: Find channel with Kernel size: 4 	 Lambda: 0.5: 	 Best Score: 0.1073
[2020-10-23 10:57:20] esmCNN.cv13: Channel size: 26 	 Kernel size: 4 
Training MSE: 0.10729864 	 Validating MSE: 0.28161910 	 Best VMSE: 0.26540697
[2020-10-23 10:57:20] esmCNN.cv13: Checkpoint saved to experiments/normal/sili/esmCNN_random_sili_h1
[2020-10-23 10:57:20] esmCNN.cv13: Find channel with Kernel size: 8 	 Lambda: 0.5: 	 Best Score: 0.1072
[2020-10-23 10:57:20] esmCNN.cv13: Channel size: 27 	 Kernel size: 8 
Training MSE: 0.10716397 	 Validating MSE: 0.28186682 	 Best VMSE: 0.26540697
[2020-10-23 10:57:20] esmCNN.cv13: Checkpoint saved to experiments/normal/sili/esmCNN_random_sili_h1
[2020-10-23 10:57:20] esmCNN.cv13: Find channel with Kernel size: 5 	 Lambda: 0.5: 	 Best Score: 0.1070
[2020-10-23 10:57:20] esmCNN.cv13: Channel size: 28 	 Kernel size: 5 
Training MSE: 0.10703371 	 Validating MSE: 0.28230989 	 Best VMSE: 0.26540697
[2020-10-23 10:57:20] esmCNN.cv13: Checkpoint saved to experiments/normal/sili/esmCNN_random_sili_h1
[2020-10-23 10:57:20] esmCNN.cv13: Find channel with Kernel size: 4 	 Lambda: 0.5: 	 Best Score: 0.1070
[2020-10-23 10:57:20] esmCNN.cv13: Channel size: 29 	 Kernel size: 4 
Training MSE: 0.10699482 	 Validating MSE: 0.28213045 	 Best VMSE: 0.26540697
[2020-10-23 10:57:20] esmCNN.cv13: Checkpoint saved to experiments/normal/sili/esmCNN_random_sili_h1
[2020-10-23 10:57:20] esmCNN.cv13: Find channel with Kernel size: 4 	 Lambda: 0.5: 	 Best Score: 0.1069
[2020-10-23 10:57:20] esmCNN.cv13: Channel size: 30 	 Kernel size: 4 
Training MSE: 0.10692400 	 Validating MSE: 0.28287971 	 Best VMSE: 0.26540697
[2020-10-23 10:57:20] esmCNN.cv13: Checkpoint saved to experiments/normal/sili/esmCNN_random_sili_h1
[2020-10-23 10:57:20] esmCNN.cv13: Find channel with Kernel size: 6 	 Lambda: 0.5: 	 Best Score: 0.1068
[2020-10-23 10:57:20] esmCNN.cv13: Channel size: 31 	 Kernel size: 6 
Training MSE: 0.10677983 	 Validating MSE: 0.28172064 	 Best VMSE: 0.26540697
[2020-10-23 10:57:20] esmCNN.cv13: Checkpoint saved to experiments/normal/sili/esmCNN_random_sili_h1
[2020-10-23 10:57:20] esmCNN.cv13: Find channel with Kernel size: 8 	 Lambda: 0.5: 	 Best Score: 0.1066
[2020-10-23 10:57:20] esmCNN.cv13: Channel size: 32 	 Kernel size: 8 
Training MSE: 0.10662767 	 Validating MSE: 0.28485900 	 Best VMSE: 0.26540697
[2020-10-23 10:57:20] esmCNN.cv13: Checkpoint saved to experiments/normal/sili/esmCNN_random_sili_h1
[2020-10-23 10:57:20] esmCNN.cv13: Find channel with Kernel size: 8 	 Lambda: 0.5: 	 Best Score: 0.1064
[2020-10-23 10:57:20] esmCNN.cv13: Channel size: 33 	 Kernel size: 8 
Training MSE: 0.10639879 	 Validating MSE: 0.28643438 	 Best VMSE: 0.26540697
[2020-10-23 10:57:20] esmCNN.cv13: Checkpoint saved to experiments/normal/sili/esmCNN_random_sili_h1
[2020-10-23 10:57:20] esmCNN.cv13: Find channel with Kernel size: 5 	 Lambda: 0.5: 	 Best Score: 0.1062
[2020-10-23 10:57:20] esmCNN.cv13: Channel size: 34 	 Kernel size: 5 
Training MSE: 0.10620806 	 Validating MSE: 0.28676075 	 Best VMSE: 0.26540697
[2020-10-23 10:57:20] esmCNN.cv13: Checkpoint saved to experiments/normal/sili/esmCNN_random_sili_h1
[2020-10-23 10:57:21] esmCNN.cv13: Find channel with Kernel size: 5 	 Lambda: 0.5: 	 Best Score: 0.1056
[2020-10-23 10:57:21] esmCNN.cv13: Channel size: 35 	 Kernel size: 5 
Training MSE: 0.10560465 	 Validating MSE: 0.28771967 	 Best VMSE: 0.26540697
[2020-10-23 10:57:21] esmCNN.cv13: Checkpoint saved to experiments/normal/sili/esmCNN_random_sili_h1
[2020-10-23 10:57:21] esmCNN.cv13: Find channel with Kernel size: 5 	 Lambda: 0.5: 	 Best Score: 0.1052
[2020-10-23 10:57:21] esmCNN.cv13: Channel size: 36 	 Kernel size: 5 
Training MSE: 0.10521763 	 Validating MSE: 0.29054585 	 Best VMSE: 0.26540697
[2020-10-23 10:57:21] esmCNN.cv13: Checkpoint saved to experiments/normal/sili/esmCNN_random_sili_h1
[2020-10-23 10:57:21] esmCNN.cv13: Find channel with Kernel size: 4 	 Lambda: 0.5: 	 Best Score: 0.1051
[2020-10-23 10:57:21] esmCNN.cv13: Channel size: 37 	 Kernel size: 4 
Training MSE: 0.10510238 	 Validating MSE: 0.28565538 	 Best VMSE: 0.26540697
[2020-10-23 10:57:21] esmCNN.cv13: Checkpoint saved to experiments/normal/sili/esmCNN_random_sili_h1
[2020-10-23 10:57:21] esmCNN.cv13: Find channel with Kernel size: 5 	 Lambda: 0.5: 	 Best Score: 0.1051
[2020-10-23 10:57:21] esmCNN.cv13: Channel size: 38 	 Kernel size: 5 
Training MSE: 0.10507886 	 Validating MSE: 0.28642702 	 Best VMSE: 0.26540697
[2020-10-23 10:57:21] esmCNN.cv13: Checkpoint saved to experiments/normal/sili/esmCNN_random_sili_h1
[2020-10-23 10:57:21] esmCNN.cv13: Find channel with Kernel size: 8 	 Lambda: 0.5: 	 Best Score: 0.1050
[2020-10-23 10:57:21] esmCNN.cv13: Channel size: 39 	 Kernel size: 8 
Training MSE: 0.10500313 	 Validating MSE: 0.28648335 	 Best VMSE: 0.26540697
[2020-10-23 10:57:21] esmCNN.cv13: Checkpoint saved to experiments/normal/sili/esmCNN_random_sili_h1
[2020-10-23 10:57:21] esmCNN.cv13: Find channel with Kernel size: 5 	 Lambda: 0.5: 	 Best Score: 0.1049
[2020-10-23 10:57:21] esmCNN.cv13: Channel size: 40 	 Kernel size: 5 
Training MSE: 0.10488468 	 Validating MSE: 0.28622824 	 Best VMSE: 0.26540697
[2020-10-23 10:57:21] esmCNN.cv13: Checkpoint saved to experiments/normal/sili/esmCNN_random_sili_h1
[2020-10-23 10:57:21] esmCNN.cv13: Find channel with Kernel size: 4 	 Lambda: 0.5: 	 Best Score: 0.1046
[2020-10-23 10:57:21] esmCNN.cv13: Channel size: 41 	 Kernel size: 4 
Training MSE: 0.10460563 	 Validating MSE: 0.28469074 	 Best VMSE: 0.26540697
[2020-10-23 10:57:21] esmCNN.cv13: Checkpoint saved to experiments/normal/sili/esmCNN_random_sili_h1
[2020-10-23 10:57:21] esmCNN.cv13: Find channel with Kernel size: 4 	 Lambda: 0.5: 	 Best Score: 0.1043
[2020-10-23 10:57:21] esmCNN.cv13: Channel size: 42 	 Kernel size: 4 
Training MSE: 0.10433489 	 Validating MSE: 0.28740406 	 Best VMSE: 0.26540697
[2020-10-23 10:57:21] esmCNN.cv13: Checkpoint saved to experiments/normal/sili/esmCNN_random_sili_h1
[2020-10-23 10:57:21] esmCNN.cv13: Find channel with Kernel size: 8 	 Lambda: 0.5: 	 Best Score: 0.1041
[2020-10-23 10:57:21] esmCNN.cv13: Channel size: 43 	 Kernel size: 8 
Training MSE: 0.10414818 	 Validating MSE: 0.28825998 	 Best VMSE: 0.26540697
[2020-10-23 10:57:21] esmCNN.cv13: Checkpoint saved to experiments/normal/sili/esmCNN_random_sili_h1
[2020-10-23 10:57:21] esmCNN.cv13: Find channel with Kernel size: 5 	 Lambda: 0.5: 	 Best Score: 0.1041
[2020-10-23 10:57:21] esmCNN.cv13: Channel size: 44 	 Kernel size: 5 
Training MSE: 0.10406661 	 Validating MSE: 0.28886074 	 Best VMSE: 0.26540697
[2020-10-23 10:57:21] esmCNN.cv13: Checkpoint saved to experiments/normal/sili/esmCNN_random_sili_h1
[2020-10-23 10:57:21] esmCNN.cv13: Find channel with Kernel size: 5 	 Lambda: 0.5: 	 Best Score: 0.1039
[2020-10-23 10:57:21] esmCNN.cv13: Channel size: 45 	 Kernel size: 5 
Training MSE: 0.10392692 	 Validating MSE: 0.28703609 	 Best VMSE: 0.26540697
[2020-10-23 10:57:21] esmCNN.cv13: Checkpoint saved to experiments/normal/sili/esmCNN_random_sili_h1
[2020-10-23 10:57:21] esmCNN.cv13: Find channel with Kernel size: 6 	 Lambda: 0.5: 	 Best Score: 0.1036
[2020-10-23 10:57:21] esmCNN.cv13: Channel size: 46 	 Kernel size: 6 
Training MSE: 0.10359976 	 Validating MSE: 0.28888801 	 Best VMSE: 0.26540697
[2020-10-23 10:57:21] esmCNN.cv13: Checkpoint saved to experiments/normal/sili/esmCNN_random_sili_h1
[2020-10-23 10:57:21] esmCNN.cv13: Find channel with Kernel size: 6 	 Lambda: 0.5: 	 Best Score: 0.1031
[2020-10-23 10:57:21] esmCNN.cv13: Channel size: 47 	 Kernel size: 6 
Training MSE: 0.10313360 	 Validating MSE: 0.28674403 	 Best VMSE: 0.26540697
[2020-10-23 10:57:21] esmCNN.cv13: Checkpoint saved to experiments/normal/sili/esmCNN_random_sili_h1
[2020-10-23 10:57:21] esmCNN.cv13: Find channel with Kernel size: 4 	 Lambda: 0.5: 	 Best Score: 0.1030
[2020-10-23 10:57:21] esmCNN.cv13: Channel size: 48 	 Kernel size: 4 
Training MSE: 0.10299247 	 Validating MSE: 0.29061490 	 Best VMSE: 0.26540697
[2020-10-23 10:57:21] esmCNN.cv13: Checkpoint saved to experiments/normal/sili/esmCNN_random_sili_h1
[2020-10-23 10:57:21] esmCNN.cv13: Find channel with Kernel size: 4 	 Lambda: 0.5: 	 Best Score: 0.1030
[2020-10-23 10:57:21] esmCNN.cv13: Channel size: 49 	 Kernel size: 4 
Training MSE: 0.10296393 	 Validating MSE: 0.29055551 	 Best VMSE: 0.26540697
[2020-10-23 10:57:21] esmCNN.cv13: Checkpoint saved to experiments/normal/sili/esmCNN_random_sili_h1
[2020-10-23 10:57:21] esmCNN.cv13: Find channel with Kernel size: 6 	 Lambda: 0.5: 	 Best Score: 0.1029
[2020-10-23 10:57:22] esmCNN.cv13: Channel size: 50 	 Kernel size: 6 
Training MSE: 0.10292704 	 Validating MSE: 0.29174083 	 Best VMSE: 0.26540697
[2020-10-23 10:57:22] esmCNN.cv13: Checkpoint saved to experiments/normal/sili/esmCNN_random_sili_h1
[2020-10-23 10:57:22] esmCNN.cv13: Find channel with Kernel size: 4 	 Lambda: 0.5: 	 Best Score: 0.1029
[2020-10-23 10:57:22] esmCNN.cv13: Channel size: 51 	 Kernel size: 4 
Training MSE: 0.10288524 	 Validating MSE: 0.29112867 	 Best VMSE: 0.26540697
[2020-10-23 10:57:22] esmCNN.cv13: Checkpoint saved to experiments/normal/sili/esmCNN_random_sili_h1
[2020-10-23 10:57:22] esmCNN.cv13: Find channel with Kernel size: 5 	 Lambda: 0.5: 	 Best Score: 0.1029
[2020-10-23 10:57:22] esmCNN.cv13: Channel size: 52 	 Kernel size: 5 
Training MSE: 0.10286670 	 Validating MSE: 0.28948084 	 Best VMSE: 0.26540697
[2020-10-23 10:57:22] esmCNN.cv13: Checkpoint saved to experiments/normal/sili/esmCNN_random_sili_h1
[2020-10-23 10:57:22] esmCNN.cv13: Find channel with Kernel size: 5 	 Lambda: 0.5: 	 Best Score: 0.1028
[2020-10-23 10:57:22] esmCNN.cv13: Channel size: 53 	 Kernel size: 5 
Training MSE: 0.10275792 	 Validating MSE: 0.28786868 	 Best VMSE: 0.26540697
[2020-10-23 10:57:22] esmCNN.cv13: Checkpoint saved to experiments/normal/sili/esmCNN_random_sili_h1
[2020-10-23 10:57:22] esmCNN.cv13: Find channel with Kernel size: 6 	 Lambda: 0.5: 	 Best Score: 0.1026
[2020-10-23 10:57:22] esmCNN.cv13: Channel size: 54 	 Kernel size: 6 
Training MSE: 0.10262957 	 Validating MSE: 0.29110813 	 Best VMSE: 0.26540697
[2020-10-23 10:57:22] esmCNN.cv13: Checkpoint saved to experiments/normal/sili/esmCNN_random_sili_h1
[2020-10-23 10:57:22] esmCNN.cv13: Find channel with Kernel size: 8 	 Lambda: 0.5: 	 Best Score: 0.1026
[2020-10-23 10:57:22] esmCNN.cv13: Channel size: 55 	 Kernel size: 8 
Training MSE: 0.10258174 	 Validating MSE: 0.29059586 	 Best VMSE: 0.26540697
[2020-10-23 10:57:22] esmCNN.cv13: Checkpoint saved to experiments/normal/sili/esmCNN_random_sili_h1
[2020-10-23 10:57:22] esmCNN.cv13: Find channel with Kernel size: 8 	 Lambda: 0.5: 	 Best Score: 0.1025
[2020-10-23 10:57:22] esmCNN.cv13: Channel size: 56 	 Kernel size: 8 
Training MSE: 0.10251094 	 Validating MSE: 0.29074153 	 Best VMSE: 0.26540697
[2020-10-23 10:57:22] esmCNN.cv13: Checkpoint saved to experiments/normal/sili/esmCNN_random_sili_h1
[2020-10-23 10:57:22] esmCNN.cv13: Find channel with Kernel size: 4 	 Lambda: 0.5: 	 Best Score: 0.1024
[2020-10-23 10:57:22] esmCNN.cv13: Channel size: 57 	 Kernel size: 4 
Training MSE: 0.10235041 	 Validating MSE: 0.29265201 	 Best VMSE: 0.26540697
[2020-10-23 10:57:22] esmCNN.cv13: Checkpoint saved to experiments/normal/sili/esmCNN_random_sili_h1
[2020-10-23 10:57:22] esmCNN.cv13: Find channel with Kernel size: 8 	 Lambda: 0.5: 	 Best Score: 0.1023
[2020-10-23 10:57:22] esmCNN.cv13: Channel size: 58 	 Kernel size: 8 
Training MSE: 0.10227945 	 Validating MSE: 0.29217875 	 Best VMSE: 0.26540697
[2020-10-23 10:57:22] esmCNN.cv13: Checkpoint saved to experiments/normal/sili/esmCNN_random_sili_h1
[2020-10-23 10:57:22] esmCNN.cv13: Find channel with Kernel size: 8 	 Lambda: 0.5: 	 Best Score: 0.1022
[2020-10-23 10:57:22] esmCNN.cv13: Channel size: 59 	 Kernel size: 8 
Training MSE: 0.10221161 	 Validating MSE: 0.29285213 	 Best VMSE: 0.26540697
[2020-10-23 10:57:22] esmCNN.cv13: Checkpoint saved to experiments/normal/sili/esmCNN_random_sili_h1
[2020-10-23 10:57:22] esmCNN.cv13: Find channel with Kernel size: 5 	 Lambda: 0.5: 	 Best Score: 0.1020
[2020-10-23 10:57:22] esmCNN.cv13: Channel size: 60 	 Kernel size: 5 
Training MSE: 0.10203075 	 Validating MSE: 0.29496723 	 Best VMSE: 0.26540697
[2020-10-23 10:57:22] esmCNN.cv13: Checkpoint saved to experiments/normal/sili/esmCNN_random_sili_h1
[2020-10-23 10:57:22] esmCNN.cv13: Find channel with Kernel size: 8 	 Lambda: 0.5: 	 Best Score: 0.1019
[2020-10-23 10:57:22] esmCNN.cv13: Channel size: 61 	 Kernel size: 8 
Training MSE: 0.10185920 	 Validating MSE: 0.29707310 	 Best VMSE: 0.26540697
[2020-10-23 10:57:22] esmCNN.cv13: Checkpoint saved to experiments/normal/sili/esmCNN_random_sili_h1
[2020-10-23 10:57:22] esmCNN.cv13: Find channel with Kernel size: 5 	 Lambda: 0.5: 	 Best Score: 0.1017
[2020-10-23 10:57:22] esmCNN.cv13: Channel size: 62 	 Kernel size: 5 
Training MSE: 0.10167605 	 Validating MSE: 0.29975373 	 Best VMSE: 0.26540697
[2020-10-23 10:57:22] esmCNN.cv13: Checkpoint saved to experiments/normal/sili/esmCNN_random_sili_h1
[2020-10-23 10:57:22] esmCNN.cv13: Find channel with Kernel size: 5 	 Lambda: 0.5: 	 Best Score: 0.1016
[2020-10-23 10:57:23] esmCNN.cv13: Channel size: 63 	 Kernel size: 5 
Training MSE: 0.10156626 	 Validating MSE: 0.30049837 	 Best VMSE: 0.26540697
[2020-10-23 10:57:23] esmCNN.cv13: Checkpoint saved to experiments/normal/sili/esmCNN_random_sili_h1
[2020-10-23 10:57:23] esmCNN.cv13: Find channel with Kernel size: 4 	 Lambda: 0.5: 	 Best Score: 0.1014
[2020-10-23 10:57:23] esmCNN.cv13: Channel size: 64 	 Kernel size: 4 
Training MSE: 0.10135017 	 Validating MSE: 0.29918084 	 Best VMSE: 0.26540697
[2020-10-23 10:57:23] esmCNN.cv13: Checkpoint saved to experiments/normal/sili/esmCNN_random_sili_h1
[2020-10-23 10:57:23] esmCNN.cv13: Find channel with Kernel size: 4 	 Lambda: 0.5: 	 Best Score: 0.1012
[2020-10-23 10:57:23] esmCNN.cv13: Channel size: 65 	 Kernel size: 4 
Training MSE: 0.10116414 	 Validating MSE: 0.30209762 	 Best VMSE: 0.26540697
[2020-10-23 10:57:23] esmCNN.cv13: Checkpoint saved to experiments/normal/sili/esmCNN_random_sili_h1
[2020-10-23 10:57:23] esmCNN.cv13: Find channel with Kernel size: 5 	 Lambda: 0.5: 	 Best Score: 0.1011
[2020-10-23 10:57:23] esmCNN.cv13: Channel size: 66 	 Kernel size: 5 
Training MSE: 0.10113087 	 Validating MSE: 0.30145466 	 Best VMSE: 0.26540697
[2020-10-23 10:57:23] esmCNN.cv13: Checkpoint saved to experiments/normal/sili/esmCNN_random_sili_h1
[2020-10-23 10:57:23] esmCNN.cv13: Find channel with Kernel size: 5 	 Lambda: 0.5: 	 Best Score: 0.1011
[2020-10-23 10:57:23] esmCNN.cv13: Channel size: 67 	 Kernel size: 5 
Training MSE: 0.10107231 	 Validating MSE: 0.30032885 	 Best VMSE: 0.26540697
[2020-10-23 10:57:23] esmCNN.cv13: Checkpoint saved to experiments/normal/sili/esmCNN_random_sili_h1
[2020-10-23 10:57:23] esmCNN.cv13: Find channel with Kernel size: 8 	 Lambda: 0.5: 	 Best Score: 0.1010
[2020-10-23 10:57:23] esmCNN.cv13: Channel size: 68 	 Kernel size: 8 
Training MSE: 0.10103828 	 Validating MSE: 0.29793254 	 Best VMSE: 0.26540697
[2020-10-23 10:57:23] esmCNN.cv13: Checkpoint saved to experiments/normal/sili/esmCNN_random_sili_h1
[2020-10-23 10:57:23] esmCNN.cv13: Find channel with Kernel size: 4 	 Lambda: 0.5: 	 Best Score: 0.1010
[2020-10-23 10:57:23] esmCNN.cv13: Channel size: 69 	 Kernel size: 4 
Training MSE: 0.10096905 	 Validating MSE: 0.29934072 	 Best VMSE: 0.26540697
[2020-10-23 10:57:23] esmCNN.cv13: Checkpoint saved to experiments/normal/sili/esmCNN_random_sili_h1
[2020-10-23 10:57:23] esmCNN.cv13: Find channel with Kernel size: 8 	 Lambda: 0.5: 	 Best Score: 0.1006
[2020-10-23 10:57:23] esmCNN.cv13: Channel size: 70 	 Kernel size: 8 
Training MSE: 0.10062414 	 Validating MSE: 0.30831748 	 Best VMSE: 0.26540697
[2020-10-23 10:57:23] esmCNN.cv13: Checkpoint saved to experiments/normal/sili/esmCNN_random_sili_h1
[2020-10-23 10:57:23] esmCNN.cv13: Find channel with Kernel size: 4 	 Lambda: 0.5: 	 Best Score: 0.1004
[2020-10-23 10:57:23] esmCNN.cv13: Channel size: 71 	 Kernel size: 4 
Training MSE: 0.10036476 	 Validating MSE: 0.30418727 	 Best VMSE: 0.26540697
[2020-10-23 10:57:23] esmCNN.cv13: Checkpoint saved to experiments/normal/sili/esmCNN_random_sili_h1
[2020-10-23 10:57:23] esmCNN.cv13: Find channel with Kernel size: 8 	 Lambda: 0.5: 	 Best Score: 0.1003
[2020-10-23 10:57:23] esmCNN.cv13: Channel size: 72 	 Kernel size: 8 
Training MSE: 0.10029971 	 Validating MSE: 0.30316785 	 Best VMSE: 0.26540697
[2020-10-23 10:57:23] esmCNN.cv13: Checkpoint saved to experiments/normal/sili/esmCNN_random_sili_h1
[2020-10-23 10:57:23] esmCNN.cv13: Find channel with Kernel size: 6 	 Lambda: 0.5: 	 Best Score: 0.1002
[2020-10-23 10:57:23] esmCNN.cv13: Channel size: 73 	 Kernel size: 6 
Training MSE: 0.10021049 	 Validating MSE: 0.30635107 	 Best VMSE: 0.26540697
[2020-10-23 10:57:23] esmCNN.cv13: Checkpoint saved to experiments/normal/sili/esmCNN_random_sili_h1
[2020-10-23 10:57:23] esmCNN.cv13: Find channel with Kernel size: 5 	 Lambda: 0.5: 	 Best Score: 0.1001
[2020-10-23 10:57:23] esmCNN.cv13: Channel size: 74 	 Kernel size: 5 
Training MSE: 0.10012452 	 Validating MSE: 0.30935565 	 Best VMSE: 0.26540697
[2020-10-23 10:57:23] esmCNN.cv13: Checkpoint saved to experiments/normal/sili/esmCNN_random_sili_h1
[2020-10-23 10:57:24] esmCNN.cv13: Find channel with Kernel size: 6 	 Lambda: 0.5: 	 Best Score: 0.1000
[2020-10-23 10:57:24] esmCNN.cv13: Channel size: 75 	 Kernel size: 6 
Training MSE: 0.10002985 	 Validating MSE: 0.30657285 	 Best VMSE: 0.26540697
[2020-10-23 10:57:24] esmCNN.cv13: Checkpoint saved to experiments/normal/sili/esmCNN_random_sili_h1
[2020-10-23 10:57:24] esmCNN.cv13: Find channel with Kernel size: 8 	 Lambda: 0.5: 	 Best Score: 0.0999
[2020-10-23 10:57:24] esmCNN.cv13: Channel size: 76 	 Kernel size: 8 
Training MSE: 0.09993220 	 Validating MSE: 0.30505311 	 Best VMSE: 0.26540697
[2020-10-23 10:57:24] esmCNN.cv13: Checkpoint saved to experiments/normal/sili/esmCNN_random_sili_h1
[2020-10-23 10:57:24] esmCNN.cv13: Find channel with Kernel size: 5 	 Lambda: 0.5: 	 Best Score: 0.0997
[2020-10-23 10:57:24] esmCNN.cv13: Channel size: 77 	 Kernel size: 5 
Training MSE: 0.09972635 	 Validating MSE: 0.30686784 	 Best VMSE: 0.26540697
[2020-10-23 10:57:24] esmCNN.cv13: Checkpoint saved to experiments/normal/sili/esmCNN_random_sili_h1
[2020-10-23 10:57:24] esmCNN.cv13: Find channel with Kernel size: 5 	 Lambda: 0.5: 	 Best Score: 0.0996
[2020-10-23 10:57:24] esmCNN.cv13: Channel size: 78 	 Kernel size: 5 
Training MSE: 0.09957757 	 Validating MSE: 0.30758294 	 Best VMSE: 0.26540697
[2020-10-23 10:57:24] esmCNN.cv13: Checkpoint saved to experiments/normal/sili/esmCNN_random_sili_h1
[2020-10-23 10:57:24] esmCNN.cv13: Find channel with Kernel size: 8 	 Lambda: 0.5: 	 Best Score: 0.0995
[2020-10-23 10:57:24] esmCNN.cv13: Channel size: 79 	 Kernel size: 8 
Training MSE: 0.09947690 	 Validating MSE: 0.30684906 	 Best VMSE: 0.26540697
[2020-10-23 10:57:24] esmCNN.cv13: Checkpoint saved to experiments/normal/sili/esmCNN_random_sili_h1
[2020-10-23 10:57:24] esmCNN.cv13: Find channel with Kernel size: 8 	 Lambda: 0.5: 	 Best Score: 0.0993
[2020-10-23 10:57:24] esmCNN.cv13: Channel size: 80 	 Kernel size: 8 
Training MSE: 0.09927180 	 Validating MSE: 0.30977175 	 Best VMSE: 0.26540697
[2020-10-23 10:57:24] esmCNN.cv13: Checkpoint saved to experiments/normal/sili/esmCNN_random_sili_h1
[2020-10-23 10:57:24] esmCNN.cv13: Find channel with Kernel size: 8 	 Lambda: 0.5: 	 Best Score: 0.0991
[2020-10-23 10:57:24] esmCNN.cv13: Channel size: 81 	 Kernel size: 8 
Training MSE: 0.09911090 	 Validating MSE: 0.30831623 	 Best VMSE: 0.26540697
[2020-10-23 10:57:24] esmCNN.cv13: Checkpoint saved to experiments/normal/sili/esmCNN_random_sili_h1
[2020-10-23 10:57:24] esmCNN.cv13: Find channel with Kernel size: 4 	 Lambda: 0.5: 	 Best Score: 0.0989
[2020-10-23 10:57:24] esmCNN.cv13: Channel size: 82 	 Kernel size: 4 
Training MSE: 0.09894449 	 Validating MSE: 0.31074187 	 Best VMSE: 0.26540697
[2020-10-23 10:57:24] esmCNN.cv13: Checkpoint saved to experiments/normal/sili/esmCNN_random_sili_h1
[2020-10-23 10:57:24] esmCNN.cv13: Find channel with Kernel size: 6 	 Lambda: 0.5: 	 Best Score: 0.0987
[2020-10-23 10:57:24] esmCNN.cv13: Channel size: 83 	 Kernel size: 6 
Training MSE: 0.09868995 	 Validating MSE: 0.31093937 	 Best VMSE: 0.26540697
[2020-10-23 10:57:24] esmCNN.cv13: Checkpoint saved to experiments/normal/sili/esmCNN_random_sili_h1
[2020-10-23 10:57:24] esmCNN.cv13: Find channel with Kernel size: 5 	 Lambda: 0.5: 	 Best Score: 0.0986
[2020-10-23 10:57:24] esmCNN.cv13: Channel size: 84 	 Kernel size: 5 
Training MSE: 0.09861262 	 Validating MSE: 0.31266406 	 Best VMSE: 0.26540697
[2020-10-23 10:57:24] esmCNN.cv13: Checkpoint saved to experiments/normal/sili/esmCNN_random_sili_h1
[2020-10-23 10:57:24] esmCNN.cv13: Find channel with Kernel size: 6 	 Lambda: 0.5: 	 Best Score: 0.0986
[2020-10-23 10:57:25] esmCNN.cv13: Channel size: 85 	 Kernel size: 6 
Training MSE: 0.09855886 	 Validating MSE: 0.31341562 	 Best VMSE: 0.26540697
[2020-10-23 10:57:25] esmCNN.cv13: Checkpoint saved to experiments/normal/sili/esmCNN_random_sili_h1
[2020-10-23 10:57:25] esmCNN.cv13: Find channel with Kernel size: 8 	 Lambda: 0.5: 	 Best Score: 0.0985
[2020-10-23 10:57:25] esmCNN.cv13: Channel size: 86 	 Kernel size: 8 
Training MSE: 0.09848855 	 Validating MSE: 0.31442651 	 Best VMSE: 0.26540697
[2020-10-23 10:57:25] esmCNN.cv13: Checkpoint saved to experiments/normal/sili/esmCNN_random_sili_h1
[2020-10-23 10:57:25] esmCNN.cv13: Find channel with Kernel size: 4 	 Lambda: 0.5: 	 Best Score: 0.0984
[2020-10-23 10:57:25] esmCNN.cv13: Channel size: 87 	 Kernel size: 4 
Training MSE: 0.09842747 	 Validating MSE: 0.31253254 	 Best VMSE: 0.26540697
[2020-10-23 10:57:25] esmCNN.cv13: Checkpoint saved to experiments/normal/sili/esmCNN_random_sili_h1
[2020-10-23 10:57:25] esmCNN.cv13: Find channel with Kernel size: 5 	 Lambda: 0.5: 	 Best Score: 0.0982
[2020-10-23 10:57:25] esmCNN.cv13: Channel size: 88 	 Kernel size: 5 
Training MSE: 0.09824622 	 Validating MSE: 0.31399035 	 Best VMSE: 0.26540697
[2020-10-23 10:57:25] esmCNN.cv13: Checkpoint saved to experiments/normal/sili/esmCNN_random_sili_h1
[2020-10-23 10:57:25] esmCNN.cv13: Find channel with Kernel size: 8 	 Lambda: 0.5: 	 Best Score: 0.0981
[2020-10-23 10:57:25] esmCNN.cv13: Channel size: 89 	 Kernel size: 8 
Training MSE: 0.09808390 	 Validating MSE: 0.31580967 	 Best VMSE: 0.26540697
[2020-10-23 10:57:25] esmCNN.cv13: Checkpoint saved to experiments/normal/sili/esmCNN_random_sili_h1
[2020-10-23 10:57:25] esmCNN.cv13: Find channel with Kernel size: 8 	 Lambda: 0.5: 	 Best Score: 0.0980
[2020-10-23 10:57:25] esmCNN.cv13: Channel size: 90 	 Kernel size: 8 
Training MSE: 0.09804307 	 Validating MSE: 0.31755877 	 Best VMSE: 0.26540697
[2020-10-23 10:57:25] esmCNN.cv13: Checkpoint saved to experiments/normal/sili/esmCNN_random_sili_h1
[2020-10-23 10:57:25] esmCNN.cv13: Find channel with Kernel size: 6 	 Lambda: 0.5: 	 Best Score: 0.0980
[2020-10-23 10:57:25] esmCNN.cv13: Channel size: 91 	 Kernel size: 6 
Training MSE: 0.09798165 	 Validating MSE: 0.31784764 	 Best VMSE: 0.26540697
[2020-10-23 10:57:25] esmCNN.cv13: Checkpoint saved to experiments/normal/sili/esmCNN_random_sili_h1
[2020-10-23 10:57:25] esmCNN.cv13: Find channel with Kernel size: 4 	 Lambda: 0.5: 	 Best Score: 0.0979
[2020-10-23 10:57:25] esmCNN.cv13: Channel size: 92 	 Kernel size: 4 
Training MSE: 0.09786810 	 Validating MSE: 0.31678879 	 Best VMSE: 0.26540697
[2020-10-23 10:57:25] esmCNN.cv13: Checkpoint saved to experiments/normal/sili/esmCNN_random_sili_h1
[2020-10-23 10:57:25] esmCNN.cv13: Find channel with Kernel size: 4 	 Lambda: 0.5: 	 Best Score: 0.0977
[2020-10-23 10:57:25] esmCNN.cv13: Channel size: 93 	 Kernel size: 4 
Training MSE: 0.09774017 	 Validating MSE: 0.31702173 	 Best VMSE: 0.26540697
[2020-10-23 10:57:25] esmCNN.cv13: Checkpoint saved to experiments/normal/sili/esmCNN_random_sili_h1
[2020-10-23 10:57:25] esmCNN.cv13: Find channel with Kernel size: 5 	 Lambda: 0.5: 	 Best Score: 0.0977
[2020-10-23 10:57:25] esmCNN.cv13: Channel size: 94 	 Kernel size: 5 
Training MSE: 0.09767115 	 Validating MSE: 0.31772554 	 Best VMSE: 0.26540697
[2020-10-23 10:57:25] esmCNN.cv13: Checkpoint saved to experiments/normal/sili/esmCNN_random_sili_h1
[2020-10-23 10:57:25] esmCNN.cv13: Find channel with Kernel size: 4 	 Lambda: 0.5: 	 Best Score: 0.0976
[2020-10-23 10:57:26] esmCNN.cv13: Channel size: 95 	 Kernel size: 4 
Training MSE: 0.09760065 	 Validating MSE: 0.31991205 	 Best VMSE: 0.26540697
[2020-10-23 10:57:26] esmCNN.cv13: Checkpoint saved to experiments/normal/sili/esmCNN_random_sili_h1
[2020-10-23 10:57:26] esmCNN.cv13: Find channel with Kernel size: 6 	 Lambda: 0.5: 	 Best Score: 0.0975
[2020-10-23 10:57:26] esmCNN.cv13: Channel size: 96 	 Kernel size: 6 
Training MSE: 0.09745494 	 Validating MSE: 0.31932062 	 Best VMSE: 0.26540697
[2020-10-23 10:57:26] esmCNN.cv13: Checkpoint saved to experiments/normal/sili/esmCNN_random_sili_h1
[2020-10-23 10:57:26] esmCNN.cv13: Find channel with Kernel size: 5 	 Lambda: 0.5: 	 Best Score: 0.0973
[2020-10-23 10:57:26] esmCNN.cv13: Channel size: 97 	 Kernel size: 5 
Training MSE: 0.09731328 	 Validating MSE: 0.31786191 	 Best VMSE: 0.26540697
[2020-10-23 10:57:26] esmCNN.cv13: Checkpoint saved to experiments/normal/sili/esmCNN_random_sili_h1
[2020-10-23 10:57:26] esmCNN.cv13: Find channel with Kernel size: 6 	 Lambda: 0.5: 	 Best Score: 0.0972
[2020-10-23 10:57:26] esmCNN.cv13: Channel size: 98 	 Kernel size: 6 
Training MSE: 0.09721830 	 Validating MSE: 0.31968033 	 Best VMSE: 0.26540697
[2020-10-23 10:57:26] esmCNN.cv13: Checkpoint saved to experiments/normal/sili/esmCNN_random_sili_h1
[2020-10-23 10:57:26] esmCNN.cv13: Find channel with Kernel size: 5 	 Lambda: 0.5: 	 Best Score: 0.0972
[2020-10-23 10:57:26] esmCNN.cv13: Channel size: 99 	 Kernel size: 5 
Training MSE: 0.09716161 	 Validating MSE: 0.32107988 	 Best VMSE: 0.26540697
[2020-10-23 10:57:26] esmCNN.cv13: Checkpoint saved to experiments/normal/sili/esmCNN_random_sili_h1
[2020-10-23 10:57:26] esmCNN.cv13: Find channel with Kernel size: 8 	 Lambda: 0.5: 	 Best Score: 0.0971
[2020-10-23 10:57:26] esmCNN.cv13: Channel size: 100 	 Kernel size: 8 
Training MSE: 0.09710631 	 Validating MSE: 0.32088354 	 Best VMSE: 0.26540697
[2020-10-23 10:57:26] esmCNN.cv13: Checkpoint saved to experiments/normal/sili/esmCNN_random_sili_h1
[2020-10-23 10:57:26] esmCNN.cv13: Restoring best parameters from experiments/normal/sili/esmCNN_random_sili_h1/train.cv13.pth.tar
[2020-10-23 10:57:26] esmCNN.cv13: sili	 H: 1	 Trail: 29 
Testing RMSE: 0.6045 	 MAPE: 0.09233 	 SMAPE: 0.04715
