[2020-10-23 10:55:44] esmCNN.cv8: Loading the datasets and model for 16th-batch-training
[2020-10-23 10:55:44] esmCNN.cv8: Argument channel_size: 100
[2020-10-23 10:55:44] esmCNN.cv8: Argument candidate_size: 300
[2020-10-23 10:55:44] esmCNN.cv8: Argument kernel_size: 6
[2020-10-23 10:55:44] esmCNN.cv8: Argument kernel_list: [8, 6, 5, 4]
[2020-10-23 10:55:44] esmCNN.cv8: Argument Lambdas: [0.5, 1, 5, 15, 30, 50, 100, 150, 200]
[2020-10-23 10:55:44] esmCNN.cv8: Argument Lambdas_std: [0.01, 0.05, 0.1, 0.5, 1]
[2020-10-23 10:55:44] esmCNN.cv8: Argument r: [0.8, 0.9, 0.99, 0.9999, 0.999999]
[2020-10-23 10:55:44] esmCNN.cv8: Argument tolerance: 0
[2020-10-23 10:55:44] esmCNN.cv8: Argument device: device(type='cuda')
[2020-10-23 10:55:44] esmCNN.cv8: Argument dataset: 'sili'
[2020-10-23 10:55:44] esmCNN.cv8: Argument H: 1
[2020-10-23 10:55:44] esmCNN.cv8: Argument k: 5
[2020-10-23 10:55:44] esmCNN.cv8: Argument test: False
[2020-10-23 10:55:44] esmCNN.cv8: Argument search: 'random'
[2020-10-23 10:55:44] esmCNN.cv8: Argument normal: True
[2020-10-23 10:55:44] esmCNN.cv8: Argument diff: False
[2020-10-23 10:55:44] esmCNN.cv8: Argument times: 60
[2020-10-23 10:55:44] esmCNN.cv8: Argument datasets: {'ar1': {'lag_order': 15, 'normal': True, 'cov_dim': 0, 'kernel_size': 3}, 'wti': {'lag_order': 25, 'normal': True, 'cov_dim': 0, 'kernel_size': 5}, 'gold': {'lag_order': 25, 'normal': True, 'cov_dim': 0, 'kernel_size': 5}, 'sp': {'lag_order': 25, 'normal': True, 'cov_dim': 0, 'kernel_size': 5}, 'brent': {'lag_order': 24, 'normal': True, 'cov_dim': 0, 'kernel_size': 6}, 'sili': {'lag_order': 26, 'normal': True, 'cov_dim': 0, 'kernel_size': 6}}
[2020-10-23 10:55:44] esmCNN.cv8: Argument steps: 26
[2020-10-23 10:55:44] esmCNN.cv8: Argument cov_dim: 0
[2020-10-23 10:55:44] esmCNN.cv8: Argument experiment: 'experiments/normal/sili'
[2020-10-23 10:55:44] esmCNN.cv8: Argument scaler: StandardScaler()
[2020-10-23 10:55:44] esmCNN.cv8: Argument model_name: 'esmCNN_random_sili_h1'
[2020-10-23 10:55:44] esmCNN.cv8: Argument model_dir: 'experiments/normal/sili/esmCNN_random_sili_h1'
[2020-10-23 10:55:44] esmCNN.cv8: Argument In_channels: 1
[2020-10-23 10:55:44] esmCNN.cv8: Argument restore: True
[2020-10-23 10:55:44] esmCNN.cv8: Argument cv: 8
[2020-10-23 10:55:44] esmCNN.cv8: Argument plot_dir: 'experiments/normal/sili/esmCNN_random_sili_h1/figures'
[2020-10-23 10:55:44] esmCNN.cv8: Argument num_process: 8
[2020-10-23 10:55:44] esmCNN.cv8: Using Cuda...
[2020-10-23 10:55:44] esmCNN.cv8: Loading complete.
[2020-10-23 10:55:44] esmCNN.cv8: Model: 
ESM_CNN(
  (Pool): AvgPool1d(kernel_size=(3,), stride=(1,), padding=(0,))
  (loss_fn): MSELoss()
)
[2020-10-23 10:55:44] esmCNN.cv8: Found new best state
[2020-10-23 10:55:44] esmCNN.cv8: Best vmse: 0.2779
[2020-10-23 10:55:44] esmCNN.cv8: Channel size: 1 	 Kernel size: 6 
Training MSE: 0.11517164 	 Validating MSE: 0.27787551 	 Best VMSE: 0.27787551
[2020-10-23 10:55:44] esmCNN.cv8: Checkpoint saved to experiments/normal/sili/esmCNN_random_sili_h1
[2020-10-23 10:55:44] esmCNN.cv8: Find channel with Kernel size: 5 	 Lambda: 0.5: 	 Best Score: 0.1133
[2020-10-23 10:55:44] esmCNN.cv8: Found new best state
[2020-10-23 10:55:44] esmCNN.cv8: Best vmse: 0.2741
[2020-10-23 10:55:44] esmCNN.cv8: Channel size: 2 	 Kernel size: 5 
Training MSE: 0.11329677 	 Validating MSE: 0.27409822 	 Best VMSE: 0.27409822
[2020-10-23 10:55:44] esmCNN.cv8: Checkpoint saved to experiments/normal/sili/esmCNN_random_sili_h1
[2020-10-23 10:55:44] esmCNN.cv8: Find channel with Kernel size: 8 	 Lambda: 0.5: 	 Best Score: 0.1129
[2020-10-23 10:55:44] esmCNN.cv8: Found new best state
[2020-10-23 10:55:44] esmCNN.cv8: Best vmse: 0.2734
[2020-10-23 10:55:44] esmCNN.cv8: Channel size: 3 	 Kernel size: 8 
Training MSE: 0.11290973 	 Validating MSE: 0.27344629 	 Best VMSE: 0.27344629
[2020-10-23 10:55:44] esmCNN.cv8: Checkpoint saved to experiments/normal/sili/esmCNN_random_sili_h1
[2020-10-23 10:55:44] esmCNN.cv8: Find channel with Kernel size: 4 	 Lambda: 0.5: 	 Best Score: 0.1128
[2020-10-23 10:55:44] esmCNN.cv8: Found new best state
[2020-10-23 10:55:44] esmCNN.cv8: Best vmse: 0.2690
[2020-10-23 10:55:44] esmCNN.cv8: Channel size: 4 	 Kernel size: 4 
Training MSE: 0.11275601 	 Validating MSE: 0.26895496 	 Best VMSE: 0.26895496
[2020-10-23 10:55:44] esmCNN.cv8: Checkpoint saved to experiments/normal/sili/esmCNN_random_sili_h1
[2020-10-23 10:55:44] esmCNN.cv8: Find channel with Kernel size: 4 	 Lambda: 0.5: 	 Best Score: 0.1126
[2020-10-23 10:55:44] esmCNN.cv8: Channel size: 5 	 Kernel size: 4 
Training MSE: 0.11257084 	 Validating MSE: 0.27163333 	 Best VMSE: 0.26895496
[2020-10-23 10:55:44] esmCNN.cv8: Checkpoint saved to experiments/normal/sili/esmCNN_random_sili_h1
[2020-10-23 10:55:44] esmCNN.cv8: Find channel with Kernel size: 5 	 Lambda: 0.5: 	 Best Score: 0.1123
[2020-10-23 10:55:44] esmCNN.cv8: Found new best state
[2020-10-23 10:55:44] esmCNN.cv8: Best vmse: 0.2662
[2020-10-23 10:55:44] esmCNN.cv8: Channel size: 6 	 Kernel size: 5 
Training MSE: 0.11233509 	 Validating MSE: 0.26623631 	 Best VMSE: 0.26623631
[2020-10-23 10:55:44] esmCNN.cv8: Checkpoint saved to experiments/normal/sili/esmCNN_random_sili_h1
[2020-10-23 10:55:44] esmCNN.cv8: Find channel with Kernel size: 6 	 Lambda: 0.5: 	 Best Score: 0.1122
[2020-10-23 10:55:44] esmCNN.cv8: Channel size: 7 	 Kernel size: 6 
Training MSE: 0.11218923 	 Validating MSE: 0.26811108 	 Best VMSE: 0.26623631
[2020-10-23 10:55:44] esmCNN.cv8: Checkpoint saved to experiments/normal/sili/esmCNN_random_sili_h1
[2020-10-23 10:55:44] esmCNN.cv8: Find channel with Kernel size: 8 	 Lambda: 0.5: 	 Best Score: 0.1121
[2020-10-23 10:55:44] esmCNN.cv8: Channel size: 8 	 Kernel size: 8 
Training MSE: 0.11205462 	 Validating MSE: 0.27041388 	 Best VMSE: 0.26623631
[2020-10-23 10:55:44] esmCNN.cv8: Checkpoint saved to experiments/normal/sili/esmCNN_random_sili_h1
[2020-10-23 10:55:44] esmCNN.cv8: Find channel with Kernel size: 4 	 Lambda: 0.5: 	 Best Score: 0.1119
[2020-10-23 10:55:44] esmCNN.cv8: Channel size: 9 	 Kernel size: 4 
Training MSE: 0.11185931 	 Validating MSE: 0.26834786 	 Best VMSE: 0.26623631
[2020-10-23 10:55:44] esmCNN.cv8: Checkpoint saved to experiments/normal/sili/esmCNN_random_sili_h1
[2020-10-23 10:55:44] esmCNN.cv8: Find channel with Kernel size: 8 	 Lambda: 0.5: 	 Best Score: 0.1117
[2020-10-23 10:55:44] esmCNN.cv8: Channel size: 10 	 Kernel size: 8 
Training MSE: 0.11172998 	 Validating MSE: 0.27106848 	 Best VMSE: 0.26623631
[2020-10-23 10:55:44] esmCNN.cv8: Checkpoint saved to experiments/normal/sili/esmCNN_random_sili_h1
[2020-10-23 10:55:44] esmCNN.cv8: Find channel with Kernel size: 5 	 Lambda: 0.5: 	 Best Score: 0.1116
[2020-10-23 10:55:44] esmCNN.cv8: Channel size: 11 	 Kernel size: 5 
Training MSE: 0.11156487 	 Validating MSE: 0.27070048 	 Best VMSE: 0.26623631
[2020-10-23 10:55:44] esmCNN.cv8: Checkpoint saved to experiments/normal/sili/esmCNN_random_sili_h1
[2020-10-23 10:55:44] esmCNN.cv8: Find channel with Kernel size: 8 	 Lambda: 0.5: 	 Best Score: 0.1113
[2020-10-23 10:55:44] esmCNN.cv8: Channel size: 12 	 Kernel size: 8 
Training MSE: 0.11125746 	 Validating MSE: 0.27488360 	 Best VMSE: 0.26623631
[2020-10-23 10:55:44] esmCNN.cv8: Checkpoint saved to experiments/normal/sili/esmCNN_random_sili_h1
[2020-10-23 10:55:45] esmCNN.cv8: Find channel with Kernel size: 4 	 Lambda: 0.5: 	 Best Score: 0.1109
[2020-10-23 10:55:45] esmCNN.cv8: Channel size: 13 	 Kernel size: 4 
Training MSE: 0.11094857 	 Validating MSE: 0.27712768 	 Best VMSE: 0.26623631
[2020-10-23 10:55:45] esmCNN.cv8: Checkpoint saved to experiments/normal/sili/esmCNN_random_sili_h1
[2020-10-23 10:55:45] esmCNN.cv8: Find channel with Kernel size: 6 	 Lambda: 0.5: 	 Best Score: 0.1109
[2020-10-23 10:55:45] esmCNN.cv8: Channel size: 14 	 Kernel size: 6 
Training MSE: 0.11088481 	 Validating MSE: 0.27612099 	 Best VMSE: 0.26623631
[2020-10-23 10:55:45] esmCNN.cv8: Checkpoint saved to experiments/normal/sili/esmCNN_random_sili_h1
[2020-10-23 10:55:45] esmCNN.cv8: Find channel with Kernel size: 8 	 Lambda: 0.5: 	 Best Score: 0.1108
[2020-10-23 10:55:45] esmCNN.cv8: Channel size: 15 	 Kernel size: 8 
Training MSE: 0.11077795 	 Validating MSE: 0.27663752 	 Best VMSE: 0.26623631
[2020-10-23 10:55:45] esmCNN.cv8: Checkpoint saved to experiments/normal/sili/esmCNN_random_sili_h1
[2020-10-23 10:55:45] esmCNN.cv8: Find channel with Kernel size: 5 	 Lambda: 0.5: 	 Best Score: 0.1106
[2020-10-23 10:55:45] esmCNN.cv8: Channel size: 16 	 Kernel size: 5 
Training MSE: 0.11061776 	 Validating MSE: 0.27668583 	 Best VMSE: 0.26623631
[2020-10-23 10:55:45] esmCNN.cv8: Checkpoint saved to experiments/normal/sili/esmCNN_random_sili_h1
[2020-10-23 10:55:45] esmCNN.cv8: Find channel with Kernel size: 5 	 Lambda: 0.5: 	 Best Score: 0.1104
[2020-10-23 10:55:45] esmCNN.cv8: Channel size: 17 	 Kernel size: 5 
Training MSE: 0.11036360 	 Validating MSE: 0.27679557 	 Best VMSE: 0.26623631
[2020-10-23 10:55:45] esmCNN.cv8: Checkpoint saved to experiments/normal/sili/esmCNN_random_sili_h1
[2020-10-23 10:55:45] esmCNN.cv8: Find channel with Kernel size: 8 	 Lambda: 0.5: 	 Best Score: 0.1099
[2020-10-23 10:55:45] esmCNN.cv8: Channel size: 18 	 Kernel size: 8 
Training MSE: 0.10994630 	 Validating MSE: 0.27432185 	 Best VMSE: 0.26623631
[2020-10-23 10:55:45] esmCNN.cv8: Checkpoint saved to experiments/normal/sili/esmCNN_random_sili_h1
[2020-10-23 10:55:45] esmCNN.cv8: Find channel with Kernel size: 8 	 Lambda: 0.5: 	 Best Score: 0.1097
[2020-10-23 10:55:45] esmCNN.cv8: Channel size: 19 	 Kernel size: 8 
Training MSE: 0.10966481 	 Validating MSE: 0.27255875 	 Best VMSE: 0.26623631
[2020-10-23 10:55:45] esmCNN.cv8: Checkpoint saved to experiments/normal/sili/esmCNN_random_sili_h1
[2020-10-23 10:55:45] esmCNN.cv8: Find channel with Kernel size: 8 	 Lambda: 0.5: 	 Best Score: 0.1094
[2020-10-23 10:55:45] esmCNN.cv8: Channel size: 20 	 Kernel size: 8 
Training MSE: 0.10936371 	 Validating MSE: 0.27710795 	 Best VMSE: 0.26623631
[2020-10-23 10:55:45] esmCNN.cv8: Checkpoint saved to experiments/normal/sili/esmCNN_random_sili_h1
[2020-10-23 10:55:45] esmCNN.cv8: Find channel with Kernel size: 6 	 Lambda: 0.5: 	 Best Score: 0.1091
[2020-10-23 10:55:45] esmCNN.cv8: Channel size: 21 	 Kernel size: 6 
Training MSE: 0.10913583 	 Validating MSE: 0.27455723 	 Best VMSE: 0.26623631
[2020-10-23 10:55:45] esmCNN.cv8: Checkpoint saved to experiments/normal/sili/esmCNN_random_sili_h1
[2020-10-23 10:55:45] esmCNN.cv8: Find channel with Kernel size: 8 	 Lambda: 0.5: 	 Best Score: 0.1090
[2020-10-23 10:55:45] esmCNN.cv8: Channel size: 22 	 Kernel size: 8 
Training MSE: 0.10895472 	 Validating MSE: 0.27771810 	 Best VMSE: 0.26623631
[2020-10-23 10:55:45] esmCNN.cv8: Checkpoint saved to experiments/normal/sili/esmCNN_random_sili_h1
[2020-10-23 10:55:45] esmCNN.cv8: Find channel with Kernel size: 6 	 Lambda: 0.5: 	 Best Score: 0.1087
[2020-10-23 10:55:45] esmCNN.cv8: Channel size: 23 	 Kernel size: 6 
Training MSE: 0.10872584 	 Validating MSE: 0.27869827 	 Best VMSE: 0.26623631
[2020-10-23 10:55:45] esmCNN.cv8: Checkpoint saved to experiments/normal/sili/esmCNN_random_sili_h1
[2020-10-23 10:55:45] esmCNN.cv8: Find channel with Kernel size: 6 	 Lambda: 0.5: 	 Best Score: 0.1085
[2020-10-23 10:55:45] esmCNN.cv8: Channel size: 24 	 Kernel size: 6 
Training MSE: 0.10849576 	 Validating MSE: 0.27837440 	 Best VMSE: 0.26623631
[2020-10-23 10:55:45] esmCNN.cv8: Checkpoint saved to experiments/normal/sili/esmCNN_random_sili_h1
[2020-10-23 10:55:45] esmCNN.cv8: Find channel with Kernel size: 5 	 Lambda: 0.5: 	 Best Score: 0.1083
[2020-10-23 10:55:45] esmCNN.cv8: Channel size: 25 	 Kernel size: 5 
Training MSE: 0.10826519 	 Validating MSE: 0.27776757 	 Best VMSE: 0.26623631
[2020-10-23 10:55:45] esmCNN.cv8: Checkpoint saved to experiments/normal/sili/esmCNN_random_sili_h1
[2020-10-23 10:55:45] esmCNN.cv8: Find channel with Kernel size: 5 	 Lambda: 0.5: 	 Best Score: 0.1082
[2020-10-23 10:55:45] esmCNN.cv8: Channel size: 26 	 Kernel size: 5 
Training MSE: 0.10819893 	 Validating MSE: 0.28013989 	 Best VMSE: 0.26623631
[2020-10-23 10:55:45] esmCNN.cv8: Checkpoint saved to experiments/normal/sili/esmCNN_random_sili_h1
[2020-10-23 10:55:45] esmCNN.cv8: Find channel with Kernel size: 4 	 Lambda: 0.5: 	 Best Score: 0.1081
[2020-10-23 10:55:45] esmCNN.cv8: Channel size: 27 	 Kernel size: 4 
Training MSE: 0.10806618 	 Validating MSE: 0.27965418 	 Best VMSE: 0.26623631
[2020-10-23 10:55:45] esmCNN.cv8: Checkpoint saved to experiments/normal/sili/esmCNN_random_sili_h1
[2020-10-23 10:55:45] esmCNN.cv8: Find channel with Kernel size: 8 	 Lambda: 0.5: 	 Best Score: 0.1079
[2020-10-23 10:55:45] esmCNN.cv8: Channel size: 28 	 Kernel size: 8 
Training MSE: 0.10788775 	 Validating MSE: 0.28204712 	 Best VMSE: 0.26623631
[2020-10-23 10:55:45] esmCNN.cv8: Checkpoint saved to experiments/normal/sili/esmCNN_random_sili_h1
[2020-10-23 10:55:45] esmCNN.cv8: Find channel with Kernel size: 4 	 Lambda: 0.5: 	 Best Score: 0.1075
[2020-10-23 10:55:45] esmCNN.cv8: Channel size: 29 	 Kernel size: 4 
Training MSE: 0.10750405 	 Validating MSE: 0.28496575 	 Best VMSE: 0.26623631
[2020-10-23 10:55:45] esmCNN.cv8: Checkpoint saved to experiments/normal/sili/esmCNN_random_sili_h1
[2020-10-23 10:55:45] esmCNN.cv8: Find channel with Kernel size: 5 	 Lambda: 0.5: 	 Best Score: 0.1075
[2020-10-23 10:55:45] esmCNN.cv8: Channel size: 30 	 Kernel size: 5 
Training MSE: 0.10746086 	 Validating MSE: 0.28475255 	 Best VMSE: 0.26623631
[2020-10-23 10:55:45] esmCNN.cv8: Checkpoint saved to experiments/normal/sili/esmCNN_random_sili_h1
[2020-10-23 10:55:45] esmCNN.cv8: Find channel with Kernel size: 8 	 Lambda: 0.5: 	 Best Score: 0.1073
[2020-10-23 10:55:45] esmCNN.cv8: Channel size: 31 	 Kernel size: 8 
Training MSE: 0.10734292 	 Validating MSE: 0.28525537 	 Best VMSE: 0.26623631
[2020-10-23 10:55:45] esmCNN.cv8: Checkpoint saved to experiments/normal/sili/esmCNN_random_sili_h1
[2020-10-23 10:55:45] esmCNN.cv8: Find channel with Kernel size: 5 	 Lambda: 0.5: 	 Best Score: 0.1072
[2020-10-23 10:55:46] esmCNN.cv8: Channel size: 32 	 Kernel size: 5 
Training MSE: 0.10716490 	 Validating MSE: 0.29050624 	 Best VMSE: 0.26623631
[2020-10-23 10:55:46] esmCNN.cv8: Checkpoint saved to experiments/normal/sili/esmCNN_random_sili_h1
[2020-10-23 10:55:46] esmCNN.cv8: Find channel with Kernel size: 4 	 Lambda: 0.5: 	 Best Score: 0.1070
[2020-10-23 10:55:46] esmCNN.cv8: Channel size: 33 	 Kernel size: 4 
Training MSE: 0.10697858 	 Validating MSE: 0.29037428 	 Best VMSE: 0.26623631
[2020-10-23 10:55:46] esmCNN.cv8: Checkpoint saved to experiments/normal/sili/esmCNN_random_sili_h1
[2020-10-23 10:55:46] esmCNN.cv8: Find channel with Kernel size: 5 	 Lambda: 0.5: 	 Best Score: 0.1069
[2020-10-23 10:55:46] esmCNN.cv8: Channel size: 34 	 Kernel size: 5 
Training MSE: 0.10687487 	 Validating MSE: 0.29061031 	 Best VMSE: 0.26623631
[2020-10-23 10:55:46] esmCNN.cv8: Checkpoint saved to experiments/normal/sili/esmCNN_random_sili_h1
[2020-10-23 10:55:46] esmCNN.cv8: Find channel with Kernel size: 5 	 Lambda: 0.5: 	 Best Score: 0.1068
[2020-10-23 10:55:46] esmCNN.cv8: Channel size: 35 	 Kernel size: 5 
Training MSE: 0.10675825 	 Validating MSE: 0.29135621 	 Best VMSE: 0.26623631
[2020-10-23 10:55:46] esmCNN.cv8: Checkpoint saved to experiments/normal/sili/esmCNN_random_sili_h1
[2020-10-23 10:55:46] esmCNN.cv8: Find channel with Kernel size: 4 	 Lambda: 0.5: 	 Best Score: 0.1067
[2020-10-23 10:55:46] esmCNN.cv8: Channel size: 36 	 Kernel size: 4 
Training MSE: 0.10668877 	 Validating MSE: 0.28876659 	 Best VMSE: 0.26623631
[2020-10-23 10:55:46] esmCNN.cv8: Checkpoint saved to experiments/normal/sili/esmCNN_random_sili_h1
[2020-10-23 10:55:46] esmCNN.cv8: Find channel with Kernel size: 4 	 Lambda: 0.5: 	 Best Score: 0.1066
[2020-10-23 10:55:46] esmCNN.cv8: Channel size: 37 	 Kernel size: 4 
Training MSE: 0.10660347 	 Validating MSE: 0.29019848 	 Best VMSE: 0.26623631
[2020-10-23 10:55:46] esmCNN.cv8: Checkpoint saved to experiments/normal/sili/esmCNN_random_sili_h1
[2020-10-23 10:55:46] esmCNN.cv8: Find channel with Kernel size: 5 	 Lambda: 0.5: 	 Best Score: 0.1065
[2020-10-23 10:55:46] esmCNN.cv8: Channel size: 38 	 Kernel size: 5 
Training MSE: 0.10649627 	 Validating MSE: 0.29235303 	 Best VMSE: 0.26623631
[2020-10-23 10:55:46] esmCNN.cv8: Checkpoint saved to experiments/normal/sili/esmCNN_random_sili_h1
[2020-10-23 10:55:46] esmCNN.cv8: Find channel with Kernel size: 4 	 Lambda: 0.5: 	 Best Score: 0.1063
[2020-10-23 10:55:46] esmCNN.cv8: Channel size: 39 	 Kernel size: 4 
Training MSE: 0.10632237 	 Validating MSE: 0.29000816 	 Best VMSE: 0.26623631
[2020-10-23 10:55:46] esmCNN.cv8: Checkpoint saved to experiments/normal/sili/esmCNN_random_sili_h1
[2020-10-23 10:55:46] esmCNN.cv8: Find channel with Kernel size: 6 	 Lambda: 0.5: 	 Best Score: 0.1063
[2020-10-23 10:55:46] esmCNN.cv8: Channel size: 40 	 Kernel size: 6 
Training MSE: 0.10626560 	 Validating MSE: 0.29119200 	 Best VMSE: 0.26623631
[2020-10-23 10:55:46] esmCNN.cv8: Checkpoint saved to experiments/normal/sili/esmCNN_random_sili_h1
[2020-10-23 10:55:46] esmCNN.cv8: Find channel with Kernel size: 8 	 Lambda: 0.5: 	 Best Score: 0.1062
[2020-10-23 10:55:46] esmCNN.cv8: Channel size: 41 	 Kernel size: 8 
Training MSE: 0.10615987 	 Validating MSE: 0.29253736 	 Best VMSE: 0.26623631
[2020-10-23 10:55:46] esmCNN.cv8: Checkpoint saved to experiments/normal/sili/esmCNN_random_sili_h1
[2020-10-23 10:55:46] esmCNN.cv8: Find channel with Kernel size: 6 	 Lambda: 0.5: 	 Best Score: 0.1060
[2020-10-23 10:55:46] esmCNN.cv8: Channel size: 42 	 Kernel size: 6 
Training MSE: 0.10599819 	 Validating MSE: 0.29125988 	 Best VMSE: 0.26623631
[2020-10-23 10:55:46] esmCNN.cv8: Checkpoint saved to experiments/normal/sili/esmCNN_random_sili_h1
[2020-10-23 10:55:46] esmCNN.cv8: Find channel with Kernel size: 8 	 Lambda: 0.5: 	 Best Score: 0.1059
[2020-10-23 10:55:46] esmCNN.cv8: Channel size: 43 	 Kernel size: 8 
Training MSE: 0.10587609 	 Validating MSE: 0.29200330 	 Best VMSE: 0.26623631
[2020-10-23 10:55:46] esmCNN.cv8: Checkpoint saved to experiments/normal/sili/esmCNN_random_sili_h1
[2020-10-23 10:55:46] esmCNN.cv8: Find channel with Kernel size: 8 	 Lambda: 0.5: 	 Best Score: 0.1058
[2020-10-23 10:55:46] esmCNN.cv8: Channel size: 44 	 Kernel size: 8 
Training MSE: 0.10577322 	 Validating MSE: 0.29143310 	 Best VMSE: 0.26623631
[2020-10-23 10:55:46] esmCNN.cv8: Checkpoint saved to experiments/normal/sili/esmCNN_random_sili_h1
[2020-10-23 10:55:46] esmCNN.cv8: Find channel with Kernel size: 6 	 Lambda: 0.5: 	 Best Score: 0.1057
[2020-10-23 10:55:46] esmCNN.cv8: Channel size: 45 	 Kernel size: 6 
Training MSE: 0.10571424 	 Validating MSE: 0.29249567 	 Best VMSE: 0.26623631
[2020-10-23 10:55:46] esmCNN.cv8: Checkpoint saved to experiments/normal/sili/esmCNN_random_sili_h1
[2020-10-23 10:55:46] esmCNN.cv8: Find channel with Kernel size: 5 	 Lambda: 0.5: 	 Best Score: 0.1056
[2020-10-23 10:55:46] esmCNN.cv8: Channel size: 46 	 Kernel size: 5 
Training MSE: 0.10558897 	 Validating MSE: 0.28761095 	 Best VMSE: 0.26623631
[2020-10-23 10:55:46] esmCNN.cv8: Checkpoint saved to experiments/normal/sili/esmCNN_random_sili_h1
[2020-10-23 10:55:46] esmCNN.cv8: Find channel with Kernel size: 4 	 Lambda: 0.5: 	 Best Score: 0.1055
[2020-10-23 10:55:46] esmCNN.cv8: Channel size: 47 	 Kernel size: 4 
Training MSE: 0.10550547 	 Validating MSE: 0.29095083 	 Best VMSE: 0.26623631
[2020-10-23 10:55:46] esmCNN.cv8: Checkpoint saved to experiments/normal/sili/esmCNN_random_sili_h1
[2020-10-23 10:55:47] esmCNN.cv8: Find channel with Kernel size: 6 	 Lambda: 0.5: 	 Best Score: 0.1055
[2020-10-23 10:55:47] esmCNN.cv8: Channel size: 48 	 Kernel size: 6 
Training MSE: 0.10545752 	 Validating MSE: 0.29147571 	 Best VMSE: 0.26623631
[2020-10-23 10:55:47] esmCNN.cv8: Checkpoint saved to experiments/normal/sili/esmCNN_random_sili_h1
[2020-10-23 10:55:47] esmCNN.cv8: Find channel with Kernel size: 5 	 Lambda: 0.5: 	 Best Score: 0.1054
[2020-10-23 10:55:47] esmCNN.cv8: Channel size: 49 	 Kernel size: 5 
Training MSE: 0.10542160 	 Validating MSE: 0.29255822 	 Best VMSE: 0.26623631
[2020-10-23 10:55:47] esmCNN.cv8: Checkpoint saved to experiments/normal/sili/esmCNN_random_sili_h1
[2020-10-23 10:55:47] esmCNN.cv8: Find channel with Kernel size: 6 	 Lambda: 0.5: 	 Best Score: 0.1053
[2020-10-23 10:55:47] esmCNN.cv8: Channel size: 50 	 Kernel size: 6 
Training MSE: 0.10534531 	 Validating MSE: 0.29257488 	 Best VMSE: 0.26623631
[2020-10-23 10:55:47] esmCNN.cv8: Checkpoint saved to experiments/normal/sili/esmCNN_random_sili_h1
[2020-10-23 10:55:47] esmCNN.cv8: Find channel with Kernel size: 6 	 Lambda: 0.5: 	 Best Score: 0.1051
[2020-10-23 10:55:47] esmCNN.cv8: Channel size: 51 	 Kernel size: 6 
Training MSE: 0.10506204 	 Validating MSE: 0.29490310 	 Best VMSE: 0.26623631
[2020-10-23 10:55:47] esmCNN.cv8: Checkpoint saved to experiments/normal/sili/esmCNN_random_sili_h1
[2020-10-23 10:55:47] esmCNN.cv8: Find channel with Kernel size: 8 	 Lambda: 0.5: 	 Best Score: 0.1048
[2020-10-23 10:55:47] esmCNN.cv8: Channel size: 52 	 Kernel size: 8 
Training MSE: 0.10481548 	 Validating MSE: 0.29056621 	 Best VMSE: 0.26623631
[2020-10-23 10:55:47] esmCNN.cv8: Checkpoint saved to experiments/normal/sili/esmCNN_random_sili_h1
[2020-10-23 10:55:47] esmCNN.cv8: Find channel with Kernel size: 6 	 Lambda: 0.5: 	 Best Score: 0.1048
[2020-10-23 10:55:47] esmCNN.cv8: Channel size: 53 	 Kernel size: 6 
Training MSE: 0.10476764 	 Validating MSE: 0.29056889 	 Best VMSE: 0.26623631
[2020-10-23 10:55:47] esmCNN.cv8: Checkpoint saved to experiments/normal/sili/esmCNN_random_sili_h1
[2020-10-23 10:55:47] esmCNN.cv8: Find channel with Kernel size: 8 	 Lambda: 0.5: 	 Best Score: 0.1047
[2020-10-23 10:55:47] esmCNN.cv8: Channel size: 54 	 Kernel size: 8 
Training MSE: 0.10472546 	 Validating MSE: 0.29117355 	 Best VMSE: 0.26623631
[2020-10-23 10:55:47] esmCNN.cv8: Checkpoint saved to experiments/normal/sili/esmCNN_random_sili_h1
[2020-10-23 10:55:47] esmCNN.cv8: Find channel with Kernel size: 8 	 Lambda: 0.5: 	 Best Score: 0.1046
[2020-10-23 10:55:47] esmCNN.cv8: Channel size: 55 	 Kernel size: 8 
Training MSE: 0.10461675 	 Validating MSE: 0.29225644 	 Best VMSE: 0.26623631
[2020-10-23 10:55:47] esmCNN.cv8: Checkpoint saved to experiments/normal/sili/esmCNN_random_sili_h1
[2020-10-23 10:55:47] esmCNN.cv8: Find channel with Kernel size: 6 	 Lambda: 0.5: 	 Best Score: 0.1044
[2020-10-23 10:55:47] esmCNN.cv8: Channel size: 56 	 Kernel size: 6 
Training MSE: 0.10443080 	 Validating MSE: 0.29350999 	 Best VMSE: 0.26623631
[2020-10-23 10:55:47] esmCNN.cv8: Checkpoint saved to experiments/normal/sili/esmCNN_random_sili_h1
[2020-10-23 10:55:47] esmCNN.cv8: Find channel with Kernel size: 8 	 Lambda: 0.5: 	 Best Score: 0.1043
[2020-10-23 10:55:47] esmCNN.cv8: Channel size: 57 	 Kernel size: 8 
Training MSE: 0.10429342 	 Validating MSE: 0.29311898 	 Best VMSE: 0.26623631
[2020-10-23 10:55:47] esmCNN.cv8: Checkpoint saved to experiments/normal/sili/esmCNN_random_sili_h1
[2020-10-23 10:55:47] esmCNN.cv8: Find channel with Kernel size: 8 	 Lambda: 0.5: 	 Best Score: 0.1042
[2020-10-23 10:55:47] esmCNN.cv8: Channel size: 58 	 Kernel size: 8 
Training MSE: 0.10419060 	 Validating MSE: 0.29245695 	 Best VMSE: 0.26623631
[2020-10-23 10:55:47] esmCNN.cv8: Checkpoint saved to experiments/normal/sili/esmCNN_random_sili_h1
[2020-10-23 10:55:47] esmCNN.cv8: Find channel with Kernel size: 6 	 Lambda: 0.5: 	 Best Score: 0.1041
[2020-10-23 10:55:47] esmCNN.cv8: Channel size: 59 	 Kernel size: 6 
Training MSE: 0.10411338 	 Validating MSE: 0.29435277 	 Best VMSE: 0.26623631
[2020-10-23 10:55:47] esmCNN.cv8: Checkpoint saved to experiments/normal/sili/esmCNN_random_sili_h1
[2020-10-23 10:55:47] esmCNN.cv8: Find channel with Kernel size: 4 	 Lambda: 0.5: 	 Best Score: 0.1040
[2020-10-23 10:55:47] esmCNN.cv8: Channel size: 60 	 Kernel size: 4 
Training MSE: 0.10404244 	 Validating MSE: 0.29559308 	 Best VMSE: 0.26623631
[2020-10-23 10:55:47] esmCNN.cv8: Checkpoint saved to experiments/normal/sili/esmCNN_random_sili_h1
[2020-10-23 10:55:47] esmCNN.cv8: Find channel with Kernel size: 6 	 Lambda: 0.5: 	 Best Score: 0.1039
[2020-10-23 10:55:48] esmCNN.cv8: Channel size: 61 	 Kernel size: 6 
Training MSE: 0.10391555 	 Validating MSE: 0.29453424 	 Best VMSE: 0.26623631
[2020-10-23 10:55:48] esmCNN.cv8: Checkpoint saved to experiments/normal/sili/esmCNN_random_sili_h1
[2020-10-23 10:55:48] esmCNN.cv8: Find channel with Kernel size: 5 	 Lambda: 0.5: 	 Best Score: 0.1038
[2020-10-23 10:55:48] esmCNN.cv8: Channel size: 62 	 Kernel size: 5 
Training MSE: 0.10383987 	 Validating MSE: 0.29594082 	 Best VMSE: 0.26623631
[2020-10-23 10:55:48] esmCNN.cv8: Checkpoint saved to experiments/normal/sili/esmCNN_random_sili_h1
[2020-10-23 10:55:48] esmCNN.cv8: Find channel with Kernel size: 5 	 Lambda: 0.5: 	 Best Score: 0.1037
[2020-10-23 10:55:48] esmCNN.cv8: Channel size: 63 	 Kernel size: 5 
Training MSE: 0.10374899 	 Validating MSE: 0.30013090 	 Best VMSE: 0.26623631
[2020-10-23 10:55:48] esmCNN.cv8: Checkpoint saved to experiments/normal/sili/esmCNN_random_sili_h1
[2020-10-23 10:55:48] esmCNN.cv8: Find channel with Kernel size: 8 	 Lambda: 0.5: 	 Best Score: 0.1036
[2020-10-23 10:55:48] esmCNN.cv8: Channel size: 64 	 Kernel size: 8 
Training MSE: 0.10361488 	 Validating MSE: 0.29355931 	 Best VMSE: 0.26623631
[2020-10-23 10:55:48] esmCNN.cv8: Checkpoint saved to experiments/normal/sili/esmCNN_random_sili_h1
[2020-10-23 10:55:48] esmCNN.cv8: Find channel with Kernel size: 5 	 Lambda: 0.5: 	 Best Score: 0.1035
[2020-10-23 10:55:48] esmCNN.cv8: Channel size: 65 	 Kernel size: 5 
Training MSE: 0.10346317 	 Validating MSE: 0.29849127 	 Best VMSE: 0.26623631
[2020-10-23 10:55:48] esmCNN.cv8: Checkpoint saved to experiments/normal/sili/esmCNN_random_sili_h1
[2020-10-23 10:55:48] esmCNN.cv8: Find channel with Kernel size: 5 	 Lambda: 0.5: 	 Best Score: 0.1033
[2020-10-23 10:55:48] esmCNN.cv8: Channel size: 66 	 Kernel size: 5 
Training MSE: 0.10328770 	 Validating MSE: 0.29762197 	 Best VMSE: 0.26623631
[2020-10-23 10:55:48] esmCNN.cv8: Checkpoint saved to experiments/normal/sili/esmCNN_random_sili_h1
[2020-10-23 10:55:48] esmCNN.cv8: Find channel with Kernel size: 4 	 Lambda: 0.5: 	 Best Score: 0.1032
[2020-10-23 10:55:48] esmCNN.cv8: Channel size: 67 	 Kernel size: 4 
Training MSE: 0.10315560 	 Validating MSE: 0.29795226 	 Best VMSE: 0.26623631
[2020-10-23 10:55:48] esmCNN.cv8: Checkpoint saved to experiments/normal/sili/esmCNN_random_sili_h1
[2020-10-23 10:55:48] esmCNN.cv8: Find channel with Kernel size: 6 	 Lambda: 0.5: 	 Best Score: 0.1031
[2020-10-23 10:55:48] esmCNN.cv8: Channel size: 68 	 Kernel size: 6 
Training MSE: 0.10309153 	 Validating MSE: 0.29804954 	 Best VMSE: 0.26623631
[2020-10-23 10:55:48] esmCNN.cv8: Checkpoint saved to experiments/normal/sili/esmCNN_random_sili_h1
[2020-10-23 10:55:48] esmCNN.cv8: Find channel with Kernel size: 4 	 Lambda: 0.5: 	 Best Score: 0.1030
[2020-10-23 10:55:48] esmCNN.cv8: Channel size: 69 	 Kernel size: 4 
Training MSE: 0.10298498 	 Validating MSE: 0.30088735 	 Best VMSE: 0.26623631
[2020-10-23 10:55:48] esmCNN.cv8: Checkpoint saved to experiments/normal/sili/esmCNN_random_sili_h1
[2020-10-23 10:55:48] esmCNN.cv8: Find channel with Kernel size: 8 	 Lambda: 0.5: 	 Best Score: 0.1028
[2020-10-23 10:55:48] esmCNN.cv8: Channel size: 70 	 Kernel size: 8 
Training MSE: 0.10282413 	 Validating MSE: 0.30329895 	 Best VMSE: 0.26623631
[2020-10-23 10:55:48] esmCNN.cv8: Checkpoint saved to experiments/normal/sili/esmCNN_random_sili_h1
[2020-10-23 10:55:48] esmCNN.cv8: Find channel with Kernel size: 8 	 Lambda: 0.5: 	 Best Score: 0.1026
[2020-10-23 10:55:48] esmCNN.cv8: Channel size: 71 	 Kernel size: 8 
Training MSE: 0.10260015 	 Validating MSE: 0.30507824 	 Best VMSE: 0.26623631
[2020-10-23 10:55:48] esmCNN.cv8: Checkpoint saved to experiments/normal/sili/esmCNN_random_sili_h1
[2020-10-23 10:55:48] esmCNN.cv8: Find channel with Kernel size: 4 	 Lambda: 0.5: 	 Best Score: 0.1024
[2020-10-23 10:55:48] esmCNN.cv8: Channel size: 72 	 Kernel size: 4 
Training MSE: 0.10243694 	 Validating MSE: 0.30384797 	 Best VMSE: 0.26623631
[2020-10-23 10:55:48] esmCNN.cv8: Checkpoint saved to experiments/normal/sili/esmCNN_random_sili_h1
[2020-10-23 10:55:48] esmCNN.cv8: Find channel with Kernel size: 8 	 Lambda: 0.5: 	 Best Score: 0.1023
[2020-10-23 10:55:49] esmCNN.cv8: Channel size: 73 	 Kernel size: 8 
Training MSE: 0.10231051 	 Validating MSE: 0.30185553 	 Best VMSE: 0.26623631
[2020-10-23 10:55:49] esmCNN.cv8: Checkpoint saved to experiments/normal/sili/esmCNN_random_sili_h1
[2020-10-23 10:55:49] esmCNN.cv8: Find channel with Kernel size: 4 	 Lambda: 0.5: 	 Best Score: 0.1022
[2020-10-23 10:55:49] esmCNN.cv8: Channel size: 74 	 Kernel size: 4 
Training MSE: 0.10218392 	 Validating MSE: 0.30334392 	 Best VMSE: 0.26623631
[2020-10-23 10:55:49] esmCNN.cv8: Checkpoint saved to experiments/normal/sili/esmCNN_random_sili_h1
[2020-10-23 10:55:49] esmCNN.cv8: Find channel with Kernel size: 8 	 Lambda: 0.5: 	 Best Score: 0.1020
[2020-10-23 10:55:49] esmCNN.cv8: Channel size: 75 	 Kernel size: 8 
Training MSE: 0.10204599 	 Validating MSE: 0.30523166 	 Best VMSE: 0.26623631
[2020-10-23 10:55:49] esmCNN.cv8: Checkpoint saved to experiments/normal/sili/esmCNN_random_sili_h1
[2020-10-23 10:55:49] esmCNN.cv8: Find channel with Kernel size: 5 	 Lambda: 0.5: 	 Best Score: 0.1017
[2020-10-23 10:55:49] esmCNN.cv8: Channel size: 76 	 Kernel size: 5 
Training MSE: 0.10170253 	 Validating MSE: 0.31091908 	 Best VMSE: 0.26623631
[2020-10-23 10:55:49] esmCNN.cv8: Checkpoint saved to experiments/normal/sili/esmCNN_random_sili_h1
[2020-10-23 10:55:49] esmCNN.cv8: Find channel with Kernel size: 6 	 Lambda: 0.5: 	 Best Score: 0.1016
[2020-10-23 10:55:49] esmCNN.cv8: Channel size: 77 	 Kernel size: 6 
Training MSE: 0.10159986 	 Validating MSE: 0.30883071 	 Best VMSE: 0.26623631
[2020-10-23 10:55:49] esmCNN.cv8: Checkpoint saved to experiments/normal/sili/esmCNN_random_sili_h1
[2020-10-23 10:55:49] esmCNN.cv8: Find channel with Kernel size: 5 	 Lambda: 0.5: 	 Best Score: 0.1014
[2020-10-23 10:55:49] esmCNN.cv8: Channel size: 78 	 Kernel size: 5 
Training MSE: 0.10141125 	 Validating MSE: 0.30772889 	 Best VMSE: 0.26623631
[2020-10-23 10:55:49] esmCNN.cv8: Checkpoint saved to experiments/normal/sili/esmCNN_random_sili_h1
[2020-10-23 10:55:49] esmCNN.cv8: Find channel with Kernel size: 8 	 Lambda: 0.5: 	 Best Score: 0.1014
[2020-10-23 10:55:49] esmCNN.cv8: Channel size: 79 	 Kernel size: 8 
Training MSE: 0.10136582 	 Validating MSE: 0.31136900 	 Best VMSE: 0.26623631
[2020-10-23 10:55:49] esmCNN.cv8: Checkpoint saved to experiments/normal/sili/esmCNN_random_sili_h1
[2020-10-23 10:55:49] esmCNN.cv8: Find channel with Kernel size: 5 	 Lambda: 0.5: 	 Best Score: 0.1013
[2020-10-23 10:55:49] esmCNN.cv8: Channel size: 80 	 Kernel size: 5 
Training MSE: 0.10132004 	 Validating MSE: 0.31061643 	 Best VMSE: 0.26623631
[2020-10-23 10:55:49] esmCNN.cv8: Checkpoint saved to experiments/normal/sili/esmCNN_random_sili_h1
[2020-10-23 10:55:49] esmCNN.cv8: Find channel with Kernel size: 8 	 Lambda: 0.5: 	 Best Score: 0.1011
[2020-10-23 10:55:49] esmCNN.cv8: Channel size: 81 	 Kernel size: 8 
Training MSE: 0.10107137 	 Validating MSE: 0.31204739 	 Best VMSE: 0.26623631
[2020-10-23 10:55:49] esmCNN.cv8: Checkpoint saved to experiments/normal/sili/esmCNN_random_sili_h1
[2020-10-23 10:55:49] esmCNN.cv8: Find channel with Kernel size: 8 	 Lambda: 0.5: 	 Best Score: 0.1007
[2020-10-23 10:55:49] esmCNN.cv8: Channel size: 82 	 Kernel size: 8 
Training MSE: 0.10073377 	 Validating MSE: 0.31621975 	 Best VMSE: 0.26623631
[2020-10-23 10:55:49] esmCNN.cv8: Checkpoint saved to experiments/normal/sili/esmCNN_random_sili_h1
[2020-10-23 10:55:49] esmCNN.cv8: Find channel with Kernel size: 6 	 Lambda: 0.5: 	 Best Score: 0.1005
[2020-10-23 10:55:49] esmCNN.cv8: Channel size: 83 	 Kernel size: 6 
Training MSE: 0.10052694 	 Validating MSE: 0.31684607 	 Best VMSE: 0.26623631
[2020-10-23 10:55:49] esmCNN.cv8: Checkpoint saved to experiments/normal/sili/esmCNN_random_sili_h1
[2020-10-23 10:55:50] esmCNN.cv8: Find channel with Kernel size: 6 	 Lambda: 0.5: 	 Best Score: 0.1004
[2020-10-23 10:55:50] esmCNN.cv8: Channel size: 84 	 Kernel size: 6 
Training MSE: 0.10041916 	 Validating MSE: 0.31498086 	 Best VMSE: 0.26623631
[2020-10-23 10:55:50] esmCNN.cv8: Checkpoint saved to experiments/normal/sili/esmCNN_random_sili_h1
[2020-10-23 10:55:50] esmCNN.cv8: Find channel with Kernel size: 8 	 Lambda: 0.5: 	 Best Score: 0.1004
[2020-10-23 10:55:50] esmCNN.cv8: Channel size: 85 	 Kernel size: 8 
Training MSE: 0.10038450 	 Validating MSE: 0.31406084 	 Best VMSE: 0.26623631
[2020-10-23 10:55:50] esmCNN.cv8: Checkpoint saved to experiments/normal/sili/esmCNN_random_sili_h1
[2020-10-23 10:55:50] esmCNN.cv8: Find channel with Kernel size: 5 	 Lambda: 0.5: 	 Best Score: 0.1003
[2020-10-23 10:55:50] esmCNN.cv8: Channel size: 86 	 Kernel size: 5 
Training MSE: 0.10033088 	 Validating MSE: 0.31430629 	 Best VMSE: 0.26623631
[2020-10-23 10:55:50] esmCNN.cv8: Checkpoint saved to experiments/normal/sili/esmCNN_random_sili_h1
[2020-10-23 10:55:50] esmCNN.cv8: Find channel with Kernel size: 5 	 Lambda: 0.5: 	 Best Score: 0.1003
[2020-10-23 10:55:50] esmCNN.cv8: Channel size: 87 	 Kernel size: 5 
Training MSE: 0.10030995 	 Validating MSE: 0.31503105 	 Best VMSE: 0.26623631
[2020-10-23 10:55:50] esmCNN.cv8: Checkpoint saved to experiments/normal/sili/esmCNN_random_sili_h1
[2020-10-23 10:55:50] esmCNN.cv8: Find channel with Kernel size: 5 	 Lambda: 0.5: 	 Best Score: 0.1002
[2020-10-23 10:55:50] esmCNN.cv8: Channel size: 88 	 Kernel size: 5 
Training MSE: 0.10017605 	 Validating MSE: 0.31252632 	 Best VMSE: 0.26623631
[2020-10-23 10:55:50] esmCNN.cv8: Checkpoint saved to experiments/normal/sili/esmCNN_random_sili_h1
[2020-10-23 10:55:50] esmCNN.cv8: Find channel with Kernel size: 5 	 Lambda: 0.5: 	 Best Score: 0.1000
[2020-10-23 10:55:50] esmCNN.cv8: Channel size: 89 	 Kernel size: 5 
Training MSE: 0.10003462 	 Validating MSE: 0.31635800 	 Best VMSE: 0.26623631
[2020-10-23 10:55:50] esmCNN.cv8: Checkpoint saved to experiments/normal/sili/esmCNN_random_sili_h1
[2020-10-23 10:55:50] esmCNN.cv8: Find channel with Kernel size: 4 	 Lambda: 0.5: 	 Best Score: 0.0999
[2020-10-23 10:55:50] esmCNN.cv8: Channel size: 90 	 Kernel size: 4 
Training MSE: 0.09988908 	 Validating MSE: 0.31756228 	 Best VMSE: 0.26623631
[2020-10-23 10:55:50] esmCNN.cv8: Checkpoint saved to experiments/normal/sili/esmCNN_random_sili_h1
[2020-10-23 10:55:50] esmCNN.cv8: Find channel with Kernel size: 8 	 Lambda: 0.5: 	 Best Score: 0.0997
[2020-10-23 10:55:50] esmCNN.cv8: Channel size: 91 	 Kernel size: 8 
Training MSE: 0.09971958 	 Validating MSE: 0.31891924 	 Best VMSE: 0.26623631
[2020-10-23 10:55:50] esmCNN.cv8: Checkpoint saved to experiments/normal/sili/esmCNN_random_sili_h1
[2020-10-23 10:55:50] esmCNN.cv8: Find channel with Kernel size: 5 	 Lambda: 0.5: 	 Best Score: 0.0997
[2020-10-23 10:55:50] esmCNN.cv8: Channel size: 92 	 Kernel size: 5 
Training MSE: 0.09965107 	 Validating MSE: 0.31654736 	 Best VMSE: 0.26623631
[2020-10-23 10:55:50] esmCNN.cv8: Checkpoint saved to experiments/normal/sili/esmCNN_random_sili_h1
[2020-10-23 10:55:50] esmCNN.cv8: Find channel with Kernel size: 6 	 Lambda: 0.5: 	 Best Score: 0.0995
[2020-10-23 10:55:50] esmCNN.cv8: Channel size: 93 	 Kernel size: 6 
Training MSE: 0.09952284 	 Validating MSE: 0.31992623 	 Best VMSE: 0.26623631
[2020-10-23 10:55:50] esmCNN.cv8: Checkpoint saved to experiments/normal/sili/esmCNN_random_sili_h1
[2020-10-23 10:55:51] esmCNN.cv8: Find channel with Kernel size: 5 	 Lambda: 0.5: 	 Best Score: 0.0993
[2020-10-23 10:55:51] esmCNN.cv8: Channel size: 94 	 Kernel size: 5 
Training MSE: 0.09930237 	 Validating MSE: 0.32036686 	 Best VMSE: 0.26623631
[2020-10-23 10:55:51] esmCNN.cv8: Checkpoint saved to experiments/normal/sili/esmCNN_random_sili_h1
[2020-10-23 10:55:51] esmCNN.cv8: Find channel with Kernel size: 4 	 Lambda: 0.5: 	 Best Score: 0.0992
[2020-10-23 10:55:51] esmCNN.cv8: Channel size: 95 	 Kernel size: 4 
Training MSE: 0.09915113 	 Validating MSE: 0.31795299 	 Best VMSE: 0.26623631
[2020-10-23 10:55:51] esmCNN.cv8: Checkpoint saved to experiments/normal/sili/esmCNN_random_sili_h1
[2020-10-23 10:55:51] esmCNN.cv8: Find channel with Kernel size: 5 	 Lambda: 0.5: 	 Best Score: 0.0991
[2020-10-23 10:55:51] esmCNN.cv8: Channel size: 96 	 Kernel size: 5 
Training MSE: 0.09910453 	 Validating MSE: 0.31687456 	 Best VMSE: 0.26623631
[2020-10-23 10:55:51] esmCNN.cv8: Checkpoint saved to experiments/normal/sili/esmCNN_random_sili_h1
[2020-10-23 10:55:51] esmCNN.cv8: Find channel with Kernel size: 6 	 Lambda: 0.5: 	 Best Score: 0.0990
[2020-10-23 10:55:51] esmCNN.cv8: Channel size: 97 	 Kernel size: 6 
Training MSE: 0.09903795 	 Validating MSE: 0.31771013 	 Best VMSE: 0.26623631
[2020-10-23 10:55:51] esmCNN.cv8: Checkpoint saved to experiments/normal/sili/esmCNN_random_sili_h1
[2020-10-23 10:55:51] esmCNN.cv8: Find channel with Kernel size: 6 	 Lambda: 0.5: 	 Best Score: 0.0990
[2020-10-23 10:55:51] esmCNN.cv8: Channel size: 98 	 Kernel size: 6 
Training MSE: 0.09898730 	 Validating MSE: 0.31864378 	 Best VMSE: 0.26623631
[2020-10-23 10:55:51] esmCNN.cv8: Checkpoint saved to experiments/normal/sili/esmCNN_random_sili_h1
[2020-10-23 10:55:51] esmCNN.cv8: Find channel with Kernel size: 4 	 Lambda: 0.5: 	 Best Score: 0.0988
[2020-10-23 10:55:51] esmCNN.cv8: Channel size: 99 	 Kernel size: 4 
Training MSE: 0.09882812 	 Validating MSE: 0.32144603 	 Best VMSE: 0.26623631
[2020-10-23 10:55:51] esmCNN.cv8: Checkpoint saved to experiments/normal/sili/esmCNN_random_sili_h1
[2020-10-23 10:55:51] esmCNN.cv8: Find channel with Kernel size: 8 	 Lambda: 0.5: 	 Best Score: 0.0986
[2020-10-23 10:55:51] esmCNN.cv8: Channel size: 100 	 Kernel size: 8 
Training MSE: 0.09856252 	 Validating MSE: 0.31999499 	 Best VMSE: 0.26623631
[2020-10-23 10:55:51] esmCNN.cv8: Checkpoint saved to experiments/normal/sili/esmCNN_random_sili_h1
[2020-10-23 10:55:51] esmCNN.cv8: Restoring best parameters from experiments/normal/sili/esmCNN_random_sili_h1/train.cv8.pth.tar
[2020-10-23 10:55:51] esmCNN.cv8: sili	 H: 1	 Trail: 16 
Testing RMSE: 0.5963 	 MAPE: 0.08867 	 SMAPE: 0.04504
