[2020-10-23 10:55:29] esmCNN.cv6: Loading the datasets and model for 14th-batch-training
[2020-10-23 10:55:29] esmCNN.cv6: Argument channel_size: 100
[2020-10-23 10:55:29] esmCNN.cv6: Argument candidate_size: 300
[2020-10-23 10:55:29] esmCNN.cv6: Argument kernel_size: 6
[2020-10-23 10:55:29] esmCNN.cv6: Argument kernel_list: [8, 6, 5, 4]
[2020-10-23 10:55:29] esmCNN.cv6: Argument Lambdas: [0.5, 1, 5, 15, 30, 50, 100, 150, 200]
[2020-10-23 10:55:29] esmCNN.cv6: Argument Lambdas_std: [0.01, 0.05, 0.1, 0.5, 1]
[2020-10-23 10:55:29] esmCNN.cv6: Argument r: [0.8, 0.9, 0.99, 0.9999, 0.999999]
[2020-10-23 10:55:29] esmCNN.cv6: Argument tolerance: 0
[2020-10-23 10:55:29] esmCNN.cv6: Argument device: device(type='cuda')
[2020-10-23 10:55:29] esmCNN.cv6: Argument dataset: 'sili'
[2020-10-23 10:55:29] esmCNN.cv6: Argument H: 1
[2020-10-23 10:55:29] esmCNN.cv6: Argument k: 5
[2020-10-23 10:55:29] esmCNN.cv6: Argument test: False
[2020-10-23 10:55:29] esmCNN.cv6: Argument search: 'random'
[2020-10-23 10:55:29] esmCNN.cv6: Argument normal: True
[2020-10-23 10:55:29] esmCNN.cv6: Argument diff: False
[2020-10-23 10:55:29] esmCNN.cv6: Argument times: 60
[2020-10-23 10:55:29] esmCNN.cv6: Argument datasets: {'ar1': {'lag_order': 15, 'normal': True, 'cov_dim': 0, 'kernel_size': 3}, 'wti': {'lag_order': 25, 'normal': True, 'cov_dim': 0, 'kernel_size': 5}, 'gold': {'lag_order': 25, 'normal': True, 'cov_dim': 0, 'kernel_size': 5}, 'sp': {'lag_order': 25, 'normal': True, 'cov_dim': 0, 'kernel_size': 5}, 'brent': {'lag_order': 24, 'normal': True, 'cov_dim': 0, 'kernel_size': 6}, 'sili': {'lag_order': 26, 'normal': True, 'cov_dim': 0, 'kernel_size': 6}}
[2020-10-23 10:55:29] esmCNN.cv6: Argument steps: 26
[2020-10-23 10:55:29] esmCNN.cv6: Argument cov_dim: 0
[2020-10-23 10:55:29] esmCNN.cv6: Argument experiment: 'experiments/normal/sili'
[2020-10-23 10:55:29] esmCNN.cv6: Argument scaler: StandardScaler()
[2020-10-23 10:55:29] esmCNN.cv6: Argument model_name: 'esmCNN_random_sili_h1'
[2020-10-23 10:55:29] esmCNN.cv6: Argument model_dir: 'experiments/normal/sili/esmCNN_random_sili_h1'
[2020-10-23 10:55:29] esmCNN.cv6: Argument In_channels: 1
[2020-10-23 10:55:29] esmCNN.cv6: Argument restore: True
[2020-10-23 10:55:29] esmCNN.cv6: Argument cv: 6
[2020-10-23 10:55:29] esmCNN.cv6: Argument plot_dir: 'experiments/normal/sili/esmCNN_random_sili_h1/figures'
[2020-10-23 10:55:29] esmCNN.cv6: Argument num_process: 8
[2020-10-23 10:55:29] esmCNN.cv6: Using Cuda...
[2020-10-23 10:55:29] esmCNN.cv6: Loading complete.
[2020-10-23 10:55:29] esmCNN.cv6: Model: 
ESM_CNN(
  (Pool): AvgPool1d(kernel_size=(3,), stride=(1,), padding=(0,))
  (loss_fn): MSELoss()
)
[2020-10-23 10:55:29] esmCNN.cv6: Found new best state
[2020-10-23 10:55:29] esmCNN.cv6: Best vmse: 0.4274
[2020-10-23 10:55:29] esmCNN.cv6: Channel size: 1 	 Kernel size: 6 
Training MSE: 0.14651856 	 Validating MSE: 0.42740202 	 Best VMSE: 0.42740202
[2020-10-23 10:55:29] esmCNN.cv6: Checkpoint saved to experiments/normal/sili/esmCNN_random_sili_h1
[2020-10-23 10:55:30] esmCNN.cv6: Find channel with Kernel size: 4 	 Lambda: 0.5: 	 Best Score: 0.1237
[2020-10-23 10:55:30] esmCNN.cv6: Found new best state
[2020-10-23 10:55:30] esmCNN.cv6: Best vmse: 0.3249
[2020-10-23 10:55:30] esmCNN.cv6: Channel size: 2 	 Kernel size: 4 
Training MSE: 0.12374147 	 Validating MSE: 0.32494754 	 Best VMSE: 0.32494754
[2020-10-23 10:55:30] esmCNN.cv6: Checkpoint saved to experiments/normal/sili/esmCNN_random_sili_h1
[2020-10-23 10:55:30] esmCNN.cv6: Find channel with Kernel size: 5 	 Lambda: 0.5: 	 Best Score: 0.1164
[2020-10-23 10:55:30] esmCNN.cv6: Found new best state
[2020-10-23 10:55:30] esmCNN.cv6: Best vmse: 0.2980
[2020-10-23 10:55:30] esmCNN.cv6: Channel size: 3 	 Kernel size: 5 
Training MSE: 0.11643773 	 Validating MSE: 0.29795080 	 Best VMSE: 0.29795080
[2020-10-23 10:55:30] esmCNN.cv6: Checkpoint saved to experiments/normal/sili/esmCNN_random_sili_h1
[2020-10-23 10:55:30] esmCNN.cv6: Find channel with Kernel size: 8 	 Lambda: 0.5: 	 Best Score: 0.1159
[2020-10-23 10:55:30] esmCNN.cv6: Found new best state
[2020-10-23 10:55:30] esmCNN.cv6: Best vmse: 0.2968
[2020-10-23 10:55:30] esmCNN.cv6: Channel size: 4 	 Kernel size: 8 
Training MSE: 0.11594921 	 Validating MSE: 0.29681209 	 Best VMSE: 0.29681209
[2020-10-23 10:55:30] esmCNN.cv6: Checkpoint saved to experiments/normal/sili/esmCNN_random_sili_h1
[2020-10-23 10:55:30] esmCNN.cv6: Find channel with Kernel size: 4 	 Lambda: 0.5: 	 Best Score: 0.1149
[2020-10-23 10:55:30] esmCNN.cv6: Found new best state
[2020-10-23 10:55:30] esmCNN.cv6: Best vmse: 0.2904
[2020-10-23 10:55:30] esmCNN.cv6: Channel size: 5 	 Kernel size: 4 
Training MSE: 0.11487190 	 Validating MSE: 0.29042396 	 Best VMSE: 0.29042396
[2020-10-23 10:55:30] esmCNN.cv6: Checkpoint saved to experiments/normal/sili/esmCNN_random_sili_h1
[2020-10-23 10:55:30] esmCNN.cv6: Find channel with Kernel size: 4 	 Lambda: 0.5: 	 Best Score: 0.1146
[2020-10-23 10:55:30] esmCNN.cv6: Found new best state
[2020-10-23 10:55:30] esmCNN.cv6: Best vmse: 0.2822
[2020-10-23 10:55:30] esmCNN.cv6: Channel size: 6 	 Kernel size: 4 
Training MSE: 0.11462620 	 Validating MSE: 0.28222495 	 Best VMSE: 0.28222495
[2020-10-23 10:55:30] esmCNN.cv6: Checkpoint saved to experiments/normal/sili/esmCNN_random_sili_h1
[2020-10-23 10:55:30] esmCNN.cv6: Find channel with Kernel size: 4 	 Lambda: 0.5: 	 Best Score: 0.1138
[2020-10-23 10:55:30] esmCNN.cv6: Channel size: 7 	 Kernel size: 4 
Training MSE: 0.11375111 	 Validating MSE: 0.28781494 	 Best VMSE: 0.28222495
[2020-10-23 10:55:30] esmCNN.cv6: Checkpoint saved to experiments/normal/sili/esmCNN_random_sili_h1
[2020-10-23 10:55:30] esmCNN.cv6: Find channel with Kernel size: 6 	 Lambda: 0.5: 	 Best Score: 0.1131
[2020-10-23 10:55:30] esmCNN.cv6: Channel size: 8 	 Kernel size: 6 
Training MSE: 0.11311612 	 Validating MSE: 0.28782132 	 Best VMSE: 0.28222495
[2020-10-23 10:55:30] esmCNN.cv6: Checkpoint saved to experiments/normal/sili/esmCNN_random_sili_h1
[2020-10-23 10:55:30] esmCNN.cv6: Find channel with Kernel size: 4 	 Lambda: 0.5: 	 Best Score: 0.1130
[2020-10-23 10:55:30] esmCNN.cv6: Channel size: 9 	 Kernel size: 4 
Training MSE: 0.11296423 	 Validating MSE: 0.28483531 	 Best VMSE: 0.28222495
[2020-10-23 10:55:30] esmCNN.cv6: Checkpoint saved to experiments/normal/sili/esmCNN_random_sili_h1
[2020-10-23 10:55:30] esmCNN.cv6: Find channel with Kernel size: 4 	 Lambda: 0.5: 	 Best Score: 0.1128
[2020-10-23 10:55:30] esmCNN.cv6: Channel size: 10 	 Kernel size: 4 
Training MSE: 0.11284047 	 Validating MSE: 0.28512692 	 Best VMSE: 0.28222495
[2020-10-23 10:55:30] esmCNN.cv6: Checkpoint saved to experiments/normal/sili/esmCNN_random_sili_h1
[2020-10-23 10:55:30] esmCNN.cv6: Find channel with Kernel size: 4 	 Lambda: 0.5: 	 Best Score: 0.1126
[2020-10-23 10:55:30] esmCNN.cv6: Channel size: 11 	 Kernel size: 4 
Training MSE: 0.11256746 	 Validating MSE: 0.28763482 	 Best VMSE: 0.28222495
[2020-10-23 10:55:30] esmCNN.cv6: Checkpoint saved to experiments/normal/sili/esmCNN_random_sili_h1
[2020-10-23 10:55:30] esmCNN.cv6: Find channel with Kernel size: 6 	 Lambda: 0.5: 	 Best Score: 0.1123
[2020-10-23 10:55:30] esmCNN.cv6: Channel size: 12 	 Kernel size: 6 
Training MSE: 0.11234860 	 Validating MSE: 0.28669071 	 Best VMSE: 0.28222495
[2020-10-23 10:55:30] esmCNN.cv6: Checkpoint saved to experiments/normal/sili/esmCNN_random_sili_h1
[2020-10-23 10:55:30] esmCNN.cv6: Find channel with Kernel size: 8 	 Lambda: 0.5: 	 Best Score: 0.1121
[2020-10-23 10:55:30] esmCNN.cv6: Channel size: 13 	 Kernel size: 8 
Training MSE: 0.11209782 	 Validating MSE: 0.29061744 	 Best VMSE: 0.28222495
[2020-10-23 10:55:30] esmCNN.cv6: Checkpoint saved to experiments/normal/sili/esmCNN_random_sili_h1
[2020-10-23 10:55:30] esmCNN.cv6: Find channel with Kernel size: 8 	 Lambda: 0.5: 	 Best Score: 0.1116
[2020-10-23 10:55:30] esmCNN.cv6: Channel size: 14 	 Kernel size: 8 
Training MSE: 0.11163158 	 Validating MSE: 0.29362667 	 Best VMSE: 0.28222495
[2020-10-23 10:55:30] esmCNN.cv6: Checkpoint saved to experiments/normal/sili/esmCNN_random_sili_h1
[2020-10-23 10:55:30] esmCNN.cv6: Find channel with Kernel size: 6 	 Lambda: 0.5: 	 Best Score: 0.1111
[2020-10-23 10:55:30] esmCNN.cv6: Channel size: 15 	 Kernel size: 6 
Training MSE: 0.11110000 	 Validating MSE: 0.29323474 	 Best VMSE: 0.28222495
[2020-10-23 10:55:30] esmCNN.cv6: Checkpoint saved to experiments/normal/sili/esmCNN_random_sili_h1
[2020-10-23 10:55:30] esmCNN.cv6: Find channel with Kernel size: 4 	 Lambda: 0.5: 	 Best Score: 0.1109
[2020-10-23 10:55:30] esmCNN.cv6: Channel size: 16 	 Kernel size: 4 
Training MSE: 0.11092704 	 Validating MSE: 0.28926319 	 Best VMSE: 0.28222495
[2020-10-23 10:55:30] esmCNN.cv6: Checkpoint saved to experiments/normal/sili/esmCNN_random_sili_h1
[2020-10-23 10:55:30] esmCNN.cv6: Find channel with Kernel size: 5 	 Lambda: 0.5: 	 Best Score: 0.1108
[2020-10-23 10:55:30] esmCNN.cv6: Channel size: 17 	 Kernel size: 5 
Training MSE: 0.11077864 	 Validating MSE: 0.28610370 	 Best VMSE: 0.28222495
[2020-10-23 10:55:30] esmCNN.cv6: Checkpoint saved to experiments/normal/sili/esmCNN_random_sili_h1
[2020-10-23 10:55:30] esmCNN.cv6: Find channel with Kernel size: 6 	 Lambda: 0.5: 	 Best Score: 0.1104
[2020-10-23 10:55:30] esmCNN.cv6: Channel size: 18 	 Kernel size: 6 
Training MSE: 0.11041824 	 Validating MSE: 0.28891480 	 Best VMSE: 0.28222495
[2020-10-23 10:55:30] esmCNN.cv6: Checkpoint saved to experiments/normal/sili/esmCNN_random_sili_h1
[2020-10-23 10:55:30] esmCNN.cv6: Find channel with Kernel size: 8 	 Lambda: 0.5: 	 Best Score: 0.1100
[2020-10-23 10:55:30] esmCNN.cv6: Channel size: 19 	 Kernel size: 8 
Training MSE: 0.11004851 	 Validating MSE: 0.28671652 	 Best VMSE: 0.28222495
[2020-10-23 10:55:30] esmCNN.cv6: Checkpoint saved to experiments/normal/sili/esmCNN_random_sili_h1
[2020-10-23 10:55:30] esmCNN.cv6: Find channel with Kernel size: 6 	 Lambda: 0.5: 	 Best Score: 0.1095
[2020-10-23 10:55:30] esmCNN.cv6: Channel size: 20 	 Kernel size: 6 
Training MSE: 0.10947558 	 Validating MSE: 0.29283106 	 Best VMSE: 0.28222495
[2020-10-23 10:55:30] esmCNN.cv6: Checkpoint saved to experiments/normal/sili/esmCNN_random_sili_h1
[2020-10-23 10:55:30] esmCNN.cv6: Find channel with Kernel size: 5 	 Lambda: 0.5: 	 Best Score: 0.1089
[2020-10-23 10:55:30] esmCNN.cv6: Channel size: 21 	 Kernel size: 5 
Training MSE: 0.10888144 	 Validating MSE: 0.28558233 	 Best VMSE: 0.28222495
[2020-10-23 10:55:30] esmCNN.cv6: Checkpoint saved to experiments/normal/sili/esmCNN_random_sili_h1
[2020-10-23 10:55:30] esmCNN.cv6: Find channel with Kernel size: 5 	 Lambda: 0.5: 	 Best Score: 0.1087
[2020-10-23 10:55:30] esmCNN.cv6: Channel size: 22 	 Kernel size: 5 
Training MSE: 0.10867556 	 Validating MSE: 0.28822356 	 Best VMSE: 0.28222495
[2020-10-23 10:55:30] esmCNN.cv6: Checkpoint saved to experiments/normal/sili/esmCNN_random_sili_h1
[2020-10-23 10:55:30] esmCNN.cv6: Find channel with Kernel size: 5 	 Lambda: 0.5: 	 Best Score: 0.1086
[2020-10-23 10:55:30] esmCNN.cv6: Channel size: 23 	 Kernel size: 5 
Training MSE: 0.10859941 	 Validating MSE: 0.28461418 	 Best VMSE: 0.28222495
[2020-10-23 10:55:30] esmCNN.cv6: Checkpoint saved to experiments/normal/sili/esmCNN_random_sili_h1
[2020-10-23 10:55:30] esmCNN.cv6: Find channel with Kernel size: 5 	 Lambda: 0.5: 	 Best Score: 0.1085
[2020-10-23 10:55:30] esmCNN.cv6: Channel size: 24 	 Kernel size: 5 
Training MSE: 0.10854203 	 Validating MSE: 0.28833082 	 Best VMSE: 0.28222495
[2020-10-23 10:55:30] esmCNN.cv6: Checkpoint saved to experiments/normal/sili/esmCNN_random_sili_h1
[2020-10-23 10:55:31] esmCNN.cv6: Find channel with Kernel size: 8 	 Lambda: 0.5: 	 Best Score: 0.1084
[2020-10-23 10:55:31] esmCNN.cv6: Channel size: 25 	 Kernel size: 8 
Training MSE: 0.10843214 	 Validating MSE: 0.28955418 	 Best VMSE: 0.28222495
[2020-10-23 10:55:31] esmCNN.cv6: Checkpoint saved to experiments/normal/sili/esmCNN_random_sili_h1
[2020-10-23 10:55:31] esmCNN.cv6: Find channel with Kernel size: 6 	 Lambda: 0.5: 	 Best Score: 0.1082
[2020-10-23 10:55:31] esmCNN.cv6: Channel size: 26 	 Kernel size: 6 
Training MSE: 0.10819975 	 Validating MSE: 0.29046330 	 Best VMSE: 0.28222495
[2020-10-23 10:55:31] esmCNN.cv6: Checkpoint saved to experiments/normal/sili/esmCNN_random_sili_h1
[2020-10-23 10:55:31] esmCNN.cv6: Find channel with Kernel size: 5 	 Lambda: 0.5: 	 Best Score: 0.1080
[2020-10-23 10:55:31] esmCNN.cv6: Channel size: 27 	 Kernel size: 5 
Training MSE: 0.10802038 	 Validating MSE: 0.28895429 	 Best VMSE: 0.28222495
[2020-10-23 10:55:31] esmCNN.cv6: Checkpoint saved to experiments/normal/sili/esmCNN_random_sili_h1
[2020-10-23 10:55:31] esmCNN.cv6: Find channel with Kernel size: 4 	 Lambda: 0.5: 	 Best Score: 0.1079
[2020-10-23 10:55:31] esmCNN.cv6: Channel size: 28 	 Kernel size: 4 
Training MSE: 0.10788324 	 Validating MSE: 0.29182905 	 Best VMSE: 0.28222495
[2020-10-23 10:55:31] esmCNN.cv6: Checkpoint saved to experiments/normal/sili/esmCNN_random_sili_h1
[2020-10-23 10:55:31] esmCNN.cv6: Find channel with Kernel size: 8 	 Lambda: 0.5: 	 Best Score: 0.1078
[2020-10-23 10:55:31] esmCNN.cv6: Channel size: 29 	 Kernel size: 8 
Training MSE: 0.10782899 	 Validating MSE: 0.29068908 	 Best VMSE: 0.28222495
[2020-10-23 10:55:31] esmCNN.cv6: Checkpoint saved to experiments/normal/sili/esmCNN_random_sili_h1
[2020-10-23 10:55:31] esmCNN.cv6: Find channel with Kernel size: 8 	 Lambda: 0.5: 	 Best Score: 0.1077
[2020-10-23 10:55:31] esmCNN.cv6: Channel size: 30 	 Kernel size: 8 
Training MSE: 0.10774478 	 Validating MSE: 0.28977031 	 Best VMSE: 0.28222495
[2020-10-23 10:55:31] esmCNN.cv6: Checkpoint saved to experiments/normal/sili/esmCNN_random_sili_h1
[2020-10-23 10:55:31] esmCNN.cv6: Find channel with Kernel size: 5 	 Lambda: 0.5: 	 Best Score: 0.1076
[2020-10-23 10:55:31] esmCNN.cv6: Channel size: 31 	 Kernel size: 5 
Training MSE: 0.10761040 	 Validating MSE: 0.28949058 	 Best VMSE: 0.28222495
[2020-10-23 10:55:31] esmCNN.cv6: Checkpoint saved to experiments/normal/sili/esmCNN_random_sili_h1
[2020-10-23 10:55:31] esmCNN.cv6: Find channel with Kernel size: 8 	 Lambda: 0.5: 	 Best Score: 0.1075
[2020-10-23 10:55:31] esmCNN.cv6: Channel size: 32 	 Kernel size: 8 
Training MSE: 0.10750942 	 Validating MSE: 0.28762963 	 Best VMSE: 0.28222495
[2020-10-23 10:55:31] esmCNN.cv6: Checkpoint saved to experiments/normal/sili/esmCNN_random_sili_h1
[2020-10-23 10:55:31] esmCNN.cv6: Find channel with Kernel size: 6 	 Lambda: 0.5: 	 Best Score: 0.1074
[2020-10-23 10:55:31] esmCNN.cv6: Channel size: 33 	 Kernel size: 6 
Training MSE: 0.10739687 	 Validating MSE: 0.29120097 	 Best VMSE: 0.28222495
[2020-10-23 10:55:31] esmCNN.cv6: Checkpoint saved to experiments/normal/sili/esmCNN_random_sili_h1
[2020-10-23 10:55:31] esmCNN.cv6: Find channel with Kernel size: 4 	 Lambda: 0.5: 	 Best Score: 0.1073
[2020-10-23 10:55:31] esmCNN.cv6: Channel size: 34 	 Kernel size: 4 
Training MSE: 0.10728266 	 Validating MSE: 0.29095915 	 Best VMSE: 0.28222495
[2020-10-23 10:55:31] esmCNN.cv6: Checkpoint saved to experiments/normal/sili/esmCNN_random_sili_h1
[2020-10-23 10:55:31] esmCNN.cv6: Find channel with Kernel size: 4 	 Lambda: 0.5: 	 Best Score: 0.1073
[2020-10-23 10:55:31] esmCNN.cv6: Channel size: 35 	 Kernel size: 4 
Training MSE: 0.10725478 	 Validating MSE: 0.29052442 	 Best VMSE: 0.28222495
[2020-10-23 10:55:31] esmCNN.cv6: Checkpoint saved to experiments/normal/sili/esmCNN_random_sili_h1
[2020-10-23 10:55:31] esmCNN.cv6: Find channel with Kernel size: 6 	 Lambda: 0.5: 	 Best Score: 0.1070
[2020-10-23 10:55:31] esmCNN.cv6: Channel size: 36 	 Kernel size: 6 
Training MSE: 0.10703970 	 Validating MSE: 0.28940657 	 Best VMSE: 0.28222495
[2020-10-23 10:55:31] esmCNN.cv6: Checkpoint saved to experiments/normal/sili/esmCNN_random_sili_h1
[2020-10-23 10:55:31] esmCNN.cv6: Find channel with Kernel size: 5 	 Lambda: 0.5: 	 Best Score: 0.1067
[2020-10-23 10:55:31] esmCNN.cv6: Channel size: 37 	 Kernel size: 5 
Training MSE: 0.10670483 	 Validating MSE: 0.29191273 	 Best VMSE: 0.28222495
[2020-10-23 10:55:31] esmCNN.cv6: Checkpoint saved to experiments/normal/sili/esmCNN_random_sili_h1
[2020-10-23 10:55:31] esmCNN.cv6: Find channel with Kernel size: 5 	 Lambda: 0.5: 	 Best Score: 0.1065
[2020-10-23 10:55:31] esmCNN.cv6: Channel size: 38 	 Kernel size: 5 
Training MSE: 0.10646102 	 Validating MSE: 0.29237965 	 Best VMSE: 0.28222495
[2020-10-23 10:55:31] esmCNN.cv6: Checkpoint saved to experiments/normal/sili/esmCNN_random_sili_h1
[2020-10-23 10:55:31] esmCNN.cv6: Find channel with Kernel size: 5 	 Lambda: 0.5: 	 Best Score: 0.1062
[2020-10-23 10:55:31] esmCNN.cv6: Channel size: 39 	 Kernel size: 5 
Training MSE: 0.10621990 	 Validating MSE: 0.29214081 	 Best VMSE: 0.28222495
[2020-10-23 10:55:31] esmCNN.cv6: Checkpoint saved to experiments/normal/sili/esmCNN_random_sili_h1
[2020-10-23 10:55:31] esmCNN.cv6: Find channel with Kernel size: 5 	 Lambda: 0.5: 	 Best Score: 0.1061
[2020-10-23 10:55:31] esmCNN.cv6: Channel size: 40 	 Kernel size: 5 
Training MSE: 0.10612433 	 Validating MSE: 0.29010430 	 Best VMSE: 0.28222495
[2020-10-23 10:55:31] esmCNN.cv6: Checkpoint saved to experiments/normal/sili/esmCNN_random_sili_h1
[2020-10-23 10:55:31] esmCNN.cv6: Find channel with Kernel size: 5 	 Lambda: 0.5: 	 Best Score: 0.1060
[2020-10-23 10:55:32] esmCNN.cv6: Channel size: 41 	 Kernel size: 5 
Training MSE: 0.10601826 	 Validating MSE: 0.29033545 	 Best VMSE: 0.28222495
[2020-10-23 10:55:32] esmCNN.cv6: Checkpoint saved to experiments/normal/sili/esmCNN_random_sili_h1
[2020-10-23 10:55:32] esmCNN.cv6: Find channel with Kernel size: 8 	 Lambda: 0.5: 	 Best Score: 0.1059
[2020-10-23 10:55:32] esmCNN.cv6: Channel size: 42 	 Kernel size: 8 
Training MSE: 0.10594954 	 Validating MSE: 0.29067719 	 Best VMSE: 0.28222495
[2020-10-23 10:55:32] esmCNN.cv6: Checkpoint saved to experiments/normal/sili/esmCNN_random_sili_h1
[2020-10-23 10:55:32] esmCNN.cv6: Find channel with Kernel size: 6 	 Lambda: 0.5: 	 Best Score: 0.1059
[2020-10-23 10:55:32] esmCNN.cv6: Channel size: 43 	 Kernel size: 6 
Training MSE: 0.10589582 	 Validating MSE: 0.29051486 	 Best VMSE: 0.28222495
[2020-10-23 10:55:32] esmCNN.cv6: Checkpoint saved to experiments/normal/sili/esmCNN_random_sili_h1
[2020-10-23 10:55:32] esmCNN.cv6: Find channel with Kernel size: 8 	 Lambda: 0.5: 	 Best Score: 0.1058
[2020-10-23 10:55:32] esmCNN.cv6: Channel size: 44 	 Kernel size: 8 
Training MSE: 0.10582535 	 Validating MSE: 0.29063386 	 Best VMSE: 0.28222495
[2020-10-23 10:55:32] esmCNN.cv6: Checkpoint saved to experiments/normal/sili/esmCNN_random_sili_h1
[2020-10-23 10:55:32] esmCNN.cv6: Find channel with Kernel size: 8 	 Lambda: 0.5: 	 Best Score: 0.1056
[2020-10-23 10:55:32] esmCNN.cv6: Channel size: 45 	 Kernel size: 8 
Training MSE: 0.10559498 	 Validating MSE: 0.29445285 	 Best VMSE: 0.28222495
[2020-10-23 10:55:32] esmCNN.cv6: Checkpoint saved to experiments/normal/sili/esmCNN_random_sili_h1
[2020-10-23 10:55:32] esmCNN.cv6: Find channel with Kernel size: 4 	 Lambda: 0.5: 	 Best Score: 0.1054
[2020-10-23 10:55:32] esmCNN.cv6: Channel size: 46 	 Kernel size: 4 
Training MSE: 0.10538913 	 Validating MSE: 0.29397061 	 Best VMSE: 0.28222495
[2020-10-23 10:55:32] esmCNN.cv6: Checkpoint saved to experiments/normal/sili/esmCNN_random_sili_h1
[2020-10-23 10:55:32] esmCNN.cv6: Find channel with Kernel size: 8 	 Lambda: 0.5: 	 Best Score: 0.1052
[2020-10-23 10:55:32] esmCNN.cv6: Channel size: 47 	 Kernel size: 8 
Training MSE: 0.10515880 	 Validating MSE: 0.29566762 	 Best VMSE: 0.28222495
[2020-10-23 10:55:32] esmCNN.cv6: Checkpoint saved to experiments/normal/sili/esmCNN_random_sili_h1
[2020-10-23 10:55:32] esmCNN.cv6: Find channel with Kernel size: 8 	 Lambda: 0.5: 	 Best Score: 0.1049
[2020-10-23 10:55:32] esmCNN.cv6: Channel size: 48 	 Kernel size: 8 
Training MSE: 0.10492611 	 Validating MSE: 0.28915396 	 Best VMSE: 0.28222495
[2020-10-23 10:55:32] esmCNN.cv6: Checkpoint saved to experiments/normal/sili/esmCNN_random_sili_h1
[2020-10-23 10:55:32] esmCNN.cv6: Find channel with Kernel size: 5 	 Lambda: 0.5: 	 Best Score: 0.1048
[2020-10-23 10:55:32] esmCNN.cv6: Channel size: 49 	 Kernel size: 5 
Training MSE: 0.10482270 	 Validating MSE: 0.28862756 	 Best VMSE: 0.28222495
[2020-10-23 10:55:32] esmCNN.cv6: Checkpoint saved to experiments/normal/sili/esmCNN_random_sili_h1
[2020-10-23 10:55:32] esmCNN.cv6: Find channel with Kernel size: 8 	 Lambda: 0.5: 	 Best Score: 0.1047
[2020-10-23 10:55:32] esmCNN.cv6: Channel size: 50 	 Kernel size: 8 
Training MSE: 0.10469440 	 Validating MSE: 0.29048690 	 Best VMSE: 0.28222495
[2020-10-23 10:55:32] esmCNN.cv6: Checkpoint saved to experiments/normal/sili/esmCNN_random_sili_h1
[2020-10-23 10:55:32] esmCNN.cv6: Find channel with Kernel size: 4 	 Lambda: 0.5: 	 Best Score: 0.1043
[2020-10-23 10:55:32] esmCNN.cv6: Channel size: 51 	 Kernel size: 4 
Training MSE: 0.10425179 	 Validating MSE: 0.29205108 	 Best VMSE: 0.28222495
[2020-10-23 10:55:32] esmCNN.cv6: Checkpoint saved to experiments/normal/sili/esmCNN_random_sili_h1
[2020-10-23 10:55:32] esmCNN.cv6: Find channel with Kernel size: 4 	 Lambda: 0.5: 	 Best Score: 0.1042
[2020-10-23 10:55:32] esmCNN.cv6: Channel size: 52 	 Kernel size: 4 
Training MSE: 0.10419481 	 Validating MSE: 0.29195288 	 Best VMSE: 0.28222495
[2020-10-23 10:55:32] esmCNN.cv6: Checkpoint saved to experiments/normal/sili/esmCNN_random_sili_h1
[2020-10-23 10:55:32] esmCNN.cv6: Find channel with Kernel size: 4 	 Lambda: 0.5: 	 Best Score: 0.1041
[2020-10-23 10:55:32] esmCNN.cv6: Channel size: 53 	 Kernel size: 4 
Training MSE: 0.10413261 	 Validating MSE: 0.29367906 	 Best VMSE: 0.28222495
[2020-10-23 10:55:32] esmCNN.cv6: Checkpoint saved to experiments/normal/sili/esmCNN_random_sili_h1
[2020-10-23 10:55:32] esmCNN.cv6: Find channel with Kernel size: 8 	 Lambda: 0.5: 	 Best Score: 0.1041
[2020-10-23 10:55:32] esmCNN.cv6: Channel size: 54 	 Kernel size: 8 
Training MSE: 0.10407262 	 Validating MSE: 0.29383755 	 Best VMSE: 0.28222495
[2020-10-23 10:55:32] esmCNN.cv6: Checkpoint saved to experiments/normal/sili/esmCNN_random_sili_h1
[2020-10-23 10:55:32] esmCNN.cv6: Find channel with Kernel size: 8 	 Lambda: 0.5: 	 Best Score: 0.1040
[2020-10-23 10:55:32] esmCNN.cv6: Channel size: 55 	 Kernel size: 8 
Training MSE: 0.10400244 	 Validating MSE: 0.29306766 	 Best VMSE: 0.28222495
[2020-10-23 10:55:32] esmCNN.cv6: Checkpoint saved to experiments/normal/sili/esmCNN_random_sili_h1
[2020-10-23 10:55:33] esmCNN.cv6: Find channel with Kernel size: 5 	 Lambda: 0.5: 	 Best Score: 0.1039
[2020-10-23 10:55:33] esmCNN.cv6: Channel size: 56 	 Kernel size: 5 
Training MSE: 0.10386839 	 Validating MSE: 0.29655534 	 Best VMSE: 0.28222495
[2020-10-23 10:55:33] esmCNN.cv6: Checkpoint saved to experiments/normal/sili/esmCNN_random_sili_h1
[2020-10-23 10:55:33] esmCNN.cv6: Find channel with Kernel size: 8 	 Lambda: 0.5: 	 Best Score: 0.1038
[2020-10-23 10:55:33] esmCNN.cv6: Channel size: 57 	 Kernel size: 8 
Training MSE: 0.10380189 	 Validating MSE: 0.29613119 	 Best VMSE: 0.28222495
[2020-10-23 10:55:33] esmCNN.cv6: Checkpoint saved to experiments/normal/sili/esmCNN_random_sili_h1
[2020-10-23 10:55:33] esmCNN.cv6: Find channel with Kernel size: 8 	 Lambda: 0.5: 	 Best Score: 0.1032
[2020-10-23 10:55:33] esmCNN.cv6: Channel size: 58 	 Kernel size: 8 
Training MSE: 0.10323408 	 Validating MSE: 0.30585694 	 Best VMSE: 0.28222495
[2020-10-23 10:55:33] esmCNN.cv6: Checkpoint saved to experiments/normal/sili/esmCNN_random_sili_h1
[2020-10-23 10:55:33] esmCNN.cv6: Find channel with Kernel size: 4 	 Lambda: 0.5: 	 Best Score: 0.1027
[2020-10-23 10:55:33] esmCNN.cv6: Channel size: 59 	 Kernel size: 4 
Training MSE: 0.10266253 	 Validating MSE: 0.31102222 	 Best VMSE: 0.28222495
[2020-10-23 10:55:33] esmCNN.cv6: Checkpoint saved to experiments/normal/sili/esmCNN_random_sili_h1
[2020-10-23 10:55:33] esmCNN.cv6: Find channel with Kernel size: 4 	 Lambda: 0.5: 	 Best Score: 0.1025
[2020-10-23 10:55:33] esmCNN.cv6: Channel size: 60 	 Kernel size: 4 
Training MSE: 0.10251132 	 Validating MSE: 0.30700675 	 Best VMSE: 0.28222495
[2020-10-23 10:55:33] esmCNN.cv6: Checkpoint saved to experiments/normal/sili/esmCNN_random_sili_h1
[2020-10-23 10:55:33] esmCNN.cv6: Find channel with Kernel size: 8 	 Lambda: 0.5: 	 Best Score: 0.1023
[2020-10-23 10:55:33] esmCNN.cv6: Channel size: 61 	 Kernel size: 8 
Training MSE: 0.10227753 	 Validating MSE: 0.30193651 	 Best VMSE: 0.28222495
[2020-10-23 10:55:33] esmCNN.cv6: Checkpoint saved to experiments/normal/sili/esmCNN_random_sili_h1
[2020-10-23 10:55:33] esmCNN.cv6: Find channel with Kernel size: 4 	 Lambda: 0.5: 	 Best Score: 0.1022
[2020-10-23 10:55:33] esmCNN.cv6: Channel size: 62 	 Kernel size: 4 
Training MSE: 0.10218497 	 Validating MSE: 0.30238226 	 Best VMSE: 0.28222495
[2020-10-23 10:55:33] esmCNN.cv6: Checkpoint saved to experiments/normal/sili/esmCNN_random_sili_h1
[2020-10-23 10:55:33] esmCNN.cv6: Find channel with Kernel size: 6 	 Lambda: 0.5: 	 Best Score: 0.1022
[2020-10-23 10:55:33] esmCNN.cv6: Channel size: 63 	 Kernel size: 6 
Training MSE: 0.10216485 	 Validating MSE: 0.30286312 	 Best VMSE: 0.28222495
[2020-10-23 10:55:33] esmCNN.cv6: Checkpoint saved to experiments/normal/sili/esmCNN_random_sili_h1
[2020-10-23 10:55:33] esmCNN.cv6: Find channel with Kernel size: 8 	 Lambda: 0.5: 	 Best Score: 0.1021
[2020-10-23 10:55:33] esmCNN.cv6: Channel size: 64 	 Kernel size: 8 
Training MSE: 0.10213907 	 Validating MSE: 0.30400595 	 Best VMSE: 0.28222495
[2020-10-23 10:55:33] esmCNN.cv6: Checkpoint saved to experiments/normal/sili/esmCNN_random_sili_h1
[2020-10-23 10:55:33] esmCNN.cv6: Find channel with Kernel size: 5 	 Lambda: 0.5: 	 Best Score: 0.1020
[2020-10-23 10:55:33] esmCNN.cv6: Channel size: 65 	 Kernel size: 5 
Training MSE: 0.10199227 	 Validating MSE: 0.30046877 	 Best VMSE: 0.28222495
[2020-10-23 10:55:33] esmCNN.cv6: Checkpoint saved to experiments/normal/sili/esmCNN_random_sili_h1
[2020-10-23 10:55:33] esmCNN.cv6: Find channel with Kernel size: 8 	 Lambda: 0.5: 	 Best Score: 0.1016
[2020-10-23 10:55:33] esmCNN.cv6: Channel size: 66 	 Kernel size: 8 
Training MSE: 0.10163090 	 Validating MSE: 0.30340713 	 Best VMSE: 0.28222495
[2020-10-23 10:55:33] esmCNN.cv6: Checkpoint saved to experiments/normal/sili/esmCNN_random_sili_h1
[2020-10-23 10:55:33] esmCNN.cv6: Find channel with Kernel size: 4 	 Lambda: 0.5: 	 Best Score: 0.1013
[2020-10-23 10:55:33] esmCNN.cv6: Channel size: 67 	 Kernel size: 4 
Training MSE: 0.10125633 	 Validating MSE: 0.30397812 	 Best VMSE: 0.28222495
[2020-10-23 10:55:33] esmCNN.cv6: Checkpoint saved to experiments/normal/sili/esmCNN_random_sili_h1
[2020-10-23 10:55:33] esmCNN.cv6: Find channel with Kernel size: 5 	 Lambda: 0.5: 	 Best Score: 0.1012
[2020-10-23 10:55:34] esmCNN.cv6: Channel size: 68 	 Kernel size: 5 
Training MSE: 0.10117742 	 Validating MSE: 0.30635461 	 Best VMSE: 0.28222495
[2020-10-23 10:55:34] esmCNN.cv6: Checkpoint saved to experiments/normal/sili/esmCNN_random_sili_h1
[2020-10-23 10:55:34] esmCNN.cv6: Find channel with Kernel size: 5 	 Lambda: 0.5: 	 Best Score: 0.1011
[2020-10-23 10:55:34] esmCNN.cv6: Channel size: 69 	 Kernel size: 5 
Training MSE: 0.10106141 	 Validating MSE: 0.30922312 	 Best VMSE: 0.28222495
[2020-10-23 10:55:34] esmCNN.cv6: Checkpoint saved to experiments/normal/sili/esmCNN_random_sili_h1
[2020-10-23 10:55:34] esmCNN.cv6: Find channel with Kernel size: 5 	 Lambda: 0.5: 	 Best Score: 0.1009
[2020-10-23 10:55:34] esmCNN.cv6: Channel size: 70 	 Kernel size: 5 
Training MSE: 0.10094085 	 Validating MSE: 0.30601352 	 Best VMSE: 0.28222495
[2020-10-23 10:55:34] esmCNN.cv6: Checkpoint saved to experiments/normal/sili/esmCNN_random_sili_h1
[2020-10-23 10:55:34] esmCNN.cv6: Find channel with Kernel size: 4 	 Lambda: 0.5: 	 Best Score: 0.1008
[2020-10-23 10:55:34] esmCNN.cv6: Channel size: 71 	 Kernel size: 4 
Training MSE: 0.10079613 	 Validating MSE: 0.30690044 	 Best VMSE: 0.28222495
[2020-10-23 10:55:34] esmCNN.cv6: Checkpoint saved to experiments/normal/sili/esmCNN_random_sili_h1
[2020-10-23 10:55:34] esmCNN.cv6: Find channel with Kernel size: 5 	 Lambda: 0.5: 	 Best Score: 0.1007
[2020-10-23 10:55:34] esmCNN.cv6: Channel size: 72 	 Kernel size: 5 
Training MSE: 0.10069443 	 Validating MSE: 0.30512926 	 Best VMSE: 0.28222495
[2020-10-23 10:55:34] esmCNN.cv6: Checkpoint saved to experiments/normal/sili/esmCNN_random_sili_h1
[2020-10-23 10:55:34] esmCNN.cv6: Find channel with Kernel size: 5 	 Lambda: 0.5: 	 Best Score: 0.1006
[2020-10-23 10:55:34] esmCNN.cv6: Channel size: 73 	 Kernel size: 5 
Training MSE: 0.10060930 	 Validating MSE: 0.31063941 	 Best VMSE: 0.28222495
[2020-10-23 10:55:34] esmCNN.cv6: Checkpoint saved to experiments/normal/sili/esmCNN_random_sili_h1
[2020-10-23 10:55:34] esmCNN.cv6: Find channel with Kernel size: 6 	 Lambda: 0.5: 	 Best Score: 0.1005
[2020-10-23 10:55:34] esmCNN.cv6: Channel size: 74 	 Kernel size: 6 
Training MSE: 0.10049945 	 Validating MSE: 0.30792260 	 Best VMSE: 0.28222495
[2020-10-23 10:55:34] esmCNN.cv6: Checkpoint saved to experiments/normal/sili/esmCNN_random_sili_h1
[2020-10-23 10:55:34] esmCNN.cv6: Find channel with Kernel size: 5 	 Lambda: 0.5: 	 Best Score: 0.1004
[2020-10-23 10:55:34] esmCNN.cv6: Channel size: 75 	 Kernel size: 5 
Training MSE: 0.10041644 	 Validating MSE: 0.30900300 	 Best VMSE: 0.28222495
[2020-10-23 10:55:34] esmCNN.cv6: Checkpoint saved to experiments/normal/sili/esmCNN_random_sili_h1
[2020-10-23 10:55:34] esmCNN.cv6: Find channel with Kernel size: 8 	 Lambda: 0.5: 	 Best Score: 0.1004
[2020-10-23 10:55:34] esmCNN.cv6: Channel size: 76 	 Kernel size: 8 
Training MSE: 0.10038982 	 Validating MSE: 0.30744332 	 Best VMSE: 0.28222495
[2020-10-23 10:55:34] esmCNN.cv6: Checkpoint saved to experiments/normal/sili/esmCNN_random_sili_h1
[2020-10-23 10:55:34] esmCNN.cv6: Find channel with Kernel size: 4 	 Lambda: 0.5: 	 Best Score: 0.1003
[2020-10-23 10:55:34] esmCNN.cv6: Channel size: 77 	 Kernel size: 4 
Training MSE: 0.10034505 	 Validating MSE: 0.30676979 	 Best VMSE: 0.28222495
[2020-10-23 10:55:34] esmCNN.cv6: Checkpoint saved to experiments/normal/sili/esmCNN_random_sili_h1
[2020-10-23 10:55:34] esmCNN.cv6: Find channel with Kernel size: 6 	 Lambda: 0.5: 	 Best Score: 0.1002
[2020-10-23 10:55:34] esmCNN.cv6: Channel size: 78 	 Kernel size: 6 
Training MSE: 0.10020879 	 Validating MSE: 0.31287473 	 Best VMSE: 0.28222495
[2020-10-23 10:55:34] esmCNN.cv6: Checkpoint saved to experiments/normal/sili/esmCNN_random_sili_h1
[2020-10-23 10:55:34] esmCNN.cv6: Find channel with Kernel size: 5 	 Lambda: 0.5: 	 Best Score: 0.1001
[2020-10-23 10:55:35] esmCNN.cv6: Channel size: 79 	 Kernel size: 5 
Training MSE: 0.10008892 	 Validating MSE: 0.31061596 	 Best VMSE: 0.28222495
[2020-10-23 10:55:35] esmCNN.cv6: Checkpoint saved to experiments/normal/sili/esmCNN_random_sili_h1
[2020-10-23 10:55:35] esmCNN.cv6: Find channel with Kernel size: 5 	 Lambda: 0.5: 	 Best Score: 0.1001
[2020-10-23 10:55:35] esmCNN.cv6: Channel size: 80 	 Kernel size: 5 
Training MSE: 0.10005173 	 Validating MSE: 0.30904201 	 Best VMSE: 0.28222495
[2020-10-23 10:55:35] esmCNN.cv6: Checkpoint saved to experiments/normal/sili/esmCNN_random_sili_h1
[2020-10-23 10:55:35] esmCNN.cv6: Find channel with Kernel size: 8 	 Lambda: 0.5: 	 Best Score: 0.0998
[2020-10-23 10:55:35] esmCNN.cv6: Channel size: 81 	 Kernel size: 8 
Training MSE: 0.09982684 	 Validating MSE: 0.31526402 	 Best VMSE: 0.28222495
[2020-10-23 10:55:35] esmCNN.cv6: Checkpoint saved to experiments/normal/sili/esmCNN_random_sili_h1
[2020-10-23 10:55:35] esmCNN.cv6: Find channel with Kernel size: 5 	 Lambda: 0.5: 	 Best Score: 0.0997
[2020-10-23 10:55:35] esmCNN.cv6: Channel size: 82 	 Kernel size: 5 
Training MSE: 0.09966472 	 Validating MSE: 0.31071535 	 Best VMSE: 0.28222495
[2020-10-23 10:55:35] esmCNN.cv6: Checkpoint saved to experiments/normal/sili/esmCNN_random_sili_h1
[2020-10-23 10:55:35] esmCNN.cv6: Find channel with Kernel size: 8 	 Lambda: 0.5: 	 Best Score: 0.0995
[2020-10-23 10:55:35] esmCNN.cv6: Channel size: 83 	 Kernel size: 8 
Training MSE: 0.09953880 	 Validating MSE: 0.31133351 	 Best VMSE: 0.28222495
[2020-10-23 10:55:35] esmCNN.cv6: Checkpoint saved to experiments/normal/sili/esmCNN_random_sili_h1
[2020-10-23 10:55:35] esmCNN.cv6: Find channel with Kernel size: 5 	 Lambda: 0.5: 	 Best Score: 0.0993
[2020-10-23 10:55:35] esmCNN.cv6: Channel size: 84 	 Kernel size: 5 
Training MSE: 0.09929805 	 Validating MSE: 0.31501818 	 Best VMSE: 0.28222495
[2020-10-23 10:55:35] esmCNN.cv6: Checkpoint saved to experiments/normal/sili/esmCNN_random_sili_h1
[2020-10-23 10:55:35] esmCNN.cv6: Find channel with Kernel size: 5 	 Lambda: 0.5: 	 Best Score: 0.0991
[2020-10-23 10:55:35] esmCNN.cv6: Channel size: 85 	 Kernel size: 5 
Training MSE: 0.09909450 	 Validating MSE: 0.31005654 	 Best VMSE: 0.28222495
[2020-10-23 10:55:35] esmCNN.cv6: Checkpoint saved to experiments/normal/sili/esmCNN_random_sili_h1
[2020-10-23 10:55:35] esmCNN.cv6: Find channel with Kernel size: 8 	 Lambda: 0.5: 	 Best Score: 0.0990
[2020-10-23 10:55:35] esmCNN.cv6: Channel size: 86 	 Kernel size: 8 
Training MSE: 0.09901976 	 Validating MSE: 0.31241950 	 Best VMSE: 0.28222495
[2020-10-23 10:55:35] esmCNN.cv6: Checkpoint saved to experiments/normal/sili/esmCNN_random_sili_h1
[2020-10-23 10:55:35] esmCNN.cv6: Find channel with Kernel size: 5 	 Lambda: 0.5: 	 Best Score: 0.0989
[2020-10-23 10:55:35] esmCNN.cv6: Channel size: 87 	 Kernel size: 5 
Training MSE: 0.09892029 	 Validating MSE: 0.31557521 	 Best VMSE: 0.28222495
[2020-10-23 10:55:35] esmCNN.cv6: Checkpoint saved to experiments/normal/sili/esmCNN_random_sili_h1
[2020-10-23 10:55:35] esmCNN.cv6: Find channel with Kernel size: 4 	 Lambda: 0.5: 	 Best Score: 0.0989
[2020-10-23 10:55:35] esmCNN.cv6: Channel size: 88 	 Kernel size: 4 
Training MSE: 0.09886936 	 Validating MSE: 0.31764254 	 Best VMSE: 0.28222495
[2020-10-23 10:55:35] esmCNN.cv6: Checkpoint saved to experiments/normal/sili/esmCNN_random_sili_h1
[2020-10-23 10:55:35] esmCNN.cv6: Find channel with Kernel size: 8 	 Lambda: 0.5: 	 Best Score: 0.0988
[2020-10-23 10:55:35] esmCNN.cv6: Channel size: 89 	 Kernel size: 8 
Training MSE: 0.09884287 	 Validating MSE: 0.31738481 	 Best VMSE: 0.28222495
[2020-10-23 10:55:35] esmCNN.cv6: Checkpoint saved to experiments/normal/sili/esmCNN_random_sili_h1
[2020-10-23 10:55:36] esmCNN.cv6: Find channel with Kernel size: 4 	 Lambda: 0.5: 	 Best Score: 0.0988
[2020-10-23 10:55:36] esmCNN.cv6: Channel size: 90 	 Kernel size: 4 
Training MSE: 0.09877917 	 Validating MSE: 0.31870404 	 Best VMSE: 0.28222495
[2020-10-23 10:55:36] esmCNN.cv6: Checkpoint saved to experiments/normal/sili/esmCNN_random_sili_h1
[2020-10-23 10:55:36] esmCNN.cv6: Find channel with Kernel size: 5 	 Lambda: 0.5: 	 Best Score: 0.0987
[2020-10-23 10:55:36] esmCNN.cv6: Channel size: 91 	 Kernel size: 5 
Training MSE: 0.09868258 	 Validating MSE: 0.31457424 	 Best VMSE: 0.28222495
[2020-10-23 10:55:36] esmCNN.cv6: Checkpoint saved to experiments/normal/sili/esmCNN_random_sili_h1
[2020-10-23 10:55:36] esmCNN.cv6: Find channel with Kernel size: 8 	 Lambda: 0.5: 	 Best Score: 0.0986
[2020-10-23 10:55:36] esmCNN.cv6: Channel size: 92 	 Kernel size: 8 
Training MSE: 0.09862431 	 Validating MSE: 0.31414142 	 Best VMSE: 0.28222495
[2020-10-23 10:55:36] esmCNN.cv6: Checkpoint saved to experiments/normal/sili/esmCNN_random_sili_h1
[2020-10-23 10:55:36] esmCNN.cv6: Find channel with Kernel size: 6 	 Lambda: 0.5: 	 Best Score: 0.0986
[2020-10-23 10:55:36] esmCNN.cv6: Channel size: 93 	 Kernel size: 6 
Training MSE: 0.09855728 	 Validating MSE: 0.31309953 	 Best VMSE: 0.28222495
[2020-10-23 10:55:36] esmCNN.cv6: Checkpoint saved to experiments/normal/sili/esmCNN_random_sili_h1
[2020-10-23 10:55:36] esmCNN.cv6: Find channel with Kernel size: 5 	 Lambda: 0.5: 	 Best Score: 0.0983
[2020-10-23 10:55:36] esmCNN.cv6: Channel size: 94 	 Kernel size: 5 
Training MSE: 0.09829205 	 Validating MSE: 0.31445444 	 Best VMSE: 0.28222495
[2020-10-23 10:55:36] esmCNN.cv6: Checkpoint saved to experiments/normal/sili/esmCNN_random_sili_h1
[2020-10-23 10:55:36] esmCNN.cv6: Find channel with Kernel size: 4 	 Lambda: 0.5: 	 Best Score: 0.0981
[2020-10-23 10:55:36] esmCNN.cv6: Channel size: 95 	 Kernel size: 4 
Training MSE: 0.09813551 	 Validating MSE: 0.31602243 	 Best VMSE: 0.28222495
[2020-10-23 10:55:36] esmCNN.cv6: Checkpoint saved to experiments/normal/sili/esmCNN_random_sili_h1
[2020-10-23 10:55:36] esmCNN.cv6: Find channel with Kernel size: 8 	 Lambda: 0.5: 	 Best Score: 0.0981
[2020-10-23 10:55:36] esmCNN.cv6: Channel size: 96 	 Kernel size: 8 
Training MSE: 0.09805256 	 Validating MSE: 0.32012355 	 Best VMSE: 0.28222495
[2020-10-23 10:55:36] esmCNN.cv6: Checkpoint saved to experiments/normal/sili/esmCNN_random_sili_h1
[2020-10-23 10:55:36] esmCNN.cv6: Find channel with Kernel size: 6 	 Lambda: 0.5: 	 Best Score: 0.0979
[2020-10-23 10:55:36] esmCNN.cv6: Channel size: 97 	 Kernel size: 6 
Training MSE: 0.09792548 	 Validating MSE: 0.31686419 	 Best VMSE: 0.28222495
[2020-10-23 10:55:36] esmCNN.cv6: Checkpoint saved to experiments/normal/sili/esmCNN_random_sili_h1
[2020-10-23 10:55:36] esmCNN.cv6: Find channel with Kernel size: 4 	 Lambda: 0.5: 	 Best Score: 0.0978
[2020-10-23 10:55:36] esmCNN.cv6: Channel size: 98 	 Kernel size: 4 
Training MSE: 0.09782597 	 Validating MSE: 0.31807217 	 Best VMSE: 0.28222495
[2020-10-23 10:55:36] esmCNN.cv6: Checkpoint saved to experiments/normal/sili/esmCNN_random_sili_h1
[2020-10-23 10:55:36] esmCNN.cv6: Find channel with Kernel size: 4 	 Lambda: 0.5: 	 Best Score: 0.0978
[2020-10-23 10:55:37] esmCNN.cv6: Channel size: 99 	 Kernel size: 4 
Training MSE: 0.09775303 	 Validating MSE: 0.31802881 	 Best VMSE: 0.28222495
[2020-10-23 10:55:37] esmCNN.cv6: Checkpoint saved to experiments/normal/sili/esmCNN_random_sili_h1
[2020-10-23 10:55:37] esmCNN.cv6: Find channel with Kernel size: 6 	 Lambda: 0.5: 	 Best Score: 0.0977
[2020-10-23 10:55:37] esmCNN.cv6: Channel size: 100 	 Kernel size: 6 
Training MSE: 0.09770256 	 Validating MSE: 0.31911674 	 Best VMSE: 0.28222495
[2020-10-23 10:55:37] esmCNN.cv6: Checkpoint saved to experiments/normal/sili/esmCNN_random_sili_h1
[2020-10-23 10:55:37] esmCNN.cv6: Restoring best parameters from experiments/normal/sili/esmCNN_random_sili_h1/train.cv6.pth.tar
[2020-10-23 10:55:37] esmCNN.cv6: sili	 H: 1	 Trail: 14 
Testing RMSE: 0.6099 	 MAPE: 0.09316 	 SMAPE: 0.04782
