[2020-10-22 11:36:02] esmCNN.cv11: Loading the datasets and model for 44th-batch-training
[2020-10-22 11:36:02] esmCNN.cv11: Argument channel_size: 100
[2020-10-22 11:36:02] esmCNN.cv11: Argument candidate_size: 300
[2020-10-22 11:36:02] esmCNN.cv11: Argument kernel_size: 3
[2020-10-22 11:36:02] esmCNN.cv11: Argument kernel_list: [5, 3, 3, 2]
[2020-10-22 11:36:02] esmCNN.cv11: Argument Lambdas: [0.5, 1, 5, 15, 30, 50, 100, 150, 200]
[2020-10-22 11:36:02] esmCNN.cv11: Argument Lambdas_std: [0.01, 0.05, 0.1, 0.5, 1]
[2020-10-22 11:36:02] esmCNN.cv11: Argument r: [0.8, 0.9, 0.99, 0.9999, 0.999999]
[2020-10-22 11:36:02] esmCNN.cv11: Argument tolerance: 0
[2020-10-22 11:36:02] esmCNN.cv11: Argument device: device(type='cuda')
[2020-10-22 11:36:02] esmCNN.cv11: Argument dataset: 'ar1'
[2020-10-22 11:36:02] esmCNN.cv11: Argument H: 1
[2020-10-22 11:36:02] esmCNN.cv11: Argument k: 5
[2020-10-22 11:36:02] esmCNN.cv11: Argument test: False
[2020-10-22 11:36:02] esmCNN.cv11: Argument search: 'random'
[2020-10-22 11:36:02] esmCNN.cv11: Argument normal: True
[2020-10-22 11:36:02] esmCNN.cv11: Argument diff: False
[2020-10-22 11:36:02] esmCNN.cv11: Argument times: 60
[2020-10-22 11:36:02] esmCNN.cv11: Argument datasets: {'ar1': {'lag_order': 15, 'normal': True, 'cov_dim': 0, 'kernel_size': 3}, 'wti': {'lag_order': 25, 'normal': True, 'cov_dim': 0, 'kernel_size': 5}, 'gold': {'lag_order': 25, 'normal': True, 'cov_dim': 0, 'kernel_size': 5}, 'sp': {'lag_order': 25, 'normal': True, 'cov_dim': 0, 'kernel_size': 5}, 'brent': {'lag_order': 24, 'normal': True, 'cov_dim': 0, 'kernel_size': 6}, 'sili': {'lag_order': 26, 'normal': True, 'cov_dim': 0, 'kernel_size': 6}}
[2020-10-22 11:36:02] esmCNN.cv11: Argument steps: 15
[2020-10-22 11:36:02] esmCNN.cv11: Argument cov_dim: 0
[2020-10-22 11:36:02] esmCNN.cv11: Argument experiment: 'experiments/normal/ar1'
[2020-10-22 11:36:02] esmCNN.cv11: Argument scaler: StandardScaler()
[2020-10-22 11:36:02] esmCNN.cv11: Argument model_name: 'esmCNN_random_ar1_h1'
[2020-10-22 11:36:02] esmCNN.cv11: Argument model_dir: 'experiments/normal/ar1/esmCNN_random_ar1_h1'
[2020-10-22 11:36:02] esmCNN.cv11: Argument In_channels: 1
[2020-10-22 11:36:02] esmCNN.cv11: Argument restore: True
[2020-10-22 11:36:02] esmCNN.cv11: Argument cv: 11
[2020-10-22 11:36:02] esmCNN.cv11: Argument plot_dir: 'experiments/normal/ar1/esmCNN_random_ar1_h1/figures'
[2020-10-22 11:36:02] esmCNN.cv11: Argument num_process: 8
[2020-10-22 11:36:02] esmCNN.cv11: Using Cuda...
[2020-10-22 11:36:02] esmCNN.cv11: Loading complete.
[2020-10-22 11:36:02] esmCNN.cv11: Model: 
ESM_CNN(
  (Pool): AvgPool1d(kernel_size=(3,), stride=(1,), padding=(0,))
  (loss_fn): MSELoss()
)
[2020-10-22 11:36:02] esmCNN.cv11: Found new best state
[2020-10-22 11:36:02] esmCNN.cv11: Best vmse: 0.0316
[2020-10-22 11:36:02] esmCNN.cv11: Channel size: 1 	 Kernel size: 3 
Training MSE: 0.02225265 	 Validating MSE: 0.03156245 	 Best VMSE: 0.03156245
[2020-10-22 11:36:02] esmCNN.cv11: Checkpoint saved to experiments/normal/ar1/esmCNN_random_ar1_h1
[2020-10-22 11:36:02] esmCNN.cv11: Find channel with Kernel size: 2 	 Lambda: 0.5: 	 Best Score: 0.0158
[2020-10-22 11:36:02] esmCNN.cv11: Found new best state
[2020-10-22 11:36:02] esmCNN.cv11: Best vmse: 0.0215
[2020-10-22 11:36:02] esmCNN.cv11: Channel size: 2 	 Kernel size: 2 
Training MSE: 0.01579612 	 Validating MSE: 0.02145193 	 Best VMSE: 0.02145193
[2020-10-22 11:36:02] esmCNN.cv11: Checkpoint saved to experiments/normal/ar1/esmCNN_random_ar1_h1
[2020-10-22 11:36:02] esmCNN.cv11: Find channel with Kernel size: 2 	 Lambda: 0.5: 	 Best Score: 0.0157
[2020-10-22 11:36:02] esmCNN.cv11: Found new best state
[2020-10-22 11:36:02] esmCNN.cv11: Best vmse: 0.0212
[2020-10-22 11:36:02] esmCNN.cv11: Channel size: 3 	 Kernel size: 2 
Training MSE: 0.01574886 	 Validating MSE: 0.02122238 	 Best VMSE: 0.02122238
[2020-10-22 11:36:02] esmCNN.cv11: Checkpoint saved to experiments/normal/ar1/esmCNN_random_ar1_h1
[2020-10-22 11:36:02] esmCNN.cv11: Find channel with Kernel size: 3 	 Lambda: 0.5: 	 Best Score: 0.0157
[2020-10-22 11:36:02] esmCNN.cv11: Channel size: 4 	 Kernel size: 3 
Training MSE: 0.01574658 	 Validating MSE: 0.02131385 	 Best VMSE: 0.02122238
[2020-10-22 11:36:02] esmCNN.cv11: Checkpoint saved to experiments/normal/ar1/esmCNN_random_ar1_h1
[2020-10-22 11:36:02] esmCNN.cv11: Find channel with Kernel size: 5 	 Lambda: 0.5: 	 Best Score: 0.0157
[2020-10-22 11:36:02] esmCNN.cv11: Channel size: 5 	 Kernel size: 5 
Training MSE: 0.01573041 	 Validating MSE: 0.02167232 	 Best VMSE: 0.02122238
[2020-10-22 11:36:02] esmCNN.cv11: Checkpoint saved to experiments/normal/ar1/esmCNN_random_ar1_h1
[2020-10-22 11:36:02] esmCNN.cv11: Find channel with Kernel size: 2 	 Lambda: 0.5: 	 Best Score: 0.0157
[2020-10-22 11:36:02] esmCNN.cv11: Channel size: 6 	 Kernel size: 2 
Training MSE: 0.01570750 	 Validating MSE: 0.02131606 	 Best VMSE: 0.02122238
[2020-10-22 11:36:02] esmCNN.cv11: Checkpoint saved to experiments/normal/ar1/esmCNN_random_ar1_h1
[2020-10-22 11:36:02] esmCNN.cv11: Find channel with Kernel size: 5 	 Lambda: 0.5: 	 Best Score: 0.0157
[2020-10-22 11:36:02] esmCNN.cv11: Channel size: 7 	 Kernel size: 5 
Training MSE: 0.01570233 	 Validating MSE: 0.02138925 	 Best VMSE: 0.02122238
[2020-10-22 11:36:02] esmCNN.cv11: Checkpoint saved to experiments/normal/ar1/esmCNN_random_ar1_h1
[2020-10-22 11:36:02] esmCNN.cv11: Find channel with Kernel size: 3 	 Lambda: 0.5: 	 Best Score: 0.0157
[2020-10-22 11:36:02] esmCNN.cv11: Channel size: 8 	 Kernel size: 3 
Training MSE: 0.01569108 	 Validating MSE: 0.02160238 	 Best VMSE: 0.02122238
[2020-10-22 11:36:02] esmCNN.cv11: Checkpoint saved to experiments/normal/ar1/esmCNN_random_ar1_h1
[2020-10-22 11:36:02] esmCNN.cv11: Find channel with Kernel size: 3 	 Lambda: 0.5: 	 Best Score: 0.0157
[2020-10-22 11:36:02] esmCNN.cv11: Channel size: 9 	 Kernel size: 3 
Training MSE: 0.01567035 	 Validating MSE: 0.02140360 	 Best VMSE: 0.02122238
[2020-10-22 11:36:02] esmCNN.cv11: Checkpoint saved to experiments/normal/ar1/esmCNN_random_ar1_h1
[2020-10-22 11:36:02] esmCNN.cv11: Find channel with Kernel size: 2 	 Lambda: 0.5: 	 Best Score: 0.0157
[2020-10-22 11:36:02] esmCNN.cv11: Channel size: 10 	 Kernel size: 2 
Training MSE: 0.01566818 	 Validating MSE: 0.02141513 	 Best VMSE: 0.02122238
[2020-10-22 11:36:02] esmCNN.cv11: Checkpoint saved to experiments/normal/ar1/esmCNN_random_ar1_h1
[2020-10-22 11:36:02] esmCNN.cv11: Find channel with Kernel size: 2 	 Lambda: 0.5: 	 Best Score: 0.0157
[2020-10-22 11:36:02] esmCNN.cv11: Channel size: 11 	 Kernel size: 2 
Training MSE: 0.01566470 	 Validating MSE: 0.02135767 	 Best VMSE: 0.02122238
[2020-10-22 11:36:02] esmCNN.cv11: Checkpoint saved to experiments/normal/ar1/esmCNN_random_ar1_h1
[2020-10-22 11:36:02] esmCNN.cv11: Find channel with Kernel size: 3 	 Lambda: 0.5: 	 Best Score: 0.0157
[2020-10-22 11:36:02] esmCNN.cv11: Channel size: 12 	 Kernel size: 3 
Training MSE: 0.01565625 	 Validating MSE: 0.02152702 	 Best VMSE: 0.02122238
[2020-10-22 11:36:02] esmCNN.cv11: Checkpoint saved to experiments/normal/ar1/esmCNN_random_ar1_h1
[2020-10-22 11:36:02] esmCNN.cv11: Find channel with Kernel size: 5 	 Lambda: 0.5: 	 Best Score: 0.0157
[2020-10-22 11:36:02] esmCNN.cv11: Channel size: 13 	 Kernel size: 5 
Training MSE: 0.01565015 	 Validating MSE: 0.02143589 	 Best VMSE: 0.02122238
[2020-10-22 11:36:02] esmCNN.cv11: Checkpoint saved to experiments/normal/ar1/esmCNN_random_ar1_h1
[2020-10-22 11:36:02] esmCNN.cv11: Find channel with Kernel size: 3 	 Lambda: 0.5: 	 Best Score: 0.0156
[2020-10-22 11:36:02] esmCNN.cv11: Channel size: 14 	 Kernel size: 3 
Training MSE: 0.01564766 	 Validating MSE: 0.02145519 	 Best VMSE: 0.02122238
[2020-10-22 11:36:02] esmCNN.cv11: Checkpoint saved to experiments/normal/ar1/esmCNN_random_ar1_h1
[2020-10-22 11:36:02] esmCNN.cv11: Find channel with Kernel size: 2 	 Lambda: 0.5: 	 Best Score: 0.0156
[2020-10-22 11:36:02] esmCNN.cv11: Channel size: 15 	 Kernel size: 2 
Training MSE: 0.01564527 	 Validating MSE: 0.02140990 	 Best VMSE: 0.02122238
[2020-10-22 11:36:02] esmCNN.cv11: Checkpoint saved to experiments/normal/ar1/esmCNN_random_ar1_h1
[2020-10-22 11:36:02] esmCNN.cv11: Find channel with Kernel size: 5 	 Lambda: 0.5: 	 Best Score: 0.0156
[2020-10-22 11:36:02] esmCNN.cv11: Channel size: 16 	 Kernel size: 5 
Training MSE: 0.01564172 	 Validating MSE: 0.02149758 	 Best VMSE: 0.02122238
[2020-10-22 11:36:02] esmCNN.cv11: Checkpoint saved to experiments/normal/ar1/esmCNN_random_ar1_h1
[2020-10-22 11:36:03] esmCNN.cv11: Find channel with Kernel size: 5 	 Lambda: 0.5: 	 Best Score: 0.0156
[2020-10-22 11:36:03] esmCNN.cv11: Channel size: 17 	 Kernel size: 5 
Training MSE: 0.01563693 	 Validating MSE: 0.02159242 	 Best VMSE: 0.02122238
[2020-10-22 11:36:03] esmCNN.cv11: Checkpoint saved to experiments/normal/ar1/esmCNN_random_ar1_h1
[2020-10-22 11:36:03] esmCNN.cv11: Find channel with Kernel size: 2 	 Lambda: 0.5: 	 Best Score: 0.0156
[2020-10-22 11:36:03] esmCNN.cv11: Channel size: 18 	 Kernel size: 2 
Training MSE: 0.01562524 	 Validating MSE: 0.02143689 	 Best VMSE: 0.02122238
[2020-10-22 11:36:03] esmCNN.cv11: Checkpoint saved to experiments/normal/ar1/esmCNN_random_ar1_h1
[2020-10-22 11:36:03] esmCNN.cv11: Find channel with Kernel size: 3 	 Lambda: 0.5: 	 Best Score: 0.0156
[2020-10-22 11:36:03] esmCNN.cv11: Channel size: 19 	 Kernel size: 3 
Training MSE: 0.01559076 	 Validating MSE: 0.02188606 	 Best VMSE: 0.02122238
[2020-10-22 11:36:03] esmCNN.cv11: Checkpoint saved to experiments/normal/ar1/esmCNN_random_ar1_h1
[2020-10-22 11:36:03] esmCNN.cv11: Find channel with Kernel size: 2 	 Lambda: 0.5: 	 Best Score: 0.0156
[2020-10-22 11:36:03] esmCNN.cv11: Channel size: 20 	 Kernel size: 2 
Training MSE: 0.01555630 	 Validating MSE: 0.02156032 	 Best VMSE: 0.02122238
[2020-10-22 11:36:03] esmCNN.cv11: Checkpoint saved to experiments/normal/ar1/esmCNN_random_ar1_h1
[2020-10-22 11:36:03] esmCNN.cv11: Find channel with Kernel size: 5 	 Lambda: 0.5: 	 Best Score: 0.0156
[2020-10-22 11:36:03] esmCNN.cv11: Channel size: 21 	 Kernel size: 5 
Training MSE: 0.01555427 	 Validating MSE: 0.02154059 	 Best VMSE: 0.02122238
[2020-10-22 11:36:03] esmCNN.cv11: Checkpoint saved to experiments/normal/ar1/esmCNN_random_ar1_h1
[2020-10-22 11:36:03] esmCNN.cv11: Find channel with Kernel size: 3 	 Lambda: 0.5: 	 Best Score: 0.0156
[2020-10-22 11:36:03] esmCNN.cv11: Channel size: 22 	 Kernel size: 3 
Training MSE: 0.01555400 	 Validating MSE: 0.02157484 	 Best VMSE: 0.02122238
[2020-10-22 11:36:03] esmCNN.cv11: Checkpoint saved to experiments/normal/ar1/esmCNN_random_ar1_h1
[2020-10-22 11:36:03] esmCNN.cv11: Find channel with Kernel size: 3 	 Lambda: 0.5: 	 Best Score: 0.0156
[2020-10-22 11:36:03] esmCNN.cv11: Channel size: 23 	 Kernel size: 3 
Training MSE: 0.01555203 	 Validating MSE: 0.02167205 	 Best VMSE: 0.02122238
[2020-10-22 11:36:03] esmCNN.cv11: Checkpoint saved to experiments/normal/ar1/esmCNN_random_ar1_h1
[2020-10-22 11:36:03] esmCNN.cv11: Find channel with Kernel size: 3 	 Lambda: 0.5: 	 Best Score: 0.0155
[2020-10-22 11:36:03] esmCNN.cv11: Channel size: 24 	 Kernel size: 3 
Training MSE: 0.01554815 	 Validating MSE: 0.02155660 	 Best VMSE: 0.02122238
[2020-10-22 11:36:03] esmCNN.cv11: Checkpoint saved to experiments/normal/ar1/esmCNN_random_ar1_h1
[2020-10-22 11:36:03] esmCNN.cv11: Find channel with Kernel size: 2 	 Lambda: 0.5: 	 Best Score: 0.0155
[2020-10-22 11:36:03] esmCNN.cv11: Channel size: 25 	 Kernel size: 2 
Training MSE: 0.01554774 	 Validating MSE: 0.02159131 	 Best VMSE: 0.02122238
[2020-10-22 11:36:03] esmCNN.cv11: Checkpoint saved to experiments/normal/ar1/esmCNN_random_ar1_h1
[2020-10-22 11:36:03] esmCNN.cv11: Find channel with Kernel size: 3 	 Lambda: 0.5: 	 Best Score: 0.0155
[2020-10-22 11:36:03] esmCNN.cv11: Channel size: 26 	 Kernel size: 3 
Training MSE: 0.01554580 	 Validating MSE: 0.02167535 	 Best VMSE: 0.02122238
[2020-10-22 11:36:03] esmCNN.cv11: Checkpoint saved to experiments/normal/ar1/esmCNN_random_ar1_h1
[2020-10-22 11:36:03] esmCNN.cv11: Find channel with Kernel size: 3 	 Lambda: 0.5: 	 Best Score: 0.0155
[2020-10-22 11:36:03] esmCNN.cv11: Channel size: 27 	 Kernel size: 3 
Training MSE: 0.01554016 	 Validating MSE: 0.02154835 	 Best VMSE: 0.02122238
[2020-10-22 11:36:03] esmCNN.cv11: Checkpoint saved to experiments/normal/ar1/esmCNN_random_ar1_h1
[2020-10-22 11:36:03] esmCNN.cv11: Find channel with Kernel size: 5 	 Lambda: 0.5: 	 Best Score: 0.0155
[2020-10-22 11:36:03] esmCNN.cv11: Channel size: 28 	 Kernel size: 5 
Training MSE: 0.01552753 	 Validating MSE: 0.02168767 	 Best VMSE: 0.02122238
[2020-10-22 11:36:03] esmCNN.cv11: Checkpoint saved to experiments/normal/ar1/esmCNN_random_ar1_h1
[2020-10-22 11:36:03] esmCNN.cv11: Find channel with Kernel size: 3 	 Lambda: 0.5: 	 Best Score: 0.0155
[2020-10-22 11:36:03] esmCNN.cv11: Channel size: 29 	 Kernel size: 3 
Training MSE: 0.01551927 	 Validating MSE: 0.02164657 	 Best VMSE: 0.02122238
[2020-10-22 11:36:03] esmCNN.cv11: Checkpoint saved to experiments/normal/ar1/esmCNN_random_ar1_h1
[2020-10-22 11:36:03] esmCNN.cv11: Find channel with Kernel size: 2 	 Lambda: 0.5: 	 Best Score: 0.0155
[2020-10-22 11:36:03] esmCNN.cv11: Channel size: 30 	 Kernel size: 2 
Training MSE: 0.01551883 	 Validating MSE: 0.02162617 	 Best VMSE: 0.02122238
[2020-10-22 11:36:03] esmCNN.cv11: Checkpoint saved to experiments/normal/ar1/esmCNN_random_ar1_h1
[2020-10-22 11:36:04] esmCNN.cv11: Find channel with Kernel size: 2 	 Lambda: 0.5: 	 Best Score: 0.0155
[2020-10-22 11:36:04] esmCNN.cv11: Channel size: 31 	 Kernel size: 2 
Training MSE: 0.01551593 	 Validating MSE: 0.02170567 	 Best VMSE: 0.02122238
[2020-10-22 11:36:04] esmCNN.cv11: Checkpoint saved to experiments/normal/ar1/esmCNN_random_ar1_h1
[2020-10-22 11:36:04] esmCNN.cv11: Find channel with Kernel size: 3 	 Lambda: 0.5: 	 Best Score: 0.0155
[2020-10-22 11:36:04] esmCNN.cv11: Channel size: 32 	 Kernel size: 3 
Training MSE: 0.01551250 	 Validating MSE: 0.02163600 	 Best VMSE: 0.02122238
[2020-10-22 11:36:04] esmCNN.cv11: Checkpoint saved to experiments/normal/ar1/esmCNN_random_ar1_h1
[2020-10-22 11:36:04] esmCNN.cv11: Find channel with Kernel size: 3 	 Lambda: 0.5: 	 Best Score: 0.0155
[2020-10-22 11:36:04] esmCNN.cv11: Channel size: 33 	 Kernel size: 3 
Training MSE: 0.01551175 	 Validating MSE: 0.02163538 	 Best VMSE: 0.02122238
[2020-10-22 11:36:04] esmCNN.cv11: Checkpoint saved to experiments/normal/ar1/esmCNN_random_ar1_h1
[2020-10-22 11:36:04] esmCNN.cv11: Find channel with Kernel size: 3 	 Lambda: 0.5: 	 Best Score: 0.0155
[2020-10-22 11:36:04] esmCNN.cv11: Channel size: 34 	 Kernel size: 3 
Training MSE: 0.01550986 	 Validating MSE: 0.02175257 	 Best VMSE: 0.02122238
[2020-10-22 11:36:04] esmCNN.cv11: Checkpoint saved to experiments/normal/ar1/esmCNN_random_ar1_h1
[2020-10-22 11:36:04] esmCNN.cv11: Find channel with Kernel size: 2 	 Lambda: 0.5: 	 Best Score: 0.0155
[2020-10-22 11:36:04] esmCNN.cv11: Channel size: 35 	 Kernel size: 2 
Training MSE: 0.01550320 	 Validating MSE: 0.02160148 	 Best VMSE: 0.02122238
[2020-10-22 11:36:04] esmCNN.cv11: Checkpoint saved to experiments/normal/ar1/esmCNN_random_ar1_h1
[2020-10-22 11:36:04] esmCNN.cv11: Find channel with Kernel size: 2 	 Lambda: 0.5: 	 Best Score: 0.0155
[2020-10-22 11:36:04] esmCNN.cv11: Channel size: 36 	 Kernel size: 2 
Training MSE: 0.01549974 	 Validating MSE: 0.02170858 	 Best VMSE: 0.02122238
[2020-10-22 11:36:04] esmCNN.cv11: Checkpoint saved to experiments/normal/ar1/esmCNN_random_ar1_h1
[2020-10-22 11:36:04] esmCNN.cv11: Find channel with Kernel size: 3 	 Lambda: 0.5: 	 Best Score: 0.0155
[2020-10-22 11:36:04] esmCNN.cv11: Channel size: 37 	 Kernel size: 3 
Training MSE: 0.01549720 	 Validating MSE: 0.02165568 	 Best VMSE: 0.02122238
[2020-10-22 11:36:04] esmCNN.cv11: Checkpoint saved to experiments/normal/ar1/esmCNN_random_ar1_h1
[2020-10-22 11:36:04] esmCNN.cv11: Find channel with Kernel size: 5 	 Lambda: 0.5: 	 Best Score: 0.0155
[2020-10-22 11:36:04] esmCNN.cv11: Channel size: 38 	 Kernel size: 5 
Training MSE: 0.01548834 	 Validating MSE: 0.02186022 	 Best VMSE: 0.02122238
[2020-10-22 11:36:04] esmCNN.cv11: Checkpoint saved to experiments/normal/ar1/esmCNN_random_ar1_h1
[2020-10-22 11:36:04] esmCNN.cv11: Find channel with Kernel size: 5 	 Lambda: 0.5: 	 Best Score: 0.0155
[2020-10-22 11:36:04] esmCNN.cv11: Channel size: 39 	 Kernel size: 5 
Training MSE: 0.01547630 	 Validating MSE: 0.02199800 	 Best VMSE: 0.02122238
[2020-10-22 11:36:04] esmCNN.cv11: Checkpoint saved to experiments/normal/ar1/esmCNN_random_ar1_h1
[2020-10-22 11:36:04] esmCNN.cv11: Find channel with Kernel size: 2 	 Lambda: 0.5: 	 Best Score: 0.0154
[2020-10-22 11:36:04] esmCNN.cv11: Channel size: 40 	 Kernel size: 2 
Training MSE: 0.01544502 	 Validating MSE: 0.02170022 	 Best VMSE: 0.02122238
[2020-10-22 11:36:04] esmCNN.cv11: Checkpoint saved to experiments/normal/ar1/esmCNN_random_ar1_h1
[2020-10-22 11:36:04] esmCNN.cv11: Find channel with Kernel size: 3 	 Lambda: 0.5: 	 Best Score: 0.0154
[2020-10-22 11:36:04] esmCNN.cv11: Channel size: 41 	 Kernel size: 3 
Training MSE: 0.01544481 	 Validating MSE: 0.02172864 	 Best VMSE: 0.02122238
[2020-10-22 11:36:04] esmCNN.cv11: Checkpoint saved to experiments/normal/ar1/esmCNN_random_ar1_h1
[2020-10-22 11:36:04] esmCNN.cv11: Find channel with Kernel size: 3 	 Lambda: 0.5: 	 Best Score: 0.0154
[2020-10-22 11:36:04] esmCNN.cv11: Channel size: 42 	 Kernel size: 3 
Training MSE: 0.01543646 	 Validating MSE: 0.02194524 	 Best VMSE: 0.02122238
[2020-10-22 11:36:05] esmCNN.cv11: Checkpoint saved to experiments/normal/ar1/esmCNN_random_ar1_h1
[2020-10-22 11:36:05] esmCNN.cv11: Find channel with Kernel size: 3 	 Lambda: 0.5: 	 Best Score: 0.0154
[2020-10-22 11:36:05] esmCNN.cv11: Channel size: 43 	 Kernel size: 3 
Training MSE: 0.01542485 	 Validating MSE: 0.02170167 	 Best VMSE: 0.02122238
[2020-10-22 11:36:05] esmCNN.cv11: Checkpoint saved to experiments/normal/ar1/esmCNN_random_ar1_h1
[2020-10-22 11:36:05] esmCNN.cv11: Find channel with Kernel size: 5 	 Lambda: 0.5: 	 Best Score: 0.0154
[2020-10-22 11:36:05] esmCNN.cv11: Channel size: 44 	 Kernel size: 5 
Training MSE: 0.01542203 	 Validating MSE: 0.02183467 	 Best VMSE: 0.02122238
[2020-10-22 11:36:05] esmCNN.cv11: Checkpoint saved to experiments/normal/ar1/esmCNN_random_ar1_h1
[2020-10-22 11:36:05] esmCNN.cv11: Find channel with Kernel size: 3 	 Lambda: 0.5: 	 Best Score: 0.0154
[2020-10-22 11:36:05] esmCNN.cv11: Channel size: 45 	 Kernel size: 3 
Training MSE: 0.01542017 	 Validating MSE: 0.02176798 	 Best VMSE: 0.02122238
[2020-10-22 11:36:05] esmCNN.cv11: Checkpoint saved to experiments/normal/ar1/esmCNN_random_ar1_h1
[2020-10-22 11:36:05] esmCNN.cv11: Find channel with Kernel size: 2 	 Lambda: 0.5: 	 Best Score: 0.0154
[2020-10-22 11:36:05] esmCNN.cv11: Channel size: 46 	 Kernel size: 2 
Training MSE: 0.01541408 	 Validating MSE: 0.02191113 	 Best VMSE: 0.02122238
[2020-10-22 11:36:05] esmCNN.cv11: Checkpoint saved to experiments/normal/ar1/esmCNN_random_ar1_h1
[2020-10-22 11:36:05] esmCNN.cv11: Find channel with Kernel size: 3 	 Lambda: 0.5: 	 Best Score: 0.0154
[2020-10-22 11:36:05] esmCNN.cv11: Channel size: 47 	 Kernel size: 3 
Training MSE: 0.01540778 	 Validating MSE: 0.02177787 	 Best VMSE: 0.02122238
[2020-10-22 11:36:05] esmCNN.cv11: Checkpoint saved to experiments/normal/ar1/esmCNN_random_ar1_h1
[2020-10-22 11:36:05] esmCNN.cv11: Find channel with Kernel size: 3 	 Lambda: 0.5: 	 Best Score: 0.0154
[2020-10-22 11:36:05] esmCNN.cv11: Channel size: 48 	 Kernel size: 3 
Training MSE: 0.01540067 	 Validating MSE: 0.02194357 	 Best VMSE: 0.02122238
[2020-10-22 11:36:05] esmCNN.cv11: Checkpoint saved to experiments/normal/ar1/esmCNN_random_ar1_h1
[2020-10-22 11:36:05] esmCNN.cv11: Find channel with Kernel size: 3 	 Lambda: 0.5: 	 Best Score: 0.0154
[2020-10-22 11:36:05] esmCNN.cv11: Channel size: 49 	 Kernel size: 3 
Training MSE: 0.01539206 	 Validating MSE: 0.02176281 	 Best VMSE: 0.02122238
[2020-10-22 11:36:05] esmCNN.cv11: Checkpoint saved to experiments/normal/ar1/esmCNN_random_ar1_h1
[2020-10-22 11:36:05] esmCNN.cv11: Find channel with Kernel size: 3 	 Lambda: 0.5: 	 Best Score: 0.0154
[2020-10-22 11:36:05] esmCNN.cv11: Channel size: 50 	 Kernel size: 3 
Training MSE: 0.01538740 	 Validating MSE: 0.02192837 	 Best VMSE: 0.02122238
[2020-10-22 11:36:05] esmCNN.cv11: Checkpoint saved to experiments/normal/ar1/esmCNN_random_ar1_h1
[2020-10-22 11:36:05] esmCNN.cv11: Find channel with Kernel size: 5 	 Lambda: 0.5: 	 Best Score: 0.0154
[2020-10-22 11:36:05] esmCNN.cv11: Channel size: 51 	 Kernel size: 5 
Training MSE: 0.01538003 	 Validating MSE: 0.02218103 	 Best VMSE: 0.02122238
[2020-10-22 11:36:05] esmCNN.cv11: Checkpoint saved to experiments/normal/ar1/esmCNN_random_ar1_h1
[2020-10-22 11:36:05] esmCNN.cv11: Find channel with Kernel size: 5 	 Lambda: 0.5: 	 Best Score: 0.0154
[2020-10-22 11:36:05] esmCNN.cv11: Channel size: 52 	 Kernel size: 5 
Training MSE: 0.01536535 	 Validating MSE: 0.02180693 	 Best VMSE: 0.02122238
[2020-10-22 11:36:05] esmCNN.cv11: Checkpoint saved to experiments/normal/ar1/esmCNN_random_ar1_h1
[2020-10-22 11:36:05] esmCNN.cv11: Find channel with Kernel size: 5 	 Lambda: 0.5: 	 Best Score: 0.0154
[2020-10-22 11:36:06] esmCNN.cv11: Channel size: 53 	 Kernel size: 5 
Training MSE: 0.01536245 	 Validating MSE: 0.02183331 	 Best VMSE: 0.02122238
[2020-10-22 11:36:06] esmCNN.cv11: Checkpoint saved to experiments/normal/ar1/esmCNN_random_ar1_h1
[2020-10-22 11:36:06] esmCNN.cv11: Find channel with Kernel size: 3 	 Lambda: 0.5: 	 Best Score: 0.0154
[2020-10-22 11:36:06] esmCNN.cv11: Channel size: 54 	 Kernel size: 3 
Training MSE: 0.01535924 	 Validating MSE: 0.02190138 	 Best VMSE: 0.02122238
[2020-10-22 11:36:06] esmCNN.cv11: Checkpoint saved to experiments/normal/ar1/esmCNN_random_ar1_h1
[2020-10-22 11:36:06] esmCNN.cv11: Find channel with Kernel size: 2 	 Lambda: 0.5: 	 Best Score: 0.0154
[2020-10-22 11:36:06] esmCNN.cv11: Channel size: 55 	 Kernel size: 2 
Training MSE: 0.01535738 	 Validating MSE: 0.02183586 	 Best VMSE: 0.02122238
[2020-10-22 11:36:06] esmCNN.cv11: Checkpoint saved to experiments/normal/ar1/esmCNN_random_ar1_h1
[2020-10-22 11:36:06] esmCNN.cv11: Find channel with Kernel size: 5 	 Lambda: 0.5: 	 Best Score: 0.0154
[2020-10-22 11:36:06] esmCNN.cv11: Channel size: 56 	 Kernel size: 5 
Training MSE: 0.01535515 	 Validating MSE: 0.02193223 	 Best VMSE: 0.02122238
[2020-10-22 11:36:06] esmCNN.cv11: Checkpoint saved to experiments/normal/ar1/esmCNN_random_ar1_h1
[2020-10-22 11:36:06] esmCNN.cv11: Find channel with Kernel size: 3 	 Lambda: 0.5: 	 Best Score: 0.0154
[2020-10-22 11:36:06] esmCNN.cv11: Channel size: 57 	 Kernel size: 3 
Training MSE: 0.01535285 	 Validating MSE: 0.02184876 	 Best VMSE: 0.02122238
[2020-10-22 11:36:06] esmCNN.cv11: Checkpoint saved to experiments/normal/ar1/esmCNN_random_ar1_h1
[2020-10-22 11:36:06] esmCNN.cv11: Find channel with Kernel size: 5 	 Lambda: 0.5: 	 Best Score: 0.0153
[2020-10-22 11:36:06] esmCNN.cv11: Channel size: 58 	 Kernel size: 5 
Training MSE: 0.01534852 	 Validating MSE: 0.02206535 	 Best VMSE: 0.02122238
[2020-10-22 11:36:06] esmCNN.cv11: Checkpoint saved to experiments/normal/ar1/esmCNN_random_ar1_h1
[2020-10-22 11:36:06] esmCNN.cv11: Find channel with Kernel size: 2 	 Lambda: 0.5: 	 Best Score: 0.0153
[2020-10-22 11:36:06] esmCNN.cv11: Channel size: 59 	 Kernel size: 2 
Training MSE: 0.01534499 	 Validating MSE: 0.02191246 	 Best VMSE: 0.02122238
[2020-10-22 11:36:06] esmCNN.cv11: Checkpoint saved to experiments/normal/ar1/esmCNN_random_ar1_h1
[2020-10-22 11:36:06] esmCNN.cv11: Find channel with Kernel size: 5 	 Lambda: 0.5: 	 Best Score: 0.0153
[2020-10-22 11:36:06] esmCNN.cv11: Channel size: 60 	 Kernel size: 5 
Training MSE: 0.01534260 	 Validating MSE: 0.02193821 	 Best VMSE: 0.02122238
[2020-10-22 11:36:06] esmCNN.cv11: Checkpoint saved to experiments/normal/ar1/esmCNN_random_ar1_h1
[2020-10-22 11:36:06] esmCNN.cv11: Find channel with Kernel size: 5 	 Lambda: 0.5: 	 Best Score: 0.0153
[2020-10-22 11:36:06] esmCNN.cv11: Channel size: 61 	 Kernel size: 5 
Training MSE: 0.01533892 	 Validating MSE: 0.02181267 	 Best VMSE: 0.02122238
[2020-10-22 11:36:06] esmCNN.cv11: Checkpoint saved to experiments/normal/ar1/esmCNN_random_ar1_h1
[2020-10-22 11:36:06] esmCNN.cv11: Find channel with Kernel size: 3 	 Lambda: 0.5: 	 Best Score: 0.0153
[2020-10-22 11:36:06] esmCNN.cv11: Channel size: 62 	 Kernel size: 3 
Training MSE: 0.01532919 	 Validating MSE: 0.02213429 	 Best VMSE: 0.02122238
[2020-10-22 11:36:06] esmCNN.cv11: Checkpoint saved to experiments/normal/ar1/esmCNN_random_ar1_h1
[2020-10-22 11:36:07] esmCNN.cv11: Find channel with Kernel size: 2 	 Lambda: 0.5: 	 Best Score: 0.0153
[2020-10-22 11:36:07] esmCNN.cv11: Channel size: 63 	 Kernel size: 2 
Training MSE: 0.01532162 	 Validating MSE: 0.02191826 	 Best VMSE: 0.02122238
[2020-10-22 11:36:07] esmCNN.cv11: Checkpoint saved to experiments/normal/ar1/esmCNN_random_ar1_h1
[2020-10-22 11:36:07] esmCNN.cv11: Find channel with Kernel size: 3 	 Lambda: 0.5: 	 Best Score: 0.0153
[2020-10-22 11:36:07] esmCNN.cv11: Channel size: 64 	 Kernel size: 3 
Training MSE: 0.01532013 	 Validating MSE: 0.02199492 	 Best VMSE: 0.02122238
[2020-10-22 11:36:07] esmCNN.cv11: Checkpoint saved to experiments/normal/ar1/esmCNN_random_ar1_h1
[2020-10-22 11:36:07] esmCNN.cv11: Find channel with Kernel size: 3 	 Lambda: 0.5: 	 Best Score: 0.0153
[2020-10-22 11:36:07] esmCNN.cv11: Channel size: 65 	 Kernel size: 3 
Training MSE: 0.01531839 	 Validating MSE: 0.02191272 	 Best VMSE: 0.02122238
[2020-10-22 11:36:07] esmCNN.cv11: Checkpoint saved to experiments/normal/ar1/esmCNN_random_ar1_h1
[2020-10-22 11:36:07] esmCNN.cv11: Find channel with Kernel size: 2 	 Lambda: 0.5: 	 Best Score: 0.0153
[2020-10-22 11:36:07] esmCNN.cv11: Channel size: 66 	 Kernel size: 2 
Training MSE: 0.01531811 	 Validating MSE: 0.02195526 	 Best VMSE: 0.02122238
[2020-10-22 11:36:07] esmCNN.cv11: Checkpoint saved to experiments/normal/ar1/esmCNN_random_ar1_h1
[2020-10-22 11:36:07] esmCNN.cv11: Find channel with Kernel size: 5 	 Lambda: 0.5: 	 Best Score: 0.0153
[2020-10-22 11:36:07] esmCNN.cv11: Channel size: 67 	 Kernel size: 5 
Training MSE: 0.01531602 	 Validating MSE: 0.02201100 	 Best VMSE: 0.02122238
[2020-10-22 11:36:07] esmCNN.cv11: Checkpoint saved to experiments/normal/ar1/esmCNN_random_ar1_h1
[2020-10-22 11:36:07] esmCNN.cv11: Find channel with Kernel size: 2 	 Lambda: 0.5: 	 Best Score: 0.0153
[2020-10-22 11:36:07] esmCNN.cv11: Channel size: 68 	 Kernel size: 2 
Training MSE: 0.01531323 	 Validating MSE: 0.02193311 	 Best VMSE: 0.02122238
[2020-10-22 11:36:07] esmCNN.cv11: Checkpoint saved to experiments/normal/ar1/esmCNN_random_ar1_h1
[2020-10-22 11:36:07] esmCNN.cv11: Find channel with Kernel size: 5 	 Lambda: 0.5: 	 Best Score: 0.0153
[2020-10-22 11:36:07] esmCNN.cv11: Channel size: 69 	 Kernel size: 5 
Training MSE: 0.01531253 	 Validating MSE: 0.02198319 	 Best VMSE: 0.02122238
[2020-10-22 11:36:07] esmCNN.cv11: Checkpoint saved to experiments/normal/ar1/esmCNN_random_ar1_h1
[2020-10-22 11:36:07] esmCNN.cv11: Find channel with Kernel size: 3 	 Lambda: 0.5: 	 Best Score: 0.0153
[2020-10-22 11:36:07] esmCNN.cv11: Channel size: 70 	 Kernel size: 3 
Training MSE: 0.01530655 	 Validating MSE: 0.02216328 	 Best VMSE: 0.02122238
[2020-10-22 11:36:07] esmCNN.cv11: Checkpoint saved to experiments/normal/ar1/esmCNN_random_ar1_h1
[2020-10-22 11:36:07] esmCNN.cv11: Find channel with Kernel size: 3 	 Lambda: 0.5: 	 Best Score: 0.0153
[2020-10-22 11:36:08] esmCNN.cv11: Channel size: 71 	 Kernel size: 3 
Training MSE: 0.01529798 	 Validating MSE: 0.02196611 	 Best VMSE: 0.02122238
[2020-10-22 11:36:08] esmCNN.cv11: Checkpoint saved to experiments/normal/ar1/esmCNN_random_ar1_h1
[2020-10-22 11:36:08] esmCNN.cv11: Find channel with Kernel size: 5 	 Lambda: 0.5: 	 Best Score: 0.0153
[2020-10-22 11:36:08] esmCNN.cv11: Channel size: 72 	 Kernel size: 5 
Training MSE: 0.01529571 	 Validating MSE: 0.02208661 	 Best VMSE: 0.02122238
[2020-10-22 11:36:08] esmCNN.cv11: Checkpoint saved to experiments/normal/ar1/esmCNN_random_ar1_h1
[2020-10-22 11:36:08] esmCNN.cv11: Find channel with Kernel size: 3 	 Lambda: 0.5: 	 Best Score: 0.0153
[2020-10-22 11:36:08] esmCNN.cv11: Channel size: 73 	 Kernel size: 3 
Training MSE: 0.01529364 	 Validating MSE: 0.02197360 	 Best VMSE: 0.02122238
[2020-10-22 11:36:08] esmCNN.cv11: Checkpoint saved to experiments/normal/ar1/esmCNN_random_ar1_h1
[2020-10-22 11:36:08] esmCNN.cv11: Find channel with Kernel size: 5 	 Lambda: 0.5: 	 Best Score: 0.0153
[2020-10-22 11:36:08] esmCNN.cv11: Channel size: 74 	 Kernel size: 5 
Training MSE: 0.01529137 	 Validating MSE: 0.02213245 	 Best VMSE: 0.02122238
[2020-10-22 11:36:08] esmCNN.cv11: Checkpoint saved to experiments/normal/ar1/esmCNN_random_ar1_h1
[2020-10-22 11:36:08] esmCNN.cv11: Find channel with Kernel size: 3 	 Lambda: 0.5: 	 Best Score: 0.0153
[2020-10-22 11:36:08] esmCNN.cv11: Channel size: 75 	 Kernel size: 3 
Training MSE: 0.01528764 	 Validating MSE: 0.02197227 	 Best VMSE: 0.02122238
[2020-10-22 11:36:08] esmCNN.cv11: Checkpoint saved to experiments/normal/ar1/esmCNN_random_ar1_h1
[2020-10-22 11:36:08] esmCNN.cv11: Find channel with Kernel size: 5 	 Lambda: 0.5: 	 Best Score: 0.0153
[2020-10-22 11:36:08] esmCNN.cv11: Channel size: 76 	 Kernel size: 5 
Training MSE: 0.01528465 	 Validating MSE: 0.02216147 	 Best VMSE: 0.02122238
[2020-10-22 11:36:08] esmCNN.cv11: Checkpoint saved to experiments/normal/ar1/esmCNN_random_ar1_h1
[2020-10-22 11:36:08] esmCNN.cv11: Find channel with Kernel size: 2 	 Lambda: 0.5: 	 Best Score: 0.0153
[2020-10-22 11:36:08] esmCNN.cv11: Channel size: 77 	 Kernel size: 2 
Training MSE: 0.01528181 	 Validating MSE: 0.02200282 	 Best VMSE: 0.02122238
[2020-10-22 11:36:08] esmCNN.cv11: Checkpoint saved to experiments/normal/ar1/esmCNN_random_ar1_h1
[2020-10-22 11:36:08] esmCNN.cv11: Find channel with Kernel size: 3 	 Lambda: 0.5: 	 Best Score: 0.0153
[2020-10-22 11:36:08] esmCNN.cv11: Channel size: 78 	 Kernel size: 3 
Training MSE: 0.01527895 	 Validating MSE: 0.02215558 	 Best VMSE: 0.02122238
[2020-10-22 11:36:08] esmCNN.cv11: Checkpoint saved to experiments/normal/ar1/esmCNN_random_ar1_h1
[2020-10-22 11:36:08] esmCNN.cv11: Find channel with Kernel size: 2 	 Lambda: 0.5: 	 Best Score: 0.0153
[2020-10-22 11:36:09] esmCNN.cv11: Channel size: 79 	 Kernel size: 2 
Training MSE: 0.01527631 	 Validating MSE: 0.02201661 	 Best VMSE: 0.02122238
[2020-10-22 11:36:09] esmCNN.cv11: Checkpoint saved to experiments/normal/ar1/esmCNN_random_ar1_h1
[2020-10-22 11:36:09] esmCNN.cv11: Find channel with Kernel size: 2 	 Lambda: 0.5: 	 Best Score: 0.0153
[2020-10-22 11:36:09] esmCNN.cv11: Channel size: 80 	 Kernel size: 2 
Training MSE: 0.01527553 	 Validating MSE: 0.02204715 	 Best VMSE: 0.02122238
[2020-10-22 11:36:09] esmCNN.cv11: Checkpoint saved to experiments/normal/ar1/esmCNN_random_ar1_h1
[2020-10-22 11:36:09] esmCNN.cv11: Find channel with Kernel size: 2 	 Lambda: 0.5: 	 Best Score: 0.0153
[2020-10-22 11:36:09] esmCNN.cv11: Channel size: 81 	 Kernel size: 2 
Training MSE: 0.01527487 	 Validating MSE: 0.02203340 	 Best VMSE: 0.02122238
[2020-10-22 11:36:09] esmCNN.cv11: Checkpoint saved to experiments/normal/ar1/esmCNN_random_ar1_h1
[2020-10-22 11:36:09] esmCNN.cv11: Find channel with Kernel size: 5 	 Lambda: 0.5: 	 Best Score: 0.0153
[2020-10-22 11:36:09] esmCNN.cv11: Channel size: 82 	 Kernel size: 5 
Training MSE: 0.01527329 	 Validating MSE: 0.02202731 	 Best VMSE: 0.02122238
[2020-10-22 11:36:09] esmCNN.cv11: Checkpoint saved to experiments/normal/ar1/esmCNN_random_ar1_h1
[2020-10-22 11:36:09] esmCNN.cv11: Find channel with Kernel size: 2 	 Lambda: 0.5: 	 Best Score: 0.0153
[2020-10-22 11:36:09] esmCNN.cv11: Channel size: 83 	 Kernel size: 2 
Training MSE: 0.01527168 	 Validating MSE: 0.02203306 	 Best VMSE: 0.02122238
[2020-10-22 11:36:09] esmCNN.cv11: Checkpoint saved to experiments/normal/ar1/esmCNN_random_ar1_h1
[2020-10-22 11:36:09] esmCNN.cv11: Find channel with Kernel size: 3 	 Lambda: 0.5: 	 Best Score: 0.0153
[2020-10-22 11:36:09] esmCNN.cv11: Channel size: 84 	 Kernel size: 3 
Training MSE: 0.01527020 	 Validating MSE: 0.02213563 	 Best VMSE: 0.02122238
[2020-10-22 11:36:09] esmCNN.cv11: Checkpoint saved to experiments/normal/ar1/esmCNN_random_ar1_h1
[2020-10-22 11:36:09] esmCNN.cv11: Find channel with Kernel size: 3 	 Lambda: 0.5: 	 Best Score: 0.0153
[2020-10-22 11:36:09] esmCNN.cv11: Channel size: 85 	 Kernel size: 3 
Training MSE: 0.01526861 	 Validating MSE: 0.02208806 	 Best VMSE: 0.02122238
[2020-10-22 11:36:09] esmCNN.cv11: Checkpoint saved to experiments/normal/ar1/esmCNN_random_ar1_h1
[2020-10-22 11:36:09] esmCNN.cv11: Find channel with Kernel size: 3 	 Lambda: 0.5: 	 Best Score: 0.0153
[2020-10-22 11:36:09] esmCNN.cv11: Channel size: 86 	 Kernel size: 3 
Training MSE: 0.01526700 	 Validating MSE: 0.02220342 	 Best VMSE: 0.02122238
[2020-10-22 11:36:09] esmCNN.cv11: Checkpoint saved to experiments/normal/ar1/esmCNN_random_ar1_h1
[2020-10-22 11:36:09] esmCNN.cv11: Find channel with Kernel size: 2 	 Lambda: 0.5: 	 Best Score: 0.0153
[2020-10-22 11:36:10] esmCNN.cv11: Channel size: 87 	 Kernel size: 2 
Training MSE: 0.01526342 	 Validating MSE: 0.02203766 	 Best VMSE: 0.02122238
[2020-10-22 11:36:10] esmCNN.cv11: Checkpoint saved to experiments/normal/ar1/esmCNN_random_ar1_h1
[2020-10-22 11:36:10] esmCNN.cv11: Find channel with Kernel size: 3 	 Lambda: 0.5: 	 Best Score: 0.0153
[2020-10-22 11:36:10] esmCNN.cv11: Channel size: 88 	 Kernel size: 3 
Training MSE: 0.01525316 	 Validating MSE: 0.02235908 	 Best VMSE: 0.02122238
[2020-10-22 11:36:10] esmCNN.cv11: Checkpoint saved to experiments/normal/ar1/esmCNN_random_ar1_h1
[2020-10-22 11:36:10] esmCNN.cv11: Find channel with Kernel size: 2 	 Lambda: 0.5: 	 Best Score: 0.0152
[2020-10-22 11:36:10] esmCNN.cv11: Channel size: 89 	 Kernel size: 2 
Training MSE: 0.01524373 	 Validating MSE: 0.02207480 	 Best VMSE: 0.02122238
[2020-10-22 11:36:10] esmCNN.cv11: Checkpoint saved to experiments/normal/ar1/esmCNN_random_ar1_h1
[2020-10-22 11:36:10] esmCNN.cv11: Find channel with Kernel size: 5 	 Lambda: 0.5: 	 Best Score: 0.0152
[2020-10-22 11:36:10] esmCNN.cv11: Channel size: 90 	 Kernel size: 5 
Training MSE: 0.01522171 	 Validating MSE: 0.02240328 	 Best VMSE: 0.02122238
[2020-10-22 11:36:10] esmCNN.cv11: Checkpoint saved to experiments/normal/ar1/esmCNN_random_ar1_h1
[2020-10-22 11:36:10] esmCNN.cv11: Find channel with Kernel size: 3 	 Lambda: 0.5: 	 Best Score: 0.0152
[2020-10-22 11:36:10] esmCNN.cv11: Channel size: 91 	 Kernel size: 3 
Training MSE: 0.01520235 	 Validating MSE: 0.02211884 	 Best VMSE: 0.02122238
[2020-10-22 11:36:10] esmCNN.cv11: Checkpoint saved to experiments/normal/ar1/esmCNN_random_ar1_h1
[2020-10-22 11:36:10] esmCNN.cv11: Find channel with Kernel size: 5 	 Lambda: 0.5: 	 Best Score: 0.0152
[2020-10-22 11:36:10] esmCNN.cv11: Channel size: 92 	 Kernel size: 5 
Training MSE: 0.01519735 	 Validating MSE: 0.02230849 	 Best VMSE: 0.02122238
[2020-10-22 11:36:10] esmCNN.cv11: Checkpoint saved to experiments/normal/ar1/esmCNN_random_ar1_h1
[2020-10-22 11:36:10] esmCNN.cv11: Find channel with Kernel size: 2 	 Lambda: 0.5: 	 Best Score: 0.0152
[2020-10-22 11:36:10] esmCNN.cv11: Channel size: 93 	 Kernel size: 2 
Training MSE: 0.01519219 	 Validating MSE: 0.02216574 	 Best VMSE: 0.02122238
[2020-10-22 11:36:10] esmCNN.cv11: Checkpoint saved to experiments/normal/ar1/esmCNN_random_ar1_h1
[2020-10-22 11:36:10] esmCNN.cv11: Find channel with Kernel size: 2 	 Lambda: 0.5: 	 Best Score: 0.0152
[2020-10-22 11:36:11] esmCNN.cv11: Channel size: 94 	 Kernel size: 2 
Training MSE: 0.01519103 	 Validating MSE: 0.02228318 	 Best VMSE: 0.02122238
[2020-10-22 11:36:11] esmCNN.cv11: Checkpoint saved to experiments/normal/ar1/esmCNN_random_ar1_h1
[2020-10-22 11:36:11] esmCNN.cv11: Find channel with Kernel size: 3 	 Lambda: 0.5: 	 Best Score: 0.0152
[2020-10-22 11:36:11] esmCNN.cv11: Channel size: 95 	 Kernel size: 3 
Training MSE: 0.01518978 	 Validating MSE: 0.02217484 	 Best VMSE: 0.02122238
[2020-10-22 11:36:11] esmCNN.cv11: Checkpoint saved to experiments/normal/ar1/esmCNN_random_ar1_h1
[2020-10-22 11:36:11] esmCNN.cv11: Find channel with Kernel size: 3 	 Lambda: 0.5: 	 Best Score: 0.0152
[2020-10-22 11:36:11] esmCNN.cv11: Channel size: 96 	 Kernel size: 3 
Training MSE: 0.01518551 	 Validating MSE: 0.02239862 	 Best VMSE: 0.02122238
[2020-10-22 11:36:11] esmCNN.cv11: Checkpoint saved to experiments/normal/ar1/esmCNN_random_ar1_h1
[2020-10-22 11:36:11] esmCNN.cv11: Find channel with Kernel size: 2 	 Lambda: 0.5: 	 Best Score: 0.0152
[2020-10-22 11:36:11] esmCNN.cv11: Channel size: 97 	 Kernel size: 2 
Training MSE: 0.01518109 	 Validating MSE: 0.02218939 	 Best VMSE: 0.02122238
[2020-10-22 11:36:11] esmCNN.cv11: Checkpoint saved to experiments/normal/ar1/esmCNN_random_ar1_h1
[2020-10-22 11:36:11] esmCNN.cv11: Find channel with Kernel size: 5 	 Lambda: 0.5: 	 Best Score: 0.0152
[2020-10-22 11:36:11] esmCNN.cv11: Channel size: 98 	 Kernel size: 5 
Training MSE: 0.01518104 	 Validating MSE: 0.02218155 	 Best VMSE: 0.02122238
[2020-10-22 11:36:11] esmCNN.cv11: Checkpoint saved to experiments/normal/ar1/esmCNN_random_ar1_h1
[2020-10-22 11:36:11] esmCNN.cv11: Find channel with Kernel size: 5 	 Lambda: 0.5: 	 Best Score: 0.0152
[2020-10-22 11:36:11] esmCNN.cv11: Channel size: 99 	 Kernel size: 5 
Training MSE: 0.01517992 	 Validating MSE: 0.02231126 	 Best VMSE: 0.02122238
[2020-10-22 11:36:11] esmCNN.cv11: Checkpoint saved to experiments/normal/ar1/esmCNN_random_ar1_h1
[2020-10-22 11:36:11] esmCNN.cv11: Find channel with Kernel size: 2 	 Lambda: 0.5: 	 Best Score: 0.0152
[2020-10-22 11:36:11] esmCNN.cv11: Channel size: 100 	 Kernel size: 2 
Training MSE: 0.01517834 	 Validating MSE: 0.02241041 	 Best VMSE: 0.02122238
[2020-10-22 11:36:11] esmCNN.cv11: Checkpoint saved to experiments/normal/ar1/esmCNN_random_ar1_h1
[2020-10-22 11:36:12] esmCNN.cv11: Restoring best parameters from experiments/normal/ar1/esmCNN_random_ar1_h1/train.cv11.pth.tar
[2020-10-22 11:36:12] esmCNN.cv11: ar1	 H: 1	 Trail: 44 
Testing RMSE: 0.1539 	 MAPE: 0.03464 	 SMAPE: 0.01749
