[2020-10-22 11:35:42] esmCNN.cv10: Loading the datasets and model for 42th-batch-training
[2020-10-22 11:35:42] esmCNN.cv10: Argument channel_size: 100
[2020-10-22 11:35:42] esmCNN.cv10: Argument candidate_size: 300
[2020-10-22 11:35:42] esmCNN.cv10: Argument kernel_size: 3
[2020-10-22 11:35:42] esmCNN.cv10: Argument kernel_list: [5, 3, 3, 2]
[2020-10-22 11:35:42] esmCNN.cv10: Argument Lambdas: [0.5, 1, 5, 15, 30, 50, 100, 150, 200]
[2020-10-22 11:35:42] esmCNN.cv10: Argument Lambdas_std: [0.01, 0.05, 0.1, 0.5, 1]
[2020-10-22 11:35:42] esmCNN.cv10: Argument r: [0.8, 0.9, 0.99, 0.9999, 0.999999]
[2020-10-22 11:35:42] esmCNN.cv10: Argument tolerance: 0
[2020-10-22 11:35:42] esmCNN.cv10: Argument device: device(type='cuda')
[2020-10-22 11:35:42] esmCNN.cv10: Argument dataset: 'ar1'
[2020-10-22 11:35:42] esmCNN.cv10: Argument H: 1
[2020-10-22 11:35:42] esmCNN.cv10: Argument k: 5
[2020-10-22 11:35:42] esmCNN.cv10: Argument test: False
[2020-10-22 11:35:42] esmCNN.cv10: Argument search: 'random'
[2020-10-22 11:35:42] esmCNN.cv10: Argument normal: True
[2020-10-22 11:35:42] esmCNN.cv10: Argument diff: False
[2020-10-22 11:35:42] esmCNN.cv10: Argument times: 60
[2020-10-22 11:35:42] esmCNN.cv10: Argument datasets: {'ar1': {'lag_order': 15, 'normal': True, 'cov_dim': 0, 'kernel_size': 3}, 'wti': {'lag_order': 25, 'normal': True, 'cov_dim': 0, 'kernel_size': 5}, 'gold': {'lag_order': 25, 'normal': True, 'cov_dim': 0, 'kernel_size': 5}, 'sp': {'lag_order': 25, 'normal': True, 'cov_dim': 0, 'kernel_size': 5}, 'brent': {'lag_order': 24, 'normal': True, 'cov_dim': 0, 'kernel_size': 6}, 'sili': {'lag_order': 26, 'normal': True, 'cov_dim': 0, 'kernel_size': 6}}
[2020-10-22 11:35:42] esmCNN.cv10: Argument steps: 15
[2020-10-22 11:35:42] esmCNN.cv10: Argument cov_dim: 0
[2020-10-22 11:35:42] esmCNN.cv10: Argument experiment: 'experiments/normal/ar1'
[2020-10-22 11:35:42] esmCNN.cv10: Argument scaler: StandardScaler()
[2020-10-22 11:35:42] esmCNN.cv10: Argument model_name: 'esmCNN_random_ar1_h1'
[2020-10-22 11:35:42] esmCNN.cv10: Argument model_dir: 'experiments/normal/ar1/esmCNN_random_ar1_h1'
[2020-10-22 11:35:42] esmCNN.cv10: Argument In_channels: 1
[2020-10-22 11:35:42] esmCNN.cv10: Argument restore: True
[2020-10-22 11:35:42] esmCNN.cv10: Argument cv: 10
[2020-10-22 11:35:42] esmCNN.cv10: Argument plot_dir: 'experiments/normal/ar1/esmCNN_random_ar1_h1/figures'
[2020-10-22 11:35:42] esmCNN.cv10: Argument num_process: 8
[2020-10-22 11:35:42] esmCNN.cv10: Using Cuda...
[2020-10-22 11:35:42] esmCNN.cv10: Loading complete.
[2020-10-22 11:35:42] esmCNN.cv10: Model: 
ESM_CNN(
  (Pool): AvgPool1d(kernel_size=(3,), stride=(1,), padding=(0,))
  (loss_fn): MSELoss()
)
[2020-10-22 11:35:42] esmCNN.cv10: Found new best state
[2020-10-22 11:35:42] esmCNN.cv10: Best vmse: 0.0261
[2020-10-22 11:35:42] esmCNN.cv10: Channel size: 1 	 Kernel size: 3 
Training MSE: 0.01994610 	 Validating MSE: 0.02613908 	 Best VMSE: 0.02613908
[2020-10-22 11:35:42] esmCNN.cv10: Checkpoint saved to experiments/normal/ar1/esmCNN_random_ar1_h1
[2020-10-22 11:35:42] esmCNN.cv10: Find channel with Kernel size: 3 	 Lambda: 0.5: 	 Best Score: 0.0162
[2020-10-22 11:35:42] esmCNN.cv10: Found new best state
[2020-10-22 11:35:42] esmCNN.cv10: Best vmse: 0.0213
[2020-10-22 11:35:42] esmCNN.cv10: Channel size: 2 	 Kernel size: 3 
Training MSE: 0.01616357 	 Validating MSE: 0.02133374 	 Best VMSE: 0.02133374
[2020-10-22 11:35:42] esmCNN.cv10: Checkpoint saved to experiments/normal/ar1/esmCNN_random_ar1_h1
[2020-10-22 11:35:42] esmCNN.cv10: Find channel with Kernel size: 2 	 Lambda: 0.5: 	 Best Score: 0.0158
[2020-10-22 11:35:42] esmCNN.cv10: Found new best state
[2020-10-22 11:35:42] esmCNN.cv10: Best vmse: 0.0211
[2020-10-22 11:35:42] esmCNN.cv10: Channel size: 3 	 Kernel size: 2 
Training MSE: 0.01579666 	 Validating MSE: 0.02107902 	 Best VMSE: 0.02107902
[2020-10-22 11:35:42] esmCNN.cv10: Checkpoint saved to experiments/normal/ar1/esmCNN_random_ar1_h1
[2020-10-22 11:35:42] esmCNN.cv10: Find channel with Kernel size: 2 	 Lambda: 0.5: 	 Best Score: 0.0158
[2020-10-22 11:35:42] esmCNN.cv10: Found new best state
[2020-10-22 11:35:42] esmCNN.cv10: Best vmse: 0.0211
[2020-10-22 11:35:42] esmCNN.cv10: Channel size: 4 	 Kernel size: 2 
Training MSE: 0.01579259 	 Validating MSE: 0.02107508 	 Best VMSE: 0.02107508
[2020-10-22 11:35:42] esmCNN.cv10: Checkpoint saved to experiments/normal/ar1/esmCNN_random_ar1_h1
[2020-10-22 11:35:42] esmCNN.cv10: Find channel with Kernel size: 3 	 Lambda: 0.5: 	 Best Score: 0.0158
[2020-10-22 11:35:42] esmCNN.cv10: Channel size: 5 	 Kernel size: 3 
Training MSE: 0.01576868 	 Validating MSE: 0.02125915 	 Best VMSE: 0.02107508
[2020-10-22 11:35:42] esmCNN.cv10: Checkpoint saved to experiments/normal/ar1/esmCNN_random_ar1_h1
[2020-10-22 11:35:42] esmCNN.cv10: Find channel with Kernel size: 2 	 Lambda: 0.5: 	 Best Score: 0.0158
[2020-10-22 11:35:42] esmCNN.cv10: Channel size: 6 	 Kernel size: 2 
Training MSE: 0.01575203 	 Validating MSE: 0.02115140 	 Best VMSE: 0.02107508
[2020-10-22 11:35:42] esmCNN.cv10: Checkpoint saved to experiments/normal/ar1/esmCNN_random_ar1_h1
[2020-10-22 11:35:42] esmCNN.cv10: Find channel with Kernel size: 5 	 Lambda: 0.5: 	 Best Score: 0.0158
[2020-10-22 11:35:42] esmCNN.cv10: Channel size: 7 	 Kernel size: 5 
Training MSE: 0.01575013 	 Validating MSE: 0.02125159 	 Best VMSE: 0.02107508
[2020-10-22 11:35:42] esmCNN.cv10: Checkpoint saved to experiments/normal/ar1/esmCNN_random_ar1_h1
[2020-10-22 11:35:42] esmCNN.cv10: Find channel with Kernel size: 2 	 Lambda: 0.5: 	 Best Score: 0.0157
[2020-10-22 11:35:42] esmCNN.cv10: Channel size: 8 	 Kernel size: 2 
Training MSE: 0.01574823 	 Validating MSE: 0.02118183 	 Best VMSE: 0.02107508
[2020-10-22 11:35:42] esmCNN.cv10: Checkpoint saved to experiments/normal/ar1/esmCNN_random_ar1_h1
[2020-10-22 11:35:42] esmCNN.cv10: Find channel with Kernel size: 3 	 Lambda: 0.5: 	 Best Score: 0.0157
[2020-10-22 11:35:42] esmCNN.cv10: Channel size: 9 	 Kernel size: 3 
Training MSE: 0.01574668 	 Validating MSE: 0.02117009 	 Best VMSE: 0.02107508
[2020-10-22 11:35:42] esmCNN.cv10: Checkpoint saved to experiments/normal/ar1/esmCNN_random_ar1_h1
[2020-10-22 11:35:42] esmCNN.cv10: Find channel with Kernel size: 3 	 Lambda: 0.5: 	 Best Score: 0.0157
[2020-10-22 11:35:42] esmCNN.cv10: Channel size: 10 	 Kernel size: 3 
Training MSE: 0.01574423 	 Validating MSE: 0.02115970 	 Best VMSE: 0.02107508
[2020-10-22 11:35:42] esmCNN.cv10: Checkpoint saved to experiments/normal/ar1/esmCNN_random_ar1_h1
[2020-10-22 11:35:42] esmCNN.cv10: Find channel with Kernel size: 3 	 Lambda: 0.5: 	 Best Score: 0.0157
[2020-10-22 11:35:42] esmCNN.cv10: Channel size: 11 	 Kernel size: 3 
Training MSE: 0.01574153 	 Validating MSE: 0.02116290 	 Best VMSE: 0.02107508
[2020-10-22 11:35:42] esmCNN.cv10: Checkpoint saved to experiments/normal/ar1/esmCNN_random_ar1_h1
[2020-10-22 11:35:43] esmCNN.cv10: Find channel with Kernel size: 2 	 Lambda: 0.5: 	 Best Score: 0.0157
[2020-10-22 11:35:43] esmCNN.cv10: Channel size: 12 	 Kernel size: 2 
Training MSE: 0.01573925 	 Validating MSE: 0.02115301 	 Best VMSE: 0.02107508
[2020-10-22 11:35:43] esmCNN.cv10: Checkpoint saved to experiments/normal/ar1/esmCNN_random_ar1_h1
[2020-10-22 11:35:43] esmCNN.cv10: Find channel with Kernel size: 3 	 Lambda: 0.5: 	 Best Score: 0.0157
[2020-10-22 11:35:43] esmCNN.cv10: Channel size: 13 	 Kernel size: 3 
Training MSE: 0.01573807 	 Validating MSE: 0.02117551 	 Best VMSE: 0.02107508
[2020-10-22 11:35:43] esmCNN.cv10: Checkpoint saved to experiments/normal/ar1/esmCNN_random_ar1_h1
[2020-10-22 11:35:43] esmCNN.cv10: Find channel with Kernel size: 3 	 Lambda: 0.5: 	 Best Score: 0.0157
[2020-10-22 11:35:43] esmCNN.cv10: Channel size: 14 	 Kernel size: 3 
Training MSE: 0.01573465 	 Validating MSE: 0.02124270 	 Best VMSE: 0.02107508
[2020-10-22 11:35:43] esmCNN.cv10: Checkpoint saved to experiments/normal/ar1/esmCNN_random_ar1_h1
[2020-10-22 11:35:43] esmCNN.cv10: Find channel with Kernel size: 5 	 Lambda: 0.5: 	 Best Score: 0.0157
[2020-10-22 11:35:43] esmCNN.cv10: Channel size: 15 	 Kernel size: 5 
Training MSE: 0.01572744 	 Validating MSE: 0.02116920 	 Best VMSE: 0.02107508
[2020-10-22 11:35:43] esmCNN.cv10: Checkpoint saved to experiments/normal/ar1/esmCNN_random_ar1_h1
[2020-10-22 11:35:43] esmCNN.cv10: Find channel with Kernel size: 5 	 Lambda: 0.5: 	 Best Score: 0.0157
[2020-10-22 11:35:43] esmCNN.cv10: Channel size: 16 	 Kernel size: 5 
Training MSE: 0.01571552 	 Validating MSE: 0.02131224 	 Best VMSE: 0.02107508
[2020-10-22 11:35:43] esmCNN.cv10: Checkpoint saved to experiments/normal/ar1/esmCNN_random_ar1_h1
[2020-10-22 11:35:43] esmCNN.cv10: Find channel with Kernel size: 2 	 Lambda: 0.5: 	 Best Score: 0.0157
[2020-10-22 11:35:43] esmCNN.cv10: Channel size: 17 	 Kernel size: 2 
Training MSE: 0.01570157 	 Validating MSE: 0.02115574 	 Best VMSE: 0.02107508
[2020-10-22 11:35:43] esmCNN.cv10: Checkpoint saved to experiments/normal/ar1/esmCNN_random_ar1_h1
[2020-10-22 11:35:43] esmCNN.cv10: Find channel with Kernel size: 3 	 Lambda: 0.5: 	 Best Score: 0.0157
[2020-10-22 11:35:43] esmCNN.cv10: Channel size: 18 	 Kernel size: 3 
Training MSE: 0.01569934 	 Validating MSE: 0.02118594 	 Best VMSE: 0.02107508
[2020-10-22 11:35:43] esmCNN.cv10: Checkpoint saved to experiments/normal/ar1/esmCNN_random_ar1_h1
[2020-10-22 11:35:43] esmCNN.cv10: Find channel with Kernel size: 3 	 Lambda: 0.5: 	 Best Score: 0.0157
[2020-10-22 11:35:43] esmCNN.cv10: Channel size: 19 	 Kernel size: 3 
Training MSE: 0.01569728 	 Validating MSE: 0.02118997 	 Best VMSE: 0.02107508
[2020-10-22 11:35:43] esmCNN.cv10: Checkpoint saved to experiments/normal/ar1/esmCNN_random_ar1_h1
[2020-10-22 11:35:43] esmCNN.cv10: Find channel with Kernel size: 2 	 Lambda: 0.5: 	 Best Score: 0.0157
[2020-10-22 11:35:43] esmCNN.cv10: Channel size: 20 	 Kernel size: 2 
Training MSE: 0.01569703 	 Validating MSE: 0.02119274 	 Best VMSE: 0.02107508
[2020-10-22 11:35:43] esmCNN.cv10: Checkpoint saved to experiments/normal/ar1/esmCNN_random_ar1_h1
[2020-10-22 11:35:43] esmCNN.cv10: Find channel with Kernel size: 5 	 Lambda: 0.5: 	 Best Score: 0.0157
[2020-10-22 11:35:43] esmCNN.cv10: Channel size: 21 	 Kernel size: 5 
Training MSE: 0.01569628 	 Validating MSE: 0.02122046 	 Best VMSE: 0.02107508
[2020-10-22 11:35:43] esmCNN.cv10: Checkpoint saved to experiments/normal/ar1/esmCNN_random_ar1_h1
[2020-10-22 11:35:43] esmCNN.cv10: Find channel with Kernel size: 5 	 Lambda: 0.5: 	 Best Score: 0.0157
[2020-10-22 11:35:43] esmCNN.cv10: Channel size: 22 	 Kernel size: 5 
Training MSE: 0.01569537 	 Validating MSE: 0.02117610 	 Best VMSE: 0.02107508
[2020-10-22 11:35:43] esmCNN.cv10: Checkpoint saved to experiments/normal/ar1/esmCNN_random_ar1_h1
[2020-10-22 11:35:43] esmCNN.cv10: Find channel with Kernel size: 3 	 Lambda: 0.5: 	 Best Score: 0.0157
[2020-10-22 11:35:43] esmCNN.cv10: Channel size: 23 	 Kernel size: 3 
Training MSE: 0.01569388 	 Validating MSE: 0.02121692 	 Best VMSE: 0.02107508
[2020-10-22 11:35:43] esmCNN.cv10: Checkpoint saved to experiments/normal/ar1/esmCNN_random_ar1_h1
[2020-10-22 11:35:43] esmCNN.cv10: Find channel with Kernel size: 3 	 Lambda: 0.5: 	 Best Score: 0.0157
[2020-10-22 11:35:43] esmCNN.cv10: Channel size: 24 	 Kernel size: 3 
Training MSE: 0.01567077 	 Validating MSE: 0.02149964 	 Best VMSE: 0.02107508
[2020-10-22 11:35:43] esmCNN.cv10: Checkpoint saved to experiments/normal/ar1/esmCNN_random_ar1_h1
[2020-10-22 11:35:43] esmCNN.cv10: Find channel with Kernel size: 3 	 Lambda: 0.5: 	 Best Score: 0.0156
[2020-10-22 11:35:43] esmCNN.cv10: Channel size: 25 	 Kernel size: 3 
Training MSE: 0.01564335 	 Validating MSE: 0.02124924 	 Best VMSE: 0.02107508
[2020-10-22 11:35:43] esmCNN.cv10: Checkpoint saved to experiments/normal/ar1/esmCNN_random_ar1_h1
[2020-10-22 11:35:43] esmCNN.cv10: Find channel with Kernel size: 3 	 Lambda: 0.5: 	 Best Score: 0.0156
[2020-10-22 11:35:43] esmCNN.cv10: Channel size: 26 	 Kernel size: 3 
Training MSE: 0.01561320 	 Validating MSE: 0.02156139 	 Best VMSE: 0.02107508
[2020-10-22 11:35:43] esmCNN.cv10: Checkpoint saved to experiments/normal/ar1/esmCNN_random_ar1_h1
[2020-10-22 11:35:43] esmCNN.cv10: Find channel with Kernel size: 3 	 Lambda: 0.5: 	 Best Score: 0.0156
[2020-10-22 11:35:44] esmCNN.cv10: Channel size: 27 	 Kernel size: 3 
Training MSE: 0.01558523 	 Validating MSE: 0.02132673 	 Best VMSE: 0.02107508
[2020-10-22 11:35:44] esmCNN.cv10: Checkpoint saved to experiments/normal/ar1/esmCNN_random_ar1_h1
[2020-10-22 11:35:44] esmCNN.cv10: Find channel with Kernel size: 3 	 Lambda: 0.5: 	 Best Score: 0.0156
[2020-10-22 11:35:44] esmCNN.cv10: Channel size: 28 	 Kernel size: 3 
Training MSE: 0.01557317 	 Validating MSE: 0.02148150 	 Best VMSE: 0.02107508
[2020-10-22 11:35:44] esmCNN.cv10: Checkpoint saved to experiments/normal/ar1/esmCNN_random_ar1_h1
[2020-10-22 11:35:44] esmCNN.cv10: Find channel with Kernel size: 5 	 Lambda: 0.5: 	 Best Score: 0.0156
[2020-10-22 11:35:44] esmCNN.cv10: Channel size: 29 	 Kernel size: 5 
Training MSE: 0.01556217 	 Validating MSE: 0.02126798 	 Best VMSE: 0.02107508
[2020-10-22 11:35:44] esmCNN.cv10: Checkpoint saved to experiments/normal/ar1/esmCNN_random_ar1_h1
[2020-10-22 11:35:44] esmCNN.cv10: Find channel with Kernel size: 2 	 Lambda: 0.5: 	 Best Score: 0.0155
[2020-10-22 11:35:44] esmCNN.cv10: Channel size: 30 	 Kernel size: 2 
Training MSE: 0.01554360 	 Validating MSE: 0.02153911 	 Best VMSE: 0.02107508
[2020-10-22 11:35:44] esmCNN.cv10: Checkpoint saved to experiments/normal/ar1/esmCNN_random_ar1_h1
[2020-10-22 11:35:44] esmCNN.cv10: Find channel with Kernel size: 3 	 Lambda: 0.5: 	 Best Score: 0.0155
[2020-10-22 11:35:44] esmCNN.cv10: Channel size: 31 	 Kernel size: 3 
Training MSE: 0.01552402 	 Validating MSE: 0.02139712 	 Best VMSE: 0.02107508
[2020-10-22 11:35:44] esmCNN.cv10: Checkpoint saved to experiments/normal/ar1/esmCNN_random_ar1_h1
[2020-10-22 11:35:44] esmCNN.cv10: Find channel with Kernel size: 3 	 Lambda: 0.5: 	 Best Score: 0.0155
[2020-10-22 11:35:44] esmCNN.cv10: Channel size: 32 	 Kernel size: 3 
Training MSE: 0.01551570 	 Validating MSE: 0.02148274 	 Best VMSE: 0.02107508
[2020-10-22 11:35:44] esmCNN.cv10: Checkpoint saved to experiments/normal/ar1/esmCNN_random_ar1_h1
[2020-10-22 11:35:44] esmCNN.cv10: Find channel with Kernel size: 3 	 Lambda: 0.5: 	 Best Score: 0.0155
[2020-10-22 11:35:44] esmCNN.cv10: Channel size: 33 	 Kernel size: 3 
Training MSE: 0.01550892 	 Validating MSE: 0.02140894 	 Best VMSE: 0.02107508
[2020-10-22 11:35:44] esmCNN.cv10: Checkpoint saved to experiments/normal/ar1/esmCNN_random_ar1_h1
[2020-10-22 11:35:44] esmCNN.cv10: Find channel with Kernel size: 3 	 Lambda: 0.5: 	 Best Score: 0.0155
[2020-10-22 11:35:44] esmCNN.cv10: Channel size: 34 	 Kernel size: 3 
Training MSE: 0.01550505 	 Validating MSE: 0.02148625 	 Best VMSE: 0.02107508
[2020-10-22 11:35:44] esmCNN.cv10: Checkpoint saved to experiments/normal/ar1/esmCNN_random_ar1_h1
[2020-10-22 11:35:44] esmCNN.cv10: Find channel with Kernel size: 2 	 Lambda: 0.5: 	 Best Score: 0.0155
[2020-10-22 11:35:44] esmCNN.cv10: Channel size: 35 	 Kernel size: 2 
Training MSE: 0.01550080 	 Validating MSE: 0.02140057 	 Best VMSE: 0.02107508
[2020-10-22 11:35:44] esmCNN.cv10: Checkpoint saved to experiments/normal/ar1/esmCNN_random_ar1_h1
[2020-10-22 11:35:44] esmCNN.cv10: Find channel with Kernel size: 3 	 Lambda: 0.5: 	 Best Score: 0.0155
[2020-10-22 11:35:44] esmCNN.cv10: Channel size: 36 	 Kernel size: 3 
Training MSE: 0.01550007 	 Validating MSE: 0.02144431 	 Best VMSE: 0.02107508
[2020-10-22 11:35:44] esmCNN.cv10: Checkpoint saved to experiments/normal/ar1/esmCNN_random_ar1_h1
[2020-10-22 11:35:44] esmCNN.cv10: Find channel with Kernel size: 3 	 Lambda: 0.5: 	 Best Score: 0.0155
[2020-10-22 11:35:44] esmCNN.cv10: Channel size: 37 	 Kernel size: 3 
Training MSE: 0.01549271 	 Validating MSE: 0.02159465 	 Best VMSE: 0.02107508
[2020-10-22 11:35:44] esmCNN.cv10: Checkpoint saved to experiments/normal/ar1/esmCNN_random_ar1_h1
[2020-10-22 11:35:44] esmCNN.cv10: Find channel with Kernel size: 2 	 Lambda: 0.5: 	 Best Score: 0.0155
[2020-10-22 11:35:44] esmCNN.cv10: Channel size: 38 	 Kernel size: 2 
Training MSE: 0.01547877 	 Validating MSE: 0.02142194 	 Best VMSE: 0.02107508
[2020-10-22 11:35:44] esmCNN.cv10: Checkpoint saved to experiments/normal/ar1/esmCNN_random_ar1_h1
[2020-10-22 11:35:44] esmCNN.cv10: Find channel with Kernel size: 5 	 Lambda: 0.5: 	 Best Score: 0.0155
[2020-10-22 11:35:44] esmCNN.cv10: Channel size: 39 	 Kernel size: 5 
Training MSE: 0.01547805 	 Validating MSE: 0.02147061 	 Best VMSE: 0.02107508
[2020-10-22 11:35:44] esmCNN.cv10: Checkpoint saved to experiments/normal/ar1/esmCNN_random_ar1_h1
[2020-10-22 11:35:45] esmCNN.cv10: Find channel with Kernel size: 2 	 Lambda: 0.5: 	 Best Score: 0.0155
[2020-10-22 11:35:45] esmCNN.cv10: Channel size: 40 	 Kernel size: 2 
Training MSE: 0.01547441 	 Validating MSE: 0.02152279 	 Best VMSE: 0.02107508
[2020-10-22 11:35:45] esmCNN.cv10: Checkpoint saved to experiments/normal/ar1/esmCNN_random_ar1_h1
[2020-10-22 11:35:45] esmCNN.cv10: Find channel with Kernel size: 5 	 Lambda: 0.5: 	 Best Score: 0.0154
[2020-10-22 11:35:45] esmCNN.cv10: Channel size: 41 	 Kernel size: 5 
Training MSE: 0.01542994 	 Validating MSE: 0.02227431 	 Best VMSE: 0.02107508
[2020-10-22 11:35:45] esmCNN.cv10: Checkpoint saved to experiments/normal/ar1/esmCNN_random_ar1_h1
[2020-10-22 11:35:45] esmCNN.cv10: Find channel with Kernel size: 3 	 Lambda: 0.5: 	 Best Score: 0.0154
[2020-10-22 11:35:45] esmCNN.cv10: Channel size: 42 	 Kernel size: 3 
Training MSE: 0.01536860 	 Validating MSE: 0.02156953 	 Best VMSE: 0.02107508
[2020-10-22 11:35:45] esmCNN.cv10: Checkpoint saved to experiments/normal/ar1/esmCNN_random_ar1_h1
[2020-10-22 11:35:45] esmCNN.cv10: Find channel with Kernel size: 2 	 Lambda: 0.5: 	 Best Score: 0.0154
[2020-10-22 11:35:45] esmCNN.cv10: Channel size: 43 	 Kernel size: 2 
Training MSE: 0.01536257 	 Validating MSE: 0.02177597 	 Best VMSE: 0.02107508
[2020-10-22 11:35:45] esmCNN.cv10: Checkpoint saved to experiments/normal/ar1/esmCNN_random_ar1_h1
[2020-10-22 11:35:45] esmCNN.cv10: Find channel with Kernel size: 2 	 Lambda: 0.5: 	 Best Score: 0.0154
[2020-10-22 11:35:45] esmCNN.cv10: Channel size: 44 	 Kernel size: 2 
Training MSE: 0.01535701 	 Validating MSE: 0.02161585 	 Best VMSE: 0.02107508
[2020-10-22 11:35:45] esmCNN.cv10: Checkpoint saved to experiments/normal/ar1/esmCNN_random_ar1_h1
[2020-10-22 11:35:45] esmCNN.cv10: Find channel with Kernel size: 2 	 Lambda: 0.5: 	 Best Score: 0.0154
[2020-10-22 11:35:45] esmCNN.cv10: Channel size: 45 	 Kernel size: 2 
Training MSE: 0.01535216 	 Validating MSE: 0.02176034 	 Best VMSE: 0.02107508
[2020-10-22 11:35:45] esmCNN.cv10: Checkpoint saved to experiments/normal/ar1/esmCNN_random_ar1_h1
[2020-10-22 11:35:45] esmCNN.cv10: Find channel with Kernel size: 2 	 Lambda: 0.5: 	 Best Score: 0.0153
[2020-10-22 11:35:45] esmCNN.cv10: Channel size: 46 	 Kernel size: 2 
Training MSE: 0.01534739 	 Validating MSE: 0.02162911 	 Best VMSE: 0.02107508
[2020-10-22 11:35:45] esmCNN.cv10: Checkpoint saved to experiments/normal/ar1/esmCNN_random_ar1_h1
[2020-10-22 11:35:45] esmCNN.cv10: Find channel with Kernel size: 2 	 Lambda: 0.5: 	 Best Score: 0.0153
[2020-10-22 11:35:45] esmCNN.cv10: Channel size: 47 	 Kernel size: 2 
Training MSE: 0.01534480 	 Validating MSE: 0.02175211 	 Best VMSE: 0.02107508
[2020-10-22 11:35:45] esmCNN.cv10: Checkpoint saved to experiments/normal/ar1/esmCNN_random_ar1_h1
[2020-10-22 11:35:45] esmCNN.cv10: Find channel with Kernel size: 3 	 Lambda: 0.5: 	 Best Score: 0.0153
[2020-10-22 11:35:45] esmCNN.cv10: Channel size: 48 	 Kernel size: 3 
Training MSE: 0.01533767 	 Validating MSE: 0.02201714 	 Best VMSE: 0.02107508
[2020-10-22 11:35:45] esmCNN.cv10: Checkpoint saved to experiments/normal/ar1/esmCNN_random_ar1_h1
[2020-10-22 11:35:45] esmCNN.cv10: Find channel with Kernel size: 3 	 Lambda: 0.5: 	 Best Score: 0.0153
[2020-10-22 11:35:45] esmCNN.cv10: Channel size: 49 	 Kernel size: 3 
Training MSE: 0.01531859 	 Validating MSE: 0.02172366 	 Best VMSE: 0.02107508
[2020-10-22 11:35:45] esmCNN.cv10: Checkpoint saved to experiments/normal/ar1/esmCNN_random_ar1_h1
[2020-10-22 11:35:45] esmCNN.cv10: Find channel with Kernel size: 2 	 Lambda: 0.5: 	 Best Score: 0.0153
[2020-10-22 11:35:46] esmCNN.cv10: Channel size: 50 	 Kernel size: 2 
Training MSE: 0.01531814 	 Validating MSE: 0.02172087 	 Best VMSE: 0.02107508
[2020-10-22 11:35:46] esmCNN.cv10: Checkpoint saved to experiments/normal/ar1/esmCNN_random_ar1_h1
[2020-10-22 11:35:46] esmCNN.cv10: Find channel with Kernel size: 3 	 Lambda: 0.5: 	 Best Score: 0.0153
[2020-10-22 11:35:46] esmCNN.cv10: Channel size: 51 	 Kernel size: 3 
Training MSE: 0.01531032 	 Validating MSE: 0.02193853 	 Best VMSE: 0.02107508
[2020-10-22 11:35:46] esmCNN.cv10: Checkpoint saved to experiments/normal/ar1/esmCNN_random_ar1_h1
[2020-10-22 11:35:46] esmCNN.cv10: Find channel with Kernel size: 3 	 Lambda: 0.5: 	 Best Score: 0.0153
[2020-10-22 11:35:46] esmCNN.cv10: Channel size: 52 	 Kernel size: 3 
Training MSE: 0.01530265 	 Validating MSE: 0.02183960 	 Best VMSE: 0.02107508
[2020-10-22 11:35:46] esmCNN.cv10: Checkpoint saved to experiments/normal/ar1/esmCNN_random_ar1_h1
[2020-10-22 11:35:46] esmCNN.cv10: Find channel with Kernel size: 2 	 Lambda: 0.5: 	 Best Score: 0.0153
[2020-10-22 11:35:46] esmCNN.cv10: Channel size: 53 	 Kernel size: 2 
Training MSE: 0.01529929 	 Validating MSE: 0.02185288 	 Best VMSE: 0.02107508
[2020-10-22 11:35:46] esmCNN.cv10: Checkpoint saved to experiments/normal/ar1/esmCNN_random_ar1_h1
[2020-10-22 11:35:46] esmCNN.cv10: Find channel with Kernel size: 3 	 Lambda: 0.5: 	 Best Score: 0.0153
[2020-10-22 11:35:46] esmCNN.cv10: Channel size: 54 	 Kernel size: 3 
Training MSE: 0.01529560 	 Validating MSE: 0.02174355 	 Best VMSE: 0.02107508
[2020-10-22 11:35:46] esmCNN.cv10: Checkpoint saved to experiments/normal/ar1/esmCNN_random_ar1_h1
[2020-10-22 11:35:46] esmCNN.cv10: Find channel with Kernel size: 5 	 Lambda: 0.5: 	 Best Score: 0.0153
[2020-10-22 11:35:46] esmCNN.cv10: Channel size: 55 	 Kernel size: 5 
Training MSE: 0.01525619 	 Validating MSE: 0.02273228 	 Best VMSE: 0.02107508
[2020-10-22 11:35:46] esmCNN.cv10: Checkpoint saved to experiments/normal/ar1/esmCNN_random_ar1_h1
[2020-10-22 11:35:46] esmCNN.cv10: Find channel with Kernel size: 3 	 Lambda: 0.5: 	 Best Score: 0.0152
[2020-10-22 11:35:46] esmCNN.cv10: Channel size: 56 	 Kernel size: 3 
Training MSE: 0.01522151 	 Validating MSE: 0.02202629 	 Best VMSE: 0.02107508
[2020-10-22 11:35:46] esmCNN.cv10: Checkpoint saved to experiments/normal/ar1/esmCNN_random_ar1_h1
[2020-10-22 11:35:46] esmCNN.cv10: Find channel with Kernel size: 3 	 Lambda: 0.5: 	 Best Score: 0.0152
[2020-10-22 11:35:46] esmCNN.cv10: Channel size: 57 	 Kernel size: 3 
Training MSE: 0.01521965 	 Validating MSE: 0.02204161 	 Best VMSE: 0.02107508
[2020-10-22 11:35:46] esmCNN.cv10: Checkpoint saved to experiments/normal/ar1/esmCNN_random_ar1_h1
[2020-10-22 11:35:46] esmCNN.cv10: Find channel with Kernel size: 5 	 Lambda: 0.5: 	 Best Score: 0.0152
[2020-10-22 11:35:46] esmCNN.cv10: Channel size: 58 	 Kernel size: 5 
Training MSE: 0.01520339 	 Validating MSE: 0.02259008 	 Best VMSE: 0.02107508
[2020-10-22 11:35:46] esmCNN.cv10: Checkpoint saved to experiments/normal/ar1/esmCNN_random_ar1_h1
[2020-10-22 11:35:46] esmCNN.cv10: Find channel with Kernel size: 3 	 Lambda: 0.5: 	 Best Score: 0.0152
[2020-10-22 11:35:46] esmCNN.cv10: Channel size: 59 	 Kernel size: 3 
Training MSE: 0.01519066 	 Validating MSE: 0.02225743 	 Best VMSE: 0.02107508
[2020-10-22 11:35:46] esmCNN.cv10: Checkpoint saved to experiments/normal/ar1/esmCNN_random_ar1_h1
[2020-10-22 11:35:46] esmCNN.cv10: Find channel with Kernel size: 5 	 Lambda: 0.5: 	 Best Score: 0.0152
[2020-10-22 11:35:47] esmCNN.cv10: Channel size: 60 	 Kernel size: 5 
Training MSE: 0.01517462 	 Validating MSE: 0.02238239 	 Best VMSE: 0.02107508
[2020-10-22 11:35:47] esmCNN.cv10: Checkpoint saved to experiments/normal/ar1/esmCNN_random_ar1_h1
[2020-10-22 11:35:47] esmCNN.cv10: Find channel with Kernel size: 3 	 Lambda: 0.5: 	 Best Score: 0.0152
[2020-10-22 11:35:47] esmCNN.cv10: Channel size: 61 	 Kernel size: 3 
Training MSE: 0.01515587 	 Validating MSE: 0.02219091 	 Best VMSE: 0.02107508
[2020-10-22 11:35:47] esmCNN.cv10: Checkpoint saved to experiments/normal/ar1/esmCNN_random_ar1_h1
[2020-10-22 11:35:47] esmCNN.cv10: Find channel with Kernel size: 5 	 Lambda: 0.5: 	 Best Score: 0.0152
[2020-10-22 11:35:47] esmCNN.cv10: Channel size: 62 	 Kernel size: 5 
Training MSE: 0.01515437 	 Validating MSE: 0.02232954 	 Best VMSE: 0.02107508
[2020-10-22 11:35:47] esmCNN.cv10: Checkpoint saved to experiments/normal/ar1/esmCNN_random_ar1_h1
[2020-10-22 11:35:47] esmCNN.cv10: Find channel with Kernel size: 3 	 Lambda: 0.5: 	 Best Score: 0.0152
[2020-10-22 11:35:47] esmCNN.cv10: Channel size: 63 	 Kernel size: 3 
Training MSE: 0.01515203 	 Validating MSE: 0.02216855 	 Best VMSE: 0.02107508
[2020-10-22 11:35:47] esmCNN.cv10: Checkpoint saved to experiments/normal/ar1/esmCNN_random_ar1_h1
[2020-10-22 11:35:47] esmCNN.cv10: Find channel with Kernel size: 5 	 Lambda: 0.5: 	 Best Score: 0.0152
[2020-10-22 11:35:47] esmCNN.cv10: Channel size: 64 	 Kernel size: 5 
Training MSE: 0.01515029 	 Validating MSE: 0.02231903 	 Best VMSE: 0.02107508
[2020-10-22 11:35:47] esmCNN.cv10: Checkpoint saved to experiments/normal/ar1/esmCNN_random_ar1_h1
[2020-10-22 11:35:47] esmCNN.cv10: Find channel with Kernel size: 3 	 Lambda: 0.5: 	 Best Score: 0.0151
[2020-10-22 11:35:47] esmCNN.cv10: Channel size: 65 	 Kernel size: 3 
Training MSE: 0.01514732 	 Validating MSE: 0.02245595 	 Best VMSE: 0.02107508
[2020-10-22 11:35:47] esmCNN.cv10: Checkpoint saved to experiments/normal/ar1/esmCNN_random_ar1_h1
[2020-10-22 11:35:47] esmCNN.cv10: Find channel with Kernel size: 5 	 Lambda: 0.5: 	 Best Score: 0.0151
[2020-10-22 11:35:47] esmCNN.cv10: Channel size: 66 	 Kernel size: 5 
Training MSE: 0.01514174 	 Validating MSE: 0.02217839 	 Best VMSE: 0.02107508
[2020-10-22 11:35:47] esmCNN.cv10: Checkpoint saved to experiments/normal/ar1/esmCNN_random_ar1_h1
[2020-10-22 11:35:47] esmCNN.cv10: Find channel with Kernel size: 3 	 Lambda: 0.5: 	 Best Score: 0.0151
[2020-10-22 11:35:47] esmCNN.cv10: Channel size: 67 	 Kernel size: 3 
Training MSE: 0.01514086 	 Validating MSE: 0.02231014 	 Best VMSE: 0.02107508
[2020-10-22 11:35:47] esmCNN.cv10: Checkpoint saved to experiments/normal/ar1/esmCNN_random_ar1_h1
[2020-10-22 11:35:47] esmCNN.cv10: Find channel with Kernel size: 3 	 Lambda: 0.5: 	 Best Score: 0.0151
[2020-10-22 11:35:47] esmCNN.cv10: Channel size: 68 	 Kernel size: 3 
Training MSE: 0.01513975 	 Validating MSE: 0.02232670 	 Best VMSE: 0.02107508
[2020-10-22 11:35:47] esmCNN.cv10: Checkpoint saved to experiments/normal/ar1/esmCNN_random_ar1_h1
[2020-10-22 11:35:48] esmCNN.cv10: Find channel with Kernel size: 3 	 Lambda: 0.5: 	 Best Score: 0.0151
[2020-10-22 11:35:48] esmCNN.cv10: Channel size: 69 	 Kernel size: 3 
Training MSE: 0.01513793 	 Validating MSE: 0.02225702 	 Best VMSE: 0.02107508
[2020-10-22 11:35:48] esmCNN.cv10: Checkpoint saved to experiments/normal/ar1/esmCNN_random_ar1_h1
[2020-10-22 11:35:48] esmCNN.cv10: Find channel with Kernel size: 3 	 Lambda: 0.5: 	 Best Score: 0.0151
[2020-10-22 11:35:48] esmCNN.cv10: Channel size: 70 	 Kernel size: 3 
Training MSE: 0.01513707 	 Validating MSE: 0.02235104 	 Best VMSE: 0.02107508
[2020-10-22 11:35:48] esmCNN.cv10: Checkpoint saved to experiments/normal/ar1/esmCNN_random_ar1_h1
[2020-10-22 11:35:48] esmCNN.cv10: Find channel with Kernel size: 3 	 Lambda: 0.5: 	 Best Score: 0.0151
[2020-10-22 11:35:48] esmCNN.cv10: Channel size: 71 	 Kernel size: 3 
Training MSE: 0.01513622 	 Validating MSE: 0.02224204 	 Best VMSE: 0.02107508
[2020-10-22 11:35:48] esmCNN.cv10: Checkpoint saved to experiments/normal/ar1/esmCNN_random_ar1_h1
[2020-10-22 11:35:48] esmCNN.cv10: Find channel with Kernel size: 3 	 Lambda: 0.5: 	 Best Score: 0.0151
[2020-10-22 11:35:48] esmCNN.cv10: Channel size: 72 	 Kernel size: 3 
Training MSE: 0.01513591 	 Validating MSE: 0.02227005 	 Best VMSE: 0.02107508
[2020-10-22 11:35:48] esmCNN.cv10: Checkpoint saved to experiments/normal/ar1/esmCNN_random_ar1_h1
[2020-10-22 11:35:48] esmCNN.cv10: Find channel with Kernel size: 3 	 Lambda: 0.5: 	 Best Score: 0.0151
[2020-10-22 11:35:48] esmCNN.cv10: Channel size: 73 	 Kernel size: 3 
Training MSE: 0.01513522 	 Validating MSE: 0.02236699 	 Best VMSE: 0.02107508
[2020-10-22 11:35:48] esmCNN.cv10: Checkpoint saved to experiments/normal/ar1/esmCNN_random_ar1_h1
[2020-10-22 11:35:48] esmCNN.cv10: Find channel with Kernel size: 2 	 Lambda: 0.5: 	 Best Score: 0.0151
[2020-10-22 11:35:48] esmCNN.cv10: Channel size: 74 	 Kernel size: 2 
Training MSE: 0.01513438 	 Validating MSE: 0.02228309 	 Best VMSE: 0.02107508
[2020-10-22 11:35:48] esmCNN.cv10: Checkpoint saved to experiments/normal/ar1/esmCNN_random_ar1_h1
[2020-10-22 11:35:48] esmCNN.cv10: Find channel with Kernel size: 3 	 Lambda: 0.5: 	 Best Score: 0.0151
[2020-10-22 11:35:48] esmCNN.cv10: Channel size: 75 	 Kernel size: 3 
Training MSE: 0.01513124 	 Validating MSE: 0.02249483 	 Best VMSE: 0.02107508
[2020-10-22 11:35:48] esmCNN.cv10: Checkpoint saved to experiments/normal/ar1/esmCNN_random_ar1_h1
[2020-10-22 11:35:48] esmCNN.cv10: Find channel with Kernel size: 2 	 Lambda: 0.5: 	 Best Score: 0.0151
[2020-10-22 11:35:48] esmCNN.cv10: Channel size: 76 	 Kernel size: 2 
Training MSE: 0.01512771 	 Validating MSE: 0.02229743 	 Best VMSE: 0.02107508
[2020-10-22 11:35:48] esmCNN.cv10: Checkpoint saved to experiments/normal/ar1/esmCNN_random_ar1_h1
[2020-10-22 11:35:48] esmCNN.cv10: Find channel with Kernel size: 3 	 Lambda: 0.5: 	 Best Score: 0.0151
[2020-10-22 11:35:49] esmCNN.cv10: Channel size: 77 	 Kernel size: 3 
Training MSE: 0.01511315 	 Validating MSE: 0.02282260 	 Best VMSE: 0.02107508
[2020-10-22 11:35:49] esmCNN.cv10: Checkpoint saved to experiments/normal/ar1/esmCNN_random_ar1_h1
[2020-10-22 11:35:49] esmCNN.cv10: Find channel with Kernel size: 3 	 Lambda: 0.5: 	 Best Score: 0.0151
[2020-10-22 11:35:49] esmCNN.cv10: Channel size: 78 	 Kernel size: 3 
Training MSE: 0.01509850 	 Validating MSE: 0.02239882 	 Best VMSE: 0.02107508
[2020-10-22 11:35:49] esmCNN.cv10: Checkpoint saved to experiments/normal/ar1/esmCNN_random_ar1_h1
[2020-10-22 11:35:49] esmCNN.cv10: Find channel with Kernel size: 3 	 Lambda: 0.5: 	 Best Score: 0.0151
[2020-10-22 11:35:49] esmCNN.cv10: Channel size: 79 	 Kernel size: 3 
Training MSE: 0.01509812 	 Validating MSE: 0.02241560 	 Best VMSE: 0.02107508
[2020-10-22 11:35:49] esmCNN.cv10: Checkpoint saved to experiments/normal/ar1/esmCNN_random_ar1_h1
[2020-10-22 11:35:49] esmCNN.cv10: Find channel with Kernel size: 3 	 Lambda: 0.5: 	 Best Score: 0.0151
[2020-10-22 11:35:49] esmCNN.cv10: Channel size: 80 	 Kernel size: 3 
Training MSE: 0.01509721 	 Validating MSE: 0.02246268 	 Best VMSE: 0.02107508
[2020-10-22 11:35:49] esmCNN.cv10: Checkpoint saved to experiments/normal/ar1/esmCNN_random_ar1_h1
[2020-10-22 11:35:49] esmCNN.cv10: Find channel with Kernel size: 5 	 Lambda: 0.5: 	 Best Score: 0.0151
[2020-10-22 11:35:49] esmCNN.cv10: Channel size: 81 	 Kernel size: 5 
Training MSE: 0.01509526 	 Validating MSE: 0.02256785 	 Best VMSE: 0.02107508
[2020-10-22 11:35:49] esmCNN.cv10: Checkpoint saved to experiments/normal/ar1/esmCNN_random_ar1_h1
[2020-10-22 11:35:49] esmCNN.cv10: Find channel with Kernel size: 5 	 Lambda: 0.5: 	 Best Score: 0.0151
[2020-10-22 11:35:49] esmCNN.cv10: Channel size: 82 	 Kernel size: 5 
Training MSE: 0.01509236 	 Validating MSE: 0.02240910 	 Best VMSE: 0.02107508
[2020-10-22 11:35:49] esmCNN.cv10: Checkpoint saved to experiments/normal/ar1/esmCNN_random_ar1_h1
[2020-10-22 11:35:49] esmCNN.cv10: Find channel with Kernel size: 3 	 Lambda: 0.5: 	 Best Score: 0.0151
[2020-10-22 11:35:49] esmCNN.cv10: Channel size: 83 	 Kernel size: 3 
Training MSE: 0.01508723 	 Validating MSE: 0.02264388 	 Best VMSE: 0.02107508
[2020-10-22 11:35:49] esmCNN.cv10: Checkpoint saved to experiments/normal/ar1/esmCNN_random_ar1_h1
[2020-10-22 11:35:49] esmCNN.cv10: Find channel with Kernel size: 3 	 Lambda: 0.5: 	 Best Score: 0.0151
[2020-10-22 11:35:49] esmCNN.cv10: Channel size: 84 	 Kernel size: 3 
Training MSE: 0.01508311 	 Validating MSE: 0.02245403 	 Best VMSE: 0.02107508
[2020-10-22 11:35:49] esmCNN.cv10: Checkpoint saved to experiments/normal/ar1/esmCNN_random_ar1_h1
[2020-10-22 11:35:50] esmCNN.cv10: Find channel with Kernel size: 3 	 Lambda: 0.5: 	 Best Score: 0.0151
[2020-10-22 11:35:50] esmCNN.cv10: Channel size: 85 	 Kernel size: 3 
Training MSE: 0.01508235 	 Validating MSE: 0.02240330 	 Best VMSE: 0.02107508
[2020-10-22 11:35:50] esmCNN.cv10: Checkpoint saved to experiments/normal/ar1/esmCNN_random_ar1_h1
[2020-10-22 11:35:50] esmCNN.cv10: Find channel with Kernel size: 3 	 Lambda: 0.5: 	 Best Score: 0.0151
[2020-10-22 11:35:50] esmCNN.cv10: Channel size: 86 	 Kernel size: 3 
Training MSE: 0.01508191 	 Validating MSE: 0.02246502 	 Best VMSE: 0.02107508
[2020-10-22 11:35:50] esmCNN.cv10: Checkpoint saved to experiments/normal/ar1/esmCNN_random_ar1_h1
[2020-10-22 11:35:50] esmCNN.cv10: Find channel with Kernel size: 3 	 Lambda: 0.5: 	 Best Score: 0.0151
[2020-10-22 11:35:50] esmCNN.cv10: Channel size: 87 	 Kernel size: 3 
Training MSE: 0.01508167 	 Validating MSE: 0.02244296 	 Best VMSE: 0.02107508
[2020-10-22 11:35:50] esmCNN.cv10: Checkpoint saved to experiments/normal/ar1/esmCNN_random_ar1_h1
[2020-10-22 11:35:50] esmCNN.cv10: Find channel with Kernel size: 3 	 Lambda: 0.5: 	 Best Score: 0.0151
[2020-10-22 11:35:50] esmCNN.cv10: Channel size: 88 	 Kernel size: 3 
Training MSE: 0.01508026 	 Validating MSE: 0.02259048 	 Best VMSE: 0.02107508
[2020-10-22 11:35:50] esmCNN.cv10: Checkpoint saved to experiments/normal/ar1/esmCNN_random_ar1_h1
[2020-10-22 11:35:50] esmCNN.cv10: Find channel with Kernel size: 2 	 Lambda: 0.5: 	 Best Score: 0.0151
[2020-10-22 11:35:50] esmCNN.cv10: Channel size: 89 	 Kernel size: 2 
Training MSE: 0.01507956 	 Validating MSE: 0.02249245 	 Best VMSE: 0.02107508
[2020-10-22 11:35:50] esmCNN.cv10: Checkpoint saved to experiments/normal/ar1/esmCNN_random_ar1_h1
[2020-10-22 11:35:50] esmCNN.cv10: Find channel with Kernel size: 5 	 Lambda: 0.5: 	 Best Score: 0.0151
[2020-10-22 11:35:50] esmCNN.cv10: Channel size: 90 	 Kernel size: 5 
Training MSE: 0.01507904 	 Validating MSE: 0.02258626 	 Best VMSE: 0.02107508
[2020-10-22 11:35:50] esmCNN.cv10: Checkpoint saved to experiments/normal/ar1/esmCNN_random_ar1_h1
[2020-10-22 11:35:50] esmCNN.cv10: Find channel with Kernel size: 5 	 Lambda: 0.5: 	 Best Score: 0.0151
[2020-10-22 11:35:50] esmCNN.cv10: Channel size: 91 	 Kernel size: 5 
Training MSE: 0.01507816 	 Validating MSE: 0.02269276 	 Best VMSE: 0.02107508
[2020-10-22 11:35:50] esmCNN.cv10: Checkpoint saved to experiments/normal/ar1/esmCNN_random_ar1_h1
[2020-10-22 11:35:50] esmCNN.cv10: Find channel with Kernel size: 5 	 Lambda: 0.5: 	 Best Score: 0.0151
[2020-10-22 11:35:51] esmCNN.cv10: Channel size: 92 	 Kernel size: 5 
Training MSE: 0.01507667 	 Validating MSE: 0.02250635 	 Best VMSE: 0.02107508
[2020-10-22 11:35:51] esmCNN.cv10: Checkpoint saved to experiments/normal/ar1/esmCNN_random_ar1_h1
[2020-10-22 11:35:51] esmCNN.cv10: Find channel with Kernel size: 5 	 Lambda: 0.5: 	 Best Score: 0.0151
[2020-10-22 11:35:51] esmCNN.cv10: Channel size: 93 	 Kernel size: 5 
Training MSE: 0.01507320 	 Validating MSE: 0.02263881 	 Best VMSE: 0.02107508
[2020-10-22 11:35:51] esmCNN.cv10: Checkpoint saved to experiments/normal/ar1/esmCNN_random_ar1_h1
[2020-10-22 11:35:51] esmCNN.cv10: Find channel with Kernel size: 2 	 Lambda: 0.5: 	 Best Score: 0.0151
[2020-10-22 11:35:51] esmCNN.cv10: Channel size: 94 	 Kernel size: 2 
Training MSE: 0.01507241 	 Validating MSE: 0.02264780 	 Best VMSE: 0.02107508
[2020-10-22 11:35:51] esmCNN.cv10: Checkpoint saved to experiments/normal/ar1/esmCNN_random_ar1_h1
[2020-10-22 11:35:51] esmCNN.cv10: Find channel with Kernel size: 3 	 Lambda: 0.5: 	 Best Score: 0.0151
[2020-10-22 11:35:51] esmCNN.cv10: Channel size: 95 	 Kernel size: 3 
Training MSE: 0.01507058 	 Validating MSE: 0.02251814 	 Best VMSE: 0.02107508
[2020-10-22 11:35:51] esmCNN.cv10: Checkpoint saved to experiments/normal/ar1/esmCNN_random_ar1_h1
[2020-10-22 11:35:51] esmCNN.cv10: Find channel with Kernel size: 3 	 Lambda: 0.5: 	 Best Score: 0.0151
[2020-10-22 11:35:51] esmCNN.cv10: Channel size: 96 	 Kernel size: 3 
Training MSE: 0.01506733 	 Validating MSE: 0.02273591 	 Best VMSE: 0.02107508
[2020-10-22 11:35:51] esmCNN.cv10: Checkpoint saved to experiments/normal/ar1/esmCNN_random_ar1_h1
[2020-10-22 11:35:51] esmCNN.cv10: Find channel with Kernel size: 2 	 Lambda: 0.5: 	 Best Score: 0.0151
[2020-10-22 11:35:51] esmCNN.cv10: Channel size: 97 	 Kernel size: 2 
Training MSE: 0.01506406 	 Validating MSE: 0.02254916 	 Best VMSE: 0.02107508
[2020-10-22 11:35:51] esmCNN.cv10: Checkpoint saved to experiments/normal/ar1/esmCNN_random_ar1_h1
[2020-10-22 11:35:51] esmCNN.cv10: Find channel with Kernel size: 3 	 Lambda: 0.5: 	 Best Score: 0.0151
[2020-10-22 11:35:51] esmCNN.cv10: Channel size: 98 	 Kernel size: 3 
Training MSE: 0.01506385 	 Validating MSE: 0.02250603 	 Best VMSE: 0.02107508
[2020-10-22 11:35:51] esmCNN.cv10: Checkpoint saved to experiments/normal/ar1/esmCNN_random_ar1_h1
[2020-10-22 11:35:51] esmCNN.cv10: Find channel with Kernel size: 3 	 Lambda: 0.5: 	 Best Score: 0.0151
[2020-10-22 11:35:52] esmCNN.cv10: Channel size: 99 	 Kernel size: 3 
Training MSE: 0.01505994 	 Validating MSE: 0.02271412 	 Best VMSE: 0.02107508
[2020-10-22 11:35:52] esmCNN.cv10: Checkpoint saved to experiments/normal/ar1/esmCNN_random_ar1_h1
[2020-10-22 11:35:52] esmCNN.cv10: Find channel with Kernel size: 3 	 Lambda: 0.5: 	 Best Score: 0.0151
[2020-10-22 11:35:52] esmCNN.cv10: Channel size: 100 	 Kernel size: 3 
Training MSE: 0.01505715 	 Validating MSE: 0.02254838 	 Best VMSE: 0.02107508
[2020-10-22 11:35:52] esmCNN.cv10: Checkpoint saved to experiments/normal/ar1/esmCNN_random_ar1_h1
[2020-10-22 11:35:52] esmCNN.cv10: Restoring best parameters from experiments/normal/ar1/esmCNN_random_ar1_h1/train.cv10.pth.tar
[2020-10-22 11:35:52] esmCNN.cv10: ar1	 H: 1	 Trail: 42 
Testing RMSE: 0.1526 	 MAPE: 0.0346 	 SMAPE: 0.01741
