[2020-09-16 21:05:22] SCN.cv17: Loading the datasets and model for 33th-batch-training
[2020-09-16 21:05:22] SCN.cv17: Argument hidden_size: 100
[2020-09-16 21:05:22] SCN.cv17: Argument candidate_size: 300
[2020-09-16 21:05:22] SCN.cv17: Argument Lambdas: [0.5, 1, 5, 15, 30, 50, 100, 150, 200]
[2020-09-16 21:05:22] SCN.cv17: Argument Lambdas_std: [0.01, 0.05, 0.1, 0.5, 1]
[2020-09-16 21:05:22] SCN.cv17: Argument r: [0.8, 0.9, 0.99, 0.9999, 0.999999]
[2020-09-16 21:05:22] SCN.cv17: Argument tolerance: 0
[2020-09-16 21:05:22] SCN.cv17: Argument device: device(type='cuda')
[2020-09-16 21:05:22] SCN.cv17: Argument dataset: 'ar1'
[2020-09-16 21:05:22] SCN.cv17: Argument H: 1
[2020-09-16 21:05:22] SCN.cv17: Argument k: 5
[2020-09-16 21:05:22] SCN.cv17: Argument test: False
[2020-09-16 21:05:22] SCN.cv17: Argument normal: True
[2020-09-16 21:05:22] SCN.cv17: Argument diff: False
[2020-09-16 21:05:22] SCN.cv17: Argument times: 40
[2020-09-16 21:05:22] SCN.cv17: Argument datasets: {'ar1': {'lag_order': 15, 'normal': True, 'cov_dim': 0, 'kernel_size': 3}, 'wti': {'lag_order': 25, 'normal': True, 'cov_dim': 0, 'kernel_size': 5}, 'gold': {'lag_order': 25, 'normal': True, 'cov_dim': 0, 'kernel_size': 5}, 'sp': {'lag_order': 25, 'normal': True, 'cov_dim': 0, 'kernel_size': 5}, 'brent': {'lag_order': 24, 'normal': True, 'cov_dim': 0, 'kernel_size': 6}, 'sili': {'lag_order': 26, 'normal': True, 'cov_dim': 0, 'kernel_size': 6}}
[2020-09-16 21:05:22] SCN.cv17: Argument steps: 15
[2020-09-16 21:05:22] SCN.cv17: Argument experiment: 'experiments/normal/ar1'
[2020-09-16 21:05:22] SCN.cv17: Argument scaler: StandardScaler()
[2020-09-16 21:05:22] SCN.cv17: Argument model_name: 'SCN_ar1_h1'
[2020-09-16 21:05:22] SCN.cv17: Argument model_dir: 'experiments/normal/ar1/SCN_ar1_h1'
[2020-09-16 21:05:22] SCN.cv17: Argument restore: True
[2020-09-16 21:05:22] SCN.cv17: Argument cv: 17
[2020-09-16 21:05:22] SCN.cv17: Argument plot_dir: 'experiments/normal/ar1/SCN_ar1_h1/figures'
[2020-09-16 21:05:22] SCN.cv17: Using Cuda...
[2020-09-16 21:05:22] SCN.cv17: Loading complete.
[2020-09-16 21:05:22] SCN.cv17: Model: 
scnModel(
  (loss_fn): MSELoss()
)
[2020-09-16 21:05:22] SCN.cv17: Hidden size: 1 	 
Training MSE: 0.29500321 	 Validating MSE: 1.77042854 	 Best VMSE: 9999.00000000
[2020-09-16 21:05:22] SCN.cv17: Found new best state
[2020-09-16 21:05:22] SCN.cv17: Best vmse: 1.7704
[2020-09-16 21:05:22] SCN.cv17: Checkpoint saved to experiments/normal/ar1/SCN_ar1_h1
[2020-09-16 21:05:22] SCN.cv17: Hidden size: 2 	 
Training MSE: 0.07119850 	 Validating MSE: 0.06529225 	 Best VMSE: 1.77042854
[2020-09-16 21:05:22] SCN.cv17: Found new best state
[2020-09-16 21:05:22] SCN.cv17: Best vmse: 0.0653
[2020-09-16 21:05:22] SCN.cv17: Checkpoint saved to experiments/normal/ar1/SCN_ar1_h1
[2020-09-16 21:05:22] SCN.cv17: Hidden size: 3 	 
Training MSE: 0.06271970 	 Validating MSE: 0.04503947 	 Best VMSE: 0.06529225
[2020-09-16 21:05:22] SCN.cv17: Found new best state
[2020-09-16 21:05:22] SCN.cv17: Best vmse: 0.0450
[2020-09-16 21:05:22] SCN.cv17: Checkpoint saved to experiments/normal/ar1/SCN_ar1_h1
[2020-09-16 21:05:23] SCN.cv17: Hidden size: 4 	 
Training MSE: 0.04469496 	 Validating MSE: 0.06374634 	 Best VMSE: 0.04503947
[2020-09-16 21:05:23] SCN.cv17: Checkpoint saved to experiments/normal/ar1/SCN_ar1_h1
[2020-09-16 21:05:23] SCN.cv17: Hidden size: 5 	 
Training MSE: 0.03161285 	 Validating MSE: 0.04515730 	 Best VMSE: 0.04503947
[2020-09-16 21:05:23] SCN.cv17: Checkpoint saved to experiments/normal/ar1/SCN_ar1_h1
[2020-09-16 21:05:23] SCN.cv17: Hidden size: 6 	 
Training MSE: 0.01977075 	 Validating MSE: 0.04743107 	 Best VMSE: 0.04503947
[2020-09-16 21:05:23] SCN.cv17: Checkpoint saved to experiments/normal/ar1/SCN_ar1_h1
[2020-09-16 21:05:23] SCN.cv17: Hidden size: 7 	 
Training MSE: 0.01825047 	 Validating MSE: 0.10577842 	 Best VMSE: 0.04503947
[2020-09-16 21:05:23] SCN.cv17: Checkpoint saved to experiments/normal/ar1/SCN_ar1_h1
[2020-09-16 21:05:23] SCN.cv17: Hidden size: 8 	 
Training MSE: 0.01677279 	 Validating MSE: 0.09592170 	 Best VMSE: 0.04503947
[2020-09-16 21:05:23] SCN.cv17: Checkpoint saved to experiments/normal/ar1/SCN_ar1_h1
[2020-09-16 21:05:23] SCN.cv17: Hidden size: 9 	 
Training MSE: 0.01481034 	 Validating MSE: 0.07762971 	 Best VMSE: 0.04503947
[2020-09-16 21:05:23] SCN.cv17: Checkpoint saved to experiments/normal/ar1/SCN_ar1_h1
[2020-09-16 21:05:23] SCN.cv17: Hidden size: 10 	 
Training MSE: 0.01454043 	 Validating MSE: 0.07997782 	 Best VMSE: 0.04503947
[2020-09-16 21:05:23] SCN.cv17: Checkpoint saved to experiments/normal/ar1/SCN_ar1_h1
[2020-09-16 21:05:24] SCN.cv17: Hidden size: 11 	 
Training MSE: 0.01428014 	 Validating MSE: 0.08344343 	 Best VMSE: 0.04503947
[2020-09-16 21:05:24] SCN.cv17: Checkpoint saved to experiments/normal/ar1/SCN_ar1_h1
[2020-09-16 21:05:24] SCN.cv17: Hidden size: 12 	 
Training MSE: 0.01406037 	 Validating MSE: 0.06029088 	 Best VMSE: 0.04503947
[2020-09-16 21:05:24] SCN.cv17: Checkpoint saved to experiments/normal/ar1/SCN_ar1_h1
[2020-09-16 21:05:24] SCN.cv17: Hidden size: 13 	 
Training MSE: 0.01377338 	 Validating MSE: 0.05726307 	 Best VMSE: 0.04503947
[2020-09-16 21:05:24] SCN.cv17: Checkpoint saved to experiments/normal/ar1/SCN_ar1_h1
[2020-09-16 21:05:24] SCN.cv17: Hidden size: 14 	 
Training MSE: 0.01366892 	 Validating MSE: 0.04262422 	 Best VMSE: 0.04503947
[2020-09-16 21:05:24] SCN.cv17: Found new best state
[2020-09-16 21:05:24] SCN.cv17: Best vmse: 0.0426
[2020-09-16 21:05:24] SCN.cv17: Checkpoint saved to experiments/normal/ar1/SCN_ar1_h1
[2020-09-16 21:05:24] SCN.cv17: Hidden size: 15 	 
Training MSE: 0.01359504 	 Validating MSE: 0.04317170 	 Best VMSE: 0.04262422
[2020-09-16 21:05:24] SCN.cv17: Checkpoint saved to experiments/normal/ar1/SCN_ar1_h1
[2020-09-16 21:05:24] SCN.cv17: Hidden size: 16 	 
Training MSE: 0.01356245 	 Validating MSE: 0.03166673 	 Best VMSE: 0.04262422
[2020-09-16 21:05:24] SCN.cv17: Found new best state
[2020-09-16 21:05:24] SCN.cv17: Best vmse: 0.0317
[2020-09-16 21:05:24] SCN.cv17: Checkpoint saved to experiments/normal/ar1/SCN_ar1_h1
[2020-09-16 21:05:25] SCN.cv17: Hidden size: 17 	 
Training MSE: 0.01353331 	 Validating MSE: 0.02934887 	 Best VMSE: 0.03166673
[2020-09-16 21:05:25] SCN.cv17: Found new best state
[2020-09-16 21:05:25] SCN.cv17: Best vmse: 0.0293
[2020-09-16 21:05:25] SCN.cv17: Checkpoint saved to experiments/normal/ar1/SCN_ar1_h1
[2020-09-16 21:05:25] SCN.cv17: Hidden size: 18 	 
Training MSE: 0.01350133 	 Validating MSE: 0.02876682 	 Best VMSE: 0.02934887
[2020-09-16 21:05:25] SCN.cv17: Found new best state
[2020-09-16 21:05:25] SCN.cv17: Best vmse: 0.0288
[2020-09-16 21:05:25] SCN.cv17: Checkpoint saved to experiments/normal/ar1/SCN_ar1_h1
[2020-09-16 21:05:25] SCN.cv17: Hidden size: 19 	 
Training MSE: 0.01345208 	 Validating MSE: 0.02868620 	 Best VMSE: 0.02876682
[2020-09-16 21:05:25] SCN.cv17: Found new best state
[2020-09-16 21:05:25] SCN.cv17: Best vmse: 0.0287
[2020-09-16 21:05:25] SCN.cv17: Checkpoint saved to experiments/normal/ar1/SCN_ar1_h1
[2020-09-16 21:05:25] SCN.cv17: Hidden size: 20 	 
Training MSE: 0.01341630 	 Validating MSE: 0.03342289 	 Best VMSE: 0.02868620
[2020-09-16 21:05:25] SCN.cv17: Checkpoint saved to experiments/normal/ar1/SCN_ar1_h1
[2020-09-16 21:05:25] SCN.cv17: Hidden size: 21 	 
Training MSE: 0.01338570 	 Validating MSE: 0.03257092 	 Best VMSE: 0.02868620
[2020-09-16 21:05:25] SCN.cv17: Checkpoint saved to experiments/normal/ar1/SCN_ar1_h1
[2020-09-16 21:05:25] SCN.cv17: Hidden size: 22 	 
Training MSE: 0.01336969 	 Validating MSE: 0.03632579 	 Best VMSE: 0.02868620
[2020-09-16 21:05:25] SCN.cv17: Checkpoint saved to experiments/normal/ar1/SCN_ar1_h1
[2020-09-16 21:05:26] SCN.cv17: Hidden size: 23 	 
Training MSE: 0.01334436 	 Validating MSE: 0.04099801 	 Best VMSE: 0.02868620
[2020-09-16 21:05:26] SCN.cv17: Checkpoint saved to experiments/normal/ar1/SCN_ar1_h1
[2020-09-16 21:05:26] SCN.cv17: Hidden size: 24 	 
Training MSE: 0.01333003 	 Validating MSE: 0.03304365 	 Best VMSE: 0.02868620
[2020-09-16 21:05:26] SCN.cv17: Checkpoint saved to experiments/normal/ar1/SCN_ar1_h1
[2020-09-16 21:05:26] SCN.cv17: Hidden size: 25 	 
Training MSE: 0.01328718 	 Validating MSE: 0.02989672 	 Best VMSE: 0.02868620
[2020-09-16 21:05:26] SCN.cv17: Checkpoint saved to experiments/normal/ar1/SCN_ar1_h1
[2020-09-16 21:05:26] SCN.cv17: Hidden size: 26 	 
Training MSE: 0.01319394 	 Validating MSE: 0.02476720 	 Best VMSE: 0.02868620
[2020-09-16 21:05:26] SCN.cv17: Found new best state
[2020-09-16 21:05:26] SCN.cv17: Best vmse: 0.0248
[2020-09-16 21:05:26] SCN.cv17: Checkpoint saved to experiments/normal/ar1/SCN_ar1_h1
[2020-09-16 21:05:26] SCN.cv17: Hidden size: 27 	 
Training MSE: 0.01314429 	 Validating MSE: 0.02613680 	 Best VMSE: 0.02476720
[2020-09-16 21:05:26] SCN.cv17: Checkpoint saved to experiments/normal/ar1/SCN_ar1_h1
[2020-09-16 21:05:26] SCN.cv17: Hidden size: 28 	 
Training MSE: 0.01306781 	 Validating MSE: 0.02640828 	 Best VMSE: 0.02476720
[2020-09-16 21:05:26] SCN.cv17: Checkpoint saved to experiments/normal/ar1/SCN_ar1_h1
[2020-09-16 21:05:27] SCN.cv17: Hidden size: 29 	 
Training MSE: 0.01291340 	 Validating MSE: 0.02479713 	 Best VMSE: 0.02476720
[2020-09-16 21:05:27] SCN.cv17: Checkpoint saved to experiments/normal/ar1/SCN_ar1_h1
[2020-09-16 21:05:27] SCN.cv17: Hidden size: 30 	 
Training MSE: 0.01285417 	 Validating MSE: 0.02641488 	 Best VMSE: 0.02476720
[2020-09-16 21:05:27] SCN.cv17: Checkpoint saved to experiments/normal/ar1/SCN_ar1_h1
[2020-09-16 21:05:27] SCN.cv17: Hidden size: 31 	 
Training MSE: 0.01275224 	 Validating MSE: 0.14371313 	 Best VMSE: 0.02476720
[2020-09-16 21:05:27] SCN.cv17: Checkpoint saved to experiments/normal/ar1/SCN_ar1_h1
[2020-09-16 21:05:27] SCN.cv17: Hidden size: 32 	 
Training MSE: 0.01261309 	 Validating MSE: 0.14663476 	 Best VMSE: 0.02476720
[2020-09-16 21:05:27] SCN.cv17: Checkpoint saved to experiments/normal/ar1/SCN_ar1_h1
[2020-09-16 21:05:27] SCN.cv17: Hidden size: 33 	 
Training MSE: 0.01250812 	 Validating MSE: 0.12209864 	 Best VMSE: 0.02476720
[2020-09-16 21:05:27] SCN.cv17: Checkpoint saved to experiments/normal/ar1/SCN_ar1_h1
[2020-09-16 21:05:27] SCN.cv17: Hidden size: 34 	 
Training MSE: 0.01239601 	 Validating MSE: 0.09840146 	 Best VMSE: 0.02476720
[2020-09-16 21:05:27] SCN.cv17: Checkpoint saved to experiments/normal/ar1/SCN_ar1_h1
[2020-09-16 21:05:28] SCN.cv17: Hidden size: 35 	 
Training MSE: 0.01231246 	 Validating MSE: 0.09016292 	 Best VMSE: 0.02476720
[2020-09-16 21:05:28] SCN.cv17: Checkpoint saved to experiments/normal/ar1/SCN_ar1_h1
[2020-09-16 21:05:28] SCN.cv17: Hidden size: 36 	 
Training MSE: 0.01220611 	 Validating MSE: 0.09124013 	 Best VMSE: 0.02476720
[2020-09-16 21:05:28] SCN.cv17: Checkpoint saved to experiments/normal/ar1/SCN_ar1_h1
[2020-09-16 21:05:28] SCN.cv17: Hidden size: 37 	 
Training MSE: 0.01217647 	 Validating MSE: 0.09737550 	 Best VMSE: 0.02476720
[2020-09-16 21:05:28] SCN.cv17: Checkpoint saved to experiments/normal/ar1/SCN_ar1_h1
[2020-09-16 21:05:28] SCN.cv17: Hidden size: 38 	 
Training MSE: 0.01213440 	 Validating MSE: 0.08667871 	 Best VMSE: 0.02476720
[2020-09-16 21:05:28] SCN.cv17: Checkpoint saved to experiments/normal/ar1/SCN_ar1_h1
[2020-09-16 21:05:28] SCN.cv17: Hidden size: 39 	 
Training MSE: 0.01209633 	 Validating MSE: 0.11610155 	 Best VMSE: 0.02476720
[2020-09-16 21:05:28] SCN.cv17: Checkpoint saved to experiments/normal/ar1/SCN_ar1_h1
[2020-09-16 21:05:28] SCN.cv17: Hidden size: 40 	 
Training MSE: 0.01199292 	 Validating MSE: 0.24642058 	 Best VMSE: 0.02476720
[2020-09-16 21:05:28] SCN.cv17: Checkpoint saved to experiments/normal/ar1/SCN_ar1_h1
[2020-09-16 21:05:29] SCN.cv17: Hidden size: 41 	 
Training MSE: 0.01189336 	 Validating MSE: 0.23422110 	 Best VMSE: 0.02476720
[2020-09-16 21:05:29] SCN.cv17: Checkpoint saved to experiments/normal/ar1/SCN_ar1_h1
[2020-09-16 21:05:29] SCN.cv17: Hidden size: 42 	 
Training MSE: 0.01178738 	 Validating MSE: 0.31006899 	 Best VMSE: 0.02476720
[2020-09-16 21:05:29] SCN.cv17: Checkpoint saved to experiments/normal/ar1/SCN_ar1_h1
[2020-09-16 21:05:29] SCN.cv17: Hidden size: 43 	 
Training MSE: 0.01173225 	 Validating MSE: 0.36103597 	 Best VMSE: 0.02476720
[2020-09-16 21:05:29] SCN.cv17: Checkpoint saved to experiments/normal/ar1/SCN_ar1_h1
[2020-09-16 21:05:29] SCN.cv17: Hidden size: 44 	 
Training MSE: 0.01157914 	 Validating MSE: 0.43471280 	 Best VMSE: 0.02476720
[2020-09-16 21:05:29] SCN.cv17: Checkpoint saved to experiments/normal/ar1/SCN_ar1_h1
[2020-09-16 21:05:30] SCN.cv17: Hidden size: 45 	 
Training MSE: 0.01146637 	 Validating MSE: 0.70823550 	 Best VMSE: 0.02476720
[2020-09-16 21:05:30] SCN.cv17: Checkpoint saved to experiments/normal/ar1/SCN_ar1_h1
[2020-09-16 21:05:30] SCN.cv17: Hidden size: 46 	 
Training MSE: 0.01136233 	 Validating MSE: 0.98358667 	 Best VMSE: 0.02476720
[2020-09-16 21:05:30] SCN.cv17: Checkpoint saved to experiments/normal/ar1/SCN_ar1_h1
[2020-09-16 21:05:30] SCN.cv17: Hidden size: 47 	 
Training MSE: 0.01125814 	 Validating MSE: 0.80987638 	 Best VMSE: 0.02476720
[2020-09-16 21:05:30] SCN.cv17: Checkpoint saved to experiments/normal/ar1/SCN_ar1_h1
[2020-09-16 21:05:30] SCN.cv17: Hidden size: 48 	 
Training MSE: 0.01117883 	 Validating MSE: 1.24443686 	 Best VMSE: 0.02476720
[2020-09-16 21:05:30] SCN.cv17: Checkpoint saved to experiments/normal/ar1/SCN_ar1_h1
[2020-09-16 21:05:30] SCN.cv17: Hidden size: 49 	 
Training MSE: 0.01112647 	 Validating MSE: 1.24101329 	 Best VMSE: 0.02476720
[2020-09-16 21:05:30] SCN.cv17: Checkpoint saved to experiments/normal/ar1/SCN_ar1_h1
[2020-09-16 21:05:31] SCN.cv17: Hidden size: 50 	 
Training MSE: 0.01106426 	 Validating MSE: 1.23363304 	 Best VMSE: 0.02476720
[2020-09-16 21:05:31] SCN.cv17: Checkpoint saved to experiments/normal/ar1/SCN_ar1_h1
[2020-09-16 21:05:31] SCN.cv17: Hidden size: 51 	 
Training MSE: 0.01092520 	 Validating MSE: 1.52202094 	 Best VMSE: 0.02476720
[2020-09-16 21:05:31] SCN.cv17: Checkpoint saved to experiments/normal/ar1/SCN_ar1_h1
[2020-09-16 21:05:31] SCN.cv17: Hidden size: 52 	 
Training MSE: 0.01081483 	 Validating MSE: 1.71164417 	 Best VMSE: 0.02476720
[2020-09-16 21:05:31] SCN.cv17: Checkpoint saved to experiments/normal/ar1/SCN_ar1_h1
[2020-09-16 21:05:31] SCN.cv17: Hidden size: 53 	 
Training MSE: 0.01061776 	 Validating MSE: 2.87478113 	 Best VMSE: 0.02476720
[2020-09-16 21:05:31] SCN.cv17: Checkpoint saved to experiments/normal/ar1/SCN_ar1_h1
[2020-09-16 21:05:32] SCN.cv17: Hidden size: 54 	 
Training MSE: 0.01055033 	 Validating MSE: 3.08898163 	 Best VMSE: 0.02476720
[2020-09-16 21:05:32] SCN.cv17: Checkpoint saved to experiments/normal/ar1/SCN_ar1_h1
[2020-09-16 21:05:32] SCN.cv17: Hidden size: 55 	 
Training MSE: 0.01041028 	 Validating MSE: 3.59460878 	 Best VMSE: 0.02476720
[2020-09-16 21:05:32] SCN.cv17: Checkpoint saved to experiments/normal/ar1/SCN_ar1_h1
[2020-09-16 21:05:32] SCN.cv17: Hidden size: 56 	 
Training MSE: 0.01033877 	 Validating MSE: 3.93470359 	 Best VMSE: 0.02476720
[2020-09-16 21:05:32] SCN.cv17: Checkpoint saved to experiments/normal/ar1/SCN_ar1_h1
[2020-09-16 21:05:32] SCN.cv17: Hidden size: 57 	 
Training MSE: 0.01021715 	 Validating MSE: 3.55463910 	 Best VMSE: 0.02476720
[2020-09-16 21:05:32] SCN.cv17: Checkpoint saved to experiments/normal/ar1/SCN_ar1_h1
[2020-09-16 21:05:33] SCN.cv17: Hidden size: 58 	 
Training MSE: 0.01016369 	 Validating MSE: 3.45810223 	 Best VMSE: 0.02476720
[2020-09-16 21:05:33] SCN.cv17: Checkpoint saved to experiments/normal/ar1/SCN_ar1_h1
[2020-09-16 21:05:33] SCN.cv17: Hidden size: 59 	 
Training MSE: 0.01006767 	 Validating MSE: 3.36828613 	 Best VMSE: 0.02476720
[2020-09-16 21:05:33] SCN.cv17: Checkpoint saved to experiments/normal/ar1/SCN_ar1_h1
[2020-09-16 21:05:33] SCN.cv17: Hidden size: 60 	 
Training MSE: 0.00993510 	 Validating MSE: 2.99764347 	 Best VMSE: 0.02476720
[2020-09-16 21:05:33] SCN.cv17: Checkpoint saved to experiments/normal/ar1/SCN_ar1_h1
[2020-09-16 21:05:33] SCN.cv17: Hidden size: 61 	 
Training MSE: 0.00984748 	 Validating MSE: 3.16850662 	 Best VMSE: 0.02476720
[2020-09-16 21:05:33] SCN.cv17: Checkpoint saved to experiments/normal/ar1/SCN_ar1_h1
[2020-09-16 21:05:34] SCN.cv17: Hidden size: 62 	 
Training MSE: 0.00978036 	 Validating MSE: 3.06057215 	 Best VMSE: 0.02476720
[2020-09-16 21:05:34] SCN.cv17: Checkpoint saved to experiments/normal/ar1/SCN_ar1_h1
[2020-09-16 21:05:34] SCN.cv17: Hidden size: 63 	 
Training MSE: 0.00971694 	 Validating MSE: 3.42681479 	 Best VMSE: 0.02476720
[2020-09-16 21:05:34] SCN.cv17: Checkpoint saved to experiments/normal/ar1/SCN_ar1_h1
[2020-09-16 21:05:34] SCN.cv17: Hidden size: 64 	 
Training MSE: 0.00958945 	 Validating MSE: 3.33528757 	 Best VMSE: 0.02476720
[2020-09-16 21:05:34] SCN.cv17: Checkpoint saved to experiments/normal/ar1/SCN_ar1_h1
[2020-09-16 21:05:35] SCN.cv17: Hidden size: 65 	 
Training MSE: 0.00945747 	 Validating MSE: 3.33078909 	 Best VMSE: 0.02476720
[2020-09-16 21:05:35] SCN.cv17: Checkpoint saved to experiments/normal/ar1/SCN_ar1_h1
[2020-09-16 21:05:35] SCN.cv17: Hidden size: 66 	 
Training MSE: 0.00935977 	 Validating MSE: 3.17594528 	 Best VMSE: 0.02476720
[2020-09-16 21:05:35] SCN.cv17: Checkpoint saved to experiments/normal/ar1/SCN_ar1_h1
[2020-09-16 21:05:35] SCN.cv17: Hidden size: 67 	 
Training MSE: 0.00921764 	 Validating MSE: 3.70172191 	 Best VMSE: 0.02476720
[2020-09-16 21:05:35] SCN.cv17: Checkpoint saved to experiments/normal/ar1/SCN_ar1_h1
[2020-09-16 21:05:35] SCN.cv17: Hidden size: 68 	 
Training MSE: 0.00918676 	 Validating MSE: 3.48268747 	 Best VMSE: 0.02476720
[2020-09-16 21:05:35] SCN.cv17: Checkpoint saved to experiments/normal/ar1/SCN_ar1_h1
[2020-09-16 21:05:36] SCN.cv17: Hidden size: 69 	 
Training MSE: 0.00900028 	 Validating MSE: 3.09758210 	 Best VMSE: 0.02476720
[2020-09-16 21:05:36] SCN.cv17: Checkpoint saved to experiments/normal/ar1/SCN_ar1_h1
[2020-09-16 21:05:36] SCN.cv17: Hidden size: 70 	 
Training MSE: 0.00882070 	 Validating MSE: 3.13275194 	 Best VMSE: 0.02476720
[2020-09-16 21:05:36] SCN.cv17: Checkpoint saved to experiments/normal/ar1/SCN_ar1_h1
[2020-09-16 21:05:36] SCN.cv17: Hidden size: 71 	 
Training MSE: 0.00876791 	 Validating MSE: 3.07918406 	 Best VMSE: 0.02476720
[2020-09-16 21:05:36] SCN.cv17: Checkpoint saved to experiments/normal/ar1/SCN_ar1_h1
[2020-09-16 21:05:37] SCN.cv17: Hidden size: 72 	 
Training MSE: 0.00872423 	 Validating MSE: 2.83560371 	 Best VMSE: 0.02476720
[2020-09-16 21:05:37] SCN.cv17: Checkpoint saved to experiments/normal/ar1/SCN_ar1_h1
[2020-09-16 21:05:37] SCN.cv17: Hidden size: 73 	 
Training MSE: 0.00857027 	 Validating MSE: 2.71609092 	 Best VMSE: 0.02476720
[2020-09-16 21:05:37] SCN.cv17: Checkpoint saved to experiments/normal/ar1/SCN_ar1_h1
[2020-09-16 21:05:37] SCN.cv17: Hidden size: 74 	 
Training MSE: 0.00849825 	 Validating MSE: 2.39148879 	 Best VMSE: 0.02476720
[2020-09-16 21:05:37] SCN.cv17: Checkpoint saved to experiments/normal/ar1/SCN_ar1_h1
[2020-09-16 21:05:37] SCN.cv17: Hidden size: 75 	 
Training MSE: 0.00844819 	 Validating MSE: 2.65617037 	 Best VMSE: 0.02476720
[2020-09-16 21:05:37] SCN.cv17: Checkpoint saved to experiments/normal/ar1/SCN_ar1_h1
[2020-09-16 21:05:38] SCN.cv17: Hidden size: 76 	 
Training MSE: 0.00838620 	 Validating MSE: 3.09426403 	 Best VMSE: 0.02476720
[2020-09-16 21:05:38] SCN.cv17: Checkpoint saved to experiments/normal/ar1/SCN_ar1_h1
[2020-09-16 21:05:38] SCN.cv17: Hidden size: 77 	 
Training MSE: 0.00830549 	 Validating MSE: 3.92325425 	 Best VMSE: 0.02476720
[2020-09-16 21:05:38] SCN.cv17: Checkpoint saved to experiments/normal/ar1/SCN_ar1_h1
[2020-09-16 21:05:38] SCN.cv17: Hidden size: 78 	 
Training MSE: 0.00821862 	 Validating MSE: 4.24576759 	 Best VMSE: 0.02476720
[2020-09-16 21:05:38] SCN.cv17: Checkpoint saved to experiments/normal/ar1/SCN_ar1_h1
[2020-09-16 21:05:38] SCN.cv17: Hidden size: 79 	 
Training MSE: 0.00809608 	 Validating MSE: 4.59675980 	 Best VMSE: 0.02476720
[2020-09-16 21:05:38] SCN.cv17: Checkpoint saved to experiments/normal/ar1/SCN_ar1_h1
[2020-09-16 21:05:39] SCN.cv17: Hidden size: 80 	 
Training MSE: 0.00803854 	 Validating MSE: 4.28064346 	 Best VMSE: 0.02476720
[2020-09-16 21:05:39] SCN.cv17: Checkpoint saved to experiments/normal/ar1/SCN_ar1_h1
[2020-09-16 21:05:39] SCN.cv17: Hidden size: 81 	 
Training MSE: 0.00781440 	 Validating MSE: 3.61582780 	 Best VMSE: 0.02476720
[2020-09-16 21:05:39] SCN.cv17: Checkpoint saved to experiments/normal/ar1/SCN_ar1_h1
[2020-09-16 21:05:39] SCN.cv17: Hidden size: 82 	 
Training MSE: 0.00770670 	 Validating MSE: 3.74688554 	 Best VMSE: 0.02476720
[2020-09-16 21:05:39] SCN.cv17: Checkpoint saved to experiments/normal/ar1/SCN_ar1_h1
[2020-09-16 21:05:40] SCN.cv17: Hidden size: 83 	 
Training MSE: 0.00759203 	 Validating MSE: 4.39773273 	 Best VMSE: 0.02476720
[2020-09-16 21:05:40] SCN.cv17: Checkpoint saved to experiments/normal/ar1/SCN_ar1_h1
[2020-09-16 21:05:40] SCN.cv17: Hidden size: 84 	 
Training MSE: 0.00751501 	 Validating MSE: 4.97976542 	 Best VMSE: 0.02476720
[2020-09-16 21:05:40] SCN.cv17: Checkpoint saved to experiments/normal/ar1/SCN_ar1_h1
[2020-09-16 21:05:40] SCN.cv17: Hidden size: 85 	 
Training MSE: 0.00747219 	 Validating MSE: 5.41281891 	 Best VMSE: 0.02476720
[2020-09-16 21:05:40] SCN.cv17: Checkpoint saved to experiments/normal/ar1/SCN_ar1_h1
[2020-09-16 21:05:40] SCN.cv17: Hidden size: 86 	 
Training MSE: 0.00736841 	 Validating MSE: 5.49083233 	 Best VMSE: 0.02476720
[2020-09-16 21:05:40] SCN.cv17: Checkpoint saved to experiments/normal/ar1/SCN_ar1_h1
[2020-09-16 21:05:41] SCN.cv17: Hidden size: 87 	 
Training MSE: 0.00729291 	 Validating MSE: 6.85222673 	 Best VMSE: 0.02476720
[2020-09-16 21:05:41] SCN.cv17: Checkpoint saved to experiments/normal/ar1/SCN_ar1_h1
[2020-09-16 21:05:41] SCN.cv17: Hidden size: 88 	 
Training MSE: 0.00725434 	 Validating MSE: 7.45711040 	 Best VMSE: 0.02476720
[2020-09-16 21:05:41] SCN.cv17: Checkpoint saved to experiments/normal/ar1/SCN_ar1_h1
[2020-09-16 21:05:41] SCN.cv17: Hidden size: 89 	 
Training MSE: 0.00715951 	 Validating MSE: 6.53720379 	 Best VMSE: 0.02476720
[2020-09-16 21:05:41] SCN.cv17: Checkpoint saved to experiments/normal/ar1/SCN_ar1_h1
[2020-09-16 21:05:42] SCN.cv17: Hidden size: 90 	 
Training MSE: 0.00710659 	 Validating MSE: 6.56704950 	 Best VMSE: 0.02476720
[2020-09-16 21:05:42] SCN.cv17: Checkpoint saved to experiments/normal/ar1/SCN_ar1_h1
[2020-09-16 21:05:42] SCN.cv17: Hidden size: 91 	 
Training MSE: 0.00705041 	 Validating MSE: 6.51331758 	 Best VMSE: 0.02476720
[2020-09-16 21:05:42] SCN.cv17: Checkpoint saved to experiments/normal/ar1/SCN_ar1_h1
[2020-09-16 21:05:42] SCN.cv17: Hidden size: 92 	 
Training MSE: 0.00689844 	 Validating MSE: 5.57418060 	 Best VMSE: 0.02476720
[2020-09-16 21:05:42] SCN.cv17: Checkpoint saved to experiments/normal/ar1/SCN_ar1_h1
[2020-09-16 21:05:43] SCN.cv17: Hidden size: 93 	 
Training MSE: 0.00683124 	 Validating MSE: 6.07171631 	 Best VMSE: 0.02476720
[2020-09-16 21:05:43] SCN.cv17: Checkpoint saved to experiments/normal/ar1/SCN_ar1_h1
[2020-09-16 21:05:43] SCN.cv17: Hidden size: 94 	 
Training MSE: 0.00674535 	 Validating MSE: 5.65599537 	 Best VMSE: 0.02476720
[2020-09-16 21:05:43] SCN.cv17: Checkpoint saved to experiments/normal/ar1/SCN_ar1_h1
[2020-09-16 21:05:43] SCN.cv17: Hidden size: 95 	 
Training MSE: 0.00666407 	 Validating MSE: 4.86954355 	 Best VMSE: 0.02476720
[2020-09-16 21:05:43] SCN.cv17: Checkpoint saved to experiments/normal/ar1/SCN_ar1_h1
[2020-09-16 21:05:43] SCN.cv17: Hidden size: 96 	 
Training MSE: 0.00657797 	 Validating MSE: 4.56331587 	 Best VMSE: 0.02476720
[2020-09-16 21:05:43] SCN.cv17: Checkpoint saved to experiments/normal/ar1/SCN_ar1_h1
[2020-09-16 21:05:44] SCN.cv17: Hidden size: 97 	 
Training MSE: 0.00654822 	 Validating MSE: 4.85065126 	 Best VMSE: 0.02476720
[2020-09-16 21:05:44] SCN.cv17: Checkpoint saved to experiments/normal/ar1/SCN_ar1_h1
[2020-09-16 21:05:44] SCN.cv17: Hidden size: 98 	 
Training MSE: 0.00651699 	 Validating MSE: 4.90850115 	 Best VMSE: 0.02476720
[2020-09-16 21:05:44] SCN.cv17: Checkpoint saved to experiments/normal/ar1/SCN_ar1_h1
[2020-09-16 21:05:44] SCN.cv17: Hidden size: 99 	 
Training MSE: 0.00645345 	 Validating MSE: 4.50058413 	 Best VMSE: 0.02476720
[2020-09-16 21:05:44] SCN.cv17: Checkpoint saved to experiments/normal/ar1/SCN_ar1_h1
[2020-09-16 21:05:44] SCN.cv17: Hidden size: 100 	 
Training MSE: 0.00635241 	 Validating MSE: 3.65303922 	 Best VMSE: 0.02476720
[2020-09-16 21:05:44] SCN.cv17: Checkpoint saved to experiments/normal/ar1/SCN_ar1_h1
[2020-09-16 21:05:45] SCN.cv17: Restoring best parameters from experiments/normal/ar1/SCN_ar1_h1/train.cv17.pth.tar
[2020-09-16 21:05:45] SCN.cv17: ar1	 H: 1	 Trail: 33 
Testing RMSE: 0.2714 	 MAPE: 0.05087 	 SMAPE: 0.02635
