[2020-09-16 21:02:42] SCN.cv14: Loading the datasets and model for 26th-batch-training
[2020-09-16 21:02:42] SCN.cv14: Argument hidden_size: 100
[2020-09-16 21:02:42] SCN.cv14: Argument candidate_size: 300
[2020-09-16 21:02:42] SCN.cv14: Argument Lambdas: [0.5, 1, 5, 15, 30, 50, 100, 150, 200]
[2020-09-16 21:02:42] SCN.cv14: Argument Lambdas_std: [0.01, 0.05, 0.1, 0.5, 1]
[2020-09-16 21:02:42] SCN.cv14: Argument r: [0.8, 0.9, 0.99, 0.9999, 0.999999]
[2020-09-16 21:02:42] SCN.cv14: Argument tolerance: 0
[2020-09-16 21:02:42] SCN.cv14: Argument device: device(type='cuda')
[2020-09-16 21:02:42] SCN.cv14: Argument dataset: 'ar1'
[2020-09-16 21:02:42] SCN.cv14: Argument H: 1
[2020-09-16 21:02:42] SCN.cv14: Argument k: 5
[2020-09-16 21:02:42] SCN.cv14: Argument test: False
[2020-09-16 21:02:42] SCN.cv14: Argument normal: True
[2020-09-16 21:02:42] SCN.cv14: Argument diff: False
[2020-09-16 21:02:42] SCN.cv14: Argument times: 40
[2020-09-16 21:02:42] SCN.cv14: Argument datasets: {'ar1': {'lag_order': 15, 'normal': True, 'cov_dim': 0, 'kernel_size': 3}, 'wti': {'lag_order': 25, 'normal': True, 'cov_dim': 0, 'kernel_size': 5}, 'gold': {'lag_order': 25, 'normal': True, 'cov_dim': 0, 'kernel_size': 5}, 'sp': {'lag_order': 25, 'normal': True, 'cov_dim': 0, 'kernel_size': 5}, 'brent': {'lag_order': 24, 'normal': True, 'cov_dim': 0, 'kernel_size': 6}, 'sili': {'lag_order': 26, 'normal': True, 'cov_dim': 0, 'kernel_size': 6}}
[2020-09-16 21:02:42] SCN.cv14: Argument steps: 15
[2020-09-16 21:02:42] SCN.cv14: Argument experiment: 'experiments/normal/ar1'
[2020-09-16 21:02:42] SCN.cv14: Argument scaler: StandardScaler()
[2020-09-16 21:02:42] SCN.cv14: Argument model_name: 'SCN_ar1_h1'
[2020-09-16 21:02:42] SCN.cv14: Argument model_dir: 'experiments/normal/ar1/SCN_ar1_h1'
[2020-09-16 21:02:42] SCN.cv14: Argument restore: True
[2020-09-16 21:02:42] SCN.cv14: Argument cv: 14
[2020-09-16 21:02:42] SCN.cv14: Argument plot_dir: 'experiments/normal/ar1/SCN_ar1_h1/figures'
[2020-09-16 21:02:42] SCN.cv14: Using Cuda...
[2020-09-16 21:02:42] SCN.cv14: Loading complete.
[2020-09-16 21:02:42] SCN.cv14: Model: 
scnModel(
  (loss_fn): MSELoss()
)
[2020-09-16 21:02:42] SCN.cv14: Hidden size: 1 	 
Training MSE: 0.37361300 	 Validating MSE: 2.21877503 	 Best VMSE: 9999.00000000
[2020-09-16 21:02:42] SCN.cv14: Found new best state
[2020-09-16 21:02:42] SCN.cv14: Best vmse: 2.2188
[2020-09-16 21:02:42] SCN.cv14: Checkpoint saved to experiments/normal/ar1/SCN_ar1_h1
[2020-09-16 21:02:42] SCN.cv14: Hidden size: 2 	 
Training MSE: 0.04928744 	 Validating MSE: 0.06072413 	 Best VMSE: 2.21877503
[2020-09-16 21:02:42] SCN.cv14: Found new best state
[2020-09-16 21:02:42] SCN.cv14: Best vmse: 0.0607
[2020-09-16 21:02:42] SCN.cv14: Checkpoint saved to experiments/normal/ar1/SCN_ar1_h1
[2020-09-16 21:02:42] SCN.cv14: Hidden size: 3 	 
Training MSE: 0.04157887 	 Validating MSE: 0.11262791 	 Best VMSE: 0.06072413
[2020-09-16 21:02:42] SCN.cv14: Checkpoint saved to experiments/normal/ar1/SCN_ar1_h1
[2020-09-16 21:02:42] SCN.cv14: Hidden size: 4 	 
Training MSE: 0.03184652 	 Validating MSE: 0.05452847 	 Best VMSE: 0.06072413
[2020-09-16 21:02:42] SCN.cv14: Found new best state
[2020-09-16 21:02:42] SCN.cv14: Best vmse: 0.0545
[2020-09-16 21:02:42] SCN.cv14: Checkpoint saved to experiments/normal/ar1/SCN_ar1_h1
[2020-09-16 21:02:43] SCN.cv14: Hidden size: 5 	 
Training MSE: 0.02299206 	 Validating MSE: 0.03081722 	 Best VMSE: 0.05452847
[2020-09-16 21:02:43] SCN.cv14: Found new best state
[2020-09-16 21:02:43] SCN.cv14: Best vmse: 0.0308
[2020-09-16 21:02:43] SCN.cv14: Checkpoint saved to experiments/normal/ar1/SCN_ar1_h1
[2020-09-16 21:02:43] SCN.cv14: Hidden size: 6 	 
Training MSE: 0.02072185 	 Validating MSE: 0.04571292 	 Best VMSE: 0.03081722
[2020-09-16 21:02:43] SCN.cv14: Checkpoint saved to experiments/normal/ar1/SCN_ar1_h1
[2020-09-16 21:02:43] SCN.cv14: Hidden size: 7 	 
Training MSE: 0.01837083 	 Validating MSE: 0.04652831 	 Best VMSE: 0.03081722
[2020-09-16 21:02:43] SCN.cv14: Checkpoint saved to experiments/normal/ar1/SCN_ar1_h1
[2020-09-16 21:02:43] SCN.cv14: Hidden size: 8 	 
Training MSE: 0.01701583 	 Validating MSE: 0.05910450 	 Best VMSE: 0.03081722
[2020-09-16 21:02:43] SCN.cv14: Checkpoint saved to experiments/normal/ar1/SCN_ar1_h1
[2020-09-16 21:02:43] SCN.cv14: Hidden size: 9 	 
Training MSE: 0.01655177 	 Validating MSE: 0.03810103 	 Best VMSE: 0.03081722
[2020-09-16 21:02:43] SCN.cv14: Checkpoint saved to experiments/normal/ar1/SCN_ar1_h1
[2020-09-16 21:02:43] SCN.cv14: Hidden size: 10 	 
Training MSE: 0.01597701 	 Validating MSE: 0.04144501 	 Best VMSE: 0.03081722
[2020-09-16 21:02:43] SCN.cv14: Checkpoint saved to experiments/normal/ar1/SCN_ar1_h1
[2020-09-16 21:02:44] SCN.cv14: Hidden size: 11 	 
Training MSE: 0.01487752 	 Validating MSE: 0.03774325 	 Best VMSE: 0.03081722
[2020-09-16 21:02:44] SCN.cv14: Checkpoint saved to experiments/normal/ar1/SCN_ar1_h1
[2020-09-16 21:02:44] SCN.cv14: Hidden size: 12 	 
Training MSE: 0.01420957 	 Validating MSE: 0.03093461 	 Best VMSE: 0.03081722
[2020-09-16 21:02:44] SCN.cv14: Checkpoint saved to experiments/normal/ar1/SCN_ar1_h1
[2020-09-16 21:02:44] SCN.cv14: Hidden size: 13 	 
Training MSE: 0.01414428 	 Validating MSE: 0.02518664 	 Best VMSE: 0.03081722
[2020-09-16 21:02:44] SCN.cv14: Found new best state
[2020-09-16 21:02:44] SCN.cv14: Best vmse: 0.0252
[2020-09-16 21:02:44] SCN.cv14: Checkpoint saved to experiments/normal/ar1/SCN_ar1_h1
[2020-09-16 21:02:44] SCN.cv14: Hidden size: 14 	 
Training MSE: 0.01406181 	 Validating MSE: 0.02845042 	 Best VMSE: 0.02518664
[2020-09-16 21:02:44] SCN.cv14: Checkpoint saved to experiments/normal/ar1/SCN_ar1_h1
[2020-09-16 21:02:44] SCN.cv14: Hidden size: 15 	 
Training MSE: 0.01386462 	 Validating MSE: 0.02766157 	 Best VMSE: 0.02518664
[2020-09-16 21:02:44] SCN.cv14: Checkpoint saved to experiments/normal/ar1/SCN_ar1_h1
[2020-09-16 21:02:44] SCN.cv14: Hidden size: 16 	 
Training MSE: 0.01373393 	 Validating MSE: 0.04397609 	 Best VMSE: 0.02518664
[2020-09-16 21:02:44] SCN.cv14: Checkpoint saved to experiments/normal/ar1/SCN_ar1_h1
[2020-09-16 21:02:45] SCN.cv14: Hidden size: 17 	 
Training MSE: 0.01360559 	 Validating MSE: 0.04724104 	 Best VMSE: 0.02518664
[2020-09-16 21:02:45] SCN.cv14: Checkpoint saved to experiments/normal/ar1/SCN_ar1_h1
[2020-09-16 21:02:45] SCN.cv14: Hidden size: 18 	 
Training MSE: 0.01353494 	 Validating MSE: 0.04341874 	 Best VMSE: 0.02518664
[2020-09-16 21:02:45] SCN.cv14: Checkpoint saved to experiments/normal/ar1/SCN_ar1_h1
[2020-09-16 21:02:45] SCN.cv14: Hidden size: 19 	 
Training MSE: 0.01345004 	 Validating MSE: 0.04263154 	 Best VMSE: 0.02518664
[2020-09-16 21:02:45] SCN.cv14: Checkpoint saved to experiments/normal/ar1/SCN_ar1_h1
[2020-09-16 21:02:45] SCN.cv14: Hidden size: 20 	 
Training MSE: 0.01333928 	 Validating MSE: 0.05189727 	 Best VMSE: 0.02518664
[2020-09-16 21:02:45] SCN.cv14: Checkpoint saved to experiments/normal/ar1/SCN_ar1_h1
[2020-09-16 21:02:45] SCN.cv14: Hidden size: 21 	 
Training MSE: 0.01325283 	 Validating MSE: 0.04937386 	 Best VMSE: 0.02518664
[2020-09-16 21:02:45] SCN.cv14: Checkpoint saved to experiments/normal/ar1/SCN_ar1_h1
[2020-09-16 21:02:45] SCN.cv14: Hidden size: 22 	 
Training MSE: 0.01316670 	 Validating MSE: 0.08350308 	 Best VMSE: 0.02518664
[2020-09-16 21:02:45] SCN.cv14: Checkpoint saved to experiments/normal/ar1/SCN_ar1_h1
[2020-09-16 21:02:45] SCN.cv14: Hidden size: 23 	 
Training MSE: 0.01311320 	 Validating MSE: 0.06257077 	 Best VMSE: 0.02518664
[2020-09-16 21:02:45] SCN.cv14: Checkpoint saved to experiments/normal/ar1/SCN_ar1_h1
[2020-09-16 21:02:46] SCN.cv14: Hidden size: 24 	 
Training MSE: 0.01308204 	 Validating MSE: 0.06706767 	 Best VMSE: 0.02518664
[2020-09-16 21:02:46] SCN.cv14: Checkpoint saved to experiments/normal/ar1/SCN_ar1_h1
[2020-09-16 21:02:46] SCN.cv14: Hidden size: 25 	 
Training MSE: 0.01299859 	 Validating MSE: 0.08391313 	 Best VMSE: 0.02518664
[2020-09-16 21:02:46] SCN.cv14: Checkpoint saved to experiments/normal/ar1/SCN_ar1_h1
[2020-09-16 21:02:46] SCN.cv14: Hidden size: 26 	 
Training MSE: 0.01297216 	 Validating MSE: 0.14101385 	 Best VMSE: 0.02518664
[2020-09-16 21:02:46] SCN.cv14: Checkpoint saved to experiments/normal/ar1/SCN_ar1_h1
[2020-09-16 21:02:46] SCN.cv14: Hidden size: 27 	 
Training MSE: 0.01293146 	 Validating MSE: 0.10468225 	 Best VMSE: 0.02518664
[2020-09-16 21:02:46] SCN.cv14: Checkpoint saved to experiments/normal/ar1/SCN_ar1_h1
[2020-09-16 21:02:46] SCN.cv14: Hidden size: 28 	 
Training MSE: 0.01290437 	 Validating MSE: 0.10375131 	 Best VMSE: 0.02518664
[2020-09-16 21:02:46] SCN.cv14: Checkpoint saved to experiments/normal/ar1/SCN_ar1_h1
[2020-09-16 21:02:46] SCN.cv14: Hidden size: 29 	 
Training MSE: 0.01268412 	 Validating MSE: 0.18273167 	 Best VMSE: 0.02518664
[2020-09-16 21:02:46] SCN.cv14: Checkpoint saved to experiments/normal/ar1/SCN_ar1_h1
[2020-09-16 21:02:47] SCN.cv14: Hidden size: 30 	 
Training MSE: 0.01260935 	 Validating MSE: 0.27872929 	 Best VMSE: 0.02518664
[2020-09-16 21:02:47] SCN.cv14: Checkpoint saved to experiments/normal/ar1/SCN_ar1_h1
[2020-09-16 21:02:47] SCN.cv14: Hidden size: 31 	 
Training MSE: 0.01251987 	 Validating MSE: 0.18543977 	 Best VMSE: 0.02518664
[2020-09-16 21:02:47] SCN.cv14: Checkpoint saved to experiments/normal/ar1/SCN_ar1_h1
[2020-09-16 21:02:47] SCN.cv14: Hidden size: 32 	 
Training MSE: 0.01238545 	 Validating MSE: 0.26036388 	 Best VMSE: 0.02518664
[2020-09-16 21:02:47] SCN.cv14: Checkpoint saved to experiments/normal/ar1/SCN_ar1_h1
[2020-09-16 21:02:47] SCN.cv14: Hidden size: 33 	 
Training MSE: 0.01231220 	 Validating MSE: 0.35393897 	 Best VMSE: 0.02518664
[2020-09-16 21:02:47] SCN.cv14: Checkpoint saved to experiments/normal/ar1/SCN_ar1_h1
[2020-09-16 21:02:47] SCN.cv14: Hidden size: 34 	 
Training MSE: 0.01226607 	 Validating MSE: 0.41045496 	 Best VMSE: 0.02518664
[2020-09-16 21:02:47] SCN.cv14: Checkpoint saved to experiments/normal/ar1/SCN_ar1_h1
[2020-09-16 21:02:47] SCN.cv14: Hidden size: 35 	 
Training MSE: 0.01215944 	 Validating MSE: 0.36868918 	 Best VMSE: 0.02518664
[2020-09-16 21:02:47] SCN.cv14: Checkpoint saved to experiments/normal/ar1/SCN_ar1_h1
[2020-09-16 21:02:48] SCN.cv14: Hidden size: 36 	 
Training MSE: 0.01209383 	 Validating MSE: 0.20535766 	 Best VMSE: 0.02518664
[2020-09-16 21:02:48] SCN.cv14: Checkpoint saved to experiments/normal/ar1/SCN_ar1_h1
[2020-09-16 21:02:48] SCN.cv14: Hidden size: 37 	 
Training MSE: 0.01195730 	 Validating MSE: 0.25155798 	 Best VMSE: 0.02518664
[2020-09-16 21:02:48] SCN.cv14: Checkpoint saved to experiments/normal/ar1/SCN_ar1_h1
[2020-09-16 21:02:48] SCN.cv14: Hidden size: 38 	 
Training MSE: 0.01182646 	 Validating MSE: 0.12832147 	 Best VMSE: 0.02518664
[2020-09-16 21:02:48] SCN.cv14: Checkpoint saved to experiments/normal/ar1/SCN_ar1_h1
[2020-09-16 21:02:48] SCN.cv14: Hidden size: 39 	 
Training MSE: 0.01165898 	 Validating MSE: 0.14716426 	 Best VMSE: 0.02518664
[2020-09-16 21:02:48] SCN.cv14: Checkpoint saved to experiments/normal/ar1/SCN_ar1_h1
[2020-09-16 21:02:48] SCN.cv14: Hidden size: 40 	 
Training MSE: 0.01163539 	 Validating MSE: 0.12970027 	 Best VMSE: 0.02518664
[2020-09-16 21:02:48] SCN.cv14: Checkpoint saved to experiments/normal/ar1/SCN_ar1_h1
[2020-09-16 21:02:48] SCN.cv14: Hidden size: 41 	 
Training MSE: 0.01149892 	 Validating MSE: 0.12300164 	 Best VMSE: 0.02518664
[2020-09-16 21:02:48] SCN.cv14: Checkpoint saved to experiments/normal/ar1/SCN_ar1_h1
[2020-09-16 21:02:49] SCN.cv14: Hidden size: 42 	 
Training MSE: 0.01135565 	 Validating MSE: 0.25709757 	 Best VMSE: 0.02518664
[2020-09-16 21:02:49] SCN.cv14: Checkpoint saved to experiments/normal/ar1/SCN_ar1_h1
[2020-09-16 21:02:49] SCN.cv14: Hidden size: 43 	 
Training MSE: 0.01122237 	 Validating MSE: 0.12973280 	 Best VMSE: 0.02518664
[2020-09-16 21:02:49] SCN.cv14: Checkpoint saved to experiments/normal/ar1/SCN_ar1_h1
[2020-09-16 21:02:49] SCN.cv14: Hidden size: 44 	 
Training MSE: 0.01110383 	 Validating MSE: 0.55473608 	 Best VMSE: 0.02518664
[2020-09-16 21:02:49] SCN.cv14: Checkpoint saved to experiments/normal/ar1/SCN_ar1_h1
[2020-09-16 21:02:49] SCN.cv14: Hidden size: 45 	 
Training MSE: 0.01106759 	 Validating MSE: 0.40785071 	 Best VMSE: 0.02518664
[2020-09-16 21:02:49] SCN.cv14: Checkpoint saved to experiments/normal/ar1/SCN_ar1_h1
[2020-09-16 21:02:50] SCN.cv14: Hidden size: 46 	 
Training MSE: 0.01093337 	 Validating MSE: 0.25160509 	 Best VMSE: 0.02518664
[2020-09-16 21:02:50] SCN.cv14: Checkpoint saved to experiments/normal/ar1/SCN_ar1_h1
[2020-09-16 21:02:50] SCN.cv14: Hidden size: 47 	 
Training MSE: 0.01084643 	 Validating MSE: 0.30734739 	 Best VMSE: 0.02518664
[2020-09-16 21:02:50] SCN.cv14: Checkpoint saved to experiments/normal/ar1/SCN_ar1_h1
[2020-09-16 21:02:50] SCN.cv14: Hidden size: 48 	 
Training MSE: 0.01079136 	 Validating MSE: 0.37693045 	 Best VMSE: 0.02518664
[2020-09-16 21:02:50] SCN.cv14: Checkpoint saved to experiments/normal/ar1/SCN_ar1_h1
[2020-09-16 21:02:50] SCN.cv14: Hidden size: 49 	 
Training MSE: 0.01068981 	 Validating MSE: 0.26781717 	 Best VMSE: 0.02518664
[2020-09-16 21:02:50] SCN.cv14: Checkpoint saved to experiments/normal/ar1/SCN_ar1_h1
[2020-09-16 21:02:51] SCN.cv14: Hidden size: 50 	 
Training MSE: 0.01059326 	 Validating MSE: 0.32960284 	 Best VMSE: 0.02518664
[2020-09-16 21:02:51] SCN.cv14: Checkpoint saved to experiments/normal/ar1/SCN_ar1_h1
[2020-09-16 21:02:51] SCN.cv14: Hidden size: 51 	 
Training MSE: 0.01023864 	 Validating MSE: 0.51288229 	 Best VMSE: 0.02518664
[2020-09-16 21:02:51] SCN.cv14: Checkpoint saved to experiments/normal/ar1/SCN_ar1_h1
[2020-09-16 21:02:51] SCN.cv14: Hidden size: 52 	 
Training MSE: 0.01013662 	 Validating MSE: 0.66936898 	 Best VMSE: 0.02518664
[2020-09-16 21:02:51] SCN.cv14: Checkpoint saved to experiments/normal/ar1/SCN_ar1_h1
[2020-09-16 21:02:51] SCN.cv14: Hidden size: 53 	 
Training MSE: 0.01000760 	 Validating MSE: 0.82102865 	 Best VMSE: 0.02518664
[2020-09-16 21:02:51] SCN.cv14: Checkpoint saved to experiments/normal/ar1/SCN_ar1_h1
[2020-09-16 21:02:52] SCN.cv14: Hidden size: 54 	 
Training MSE: 0.00996618 	 Validating MSE: 0.92790478 	 Best VMSE: 0.02518664
[2020-09-16 21:02:52] SCN.cv14: Checkpoint saved to experiments/normal/ar1/SCN_ar1_h1
[2020-09-16 21:02:52] SCN.cv14: Hidden size: 55 	 
Training MSE: 0.00990197 	 Validating MSE: 0.74913067 	 Best VMSE: 0.02518664
[2020-09-16 21:02:52] SCN.cv14: Checkpoint saved to experiments/normal/ar1/SCN_ar1_h1
[2020-09-16 21:02:52] SCN.cv14: Hidden size: 56 	 
Training MSE: 0.00985525 	 Validating MSE: 0.91892272 	 Best VMSE: 0.02518664
[2020-09-16 21:02:52] SCN.cv14: Checkpoint saved to experiments/normal/ar1/SCN_ar1_h1
[2020-09-16 21:02:52] SCN.cv14: Hidden size: 57 	 
Training MSE: 0.00970364 	 Validating MSE: 0.86363339 	 Best VMSE: 0.02518664
[2020-09-16 21:02:52] SCN.cv14: Checkpoint saved to experiments/normal/ar1/SCN_ar1_h1
[2020-09-16 21:02:53] SCN.cv14: Hidden size: 58 	 
Training MSE: 0.00955754 	 Validating MSE: 0.92198360 	 Best VMSE: 0.02518664
[2020-09-16 21:02:53] SCN.cv14: Checkpoint saved to experiments/normal/ar1/SCN_ar1_h1
[2020-09-16 21:02:53] SCN.cv14: Hidden size: 59 	 
Training MSE: 0.00947971 	 Validating MSE: 0.88083380 	 Best VMSE: 0.02518664
[2020-09-16 21:02:53] SCN.cv14: Checkpoint saved to experiments/normal/ar1/SCN_ar1_h1
[2020-09-16 21:02:53] SCN.cv14: Hidden size: 60 	 
Training MSE: 0.00941515 	 Validating MSE: 0.74174976 	 Best VMSE: 0.02518664
[2020-09-16 21:02:53] SCN.cv14: Checkpoint saved to experiments/normal/ar1/SCN_ar1_h1
[2020-09-16 21:02:53] SCN.cv14: Hidden size: 61 	 
Training MSE: 0.00934395 	 Validating MSE: 0.72914606 	 Best VMSE: 0.02518664
[2020-09-16 21:02:53] SCN.cv14: Checkpoint saved to experiments/normal/ar1/SCN_ar1_h1
[2020-09-16 21:02:54] SCN.cv14: Hidden size: 62 	 
Training MSE: 0.00920879 	 Validating MSE: 0.49376789 	 Best VMSE: 0.02518664
[2020-09-16 21:02:54] SCN.cv14: Checkpoint saved to experiments/normal/ar1/SCN_ar1_h1
[2020-09-16 21:02:54] SCN.cv14: Hidden size: 63 	 
Training MSE: 0.00914596 	 Validating MSE: 0.37567574 	 Best VMSE: 0.02518664
[2020-09-16 21:02:54] SCN.cv14: Checkpoint saved to experiments/normal/ar1/SCN_ar1_h1
[2020-09-16 21:02:54] SCN.cv14: Hidden size: 64 	 
Training MSE: 0.00899157 	 Validating MSE: 0.29956797 	 Best VMSE: 0.02518664
[2020-09-16 21:02:54] SCN.cv14: Checkpoint saved to experiments/normal/ar1/SCN_ar1_h1
[2020-09-16 21:02:55] SCN.cv14: Hidden size: 65 	 
Training MSE: 0.00893531 	 Validating MSE: 0.28582928 	 Best VMSE: 0.02518664
[2020-09-16 21:02:55] SCN.cv14: Checkpoint saved to experiments/normal/ar1/SCN_ar1_h1
[2020-09-16 21:02:55] SCN.cv14: Hidden size: 66 	 
Training MSE: 0.00883083 	 Validating MSE: 0.24267253 	 Best VMSE: 0.02518664
[2020-09-16 21:02:55] SCN.cv14: Checkpoint saved to experiments/normal/ar1/SCN_ar1_h1
[2020-09-16 21:02:55] SCN.cv14: Hidden size: 67 	 
Training MSE: 0.00871338 	 Validating MSE: 0.25361729 	 Best VMSE: 0.02518664
[2020-09-16 21:02:55] SCN.cv14: Checkpoint saved to experiments/normal/ar1/SCN_ar1_h1
[2020-09-16 21:02:55] SCN.cv14: Hidden size: 68 	 
Training MSE: 0.00869068 	 Validating MSE: 0.27312401 	 Best VMSE: 0.02518664
[2020-09-16 21:02:55] SCN.cv14: Checkpoint saved to experiments/normal/ar1/SCN_ar1_h1
[2020-09-16 21:02:56] SCN.cv14: Hidden size: 69 	 
Training MSE: 0.00860012 	 Validating MSE: 0.25196385 	 Best VMSE: 0.02518664
[2020-09-16 21:02:56] SCN.cv14: Checkpoint saved to experiments/normal/ar1/SCN_ar1_h1
[2020-09-16 21:02:56] SCN.cv14: Hidden size: 70 	 
Training MSE: 0.00846485 	 Validating MSE: 0.26886001 	 Best VMSE: 0.02518664
[2020-09-16 21:02:56] SCN.cv14: Checkpoint saved to experiments/normal/ar1/SCN_ar1_h1
[2020-09-16 21:02:56] SCN.cv14: Hidden size: 71 	 
Training MSE: 0.00844729 	 Validating MSE: 0.27765828 	 Best VMSE: 0.02518664
[2020-09-16 21:02:56] SCN.cv14: Checkpoint saved to experiments/normal/ar1/SCN_ar1_h1
[2020-09-16 21:02:57] SCN.cv14: Hidden size: 72 	 
Training MSE: 0.00836954 	 Validating MSE: 0.37705210 	 Best VMSE: 0.02518664
[2020-09-16 21:02:57] SCN.cv14: Checkpoint saved to experiments/normal/ar1/SCN_ar1_h1
[2020-09-16 21:02:57] SCN.cv14: Hidden size: 73 	 
Training MSE: 0.00828547 	 Validating MSE: 0.30778423 	 Best VMSE: 0.02518664
[2020-09-16 21:02:57] SCN.cv14: Checkpoint saved to experiments/normal/ar1/SCN_ar1_h1
[2020-09-16 21:02:57] SCN.cv14: Hidden size: 74 	 
Training MSE: 0.00824206 	 Validating MSE: 0.33145970 	 Best VMSE: 0.02518664
[2020-09-16 21:02:57] SCN.cv14: Checkpoint saved to experiments/normal/ar1/SCN_ar1_h1
[2020-09-16 21:02:57] SCN.cv14: Hidden size: 75 	 
Training MSE: 0.00812391 	 Validating MSE: 0.32684386 	 Best VMSE: 0.02518664
[2020-09-16 21:02:57] SCN.cv14: Checkpoint saved to experiments/normal/ar1/SCN_ar1_h1
[2020-09-16 21:02:58] SCN.cv14: Hidden size: 76 	 
Training MSE: 0.00803147 	 Validating MSE: 0.34841135 	 Best VMSE: 0.02518664
[2020-09-16 21:02:58] SCN.cv14: Checkpoint saved to experiments/normal/ar1/SCN_ar1_h1
[2020-09-16 21:02:58] SCN.cv14: Hidden size: 77 	 
Training MSE: 0.00783848 	 Validating MSE: 0.38727197 	 Best VMSE: 0.02518664
[2020-09-16 21:02:58] SCN.cv14: Checkpoint saved to experiments/normal/ar1/SCN_ar1_h1
[2020-09-16 21:02:58] SCN.cv14: Hidden size: 78 	 
Training MSE: 0.00774960 	 Validating MSE: 0.37414670 	 Best VMSE: 0.02518664
[2020-09-16 21:02:58] SCN.cv14: Checkpoint saved to experiments/normal/ar1/SCN_ar1_h1
[2020-09-16 21:02:59] SCN.cv14: Hidden size: 79 	 
Training MSE: 0.00770677 	 Validating MSE: 0.33993554 	 Best VMSE: 0.02518664
[2020-09-16 21:02:59] SCN.cv14: Checkpoint saved to experiments/normal/ar1/SCN_ar1_h1
[2020-09-16 21:02:59] SCN.cv14: Hidden size: 80 	 
Training MSE: 0.00762986 	 Validating MSE: 0.32012597 	 Best VMSE: 0.02518664
[2020-09-16 21:02:59] SCN.cv14: Checkpoint saved to experiments/normal/ar1/SCN_ar1_h1
[2020-09-16 21:02:59] SCN.cv14: Hidden size: 81 	 
Training MSE: 0.00756177 	 Validating MSE: 0.29482889 	 Best VMSE: 0.02518664
[2020-09-16 21:02:59] SCN.cv14: Checkpoint saved to experiments/normal/ar1/SCN_ar1_h1
[2020-09-16 21:02:59] SCN.cv14: Hidden size: 82 	 
Training MSE: 0.00745554 	 Validating MSE: 0.36226955 	 Best VMSE: 0.02518664
[2020-09-16 21:02:59] SCN.cv14: Checkpoint saved to experiments/normal/ar1/SCN_ar1_h1
[2020-09-16 21:03:00] SCN.cv14: Hidden size: 83 	 
Training MSE: 0.00740769 	 Validating MSE: 0.31093201 	 Best VMSE: 0.02518664
[2020-09-16 21:03:00] SCN.cv14: Checkpoint saved to experiments/normal/ar1/SCN_ar1_h1
[2020-09-16 21:03:00] SCN.cv14: Hidden size: 84 	 
Training MSE: 0.00733004 	 Validating MSE: 0.34771430 	 Best VMSE: 0.02518664
[2020-09-16 21:03:00] SCN.cv14: Checkpoint saved to experiments/normal/ar1/SCN_ar1_h1
[2020-09-16 21:03:00] SCN.cv14: Hidden size: 85 	 
Training MSE: 0.00722568 	 Validating MSE: 0.34097004 	 Best VMSE: 0.02518664
[2020-09-16 21:03:00] SCN.cv14: Checkpoint saved to experiments/normal/ar1/SCN_ar1_h1
[2020-09-16 21:03:00] SCN.cv14: Hidden size: 86 	 
Training MSE: 0.00705600 	 Validating MSE: 0.38945636 	 Best VMSE: 0.02518664
[2020-09-16 21:03:00] SCN.cv14: Checkpoint saved to experiments/normal/ar1/SCN_ar1_h1
[2020-09-16 21:03:01] SCN.cv14: Hidden size: 87 	 
Training MSE: 0.00699771 	 Validating MSE: 0.33072045 	 Best VMSE: 0.02518664
[2020-09-16 21:03:01] SCN.cv14: Checkpoint saved to experiments/normal/ar1/SCN_ar1_h1
[2020-09-16 21:03:01] SCN.cv14: Hidden size: 88 	 
Training MSE: 0.00693842 	 Validating MSE: 0.37744305 	 Best VMSE: 0.02518664
[2020-09-16 21:03:01] SCN.cv14: Checkpoint saved to experiments/normal/ar1/SCN_ar1_h1
[2020-09-16 21:03:01] SCN.cv14: Hidden size: 89 	 
Training MSE: 0.00686941 	 Validating MSE: 0.44863376 	 Best VMSE: 0.02518664
[2020-09-16 21:03:01] SCN.cv14: Checkpoint saved to experiments/normal/ar1/SCN_ar1_h1
[2020-09-16 21:03:02] SCN.cv14: Hidden size: 90 	 
Training MSE: 0.00677090 	 Validating MSE: 0.65469843 	 Best VMSE: 0.02518664
[2020-09-16 21:03:02] SCN.cv14: Checkpoint saved to experiments/normal/ar1/SCN_ar1_h1
[2020-09-16 21:03:02] SCN.cv14: Hidden size: 91 	 
Training MSE: 0.00666636 	 Validating MSE: 0.35750192 	 Best VMSE: 0.02518664
[2020-09-16 21:03:02] SCN.cv14: Checkpoint saved to experiments/normal/ar1/SCN_ar1_h1
[2020-09-16 21:03:02] SCN.cv14: Hidden size: 92 	 
Training MSE: 0.00657879 	 Validating MSE: 0.39852208 	 Best VMSE: 0.02518664
[2020-09-16 21:03:02] SCN.cv14: Checkpoint saved to experiments/normal/ar1/SCN_ar1_h1
[2020-09-16 21:03:03] SCN.cv14: Hidden size: 93 	 
Training MSE: 0.00646005 	 Validating MSE: 0.66929477 	 Best VMSE: 0.02518664
[2020-09-16 21:03:03] SCN.cv14: Checkpoint saved to experiments/normal/ar1/SCN_ar1_h1
[2020-09-16 21:03:03] SCN.cv14: Hidden size: 94 	 
Training MSE: 0.00634588 	 Validating MSE: 0.46007133 	 Best VMSE: 0.02518664
[2020-09-16 21:03:03] SCN.cv14: Checkpoint saved to experiments/normal/ar1/SCN_ar1_h1
[2020-09-16 21:03:03] SCN.cv14: Hidden size: 95 	 
Training MSE: 0.00622790 	 Validating MSE: 0.47403052 	 Best VMSE: 0.02518664
[2020-09-16 21:03:03] SCN.cv14: Checkpoint saved to experiments/normal/ar1/SCN_ar1_h1
[2020-09-16 21:03:03] SCN.cv14: Hidden size: 96 	 
Training MSE: 0.00615836 	 Validating MSE: 0.55423272 	 Best VMSE: 0.02518664
[2020-09-16 21:03:03] SCN.cv14: Checkpoint saved to experiments/normal/ar1/SCN_ar1_h1
[2020-09-16 21:03:04] SCN.cv14: Hidden size: 97 	 
Training MSE: 0.00607437 	 Validating MSE: 0.65193129 	 Best VMSE: 0.02518664
[2020-09-16 21:03:04] SCN.cv14: Checkpoint saved to experiments/normal/ar1/SCN_ar1_h1
[2020-09-16 21:03:04] SCN.cv14: Hidden size: 98 	 
Training MSE: 0.00594096 	 Validating MSE: 0.93229598 	 Best VMSE: 0.02518664
[2020-09-16 21:03:04] SCN.cv14: Checkpoint saved to experiments/normal/ar1/SCN_ar1_h1
[2020-09-16 21:03:04] SCN.cv14: Hidden size: 99 	 
Training MSE: 0.00587767 	 Validating MSE: 0.90318161 	 Best VMSE: 0.02518664
[2020-09-16 21:03:04] SCN.cv14: Checkpoint saved to experiments/normal/ar1/SCN_ar1_h1
[2020-09-16 21:03:05] SCN.cv14: Hidden size: 100 	 
Training MSE: 0.00583633 	 Validating MSE: 1.01605296 	 Best VMSE: 0.02518664
[2020-09-16 21:03:05] SCN.cv14: Checkpoint saved to experiments/normal/ar1/SCN_ar1_h1
[2020-09-16 21:03:05] SCN.cv14: Restoring best parameters from experiments/normal/ar1/SCN_ar1_h1/train.cv14.pth.tar
[2020-09-16 21:03:05] SCN.cv14: ar1	 H: 1	 Trail: 26 
Testing RMSE: 0.3277 	 MAPE: 0.06227 	 SMAPE: 0.03256
