[2020-09-16 20:53:53] SCN.cv1: Loading the datasets and model for 3th-batch-training
[2020-09-16 20:53:53] SCN.cv1: Argument hidden_size: 100
[2020-09-16 20:53:53] SCN.cv1: Argument candidate_size: 300
[2020-09-16 20:53:53] SCN.cv1: Argument Lambdas: [0.5, 1, 5, 15, 30, 50, 100, 150, 200]
[2020-09-16 20:53:53] SCN.cv1: Argument Lambdas_std: [0.01, 0.05, 0.1, 0.5, 1]
[2020-09-16 20:53:53] SCN.cv1: Argument r: [0.8, 0.9, 0.99, 0.9999, 0.999999]
[2020-09-16 20:53:53] SCN.cv1: Argument tolerance: 0
[2020-09-16 20:53:53] SCN.cv1: Argument device: device(type='cuda')
[2020-09-16 20:53:53] SCN.cv1: Argument dataset: 'ar1'
[2020-09-16 20:53:53] SCN.cv1: Argument H: 1
[2020-09-16 20:53:53] SCN.cv1: Argument k: 5
[2020-09-16 20:53:53] SCN.cv1: Argument test: False
[2020-09-16 20:53:53] SCN.cv1: Argument normal: True
[2020-09-16 20:53:53] SCN.cv1: Argument diff: False
[2020-09-16 20:53:53] SCN.cv1: Argument times: 40
[2020-09-16 20:53:53] SCN.cv1: Argument datasets: {'ar1': {'lag_order': 15, 'normal': True, 'cov_dim': 0, 'kernel_size': 3}, 'wti': {'lag_order': 25, 'normal': True, 'cov_dim': 0, 'kernel_size': 5}, 'gold': {'lag_order': 25, 'normal': True, 'cov_dim': 0, 'kernel_size': 5}, 'sp': {'lag_order': 25, 'normal': True, 'cov_dim': 0, 'kernel_size': 5}, 'brent': {'lag_order': 24, 'normal': True, 'cov_dim': 0, 'kernel_size': 6}, 'sili': {'lag_order': 26, 'normal': True, 'cov_dim': 0, 'kernel_size': 6}}
[2020-09-16 20:53:53] SCN.cv1: Argument steps: 15
[2020-09-16 20:53:53] SCN.cv1: Argument experiment: 'experiments/normal/ar1'
[2020-09-16 20:53:53] SCN.cv1: Argument scaler: StandardScaler()
[2020-09-16 20:53:53] SCN.cv1: Argument model_name: 'SCN_ar1_h1'
[2020-09-16 20:53:53] SCN.cv1: Argument model_dir: 'experiments/normal/ar1/SCN_ar1_h1'
[2020-09-16 20:53:53] SCN.cv1: Argument restore: True
[2020-09-16 20:53:53] SCN.cv1: Argument cv: 1
[2020-09-16 20:53:53] SCN.cv1: Argument plot_dir: 'experiments/normal/ar1/SCN_ar1_h1/figures'
[2020-09-16 20:53:53] SCN.cv1: Using Cuda...
[2020-09-16 20:53:53] SCN.cv1: Loading complete.
[2020-09-16 20:53:53] SCN.cv1: Model: 
scnModel(
  (loss_fn): MSELoss()
)
[2020-09-16 20:53:53] SCN.cv1: Hidden size: 1 	 
Training MSE: 0.29333141 	 Validating MSE: 1.79433405 	 Best VMSE: 9999.00000000
[2020-09-16 20:53:53] SCN.cv1: Found new best state
[2020-09-16 20:53:53] SCN.cv1: Best vmse: 1.7943
[2020-09-16 20:53:53] SCN.cv1: Checkpoint saved to experiments/normal/ar1/SCN_ar1_h1
[2020-09-16 20:53:53] SCN.cv1: Hidden size: 2 	 
Training MSE: 0.10506447 	 Validating MSE: 0.16545363 	 Best VMSE: 1.79433405
[2020-09-16 20:53:53] SCN.cv1: Found new best state
[2020-09-16 20:53:53] SCN.cv1: Best vmse: 0.1655
[2020-09-16 20:53:53] SCN.cv1: Checkpoint saved to experiments/normal/ar1/SCN_ar1_h1
[2020-09-16 20:53:53] SCN.cv1: Hidden size: 3 	 
Training MSE: 0.06240204 	 Validating MSE: 0.05350414 	 Best VMSE: 0.16545363
[2020-09-16 20:53:53] SCN.cv1: Found new best state
[2020-09-16 20:53:53] SCN.cv1: Best vmse: 0.0535
[2020-09-16 20:53:53] SCN.cv1: Checkpoint saved to experiments/normal/ar1/SCN_ar1_h1
[2020-09-16 20:53:53] SCN.cv1: Hidden size: 4 	 
Training MSE: 0.03860325 	 Validating MSE: 0.03477218 	 Best VMSE: 0.05350414
[2020-09-16 20:53:53] SCN.cv1: Found new best state
[2020-09-16 20:53:53] SCN.cv1: Best vmse: 0.0348
[2020-09-16 20:53:53] SCN.cv1: Checkpoint saved to experiments/normal/ar1/SCN_ar1_h1
[2020-09-16 20:53:53] SCN.cv1: Hidden size: 5 	 
Training MSE: 0.03088027 	 Validating MSE: 0.03160992 	 Best VMSE: 0.03477218
[2020-09-16 20:53:53] SCN.cv1: Found new best state
[2020-09-16 20:53:53] SCN.cv1: Best vmse: 0.0316
[2020-09-16 20:53:53] SCN.cv1: Checkpoint saved to experiments/normal/ar1/SCN_ar1_h1
[2020-09-16 20:53:53] SCN.cv1: Hidden size: 6 	 
Training MSE: 0.02508795 	 Validating MSE: 0.02849717 	 Best VMSE: 0.03160992
[2020-09-16 20:53:53] SCN.cv1: Found new best state
[2020-09-16 20:53:53] SCN.cv1: Best vmse: 0.0285
[2020-09-16 20:53:53] SCN.cv1: Checkpoint saved to experiments/normal/ar1/SCN_ar1_h1
[2020-09-16 20:53:54] SCN.cv1: Hidden size: 7 	 
Training MSE: 0.02184303 	 Validating MSE: 0.02895484 	 Best VMSE: 0.02849717
[2020-09-16 20:53:54] SCN.cv1: Checkpoint saved to experiments/normal/ar1/SCN_ar1_h1
[2020-09-16 20:53:54] SCN.cv1: Hidden size: 8 	 
Training MSE: 0.01967035 	 Validating MSE: 0.02957816 	 Best VMSE: 0.02849717
[2020-09-16 20:53:54] SCN.cv1: Checkpoint saved to experiments/normal/ar1/SCN_ar1_h1
[2020-09-16 20:53:54] SCN.cv1: Hidden size: 9 	 
Training MSE: 0.01756321 	 Validating MSE: 0.02988444 	 Best VMSE: 0.02849717
[2020-09-16 20:53:54] SCN.cv1: Checkpoint saved to experiments/normal/ar1/SCN_ar1_h1
[2020-09-16 20:53:54] SCN.cv1: Hidden size: 10 	 
Training MSE: 0.01636892 	 Validating MSE: 0.02665514 	 Best VMSE: 0.02849717
[2020-09-16 20:53:54] SCN.cv1: Found new best state
[2020-09-16 20:53:54] SCN.cv1: Best vmse: 0.0267
[2020-09-16 20:53:54] SCN.cv1: Checkpoint saved to experiments/normal/ar1/SCN_ar1_h1
[2020-09-16 20:53:54] SCN.cv1: Hidden size: 11 	 
Training MSE: 0.01544432 	 Validating MSE: 0.02587157 	 Best VMSE: 0.02665514
[2020-09-16 20:53:54] SCN.cv1: Found new best state
[2020-09-16 20:53:54] SCN.cv1: Best vmse: 0.0259
[2020-09-16 20:53:54] SCN.cv1: Checkpoint saved to experiments/normal/ar1/SCN_ar1_h1
[2020-09-16 20:53:54] SCN.cv1: Hidden size: 12 	 
Training MSE: 0.01507780 	 Validating MSE: 0.04503777 	 Best VMSE: 0.02587157
[2020-09-16 20:53:54] SCN.cv1: Checkpoint saved to experiments/normal/ar1/SCN_ar1_h1
[2020-09-16 20:53:54] SCN.cv1: Hidden size: 13 	 
Training MSE: 0.01495542 	 Validating MSE: 0.03771026 	 Best VMSE: 0.02587157
[2020-09-16 20:53:54] SCN.cv1: Checkpoint saved to experiments/normal/ar1/SCN_ar1_h1
[2020-09-16 20:53:55] SCN.cv1: Hidden size: 14 	 
Training MSE: 0.01474051 	 Validating MSE: 0.04435753 	 Best VMSE: 0.02587157
[2020-09-16 20:53:55] SCN.cv1: Checkpoint saved to experiments/normal/ar1/SCN_ar1_h1
[2020-09-16 20:53:55] SCN.cv1: Hidden size: 15 	 
Training MSE: 0.01447497 	 Validating MSE: 0.05161773 	 Best VMSE: 0.02587157
[2020-09-16 20:53:55] SCN.cv1: Checkpoint saved to experiments/normal/ar1/SCN_ar1_h1
[2020-09-16 20:53:55] SCN.cv1: Hidden size: 16 	 
Training MSE: 0.01428859 	 Validating MSE: 0.06768648 	 Best VMSE: 0.02587157
[2020-09-16 20:53:55] SCN.cv1: Checkpoint saved to experiments/normal/ar1/SCN_ar1_h1
[2020-09-16 20:53:55] SCN.cv1: Hidden size: 17 	 
Training MSE: 0.01415032 	 Validating MSE: 0.07468276 	 Best VMSE: 0.02587157
[2020-09-16 20:53:55] SCN.cv1: Checkpoint saved to experiments/normal/ar1/SCN_ar1_h1
[2020-09-16 20:53:55] SCN.cv1: Hidden size: 18 	 
Training MSE: 0.01406705 	 Validating MSE: 0.09978224 	 Best VMSE: 0.02587157
[2020-09-16 20:53:55] SCN.cv1: Checkpoint saved to experiments/normal/ar1/SCN_ar1_h1
[2020-09-16 20:53:55] SCN.cv1: Hidden size: 19 	 
Training MSE: 0.01377037 	 Validating MSE: 0.07278435 	 Best VMSE: 0.02587157
[2020-09-16 20:53:55] SCN.cv1: Checkpoint saved to experiments/normal/ar1/SCN_ar1_h1
[2020-09-16 20:53:56] SCN.cv1: Hidden size: 20 	 
Training MSE: 0.01361179 	 Validating MSE: 0.06207076 	 Best VMSE: 0.02587157
[2020-09-16 20:53:56] SCN.cv1: Checkpoint saved to experiments/normal/ar1/SCN_ar1_h1
[2020-09-16 20:53:56] SCN.cv1: Hidden size: 21 	 
Training MSE: 0.01341501 	 Validating MSE: 0.18617626 	 Best VMSE: 0.02587157
[2020-09-16 20:53:56] SCN.cv1: Checkpoint saved to experiments/normal/ar1/SCN_ar1_h1
[2020-09-16 20:53:56] SCN.cv1: Hidden size: 22 	 
Training MSE: 0.01324033 	 Validating MSE: 0.17118733 	 Best VMSE: 0.02587157
[2020-09-16 20:53:56] SCN.cv1: Checkpoint saved to experiments/normal/ar1/SCN_ar1_h1
[2020-09-16 20:53:56] SCN.cv1: Hidden size: 23 	 
Training MSE: 0.01312672 	 Validating MSE: 0.17014331 	 Best VMSE: 0.02587157
[2020-09-16 20:53:56] SCN.cv1: Checkpoint saved to experiments/normal/ar1/SCN_ar1_h1
[2020-09-16 20:53:56] SCN.cv1: Hidden size: 24 	 
Training MSE: 0.01306008 	 Validating MSE: 0.09940986 	 Best VMSE: 0.02587157
[2020-09-16 20:53:56] SCN.cv1: Checkpoint saved to experiments/normal/ar1/SCN_ar1_h1
[2020-09-16 20:53:56] SCN.cv1: Hidden size: 25 	 
Training MSE: 0.01292565 	 Validating MSE: 0.04972040 	 Best VMSE: 0.02587157
[2020-09-16 20:53:56] SCN.cv1: Checkpoint saved to experiments/normal/ar1/SCN_ar1_h1
[2020-09-16 20:53:57] SCN.cv1: Hidden size: 26 	 
Training MSE: 0.01284759 	 Validating MSE: 0.04942413 	 Best VMSE: 0.02587157
[2020-09-16 20:53:57] SCN.cv1: Checkpoint saved to experiments/normal/ar1/SCN_ar1_h1
[2020-09-16 20:53:57] SCN.cv1: Hidden size: 27 	 
Training MSE: 0.01271581 	 Validating MSE: 0.04238302 	 Best VMSE: 0.02587157
[2020-09-16 20:53:57] SCN.cv1: Checkpoint saved to experiments/normal/ar1/SCN_ar1_h1
[2020-09-16 20:53:57] SCN.cv1: Hidden size: 28 	 
Training MSE: 0.01255542 	 Validating MSE: 0.03393427 	 Best VMSE: 0.02587157
[2020-09-16 20:53:57] SCN.cv1: Checkpoint saved to experiments/normal/ar1/SCN_ar1_h1
[2020-09-16 20:53:57] SCN.cv1: Hidden size: 29 	 
Training MSE: 0.01251494 	 Validating MSE: 0.04154740 	 Best VMSE: 0.02587157
[2020-09-16 20:53:57] SCN.cv1: Checkpoint saved to experiments/normal/ar1/SCN_ar1_h1
[2020-09-16 20:53:57] SCN.cv1: Hidden size: 30 	 
Training MSE: 0.01246695 	 Validating MSE: 0.04842717 	 Best VMSE: 0.02587157
[2020-09-16 20:53:57] SCN.cv1: Checkpoint saved to experiments/normal/ar1/SCN_ar1_h1
[2020-09-16 20:53:57] SCN.cv1: Hidden size: 31 	 
Training MSE: 0.01242999 	 Validating MSE: 0.05959358 	 Best VMSE: 0.02587157
[2020-09-16 20:53:57] SCN.cv1: Checkpoint saved to experiments/normal/ar1/SCN_ar1_h1
[2020-09-16 20:53:58] SCN.cv1: Hidden size: 32 	 
Training MSE: 0.01234335 	 Validating MSE: 0.16274290 	 Best VMSE: 0.02587157
[2020-09-16 20:53:58] SCN.cv1: Checkpoint saved to experiments/normal/ar1/SCN_ar1_h1
[2020-09-16 20:53:58] SCN.cv1: Hidden size: 33 	 
Training MSE: 0.01225814 	 Validating MSE: 0.24810018 	 Best VMSE: 0.02587157
[2020-09-16 20:53:58] SCN.cv1: Checkpoint saved to experiments/normal/ar1/SCN_ar1_h1
[2020-09-16 20:53:58] SCN.cv1: Hidden size: 34 	 
Training MSE: 0.01217104 	 Validating MSE: 0.43442744 	 Best VMSE: 0.02587157
[2020-09-16 20:53:58] SCN.cv1: Checkpoint saved to experiments/normal/ar1/SCN_ar1_h1
[2020-09-16 20:53:58] SCN.cv1: Hidden size: 35 	 
Training MSE: 0.01212365 	 Validating MSE: 0.66216177 	 Best VMSE: 0.02587157
[2020-09-16 20:53:58] SCN.cv1: Checkpoint saved to experiments/normal/ar1/SCN_ar1_h1
[2020-09-16 20:53:58] SCN.cv1: Hidden size: 36 	 
Training MSE: 0.01201752 	 Validating MSE: 0.83338273 	 Best VMSE: 0.02587157
[2020-09-16 20:53:58] SCN.cv1: Checkpoint saved to experiments/normal/ar1/SCN_ar1_h1
[2020-09-16 20:53:59] SCN.cv1: Hidden size: 37 	 
Training MSE: 0.01186987 	 Validating MSE: 1.48319232 	 Best VMSE: 0.02587157
[2020-09-16 20:53:59] SCN.cv1: Checkpoint saved to experiments/normal/ar1/SCN_ar1_h1
[2020-09-16 20:53:59] SCN.cv1: Hidden size: 38 	 
Training MSE: 0.01184322 	 Validating MSE: 1.57051611 	 Best VMSE: 0.02587157
[2020-09-16 20:53:59] SCN.cv1: Checkpoint saved to experiments/normal/ar1/SCN_ar1_h1
[2020-09-16 20:53:59] SCN.cv1: Hidden size: 39 	 
Training MSE: 0.01172969 	 Validating MSE: 1.98692894 	 Best VMSE: 0.02587157
[2020-09-16 20:53:59] SCN.cv1: Checkpoint saved to experiments/normal/ar1/SCN_ar1_h1
[2020-09-16 20:53:59] SCN.cv1: Hidden size: 40 	 
Training MSE: 0.01162984 	 Validating MSE: 1.94724238 	 Best VMSE: 0.02587157
[2020-09-16 20:53:59] SCN.cv1: Checkpoint saved to experiments/normal/ar1/SCN_ar1_h1
[2020-09-16 20:54:00] SCN.cv1: Hidden size: 41 	 
Training MSE: 0.01156986 	 Validating MSE: 2.19713950 	 Best VMSE: 0.02587157
[2020-09-16 20:54:00] SCN.cv1: Checkpoint saved to experiments/normal/ar1/SCN_ar1_h1
[2020-09-16 20:54:00] SCN.cv1: Hidden size: 42 	 
Training MSE: 0.01154896 	 Validating MSE: 2.46858191 	 Best VMSE: 0.02587157
[2020-09-16 20:54:00] SCN.cv1: Checkpoint saved to experiments/normal/ar1/SCN_ar1_h1
[2020-09-16 20:54:00] SCN.cv1: Hidden size: 43 	 
Training MSE: 0.01136144 	 Validating MSE: 2.71180439 	 Best VMSE: 0.02587157
[2020-09-16 20:54:00] SCN.cv1: Checkpoint saved to experiments/normal/ar1/SCN_ar1_h1
[2020-09-16 20:54:00] SCN.cv1: Hidden size: 44 	 
Training MSE: 0.01122793 	 Validating MSE: 3.05117178 	 Best VMSE: 0.02587157
[2020-09-16 20:54:00] SCN.cv1: Checkpoint saved to experiments/normal/ar1/SCN_ar1_h1
[2020-09-16 20:54:01] SCN.cv1: Hidden size: 45 	 
Training MSE: 0.01117448 	 Validating MSE: 3.35612512 	 Best VMSE: 0.02587157
[2020-09-16 20:54:01] SCN.cv1: Checkpoint saved to experiments/normal/ar1/SCN_ar1_h1
[2020-09-16 20:54:01] SCN.cv1: Hidden size: 46 	 
Training MSE: 0.01113371 	 Validating MSE: 3.39354753 	 Best VMSE: 0.02587157
[2020-09-16 20:54:01] SCN.cv1: Checkpoint saved to experiments/normal/ar1/SCN_ar1_h1
[2020-09-16 20:54:01] SCN.cv1: Hidden size: 47 	 
Training MSE: 0.01105684 	 Validating MSE: 3.83780694 	 Best VMSE: 0.02587157
[2020-09-16 20:54:01] SCN.cv1: Checkpoint saved to experiments/normal/ar1/SCN_ar1_h1
[2020-09-16 20:54:01] SCN.cv1: Hidden size: 48 	 
Training MSE: 0.01100539 	 Validating MSE: 4.09487343 	 Best VMSE: 0.02587157
[2020-09-16 20:54:01] SCN.cv1: Checkpoint saved to experiments/normal/ar1/SCN_ar1_h1
[2020-09-16 20:54:02] SCN.cv1: Hidden size: 49 	 
Training MSE: 0.01093319 	 Validating MSE: 4.11759472 	 Best VMSE: 0.02587157
[2020-09-16 20:54:02] SCN.cv1: Checkpoint saved to experiments/normal/ar1/SCN_ar1_h1
[2020-09-16 20:54:02] SCN.cv1: Hidden size: 50 	 
Training MSE: 0.01081089 	 Validating MSE: 4.73190641 	 Best VMSE: 0.02587157
[2020-09-16 20:54:02] SCN.cv1: Checkpoint saved to experiments/normal/ar1/SCN_ar1_h1
[2020-09-16 20:54:02] SCN.cv1: Hidden size: 51 	 
Training MSE: 0.01069217 	 Validating MSE: 5.69051600 	 Best VMSE: 0.02587157
[2020-09-16 20:54:02] SCN.cv1: Checkpoint saved to experiments/normal/ar1/SCN_ar1_h1
[2020-09-16 20:54:02] SCN.cv1: Hidden size: 52 	 
Training MSE: 0.01061817 	 Validating MSE: 6.19574070 	 Best VMSE: 0.02587157
[2020-09-16 20:54:02] SCN.cv1: Checkpoint saved to experiments/normal/ar1/SCN_ar1_h1
[2020-09-16 20:54:03] SCN.cv1: Hidden size: 53 	 
Training MSE: 0.01038149 	 Validating MSE: 7.55309820 	 Best VMSE: 0.02587157
[2020-09-16 20:54:03] SCN.cv1: Checkpoint saved to experiments/normal/ar1/SCN_ar1_h1
[2020-09-16 20:54:03] SCN.cv1: Hidden size: 54 	 
Training MSE: 0.01029940 	 Validating MSE: 6.96098757 	 Best VMSE: 0.02587157
[2020-09-16 20:54:03] SCN.cv1: Checkpoint saved to experiments/normal/ar1/SCN_ar1_h1
[2020-09-16 20:54:03] SCN.cv1: Hidden size: 55 	 
Training MSE: 0.01018531 	 Validating MSE: 7.95647955 	 Best VMSE: 0.02587157
[2020-09-16 20:54:03] SCN.cv1: Checkpoint saved to experiments/normal/ar1/SCN_ar1_h1
[2020-09-16 20:54:04] SCN.cv1: Hidden size: 56 	 
Training MSE: 0.01012154 	 Validating MSE: 7.73242044 	 Best VMSE: 0.02587157
[2020-09-16 20:54:04] SCN.cv1: Checkpoint saved to experiments/normal/ar1/SCN_ar1_h1
[2020-09-16 20:54:04] SCN.cv1: Hidden size: 57 	 
Training MSE: 0.01007964 	 Validating MSE: 7.83549500 	 Best VMSE: 0.02587157
[2020-09-16 20:54:04] SCN.cv1: Checkpoint saved to experiments/normal/ar1/SCN_ar1_h1
[2020-09-16 20:54:04] SCN.cv1: Hidden size: 58 	 
Training MSE: 0.01000145 	 Validating MSE: 8.17467022 	 Best VMSE: 0.02587157
[2020-09-16 20:54:04] SCN.cv1: Checkpoint saved to experiments/normal/ar1/SCN_ar1_h1
[2020-09-16 20:54:04] SCN.cv1: Hidden size: 59 	 
Training MSE: 0.00990455 	 Validating MSE: 7.90865660 	 Best VMSE: 0.02587157
[2020-09-16 20:54:04] SCN.cv1: Checkpoint saved to experiments/normal/ar1/SCN_ar1_h1
[2020-09-16 20:54:05] SCN.cv1: Hidden size: 60 	 
Training MSE: 0.00977861 	 Validating MSE: 9.99928284 	 Best VMSE: 0.02587157
[2020-09-16 20:54:05] SCN.cv1: Checkpoint saved to experiments/normal/ar1/SCN_ar1_h1
[2020-09-16 20:54:05] SCN.cv1: Hidden size: 61 	 
Training MSE: 0.00968153 	 Validating MSE: 10.39554501 	 Best VMSE: 0.02587157
[2020-09-16 20:54:05] SCN.cv1: Checkpoint saved to experiments/normal/ar1/SCN_ar1_h1
[2020-09-16 20:54:05] SCN.cv1: Hidden size: 62 	 
Training MSE: 0.00959034 	 Validating MSE: 10.01267910 	 Best VMSE: 0.02587157
[2020-09-16 20:54:05] SCN.cv1: Checkpoint saved to experiments/normal/ar1/SCN_ar1_h1
[2020-09-16 20:54:06] SCN.cv1: Hidden size: 63 	 
Training MSE: 0.00949632 	 Validating MSE: 11.15366459 	 Best VMSE: 0.02587157
[2020-09-16 20:54:06] SCN.cv1: Checkpoint saved to experiments/normal/ar1/SCN_ar1_h1
[2020-09-16 20:54:06] SCN.cv1: Hidden size: 64 	 
Training MSE: 0.00940189 	 Validating MSE: 11.51056671 	 Best VMSE: 0.02587157
[2020-09-16 20:54:06] SCN.cv1: Checkpoint saved to experiments/normal/ar1/SCN_ar1_h1
[2020-09-16 20:54:06] SCN.cv1: Hidden size: 65 	 
Training MSE: 0.00933164 	 Validating MSE: 9.74220848 	 Best VMSE: 0.02587157
[2020-09-16 20:54:06] SCN.cv1: Checkpoint saved to experiments/normal/ar1/SCN_ar1_h1
[2020-09-16 20:54:06] SCN.cv1: Hidden size: 66 	 
Training MSE: 0.00925216 	 Validating MSE: 8.94322300 	 Best VMSE: 0.02587157
[2020-09-16 20:54:06] SCN.cv1: Checkpoint saved to experiments/normal/ar1/SCN_ar1_h1
[2020-09-16 20:54:07] SCN.cv1: Hidden size: 67 	 
Training MSE: 0.00918932 	 Validating MSE: 9.88764668 	 Best VMSE: 0.02587157
[2020-09-16 20:54:07] SCN.cv1: Checkpoint saved to experiments/normal/ar1/SCN_ar1_h1
[2020-09-16 20:54:07] SCN.cv1: Hidden size: 68 	 
Training MSE: 0.00909849 	 Validating MSE: 10.23607635 	 Best VMSE: 0.02587157
[2020-09-16 20:54:07] SCN.cv1: Checkpoint saved to experiments/normal/ar1/SCN_ar1_h1
[2020-09-16 20:54:07] SCN.cv1: Hidden size: 69 	 
Training MSE: 0.00899828 	 Validating MSE: 9.63028240 	 Best VMSE: 0.02587157
[2020-09-16 20:54:07] SCN.cv1: Checkpoint saved to experiments/normal/ar1/SCN_ar1_h1
[2020-09-16 20:54:07] SCN.cv1: Hidden size: 70 	 
Training MSE: 0.00894732 	 Validating MSE: 8.59869194 	 Best VMSE: 0.02587157
[2020-09-16 20:54:07] SCN.cv1: Checkpoint saved to experiments/normal/ar1/SCN_ar1_h1
[2020-09-16 20:54:08] SCN.cv1: Hidden size: 71 	 
Training MSE: 0.00879359 	 Validating MSE: 9.35426426 	 Best VMSE: 0.02587157
[2020-09-16 20:54:08] SCN.cv1: Checkpoint saved to experiments/normal/ar1/SCN_ar1_h1
[2020-09-16 20:54:08] SCN.cv1: Hidden size: 72 	 
Training MSE: 0.00871576 	 Validating MSE: 10.22092819 	 Best VMSE: 0.02587157
[2020-09-16 20:54:08] SCN.cv1: Checkpoint saved to experiments/normal/ar1/SCN_ar1_h1
[2020-09-16 20:54:08] SCN.cv1: Hidden size: 73 	 
Training MSE: 0.00867500 	 Validating MSE: 9.99616528 	 Best VMSE: 0.02587157
[2020-09-16 20:54:08] SCN.cv1: Checkpoint saved to experiments/normal/ar1/SCN_ar1_h1
[2020-09-16 20:54:09] SCN.cv1: Hidden size: 74 	 
Training MSE: 0.00857973 	 Validating MSE: 10.59829044 	 Best VMSE: 0.02587157
[2020-09-16 20:54:09] SCN.cv1: Checkpoint saved to experiments/normal/ar1/SCN_ar1_h1
[2020-09-16 20:54:09] SCN.cv1: Hidden size: 75 	 
Training MSE: 0.00853978 	 Validating MSE: 12.15469742 	 Best VMSE: 0.02587157
[2020-09-16 20:54:09] SCN.cv1: Checkpoint saved to experiments/normal/ar1/SCN_ar1_h1
[2020-09-16 20:54:09] SCN.cv1: Hidden size: 76 	 
Training MSE: 0.00837415 	 Validating MSE: 11.72034359 	 Best VMSE: 0.02587157
[2020-09-16 20:54:09] SCN.cv1: Checkpoint saved to experiments/normal/ar1/SCN_ar1_h1
[2020-09-16 20:54:09] SCN.cv1: Hidden size: 77 	 
Training MSE: 0.00831259 	 Validating MSE: 11.53891659 	 Best VMSE: 0.02587157
[2020-09-16 20:54:09] SCN.cv1: Checkpoint saved to experiments/normal/ar1/SCN_ar1_h1
[2020-09-16 20:54:10] SCN.cv1: Hidden size: 78 	 
Training MSE: 0.00824013 	 Validating MSE: 11.39655399 	 Best VMSE: 0.02587157
[2020-09-16 20:54:10] SCN.cv1: Checkpoint saved to experiments/normal/ar1/SCN_ar1_h1
[2020-09-16 20:54:10] SCN.cv1: Hidden size: 79 	 
Training MSE: 0.00815570 	 Validating MSE: 13.34031582 	 Best VMSE: 0.02587157
[2020-09-16 20:54:10] SCN.cv1: Checkpoint saved to experiments/normal/ar1/SCN_ar1_h1
[2020-09-16 20:54:10] SCN.cv1: Hidden size: 80 	 
Training MSE: 0.00810705 	 Validating MSE: 13.84922409 	 Best VMSE: 0.02587157
[2020-09-16 20:54:10] SCN.cv1: Checkpoint saved to experiments/normal/ar1/SCN_ar1_h1
[2020-09-16 20:54:11] SCN.cv1: Hidden size: 81 	 
Training MSE: 0.00804956 	 Validating MSE: 14.93180847 	 Best VMSE: 0.02587157
[2020-09-16 20:54:11] SCN.cv1: Checkpoint saved to experiments/normal/ar1/SCN_ar1_h1
[2020-09-16 20:54:11] SCN.cv1: Hidden size: 82 	 
Training MSE: 0.00799093 	 Validating MSE: 15.08511162 	 Best VMSE: 0.02587157
[2020-09-16 20:54:11] SCN.cv1: Checkpoint saved to experiments/normal/ar1/SCN_ar1_h1
[2020-09-16 20:54:11] SCN.cv1: Hidden size: 83 	 
Training MSE: 0.00797372 	 Validating MSE: 14.50215244 	 Best VMSE: 0.02587157
[2020-09-16 20:54:11] SCN.cv1: Checkpoint saved to experiments/normal/ar1/SCN_ar1_h1
[2020-09-16 20:54:11] SCN.cv1: Hidden size: 84 	 
Training MSE: 0.00784550 	 Validating MSE: 14.59304333 	 Best VMSE: 0.02587157
[2020-09-16 20:54:11] SCN.cv1: Checkpoint saved to experiments/normal/ar1/SCN_ar1_h1
[2020-09-16 20:54:12] SCN.cv1: Hidden size: 85 	 
Training MSE: 0.00781326 	 Validating MSE: 14.25940228 	 Best VMSE: 0.02587157
[2020-09-16 20:54:12] SCN.cv1: Checkpoint saved to experiments/normal/ar1/SCN_ar1_h1
[2020-09-16 20:54:12] SCN.cv1: Hidden size: 86 	 
Training MSE: 0.00770910 	 Validating MSE: 13.34911156 	 Best VMSE: 0.02587157
[2020-09-16 20:54:12] SCN.cv1: Checkpoint saved to experiments/normal/ar1/SCN_ar1_h1
[2020-09-16 20:54:12] SCN.cv1: Hidden size: 87 	 
Training MSE: 0.00764096 	 Validating MSE: 13.74696922 	 Best VMSE: 0.02587157
[2020-09-16 20:54:12] SCN.cv1: Checkpoint saved to experiments/normal/ar1/SCN_ar1_h1
[2020-09-16 20:54:13] SCN.cv1: Hidden size: 88 	 
Training MSE: 0.00750717 	 Validating MSE: 15.44550896 	 Best VMSE: 0.02587157
[2020-09-16 20:54:13] SCN.cv1: Checkpoint saved to experiments/normal/ar1/SCN_ar1_h1
[2020-09-16 20:54:13] SCN.cv1: Hidden size: 89 	 
Training MSE: 0.00744802 	 Validating MSE: 16.33492470 	 Best VMSE: 0.02587157
[2020-09-16 20:54:13] SCN.cv1: Checkpoint saved to experiments/normal/ar1/SCN_ar1_h1
[2020-09-16 20:54:13] SCN.cv1: Hidden size: 90 	 
Training MSE: 0.00734498 	 Validating MSE: 17.76333809 	 Best VMSE: 0.02587157
[2020-09-16 20:54:13] SCN.cv1: Checkpoint saved to experiments/normal/ar1/SCN_ar1_h1
[2020-09-16 20:54:13] SCN.cv1: Hidden size: 91 	 
Training MSE: 0.00729445 	 Validating MSE: 20.24112511 	 Best VMSE: 0.02587157
[2020-09-16 20:54:13] SCN.cv1: Checkpoint saved to experiments/normal/ar1/SCN_ar1_h1
[2020-09-16 20:54:14] SCN.cv1: Hidden size: 92 	 
Training MSE: 0.00721460 	 Validating MSE: 19.46160316 	 Best VMSE: 0.02587157
[2020-09-16 20:54:14] SCN.cv1: Checkpoint saved to experiments/normal/ar1/SCN_ar1_h1
[2020-09-16 20:54:14] SCN.cv1: Hidden size: 93 	 
Training MSE: 0.00720347 	 Validating MSE: 19.09774590 	 Best VMSE: 0.02587157
[2020-09-16 20:54:14] SCN.cv1: Checkpoint saved to experiments/normal/ar1/SCN_ar1_h1
[2020-09-16 20:54:14] SCN.cv1: Hidden size: 94 	 
Training MSE: 0.00709275 	 Validating MSE: 18.97498894 	 Best VMSE: 0.02587157
[2020-09-16 20:54:14] SCN.cv1: Checkpoint saved to experiments/normal/ar1/SCN_ar1_h1
[2020-09-16 20:54:15] SCN.cv1: Hidden size: 95 	 
Training MSE: 0.00707277 	 Validating MSE: 19.80589867 	 Best VMSE: 0.02587157
[2020-09-16 20:54:15] SCN.cv1: Checkpoint saved to experiments/normal/ar1/SCN_ar1_h1
[2020-09-16 20:54:15] SCN.cv1: Hidden size: 96 	 
Training MSE: 0.00698565 	 Validating MSE: 22.49945450 	 Best VMSE: 0.02587157
[2020-09-16 20:54:15] SCN.cv1: Checkpoint saved to experiments/normal/ar1/SCN_ar1_h1
[2020-09-16 20:54:15] SCN.cv1: Hidden size: 97 	 
Training MSE: 0.00691417 	 Validating MSE: 26.73306847 	 Best VMSE: 0.02587157
[2020-09-16 20:54:15] SCN.cv1: Checkpoint saved to experiments/normal/ar1/SCN_ar1_h1
[2020-09-16 20:54:15] SCN.cv1: Hidden size: 98 	 
Training MSE: 0.00686620 	 Validating MSE: 27.79784203 	 Best VMSE: 0.02587157
[2020-09-16 20:54:15] SCN.cv1: Checkpoint saved to experiments/normal/ar1/SCN_ar1_h1
[2020-09-16 20:54:16] SCN.cv1: Hidden size: 99 	 
Training MSE: 0.00681533 	 Validating MSE: 29.96921921 	 Best VMSE: 0.02587157
[2020-09-16 20:54:16] SCN.cv1: Checkpoint saved to experiments/normal/ar1/SCN_ar1_h1
[2020-09-16 20:54:16] SCN.cv1: Hidden size: 100 	 
Training MSE: 0.00676575 	 Validating MSE: 31.69502068 	 Best VMSE: 0.02587157
[2020-09-16 20:54:16] SCN.cv1: Checkpoint saved to experiments/normal/ar1/SCN_ar1_h1
[2020-09-16 20:54:16] SCN.cv1: Restoring best parameters from experiments/normal/ar1/SCN_ar1_h1/train.cv1.pth.tar
[2020-09-16 20:54:16] SCN.cv1: ar1	 H: 1	 Trail: 3 
Testing RMSE: 0.2709 	 MAPE: 0.05052 	 SMAPE: 0.02619
