[2020-09-16 21:03:50] SCN.cv15: Loading the datasets and model for 29th-batch-training
[2020-09-16 21:03:50] SCN.cv15: Argument hidden_size: 100
[2020-09-16 21:03:50] SCN.cv15: Argument candidate_size: 300
[2020-09-16 21:03:50] SCN.cv15: Argument Lambdas: [0.5, 1, 5, 15, 30, 50, 100, 150, 200]
[2020-09-16 21:03:50] SCN.cv15: Argument Lambdas_std: [0.01, 0.05, 0.1, 0.5, 1]
[2020-09-16 21:03:50] SCN.cv15: Argument r: [0.8, 0.9, 0.99, 0.9999, 0.999999]
[2020-09-16 21:03:50] SCN.cv15: Argument tolerance: 0
[2020-09-16 21:03:50] SCN.cv15: Argument device: device(type='cuda')
[2020-09-16 21:03:50] SCN.cv15: Argument dataset: 'ar1'
[2020-09-16 21:03:50] SCN.cv15: Argument H: 1
[2020-09-16 21:03:50] SCN.cv15: Argument k: 5
[2020-09-16 21:03:50] SCN.cv15: Argument test: False
[2020-09-16 21:03:50] SCN.cv15: Argument normal: True
[2020-09-16 21:03:50] SCN.cv15: Argument diff: False
[2020-09-16 21:03:50] SCN.cv15: Argument times: 40
[2020-09-16 21:03:50] SCN.cv15: Argument datasets: {'ar1': {'lag_order': 15, 'normal': True, 'cov_dim': 0, 'kernel_size': 3}, 'wti': {'lag_order': 25, 'normal': True, 'cov_dim': 0, 'kernel_size': 5}, 'gold': {'lag_order': 25, 'normal': True, 'cov_dim': 0, 'kernel_size': 5}, 'sp': {'lag_order': 25, 'normal': True, 'cov_dim': 0, 'kernel_size': 5}, 'brent': {'lag_order': 24, 'normal': True, 'cov_dim': 0, 'kernel_size': 6}, 'sili': {'lag_order': 26, 'normal': True, 'cov_dim': 0, 'kernel_size': 6}}
[2020-09-16 21:03:50] SCN.cv15: Argument steps: 15
[2020-09-16 21:03:50] SCN.cv15: Argument experiment: 'experiments/normal/ar1'
[2020-09-16 21:03:50] SCN.cv15: Argument scaler: StandardScaler()
[2020-09-16 21:03:50] SCN.cv15: Argument model_name: 'SCN_ar1_h1'
[2020-09-16 21:03:50] SCN.cv15: Argument model_dir: 'experiments/normal/ar1/SCN_ar1_h1'
[2020-09-16 21:03:50] SCN.cv15: Argument restore: True
[2020-09-16 21:03:50] SCN.cv15: Argument cv: 15
[2020-09-16 21:03:50] SCN.cv15: Argument plot_dir: 'experiments/normal/ar1/SCN_ar1_h1/figures'
[2020-09-16 21:03:50] SCN.cv15: Using Cuda...
[2020-09-16 21:03:50] SCN.cv15: Loading complete.
[2020-09-16 21:03:50] SCN.cv15: Model: 
scnModel(
  (loss_fn): MSELoss()
)
[2020-09-16 21:03:50] SCN.cv15: Hidden size: 1 	 
Training MSE: 0.22517209 	 Validating MSE: 1.16225338 	 Best VMSE: 9999.00000000
[2020-09-16 21:03:50] SCN.cv15: Found new best state
[2020-09-16 21:03:50] SCN.cv15: Best vmse: 1.1623
[2020-09-16 21:03:50] SCN.cv15: Checkpoint saved to experiments/normal/ar1/SCN_ar1_h1
[2020-09-16 21:03:50] SCN.cv15: Hidden size: 2 	 
Training MSE: 0.09230355 	 Validating MSE: 0.10370620 	 Best VMSE: 1.16225338
[2020-09-16 21:03:50] SCN.cv15: Found new best state
[2020-09-16 21:03:50] SCN.cv15: Best vmse: 0.1037
[2020-09-16 21:03:50] SCN.cv15: Checkpoint saved to experiments/normal/ar1/SCN_ar1_h1
[2020-09-16 21:03:51] SCN.cv15: Hidden size: 3 	 
Training MSE: 0.08012421 	 Validating MSE: 0.10395005 	 Best VMSE: 0.10370620
[2020-09-16 21:03:51] SCN.cv15: Checkpoint saved to experiments/normal/ar1/SCN_ar1_h1
[2020-09-16 21:03:51] SCN.cv15: Hidden size: 4 	 
Training MSE: 0.04145413 	 Validating MSE: 0.19574818 	 Best VMSE: 0.10370620
[2020-09-16 21:03:51] SCN.cv15: Checkpoint saved to experiments/normal/ar1/SCN_ar1_h1
[2020-09-16 21:03:51] SCN.cv15: Hidden size: 5 	 
Training MSE: 0.03203273 	 Validating MSE: 0.13109444 	 Best VMSE: 0.10370620
[2020-09-16 21:03:51] SCN.cv15: Checkpoint saved to experiments/normal/ar1/SCN_ar1_h1
[2020-09-16 21:03:51] SCN.cv15: Hidden size: 6 	 
Training MSE: 0.02269601 	 Validating MSE: 0.05657757 	 Best VMSE: 0.10370620
[2020-09-16 21:03:51] SCN.cv15: Found new best state
[2020-09-16 21:03:51] SCN.cv15: Best vmse: 0.0566
[2020-09-16 21:03:51] SCN.cv15: Checkpoint saved to experiments/normal/ar1/SCN_ar1_h1
[2020-09-16 21:03:51] SCN.cv15: Hidden size: 7 	 
Training MSE: 0.01924624 	 Validating MSE: 0.08683984 	 Best VMSE: 0.05657757
[2020-09-16 21:03:51] SCN.cv15: Checkpoint saved to experiments/normal/ar1/SCN_ar1_h1
[2020-09-16 21:03:51] SCN.cv15: Hidden size: 8 	 
Training MSE: 0.01853595 	 Validating MSE: 0.08425150 	 Best VMSE: 0.05657757
[2020-09-16 21:03:51] SCN.cv15: Checkpoint saved to experiments/normal/ar1/SCN_ar1_h1
[2020-09-16 21:03:51] SCN.cv15: Hidden size: 9 	 
Training MSE: 0.01790185 	 Validating MSE: 0.07750922 	 Best VMSE: 0.05657757
[2020-09-16 21:03:51] SCN.cv15: Checkpoint saved to experiments/normal/ar1/SCN_ar1_h1
[2020-09-16 21:03:52] SCN.cv15: Hidden size: 10 	 
Training MSE: 0.01639696 	 Validating MSE: 0.07905253 	 Best VMSE: 0.05657757
[2020-09-16 21:03:52] SCN.cv15: Checkpoint saved to experiments/normal/ar1/SCN_ar1_h1
[2020-09-16 21:03:52] SCN.cv15: Hidden size: 11 	 
Training MSE: 0.01596138 	 Validating MSE: 0.07657898 	 Best VMSE: 0.05657757
[2020-09-16 21:03:52] SCN.cv15: Checkpoint saved to experiments/normal/ar1/SCN_ar1_h1
[2020-09-16 21:03:52] SCN.cv15: Hidden size: 12 	 
Training MSE: 0.01546467 	 Validating MSE: 0.05672204 	 Best VMSE: 0.05657757
[2020-09-16 21:03:52] SCN.cv15: Checkpoint saved to experiments/normal/ar1/SCN_ar1_h1
[2020-09-16 21:03:52] SCN.cv15: Hidden size: 13 	 
Training MSE: 0.01466103 	 Validating MSE: 0.02574264 	 Best VMSE: 0.05657757
[2020-09-16 21:03:52] SCN.cv15: Found new best state
[2020-09-16 21:03:52] SCN.cv15: Best vmse: 0.0257
[2020-09-16 21:03:52] SCN.cv15: Checkpoint saved to experiments/normal/ar1/SCN_ar1_h1
[2020-09-16 21:03:52] SCN.cv15: Hidden size: 14 	 
Training MSE: 0.01439703 	 Validating MSE: 0.02696086 	 Best VMSE: 0.02574264
[2020-09-16 21:03:52] SCN.cv15: Checkpoint saved to experiments/normal/ar1/SCN_ar1_h1
[2020-09-16 21:03:53] SCN.cv15: Hidden size: 15 	 
Training MSE: 0.01413845 	 Validating MSE: 0.02540402 	 Best VMSE: 0.02574264
[2020-09-16 21:03:53] SCN.cv15: Found new best state
[2020-09-16 21:03:53] SCN.cv15: Best vmse: 0.0254
[2020-09-16 21:03:53] SCN.cv15: Checkpoint saved to experiments/normal/ar1/SCN_ar1_h1
[2020-09-16 21:03:53] SCN.cv15: Hidden size: 16 	 
Training MSE: 0.01392212 	 Validating MSE: 0.02519109 	 Best VMSE: 0.02540402
[2020-09-16 21:03:53] SCN.cv15: Found new best state
[2020-09-16 21:03:53] SCN.cv15: Best vmse: 0.0252
[2020-09-16 21:03:53] SCN.cv15: Checkpoint saved to experiments/normal/ar1/SCN_ar1_h1
[2020-09-16 21:03:53] SCN.cv15: Hidden size: 17 	 
Training MSE: 0.01384315 	 Validating MSE: 0.03190374 	 Best VMSE: 0.02519109
[2020-09-16 21:03:53] SCN.cv15: Checkpoint saved to experiments/normal/ar1/SCN_ar1_h1
[2020-09-16 21:03:53] SCN.cv15: Hidden size: 18 	 
Training MSE: 0.01361175 	 Validating MSE: 0.04138475 	 Best VMSE: 0.02519109
[2020-09-16 21:03:53] SCN.cv15: Checkpoint saved to experiments/normal/ar1/SCN_ar1_h1
[2020-09-16 21:03:53] SCN.cv15: Hidden size: 19 	 
Training MSE: 0.01347037 	 Validating MSE: 0.06039394 	 Best VMSE: 0.02519109
[2020-09-16 21:03:53] SCN.cv15: Checkpoint saved to experiments/normal/ar1/SCN_ar1_h1
[2020-09-16 21:03:53] SCN.cv15: Hidden size: 20 	 
Training MSE: 0.01325651 	 Validating MSE: 0.09773561 	 Best VMSE: 0.02519109
[2020-09-16 21:03:53] SCN.cv15: Checkpoint saved to experiments/normal/ar1/SCN_ar1_h1
[2020-09-16 21:03:54] SCN.cv15: Hidden size: 21 	 
Training MSE: 0.01312758 	 Validating MSE: 0.22421493 	 Best VMSE: 0.02519109
[2020-09-16 21:03:54] SCN.cv15: Checkpoint saved to experiments/normal/ar1/SCN_ar1_h1
[2020-09-16 21:03:54] SCN.cv15: Hidden size: 22 	 
Training MSE: 0.01302643 	 Validating MSE: 0.32239562 	 Best VMSE: 0.02519109
[2020-09-16 21:03:54] SCN.cv15: Checkpoint saved to experiments/normal/ar1/SCN_ar1_h1
[2020-09-16 21:03:54] SCN.cv15: Hidden size: 23 	 
Training MSE: 0.01289948 	 Validating MSE: 0.40261173 	 Best VMSE: 0.02519109
[2020-09-16 21:03:54] SCN.cv15: Checkpoint saved to experiments/normal/ar1/SCN_ar1_h1
[2020-09-16 21:03:54] SCN.cv15: Hidden size: 24 	 
Training MSE: 0.01282453 	 Validating MSE: 0.44260848 	 Best VMSE: 0.02519109
[2020-09-16 21:03:54] SCN.cv15: Checkpoint saved to experiments/normal/ar1/SCN_ar1_h1
[2020-09-16 21:03:54] SCN.cv15: Hidden size: 25 	 
Training MSE: 0.01276081 	 Validating MSE: 0.44620821 	 Best VMSE: 0.02519109
[2020-09-16 21:03:54] SCN.cv15: Checkpoint saved to experiments/normal/ar1/SCN_ar1_h1
[2020-09-16 21:03:54] SCN.cv15: Hidden size: 26 	 
Training MSE: 0.01269999 	 Validating MSE: 0.59838283 	 Best VMSE: 0.02519109
[2020-09-16 21:03:54] SCN.cv15: Checkpoint saved to experiments/normal/ar1/SCN_ar1_h1
[2020-09-16 21:03:55] SCN.cv15: Hidden size: 27 	 
Training MSE: 0.01264963 	 Validating MSE: 0.57484365 	 Best VMSE: 0.02519109
[2020-09-16 21:03:55] SCN.cv15: Checkpoint saved to experiments/normal/ar1/SCN_ar1_h1
[2020-09-16 21:03:55] SCN.cv15: Hidden size: 28 	 
Training MSE: 0.01256583 	 Validating MSE: 0.46929699 	 Best VMSE: 0.02519109
[2020-09-16 21:03:55] SCN.cv15: Checkpoint saved to experiments/normal/ar1/SCN_ar1_h1
[2020-09-16 21:03:55] SCN.cv15: Hidden size: 29 	 
Training MSE: 0.01253640 	 Validating MSE: 0.43671298 	 Best VMSE: 0.02519109
[2020-09-16 21:03:55] SCN.cv15: Checkpoint saved to experiments/normal/ar1/SCN_ar1_h1
[2020-09-16 21:03:55] SCN.cv15: Hidden size: 30 	 
Training MSE: 0.01250004 	 Validating MSE: 0.58359140 	 Best VMSE: 0.02519109
[2020-09-16 21:03:55] SCN.cv15: Checkpoint saved to experiments/normal/ar1/SCN_ar1_h1
[2020-09-16 21:03:55] SCN.cv15: Hidden size: 31 	 
Training MSE: 0.01243221 	 Validating MSE: 0.53403956 	 Best VMSE: 0.02519109
[2020-09-16 21:03:55] SCN.cv15: Checkpoint saved to experiments/normal/ar1/SCN_ar1_h1
[2020-09-16 21:03:55] SCN.cv15: Hidden size: 32 	 
Training MSE: 0.01236088 	 Validating MSE: 0.58592981 	 Best VMSE: 0.02519109
[2020-09-16 21:03:55] SCN.cv15: Checkpoint saved to experiments/normal/ar1/SCN_ar1_h1
[2020-09-16 21:03:55] SCN.cv15: Hidden size: 33 	 
Training MSE: 0.01229151 	 Validating MSE: 0.38337857 	 Best VMSE: 0.02519109
[2020-09-16 21:03:55] SCN.cv15: Checkpoint saved to experiments/normal/ar1/SCN_ar1_h1
[2020-09-16 21:03:56] SCN.cv15: Hidden size: 34 	 
Training MSE: 0.01215303 	 Validating MSE: 0.37233141 	 Best VMSE: 0.02519109
[2020-09-16 21:03:56] SCN.cv15: Checkpoint saved to experiments/normal/ar1/SCN_ar1_h1
[2020-09-16 21:03:56] SCN.cv15: Hidden size: 35 	 
Training MSE: 0.01208644 	 Validating MSE: 0.35178286 	 Best VMSE: 0.02519109
[2020-09-16 21:03:56] SCN.cv15: Checkpoint saved to experiments/normal/ar1/SCN_ar1_h1
[2020-09-16 21:03:56] SCN.cv15: Hidden size: 36 	 
Training MSE: 0.01198911 	 Validating MSE: 0.32818088 	 Best VMSE: 0.02519109
[2020-09-16 21:03:56] SCN.cv15: Checkpoint saved to experiments/normal/ar1/SCN_ar1_h1
[2020-09-16 21:03:56] SCN.cv15: Hidden size: 37 	 
Training MSE: 0.01190811 	 Validating MSE: 0.31579089 	 Best VMSE: 0.02519109
[2020-09-16 21:03:56] SCN.cv15: Checkpoint saved to experiments/normal/ar1/SCN_ar1_h1
[2020-09-16 21:03:56] SCN.cv15: Hidden size: 38 	 
Training MSE: 0.01180785 	 Validating MSE: 0.54855448 	 Best VMSE: 0.02519109
[2020-09-16 21:03:56] SCN.cv15: Checkpoint saved to experiments/normal/ar1/SCN_ar1_h1
[2020-09-16 21:03:57] SCN.cv15: Hidden size: 39 	 
Training MSE: 0.01174135 	 Validating MSE: 0.74144512 	 Best VMSE: 0.02519109
[2020-09-16 21:03:57] SCN.cv15: Checkpoint saved to experiments/normal/ar1/SCN_ar1_h1
[2020-09-16 21:03:57] SCN.cv15: Hidden size: 40 	 
Training MSE: 0.01163097 	 Validating MSE: 0.90278143 	 Best VMSE: 0.02519109
[2020-09-16 21:03:57] SCN.cv15: Checkpoint saved to experiments/normal/ar1/SCN_ar1_h1
[2020-09-16 21:03:57] SCN.cv15: Hidden size: 41 	 
Training MSE: 0.01150598 	 Validating MSE: 1.08840013 	 Best VMSE: 0.02519109
[2020-09-16 21:03:57] SCN.cv15: Checkpoint saved to experiments/normal/ar1/SCN_ar1_h1
[2020-09-16 21:03:57] SCN.cv15: Hidden size: 42 	 
Training MSE: 0.01144484 	 Validating MSE: 1.12265730 	 Best VMSE: 0.02519109
[2020-09-16 21:03:57] SCN.cv15: Checkpoint saved to experiments/normal/ar1/SCN_ar1_h1
[2020-09-16 21:03:58] SCN.cv15: Hidden size: 43 	 
Training MSE: 0.01137681 	 Validating MSE: 1.26389682 	 Best VMSE: 0.02519109
[2020-09-16 21:03:58] SCN.cv15: Checkpoint saved to experiments/normal/ar1/SCN_ar1_h1
[2020-09-16 21:03:58] SCN.cv15: Hidden size: 44 	 
Training MSE: 0.01122313 	 Validating MSE: 0.82010126 	 Best VMSE: 0.02519109
[2020-09-16 21:03:58] SCN.cv15: Checkpoint saved to experiments/normal/ar1/SCN_ar1_h1
[2020-09-16 21:03:58] SCN.cv15: Hidden size: 45 	 
Training MSE: 0.01111891 	 Validating MSE: 0.67884159 	 Best VMSE: 0.02519109
[2020-09-16 21:03:58] SCN.cv15: Checkpoint saved to experiments/normal/ar1/SCN_ar1_h1
[2020-09-16 21:03:58] SCN.cv15: Hidden size: 46 	 
Training MSE: 0.01101522 	 Validating MSE: 0.73919135 	 Best VMSE: 0.02519109
[2020-09-16 21:03:58] SCN.cv15: Checkpoint saved to experiments/normal/ar1/SCN_ar1_h1
[2020-09-16 21:03:58] SCN.cv15: Hidden size: 47 	 
Training MSE: 0.01093384 	 Validating MSE: 0.89912277 	 Best VMSE: 0.02519109
[2020-09-16 21:03:58] SCN.cv15: Checkpoint saved to experiments/normal/ar1/SCN_ar1_h1
[2020-09-16 21:03:59] SCN.cv15: Hidden size: 48 	 
Training MSE: 0.01085167 	 Validating MSE: 0.51438165 	 Best VMSE: 0.02519109
[2020-09-16 21:03:59] SCN.cv15: Checkpoint saved to experiments/normal/ar1/SCN_ar1_h1
[2020-09-16 21:03:59] SCN.cv15: Hidden size: 49 	 
Training MSE: 0.01065329 	 Validating MSE: 0.41855949 	 Best VMSE: 0.02519109
[2020-09-16 21:03:59] SCN.cv15: Checkpoint saved to experiments/normal/ar1/SCN_ar1_h1
[2020-09-16 21:03:59] SCN.cv15: Hidden size: 50 	 
Training MSE: 0.01052599 	 Validating MSE: 0.63946414 	 Best VMSE: 0.02519109
[2020-09-16 21:03:59] SCN.cv15: Checkpoint saved to experiments/normal/ar1/SCN_ar1_h1
[2020-09-16 21:03:59] SCN.cv15: Hidden size: 51 	 
Training MSE: 0.01048459 	 Validating MSE: 0.80971926 	 Best VMSE: 0.02519109
[2020-09-16 21:03:59] SCN.cv15: Checkpoint saved to experiments/normal/ar1/SCN_ar1_h1
[2020-09-16 21:04:00] SCN.cv15: Hidden size: 52 	 
Training MSE: 0.01034710 	 Validating MSE: 0.98245895 	 Best VMSE: 0.02519109
[2020-09-16 21:04:00] SCN.cv15: Checkpoint saved to experiments/normal/ar1/SCN_ar1_h1
[2020-09-16 21:04:00] SCN.cv15: Hidden size: 53 	 
Training MSE: 0.01029277 	 Validating MSE: 1.25470388 	 Best VMSE: 0.02519109
[2020-09-16 21:04:00] SCN.cv15: Checkpoint saved to experiments/normal/ar1/SCN_ar1_h1
[2020-09-16 21:04:00] SCN.cv15: Hidden size: 54 	 
Training MSE: 0.01020439 	 Validating MSE: 1.29831076 	 Best VMSE: 0.02519109
[2020-09-16 21:04:00] SCN.cv15: Checkpoint saved to experiments/normal/ar1/SCN_ar1_h1
[2020-09-16 21:04:01] SCN.cv15: Hidden size: 55 	 
Training MSE: 0.01018105 	 Validating MSE: 1.34808004 	 Best VMSE: 0.02519109
[2020-09-16 21:04:01] SCN.cv15: Checkpoint saved to experiments/normal/ar1/SCN_ar1_h1
[2020-09-16 21:04:01] SCN.cv15: Hidden size: 56 	 
Training MSE: 0.01002966 	 Validating MSE: 1.51080644 	 Best VMSE: 0.02519109
[2020-09-16 21:04:01] SCN.cv15: Checkpoint saved to experiments/normal/ar1/SCN_ar1_h1
[2020-09-16 21:04:01] SCN.cv15: Hidden size: 57 	 
Training MSE: 0.00999172 	 Validating MSE: 1.50289702 	 Best VMSE: 0.02519109
[2020-09-16 21:04:01] SCN.cv15: Checkpoint saved to experiments/normal/ar1/SCN_ar1_h1
[2020-09-16 21:04:01] SCN.cv15: Hidden size: 58 	 
Training MSE: 0.00992483 	 Validating MSE: 1.25736964 	 Best VMSE: 0.02519109
[2020-09-16 21:04:01] SCN.cv15: Checkpoint saved to experiments/normal/ar1/SCN_ar1_h1
[2020-09-16 21:04:02] SCN.cv15: Hidden size: 59 	 
Training MSE: 0.00975801 	 Validating MSE: 1.86034131 	 Best VMSE: 0.02519109
[2020-09-16 21:04:02] SCN.cv15: Checkpoint saved to experiments/normal/ar1/SCN_ar1_h1
[2020-09-16 21:04:02] SCN.cv15: Hidden size: 60 	 
Training MSE: 0.00973083 	 Validating MSE: 2.05680466 	 Best VMSE: 0.02519109
[2020-09-16 21:04:02] SCN.cv15: Checkpoint saved to experiments/normal/ar1/SCN_ar1_h1
[2020-09-16 21:04:02] SCN.cv15: Hidden size: 61 	 
Training MSE: 0.00963584 	 Validating MSE: 1.73585784 	 Best VMSE: 0.02519109
[2020-09-16 21:04:02] SCN.cv15: Checkpoint saved to experiments/normal/ar1/SCN_ar1_h1
[2020-09-16 21:04:03] SCN.cv15: Hidden size: 62 	 
Training MSE: 0.00955855 	 Validating MSE: 1.37684298 	 Best VMSE: 0.02519109
[2020-09-16 21:04:03] SCN.cv15: Checkpoint saved to experiments/normal/ar1/SCN_ar1_h1
[2020-09-16 21:04:03] SCN.cv15: Hidden size: 63 	 
Training MSE: 0.00940698 	 Validating MSE: 1.49107087 	 Best VMSE: 0.02519109
[2020-09-16 21:04:03] SCN.cv15: Checkpoint saved to experiments/normal/ar1/SCN_ar1_h1
[2020-09-16 21:04:03] SCN.cv15: Hidden size: 64 	 
Training MSE: 0.00933183 	 Validating MSE: 1.70128286 	 Best VMSE: 0.02519109
[2020-09-16 21:04:03] SCN.cv15: Checkpoint saved to experiments/normal/ar1/SCN_ar1_h1
[2020-09-16 21:04:03] SCN.cv15: Hidden size: 65 	 
Training MSE: 0.00928907 	 Validating MSE: 2.16560197 	 Best VMSE: 0.02519109
[2020-09-16 21:04:03] SCN.cv15: Checkpoint saved to experiments/normal/ar1/SCN_ar1_h1
[2020-09-16 21:04:04] SCN.cv15: Hidden size: 66 	 
Training MSE: 0.00920582 	 Validating MSE: 2.21356964 	 Best VMSE: 0.02519109
[2020-09-16 21:04:04] SCN.cv15: Checkpoint saved to experiments/normal/ar1/SCN_ar1_h1
[2020-09-16 21:04:04] SCN.cv15: Hidden size: 67 	 
Training MSE: 0.00903815 	 Validating MSE: 2.59944367 	 Best VMSE: 0.02519109
[2020-09-16 21:04:04] SCN.cv15: Checkpoint saved to experiments/normal/ar1/SCN_ar1_h1
[2020-09-16 21:04:04] SCN.cv15: Hidden size: 68 	 
Training MSE: 0.00899413 	 Validating MSE: 3.09179926 	 Best VMSE: 0.02519109
[2020-09-16 21:04:04] SCN.cv15: Checkpoint saved to experiments/normal/ar1/SCN_ar1_h1
[2020-09-16 21:04:04] SCN.cv15: Hidden size: 69 	 
Training MSE: 0.00888396 	 Validating MSE: 3.85094786 	 Best VMSE: 0.02519109
[2020-09-16 21:04:04] SCN.cv15: Checkpoint saved to experiments/normal/ar1/SCN_ar1_h1
[2020-09-16 21:04:05] SCN.cv15: Hidden size: 70 	 
Training MSE: 0.00877148 	 Validating MSE: 3.60962224 	 Best VMSE: 0.02519109
[2020-09-16 21:04:05] SCN.cv15: Checkpoint saved to experiments/normal/ar1/SCN_ar1_h1
[2020-09-16 21:04:05] SCN.cv15: Hidden size: 71 	 
Training MSE: 0.00866026 	 Validating MSE: 4.15057611 	 Best VMSE: 0.02519109
[2020-09-16 21:04:05] SCN.cv15: Checkpoint saved to experiments/normal/ar1/SCN_ar1_h1
[2020-09-16 21:04:05] SCN.cv15: Hidden size: 72 	 
Training MSE: 0.00853994 	 Validating MSE: 4.24254990 	 Best VMSE: 0.02519109
[2020-09-16 21:04:05] SCN.cv15: Checkpoint saved to experiments/normal/ar1/SCN_ar1_h1
[2020-09-16 21:04:06] SCN.cv15: Hidden size: 73 	 
Training MSE: 0.00847533 	 Validating MSE: 4.87954521 	 Best VMSE: 0.02519109
[2020-09-16 21:04:06] SCN.cv15: Checkpoint saved to experiments/normal/ar1/SCN_ar1_h1
[2020-09-16 21:04:06] SCN.cv15: Hidden size: 74 	 
Training MSE: 0.00840728 	 Validating MSE: 4.85210943 	 Best VMSE: 0.02519109
[2020-09-16 21:04:06] SCN.cv15: Checkpoint saved to experiments/normal/ar1/SCN_ar1_h1
[2020-09-16 21:04:06] SCN.cv15: Hidden size: 75 	 
Training MSE: 0.00821904 	 Validating MSE: 5.20758200 	 Best VMSE: 0.02519109
[2020-09-16 21:04:06] SCN.cv15: Checkpoint saved to experiments/normal/ar1/SCN_ar1_h1
[2020-09-16 21:04:06] SCN.cv15: Hidden size: 76 	 
Training MSE: 0.00817827 	 Validating MSE: 5.37064505 	 Best VMSE: 0.02519109
[2020-09-16 21:04:06] SCN.cv15: Checkpoint saved to experiments/normal/ar1/SCN_ar1_h1
[2020-09-16 21:04:07] SCN.cv15: Hidden size: 77 	 
Training MSE: 0.00807591 	 Validating MSE: 5.49937057 	 Best VMSE: 0.02519109
[2020-09-16 21:04:07] SCN.cv15: Checkpoint saved to experiments/normal/ar1/SCN_ar1_h1
[2020-09-16 21:04:07] SCN.cv15: Hidden size: 78 	 
Training MSE: 0.00803572 	 Validating MSE: 5.62938166 	 Best VMSE: 0.02519109
[2020-09-16 21:04:07] SCN.cv15: Checkpoint saved to experiments/normal/ar1/SCN_ar1_h1
[2020-09-16 21:04:07] SCN.cv15: Hidden size: 79 	 
Training MSE: 0.00792378 	 Validating MSE: 5.80167437 	 Best VMSE: 0.02519109
[2020-09-16 21:04:07] SCN.cv15: Checkpoint saved to experiments/normal/ar1/SCN_ar1_h1
[2020-09-16 21:04:07] SCN.cv15: Hidden size: 80 	 
Training MSE: 0.00780530 	 Validating MSE: 5.17547846 	 Best VMSE: 0.02519109
[2020-09-16 21:04:07] SCN.cv15: Checkpoint saved to experiments/normal/ar1/SCN_ar1_h1
[2020-09-16 21:04:08] SCN.cv15: Hidden size: 81 	 
Training MSE: 0.00764815 	 Validating MSE: 6.72565794 	 Best VMSE: 0.02519109
[2020-09-16 21:04:08] SCN.cv15: Checkpoint saved to experiments/normal/ar1/SCN_ar1_h1
[2020-09-16 21:04:08] SCN.cv15: Hidden size: 82 	 
Training MSE: 0.00758485 	 Validating MSE: 5.10637712 	 Best VMSE: 0.02519109
[2020-09-16 21:04:08] SCN.cv15: Checkpoint saved to experiments/normal/ar1/SCN_ar1_h1
[2020-09-16 21:04:08] SCN.cv15: Hidden size: 83 	 
Training MSE: 0.00753928 	 Validating MSE: 5.77906322 	 Best VMSE: 0.02519109
[2020-09-16 21:04:08] SCN.cv15: Checkpoint saved to experiments/normal/ar1/SCN_ar1_h1
[2020-09-16 21:04:09] SCN.cv15: Hidden size: 84 	 
Training MSE: 0.00747289 	 Validating MSE: 5.95773649 	 Best VMSE: 0.02519109
[2020-09-16 21:04:09] SCN.cv15: Checkpoint saved to experiments/normal/ar1/SCN_ar1_h1
[2020-09-16 21:04:09] SCN.cv15: Hidden size: 85 	 
Training MSE: 0.00741067 	 Validating MSE: 5.78408384 	 Best VMSE: 0.02519109
[2020-09-16 21:04:09] SCN.cv15: Checkpoint saved to experiments/normal/ar1/SCN_ar1_h1
[2020-09-16 21:04:09] SCN.cv15: Hidden size: 86 	 
Training MSE: 0.00737247 	 Validating MSE: 5.17210865 	 Best VMSE: 0.02519109
[2020-09-16 21:04:09] SCN.cv15: Checkpoint saved to experiments/normal/ar1/SCN_ar1_h1
[2020-09-16 21:04:10] SCN.cv15: Hidden size: 87 	 
Training MSE: 0.00733681 	 Validating MSE: 5.18290424 	 Best VMSE: 0.02519109
[2020-09-16 21:04:10] SCN.cv15: Checkpoint saved to experiments/normal/ar1/SCN_ar1_h1
[2020-09-16 21:04:10] SCN.cv15: Hidden size: 88 	 
Training MSE: 0.00730670 	 Validating MSE: 5.38498688 	 Best VMSE: 0.02519109
[2020-09-16 21:04:10] SCN.cv15: Checkpoint saved to experiments/normal/ar1/SCN_ar1_h1
[2020-09-16 21:04:10] SCN.cv15: Hidden size: 89 	 
Training MSE: 0.00717699 	 Validating MSE: 5.43762112 	 Best VMSE: 0.02519109
[2020-09-16 21:04:10] SCN.cv15: Checkpoint saved to experiments/normal/ar1/SCN_ar1_h1
[2020-09-16 21:04:10] SCN.cv15: Hidden size: 90 	 
Training MSE: 0.00713504 	 Validating MSE: 5.88040829 	 Best VMSE: 0.02519109
[2020-09-16 21:04:10] SCN.cv15: Checkpoint saved to experiments/normal/ar1/SCN_ar1_h1
[2020-09-16 21:04:11] SCN.cv15: Hidden size: 91 	 
Training MSE: 0.00706707 	 Validating MSE: 6.76506042 	 Best VMSE: 0.02519109
[2020-09-16 21:04:11] SCN.cv15: Checkpoint saved to experiments/normal/ar1/SCN_ar1_h1
[2020-09-16 21:04:11] SCN.cv15: Hidden size: 92 	 
Training MSE: 0.00697764 	 Validating MSE: 6.23734331 	 Best VMSE: 0.02519109
[2020-09-16 21:04:11] SCN.cv15: Checkpoint saved to experiments/normal/ar1/SCN_ar1_h1
[2020-09-16 21:04:11] SCN.cv15: Hidden size: 93 	 
Training MSE: 0.00691360 	 Validating MSE: 6.97537756 	 Best VMSE: 0.02519109
[2020-09-16 21:04:11] SCN.cv15: Checkpoint saved to experiments/normal/ar1/SCN_ar1_h1
[2020-09-16 21:04:12] SCN.cv15: Hidden size: 94 	 
Training MSE: 0.00683146 	 Validating MSE: 7.68828154 	 Best VMSE: 0.02519109
[2020-09-16 21:04:12] SCN.cv15: Checkpoint saved to experiments/normal/ar1/SCN_ar1_h1
[2020-09-16 21:04:12] SCN.cv15: Hidden size: 95 	 
Training MSE: 0.00677803 	 Validating MSE: 6.99532509 	 Best VMSE: 0.02519109
[2020-09-16 21:04:12] SCN.cv15: Checkpoint saved to experiments/normal/ar1/SCN_ar1_h1
[2020-09-16 21:04:12] SCN.cv15: Hidden size: 96 	 
Training MSE: 0.00672275 	 Validating MSE: 7.05999517 	 Best VMSE: 0.02519109
[2020-09-16 21:04:12] SCN.cv15: Checkpoint saved to experiments/normal/ar1/SCN_ar1_h1
[2020-09-16 21:04:12] SCN.cv15: Hidden size: 97 	 
Training MSE: 0.00663498 	 Validating MSE: 7.33319330 	 Best VMSE: 0.02519109
[2020-09-16 21:04:12] SCN.cv15: Checkpoint saved to experiments/normal/ar1/SCN_ar1_h1
[2020-09-16 21:04:13] SCN.cv15: Hidden size: 98 	 
Training MSE: 0.00658223 	 Validating MSE: 6.37162876 	 Best VMSE: 0.02519109
[2020-09-16 21:04:13] SCN.cv15: Checkpoint saved to experiments/normal/ar1/SCN_ar1_h1
[2020-09-16 21:04:13] SCN.cv15: Hidden size: 99 	 
Training MSE: 0.00648121 	 Validating MSE: 5.64231443 	 Best VMSE: 0.02519109
[2020-09-16 21:04:13] SCN.cv15: Checkpoint saved to experiments/normal/ar1/SCN_ar1_h1
[2020-09-16 21:04:13] SCN.cv15: Hidden size: 100 	 
Training MSE: 0.00644498 	 Validating MSE: 5.52549267 	 Best VMSE: 0.02519109
[2020-09-16 21:04:13] SCN.cv15: Checkpoint saved to experiments/normal/ar1/SCN_ar1_h1
[2020-09-16 21:04:13] SCN.cv15: Restoring best parameters from experiments/normal/ar1/SCN_ar1_h1/train.cv15.pth.tar
[2020-09-16 21:04:13] SCN.cv15: ar1	 H: 1	 Trail: 29 
Testing RMSE: 0.232 	 MAPE: 0.04491 	 SMAPE: 0.02301
