[2020-10-23 13:25:32] esCNN.cv10: Loading the datasets and model for 29th-batch-training
[2020-10-23 13:25:32] esCNN.cv10: Argument channel_size: 100
[2020-10-23 13:25:32] esCNN.cv10: Argument candidate_size: 300
[2020-10-23 13:25:32] esCNN.cv10: Argument kernel_size: 6
[2020-10-23 13:25:32] esCNN.cv10: Argument kernel_list: [8, 6, 5, 4]
[2020-10-23 13:25:32] esCNN.cv10: Argument Lambdas: [0.5, 1, 5, 15, 30, 50, 100, 150, 200]
[2020-10-23 13:25:32] esCNN.cv10: Argument Lambdas_std: [0.01, 0.05, 0.1, 0.5, 1]
[2020-10-23 13:25:32] esCNN.cv10: Argument r: [0.8, 0.9, 0.99, 0.9999, 0.999999]
[2020-10-23 13:25:32] esCNN.cv10: Argument tolerance: 0
[2020-10-23 13:25:32] esCNN.cv10: Argument device: device(type='cuda')
[2020-10-23 13:25:32] esCNN.cv10: Argument dataset: 'sili'
[2020-10-23 13:25:32] esCNN.cv10: Argument H: 4
[2020-10-23 13:25:32] esCNN.cv10: Argument k: 5
[2020-10-23 13:25:32] esCNN.cv10: Argument test: False
[2020-10-23 13:25:32] esCNN.cv10: Argument search: 'random'
[2020-10-23 13:25:32] esCNN.cv10: Argument normal: True
[2020-10-23 13:25:32] esCNN.cv10: Argument diff: False
[2020-10-23 13:25:32] esCNN.cv10: Argument times: 60
[2020-10-23 13:25:32] esCNN.cv10: Argument datasets: {'ar1': {'lag_order': 15, 'normal': True, 'cov_dim': 0, 'kernel_size': 3}, 'wti': {'lag_order': 25, 'normal': True, 'cov_dim': 0, 'kernel_size': 5}, 'gold': {'lag_order': 25, 'normal': True, 'cov_dim': 0, 'kernel_size': 5}, 'sp': {'lag_order': 25, 'normal': True, 'cov_dim': 0, 'kernel_size': 5}, 'brent': {'lag_order': 24, 'normal': True, 'cov_dim': 0, 'kernel_size': 6}, 'sili': {'lag_order': 26, 'normal': True, 'cov_dim': 0, 'kernel_size': 6}}
[2020-10-23 13:25:32] esCNN.cv10: Argument steps: 26
[2020-10-23 13:25:32] esCNN.cv10: Argument cov_dim: 0
[2020-10-23 13:25:32] esCNN.cv10: Argument experiment: 'experiments/normal/sili'
[2020-10-23 13:25:32] esCNN.cv10: Argument scaler: StandardScaler()
[2020-10-23 13:25:32] esCNN.cv10: Argument model_name: 'esCNN_random_sili_h4'
[2020-10-23 13:25:32] esCNN.cv10: Argument model_dir: 'experiments/normal/sili/esCNN_random_sili_h4'
[2020-10-23 13:25:32] esCNN.cv10: Argument In_channels: 1
[2020-10-23 13:25:32] esCNN.cv10: Argument restore: True
[2020-10-23 13:25:32] esCNN.cv10: Argument cv: 10
[2020-10-23 13:25:32] esCNN.cv10: Argument plot_dir: 'experiments/normal/sili/esCNN_random_sili_h4/figures'
[2020-10-23 13:25:32] esCNN.cv10: Using Cuda...
[2020-10-23 13:25:32] esCNN.cv10: Loading complete.
[2020-10-23 13:25:32] esCNN.cv10: Model: 
ES_CNN(
  (Pool): AvgPool1d(kernel_size=(3,), stride=(1,), padding=(0,))
  (loss_fn): MSELoss()
)
[2020-10-23 13:25:32] esCNN.cv10: Found new best state
[2020-10-23 13:25:32] esCNN.cv10: Best vmse: 1.3335
[2020-10-23 13:25:32] esCNN.cv10: Channel size: 1 	 Kernel size: 6 
Training MSE: 0.28118145 	 Validating MSE: 1.33352351 	 Best VMSE: 1.33352351
[2020-10-23 13:25:32] esCNN.cv10: Checkpoint saved to experiments/normal/sili/esCNN_random_sili_h4
[2020-10-23 13:25:32] esCNN.cv10: Found new best state
[2020-10-23 13:25:32] esCNN.cv10: Best vmse: 0.8246
[2020-10-23 13:25:32] esCNN.cv10: Channel size: 2 	 Kernel size: 6 
Training MSE: 0.19370328 	 Validating MSE: 0.82460332 	 Best VMSE: 0.82460332
[2020-10-23 13:25:32] esCNN.cv10: Checkpoint saved to experiments/normal/sili/esCNN_random_sili_h4
[2020-10-23 13:25:32] esCNN.cv10: Found new best state
[2020-10-23 13:25:32] esCNN.cv10: Best vmse: 0.6381
[2020-10-23 13:25:32] esCNN.cv10: Channel size: 3 	 Kernel size: 6 
Training MSE: 0.16780648 	 Validating MSE: 0.63806051 	 Best VMSE: 0.63806051
[2020-10-23 13:25:32] esCNN.cv10: Checkpoint saved to experiments/normal/sili/esCNN_random_sili_h4
[2020-10-23 13:25:32] esCNN.cv10: Found new best state
[2020-10-23 13:25:32] esCNN.cv10: Best vmse: 0.6363
[2020-10-23 13:25:32] esCNN.cv10: Channel size: 4 	 Kernel size: 6 
Training MSE: 0.16504820 	 Validating MSE: 0.63627309 	 Best VMSE: 0.63627309
[2020-10-23 13:25:32] esCNN.cv10: Checkpoint saved to experiments/normal/sili/esCNN_random_sili_h4
[2020-10-23 13:25:32] esCNN.cv10: Found new best state
[2020-10-23 13:25:32] esCNN.cv10: Best vmse: 0.6072
[2020-10-23 13:25:32] esCNN.cv10: Channel size: 5 	 Kernel size: 6 
Training MSE: 0.16307601 	 Validating MSE: 0.60721600 	 Best VMSE: 0.60721600
[2020-10-23 13:25:32] esCNN.cv10: Checkpoint saved to experiments/normal/sili/esCNN_random_sili_h4
[2020-10-23 13:25:32] esCNN.cv10: Found new best state
[2020-10-23 13:25:32] esCNN.cv10: Best vmse: 0.6050
[2020-10-23 13:25:32] esCNN.cv10: Channel size: 6 	 Kernel size: 6 
Training MSE: 0.16175859 	 Validating MSE: 0.60498285 	 Best VMSE: 0.60498285
[2020-10-23 13:25:32] esCNN.cv10: Checkpoint saved to experiments/normal/sili/esCNN_random_sili_h4
[2020-10-23 13:25:32] esCNN.cv10: Found new best state
[2020-10-23 13:25:32] esCNN.cv10: Best vmse: 0.6002
[2020-10-23 13:25:32] esCNN.cv10: Channel size: 7 	 Kernel size: 6 
Training MSE: 0.16106330 	 Validating MSE: 0.60024887 	 Best VMSE: 0.60024887
[2020-10-23 13:25:32] esCNN.cv10: Checkpoint saved to experiments/normal/sili/esCNN_random_sili_h4
[2020-10-23 13:25:32] esCNN.cv10: Channel size: 8 	 Kernel size: 6 
Training MSE: 0.16096908 	 Validating MSE: 0.60263401 	 Best VMSE: 0.60024887
[2020-10-23 13:25:32] esCNN.cv10: Checkpoint saved to experiments/normal/sili/esCNN_random_sili_h4
[2020-10-23 13:25:32] esCNN.cv10: Channel size: 9 	 Kernel size: 6 
Training MSE: 0.16065253 	 Validating MSE: 0.60161716 	 Best VMSE: 0.60024887
[2020-10-23 13:25:32] esCNN.cv10: Checkpoint saved to experiments/normal/sili/esCNN_random_sili_h4
[2020-10-23 13:25:32] esCNN.cv10: Found new best state
[2020-10-23 13:25:32] esCNN.cv10: Best vmse: 0.5984
[2020-10-23 13:25:32] esCNN.cv10: Channel size: 10 	 Kernel size: 6 
Training MSE: 0.16046359 	 Validating MSE: 0.59839815 	 Best VMSE: 0.59839815
[2020-10-23 13:25:32] esCNN.cv10: Checkpoint saved to experiments/normal/sili/esCNN_random_sili_h4
[2020-10-23 13:25:33] esCNN.cv10: Found new best state
[2020-10-23 13:25:33] esCNN.cv10: Best vmse: 0.5970
[2020-10-23 13:25:33] esCNN.cv10: Channel size: 11 	 Kernel size: 6 
Training MSE: 0.15979356 	 Validating MSE: 0.59701663 	 Best VMSE: 0.59701663
[2020-10-23 13:25:33] esCNN.cv10: Checkpoint saved to experiments/normal/sili/esCNN_random_sili_h4
[2020-10-23 13:25:33] esCNN.cv10: Channel size: 12 	 Kernel size: 6 
Training MSE: 0.15893908 	 Validating MSE: 0.60935652 	 Best VMSE: 0.59701663
[2020-10-23 13:25:33] esCNN.cv10: Checkpoint saved to experiments/normal/sili/esCNN_random_sili_h4
[2020-10-23 13:25:33] esCNN.cv10: Channel size: 13 	 Kernel size: 6 
Training MSE: 0.15870945 	 Validating MSE: 0.60407501 	 Best VMSE: 0.59701663
[2020-10-23 13:25:33] esCNN.cv10: Checkpoint saved to experiments/normal/sili/esCNN_random_sili_h4
[2020-10-23 13:25:33] esCNN.cv10: Channel size: 14 	 Kernel size: 6 
Training MSE: 0.15862989 	 Validating MSE: 0.60137826 	 Best VMSE: 0.59701663
[2020-10-23 13:25:33] esCNN.cv10: Checkpoint saved to experiments/normal/sili/esCNN_random_sili_h4
[2020-10-23 13:25:33] esCNN.cv10: Channel size: 15 	 Kernel size: 6 
Training MSE: 0.15854803 	 Validating MSE: 0.60222501 	 Best VMSE: 0.59701663
[2020-10-23 13:25:33] esCNN.cv10: Checkpoint saved to experiments/normal/sili/esCNN_random_sili_h4
[2020-10-23 13:25:33] esCNN.cv10: Channel size: 16 	 Kernel size: 6 
Training MSE: 0.15850994 	 Validating MSE: 0.60135078 	 Best VMSE: 0.59701663
[2020-10-23 13:25:33] esCNN.cv10: Checkpoint saved to experiments/normal/sili/esCNN_random_sili_h4
[2020-10-23 13:25:33] esCNN.cv10: Channel size: 17 	 Kernel size: 6 
Training MSE: 0.15843832 	 Validating MSE: 0.59904391 	 Best VMSE: 0.59701663
[2020-10-23 13:25:33] esCNN.cv10: Checkpoint saved to experiments/normal/sili/esCNN_random_sili_h4
[2020-10-23 13:25:33] esCNN.cv10: Channel size: 18 	 Kernel size: 6 
Training MSE: 0.15837441 	 Validating MSE: 0.60093808 	 Best VMSE: 0.59701663
[2020-10-23 13:25:33] esCNN.cv10: Checkpoint saved to experiments/normal/sili/esCNN_random_sili_h4
[2020-10-23 13:25:33] esCNN.cv10: Channel size: 19 	 Kernel size: 6 
Training MSE: 0.15830600 	 Validating MSE: 0.60467160 	 Best VMSE: 0.59701663
[2020-10-23 13:25:33] esCNN.cv10: Checkpoint saved to experiments/normal/sili/esCNN_random_sili_h4
[2020-10-23 13:25:33] esCNN.cv10: Channel size: 20 	 Kernel size: 6 
Training MSE: 0.15827057 	 Validating MSE: 0.60162216 	 Best VMSE: 0.59701663
[2020-10-23 13:25:33] esCNN.cv10: Checkpoint saved to experiments/normal/sili/esCNN_random_sili_h4
[2020-10-23 13:25:33] esCNN.cv10: Channel size: 21 	 Kernel size: 6 
Training MSE: 0.15804806 	 Validating MSE: 0.60009801 	 Best VMSE: 0.59701663
[2020-10-23 13:25:33] esCNN.cv10: Checkpoint saved to experiments/normal/sili/esCNN_random_sili_h4
[2020-10-23 13:25:33] esCNN.cv10: Found new best state
[2020-10-23 13:25:33] esCNN.cv10: Best vmse: 0.5965
[2020-10-23 13:25:33] esCNN.cv10: Channel size: 22 	 Kernel size: 6 
Training MSE: 0.15783477 	 Validating MSE: 0.59651589 	 Best VMSE: 0.59651589
[2020-10-23 13:25:33] esCNN.cv10: Checkpoint saved to experiments/normal/sili/esCNN_random_sili_h4
[2020-10-23 13:25:33] esCNN.cv10: Found new best state
[2020-10-23 13:25:33] esCNN.cv10: Best vmse: 0.5964
[2020-10-23 13:25:33] esCNN.cv10: Channel size: 23 	 Kernel size: 6 
Training MSE: 0.15754817 	 Validating MSE: 0.59638178 	 Best VMSE: 0.59638178
[2020-10-23 13:25:33] esCNN.cv10: Checkpoint saved to experiments/normal/sili/esCNN_random_sili_h4
[2020-10-23 13:25:33] esCNN.cv10: Channel size: 24 	 Kernel size: 6 
Training MSE: 0.15732235 	 Validating MSE: 0.59782761 	 Best VMSE: 0.59638178
[2020-10-23 13:25:33] esCNN.cv10: Checkpoint saved to experiments/normal/sili/esCNN_random_sili_h4
[2020-10-23 13:25:33] esCNN.cv10: Channel size: 25 	 Kernel size: 6 
Training MSE: 0.15725577 	 Validating MSE: 0.59705299 	 Best VMSE: 0.59638178
[2020-10-23 13:25:33] esCNN.cv10: Checkpoint saved to experiments/normal/sili/esCNN_random_sili_h4
[2020-10-23 13:25:33] esCNN.cv10: Channel size: 26 	 Kernel size: 6 
Training MSE: 0.15720932 	 Validating MSE: 0.59833157 	 Best VMSE: 0.59638178
[2020-10-23 13:25:33] esCNN.cv10: Checkpoint saved to experiments/normal/sili/esCNN_random_sili_h4
[2020-10-23 13:25:33] esCNN.cv10: Channel size: 27 	 Kernel size: 6 
Training MSE: 0.15713480 	 Validating MSE: 0.59761554 	 Best VMSE: 0.59638178
[2020-10-23 13:25:33] esCNN.cv10: Checkpoint saved to experiments/normal/sili/esCNN_random_sili_h4
[2020-10-23 13:25:33] esCNN.cv10: Channel size: 28 	 Kernel size: 6 
Training MSE: 0.15700775 	 Validating MSE: 0.59968054 	 Best VMSE: 0.59638178
[2020-10-23 13:25:33] esCNN.cv10: Checkpoint saved to experiments/normal/sili/esCNN_random_sili_h4
[2020-10-23 13:25:33] esCNN.cv10: Channel size: 29 	 Kernel size: 6 
Training MSE: 0.15685485 	 Validating MSE: 0.60409629 	 Best VMSE: 0.59638178
[2020-10-23 13:25:33] esCNN.cv10: Checkpoint saved to experiments/normal/sili/esCNN_random_sili_h4
[2020-10-23 13:25:33] esCNN.cv10: Channel size: 30 	 Kernel size: 6 
Training MSE: 0.15678450 	 Validating MSE: 0.60152692 	 Best VMSE: 0.59638178
[2020-10-23 13:25:33] esCNN.cv10: Checkpoint saved to experiments/normal/sili/esCNN_random_sili_h4
[2020-10-23 13:25:33] esCNN.cv10: Channel size: 31 	 Kernel size: 6 
Training MSE: 0.15608044 	 Validating MSE: 0.60144126 	 Best VMSE: 0.59638178
[2020-10-23 13:25:33] esCNN.cv10: Checkpoint saved to experiments/normal/sili/esCNN_random_sili_h4
[2020-10-23 13:25:33] esCNN.cv10: Channel size: 32 	 Kernel size: 6 
Training MSE: 0.15599203 	 Validating MSE: 0.60103154 	 Best VMSE: 0.59638178
[2020-10-23 13:25:33] esCNN.cv10: Checkpoint saved to experiments/normal/sili/esCNN_random_sili_h4
[2020-10-23 13:25:33] esCNN.cv10: Channel size: 33 	 Kernel size: 6 
Training MSE: 0.15550044 	 Validating MSE: 0.60780400 	 Best VMSE: 0.59638178
[2020-10-23 13:25:33] esCNN.cv10: Checkpoint saved to experiments/normal/sili/esCNN_random_sili_h4
[2020-10-23 13:25:34] esCNN.cv10: Channel size: 34 	 Kernel size: 6 
Training MSE: 0.15533935 	 Validating MSE: 0.60733140 	 Best VMSE: 0.59638178
[2020-10-23 13:25:34] esCNN.cv10: Checkpoint saved to experiments/normal/sili/esCNN_random_sili_h4
[2020-10-23 13:25:34] esCNN.cv10: Channel size: 35 	 Kernel size: 6 
Training MSE: 0.15529816 	 Validating MSE: 0.60246903 	 Best VMSE: 0.59638178
[2020-10-23 13:25:34] esCNN.cv10: Checkpoint saved to experiments/normal/sili/esCNN_random_sili_h4
[2020-10-23 13:25:34] esCNN.cv10: Channel size: 36 	 Kernel size: 6 
Training MSE: 0.15528049 	 Validating MSE: 0.60296220 	 Best VMSE: 0.59638178
[2020-10-23 13:25:34] esCNN.cv10: Checkpoint saved to experiments/normal/sili/esCNN_random_sili_h4
[2020-10-23 13:25:34] esCNN.cv10: Channel size: 37 	 Kernel size: 6 
Training MSE: 0.15526955 	 Validating MSE: 0.60422516 	 Best VMSE: 0.59638178
[2020-10-23 13:25:34] esCNN.cv10: Checkpoint saved to experiments/normal/sili/esCNN_random_sili_h4
[2020-10-23 13:25:34] esCNN.cv10: Channel size: 38 	 Kernel size: 6 
Training MSE: 0.15498190 	 Validating MSE: 0.60370922 	 Best VMSE: 0.59638178
[2020-10-23 13:25:34] esCNN.cv10: Checkpoint saved to experiments/normal/sili/esCNN_random_sili_h4
[2020-10-23 13:25:34] esCNN.cv10: Channel size: 39 	 Kernel size: 6 
Training MSE: 0.15477145 	 Validating MSE: 0.60743761 	 Best VMSE: 0.59638178
[2020-10-23 13:25:34] esCNN.cv10: Checkpoint saved to experiments/normal/sili/esCNN_random_sili_h4
[2020-10-23 13:25:34] esCNN.cv10: Channel size: 40 	 Kernel size: 6 
Training MSE: 0.15472093 	 Validating MSE: 0.60779995 	 Best VMSE: 0.59638178
[2020-10-23 13:25:34] esCNN.cv10: Checkpoint saved to experiments/normal/sili/esCNN_random_sili_h4
[2020-10-23 13:25:34] esCNN.cv10: Channel size: 41 	 Kernel size: 6 
Training MSE: 0.15453589 	 Validating MSE: 0.60304832 	 Best VMSE: 0.59638178
[2020-10-23 13:25:34] esCNN.cv10: Checkpoint saved to experiments/normal/sili/esCNN_random_sili_h4
[2020-10-23 13:25:34] esCNN.cv10: Channel size: 42 	 Kernel size: 6 
Training MSE: 0.15397781 	 Validating MSE: 0.59798527 	 Best VMSE: 0.59638178
[2020-10-23 13:25:34] esCNN.cv10: Checkpoint saved to experiments/normal/sili/esCNN_random_sili_h4
[2020-10-23 13:25:34] esCNN.cv10: Channel size: 43 	 Kernel size: 6 
Training MSE: 0.15355018 	 Validating MSE: 0.60356367 	 Best VMSE: 0.59638178
[2020-10-23 13:25:34] esCNN.cv10: Checkpoint saved to experiments/normal/sili/esCNN_random_sili_h4
[2020-10-23 13:25:34] esCNN.cv10: Found new best state
[2020-10-23 13:25:34] esCNN.cv10: Best vmse: 0.5952
[2020-10-23 13:25:34] esCNN.cv10: Channel size: 44 	 Kernel size: 6 
Training MSE: 0.15339173 	 Validating MSE: 0.59515172 	 Best VMSE: 0.59515172
[2020-10-23 13:25:34] esCNN.cv10: Checkpoint saved to experiments/normal/sili/esCNN_random_sili_h4
[2020-10-23 13:25:34] esCNN.cv10: Channel size: 45 	 Kernel size: 6 
Training MSE: 0.15326086 	 Validating MSE: 0.59901655 	 Best VMSE: 0.59515172
[2020-10-23 13:25:34] esCNN.cv10: Checkpoint saved to experiments/normal/sili/esCNN_random_sili_h4
[2020-10-23 13:25:34] esCNN.cv10: Channel size: 46 	 Kernel size: 6 
Training MSE: 0.15320058 	 Validating MSE: 0.60138035 	 Best VMSE: 0.59515172
[2020-10-23 13:25:34] esCNN.cv10: Checkpoint saved to experiments/normal/sili/esCNN_random_sili_h4
[2020-10-23 13:25:34] esCNN.cv10: Channel size: 47 	 Kernel size: 6 
Training MSE: 0.15316509 	 Validating MSE: 0.60272431 	 Best VMSE: 0.59515172
[2020-10-23 13:25:34] esCNN.cv10: Checkpoint saved to experiments/normal/sili/esCNN_random_sili_h4
[2020-10-23 13:25:34] esCNN.cv10: Channel size: 48 	 Kernel size: 6 
Training MSE: 0.15313631 	 Validating MSE: 0.60332102 	 Best VMSE: 0.59515172
[2020-10-23 13:25:34] esCNN.cv10: Checkpoint saved to experiments/normal/sili/esCNN_random_sili_h4
[2020-10-23 13:25:34] esCNN.cv10: Channel size: 49 	 Kernel size: 6 
Training MSE: 0.15311791 	 Validating MSE: 0.60150725 	 Best VMSE: 0.59515172
[2020-10-23 13:25:34] esCNN.cv10: Checkpoint saved to experiments/normal/sili/esCNN_random_sili_h4
[2020-10-23 13:25:34] esCNN.cv10: Channel size: 50 	 Kernel size: 6 
Training MSE: 0.15307289 	 Validating MSE: 0.60236257 	 Best VMSE: 0.59515172
[2020-10-23 13:25:34] esCNN.cv10: Checkpoint saved to experiments/normal/sili/esCNN_random_sili_h4
[2020-10-23 13:25:35] esCNN.cv10: Channel size: 51 	 Kernel size: 6 
Training MSE: 0.15280443 	 Validating MSE: 0.60023624 	 Best VMSE: 0.59515172
[2020-10-23 13:25:35] esCNN.cv10: Checkpoint saved to experiments/normal/sili/esCNN_random_sili_h4
[2020-10-23 13:25:35] esCNN.cv10: Channel size: 52 	 Kernel size: 6 
Training MSE: 0.15254730 	 Validating MSE: 0.59714717 	 Best VMSE: 0.59515172
[2020-10-23 13:25:35] esCNN.cv10: Checkpoint saved to experiments/normal/sili/esCNN_random_sili_h4
[2020-10-23 13:25:35] esCNN.cv10: Channel size: 53 	 Kernel size: 6 
Training MSE: 0.15234020 	 Validating MSE: 0.60291779 	 Best VMSE: 0.59515172
[2020-10-23 13:25:35] esCNN.cv10: Checkpoint saved to experiments/normal/sili/esCNN_random_sili_h4
[2020-10-23 13:25:35] esCNN.cv10: Channel size: 54 	 Kernel size: 6 
Training MSE: 0.15218237 	 Validating MSE: 0.60546142 	 Best VMSE: 0.59515172
[2020-10-23 13:25:35] esCNN.cv10: Checkpoint saved to experiments/normal/sili/esCNN_random_sili_h4
[2020-10-23 13:25:35] esCNN.cv10: Channel size: 55 	 Kernel size: 6 
Training MSE: 0.15208383 	 Validating MSE: 0.60428238 	 Best VMSE: 0.59515172
[2020-10-23 13:25:35] esCNN.cv10: Checkpoint saved to experiments/normal/sili/esCNN_random_sili_h4
[2020-10-23 13:25:35] esCNN.cv10: Channel size: 56 	 Kernel size: 6 
Training MSE: 0.15187937 	 Validating MSE: 0.60760981 	 Best VMSE: 0.59515172
[2020-10-23 13:25:35] esCNN.cv10: Checkpoint saved to experiments/normal/sili/esCNN_random_sili_h4
[2020-10-23 13:25:35] esCNN.cv10: Channel size: 57 	 Kernel size: 6 
Training MSE: 0.15164034 	 Validating MSE: 0.60950238 	 Best VMSE: 0.59515172
[2020-10-23 13:25:35] esCNN.cv10: Checkpoint saved to experiments/normal/sili/esCNN_random_sili_h4
[2020-10-23 13:25:35] esCNN.cv10: Channel size: 58 	 Kernel size: 6 
Training MSE: 0.15135810 	 Validating MSE: 0.60857737 	 Best VMSE: 0.59515172
[2020-10-23 13:25:35] esCNN.cv10: Checkpoint saved to experiments/normal/sili/esCNN_random_sili_h4
[2020-10-23 13:25:35] esCNN.cv10: Channel size: 59 	 Kernel size: 6 
Training MSE: 0.15132263 	 Validating MSE: 0.61085612 	 Best VMSE: 0.59515172
[2020-10-23 13:25:35] esCNN.cv10: Checkpoint saved to experiments/normal/sili/esCNN_random_sili_h4
[2020-10-23 13:25:35] esCNN.cv10: Channel size: 60 	 Kernel size: 6 
Training MSE: 0.15127967 	 Validating MSE: 0.60654891 	 Best VMSE: 0.59515172
[2020-10-23 13:25:35] esCNN.cv10: Checkpoint saved to experiments/normal/sili/esCNN_random_sili_h4
[2020-10-23 13:25:35] esCNN.cv10: Channel size: 61 	 Kernel size: 6 
Training MSE: 0.15118234 	 Validating MSE: 0.60459894 	 Best VMSE: 0.59515172
[2020-10-23 13:25:35] esCNN.cv10: Checkpoint saved to experiments/normal/sili/esCNN_random_sili_h4
[2020-10-23 13:25:35] esCNN.cv10: Channel size: 62 	 Kernel size: 6 
Training MSE: 0.15110631 	 Validating MSE: 0.60485178 	 Best VMSE: 0.59515172
[2020-10-23 13:25:35] esCNN.cv10: Checkpoint saved to experiments/normal/sili/esCNN_random_sili_h4
[2020-10-23 13:25:35] esCNN.cv10: Channel size: 63 	 Kernel size: 6 
Training MSE: 0.15105772 	 Validating MSE: 0.60732710 	 Best VMSE: 0.59515172
[2020-10-23 13:25:35] esCNN.cv10: Checkpoint saved to experiments/normal/sili/esCNN_random_sili_h4
[2020-10-23 13:25:35] esCNN.cv10: Channel size: 64 	 Kernel size: 6 
Training MSE: 0.15098281 	 Validating MSE: 0.60573483 	 Best VMSE: 0.59515172
[2020-10-23 13:25:35] esCNN.cv10: Checkpoint saved to experiments/normal/sili/esCNN_random_sili_h4
[2020-10-23 13:25:36] esCNN.cv10: Channel size: 65 	 Kernel size: 6 
Training MSE: 0.15095159 	 Validating MSE: 0.60672158 	 Best VMSE: 0.59515172
[2020-10-23 13:25:36] esCNN.cv10: Checkpoint saved to experiments/normal/sili/esCNN_random_sili_h4
[2020-10-23 13:25:36] esCNN.cv10: Channel size: 66 	 Kernel size: 6 
Training MSE: 0.15071362 	 Validating MSE: 0.61050272 	 Best VMSE: 0.59515172
[2020-10-23 13:25:36] esCNN.cv10: Checkpoint saved to experiments/normal/sili/esCNN_random_sili_h4
[2020-10-23 13:25:36] esCNN.cv10: Channel size: 67 	 Kernel size: 6 
Training MSE: 0.15052466 	 Validating MSE: 0.61502808 	 Best VMSE: 0.59515172
[2020-10-23 13:25:36] esCNN.cv10: Checkpoint saved to experiments/normal/sili/esCNN_random_sili_h4
[2020-10-23 13:25:36] esCNN.cv10: Channel size: 68 	 Kernel size: 6 
Training MSE: 0.15021020 	 Validating MSE: 0.61204898 	 Best VMSE: 0.59515172
[2020-10-23 13:25:36] esCNN.cv10: Checkpoint saved to experiments/normal/sili/esCNN_random_sili_h4
[2020-10-23 13:25:36] esCNN.cv10: Channel size: 69 	 Kernel size: 6 
Training MSE: 0.14981775 	 Validating MSE: 0.62030602 	 Best VMSE: 0.59515172
[2020-10-23 13:25:36] esCNN.cv10: Checkpoint saved to experiments/normal/sili/esCNN_random_sili_h4
[2020-10-23 13:25:36] esCNN.cv10: Channel size: 70 	 Kernel size: 6 
Training MSE: 0.14962898 	 Validating MSE: 0.61265934 	 Best VMSE: 0.59515172
[2020-10-23 13:25:36] esCNN.cv10: Checkpoint saved to experiments/normal/sili/esCNN_random_sili_h4
[2020-10-23 13:25:36] esCNN.cv10: Channel size: 71 	 Kernel size: 6 
Training MSE: 0.14933459 	 Validating MSE: 0.61106718 	 Best VMSE: 0.59515172
[2020-10-23 13:25:36] esCNN.cv10: Checkpoint saved to experiments/normal/sili/esCNN_random_sili_h4
[2020-10-23 13:25:36] esCNN.cv10: Channel size: 72 	 Kernel size: 6 
Training MSE: 0.14805122 	 Validating MSE: 0.61620373 	 Best VMSE: 0.59515172
[2020-10-23 13:25:36] esCNN.cv10: Checkpoint saved to experiments/normal/sili/esCNN_random_sili_h4
[2020-10-23 13:25:36] esCNN.cv10: Channel size: 73 	 Kernel size: 6 
Training MSE: 0.14750691 	 Validating MSE: 0.61645657 	 Best VMSE: 0.59515172
[2020-10-23 13:25:36] esCNN.cv10: Checkpoint saved to experiments/normal/sili/esCNN_random_sili_h4
[2020-10-23 13:25:36] esCNN.cv10: Channel size: 74 	 Kernel size: 6 
Training MSE: 0.14734390 	 Validating MSE: 0.61993909 	 Best VMSE: 0.59515172
[2020-10-23 13:25:36] esCNN.cv10: Checkpoint saved to experiments/normal/sili/esCNN_random_sili_h4
[2020-10-23 13:25:36] esCNN.cv10: Channel size: 75 	 Kernel size: 6 
Training MSE: 0.14722344 	 Validating MSE: 0.61380613 	 Best VMSE: 0.59515172
[2020-10-23 13:25:36] esCNN.cv10: Checkpoint saved to experiments/normal/sili/esCNN_random_sili_h4
[2020-10-23 13:25:36] esCNN.cv10: Channel size: 76 	 Kernel size: 6 
Training MSE: 0.14710169 	 Validating MSE: 0.60307050 	 Best VMSE: 0.59515172
[2020-10-23 13:25:36] esCNN.cv10: Checkpoint saved to experiments/normal/sili/esCNN_random_sili_h4
[2020-10-23 13:25:36] esCNN.cv10: Channel size: 77 	 Kernel size: 6 
Training MSE: 0.14703040 	 Validating MSE: 0.60704315 	 Best VMSE: 0.59515172
[2020-10-23 13:25:36] esCNN.cv10: Checkpoint saved to experiments/normal/sili/esCNN_random_sili_h4
[2020-10-23 13:25:37] esCNN.cv10: Channel size: 78 	 Kernel size: 6 
Training MSE: 0.14699361 	 Validating MSE: 0.60633975 	 Best VMSE: 0.59515172
[2020-10-23 13:25:37] esCNN.cv10: Checkpoint saved to experiments/normal/sili/esCNN_random_sili_h4
[2020-10-23 13:25:37] esCNN.cv10: Channel size: 79 	 Kernel size: 6 
Training MSE: 0.14697671 	 Validating MSE: 0.60846657 	 Best VMSE: 0.59515172
[2020-10-23 13:25:37] esCNN.cv10: Checkpoint saved to experiments/normal/sili/esCNN_random_sili_h4
[2020-10-23 13:25:37] esCNN.cv10: Channel size: 80 	 Kernel size: 6 
Training MSE: 0.14694019 	 Validating MSE: 0.60660076 	 Best VMSE: 0.59515172
[2020-10-23 13:25:37] esCNN.cv10: Checkpoint saved to experiments/normal/sili/esCNN_random_sili_h4
[2020-10-23 13:25:37] esCNN.cv10: Channel size: 81 	 Kernel size: 6 
Training MSE: 0.14689583 	 Validating MSE: 0.60773242 	 Best VMSE: 0.59515172
[2020-10-23 13:25:37] esCNN.cv10: Checkpoint saved to experiments/normal/sili/esCNN_random_sili_h4
[2020-10-23 13:25:37] esCNN.cv10: Channel size: 82 	 Kernel size: 6 
Training MSE: 0.14686307 	 Validating MSE: 0.60831285 	 Best VMSE: 0.59515172
[2020-10-23 13:25:37] esCNN.cv10: Checkpoint saved to experiments/normal/sili/esCNN_random_sili_h4
[2020-10-23 13:25:37] esCNN.cv10: Channel size: 83 	 Kernel size: 6 
Training MSE: 0.14682634 	 Validating MSE: 0.60976046 	 Best VMSE: 0.59515172
[2020-10-23 13:25:37] esCNN.cv10: Checkpoint saved to experiments/normal/sili/esCNN_random_sili_h4
[2020-10-23 13:25:37] esCNN.cv10: Channel size: 84 	 Kernel size: 6 
Training MSE: 0.14674102 	 Validating MSE: 0.61153626 	 Best VMSE: 0.59515172
[2020-10-23 13:25:37] esCNN.cv10: Checkpoint saved to experiments/normal/sili/esCNN_random_sili_h4
[2020-10-23 13:25:37] esCNN.cv10: Channel size: 85 	 Kernel size: 6 
Training MSE: 0.14668213 	 Validating MSE: 0.61053306 	 Best VMSE: 0.59515172
[2020-10-23 13:25:37] esCNN.cv10: Checkpoint saved to experiments/normal/sili/esCNN_random_sili_h4
[2020-10-23 13:25:37] esCNN.cv10: Channel size: 86 	 Kernel size: 6 
Training MSE: 0.14664014 	 Validating MSE: 0.61177987 	 Best VMSE: 0.59515172
[2020-10-23 13:25:37] esCNN.cv10: Checkpoint saved to experiments/normal/sili/esCNN_random_sili_h4
[2020-10-23 13:25:37] esCNN.cv10: Channel size: 87 	 Kernel size: 6 
Training MSE: 0.14657886 	 Validating MSE: 0.60864067 	 Best VMSE: 0.59515172
[2020-10-23 13:25:37] esCNN.cv10: Checkpoint saved to experiments/normal/sili/esCNN_random_sili_h4
[2020-10-23 13:25:37] esCNN.cv10: Channel size: 88 	 Kernel size: 6 
Training MSE: 0.14652143 	 Validating MSE: 0.61028248 	 Best VMSE: 0.59515172
[2020-10-23 13:25:37] esCNN.cv10: Checkpoint saved to experiments/normal/sili/esCNN_random_sili_h4
[2020-10-23 13:25:38] esCNN.cv10: Channel size: 89 	 Kernel size: 6 
Training MSE: 0.14646713 	 Validating MSE: 0.61034447 	 Best VMSE: 0.59515172
[2020-10-23 13:25:38] esCNN.cv10: Checkpoint saved to experiments/normal/sili/esCNN_random_sili_h4
[2020-10-23 13:25:38] esCNN.cv10: Channel size: 90 	 Kernel size: 6 
Training MSE: 0.14628893 	 Validating MSE: 0.60910887 	 Best VMSE: 0.59515172
[2020-10-23 13:25:38] esCNN.cv10: Checkpoint saved to experiments/normal/sili/esCNN_random_sili_h4
[2020-10-23 13:25:38] esCNN.cv10: Channel size: 91 	 Kernel size: 6 
Training MSE: 0.14623144 	 Validating MSE: 0.60980964 	 Best VMSE: 0.59515172
[2020-10-23 13:25:38] esCNN.cv10: Checkpoint saved to experiments/normal/sili/esCNN_random_sili_h4
[2020-10-23 13:25:38] esCNN.cv10: Channel size: 92 	 Kernel size: 6 
Training MSE: 0.14614072 	 Validating MSE: 0.61392361 	 Best VMSE: 0.59515172
[2020-10-23 13:25:38] esCNN.cv10: Checkpoint saved to experiments/normal/sili/esCNN_random_sili_h4
[2020-10-23 13:25:38] esCNN.cv10: Channel size: 93 	 Kernel size: 6 
Training MSE: 0.14611180 	 Validating MSE: 0.61279225 	 Best VMSE: 0.59515172
[2020-10-23 13:25:38] esCNN.cv10: Checkpoint saved to experiments/normal/sili/esCNN_random_sili_h4
[2020-10-23 13:25:38] esCNN.cv10: Channel size: 94 	 Kernel size: 6 
Training MSE: 0.14599669 	 Validating MSE: 0.61210692 	 Best VMSE: 0.59515172
[2020-10-23 13:25:38] esCNN.cv10: Checkpoint saved to experiments/normal/sili/esCNN_random_sili_h4
[2020-10-23 13:25:38] esCNN.cv10: Channel size: 95 	 Kernel size: 6 
Training MSE: 0.14544263 	 Validating MSE: 0.61668134 	 Best VMSE: 0.59515172
[2020-10-23 13:25:38] esCNN.cv10: Checkpoint saved to experiments/normal/sili/esCNN_random_sili_h4
[2020-10-23 13:25:38] esCNN.cv10: Channel size: 96 	 Kernel size: 6 
Training MSE: 0.14489247 	 Validating MSE: 0.62434232 	 Best VMSE: 0.59515172
[2020-10-23 13:25:38] esCNN.cv10: Checkpoint saved to experiments/normal/sili/esCNN_random_sili_h4
[2020-10-23 13:25:38] esCNN.cv10: Channel size: 97 	 Kernel size: 6 
Training MSE: 0.14479797 	 Validating MSE: 0.62048042 	 Best VMSE: 0.59515172
[2020-10-23 13:25:38] esCNN.cv10: Checkpoint saved to experiments/normal/sili/esCNN_random_sili_h4
[2020-10-23 13:25:38] esCNN.cv10: Channel size: 98 	 Kernel size: 6 
Training MSE: 0.14461148 	 Validating MSE: 0.62300175 	 Best VMSE: 0.59515172
[2020-10-23 13:25:38] esCNN.cv10: Checkpoint saved to experiments/normal/sili/esCNN_random_sili_h4
[2020-10-23 13:25:39] esCNN.cv10: Channel size: 99 	 Kernel size: 6 
Training MSE: 0.14449283 	 Validating MSE: 0.61997044 	 Best VMSE: 0.59515172
[2020-10-23 13:25:39] esCNN.cv10: Checkpoint saved to experiments/normal/sili/esCNN_random_sili_h4
[2020-10-23 13:25:39] esCNN.cv10: Channel size: 100 	 Kernel size: 6 
Training MSE: 0.14440440 	 Validating MSE: 0.62240463 	 Best VMSE: 0.59515172
[2020-10-23 13:25:39] esCNN.cv10: Checkpoint saved to experiments/normal/sili/esCNN_random_sili_h4
[2020-10-23 13:25:39] esCNN.cv10: Restoring best parameters from experiments/normal/sili/esCNN_random_sili_h4/train.cv10.pth.tar
[2020-10-23 13:25:39] esCNN.cv10: sili	 H: 4	 Trail: 29 
Testing RMSE: 0.8591 	 MAPE: 0.1368 	 SMAPE: 0.07318
