[2020-10-23 13:27:24] esCNN.cv15: Loading the datasets and model for 46th-batch-training
[2020-10-23 13:27:24] esCNN.cv15: Argument channel_size: 100
[2020-10-23 13:27:24] esCNN.cv15: Argument candidate_size: 300
[2020-10-23 13:27:24] esCNN.cv15: Argument kernel_size: 6
[2020-10-23 13:27:24] esCNN.cv15: Argument kernel_list: [8, 6, 5, 4]
[2020-10-23 13:27:24] esCNN.cv15: Argument Lambdas: [0.5, 1, 5, 15, 30, 50, 100, 150, 200]
[2020-10-23 13:27:24] esCNN.cv15: Argument Lambdas_std: [0.01, 0.05, 0.1, 0.5, 1]
[2020-10-23 13:27:24] esCNN.cv15: Argument r: [0.8, 0.9, 0.99, 0.9999, 0.999999]
[2020-10-23 13:27:24] esCNN.cv15: Argument tolerance: 0
[2020-10-23 13:27:24] esCNN.cv15: Argument device: device(type='cuda')
[2020-10-23 13:27:24] esCNN.cv15: Argument dataset: 'sili'
[2020-10-23 13:27:24] esCNN.cv15: Argument H: 4
[2020-10-23 13:27:24] esCNN.cv15: Argument k: 5
[2020-10-23 13:27:24] esCNN.cv15: Argument test: False
[2020-10-23 13:27:24] esCNN.cv15: Argument search: 'random'
[2020-10-23 13:27:24] esCNN.cv15: Argument normal: True
[2020-10-23 13:27:24] esCNN.cv15: Argument diff: False
[2020-10-23 13:27:24] esCNN.cv15: Argument times: 60
[2020-10-23 13:27:24] esCNN.cv15: Argument datasets: {'ar1': {'lag_order': 15, 'normal': True, 'cov_dim': 0, 'kernel_size': 3}, 'wti': {'lag_order': 25, 'normal': True, 'cov_dim': 0, 'kernel_size': 5}, 'gold': {'lag_order': 25, 'normal': True, 'cov_dim': 0, 'kernel_size': 5}, 'sp': {'lag_order': 25, 'normal': True, 'cov_dim': 0, 'kernel_size': 5}, 'brent': {'lag_order': 24, 'normal': True, 'cov_dim': 0, 'kernel_size': 6}, 'sili': {'lag_order': 26, 'normal': True, 'cov_dim': 0, 'kernel_size': 6}}
[2020-10-23 13:27:24] esCNN.cv15: Argument steps: 26
[2020-10-23 13:27:24] esCNN.cv15: Argument cov_dim: 0
[2020-10-23 13:27:24] esCNN.cv15: Argument experiment: 'experiments/normal/sili'
[2020-10-23 13:27:24] esCNN.cv15: Argument scaler: StandardScaler()
[2020-10-23 13:27:24] esCNN.cv15: Argument model_name: 'esCNN_random_sili_h4'
[2020-10-23 13:27:24] esCNN.cv15: Argument model_dir: 'experiments/normal/sili/esCNN_random_sili_h4'
[2020-10-23 13:27:24] esCNN.cv15: Argument In_channels: 1
[2020-10-23 13:27:24] esCNN.cv15: Argument restore: True
[2020-10-23 13:27:24] esCNN.cv15: Argument cv: 15
[2020-10-23 13:27:24] esCNN.cv15: Argument plot_dir: 'experiments/normal/sili/esCNN_random_sili_h4/figures'
[2020-10-23 13:27:24] esCNN.cv15: Using Cuda...
[2020-10-23 13:27:24] esCNN.cv15: Loading complete.
[2020-10-23 13:27:24] esCNN.cv15: Model: 
ES_CNN(
  (Pool): AvgPool1d(kernel_size=(3,), stride=(1,), padding=(0,))
  (loss_fn): MSELoss()
)
[2020-10-23 13:27:24] esCNN.cv15: Found new best state
[2020-10-23 13:27:24] esCNN.cv15: Best vmse: 0.9409
[2020-10-23 13:27:24] esCNN.cv15: Channel size: 1 	 Kernel size: 6 
Training MSE: 0.23250872 	 Validating MSE: 0.94093305 	 Best VMSE: 0.94093305
[2020-10-23 13:27:24] esCNN.cv15: Checkpoint saved to experiments/normal/sili/esCNN_random_sili_h4
[2020-10-23 13:27:24] esCNN.cv15: Channel size: 2 	 Kernel size: 6 
Training MSE: 0.22486626 	 Validating MSE: 0.96214110 	 Best VMSE: 0.94093305
[2020-10-23 13:27:24] esCNN.cv15: Checkpoint saved to experiments/normal/sili/esCNN_random_sili_h4
[2020-10-23 13:27:24] esCNN.cv15: Found new best state
[2020-10-23 13:27:24] esCNN.cv15: Best vmse: 0.6271
[2020-10-23 13:27:24] esCNN.cv15: Channel size: 3 	 Kernel size: 6 
Training MSE: 0.17641452 	 Validating MSE: 0.62708074 	 Best VMSE: 0.62708074
[2020-10-23 13:27:24] esCNN.cv15: Checkpoint saved to experiments/normal/sili/esCNN_random_sili_h4
[2020-10-23 13:27:24] esCNN.cv15: Found new best state
[2020-10-23 13:27:24] esCNN.cv15: Best vmse: 0.6163
[2020-10-23 13:27:24] esCNN.cv15: Channel size: 4 	 Kernel size: 6 
Training MSE: 0.17108206 	 Validating MSE: 0.61631906 	 Best VMSE: 0.61631906
[2020-10-23 13:27:24] esCNN.cv15: Checkpoint saved to experiments/normal/sili/esCNN_random_sili_h4
[2020-10-23 13:27:24] esCNN.cv15: Found new best state
[2020-10-23 13:27:24] esCNN.cv15: Best vmse: 0.6024
[2020-10-23 13:27:24] esCNN.cv15: Channel size: 5 	 Kernel size: 6 
Training MSE: 0.16515890 	 Validating MSE: 0.60235709 	 Best VMSE: 0.60235709
[2020-10-23 13:27:24] esCNN.cv15: Checkpoint saved to experiments/normal/sili/esCNN_random_sili_h4
[2020-10-23 13:27:24] esCNN.cv15: Found new best state
[2020-10-23 13:27:24] esCNN.cv15: Best vmse: 0.6002
[2020-10-23 13:27:24] esCNN.cv15: Channel size: 6 	 Kernel size: 6 
Training MSE: 0.16351143 	 Validating MSE: 0.60016489 	 Best VMSE: 0.60016489
[2020-10-23 13:27:24] esCNN.cv15: Checkpoint saved to experiments/normal/sili/esCNN_random_sili_h4
[2020-10-23 13:27:24] esCNN.cv15: Channel size: 7 	 Kernel size: 6 
Training MSE: 0.16148378 	 Validating MSE: 0.60667980 	 Best VMSE: 0.60016489
[2020-10-23 13:27:24] esCNN.cv15: Checkpoint saved to experiments/normal/sili/esCNN_random_sili_h4
[2020-10-23 13:27:24] esCNN.cv15: Channel size: 8 	 Kernel size: 6 
Training MSE: 0.16083547 	 Validating MSE: 0.60721016 	 Best VMSE: 0.60016489
[2020-10-23 13:27:24] esCNN.cv15: Checkpoint saved to experiments/normal/sili/esCNN_random_sili_h4
[2020-10-23 13:27:24] esCNN.cv15: Found new best state
[2020-10-23 13:27:24] esCNN.cv15: Best vmse: 0.5846
[2020-10-23 13:27:24] esCNN.cv15: Channel size: 9 	 Kernel size: 6 
Training MSE: 0.16027626 	 Validating MSE: 0.58462638 	 Best VMSE: 0.58462638
[2020-10-23 13:27:24] esCNN.cv15: Checkpoint saved to experiments/normal/sili/esCNN_random_sili_h4
[2020-10-23 13:27:24] esCNN.cv15: Found new best state
[2020-10-23 13:27:24] esCNN.cv15: Best vmse: 0.5759
[2020-10-23 13:27:24] esCNN.cv15: Channel size: 10 	 Kernel size: 6 
Training MSE: 0.16001308 	 Validating MSE: 0.57593018 	 Best VMSE: 0.57593018
[2020-10-23 13:27:24] esCNN.cv15: Checkpoint saved to experiments/normal/sili/esCNN_random_sili_h4
[2020-10-23 13:27:24] esCNN.cv15: Found new best state
[2020-10-23 13:27:24] esCNN.cv15: Best vmse: 0.5702
[2020-10-23 13:27:24] esCNN.cv15: Channel size: 11 	 Kernel size: 6 
Training MSE: 0.15980734 	 Validating MSE: 0.57023042 	 Best VMSE: 0.57023042
[2020-10-23 13:27:24] esCNN.cv15: Checkpoint saved to experiments/normal/sili/esCNN_random_sili_h4
[2020-10-23 13:27:24] esCNN.cv15: Channel size: 12 	 Kernel size: 6 
Training MSE: 0.15965655 	 Validating MSE: 0.57500035 	 Best VMSE: 0.57023042
[2020-10-23 13:27:24] esCNN.cv15: Checkpoint saved to experiments/normal/sili/esCNN_random_sili_h4
[2020-10-23 13:27:24] esCNN.cv15: Channel size: 13 	 Kernel size: 6 
Training MSE: 0.15963805 	 Validating MSE: 0.57366699 	 Best VMSE: 0.57023042
[2020-10-23 13:27:24] esCNN.cv15: Checkpoint saved to experiments/normal/sili/esCNN_random_sili_h4
[2020-10-23 13:27:25] esCNN.cv15: Channel size: 14 	 Kernel size: 6 
Training MSE: 0.15930077 	 Validating MSE: 0.57197940 	 Best VMSE: 0.57023042
[2020-10-23 13:27:25] esCNN.cv15: Checkpoint saved to experiments/normal/sili/esCNN_random_sili_h4
[2020-10-23 13:27:25] esCNN.cv15: Channel size: 15 	 Kernel size: 6 
Training MSE: 0.15920922 	 Validating MSE: 0.57117981 	 Best VMSE: 0.57023042
[2020-10-23 13:27:25] esCNN.cv15: Checkpoint saved to experiments/normal/sili/esCNN_random_sili_h4
[2020-10-23 13:27:25] esCNN.cv15: Channel size: 16 	 Kernel size: 6 
Training MSE: 0.15899590 	 Validating MSE: 0.57691270 	 Best VMSE: 0.57023042
[2020-10-23 13:27:25] esCNN.cv15: Checkpoint saved to experiments/normal/sili/esCNN_random_sili_h4
[2020-10-23 13:27:25] esCNN.cv15: Channel size: 17 	 Kernel size: 6 
Training MSE: 0.15892914 	 Validating MSE: 0.57984626 	 Best VMSE: 0.57023042
[2020-10-23 13:27:25] esCNN.cv15: Checkpoint saved to experiments/normal/sili/esCNN_random_sili_h4
[2020-10-23 13:27:25] esCNN.cv15: Channel size: 18 	 Kernel size: 6 
Training MSE: 0.15815315 	 Validating MSE: 0.57851332 	 Best VMSE: 0.57023042
[2020-10-23 13:27:25] esCNN.cv15: Checkpoint saved to experiments/normal/sili/esCNN_random_sili_h4
[2020-10-23 13:27:25] esCNN.cv15: Channel size: 19 	 Kernel size: 6 
Training MSE: 0.15780802 	 Validating MSE: 0.57721359 	 Best VMSE: 0.57023042
[2020-10-23 13:27:25] esCNN.cv15: Checkpoint saved to experiments/normal/sili/esCNN_random_sili_h4
[2020-10-23 13:27:25] esCNN.cv15: Channel size: 20 	 Kernel size: 6 
Training MSE: 0.15757260 	 Validating MSE: 0.58663809 	 Best VMSE: 0.57023042
[2020-10-23 13:27:25] esCNN.cv15: Checkpoint saved to experiments/normal/sili/esCNN_random_sili_h4
[2020-10-23 13:27:25] esCNN.cv15: Channel size: 21 	 Kernel size: 6 
Training MSE: 0.15737453 	 Validating MSE: 0.57987702 	 Best VMSE: 0.57023042
[2020-10-23 13:27:25] esCNN.cv15: Checkpoint saved to experiments/normal/sili/esCNN_random_sili_h4
[2020-10-23 13:27:25] esCNN.cv15: Channel size: 22 	 Kernel size: 6 
Training MSE: 0.15725513 	 Validating MSE: 0.57429343 	 Best VMSE: 0.57023042
[2020-10-23 13:27:25] esCNN.cv15: Checkpoint saved to experiments/normal/sili/esCNN_random_sili_h4
[2020-10-23 13:27:25] esCNN.cv15: Channel size: 23 	 Kernel size: 6 
Training MSE: 0.15715663 	 Validating MSE: 0.57114720 	 Best VMSE: 0.57023042
[2020-10-23 13:27:25] esCNN.cv15: Checkpoint saved to experiments/normal/sili/esCNN_random_sili_h4
[2020-10-23 13:27:25] esCNN.cv15: Channel size: 24 	 Kernel size: 6 
Training MSE: 0.15711278 	 Validating MSE: 0.57138097 	 Best VMSE: 0.57023042
[2020-10-23 13:27:25] esCNN.cv15: Checkpoint saved to experiments/normal/sili/esCNN_random_sili_h4
[2020-10-23 13:27:25] esCNN.cv15: Channel size: 25 	 Kernel size: 6 
Training MSE: 0.15693517 	 Validating MSE: 0.57231194 	 Best VMSE: 0.57023042
[2020-10-23 13:27:25] esCNN.cv15: Checkpoint saved to experiments/normal/sili/esCNN_random_sili_h4
[2020-10-23 13:27:25] esCNN.cv15: Channel size: 26 	 Kernel size: 6 
Training MSE: 0.15684092 	 Validating MSE: 0.57247692 	 Best VMSE: 0.57023042
[2020-10-23 13:27:25] esCNN.cv15: Checkpoint saved to experiments/normal/sili/esCNN_random_sili_h4
[2020-10-23 13:27:25] esCNN.cv15: Channel size: 27 	 Kernel size: 6 
Training MSE: 0.15678161 	 Validating MSE: 0.57607168 	 Best VMSE: 0.57023042
[2020-10-23 13:27:25] esCNN.cv15: Checkpoint saved to experiments/normal/sili/esCNN_random_sili_h4
[2020-10-23 13:27:25] esCNN.cv15: Channel size: 28 	 Kernel size: 6 
Training MSE: 0.15668330 	 Validating MSE: 0.57794559 	 Best VMSE: 0.57023042
[2020-10-23 13:27:25] esCNN.cv15: Checkpoint saved to experiments/normal/sili/esCNN_random_sili_h4
[2020-10-23 13:27:25] esCNN.cv15: Channel size: 29 	 Kernel size: 6 
Training MSE: 0.15666597 	 Validating MSE: 0.57826763 	 Best VMSE: 0.57023042
[2020-10-23 13:27:25] esCNN.cv15: Checkpoint saved to experiments/normal/sili/esCNN_random_sili_h4
[2020-10-23 13:27:25] esCNN.cv15: Channel size: 30 	 Kernel size: 6 
Training MSE: 0.15661871 	 Validating MSE: 0.57527810 	 Best VMSE: 0.57023042
[2020-10-23 13:27:25] esCNN.cv15: Checkpoint saved to experiments/normal/sili/esCNN_random_sili_h4
[2020-10-23 13:27:25] esCNN.cv15: Channel size: 31 	 Kernel size: 6 
Training MSE: 0.15657894 	 Validating MSE: 0.57484609 	 Best VMSE: 0.57023042
[2020-10-23 13:27:25] esCNN.cv15: Checkpoint saved to experiments/normal/sili/esCNN_random_sili_h4
[2020-10-23 13:27:25] esCNN.cv15: Channel size: 32 	 Kernel size: 6 
Training MSE: 0.15655413 	 Validating MSE: 0.57401741 	 Best VMSE: 0.57023042
[2020-10-23 13:27:25] esCNN.cv15: Checkpoint saved to experiments/normal/sili/esCNN_random_sili_h4
[2020-10-23 13:27:25] esCNN.cv15: Channel size: 33 	 Kernel size: 6 
Training MSE: 0.15652421 	 Validating MSE: 0.57608306 	 Best VMSE: 0.57023042
[2020-10-23 13:27:25] esCNN.cv15: Checkpoint saved to experiments/normal/sili/esCNN_random_sili_h4
[2020-10-23 13:27:25] esCNN.cv15: Channel size: 34 	 Kernel size: 6 
Training MSE: 0.15650326 	 Validating MSE: 0.57482755 	 Best VMSE: 0.57023042
[2020-10-23 13:27:25] esCNN.cv15: Checkpoint saved to experiments/normal/sili/esCNN_random_sili_h4
[2020-10-23 13:27:25] esCNN.cv15: Channel size: 35 	 Kernel size: 6 
Training MSE: 0.15647493 	 Validating MSE: 0.57557458 	 Best VMSE: 0.57023042
[2020-10-23 13:27:25] esCNN.cv15: Checkpoint saved to experiments/normal/sili/esCNN_random_sili_h4
[2020-10-23 13:27:26] esCNN.cv15: Channel size: 36 	 Kernel size: 6 
Training MSE: 0.15634510 	 Validating MSE: 0.57170558 	 Best VMSE: 0.57023042
[2020-10-23 13:27:26] esCNN.cv15: Checkpoint saved to experiments/normal/sili/esCNN_random_sili_h4
[2020-10-23 13:27:26] esCNN.cv15: Channel size: 37 	 Kernel size: 6 
Training MSE: 0.15628801 	 Validating MSE: 0.57424909 	 Best VMSE: 0.57023042
[2020-10-23 13:27:26] esCNN.cv15: Checkpoint saved to experiments/normal/sili/esCNN_random_sili_h4
[2020-10-23 13:27:26] esCNN.cv15: Channel size: 38 	 Kernel size: 6 
Training MSE: 0.15616292 	 Validating MSE: 0.57122481 	 Best VMSE: 0.57023042
[2020-10-23 13:27:26] esCNN.cv15: Checkpoint saved to experiments/normal/sili/esCNN_random_sili_h4
[2020-10-23 13:27:26] esCNN.cv15: Channel size: 39 	 Kernel size: 6 
Training MSE: 0.15613519 	 Validating MSE: 0.57190561 	 Best VMSE: 0.57023042
[2020-10-23 13:27:26] esCNN.cv15: Checkpoint saved to experiments/normal/sili/esCNN_random_sili_h4
[2020-10-23 13:27:26] esCNN.cv15: Channel size: 40 	 Kernel size: 6 
Training MSE: 0.15610082 	 Validating MSE: 0.57306170 	 Best VMSE: 0.57023042
[2020-10-23 13:27:26] esCNN.cv15: Checkpoint saved to experiments/normal/sili/esCNN_random_sili_h4
[2020-10-23 13:27:26] esCNN.cv15: Channel size: 41 	 Kernel size: 6 
Training MSE: 0.15595619 	 Validating MSE: 0.57266629 	 Best VMSE: 0.57023042
[2020-10-23 13:27:26] esCNN.cv15: Checkpoint saved to experiments/normal/sili/esCNN_random_sili_h4
[2020-10-23 13:27:26] esCNN.cv15: Channel size: 42 	 Kernel size: 6 
Training MSE: 0.15582936 	 Validating MSE: 0.57298118 	 Best VMSE: 0.57023042
[2020-10-23 13:27:26] esCNN.cv15: Checkpoint saved to experiments/normal/sili/esCNN_random_sili_h4
[2020-10-23 13:27:26] esCNN.cv15: Channel size: 43 	 Kernel size: 6 
Training MSE: 0.15565507 	 Validating MSE: 0.57787138 	 Best VMSE: 0.57023042
[2020-10-23 13:27:26] esCNN.cv15: Checkpoint saved to experiments/normal/sili/esCNN_random_sili_h4
[2020-10-23 13:27:26] esCNN.cv15: Channel size: 44 	 Kernel size: 6 
Training MSE: 0.15554820 	 Validating MSE: 0.57801610 	 Best VMSE: 0.57023042
[2020-10-23 13:27:26] esCNN.cv15: Checkpoint saved to experiments/normal/sili/esCNN_random_sili_h4
[2020-10-23 13:27:26] esCNN.cv15: Channel size: 45 	 Kernel size: 6 
Training MSE: 0.15551001 	 Validating MSE: 0.57822573 	 Best VMSE: 0.57023042
[2020-10-23 13:27:26] esCNN.cv15: Checkpoint saved to experiments/normal/sili/esCNN_random_sili_h4
[2020-10-23 13:27:26] esCNN.cv15: Channel size: 46 	 Kernel size: 6 
Training MSE: 0.15546262 	 Validating MSE: 0.57612044 	 Best VMSE: 0.57023042
[2020-10-23 13:27:26] esCNN.cv15: Checkpoint saved to experiments/normal/sili/esCNN_random_sili_h4
[2020-10-23 13:27:26] esCNN.cv15: Channel size: 47 	 Kernel size: 6 
Training MSE: 0.15535192 	 Validating MSE: 0.57514983 	 Best VMSE: 0.57023042
[2020-10-23 13:27:26] esCNN.cv15: Checkpoint saved to experiments/normal/sili/esCNN_random_sili_h4
[2020-10-23 13:27:26] esCNN.cv15: Channel size: 48 	 Kernel size: 6 
Training MSE: 0.15527876 	 Validating MSE: 0.57671911 	 Best VMSE: 0.57023042
[2020-10-23 13:27:26] esCNN.cv15: Checkpoint saved to experiments/normal/sili/esCNN_random_sili_h4
[2020-10-23 13:27:26] esCNN.cv15: Channel size: 49 	 Kernel size: 6 
Training MSE: 0.15518920 	 Validating MSE: 0.57043684 	 Best VMSE: 0.57023042
[2020-10-23 13:27:26] esCNN.cv15: Checkpoint saved to experiments/normal/sili/esCNN_random_sili_h4
[2020-10-23 13:27:26] esCNN.cv15: Channel size: 50 	 Kernel size: 6 
Training MSE: 0.15515950 	 Validating MSE: 0.57229781 	 Best VMSE: 0.57023042
[2020-10-23 13:27:26] esCNN.cv15: Checkpoint saved to experiments/normal/sili/esCNN_random_sili_h4
[2020-10-23 13:27:26] esCNN.cv15: Channel size: 51 	 Kernel size: 6 
Training MSE: 0.15508786 	 Validating MSE: 0.57336569 	 Best VMSE: 0.57023042
[2020-10-23 13:27:26] esCNN.cv15: Checkpoint saved to experiments/normal/sili/esCNN_random_sili_h4
[2020-10-23 13:27:27] esCNN.cv15: Channel size: 52 	 Kernel size: 6 
Training MSE: 0.15495417 	 Validating MSE: 0.57453722 	 Best VMSE: 0.57023042
[2020-10-23 13:27:27] esCNN.cv15: Checkpoint saved to experiments/normal/sili/esCNN_random_sili_h4
[2020-10-23 13:27:27] esCNN.cv15: Channel size: 53 	 Kernel size: 6 
Training MSE: 0.15479989 	 Validating MSE: 0.57594442 	 Best VMSE: 0.57023042
[2020-10-23 13:27:27] esCNN.cv15: Checkpoint saved to experiments/normal/sili/esCNN_random_sili_h4
[2020-10-23 13:27:27] esCNN.cv15: Channel size: 54 	 Kernel size: 6 
Training MSE: 0.15476532 	 Validating MSE: 0.57304686 	 Best VMSE: 0.57023042
[2020-10-23 13:27:27] esCNN.cv15: Checkpoint saved to experiments/normal/sili/esCNN_random_sili_h4
[2020-10-23 13:27:27] esCNN.cv15: Channel size: 55 	 Kernel size: 6 
Training MSE: 0.15468374 	 Validating MSE: 0.57497782 	 Best VMSE: 0.57023042
[2020-10-23 13:27:27] esCNN.cv15: Checkpoint saved to experiments/normal/sili/esCNN_random_sili_h4
[2020-10-23 13:27:27] esCNN.cv15: Channel size: 56 	 Kernel size: 6 
Training MSE: 0.15460563 	 Validating MSE: 0.58125770 	 Best VMSE: 0.57023042
[2020-10-23 13:27:27] esCNN.cv15: Checkpoint saved to experiments/normal/sili/esCNN_random_sili_h4
[2020-10-23 13:27:27] esCNN.cv15: Channel size: 57 	 Kernel size: 6 
Training MSE: 0.15455058 	 Validating MSE: 0.57737499 	 Best VMSE: 0.57023042
[2020-10-23 13:27:27] esCNN.cv15: Checkpoint saved to experiments/normal/sili/esCNN_random_sili_h4
[2020-10-23 13:27:27] esCNN.cv15: Channel size: 58 	 Kernel size: 6 
Training MSE: 0.15424693 	 Validating MSE: 0.57712615 	 Best VMSE: 0.57023042
[2020-10-23 13:27:27] esCNN.cv15: Checkpoint saved to experiments/normal/sili/esCNN_random_sili_h4
[2020-10-23 13:27:27] esCNN.cv15: Channel size: 59 	 Kernel size: 6 
Training MSE: 0.15379465 	 Validating MSE: 0.58207726 	 Best VMSE: 0.57023042
[2020-10-23 13:27:27] esCNN.cv15: Checkpoint saved to experiments/normal/sili/esCNN_random_sili_h4
[2020-10-23 13:27:27] esCNN.cv15: Channel size: 60 	 Kernel size: 6 
Training MSE: 0.15368810 	 Validating MSE: 0.58050889 	 Best VMSE: 0.57023042
[2020-10-23 13:27:27] esCNN.cv15: Checkpoint saved to experiments/normal/sili/esCNN_random_sili_h4
[2020-10-23 13:27:27] esCNN.cv15: Channel size: 61 	 Kernel size: 6 
Training MSE: 0.15363309 	 Validating MSE: 0.58228016 	 Best VMSE: 0.57023042
[2020-10-23 13:27:27] esCNN.cv15: Checkpoint saved to experiments/normal/sili/esCNN_random_sili_h4
[2020-10-23 13:27:27] esCNN.cv15: Channel size: 62 	 Kernel size: 6 
Training MSE: 0.15279874 	 Validating MSE: 0.58389544 	 Best VMSE: 0.57023042
[2020-10-23 13:27:27] esCNN.cv15: Checkpoint saved to experiments/normal/sili/esCNN_random_sili_h4
[2020-10-23 13:27:27] esCNN.cv15: Channel size: 63 	 Kernel size: 6 
Training MSE: 0.15222867 	 Validating MSE: 0.59231061 	 Best VMSE: 0.57023042
[2020-10-23 13:27:27] esCNN.cv15: Checkpoint saved to experiments/normal/sili/esCNN_random_sili_h4
[2020-10-23 13:27:27] esCNN.cv15: Channel size: 64 	 Kernel size: 6 
Training MSE: 0.15220119 	 Validating MSE: 0.59000778 	 Best VMSE: 0.57023042
[2020-10-23 13:27:27] esCNN.cv15: Checkpoint saved to experiments/normal/sili/esCNN_random_sili_h4
[2020-10-23 13:27:27] esCNN.cv15: Channel size: 65 	 Kernel size: 6 
Training MSE: 0.15212637 	 Validating MSE: 0.58751136 	 Best VMSE: 0.57023042
[2020-10-23 13:27:27] esCNN.cv15: Checkpoint saved to experiments/normal/sili/esCNN_random_sili_h4
[2020-10-23 13:27:28] esCNN.cv15: Channel size: 66 	 Kernel size: 6 
Training MSE: 0.15210530 	 Validating MSE: 0.58785760 	 Best VMSE: 0.57023042
[2020-10-23 13:27:28] esCNN.cv15: Checkpoint saved to experiments/normal/sili/esCNN_random_sili_h4
[2020-10-23 13:27:28] esCNN.cv15: Channel size: 67 	 Kernel size: 6 
Training MSE: 0.15205252 	 Validating MSE: 0.58713520 	 Best VMSE: 0.57023042
[2020-10-23 13:27:28] esCNN.cv15: Checkpoint saved to experiments/normal/sili/esCNN_random_sili_h4
[2020-10-23 13:27:28] esCNN.cv15: Channel size: 68 	 Kernel size: 6 
Training MSE: 0.15195356 	 Validating MSE: 0.58949405 	 Best VMSE: 0.57023042
[2020-10-23 13:27:28] esCNN.cv15: Checkpoint saved to experiments/normal/sili/esCNN_random_sili_h4
[2020-10-23 13:27:28] esCNN.cv15: Channel size: 69 	 Kernel size: 6 
Training MSE: 0.15177889 	 Validating MSE: 0.58337253 	 Best VMSE: 0.57023042
[2020-10-23 13:27:28] esCNN.cv15: Checkpoint saved to experiments/normal/sili/esCNN_random_sili_h4
[2020-10-23 13:27:28] esCNN.cv15: Channel size: 70 	 Kernel size: 6 
Training MSE: 0.15120859 	 Validating MSE: 0.58358079 	 Best VMSE: 0.57023042
[2020-10-23 13:27:28] esCNN.cv15: Checkpoint saved to experiments/normal/sili/esCNN_random_sili_h4
[2020-10-23 13:27:28] esCNN.cv15: Channel size: 71 	 Kernel size: 6 
Training MSE: 0.15079859 	 Validating MSE: 0.58323276 	 Best VMSE: 0.57023042
[2020-10-23 13:27:28] esCNN.cv15: Checkpoint saved to experiments/normal/sili/esCNN_random_sili_h4
[2020-10-23 13:27:28] esCNN.cv15: Channel size: 72 	 Kernel size: 6 
Training MSE: 0.15054734 	 Validating MSE: 0.58903772 	 Best VMSE: 0.57023042
[2020-10-23 13:27:28] esCNN.cv15: Checkpoint saved to experiments/normal/sili/esCNN_random_sili_h4
[2020-10-23 13:27:28] esCNN.cv15: Channel size: 73 	 Kernel size: 6 
Training MSE: 0.15049228 	 Validating MSE: 0.58627486 	 Best VMSE: 0.57023042
[2020-10-23 13:27:28] esCNN.cv15: Checkpoint saved to experiments/normal/sili/esCNN_random_sili_h4
[2020-10-23 13:27:28] esCNN.cv15: Channel size: 74 	 Kernel size: 6 
Training MSE: 0.15045746 	 Validating MSE: 0.58577245 	 Best VMSE: 0.57023042
[2020-10-23 13:27:28] esCNN.cv15: Checkpoint saved to experiments/normal/sili/esCNN_random_sili_h4
[2020-10-23 13:27:28] esCNN.cv15: Channel size: 75 	 Kernel size: 6 
Training MSE: 0.15042117 	 Validating MSE: 0.58278459 	 Best VMSE: 0.57023042
[2020-10-23 13:27:28] esCNN.cv15: Checkpoint saved to experiments/normal/sili/esCNN_random_sili_h4
[2020-10-23 13:27:28] esCNN.cv15: Channel size: 76 	 Kernel size: 6 
Training MSE: 0.15034541 	 Validating MSE: 0.57983929 	 Best VMSE: 0.57023042
[2020-10-23 13:27:28] esCNN.cv15: Checkpoint saved to experiments/normal/sili/esCNN_random_sili_h4
[2020-10-23 13:27:28] esCNN.cv15: Channel size: 77 	 Kernel size: 6 
Training MSE: 0.15025958 	 Validating MSE: 0.57964671 	 Best VMSE: 0.57023042
[2020-10-23 13:27:28] esCNN.cv15: Checkpoint saved to experiments/normal/sili/esCNN_random_sili_h4
[2020-10-23 13:27:29] esCNN.cv15: Channel size: 78 	 Kernel size: 6 
Training MSE: 0.15019886 	 Validating MSE: 0.58138371 	 Best VMSE: 0.57023042
[2020-10-23 13:27:29] esCNN.cv15: Checkpoint saved to experiments/normal/sili/esCNN_random_sili_h4
[2020-10-23 13:27:29] esCNN.cv15: Channel size: 79 	 Kernel size: 6 
Training MSE: 0.15006459 	 Validating MSE: 0.57969427 	 Best VMSE: 0.57023042
[2020-10-23 13:27:29] esCNN.cv15: Checkpoint saved to experiments/normal/sili/esCNN_random_sili_h4
[2020-10-23 13:27:29] esCNN.cv15: Channel size: 80 	 Kernel size: 6 
Training MSE: 0.14980935 	 Validating MSE: 0.57952017 	 Best VMSE: 0.57023042
[2020-10-23 13:27:29] esCNN.cv15: Checkpoint saved to experiments/normal/sili/esCNN_random_sili_h4
[2020-10-23 13:27:29] esCNN.cv15: Channel size: 81 	 Kernel size: 6 
Training MSE: 0.14974996 	 Validating MSE: 0.58131492 	 Best VMSE: 0.57023042
[2020-10-23 13:27:29] esCNN.cv15: Checkpoint saved to experiments/normal/sili/esCNN_random_sili_h4
[2020-10-23 13:27:29] esCNN.cv15: Channel size: 82 	 Kernel size: 6 
Training MSE: 0.14971891 	 Validating MSE: 0.58227021 	 Best VMSE: 0.57023042
[2020-10-23 13:27:29] esCNN.cv15: Checkpoint saved to experiments/normal/sili/esCNN_random_sili_h4
[2020-10-23 13:27:29] esCNN.cv15: Channel size: 83 	 Kernel size: 6 
Training MSE: 0.14968938 	 Validating MSE: 0.57876444 	 Best VMSE: 0.57023042
[2020-10-23 13:27:29] esCNN.cv15: Checkpoint saved to experiments/normal/sili/esCNN_random_sili_h4
[2020-10-23 13:27:29] esCNN.cv15: Channel size: 84 	 Kernel size: 6 
Training MSE: 0.14938062 	 Validating MSE: 0.58729768 	 Best VMSE: 0.57023042
[2020-10-23 13:27:29] esCNN.cv15: Checkpoint saved to experiments/normal/sili/esCNN_random_sili_h4
[2020-10-23 13:27:29] esCNN.cv15: Channel size: 85 	 Kernel size: 6 
Training MSE: 0.14916331 	 Validating MSE: 0.58795899 	 Best VMSE: 0.57023042
[2020-10-23 13:27:29] esCNN.cv15: Checkpoint saved to experiments/normal/sili/esCNN_random_sili_h4
[2020-10-23 13:27:29] esCNN.cv15: Channel size: 86 	 Kernel size: 6 
Training MSE: 0.14905861 	 Validating MSE: 0.58726561 	 Best VMSE: 0.57023042
[2020-10-23 13:27:29] esCNN.cv15: Checkpoint saved to experiments/normal/sili/esCNN_random_sili_h4
[2020-10-23 13:27:29] esCNN.cv15: Channel size: 87 	 Kernel size: 6 
Training MSE: 0.14901526 	 Validating MSE: 0.58430117 	 Best VMSE: 0.57023042
[2020-10-23 13:27:29] esCNN.cv15: Checkpoint saved to experiments/normal/sili/esCNN_random_sili_h4
[2020-10-23 13:27:29] esCNN.cv15: Channel size: 88 	 Kernel size: 6 
Training MSE: 0.14888445 	 Validating MSE: 0.58033234 	 Best VMSE: 0.57023042
[2020-10-23 13:27:29] esCNN.cv15: Checkpoint saved to experiments/normal/sili/esCNN_random_sili_h4
[2020-10-23 13:27:30] esCNN.cv15: Channel size: 89 	 Kernel size: 6 
Training MSE: 0.14843994 	 Validating MSE: 0.58079576 	 Best VMSE: 0.57023042
[2020-10-23 13:27:30] esCNN.cv15: Checkpoint saved to experiments/normal/sili/esCNN_random_sili_h4
[2020-10-23 13:27:30] esCNN.cv15: Channel size: 90 	 Kernel size: 6 
Training MSE: 0.14834769 	 Validating MSE: 0.58115619 	 Best VMSE: 0.57023042
[2020-10-23 13:27:30] esCNN.cv15: Checkpoint saved to experiments/normal/sili/esCNN_random_sili_h4
[2020-10-23 13:27:30] esCNN.cv15: Channel size: 91 	 Kernel size: 6 
Training MSE: 0.14826709 	 Validating MSE: 0.58228517 	 Best VMSE: 0.57023042
[2020-10-23 13:27:30] esCNN.cv15: Checkpoint saved to experiments/normal/sili/esCNN_random_sili_h4
[2020-10-23 13:27:30] esCNN.cv15: Channel size: 92 	 Kernel size: 6 
Training MSE: 0.14823222 	 Validating MSE: 0.58266056 	 Best VMSE: 0.57023042
[2020-10-23 13:27:30] esCNN.cv15: Checkpoint saved to experiments/normal/sili/esCNN_random_sili_h4
[2020-10-23 13:27:30] esCNN.cv15: Channel size: 93 	 Kernel size: 6 
Training MSE: 0.14810786 	 Validating MSE: 0.57664633 	 Best VMSE: 0.57023042
[2020-10-23 13:27:30] esCNN.cv15: Checkpoint saved to experiments/normal/sili/esCNN_random_sili_h4
[2020-10-23 13:27:30] esCNN.cv15: Channel size: 94 	 Kernel size: 6 
Training MSE: 0.14805338 	 Validating MSE: 0.58203566 	 Best VMSE: 0.57023042
[2020-10-23 13:27:30] esCNN.cv15: Checkpoint saved to experiments/normal/sili/esCNN_random_sili_h4
[2020-10-23 13:27:30] esCNN.cv15: Channel size: 95 	 Kernel size: 6 
Training MSE: 0.14791514 	 Validating MSE: 0.58145976 	 Best VMSE: 0.57023042
[2020-10-23 13:27:30] esCNN.cv15: Checkpoint saved to experiments/normal/sili/esCNN_random_sili_h4
[2020-10-23 13:27:30] esCNN.cv15: Channel size: 96 	 Kernel size: 6 
Training MSE: 0.14779976 	 Validating MSE: 0.57761192 	 Best VMSE: 0.57023042
[2020-10-23 13:27:30] esCNN.cv15: Checkpoint saved to experiments/normal/sili/esCNN_random_sili_h4
[2020-10-23 13:27:30] esCNN.cv15: Channel size: 97 	 Kernel size: 6 
Training MSE: 0.14777812 	 Validating MSE: 0.57800192 	 Best VMSE: 0.57023042
[2020-10-23 13:27:30] esCNN.cv15: Checkpoint saved to experiments/normal/sili/esCNN_random_sili_h4
[2020-10-23 13:27:30] esCNN.cv15: Channel size: 98 	 Kernel size: 6 
Training MSE: 0.14774832 	 Validating MSE: 0.57947868 	 Best VMSE: 0.57023042
[2020-10-23 13:27:30] esCNN.cv15: Checkpoint saved to experiments/normal/sili/esCNN_random_sili_h4
[2020-10-23 13:27:31] esCNN.cv15: Channel size: 99 	 Kernel size: 6 
Training MSE: 0.14742529 	 Validating MSE: 0.57931292 	 Best VMSE: 0.57023042
[2020-10-23 13:27:31] esCNN.cv15: Checkpoint saved to experiments/normal/sili/esCNN_random_sili_h4
[2020-10-23 13:27:31] esCNN.cv15: Channel size: 100 	 Kernel size: 6 
Training MSE: 0.14716527 	 Validating MSE: 0.58373582 	 Best VMSE: 0.57023042
[2020-10-23 13:27:31] esCNN.cv15: Checkpoint saved to experiments/normal/sili/esCNN_random_sili_h4
[2020-10-23 13:27:31] esCNN.cv15: Restoring best parameters from experiments/normal/sili/esCNN_random_sili_h4/train.cv15.pth.tar
[2020-10-23 13:27:31] esCNN.cv15: sili	 H: 4	 Trail: 46 
Testing RMSE: 0.8618 	 MAPE: 0.135 	 SMAPE: 0.07175
