[2020-10-23 13:25:39] esCNN.cv11: Loading the datasets and model for 30th-batch-training
[2020-10-23 13:25:39] esCNN.cv11: Argument channel_size: 100
[2020-10-23 13:25:39] esCNN.cv11: Argument candidate_size: 300
[2020-10-23 13:25:39] esCNN.cv11: Argument kernel_size: 6
[2020-10-23 13:25:39] esCNN.cv11: Argument kernel_list: [8, 6, 5, 4]
[2020-10-23 13:25:39] esCNN.cv11: Argument Lambdas: [0.5, 1, 5, 15, 30, 50, 100, 150, 200]
[2020-10-23 13:25:39] esCNN.cv11: Argument Lambdas_std: [0.01, 0.05, 0.1, 0.5, 1]
[2020-10-23 13:25:39] esCNN.cv11: Argument r: [0.8, 0.9, 0.99, 0.9999, 0.999999]
[2020-10-23 13:25:39] esCNN.cv11: Argument tolerance: 0
[2020-10-23 13:25:39] esCNN.cv11: Argument device: device(type='cuda')
[2020-10-23 13:25:39] esCNN.cv11: Argument dataset: 'sili'
[2020-10-23 13:25:39] esCNN.cv11: Argument H: 4
[2020-10-23 13:25:39] esCNN.cv11: Argument k: 5
[2020-10-23 13:25:39] esCNN.cv11: Argument test: False
[2020-10-23 13:25:39] esCNN.cv11: Argument search: 'random'
[2020-10-23 13:25:39] esCNN.cv11: Argument normal: True
[2020-10-23 13:25:39] esCNN.cv11: Argument diff: False
[2020-10-23 13:25:39] esCNN.cv11: Argument times: 60
[2020-10-23 13:25:39] esCNN.cv11: Argument datasets: {'ar1': {'lag_order': 15, 'normal': True, 'cov_dim': 0, 'kernel_size': 3}, 'wti': {'lag_order': 25, 'normal': True, 'cov_dim': 0, 'kernel_size': 5}, 'gold': {'lag_order': 25, 'normal': True, 'cov_dim': 0, 'kernel_size': 5}, 'sp': {'lag_order': 25, 'normal': True, 'cov_dim': 0, 'kernel_size': 5}, 'brent': {'lag_order': 24, 'normal': True, 'cov_dim': 0, 'kernel_size': 6}, 'sili': {'lag_order': 26, 'normal': True, 'cov_dim': 0, 'kernel_size': 6}}
[2020-10-23 13:25:39] esCNN.cv11: Argument steps: 26
[2020-10-23 13:25:39] esCNN.cv11: Argument cov_dim: 0
[2020-10-23 13:25:39] esCNN.cv11: Argument experiment: 'experiments/normal/sili'
[2020-10-23 13:25:39] esCNN.cv11: Argument scaler: StandardScaler()
[2020-10-23 13:25:39] esCNN.cv11: Argument model_name: 'esCNN_random_sili_h4'
[2020-10-23 13:25:39] esCNN.cv11: Argument model_dir: 'experiments/normal/sili/esCNN_random_sili_h4'
[2020-10-23 13:25:39] esCNN.cv11: Argument In_channels: 1
[2020-10-23 13:25:39] esCNN.cv11: Argument restore: True
[2020-10-23 13:25:39] esCNN.cv11: Argument cv: 11
[2020-10-23 13:25:39] esCNN.cv11: Argument plot_dir: 'experiments/normal/sili/esCNN_random_sili_h4/figures'
[2020-10-23 13:25:39] esCNN.cv11: Using Cuda...
[2020-10-23 13:25:39] esCNN.cv11: Loading complete.
[2020-10-23 13:25:39] esCNN.cv11: Model: 
ES_CNN(
  (Pool): AvgPool1d(kernel_size=(3,), stride=(1,), padding=(0,))
  (loss_fn): MSELoss()
)
[2020-10-23 13:25:39] esCNN.cv11: Found new best state
[2020-10-23 13:25:39] esCNN.cv11: Best vmse: 1.6336
[2020-10-23 13:25:39] esCNN.cv11: Channel size: 1 	 Kernel size: 6 
Training MSE: 0.32409889 	 Validating MSE: 1.63355792 	 Best VMSE: 1.63355792
[2020-10-23 13:25:39] esCNN.cv11: Checkpoint saved to experiments/normal/sili/esCNN_random_sili_h4
[2020-10-23 13:25:39] esCNN.cv11: Found new best state
[2020-10-23 13:25:39] esCNN.cv11: Best vmse: 1.5617
[2020-10-23 13:25:39] esCNN.cv11: Channel size: 2 	 Kernel size: 6 
Training MSE: 0.30463269 	 Validating MSE: 1.56174970 	 Best VMSE: 1.56174970
[2020-10-23 13:25:39] esCNN.cv11: Checkpoint saved to experiments/normal/sili/esCNN_random_sili_h4
[2020-10-23 13:25:39] esCNN.cv11: Found new best state
[2020-10-23 13:25:39] esCNN.cv11: Best vmse: 1.0754
[2020-10-23 13:25:39] esCNN.cv11: Channel size: 3 	 Kernel size: 6 
Training MSE: 0.23694924 	 Validating MSE: 1.07542741 	 Best VMSE: 1.07542741
[2020-10-23 13:25:39] esCNN.cv11: Checkpoint saved to experiments/normal/sili/esCNN_random_sili_h4
[2020-10-23 13:25:39] esCNN.cv11: Found new best state
[2020-10-23 13:25:39] esCNN.cv11: Best vmse: 0.8780
[2020-10-23 13:25:39] esCNN.cv11: Channel size: 4 	 Kernel size: 6 
Training MSE: 0.20988168 	 Validating MSE: 0.87804782 	 Best VMSE: 0.87804782
[2020-10-23 13:25:39] esCNN.cv11: Checkpoint saved to experiments/normal/sili/esCNN_random_sili_h4
[2020-10-23 13:25:39] esCNN.cv11: Found new best state
[2020-10-23 13:25:39] esCNN.cv11: Best vmse: 0.6947
[2020-10-23 13:25:39] esCNN.cv11: Channel size: 5 	 Kernel size: 6 
Training MSE: 0.17550249 	 Validating MSE: 0.69468206 	 Best VMSE: 0.69468206
[2020-10-23 13:25:39] esCNN.cv11: Checkpoint saved to experiments/normal/sili/esCNN_random_sili_h4
[2020-10-23 13:25:39] esCNN.cv11: Channel size: 6 	 Kernel size: 6 
Training MSE: 0.17152537 	 Validating MSE: 0.72675723 	 Best VMSE: 0.69468206
[2020-10-23 13:25:39] esCNN.cv11: Checkpoint saved to experiments/normal/sili/esCNN_random_sili_h4
[2020-10-23 13:25:39] esCNN.cv11: Channel size: 7 	 Kernel size: 6 
Training MSE: 0.16930807 	 Validating MSE: 0.75621486 	 Best VMSE: 0.69468206
[2020-10-23 13:25:39] esCNN.cv11: Checkpoint saved to experiments/normal/sili/esCNN_random_sili_h4
[2020-10-23 13:25:39] esCNN.cv11: Channel size: 8 	 Kernel size: 6 
Training MSE: 0.16607349 	 Validating MSE: 0.70720923 	 Best VMSE: 0.69468206
[2020-10-23 13:25:39] esCNN.cv11: Checkpoint saved to experiments/normal/sili/esCNN_random_sili_h4
[2020-10-23 13:25:39] esCNN.cv11: Found new best state
[2020-10-23 13:25:39] esCNN.cv11: Best vmse: 0.6790
[2020-10-23 13:25:39] esCNN.cv11: Channel size: 9 	 Kernel size: 6 
Training MSE: 0.16486274 	 Validating MSE: 0.67900032 	 Best VMSE: 0.67900032
[2020-10-23 13:25:39] esCNN.cv11: Checkpoint saved to experiments/normal/sili/esCNN_random_sili_h4
[2020-10-23 13:25:39] esCNN.cv11: Channel size: 10 	 Kernel size: 6 
Training MSE: 0.16433652 	 Validating MSE: 0.68242431 	 Best VMSE: 0.67900032
[2020-10-23 13:25:39] esCNN.cv11: Checkpoint saved to experiments/normal/sili/esCNN_random_sili_h4
[2020-10-23 13:25:39] esCNN.cv11: Channel size: 11 	 Kernel size: 6 
Training MSE: 0.16423950 	 Validating MSE: 0.68519330 	 Best VMSE: 0.67900032
[2020-10-23 13:25:39] esCNN.cv11: Checkpoint saved to experiments/normal/sili/esCNN_random_sili_h4
[2020-10-23 13:25:39] esCNN.cv11: Channel size: 12 	 Kernel size: 6 
Training MSE: 0.16415136 	 Validating MSE: 0.67930549 	 Best VMSE: 0.67900032
[2020-10-23 13:25:39] esCNN.cv11: Checkpoint saved to experiments/normal/sili/esCNN_random_sili_h4
[2020-10-23 13:25:39] esCNN.cv11: Found new best state
[2020-10-23 13:25:39] esCNN.cv11: Best vmse: 0.6762
[2020-10-23 13:25:39] esCNN.cv11: Channel size: 13 	 Kernel size: 6 
Training MSE: 0.16402930 	 Validating MSE: 0.67623335 	 Best VMSE: 0.67623335
[2020-10-23 13:25:39] esCNN.cv11: Checkpoint saved to experiments/normal/sili/esCNN_random_sili_h4
[2020-10-23 13:25:39] esCNN.cv11: Channel size: 14 	 Kernel size: 6 
Training MSE: 0.16387659 	 Validating MSE: 0.67923605 	 Best VMSE: 0.67623335
[2020-10-23 13:25:39] esCNN.cv11: Checkpoint saved to experiments/normal/sili/esCNN_random_sili_h4
[2020-10-23 13:25:39] esCNN.cv11: Found new best state
[2020-10-23 13:25:39] esCNN.cv11: Best vmse: 0.6734
[2020-10-23 13:25:39] esCNN.cv11: Channel size: 15 	 Kernel size: 6 
Training MSE: 0.16369899 	 Validating MSE: 0.67339021 	 Best VMSE: 0.67339021
[2020-10-23 13:25:39] esCNN.cv11: Checkpoint saved to experiments/normal/sili/esCNN_random_sili_h4
[2020-10-23 13:25:39] esCNN.cv11: Found new best state
[2020-10-23 13:25:39] esCNN.cv11: Best vmse: 0.6729
[2020-10-23 13:25:39] esCNN.cv11: Channel size: 16 	 Kernel size: 6 
Training MSE: 0.16361673 	 Validating MSE: 0.67292088 	 Best VMSE: 0.67292088
[2020-10-23 13:25:39] esCNN.cv11: Checkpoint saved to experiments/normal/sili/esCNN_random_sili_h4
[2020-10-23 13:25:39] esCNN.cv11: Found new best state
[2020-10-23 13:25:39] esCNN.cv11: Best vmse: 0.6697
[2020-10-23 13:25:39] esCNN.cv11: Channel size: 17 	 Kernel size: 6 
Training MSE: 0.16354345 	 Validating MSE: 0.66974634 	 Best VMSE: 0.66974634
[2020-10-23 13:25:39] esCNN.cv11: Checkpoint saved to experiments/normal/sili/esCNN_random_sili_h4
[2020-10-23 13:25:39] esCNN.cv11: Found new best state
[2020-10-23 13:25:39] esCNN.cv11: Best vmse: 0.6687
[2020-10-23 13:25:39] esCNN.cv11: Channel size: 18 	 Kernel size: 6 
Training MSE: 0.16352747 	 Validating MSE: 0.66874695 	 Best VMSE: 0.66874695
[2020-10-23 13:25:39] esCNN.cv11: Checkpoint saved to experiments/normal/sili/esCNN_random_sili_h4
[2020-10-23 13:25:39] esCNN.cv11: Channel size: 19 	 Kernel size: 6 
Training MSE: 0.16347282 	 Validating MSE: 0.67216146 	 Best VMSE: 0.66874695
[2020-10-23 13:25:39] esCNN.cv11: Checkpoint saved to experiments/normal/sili/esCNN_random_sili_h4
[2020-10-23 13:25:39] esCNN.cv11: Channel size: 20 	 Kernel size: 6 
Training MSE: 0.16345085 	 Validating MSE: 0.67082012 	 Best VMSE: 0.66874695
[2020-10-23 13:25:39] esCNN.cv11: Checkpoint saved to experiments/normal/sili/esCNN_random_sili_h4
[2020-10-23 13:25:39] esCNN.cv11: Channel size: 21 	 Kernel size: 6 
Training MSE: 0.16339040 	 Validating MSE: 0.67291671 	 Best VMSE: 0.66874695
[2020-10-23 13:25:39] esCNN.cv11: Checkpoint saved to experiments/normal/sili/esCNN_random_sili_h4
[2020-10-23 13:25:40] esCNN.cv11: Channel size: 22 	 Kernel size: 6 
Training MSE: 0.16251691 	 Validating MSE: 0.67529118 	 Best VMSE: 0.66874695
[2020-10-23 13:25:40] esCNN.cv11: Checkpoint saved to experiments/normal/sili/esCNN_random_sili_h4
[2020-10-23 13:25:40] esCNN.cv11: Channel size: 23 	 Kernel size: 6 
Training MSE: 0.16177560 	 Validating MSE: 0.68522966 	 Best VMSE: 0.66874695
[2020-10-23 13:25:40] esCNN.cv11: Checkpoint saved to experiments/normal/sili/esCNN_random_sili_h4
[2020-10-23 13:25:40] esCNN.cv11: Channel size: 24 	 Kernel size: 6 
Training MSE: 0.16137768 	 Validating MSE: 0.67289078 	 Best VMSE: 0.66874695
[2020-10-23 13:25:40] esCNN.cv11: Checkpoint saved to experiments/normal/sili/esCNN_random_sili_h4
[2020-10-23 13:25:40] esCNN.cv11: Channel size: 25 	 Kernel size: 6 
Training MSE: 0.16131908 	 Validating MSE: 0.67298925 	 Best VMSE: 0.66874695
[2020-10-23 13:25:40] esCNN.cv11: Checkpoint saved to experiments/normal/sili/esCNN_random_sili_h4
[2020-10-23 13:25:40] esCNN.cv11: Channel size: 26 	 Kernel size: 6 
Training MSE: 0.16121356 	 Validating MSE: 0.67097199 	 Best VMSE: 0.66874695
[2020-10-23 13:25:40] esCNN.cv11: Checkpoint saved to experiments/normal/sili/esCNN_random_sili_h4
[2020-10-23 13:25:40] esCNN.cv11: Found new best state
[2020-10-23 13:25:40] esCNN.cv11: Best vmse: 0.6680
[2020-10-23 13:25:40] esCNN.cv11: Channel size: 27 	 Kernel size: 6 
Training MSE: 0.16115907 	 Validating MSE: 0.66801375 	 Best VMSE: 0.66801375
[2020-10-23 13:25:40] esCNN.cv11: Checkpoint saved to experiments/normal/sili/esCNN_random_sili_h4
[2020-10-23 13:25:40] esCNN.cv11: Channel size: 28 	 Kernel size: 6 
Training MSE: 0.16041000 	 Validating MSE: 0.67332518 	 Best VMSE: 0.66801375
[2020-10-23 13:25:40] esCNN.cv11: Checkpoint saved to experiments/normal/sili/esCNN_random_sili_h4
[2020-10-23 13:25:40] esCNN.cv11: Found new best state
[2020-10-23 13:25:40] esCNN.cv11: Best vmse: 0.6619
[2020-10-23 13:25:40] esCNN.cv11: Channel size: 29 	 Kernel size: 6 
Training MSE: 0.15960182 	 Validating MSE: 0.66188592 	 Best VMSE: 0.66188592
[2020-10-23 13:25:40] esCNN.cv11: Checkpoint saved to experiments/normal/sili/esCNN_random_sili_h4
[2020-10-23 13:25:40] esCNN.cv11: Channel size: 30 	 Kernel size: 6 
Training MSE: 0.15931074 	 Validating MSE: 0.66582388 	 Best VMSE: 0.66188592
[2020-10-23 13:25:40] esCNN.cv11: Checkpoint saved to experiments/normal/sili/esCNN_random_sili_h4
[2020-10-23 13:25:40] esCNN.cv11: Channel size: 31 	 Kernel size: 6 
Training MSE: 0.15909703 	 Validating MSE: 0.66799915 	 Best VMSE: 0.66188592
[2020-10-23 13:25:40] esCNN.cv11: Checkpoint saved to experiments/normal/sili/esCNN_random_sili_h4
[2020-10-23 13:25:40] esCNN.cv11: Channel size: 32 	 Kernel size: 6 
Training MSE: 0.15886882 	 Validating MSE: 0.66957647 	 Best VMSE: 0.66188592
[2020-10-23 13:25:40] esCNN.cv11: Checkpoint saved to experiments/normal/sili/esCNN_random_sili_h4
[2020-10-23 13:25:40] esCNN.cv11: Channel size: 33 	 Kernel size: 6 
Training MSE: 0.15877590 	 Validating MSE: 0.67185122 	 Best VMSE: 0.66188592
[2020-10-23 13:25:40] esCNN.cv11: Checkpoint saved to experiments/normal/sili/esCNN_random_sili_h4
[2020-10-23 13:25:40] esCNN.cv11: Channel size: 34 	 Kernel size: 6 
Training MSE: 0.15868531 	 Validating MSE: 0.67620045 	 Best VMSE: 0.66188592
[2020-10-23 13:25:40] esCNN.cv11: Checkpoint saved to experiments/normal/sili/esCNN_random_sili_h4
[2020-10-23 13:25:40] esCNN.cv11: Channel size: 35 	 Kernel size: 6 
Training MSE: 0.15862598 	 Validating MSE: 0.67378360 	 Best VMSE: 0.66188592
[2020-10-23 13:25:40] esCNN.cv11: Checkpoint saved to experiments/normal/sili/esCNN_random_sili_h4
[2020-10-23 13:25:40] esCNN.cv11: Channel size: 36 	 Kernel size: 6 
Training MSE: 0.15859039 	 Validating MSE: 0.66841495 	 Best VMSE: 0.66188592
[2020-10-23 13:25:40] esCNN.cv11: Checkpoint saved to experiments/normal/sili/esCNN_random_sili_h4
[2020-10-23 13:25:40] esCNN.cv11: Channel size: 37 	 Kernel size: 6 
Training MSE: 0.15848136 	 Validating MSE: 0.66840577 	 Best VMSE: 0.66188592
[2020-10-23 13:25:40] esCNN.cv11: Checkpoint saved to experiments/normal/sili/esCNN_random_sili_h4
[2020-10-23 13:25:40] esCNN.cv11: Channel size: 38 	 Kernel size: 6 
Training MSE: 0.15802176 	 Validating MSE: 0.67012739 	 Best VMSE: 0.66188592
[2020-10-23 13:25:40] esCNN.cv11: Checkpoint saved to experiments/normal/sili/esCNN_random_sili_h4
[2020-10-23 13:25:40] esCNN.cv11: Channel size: 39 	 Kernel size: 6 
Training MSE: 0.15766832 	 Validating MSE: 0.66501409 	 Best VMSE: 0.66188592
[2020-10-23 13:25:40] esCNN.cv11: Checkpoint saved to experiments/normal/sili/esCNN_random_sili_h4
[2020-10-23 13:25:40] esCNN.cv11: Channel size: 40 	 Kernel size: 6 
Training MSE: 0.15754372 	 Validating MSE: 0.66710263 	 Best VMSE: 0.66188592
[2020-10-23 13:25:40] esCNN.cv11: Checkpoint saved to experiments/normal/sili/esCNN_random_sili_h4
[2020-10-23 13:25:40] esCNN.cv11: Channel size: 41 	 Kernel size: 6 
Training MSE: 0.15727474 	 Validating MSE: 0.67459059 	 Best VMSE: 0.66188592
[2020-10-23 13:25:40] esCNN.cv11: Checkpoint saved to experiments/normal/sili/esCNN_random_sili_h4
[2020-10-23 13:25:41] esCNN.cv11: Channel size: 42 	 Kernel size: 6 
Training MSE: 0.15710810 	 Validating MSE: 0.67007720 	 Best VMSE: 0.66188592
[2020-10-23 13:25:41] esCNN.cv11: Checkpoint saved to experiments/normal/sili/esCNN_random_sili_h4
[2020-10-23 13:25:41] esCNN.cv11: Channel size: 43 	 Kernel size: 6 
Training MSE: 0.15664901 	 Validating MSE: 0.67257303 	 Best VMSE: 0.66188592
[2020-10-23 13:25:41] esCNN.cv11: Checkpoint saved to experiments/normal/sili/esCNN_random_sili_h4
[2020-10-23 13:25:41] esCNN.cv11: Channel size: 44 	 Kernel size: 6 
Training MSE: 0.15647084 	 Validating MSE: 0.66772115 	 Best VMSE: 0.66188592
[2020-10-23 13:25:41] esCNN.cv11: Checkpoint saved to experiments/normal/sili/esCNN_random_sili_h4
[2020-10-23 13:25:41] esCNN.cv11: Channel size: 45 	 Kernel size: 6 
Training MSE: 0.15633981 	 Validating MSE: 0.67194837 	 Best VMSE: 0.66188592
[2020-10-23 13:25:41] esCNN.cv11: Checkpoint saved to experiments/normal/sili/esCNN_random_sili_h4
[2020-10-23 13:25:41] esCNN.cv11: Channel size: 46 	 Kernel size: 6 
Training MSE: 0.15630665 	 Validating MSE: 0.67342299 	 Best VMSE: 0.66188592
[2020-10-23 13:25:41] esCNN.cv11: Checkpoint saved to experiments/normal/sili/esCNN_random_sili_h4
[2020-10-23 13:25:41] esCNN.cv11: Channel size: 47 	 Kernel size: 6 
Training MSE: 0.15628174 	 Validating MSE: 0.67035586 	 Best VMSE: 0.66188592
[2020-10-23 13:25:41] esCNN.cv11: Checkpoint saved to experiments/normal/sili/esCNN_random_sili_h4
[2020-10-23 13:25:41] esCNN.cv11: Channel size: 48 	 Kernel size: 6 
Training MSE: 0.15624212 	 Validating MSE: 0.67432350 	 Best VMSE: 0.66188592
[2020-10-23 13:25:41] esCNN.cv11: Checkpoint saved to experiments/normal/sili/esCNN_random_sili_h4
[2020-10-23 13:25:41] esCNN.cv11: Channel size: 49 	 Kernel size: 6 
Training MSE: 0.15600006 	 Validating MSE: 0.67570406 	 Best VMSE: 0.66188592
[2020-10-23 13:25:41] esCNN.cv11: Checkpoint saved to experiments/normal/sili/esCNN_random_sili_h4
[2020-10-23 13:25:41] esCNN.cv11: Channel size: 50 	 Kernel size: 6 
Training MSE: 0.15569536 	 Validating MSE: 0.67057455 	 Best VMSE: 0.66188592
[2020-10-23 13:25:41] esCNN.cv11: Checkpoint saved to experiments/normal/sili/esCNN_random_sili_h4
[2020-10-23 13:25:41] esCNN.cv11: Channel size: 51 	 Kernel size: 6 
Training MSE: 0.15546648 	 Validating MSE: 0.66938138 	 Best VMSE: 0.66188592
[2020-10-23 13:25:41] esCNN.cv11: Checkpoint saved to experiments/normal/sili/esCNN_random_sili_h4
[2020-10-23 13:25:41] esCNN.cv11: Channel size: 52 	 Kernel size: 6 
Training MSE: 0.15464287 	 Validating MSE: 0.66379464 	 Best VMSE: 0.66188592
[2020-10-23 13:25:41] esCNN.cv11: Checkpoint saved to experiments/normal/sili/esCNN_random_sili_h4
[2020-10-23 13:25:41] esCNN.cv11: Channel size: 53 	 Kernel size: 6 
Training MSE: 0.15443294 	 Validating MSE: 0.67141902 	 Best VMSE: 0.66188592
[2020-10-23 13:25:41] esCNN.cv11: Checkpoint saved to experiments/normal/sili/esCNN_random_sili_h4
[2020-10-23 13:25:41] esCNN.cv11: Channel size: 54 	 Kernel size: 6 
Training MSE: 0.15411089 	 Validating MSE: 0.66761965 	 Best VMSE: 0.66188592
[2020-10-23 13:25:41] esCNN.cv11: Checkpoint saved to experiments/normal/sili/esCNN_random_sili_h4
[2020-10-23 13:25:41] esCNN.cv11: Channel size: 55 	 Kernel size: 6 
Training MSE: 0.15402599 	 Validating MSE: 0.67173845 	 Best VMSE: 0.66188592
[2020-10-23 13:25:41] esCNN.cv11: Checkpoint saved to experiments/normal/sili/esCNN_random_sili_h4
[2020-10-23 13:25:41] esCNN.cv11: Channel size: 56 	 Kernel size: 6 
Training MSE: 0.15396589 	 Validating MSE: 0.66930044 	 Best VMSE: 0.66188592
[2020-10-23 13:25:41] esCNN.cv11: Checkpoint saved to experiments/normal/sili/esCNN_random_sili_h4
[2020-10-23 13:25:41] esCNN.cv11: Channel size: 57 	 Kernel size: 6 
Training MSE: 0.15391947 	 Validating MSE: 0.66986674 	 Best VMSE: 0.66188592
[2020-10-23 13:25:42] esCNN.cv11: Checkpoint saved to experiments/normal/sili/esCNN_random_sili_h4
[2020-10-23 13:25:42] esCNN.cv11: Channel size: 58 	 Kernel size: 6 
Training MSE: 0.15381475 	 Validating MSE: 0.67179555 	 Best VMSE: 0.66188592
[2020-10-23 13:25:42] esCNN.cv11: Checkpoint saved to experiments/normal/sili/esCNN_random_sili_h4
[2020-10-23 13:25:42] esCNN.cv11: Channel size: 59 	 Kernel size: 6 
Training MSE: 0.15360945 	 Validating MSE: 0.67117053 	 Best VMSE: 0.66188592
[2020-10-23 13:25:42] esCNN.cv11: Checkpoint saved to experiments/normal/sili/esCNN_random_sili_h4
[2020-10-23 13:25:42] esCNN.cv11: Channel size: 60 	 Kernel size: 6 
Training MSE: 0.15355480 	 Validating MSE: 0.67426270 	 Best VMSE: 0.66188592
[2020-10-23 13:25:42] esCNN.cv11: Checkpoint saved to experiments/normal/sili/esCNN_random_sili_h4
[2020-10-23 13:25:42] esCNN.cv11: Channel size: 61 	 Kernel size: 6 
Training MSE: 0.15344462 	 Validating MSE: 0.67537475 	 Best VMSE: 0.66188592
[2020-10-23 13:25:42] esCNN.cv11: Checkpoint saved to experiments/normal/sili/esCNN_random_sili_h4
[2020-10-23 13:25:42] esCNN.cv11: Channel size: 62 	 Kernel size: 6 
Training MSE: 0.15341970 	 Validating MSE: 0.67480236 	 Best VMSE: 0.66188592
[2020-10-23 13:25:42] esCNN.cv11: Checkpoint saved to experiments/normal/sili/esCNN_random_sili_h4
[2020-10-23 13:25:42] esCNN.cv11: Channel size: 63 	 Kernel size: 6 
Training MSE: 0.15331338 	 Validating MSE: 0.66852492 	 Best VMSE: 0.66188592
[2020-10-23 13:25:42] esCNN.cv11: Checkpoint saved to experiments/normal/sili/esCNN_random_sili_h4
[2020-10-23 13:25:42] esCNN.cv11: Channel size: 64 	 Kernel size: 6 
Training MSE: 0.15325622 	 Validating MSE: 0.67348808 	 Best VMSE: 0.66188592
[2020-10-23 13:25:42] esCNN.cv11: Checkpoint saved to experiments/normal/sili/esCNN_random_sili_h4
[2020-10-23 13:25:42] esCNN.cv11: Channel size: 65 	 Kernel size: 6 
Training MSE: 0.15318944 	 Validating MSE: 0.66930604 	 Best VMSE: 0.66188592
[2020-10-23 13:25:42] esCNN.cv11: Checkpoint saved to experiments/normal/sili/esCNN_random_sili_h4
[2020-10-23 13:25:42] esCNN.cv11: Channel size: 66 	 Kernel size: 6 
Training MSE: 0.15311402 	 Validating MSE: 0.66497046 	 Best VMSE: 0.66188592
[2020-10-23 13:25:42] esCNN.cv11: Checkpoint saved to experiments/normal/sili/esCNN_random_sili_h4
[2020-10-23 13:25:42] esCNN.cv11: Channel size: 67 	 Kernel size: 6 
Training MSE: 0.15303856 	 Validating MSE: 0.67140621 	 Best VMSE: 0.66188592
[2020-10-23 13:25:42] esCNN.cv11: Checkpoint saved to experiments/normal/sili/esCNN_random_sili_h4
[2020-10-23 13:25:42] esCNN.cv11: Channel size: 68 	 Kernel size: 6 
Training MSE: 0.15299936 	 Validating MSE: 0.66972321 	 Best VMSE: 0.66188592
[2020-10-23 13:25:42] esCNN.cv11: Checkpoint saved to experiments/normal/sili/esCNN_random_sili_h4
[2020-10-23 13:25:42] esCNN.cv11: Channel size: 69 	 Kernel size: 6 
Training MSE: 0.15294544 	 Validating MSE: 0.66820788 	 Best VMSE: 0.66188592
[2020-10-23 13:25:42] esCNN.cv11: Checkpoint saved to experiments/normal/sili/esCNN_random_sili_h4
[2020-10-23 13:25:42] esCNN.cv11: Channel size: 70 	 Kernel size: 6 
Training MSE: 0.15284579 	 Validating MSE: 0.66814572 	 Best VMSE: 0.66188592
[2020-10-23 13:25:42] esCNN.cv11: Checkpoint saved to experiments/normal/sili/esCNN_random_sili_h4
[2020-10-23 13:25:43] esCNN.cv11: Channel size: 71 	 Kernel size: 6 
Training MSE: 0.15270539 	 Validating MSE: 0.66597492 	 Best VMSE: 0.66188592
[2020-10-23 13:25:43] esCNN.cv11: Checkpoint saved to experiments/normal/sili/esCNN_random_sili_h4
[2020-10-23 13:25:43] esCNN.cv11: Channel size: 72 	 Kernel size: 6 
Training MSE: 0.15253839 	 Validating MSE: 0.67021912 	 Best VMSE: 0.66188592
[2020-10-23 13:25:43] esCNN.cv11: Checkpoint saved to experiments/normal/sili/esCNN_random_sili_h4
[2020-10-23 13:25:43] esCNN.cv11: Channel size: 73 	 Kernel size: 6 
Training MSE: 0.15251200 	 Validating MSE: 0.67018276 	 Best VMSE: 0.66188592
[2020-10-23 13:25:43] esCNN.cv11: Checkpoint saved to experiments/normal/sili/esCNN_random_sili_h4
[2020-10-23 13:25:43] esCNN.cv11: Channel size: 74 	 Kernel size: 6 
Training MSE: 0.15246469 	 Validating MSE: 0.67222387 	 Best VMSE: 0.66188592
[2020-10-23 13:25:43] esCNN.cv11: Checkpoint saved to experiments/normal/sili/esCNN_random_sili_h4
[2020-10-23 13:25:43] esCNN.cv11: Channel size: 75 	 Kernel size: 6 
Training MSE: 0.15242760 	 Validating MSE: 0.67012572 	 Best VMSE: 0.66188592
[2020-10-23 13:25:43] esCNN.cv11: Checkpoint saved to experiments/normal/sili/esCNN_random_sili_h4
[2020-10-23 13:25:43] esCNN.cv11: Channel size: 76 	 Kernel size: 6 
Training MSE: 0.15238947 	 Validating MSE: 0.66764081 	 Best VMSE: 0.66188592
[2020-10-23 13:25:43] esCNN.cv11: Checkpoint saved to experiments/normal/sili/esCNN_random_sili_h4
[2020-10-23 13:25:43] esCNN.cv11: Channel size: 77 	 Kernel size: 6 
Training MSE: 0.15235732 	 Validating MSE: 0.66986555 	 Best VMSE: 0.66188592
[2020-10-23 13:25:43] esCNN.cv11: Checkpoint saved to experiments/normal/sili/esCNN_random_sili_h4
[2020-10-23 13:25:43] esCNN.cv11: Channel size: 78 	 Kernel size: 6 
Training MSE: 0.15234970 	 Validating MSE: 0.66877526 	 Best VMSE: 0.66188592
[2020-10-23 13:25:43] esCNN.cv11: Checkpoint saved to experiments/normal/sili/esCNN_random_sili_h4
[2020-10-23 13:25:43] esCNN.cv11: Channel size: 79 	 Kernel size: 6 
Training MSE: 0.15233822 	 Validating MSE: 0.66682673 	 Best VMSE: 0.66188592
[2020-10-23 13:25:43] esCNN.cv11: Checkpoint saved to experiments/normal/sili/esCNN_random_sili_h4
[2020-10-23 13:25:43] esCNN.cv11: Channel size: 80 	 Kernel size: 6 
Training MSE: 0.15219745 	 Validating MSE: 0.66766214 	 Best VMSE: 0.66188592
[2020-10-23 13:25:43] esCNN.cv11: Checkpoint saved to experiments/normal/sili/esCNN_random_sili_h4
[2020-10-23 13:25:43] esCNN.cv11: Channel size: 81 	 Kernel size: 6 
Training MSE: 0.15215825 	 Validating MSE: 0.66660541 	 Best VMSE: 0.66188592
[2020-10-23 13:25:43] esCNN.cv11: Checkpoint saved to experiments/normal/sili/esCNN_random_sili_h4
[2020-10-23 13:25:43] esCNN.cv11: Channel size: 82 	 Kernel size: 6 
Training MSE: 0.15204881 	 Validating MSE: 0.66751546 	 Best VMSE: 0.66188592
[2020-10-23 13:25:43] esCNN.cv11: Checkpoint saved to experiments/normal/sili/esCNN_random_sili_h4
[2020-10-23 13:25:44] esCNN.cv11: Channel size: 83 	 Kernel size: 6 
Training MSE: 0.15199955 	 Validating MSE: 0.66720831 	 Best VMSE: 0.66188592
[2020-10-23 13:25:44] esCNN.cv11: Checkpoint saved to experiments/normal/sili/esCNN_random_sili_h4
[2020-10-23 13:25:44] esCNN.cv11: Channel size: 84 	 Kernel size: 6 
Training MSE: 0.15192619 	 Validating MSE: 0.66387683 	 Best VMSE: 0.66188592
[2020-10-23 13:25:44] esCNN.cv11: Checkpoint saved to experiments/normal/sili/esCNN_random_sili_h4
[2020-10-23 13:25:44] esCNN.cv11: Channel size: 85 	 Kernel size: 6 
Training MSE: 0.15189849 	 Validating MSE: 0.66588122 	 Best VMSE: 0.66188592
[2020-10-23 13:25:44] esCNN.cv11: Checkpoint saved to experiments/normal/sili/esCNN_random_sili_h4
[2020-10-23 13:25:44] esCNN.cv11: Channel size: 86 	 Kernel size: 6 
Training MSE: 0.15185831 	 Validating MSE: 0.66586947 	 Best VMSE: 0.66188592
[2020-10-23 13:25:44] esCNN.cv11: Checkpoint saved to experiments/normal/sili/esCNN_random_sili_h4
[2020-10-23 13:25:44] esCNN.cv11: Channel size: 87 	 Kernel size: 6 
Training MSE: 0.15180202 	 Validating MSE: 0.66700917 	 Best VMSE: 0.66188592
[2020-10-23 13:25:44] esCNN.cv11: Checkpoint saved to experiments/normal/sili/esCNN_random_sili_h4
[2020-10-23 13:25:44] esCNN.cv11: Channel size: 88 	 Kernel size: 6 
Training MSE: 0.15178403 	 Validating MSE: 0.66632992 	 Best VMSE: 0.66188592
[2020-10-23 13:25:44] esCNN.cv11: Checkpoint saved to experiments/normal/sili/esCNN_random_sili_h4
[2020-10-23 13:25:44] esCNN.cv11: Channel size: 89 	 Kernel size: 6 
Training MSE: 0.15170443 	 Validating MSE: 0.66641265 	 Best VMSE: 0.66188592
[2020-10-23 13:25:44] esCNN.cv11: Checkpoint saved to experiments/normal/sili/esCNN_random_sili_h4
[2020-10-23 13:25:44] esCNN.cv11: Channel size: 90 	 Kernel size: 6 
Training MSE: 0.15160704 	 Validating MSE: 0.66679978 	 Best VMSE: 0.66188592
[2020-10-23 13:25:44] esCNN.cv11: Checkpoint saved to experiments/normal/sili/esCNN_random_sili_h4
[2020-10-23 13:25:44] esCNN.cv11: Channel size: 91 	 Kernel size: 6 
Training MSE: 0.15153696 	 Validating MSE: 0.66956031 	 Best VMSE: 0.66188592
[2020-10-23 13:25:44] esCNN.cv11: Checkpoint saved to experiments/normal/sili/esCNN_random_sili_h4
[2020-10-23 13:25:44] esCNN.cv11: Channel size: 92 	 Kernel size: 6 
Training MSE: 0.15121974 	 Validating MSE: 0.66960305 	 Best VMSE: 0.66188592
[2020-10-23 13:25:44] esCNN.cv11: Checkpoint saved to experiments/normal/sili/esCNN_random_sili_h4
[2020-10-23 13:25:44] esCNN.cv11: Channel size: 93 	 Kernel size: 6 
Training MSE: 0.15116653 	 Validating MSE: 0.66605413 	 Best VMSE: 0.66188592
[2020-10-23 13:25:45] esCNN.cv11: Checkpoint saved to experiments/normal/sili/esCNN_random_sili_h4
[2020-10-23 13:25:45] esCNN.cv11: Channel size: 94 	 Kernel size: 6 
Training MSE: 0.15113676 	 Validating MSE: 0.66893470 	 Best VMSE: 0.66188592
[2020-10-23 13:25:45] esCNN.cv11: Checkpoint saved to experiments/normal/sili/esCNN_random_sili_h4
[2020-10-23 13:25:45] esCNN.cv11: Found new best state
[2020-10-23 13:25:45] esCNN.cv11: Best vmse: 0.6607
[2020-10-23 13:25:45] esCNN.cv11: Channel size: 95 	 Kernel size: 6 
Training MSE: 0.15098648 	 Validating MSE: 0.66068685 	 Best VMSE: 0.66068685
[2020-10-23 13:25:45] esCNN.cv11: Checkpoint saved to experiments/normal/sili/esCNN_random_sili_h4
[2020-10-23 13:25:45] esCNN.cv11: Channel size: 96 	 Kernel size: 6 
Training MSE: 0.15074806 	 Validating MSE: 0.67389435 	 Best VMSE: 0.66068685
[2020-10-23 13:25:45] esCNN.cv11: Checkpoint saved to experiments/normal/sili/esCNN_random_sili_h4
[2020-10-23 13:25:45] esCNN.cv11: Channel size: 97 	 Kernel size: 6 
Training MSE: 0.15059629 	 Validating MSE: 0.66514266 	 Best VMSE: 0.66068685
[2020-10-23 13:25:45] esCNN.cv11: Checkpoint saved to experiments/normal/sili/esCNN_random_sili_h4
[2020-10-23 13:25:45] esCNN.cv11: Channel size: 98 	 Kernel size: 6 
Training MSE: 0.15048282 	 Validating MSE: 0.66940320 	 Best VMSE: 0.66068685
[2020-10-23 13:25:45] esCNN.cv11: Checkpoint saved to experiments/normal/sili/esCNN_random_sili_h4
[2020-10-23 13:25:45] esCNN.cv11: Channel size: 99 	 Kernel size: 6 
Training MSE: 0.15045811 	 Validating MSE: 0.66863132 	 Best VMSE: 0.66068685
[2020-10-23 13:25:45] esCNN.cv11: Checkpoint saved to experiments/normal/sili/esCNN_random_sili_h4
[2020-10-23 13:25:45] esCNN.cv11: Channel size: 100 	 Kernel size: 6 
Training MSE: 0.15045030 	 Validating MSE: 0.66735584 	 Best VMSE: 0.66068685
[2020-10-23 13:25:45] esCNN.cv11: Checkpoint saved to experiments/normal/sili/esCNN_random_sili_h4
[2020-10-23 13:25:45] esCNN.cv11: Restoring best parameters from experiments/normal/sili/esCNN_random_sili_h4/train.cv11.pth.tar
[2020-10-23 13:25:45] esCNN.cv11: sili	 H: 4	 Trail: 30 
Testing RMSE: 0.8992 	 MAPE: 0.1378 	 SMAPE: 0.07582
