[2020-10-23 13:11:20] esCNN.cv9: Loading the datasets and model for 21th-batch-training
[2020-10-23 13:11:20] esCNN.cv9: Argument channel_size: 100
[2020-10-23 13:11:20] esCNN.cv9: Argument candidate_size: 300
[2020-10-23 13:11:20] esCNN.cv9: Argument kernel_size: 3
[2020-10-23 13:11:20] esCNN.cv9: Argument kernel_list: [5, 3, 3, 2]
[2020-10-23 13:11:20] esCNN.cv9: Argument Lambdas: [0.5, 1, 5, 15, 30, 50, 100, 150, 200]
[2020-10-23 13:11:20] esCNN.cv9: Argument Lambdas_std: [0.01, 0.05, 0.1, 0.5, 1]
[2020-10-23 13:11:20] esCNN.cv9: Argument r: [0.8, 0.9, 0.99, 0.9999, 0.999999]
[2020-10-23 13:11:20] esCNN.cv9: Argument tolerance: 0
[2020-10-23 13:11:20] esCNN.cv9: Argument device: device(type='cuda')
[2020-10-23 13:11:20] esCNN.cv9: Argument dataset: 'ar1'
[2020-10-23 13:11:20] esCNN.cv9: Argument H: 6
[2020-10-23 13:11:20] esCNN.cv9: Argument k: 5
[2020-10-23 13:11:20] esCNN.cv9: Argument test: False
[2020-10-23 13:11:20] esCNN.cv9: Argument search: 'random'
[2020-10-23 13:11:20] esCNN.cv9: Argument normal: True
[2020-10-23 13:11:20] esCNN.cv9: Argument diff: False
[2020-10-23 13:11:20] esCNN.cv9: Argument times: 60
[2020-10-23 13:11:20] esCNN.cv9: Argument datasets: {'ar1': {'lag_order': 15, 'normal': True, 'cov_dim': 0, 'kernel_size': 3}, 'wti': {'lag_order': 25, 'normal': True, 'cov_dim': 0, 'kernel_size': 5}, 'gold': {'lag_order': 25, 'normal': True, 'cov_dim': 0, 'kernel_size': 5}, 'sp': {'lag_order': 25, 'normal': True, 'cov_dim': 0, 'kernel_size': 5}, 'brent': {'lag_order': 24, 'normal': True, 'cov_dim': 0, 'kernel_size': 6}, 'sili': {'lag_order': 26, 'normal': True, 'cov_dim': 0, 'kernel_size': 6}}
[2020-10-23 13:11:20] esCNN.cv9: Argument steps: 15
[2020-10-23 13:11:20] esCNN.cv9: Argument cov_dim: 0
[2020-10-23 13:11:20] esCNN.cv9: Argument experiment: 'experiments/normal/ar1'
[2020-10-23 13:11:20] esCNN.cv9: Argument scaler: StandardScaler()
[2020-10-23 13:11:20] esCNN.cv9: Argument model_name: 'esCNN_random_ar1_h6'
[2020-10-23 13:11:20] esCNN.cv9: Argument model_dir: 'experiments/normal/ar1/esCNN_random_ar1_h6'
[2020-10-23 13:11:20] esCNN.cv9: Argument In_channels: 1
[2020-10-23 13:11:20] esCNN.cv9: Argument restore: True
[2020-10-23 13:11:20] esCNN.cv9: Argument cv: 9
[2020-10-23 13:11:20] esCNN.cv9: Argument plot_dir: 'experiments/normal/ar1/esCNN_random_ar1_h6/figures'
[2020-10-23 13:11:20] esCNN.cv9: Using Cuda...
[2020-10-23 13:11:20] esCNN.cv9: Loading complete.
[2020-10-23 13:11:20] esCNN.cv9: Model: 
ES_CNN(
  (Pool): AvgPool1d(kernel_size=(3,), stride=(1,), padding=(0,))
  (loss_fn): MSELoss()
)
[2020-10-23 13:11:20] esCNN.cv9: Found new best state
[2020-10-23 13:11:20] esCNN.cv9: Best vmse: 0.1041
[2020-10-23 13:11:20] esCNN.cv9: Channel size: 1 	 Kernel size: 3 
Training MSE: 0.08233451 	 Validating MSE: 0.10407592 	 Best VMSE: 0.10407592
[2020-10-23 13:11:20] esCNN.cv9: Checkpoint saved to experiments/normal/ar1/esCNN_random_ar1_h6
[2020-10-23 13:11:21] esCNN.cv9: Found new best state
[2020-10-23 13:11:21] esCNN.cv9: Best vmse: 0.0740
[2020-10-23 13:11:21] esCNN.cv9: Channel size: 2 	 Kernel size: 3 
Training MSE: 0.07557540 	 Validating MSE: 0.07403497 	 Best VMSE: 0.07403497
[2020-10-23 13:11:21] esCNN.cv9: Checkpoint saved to experiments/normal/ar1/esCNN_random_ar1_h6
[2020-10-23 13:11:21] esCNN.cv9: Channel size: 3 	 Kernel size: 3 
Training MSE: 0.07417990 	 Validating MSE: 0.09525374 	 Best VMSE: 0.07403497
[2020-10-23 13:11:21] esCNN.cv9: Checkpoint saved to experiments/normal/ar1/esCNN_random_ar1_h6
[2020-10-23 13:11:21] esCNN.cv9: Channel size: 4 	 Kernel size: 3 
Training MSE: 0.07314530 	 Validating MSE: 0.09234577 	 Best VMSE: 0.07403497
[2020-10-23 13:11:21] esCNN.cv9: Checkpoint saved to experiments/normal/ar1/esCNN_random_ar1_h6
[2020-10-23 13:11:21] esCNN.cv9: Channel size: 5 	 Kernel size: 3 
Training MSE: 0.06705008 	 Validating MSE: 0.08273817 	 Best VMSE: 0.07403497
[2020-10-23 13:11:21] esCNN.cv9: Checkpoint saved to experiments/normal/ar1/esCNN_random_ar1_h6
[2020-10-23 13:11:21] esCNN.cv9: Channel size: 6 	 Kernel size: 3 
Training MSE: 0.06318045 	 Validating MSE: 0.08031108 	 Best VMSE: 0.07403497
[2020-10-23 13:11:21] esCNN.cv9: Checkpoint saved to experiments/normal/ar1/esCNN_random_ar1_h6
[2020-10-23 13:11:21] esCNN.cv9: Channel size: 7 	 Kernel size: 3 
Training MSE: 0.06205369 	 Validating MSE: 0.07771593 	 Best VMSE: 0.07403497
[2020-10-23 13:11:21] esCNN.cv9: Checkpoint saved to experiments/normal/ar1/esCNN_random_ar1_h6
[2020-10-23 13:11:21] esCNN.cv9: Channel size: 8 	 Kernel size: 3 
Training MSE: 0.06196810 	 Validating MSE: 0.07615955 	 Best VMSE: 0.07403497
[2020-10-23 13:11:21] esCNN.cv9: Checkpoint saved to experiments/normal/ar1/esCNN_random_ar1_h6
[2020-10-23 13:11:21] esCNN.cv9: Channel size: 9 	 Kernel size: 3 
Training MSE: 0.06195176 	 Validating MSE: 0.07805284 	 Best VMSE: 0.07403497
[2020-10-23 13:11:21] esCNN.cv9: Checkpoint saved to experiments/normal/ar1/esCNN_random_ar1_h6
[2020-10-23 13:11:21] esCNN.cv9: Channel size: 10 	 Kernel size: 3 
Training MSE: 0.06192706 	 Validating MSE: 0.07649510 	 Best VMSE: 0.07403497
[2020-10-23 13:11:21] esCNN.cv9: Checkpoint saved to experiments/normal/ar1/esCNN_random_ar1_h6
[2020-10-23 13:11:21] esCNN.cv9: Channel size: 11 	 Kernel size: 3 
Training MSE: 0.06192454 	 Validating MSE: 0.07652371 	 Best VMSE: 0.07403497
[2020-10-23 13:11:21] esCNN.cv9: Checkpoint saved to experiments/normal/ar1/esCNN_random_ar1_h6
[2020-10-23 13:11:21] esCNN.cv9: Channel size: 12 	 Kernel size: 3 
Training MSE: 0.06191632 	 Validating MSE: 0.07744378 	 Best VMSE: 0.07403497
[2020-10-23 13:11:21] esCNN.cv9: Checkpoint saved to experiments/normal/ar1/esCNN_random_ar1_h6
[2020-10-23 13:11:21] esCNN.cv9: Channel size: 13 	 Kernel size: 3 
Training MSE: 0.06191504 	 Validating MSE: 0.07710967 	 Best VMSE: 0.07403497
[2020-10-23 13:11:21] esCNN.cv9: Checkpoint saved to experiments/normal/ar1/esCNN_random_ar1_h6
[2020-10-23 13:11:21] esCNN.cv9: Channel size: 14 	 Kernel size: 3 
Training MSE: 0.06191444 	 Validating MSE: 0.07700880 	 Best VMSE: 0.07403497
[2020-10-23 13:11:21] esCNN.cv9: Checkpoint saved to experiments/normal/ar1/esCNN_random_ar1_h6
[2020-10-23 13:11:21] esCNN.cv9: Channel size: 15 	 Kernel size: 3 
Training MSE: 0.06190258 	 Validating MSE: 0.07817514 	 Best VMSE: 0.07403497
[2020-10-23 13:11:21] esCNN.cv9: Checkpoint saved to experiments/normal/ar1/esCNN_random_ar1_h6
[2020-10-23 13:11:21] esCNN.cv9: Channel size: 16 	 Kernel size: 3 
Training MSE: 0.06188779 	 Validating MSE: 0.07672665 	 Best VMSE: 0.07403497
[2020-10-23 13:11:21] esCNN.cv9: Checkpoint saved to experiments/normal/ar1/esCNN_random_ar1_h6
[2020-10-23 13:11:21] esCNN.cv9: Channel size: 17 	 Kernel size: 3 
Training MSE: 0.06188734 	 Validating MSE: 0.07659848 	 Best VMSE: 0.07403497
[2020-10-23 13:11:21] esCNN.cv9: Checkpoint saved to experiments/normal/ar1/esCNN_random_ar1_h6
[2020-10-23 13:11:21] esCNN.cv9: Channel size: 18 	 Kernel size: 3 
Training MSE: 0.06188627 	 Validating MSE: 0.07628095 	 Best VMSE: 0.07403497
[2020-10-23 13:11:21] esCNN.cv9: Checkpoint saved to experiments/normal/ar1/esCNN_random_ar1_h6
[2020-10-23 13:11:21] esCNN.cv9: Channel size: 19 	 Kernel size: 3 
Training MSE: 0.06188451 	 Validating MSE: 0.07667352 	 Best VMSE: 0.07403497
[2020-10-23 13:11:21] esCNN.cv9: Checkpoint saved to experiments/normal/ar1/esCNN_random_ar1_h6
[2020-10-23 13:11:21] esCNN.cv9: Channel size: 20 	 Kernel size: 3 
Training MSE: 0.06188424 	 Validating MSE: 0.07674289 	 Best VMSE: 0.07403497
[2020-10-23 13:11:21] esCNN.cv9: Checkpoint saved to experiments/normal/ar1/esCNN_random_ar1_h6
[2020-10-23 13:11:21] esCNN.cv9: Channel size: 21 	 Kernel size: 3 
Training MSE: 0.06187824 	 Validating MSE: 0.07758151 	 Best VMSE: 0.07403497
[2020-10-23 13:11:21] esCNN.cv9: Checkpoint saved to experiments/normal/ar1/esCNN_random_ar1_h6
[2020-10-23 13:11:21] esCNN.cv9: Channel size: 22 	 Kernel size: 3 
Training MSE: 0.06187809 	 Validating MSE: 0.07753225 	 Best VMSE: 0.07403497
[2020-10-23 13:11:21] esCNN.cv9: Checkpoint saved to experiments/normal/ar1/esCNN_random_ar1_h6
[2020-10-23 13:11:21] esCNN.cv9: Channel size: 23 	 Kernel size: 3 
Training MSE: 0.06186342 	 Validating MSE: 0.07881150 	 Best VMSE: 0.07403497
[2020-10-23 13:11:21] esCNN.cv9: Checkpoint saved to experiments/normal/ar1/esCNN_random_ar1_h6
[2020-10-23 13:11:21] esCNN.cv9: Channel size: 24 	 Kernel size: 3 
Training MSE: 0.06184477 	 Validating MSE: 0.07701878 	 Best VMSE: 0.07403497
[2020-10-23 13:11:21] esCNN.cv9: Checkpoint saved to experiments/normal/ar1/esCNN_random_ar1_h6
[2020-10-23 13:11:21] esCNN.cv9: Channel size: 25 	 Kernel size: 3 
Training MSE: 0.06184173 	 Validating MSE: 0.07782350 	 Best VMSE: 0.07403497
[2020-10-23 13:11:21] esCNN.cv9: Checkpoint saved to experiments/normal/ar1/esCNN_random_ar1_h6
[2020-10-23 13:11:21] esCNN.cv9: Channel size: 26 	 Kernel size: 3 
Training MSE: 0.06183950 	 Validating MSE: 0.07774113 	 Best VMSE: 0.07403497
[2020-10-23 13:11:21] esCNN.cv9: Checkpoint saved to experiments/normal/ar1/esCNN_random_ar1_h6
[2020-10-23 13:11:21] esCNN.cv9: Channel size: 27 	 Kernel size: 3 
Training MSE: 0.06183928 	 Validating MSE: 0.07769762 	 Best VMSE: 0.07403497
[2020-10-23 13:11:21] esCNN.cv9: Checkpoint saved to experiments/normal/ar1/esCNN_random_ar1_h6
[2020-10-23 13:11:22] esCNN.cv9: Channel size: 28 	 Kernel size: 3 
Training MSE: 0.06183432 	 Validating MSE: 0.07735733 	 Best VMSE: 0.07403497
[2020-10-23 13:11:22] esCNN.cv9: Checkpoint saved to experiments/normal/ar1/esCNN_random_ar1_h6
[2020-10-23 13:11:22] esCNN.cv9: Channel size: 29 	 Kernel size: 3 
Training MSE: 0.06180785 	 Validating MSE: 0.07903384 	 Best VMSE: 0.07403497
[2020-10-23 13:11:22] esCNN.cv9: Checkpoint saved to experiments/normal/ar1/esCNN_random_ar1_h6
[2020-10-23 13:11:22] esCNN.cv9: Channel size: 30 	 Kernel size: 3 
Training MSE: 0.06178612 	 Validating MSE: 0.07699340 	 Best VMSE: 0.07403497
[2020-10-23 13:11:22] esCNN.cv9: Checkpoint saved to experiments/normal/ar1/esCNN_random_ar1_h6
[2020-10-23 13:11:22] esCNN.cv9: Channel size: 31 	 Kernel size: 3 
Training MSE: 0.06177580 	 Validating MSE: 0.07656671 	 Best VMSE: 0.07403497
[2020-10-23 13:11:22] esCNN.cv9: Checkpoint saved to experiments/normal/ar1/esCNN_random_ar1_h6
[2020-10-23 13:11:22] esCNN.cv9: Channel size: 32 	 Kernel size: 3 
Training MSE: 0.06177474 	 Validating MSE: 0.07687002 	 Best VMSE: 0.07403497
[2020-10-23 13:11:22] esCNN.cv9: Checkpoint saved to experiments/normal/ar1/esCNN_random_ar1_h6
[2020-10-23 13:11:22] esCNN.cv9: Channel size: 33 	 Kernel size: 3 
Training MSE: 0.06177101 	 Validating MSE: 0.07651732 	 Best VMSE: 0.07403497
[2020-10-23 13:11:22] esCNN.cv9: Checkpoint saved to experiments/normal/ar1/esCNN_random_ar1_h6
[2020-10-23 13:11:22] esCNN.cv9: Channel size: 34 	 Kernel size: 3 
Training MSE: 0.06176995 	 Validating MSE: 0.07637426 	 Best VMSE: 0.07403497
[2020-10-23 13:11:22] esCNN.cv9: Checkpoint saved to experiments/normal/ar1/esCNN_random_ar1_h6
[2020-10-23 13:11:22] esCNN.cv9: Channel size: 35 	 Kernel size: 3 
Training MSE: 0.06176921 	 Validating MSE: 0.07675330 	 Best VMSE: 0.07403497
[2020-10-23 13:11:22] esCNN.cv9: Checkpoint saved to experiments/normal/ar1/esCNN_random_ar1_h6
[2020-10-23 13:11:22] esCNN.cv9: Channel size: 36 	 Kernel size: 3 
Training MSE: 0.06176866 	 Validating MSE: 0.07652166 	 Best VMSE: 0.07403497
[2020-10-23 13:11:22] esCNN.cv9: Checkpoint saved to experiments/normal/ar1/esCNN_random_ar1_h6
[2020-10-23 13:11:22] esCNN.cv9: Channel size: 37 	 Kernel size: 3 
Training MSE: 0.06169596 	 Validating MSE: 0.07961787 	 Best VMSE: 0.07403497
[2020-10-23 13:11:22] esCNN.cv9: Checkpoint saved to experiments/normal/ar1/esCNN_random_ar1_h6
[2020-10-23 13:11:22] esCNN.cv9: Channel size: 38 	 Kernel size: 3 
Training MSE: 0.06168865 	 Validating MSE: 0.07855535 	 Best VMSE: 0.07403497
[2020-10-23 13:11:22] esCNN.cv9: Checkpoint saved to experiments/normal/ar1/esCNN_random_ar1_h6
[2020-10-23 13:11:22] esCNN.cv9: Channel size: 39 	 Kernel size: 3 
Training MSE: 0.06166396 	 Validating MSE: 0.07658537 	 Best VMSE: 0.07403497
[2020-10-23 13:11:22] esCNN.cv9: Checkpoint saved to experiments/normal/ar1/esCNN_random_ar1_h6
[2020-10-23 13:11:22] esCNN.cv9: Channel size: 40 	 Kernel size: 3 
Training MSE: 0.06163112 	 Validating MSE: 0.07913804 	 Best VMSE: 0.07403497
[2020-10-23 13:11:22] esCNN.cv9: Checkpoint saved to experiments/normal/ar1/esCNN_random_ar1_h6
[2020-10-23 13:11:22] esCNN.cv9: Channel size: 41 	 Kernel size: 3 
Training MSE: 0.06160199 	 Validating MSE: 0.07698742 	 Best VMSE: 0.07403497
[2020-10-23 13:11:22] esCNN.cv9: Checkpoint saved to experiments/normal/ar1/esCNN_random_ar1_h6
[2020-10-23 13:11:22] esCNN.cv9: Channel size: 42 	 Kernel size: 3 
Training MSE: 0.06158879 	 Validating MSE: 0.07661334 	 Best VMSE: 0.07403497
[2020-10-23 13:11:22] esCNN.cv9: Checkpoint saved to experiments/normal/ar1/esCNN_random_ar1_h6
[2020-10-23 13:11:22] esCNN.cv9: Channel size: 43 	 Kernel size: 3 
Training MSE: 0.06154113 	 Validating MSE: 0.07921503 	 Best VMSE: 0.07403497
[2020-10-23 13:11:22] esCNN.cv9: Checkpoint saved to experiments/normal/ar1/esCNN_random_ar1_h6
[2020-10-23 13:11:22] esCNN.cv9: Channel size: 44 	 Kernel size: 3 
Training MSE: 0.06152670 	 Validating MSE: 0.07797077 	 Best VMSE: 0.07403497
[2020-10-23 13:11:22] esCNN.cv9: Checkpoint saved to experiments/normal/ar1/esCNN_random_ar1_h6
[2020-10-23 13:11:22] esCNN.cv9: Channel size: 45 	 Kernel size: 3 
Training MSE: 0.06152548 	 Validating MSE: 0.07761096 	 Best VMSE: 0.07403497
[2020-10-23 13:11:22] esCNN.cv9: Checkpoint saved to experiments/normal/ar1/esCNN_random_ar1_h6
[2020-10-23 13:11:23] esCNN.cv9: Channel size: 46 	 Kernel size: 3 
Training MSE: 0.06152178 	 Validating MSE: 0.07691879 	 Best VMSE: 0.07403497
[2020-10-23 13:11:23] esCNN.cv9: Checkpoint saved to experiments/normal/ar1/esCNN_random_ar1_h6
[2020-10-23 13:11:23] esCNN.cv9: Channel size: 47 	 Kernel size: 3 
Training MSE: 0.06151450 	 Validating MSE: 0.07825542 	 Best VMSE: 0.07403497
[2020-10-23 13:11:23] esCNN.cv9: Checkpoint saved to experiments/normal/ar1/esCNN_random_ar1_h6
[2020-10-23 13:11:23] esCNN.cv9: Channel size: 48 	 Kernel size: 3 
Training MSE: 0.06151272 	 Validating MSE: 0.07771763 	 Best VMSE: 0.07403497
[2020-10-23 13:11:23] esCNN.cv9: Checkpoint saved to experiments/normal/ar1/esCNN_random_ar1_h6
[2020-10-23 13:11:23] esCNN.cv9: Channel size: 49 	 Kernel size: 3 
Training MSE: 0.06151146 	 Validating MSE: 0.07716681 	 Best VMSE: 0.07403497
[2020-10-23 13:11:23] esCNN.cv9: Checkpoint saved to experiments/normal/ar1/esCNN_random_ar1_h6
[2020-10-23 13:11:23] esCNN.cv9: Channel size: 50 	 Kernel size: 3 
Training MSE: 0.06151038 	 Validating MSE: 0.07751306 	 Best VMSE: 0.07403497
[2020-10-23 13:11:23] esCNN.cv9: Checkpoint saved to experiments/normal/ar1/esCNN_random_ar1_h6
[2020-10-23 13:11:23] esCNN.cv9: Channel size: 51 	 Kernel size: 3 
Training MSE: 0.06150815 	 Validating MSE: 0.07810727 	 Best VMSE: 0.07403497
[2020-10-23 13:11:23] esCNN.cv9: Checkpoint saved to experiments/normal/ar1/esCNN_random_ar1_h6
[2020-10-23 13:11:23] esCNN.cv9: Channel size: 52 	 Kernel size: 3 
Training MSE: 0.06150561 	 Validating MSE: 0.07753538 	 Best VMSE: 0.07403497
[2020-10-23 13:11:23] esCNN.cv9: Checkpoint saved to experiments/normal/ar1/esCNN_random_ar1_h6
[2020-10-23 13:11:23] esCNN.cv9: Channel size: 53 	 Kernel size: 3 
Training MSE: 0.06147883 	 Validating MSE: 0.07926960 	 Best VMSE: 0.07403497
[2020-10-23 13:11:23] esCNN.cv9: Checkpoint saved to experiments/normal/ar1/esCNN_random_ar1_h6
[2020-10-23 13:11:23] esCNN.cv9: Channel size: 54 	 Kernel size: 3 
Training MSE: 0.06144742 	 Validating MSE: 0.07694723 	 Best VMSE: 0.07403497
[2020-10-23 13:11:23] esCNN.cv9: Checkpoint saved to experiments/normal/ar1/esCNN_random_ar1_h6
[2020-10-23 13:11:23] esCNN.cv9: Channel size: 55 	 Kernel size: 3 
Training MSE: 0.06144066 	 Validating MSE: 0.07746181 	 Best VMSE: 0.07403497
[2020-10-23 13:11:23] esCNN.cv9: Checkpoint saved to experiments/normal/ar1/esCNN_random_ar1_h6
[2020-10-23 13:11:23] esCNN.cv9: Channel size: 56 	 Kernel size: 3 
Training MSE: 0.06143958 	 Validating MSE: 0.07706445 	 Best VMSE: 0.07403497
[2020-10-23 13:11:23] esCNN.cv9: Checkpoint saved to experiments/normal/ar1/esCNN_random_ar1_h6
[2020-10-23 13:11:23] esCNN.cv9: Channel size: 57 	 Kernel size: 3 
Training MSE: 0.06143710 	 Validating MSE: 0.07782719 	 Best VMSE: 0.07403497
[2020-10-23 13:11:23] esCNN.cv9: Checkpoint saved to experiments/normal/ar1/esCNN_random_ar1_h6
[2020-10-23 13:11:23] esCNN.cv9: Channel size: 58 	 Kernel size: 3 
Training MSE: 0.06143649 	 Validating MSE: 0.07744944 	 Best VMSE: 0.07403497
[2020-10-23 13:11:23] esCNN.cv9: Checkpoint saved to experiments/normal/ar1/esCNN_random_ar1_h6
[2020-10-23 13:11:23] esCNN.cv9: Channel size: 59 	 Kernel size: 3 
Training MSE: 0.06143457 	 Validating MSE: 0.07740588 	 Best VMSE: 0.07403497
[2020-10-23 13:11:23] esCNN.cv9: Checkpoint saved to experiments/normal/ar1/esCNN_random_ar1_h6
[2020-10-23 13:11:23] esCNN.cv9: Channel size: 60 	 Kernel size: 3 
Training MSE: 0.06143381 	 Validating MSE: 0.07735898 	 Best VMSE: 0.07403497
[2020-10-23 13:11:23] esCNN.cv9: Checkpoint saved to experiments/normal/ar1/esCNN_random_ar1_h6
[2020-10-23 13:11:24] esCNN.cv9: Channel size: 61 	 Kernel size: 3 
Training MSE: 0.06143003 	 Validating MSE: 0.07815490 	 Best VMSE: 0.07403497
[2020-10-23 13:11:24] esCNN.cv9: Checkpoint saved to experiments/normal/ar1/esCNN_random_ar1_h6
[2020-10-23 13:11:24] esCNN.cv9: Channel size: 62 	 Kernel size: 3 
Training MSE: 0.06133563 	 Validating MSE: 0.08224330 	 Best VMSE: 0.07403497
[2020-10-23 13:11:24] esCNN.cv9: Checkpoint saved to experiments/normal/ar1/esCNN_random_ar1_h6
[2020-10-23 13:11:24] esCNN.cv9: Channel size: 63 	 Kernel size: 3 
Training MSE: 0.06123566 	 Validating MSE: 0.07802466 	 Best VMSE: 0.07403497
[2020-10-23 13:11:24] esCNN.cv9: Checkpoint saved to experiments/normal/ar1/esCNN_random_ar1_h6
[2020-10-23 13:11:24] esCNN.cv9: Channel size: 64 	 Kernel size: 3 
Training MSE: 0.06121905 	 Validating MSE: 0.07768894 	 Best VMSE: 0.07403497
[2020-10-23 13:11:24] esCNN.cv9: Checkpoint saved to experiments/normal/ar1/esCNN_random_ar1_h6
[2020-10-23 13:11:24] esCNN.cv9: Channel size: 65 	 Kernel size: 3 
Training MSE: 0.06121608 	 Validating MSE: 0.07835522 	 Best VMSE: 0.07403497
[2020-10-23 13:11:24] esCNN.cv9: Checkpoint saved to experiments/normal/ar1/esCNN_random_ar1_h6
[2020-10-23 13:11:24] esCNN.cv9: Channel size: 66 	 Kernel size: 3 
Training MSE: 0.06121581 	 Validating MSE: 0.07836976 	 Best VMSE: 0.07403497
[2020-10-23 13:11:24] esCNN.cv9: Checkpoint saved to experiments/normal/ar1/esCNN_random_ar1_h6
[2020-10-23 13:11:24] esCNN.cv9: Channel size: 67 	 Kernel size: 3 
Training MSE: 0.06121489 	 Validating MSE: 0.07797206 	 Best VMSE: 0.07403497
[2020-10-23 13:11:24] esCNN.cv9: Checkpoint saved to experiments/normal/ar1/esCNN_random_ar1_h6
[2020-10-23 13:11:24] esCNN.cv9: Channel size: 68 	 Kernel size: 3 
Training MSE: 0.06121423 	 Validating MSE: 0.07781457 	 Best VMSE: 0.07403497
[2020-10-23 13:11:24] esCNN.cv9: Checkpoint saved to experiments/normal/ar1/esCNN_random_ar1_h6
[2020-10-23 13:11:24] esCNN.cv9: Channel size: 69 	 Kernel size: 3 
Training MSE: 0.06121160 	 Validating MSE: 0.07835497 	 Best VMSE: 0.07403497
[2020-10-23 13:11:24] esCNN.cv9: Checkpoint saved to experiments/normal/ar1/esCNN_random_ar1_h6
[2020-10-23 13:11:24] esCNN.cv9: Channel size: 70 	 Kernel size: 3 
Training MSE: 0.06121141 	 Validating MSE: 0.07857322 	 Best VMSE: 0.07403497
[2020-10-23 13:11:24] esCNN.cv9: Checkpoint saved to experiments/normal/ar1/esCNN_random_ar1_h6
[2020-10-23 13:11:24] esCNN.cv9: Channel size: 71 	 Kernel size: 3 
Training MSE: 0.06121017 	 Validating MSE: 0.07831790 	 Best VMSE: 0.07403497
[2020-10-23 13:11:24] esCNN.cv9: Checkpoint saved to experiments/normal/ar1/esCNN_random_ar1_h6
[2020-10-23 13:11:24] esCNN.cv9: Channel size: 72 	 Kernel size: 3 
Training MSE: 0.06120955 	 Validating MSE: 0.07823619 	 Best VMSE: 0.07403497
[2020-10-23 13:11:24] esCNN.cv9: Checkpoint saved to experiments/normal/ar1/esCNN_random_ar1_h6
[2020-10-23 13:11:24] esCNN.cv9: Channel size: 73 	 Kernel size: 3 
Training MSE: 0.06119709 	 Validating MSE: 0.07939287 	 Best VMSE: 0.07403497
[2020-10-23 13:11:25] esCNN.cv9: Checkpoint saved to experiments/normal/ar1/esCNN_random_ar1_h6
[2020-10-23 13:11:25] esCNN.cv9: Channel size: 74 	 Kernel size: 3 
Training MSE: 0.06119495 	 Validating MSE: 0.07879128 	 Best VMSE: 0.07403497
[2020-10-23 13:11:25] esCNN.cv9: Checkpoint saved to experiments/normal/ar1/esCNN_random_ar1_h6
[2020-10-23 13:11:25] esCNN.cv9: Channel size: 75 	 Kernel size: 3 
Training MSE: 0.06119203 	 Validating MSE: 0.07813434 	 Best VMSE: 0.07403497
[2020-10-23 13:11:25] esCNN.cv9: Checkpoint saved to experiments/normal/ar1/esCNN_random_ar1_h6
[2020-10-23 13:11:25] esCNN.cv9: Channel size: 76 	 Kernel size: 3 
Training MSE: 0.06119163 	 Validating MSE: 0.07827307 	 Best VMSE: 0.07403497
[2020-10-23 13:11:25] esCNN.cv9: Checkpoint saved to experiments/normal/ar1/esCNN_random_ar1_h6
[2020-10-23 13:11:25] esCNN.cv9: Channel size: 77 	 Kernel size: 3 
Training MSE: 0.06119058 	 Validating MSE: 0.07787618 	 Best VMSE: 0.07403497
[2020-10-23 13:11:25] esCNN.cv9: Checkpoint saved to experiments/normal/ar1/esCNN_random_ar1_h6
[2020-10-23 13:11:25] esCNN.cv9: Channel size: 78 	 Kernel size: 3 
Training MSE: 0.06119022 	 Validating MSE: 0.07795838 	 Best VMSE: 0.07403497
[2020-10-23 13:11:25] esCNN.cv9: Checkpoint saved to experiments/normal/ar1/esCNN_random_ar1_h6
[2020-10-23 13:11:25] esCNN.cv9: Channel size: 79 	 Kernel size: 3 
Training MSE: 0.06118999 	 Validating MSE: 0.07824232 	 Best VMSE: 0.07403497
[2020-10-23 13:11:25] esCNN.cv9: Checkpoint saved to experiments/normal/ar1/esCNN_random_ar1_h6
[2020-10-23 13:11:25] esCNN.cv9: Channel size: 80 	 Kernel size: 3 
Training MSE: 0.06118980 	 Validating MSE: 0.07810419 	 Best VMSE: 0.07403497
[2020-10-23 13:11:25] esCNN.cv9: Checkpoint saved to experiments/normal/ar1/esCNN_random_ar1_h6
[2020-10-23 13:11:25] esCNN.cv9: Channel size: 81 	 Kernel size: 3 
Training MSE: 0.06118960 	 Validating MSE: 0.07806765 	 Best VMSE: 0.07403497
[2020-10-23 13:11:25] esCNN.cv9: Checkpoint saved to experiments/normal/ar1/esCNN_random_ar1_h6
[2020-10-23 13:11:25] esCNN.cv9: Channel size: 82 	 Kernel size: 3 
Training MSE: 0.06118950 	 Validating MSE: 0.07804037 	 Best VMSE: 0.07403497
[2020-10-23 13:11:25] esCNN.cv9: Checkpoint saved to experiments/normal/ar1/esCNN_random_ar1_h6
[2020-10-23 13:11:25] esCNN.cv9: Channel size: 83 	 Kernel size: 3 
Training MSE: 0.06118949 	 Validating MSE: 0.07800851 	 Best VMSE: 0.07403497
[2020-10-23 13:11:25] esCNN.cv9: Checkpoint saved to experiments/normal/ar1/esCNN_random_ar1_h6
[2020-10-23 13:11:25] esCNN.cv9: Channel size: 84 	 Kernel size: 3 
Training MSE: 0.06118941 	 Validating MSE: 0.07814522 	 Best VMSE: 0.07403497
[2020-10-23 13:11:25] esCNN.cv9: Checkpoint saved to experiments/normal/ar1/esCNN_random_ar1_h6
[2020-10-23 13:11:26] esCNN.cv9: Channel size: 85 	 Kernel size: 3 
Training MSE: 0.06118899 	 Validating MSE: 0.07781756 	 Best VMSE: 0.07403497
[2020-10-23 13:11:26] esCNN.cv9: Checkpoint saved to experiments/normal/ar1/esCNN_random_ar1_h6
[2020-10-23 13:11:26] esCNN.cv9: Channel size: 86 	 Kernel size: 3 
Training MSE: 0.06118879 	 Validating MSE: 0.07788938 	 Best VMSE: 0.07403497
[2020-10-23 13:11:26] esCNN.cv9: Checkpoint saved to experiments/normal/ar1/esCNN_random_ar1_h6
[2020-10-23 13:11:26] esCNN.cv9: Channel size: 87 	 Kernel size: 3 
Training MSE: 0.06118267 	 Validating MSE: 0.07889286 	 Best VMSE: 0.07403497
[2020-10-23 13:11:26] esCNN.cv9: Checkpoint saved to experiments/normal/ar1/esCNN_random_ar1_h6
[2020-10-23 13:11:26] esCNN.cv9: Channel size: 88 	 Kernel size: 3 
Training MSE: 0.06117999 	 Validating MSE: 0.07822976 	 Best VMSE: 0.07403497
[2020-10-23 13:11:26] esCNN.cv9: Checkpoint saved to experiments/normal/ar1/esCNN_random_ar1_h6
[2020-10-23 13:11:26] esCNN.cv9: Channel size: 89 	 Kernel size: 3 
Training MSE: 0.06117953 	 Validating MSE: 0.07797661 	 Best VMSE: 0.07403497
[2020-10-23 13:11:26] esCNN.cv9: Checkpoint saved to experiments/normal/ar1/esCNN_random_ar1_h6
[2020-10-23 13:11:26] esCNN.cv9: Channel size: 90 	 Kernel size: 3 
Training MSE: 0.06117920 	 Validating MSE: 0.07800315 	 Best VMSE: 0.07403497
[2020-10-23 13:11:26] esCNN.cv9: Checkpoint saved to experiments/normal/ar1/esCNN_random_ar1_h6
[2020-10-23 13:11:26] esCNN.cv9: Channel size: 91 	 Kernel size: 3 
Training MSE: 0.06116680 	 Validating MSE: 0.07942009 	 Best VMSE: 0.07403497
[2020-10-23 13:11:26] esCNN.cv9: Checkpoint saved to experiments/normal/ar1/esCNN_random_ar1_h6
[2020-10-23 13:11:26] esCNN.cv9: Channel size: 92 	 Kernel size: 3 
Training MSE: 0.06116586 	 Validating MSE: 0.07898615 	 Best VMSE: 0.07403497
[2020-10-23 13:11:26] esCNN.cv9: Checkpoint saved to experiments/normal/ar1/esCNN_random_ar1_h6
[2020-10-23 13:11:26] esCNN.cv9: Channel size: 93 	 Kernel size: 3 
Training MSE: 0.06115719 	 Validating MSE: 0.07775638 	 Best VMSE: 0.07403497
[2020-10-23 13:11:26] esCNN.cv9: Checkpoint saved to experiments/normal/ar1/esCNN_random_ar1_h6
[2020-10-23 13:11:26] esCNN.cv9: Channel size: 94 	 Kernel size: 3 
Training MSE: 0.06109784 	 Validating MSE: 0.08131648 	 Best VMSE: 0.07403497
[2020-10-23 13:11:26] esCNN.cv9: Checkpoint saved to experiments/normal/ar1/esCNN_random_ar1_h6
[2020-10-23 13:11:27] esCNN.cv9: Channel size: 95 	 Kernel size: 3 
Training MSE: 0.06106620 	 Validating MSE: 0.07894494 	 Best VMSE: 0.07403497
[2020-10-23 13:11:27] esCNN.cv9: Checkpoint saved to experiments/normal/ar1/esCNN_random_ar1_h6
[2020-10-23 13:11:27] esCNN.cv9: Channel size: 96 	 Kernel size: 3 
Training MSE: 0.06106067 	 Validating MSE: 0.07965419 	 Best VMSE: 0.07403497
[2020-10-23 13:11:27] esCNN.cv9: Checkpoint saved to experiments/normal/ar1/esCNN_random_ar1_h6
[2020-10-23 13:11:27] esCNN.cv9: Channel size: 97 	 Kernel size: 3 
Training MSE: 0.06105645 	 Validating MSE: 0.07918785 	 Best VMSE: 0.07403497
[2020-10-23 13:11:27] esCNN.cv9: Checkpoint saved to experiments/normal/ar1/esCNN_random_ar1_h6
[2020-10-23 13:11:27] esCNN.cv9: Channel size: 98 	 Kernel size: 3 
Training MSE: 0.06104488 	 Validating MSE: 0.07824977 	 Best VMSE: 0.07403497
[2020-10-23 13:11:27] esCNN.cv9: Checkpoint saved to experiments/normal/ar1/esCNN_random_ar1_h6
[2020-10-23 13:11:27] esCNN.cv9: Channel size: 99 	 Kernel size: 3 
Training MSE: 0.06103766 	 Validating MSE: 0.07928099 	 Best VMSE: 0.07403497
[2020-10-23 13:11:27] esCNN.cv9: Checkpoint saved to experiments/normal/ar1/esCNN_random_ar1_h6
[2020-10-23 13:11:27] esCNN.cv9: Channel size: 100 	 Kernel size: 3 
Training MSE: 0.06103374 	 Validating MSE: 0.07915992 	 Best VMSE: 0.07403497
[2020-10-23 13:11:27] esCNN.cv9: Checkpoint saved to experiments/normal/ar1/esCNN_random_ar1_h6
[2020-10-23 13:11:27] esCNN.cv9: Restoring best parameters from experiments/normal/ar1/esCNN_random_ar1_h6/train.cv9.pth.tar
[2020-10-23 13:11:27] esCNN.cv9: ar1	 H: 6	 Trail: 21 
Testing RMSE: 0.4377 	 MAPE: 0.08509 	 SMAPE: 0.04529
