[2020-10-23 13:10:14] esCNN.cv4: Loading the datasets and model for 11th-batch-training
[2020-10-23 13:10:14] esCNN.cv4: Argument channel_size: 100
[2020-10-23 13:10:14] esCNN.cv4: Argument candidate_size: 300
[2020-10-23 13:10:14] esCNN.cv4: Argument kernel_size: 3
[2020-10-23 13:10:14] esCNN.cv4: Argument kernel_list: [5, 3, 3, 2]
[2020-10-23 13:10:14] esCNN.cv4: Argument Lambdas: [0.5, 1, 5, 15, 30, 50, 100, 150, 200]
[2020-10-23 13:10:14] esCNN.cv4: Argument Lambdas_std: [0.01, 0.05, 0.1, 0.5, 1]
[2020-10-23 13:10:14] esCNN.cv4: Argument r: [0.8, 0.9, 0.99, 0.9999, 0.999999]
[2020-10-23 13:10:14] esCNN.cv4: Argument tolerance: 0
[2020-10-23 13:10:14] esCNN.cv4: Argument device: device(type='cuda')
[2020-10-23 13:10:14] esCNN.cv4: Argument dataset: 'ar1'
[2020-10-23 13:10:14] esCNN.cv4: Argument H: 6
[2020-10-23 13:10:14] esCNN.cv4: Argument k: 5
[2020-10-23 13:10:14] esCNN.cv4: Argument test: False
[2020-10-23 13:10:14] esCNN.cv4: Argument search: 'random'
[2020-10-23 13:10:14] esCNN.cv4: Argument normal: True
[2020-10-23 13:10:14] esCNN.cv4: Argument diff: False
[2020-10-23 13:10:14] esCNN.cv4: Argument times: 60
[2020-10-23 13:10:14] esCNN.cv4: Argument datasets: {'ar1': {'lag_order': 15, 'normal': True, 'cov_dim': 0, 'kernel_size': 3}, 'wti': {'lag_order': 25, 'normal': True, 'cov_dim': 0, 'kernel_size': 5}, 'gold': {'lag_order': 25, 'normal': True, 'cov_dim': 0, 'kernel_size': 5}, 'sp': {'lag_order': 25, 'normal': True, 'cov_dim': 0, 'kernel_size': 5}, 'brent': {'lag_order': 24, 'normal': True, 'cov_dim': 0, 'kernel_size': 6}, 'sili': {'lag_order': 26, 'normal': True, 'cov_dim': 0, 'kernel_size': 6}}
[2020-10-23 13:10:14] esCNN.cv4: Argument steps: 15
[2020-10-23 13:10:14] esCNN.cv4: Argument cov_dim: 0
[2020-10-23 13:10:14] esCNN.cv4: Argument experiment: 'experiments/normal/ar1'
[2020-10-23 13:10:14] esCNN.cv4: Argument scaler: StandardScaler()
[2020-10-23 13:10:14] esCNN.cv4: Argument model_name: 'esCNN_random_ar1_h6'
[2020-10-23 13:10:14] esCNN.cv4: Argument model_dir: 'experiments/normal/ar1/esCNN_random_ar1_h6'
[2020-10-23 13:10:14] esCNN.cv4: Argument In_channels: 1
[2020-10-23 13:10:14] esCNN.cv4: Argument restore: True
[2020-10-23 13:10:14] esCNN.cv4: Argument cv: 4
[2020-10-23 13:10:14] esCNN.cv4: Argument plot_dir: 'experiments/normal/ar1/esCNN_random_ar1_h6/figures'
[2020-10-23 13:10:14] esCNN.cv4: Using Cuda...
[2020-10-23 13:10:14] esCNN.cv4: Loading complete.
[2020-10-23 13:10:14] esCNN.cv4: Model: 
ES_CNN(
  (Pool): AvgPool1d(kernel_size=(3,), stride=(1,), padding=(0,))
  (loss_fn): MSELoss()
)
[2020-10-23 13:10:14] esCNN.cv4: Found new best state
[2020-10-23 13:10:14] esCNN.cv4: Best vmse: 1.3040
[2020-10-23 13:10:14] esCNN.cv4: Channel size: 1 	 Kernel size: 3 
Training MSE: 0.27900851 	 Validating MSE: 1.30395818 	 Best VMSE: 1.30395818
[2020-10-23 13:10:14] esCNN.cv4: Checkpoint saved to experiments/normal/ar1/esCNN_random_ar1_h6
[2020-10-23 13:10:14] esCNN.cv4: Found new best state
[2020-10-23 13:10:14] esCNN.cv4: Best vmse: 0.1287
[2020-10-23 13:10:14] esCNN.cv4: Channel size: 2 	 Kernel size: 3 
Training MSE: 0.09314774 	 Validating MSE: 0.12867205 	 Best VMSE: 0.12867205
[2020-10-23 13:10:14] esCNN.cv4: Checkpoint saved to experiments/normal/ar1/esCNN_random_ar1_h6
[2020-10-23 13:10:14] esCNN.cv4: Channel size: 3 	 Kernel size: 3 
Training MSE: 0.07854825 	 Validating MSE: 0.13054629 	 Best VMSE: 0.12867205
[2020-10-23 13:10:14] esCNN.cv4: Checkpoint saved to experiments/normal/ar1/esCNN_random_ar1_h6
[2020-10-23 13:10:14] esCNN.cv4: Found new best state
[2020-10-23 13:10:14] esCNN.cv4: Best vmse: 0.0901
[2020-10-23 13:10:14] esCNN.cv4: Channel size: 4 	 Kernel size: 3 
Training MSE: 0.06718070 	 Validating MSE: 0.09007122 	 Best VMSE: 0.09007122
[2020-10-23 13:10:14] esCNN.cv4: Checkpoint saved to experiments/normal/ar1/esCNN_random_ar1_h6
[2020-10-23 13:10:14] esCNN.cv4: Channel size: 5 	 Kernel size: 3 
Training MSE: 0.06395330 	 Validating MSE: 0.09029681 	 Best VMSE: 0.09007122
[2020-10-23 13:10:14] esCNN.cv4: Checkpoint saved to experiments/normal/ar1/esCNN_random_ar1_h6
[2020-10-23 13:10:14] esCNN.cv4: Channel size: 6 	 Kernel size: 3 
Training MSE: 0.06369269 	 Validating MSE: 0.09021359 	 Best VMSE: 0.09007122
[2020-10-23 13:10:14] esCNN.cv4: Checkpoint saved to experiments/normal/ar1/esCNN_random_ar1_h6
[2020-10-23 13:10:14] esCNN.cv4: Found new best state
[2020-10-23 13:10:14] esCNN.cv4: Best vmse: 0.0890
[2020-10-23 13:10:14] esCNN.cv4: Channel size: 7 	 Kernel size: 3 
Training MSE: 0.06284959 	 Validating MSE: 0.08900935 	 Best VMSE: 0.08900935
[2020-10-23 13:10:14] esCNN.cv4: Checkpoint saved to experiments/normal/ar1/esCNN_random_ar1_h6
[2020-10-23 13:10:14] esCNN.cv4: Channel size: 8 	 Kernel size: 3 
Training MSE: 0.06198763 	 Validating MSE: 0.09039598 	 Best VMSE: 0.08900935
[2020-10-23 13:10:14] esCNN.cv4: Checkpoint saved to experiments/normal/ar1/esCNN_random_ar1_h6
[2020-10-23 13:10:14] esCNN.cv4: Found new best state
[2020-10-23 13:10:14] esCNN.cv4: Best vmse: 0.0880
[2020-10-23 13:10:14] esCNN.cv4: Channel size: 9 	 Kernel size: 3 
Training MSE: 0.06190925 	 Validating MSE: 0.08799918 	 Best VMSE: 0.08799918
[2020-10-23 13:10:14] esCNN.cv4: Checkpoint saved to experiments/normal/ar1/esCNN_random_ar1_h6
[2020-10-23 13:10:14] esCNN.cv4: Found new best state
[2020-10-23 13:10:14] esCNN.cv4: Best vmse: 0.0864
[2020-10-23 13:10:14] esCNN.cv4: Channel size: 10 	 Kernel size: 3 
Training MSE: 0.06189043 	 Validating MSE: 0.08635812 	 Best VMSE: 0.08635812
[2020-10-23 13:10:14] esCNN.cv4: Checkpoint saved to experiments/normal/ar1/esCNN_random_ar1_h6
[2020-10-23 13:10:14] esCNN.cv4: Channel size: 11 	 Kernel size: 3 
Training MSE: 0.06188848 	 Validating MSE: 0.08636034 	 Best VMSE: 0.08635812
[2020-10-23 13:10:14] esCNN.cv4: Checkpoint saved to experiments/normal/ar1/esCNN_random_ar1_h6
[2020-10-23 13:10:14] esCNN.cv4: Found new best state
[2020-10-23 13:10:14] esCNN.cv4: Best vmse: 0.0859
[2020-10-23 13:10:14] esCNN.cv4: Channel size: 12 	 Kernel size: 3 
Training MSE: 0.06188528 	 Validating MSE: 0.08589387 	 Best VMSE: 0.08589387
[2020-10-23 13:10:14] esCNN.cv4: Checkpoint saved to experiments/normal/ar1/esCNN_random_ar1_h6
[2020-10-23 13:10:14] esCNN.cv4: Channel size: 13 	 Kernel size: 3 
Training MSE: 0.06187133 	 Validating MSE: 0.08765165 	 Best VMSE: 0.08589387
[2020-10-23 13:10:14] esCNN.cv4: Checkpoint saved to experiments/normal/ar1/esCNN_random_ar1_h6
[2020-10-23 13:10:14] esCNN.cv4: Channel size: 14 	 Kernel size: 3 
Training MSE: 0.06186915 	 Validating MSE: 0.08697060 	 Best VMSE: 0.08589387
[2020-10-23 13:10:14] esCNN.cv4: Checkpoint saved to experiments/normal/ar1/esCNN_random_ar1_h6
[2020-10-23 13:10:14] esCNN.cv4: Channel size: 15 	 Kernel size: 3 
Training MSE: 0.06186501 	 Validating MSE: 0.08643837 	 Best VMSE: 0.08589387
[2020-10-23 13:10:14] esCNN.cv4: Checkpoint saved to experiments/normal/ar1/esCNN_random_ar1_h6
[2020-10-23 13:10:14] esCNN.cv4: Channel size: 16 	 Kernel size: 3 
Training MSE: 0.06186442 	 Validating MSE: 0.08606786 	 Best VMSE: 0.08589387
[2020-10-23 13:10:14] esCNN.cv4: Checkpoint saved to experiments/normal/ar1/esCNN_random_ar1_h6
[2020-10-23 13:10:14] esCNN.cv4: Channel size: 17 	 Kernel size: 3 
Training MSE: 0.06183788 	 Validating MSE: 0.08834604 	 Best VMSE: 0.08589387
[2020-10-23 13:10:14] esCNN.cv4: Checkpoint saved to experiments/normal/ar1/esCNN_random_ar1_h6
[2020-10-23 13:10:14] esCNN.cv4: Channel size: 18 	 Kernel size: 3 
Training MSE: 0.06183146 	 Validating MSE: 0.08928896 	 Best VMSE: 0.08589387
[2020-10-23 13:10:14] esCNN.cv4: Checkpoint saved to experiments/normal/ar1/esCNN_random_ar1_h6
[2020-10-23 13:10:14] esCNN.cv4: Channel size: 19 	 Kernel size: 3 
Training MSE: 0.06179644 	 Validating MSE: 0.08657748 	 Best VMSE: 0.08589387
[2020-10-23 13:10:14] esCNN.cv4: Checkpoint saved to experiments/normal/ar1/esCNN_random_ar1_h6
[2020-10-23 13:10:15] esCNN.cv4: Channel size: 20 	 Kernel size: 3 
Training MSE: 0.06179345 	 Validating MSE: 0.08705002 	 Best VMSE: 0.08589387
[2020-10-23 13:10:15] esCNN.cv4: Checkpoint saved to experiments/normal/ar1/esCNN_random_ar1_h6
[2020-10-23 13:10:15] esCNN.cv4: Channel size: 21 	 Kernel size: 3 
Training MSE: 0.06178986 	 Validating MSE: 0.08714935 	 Best VMSE: 0.08589387
[2020-10-23 13:10:15] esCNN.cv4: Checkpoint saved to experiments/normal/ar1/esCNN_random_ar1_h6
[2020-10-23 13:10:15] esCNN.cv4: Channel size: 22 	 Kernel size: 3 
Training MSE: 0.06178758 	 Validating MSE: 0.08646013 	 Best VMSE: 0.08589387
[2020-10-23 13:10:15] esCNN.cv4: Checkpoint saved to experiments/normal/ar1/esCNN_random_ar1_h6
[2020-10-23 13:10:15] esCNN.cv4: Channel size: 23 	 Kernel size: 3 
Training MSE: 0.06178168 	 Validating MSE: 0.08755314 	 Best VMSE: 0.08589387
[2020-10-23 13:10:15] esCNN.cv4: Checkpoint saved to experiments/normal/ar1/esCNN_random_ar1_h6
[2020-10-23 13:10:15] esCNN.cv4: Channel size: 24 	 Kernel size: 3 
Training MSE: 0.06177980 	 Validating MSE: 0.08769920 	 Best VMSE: 0.08589387
[2020-10-23 13:10:15] esCNN.cv4: Checkpoint saved to experiments/normal/ar1/esCNN_random_ar1_h6
[2020-10-23 13:10:15] esCNN.cv4: Channel size: 25 	 Kernel size: 3 
Training MSE: 0.06177867 	 Validating MSE: 0.08780147 	 Best VMSE: 0.08589387
[2020-10-23 13:10:15] esCNN.cv4: Checkpoint saved to experiments/normal/ar1/esCNN_random_ar1_h6
[2020-10-23 13:10:15] esCNN.cv4: Channel size: 26 	 Kernel size: 3 
Training MSE: 0.06176655 	 Validating MSE: 0.08633745 	 Best VMSE: 0.08589387
[2020-10-23 13:10:15] esCNN.cv4: Checkpoint saved to experiments/normal/ar1/esCNN_random_ar1_h6
[2020-10-23 13:10:15] esCNN.cv4: Channel size: 27 	 Kernel size: 3 
Training MSE: 0.06176490 	 Validating MSE: 0.08659806 	 Best VMSE: 0.08589387
[2020-10-23 13:10:15] esCNN.cv4: Checkpoint saved to experiments/normal/ar1/esCNN_random_ar1_h6
[2020-10-23 13:10:15] esCNN.cv4: Channel size: 28 	 Kernel size: 3 
Training MSE: 0.06176484 	 Validating MSE: 0.08662498 	 Best VMSE: 0.08589387
[2020-10-23 13:10:15] esCNN.cv4: Checkpoint saved to experiments/normal/ar1/esCNN_random_ar1_h6
[2020-10-23 13:10:15] esCNN.cv4: Channel size: 29 	 Kernel size: 3 
Training MSE: 0.06176477 	 Validating MSE: 0.08651166 	 Best VMSE: 0.08589387
[2020-10-23 13:10:15] esCNN.cv4: Checkpoint saved to experiments/normal/ar1/esCNN_random_ar1_h6
[2020-10-23 13:10:15] esCNN.cv4: Channel size: 30 	 Kernel size: 3 
Training MSE: 0.06176455 	 Validating MSE: 0.08660093 	 Best VMSE: 0.08589387
[2020-10-23 13:10:15] esCNN.cv4: Checkpoint saved to experiments/normal/ar1/esCNN_random_ar1_h6
[2020-10-23 13:10:15] esCNN.cv4: Channel size: 31 	 Kernel size: 3 
Training MSE: 0.06174977 	 Validating MSE: 0.08817400 	 Best VMSE: 0.08589387
[2020-10-23 13:10:15] esCNN.cv4: Checkpoint saved to experiments/normal/ar1/esCNN_random_ar1_h6
[2020-10-23 13:10:15] esCNN.cv4: Channel size: 32 	 Kernel size: 3 
Training MSE: 0.06173852 	 Validating MSE: 0.08735207 	 Best VMSE: 0.08589387
[2020-10-23 13:10:15] esCNN.cv4: Checkpoint saved to experiments/normal/ar1/esCNN_random_ar1_h6
[2020-10-23 13:10:15] esCNN.cv4: Channel size: 33 	 Kernel size: 3 
Training MSE: 0.06172635 	 Validating MSE: 0.08839360 	 Best VMSE: 0.08589387
[2020-10-23 13:10:15] esCNN.cv4: Checkpoint saved to experiments/normal/ar1/esCNN_random_ar1_h6
[2020-10-23 13:10:15] esCNN.cv4: Channel size: 34 	 Kernel size: 3 
Training MSE: 0.06172431 	 Validating MSE: 0.08803649 	 Best VMSE: 0.08589387
[2020-10-23 13:10:15] esCNN.cv4: Checkpoint saved to experiments/normal/ar1/esCNN_random_ar1_h6
[2020-10-23 13:10:15] esCNN.cv4: Channel size: 35 	 Kernel size: 3 
Training MSE: 0.06172128 	 Validating MSE: 0.08729930 	 Best VMSE: 0.08589387
[2020-10-23 13:10:15] esCNN.cv4: Checkpoint saved to experiments/normal/ar1/esCNN_random_ar1_h6
[2020-10-23 13:10:15] esCNN.cv4: Channel size: 36 	 Kernel size: 3 
Training MSE: 0.06171733 	 Validating MSE: 0.08636004 	 Best VMSE: 0.08589387
[2020-10-23 13:10:15] esCNN.cv4: Checkpoint saved to experiments/normal/ar1/esCNN_random_ar1_h6
[2020-10-23 13:10:15] esCNN.cv4: Channel size: 37 	 Kernel size: 3 
Training MSE: 0.06171506 	 Validating MSE: 0.08716574 	 Best VMSE: 0.08589387
[2020-10-23 13:10:15] esCNN.cv4: Checkpoint saved to experiments/normal/ar1/esCNN_random_ar1_h6
[2020-10-23 13:10:15] esCNN.cv4: Channel size: 38 	 Kernel size: 3 
Training MSE: 0.06170818 	 Validating MSE: 0.08826812 	 Best VMSE: 0.08589387
[2020-10-23 13:10:15] esCNN.cv4: Checkpoint saved to experiments/normal/ar1/esCNN_random_ar1_h6
[2020-10-23 13:10:15] esCNN.cv4: Channel size: 39 	 Kernel size: 3 
Training MSE: 0.06168519 	 Validating MSE: 0.08648364 	 Best VMSE: 0.08589387
[2020-10-23 13:10:15] esCNN.cv4: Checkpoint saved to experiments/normal/ar1/esCNN_random_ar1_h6
[2020-10-23 13:10:16] esCNN.cv4: Channel size: 40 	 Kernel size: 3 
Training MSE: 0.06168424 	 Validating MSE: 0.08656882 	 Best VMSE: 0.08589387
[2020-10-23 13:10:16] esCNN.cv4: Checkpoint saved to experiments/normal/ar1/esCNN_random_ar1_h6
[2020-10-23 13:10:16] esCNN.cv4: Channel size: 41 	 Kernel size: 3 
Training MSE: 0.06164542 	 Validating MSE: 0.08943903 	 Best VMSE: 0.08589387
[2020-10-23 13:10:16] esCNN.cv4: Checkpoint saved to experiments/normal/ar1/esCNN_random_ar1_h6
[2020-10-23 13:10:16] esCNN.cv4: Channel size: 42 	 Kernel size: 3 
Training MSE: 0.06161787 	 Validating MSE: 0.08743743 	 Best VMSE: 0.08589387
[2020-10-23 13:10:16] esCNN.cv4: Checkpoint saved to experiments/normal/ar1/esCNN_random_ar1_h6
[2020-10-23 13:10:16] esCNN.cv4: Channel size: 43 	 Kernel size: 3 
Training MSE: 0.06161103 	 Validating MSE: 0.08811149 	 Best VMSE: 0.08589387
[2020-10-23 13:10:16] esCNN.cv4: Checkpoint saved to experiments/normal/ar1/esCNN_random_ar1_h6
[2020-10-23 13:10:16] esCNN.cv4: Channel size: 44 	 Kernel size: 3 
Training MSE: 0.06161017 	 Validating MSE: 0.08813813 	 Best VMSE: 0.08589387
[2020-10-23 13:10:16] esCNN.cv4: Checkpoint saved to experiments/normal/ar1/esCNN_random_ar1_h6
[2020-10-23 13:10:16] esCNN.cv4: Channel size: 45 	 Kernel size: 3 
Training MSE: 0.06160964 	 Validating MSE: 0.08778842 	 Best VMSE: 0.08589387
[2020-10-23 13:10:16] esCNN.cv4: Checkpoint saved to experiments/normal/ar1/esCNN_random_ar1_h6
[2020-10-23 13:10:16] esCNN.cv4: Channel size: 46 	 Kernel size: 3 
Training MSE: 0.06160472 	 Validating MSE: 0.08695965 	 Best VMSE: 0.08589387
[2020-10-23 13:10:16] esCNN.cv4: Checkpoint saved to experiments/normal/ar1/esCNN_random_ar1_h6
[2020-10-23 13:10:16] esCNN.cv4: Channel size: 47 	 Kernel size: 3 
Training MSE: 0.06160271 	 Validating MSE: 0.08736843 	 Best VMSE: 0.08589387
[2020-10-23 13:10:16] esCNN.cv4: Checkpoint saved to experiments/normal/ar1/esCNN_random_ar1_h6
[2020-10-23 13:10:16] esCNN.cv4: Channel size: 48 	 Kernel size: 3 
Training MSE: 0.06160167 	 Validating MSE: 0.08744635 	 Best VMSE: 0.08589387
[2020-10-23 13:10:16] esCNN.cv4: Checkpoint saved to experiments/normal/ar1/esCNN_random_ar1_h6
[2020-10-23 13:10:16] esCNN.cv4: Channel size: 49 	 Kernel size: 3 
Training MSE: 0.06160158 	 Validating MSE: 0.08735034 	 Best VMSE: 0.08589387
[2020-10-23 13:10:16] esCNN.cv4: Checkpoint saved to experiments/normal/ar1/esCNN_random_ar1_h6
[2020-10-23 13:10:16] esCNN.cv4: Channel size: 50 	 Kernel size: 3 
Training MSE: 0.06160126 	 Validating MSE: 0.08748679 	 Best VMSE: 0.08589387
[2020-10-23 13:10:16] esCNN.cv4: Checkpoint saved to experiments/normal/ar1/esCNN_random_ar1_h6
[2020-10-23 13:10:16] esCNN.cv4: Channel size: 51 	 Kernel size: 3 
Training MSE: 0.06157216 	 Validating MSE: 0.08977317 	 Best VMSE: 0.08589387
[2020-10-23 13:10:16] esCNN.cv4: Checkpoint saved to experiments/normal/ar1/esCNN_random_ar1_h6
[2020-10-23 13:10:16] esCNN.cv4: Channel size: 52 	 Kernel size: 3 
Training MSE: 0.06153619 	 Validating MSE: 0.08738957 	 Best VMSE: 0.08589387
[2020-10-23 13:10:16] esCNN.cv4: Checkpoint saved to experiments/normal/ar1/esCNN_random_ar1_h6
[2020-10-23 13:10:16] esCNN.cv4: Channel size: 53 	 Kernel size: 3 
Training MSE: 0.06153439 	 Validating MSE: 0.08703824 	 Best VMSE: 0.08589387
[2020-10-23 13:10:16] esCNN.cv4: Checkpoint saved to experiments/normal/ar1/esCNN_random_ar1_h6
[2020-10-23 13:10:16] esCNN.cv4: Channel size: 54 	 Kernel size: 3 
Training MSE: 0.06153246 	 Validating MSE: 0.08762610 	 Best VMSE: 0.08589387
[2020-10-23 13:10:16] esCNN.cv4: Checkpoint saved to experiments/normal/ar1/esCNN_random_ar1_h6
[2020-10-23 13:10:16] esCNN.cv4: Channel size: 55 	 Kernel size: 3 
Training MSE: 0.06153122 	 Validating MSE: 0.08711398 	 Best VMSE: 0.08589387
[2020-10-23 13:10:16] esCNN.cv4: Checkpoint saved to experiments/normal/ar1/esCNN_random_ar1_h6
[2020-10-23 13:10:17] esCNN.cv4: Channel size: 56 	 Kernel size: 3 
Training MSE: 0.06153029 	 Validating MSE: 0.08761898 	 Best VMSE: 0.08589387
[2020-10-23 13:10:17] esCNN.cv4: Checkpoint saved to experiments/normal/ar1/esCNN_random_ar1_h6
[2020-10-23 13:10:17] esCNN.cv4: Channel size: 57 	 Kernel size: 3 
Training MSE: 0.06152871 	 Validating MSE: 0.08806812 	 Best VMSE: 0.08589387
[2020-10-23 13:10:17] esCNN.cv4: Checkpoint saved to experiments/normal/ar1/esCNN_random_ar1_h6
[2020-10-23 13:10:17] esCNN.cv4: Channel size: 58 	 Kernel size: 3 
Training MSE: 0.06152531 	 Validating MSE: 0.08718035 	 Best VMSE: 0.08589387
[2020-10-23 13:10:17] esCNN.cv4: Checkpoint saved to experiments/normal/ar1/esCNN_random_ar1_h6
[2020-10-23 13:10:17] esCNN.cv4: Channel size: 59 	 Kernel size: 3 
Training MSE: 0.06151082 	 Validating MSE: 0.08871114 	 Best VMSE: 0.08589387
[2020-10-23 13:10:17] esCNN.cv4: Checkpoint saved to experiments/normal/ar1/esCNN_random_ar1_h6
[2020-10-23 13:10:17] esCNN.cv4: Channel size: 60 	 Kernel size: 3 
Training MSE: 0.06149802 	 Validating MSE: 0.08728767 	 Best VMSE: 0.08589387
[2020-10-23 13:10:17] esCNN.cv4: Checkpoint saved to experiments/normal/ar1/esCNN_random_ar1_h6
[2020-10-23 13:10:17] esCNN.cv4: Channel size: 61 	 Kernel size: 3 
Training MSE: 0.06149240 	 Validating MSE: 0.08855315 	 Best VMSE: 0.08589387
[2020-10-23 13:10:17] esCNN.cv4: Checkpoint saved to experiments/normal/ar1/esCNN_random_ar1_h6
[2020-10-23 13:10:17] esCNN.cv4: Channel size: 62 	 Kernel size: 3 
Training MSE: 0.06147392 	 Validating MSE: 0.08987263 	 Best VMSE: 0.08589387
[2020-10-23 13:10:17] esCNN.cv4: Checkpoint saved to experiments/normal/ar1/esCNN_random_ar1_h6
[2020-10-23 13:10:17] esCNN.cv4: Channel size: 63 	 Kernel size: 3 
Training MSE: 0.06142910 	 Validating MSE: 0.08766223 	 Best VMSE: 0.08589387
[2020-10-23 13:10:17] esCNN.cv4: Checkpoint saved to experiments/normal/ar1/esCNN_random_ar1_h6
[2020-10-23 13:10:17] esCNN.cv4: Channel size: 64 	 Kernel size: 3 
Training MSE: 0.06142842 	 Validating MSE: 0.08737373 	 Best VMSE: 0.08589387
[2020-10-23 13:10:17] esCNN.cv4: Checkpoint saved to experiments/normal/ar1/esCNN_random_ar1_h6
[2020-10-23 13:10:17] esCNN.cv4: Channel size: 65 	 Kernel size: 3 
Training MSE: 0.06141056 	 Validating MSE: 0.08937154 	 Best VMSE: 0.08589387
[2020-10-23 13:10:17] esCNN.cv4: Checkpoint saved to experiments/normal/ar1/esCNN_random_ar1_h6
[2020-10-23 13:10:17] esCNN.cv4: Channel size: 66 	 Kernel size: 3 
Training MSE: 0.06139940 	 Validating MSE: 0.08771398 	 Best VMSE: 0.08589387
[2020-10-23 13:10:17] esCNN.cv4: Checkpoint saved to experiments/normal/ar1/esCNN_random_ar1_h6
[2020-10-23 13:10:17] esCNN.cv4: Channel size: 67 	 Kernel size: 3 
Training MSE: 0.06139796 	 Validating MSE: 0.08788832 	 Best VMSE: 0.08589387
[2020-10-23 13:10:17] esCNN.cv4: Checkpoint saved to experiments/normal/ar1/esCNN_random_ar1_h6
[2020-10-23 13:10:17] esCNN.cv4: Channel size: 68 	 Kernel size: 3 
Training MSE: 0.06139422 	 Validating MSE: 0.08777786 	 Best VMSE: 0.08589387
[2020-10-23 13:10:17] esCNN.cv4: Checkpoint saved to experiments/normal/ar1/esCNN_random_ar1_h6
[2020-10-23 13:10:18] esCNN.cv4: Channel size: 69 	 Kernel size: 3 
Training MSE: 0.06135297 	 Validating MSE: 0.09047878 	 Best VMSE: 0.08589387
[2020-10-23 13:10:18] esCNN.cv4: Checkpoint saved to experiments/normal/ar1/esCNN_random_ar1_h6
[2020-10-23 13:10:18] esCNN.cv4: Channel size: 70 	 Kernel size: 3 
Training MSE: 0.06133289 	 Validating MSE: 0.08857989 	 Best VMSE: 0.08589387
[2020-10-23 13:10:18] esCNN.cv4: Checkpoint saved to experiments/normal/ar1/esCNN_random_ar1_h6
[2020-10-23 13:10:18] esCNN.cv4: Channel size: 71 	 Kernel size: 3 
Training MSE: 0.06133221 	 Validating MSE: 0.08820202 	 Best VMSE: 0.08589387
[2020-10-23 13:10:18] esCNN.cv4: Checkpoint saved to experiments/normal/ar1/esCNN_random_ar1_h6
[2020-10-23 13:10:18] esCNN.cv4: Channel size: 72 	 Kernel size: 3 
Training MSE: 0.06133090 	 Validating MSE: 0.08859462 	 Best VMSE: 0.08589387
[2020-10-23 13:10:18] esCNN.cv4: Checkpoint saved to experiments/normal/ar1/esCNN_random_ar1_h6
[2020-10-23 13:10:18] esCNN.cv4: Channel size: 73 	 Kernel size: 3 
Training MSE: 0.06133005 	 Validating MSE: 0.08821146 	 Best VMSE: 0.08589387
[2020-10-23 13:10:18] esCNN.cv4: Checkpoint saved to experiments/normal/ar1/esCNN_random_ar1_h6
[2020-10-23 13:10:18] esCNN.cv4: Channel size: 74 	 Kernel size: 3 
Training MSE: 0.06131933 	 Validating MSE: 0.08975063 	 Best VMSE: 0.08589387
[2020-10-23 13:10:18] esCNN.cv4: Checkpoint saved to experiments/normal/ar1/esCNN_random_ar1_h6
[2020-10-23 13:10:18] esCNN.cv4: Channel size: 75 	 Kernel size: 3 
Training MSE: 0.06130759 	 Validating MSE: 0.08819438 	 Best VMSE: 0.08589387
[2020-10-23 13:10:18] esCNN.cv4: Checkpoint saved to experiments/normal/ar1/esCNN_random_ar1_h6
[2020-10-23 13:10:18] esCNN.cv4: Channel size: 76 	 Kernel size: 3 
Training MSE: 0.06129043 	 Validating MSE: 0.09006124 	 Best VMSE: 0.08589387
[2020-10-23 13:10:18] esCNN.cv4: Checkpoint saved to experiments/normal/ar1/esCNN_random_ar1_h6
[2020-10-23 13:10:18] esCNN.cv4: Channel size: 77 	 Kernel size: 3 
Training MSE: 0.06127412 	 Validating MSE: 0.08821104 	 Best VMSE: 0.08589387
[2020-10-23 13:10:18] esCNN.cv4: Checkpoint saved to experiments/normal/ar1/esCNN_random_ar1_h6
[2020-10-23 13:10:18] esCNN.cv4: Channel size: 78 	 Kernel size: 3 
Training MSE: 0.06127359 	 Validating MSE: 0.08819663 	 Best VMSE: 0.08589387
[2020-10-23 13:10:18] esCNN.cv4: Checkpoint saved to experiments/normal/ar1/esCNN_random_ar1_h6
[2020-10-23 13:10:18] esCNN.cv4: Channel size: 79 	 Kernel size: 3 
Training MSE: 0.06127009 	 Validating MSE: 0.08895745 	 Best VMSE: 0.08589387
[2020-10-23 13:10:18] esCNN.cv4: Checkpoint saved to experiments/normal/ar1/esCNN_random_ar1_h6
[2020-10-23 13:10:18] esCNN.cv4: Channel size: 80 	 Kernel size: 3 
Training MSE: 0.06124243 	 Validating MSE: 0.09099767 	 Best VMSE: 0.08589387
[2020-10-23 13:10:18] esCNN.cv4: Checkpoint saved to experiments/normal/ar1/esCNN_random_ar1_h6
[2020-10-23 13:10:19] esCNN.cv4: Channel size: 81 	 Kernel size: 3 
Training MSE: 0.06121110 	 Validating MSE: 0.08821502 	 Best VMSE: 0.08589387
[2020-10-23 13:10:19] esCNN.cv4: Checkpoint saved to experiments/normal/ar1/esCNN_random_ar1_h6
[2020-10-23 13:10:19] esCNN.cv4: Channel size: 82 	 Kernel size: 3 
Training MSE: 0.06120981 	 Validating MSE: 0.08858095 	 Best VMSE: 0.08589387
[2020-10-23 13:10:19] esCNN.cv4: Checkpoint saved to experiments/normal/ar1/esCNN_random_ar1_h6
[2020-10-23 13:10:19] esCNN.cv4: Channel size: 83 	 Kernel size: 3 
Training MSE: 0.06119832 	 Validating MSE: 0.09024607 	 Best VMSE: 0.08589387
[2020-10-23 13:10:19] esCNN.cv4: Checkpoint saved to experiments/normal/ar1/esCNN_random_ar1_h6
[2020-10-23 13:10:19] esCNN.cv4: Channel size: 84 	 Kernel size: 3 
Training MSE: 0.06112499 	 Validating MSE: 0.09418066 	 Best VMSE: 0.08589387
[2020-10-23 13:10:19] esCNN.cv4: Checkpoint saved to experiments/normal/ar1/esCNN_random_ar1_h6
[2020-10-23 13:10:19] esCNN.cv4: Channel size: 85 	 Kernel size: 3 
Training MSE: 0.06102964 	 Validating MSE: 0.08933681 	 Best VMSE: 0.08589387
[2020-10-23 13:10:19] esCNN.cv4: Checkpoint saved to experiments/normal/ar1/esCNN_random_ar1_h6
[2020-10-23 13:10:19] esCNN.cv4: Channel size: 86 	 Kernel size: 3 
Training MSE: 0.06101748 	 Validating MSE: 0.08850542 	 Best VMSE: 0.08589387
[2020-10-23 13:10:19] esCNN.cv4: Checkpoint saved to experiments/normal/ar1/esCNN_random_ar1_h6
[2020-10-23 13:10:19] esCNN.cv4: Channel size: 87 	 Kernel size: 3 
Training MSE: 0.06100740 	 Validating MSE: 0.08971786 	 Best VMSE: 0.08589387
[2020-10-23 13:10:19] esCNN.cv4: Checkpoint saved to experiments/normal/ar1/esCNN_random_ar1_h6
[2020-10-23 13:10:19] esCNN.cv4: Channel size: 88 	 Kernel size: 3 
Training MSE: 0.06099473 	 Validating MSE: 0.08888943 	 Best VMSE: 0.08589387
[2020-10-23 13:10:19] esCNN.cv4: Checkpoint saved to experiments/normal/ar1/esCNN_random_ar1_h6
[2020-10-23 13:10:19] esCNN.cv4: Channel size: 89 	 Kernel size: 3 
Training MSE: 0.06099337 	 Validating MSE: 0.08884594 	 Best VMSE: 0.08589387
[2020-10-23 13:10:19] esCNN.cv4: Checkpoint saved to experiments/normal/ar1/esCNN_random_ar1_h6
[2020-10-23 13:10:19] esCNN.cv4: Channel size: 90 	 Kernel size: 3 
Training MSE: 0.06097629 	 Validating MSE: 0.09090536 	 Best VMSE: 0.08589387
[2020-10-23 13:10:19] esCNN.cv4: Checkpoint saved to experiments/normal/ar1/esCNN_random_ar1_h6
[2020-10-23 13:10:19] esCNN.cv4: Channel size: 91 	 Kernel size: 3 
Training MSE: 0.06097274 	 Validating MSE: 0.09079043 	 Best VMSE: 0.08589387
[2020-10-23 13:10:19] esCNN.cv4: Checkpoint saved to experiments/normal/ar1/esCNN_random_ar1_h6
[2020-10-23 13:10:20] esCNN.cv4: Channel size: 92 	 Kernel size: 3 
Training MSE: 0.06097106 	 Validating MSE: 0.09125074 	 Best VMSE: 0.08589387
[2020-10-23 13:10:20] esCNN.cv4: Checkpoint saved to experiments/normal/ar1/esCNN_random_ar1_h6
[2020-10-23 13:10:20] esCNN.cv4: Channel size: 93 	 Kernel size: 3 
Training MSE: 0.06096579 	 Validating MSE: 0.09009048 	 Best VMSE: 0.08589387
[2020-10-23 13:10:20] esCNN.cv4: Checkpoint saved to experiments/normal/ar1/esCNN_random_ar1_h6
[2020-10-23 13:10:20] esCNN.cv4: Channel size: 94 	 Kernel size: 3 
Training MSE: 0.06096402 	 Validating MSE: 0.08963808 	 Best VMSE: 0.08589387
[2020-10-23 13:10:20] esCNN.cv4: Checkpoint saved to experiments/normal/ar1/esCNN_random_ar1_h6
[2020-10-23 13:10:20] esCNN.cv4: Channel size: 95 	 Kernel size: 3 
Training MSE: 0.06095882 	 Validating MSE: 0.08899749 	 Best VMSE: 0.08589387
[2020-10-23 13:10:20] esCNN.cv4: Checkpoint saved to experiments/normal/ar1/esCNN_random_ar1_h6
[2020-10-23 13:10:20] esCNN.cv4: Channel size: 96 	 Kernel size: 3 
Training MSE: 0.06095807 	 Validating MSE: 0.08900410 	 Best VMSE: 0.08589387
[2020-10-23 13:10:20] esCNN.cv4: Checkpoint saved to experiments/normal/ar1/esCNN_random_ar1_h6
[2020-10-23 13:10:20] esCNN.cv4: Channel size: 97 	 Kernel size: 3 
Training MSE: 0.06095799 	 Validating MSE: 0.08899761 	 Best VMSE: 0.08589387
[2020-10-23 13:10:20] esCNN.cv4: Checkpoint saved to experiments/normal/ar1/esCNN_random_ar1_h6
[2020-10-23 13:10:20] esCNN.cv4: Channel size: 98 	 Kernel size: 3 
Training MSE: 0.06095745 	 Validating MSE: 0.08937481 	 Best VMSE: 0.08589387
[2020-10-23 13:10:20] esCNN.cv4: Checkpoint saved to experiments/normal/ar1/esCNN_random_ar1_h6
[2020-10-23 13:10:20] esCNN.cv4: Channel size: 99 	 Kernel size: 3 
Training MSE: 0.06089304 	 Validating MSE: 0.09333660 	 Best VMSE: 0.08589387
[2020-10-23 13:10:20] esCNN.cv4: Checkpoint saved to experiments/normal/ar1/esCNN_random_ar1_h6
[2020-10-23 13:10:20] esCNN.cv4: Channel size: 100 	 Kernel size: 3 
Training MSE: 0.06084581 	 Validating MSE: 0.08965194 	 Best VMSE: 0.08589387
[2020-10-23 13:10:20] esCNN.cv4: Checkpoint saved to experiments/normal/ar1/esCNN_random_ar1_h6
[2020-10-23 13:10:20] esCNN.cv4: Restoring best parameters from experiments/normal/ar1/esCNN_random_ar1_h6/train.cv4.pth.tar
[2020-10-23 13:10:20] esCNN.cv4: ar1	 H: 6	 Trail: 11 
Testing RMSE: 0.5269 	 MAPE: 0.1025 	 SMAPE: 0.05537
