[2020-10-23 13:36:29] IELM.cv6: Loading the datasets and model for 19th-batch-training
[2020-10-23 13:36:29] IELM.cv6: Argument hidden_size: 100
[2020-10-23 13:36:29] IELM.cv6: Argument candidate_size: 300
[2020-10-23 13:36:29] IELM.cv6: Argument Lambdas: [0.5, 1, 5, 15, 30, 50, 100, 150, 200]
[2020-10-23 13:36:29] IELM.cv6: Argument Lambdas_std: [0.01, 0.05, 0.1, 0.5, 1]
[2020-10-23 13:36:29] IELM.cv6: Argument r: [0.8, 0.9, 0.99, 0.9999, 0.999999]
[2020-10-23 13:36:29] IELM.cv6: Argument tolerance: 0
[2020-10-23 13:36:29] IELM.cv6: Argument device: device(type='cuda')
[2020-10-23 13:36:29] IELM.cv6: Argument dataset: 'ar1'
[2020-10-23 13:36:29] IELM.cv6: Argument H: 1
[2020-10-23 13:36:29] IELM.cv6: Argument k: 5
[2020-10-23 13:36:29] IELM.cv6: Argument test: False
[2020-10-23 13:36:29] IELM.cv6: Argument normal: True
[2020-10-23 13:36:29] IELM.cv6: Argument diff: False
[2020-10-23 13:36:29] IELM.cv6: Argument times: 60
[2020-10-23 13:36:29] IELM.cv6: Argument datasets: {'ar1': {'lag_order': 15, 'normal': True, 'cov_dim': 0, 'kernel_size': 3}, 'wti': {'lag_order': 25, 'normal': True, 'cov_dim': 0, 'kernel_size': 5}, 'gold': {'lag_order': 25, 'normal': True, 'cov_dim': 0, 'kernel_size': 5}, 'sp': {'lag_order': 25, 'normal': True, 'cov_dim': 0, 'kernel_size': 5}, 'brent': {'lag_order': 24, 'normal': True, 'cov_dim': 0, 'kernel_size': 6}, 'sili': {'lag_order': 26, 'normal': True, 'cov_dim': 0, 'kernel_size': 6}}
[2020-10-23 13:36:29] IELM.cv6: Argument steps: 15
[2020-10-23 13:36:29] IELM.cv6: Argument experiment: 'experiments/normal/ar1'
[2020-10-23 13:36:29] IELM.cv6: Argument scaler: StandardScaler()
[2020-10-23 13:36:29] IELM.cv6: Argument model_name: 'IELM_ar1_h1'
[2020-10-23 13:36:29] IELM.cv6: Argument model_dir: 'experiments/normal/ar1/IELM_ar1_h1'
[2020-10-23 13:36:29] IELM.cv6: Argument restore: True
[2020-10-23 13:36:29] IELM.cv6: Argument cv: 6
[2020-10-23 13:36:29] IELM.cv6: Argument plot_dir: 'experiments/normal/ar1/IELM_ar1_h1/figures'
[2020-10-23 13:36:29] IELM.cv6: Using Cuda...
[2020-10-23 13:36:29] IELM.cv6: Loading complete.
[2020-10-23 13:36:29] IELM.cv6: Model: 
IELM(
  (loss_fn): MSELoss()
)
[2020-10-23 13:36:29] IELM.cv6: Hidden size: 1 	 
Training MSE: 0.25700688 	 Validating MSE: 1.55685484 	 Best VMSE: 9999.00000000
[2020-10-23 13:36:29] IELM.cv6: Found new best state
[2020-10-23 13:36:29] IELM.cv6: Best vmse: 1.5569
[2020-10-23 13:36:29] IELM.cv6: Checkpoint saved to experiments/normal/ar1/IELM_ar1_h1
[2020-10-23 13:36:30] IELM.cv6: Hidden size: 2 	 
Training MSE: 0.24400227 	 Validating MSE: 1.02424657 	 Best VMSE: 1.55685484
[2020-10-23 13:36:30] IELM.cv6: Found new best state
[2020-10-23 13:36:30] IELM.cv6: Best vmse: 1.0242
[2020-10-23 13:36:30] IELM.cv6: Checkpoint saved to experiments/normal/ar1/IELM_ar1_h1
[2020-10-23 13:36:30] IELM.cv6: Hidden size: 3 	 
Training MSE: 0.24061896 	 Validating MSE: 0.78786302 	 Best VMSE: 1.02424657
[2020-10-23 13:36:30] IELM.cv6: Found new best state
[2020-10-23 13:36:30] IELM.cv6: Best vmse: 0.7879
[2020-10-23 13:36:30] IELM.cv6: Checkpoint saved to experiments/normal/ar1/IELM_ar1_h1
[2020-10-23 13:36:30] IELM.cv6: Hidden size: 4 	 
Training MSE: 0.24032837 	 Validating MSE: 0.84507239 	 Best VMSE: 0.78786302
[2020-10-23 13:36:30] IELM.cv6: Checkpoint saved to experiments/normal/ar1/IELM_ar1_h1
[2020-10-23 13:36:30] IELM.cv6: Hidden size: 5 	 
Training MSE: 0.21136190 	 Validating MSE: 1.05646574 	 Best VMSE: 0.78786302
[2020-10-23 13:36:30] IELM.cv6: Checkpoint saved to experiments/normal/ar1/IELM_ar1_h1
[2020-10-23 13:36:30] IELM.cv6: Hidden size: 6 	 
Training MSE: 0.18124253 	 Validating MSE: 0.53600854 	 Best VMSE: 0.78786302
[2020-10-23 13:36:30] IELM.cv6: Found new best state
[2020-10-23 13:36:30] IELM.cv6: Best vmse: 0.5360
[2020-10-23 13:36:30] IELM.cv6: Checkpoint saved to experiments/normal/ar1/IELM_ar1_h1
[2020-10-23 13:36:30] IELM.cv6: Hidden size: 7 	 
Training MSE: 0.17893751 	 Validating MSE: 0.65010846 	 Best VMSE: 0.53600854
[2020-10-23 13:36:30] IELM.cv6: Checkpoint saved to experiments/normal/ar1/IELM_ar1_h1
[2020-10-23 13:36:30] IELM.cv6: Hidden size: 8 	 
Training MSE: 0.17859848 	 Validating MSE: 0.60550034 	 Best VMSE: 0.53600854
[2020-10-23 13:36:30] IELM.cv6: Checkpoint saved to experiments/normal/ar1/IELM_ar1_h1
[2020-10-23 13:36:30] IELM.cv6: Hidden size: 9 	 
Training MSE: 0.16442311 	 Validating MSE: 0.72356796 	 Best VMSE: 0.53600854
[2020-10-23 13:36:30] IELM.cv6: Checkpoint saved to experiments/normal/ar1/IELM_ar1_h1
[2020-10-23 13:36:30] IELM.cv6: Hidden size: 10 	 
Training MSE: 0.16419755 	 Validating MSE: 0.73767388 	 Best VMSE: 0.53600854
[2020-10-23 13:36:30] IELM.cv6: Checkpoint saved to experiments/normal/ar1/IELM_ar1_h1
[2020-10-23 13:36:30] IELM.cv6: Hidden size: 11 	 
Training MSE: 0.16191231 	 Validating MSE: 0.67626673 	 Best VMSE: 0.53600854
[2020-10-23 13:36:30] IELM.cv6: Checkpoint saved to experiments/normal/ar1/IELM_ar1_h1
[2020-10-23 13:36:30] IELM.cv6: Hidden size: 12 	 
Training MSE: 0.15933271 	 Validating MSE: 0.69171125 	 Best VMSE: 0.53600854
[2020-10-23 13:36:30] IELM.cv6: Checkpoint saved to experiments/normal/ar1/IELM_ar1_h1
[2020-10-23 13:36:30] IELM.cv6: Hidden size: 13 	 
Training MSE: 0.15927997 	 Validating MSE: 0.68393242 	 Best VMSE: 0.53600854
[2020-10-23 13:36:30] IELM.cv6: Checkpoint saved to experiments/normal/ar1/IELM_ar1_h1
[2020-10-23 13:36:30] IELM.cv6: Hidden size: 14 	 
Training MSE: 0.15923901 	 Validating MSE: 0.68076444 	 Best VMSE: 0.53600854
[2020-10-23 13:36:30] IELM.cv6: Checkpoint saved to experiments/normal/ar1/IELM_ar1_h1
[2020-10-23 13:36:30] IELM.cv6: Hidden size: 15 	 
Training MSE: 0.15098609 	 Validating MSE: 0.48728350 	 Best VMSE: 0.53600854
[2020-10-23 13:36:30] IELM.cv6: Found new best state
[2020-10-23 13:36:30] IELM.cv6: Best vmse: 0.4873
[2020-10-23 13:36:30] IELM.cv6: Checkpoint saved to experiments/normal/ar1/IELM_ar1_h1
[2020-10-23 13:36:30] IELM.cv6: Hidden size: 16 	 
Training MSE: 0.14177956 	 Validating MSE: 0.59070992 	 Best VMSE: 0.48728350
[2020-10-23 13:36:30] IELM.cv6: Checkpoint saved to experiments/normal/ar1/IELM_ar1_h1
[2020-10-23 13:36:30] IELM.cv6: Hidden size: 17 	 
Training MSE: 0.14031926 	 Validating MSE: 0.53535575 	 Best VMSE: 0.48728350
[2020-10-23 13:36:30] IELM.cv6: Checkpoint saved to experiments/normal/ar1/IELM_ar1_h1
[2020-10-23 13:36:30] IELM.cv6: Hidden size: 18 	 
Training MSE: 0.13835493 	 Validating MSE: 0.47006726 	 Best VMSE: 0.48728350
[2020-10-23 13:36:30] IELM.cv6: Found new best state
[2020-10-23 13:36:30] IELM.cv6: Best vmse: 0.4701
[2020-10-23 13:36:30] IELM.cv6: Checkpoint saved to experiments/normal/ar1/IELM_ar1_h1
[2020-10-23 13:36:30] IELM.cv6: Hidden size: 19 	 
Training MSE: 0.13710400 	 Validating MSE: 0.49499154 	 Best VMSE: 0.47006726
[2020-10-23 13:36:30] IELM.cv6: Checkpoint saved to experiments/normal/ar1/IELM_ar1_h1
[2020-10-23 13:36:30] IELM.cv6: Hidden size: 20 	 
Training MSE: 0.13706979 	 Validating MSE: 0.48730648 	 Best VMSE: 0.47006726
[2020-10-23 13:36:30] IELM.cv6: Checkpoint saved to experiments/normal/ar1/IELM_ar1_h1
[2020-10-23 13:36:30] IELM.cv6: Hidden size: 21 	 
Training MSE: 0.13700005 	 Validating MSE: 0.49640775 	 Best VMSE: 0.47006726
[2020-10-23 13:36:30] IELM.cv6: Checkpoint saved to experiments/normal/ar1/IELM_ar1_h1
[2020-10-23 13:36:30] IELM.cv6: Hidden size: 22 	 
Training MSE: 0.12847447 	 Validating MSE: 0.30043808 	 Best VMSE: 0.47006726
[2020-10-23 13:36:30] IELM.cv6: Found new best state
[2020-10-23 13:36:30] IELM.cv6: Best vmse: 0.3004
[2020-10-23 13:36:30] IELM.cv6: Checkpoint saved to experiments/normal/ar1/IELM_ar1_h1
[2020-10-23 13:36:30] IELM.cv6: Hidden size: 23 	 
Training MSE: 0.12312710 	 Validating MSE: 0.40057248 	 Best VMSE: 0.30043808
[2020-10-23 13:36:30] IELM.cv6: Checkpoint saved to experiments/normal/ar1/IELM_ar1_h1
[2020-10-23 13:36:30] IELM.cv6: Hidden size: 24 	 
Training MSE: 0.12190837 	 Validating MSE: 0.34283867 	 Best VMSE: 0.30043808
[2020-10-23 13:36:30] IELM.cv6: Checkpoint saved to experiments/normal/ar1/IELM_ar1_h1
[2020-10-23 13:36:30] IELM.cv6: Hidden size: 25 	 
Training MSE: 0.11894494 	 Validating MSE: 0.39863989 	 Best VMSE: 0.30043808
[2020-10-23 13:36:30] IELM.cv6: Checkpoint saved to experiments/normal/ar1/IELM_ar1_h1
[2020-10-23 13:36:30] IELM.cv6: Hidden size: 26 	 
Training MSE: 0.10839432 	 Validating MSE: 0.12880488 	 Best VMSE: 0.30043808
[2020-10-23 13:36:30] IELM.cv6: Found new best state
[2020-10-23 13:36:30] IELM.cv6: Best vmse: 0.1288
[2020-10-23 13:36:30] IELM.cv6: Checkpoint saved to experiments/normal/ar1/IELM_ar1_h1
[2020-10-23 13:36:30] IELM.cv6: Hidden size: 27 	 
Training MSE: 0.10221207 	 Validating MSE: 0.15001617 	 Best VMSE: 0.12880488
[2020-10-23 13:36:30] IELM.cv6: Checkpoint saved to experiments/normal/ar1/IELM_ar1_h1
[2020-10-23 13:36:30] IELM.cv6: Hidden size: 28 	 
Training MSE: 0.10021141 	 Validating MSE: 0.15629137 	 Best VMSE: 0.12880488
[2020-10-23 13:36:30] IELM.cv6: Checkpoint saved to experiments/normal/ar1/IELM_ar1_h1
[2020-10-23 13:36:30] IELM.cv6: Hidden size: 29 	 
Training MSE: 0.09732675 	 Validating MSE: 0.10318322 	 Best VMSE: 0.12880488
[2020-10-23 13:36:30] IELM.cv6: Found new best state
[2020-10-23 13:36:30] IELM.cv6: Best vmse: 0.1032
[2020-10-23 13:36:30] IELM.cv6: Checkpoint saved to experiments/normal/ar1/IELM_ar1_h1
[2020-10-23 13:36:30] IELM.cv6: Hidden size: 30 	 
Training MSE: 0.09695822 	 Validating MSE: 0.10823309 	 Best VMSE: 0.10318322
[2020-10-23 13:36:30] IELM.cv6: Checkpoint saved to experiments/normal/ar1/IELM_ar1_h1
[2020-10-23 13:36:30] IELM.cv6: Hidden size: 31 	 
Training MSE: 0.09650501 	 Validating MSE: 0.11160509 	 Best VMSE: 0.10318322
[2020-10-23 13:36:30] IELM.cv6: Checkpoint saved to experiments/normal/ar1/IELM_ar1_h1
[2020-10-23 13:36:30] IELM.cv6: Hidden size: 32 	 
Training MSE: 0.08982185 	 Validating MSE: 0.06633610 	 Best VMSE: 0.10318322
[2020-10-23 13:36:30] IELM.cv6: Found new best state
[2020-10-23 13:36:30] IELM.cv6: Best vmse: 0.0663
[2020-10-23 13:36:30] IELM.cv6: Checkpoint saved to experiments/normal/ar1/IELM_ar1_h1
[2020-10-23 13:36:30] IELM.cv6: Hidden size: 33 	 
Training MSE: 0.08583879 	 Validating MSE: 0.07794494 	 Best VMSE: 0.06633610
[2020-10-23 13:36:30] IELM.cv6: Checkpoint saved to experiments/normal/ar1/IELM_ar1_h1
[2020-10-23 13:36:30] IELM.cv6: Hidden size: 34 	 
Training MSE: 0.08467462 	 Validating MSE: 0.07048605 	 Best VMSE: 0.06633610
[2020-10-23 13:36:30] IELM.cv6: Checkpoint saved to experiments/normal/ar1/IELM_ar1_h1
[2020-10-23 13:36:30] IELM.cv6: Hidden size: 35 	 
Training MSE: 0.08408251 	 Validating MSE: 0.07646136 	 Best VMSE: 0.06633610
[2020-10-23 13:36:30] IELM.cv6: Checkpoint saved to experiments/normal/ar1/IELM_ar1_h1
[2020-10-23 13:36:30] IELM.cv6: Hidden size: 36 	 
Training MSE: 0.08374819 	 Validating MSE: 0.06771243 	 Best VMSE: 0.06633610
[2020-10-23 13:36:30] IELM.cv6: Checkpoint saved to experiments/normal/ar1/IELM_ar1_h1
[2020-10-23 13:36:30] IELM.cv6: Hidden size: 37 	 
Training MSE: 0.08359744 	 Validating MSE: 0.06310953 	 Best VMSE: 0.06633610
[2020-10-23 13:36:30] IELM.cv6: Found new best state
[2020-10-23 13:36:30] IELM.cv6: Best vmse: 0.0631
[2020-10-23 13:36:30] IELM.cv6: Checkpoint saved to experiments/normal/ar1/IELM_ar1_h1
[2020-10-23 13:36:30] IELM.cv6: Hidden size: 38 	 
Training MSE: 0.08300691 	 Validating MSE: 0.08025015 	 Best VMSE: 0.06310953
[2020-10-23 13:36:30] IELM.cv6: Checkpoint saved to experiments/normal/ar1/IELM_ar1_h1
[2020-10-23 13:36:31] IELM.cv6: Hidden size: 39 	 
Training MSE: 0.08292414 	 Validating MSE: 0.08146778 	 Best VMSE: 0.06310953
[2020-10-23 13:36:31] IELM.cv6: Checkpoint saved to experiments/normal/ar1/IELM_ar1_h1
[2020-10-23 13:36:31] IELM.cv6: Hidden size: 40 	 
Training MSE: 0.08210235 	 Validating MSE: 0.08588441 	 Best VMSE: 0.06310953
[2020-10-23 13:36:31] IELM.cv6: Checkpoint saved to experiments/normal/ar1/IELM_ar1_h1
[2020-10-23 13:36:31] IELM.cv6: Hidden size: 41 	 
Training MSE: 0.08116736 	 Validating MSE: 0.07994715 	 Best VMSE: 0.06310953
[2020-10-23 13:36:31] IELM.cv6: Checkpoint saved to experiments/normal/ar1/IELM_ar1_h1
[2020-10-23 13:36:31] IELM.cv6: Hidden size: 42 	 
Training MSE: 0.08077046 	 Validating MSE: 0.06850983 	 Best VMSE: 0.06310953
[2020-10-23 13:36:31] IELM.cv6: Checkpoint saved to experiments/normal/ar1/IELM_ar1_h1
[2020-10-23 13:36:31] IELM.cv6: Hidden size: 43 	 
Training MSE: 0.08016767 	 Validating MSE: 0.07496350 	 Best VMSE: 0.06310953
[2020-10-23 13:36:31] IELM.cv6: Checkpoint saved to experiments/normal/ar1/IELM_ar1_h1
[2020-10-23 13:36:31] IELM.cv6: Hidden size: 44 	 
Training MSE: 0.08010401 	 Validating MSE: 0.07306237 	 Best VMSE: 0.06310953
[2020-10-23 13:36:31] IELM.cv6: Checkpoint saved to experiments/normal/ar1/IELM_ar1_h1
[2020-10-23 13:36:31] IELM.cv6: Hidden size: 45 	 
Training MSE: 0.07815858 	 Validating MSE: 0.05390656 	 Best VMSE: 0.06310953
[2020-10-23 13:36:31] IELM.cv6: Found new best state
[2020-10-23 13:36:31] IELM.cv6: Best vmse: 0.0539
[2020-10-23 13:36:31] IELM.cv6: Checkpoint saved to experiments/normal/ar1/IELM_ar1_h1
[2020-10-23 13:36:31] IELM.cv6: Hidden size: 46 	 
Training MSE: 0.07803203 	 Validating MSE: 0.05677476 	 Best VMSE: 0.05390656
[2020-10-23 13:36:31] IELM.cv6: Checkpoint saved to experiments/normal/ar1/IELM_ar1_h1
[2020-10-23 13:36:31] IELM.cv6: Hidden size: 47 	 
Training MSE: 0.07802724 	 Validating MSE: 0.05736697 	 Best VMSE: 0.05390656
[2020-10-23 13:36:31] IELM.cv6: Checkpoint saved to experiments/normal/ar1/IELM_ar1_h1
[2020-10-23 13:36:31] IELM.cv6: Hidden size: 48 	 
Training MSE: 0.07797189 	 Validating MSE: 0.05926007 	 Best VMSE: 0.05390656
[2020-10-23 13:36:31] IELM.cv6: Checkpoint saved to experiments/normal/ar1/IELM_ar1_h1
[2020-10-23 13:36:31] IELM.cv6: Hidden size: 49 	 
Training MSE: 0.07781954 	 Validating MSE: 0.06041721 	 Best VMSE: 0.05390656
[2020-10-23 13:36:31] IELM.cv6: Checkpoint saved to experiments/normal/ar1/IELM_ar1_h1
[2020-10-23 13:36:31] IELM.cv6: Hidden size: 50 	 
Training MSE: 0.07780021 	 Validating MSE: 0.06079385 	 Best VMSE: 0.05390656
[2020-10-23 13:36:31] IELM.cv6: Checkpoint saved to experiments/normal/ar1/IELM_ar1_h1
[2020-10-23 13:36:31] IELM.cv6: Hidden size: 51 	 
Training MSE: 0.07629093 	 Validating MSE: 0.04770721 	 Best VMSE: 0.05390656
[2020-10-23 13:36:31] IELM.cv6: Found new best state
[2020-10-23 13:36:31] IELM.cv6: Best vmse: 0.0477
[2020-10-23 13:36:31] IELM.cv6: Checkpoint saved to experiments/normal/ar1/IELM_ar1_h1
[2020-10-23 13:36:31] IELM.cv6: Hidden size: 52 	 
Training MSE: 0.07555500 	 Validating MSE: 0.04910298 	 Best VMSE: 0.04770721
[2020-10-23 13:36:31] IELM.cv6: Checkpoint saved to experiments/normal/ar1/IELM_ar1_h1
[2020-10-23 13:36:31] IELM.cv6: Hidden size: 53 	 
Training MSE: 0.07540938 	 Validating MSE: 0.04804505 	 Best VMSE: 0.04770721
[2020-10-23 13:36:31] IELM.cv6: Checkpoint saved to experiments/normal/ar1/IELM_ar1_h1
[2020-10-23 13:36:31] IELM.cv6: Hidden size: 54 	 
Training MSE: 0.07514481 	 Validating MSE: 0.04841331 	 Best VMSE: 0.04770721
[2020-10-23 13:36:31] IELM.cv6: Checkpoint saved to experiments/normal/ar1/IELM_ar1_h1
[2020-10-23 13:36:31] IELM.cv6: Hidden size: 55 	 
Training MSE: 0.07243706 	 Validating MSE: 0.06658670 	 Best VMSE: 0.04770721
[2020-10-23 13:36:31] IELM.cv6: Checkpoint saved to experiments/normal/ar1/IELM_ar1_h1
[2020-10-23 13:36:31] IELM.cv6: Hidden size: 56 	 
Training MSE: 0.07138439 	 Validating MSE: 0.05310568 	 Best VMSE: 0.04770721
[2020-10-23 13:36:31] IELM.cv6: Checkpoint saved to experiments/normal/ar1/IELM_ar1_h1
[2020-10-23 13:36:31] IELM.cv6: Hidden size: 57 	 
Training MSE: 0.07100561 	 Validating MSE: 0.05850840 	 Best VMSE: 0.04770721
[2020-10-23 13:36:31] IELM.cv6: Checkpoint saved to experiments/normal/ar1/IELM_ar1_h1
[2020-10-23 13:36:31] IELM.cv6: Hidden size: 58 	 
Training MSE: 0.06988415 	 Validating MSE: 0.05251466 	 Best VMSE: 0.04770721
[2020-10-23 13:36:31] IELM.cv6: Checkpoint saved to experiments/normal/ar1/IELM_ar1_h1
[2020-10-23 13:36:31] IELM.cv6: Hidden size: 59 	 
Training MSE: 0.06986015 	 Validating MSE: 0.05329921 	 Best VMSE: 0.04770721
[2020-10-23 13:36:31] IELM.cv6: Checkpoint saved to experiments/normal/ar1/IELM_ar1_h1
[2020-10-23 13:36:31] IELM.cv6: Hidden size: 60 	 
Training MSE: 0.06984925 	 Validating MSE: 0.05291161 	 Best VMSE: 0.04770721
[2020-10-23 13:36:31] IELM.cv6: Checkpoint saved to experiments/normal/ar1/IELM_ar1_h1
[2020-10-23 13:36:31] IELM.cv6: Hidden size: 61 	 
Training MSE: 0.06950276 	 Validating MSE: 0.05696528 	 Best VMSE: 0.04770721
[2020-10-23 13:36:31] IELM.cv6: Checkpoint saved to experiments/normal/ar1/IELM_ar1_h1
[2020-10-23 13:36:31] IELM.cv6: Hidden size: 62 	 
Training MSE: 0.06948689 	 Validating MSE: 0.05582995 	 Best VMSE: 0.04770721
[2020-10-23 13:36:31] IELM.cv6: Checkpoint saved to experiments/normal/ar1/IELM_ar1_h1
[2020-10-23 13:36:31] IELM.cv6: Hidden size: 63 	 
Training MSE: 0.06922431 	 Validating MSE: 0.05267917 	 Best VMSE: 0.04770721
[2020-10-23 13:36:31] IELM.cv6: Checkpoint saved to experiments/normal/ar1/IELM_ar1_h1
[2020-10-23 13:36:31] IELM.cv6: Hidden size: 64 	 
Training MSE: 0.06885996 	 Validating MSE: 0.06028041 	 Best VMSE: 0.04770721
[2020-10-23 13:36:31] IELM.cv6: Checkpoint saved to experiments/normal/ar1/IELM_ar1_h1
[2020-10-23 13:36:31] IELM.cv6: Hidden size: 65 	 
Training MSE: 0.06883047 	 Validating MSE: 0.05866558 	 Best VMSE: 0.04770721
[2020-10-23 13:36:31] IELM.cv6: Checkpoint saved to experiments/normal/ar1/IELM_ar1_h1
[2020-10-23 13:36:31] IELM.cv6: Hidden size: 66 	 
Training MSE: 0.06878173 	 Validating MSE: 0.05798187 	 Best VMSE: 0.04770721
[2020-10-23 13:36:31] IELM.cv6: Checkpoint saved to experiments/normal/ar1/IELM_ar1_h1
[2020-10-23 13:36:31] IELM.cv6: Hidden size: 67 	 
Training MSE: 0.06876671 	 Validating MSE: 0.05779463 	 Best VMSE: 0.04770721
[2020-10-23 13:36:31] IELM.cv6: Checkpoint saved to experiments/normal/ar1/IELM_ar1_h1
[2020-10-23 13:36:31] IELM.cv6: Hidden size: 68 	 
Training MSE: 0.06827608 	 Validating MSE: 0.06203339 	 Best VMSE: 0.04770721
[2020-10-23 13:36:31] IELM.cv6: Checkpoint saved to experiments/normal/ar1/IELM_ar1_h1
[2020-10-23 13:36:31] IELM.cv6: Hidden size: 69 	 
Training MSE: 0.06568947 	 Validating MSE: 0.04713333 	 Best VMSE: 0.04770721
[2020-10-23 13:36:31] IELM.cv6: Found new best state
[2020-10-23 13:36:31] IELM.cv6: Best vmse: 0.0471
[2020-10-23 13:36:31] IELM.cv6: Checkpoint saved to experiments/normal/ar1/IELM_ar1_h1
[2020-10-23 13:36:31] IELM.cv6: Hidden size: 70 	 
Training MSE: 0.06506241 	 Validating MSE: 0.05062769 	 Best VMSE: 0.04713333
[2020-10-23 13:36:31] IELM.cv6: Checkpoint saved to experiments/normal/ar1/IELM_ar1_h1
[2020-10-23 13:36:31] IELM.cv6: Hidden size: 71 	 
Training MSE: 0.06501157 	 Validating MSE: 0.04930138 	 Best VMSE: 0.04713333
[2020-10-23 13:36:31] IELM.cv6: Checkpoint saved to experiments/normal/ar1/IELM_ar1_h1
[2020-10-23 13:36:31] IELM.cv6: Hidden size: 72 	 
Training MSE: 0.06499750 	 Validating MSE: 0.04989089 	 Best VMSE: 0.04713333
[2020-10-23 13:36:31] IELM.cv6: Checkpoint saved to experiments/normal/ar1/IELM_ar1_h1
[2020-10-23 13:36:31] IELM.cv6: Hidden size: 73 	 
Training MSE: 0.06498028 	 Validating MSE: 0.05101072 	 Best VMSE: 0.04713333
[2020-10-23 13:36:31] IELM.cv6: Checkpoint saved to experiments/normal/ar1/IELM_ar1_h1
[2020-10-23 13:36:31] IELM.cv6: Hidden size: 74 	 
Training MSE: 0.06434447 	 Validating MSE: 0.04389492 	 Best VMSE: 0.04713333
[2020-10-23 13:36:31] IELM.cv6: Found new best state
[2020-10-23 13:36:31] IELM.cv6: Best vmse: 0.0439
[2020-10-23 13:36:31] IELM.cv6: Checkpoint saved to experiments/normal/ar1/IELM_ar1_h1
[2020-10-23 13:36:31] IELM.cv6: Hidden size: 75 	 
Training MSE: 0.06343090 	 Validating MSE: 0.04578367 	 Best VMSE: 0.04389492
[2020-10-23 13:36:31] IELM.cv6: Checkpoint saved to experiments/normal/ar1/IELM_ar1_h1
[2020-10-23 13:36:32] IELM.cv6: Hidden size: 76 	 
Training MSE: 0.06317940 	 Validating MSE: 0.04345313 	 Best VMSE: 0.04389492
[2020-10-23 13:36:32] IELM.cv6: Found new best state
[2020-10-23 13:36:32] IELM.cv6: Best vmse: 0.0435
[2020-10-23 13:36:32] IELM.cv6: Checkpoint saved to experiments/normal/ar1/IELM_ar1_h1
[2020-10-23 13:36:32] IELM.cv6: Hidden size: 77 	 
Training MSE: 0.06246984 	 Validating MSE: 0.04854735 	 Best VMSE: 0.04345313
[2020-10-23 13:36:32] IELM.cv6: Checkpoint saved to experiments/normal/ar1/IELM_ar1_h1
[2020-10-23 13:36:32] IELM.cv6: Hidden size: 78 	 
Training MSE: 0.06246477 	 Validating MSE: 0.04820226 	 Best VMSE: 0.04345313
[2020-10-23 13:36:32] IELM.cv6: Checkpoint saved to experiments/normal/ar1/IELM_ar1_h1
[2020-10-23 13:36:32] IELM.cv6: Hidden size: 79 	 
Training MSE: 0.06245852 	 Validating MSE: 0.04843058 	 Best VMSE: 0.04345313
[2020-10-23 13:36:32] IELM.cv6: Checkpoint saved to experiments/normal/ar1/IELM_ar1_h1
[2020-10-23 13:36:32] IELM.cv6: Hidden size: 80 	 
Training MSE: 0.06243073 	 Validating MSE: 0.04892417 	 Best VMSE: 0.04345313
[2020-10-23 13:36:32] IELM.cv6: Checkpoint saved to experiments/normal/ar1/IELM_ar1_h1
[2020-10-23 13:36:32] IELM.cv6: Hidden size: 81 	 
Training MSE: 0.06221100 	 Validating MSE: 0.04799936 	 Best VMSE: 0.04345313
[2020-10-23 13:36:32] IELM.cv6: Checkpoint saved to experiments/normal/ar1/IELM_ar1_h1
[2020-10-23 13:36:32] IELM.cv6: Hidden size: 82 	 
Training MSE: 0.06219881 	 Validating MSE: 0.04710229 	 Best VMSE: 0.04345313
[2020-10-23 13:36:32] IELM.cv6: Checkpoint saved to experiments/normal/ar1/IELM_ar1_h1
[2020-10-23 13:36:32] IELM.cv6: Hidden size: 83 	 
Training MSE: 0.06219444 	 Validating MSE: 0.04734696 	 Best VMSE: 0.04345313
[2020-10-23 13:36:32] IELM.cv6: Checkpoint saved to experiments/normal/ar1/IELM_ar1_h1
[2020-10-23 13:36:32] IELM.cv6: Hidden size: 84 	 
Training MSE: 0.06219413 	 Validating MSE: 0.04726134 	 Best VMSE: 0.04345313
[2020-10-23 13:36:32] IELM.cv6: Checkpoint saved to experiments/normal/ar1/IELM_ar1_h1
[2020-10-23 13:36:32] IELM.cv6: Hidden size: 85 	 
Training MSE: 0.06219368 	 Validating MSE: 0.04718158 	 Best VMSE: 0.04345313
[2020-10-23 13:36:32] IELM.cv6: Checkpoint saved to experiments/normal/ar1/IELM_ar1_h1
[2020-10-23 13:36:32] IELM.cv6: Hidden size: 86 	 
Training MSE: 0.06176598 	 Validating MSE: 0.04250686 	 Best VMSE: 0.04345313
[2020-10-23 13:36:32] IELM.cv6: Found new best state
[2020-10-23 13:36:32] IELM.cv6: Best vmse: 0.0425
[2020-10-23 13:36:32] IELM.cv6: Checkpoint saved to experiments/normal/ar1/IELM_ar1_h1
[2020-10-23 13:36:32] IELM.cv6: Hidden size: 87 	 
Training MSE: 0.05994475 	 Validating MSE: 0.05485376 	 Best VMSE: 0.04250686
[2020-10-23 13:36:32] IELM.cv6: Checkpoint saved to experiments/normal/ar1/IELM_ar1_h1
[2020-10-23 13:36:32] IELM.cv6: Hidden size: 88 	 
Training MSE: 0.05994475 	 Validating MSE: 0.05484210 	 Best VMSE: 0.04250686
[2020-10-23 13:36:32] IELM.cv6: Checkpoint saved to experiments/normal/ar1/IELM_ar1_h1
[2020-10-23 13:36:32] IELM.cv6: Hidden size: 89 	 
Training MSE: 0.05990469 	 Validating MSE: 0.05428451 	 Best VMSE: 0.04250686
[2020-10-23 13:36:32] IELM.cv6: Checkpoint saved to experiments/normal/ar1/IELM_ar1_h1
[2020-10-23 13:36:32] IELM.cv6: Hidden size: 90 	 
Training MSE: 0.05959681 	 Validating MSE: 0.04672798 	 Best VMSE: 0.04250686
[2020-10-23 13:36:32] IELM.cv6: Checkpoint saved to experiments/normal/ar1/IELM_ar1_h1
[2020-10-23 13:36:32] IELM.cv6: Hidden size: 91 	 
Training MSE: 0.05945988 	 Validating MSE: 0.04905694 	 Best VMSE: 0.04250686
[2020-10-23 13:36:32] IELM.cv6: Checkpoint saved to experiments/normal/ar1/IELM_ar1_h1
[2020-10-23 13:36:32] IELM.cv6: Hidden size: 92 	 
Training MSE: 0.05912724 	 Validating MSE: 0.05020618 	 Best VMSE: 0.04250686
[2020-10-23 13:36:32] IELM.cv6: Checkpoint saved to experiments/normal/ar1/IELM_ar1_h1
[2020-10-23 13:36:32] IELM.cv6: Hidden size: 93 	 
Training MSE: 0.05894833 	 Validating MSE: 0.04755197 	 Best VMSE: 0.04250686
[2020-10-23 13:36:32] IELM.cv6: Checkpoint saved to experiments/normal/ar1/IELM_ar1_h1
[2020-10-23 13:36:32] IELM.cv6: Hidden size: 94 	 
Training MSE: 0.05890963 	 Validating MSE: 0.04845051 	 Best VMSE: 0.04250686
[2020-10-23 13:36:32] IELM.cv6: Checkpoint saved to experiments/normal/ar1/IELM_ar1_h1
[2020-10-23 13:36:32] IELM.cv6: Hidden size: 95 	 
Training MSE: 0.05889689 	 Validating MSE: 0.04832729 	 Best VMSE: 0.04250686
[2020-10-23 13:36:32] IELM.cv6: Checkpoint saved to experiments/normal/ar1/IELM_ar1_h1
[2020-10-23 13:36:32] IELM.cv6: Hidden size: 96 	 
Training MSE: 0.05866650 	 Validating MSE: 0.04561723 	 Best VMSE: 0.04250686
[2020-10-23 13:36:32] IELM.cv6: Checkpoint saved to experiments/normal/ar1/IELM_ar1_h1
[2020-10-23 13:36:32] IELM.cv6: Hidden size: 97 	 
Training MSE: 0.05842917 	 Validating MSE: 0.04696337 	 Best VMSE: 0.04250686
[2020-10-23 13:36:32] IELM.cv6: Checkpoint saved to experiments/normal/ar1/IELM_ar1_h1
[2020-10-23 13:36:32] IELM.cv6: Hidden size: 98 	 
Training MSE: 0.05840284 	 Validating MSE: 0.04674296 	 Best VMSE: 0.04250686
[2020-10-23 13:36:32] IELM.cv6: Checkpoint saved to experiments/normal/ar1/IELM_ar1_h1
[2020-10-23 13:36:32] IELM.cv6: Hidden size: 99 	 
Training MSE: 0.05824840 	 Validating MSE: 0.04464224 	 Best VMSE: 0.04250686
[2020-10-23 13:36:32] IELM.cv6: Checkpoint saved to experiments/normal/ar1/IELM_ar1_h1
[2020-10-23 13:36:32] IELM.cv6: Hidden size: 100 	 
Training MSE: 0.05809229 	 Validating MSE: 0.04189568 	 Best VMSE: 0.04250686
[2020-10-23 13:36:32] IELM.cv6: Found new best state
[2020-10-23 13:36:32] IELM.cv6: Best vmse: 0.0419
[2020-10-23 13:36:32] IELM.cv6: Checkpoint saved to experiments/normal/ar1/IELM_ar1_h1
[2020-10-23 13:36:32] IELM.cv6: Restoring best parameters from experiments/normal/ar1/IELM_ar1_h1/train.cv6.pth.tar
[2020-10-23 13:36:32] IELM.cv6: ar1	 H: 1	 Trail: 19 
Testing RMSE: 0.5053 	 MAPE: 0.09136 	 SMAPE: 0.04867
