[2020-10-23 13:38:06] IELM.cv18: Loading the datasets and model for 54th-batch-training
[2020-10-23 13:38:06] IELM.cv18: Argument hidden_size: 100
[2020-10-23 13:38:06] IELM.cv18: Argument candidate_size: 300
[2020-10-23 13:38:06] IELM.cv18: Argument Lambdas: [0.5, 1, 5, 15, 30, 50, 100, 150, 200]
[2020-10-23 13:38:06] IELM.cv18: Argument Lambdas_std: [0.01, 0.05, 0.1, 0.5, 1]
[2020-10-23 13:38:06] IELM.cv18: Argument r: [0.8, 0.9, 0.99, 0.9999, 0.999999]
[2020-10-23 13:38:06] IELM.cv18: Argument tolerance: 0
[2020-10-23 13:38:06] IELM.cv18: Argument device: device(type='cuda')
[2020-10-23 13:38:06] IELM.cv18: Argument dataset: 'ar1'
[2020-10-23 13:38:06] IELM.cv18: Argument H: 1
[2020-10-23 13:38:06] IELM.cv18: Argument k: 5
[2020-10-23 13:38:06] IELM.cv18: Argument test: False
[2020-10-23 13:38:06] IELM.cv18: Argument normal: True
[2020-10-23 13:38:06] IELM.cv18: Argument diff: False
[2020-10-23 13:38:06] IELM.cv18: Argument times: 60
[2020-10-23 13:38:06] IELM.cv18: Argument datasets: {'ar1': {'lag_order': 15, 'normal': True, 'cov_dim': 0, 'kernel_size': 3}, 'wti': {'lag_order': 25, 'normal': True, 'cov_dim': 0, 'kernel_size': 5}, 'gold': {'lag_order': 25, 'normal': True, 'cov_dim': 0, 'kernel_size': 5}, 'sp': {'lag_order': 25, 'normal': True, 'cov_dim': 0, 'kernel_size': 5}, 'brent': {'lag_order': 24, 'normal': True, 'cov_dim': 0, 'kernel_size': 6}, 'sili': {'lag_order': 26, 'normal': True, 'cov_dim': 0, 'kernel_size': 6}}
[2020-10-23 13:38:06] IELM.cv18: Argument steps: 15
[2020-10-23 13:38:06] IELM.cv18: Argument experiment: 'experiments/normal/ar1'
[2020-10-23 13:38:06] IELM.cv18: Argument scaler: StandardScaler()
[2020-10-23 13:38:06] IELM.cv18: Argument model_name: 'IELM_ar1_h1'
[2020-10-23 13:38:06] IELM.cv18: Argument model_dir: 'experiments/normal/ar1/IELM_ar1_h1'
[2020-10-23 13:38:06] IELM.cv18: Argument restore: True
[2020-10-23 13:38:06] IELM.cv18: Argument cv: 18
[2020-10-23 13:38:06] IELM.cv18: Argument plot_dir: 'experiments/normal/ar1/IELM_ar1_h1/figures'
[2020-10-23 13:38:06] IELM.cv18: Using Cuda...
[2020-10-23 13:38:06] IELM.cv18: Loading complete.
[2020-10-23 13:38:06] IELM.cv18: Model: 
IELM(
  (loss_fn): MSELoss()
)
[2020-10-23 13:38:06] IELM.cv18: Hidden size: 1 	 
Training MSE: 0.35690606 	 Validating MSE: 2.31669426 	 Best VMSE: 9999.00000000
[2020-10-23 13:38:06] IELM.cv18: Found new best state
[2020-10-23 13:38:06] IELM.cv18: Best vmse: 2.3167
[2020-10-23 13:38:06] IELM.cv18: Checkpoint saved to experiments/normal/ar1/IELM_ar1_h1
[2020-10-23 13:38:06] IELM.cv18: Hidden size: 2 	 
Training MSE: 0.32884905 	 Validating MSE: 2.49803543 	 Best VMSE: 2.31669426
[2020-10-23 13:38:06] IELM.cv18: Checkpoint saved to experiments/normal/ar1/IELM_ar1_h1
[2020-10-23 13:38:06] IELM.cv18: Hidden size: 3 	 
Training MSE: 0.32328752 	 Validating MSE: 2.30151439 	 Best VMSE: 2.31669426
[2020-10-23 13:38:06] IELM.cv18: Found new best state
[2020-10-23 13:38:06] IELM.cv18: Best vmse: 2.3015
[2020-10-23 13:38:06] IELM.cv18: Checkpoint saved to experiments/normal/ar1/IELM_ar1_h1
[2020-10-23 13:38:07] IELM.cv18: Hidden size: 4 	 
Training MSE: 0.30165634 	 Validating MSE: 1.49020016 	 Best VMSE: 2.30151439
[2020-10-23 13:38:07] IELM.cv18: Found new best state
[2020-10-23 13:38:07] IELM.cv18: Best vmse: 1.4902
[2020-10-23 13:38:07] IELM.cv18: Checkpoint saved to experiments/normal/ar1/IELM_ar1_h1
[2020-10-23 13:38:07] IELM.cv18: Hidden size: 5 	 
Training MSE: 0.27073649 	 Validating MSE: 1.64517486 	 Best VMSE: 1.49020016
[2020-10-23 13:38:07] IELM.cv18: Checkpoint saved to experiments/normal/ar1/IELM_ar1_h1
[2020-10-23 13:38:07] IELM.cv18: Hidden size: 6 	 
Training MSE: 0.26940423 	 Validating MSE: 1.53074801 	 Best VMSE: 1.49020016
[2020-10-23 13:38:07] IELM.cv18: Checkpoint saved to experiments/normal/ar1/IELM_ar1_h1
[2020-10-23 13:38:07] IELM.cv18: Hidden size: 7 	 
Training MSE: 0.23835243 	 Validating MSE: 0.86277813 	 Best VMSE: 1.49020016
[2020-10-23 13:38:07] IELM.cv18: Found new best state
[2020-10-23 13:38:07] IELM.cv18: Best vmse: 0.8628
[2020-10-23 13:38:07] IELM.cv18: Checkpoint saved to experiments/normal/ar1/IELM_ar1_h1
[2020-10-23 13:38:07] IELM.cv18: Hidden size: 8 	 
Training MSE: 0.23432282 	 Validating MSE: 0.59225494 	 Best VMSE: 0.86277813
[2020-10-23 13:38:07] IELM.cv18: Found new best state
[2020-10-23 13:38:07] IELM.cv18: Best vmse: 0.5923
[2020-10-23 13:38:07] IELM.cv18: Checkpoint saved to experiments/normal/ar1/IELM_ar1_h1
[2020-10-23 13:38:07] IELM.cv18: Hidden size: 9 	 
Training MSE: 0.23114397 	 Validating MSE: 0.77142906 	 Best VMSE: 0.59225494
[2020-10-23 13:38:07] IELM.cv18: Checkpoint saved to experiments/normal/ar1/IELM_ar1_h1
[2020-10-23 13:38:07] IELM.cv18: Hidden size: 10 	 
Training MSE: 0.20108214 	 Validating MSE: 0.94918329 	 Best VMSE: 0.59225494
[2020-10-23 13:38:07] IELM.cv18: Checkpoint saved to experiments/normal/ar1/IELM_ar1_h1
[2020-10-23 13:38:07] IELM.cv18: Hidden size: 11 	 
Training MSE: 0.19847015 	 Validating MSE: 0.86538517 	 Best VMSE: 0.59225494
[2020-10-23 13:38:07] IELM.cv18: Checkpoint saved to experiments/normal/ar1/IELM_ar1_h1
[2020-10-23 13:38:07] IELM.cv18: Hidden size: 12 	 
Training MSE: 0.19721267 	 Validating MSE: 0.91229445 	 Best VMSE: 0.59225494
[2020-10-23 13:38:07] IELM.cv18: Checkpoint saved to experiments/normal/ar1/IELM_ar1_h1
[2020-10-23 13:38:07] IELM.cv18: Hidden size: 13 	 
Training MSE: 0.19694386 	 Validating MSE: 0.87924671 	 Best VMSE: 0.59225494
[2020-10-23 13:38:07] IELM.cv18: Checkpoint saved to experiments/normal/ar1/IELM_ar1_h1
[2020-10-23 13:38:07] IELM.cv18: Hidden size: 14 	 
Training MSE: 0.19676235 	 Validating MSE: 0.84469527 	 Best VMSE: 0.59225494
[2020-10-23 13:38:07] IELM.cv18: Checkpoint saved to experiments/normal/ar1/IELM_ar1_h1
[2020-10-23 13:38:07] IELM.cv18: Hidden size: 15 	 
Training MSE: 0.19669670 	 Validating MSE: 0.85544181 	 Best VMSE: 0.59225494
[2020-10-23 13:38:07] IELM.cv18: Checkpoint saved to experiments/normal/ar1/IELM_ar1_h1
[2020-10-23 13:38:07] IELM.cv18: Hidden size: 16 	 
Training MSE: 0.19657044 	 Validating MSE: 0.86957860 	 Best VMSE: 0.59225494
[2020-10-23 13:38:07] IELM.cv18: Checkpoint saved to experiments/normal/ar1/IELM_ar1_h1
[2020-10-23 13:38:07] IELM.cv18: Hidden size: 17 	 
Training MSE: 0.19581452 	 Validating MSE: 0.88922101 	 Best VMSE: 0.59225494
[2020-10-23 13:38:07] IELM.cv18: Checkpoint saved to experiments/normal/ar1/IELM_ar1_h1
[2020-10-23 13:38:07] IELM.cv18: Hidden size: 18 	 
Training MSE: 0.19303119 	 Validating MSE: 0.78798175 	 Best VMSE: 0.59225494
[2020-10-23 13:38:07] IELM.cv18: Checkpoint saved to experiments/normal/ar1/IELM_ar1_h1
[2020-10-23 13:38:07] IELM.cv18: Hidden size: 19 	 
Training MSE: 0.19192025 	 Validating MSE: 0.70286000 	 Best VMSE: 0.59225494
[2020-10-23 13:38:07] IELM.cv18: Checkpoint saved to experiments/normal/ar1/IELM_ar1_h1
[2020-10-23 13:38:07] IELM.cv18: Hidden size: 20 	 
Training MSE: 0.18342778 	 Validating MSE: 0.45240021 	 Best VMSE: 0.59225494
[2020-10-23 13:38:07] IELM.cv18: Found new best state
[2020-10-23 13:38:07] IELM.cv18: Best vmse: 0.4524
[2020-10-23 13:38:07] IELM.cv18: Checkpoint saved to experiments/normal/ar1/IELM_ar1_h1
[2020-10-23 13:38:07] IELM.cv18: Hidden size: 21 	 
Training MSE: 0.18014517 	 Validating MSE: 0.28467292 	 Best VMSE: 0.45240021
[2020-10-23 13:38:07] IELM.cv18: Found new best state
[2020-10-23 13:38:07] IELM.cv18: Best vmse: 0.2847
[2020-10-23 13:38:07] IELM.cv18: Checkpoint saved to experiments/normal/ar1/IELM_ar1_h1
[2020-10-23 13:38:07] IELM.cv18: Hidden size: 22 	 
Training MSE: 0.13875584 	 Validating MSE: 0.47279829 	 Best VMSE: 0.28467292
[2020-10-23 13:38:07] IELM.cv18: Checkpoint saved to experiments/normal/ar1/IELM_ar1_h1
[2020-10-23 13:38:07] IELM.cv18: Hidden size: 23 	 
Training MSE: 0.13765095 	 Validating MSE: 0.41622931 	 Best VMSE: 0.28467292
[2020-10-23 13:38:07] IELM.cv18: Checkpoint saved to experiments/normal/ar1/IELM_ar1_h1
[2020-10-23 13:38:07] IELM.cv18: Hidden size: 24 	 
Training MSE: 0.13627307 	 Validating MSE: 0.33844897 	 Best VMSE: 0.28467292
[2020-10-23 13:38:07] IELM.cv18: Checkpoint saved to experiments/normal/ar1/IELM_ar1_h1
[2020-10-23 13:38:07] IELM.cv18: Hidden size: 25 	 
Training MSE: 0.13499217 	 Validating MSE: 0.24107891 	 Best VMSE: 0.28467292
[2020-10-23 13:38:07] IELM.cv18: Found new best state
[2020-10-23 13:38:07] IELM.cv18: Best vmse: 0.2411
[2020-10-23 13:38:07] IELM.cv18: Checkpoint saved to experiments/normal/ar1/IELM_ar1_h1
[2020-10-23 13:38:07] IELM.cv18: Hidden size: 26 	 
Training MSE: 0.13313529 	 Validating MSE: 0.31995431 	 Best VMSE: 0.24107891
[2020-10-23 13:38:07] IELM.cv18: Checkpoint saved to experiments/normal/ar1/IELM_ar1_h1
[2020-10-23 13:38:07] IELM.cv18: Hidden size: 27 	 
Training MSE: 0.12614363 	 Validating MSE: 0.33865422 	 Best VMSE: 0.24107891
[2020-10-23 13:38:07] IELM.cv18: Checkpoint saved to experiments/normal/ar1/IELM_ar1_h1
[2020-10-23 13:38:07] IELM.cv18: Hidden size: 28 	 
Training MSE: 0.11920635 	 Validating MSE: 0.20570242 	 Best VMSE: 0.24107891
[2020-10-23 13:38:07] IELM.cv18: Found new best state
[2020-10-23 13:38:07] IELM.cv18: Best vmse: 0.2057
[2020-10-23 13:38:07] IELM.cv18: Checkpoint saved to experiments/normal/ar1/IELM_ar1_h1
[2020-10-23 13:38:07] IELM.cv18: Hidden size: 29 	 
Training MSE: 0.11581055 	 Validating MSE: 0.22675331 	 Best VMSE: 0.20570242
[2020-10-23 13:38:07] IELM.cv18: Checkpoint saved to experiments/normal/ar1/IELM_ar1_h1
[2020-10-23 13:38:07] IELM.cv18: Hidden size: 30 	 
Training MSE: 0.10601029 	 Validating MSE: 0.09163636 	 Best VMSE: 0.20570242
[2020-10-23 13:38:07] IELM.cv18: Found new best state
[2020-10-23 13:38:07] IELM.cv18: Best vmse: 0.0916
[2020-10-23 13:38:07] IELM.cv18: Checkpoint saved to experiments/normal/ar1/IELM_ar1_h1
[2020-10-23 13:38:07] IELM.cv18: Hidden size: 31 	 
Training MSE: 0.09805507 	 Validating MSE: 0.09445401 	 Best VMSE: 0.09163636
[2020-10-23 13:38:07] IELM.cv18: Checkpoint saved to experiments/normal/ar1/IELM_ar1_h1
[2020-10-23 13:38:07] IELM.cv18: Hidden size: 32 	 
Training MSE: 0.09778332 	 Validating MSE: 0.09086298 	 Best VMSE: 0.09163636
[2020-10-23 13:38:07] IELM.cv18: Found new best state
[2020-10-23 13:38:07] IELM.cv18: Best vmse: 0.0909
[2020-10-23 13:38:07] IELM.cv18: Checkpoint saved to experiments/normal/ar1/IELM_ar1_h1
[2020-10-23 13:38:07] IELM.cv18: Hidden size: 33 	 
Training MSE: 0.09753971 	 Validating MSE: 0.08383749 	 Best VMSE: 0.09086298
[2020-10-23 13:38:07] IELM.cv18: Found new best state
[2020-10-23 13:38:07] IELM.cv18: Best vmse: 0.0838
[2020-10-23 13:38:07] IELM.cv18: Checkpoint saved to experiments/normal/ar1/IELM_ar1_h1
[2020-10-23 13:38:07] IELM.cv18: Hidden size: 34 	 
Training MSE: 0.09750354 	 Validating MSE: 0.08429807 	 Best VMSE: 0.08383749
[2020-10-23 13:38:07] IELM.cv18: Checkpoint saved to experiments/normal/ar1/IELM_ar1_h1
[2020-10-23 13:38:07] IELM.cv18: Hidden size: 35 	 
Training MSE: 0.09747452 	 Validating MSE: 0.08343229 	 Best VMSE: 0.08383749
[2020-10-23 13:38:07] IELM.cv18: Found new best state
[2020-10-23 13:38:07] IELM.cv18: Best vmse: 0.0834
[2020-10-23 13:38:07] IELM.cv18: Checkpoint saved to experiments/normal/ar1/IELM_ar1_h1
[2020-10-23 13:38:07] IELM.cv18: Hidden size: 36 	 
Training MSE: 0.09744012 	 Validating MSE: 0.08218771 	 Best VMSE: 0.08343229
[2020-10-23 13:38:07] IELM.cv18: Found new best state
[2020-10-23 13:38:07] IELM.cv18: Best vmse: 0.0822
[2020-10-23 13:38:07] IELM.cv18: Checkpoint saved to experiments/normal/ar1/IELM_ar1_h1
[2020-10-23 13:38:07] IELM.cv18: Hidden size: 37 	 
Training MSE: 0.09730460 	 Validating MSE: 0.07917760 	 Best VMSE: 0.08218771
[2020-10-23 13:38:07] IELM.cv18: Found new best state
[2020-10-23 13:38:07] IELM.cv18: Best vmse: 0.0792
[2020-10-23 13:38:07] IELM.cv18: Checkpoint saved to experiments/normal/ar1/IELM_ar1_h1
[2020-10-23 13:38:07] IELM.cv18: Hidden size: 38 	 
Training MSE: 0.09498025 	 Validating MSE: 0.08121713 	 Best VMSE: 0.07917760
[2020-10-23 13:38:07] IELM.cv18: Checkpoint saved to experiments/normal/ar1/IELM_ar1_h1
[2020-10-23 13:38:07] IELM.cv18: Hidden size: 39 	 
Training MSE: 0.09305017 	 Validating MSE: 0.07139936 	 Best VMSE: 0.07917760
[2020-10-23 13:38:07] IELM.cv18: Found new best state
[2020-10-23 13:38:07] IELM.cv18: Best vmse: 0.0714
[2020-10-23 13:38:07] IELM.cv18: Checkpoint saved to experiments/normal/ar1/IELM_ar1_h1
[2020-10-23 13:38:08] IELM.cv18: Hidden size: 40 	 
Training MSE: 0.09298485 	 Validating MSE: 0.07178759 	 Best VMSE: 0.07139936
[2020-10-23 13:38:08] IELM.cv18: Checkpoint saved to experiments/normal/ar1/IELM_ar1_h1
[2020-10-23 13:38:08] IELM.cv18: Hidden size: 41 	 
Training MSE: 0.09253940 	 Validating MSE: 0.06883464 	 Best VMSE: 0.07139936
[2020-10-23 13:38:08] IELM.cv18: Found new best state
[2020-10-23 13:38:08] IELM.cv18: Best vmse: 0.0688
[2020-10-23 13:38:08] IELM.cv18: Checkpoint saved to experiments/normal/ar1/IELM_ar1_h1
[2020-10-23 13:38:08] IELM.cv18: Hidden size: 42 	 
Training MSE: 0.09209145 	 Validating MSE: 0.07176588 	 Best VMSE: 0.06883464
[2020-10-23 13:38:08] IELM.cv18: Checkpoint saved to experiments/normal/ar1/IELM_ar1_h1
[2020-10-23 13:38:08] IELM.cv18: Hidden size: 43 	 
Training MSE: 0.09016211 	 Validating MSE: 0.06504931 	 Best VMSE: 0.06883464
[2020-10-23 13:38:08] IELM.cv18: Found new best state
[2020-10-23 13:38:08] IELM.cv18: Best vmse: 0.0650
[2020-10-23 13:38:08] IELM.cv18: Checkpoint saved to experiments/normal/ar1/IELM_ar1_h1
[2020-10-23 13:38:08] IELM.cv18: Hidden size: 44 	 
Training MSE: 0.08781396 	 Validating MSE: 0.06445551 	 Best VMSE: 0.06504931
[2020-10-23 13:38:08] IELM.cv18: Found new best state
[2020-10-23 13:38:08] IELM.cv18: Best vmse: 0.0645
[2020-10-23 13:38:08] IELM.cv18: Checkpoint saved to experiments/normal/ar1/IELM_ar1_h1
[2020-10-23 13:38:08] IELM.cv18: Hidden size: 45 	 
Training MSE: 0.08556495 	 Validating MSE: 0.06286860 	 Best VMSE: 0.06445551
[2020-10-23 13:38:08] IELM.cv18: Found new best state
[2020-10-23 13:38:08] IELM.cv18: Best vmse: 0.0629
[2020-10-23 13:38:08] IELM.cv18: Checkpoint saved to experiments/normal/ar1/IELM_ar1_h1
[2020-10-23 13:38:08] IELM.cv18: Hidden size: 46 	 
Training MSE: 0.08198027 	 Validating MSE: 0.06121063 	 Best VMSE: 0.06286860
[2020-10-23 13:38:08] IELM.cv18: Found new best state
[2020-10-23 13:38:08] IELM.cv18: Best vmse: 0.0612
[2020-10-23 13:38:08] IELM.cv18: Checkpoint saved to experiments/normal/ar1/IELM_ar1_h1
[2020-10-23 13:38:08] IELM.cv18: Hidden size: 47 	 
Training MSE: 0.08168149 	 Validating MSE: 0.06170692 	 Best VMSE: 0.06121063
[2020-10-23 13:38:08] IELM.cv18: Checkpoint saved to experiments/normal/ar1/IELM_ar1_h1
[2020-10-23 13:38:08] IELM.cv18: Hidden size: 48 	 
Training MSE: 0.08060040 	 Validating MSE: 0.05939961 	 Best VMSE: 0.06121063
[2020-10-23 13:38:08] IELM.cv18: Found new best state
[2020-10-23 13:38:08] IELM.cv18: Best vmse: 0.0594
[2020-10-23 13:38:08] IELM.cv18: Checkpoint saved to experiments/normal/ar1/IELM_ar1_h1
[2020-10-23 13:38:08] IELM.cv18: Hidden size: 49 	 
Training MSE: 0.07948842 	 Validating MSE: 0.05911047 	 Best VMSE: 0.05939961
[2020-10-23 13:38:08] IELM.cv18: Found new best state
[2020-10-23 13:38:08] IELM.cv18: Best vmse: 0.0591
[2020-10-23 13:38:08] IELM.cv18: Checkpoint saved to experiments/normal/ar1/IELM_ar1_h1
[2020-10-23 13:38:08] IELM.cv18: Hidden size: 50 	 
Training MSE: 0.07943181 	 Validating MSE: 0.05907196 	 Best VMSE: 0.05911047
[2020-10-23 13:38:08] IELM.cv18: Found new best state
[2020-10-23 13:38:08] IELM.cv18: Best vmse: 0.0591
[2020-10-23 13:38:08] IELM.cv18: Checkpoint saved to experiments/normal/ar1/IELM_ar1_h1
[2020-10-23 13:38:08] IELM.cv18: Hidden size: 51 	 
Training MSE: 0.07917500 	 Validating MSE: 0.05923826 	 Best VMSE: 0.05907196
[2020-10-23 13:38:08] IELM.cv18: Checkpoint saved to experiments/normal/ar1/IELM_ar1_h1
[2020-10-23 13:38:08] IELM.cv18: Hidden size: 52 	 
Training MSE: 0.07908418 	 Validating MSE: 0.05897998 	 Best VMSE: 0.05907196
[2020-10-23 13:38:08] IELM.cv18: Found new best state
[2020-10-23 13:38:08] IELM.cv18: Best vmse: 0.0590
[2020-10-23 13:38:08] IELM.cv18: Checkpoint saved to experiments/normal/ar1/IELM_ar1_h1
[2020-10-23 13:38:08] IELM.cv18: Hidden size: 53 	 
Training MSE: 0.07907379 	 Validating MSE: 0.05881303 	 Best VMSE: 0.05897998
[2020-10-23 13:38:08] IELM.cv18: Found new best state
[2020-10-23 13:38:08] IELM.cv18: Best vmse: 0.0588
[2020-10-23 13:38:08] IELM.cv18: Checkpoint saved to experiments/normal/ar1/IELM_ar1_h1
[2020-10-23 13:38:08] IELM.cv18: Hidden size: 54 	 
Training MSE: 0.07907228 	 Validating MSE: 0.05878955 	 Best VMSE: 0.05881303
[2020-10-23 13:38:08] IELM.cv18: Found new best state
[2020-10-23 13:38:08] IELM.cv18: Best vmse: 0.0588
[2020-10-23 13:38:08] IELM.cv18: Checkpoint saved to experiments/normal/ar1/IELM_ar1_h1
[2020-10-23 13:38:08] IELM.cv18: Hidden size: 55 	 
Training MSE: 0.07857994 	 Validating MSE: 0.05893710 	 Best VMSE: 0.05878955
[2020-10-23 13:38:08] IELM.cv18: Checkpoint saved to experiments/normal/ar1/IELM_ar1_h1
[2020-10-23 13:38:08] IELM.cv18: Hidden size: 56 	 
Training MSE: 0.07824586 	 Validating MSE: 0.05839370 	 Best VMSE: 0.05878955
[2020-10-23 13:38:08] IELM.cv18: Found new best state
[2020-10-23 13:38:08] IELM.cv18: Best vmse: 0.0584
[2020-10-23 13:38:08] IELM.cv18: Checkpoint saved to experiments/normal/ar1/IELM_ar1_h1
[2020-10-23 13:38:08] IELM.cv18: Hidden size: 57 	 
Training MSE: 0.07742178 	 Validating MSE: 0.05797037 	 Best VMSE: 0.05839370
[2020-10-23 13:38:08] IELM.cv18: Found new best state
[2020-10-23 13:38:08] IELM.cv18: Best vmse: 0.0580
[2020-10-23 13:38:08] IELM.cv18: Checkpoint saved to experiments/normal/ar1/IELM_ar1_h1
[2020-10-23 13:38:08] IELM.cv18: Hidden size: 58 	 
Training MSE: 0.07646053 	 Validating MSE: 0.05695523 	 Best VMSE: 0.05797037
[2020-10-23 13:38:08] IELM.cv18: Found new best state
[2020-10-23 13:38:08] IELM.cv18: Best vmse: 0.0570
[2020-10-23 13:38:08] IELM.cv18: Checkpoint saved to experiments/normal/ar1/IELM_ar1_h1
[2020-10-23 13:38:08] IELM.cv18: Hidden size: 59 	 
Training MSE: 0.07577585 	 Validating MSE: 0.06397838 	 Best VMSE: 0.05695523
[2020-10-23 13:38:08] IELM.cv18: Checkpoint saved to experiments/normal/ar1/IELM_ar1_h1
[2020-10-23 13:38:08] IELM.cv18: Hidden size: 60 	 
Training MSE: 0.07571808 	 Validating MSE: 0.06133313 	 Best VMSE: 0.05695523
[2020-10-23 13:38:08] IELM.cv18: Checkpoint saved to experiments/normal/ar1/IELM_ar1_h1
[2020-10-23 13:38:08] IELM.cv18: Hidden size: 61 	 
Training MSE: 0.07537100 	 Validating MSE: 0.05987731 	 Best VMSE: 0.05695523
[2020-10-23 13:38:08] IELM.cv18: Checkpoint saved to experiments/normal/ar1/IELM_ar1_h1
[2020-10-23 13:38:08] IELM.cv18: Hidden size: 62 	 
Training MSE: 0.07536435 	 Validating MSE: 0.05907806 	 Best VMSE: 0.05695523
[2020-10-23 13:38:08] IELM.cv18: Checkpoint saved to experiments/normal/ar1/IELM_ar1_h1
[2020-10-23 13:38:08] IELM.cv18: Hidden size: 63 	 
Training MSE: 0.07453794 	 Validating MSE: 0.06397379 	 Best VMSE: 0.05695523
[2020-10-23 13:38:08] IELM.cv18: Checkpoint saved to experiments/normal/ar1/IELM_ar1_h1
[2020-10-23 13:38:08] IELM.cv18: Hidden size: 64 	 
Training MSE: 0.07425126 	 Validating MSE: 0.06211995 	 Best VMSE: 0.05695523
[2020-10-23 13:38:08] IELM.cv18: Checkpoint saved to experiments/normal/ar1/IELM_ar1_h1
[2020-10-23 13:38:08] IELM.cv18: Hidden size: 65 	 
Training MSE: 0.07423725 	 Validating MSE: 0.06268161 	 Best VMSE: 0.05695523
[2020-10-23 13:38:08] IELM.cv18: Checkpoint saved to experiments/normal/ar1/IELM_ar1_h1
[2020-10-23 13:38:08] IELM.cv18: Hidden size: 66 	 
Training MSE: 0.07418406 	 Validating MSE: 0.06422561 	 Best VMSE: 0.05695523
[2020-10-23 13:38:08] IELM.cv18: Checkpoint saved to experiments/normal/ar1/IELM_ar1_h1
[2020-10-23 13:38:08] IELM.cv18: Hidden size: 67 	 
Training MSE: 0.07372022 	 Validating MSE: 0.06059176 	 Best VMSE: 0.05695523
[2020-10-23 13:38:08] IELM.cv18: Checkpoint saved to experiments/normal/ar1/IELM_ar1_h1
[2020-10-23 13:38:08] IELM.cv18: Hidden size: 68 	 
Training MSE: 0.07368950 	 Validating MSE: 0.06224984 	 Best VMSE: 0.05695523
[2020-10-23 13:38:08] IELM.cv18: Checkpoint saved to experiments/normal/ar1/IELM_ar1_h1
[2020-10-23 13:38:08] IELM.cv18: Hidden size: 69 	 
Training MSE: 0.07367779 	 Validating MSE: 0.06267763 	 Best VMSE: 0.05695523
[2020-10-23 13:38:08] IELM.cv18: Checkpoint saved to experiments/normal/ar1/IELM_ar1_h1
[2020-10-23 13:38:08] IELM.cv18: Hidden size: 70 	 
Training MSE: 0.07317459 	 Validating MSE: 0.05588264 	 Best VMSE: 0.05695523
[2020-10-23 13:38:08] IELM.cv18: Found new best state
[2020-10-23 13:38:08] IELM.cv18: Best vmse: 0.0559
[2020-10-23 13:38:08] IELM.cv18: Checkpoint saved to experiments/normal/ar1/IELM_ar1_h1
[2020-10-23 13:38:08] IELM.cv18: Hidden size: 71 	 
Training MSE: 0.07304154 	 Validating MSE: 0.05703387 	 Best VMSE: 0.05588264
[2020-10-23 13:38:08] IELM.cv18: Checkpoint saved to experiments/normal/ar1/IELM_ar1_h1
[2020-10-23 13:38:08] IELM.cv18: Hidden size: 72 	 
Training MSE: 0.07148298 	 Validating MSE: 0.06305248 	 Best VMSE: 0.05588264
[2020-10-23 13:38:08] IELM.cv18: Checkpoint saved to experiments/normal/ar1/IELM_ar1_h1
[2020-10-23 13:38:08] IELM.cv18: Hidden size: 73 	 
Training MSE: 0.06786254 	 Validating MSE: 0.05257406 	 Best VMSE: 0.05588264
[2020-10-23 13:38:08] IELM.cv18: Found new best state
[2020-10-23 13:38:08] IELM.cv18: Best vmse: 0.0526
[2020-10-23 13:38:08] IELM.cv18: Checkpoint saved to experiments/normal/ar1/IELM_ar1_h1
[2020-10-23 13:38:08] IELM.cv18: Hidden size: 74 	 
Training MSE: 0.06763268 	 Validating MSE: 0.05499853 	 Best VMSE: 0.05257406
[2020-10-23 13:38:08] IELM.cv18: Checkpoint saved to experiments/normal/ar1/IELM_ar1_h1
[2020-10-23 13:38:08] IELM.cv18: Hidden size: 75 	 
Training MSE: 0.06716013 	 Validating MSE: 0.05896201 	 Best VMSE: 0.05257406
[2020-10-23 13:38:08] IELM.cv18: Checkpoint saved to experiments/normal/ar1/IELM_ar1_h1
[2020-10-23 13:38:08] IELM.cv18: Hidden size: 76 	 
Training MSE: 0.06714545 	 Validating MSE: 0.05854855 	 Best VMSE: 0.05257406
[2020-10-23 13:38:08] IELM.cv18: Checkpoint saved to experiments/normal/ar1/IELM_ar1_h1
[2020-10-23 13:38:09] IELM.cv18: Hidden size: 77 	 
Training MSE: 0.06683249 	 Validating MSE: 0.05948172 	 Best VMSE: 0.05257406
[2020-10-23 13:38:09] IELM.cv18: Checkpoint saved to experiments/normal/ar1/IELM_ar1_h1
[2020-10-23 13:38:09] IELM.cv18: Hidden size: 78 	 
Training MSE: 0.06527630 	 Validating MSE: 0.04886425 	 Best VMSE: 0.05257406
[2020-10-23 13:38:09] IELM.cv18: Found new best state
[2020-10-23 13:38:09] IELM.cv18: Best vmse: 0.0489
[2020-10-23 13:38:09] IELM.cv18: Checkpoint saved to experiments/normal/ar1/IELM_ar1_h1
[2020-10-23 13:38:09] IELM.cv18: Hidden size: 79 	 
Training MSE: 0.06526218 	 Validating MSE: 0.04872575 	 Best VMSE: 0.04886425
[2020-10-23 13:38:09] IELM.cv18: Found new best state
[2020-10-23 13:38:09] IELM.cv18: Best vmse: 0.0487
[2020-10-23 13:38:09] IELM.cv18: Checkpoint saved to experiments/normal/ar1/IELM_ar1_h1
[2020-10-23 13:38:09] IELM.cv18: Hidden size: 80 	 
Training MSE: 0.06506761 	 Validating MSE: 0.04924322 	 Best VMSE: 0.04872575
[2020-10-23 13:38:09] IELM.cv18: Checkpoint saved to experiments/normal/ar1/IELM_ar1_h1
[2020-10-23 13:38:09] IELM.cv18: Hidden size: 81 	 
Training MSE: 0.06496604 	 Validating MSE: 0.04957027 	 Best VMSE: 0.04872575
[2020-10-23 13:38:09] IELM.cv18: Checkpoint saved to experiments/normal/ar1/IELM_ar1_h1
[2020-10-23 13:38:09] IELM.cv18: Hidden size: 82 	 
Training MSE: 0.06334116 	 Validating MSE: 0.04725888 	 Best VMSE: 0.04872575
[2020-10-23 13:38:09] IELM.cv18: Found new best state
[2020-10-23 13:38:09] IELM.cv18: Best vmse: 0.0473
[2020-10-23 13:38:09] IELM.cv18: Checkpoint saved to experiments/normal/ar1/IELM_ar1_h1
[2020-10-23 13:38:09] IELM.cv18: Hidden size: 83 	 
Training MSE: 0.06066231 	 Validating MSE: 0.05012372 	 Best VMSE: 0.04725888
[2020-10-23 13:38:09] IELM.cv18: Checkpoint saved to experiments/normal/ar1/IELM_ar1_h1
[2020-10-23 13:38:09] IELM.cv18: Hidden size: 84 	 
Training MSE: 0.06032005 	 Validating MSE: 0.04778239 	 Best VMSE: 0.04725888
[2020-10-23 13:38:09] IELM.cv18: Checkpoint saved to experiments/normal/ar1/IELM_ar1_h1
[2020-10-23 13:38:09] IELM.cv18: Hidden size: 85 	 
Training MSE: 0.06029718 	 Validating MSE: 0.04798912 	 Best VMSE: 0.04725888
[2020-10-23 13:38:09] IELM.cv18: Checkpoint saved to experiments/normal/ar1/IELM_ar1_h1
[2020-10-23 13:38:09] IELM.cv18: Hidden size: 86 	 
Training MSE: 0.05948609 	 Validating MSE: 0.04719205 	 Best VMSE: 0.04725888
[2020-10-23 13:38:09] IELM.cv18: Found new best state
[2020-10-23 13:38:09] IELM.cv18: Best vmse: 0.0472
[2020-10-23 13:38:09] IELM.cv18: Checkpoint saved to experiments/normal/ar1/IELM_ar1_h1
[2020-10-23 13:38:09] IELM.cv18: Hidden size: 87 	 
Training MSE: 0.05929538 	 Validating MSE: 0.04689418 	 Best VMSE: 0.04719205
[2020-10-23 13:38:09] IELM.cv18: Found new best state
[2020-10-23 13:38:09] IELM.cv18: Best vmse: 0.0469
[2020-10-23 13:38:09] IELM.cv18: Checkpoint saved to experiments/normal/ar1/IELM_ar1_h1
[2020-10-23 13:38:09] IELM.cv18: Hidden size: 88 	 
Training MSE: 0.05914367 	 Validating MSE: 0.04957761 	 Best VMSE: 0.04689418
[2020-10-23 13:38:09] IELM.cv18: Checkpoint saved to experiments/normal/ar1/IELM_ar1_h1
[2020-10-23 13:38:09] IELM.cv18: Hidden size: 89 	 
Training MSE: 0.05911289 	 Validating MSE: 0.04955665 	 Best VMSE: 0.04689418
[2020-10-23 13:38:09] IELM.cv18: Checkpoint saved to experiments/normal/ar1/IELM_ar1_h1
[2020-10-23 13:38:09] IELM.cv18: Hidden size: 90 	 
Training MSE: 0.05901435 	 Validating MSE: 0.05406367 	 Best VMSE: 0.04689418
[2020-10-23 13:38:09] IELM.cv18: Checkpoint saved to experiments/normal/ar1/IELM_ar1_h1
[2020-10-23 13:38:09] IELM.cv18: Hidden size: 91 	 
Training MSE: 0.05871432 	 Validating MSE: 0.05085875 	 Best VMSE: 0.04689418
[2020-10-23 13:38:09] IELM.cv18: Checkpoint saved to experiments/normal/ar1/IELM_ar1_h1
[2020-10-23 13:38:09] IELM.cv18: Hidden size: 92 	 
Training MSE: 0.05845479 	 Validating MSE: 0.04906785 	 Best VMSE: 0.04689418
[2020-10-23 13:38:09] IELM.cv18: Checkpoint saved to experiments/normal/ar1/IELM_ar1_h1
[2020-10-23 13:38:09] IELM.cv18: Hidden size: 93 	 
Training MSE: 0.05845249 	 Validating MSE: 0.04870138 	 Best VMSE: 0.04689418
[2020-10-23 13:38:09] IELM.cv18: Checkpoint saved to experiments/normal/ar1/IELM_ar1_h1
[2020-10-23 13:38:09] IELM.cv18: Hidden size: 94 	 
Training MSE: 0.05788784 	 Validating MSE: 0.05056651 	 Best VMSE: 0.04689418
[2020-10-23 13:38:09] IELM.cv18: Checkpoint saved to experiments/normal/ar1/IELM_ar1_h1
[2020-10-23 13:38:09] IELM.cv18: Hidden size: 95 	 
Training MSE: 0.05772867 	 Validating MSE: 0.04888362 	 Best VMSE: 0.04689418
[2020-10-23 13:38:09] IELM.cv18: Checkpoint saved to experiments/normal/ar1/IELM_ar1_h1
[2020-10-23 13:38:09] IELM.cv18: Hidden size: 96 	 
Training MSE: 0.05735492 	 Validating MSE: 0.04935868 	 Best VMSE: 0.04689418
[2020-10-23 13:38:09] IELM.cv18: Checkpoint saved to experiments/normal/ar1/IELM_ar1_h1
[2020-10-23 13:38:09] IELM.cv18: Hidden size: 97 	 
Training MSE: 0.05720476 	 Validating MSE: 0.04574714 	 Best VMSE: 0.04689418
[2020-10-23 13:38:09] IELM.cv18: Found new best state
[2020-10-23 13:38:09] IELM.cv18: Best vmse: 0.0457
[2020-10-23 13:38:09] IELM.cv18: Checkpoint saved to experiments/normal/ar1/IELM_ar1_h1
[2020-10-23 13:38:09] IELM.cv18: Hidden size: 98 	 
Training MSE: 0.05713263 	 Validating MSE: 0.04523946 	 Best VMSE: 0.04574714
[2020-10-23 13:38:09] IELM.cv18: Found new best state
[2020-10-23 13:38:09] IELM.cv18: Best vmse: 0.0452
[2020-10-23 13:38:09] IELM.cv18: Checkpoint saved to experiments/normal/ar1/IELM_ar1_h1
[2020-10-23 13:38:09] IELM.cv18: Hidden size: 99 	 
Training MSE: 0.05680755 	 Validating MSE: 0.04429283 	 Best VMSE: 0.04523946
[2020-10-23 13:38:09] IELM.cv18: Found new best state
[2020-10-23 13:38:09] IELM.cv18: Best vmse: 0.0443
[2020-10-23 13:38:09] IELM.cv18: Checkpoint saved to experiments/normal/ar1/IELM_ar1_h1
[2020-10-23 13:38:09] IELM.cv18: Hidden size: 100 	 
Training MSE: 0.05639955 	 Validating MSE: 0.04487959 	 Best VMSE: 0.04429283
[2020-10-23 13:38:09] IELM.cv18: Checkpoint saved to experiments/normal/ar1/IELM_ar1_h1
[2020-10-23 13:38:09] IELM.cv18: Restoring best parameters from experiments/normal/ar1/IELM_ar1_h1/train.cv18.pth.tar
[2020-10-23 13:38:09] IELM.cv18: ar1	 H: 1	 Trail: 54 
Testing RMSE: 0.5829 	 MAPE: 0.1005 	 SMAPE: 0.05443
