[2020-10-23 13:35:43] IELM.cv0: Loading the datasets and model for 2th-batch-training
[2020-10-23 13:35:43] IELM.cv0: Argument hidden_size: 100
[2020-10-23 13:35:43] IELM.cv0: Argument candidate_size: 300
[2020-10-23 13:35:43] IELM.cv0: Argument Lambdas: [0.5, 1, 5, 15, 30, 50, 100, 150, 200]
[2020-10-23 13:35:43] IELM.cv0: Argument Lambdas_std: [0.01, 0.05, 0.1, 0.5, 1]
[2020-10-23 13:35:43] IELM.cv0: Argument r: [0.8, 0.9, 0.99, 0.9999, 0.999999]
[2020-10-23 13:35:43] IELM.cv0: Argument tolerance: 0
[2020-10-23 13:35:43] IELM.cv0: Argument device: device(type='cuda')
[2020-10-23 13:35:43] IELM.cv0: Argument dataset: 'ar1'
[2020-10-23 13:35:43] IELM.cv0: Argument H: 1
[2020-10-23 13:35:43] IELM.cv0: Argument k: 5
[2020-10-23 13:35:43] IELM.cv0: Argument test: False
[2020-10-23 13:35:43] IELM.cv0: Argument normal: True
[2020-10-23 13:35:43] IELM.cv0: Argument diff: False
[2020-10-23 13:35:43] IELM.cv0: Argument times: 60
[2020-10-23 13:35:43] IELM.cv0: Argument datasets: {'ar1': {'lag_order': 15, 'normal': True, 'cov_dim': 0, 'kernel_size': 3}, 'wti': {'lag_order': 25, 'normal': True, 'cov_dim': 0, 'kernel_size': 5}, 'gold': {'lag_order': 25, 'normal': True, 'cov_dim': 0, 'kernel_size': 5}, 'sp': {'lag_order': 25, 'normal': True, 'cov_dim': 0, 'kernel_size': 5}, 'brent': {'lag_order': 24, 'normal': True, 'cov_dim': 0, 'kernel_size': 6}, 'sili': {'lag_order': 26, 'normal': True, 'cov_dim': 0, 'kernel_size': 6}}
[2020-10-23 13:35:43] IELM.cv0: Argument steps: 15
[2020-10-23 13:35:43] IELM.cv0: Argument experiment: 'experiments/normal/ar1'
[2020-10-23 13:35:43] IELM.cv0: Argument scaler: StandardScaler()
[2020-10-23 13:35:43] IELM.cv0: Argument model_name: 'IELM_ar1_h1'
[2020-10-23 13:35:43] IELM.cv0: Argument model_dir: 'experiments/normal/ar1/IELM_ar1_h1'
[2020-10-23 13:35:43] IELM.cv0: Argument restore: True
[2020-10-23 13:35:43] IELM.cv0: Argument cv: 0
[2020-10-23 13:35:43] IELM.cv0: Argument plot_dir: 'experiments/normal/ar1/IELM_ar1_h1/figures'
[2020-10-23 13:35:43] IELM.cv0: Using Cuda...
[2020-10-23 13:35:43] IELM.cv0: Loading complete.
[2020-10-23 13:35:43] IELM.cv0: Model: 
IELM(
  (loss_fn): MSELoss()
)
[2020-10-23 13:35:43] IELM.cv0: Hidden size: 1 	 
Training MSE: 0.34794626 	 Validating MSE: 2.12102413 	 Best VMSE: 9999.00000000
[2020-10-23 13:35:43] IELM.cv0: Found new best state
[2020-10-23 13:35:43] IELM.cv0: Best vmse: 2.1210
[2020-10-23 13:35:43] IELM.cv0: Checkpoint saved to experiments/normal/ar1/IELM_ar1_h1
[2020-10-23 13:35:43] IELM.cv0: Hidden size: 2 	 
Training MSE: 0.30826589 	 Validating MSE: 1.10722470 	 Best VMSE: 2.12102413
[2020-10-23 13:35:43] IELM.cv0: Found new best state
[2020-10-23 13:35:43] IELM.cv0: Best vmse: 1.1072
[2020-10-23 13:35:43] IELM.cv0: Checkpoint saved to experiments/normal/ar1/IELM_ar1_h1
[2020-10-23 13:35:43] IELM.cv0: Hidden size: 3 	 
Training MSE: 0.19885612 	 Validating MSE: 1.28961217 	 Best VMSE: 1.10722470
[2020-10-23 13:35:43] IELM.cv0: Checkpoint saved to experiments/normal/ar1/IELM_ar1_h1
[2020-10-23 13:35:43] IELM.cv0: Hidden size: 4 	 
Training MSE: 0.19809197 	 Validating MSE: 1.28118992 	 Best VMSE: 1.10722470
[2020-10-23 13:35:43] IELM.cv0: Checkpoint saved to experiments/normal/ar1/IELM_ar1_h1
[2020-10-23 13:35:43] IELM.cv0: Hidden size: 5 	 
Training MSE: 0.19500747 	 Validating MSE: 1.18634629 	 Best VMSE: 1.10722470
[2020-10-23 13:35:43] IELM.cv0: Checkpoint saved to experiments/normal/ar1/IELM_ar1_h1
[2020-10-23 13:35:43] IELM.cv0: Hidden size: 6 	 
Training MSE: 0.19476826 	 Validating MSE: 1.21468425 	 Best VMSE: 1.10722470
[2020-10-23 13:35:43] IELM.cv0: Checkpoint saved to experiments/normal/ar1/IELM_ar1_h1
[2020-10-23 13:35:43] IELM.cv0: Hidden size: 7 	 
Training MSE: 0.19260038 	 Validating MSE: 1.25777483 	 Best VMSE: 1.10722470
[2020-10-23 13:35:43] IELM.cv0: Checkpoint saved to experiments/normal/ar1/IELM_ar1_h1
[2020-10-23 13:35:43] IELM.cv0: Hidden size: 8 	 
Training MSE: 0.16004205 	 Validating MSE: 0.61868030 	 Best VMSE: 1.10722470
[2020-10-23 13:35:43] IELM.cv0: Found new best state
[2020-10-23 13:35:43] IELM.cv0: Best vmse: 0.6187
[2020-10-23 13:35:43] IELM.cv0: Checkpoint saved to experiments/normal/ar1/IELM_ar1_h1
[2020-10-23 13:35:43] IELM.cv0: Hidden size: 9 	 
Training MSE: 0.15602273 	 Validating MSE: 0.71741331 	 Best VMSE: 0.61868030
[2020-10-23 13:35:43] IELM.cv0: Checkpoint saved to experiments/normal/ar1/IELM_ar1_h1
[2020-10-23 13:35:43] IELM.cv0: Hidden size: 10 	 
Training MSE: 0.15593769 	 Validating MSE: 0.73790884 	 Best VMSE: 0.61868030
[2020-10-23 13:35:43] IELM.cv0: Checkpoint saved to experiments/normal/ar1/IELM_ar1_h1
[2020-10-23 13:35:43] IELM.cv0: Hidden size: 11 	 
Training MSE: 0.15137373 	 Validating MSE: 0.55230612 	 Best VMSE: 0.61868030
[2020-10-23 13:35:43] IELM.cv0: Found new best state
[2020-10-23 13:35:43] IELM.cv0: Best vmse: 0.5523
[2020-10-23 13:35:43] IELM.cv0: Checkpoint saved to experiments/normal/ar1/IELM_ar1_h1
[2020-10-23 13:35:43] IELM.cv0: Hidden size: 12 	 
Training MSE: 0.13173354 	 Validating MSE: 0.58740282 	 Best VMSE: 0.55230612
[2020-10-23 13:35:43] IELM.cv0: Checkpoint saved to experiments/normal/ar1/IELM_ar1_h1
[2020-10-23 13:35:43] IELM.cv0: Hidden size: 13 	 
Training MSE: 0.13107121 	 Validating MSE: 0.56581217 	 Best VMSE: 0.55230612
[2020-10-23 13:35:43] IELM.cv0: Checkpoint saved to experiments/normal/ar1/IELM_ar1_h1
[2020-10-23 13:35:43] IELM.cv0: Hidden size: 14 	 
Training MSE: 0.12415789 	 Validating MSE: 0.34605038 	 Best VMSE: 0.55230612
[2020-10-23 13:35:43] IELM.cv0: Found new best state
[2020-10-23 13:35:43] IELM.cv0: Best vmse: 0.3461
[2020-10-23 13:35:43] IELM.cv0: Checkpoint saved to experiments/normal/ar1/IELM_ar1_h1
[2020-10-23 13:35:43] IELM.cv0: Hidden size: 15 	 
Training MSE: 0.12187257 	 Validating MSE: 0.39942914 	 Best VMSE: 0.34605038
[2020-10-23 13:35:43] IELM.cv0: Checkpoint saved to experiments/normal/ar1/IELM_ar1_h1
[2020-10-23 13:35:43] IELM.cv0: Hidden size: 16 	 
Training MSE: 0.11920691 	 Validating MSE: 0.43487221 	 Best VMSE: 0.34605038
[2020-10-23 13:35:43] IELM.cv0: Checkpoint saved to experiments/normal/ar1/IELM_ar1_h1
[2020-10-23 13:35:43] IELM.cv0: Hidden size: 17 	 
Training MSE: 0.11848000 	 Validating MSE: 0.41210619 	 Best VMSE: 0.34605038
[2020-10-23 13:35:43] IELM.cv0: Checkpoint saved to experiments/normal/ar1/IELM_ar1_h1
[2020-10-23 13:35:43] IELM.cv0: Hidden size: 18 	 
Training MSE: 0.11586327 	 Validating MSE: 0.31973454 	 Best VMSE: 0.34605038
[2020-10-23 13:35:43] IELM.cv0: Found new best state
[2020-10-23 13:35:43] IELM.cv0: Best vmse: 0.3197
[2020-10-23 13:35:43] IELM.cv0: Checkpoint saved to experiments/normal/ar1/IELM_ar1_h1
[2020-10-23 13:35:43] IELM.cv0: Hidden size: 19 	 
Training MSE: 0.11511414 	 Validating MSE: 0.27123725 	 Best VMSE: 0.31973454
[2020-10-23 13:35:43] IELM.cv0: Found new best state
[2020-10-23 13:35:43] IELM.cv0: Best vmse: 0.2712
[2020-10-23 13:35:43] IELM.cv0: Checkpoint saved to experiments/normal/ar1/IELM_ar1_h1
[2020-10-23 13:35:43] IELM.cv0: Hidden size: 20 	 
Training MSE: 0.11123277 	 Validating MSE: 0.37387455 	 Best VMSE: 0.27123725
[2020-10-23 13:35:43] IELM.cv0: Checkpoint saved to experiments/normal/ar1/IELM_ar1_h1
[2020-10-23 13:35:43] IELM.cv0: Hidden size: 21 	 
Training MSE: 0.10778623 	 Validating MSE: 0.38653630 	 Best VMSE: 0.27123725
[2020-10-23 13:35:43] IELM.cv0: Checkpoint saved to experiments/normal/ar1/IELM_ar1_h1
[2020-10-23 13:35:43] IELM.cv0: Hidden size: 22 	 
Training MSE: 0.10727803 	 Validating MSE: 0.37600204 	 Best VMSE: 0.27123725
[2020-10-23 13:35:43] IELM.cv0: Checkpoint saved to experiments/normal/ar1/IELM_ar1_h1
[2020-10-23 13:35:43] IELM.cv0: Hidden size: 23 	 
Training MSE: 0.10634763 	 Validating MSE: 0.40502897 	 Best VMSE: 0.27123725
[2020-10-23 13:35:43] IELM.cv0: Checkpoint saved to experiments/normal/ar1/IELM_ar1_h1
[2020-10-23 13:35:43] IELM.cv0: Hidden size: 24 	 
Training MSE: 0.09758815 	 Validating MSE: 0.30844346 	 Best VMSE: 0.27123725
[2020-10-23 13:35:43] IELM.cv0: Checkpoint saved to experiments/normal/ar1/IELM_ar1_h1
[2020-10-23 13:35:44] IELM.cv0: Hidden size: 25 	 
Training MSE: 0.09565614 	 Validating MSE: 0.20722516 	 Best VMSE: 0.27123725
[2020-10-23 13:35:44] IELM.cv0: Found new best state
[2020-10-23 13:35:44] IELM.cv0: Best vmse: 0.2072
[2020-10-23 13:35:44] IELM.cv0: Checkpoint saved to experiments/normal/ar1/IELM_ar1_h1
[2020-10-23 13:35:44] IELM.cv0: Hidden size: 26 	 
Training MSE: 0.08882935 	 Validating MSE: 0.24409904 	 Best VMSE: 0.20722516
[2020-10-23 13:35:44] IELM.cv0: Checkpoint saved to experiments/normal/ar1/IELM_ar1_h1
[2020-10-23 13:35:44] IELM.cv0: Hidden size: 27 	 
Training MSE: 0.08400292 	 Validating MSE: 0.13083193 	 Best VMSE: 0.20722516
[2020-10-23 13:35:44] IELM.cv0: Found new best state
[2020-10-23 13:35:44] IELM.cv0: Best vmse: 0.1308
[2020-10-23 13:35:44] IELM.cv0: Checkpoint saved to experiments/normal/ar1/IELM_ar1_h1
[2020-10-23 13:35:44] IELM.cv0: Hidden size: 28 	 
Training MSE: 0.08399107 	 Validating MSE: 0.13451822 	 Best VMSE: 0.13083193
[2020-10-23 13:35:44] IELM.cv0: Checkpoint saved to experiments/normal/ar1/IELM_ar1_h1
[2020-10-23 13:35:44] IELM.cv0: Hidden size: 29 	 
Training MSE: 0.08001777 	 Validating MSE: 0.14396890 	 Best VMSE: 0.13083193
[2020-10-23 13:35:44] IELM.cv0: Checkpoint saved to experiments/normal/ar1/IELM_ar1_h1
[2020-10-23 13:35:44] IELM.cv0: Hidden size: 30 	 
Training MSE: 0.07673511 	 Validating MSE: 0.10240303 	 Best VMSE: 0.13083193
[2020-10-23 13:35:44] IELM.cv0: Found new best state
[2020-10-23 13:35:44] IELM.cv0: Best vmse: 0.1024
[2020-10-23 13:35:44] IELM.cv0: Checkpoint saved to experiments/normal/ar1/IELM_ar1_h1
[2020-10-23 13:35:44] IELM.cv0: Hidden size: 31 	 
Training MSE: 0.07433768 	 Validating MSE: 0.12363763 	 Best VMSE: 0.10240303
[2020-10-23 13:35:44] IELM.cv0: Checkpoint saved to experiments/normal/ar1/IELM_ar1_h1
[2020-10-23 13:35:44] IELM.cv0: Hidden size: 32 	 
Training MSE: 0.07408249 	 Validating MSE: 0.11605388 	 Best VMSE: 0.10240303
[2020-10-23 13:35:44] IELM.cv0: Checkpoint saved to experiments/normal/ar1/IELM_ar1_h1
[2020-10-23 13:35:44] IELM.cv0: Hidden size: 33 	 
Training MSE: 0.07358006 	 Validating MSE: 0.12588292 	 Best VMSE: 0.10240303
[2020-10-23 13:35:44] IELM.cv0: Checkpoint saved to experiments/normal/ar1/IELM_ar1_h1
[2020-10-23 13:35:44] IELM.cv0: Hidden size: 34 	 
Training MSE: 0.07357509 	 Validating MSE: 0.12521720 	 Best VMSE: 0.10240303
[2020-10-23 13:35:44] IELM.cv0: Checkpoint saved to experiments/normal/ar1/IELM_ar1_h1
[2020-10-23 13:35:44] IELM.cv0: Hidden size: 35 	 
Training MSE: 0.07340021 	 Validating MSE: 0.12728463 	 Best VMSE: 0.10240303
[2020-10-23 13:35:44] IELM.cv0: Checkpoint saved to experiments/normal/ar1/IELM_ar1_h1
[2020-10-23 13:35:44] IELM.cv0: Hidden size: 36 	 
Training MSE: 0.07301173 	 Validating MSE: 0.10486560 	 Best VMSE: 0.10240303
[2020-10-23 13:35:44] IELM.cv0: Checkpoint saved to experiments/normal/ar1/IELM_ar1_h1
[2020-10-23 13:35:44] IELM.cv0: Hidden size: 37 	 
Training MSE: 0.07301060 	 Validating MSE: 0.10515899 	 Best VMSE: 0.10240303
[2020-10-23 13:35:44] IELM.cv0: Checkpoint saved to experiments/normal/ar1/IELM_ar1_h1
[2020-10-23 13:35:44] IELM.cv0: Hidden size: 38 	 
Training MSE: 0.07296553 	 Validating MSE: 0.10237204 	 Best VMSE: 0.10240303
[2020-10-23 13:35:44] IELM.cv0: Found new best state
[2020-10-23 13:35:44] IELM.cv0: Best vmse: 0.1024
[2020-10-23 13:35:44] IELM.cv0: Checkpoint saved to experiments/normal/ar1/IELM_ar1_h1
[2020-10-23 13:35:44] IELM.cv0: Hidden size: 39 	 
Training MSE: 0.07290213 	 Validating MSE: 0.09836358 	 Best VMSE: 0.10237204
[2020-10-23 13:35:44] IELM.cv0: Found new best state
[2020-10-23 13:35:44] IELM.cv0: Best vmse: 0.0984
[2020-10-23 13:35:44] IELM.cv0: Checkpoint saved to experiments/normal/ar1/IELM_ar1_h1
[2020-10-23 13:35:44] IELM.cv0: Hidden size: 40 	 
Training MSE: 0.07288206 	 Validating MSE: 0.09979403 	 Best VMSE: 0.09836358
[2020-10-23 13:35:44] IELM.cv0: Checkpoint saved to experiments/normal/ar1/IELM_ar1_h1
[2020-10-23 13:35:44] IELM.cv0: Hidden size: 41 	 
Training MSE: 0.07261097 	 Validating MSE: 0.10681639 	 Best VMSE: 0.09836358
[2020-10-23 13:35:44] IELM.cv0: Checkpoint saved to experiments/normal/ar1/IELM_ar1_h1
[2020-10-23 13:35:44] IELM.cv0: Hidden size: 42 	 
Training MSE: 0.07082846 	 Validating MSE: 0.08196616 	 Best VMSE: 0.09836358
[2020-10-23 13:35:44] IELM.cv0: Found new best state
[2020-10-23 13:35:44] IELM.cv0: Best vmse: 0.0820
[2020-10-23 13:35:44] IELM.cv0: Checkpoint saved to experiments/normal/ar1/IELM_ar1_h1
[2020-10-23 13:35:44] IELM.cv0: Hidden size: 43 	 
Training MSE: 0.06911852 	 Validating MSE: 0.09098630 	 Best VMSE: 0.08196616
[2020-10-23 13:35:44] IELM.cv0: Checkpoint saved to experiments/normal/ar1/IELM_ar1_h1
[2020-10-23 13:35:44] IELM.cv0: Hidden size: 44 	 
Training MSE: 0.06831968 	 Validating MSE: 0.08117487 	 Best VMSE: 0.08196616
[2020-10-23 13:35:44] IELM.cv0: Found new best state
[2020-10-23 13:35:44] IELM.cv0: Best vmse: 0.0812
[2020-10-23 13:35:44] IELM.cv0: Checkpoint saved to experiments/normal/ar1/IELM_ar1_h1
[2020-10-23 13:35:44] IELM.cv0: Hidden size: 45 	 
Training MSE: 0.06811119 	 Validating MSE: 0.07031818 	 Best VMSE: 0.08117487
[2020-10-23 13:35:44] IELM.cv0: Found new best state
[2020-10-23 13:35:44] IELM.cv0: Best vmse: 0.0703
[2020-10-23 13:35:44] IELM.cv0: Checkpoint saved to experiments/normal/ar1/IELM_ar1_h1
[2020-10-23 13:35:44] IELM.cv0: Hidden size: 46 	 
Training MSE: 0.06742645 	 Validating MSE: 0.07262534 	 Best VMSE: 0.07031818
[2020-10-23 13:35:44] IELM.cv0: Checkpoint saved to experiments/normal/ar1/IELM_ar1_h1
[2020-10-23 13:35:44] IELM.cv0: Hidden size: 47 	 
Training MSE: 0.06712979 	 Validating MSE: 0.06677026 	 Best VMSE: 0.07031818
[2020-10-23 13:35:44] IELM.cv0: Found new best state
[2020-10-23 13:35:44] IELM.cv0: Best vmse: 0.0668
[2020-10-23 13:35:44] IELM.cv0: Checkpoint saved to experiments/normal/ar1/IELM_ar1_h1
[2020-10-23 13:35:44] IELM.cv0: Hidden size: 48 	 
Training MSE: 0.06662617 	 Validating MSE: 0.05240023 	 Best VMSE: 0.06677026
[2020-10-23 13:35:44] IELM.cv0: Found new best state
[2020-10-23 13:35:44] IELM.cv0: Best vmse: 0.0524
[2020-10-23 13:35:44] IELM.cv0: Checkpoint saved to experiments/normal/ar1/IELM_ar1_h1
[2020-10-23 13:35:44] IELM.cv0: Hidden size: 49 	 
Training MSE: 0.06592467 	 Validating MSE: 0.06022879 	 Best VMSE: 0.05240023
[2020-10-23 13:35:44] IELM.cv0: Checkpoint saved to experiments/normal/ar1/IELM_ar1_h1
[2020-10-23 13:35:44] IELM.cv0: Hidden size: 50 	 
Training MSE: 0.06545850 	 Validating MSE: 0.06885032 	 Best VMSE: 0.05240023
[2020-10-23 13:35:44] IELM.cv0: Checkpoint saved to experiments/normal/ar1/IELM_ar1_h1
[2020-10-23 13:35:44] IELM.cv0: Hidden size: 51 	 
Training MSE: 0.06525977 	 Validating MSE: 0.06684086 	 Best VMSE: 0.05240023
[2020-10-23 13:35:44] IELM.cv0: Checkpoint saved to experiments/normal/ar1/IELM_ar1_h1
[2020-10-23 13:35:44] IELM.cv0: Hidden size: 52 	 
Training MSE: 0.06523064 	 Validating MSE: 0.06787478 	 Best VMSE: 0.05240023
[2020-10-23 13:35:44] IELM.cv0: Checkpoint saved to experiments/normal/ar1/IELM_ar1_h1
[2020-10-23 13:35:44] IELM.cv0: Hidden size: 53 	 
Training MSE: 0.06522944 	 Validating MSE: 0.06793967 	 Best VMSE: 0.05240023
[2020-10-23 13:35:44] IELM.cv0: Checkpoint saved to experiments/normal/ar1/IELM_ar1_h1
[2020-10-23 13:35:44] IELM.cv0: Hidden size: 54 	 
Training MSE: 0.06444775 	 Validating MSE: 0.05482845 	 Best VMSE: 0.05240023
[2020-10-23 13:35:44] IELM.cv0: Checkpoint saved to experiments/normal/ar1/IELM_ar1_h1
[2020-10-23 13:35:44] IELM.cv0: Hidden size: 55 	 
Training MSE: 0.06259156 	 Validating MSE: 0.06702854 	 Best VMSE: 0.05240023
[2020-10-23 13:35:44] IELM.cv0: Checkpoint saved to experiments/normal/ar1/IELM_ar1_h1
[2020-10-23 13:35:44] IELM.cv0: Hidden size: 56 	 
Training MSE: 0.06216167 	 Validating MSE: 0.06391630 	 Best VMSE: 0.05240023
[2020-10-23 13:35:44] IELM.cv0: Checkpoint saved to experiments/normal/ar1/IELM_ar1_h1
[2020-10-23 13:35:44] IELM.cv0: Hidden size: 57 	 
Training MSE: 0.06053536 	 Validating MSE: 0.04780537 	 Best VMSE: 0.05240023
[2020-10-23 13:35:44] IELM.cv0: Found new best state
[2020-10-23 13:35:44] IELM.cv0: Best vmse: 0.0478
[2020-10-23 13:35:44] IELM.cv0: Checkpoint saved to experiments/normal/ar1/IELM_ar1_h1
[2020-10-23 13:35:44] IELM.cv0: Hidden size: 58 	 
Training MSE: 0.05972881 	 Validating MSE: 0.05639297 	 Best VMSE: 0.04780537
[2020-10-23 13:35:44] IELM.cv0: Checkpoint saved to experiments/normal/ar1/IELM_ar1_h1
[2020-10-23 13:35:44] IELM.cv0: Hidden size: 59 	 
Training MSE: 0.05956052 	 Validating MSE: 0.05757879 	 Best VMSE: 0.04780537
[2020-10-23 13:35:44] IELM.cv0: Checkpoint saved to experiments/normal/ar1/IELM_ar1_h1
[2020-10-23 13:35:44] IELM.cv0: Hidden size: 60 	 
Training MSE: 0.05955717 	 Validating MSE: 0.05781765 	 Best VMSE: 0.04780537
[2020-10-23 13:35:44] IELM.cv0: Checkpoint saved to experiments/normal/ar1/IELM_ar1_h1
[2020-10-23 13:35:44] IELM.cv0: Hidden size: 61 	 
Training MSE: 0.05950008 	 Validating MSE: 0.05861496 	 Best VMSE: 0.04780537
[2020-10-23 13:35:44] IELM.cv0: Checkpoint saved to experiments/normal/ar1/IELM_ar1_h1
[2020-10-23 13:35:44] IELM.cv0: Hidden size: 62 	 
Training MSE: 0.05948733 	 Validating MSE: 0.05809048 	 Best VMSE: 0.04780537
[2020-10-23 13:35:44] IELM.cv0: Checkpoint saved to experiments/normal/ar1/IELM_ar1_h1
[2020-10-23 13:35:45] IELM.cv0: Hidden size: 63 	 
Training MSE: 0.05945737 	 Validating MSE: 0.05939898 	 Best VMSE: 0.04780537
[2020-10-23 13:35:45] IELM.cv0: Checkpoint saved to experiments/normal/ar1/IELM_ar1_h1
[2020-10-23 13:35:45] IELM.cv0: Hidden size: 64 	 
Training MSE: 0.05945114 	 Validating MSE: 0.05900921 	 Best VMSE: 0.04780537
[2020-10-23 13:35:45] IELM.cv0: Checkpoint saved to experiments/normal/ar1/IELM_ar1_h1
[2020-10-23 13:35:45] IELM.cv0: Hidden size: 65 	 
Training MSE: 0.05930552 	 Validating MSE: 0.05652350 	 Best VMSE: 0.04780537
[2020-10-23 13:35:45] IELM.cv0: Checkpoint saved to experiments/normal/ar1/IELM_ar1_h1
[2020-10-23 13:35:45] IELM.cv0: Hidden size: 66 	 
Training MSE: 0.05918419 	 Validating MSE: 0.05233854 	 Best VMSE: 0.04780537
[2020-10-23 13:35:45] IELM.cv0: Checkpoint saved to experiments/normal/ar1/IELM_ar1_h1
[2020-10-23 13:35:45] IELM.cv0: Hidden size: 67 	 
Training MSE: 0.05907065 	 Validating MSE: 0.05435660 	 Best VMSE: 0.04780537
[2020-10-23 13:35:45] IELM.cv0: Checkpoint saved to experiments/normal/ar1/IELM_ar1_h1
[2020-10-23 13:35:45] IELM.cv0: Hidden size: 68 	 
Training MSE: 0.05907061 	 Validating MSE: 0.05443196 	 Best VMSE: 0.04780537
[2020-10-23 13:35:45] IELM.cv0: Checkpoint saved to experiments/normal/ar1/IELM_ar1_h1
[2020-10-23 13:35:45] IELM.cv0: Hidden size: 69 	 
Training MSE: 0.05877194 	 Validating MSE: 0.05132547 	 Best VMSE: 0.04780537
[2020-10-23 13:35:45] IELM.cv0: Checkpoint saved to experiments/normal/ar1/IELM_ar1_h1
[2020-10-23 13:35:45] IELM.cv0: Hidden size: 70 	 
Training MSE: 0.05869034 	 Validating MSE: 0.05462720 	 Best VMSE: 0.04780537
[2020-10-23 13:35:45] IELM.cv0: Checkpoint saved to experiments/normal/ar1/IELM_ar1_h1
[2020-10-23 13:35:45] IELM.cv0: Hidden size: 71 	 
Training MSE: 0.05820223 	 Validating MSE: 0.05984225 	 Best VMSE: 0.04780537
[2020-10-23 13:35:45] IELM.cv0: Checkpoint saved to experiments/normal/ar1/IELM_ar1_h1
[2020-10-23 13:35:45] IELM.cv0: Hidden size: 72 	 
Training MSE: 0.05792757 	 Validating MSE: 0.05807029 	 Best VMSE: 0.04780537
[2020-10-23 13:35:45] IELM.cv0: Checkpoint saved to experiments/normal/ar1/IELM_ar1_h1
[2020-10-23 13:35:45] IELM.cv0: Hidden size: 73 	 
Training MSE: 0.05780869 	 Validating MSE: 0.05865013 	 Best VMSE: 0.04780537
[2020-10-23 13:35:45] IELM.cv0: Checkpoint saved to experiments/normal/ar1/IELM_ar1_h1
[2020-10-23 13:35:45] IELM.cv0: Hidden size: 74 	 
Training MSE: 0.05751772 	 Validating MSE: 0.05141382 	 Best VMSE: 0.04780537
[2020-10-23 13:35:45] IELM.cv0: Checkpoint saved to experiments/normal/ar1/IELM_ar1_h1
[2020-10-23 13:35:45] IELM.cv0: Hidden size: 75 	 
Training MSE: 0.05685181 	 Validating MSE: 0.05620475 	 Best VMSE: 0.04780537
[2020-10-23 13:35:45] IELM.cv0: Checkpoint saved to experiments/normal/ar1/IELM_ar1_h1
[2020-10-23 13:35:45] IELM.cv0: Hidden size: 76 	 
Training MSE: 0.05607322 	 Validating MSE: 0.04420714 	 Best VMSE: 0.04780537
[2020-10-23 13:35:45] IELM.cv0: Found new best state
[2020-10-23 13:35:45] IELM.cv0: Best vmse: 0.0442
[2020-10-23 13:35:45] IELM.cv0: Checkpoint saved to experiments/normal/ar1/IELM_ar1_h1
[2020-10-23 13:35:45] IELM.cv0: Hidden size: 77 	 
Training MSE: 0.05604029 	 Validating MSE: 0.04475469 	 Best VMSE: 0.04420714
[2020-10-23 13:35:45] IELM.cv0: Checkpoint saved to experiments/normal/ar1/IELM_ar1_h1
[2020-10-23 13:35:45] IELM.cv0: Hidden size: 78 	 
Training MSE: 0.05597403 	 Validating MSE: 0.04607700 	 Best VMSE: 0.04420714
[2020-10-23 13:35:45] IELM.cv0: Checkpoint saved to experiments/normal/ar1/IELM_ar1_h1
[2020-10-23 13:35:45] IELM.cv0: Hidden size: 79 	 
Training MSE: 0.05552457 	 Validating MSE: 0.04044351 	 Best VMSE: 0.04420714
[2020-10-23 13:35:45] IELM.cv0: Found new best state
[2020-10-23 13:35:45] IELM.cv0: Best vmse: 0.0404
[2020-10-23 13:35:45] IELM.cv0: Checkpoint saved to experiments/normal/ar1/IELM_ar1_h1
[2020-10-23 13:35:45] IELM.cv0: Hidden size: 80 	 
Training MSE: 0.05501803 	 Validating MSE: 0.04147685 	 Best VMSE: 0.04044351
[2020-10-23 13:35:45] IELM.cv0: Checkpoint saved to experiments/normal/ar1/IELM_ar1_h1
[2020-10-23 13:35:45] IELM.cv0: Hidden size: 81 	 
Training MSE: 0.05500449 	 Validating MSE: 0.04146703 	 Best VMSE: 0.04044351
[2020-10-23 13:35:45] IELM.cv0: Checkpoint saved to experiments/normal/ar1/IELM_ar1_h1
[2020-10-23 13:35:45] IELM.cv0: Hidden size: 82 	 
Training MSE: 0.05497698 	 Validating MSE: 0.04126346 	 Best VMSE: 0.04044351
[2020-10-23 13:35:45] IELM.cv0: Checkpoint saved to experiments/normal/ar1/IELM_ar1_h1
[2020-10-23 13:35:45] IELM.cv0: Hidden size: 83 	 
Training MSE: 0.05495869 	 Validating MSE: 0.04116118 	 Best VMSE: 0.04044351
[2020-10-23 13:35:45] IELM.cv0: Checkpoint saved to experiments/normal/ar1/IELM_ar1_h1
[2020-10-23 13:35:45] IELM.cv0: Hidden size: 84 	 
Training MSE: 0.05460666 	 Validating MSE: 0.04561981 	 Best VMSE: 0.04044351
[2020-10-23 13:35:45] IELM.cv0: Checkpoint saved to experiments/normal/ar1/IELM_ar1_h1
[2020-10-23 13:35:45] IELM.cv0: Hidden size: 85 	 
Training MSE: 0.05453386 	 Validating MSE: 0.04466228 	 Best VMSE: 0.04044351
[2020-10-23 13:35:45] IELM.cv0: Checkpoint saved to experiments/normal/ar1/IELM_ar1_h1
[2020-10-23 13:35:45] IELM.cv0: Hidden size: 86 	 
Training MSE: 0.05444165 	 Validating MSE: 0.04294892 	 Best VMSE: 0.04044351
[2020-10-23 13:35:45] IELM.cv0: Checkpoint saved to experiments/normal/ar1/IELM_ar1_h1
[2020-10-23 13:35:45] IELM.cv0: Hidden size: 87 	 
Training MSE: 0.05430841 	 Validating MSE: 0.04373373 	 Best VMSE: 0.04044351
[2020-10-23 13:35:45] IELM.cv0: Checkpoint saved to experiments/normal/ar1/IELM_ar1_h1
[2020-10-23 13:35:45] IELM.cv0: Hidden size: 88 	 
Training MSE: 0.05430644 	 Validating MSE: 0.04335826 	 Best VMSE: 0.04044351
[2020-10-23 13:35:45] IELM.cv0: Checkpoint saved to experiments/normal/ar1/IELM_ar1_h1
[2020-10-23 13:35:45] IELM.cv0: Hidden size: 89 	 
Training MSE: 0.05428413 	 Validating MSE: 0.04420078 	 Best VMSE: 0.04044351
[2020-10-23 13:35:45] IELM.cv0: Checkpoint saved to experiments/normal/ar1/IELM_ar1_h1
[2020-10-23 13:35:45] IELM.cv0: Hidden size: 90 	 
Training MSE: 0.05416936 	 Validating MSE: 0.04540567 	 Best VMSE: 0.04044351
[2020-10-23 13:35:45] IELM.cv0: Checkpoint saved to experiments/normal/ar1/IELM_ar1_h1
[2020-10-23 13:35:45] IELM.cv0: Hidden size: 91 	 
Training MSE: 0.05383952 	 Validating MSE: 0.04006274 	 Best VMSE: 0.04044351
[2020-10-23 13:35:45] IELM.cv0: Found new best state
[2020-10-23 13:35:45] IELM.cv0: Best vmse: 0.0401
[2020-10-23 13:35:45] IELM.cv0: Checkpoint saved to experiments/normal/ar1/IELM_ar1_h1
[2020-10-23 13:35:45] IELM.cv0: Hidden size: 92 	 
Training MSE: 0.05383774 	 Validating MSE: 0.04010411 	 Best VMSE: 0.04006274
[2020-10-23 13:35:45] IELM.cv0: Checkpoint saved to experiments/normal/ar1/IELM_ar1_h1
[2020-10-23 13:35:45] IELM.cv0: Hidden size: 93 	 
Training MSE: 0.05370680 	 Validating MSE: 0.03928341 	 Best VMSE: 0.04006274
[2020-10-23 13:35:45] IELM.cv0: Found new best state
[2020-10-23 13:35:45] IELM.cv0: Best vmse: 0.0393
[2020-10-23 13:35:45] IELM.cv0: Checkpoint saved to experiments/normal/ar1/IELM_ar1_h1
[2020-10-23 13:35:45] IELM.cv0: Hidden size: 94 	 
Training MSE: 0.05368596 	 Validating MSE: 0.03966828 	 Best VMSE: 0.03928341
[2020-10-23 13:35:45] IELM.cv0: Checkpoint saved to experiments/normal/ar1/IELM_ar1_h1
[2020-10-23 13:35:45] IELM.cv0: Hidden size: 95 	 
Training MSE: 0.05367706 	 Validating MSE: 0.03978704 	 Best VMSE: 0.03928341
[2020-10-23 13:35:45] IELM.cv0: Checkpoint saved to experiments/normal/ar1/IELM_ar1_h1
[2020-10-23 13:35:45] IELM.cv0: Hidden size: 96 	 
Training MSE: 0.05356992 	 Validating MSE: 0.04122559 	 Best VMSE: 0.03928341
[2020-10-23 13:35:45] IELM.cv0: Checkpoint saved to experiments/normal/ar1/IELM_ar1_h1
[2020-10-23 13:35:45] IELM.cv0: Hidden size: 97 	 
Training MSE: 0.05350087 	 Validating MSE: 0.04063096 	 Best VMSE: 0.03928341
[2020-10-23 13:35:45] IELM.cv0: Checkpoint saved to experiments/normal/ar1/IELM_ar1_h1
[2020-10-23 13:35:45] IELM.cv0: Hidden size: 98 	 
Training MSE: 0.05349149 	 Validating MSE: 0.04060394 	 Best VMSE: 0.03928341
[2020-10-23 13:35:45] IELM.cv0: Checkpoint saved to experiments/normal/ar1/IELM_ar1_h1
[2020-10-23 13:35:45] IELM.cv0: Hidden size: 99 	 
Training MSE: 0.05327323 	 Validating MSE: 0.03950405 	 Best VMSE: 0.03928341
[2020-10-23 13:35:45] IELM.cv0: Checkpoint saved to experiments/normal/ar1/IELM_ar1_h1
[2020-10-23 13:35:46] IELM.cv0: Hidden size: 100 	 
Training MSE: 0.05281380 	 Validating MSE: 0.04029442 	 Best VMSE: 0.03928341
[2020-10-23 13:35:46] IELM.cv0: Checkpoint saved to experiments/normal/ar1/IELM_ar1_h1
[2020-10-23 13:35:46] IELM.cv0: Restoring best parameters from experiments/normal/ar1/IELM_ar1_h1/train.cv0.pth.tar
[2020-10-23 13:35:46] IELM.cv0: ar1	 H: 1	 Trail: 2 
Testing RMSE: 0.5917 	 MAPE: 0.101 	 SMAPE: 0.05492
