[2020-10-23 13:37:50] IELM.cv16: Loading the datasets and model for 48th-batch-training
[2020-10-23 13:37:50] IELM.cv16: Argument hidden_size: 100
[2020-10-23 13:37:50] IELM.cv16: Argument candidate_size: 300
[2020-10-23 13:37:50] IELM.cv16: Argument Lambdas: [0.5, 1, 5, 15, 30, 50, 100, 150, 200]
[2020-10-23 13:37:50] IELM.cv16: Argument Lambdas_std: [0.01, 0.05, 0.1, 0.5, 1]
[2020-10-23 13:37:50] IELM.cv16: Argument r: [0.8, 0.9, 0.99, 0.9999, 0.999999]
[2020-10-23 13:37:50] IELM.cv16: Argument tolerance: 0
[2020-10-23 13:37:50] IELM.cv16: Argument device: device(type='cuda')
[2020-10-23 13:37:50] IELM.cv16: Argument dataset: 'ar1'
[2020-10-23 13:37:50] IELM.cv16: Argument H: 1
[2020-10-23 13:37:50] IELM.cv16: Argument k: 5
[2020-10-23 13:37:50] IELM.cv16: Argument test: False
[2020-10-23 13:37:50] IELM.cv16: Argument normal: True
[2020-10-23 13:37:50] IELM.cv16: Argument diff: False
[2020-10-23 13:37:50] IELM.cv16: Argument times: 60
[2020-10-23 13:37:50] IELM.cv16: Argument datasets: {'ar1': {'lag_order': 15, 'normal': True, 'cov_dim': 0, 'kernel_size': 3}, 'wti': {'lag_order': 25, 'normal': True, 'cov_dim': 0, 'kernel_size': 5}, 'gold': {'lag_order': 25, 'normal': True, 'cov_dim': 0, 'kernel_size': 5}, 'sp': {'lag_order': 25, 'normal': True, 'cov_dim': 0, 'kernel_size': 5}, 'brent': {'lag_order': 24, 'normal': True, 'cov_dim': 0, 'kernel_size': 6}, 'sili': {'lag_order': 26, 'normal': True, 'cov_dim': 0, 'kernel_size': 6}}
[2020-10-23 13:37:50] IELM.cv16: Argument steps: 15
[2020-10-23 13:37:50] IELM.cv16: Argument experiment: 'experiments/normal/ar1'
[2020-10-23 13:37:50] IELM.cv16: Argument scaler: StandardScaler()
[2020-10-23 13:37:50] IELM.cv16: Argument model_name: 'IELM_ar1_h1'
[2020-10-23 13:37:50] IELM.cv16: Argument model_dir: 'experiments/normal/ar1/IELM_ar1_h1'
[2020-10-23 13:37:50] IELM.cv16: Argument restore: True
[2020-10-23 13:37:50] IELM.cv16: Argument cv: 16
[2020-10-23 13:37:50] IELM.cv16: Argument plot_dir: 'experiments/normal/ar1/IELM_ar1_h1/figures'
[2020-10-23 13:37:50] IELM.cv16: Using Cuda...
[2020-10-23 13:37:50] IELM.cv16: Loading complete.
[2020-10-23 13:37:50] IELM.cv16: Model: 
IELM(
  (loss_fn): MSELoss()
)
[2020-10-23 13:37:50] IELM.cv16: Hidden size: 1 	 
Training MSE: 0.24051140 	 Validating MSE: 1.43040586 	 Best VMSE: 9999.00000000
[2020-10-23 13:37:50] IELM.cv16: Found new best state
[2020-10-23 13:37:50] IELM.cv16: Best vmse: 1.4304
[2020-10-23 13:37:50] IELM.cv16: Checkpoint saved to experiments/normal/ar1/IELM_ar1_h1
[2020-10-23 13:37:50] IELM.cv16: Hidden size: 2 	 
Training MSE: 0.20843500 	 Validating MSE: 0.71106547 	 Best VMSE: 1.43040586
[2020-10-23 13:37:50] IELM.cv16: Found new best state
[2020-10-23 13:37:50] IELM.cv16: Best vmse: 0.7111
[2020-10-23 13:37:50] IELM.cv16: Checkpoint saved to experiments/normal/ar1/IELM_ar1_h1
[2020-10-23 13:37:50] IELM.cv16: Hidden size: 3 	 
Training MSE: 0.20435838 	 Validating MSE: 0.84492314 	 Best VMSE: 0.71106547
[2020-10-23 13:37:50] IELM.cv16: Checkpoint saved to experiments/normal/ar1/IELM_ar1_h1
[2020-10-23 13:37:50] IELM.cv16: Hidden size: 4 	 
Training MSE: 0.20393330 	 Validating MSE: 0.77031922 	 Best VMSE: 0.71106547
[2020-10-23 13:37:50] IELM.cv16: Checkpoint saved to experiments/normal/ar1/IELM_ar1_h1
[2020-10-23 13:37:50] IELM.cv16: Hidden size: 5 	 
Training MSE: 0.20386954 	 Validating MSE: 0.74765539 	 Best VMSE: 0.71106547
[2020-10-23 13:37:50] IELM.cv16: Checkpoint saved to experiments/normal/ar1/IELM_ar1_h1
[2020-10-23 13:37:50] IELM.cv16: Hidden size: 6 	 
Training MSE: 0.20385990 	 Validating MSE: 0.73837847 	 Best VMSE: 0.71106547
[2020-10-23 13:37:50] IELM.cv16: Checkpoint saved to experiments/normal/ar1/IELM_ar1_h1
[2020-10-23 13:37:50] IELM.cv16: Hidden size: 7 	 
Training MSE: 0.20111333 	 Validating MSE: 0.86031568 	 Best VMSE: 0.71106547
[2020-10-23 13:37:50] IELM.cv16: Checkpoint saved to experiments/normal/ar1/IELM_ar1_h1
[2020-10-23 13:37:50] IELM.cv16: Hidden size: 8 	 
Training MSE: 0.20103823 	 Validating MSE: 0.88059551 	 Best VMSE: 0.71106547
[2020-10-23 13:37:50] IELM.cv16: Checkpoint saved to experiments/normal/ar1/IELM_ar1_h1
[2020-10-23 13:37:50] IELM.cv16: Hidden size: 9 	 
Training MSE: 0.20103540 	 Validating MSE: 0.87692976 	 Best VMSE: 0.71106547
[2020-10-23 13:37:50] IELM.cv16: Checkpoint saved to experiments/normal/ar1/IELM_ar1_h1
[2020-10-23 13:37:50] IELM.cv16: Hidden size: 10 	 
Training MSE: 0.19183363 	 Validating MSE: 0.53483820 	 Best VMSE: 0.71106547
[2020-10-23 13:37:50] IELM.cv16: Found new best state
[2020-10-23 13:37:50] IELM.cv16: Best vmse: 0.5348
[2020-10-23 13:37:50] IELM.cv16: Checkpoint saved to experiments/normal/ar1/IELM_ar1_h1
[2020-10-23 13:37:50] IELM.cv16: Hidden size: 11 	 
Training MSE: 0.16978616 	 Validating MSE: 0.71142203 	 Best VMSE: 0.53483820
[2020-10-23 13:37:50] IELM.cv16: Checkpoint saved to experiments/normal/ar1/IELM_ar1_h1
[2020-10-23 13:37:50] IELM.cv16: Hidden size: 12 	 
Training MSE: 0.16858678 	 Validating MSE: 0.63365364 	 Best VMSE: 0.53483820
[2020-10-23 13:37:50] IELM.cv16: Checkpoint saved to experiments/normal/ar1/IELM_ar1_h1
[2020-10-23 13:37:50] IELM.cv16: Hidden size: 13 	 
Training MSE: 0.16808370 	 Validating MSE: 0.65561491 	 Best VMSE: 0.53483820
[2020-10-23 13:37:50] IELM.cv16: Checkpoint saved to experiments/normal/ar1/IELM_ar1_h1
[2020-10-23 13:37:50] IELM.cv16: Hidden size: 14 	 
Training MSE: 0.14629021 	 Validating MSE: 0.17136967 	 Best VMSE: 0.53483820
[2020-10-23 13:37:50] IELM.cv16: Found new best state
[2020-10-23 13:37:50] IELM.cv16: Best vmse: 0.1714
[2020-10-23 13:37:50] IELM.cv16: Checkpoint saved to experiments/normal/ar1/IELM_ar1_h1
[2020-10-23 13:37:50] IELM.cv16: Hidden size: 15 	 
Training MSE: 0.13123503 	 Validating MSE: 0.19888414 	 Best VMSE: 0.17136967
[2020-10-23 13:37:50] IELM.cv16: Checkpoint saved to experiments/normal/ar1/IELM_ar1_h1
[2020-10-23 13:37:50] IELM.cv16: Hidden size: 16 	 
Training MSE: 0.13102123 	 Validating MSE: 0.19032511 	 Best VMSE: 0.17136967
[2020-10-23 13:37:50] IELM.cv16: Checkpoint saved to experiments/normal/ar1/IELM_ar1_h1
[2020-10-23 13:37:50] IELM.cv16: Hidden size: 17 	 
Training MSE: 0.13099125 	 Validating MSE: 0.18606392 	 Best VMSE: 0.17136967
[2020-10-23 13:37:50] IELM.cv16: Checkpoint saved to experiments/normal/ar1/IELM_ar1_h1
[2020-10-23 13:37:50] IELM.cv16: Hidden size: 18 	 
Training MSE: 0.13028479 	 Validating MSE: 0.14673968 	 Best VMSE: 0.17136967
[2020-10-23 13:37:50] IELM.cv16: Found new best state
[2020-10-23 13:37:50] IELM.cv16: Best vmse: 0.1467
[2020-10-23 13:37:50] IELM.cv16: Checkpoint saved to experiments/normal/ar1/IELM_ar1_h1
[2020-10-23 13:37:50] IELM.cv16: Hidden size: 19 	 
Training MSE: 0.12876514 	 Validating MSE: 0.15253101 	 Best VMSE: 0.14673968
[2020-10-23 13:37:50] IELM.cv16: Checkpoint saved to experiments/normal/ar1/IELM_ar1_h1
[2020-10-23 13:37:50] IELM.cv16: Hidden size: 20 	 
Training MSE: 0.12868838 	 Validating MSE: 0.15717414 	 Best VMSE: 0.14673968
[2020-10-23 13:37:50] IELM.cv16: Checkpoint saved to experiments/normal/ar1/IELM_ar1_h1
[2020-10-23 13:37:50] IELM.cv16: Hidden size: 21 	 
Training MSE: 0.12779285 	 Validating MSE: 0.12741305 	 Best VMSE: 0.14673968
[2020-10-23 13:37:50] IELM.cv16: Found new best state
[2020-10-23 13:37:50] IELM.cv16: Best vmse: 0.1274
[2020-10-23 13:37:50] IELM.cv16: Checkpoint saved to experiments/normal/ar1/IELM_ar1_h1
[2020-10-23 13:37:50] IELM.cv16: Hidden size: 22 	 
Training MSE: 0.12721244 	 Validating MSE: 0.13306548 	 Best VMSE: 0.12741305
[2020-10-23 13:37:50] IELM.cv16: Checkpoint saved to experiments/normal/ar1/IELM_ar1_h1
[2020-10-23 13:37:50] IELM.cv16: Hidden size: 23 	 
Training MSE: 0.12713858 	 Validating MSE: 0.12896030 	 Best VMSE: 0.12741305
[2020-10-23 13:37:50] IELM.cv16: Checkpoint saved to experiments/normal/ar1/IELM_ar1_h1
[2020-10-23 13:37:50] IELM.cv16: Hidden size: 24 	 
Training MSE: 0.12609832 	 Validating MSE: 0.14032111 	 Best VMSE: 0.12741305
[2020-10-23 13:37:50] IELM.cv16: Checkpoint saved to experiments/normal/ar1/IELM_ar1_h1
[2020-10-23 13:37:50] IELM.cv16: Hidden size: 25 	 
Training MSE: 0.12609750 	 Validating MSE: 0.14080013 	 Best VMSE: 0.12741305
[2020-10-23 13:37:50] IELM.cv16: Checkpoint saved to experiments/normal/ar1/IELM_ar1_h1
[2020-10-23 13:37:50] IELM.cv16: Hidden size: 26 	 
Training MSE: 0.11967408 	 Validating MSE: 0.08070482 	 Best VMSE: 0.12741305
[2020-10-23 13:37:50] IELM.cv16: Found new best state
[2020-10-23 13:37:50] IELM.cv16: Best vmse: 0.0807
[2020-10-23 13:37:50] IELM.cv16: Checkpoint saved to experiments/normal/ar1/IELM_ar1_h1
[2020-10-23 13:37:50] IELM.cv16: Hidden size: 27 	 
Training MSE: 0.11615834 	 Validating MSE: 0.09043768 	 Best VMSE: 0.08070482
[2020-10-23 13:37:50] IELM.cv16: Checkpoint saved to experiments/normal/ar1/IELM_ar1_h1
[2020-10-23 13:37:50] IELM.cv16: Hidden size: 28 	 
Training MSE: 0.11574452 	 Validating MSE: 0.07853866 	 Best VMSE: 0.08070482
[2020-10-23 13:37:50] IELM.cv16: Found new best state
[2020-10-23 13:37:50] IELM.cv16: Best vmse: 0.0785
[2020-10-23 13:37:50] IELM.cv16: Checkpoint saved to experiments/normal/ar1/IELM_ar1_h1
[2020-10-23 13:37:50] IELM.cv16: Hidden size: 29 	 
Training MSE: 0.11574439 	 Validating MSE: 0.07851321 	 Best VMSE: 0.07853866
[2020-10-23 13:37:50] IELM.cv16: Found new best state
[2020-10-23 13:37:50] IELM.cv16: Best vmse: 0.0785
[2020-10-23 13:37:50] IELM.cv16: Checkpoint saved to experiments/normal/ar1/IELM_ar1_h1
[2020-10-23 13:37:50] IELM.cv16: Hidden size: 30 	 
Training MSE: 0.11543570 	 Validating MSE: 0.07518902 	 Best VMSE: 0.07851321
[2020-10-23 13:37:50] IELM.cv16: Found new best state
[2020-10-23 13:37:50] IELM.cv16: Best vmse: 0.0752
[2020-10-23 13:37:50] IELM.cv16: Checkpoint saved to experiments/normal/ar1/IELM_ar1_h1
[2020-10-23 13:37:50] IELM.cv16: Hidden size: 31 	 
Training MSE: 0.11540323 	 Validating MSE: 0.07563163 	 Best VMSE: 0.07518902
[2020-10-23 13:37:50] IELM.cv16: Checkpoint saved to experiments/normal/ar1/IELM_ar1_h1
[2020-10-23 13:37:51] IELM.cv16: Hidden size: 32 	 
Training MSE: 0.11540296 	 Validating MSE: 0.07557588 	 Best VMSE: 0.07518902
[2020-10-23 13:37:51] IELM.cv16: Checkpoint saved to experiments/normal/ar1/IELM_ar1_h1
[2020-10-23 13:37:51] IELM.cv16: Hidden size: 33 	 
Training MSE: 0.11539598 	 Validating MSE: 0.07401621 	 Best VMSE: 0.07518902
[2020-10-23 13:37:51] IELM.cv16: Found new best state
[2020-10-23 13:37:51] IELM.cv16: Best vmse: 0.0740
[2020-10-23 13:37:51] IELM.cv16: Checkpoint saved to experiments/normal/ar1/IELM_ar1_h1
[2020-10-23 13:37:51] IELM.cv16: Hidden size: 34 	 
Training MSE: 0.11534297 	 Validating MSE: 0.07476414 	 Best VMSE: 0.07401621
[2020-10-23 13:37:51] IELM.cv16: Checkpoint saved to experiments/normal/ar1/IELM_ar1_h1
[2020-10-23 13:37:51] IELM.cv16: Hidden size: 35 	 
Training MSE: 0.11394827 	 Validating MSE: 0.06724562 	 Best VMSE: 0.07401621
[2020-10-23 13:37:51] IELM.cv16: Found new best state
[2020-10-23 13:37:51] IELM.cv16: Best vmse: 0.0672
[2020-10-23 13:37:51] IELM.cv16: Checkpoint saved to experiments/normal/ar1/IELM_ar1_h1
[2020-10-23 13:37:51] IELM.cv16: Hidden size: 36 	 
Training MSE: 0.11157663 	 Validating MSE: 0.06873645 	 Best VMSE: 0.06724562
[2020-10-23 13:37:51] IELM.cv16: Checkpoint saved to experiments/normal/ar1/IELM_ar1_h1
[2020-10-23 13:37:51] IELM.cv16: Hidden size: 37 	 
Training MSE: 0.11145530 	 Validating MSE: 0.06840754 	 Best VMSE: 0.06724562
[2020-10-23 13:37:51] IELM.cv16: Checkpoint saved to experiments/normal/ar1/IELM_ar1_h1
[2020-10-23 13:37:51] IELM.cv16: Hidden size: 38 	 
Training MSE: 0.11089391 	 Validating MSE: 0.07190732 	 Best VMSE: 0.06724562
[2020-10-23 13:37:51] IELM.cv16: Checkpoint saved to experiments/normal/ar1/IELM_ar1_h1
[2020-10-23 13:37:51] IELM.cv16: Hidden size: 39 	 
Training MSE: 0.10969574 	 Validating MSE: 0.06835692 	 Best VMSE: 0.06724562
[2020-10-23 13:37:51] IELM.cv16: Checkpoint saved to experiments/normal/ar1/IELM_ar1_h1
[2020-10-23 13:37:51] IELM.cv16: Hidden size: 40 	 
Training MSE: 0.10912500 	 Validating MSE: 0.07000403 	 Best VMSE: 0.06724562
[2020-10-23 13:37:51] IELM.cv16: Checkpoint saved to experiments/normal/ar1/IELM_ar1_h1
[2020-10-23 13:37:51] IELM.cv16: Hidden size: 41 	 
Training MSE: 0.10873935 	 Validating MSE: 0.06829759 	 Best VMSE: 0.06724562
[2020-10-23 13:37:51] IELM.cv16: Checkpoint saved to experiments/normal/ar1/IELM_ar1_h1
[2020-10-23 13:37:51] IELM.cv16: Hidden size: 42 	 
Training MSE: 0.10812552 	 Validating MSE: 0.07784534 	 Best VMSE: 0.06724562
[2020-10-23 13:37:51] IELM.cv16: Checkpoint saved to experiments/normal/ar1/IELM_ar1_h1
[2020-10-23 13:37:51] IELM.cv16: Hidden size: 43 	 
Training MSE: 0.10787804 	 Validating MSE: 0.07347295 	 Best VMSE: 0.06724562
[2020-10-23 13:37:51] IELM.cv16: Checkpoint saved to experiments/normal/ar1/IELM_ar1_h1
[2020-10-23 13:37:51] IELM.cv16: Hidden size: 44 	 
Training MSE: 0.10787625 	 Validating MSE: 0.07417841 	 Best VMSE: 0.06724562
[2020-10-23 13:37:51] IELM.cv16: Checkpoint saved to experiments/normal/ar1/IELM_ar1_h1
[2020-10-23 13:37:51] IELM.cv16: Hidden size: 45 	 
Training MSE: 0.10786691 	 Validating MSE: 0.07470375 	 Best VMSE: 0.06724562
[2020-10-23 13:37:51] IELM.cv16: Checkpoint saved to experiments/normal/ar1/IELM_ar1_h1
[2020-10-23 13:37:51] IELM.cv16: Hidden size: 46 	 
Training MSE: 0.10785510 	 Validating MSE: 0.07530385 	 Best VMSE: 0.06724562
[2020-10-23 13:37:51] IELM.cv16: Checkpoint saved to experiments/normal/ar1/IELM_ar1_h1
[2020-10-23 13:37:51] IELM.cv16: Hidden size: 47 	 
Training MSE: 0.10744999 	 Validating MSE: 0.07109075 	 Best VMSE: 0.06724562
[2020-10-23 13:37:51] IELM.cv16: Checkpoint saved to experiments/normal/ar1/IELM_ar1_h1
[2020-10-23 13:37:51] IELM.cv16: Hidden size: 48 	 
Training MSE: 0.10744623 	 Validating MSE: 0.07137679 	 Best VMSE: 0.06724562
[2020-10-23 13:37:51] IELM.cv16: Checkpoint saved to experiments/normal/ar1/IELM_ar1_h1
[2020-10-23 13:37:51] IELM.cv16: Hidden size: 49 	 
Training MSE: 0.10676560 	 Validating MSE: 0.07341155 	 Best VMSE: 0.06724562
[2020-10-23 13:37:51] IELM.cv16: Checkpoint saved to experiments/normal/ar1/IELM_ar1_h1
[2020-10-23 13:37:51] IELM.cv16: Hidden size: 50 	 
Training MSE: 0.10655452 	 Validating MSE: 0.07220878 	 Best VMSE: 0.06724562
[2020-10-23 13:37:51] IELM.cv16: Checkpoint saved to experiments/normal/ar1/IELM_ar1_h1
[2020-10-23 13:37:51] IELM.cv16: Hidden size: 51 	 
Training MSE: 0.10652515 	 Validating MSE: 0.07284894 	 Best VMSE: 0.06724562
[2020-10-23 13:37:51] IELM.cv16: Checkpoint saved to experiments/normal/ar1/IELM_ar1_h1
[2020-10-23 13:37:51] IELM.cv16: Hidden size: 52 	 
Training MSE: 0.10628747 	 Validating MSE: 0.07156869 	 Best VMSE: 0.06724562
[2020-10-23 13:37:51] IELM.cv16: Checkpoint saved to experiments/normal/ar1/IELM_ar1_h1
[2020-10-23 13:37:51] IELM.cv16: Hidden size: 53 	 
Training MSE: 0.10628282 	 Validating MSE: 0.07125744 	 Best VMSE: 0.06724562
[2020-10-23 13:37:51] IELM.cv16: Checkpoint saved to experiments/normal/ar1/IELM_ar1_h1
[2020-10-23 13:37:51] IELM.cv16: Hidden size: 54 	 
Training MSE: 0.10593703 	 Validating MSE: 0.07358795 	 Best VMSE: 0.06724562
[2020-10-23 13:37:51] IELM.cv16: Checkpoint saved to experiments/normal/ar1/IELM_ar1_h1
[2020-10-23 13:37:51] IELM.cv16: Hidden size: 55 	 
Training MSE: 0.10487205 	 Validating MSE: 0.06468307 	 Best VMSE: 0.06724562
[2020-10-23 13:37:51] IELM.cv16: Found new best state
[2020-10-23 13:37:51] IELM.cv16: Best vmse: 0.0647
[2020-10-23 13:37:51] IELM.cv16: Checkpoint saved to experiments/normal/ar1/IELM_ar1_h1
[2020-10-23 13:37:51] IELM.cv16: Hidden size: 56 	 
Training MSE: 0.10476516 	 Validating MSE: 0.06216706 	 Best VMSE: 0.06468307
[2020-10-23 13:37:51] IELM.cv16: Found new best state
[2020-10-23 13:37:51] IELM.cv16: Best vmse: 0.0622
[2020-10-23 13:37:51] IELM.cv16: Checkpoint saved to experiments/normal/ar1/IELM_ar1_h1
[2020-10-23 13:37:51] IELM.cv16: Hidden size: 57 	 
Training MSE: 0.10283434 	 Validating MSE: 0.06656026 	 Best VMSE: 0.06216706
[2020-10-23 13:37:51] IELM.cv16: Checkpoint saved to experiments/normal/ar1/IELM_ar1_h1
[2020-10-23 13:37:51] IELM.cv16: Hidden size: 58 	 
Training MSE: 0.10165512 	 Validating MSE: 0.06206058 	 Best VMSE: 0.06216706
[2020-10-23 13:37:51] IELM.cv16: Found new best state
[2020-10-23 13:37:51] IELM.cv16: Best vmse: 0.0621
[2020-10-23 13:37:51] IELM.cv16: Checkpoint saved to experiments/normal/ar1/IELM_ar1_h1
[2020-10-23 13:37:51] IELM.cv16: Hidden size: 59 	 
Training MSE: 0.10092579 	 Validating MSE: 0.05775813 	 Best VMSE: 0.06206058
[2020-10-23 13:37:51] IELM.cv16: Found new best state
[2020-10-23 13:37:51] IELM.cv16: Best vmse: 0.0578
[2020-10-23 13:37:51] IELM.cv16: Checkpoint saved to experiments/normal/ar1/IELM_ar1_h1
[2020-10-23 13:37:51] IELM.cv16: Hidden size: 60 	 
Training MSE: 0.09941781 	 Validating MSE: 0.07660066 	 Best VMSE: 0.05775813
[2020-10-23 13:37:51] IELM.cv16: Checkpoint saved to experiments/normal/ar1/IELM_ar1_h1
[2020-10-23 13:37:51] IELM.cv16: Hidden size: 61 	 
Training MSE: 0.09941778 	 Validating MSE: 0.07658428 	 Best VMSE: 0.05775813
[2020-10-23 13:37:51] IELM.cv16: Checkpoint saved to experiments/normal/ar1/IELM_ar1_h1
[2020-10-23 13:37:51] IELM.cv16: Hidden size: 62 	 
Training MSE: 0.09934645 	 Validating MSE: 0.08122437 	 Best VMSE: 0.05775813
[2020-10-23 13:37:51] IELM.cv16: Checkpoint saved to experiments/normal/ar1/IELM_ar1_h1
[2020-10-23 13:37:51] IELM.cv16: Hidden size: 63 	 
Training MSE: 0.09926149 	 Validating MSE: 0.08373991 	 Best VMSE: 0.05775813
[2020-10-23 13:37:51] IELM.cv16: Checkpoint saved to experiments/normal/ar1/IELM_ar1_h1
[2020-10-23 13:37:51] IELM.cv16: Hidden size: 64 	 
Training MSE: 0.09924576 	 Validating MSE: 0.08470128 	 Best VMSE: 0.05775813
[2020-10-23 13:37:51] IELM.cv16: Checkpoint saved to experiments/normal/ar1/IELM_ar1_h1
[2020-10-23 13:37:51] IELM.cv16: Hidden size: 65 	 
Training MSE: 0.09898145 	 Validating MSE: 0.08593629 	 Best VMSE: 0.05775813
[2020-10-23 13:37:51] IELM.cv16: Checkpoint saved to experiments/normal/ar1/IELM_ar1_h1
[2020-10-23 13:37:51] IELM.cv16: Hidden size: 66 	 
Training MSE: 0.09897056 	 Validating MSE: 0.08495033 	 Best VMSE: 0.05775813
[2020-10-23 13:37:51] IELM.cv16: Checkpoint saved to experiments/normal/ar1/IELM_ar1_h1
[2020-10-23 13:37:51] IELM.cv16: Hidden size: 67 	 
Training MSE: 0.09890356 	 Validating MSE: 0.08582352 	 Best VMSE: 0.05775813
[2020-10-23 13:37:51] IELM.cv16: Checkpoint saved to experiments/normal/ar1/IELM_ar1_h1
[2020-10-23 13:37:51] IELM.cv16: Hidden size: 68 	 
Training MSE: 0.09856939 	 Validating MSE: 0.07377666 	 Best VMSE: 0.05775813
[2020-10-23 13:37:51] IELM.cv16: Checkpoint saved to experiments/normal/ar1/IELM_ar1_h1
[2020-10-23 13:37:52] IELM.cv16: Hidden size: 69 	 
Training MSE: 0.09852325 	 Validating MSE: 0.07478667 	 Best VMSE: 0.05775813
[2020-10-23 13:37:52] IELM.cv16: Checkpoint saved to experiments/normal/ar1/IELM_ar1_h1
[2020-10-23 13:37:52] IELM.cv16: Hidden size: 70 	 
Training MSE: 0.09820329 	 Validating MSE: 0.07282504 	 Best VMSE: 0.05775813
[2020-10-23 13:37:52] IELM.cv16: Checkpoint saved to experiments/normal/ar1/IELM_ar1_h1
[2020-10-23 13:37:52] IELM.cv16: Hidden size: 71 	 
Training MSE: 0.09819999 	 Validating MSE: 0.07314401 	 Best VMSE: 0.05775813
[2020-10-23 13:37:52] IELM.cv16: Checkpoint saved to experiments/normal/ar1/IELM_ar1_h1
[2020-10-23 13:37:52] IELM.cv16: Hidden size: 72 	 
Training MSE: 0.09785473 	 Validating MSE: 0.06531461 	 Best VMSE: 0.05775813
[2020-10-23 13:37:52] IELM.cv16: Checkpoint saved to experiments/normal/ar1/IELM_ar1_h1
[2020-10-23 13:37:52] IELM.cv16: Hidden size: 73 	 
Training MSE: 0.09710968 	 Validating MSE: 0.06721063 	 Best VMSE: 0.05775813
[2020-10-23 13:37:52] IELM.cv16: Checkpoint saved to experiments/normal/ar1/IELM_ar1_h1
[2020-10-23 13:37:52] IELM.cv16: Hidden size: 74 	 
Training MSE: 0.09705456 	 Validating MSE: 0.06875249 	 Best VMSE: 0.05775813
[2020-10-23 13:37:52] IELM.cv16: Checkpoint saved to experiments/normal/ar1/IELM_ar1_h1
[2020-10-23 13:37:52] IELM.cv16: Hidden size: 75 	 
Training MSE: 0.09643380 	 Validating MSE: 0.06292593 	 Best VMSE: 0.05775813
[2020-10-23 13:37:52] IELM.cv16: Checkpoint saved to experiments/normal/ar1/IELM_ar1_h1
[2020-10-23 13:37:52] IELM.cv16: Hidden size: 76 	 
Training MSE: 0.09633230 	 Validating MSE: 0.06330069 	 Best VMSE: 0.05775813
[2020-10-23 13:37:52] IELM.cv16: Checkpoint saved to experiments/normal/ar1/IELM_ar1_h1
[2020-10-23 13:37:52] IELM.cv16: Hidden size: 77 	 
Training MSE: 0.09625591 	 Validating MSE: 0.06380486 	 Best VMSE: 0.05775813
[2020-10-23 13:37:52] IELM.cv16: Checkpoint saved to experiments/normal/ar1/IELM_ar1_h1
[2020-10-23 13:37:52] IELM.cv16: Hidden size: 78 	 
Training MSE: 0.09608692 	 Validating MSE: 0.05896033 	 Best VMSE: 0.05775813
[2020-10-23 13:37:52] IELM.cv16: Checkpoint saved to experiments/normal/ar1/IELM_ar1_h1
[2020-10-23 13:37:52] IELM.cv16: Hidden size: 79 	 
Training MSE: 0.09578095 	 Validating MSE: 0.05780173 	 Best VMSE: 0.05775813
[2020-10-23 13:37:52] IELM.cv16: Checkpoint saved to experiments/normal/ar1/IELM_ar1_h1
[2020-10-23 13:37:52] IELM.cv16: Hidden size: 80 	 
Training MSE: 0.09542526 	 Validating MSE: 0.05790599 	 Best VMSE: 0.05775813
[2020-10-23 13:37:52] IELM.cv16: Checkpoint saved to experiments/normal/ar1/IELM_ar1_h1
[2020-10-23 13:37:52] IELM.cv16: Hidden size: 81 	 
Training MSE: 0.09265970 	 Validating MSE: 0.06977373 	 Best VMSE: 0.05775813
[2020-10-23 13:37:52] IELM.cv16: Checkpoint saved to experiments/normal/ar1/IELM_ar1_h1
[2020-10-23 13:37:52] IELM.cv16: Hidden size: 82 	 
Training MSE: 0.09007715 	 Validating MSE: 0.05591945 	 Best VMSE: 0.05775813
[2020-10-23 13:37:52] IELM.cv16: Found new best state
[2020-10-23 13:37:52] IELM.cv16: Best vmse: 0.0559
[2020-10-23 13:37:52] IELM.cv16: Checkpoint saved to experiments/normal/ar1/IELM_ar1_h1
[2020-10-23 13:37:52] IELM.cv16: Hidden size: 83 	 
Training MSE: 0.08981343 	 Validating MSE: 0.06017367 	 Best VMSE: 0.05591945
[2020-10-23 13:37:52] IELM.cv16: Checkpoint saved to experiments/normal/ar1/IELM_ar1_h1
[2020-10-23 13:37:52] IELM.cv16: Hidden size: 84 	 
Training MSE: 0.08970792 	 Validating MSE: 0.05837968 	 Best VMSE: 0.05591945
[2020-10-23 13:37:52] IELM.cv16: Checkpoint saved to experiments/normal/ar1/IELM_ar1_h1
[2020-10-23 13:37:52] IELM.cv16: Hidden size: 85 	 
Training MSE: 0.08970381 	 Validating MSE: 0.05831503 	 Best VMSE: 0.05591945
[2020-10-23 13:37:52] IELM.cv16: Checkpoint saved to experiments/normal/ar1/IELM_ar1_h1
[2020-10-23 13:37:52] IELM.cv16: Hidden size: 86 	 
Training MSE: 0.08885810 	 Validating MSE: 0.05377006 	 Best VMSE: 0.05591945
[2020-10-23 13:37:52] IELM.cv16: Found new best state
[2020-10-23 13:37:52] IELM.cv16: Best vmse: 0.0538
[2020-10-23 13:37:52] IELM.cv16: Checkpoint saved to experiments/normal/ar1/IELM_ar1_h1
[2020-10-23 13:37:52] IELM.cv16: Hidden size: 87 	 
Training MSE: 0.08758873 	 Validating MSE: 0.05380097 	 Best VMSE: 0.05377006
[2020-10-23 13:37:52] IELM.cv16: Checkpoint saved to experiments/normal/ar1/IELM_ar1_h1
[2020-10-23 13:37:52] IELM.cv16: Hidden size: 88 	 
Training MSE: 0.08717181 	 Validating MSE: 0.05294337 	 Best VMSE: 0.05377006
[2020-10-23 13:37:52] IELM.cv16: Found new best state
[2020-10-23 13:37:52] IELM.cv16: Best vmse: 0.0529
[2020-10-23 13:37:52] IELM.cv16: Checkpoint saved to experiments/normal/ar1/IELM_ar1_h1
[2020-10-23 13:37:52] IELM.cv16: Hidden size: 89 	 
Training MSE: 0.08701712 	 Validating MSE: 0.05612766 	 Best VMSE: 0.05294337
[2020-10-23 13:37:52] IELM.cv16: Checkpoint saved to experiments/normal/ar1/IELM_ar1_h1
[2020-10-23 13:37:52] IELM.cv16: Hidden size: 90 	 
Training MSE: 0.08682786 	 Validating MSE: 0.05783481 	 Best VMSE: 0.05294337
[2020-10-23 13:37:52] IELM.cv16: Checkpoint saved to experiments/normal/ar1/IELM_ar1_h1
[2020-10-23 13:37:52] IELM.cv16: Hidden size: 91 	 
Training MSE: 0.08662701 	 Validating MSE: 0.05572379 	 Best VMSE: 0.05294337
[2020-10-23 13:37:52] IELM.cv16: Checkpoint saved to experiments/normal/ar1/IELM_ar1_h1
[2020-10-23 13:37:52] IELM.cv16: Hidden size: 92 	 
Training MSE: 0.08653989 	 Validating MSE: 0.05469424 	 Best VMSE: 0.05294337
[2020-10-23 13:37:52] IELM.cv16: Checkpoint saved to experiments/normal/ar1/IELM_ar1_h1
[2020-10-23 13:37:52] IELM.cv16: Hidden size: 93 	 
Training MSE: 0.08623218 	 Validating MSE: 0.05617783 	 Best VMSE: 0.05294337
[2020-10-23 13:37:52] IELM.cv16: Checkpoint saved to experiments/normal/ar1/IELM_ar1_h1
[2020-10-23 13:37:52] IELM.cv16: Hidden size: 94 	 
Training MSE: 0.08612300 	 Validating MSE: 0.05741496 	 Best VMSE: 0.05294337
[2020-10-23 13:37:52] IELM.cv16: Checkpoint saved to experiments/normal/ar1/IELM_ar1_h1
[2020-10-23 13:37:52] IELM.cv16: Hidden size: 95 	 
Training MSE: 0.08589718 	 Validating MSE: 0.06016662 	 Best VMSE: 0.05294337
[2020-10-23 13:37:52] IELM.cv16: Checkpoint saved to experiments/normal/ar1/IELM_ar1_h1
[2020-10-23 13:37:52] IELM.cv16: Hidden size: 96 	 
Training MSE: 0.08395252 	 Validating MSE: 0.05151618 	 Best VMSE: 0.05294337
[2020-10-23 13:37:52] IELM.cv16: Found new best state
[2020-10-23 13:37:52] IELM.cv16: Best vmse: 0.0515
[2020-10-23 13:37:52] IELM.cv16: Checkpoint saved to experiments/normal/ar1/IELM_ar1_h1
[2020-10-23 13:37:52] IELM.cv16: Hidden size: 97 	 
Training MSE: 0.08343552 	 Validating MSE: 0.05442949 	 Best VMSE: 0.05151618
[2020-10-23 13:37:52] IELM.cv16: Checkpoint saved to experiments/normal/ar1/IELM_ar1_h1
[2020-10-23 13:37:52] IELM.cv16: Hidden size: 98 	 
Training MSE: 0.08339553 	 Validating MSE: 0.05342108 	 Best VMSE: 0.05151618
[2020-10-23 13:37:52] IELM.cv16: Checkpoint saved to experiments/normal/ar1/IELM_ar1_h1
[2020-10-23 13:37:52] IELM.cv16: Hidden size: 99 	 
Training MSE: 0.08317893 	 Validating MSE: 0.05204825 	 Best VMSE: 0.05151618
[2020-10-23 13:37:52] IELM.cv16: Checkpoint saved to experiments/normal/ar1/IELM_ar1_h1
[2020-10-23 13:37:52] IELM.cv16: Hidden size: 100 	 
Training MSE: 0.08306936 	 Validating MSE: 0.05267697 	 Best VMSE: 0.05151618
[2020-10-23 13:37:52] IELM.cv16: Checkpoint saved to experiments/normal/ar1/IELM_ar1_h1
[2020-10-23 13:37:52] IELM.cv16: Restoring best parameters from experiments/normal/ar1/IELM_ar1_h1/train.cv16.pth.tar
[2020-10-23 13:37:52] IELM.cv16: ar1	 H: 1	 Trail: 48 
Testing RMSE: 0.5694 	 MAPE: 0.1033 	 SMAPE: 0.05563
