[2020-10-23 13:35:54] IELM.cv1: Loading the datasets and model for 6th-batch-training
[2020-10-23 13:35:54] IELM.cv1: Argument hidden_size: 100
[2020-10-23 13:35:54] IELM.cv1: Argument candidate_size: 300
[2020-10-23 13:35:54] IELM.cv1: Argument Lambdas: [0.5, 1, 5, 15, 30, 50, 100, 150, 200]
[2020-10-23 13:35:54] IELM.cv1: Argument Lambdas_std: [0.01, 0.05, 0.1, 0.5, 1]
[2020-10-23 13:35:54] IELM.cv1: Argument r: [0.8, 0.9, 0.99, 0.9999, 0.999999]
[2020-10-23 13:35:54] IELM.cv1: Argument tolerance: 0
[2020-10-23 13:35:54] IELM.cv1: Argument device: device(type='cuda')
[2020-10-23 13:35:54] IELM.cv1: Argument dataset: 'ar1'
[2020-10-23 13:35:54] IELM.cv1: Argument H: 1
[2020-10-23 13:35:54] IELM.cv1: Argument k: 5
[2020-10-23 13:35:54] IELM.cv1: Argument test: False
[2020-10-23 13:35:54] IELM.cv1: Argument normal: True
[2020-10-23 13:35:54] IELM.cv1: Argument diff: False
[2020-10-23 13:35:54] IELM.cv1: Argument times: 60
[2020-10-23 13:35:54] IELM.cv1: Argument datasets: {'ar1': {'lag_order': 15, 'normal': True, 'cov_dim': 0, 'kernel_size': 3}, 'wti': {'lag_order': 25, 'normal': True, 'cov_dim': 0, 'kernel_size': 5}, 'gold': {'lag_order': 25, 'normal': True, 'cov_dim': 0, 'kernel_size': 5}, 'sp': {'lag_order': 25, 'normal': True, 'cov_dim': 0, 'kernel_size': 5}, 'brent': {'lag_order': 24, 'normal': True, 'cov_dim': 0, 'kernel_size': 6}, 'sili': {'lag_order': 26, 'normal': True, 'cov_dim': 0, 'kernel_size': 6}}
[2020-10-23 13:35:54] IELM.cv1: Argument steps: 15
[2020-10-23 13:35:54] IELM.cv1: Argument experiment: 'experiments/normal/ar1'
[2020-10-23 13:35:54] IELM.cv1: Argument scaler: StandardScaler()
[2020-10-23 13:35:54] IELM.cv1: Argument model_name: 'IELM_ar1_h1'
[2020-10-23 13:35:54] IELM.cv1: Argument model_dir: 'experiments/normal/ar1/IELM_ar1_h1'
[2020-10-23 13:35:54] IELM.cv1: Argument restore: True
[2020-10-23 13:35:54] IELM.cv1: Argument cv: 1
[2020-10-23 13:35:54] IELM.cv1: Argument plot_dir: 'experiments/normal/ar1/IELM_ar1_h1/figures'
[2020-10-23 13:35:54] IELM.cv1: Using Cuda...
[2020-10-23 13:35:54] IELM.cv1: Loading complete.
[2020-10-23 13:35:54] IELM.cv1: Model: 
IELM(
  (loss_fn): MSELoss()
)
[2020-10-23 13:35:54] IELM.cv1: Hidden size: 1 	 
Training MSE: 0.28909069 	 Validating MSE: 1.80567431 	 Best VMSE: 9999.00000000
[2020-10-23 13:35:54] IELM.cv1: Found new best state
[2020-10-23 13:35:54] IELM.cv1: Best vmse: 1.8057
[2020-10-23 13:35:54] IELM.cv1: Checkpoint saved to experiments/normal/ar1/IELM_ar1_h1
[2020-10-23 13:35:54] IELM.cv1: Hidden size: 2 	 
Training MSE: 0.23588449 	 Validating MSE: 0.50538445 	 Best VMSE: 1.80567431
[2020-10-23 13:35:54] IELM.cv1: Found new best state
[2020-10-23 13:35:54] IELM.cv1: Best vmse: 0.5054
[2020-10-23 13:35:54] IELM.cv1: Checkpoint saved to experiments/normal/ar1/IELM_ar1_h1
[2020-10-23 13:35:54] IELM.cv1: Hidden size: 3 	 
Training MSE: 0.22827040 	 Validating MSE: 0.69066072 	 Best VMSE: 0.50538445
[2020-10-23 13:35:54] IELM.cv1: Checkpoint saved to experiments/normal/ar1/IELM_ar1_h1
[2020-10-23 13:35:54] IELM.cv1: Hidden size: 4 	 
Training MSE: 0.22777525 	 Validating MSE: 0.73571700 	 Best VMSE: 0.50538445
[2020-10-23 13:35:54] IELM.cv1: Checkpoint saved to experiments/normal/ar1/IELM_ar1_h1
[2020-10-23 13:35:54] IELM.cv1: Hidden size: 5 	 
Training MSE: 0.22770400 	 Validating MSE: 0.75288850 	 Best VMSE: 0.50538445
[2020-10-23 13:35:54] IELM.cv1: Checkpoint saved to experiments/normal/ar1/IELM_ar1_h1
[2020-10-23 13:35:54] IELM.cv1: Hidden size: 6 	 
Training MSE: 0.22592168 	 Validating MSE: 0.64015102 	 Best VMSE: 0.50538445
[2020-10-23 13:35:54] IELM.cv1: Checkpoint saved to experiments/normal/ar1/IELM_ar1_h1
[2020-10-23 13:35:54] IELM.cv1: Hidden size: 7 	 
Training MSE: 0.20999146 	 Validating MSE: 0.70333964 	 Best VMSE: 0.50538445
[2020-10-23 13:35:54] IELM.cv1: Checkpoint saved to experiments/normal/ar1/IELM_ar1_h1
[2020-10-23 13:35:54] IELM.cv1: Hidden size: 8 	 
Training MSE: 0.19586381 	 Validating MSE: 0.36898407 	 Best VMSE: 0.50538445
[2020-10-23 13:35:54] IELM.cv1: Found new best state
[2020-10-23 13:35:54] IELM.cv1: Best vmse: 0.3690
[2020-10-23 13:35:54] IELM.cv1: Checkpoint saved to experiments/normal/ar1/IELM_ar1_h1
[2020-10-23 13:35:54] IELM.cv1: Hidden size: 9 	 
Training MSE: 0.19566706 	 Validating MSE: 0.32870272 	 Best VMSE: 0.36898407
[2020-10-23 13:35:54] IELM.cv1: Found new best state
[2020-10-23 13:35:54] IELM.cv1: Best vmse: 0.3287
[2020-10-23 13:35:54] IELM.cv1: Checkpoint saved to experiments/normal/ar1/IELM_ar1_h1
[2020-10-23 13:35:54] IELM.cv1: Hidden size: 10 	 
Training MSE: 0.18478534 	 Validating MSE: 0.40946579 	 Best VMSE: 0.32870272
[2020-10-23 13:35:54] IELM.cv1: Checkpoint saved to experiments/normal/ar1/IELM_ar1_h1
[2020-10-23 13:35:54] IELM.cv1: Hidden size: 11 	 
Training MSE: 0.18475910 	 Validating MSE: 0.40404066 	 Best VMSE: 0.32870272
[2020-10-23 13:35:54] IELM.cv1: Checkpoint saved to experiments/normal/ar1/IELM_ar1_h1
[2020-10-23 13:35:54] IELM.cv1: Hidden size: 12 	 
Training MSE: 0.17850132 	 Validating MSE: 0.30111554 	 Best VMSE: 0.32870272
[2020-10-23 13:35:54] IELM.cv1: Found new best state
[2020-10-23 13:35:54] IELM.cv1: Best vmse: 0.3011
[2020-10-23 13:35:54] IELM.cv1: Checkpoint saved to experiments/normal/ar1/IELM_ar1_h1
[2020-10-23 13:35:54] IELM.cv1: Hidden size: 13 	 
Training MSE: 0.16264287 	 Validating MSE: 0.32953134 	 Best VMSE: 0.30111554
[2020-10-23 13:35:54] IELM.cv1: Checkpoint saved to experiments/normal/ar1/IELM_ar1_h1
[2020-10-23 13:35:54] IELM.cv1: Hidden size: 14 	 
Training MSE: 0.14980367 	 Validating MSE: 0.13360064 	 Best VMSE: 0.30111554
[2020-10-23 13:35:54] IELM.cv1: Found new best state
[2020-10-23 13:35:54] IELM.cv1: Best vmse: 0.1336
[2020-10-23 13:35:54] IELM.cv1: Checkpoint saved to experiments/normal/ar1/IELM_ar1_h1
[2020-10-23 13:35:54] IELM.cv1: Hidden size: 15 	 
Training MSE: 0.14318575 	 Validating MSE: 0.20851195 	 Best VMSE: 0.13360064
[2020-10-23 13:35:54] IELM.cv1: Checkpoint saved to experiments/normal/ar1/IELM_ar1_h1
[2020-10-23 13:35:54] IELM.cv1: Hidden size: 16 	 
Training MSE: 0.14317554 	 Validating MSE: 0.20788050 	 Best VMSE: 0.13360064
[2020-10-23 13:35:54] IELM.cv1: Checkpoint saved to experiments/normal/ar1/IELM_ar1_h1
[2020-10-23 13:35:54] IELM.cv1: Hidden size: 17 	 
Training MSE: 0.14143498 	 Validating MSE: 0.18962209 	 Best VMSE: 0.13360064
[2020-10-23 13:35:54] IELM.cv1: Checkpoint saved to experiments/normal/ar1/IELM_ar1_h1
[2020-10-23 13:35:54] IELM.cv1: Hidden size: 18 	 
Training MSE: 0.14092091 	 Validating MSE: 0.16006134 	 Best VMSE: 0.13360064
[2020-10-23 13:35:54] IELM.cv1: Checkpoint saved to experiments/normal/ar1/IELM_ar1_h1
[2020-10-23 13:35:54] IELM.cv1: Hidden size: 19 	 
Training MSE: 0.14017294 	 Validating MSE: 0.13515611 	 Best VMSE: 0.13360064
[2020-10-23 13:35:54] IELM.cv1: Checkpoint saved to experiments/normal/ar1/IELM_ar1_h1
[2020-10-23 13:35:54] IELM.cv1: Hidden size: 20 	 
Training MSE: 0.13122578 	 Validating MSE: 0.16685998 	 Best VMSE: 0.13360064
[2020-10-23 13:35:54] IELM.cv1: Checkpoint saved to experiments/normal/ar1/IELM_ar1_h1
[2020-10-23 13:35:54] IELM.cv1: Hidden size: 21 	 
Training MSE: 0.12001614 	 Validating MSE: 0.08830801 	 Best VMSE: 0.13360064
[2020-10-23 13:35:54] IELM.cv1: Found new best state
[2020-10-23 13:35:54] IELM.cv1: Best vmse: 0.0883
[2020-10-23 13:35:54] IELM.cv1: Checkpoint saved to experiments/normal/ar1/IELM_ar1_h1
[2020-10-23 13:35:54] IELM.cv1: Hidden size: 22 	 
Training MSE: 0.11526769 	 Validating MSE: 0.09572695 	 Best VMSE: 0.08830801
[2020-10-23 13:35:54] IELM.cv1: Checkpoint saved to experiments/normal/ar1/IELM_ar1_h1
[2020-10-23 13:35:54] IELM.cv1: Hidden size: 23 	 
Training MSE: 0.11412984 	 Validating MSE: 0.08393082 	 Best VMSE: 0.08830801
[2020-10-23 13:35:54] IELM.cv1: Found new best state
[2020-10-23 13:35:54] IELM.cv1: Best vmse: 0.0839
[2020-10-23 13:35:54] IELM.cv1: Checkpoint saved to experiments/normal/ar1/IELM_ar1_h1
[2020-10-23 13:35:54] IELM.cv1: Hidden size: 24 	 
Training MSE: 0.11384526 	 Validating MSE: 0.09431384 	 Best VMSE: 0.08393082
[2020-10-23 13:35:54] IELM.cv1: Checkpoint saved to experiments/normal/ar1/IELM_ar1_h1
[2020-10-23 13:35:54] IELM.cv1: Hidden size: 25 	 
Training MSE: 0.11381093 	 Validating MSE: 0.09292491 	 Best VMSE: 0.08393082
[2020-10-23 13:35:54] IELM.cv1: Checkpoint saved to experiments/normal/ar1/IELM_ar1_h1
[2020-10-23 13:35:54] IELM.cv1: Hidden size: 26 	 
Training MSE: 0.11376223 	 Validating MSE: 0.08985422 	 Best VMSE: 0.08393082
[2020-10-23 13:35:54] IELM.cv1: Checkpoint saved to experiments/normal/ar1/IELM_ar1_h1
[2020-10-23 13:35:54] IELM.cv1: Hidden size: 27 	 
Training MSE: 0.11277223 	 Validating MSE: 0.09252963 	 Best VMSE: 0.08393082
[2020-10-23 13:35:54] IELM.cv1: Checkpoint saved to experiments/normal/ar1/IELM_ar1_h1
[2020-10-23 13:35:54] IELM.cv1: Hidden size: 28 	 
Training MSE: 0.11207914 	 Validating MSE: 0.09806100 	 Best VMSE: 0.08393082
[2020-10-23 13:35:54] IELM.cv1: Checkpoint saved to experiments/normal/ar1/IELM_ar1_h1
[2020-10-23 13:35:55] IELM.cv1: Hidden size: 29 	 
Training MSE: 0.10996544 	 Validating MSE: 0.08826452 	 Best VMSE: 0.08393082
[2020-10-23 13:35:55] IELM.cv1: Checkpoint saved to experiments/normal/ar1/IELM_ar1_h1
[2020-10-23 13:35:55] IELM.cv1: Hidden size: 30 	 
Training MSE: 0.10922255 	 Validating MSE: 0.10251103 	 Best VMSE: 0.08393082
[2020-10-23 13:35:55] IELM.cv1: Checkpoint saved to experiments/normal/ar1/IELM_ar1_h1
[2020-10-23 13:35:55] IELM.cv1: Hidden size: 31 	 
Training MSE: 0.10817354 	 Validating MSE: 0.08283440 	 Best VMSE: 0.08393082
[2020-10-23 13:35:55] IELM.cv1: Found new best state
[2020-10-23 13:35:55] IELM.cv1: Best vmse: 0.0828
[2020-10-23 13:35:55] IELM.cv1: Checkpoint saved to experiments/normal/ar1/IELM_ar1_h1
[2020-10-23 13:35:55] IELM.cv1: Hidden size: 32 	 
Training MSE: 0.10759392 	 Validating MSE: 0.08456621 	 Best VMSE: 0.08283440
[2020-10-23 13:35:55] IELM.cv1: Checkpoint saved to experiments/normal/ar1/IELM_ar1_h1
[2020-10-23 13:35:55] IELM.cv1: Hidden size: 33 	 
Training MSE: 0.10676496 	 Validating MSE: 0.07663534 	 Best VMSE: 0.08283440
[2020-10-23 13:35:55] IELM.cv1: Found new best state
[2020-10-23 13:35:55] IELM.cv1: Best vmse: 0.0766
[2020-10-23 13:35:55] IELM.cv1: Checkpoint saved to experiments/normal/ar1/IELM_ar1_h1
[2020-10-23 13:35:55] IELM.cv1: Hidden size: 34 	 
Training MSE: 0.10602454 	 Validating MSE: 0.07996058 	 Best VMSE: 0.07663534
[2020-10-23 13:35:55] IELM.cv1: Checkpoint saved to experiments/normal/ar1/IELM_ar1_h1
[2020-10-23 13:35:55] IELM.cv1: Hidden size: 35 	 
Training MSE: 0.10596787 	 Validating MSE: 0.07965042 	 Best VMSE: 0.07663534
[2020-10-23 13:35:55] IELM.cv1: Checkpoint saved to experiments/normal/ar1/IELM_ar1_h1
[2020-10-23 13:35:55] IELM.cv1: Hidden size: 36 	 
Training MSE: 0.10562988 	 Validating MSE: 0.08247769 	 Best VMSE: 0.07663534
[2020-10-23 13:35:55] IELM.cv1: Checkpoint saved to experiments/normal/ar1/IELM_ar1_h1
[2020-10-23 13:35:55] IELM.cv1: Hidden size: 37 	 
Training MSE: 0.10555954 	 Validating MSE: 0.08297103 	 Best VMSE: 0.07663534
[2020-10-23 13:35:55] IELM.cv1: Checkpoint saved to experiments/normal/ar1/IELM_ar1_h1
[2020-10-23 13:35:55] IELM.cv1: Hidden size: 38 	 
Training MSE: 0.10553572 	 Validating MSE: 0.08268681 	 Best VMSE: 0.07663534
[2020-10-23 13:35:55] IELM.cv1: Checkpoint saved to experiments/normal/ar1/IELM_ar1_h1
[2020-10-23 13:35:55] IELM.cv1: Hidden size: 39 	 
Training MSE: 0.10539711 	 Validating MSE: 0.08137315 	 Best VMSE: 0.07663534
[2020-10-23 13:35:55] IELM.cv1: Checkpoint saved to experiments/normal/ar1/IELM_ar1_h1
[2020-10-23 13:35:55] IELM.cv1: Hidden size: 40 	 
Training MSE: 0.10539496 	 Validating MSE: 0.08126067 	 Best VMSE: 0.07663534
[2020-10-23 13:35:55] IELM.cv1: Checkpoint saved to experiments/normal/ar1/IELM_ar1_h1
[2020-10-23 13:35:55] IELM.cv1: Hidden size: 41 	 
Training MSE: 0.10455611 	 Validating MSE: 0.06847049 	 Best VMSE: 0.07663534
[2020-10-23 13:35:55] IELM.cv1: Found new best state
[2020-10-23 13:35:55] IELM.cv1: Best vmse: 0.0685
[2020-10-23 13:35:55] IELM.cv1: Checkpoint saved to experiments/normal/ar1/IELM_ar1_h1
[2020-10-23 13:35:55] IELM.cv1: Hidden size: 42 	 
Training MSE: 0.10141106 	 Validating MSE: 0.07247797 	 Best VMSE: 0.06847049
[2020-10-23 13:35:55] IELM.cv1: Checkpoint saved to experiments/normal/ar1/IELM_ar1_h1
[2020-10-23 13:35:55] IELM.cv1: Hidden size: 43 	 
Training MSE: 0.10129941 	 Validating MSE: 0.07028765 	 Best VMSE: 0.06847049
[2020-10-23 13:35:55] IELM.cv1: Checkpoint saved to experiments/normal/ar1/IELM_ar1_h1
[2020-10-23 13:35:55] IELM.cv1: Hidden size: 44 	 
Training MSE: 0.09518684 	 Validating MSE: 0.06677822 	 Best VMSE: 0.06847049
[2020-10-23 13:35:55] IELM.cv1: Found new best state
[2020-10-23 13:35:55] IELM.cv1: Best vmse: 0.0668
[2020-10-23 13:35:55] IELM.cv1: Checkpoint saved to experiments/normal/ar1/IELM_ar1_h1
[2020-10-23 13:35:55] IELM.cv1: Hidden size: 45 	 
Training MSE: 0.09478728 	 Validating MSE: 0.06471418 	 Best VMSE: 0.06677822
[2020-10-23 13:35:55] IELM.cv1: Found new best state
[2020-10-23 13:35:55] IELM.cv1: Best vmse: 0.0647
[2020-10-23 13:35:55] IELM.cv1: Checkpoint saved to experiments/normal/ar1/IELM_ar1_h1
[2020-10-23 13:35:55] IELM.cv1: Hidden size: 46 	 
Training MSE: 0.08982924 	 Validating MSE: 0.06280042 	 Best VMSE: 0.06471418
[2020-10-23 13:35:55] IELM.cv1: Found new best state
[2020-10-23 13:35:55] IELM.cv1: Best vmse: 0.0628
[2020-10-23 13:35:55] IELM.cv1: Checkpoint saved to experiments/normal/ar1/IELM_ar1_h1
[2020-10-23 13:35:55] IELM.cv1: Hidden size: 47 	 
Training MSE: 0.08838211 	 Validating MSE: 0.05992099 	 Best VMSE: 0.06280042
[2020-10-23 13:35:55] IELM.cv1: Found new best state
[2020-10-23 13:35:55] IELM.cv1: Best vmse: 0.0599
[2020-10-23 13:35:55] IELM.cv1: Checkpoint saved to experiments/normal/ar1/IELM_ar1_h1
[2020-10-23 13:35:55] IELM.cv1: Hidden size: 48 	 
Training MSE: 0.08817042 	 Validating MSE: 0.05995472 	 Best VMSE: 0.05992099
[2020-10-23 13:35:55] IELM.cv1: Checkpoint saved to experiments/normal/ar1/IELM_ar1_h1
[2020-10-23 13:35:55] IELM.cv1: Hidden size: 49 	 
Training MSE: 0.08804651 	 Validating MSE: 0.05998000 	 Best VMSE: 0.05992099
[2020-10-23 13:35:55] IELM.cv1: Checkpoint saved to experiments/normal/ar1/IELM_ar1_h1
[2020-10-23 13:35:55] IELM.cv1: Hidden size: 50 	 
Training MSE: 0.08801129 	 Validating MSE: 0.05953599 	 Best VMSE: 0.05992099
[2020-10-23 13:35:55] IELM.cv1: Found new best state
[2020-10-23 13:35:55] IELM.cv1: Best vmse: 0.0595
[2020-10-23 13:35:55] IELM.cv1: Checkpoint saved to experiments/normal/ar1/IELM_ar1_h1
[2020-10-23 13:35:55] IELM.cv1: Hidden size: 51 	 
Training MSE: 0.08723599 	 Validating MSE: 0.05923188 	 Best VMSE: 0.05953599
[2020-10-23 13:35:55] IELM.cv1: Found new best state
[2020-10-23 13:35:55] IELM.cv1: Best vmse: 0.0592
[2020-10-23 13:35:55] IELM.cv1: Checkpoint saved to experiments/normal/ar1/IELM_ar1_h1
[2020-10-23 13:35:55] IELM.cv1: Hidden size: 52 	 
Training MSE: 0.08714252 	 Validating MSE: 0.05867402 	 Best VMSE: 0.05923188
[2020-10-23 13:35:55] IELM.cv1: Found new best state
[2020-10-23 13:35:55] IELM.cv1: Best vmse: 0.0587
[2020-10-23 13:35:55] IELM.cv1: Checkpoint saved to experiments/normal/ar1/IELM_ar1_h1
[2020-10-23 13:35:55] IELM.cv1: Hidden size: 53 	 
Training MSE: 0.08655880 	 Validating MSE: 0.06038506 	 Best VMSE: 0.05867402
[2020-10-23 13:35:55] IELM.cv1: Checkpoint saved to experiments/normal/ar1/IELM_ar1_h1
[2020-10-23 13:35:55] IELM.cv1: Hidden size: 54 	 
Training MSE: 0.08569091 	 Validating MSE: 0.06835584 	 Best VMSE: 0.05867402
[2020-10-23 13:35:55] IELM.cv1: Checkpoint saved to experiments/normal/ar1/IELM_ar1_h1
[2020-10-23 13:35:55] IELM.cv1: Hidden size: 55 	 
Training MSE: 0.08522441 	 Validating MSE: 0.06747896 	 Best VMSE: 0.05867402
[2020-10-23 13:35:55] IELM.cv1: Checkpoint saved to experiments/normal/ar1/IELM_ar1_h1
[2020-10-23 13:35:55] IELM.cv1: Hidden size: 56 	 
Training MSE: 0.08514713 	 Validating MSE: 0.06464742 	 Best VMSE: 0.05867402
[2020-10-23 13:35:55] IELM.cv1: Checkpoint saved to experiments/normal/ar1/IELM_ar1_h1
[2020-10-23 13:35:55] IELM.cv1: Hidden size: 57 	 
Training MSE: 0.08468149 	 Validating MSE: 0.06075815 	 Best VMSE: 0.05867402
[2020-10-23 13:35:55] IELM.cv1: Checkpoint saved to experiments/normal/ar1/IELM_ar1_h1
[2020-10-23 13:35:55] IELM.cv1: Hidden size: 58 	 
Training MSE: 0.08346099 	 Validating MSE: 0.06221974 	 Best VMSE: 0.05867402
[2020-10-23 13:35:55] IELM.cv1: Checkpoint saved to experiments/normal/ar1/IELM_ar1_h1
[2020-10-23 13:35:55] IELM.cv1: Hidden size: 59 	 
Training MSE: 0.08166024 	 Validating MSE: 0.05599291 	 Best VMSE: 0.05867402
[2020-10-23 13:35:55] IELM.cv1: Found new best state
[2020-10-23 13:35:55] IELM.cv1: Best vmse: 0.0560
[2020-10-23 13:35:55] IELM.cv1: Checkpoint saved to experiments/normal/ar1/IELM_ar1_h1
[2020-10-23 13:35:55] IELM.cv1: Hidden size: 60 	 
Training MSE: 0.08164324 	 Validating MSE: 0.05589158 	 Best VMSE: 0.05599291
[2020-10-23 13:35:55] IELM.cv1: Found new best state
[2020-10-23 13:35:55] IELM.cv1: Best vmse: 0.0559
[2020-10-23 13:35:55] IELM.cv1: Checkpoint saved to experiments/normal/ar1/IELM_ar1_h1
[2020-10-23 13:35:55] IELM.cv1: Hidden size: 61 	 
Training MSE: 0.08158966 	 Validating MSE: 0.05617563 	 Best VMSE: 0.05589158
[2020-10-23 13:35:55] IELM.cv1: Checkpoint saved to experiments/normal/ar1/IELM_ar1_h1
[2020-10-23 13:35:55] IELM.cv1: Hidden size: 62 	 
Training MSE: 0.08156477 	 Validating MSE: 0.05643840 	 Best VMSE: 0.05589158
[2020-10-23 13:35:55] IELM.cv1: Checkpoint saved to experiments/normal/ar1/IELM_ar1_h1
[2020-10-23 13:35:55] IELM.cv1: Hidden size: 63 	 
Training MSE: 0.08148704 	 Validating MSE: 0.05589026 	 Best VMSE: 0.05589158
[2020-10-23 13:35:55] IELM.cv1: Found new best state
[2020-10-23 13:35:55] IELM.cv1: Best vmse: 0.0559
[2020-10-23 13:35:55] IELM.cv1: Checkpoint saved to experiments/normal/ar1/IELM_ar1_h1
[2020-10-23 13:35:55] IELM.cv1: Hidden size: 64 	 
Training MSE: 0.08061711 	 Validating MSE: 0.05611128 	 Best VMSE: 0.05589026
[2020-10-23 13:35:55] IELM.cv1: Checkpoint saved to experiments/normal/ar1/IELM_ar1_h1
[2020-10-23 13:35:55] IELM.cv1: Hidden size: 65 	 
Training MSE: 0.08056572 	 Validating MSE: 0.05609339 	 Best VMSE: 0.05589026
[2020-10-23 13:35:55] IELM.cv1: Checkpoint saved to experiments/normal/ar1/IELM_ar1_h1
[2020-10-23 13:35:56] IELM.cv1: Hidden size: 66 	 
Training MSE: 0.07971043 	 Validating MSE: 0.05472228 	 Best VMSE: 0.05589026
[2020-10-23 13:35:56] IELM.cv1: Found new best state
[2020-10-23 13:35:56] IELM.cv1: Best vmse: 0.0547
[2020-10-23 13:35:56] IELM.cv1: Checkpoint saved to experiments/normal/ar1/IELM_ar1_h1
[2020-10-23 13:35:56] IELM.cv1: Hidden size: 67 	 
Training MSE: 0.07888617 	 Validating MSE: 0.05766561 	 Best VMSE: 0.05472228
[2020-10-23 13:35:56] IELM.cv1: Checkpoint saved to experiments/normal/ar1/IELM_ar1_h1
[2020-10-23 13:35:56] IELM.cv1: Hidden size: 68 	 
Training MSE: 0.07873269 	 Validating MSE: 0.05622762 	 Best VMSE: 0.05472228
[2020-10-23 13:35:56] IELM.cv1: Checkpoint saved to experiments/normal/ar1/IELM_ar1_h1
[2020-10-23 13:35:56] IELM.cv1: Hidden size: 69 	 
Training MSE: 0.07800404 	 Validating MSE: 0.05664375 	 Best VMSE: 0.05472228
[2020-10-23 13:35:56] IELM.cv1: Checkpoint saved to experiments/normal/ar1/IELM_ar1_h1
[2020-10-23 13:35:56] IELM.cv1: Hidden size: 70 	 
Training MSE: 0.07794209 	 Validating MSE: 0.05709865 	 Best VMSE: 0.05472228
[2020-10-23 13:35:56] IELM.cv1: Checkpoint saved to experiments/normal/ar1/IELM_ar1_h1
[2020-10-23 13:35:56] IELM.cv1: Hidden size: 71 	 
Training MSE: 0.07789478 	 Validating MSE: 0.05707946 	 Best VMSE: 0.05472228
[2020-10-23 13:35:56] IELM.cv1: Checkpoint saved to experiments/normal/ar1/IELM_ar1_h1
[2020-10-23 13:35:56] IELM.cv1: Hidden size: 72 	 
Training MSE: 0.07746740 	 Validating MSE: 0.05759505 	 Best VMSE: 0.05472228
[2020-10-23 13:35:56] IELM.cv1: Checkpoint saved to experiments/normal/ar1/IELM_ar1_h1
[2020-10-23 13:35:56] IELM.cv1: Hidden size: 73 	 
Training MSE: 0.07668979 	 Validating MSE: 0.05589905 	 Best VMSE: 0.05472228
[2020-10-23 13:35:56] IELM.cv1: Checkpoint saved to experiments/normal/ar1/IELM_ar1_h1
[2020-10-23 13:35:56] IELM.cv1: Hidden size: 74 	 
Training MSE: 0.07611709 	 Validating MSE: 0.06636233 	 Best VMSE: 0.05472228
[2020-10-23 13:35:56] IELM.cv1: Checkpoint saved to experiments/normal/ar1/IELM_ar1_h1
[2020-10-23 13:35:56] IELM.cv1: Hidden size: 75 	 
Training MSE: 0.07604038 	 Validating MSE: 0.06519385 	 Best VMSE: 0.05472228
[2020-10-23 13:35:56] IELM.cv1: Checkpoint saved to experiments/normal/ar1/IELM_ar1_h1
[2020-10-23 13:35:56] IELM.cv1: Hidden size: 76 	 
Training MSE: 0.07542976 	 Validating MSE: 0.06297639 	 Best VMSE: 0.05472228
[2020-10-23 13:35:56] IELM.cv1: Checkpoint saved to experiments/normal/ar1/IELM_ar1_h1
[2020-10-23 13:35:56] IELM.cv1: Hidden size: 77 	 
Training MSE: 0.07487446 	 Validating MSE: 0.06486344 	 Best VMSE: 0.05472228
[2020-10-23 13:35:56] IELM.cv1: Checkpoint saved to experiments/normal/ar1/IELM_ar1_h1
[2020-10-23 13:35:56] IELM.cv1: Hidden size: 78 	 
Training MSE: 0.07475164 	 Validating MSE: 0.06362066 	 Best VMSE: 0.05472228
[2020-10-23 13:35:56] IELM.cv1: Checkpoint saved to experiments/normal/ar1/IELM_ar1_h1
[2020-10-23 13:35:56] IELM.cv1: Hidden size: 79 	 
Training MSE: 0.07474590 	 Validating MSE: 0.06387781 	 Best VMSE: 0.05472228
[2020-10-23 13:35:56] IELM.cv1: Checkpoint saved to experiments/normal/ar1/IELM_ar1_h1
[2020-10-23 13:35:56] IELM.cv1: Hidden size: 80 	 
Training MSE: 0.07473163 	 Validating MSE: 0.06474816 	 Best VMSE: 0.05472228
[2020-10-23 13:35:56] IELM.cv1: Checkpoint saved to experiments/normal/ar1/IELM_ar1_h1
[2020-10-23 13:35:56] IELM.cv1: Hidden size: 81 	 
Training MSE: 0.07473140 	 Validating MSE: 0.06467912 	 Best VMSE: 0.05472228
[2020-10-23 13:35:56] IELM.cv1: Checkpoint saved to experiments/normal/ar1/IELM_ar1_h1
[2020-10-23 13:35:56] IELM.cv1: Hidden size: 82 	 
Training MSE: 0.07470098 	 Validating MSE: 0.06667288 	 Best VMSE: 0.05472228
[2020-10-23 13:35:56] IELM.cv1: Checkpoint saved to experiments/normal/ar1/IELM_ar1_h1
[2020-10-23 13:35:56] IELM.cv1: Hidden size: 83 	 
Training MSE: 0.07448045 	 Validating MSE: 0.06008954 	 Best VMSE: 0.05472228
[2020-10-23 13:35:56] IELM.cv1: Checkpoint saved to experiments/normal/ar1/IELM_ar1_h1
[2020-10-23 13:35:56] IELM.cv1: Hidden size: 84 	 
Training MSE: 0.07401187 	 Validating MSE: 0.06196233 	 Best VMSE: 0.05472228
[2020-10-23 13:35:56] IELM.cv1: Checkpoint saved to experiments/normal/ar1/IELM_ar1_h1
[2020-10-23 13:35:56] IELM.cv1: Hidden size: 85 	 
Training MSE: 0.07398235 	 Validating MSE: 0.06143764 	 Best VMSE: 0.05472228
[2020-10-23 13:35:56] IELM.cv1: Checkpoint saved to experiments/normal/ar1/IELM_ar1_h1
[2020-10-23 13:35:56] IELM.cv1: Hidden size: 86 	 
Training MSE: 0.07388993 	 Validating MSE: 0.06693952 	 Best VMSE: 0.05472228
[2020-10-23 13:35:56] IELM.cv1: Checkpoint saved to experiments/normal/ar1/IELM_ar1_h1
[2020-10-23 13:35:56] IELM.cv1: Hidden size: 87 	 
Training MSE: 0.07382800 	 Validating MSE: 0.06643657 	 Best VMSE: 0.05472228
[2020-10-23 13:35:56] IELM.cv1: Checkpoint saved to experiments/normal/ar1/IELM_ar1_h1
[2020-10-23 13:35:56] IELM.cv1: Hidden size: 88 	 
Training MSE: 0.07369854 	 Validating MSE: 0.06227304 	 Best VMSE: 0.05472228
[2020-10-23 13:35:56] IELM.cv1: Checkpoint saved to experiments/normal/ar1/IELM_ar1_h1
[2020-10-23 13:35:56] IELM.cv1: Hidden size: 89 	 
Training MSE: 0.07367995 	 Validating MSE: 0.06262932 	 Best VMSE: 0.05472228
[2020-10-23 13:35:56] IELM.cv1: Checkpoint saved to experiments/normal/ar1/IELM_ar1_h1
[2020-10-23 13:35:56] IELM.cv1: Hidden size: 90 	 
Training MSE: 0.07239983 	 Validating MSE: 0.05068122 	 Best VMSE: 0.05472228
[2020-10-23 13:35:56] IELM.cv1: Found new best state
[2020-10-23 13:35:56] IELM.cv1: Best vmse: 0.0507
[2020-10-23 13:35:56] IELM.cv1: Checkpoint saved to experiments/normal/ar1/IELM_ar1_h1
[2020-10-23 13:35:56] IELM.cv1: Hidden size: 91 	 
Training MSE: 0.06986017 	 Validating MSE: 0.05184952 	 Best VMSE: 0.05068122
[2020-10-23 13:35:56] IELM.cv1: Checkpoint saved to experiments/normal/ar1/IELM_ar1_h1
[2020-10-23 13:35:56] IELM.cv1: Hidden size: 92 	 
Training MSE: 0.06808607 	 Validating MSE: 0.04789649 	 Best VMSE: 0.05068122
[2020-10-23 13:35:56] IELM.cv1: Found new best state
[2020-10-23 13:35:56] IELM.cv1: Best vmse: 0.0479
[2020-10-23 13:35:56] IELM.cv1: Checkpoint saved to experiments/normal/ar1/IELM_ar1_h1
[2020-10-23 13:35:56] IELM.cv1: Hidden size: 93 	 
Training MSE: 0.06798237 	 Validating MSE: 0.04789469 	 Best VMSE: 0.04789649
[2020-10-23 13:35:56] IELM.cv1: Found new best state
[2020-10-23 13:35:56] IELM.cv1: Best vmse: 0.0479
[2020-10-23 13:35:56] IELM.cv1: Checkpoint saved to experiments/normal/ar1/IELM_ar1_h1
[2020-10-23 13:35:56] IELM.cv1: Hidden size: 94 	 
Training MSE: 0.06781068 	 Validating MSE: 0.04768305 	 Best VMSE: 0.04789469
[2020-10-23 13:35:56] IELM.cv1: Found new best state
[2020-10-23 13:35:56] IELM.cv1: Best vmse: 0.0477
[2020-10-23 13:35:56] IELM.cv1: Checkpoint saved to experiments/normal/ar1/IELM_ar1_h1
[2020-10-23 13:35:56] IELM.cv1: Hidden size: 95 	 
Training MSE: 0.06759500 	 Validating MSE: 0.04776076 	 Best VMSE: 0.04768305
[2020-10-23 13:35:56] IELM.cv1: Checkpoint saved to experiments/normal/ar1/IELM_ar1_h1
[2020-10-23 13:35:56] IELM.cv1: Hidden size: 96 	 
Training MSE: 0.06757157 	 Validating MSE: 0.04777438 	 Best VMSE: 0.04768305
[2020-10-23 13:35:56] IELM.cv1: Checkpoint saved to experiments/normal/ar1/IELM_ar1_h1
[2020-10-23 13:35:56] IELM.cv1: Hidden size: 97 	 
Training MSE: 0.06750178 	 Validating MSE: 0.04774932 	 Best VMSE: 0.04768305
[2020-10-23 13:35:56] IELM.cv1: Checkpoint saved to experiments/normal/ar1/IELM_ar1_h1
[2020-10-23 13:35:56] IELM.cv1: Hidden size: 98 	 
Training MSE: 0.06750101 	 Validating MSE: 0.04769958 	 Best VMSE: 0.04768305
[2020-10-23 13:35:56] IELM.cv1: Checkpoint saved to experiments/normal/ar1/IELM_ar1_h1
[2020-10-23 13:35:56] IELM.cv1: Hidden size: 99 	 
Training MSE: 0.06733322 	 Validating MSE: 0.04759878 	 Best VMSE: 0.04768305
[2020-10-23 13:35:56] IELM.cv1: Found new best state
[2020-10-23 13:35:56] IELM.cv1: Best vmse: 0.0476
[2020-10-23 13:35:56] IELM.cv1: Checkpoint saved to experiments/normal/ar1/IELM_ar1_h1
[2020-10-23 13:35:56] IELM.cv1: Hidden size: 100 	 
Training MSE: 0.06672534 	 Validating MSE: 0.04738960 	 Best VMSE: 0.04759878
[2020-10-23 13:35:56] IELM.cv1: Found new best state
[2020-10-23 13:35:56] IELM.cv1: Best vmse: 0.0474
[2020-10-23 13:35:56] IELM.cv1: Checkpoint saved to experiments/normal/ar1/IELM_ar1_h1
[2020-10-23 13:35:57] IELM.cv1: Restoring best parameters from experiments/normal/ar1/IELM_ar1_h1/train.cv1.pth.tar
[2020-10-23 13:35:57] IELM.cv1: ar1	 H: 1	 Trail: 6 
Testing RMSE: 0.6539 	 MAPE: 0.1167 	 SMAPE: 0.06405
