[2020-10-23 13:37:19] IELM.cv14: Loading the datasets and model for 37th-batch-training
[2020-10-23 13:37:19] IELM.cv14: Argument hidden_size: 100
[2020-10-23 13:37:19] IELM.cv14: Argument candidate_size: 300
[2020-10-23 13:37:19] IELM.cv14: Argument Lambdas: [0.5, 1, 5, 15, 30, 50, 100, 150, 200]
[2020-10-23 13:37:19] IELM.cv14: Argument Lambdas_std: [0.01, 0.05, 0.1, 0.5, 1]
[2020-10-23 13:37:19] IELM.cv14: Argument r: [0.8, 0.9, 0.99, 0.9999, 0.999999]
[2020-10-23 13:37:19] IELM.cv14: Argument tolerance: 0
[2020-10-23 13:37:19] IELM.cv14: Argument device: device(type='cuda')
[2020-10-23 13:37:19] IELM.cv14: Argument dataset: 'ar1'
[2020-10-23 13:37:19] IELM.cv14: Argument H: 1
[2020-10-23 13:37:19] IELM.cv14: Argument k: 5
[2020-10-23 13:37:19] IELM.cv14: Argument test: False
[2020-10-23 13:37:19] IELM.cv14: Argument normal: True
[2020-10-23 13:37:19] IELM.cv14: Argument diff: False
[2020-10-23 13:37:19] IELM.cv14: Argument times: 60
[2020-10-23 13:37:19] IELM.cv14: Argument datasets: {'ar1': {'lag_order': 15, 'normal': True, 'cov_dim': 0, 'kernel_size': 3}, 'wti': {'lag_order': 25, 'normal': True, 'cov_dim': 0, 'kernel_size': 5}, 'gold': {'lag_order': 25, 'normal': True, 'cov_dim': 0, 'kernel_size': 5}, 'sp': {'lag_order': 25, 'normal': True, 'cov_dim': 0, 'kernel_size': 5}, 'brent': {'lag_order': 24, 'normal': True, 'cov_dim': 0, 'kernel_size': 6}, 'sili': {'lag_order': 26, 'normal': True, 'cov_dim': 0, 'kernel_size': 6}}
[2020-10-23 13:37:19] IELM.cv14: Argument steps: 15
[2020-10-23 13:37:19] IELM.cv14: Argument experiment: 'experiments/normal/ar1'
[2020-10-23 13:37:19] IELM.cv14: Argument scaler: StandardScaler()
[2020-10-23 13:37:19] IELM.cv14: Argument model_name: 'IELM_ar1_h1'
[2020-10-23 13:37:19] IELM.cv14: Argument model_dir: 'experiments/normal/ar1/IELM_ar1_h1'
[2020-10-23 13:37:19] IELM.cv14: Argument restore: True
[2020-10-23 13:37:19] IELM.cv14: Argument cv: 14
[2020-10-23 13:37:19] IELM.cv14: Argument plot_dir: 'experiments/normal/ar1/IELM_ar1_h1/figures'
[2020-10-23 13:37:19] IELM.cv14: Using Cuda...
[2020-10-23 13:37:19] IELM.cv14: Loading complete.
[2020-10-23 13:37:19] IELM.cv14: Model: 
IELM(
  (loss_fn): MSELoss()
)
[2020-10-23 13:37:19] IELM.cv14: Hidden size: 1 	 
Training MSE: 0.25266659 	 Validating MSE: 1.51542521 	 Best VMSE: 9999.00000000
[2020-10-23 13:37:19] IELM.cv14: Found new best state
[2020-10-23 13:37:19] IELM.cv14: Best vmse: 1.5154
[2020-10-23 13:37:19] IELM.cv14: Checkpoint saved to experiments/normal/ar1/IELM_ar1_h1
[2020-10-23 13:37:19] IELM.cv14: Hidden size: 2 	 
Training MSE: 0.25260180 	 Validating MSE: 1.49919653 	 Best VMSE: 1.51542521
[2020-10-23 13:37:19] IELM.cv14: Found new best state
[2020-10-23 13:37:19] IELM.cv14: Best vmse: 1.4992
[2020-10-23 13:37:19] IELM.cv14: Checkpoint saved to experiments/normal/ar1/IELM_ar1_h1
[2020-10-23 13:37:19] IELM.cv14: Hidden size: 3 	 
Training MSE: 0.23265791 	 Validating MSE: 0.94598687 	 Best VMSE: 1.49919653
[2020-10-23 13:37:19] IELM.cv14: Found new best state
[2020-10-23 13:37:19] IELM.cv14: Best vmse: 0.9460
[2020-10-23 13:37:19] IELM.cv14: Checkpoint saved to experiments/normal/ar1/IELM_ar1_h1
[2020-10-23 13:37:19] IELM.cv14: Hidden size: 4 	 
Training MSE: 0.22858748 	 Validating MSE: 0.66019756 	 Best VMSE: 0.94598687
[2020-10-23 13:37:19] IELM.cv14: Found new best state
[2020-10-23 13:37:19] IELM.cv14: Best vmse: 0.6602
[2020-10-23 13:37:19] IELM.cv14: Checkpoint saved to experiments/normal/ar1/IELM_ar1_h1
[2020-10-23 13:37:19] IELM.cv14: Hidden size: 5 	 
Training MSE: 0.17468491 	 Validating MSE: 0.82774842 	 Best VMSE: 0.66019756
[2020-10-23 13:37:19] IELM.cv14: Checkpoint saved to experiments/normal/ar1/IELM_ar1_h1
[2020-10-23 13:37:19] IELM.cv14: Hidden size: 6 	 
Training MSE: 0.17388792 	 Validating MSE: 0.80183220 	 Best VMSE: 0.66019756
[2020-10-23 13:37:19] IELM.cv14: Checkpoint saved to experiments/normal/ar1/IELM_ar1_h1
[2020-10-23 13:37:19] IELM.cv14: Hidden size: 7 	 
Training MSE: 0.16253990 	 Validating MSE: 0.55057096 	 Best VMSE: 0.66019756
[2020-10-23 13:37:19] IELM.cv14: Found new best state
[2020-10-23 13:37:19] IELM.cv14: Best vmse: 0.5506
[2020-10-23 13:37:19] IELM.cv14: Checkpoint saved to experiments/normal/ar1/IELM_ar1_h1
[2020-10-23 13:37:19] IELM.cv14: Hidden size: 8 	 
Training MSE: 0.16177233 	 Validating MSE: 0.60973138 	 Best VMSE: 0.55057096
[2020-10-23 13:37:19] IELM.cv14: Checkpoint saved to experiments/normal/ar1/IELM_ar1_h1
[2020-10-23 13:37:19] IELM.cv14: Hidden size: 9 	 
Training MSE: 0.16177027 	 Validating MSE: 0.61322814 	 Best VMSE: 0.55057096
[2020-10-23 13:37:19] IELM.cv14: Checkpoint saved to experiments/normal/ar1/IELM_ar1_h1
[2020-10-23 13:37:19] IELM.cv14: Hidden size: 10 	 
Training MSE: 0.15670428 	 Validating MSE: 0.70292562 	 Best VMSE: 0.55057096
[2020-10-23 13:37:19] IELM.cv14: Checkpoint saved to experiments/normal/ar1/IELM_ar1_h1
[2020-10-23 13:37:19] IELM.cv14: Hidden size: 11 	 
Training MSE: 0.14481510 	 Validating MSE: 0.41544926 	 Best VMSE: 0.55057096
[2020-10-23 13:37:19] IELM.cv14: Found new best state
[2020-10-23 13:37:19] IELM.cv14: Best vmse: 0.4154
[2020-10-23 13:37:19] IELM.cv14: Checkpoint saved to experiments/normal/ar1/IELM_ar1_h1
[2020-10-23 13:37:19] IELM.cv14: Hidden size: 12 	 
Training MSE: 0.12905100 	 Validating MSE: 0.47709924 	 Best VMSE: 0.41544926
[2020-10-23 13:37:19] IELM.cv14: Checkpoint saved to experiments/normal/ar1/IELM_ar1_h1
[2020-10-23 13:37:19] IELM.cv14: Hidden size: 13 	 
Training MSE: 0.12815632 	 Validating MSE: 0.44063032 	 Best VMSE: 0.41544926
[2020-10-23 13:37:19] IELM.cv14: Checkpoint saved to experiments/normal/ar1/IELM_ar1_h1
[2020-10-23 13:37:19] IELM.cv14: Hidden size: 14 	 
Training MSE: 0.12767522 	 Validating MSE: 0.41560680 	 Best VMSE: 0.41544926
[2020-10-23 13:37:19] IELM.cv14: Checkpoint saved to experiments/normal/ar1/IELM_ar1_h1
[2020-10-23 13:37:20] IELM.cv14: Hidden size: 15 	 
Training MSE: 0.12593095 	 Validating MSE: 0.36077961 	 Best VMSE: 0.41544926
[2020-10-23 13:37:20] IELM.cv14: Found new best state
[2020-10-23 13:37:20] IELM.cv14: Best vmse: 0.3608
[2020-10-23 13:37:20] IELM.cv14: Checkpoint saved to experiments/normal/ar1/IELM_ar1_h1
[2020-10-23 13:37:20] IELM.cv14: Hidden size: 16 	 
Training MSE: 0.12540829 	 Validating MSE: 0.38309383 	 Best VMSE: 0.36077961
[2020-10-23 13:37:20] IELM.cv14: Checkpoint saved to experiments/normal/ar1/IELM_ar1_h1
[2020-10-23 13:37:20] IELM.cv14: Hidden size: 17 	 
Training MSE: 0.12019517 	 Validating MSE: 0.22348389 	 Best VMSE: 0.36077961
[2020-10-23 13:37:20] IELM.cv14: Found new best state
[2020-10-23 13:37:20] IELM.cv14: Best vmse: 0.2235
[2020-10-23 13:37:20] IELM.cv14: Checkpoint saved to experiments/normal/ar1/IELM_ar1_h1
[2020-10-23 13:37:20] IELM.cv14: Hidden size: 18 	 
Training MSE: 0.11907654 	 Validating MSE: 0.16179809 	 Best VMSE: 0.22348389
[2020-10-23 13:37:20] IELM.cv14: Found new best state
[2020-10-23 13:37:20] IELM.cv14: Best vmse: 0.1618
[2020-10-23 13:37:20] IELM.cv14: Checkpoint saved to experiments/normal/ar1/IELM_ar1_h1
[2020-10-23 13:37:20] IELM.cv14: Hidden size: 19 	 
Training MSE: 0.10898761 	 Validating MSE: 0.25104180 	 Best VMSE: 0.16179809
[2020-10-23 13:37:20] IELM.cv14: Checkpoint saved to experiments/normal/ar1/IELM_ar1_h1
[2020-10-23 13:37:20] IELM.cv14: Hidden size: 20 	 
Training MSE: 0.10878453 	 Validating MSE: 0.26864257 	 Best VMSE: 0.16179809
[2020-10-23 13:37:20] IELM.cv14: Checkpoint saved to experiments/normal/ar1/IELM_ar1_h1
[2020-10-23 13:37:20] IELM.cv14: Hidden size: 21 	 
Training MSE: 0.10878312 	 Validating MSE: 0.26995656 	 Best VMSE: 0.16179809
[2020-10-23 13:37:20] IELM.cv14: Checkpoint saved to experiments/normal/ar1/IELM_ar1_h1
[2020-10-23 13:37:20] IELM.cv14: Hidden size: 22 	 
Training MSE: 0.10717671 	 Validating MSE: 0.21139264 	 Best VMSE: 0.16179809
[2020-10-23 13:37:20] IELM.cv14: Checkpoint saved to experiments/normal/ar1/IELM_ar1_h1
[2020-10-23 13:37:20] IELM.cv14: Hidden size: 23 	 
Training MSE: 0.10714853 	 Validating MSE: 0.21819432 	 Best VMSE: 0.16179809
[2020-10-23 13:37:20] IELM.cv14: Checkpoint saved to experiments/normal/ar1/IELM_ar1_h1
[2020-10-23 13:37:20] IELM.cv14: Hidden size: 24 	 
Training MSE: 0.10704707 	 Validating MSE: 0.22743651 	 Best VMSE: 0.16179809
[2020-10-23 13:37:20] IELM.cv14: Checkpoint saved to experiments/normal/ar1/IELM_ar1_h1
[2020-10-23 13:37:20] IELM.cv14: Hidden size: 25 	 
Training MSE: 0.10538834 	 Validating MSE: 0.15332600 	 Best VMSE: 0.16179809
[2020-10-23 13:37:20] IELM.cv14: Found new best state
[2020-10-23 13:37:20] IELM.cv14: Best vmse: 0.1533
[2020-10-23 13:37:20] IELM.cv14: Checkpoint saved to experiments/normal/ar1/IELM_ar1_h1
[2020-10-23 13:37:20] IELM.cv14: Hidden size: 26 	 
Training MSE: 0.10425352 	 Validating MSE: 0.20243283 	 Best VMSE: 0.15332600
[2020-10-23 13:37:20] IELM.cv14: Checkpoint saved to experiments/normal/ar1/IELM_ar1_h1
[2020-10-23 13:37:20] IELM.cv14: Hidden size: 27 	 
Training MSE: 0.10331935 	 Validating MSE: 0.23740503 	 Best VMSE: 0.15332600
[2020-10-23 13:37:20] IELM.cv14: Checkpoint saved to experiments/normal/ar1/IELM_ar1_h1
[2020-10-23 13:37:20] IELM.cv14: Hidden size: 28 	 
Training MSE: 0.10327824 	 Validating MSE: 0.23123625 	 Best VMSE: 0.15332600
[2020-10-23 13:37:20] IELM.cv14: Checkpoint saved to experiments/normal/ar1/IELM_ar1_h1
[2020-10-23 13:37:20] IELM.cv14: Hidden size: 29 	 
Training MSE: 0.10266594 	 Validating MSE: 0.25094584 	 Best VMSE: 0.15332600
[2020-10-23 13:37:20] IELM.cv14: Checkpoint saved to experiments/normal/ar1/IELM_ar1_h1
[2020-10-23 13:37:20] IELM.cv14: Hidden size: 30 	 
Training MSE: 0.10263257 	 Validating MSE: 0.24699514 	 Best VMSE: 0.15332600
[2020-10-23 13:37:20] IELM.cv14: Checkpoint saved to experiments/normal/ar1/IELM_ar1_h1
[2020-10-23 13:37:20] IELM.cv14: Hidden size: 31 	 
Training MSE: 0.10245895 	 Validating MSE: 0.22974227 	 Best VMSE: 0.15332600
[2020-10-23 13:37:20] IELM.cv14: Checkpoint saved to experiments/normal/ar1/IELM_ar1_h1
[2020-10-23 13:37:20] IELM.cv14: Hidden size: 32 	 
Training MSE: 0.09927201 	 Validating MSE: 0.17331395 	 Best VMSE: 0.15332600
[2020-10-23 13:37:20] IELM.cv14: Checkpoint saved to experiments/normal/ar1/IELM_ar1_h1
[2020-10-23 13:37:20] IELM.cv14: Hidden size: 33 	 
Training MSE: 0.09926283 	 Validating MSE: 0.17797531 	 Best VMSE: 0.15332600
[2020-10-23 13:37:20] IELM.cv14: Checkpoint saved to experiments/normal/ar1/IELM_ar1_h1
[2020-10-23 13:37:20] IELM.cv14: Hidden size: 34 	 
Training MSE: 0.09213024 	 Validating MSE: 0.22930859 	 Best VMSE: 0.15332600
[2020-10-23 13:37:20] IELM.cv14: Checkpoint saved to experiments/normal/ar1/IELM_ar1_h1
[2020-10-23 13:37:20] IELM.cv14: Hidden size: 35 	 
Training MSE: 0.08890549 	 Validating MSE: 0.16472754 	 Best VMSE: 0.15332600
[2020-10-23 13:37:20] IELM.cv14: Checkpoint saved to experiments/normal/ar1/IELM_ar1_h1
[2020-10-23 13:37:20] IELM.cv14: Hidden size: 36 	 
Training MSE: 0.08867089 	 Validating MSE: 0.17403284 	 Best VMSE: 0.15332600
[2020-10-23 13:37:20] IELM.cv14: Checkpoint saved to experiments/normal/ar1/IELM_ar1_h1
[2020-10-23 13:37:20] IELM.cv14: Hidden size: 37 	 
Training MSE: 0.08677332 	 Validating MSE: 0.10345689 	 Best VMSE: 0.15332600
[2020-10-23 13:37:20] IELM.cv14: Found new best state
[2020-10-23 13:37:20] IELM.cv14: Best vmse: 0.1035
[2020-10-23 13:37:20] IELM.cv14: Checkpoint saved to experiments/normal/ar1/IELM_ar1_h1
[2020-10-23 13:37:20] IELM.cv14: Hidden size: 38 	 
Training MSE: 0.08065297 	 Validating MSE: 0.12149222 	 Best VMSE: 0.10345689
[2020-10-23 13:37:20] IELM.cv14: Checkpoint saved to experiments/normal/ar1/IELM_ar1_h1
[2020-10-23 13:37:20] IELM.cv14: Hidden size: 39 	 
Training MSE: 0.08016593 	 Validating MSE: 0.10667038 	 Best VMSE: 0.10345689
[2020-10-23 13:37:20] IELM.cv14: Checkpoint saved to experiments/normal/ar1/IELM_ar1_h1
[2020-10-23 13:37:20] IELM.cv14: Hidden size: 40 	 
Training MSE: 0.07800084 	 Validating MSE: 0.07865518 	 Best VMSE: 0.10345689
[2020-10-23 13:37:20] IELM.cv14: Found new best state
[2020-10-23 13:37:20] IELM.cv14: Best vmse: 0.0787
[2020-10-23 13:37:20] IELM.cv14: Checkpoint saved to experiments/normal/ar1/IELM_ar1_h1
[2020-10-23 13:37:20] IELM.cv14: Hidden size: 41 	 
Training MSE: 0.07787083 	 Validating MSE: 0.08744562 	 Best VMSE: 0.07865518
[2020-10-23 13:37:20] IELM.cv14: Checkpoint saved to experiments/normal/ar1/IELM_ar1_h1
[2020-10-23 13:37:20] IELM.cv14: Hidden size: 42 	 
Training MSE: 0.07665483 	 Validating MSE: 0.09025824 	 Best VMSE: 0.07865518
[2020-10-23 13:37:20] IELM.cv14: Checkpoint saved to experiments/normal/ar1/IELM_ar1_h1
[2020-10-23 13:37:20] IELM.cv14: Hidden size: 43 	 
Training MSE: 0.07591679 	 Validating MSE: 0.05947858 	 Best VMSE: 0.07865518
[2020-10-23 13:37:20] IELM.cv14: Found new best state
[2020-10-23 13:37:20] IELM.cv14: Best vmse: 0.0595
[2020-10-23 13:37:20] IELM.cv14: Checkpoint saved to experiments/normal/ar1/IELM_ar1_h1
[2020-10-23 13:37:20] IELM.cv14: Hidden size: 44 	 
Training MSE: 0.07547176 	 Validating MSE: 0.06274161 	 Best VMSE: 0.05947858
[2020-10-23 13:37:20] IELM.cv14: Checkpoint saved to experiments/normal/ar1/IELM_ar1_h1
[2020-10-23 13:37:20] IELM.cv14: Hidden size: 45 	 
Training MSE: 0.07404788 	 Validating MSE: 0.04653150 	 Best VMSE: 0.05947858
[2020-10-23 13:37:20] IELM.cv14: Found new best state
[2020-10-23 13:37:20] IELM.cv14: Best vmse: 0.0465
[2020-10-23 13:37:20] IELM.cv14: Checkpoint saved to experiments/normal/ar1/IELM_ar1_h1
[2020-10-23 13:37:20] IELM.cv14: Hidden size: 46 	 
Training MSE: 0.07365555 	 Validating MSE: 0.05222426 	 Best VMSE: 0.04653150
[2020-10-23 13:37:20] IELM.cv14: Checkpoint saved to experiments/normal/ar1/IELM_ar1_h1
[2020-10-23 13:37:20] IELM.cv14: Hidden size: 47 	 
Training MSE: 0.07364774 	 Validating MSE: 0.05311323 	 Best VMSE: 0.04653150
[2020-10-23 13:37:20] IELM.cv14: Checkpoint saved to experiments/normal/ar1/IELM_ar1_h1
[2020-10-23 13:37:20] IELM.cv14: Hidden size: 48 	 
Training MSE: 0.07364634 	 Validating MSE: 0.05290399 	 Best VMSE: 0.04653150
[2020-10-23 13:37:20] IELM.cv14: Checkpoint saved to experiments/normal/ar1/IELM_ar1_h1
[2020-10-23 13:37:20] IELM.cv14: Hidden size: 49 	 
Training MSE: 0.07317152 	 Validating MSE: 0.05469006 	 Best VMSE: 0.04653150
[2020-10-23 13:37:20] IELM.cv14: Checkpoint saved to experiments/normal/ar1/IELM_ar1_h1
[2020-10-23 13:37:20] IELM.cv14: Hidden size: 50 	 
Training MSE: 0.07315546 	 Validating MSE: 0.05374330 	 Best VMSE: 0.04653150
[2020-10-23 13:37:20] IELM.cv14: Checkpoint saved to experiments/normal/ar1/IELM_ar1_h1
[2020-10-23 13:37:20] IELM.cv14: Hidden size: 51 	 
Training MSE: 0.07304733 	 Validating MSE: 0.05531624 	 Best VMSE: 0.04653150
[2020-10-23 13:37:20] IELM.cv14: Checkpoint saved to experiments/normal/ar1/IELM_ar1_h1
[2020-10-23 13:37:20] IELM.cv14: Hidden size: 52 	 
Training MSE: 0.07284062 	 Validating MSE: 0.05410556 	 Best VMSE: 0.04653150
[2020-10-23 13:37:20] IELM.cv14: Checkpoint saved to experiments/normal/ar1/IELM_ar1_h1
[2020-10-23 13:37:21] IELM.cv14: Hidden size: 53 	 
Training MSE: 0.07228696 	 Validating MSE: 0.05031085 	 Best VMSE: 0.04653150
[2020-10-23 13:37:21] IELM.cv14: Checkpoint saved to experiments/normal/ar1/IELM_ar1_h1
[2020-10-23 13:37:21] IELM.cv14: Hidden size: 54 	 
Training MSE: 0.07196495 	 Validating MSE: 0.05316438 	 Best VMSE: 0.04653150
[2020-10-23 13:37:21] IELM.cv14: Checkpoint saved to experiments/normal/ar1/IELM_ar1_h1
[2020-10-23 13:37:21] IELM.cv14: Hidden size: 55 	 
Training MSE: 0.07194683 	 Validating MSE: 0.05350920 	 Best VMSE: 0.04653150
[2020-10-23 13:37:21] IELM.cv14: Checkpoint saved to experiments/normal/ar1/IELM_ar1_h1
[2020-10-23 13:37:21] IELM.cv14: Hidden size: 56 	 
Training MSE: 0.07177515 	 Validating MSE: 0.05134255 	 Best VMSE: 0.04653150
[2020-10-23 13:37:21] IELM.cv14: Checkpoint saved to experiments/normal/ar1/IELM_ar1_h1
[2020-10-23 13:37:21] IELM.cv14: Hidden size: 57 	 
Training MSE: 0.07172187 	 Validating MSE: 0.04806766 	 Best VMSE: 0.04653150
[2020-10-23 13:37:21] IELM.cv14: Checkpoint saved to experiments/normal/ar1/IELM_ar1_h1
[2020-10-23 13:37:21] IELM.cv14: Hidden size: 58 	 
Training MSE: 0.07172052 	 Validating MSE: 0.04772964 	 Best VMSE: 0.04653150
[2020-10-23 13:37:21] IELM.cv14: Checkpoint saved to experiments/normal/ar1/IELM_ar1_h1
[2020-10-23 13:37:21] IELM.cv14: Hidden size: 59 	 
Training MSE: 0.07035936 	 Validating MSE: 0.04939585 	 Best VMSE: 0.04653150
[2020-10-23 13:37:21] IELM.cv14: Checkpoint saved to experiments/normal/ar1/IELM_ar1_h1
[2020-10-23 13:37:21] IELM.cv14: Hidden size: 60 	 
Training MSE: 0.06957165 	 Validating MSE: 0.04357441 	 Best VMSE: 0.04653150
[2020-10-23 13:37:21] IELM.cv14: Found new best state
[2020-10-23 13:37:21] IELM.cv14: Best vmse: 0.0436
[2020-10-23 13:37:21] IELM.cv14: Checkpoint saved to experiments/normal/ar1/IELM_ar1_h1
[2020-10-23 13:37:21] IELM.cv14: Hidden size: 61 	 
Training MSE: 0.06949891 	 Validating MSE: 0.04294656 	 Best VMSE: 0.04357441
[2020-10-23 13:37:21] IELM.cv14: Found new best state
[2020-10-23 13:37:21] IELM.cv14: Best vmse: 0.0429
[2020-10-23 13:37:21] IELM.cv14: Checkpoint saved to experiments/normal/ar1/IELM_ar1_h1
[2020-10-23 13:37:21] IELM.cv14: Hidden size: 62 	 
Training MSE: 0.06925361 	 Validating MSE: 0.04391551 	 Best VMSE: 0.04294656
[2020-10-23 13:37:21] IELM.cv14: Checkpoint saved to experiments/normal/ar1/IELM_ar1_h1
[2020-10-23 13:37:21] IELM.cv14: Hidden size: 63 	 
Training MSE: 0.06914949 	 Validating MSE: 0.04332513 	 Best VMSE: 0.04294656
[2020-10-23 13:37:21] IELM.cv14: Checkpoint saved to experiments/normal/ar1/IELM_ar1_h1
[2020-10-23 13:37:21] IELM.cv14: Hidden size: 64 	 
Training MSE: 0.06903397 	 Validating MSE: 0.04479034 	 Best VMSE: 0.04294656
[2020-10-23 13:37:21] IELM.cv14: Checkpoint saved to experiments/normal/ar1/IELM_ar1_h1
[2020-10-23 13:37:21] IELM.cv14: Hidden size: 65 	 
Training MSE: 0.06901650 	 Validating MSE: 0.04515043 	 Best VMSE: 0.04294656
[2020-10-23 13:37:21] IELM.cv14: Checkpoint saved to experiments/normal/ar1/IELM_ar1_h1
[2020-10-23 13:37:21] IELM.cv14: Hidden size: 66 	 
Training MSE: 0.06901604 	 Validating MSE: 0.04519025 	 Best VMSE: 0.04294656
[2020-10-23 13:37:21] IELM.cv14: Checkpoint saved to experiments/normal/ar1/IELM_ar1_h1
[2020-10-23 13:37:21] IELM.cv14: Hidden size: 67 	 
Training MSE: 0.06896838 	 Validating MSE: 0.04606587 	 Best VMSE: 0.04294656
[2020-10-23 13:37:21] IELM.cv14: Checkpoint saved to experiments/normal/ar1/IELM_ar1_h1
[2020-10-23 13:37:21] IELM.cv14: Hidden size: 68 	 
Training MSE: 0.06883886 	 Validating MSE: 0.04569934 	 Best VMSE: 0.04294656
[2020-10-23 13:37:21] IELM.cv14: Checkpoint saved to experiments/normal/ar1/IELM_ar1_h1
[2020-10-23 13:37:21] IELM.cv14: Hidden size: 69 	 
Training MSE: 0.06875937 	 Validating MSE: 0.04509288 	 Best VMSE: 0.04294656
[2020-10-23 13:37:21] IELM.cv14: Checkpoint saved to experiments/normal/ar1/IELM_ar1_h1
[2020-10-23 13:37:21] IELM.cv14: Hidden size: 70 	 
Training MSE: 0.06859717 	 Validating MSE: 0.04270041 	 Best VMSE: 0.04294656
[2020-10-23 13:37:21] IELM.cv14: Found new best state
[2020-10-23 13:37:21] IELM.cv14: Best vmse: 0.0427
[2020-10-23 13:37:21] IELM.cv14: Checkpoint saved to experiments/normal/ar1/IELM_ar1_h1
[2020-10-23 13:37:21] IELM.cv14: Hidden size: 71 	 
Training MSE: 0.06733616 	 Validating MSE: 0.04352020 	 Best VMSE: 0.04270041
[2020-10-23 13:37:21] IELM.cv14: Checkpoint saved to experiments/normal/ar1/IELM_ar1_h1
[2020-10-23 13:37:21] IELM.cv14: Hidden size: 72 	 
Training MSE: 0.06672964 	 Validating MSE: 0.04060150 	 Best VMSE: 0.04270041
[2020-10-23 13:37:21] IELM.cv14: Found new best state
[2020-10-23 13:37:21] IELM.cv14: Best vmse: 0.0406
[2020-10-23 13:37:21] IELM.cv14: Checkpoint saved to experiments/normal/ar1/IELM_ar1_h1
[2020-10-23 13:37:21] IELM.cv14: Hidden size: 73 	 
Training MSE: 0.06599464 	 Validating MSE: 0.04127115 	 Best VMSE: 0.04060150
[2020-10-23 13:37:21] IELM.cv14: Checkpoint saved to experiments/normal/ar1/IELM_ar1_h1
[2020-10-23 13:37:21] IELM.cv14: Hidden size: 74 	 
Training MSE: 0.06591645 	 Validating MSE: 0.04187667 	 Best VMSE: 0.04060150
[2020-10-23 13:37:21] IELM.cv14: Checkpoint saved to experiments/normal/ar1/IELM_ar1_h1
[2020-10-23 13:37:21] IELM.cv14: Hidden size: 75 	 
Training MSE: 0.06489723 	 Validating MSE: 0.04008707 	 Best VMSE: 0.04060150
[2020-10-23 13:37:21] IELM.cv14: Found new best state
[2020-10-23 13:37:21] IELM.cv14: Best vmse: 0.0401
[2020-10-23 13:37:21] IELM.cv14: Checkpoint saved to experiments/normal/ar1/IELM_ar1_h1
[2020-10-23 13:37:21] IELM.cv14: Hidden size: 76 	 
Training MSE: 0.06487716 	 Validating MSE: 0.04000274 	 Best VMSE: 0.04008707
[2020-10-23 13:37:21] IELM.cv14: Found new best state
[2020-10-23 13:37:21] IELM.cv14: Best vmse: 0.0400
[2020-10-23 13:37:21] IELM.cv14: Checkpoint saved to experiments/normal/ar1/IELM_ar1_h1
[2020-10-23 13:37:21] IELM.cv14: Hidden size: 77 	 
Training MSE: 0.06477156 	 Validating MSE: 0.04019132 	 Best VMSE: 0.04000274
[2020-10-23 13:37:21] IELM.cv14: Checkpoint saved to experiments/normal/ar1/IELM_ar1_h1
[2020-10-23 13:37:21] IELM.cv14: Hidden size: 78 	 
Training MSE: 0.06474625 	 Validating MSE: 0.04011378 	 Best VMSE: 0.04000274
[2020-10-23 13:37:21] IELM.cv14: Checkpoint saved to experiments/normal/ar1/IELM_ar1_h1
[2020-10-23 13:37:21] IELM.cv14: Hidden size: 79 	 
Training MSE: 0.06447324 	 Validating MSE: 0.03930529 	 Best VMSE: 0.04000274
[2020-10-23 13:37:21] IELM.cv14: Found new best state
[2020-10-23 13:37:21] IELM.cv14: Best vmse: 0.0393
[2020-10-23 13:37:21] IELM.cv14: Checkpoint saved to experiments/normal/ar1/IELM_ar1_h1
[2020-10-23 13:37:21] IELM.cv14: Hidden size: 80 	 
Training MSE: 0.06422271 	 Validating MSE: 0.03933679 	 Best VMSE: 0.03930529
[2020-10-23 13:37:21] IELM.cv14: Checkpoint saved to experiments/normal/ar1/IELM_ar1_h1
[2020-10-23 13:37:21] IELM.cv14: Hidden size: 81 	 
Training MSE: 0.06420630 	 Validating MSE: 0.03928445 	 Best VMSE: 0.03930529
[2020-10-23 13:37:21] IELM.cv14: Found new best state
[2020-10-23 13:37:21] IELM.cv14: Best vmse: 0.0393
[2020-10-23 13:37:21] IELM.cv14: Checkpoint saved to experiments/normal/ar1/IELM_ar1_h1
[2020-10-23 13:37:21] IELM.cv14: Hidden size: 82 	 
Training MSE: 0.06418386 	 Validating MSE: 0.03935442 	 Best VMSE: 0.03928445
[2020-10-23 13:37:21] IELM.cv14: Checkpoint saved to experiments/normal/ar1/IELM_ar1_h1
[2020-10-23 13:37:21] IELM.cv14: Hidden size: 83 	 
Training MSE: 0.06406161 	 Validating MSE: 0.03910818 	 Best VMSE: 0.03928445
[2020-10-23 13:37:21] IELM.cv14: Found new best state
[2020-10-23 13:37:21] IELM.cv14: Best vmse: 0.0391
[2020-10-23 13:37:21] IELM.cv14: Checkpoint saved to experiments/normal/ar1/IELM_ar1_h1
[2020-10-23 13:37:21] IELM.cv14: Hidden size: 84 	 
Training MSE: 0.06377117 	 Validating MSE: 0.03952309 	 Best VMSE: 0.03910818
[2020-10-23 13:37:21] IELM.cv14: Checkpoint saved to experiments/normal/ar1/IELM_ar1_h1
[2020-10-23 13:37:21] IELM.cv14: Hidden size: 85 	 
Training MSE: 0.06367958 	 Validating MSE: 0.03930802 	 Best VMSE: 0.03910818
[2020-10-23 13:37:21] IELM.cv14: Checkpoint saved to experiments/normal/ar1/IELM_ar1_h1
[2020-10-23 13:37:21] IELM.cv14: Hidden size: 86 	 
Training MSE: 0.06160256 	 Validating MSE: 0.04101239 	 Best VMSE: 0.03910818
[2020-10-23 13:37:21] IELM.cv14: Checkpoint saved to experiments/normal/ar1/IELM_ar1_h1
[2020-10-23 13:37:21] IELM.cv14: Hidden size: 87 	 
Training MSE: 0.06120138 	 Validating MSE: 0.03829335 	 Best VMSE: 0.03910818
[2020-10-23 13:37:21] IELM.cv14: Found new best state
[2020-10-23 13:37:21] IELM.cv14: Best vmse: 0.0383
[2020-10-23 13:37:21] IELM.cv14: Checkpoint saved to experiments/normal/ar1/IELM_ar1_h1
[2020-10-23 13:37:21] IELM.cv14: Hidden size: 88 	 
Training MSE: 0.06063473 	 Validating MSE: 0.03745110 	 Best VMSE: 0.03829335
[2020-10-23 13:37:21] IELM.cv14: Found new best state
[2020-10-23 13:37:21] IELM.cv14: Best vmse: 0.0375
[2020-10-23 13:37:21] IELM.cv14: Checkpoint saved to experiments/normal/ar1/IELM_ar1_h1
[2020-10-23 13:37:22] IELM.cv14: Hidden size: 89 	 
Training MSE: 0.06062926 	 Validating MSE: 0.03748904 	 Best VMSE: 0.03745110
[2020-10-23 13:37:22] IELM.cv14: Checkpoint saved to experiments/normal/ar1/IELM_ar1_h1
[2020-10-23 13:37:22] IELM.cv14: Hidden size: 90 	 
Training MSE: 0.06062419 	 Validating MSE: 0.03755927 	 Best VMSE: 0.03745110
[2020-10-23 13:37:22] IELM.cv14: Checkpoint saved to experiments/normal/ar1/IELM_ar1_h1
[2020-10-23 13:37:22] IELM.cv14: Hidden size: 91 	 
Training MSE: 0.06056708 	 Validating MSE: 0.03743672 	 Best VMSE: 0.03745110
[2020-10-23 13:37:22] IELM.cv14: Found new best state
[2020-10-23 13:37:22] IELM.cv14: Best vmse: 0.0374
[2020-10-23 13:37:22] IELM.cv14: Checkpoint saved to experiments/normal/ar1/IELM_ar1_h1
[2020-10-23 13:37:22] IELM.cv14: Hidden size: 92 	 
Training MSE: 0.06007131 	 Validating MSE: 0.03784938 	 Best VMSE: 0.03743672
[2020-10-23 13:37:22] IELM.cv14: Checkpoint saved to experiments/normal/ar1/IELM_ar1_h1
[2020-10-23 13:37:22] IELM.cv14: Hidden size: 93 	 
Training MSE: 0.05969369 	 Validating MSE: 0.03702865 	 Best VMSE: 0.03743672
[2020-10-23 13:37:22] IELM.cv14: Found new best state
[2020-10-23 13:37:22] IELM.cv14: Best vmse: 0.0370
[2020-10-23 13:37:22] IELM.cv14: Checkpoint saved to experiments/normal/ar1/IELM_ar1_h1
[2020-10-23 13:37:22] IELM.cv14: Hidden size: 94 	 
Training MSE: 0.05968000 	 Validating MSE: 0.03699220 	 Best VMSE: 0.03702865
[2020-10-23 13:37:22] IELM.cv14: Found new best state
[2020-10-23 13:37:22] IELM.cv14: Best vmse: 0.0370
[2020-10-23 13:37:22] IELM.cv14: Checkpoint saved to experiments/normal/ar1/IELM_ar1_h1
[2020-10-23 13:37:22] IELM.cv14: Hidden size: 95 	 
Training MSE: 0.05948406 	 Validating MSE: 0.03757695 	 Best VMSE: 0.03699220
[2020-10-23 13:37:22] IELM.cv14: Checkpoint saved to experiments/normal/ar1/IELM_ar1_h1
[2020-10-23 13:37:22] IELM.cv14: Hidden size: 96 	 
Training MSE: 0.05942412 	 Validating MSE: 0.03713350 	 Best VMSE: 0.03699220
[2020-10-23 13:37:22] IELM.cv14: Checkpoint saved to experiments/normal/ar1/IELM_ar1_h1
[2020-10-23 13:37:22] IELM.cv14: Hidden size: 97 	 
Training MSE: 0.05929348 	 Validating MSE: 0.03667676 	 Best VMSE: 0.03699220
[2020-10-23 13:37:22] IELM.cv14: Found new best state
[2020-10-23 13:37:22] IELM.cv14: Best vmse: 0.0367
[2020-10-23 13:37:22] IELM.cv14: Checkpoint saved to experiments/normal/ar1/IELM_ar1_h1
[2020-10-23 13:37:22] IELM.cv14: Hidden size: 98 	 
Training MSE: 0.05927689 	 Validating MSE: 0.03674125 	 Best VMSE: 0.03667676
[2020-10-23 13:37:22] IELM.cv14: Checkpoint saved to experiments/normal/ar1/IELM_ar1_h1
[2020-10-23 13:37:22] IELM.cv14: Hidden size: 99 	 
Training MSE: 0.05878534 	 Validating MSE: 0.03705993 	 Best VMSE: 0.03667676
[2020-10-23 13:37:22] IELM.cv14: Checkpoint saved to experiments/normal/ar1/IELM_ar1_h1
[2020-10-23 13:37:22] IELM.cv14: Hidden size: 100 	 
Training MSE: 0.05878501 	 Validating MSE: 0.03708182 	 Best VMSE: 0.03667676
[2020-10-23 13:37:22] IELM.cv14: Checkpoint saved to experiments/normal/ar1/IELM_ar1_h1
[2020-10-23 13:37:22] IELM.cv14: Restoring best parameters from experiments/normal/ar1/IELM_ar1_h1/train.cv14.pth.tar
[2020-10-23 13:37:22] IELM.cv14: ar1	 H: 1	 Trail: 37 
Testing RMSE: 0.4496 	 MAPE: 0.08256 	 SMAPE: 0.04348
