[2020-10-23 13:44:18] IELM.cv1: Loading the datasets and model for 6th-batch-training
[2020-10-23 13:44:18] IELM.cv1: Argument hidden_size: 100
[2020-10-23 13:44:18] IELM.cv1: Argument candidate_size: 300
[2020-10-23 13:44:18] IELM.cv1: Argument Lambdas: [0.5, 1, 5, 15, 30, 50, 100, 150, 200]
[2020-10-23 13:44:18] IELM.cv1: Argument Lambdas_std: [0.01, 0.05, 0.1, 0.5, 1]
[2020-10-23 13:44:18] IELM.cv1: Argument r: [0.8, 0.9, 0.99, 0.9999, 0.999999]
[2020-10-23 13:44:18] IELM.cv1: Argument tolerance: 0
[2020-10-23 13:44:18] IELM.cv1: Argument device: device(type='cuda')
[2020-10-23 13:44:18] IELM.cv1: Argument dataset: 'sili'
[2020-10-23 13:44:18] IELM.cv1: Argument H: 1
[2020-10-23 13:44:18] IELM.cv1: Argument k: 5
[2020-10-23 13:44:18] IELM.cv1: Argument test: False
[2020-10-23 13:44:18] IELM.cv1: Argument normal: True
[2020-10-23 13:44:18] IELM.cv1: Argument diff: False
[2020-10-23 13:44:18] IELM.cv1: Argument times: 60
[2020-10-23 13:44:18] IELM.cv1: Argument datasets: {'ar1': {'lag_order': 15, 'normal': True, 'cov_dim': 0, 'kernel_size': 3}, 'wti': {'lag_order': 25, 'normal': True, 'cov_dim': 0, 'kernel_size': 5}, 'gold': {'lag_order': 25, 'normal': True, 'cov_dim': 0, 'kernel_size': 5}, 'sp': {'lag_order': 25, 'normal': True, 'cov_dim': 0, 'kernel_size': 5}, 'brent': {'lag_order': 24, 'normal': True, 'cov_dim': 0, 'kernel_size': 6}, 'sili': {'lag_order': 26, 'normal': True, 'cov_dim': 0, 'kernel_size': 6}}
[2020-10-23 13:44:18] IELM.cv1: Argument steps: 26
[2020-10-23 13:44:18] IELM.cv1: Argument experiment: 'experiments/normal/sili'
[2020-10-23 13:44:18] IELM.cv1: Argument scaler: StandardScaler()
[2020-10-23 13:44:18] IELM.cv1: Argument model_name: 'IELM_sili_h1'
[2020-10-23 13:44:18] IELM.cv1: Argument model_dir: 'experiments/normal/sili/IELM_sili_h1'
[2020-10-23 13:44:18] IELM.cv1: Argument restore: True
[2020-10-23 13:44:18] IELM.cv1: Argument cv: 1
[2020-10-23 13:44:18] IELM.cv1: Argument plot_dir: 'experiments/normal/sili/IELM_sili_h1/figures'
[2020-10-23 13:44:18] IELM.cv1: Using Cuda...
[2020-10-23 13:44:18] IELM.cv1: Loading complete.
[2020-10-23 13:44:18] IELM.cv1: Model: 
IELM(
  (loss_fn): MSELoss()
)
[2020-10-23 13:44:18] IELM.cv1: Hidden size: 1 	 
Training MSE: 0.35756698 	 Validating MSE: 1.51361132 	 Best VMSE: 9999.00000000
[2020-10-23 13:44:18] IELM.cv1: Found new best state
[2020-10-23 13:44:18] IELM.cv1: Best vmse: 1.5136
[2020-10-23 13:44:18] IELM.cv1: Checkpoint saved to experiments/normal/sili/IELM_sili_h1
[2020-10-23 13:44:18] IELM.cv1: Hidden size: 2 	 
Training MSE: 0.35726058 	 Validating MSE: 1.49522901 	 Best VMSE: 1.51361132
[2020-10-23 13:44:18] IELM.cv1: Found new best state
[2020-10-23 13:44:18] IELM.cv1: Best vmse: 1.4952
[2020-10-23 13:44:18] IELM.cv1: Checkpoint saved to experiments/normal/sili/IELM_sili_h1
[2020-10-23 13:44:18] IELM.cv1: Hidden size: 3 	 
Training MSE: 0.35078612 	 Validating MSE: 1.32690048 	 Best VMSE: 1.49522901
[2020-10-23 13:44:18] IELM.cv1: Found new best state
[2020-10-23 13:44:18] IELM.cv1: Best vmse: 1.3269
[2020-10-23 13:44:18] IELM.cv1: Checkpoint saved to experiments/normal/sili/IELM_sili_h1
[2020-10-23 13:44:18] IELM.cv1: Hidden size: 4 	 
Training MSE: 0.35011184 	 Validating MSE: 1.29135311 	 Best VMSE: 1.32690048
[2020-10-23 13:44:18] IELM.cv1: Found new best state
[2020-10-23 13:44:18] IELM.cv1: Best vmse: 1.2914
[2020-10-23 13:44:18] IELM.cv1: Checkpoint saved to experiments/normal/sili/IELM_sili_h1
[2020-10-23 13:44:18] IELM.cv1: Hidden size: 5 	 
Training MSE: 0.34830409 	 Validating MSE: 1.32665670 	 Best VMSE: 1.29135311
[2020-10-23 13:44:18] IELM.cv1: Checkpoint saved to experiments/normal/sili/IELM_sili_h1
[2020-10-23 13:44:18] IELM.cv1: Hidden size: 6 	 
Training MSE: 0.34723714 	 Validating MSE: 1.29017925 	 Best VMSE: 1.29135311
[2020-10-23 13:44:18] IELM.cv1: Found new best state
[2020-10-23 13:44:18] IELM.cv1: Best vmse: 1.2902
[2020-10-23 13:44:18] IELM.cv1: Checkpoint saved to experiments/normal/sili/IELM_sili_h1
[2020-10-23 13:44:18] IELM.cv1: Hidden size: 7 	 
Training MSE: 0.34026685 	 Validating MSE: 1.37012720 	 Best VMSE: 1.29017925
[2020-10-23 13:44:18] IELM.cv1: Checkpoint saved to experiments/normal/sili/IELM_sili_h1
[2020-10-23 13:44:18] IELM.cv1: Hidden size: 8 	 
Training MSE: 0.34025124 	 Validating MSE: 1.36520886 	 Best VMSE: 1.29017925
[2020-10-23 13:44:18] IELM.cv1: Checkpoint saved to experiments/normal/sili/IELM_sili_h1
[2020-10-23 13:44:18] IELM.cv1: Hidden size: 9 	 
Training MSE: 0.33468708 	 Validating MSE: 1.43904316 	 Best VMSE: 1.29017925
[2020-10-23 13:44:18] IELM.cv1: Checkpoint saved to experiments/normal/sili/IELM_sili_h1
[2020-10-23 13:44:18] IELM.cv1: Hidden size: 10 	 
Training MSE: 0.33467692 	 Validating MSE: 1.44023335 	 Best VMSE: 1.29017925
[2020-10-23 13:44:18] IELM.cv1: Checkpoint saved to experiments/normal/sili/IELM_sili_h1
[2020-10-23 13:44:18] IELM.cv1: Hidden size: 11 	 
Training MSE: 0.32442614 	 Validating MSE: 1.27496850 	 Best VMSE: 1.29017925
[2020-10-23 13:44:18] IELM.cv1: Found new best state
[2020-10-23 13:44:18] IELM.cv1: Best vmse: 1.2750
[2020-10-23 13:44:18] IELM.cv1: Checkpoint saved to experiments/normal/sili/IELM_sili_h1
[2020-10-23 13:44:18] IELM.cv1: Hidden size: 12 	 
Training MSE: 0.32428128 	 Validating MSE: 1.28332686 	 Best VMSE: 1.27496850
[2020-10-23 13:44:18] IELM.cv1: Checkpoint saved to experiments/normal/sili/IELM_sili_h1
[2020-10-23 13:44:18] IELM.cv1: Hidden size: 13 	 
Training MSE: 0.32128137 	 Validating MSE: 1.33414543 	 Best VMSE: 1.27496850
[2020-10-23 13:44:18] IELM.cv1: Checkpoint saved to experiments/normal/sili/IELM_sili_h1
[2020-10-23 13:44:18] IELM.cv1: Hidden size: 14 	 
Training MSE: 0.30250448 	 Validating MSE: 1.11602652 	 Best VMSE: 1.27496850
[2020-10-23 13:44:18] IELM.cv1: Found new best state
[2020-10-23 13:44:18] IELM.cv1: Best vmse: 1.1160
[2020-10-23 13:44:18] IELM.cv1: Checkpoint saved to experiments/normal/sili/IELM_sili_h1
[2020-10-23 13:44:18] IELM.cv1: Hidden size: 15 	 
Training MSE: 0.29738581 	 Validating MSE: 1.14949465 	 Best VMSE: 1.11602652
[2020-10-23 13:44:18] IELM.cv1: Checkpoint saved to experiments/normal/sili/IELM_sili_h1
[2020-10-23 13:44:18] IELM.cv1: Hidden size: 16 	 
Training MSE: 0.27732065 	 Validating MSE: 0.92585802 	 Best VMSE: 1.11602652
[2020-10-23 13:44:18] IELM.cv1: Found new best state
[2020-10-23 13:44:18] IELM.cv1: Best vmse: 0.9259
[2020-10-23 13:44:18] IELM.cv1: Checkpoint saved to experiments/normal/sili/IELM_sili_h1
[2020-10-23 13:44:18] IELM.cv1: Hidden size: 17 	 
Training MSE: 0.24983655 	 Validating MSE: 1.05137169 	 Best VMSE: 0.92585802
[2020-10-23 13:44:18] IELM.cv1: Checkpoint saved to experiments/normal/sili/IELM_sili_h1
[2020-10-23 13:44:18] IELM.cv1: Hidden size: 18 	 
Training MSE: 0.24971303 	 Validating MSE: 1.04002714 	 Best VMSE: 0.92585802
[2020-10-23 13:44:18] IELM.cv1: Checkpoint saved to experiments/normal/sili/IELM_sili_h1
[2020-10-23 13:44:18] IELM.cv1: Hidden size: 19 	 
Training MSE: 0.24925981 	 Validating MSE: 1.02201593 	 Best VMSE: 0.92585802
[2020-10-23 13:44:18] IELM.cv1: Checkpoint saved to experiments/normal/sili/IELM_sili_h1
[2020-10-23 13:44:18] IELM.cv1: Hidden size: 20 	 
Training MSE: 0.24904247 	 Validating MSE: 1.00316536 	 Best VMSE: 0.92585802
[2020-10-23 13:44:18] IELM.cv1: Checkpoint saved to experiments/normal/sili/IELM_sili_h1
[2020-10-23 13:44:18] IELM.cv1: Hidden size: 21 	 
Training MSE: 0.24865131 	 Validating MSE: 0.99440002 	 Best VMSE: 0.92585802
[2020-10-23 13:44:18] IELM.cv1: Checkpoint saved to experiments/normal/sili/IELM_sili_h1
[2020-10-23 13:44:18] IELM.cv1: Hidden size: 22 	 
Training MSE: 0.24855325 	 Validating MSE: 0.99988049 	 Best VMSE: 0.92585802
[2020-10-23 13:44:18] IELM.cv1: Checkpoint saved to experiments/normal/sili/IELM_sili_h1
[2020-10-23 13:44:18] IELM.cv1: Hidden size: 23 	 
Training MSE: 0.24758159 	 Validating MSE: 0.97334772 	 Best VMSE: 0.92585802
[2020-10-23 13:44:18] IELM.cv1: Checkpoint saved to experiments/normal/sili/IELM_sili_h1
[2020-10-23 13:44:18] IELM.cv1: Hidden size: 24 	 
Training MSE: 0.23652354 	 Validating MSE: 1.01634514 	 Best VMSE: 0.92585802
[2020-10-23 13:44:18] IELM.cv1: Checkpoint saved to experiments/normal/sili/IELM_sili_h1
[2020-10-23 13:44:18] IELM.cv1: Hidden size: 25 	 
Training MSE: 0.23524722 	 Validating MSE: 1.00337648 	 Best VMSE: 0.92585802
[2020-10-23 13:44:18] IELM.cv1: Checkpoint saved to experiments/normal/sili/IELM_sili_h1
[2020-10-23 13:44:18] IELM.cv1: Hidden size: 26 	 
Training MSE: 0.23514639 	 Validating MSE: 0.98946220 	 Best VMSE: 0.92585802
[2020-10-23 13:44:18] IELM.cv1: Checkpoint saved to experiments/normal/sili/IELM_sili_h1
[2020-10-23 13:44:18] IELM.cv1: Hidden size: 27 	 
Training MSE: 0.23514637 	 Validating MSE: 0.98947823 	 Best VMSE: 0.92585802
[2020-10-23 13:44:18] IELM.cv1: Checkpoint saved to experiments/normal/sili/IELM_sili_h1
[2020-10-23 13:44:18] IELM.cv1: Hidden size: 28 	 
Training MSE: 0.23440744 	 Validating MSE: 0.95002288 	 Best VMSE: 0.92585802
[2020-10-23 13:44:18] IELM.cv1: Checkpoint saved to experiments/normal/sili/IELM_sili_h1
[2020-10-23 13:44:18] IELM.cv1: Hidden size: 29 	 
Training MSE: 0.22750935 	 Validating MSE: 0.99743938 	 Best VMSE: 0.92585802
[2020-10-23 13:44:18] IELM.cv1: Checkpoint saved to experiments/normal/sili/IELM_sili_h1
[2020-10-23 13:44:19] IELM.cv1: Hidden size: 30 	 
Training MSE: 0.22750172 	 Validating MSE: 0.99891901 	 Best VMSE: 0.92585802
[2020-10-23 13:44:19] IELM.cv1: Checkpoint saved to experiments/normal/sili/IELM_sili_h1
[2020-10-23 13:44:19] IELM.cv1: Hidden size: 31 	 
Training MSE: 0.22077186 	 Validating MSE: 0.91668421 	 Best VMSE: 0.92585802
[2020-10-23 13:44:19] IELM.cv1: Found new best state
[2020-10-23 13:44:19] IELM.cv1: Best vmse: 0.9167
[2020-10-23 13:44:19] IELM.cv1: Checkpoint saved to experiments/normal/sili/IELM_sili_h1
[2020-10-23 13:44:19] IELM.cv1: Hidden size: 32 	 
Training MSE: 0.21889555 	 Validating MSE: 0.94120711 	 Best VMSE: 0.91668421
[2020-10-23 13:44:19] IELM.cv1: Checkpoint saved to experiments/normal/sili/IELM_sili_h1
[2020-10-23 13:44:19] IELM.cv1: Hidden size: 33 	 
Training MSE: 0.21885096 	 Validating MSE: 0.93282968 	 Best VMSE: 0.91668421
[2020-10-23 13:44:19] IELM.cv1: Checkpoint saved to experiments/normal/sili/IELM_sili_h1
[2020-10-23 13:44:19] IELM.cv1: Hidden size: 34 	 
Training MSE: 0.21853536 	 Validating MSE: 0.92014033 	 Best VMSE: 0.91668421
[2020-10-23 13:44:19] IELM.cv1: Checkpoint saved to experiments/normal/sili/IELM_sili_h1
[2020-10-23 13:44:19] IELM.cv1: Hidden size: 35 	 
Training MSE: 0.21806116 	 Validating MSE: 0.89751208 	 Best VMSE: 0.91668421
[2020-10-23 13:44:19] IELM.cv1: Found new best state
[2020-10-23 13:44:19] IELM.cv1: Best vmse: 0.8975
[2020-10-23 13:44:19] IELM.cv1: Checkpoint saved to experiments/normal/sili/IELM_sili_h1
[2020-10-23 13:44:19] IELM.cv1: Hidden size: 36 	 
Training MSE: 0.21488687 	 Validating MSE: 0.82045960 	 Best VMSE: 0.89751208
[2020-10-23 13:44:19] IELM.cv1: Found new best state
[2020-10-23 13:44:19] IELM.cv1: Best vmse: 0.8205
[2020-10-23 13:44:19] IELM.cv1: Checkpoint saved to experiments/normal/sili/IELM_sili_h1
[2020-10-23 13:44:19] IELM.cv1: Hidden size: 37 	 
Training MSE: 0.20799452 	 Validating MSE: 0.89782113 	 Best VMSE: 0.82045960
[2020-10-23 13:44:19] IELM.cv1: Checkpoint saved to experiments/normal/sili/IELM_sili_h1
[2020-10-23 13:44:19] IELM.cv1: Hidden size: 38 	 
Training MSE: 0.20667419 	 Validating MSE: 0.90989506 	 Best VMSE: 0.82045960
[2020-10-23 13:44:19] IELM.cv1: Checkpoint saved to experiments/normal/sili/IELM_sili_h1
[2020-10-23 13:44:19] IELM.cv1: Hidden size: 39 	 
Training MSE: 0.20468387 	 Validating MSE: 0.85862488 	 Best VMSE: 0.82045960
[2020-10-23 13:44:19] IELM.cv1: Checkpoint saved to experiments/normal/sili/IELM_sili_h1
[2020-10-23 13:44:19] IELM.cv1: Hidden size: 40 	 
Training MSE: 0.20427495 	 Validating MSE: 0.87452143 	 Best VMSE: 0.82045960
[2020-10-23 13:44:19] IELM.cv1: Checkpoint saved to experiments/normal/sili/IELM_sili_h1
[2020-10-23 13:44:19] IELM.cv1: Hidden size: 41 	 
Training MSE: 0.20233589 	 Validating MSE: 0.89581984 	 Best VMSE: 0.82045960
[2020-10-23 13:44:19] IELM.cv1: Checkpoint saved to experiments/normal/sili/IELM_sili_h1
[2020-10-23 13:44:19] IELM.cv1: Hidden size: 42 	 
Training MSE: 0.19995038 	 Validating MSE: 0.87144661 	 Best VMSE: 0.82045960
[2020-10-23 13:44:19] IELM.cv1: Checkpoint saved to experiments/normal/sili/IELM_sili_h1
[2020-10-23 13:44:19] IELM.cv1: Hidden size: 43 	 
Training MSE: 0.19994980 	 Validating MSE: 0.87178773 	 Best VMSE: 0.82045960
[2020-10-23 13:44:19] IELM.cv1: Checkpoint saved to experiments/normal/sili/IELM_sili_h1
[2020-10-23 13:44:19] IELM.cv1: Hidden size: 44 	 
Training MSE: 0.19966401 	 Validating MSE: 0.85765719 	 Best VMSE: 0.82045960
[2020-10-23 13:44:19] IELM.cv1: Checkpoint saved to experiments/normal/sili/IELM_sili_h1
[2020-10-23 13:44:19] IELM.cv1: Hidden size: 45 	 
Training MSE: 0.19812988 	 Validating MSE: 0.87612927 	 Best VMSE: 0.82045960
[2020-10-23 13:44:19] IELM.cv1: Checkpoint saved to experiments/normal/sili/IELM_sili_h1
[2020-10-23 13:44:19] IELM.cv1: Hidden size: 46 	 
Training MSE: 0.19477828 	 Validating MSE: 0.79943478 	 Best VMSE: 0.82045960
[2020-10-23 13:44:19] IELM.cv1: Found new best state
[2020-10-23 13:44:19] IELM.cv1: Best vmse: 0.7994
[2020-10-23 13:44:19] IELM.cv1: Checkpoint saved to experiments/normal/sili/IELM_sili_h1
[2020-10-23 13:44:19] IELM.cv1: Hidden size: 47 	 
Training MSE: 0.19458461 	 Validating MSE: 0.78703141 	 Best VMSE: 0.79943478
[2020-10-23 13:44:19] IELM.cv1: Found new best state
[2020-10-23 13:44:19] IELM.cv1: Best vmse: 0.7870
[2020-10-23 13:44:19] IELM.cv1: Checkpoint saved to experiments/normal/sili/IELM_sili_h1
[2020-10-23 13:44:19] IELM.cv1: Hidden size: 48 	 
Training MSE: 0.19314393 	 Validating MSE: 0.80827951 	 Best VMSE: 0.78703141
[2020-10-23 13:44:19] IELM.cv1: Checkpoint saved to experiments/normal/sili/IELM_sili_h1
[2020-10-23 13:44:19] IELM.cv1: Hidden size: 49 	 
Training MSE: 0.19306722 	 Validating MSE: 0.80082196 	 Best VMSE: 0.78703141
[2020-10-23 13:44:19] IELM.cv1: Checkpoint saved to experiments/normal/sili/IELM_sili_h1
[2020-10-23 13:44:19] IELM.cv1: Hidden size: 50 	 
Training MSE: 0.19302556 	 Validating MSE: 0.79581177 	 Best VMSE: 0.78703141
[2020-10-23 13:44:19] IELM.cv1: Checkpoint saved to experiments/normal/sili/IELM_sili_h1
[2020-10-23 13:44:19] IELM.cv1: Hidden size: 51 	 
Training MSE: 0.18932380 	 Validating MSE: 0.81864268 	 Best VMSE: 0.78703141
[2020-10-23 13:44:19] IELM.cv1: Checkpoint saved to experiments/normal/sili/IELM_sili_h1
[2020-10-23 13:44:19] IELM.cv1: Hidden size: 52 	 
Training MSE: 0.18932314 	 Validating MSE: 0.81835318 	 Best VMSE: 0.78703141
[2020-10-23 13:44:19] IELM.cv1: Checkpoint saved to experiments/normal/sili/IELM_sili_h1
[2020-10-23 13:44:19] IELM.cv1: Hidden size: 53 	 
Training MSE: 0.18388353 	 Validating MSE: 0.73559046 	 Best VMSE: 0.78703141
[2020-10-23 13:44:19] IELM.cv1: Found new best state
[2020-10-23 13:44:19] IELM.cv1: Best vmse: 0.7356
[2020-10-23 13:44:19] IELM.cv1: Checkpoint saved to experiments/normal/sili/IELM_sili_h1
[2020-10-23 13:44:19] IELM.cv1: Hidden size: 54 	 
Training MSE: 0.18336181 	 Validating MSE: 0.74976385 	 Best VMSE: 0.73559046
[2020-10-23 13:44:19] IELM.cv1: Checkpoint saved to experiments/normal/sili/IELM_sili_h1
[2020-10-23 13:44:19] IELM.cv1: Hidden size: 55 	 
Training MSE: 0.18318021 	 Validating MSE: 0.75679809 	 Best VMSE: 0.73559046
[2020-10-23 13:44:19] IELM.cv1: Checkpoint saved to experiments/normal/sili/IELM_sili_h1
[2020-10-23 13:44:19] IELM.cv1: Hidden size: 56 	 
Training MSE: 0.18263194 	 Validating MSE: 0.76739448 	 Best VMSE: 0.73559046
[2020-10-23 13:44:19] IELM.cv1: Checkpoint saved to experiments/normal/sili/IELM_sili_h1
[2020-10-23 13:44:19] IELM.cv1: Hidden size: 57 	 
Training MSE: 0.18196398 	 Validating MSE: 0.74567121 	 Best VMSE: 0.73559046
[2020-10-23 13:44:19] IELM.cv1: Checkpoint saved to experiments/normal/sili/IELM_sili_h1
[2020-10-23 13:44:19] IELM.cv1: Hidden size: 58 	 
Training MSE: 0.18136561 	 Validating MSE: 0.72230917 	 Best VMSE: 0.73559046
[2020-10-23 13:44:19] IELM.cv1: Found new best state
[2020-10-23 13:44:19] IELM.cv1: Best vmse: 0.7223
[2020-10-23 13:44:19] IELM.cv1: Checkpoint saved to experiments/normal/sili/IELM_sili_h1
[2020-10-23 13:44:19] IELM.cv1: Hidden size: 59 	 
Training MSE: 0.18055907 	 Validating MSE: 0.68277609 	 Best VMSE: 0.72230917
[2020-10-23 13:44:19] IELM.cv1: Found new best state
[2020-10-23 13:44:19] IELM.cv1: Best vmse: 0.6828
[2020-10-23 13:44:19] IELM.cv1: Checkpoint saved to experiments/normal/sili/IELM_sili_h1
[2020-10-23 13:44:19] IELM.cv1: Hidden size: 60 	 
Training MSE: 0.18010072 	 Validating MSE: 0.69215941 	 Best VMSE: 0.68277609
[2020-10-23 13:44:19] IELM.cv1: Checkpoint saved to experiments/normal/sili/IELM_sili_h1
[2020-10-23 13:44:19] IELM.cv1: Hidden size: 61 	 
Training MSE: 0.17961539 	 Validating MSE: 0.70892614 	 Best VMSE: 0.68277609
[2020-10-23 13:44:19] IELM.cv1: Checkpoint saved to experiments/normal/sili/IELM_sili_h1
[2020-10-23 13:44:19] IELM.cv1: Hidden size: 62 	 
Training MSE: 0.17960364 	 Validating MSE: 0.71148354 	 Best VMSE: 0.68277609
[2020-10-23 13:44:19] IELM.cv1: Checkpoint saved to experiments/normal/sili/IELM_sili_h1
[2020-10-23 13:44:19] IELM.cv1: Hidden size: 63 	 
Training MSE: 0.17957260 	 Validating MSE: 0.71535808 	 Best VMSE: 0.68277609
[2020-10-23 13:44:19] IELM.cv1: Checkpoint saved to experiments/normal/sili/IELM_sili_h1
[2020-10-23 13:44:19] IELM.cv1: Hidden size: 64 	 
Training MSE: 0.17918673 	 Validating MSE: 0.69949079 	 Best VMSE: 0.68277609
[2020-10-23 13:44:19] IELM.cv1: Checkpoint saved to experiments/normal/sili/IELM_sili_h1
[2020-10-23 13:44:19] IELM.cv1: Hidden size: 65 	 
Training MSE: 0.17916548 	 Validating MSE: 0.69598544 	 Best VMSE: 0.68277609
[2020-10-23 13:44:19] IELM.cv1: Checkpoint saved to experiments/normal/sili/IELM_sili_h1
[2020-10-23 13:44:19] IELM.cv1: Hidden size: 66 	 
Training MSE: 0.17916548 	 Validating MSE: 0.69592297 	 Best VMSE: 0.68277609
[2020-10-23 13:44:19] IELM.cv1: Checkpoint saved to experiments/normal/sili/IELM_sili_h1
[2020-10-23 13:44:20] IELM.cv1: Hidden size: 67 	 
Training MSE: 0.17758100 	 Validating MSE: 0.71348596 	 Best VMSE: 0.68277609
[2020-10-23 13:44:20] IELM.cv1: Checkpoint saved to experiments/normal/sili/IELM_sili_h1
[2020-10-23 13:44:20] IELM.cv1: Hidden size: 68 	 
Training MSE: 0.17729159 	 Validating MSE: 0.69848877 	 Best VMSE: 0.68277609
[2020-10-23 13:44:20] IELM.cv1: Checkpoint saved to experiments/normal/sili/IELM_sili_h1
[2020-10-23 13:44:20] IELM.cv1: Hidden size: 69 	 
Training MSE: 0.17694864 	 Validating MSE: 0.70698047 	 Best VMSE: 0.68277609
[2020-10-23 13:44:20] IELM.cv1: Checkpoint saved to experiments/normal/sili/IELM_sili_h1
[2020-10-23 13:44:20] IELM.cv1: Hidden size: 70 	 
Training MSE: 0.17689146 	 Validating MSE: 0.70959812 	 Best VMSE: 0.68277609
[2020-10-23 13:44:20] IELM.cv1: Checkpoint saved to experiments/normal/sili/IELM_sili_h1
[2020-10-23 13:44:20] IELM.cv1: Hidden size: 71 	 
Training MSE: 0.17639789 	 Validating MSE: 0.68661708 	 Best VMSE: 0.68277609
[2020-10-23 13:44:20] IELM.cv1: Checkpoint saved to experiments/normal/sili/IELM_sili_h1
[2020-10-23 13:44:20] IELM.cv1: Hidden size: 72 	 
Training MSE: 0.17639783 	 Validating MSE: 0.68649715 	 Best VMSE: 0.68277609
[2020-10-23 13:44:20] IELM.cv1: Checkpoint saved to experiments/normal/sili/IELM_sili_h1
[2020-10-23 13:44:20] IELM.cv1: Hidden size: 73 	 
Training MSE: 0.17639560 	 Validating MSE: 0.68549871 	 Best VMSE: 0.68277609
[2020-10-23 13:44:20] IELM.cv1: Checkpoint saved to experiments/normal/sili/IELM_sili_h1
[2020-10-23 13:44:20] IELM.cv1: Hidden size: 74 	 
Training MSE: 0.17600757 	 Validating MSE: 0.69569159 	 Best VMSE: 0.68277609
[2020-10-23 13:44:20] IELM.cv1: Checkpoint saved to experiments/normal/sili/IELM_sili_h1
[2020-10-23 13:44:20] IELM.cv1: Hidden size: 75 	 
Training MSE: 0.17506430 	 Validating MSE: 0.67717612 	 Best VMSE: 0.68277609
[2020-10-23 13:44:20] IELM.cv1: Found new best state
[2020-10-23 13:44:20] IELM.cv1: Best vmse: 0.6772
[2020-10-23 13:44:20] IELM.cv1: Checkpoint saved to experiments/normal/sili/IELM_sili_h1
[2020-10-23 13:44:20] IELM.cv1: Hidden size: 76 	 
Training MSE: 0.17505170 	 Validating MSE: 0.67426133 	 Best VMSE: 0.67717612
[2020-10-23 13:44:20] IELM.cv1: Found new best state
[2020-10-23 13:44:20] IELM.cv1: Best vmse: 0.6743
[2020-10-23 13:44:20] IELM.cv1: Checkpoint saved to experiments/normal/sili/IELM_sili_h1
[2020-10-23 13:44:20] IELM.cv1: Hidden size: 77 	 
Training MSE: 0.17436741 	 Validating MSE: 0.68638349 	 Best VMSE: 0.67426133
[2020-10-23 13:44:20] IELM.cv1: Checkpoint saved to experiments/normal/sili/IELM_sili_h1
[2020-10-23 13:44:20] IELM.cv1: Hidden size: 78 	 
Training MSE: 0.17410454 	 Validating MSE: 0.67566794 	 Best VMSE: 0.67426133
[2020-10-23 13:44:20] IELM.cv1: Checkpoint saved to experiments/normal/sili/IELM_sili_h1
[2020-10-23 13:44:20] IELM.cv1: Hidden size: 79 	 
Training MSE: 0.17394520 	 Validating MSE: 0.68338293 	 Best VMSE: 0.67426133
[2020-10-23 13:44:20] IELM.cv1: Checkpoint saved to experiments/normal/sili/IELM_sili_h1
[2020-10-23 13:44:20] IELM.cv1: Hidden size: 80 	 
Training MSE: 0.17050068 	 Validating MSE: 0.62140375 	 Best VMSE: 0.67426133
[2020-10-23 13:44:20] IELM.cv1: Found new best state
[2020-10-23 13:44:20] IELM.cv1: Best vmse: 0.6214
[2020-10-23 13:44:20] IELM.cv1: Checkpoint saved to experiments/normal/sili/IELM_sili_h1
[2020-10-23 13:44:20] IELM.cv1: Hidden size: 81 	 
Training MSE: 0.16943264 	 Validating MSE: 0.63248998 	 Best VMSE: 0.62140375
[2020-10-23 13:44:20] IELM.cv1: Checkpoint saved to experiments/normal/sili/IELM_sili_h1
[2020-10-23 13:44:20] IELM.cv1: Hidden size: 82 	 
Training MSE: 0.16932687 	 Validating MSE: 0.64070827 	 Best VMSE: 0.62140375
[2020-10-23 13:44:20] IELM.cv1: Checkpoint saved to experiments/normal/sili/IELM_sili_h1
[2020-10-23 13:44:20] IELM.cv1: Hidden size: 83 	 
Training MSE: 0.16907699 	 Validating MSE: 0.62718689 	 Best VMSE: 0.62140375
[2020-10-23 13:44:20] IELM.cv1: Checkpoint saved to experiments/normal/sili/IELM_sili_h1
[2020-10-23 13:44:20] IELM.cv1: Hidden size: 84 	 
Training MSE: 0.16905653 	 Validating MSE: 0.62997019 	 Best VMSE: 0.62140375
[2020-10-23 13:44:20] IELM.cv1: Checkpoint saved to experiments/normal/sili/IELM_sili_h1
[2020-10-23 13:44:20] IELM.cv1: Hidden size: 85 	 
Training MSE: 0.16904867 	 Validating MSE: 0.62797809 	 Best VMSE: 0.62140375
[2020-10-23 13:44:20] IELM.cv1: Checkpoint saved to experiments/normal/sili/IELM_sili_h1
[2020-10-23 13:44:20] IELM.cv1: Hidden size: 86 	 
Training MSE: 0.16900437 	 Validating MSE: 0.63259757 	 Best VMSE: 0.62140375
[2020-10-23 13:44:20] IELM.cv1: Checkpoint saved to experiments/normal/sili/IELM_sili_h1
[2020-10-23 13:44:20] IELM.cv1: Hidden size: 87 	 
Training MSE: 0.16870423 	 Validating MSE: 0.61742729 	 Best VMSE: 0.62140375
[2020-10-23 13:44:20] IELM.cv1: Found new best state
[2020-10-23 13:44:20] IELM.cv1: Best vmse: 0.6174
[2020-10-23 13:44:20] IELM.cv1: Checkpoint saved to experiments/normal/sili/IELM_sili_h1
[2020-10-23 13:44:20] IELM.cv1: Hidden size: 88 	 
Training MSE: 0.16694528 	 Validating MSE: 0.64521307 	 Best VMSE: 0.61742729
[2020-10-23 13:44:20] IELM.cv1: Checkpoint saved to experiments/normal/sili/IELM_sili_h1
[2020-10-23 13:44:20] IELM.cv1: Hidden size: 89 	 
Training MSE: 0.16668577 	 Validating MSE: 0.63727629 	 Best VMSE: 0.61742729
[2020-10-23 13:44:20] IELM.cv1: Checkpoint saved to experiments/normal/sili/IELM_sili_h1
[2020-10-23 13:44:20] IELM.cv1: Hidden size: 90 	 
Training MSE: 0.16645803 	 Validating MSE: 0.62746251 	 Best VMSE: 0.61742729
[2020-10-23 13:44:20] IELM.cv1: Checkpoint saved to experiments/normal/sili/IELM_sili_h1
[2020-10-23 13:44:20] IELM.cv1: Hidden size: 91 	 
Training MSE: 0.16616857 	 Validating MSE: 0.63761115 	 Best VMSE: 0.61742729
[2020-10-23 13:44:20] IELM.cv1: Checkpoint saved to experiments/normal/sili/IELM_sili_h1
[2020-10-23 13:44:20] IELM.cv1: Hidden size: 92 	 
Training MSE: 0.16615808 	 Validating MSE: 0.63597059 	 Best VMSE: 0.61742729
[2020-10-23 13:44:20] IELM.cv1: Checkpoint saved to experiments/normal/sili/IELM_sili_h1
[2020-10-23 13:44:20] IELM.cv1: Hidden size: 93 	 
Training MSE: 0.16512649 	 Validating MSE: 0.60797191 	 Best VMSE: 0.61742729
[2020-10-23 13:44:20] IELM.cv1: Found new best state
[2020-10-23 13:44:20] IELM.cv1: Best vmse: 0.6080
[2020-10-23 13:44:20] IELM.cv1: Checkpoint saved to experiments/normal/sili/IELM_sili_h1
[2020-10-23 13:44:20] IELM.cv1: Hidden size: 94 	 
Training MSE: 0.16431664 	 Validating MSE: 0.62251472 	 Best VMSE: 0.60797191
[2020-10-23 13:44:20] IELM.cv1: Checkpoint saved to experiments/normal/sili/IELM_sili_h1
[2020-10-23 13:44:20] IELM.cv1: Hidden size: 95 	 
Training MSE: 0.16422366 	 Validating MSE: 0.62623745 	 Best VMSE: 0.60797191
[2020-10-23 13:44:20] IELM.cv1: Checkpoint saved to experiments/normal/sili/IELM_sili_h1
[2020-10-23 13:44:20] IELM.cv1: Hidden size: 96 	 
Training MSE: 0.16416605 	 Validating MSE: 0.61959094 	 Best VMSE: 0.60797191
[2020-10-23 13:44:20] IELM.cv1: Checkpoint saved to experiments/normal/sili/IELM_sili_h1
[2020-10-23 13:44:20] IELM.cv1: Hidden size: 97 	 
Training MSE: 0.16378754 	 Validating MSE: 0.60185057 	 Best VMSE: 0.60797191
[2020-10-23 13:44:20] IELM.cv1: Found new best state
[2020-10-23 13:44:20] IELM.cv1: Best vmse: 0.6019
[2020-10-23 13:44:20] IELM.cv1: Checkpoint saved to experiments/normal/sili/IELM_sili_h1
[2020-10-23 13:44:20] IELM.cv1: Hidden size: 98 	 
Training MSE: 0.16337113 	 Validating MSE: 0.61100763 	 Best VMSE: 0.60185057
[2020-10-23 13:44:20] IELM.cv1: Checkpoint saved to experiments/normal/sili/IELM_sili_h1
[2020-10-23 13:44:20] IELM.cv1: Hidden size: 99 	 
Training MSE: 0.16336663 	 Validating MSE: 0.61238229 	 Best VMSE: 0.60185057
[2020-10-23 13:44:20] IELM.cv1: Checkpoint saved to experiments/normal/sili/IELM_sili_h1
[2020-10-23 13:44:20] IELM.cv1: Hidden size: 100 	 
Training MSE: 0.16336538 	 Validating MSE: 0.61287767 	 Best VMSE: 0.60185057
[2020-10-23 13:44:20] IELM.cv1: Checkpoint saved to experiments/normal/sili/IELM_sili_h1
[2020-10-23 13:44:20] IELM.cv1: Restoring best parameters from experiments/normal/sili/IELM_sili_h1/train.cv1.pth.tar
[2020-10-23 13:44:20] IELM.cv1: sili	 H: 1	 Trail: 6 
Testing RMSE: 0.8559 	 MAPE: 0.1301 	 SMAPE: 0.07112
