[2020-10-23 13:45:24] IELM.cv11: Loading the datasets and model for 30th-batch-training
[2020-10-23 13:45:24] IELM.cv11: Argument hidden_size: 100
[2020-10-23 13:45:24] IELM.cv11: Argument candidate_size: 300
[2020-10-23 13:45:24] IELM.cv11: Argument Lambdas: [0.5, 1, 5, 15, 30, 50, 100, 150, 200]
[2020-10-23 13:45:24] IELM.cv11: Argument Lambdas_std: [0.01, 0.05, 0.1, 0.5, 1]
[2020-10-23 13:45:24] IELM.cv11: Argument r: [0.8, 0.9, 0.99, 0.9999, 0.999999]
[2020-10-23 13:45:24] IELM.cv11: Argument tolerance: 0
[2020-10-23 13:45:24] IELM.cv11: Argument device: device(type='cuda')
[2020-10-23 13:45:24] IELM.cv11: Argument dataset: 'sili'
[2020-10-23 13:45:24] IELM.cv11: Argument H: 1
[2020-10-23 13:45:24] IELM.cv11: Argument k: 5
[2020-10-23 13:45:24] IELM.cv11: Argument test: False
[2020-10-23 13:45:24] IELM.cv11: Argument normal: True
[2020-10-23 13:45:24] IELM.cv11: Argument diff: False
[2020-10-23 13:45:24] IELM.cv11: Argument times: 60
[2020-10-23 13:45:24] IELM.cv11: Argument datasets: {'ar1': {'lag_order': 15, 'normal': True, 'cov_dim': 0, 'kernel_size': 3}, 'wti': {'lag_order': 25, 'normal': True, 'cov_dim': 0, 'kernel_size': 5}, 'gold': {'lag_order': 25, 'normal': True, 'cov_dim': 0, 'kernel_size': 5}, 'sp': {'lag_order': 25, 'normal': True, 'cov_dim': 0, 'kernel_size': 5}, 'brent': {'lag_order': 24, 'normal': True, 'cov_dim': 0, 'kernel_size': 6}, 'sili': {'lag_order': 26, 'normal': True, 'cov_dim': 0, 'kernel_size': 6}}
[2020-10-23 13:45:24] IELM.cv11: Argument steps: 26
[2020-10-23 13:45:24] IELM.cv11: Argument experiment: 'experiments/normal/sili'
[2020-10-23 13:45:24] IELM.cv11: Argument scaler: StandardScaler()
[2020-10-23 13:45:24] IELM.cv11: Argument model_name: 'IELM_sili_h1'
[2020-10-23 13:45:24] IELM.cv11: Argument model_dir: 'experiments/normal/sili/IELM_sili_h1'
[2020-10-23 13:45:24] IELM.cv11: Argument restore: True
[2020-10-23 13:45:24] IELM.cv11: Argument cv: 11
[2020-10-23 13:45:24] IELM.cv11: Argument plot_dir: 'experiments/normal/sili/IELM_sili_h1/figures'
[2020-10-23 13:45:24] IELM.cv11: Using Cuda...
[2020-10-23 13:45:24] IELM.cv11: Loading complete.
[2020-10-23 13:45:24] IELM.cv11: Model: 
IELM(
  (loss_fn): MSELoss()
)
[2020-10-23 13:45:24] IELM.cv11: Hidden size: 1 	 
Training MSE: 0.34253103 	 Validating MSE: 1.48559999 	 Best VMSE: 9999.00000000
[2020-10-23 13:45:24] IELM.cv11: Found new best state
[2020-10-23 13:45:24] IELM.cv11: Best vmse: 1.4856
[2020-10-23 13:45:24] IELM.cv11: Checkpoint saved to experiments/normal/sili/IELM_sili_h1
[2020-10-23 13:45:24] IELM.cv11: Hidden size: 2 	 
Training MSE: 0.33296728 	 Validating MSE: 1.39386761 	 Best VMSE: 1.48559999
[2020-10-23 13:45:24] IELM.cv11: Found new best state
[2020-10-23 13:45:24] IELM.cv11: Best vmse: 1.3939
[2020-10-23 13:45:24] IELM.cv11: Checkpoint saved to experiments/normal/sili/IELM_sili_h1
[2020-10-23 13:45:24] IELM.cv11: Hidden size: 3 	 
Training MSE: 0.33094153 	 Validating MSE: 1.45108163 	 Best VMSE: 1.39386761
[2020-10-23 13:45:24] IELM.cv11: Checkpoint saved to experiments/normal/sili/IELM_sili_h1
[2020-10-23 13:45:24] IELM.cv11: Hidden size: 4 	 
Training MSE: 0.33084229 	 Validating MSE: 1.45494199 	 Best VMSE: 1.39386761
[2020-10-23 13:45:24] IELM.cv11: Checkpoint saved to experiments/normal/sili/IELM_sili_h1
[2020-10-23 13:45:24] IELM.cv11: Hidden size: 5 	 
Training MSE: 0.33070910 	 Validating MSE: 1.43789923 	 Best VMSE: 1.39386761
[2020-10-23 13:45:24] IELM.cv11: Checkpoint saved to experiments/normal/sili/IELM_sili_h1
[2020-10-23 13:45:24] IELM.cv11: Hidden size: 6 	 
Training MSE: 0.33049408 	 Validating MSE: 1.44752789 	 Best VMSE: 1.39386761
[2020-10-23 13:45:24] IELM.cv11: Checkpoint saved to experiments/normal/sili/IELM_sili_h1
[2020-10-23 13:45:24] IELM.cv11: Hidden size: 7 	 
Training MSE: 0.31910068 	 Validating MSE: 1.28564024 	 Best VMSE: 1.39386761
[2020-10-23 13:45:24] IELM.cv11: Found new best state
[2020-10-23 13:45:24] IELM.cv11: Best vmse: 1.2856
[2020-10-23 13:45:24] IELM.cv11: Checkpoint saved to experiments/normal/sili/IELM_sili_h1
[2020-10-23 13:45:24] IELM.cv11: Hidden size: 8 	 
Training MSE: 0.31450564 	 Validating MSE: 1.38018739 	 Best VMSE: 1.28564024
[2020-10-23 13:45:24] IELM.cv11: Checkpoint saved to experiments/normal/sili/IELM_sili_h1
[2020-10-23 13:45:24] IELM.cv11: Hidden size: 9 	 
Training MSE: 0.30992514 	 Validating MSE: 1.43393409 	 Best VMSE: 1.28564024
[2020-10-23 13:45:24] IELM.cv11: Checkpoint saved to experiments/normal/sili/IELM_sili_h1
[2020-10-23 13:45:24] IELM.cv11: Hidden size: 10 	 
Training MSE: 0.30510828 	 Validating MSE: 1.40400636 	 Best VMSE: 1.28564024
[2020-10-23 13:45:24] IELM.cv11: Checkpoint saved to experiments/normal/sili/IELM_sili_h1
[2020-10-23 13:45:24] IELM.cv11: Hidden size: 11 	 
Training MSE: 0.30499107 	 Validating MSE: 1.41377032 	 Best VMSE: 1.28564024
[2020-10-23 13:45:24] IELM.cv11: Checkpoint saved to experiments/normal/sili/IELM_sili_h1
[2020-10-23 13:45:24] IELM.cv11: Hidden size: 12 	 
Training MSE: 0.30394202 	 Validating MSE: 1.44639456 	 Best VMSE: 1.28564024
[2020-10-23 13:45:24] IELM.cv11: Checkpoint saved to experiments/normal/sili/IELM_sili_h1
[2020-10-23 13:45:24] IELM.cv11: Hidden size: 13 	 
Training MSE: 0.30366611 	 Validating MSE: 1.43106329 	 Best VMSE: 1.28564024
[2020-10-23 13:45:24] IELM.cv11: Checkpoint saved to experiments/normal/sili/IELM_sili_h1
[2020-10-23 13:45:24] IELM.cv11: Hidden size: 14 	 
Training MSE: 0.28431231 	 Validating MSE: 1.14968801 	 Best VMSE: 1.28564024
[2020-10-23 13:45:24] IELM.cv11: Found new best state
[2020-10-23 13:45:24] IELM.cv11: Best vmse: 1.1497
[2020-10-23 13:45:24] IELM.cv11: Checkpoint saved to experiments/normal/sili/IELM_sili_h1
[2020-10-23 13:45:24] IELM.cv11: Hidden size: 15 	 
Training MSE: 0.26860484 	 Validating MSE: 1.22483468 	 Best VMSE: 1.14968801
[2020-10-23 13:45:24] IELM.cv11: Checkpoint saved to experiments/normal/sili/IELM_sili_h1
[2020-10-23 13:45:24] IELM.cv11: Hidden size: 16 	 
Training MSE: 0.26841205 	 Validating MSE: 1.23293722 	 Best VMSE: 1.14968801
[2020-10-23 13:45:24] IELM.cv11: Checkpoint saved to experiments/normal/sili/IELM_sili_h1
[2020-10-23 13:45:24] IELM.cv11: Hidden size: 17 	 
Training MSE: 0.26841196 	 Validating MSE: 1.23260570 	 Best VMSE: 1.14968801
[2020-10-23 13:45:24] IELM.cv11: Checkpoint saved to experiments/normal/sili/IELM_sili_h1
[2020-10-23 13:45:24] IELM.cv11: Hidden size: 18 	 
Training MSE: 0.26809227 	 Validating MSE: 1.24269903 	 Best VMSE: 1.14968801
[2020-10-23 13:45:24] IELM.cv11: Checkpoint saved to experiments/normal/sili/IELM_sili_h1
[2020-10-23 13:45:24] IELM.cv11: Hidden size: 19 	 
Training MSE: 0.26579171 	 Validating MSE: 1.26694238 	 Best VMSE: 1.14968801
[2020-10-23 13:45:24] IELM.cv11: Checkpoint saved to experiments/normal/sili/IELM_sili_h1
[2020-10-23 13:45:24] IELM.cv11: Hidden size: 20 	 
Training MSE: 0.26256186 	 Validating MSE: 1.21150005 	 Best VMSE: 1.14968801
[2020-10-23 13:45:24] IELM.cv11: Checkpoint saved to experiments/normal/sili/IELM_sili_h1
[2020-10-23 13:45:24] IELM.cv11: Hidden size: 21 	 
Training MSE: 0.26004601 	 Validating MSE: 1.13678277 	 Best VMSE: 1.14968801
[2020-10-23 13:45:24] IELM.cv11: Found new best state
[2020-10-23 13:45:24] IELM.cv11: Best vmse: 1.1368
[2020-10-23 13:45:24] IELM.cv11: Checkpoint saved to experiments/normal/sili/IELM_sili_h1
[2020-10-23 13:45:24] IELM.cv11: Hidden size: 22 	 
Training MSE: 0.25912619 	 Validating MSE: 1.17992520 	 Best VMSE: 1.13678277
[2020-10-23 13:45:24] IELM.cv11: Checkpoint saved to experiments/normal/sili/IELM_sili_h1
[2020-10-23 13:45:24] IELM.cv11: Hidden size: 23 	 
Training MSE: 0.25881884 	 Validating MSE: 1.18878579 	 Best VMSE: 1.13678277
[2020-10-23 13:45:24] IELM.cv11: Checkpoint saved to experiments/normal/sili/IELM_sili_h1
[2020-10-23 13:45:24] IELM.cv11: Hidden size: 24 	 
Training MSE: 0.24985930 	 Validating MSE: 1.09128106 	 Best VMSE: 1.13678277
[2020-10-23 13:45:24] IELM.cv11: Found new best state
[2020-10-23 13:45:24] IELM.cv11: Best vmse: 1.0913
[2020-10-23 13:45:24] IELM.cv11: Checkpoint saved to experiments/normal/sili/IELM_sili_h1
[2020-10-23 13:45:24] IELM.cv11: Hidden size: 25 	 
Training MSE: 0.24098237 	 Validating MSE: 1.11606348 	 Best VMSE: 1.09128106
[2020-10-23 13:45:24] IELM.cv11: Checkpoint saved to experiments/normal/sili/IELM_sili_h1
[2020-10-23 13:45:24] IELM.cv11: Hidden size: 26 	 
Training MSE: 0.23748617 	 Validating MSE: 1.07098711 	 Best VMSE: 1.09128106
[2020-10-23 13:45:24] IELM.cv11: Found new best state
[2020-10-23 13:45:24] IELM.cv11: Best vmse: 1.0710
[2020-10-23 13:45:24] IELM.cv11: Checkpoint saved to experiments/normal/sili/IELM_sili_h1
[2020-10-23 13:45:24] IELM.cv11: Hidden size: 27 	 
Training MSE: 0.23623186 	 Validating MSE: 1.09967363 	 Best VMSE: 1.07098711
[2020-10-23 13:45:24] IELM.cv11: Checkpoint saved to experiments/normal/sili/IELM_sili_h1
[2020-10-23 13:45:24] IELM.cv11: Hidden size: 28 	 
Training MSE: 0.23596235 	 Validating MSE: 1.10558152 	 Best VMSE: 1.07098711
[2020-10-23 13:45:24] IELM.cv11: Checkpoint saved to experiments/normal/sili/IELM_sili_h1
[2020-10-23 13:45:24] IELM.cv11: Hidden size: 29 	 
Training MSE: 0.22568136 	 Validating MSE: 0.94526350 	 Best VMSE: 1.07098711
[2020-10-23 13:45:24] IELM.cv11: Found new best state
[2020-10-23 13:45:24] IELM.cv11: Best vmse: 0.9453
[2020-10-23 13:45:24] IELM.cv11: Checkpoint saved to experiments/normal/sili/IELM_sili_h1
[2020-10-23 13:45:24] IELM.cv11: Hidden size: 30 	 
Training MSE: 0.22387183 	 Validating MSE: 0.96463335 	 Best VMSE: 0.94526350
[2020-10-23 13:45:24] IELM.cv11: Checkpoint saved to experiments/normal/sili/IELM_sili_h1
[2020-10-23 13:45:24] IELM.cv11: Hidden size: 31 	 
Training MSE: 0.22340366 	 Validating MSE: 0.98299634 	 Best VMSE: 0.94526350
[2020-10-23 13:45:24] IELM.cv11: Checkpoint saved to experiments/normal/sili/IELM_sili_h1
[2020-10-23 13:45:24] IELM.cv11: Hidden size: 32 	 
Training MSE: 0.22202234 	 Validating MSE: 0.95898825 	 Best VMSE: 0.94526350
[2020-10-23 13:45:24] IELM.cv11: Checkpoint saved to experiments/normal/sili/IELM_sili_h1
[2020-10-23 13:45:25] IELM.cv11: Hidden size: 33 	 
Training MSE: 0.22191557 	 Validating MSE: 0.94426399 	 Best VMSE: 0.94526350
[2020-10-23 13:45:25] IELM.cv11: Found new best state
[2020-10-23 13:45:25] IELM.cv11: Best vmse: 0.9443
[2020-10-23 13:45:25] IELM.cv11: Checkpoint saved to experiments/normal/sili/IELM_sili_h1
[2020-10-23 13:45:25] IELM.cv11: Hidden size: 34 	 
Training MSE: 0.22187081 	 Validating MSE: 0.93679714 	 Best VMSE: 0.94426399
[2020-10-23 13:45:25] IELM.cv11: Found new best state
[2020-10-23 13:45:25] IELM.cv11: Best vmse: 0.9368
[2020-10-23 13:45:25] IELM.cv11: Checkpoint saved to experiments/normal/sili/IELM_sili_h1
[2020-10-23 13:45:25] IELM.cv11: Hidden size: 35 	 
Training MSE: 0.21813919 	 Validating MSE: 0.98888218 	 Best VMSE: 0.93679714
[2020-10-23 13:45:25] IELM.cv11: Checkpoint saved to experiments/normal/sili/IELM_sili_h1
[2020-10-23 13:45:25] IELM.cv11: Hidden size: 36 	 
Training MSE: 0.21625228 	 Validating MSE: 1.00677836 	 Best VMSE: 0.93679714
[2020-10-23 13:45:25] IELM.cv11: Checkpoint saved to experiments/normal/sili/IELM_sili_h1
[2020-10-23 13:45:25] IELM.cv11: Hidden size: 37 	 
Training MSE: 0.21535873 	 Validating MSE: 0.98533624 	 Best VMSE: 0.93679714
[2020-10-23 13:45:25] IELM.cv11: Checkpoint saved to experiments/normal/sili/IELM_sili_h1
[2020-10-23 13:45:25] IELM.cv11: Hidden size: 38 	 
Training MSE: 0.21535000 	 Validating MSE: 0.98424160 	 Best VMSE: 0.93679714
[2020-10-23 13:45:25] IELM.cv11: Checkpoint saved to experiments/normal/sili/IELM_sili_h1
[2020-10-23 13:45:25] IELM.cv11: Hidden size: 39 	 
Training MSE: 0.21525359 	 Validating MSE: 0.98843837 	 Best VMSE: 0.93679714
[2020-10-23 13:45:25] IELM.cv11: Checkpoint saved to experiments/normal/sili/IELM_sili_h1
[2020-10-23 13:45:25] IELM.cv11: Hidden size: 40 	 
Training MSE: 0.21468778 	 Validating MSE: 0.97022587 	 Best VMSE: 0.93679714
[2020-10-23 13:45:25] IELM.cv11: Checkpoint saved to experiments/normal/sili/IELM_sili_h1
[2020-10-23 13:45:25] IELM.cv11: Hidden size: 41 	 
Training MSE: 0.21320087 	 Validating MSE: 0.99108368 	 Best VMSE: 0.93679714
[2020-10-23 13:45:25] IELM.cv11: Checkpoint saved to experiments/normal/sili/IELM_sili_h1
[2020-10-23 13:45:25] IELM.cv11: Hidden size: 42 	 
Training MSE: 0.21130626 	 Validating MSE: 0.93485254 	 Best VMSE: 0.93679714
[2020-10-23 13:45:25] IELM.cv11: Found new best state
[2020-10-23 13:45:25] IELM.cv11: Best vmse: 0.9349
[2020-10-23 13:45:25] IELM.cv11: Checkpoint saved to experiments/normal/sili/IELM_sili_h1
[2020-10-23 13:45:25] IELM.cv11: Hidden size: 43 	 
Training MSE: 0.20936370 	 Validating MSE: 0.95206648 	 Best VMSE: 0.93485254
[2020-10-23 13:45:25] IELM.cv11: Checkpoint saved to experiments/normal/sili/IELM_sili_h1
[2020-10-23 13:45:25] IELM.cv11: Hidden size: 44 	 
Training MSE: 0.20750867 	 Validating MSE: 0.92775983 	 Best VMSE: 0.93485254
[2020-10-23 13:45:25] IELM.cv11: Found new best state
[2020-10-23 13:45:25] IELM.cv11: Best vmse: 0.9278
[2020-10-23 13:45:25] IELM.cv11: Checkpoint saved to experiments/normal/sili/IELM_sili_h1
[2020-10-23 13:45:25] IELM.cv11: Hidden size: 45 	 
Training MSE: 0.20719723 	 Validating MSE: 0.93936431 	 Best VMSE: 0.92775983
[2020-10-23 13:45:25] IELM.cv11: Checkpoint saved to experiments/normal/sili/IELM_sili_h1
[2020-10-23 13:45:25] IELM.cv11: Hidden size: 46 	 
Training MSE: 0.20699584 	 Validating MSE: 0.94475007 	 Best VMSE: 0.92775983
[2020-10-23 13:45:25] IELM.cv11: Checkpoint saved to experiments/normal/sili/IELM_sili_h1
[2020-10-23 13:45:25] IELM.cv11: Hidden size: 47 	 
Training MSE: 0.20676540 	 Validating MSE: 0.92989117 	 Best VMSE: 0.92775983
[2020-10-23 13:45:25] IELM.cv11: Checkpoint saved to experiments/normal/sili/IELM_sili_h1
[2020-10-23 13:45:25] IELM.cv11: Hidden size: 48 	 
Training MSE: 0.20676449 	 Validating MSE: 0.92944479 	 Best VMSE: 0.92775983
[2020-10-23 13:45:25] IELM.cv11: Checkpoint saved to experiments/normal/sili/IELM_sili_h1
[2020-10-23 13:45:25] IELM.cv11: Hidden size: 49 	 
Training MSE: 0.20588022 	 Validating MSE: 0.90310556 	 Best VMSE: 0.92775983
[2020-10-23 13:45:25] IELM.cv11: Found new best state
[2020-10-23 13:45:25] IELM.cv11: Best vmse: 0.9031
[2020-10-23 13:45:25] IELM.cv11: Checkpoint saved to experiments/normal/sili/IELM_sili_h1
[2020-10-23 13:45:25] IELM.cv11: Hidden size: 50 	 
Training MSE: 0.20289552 	 Validating MSE: 0.91818333 	 Best VMSE: 0.90310556
[2020-10-23 13:45:25] IELM.cv11: Checkpoint saved to experiments/normal/sili/IELM_sili_h1
[2020-10-23 13:45:25] IELM.cv11: Hidden size: 51 	 
Training MSE: 0.20109162 	 Validating MSE: 0.88288110 	 Best VMSE: 0.90310556
[2020-10-23 13:45:25] IELM.cv11: Found new best state
[2020-10-23 13:45:25] IELM.cv11: Best vmse: 0.8829
[2020-10-23 13:45:25] IELM.cv11: Checkpoint saved to experiments/normal/sili/IELM_sili_h1
[2020-10-23 13:45:25] IELM.cv11: Hidden size: 52 	 
Training MSE: 0.20077604 	 Validating MSE: 0.89190626 	 Best VMSE: 0.88288110
[2020-10-23 13:45:25] IELM.cv11: Checkpoint saved to experiments/normal/sili/IELM_sili_h1
[2020-10-23 13:45:25] IELM.cv11: Hidden size: 53 	 
Training MSE: 0.20036043 	 Validating MSE: 0.87450927 	 Best VMSE: 0.88288110
[2020-10-23 13:45:25] IELM.cv11: Found new best state
[2020-10-23 13:45:25] IELM.cv11: Best vmse: 0.8745
[2020-10-23 13:45:25] IELM.cv11: Checkpoint saved to experiments/normal/sili/IELM_sili_h1
[2020-10-23 13:45:25] IELM.cv11: Hidden size: 54 	 
Training MSE: 0.20025468 	 Validating MSE: 0.87847561 	 Best VMSE: 0.87450927
[2020-10-23 13:45:25] IELM.cv11: Checkpoint saved to experiments/normal/sili/IELM_sili_h1
[2020-10-23 13:45:25] IELM.cv11: Hidden size: 55 	 
Training MSE: 0.19905917 	 Validating MSE: 0.84017342 	 Best VMSE: 0.87450927
[2020-10-23 13:45:25] IELM.cv11: Found new best state
[2020-10-23 13:45:25] IELM.cv11: Best vmse: 0.8402
[2020-10-23 13:45:25] IELM.cv11: Checkpoint saved to experiments/normal/sili/IELM_sili_h1
[2020-10-23 13:45:25] IELM.cv11: Hidden size: 56 	 
Training MSE: 0.19820201 	 Validating MSE: 0.86027318 	 Best VMSE: 0.84017342
[2020-10-23 13:45:25] IELM.cv11: Checkpoint saved to experiments/normal/sili/IELM_sili_h1
[2020-10-23 13:45:25] IELM.cv11: Hidden size: 57 	 
Training MSE: 0.19807796 	 Validating MSE: 0.86305052 	 Best VMSE: 0.84017342
[2020-10-23 13:45:25] IELM.cv11: Checkpoint saved to experiments/normal/sili/IELM_sili_h1
[2020-10-23 13:45:25] IELM.cv11: Hidden size: 58 	 
Training MSE: 0.19719933 	 Validating MSE: 0.83321607 	 Best VMSE: 0.84017342
[2020-10-23 13:45:25] IELM.cv11: Found new best state
[2020-10-23 13:45:25] IELM.cv11: Best vmse: 0.8332
[2020-10-23 13:45:25] IELM.cv11: Checkpoint saved to experiments/normal/sili/IELM_sili_h1
[2020-10-23 13:45:25] IELM.cv11: Hidden size: 59 	 
Training MSE: 0.19622904 	 Validating MSE: 0.80952191 	 Best VMSE: 0.83321607
[2020-10-23 13:45:25] IELM.cv11: Found new best state
[2020-10-23 13:45:25] IELM.cv11: Best vmse: 0.8095
[2020-10-23 13:45:25] IELM.cv11: Checkpoint saved to experiments/normal/sili/IELM_sili_h1
[2020-10-23 13:45:25] IELM.cv11: Hidden size: 60 	 
Training MSE: 0.19440117 	 Validating MSE: 0.84339273 	 Best VMSE: 0.80952191
[2020-10-23 13:45:25] IELM.cv11: Checkpoint saved to experiments/normal/sili/IELM_sili_h1
[2020-10-23 13:45:25] IELM.cv11: Hidden size: 61 	 
Training MSE: 0.19404903 	 Validating MSE: 0.85149890 	 Best VMSE: 0.80952191
[2020-10-23 13:45:25] IELM.cv11: Checkpoint saved to experiments/normal/sili/IELM_sili_h1
[2020-10-23 13:45:25] IELM.cv11: Hidden size: 62 	 
Training MSE: 0.19384621 	 Validating MSE: 0.85458905 	 Best VMSE: 0.80952191
[2020-10-23 13:45:25] IELM.cv11: Checkpoint saved to experiments/normal/sili/IELM_sili_h1
[2020-10-23 13:45:25] IELM.cv11: Hidden size: 63 	 
Training MSE: 0.19312029 	 Validating MSE: 0.84129053 	 Best VMSE: 0.80952191
[2020-10-23 13:45:25] IELM.cv11: Checkpoint saved to experiments/normal/sili/IELM_sili_h1
[2020-10-23 13:45:25] IELM.cv11: Hidden size: 64 	 
Training MSE: 0.19305038 	 Validating MSE: 0.83319581 	 Best VMSE: 0.80952191
[2020-10-23 13:45:25] IELM.cv11: Checkpoint saved to experiments/normal/sili/IELM_sili_h1
[2020-10-23 13:45:25] IELM.cv11: Hidden size: 65 	 
Training MSE: 0.19298725 	 Validating MSE: 0.83955073 	 Best VMSE: 0.80952191
[2020-10-23 13:45:25] IELM.cv11: Checkpoint saved to experiments/normal/sili/IELM_sili_h1
[2020-10-23 13:45:25] IELM.cv11: Hidden size: 66 	 
Training MSE: 0.19186178 	 Validating MSE: 0.84963632 	 Best VMSE: 0.80952191
[2020-10-23 13:45:25] IELM.cv11: Checkpoint saved to experiments/normal/sili/IELM_sili_h1
[2020-10-23 13:45:25] IELM.cv11: Hidden size: 67 	 
Training MSE: 0.18937893 	 Validating MSE: 0.80388951 	 Best VMSE: 0.80952191
[2020-10-23 13:45:25] IELM.cv11: Found new best state
[2020-10-23 13:45:25] IELM.cv11: Best vmse: 0.8039
[2020-10-23 13:45:25] IELM.cv11: Checkpoint saved to experiments/normal/sili/IELM_sili_h1
[2020-10-23 13:45:25] IELM.cv11: Hidden size: 68 	 
Training MSE: 0.18881406 	 Validating MSE: 0.81625849 	 Best VMSE: 0.80388951
[2020-10-23 13:45:25] IELM.cv11: Checkpoint saved to experiments/normal/sili/IELM_sili_h1
[2020-10-23 13:45:25] IELM.cv11: Hidden size: 69 	 
Training MSE: 0.18850993 	 Validating MSE: 0.80359554 	 Best VMSE: 0.80388951
[2020-10-23 13:45:25] IELM.cv11: Found new best state
[2020-10-23 13:45:25] IELM.cv11: Best vmse: 0.8036
[2020-10-23 13:45:25] IELM.cv11: Checkpoint saved to experiments/normal/sili/IELM_sili_h1
[2020-10-23 13:45:26] IELM.cv11: Hidden size: 70 	 
Training MSE: 0.18820870 	 Validating MSE: 0.78478825 	 Best VMSE: 0.80359554
[2020-10-23 13:45:26] IELM.cv11: Found new best state
[2020-10-23 13:45:26] IELM.cv11: Best vmse: 0.7848
[2020-10-23 13:45:26] IELM.cv11: Checkpoint saved to experiments/normal/sili/IELM_sili_h1
[2020-10-23 13:45:26] IELM.cv11: Hidden size: 71 	 
Training MSE: 0.18723640 	 Validating MSE: 0.79170549 	 Best VMSE: 0.78478825
[2020-10-23 13:45:26] IELM.cv11: Checkpoint saved to experiments/normal/sili/IELM_sili_h1
[2020-10-23 13:45:26] IELM.cv11: Hidden size: 72 	 
Training MSE: 0.18592398 	 Validating MSE: 0.80307066 	 Best VMSE: 0.78478825
[2020-10-23 13:45:26] IELM.cv11: Checkpoint saved to experiments/normal/sili/IELM_sili_h1
[2020-10-23 13:45:26] IELM.cv11: Hidden size: 73 	 
Training MSE: 0.17732668 	 Validating MSE: 0.69544393 	 Best VMSE: 0.78478825
[2020-10-23 13:45:26] IELM.cv11: Found new best state
[2020-10-23 13:45:26] IELM.cv11: Best vmse: 0.6954
[2020-10-23 13:45:26] IELM.cv11: Checkpoint saved to experiments/normal/sili/IELM_sili_h1
[2020-10-23 13:45:26] IELM.cv11: Hidden size: 74 	 
Training MSE: 0.17593540 	 Validating MSE: 0.71894789 	 Best VMSE: 0.69544393
[2020-10-23 13:45:26] IELM.cv11: Checkpoint saved to experiments/normal/sili/IELM_sili_h1
[2020-10-23 13:45:26] IELM.cv11: Hidden size: 75 	 
Training MSE: 0.17576352 	 Validating MSE: 0.70551652 	 Best VMSE: 0.69544393
[2020-10-23 13:45:26] IELM.cv11: Checkpoint saved to experiments/normal/sili/IELM_sili_h1
[2020-10-23 13:45:26] IELM.cv11: Hidden size: 76 	 
Training MSE: 0.17531881 	 Validating MSE: 0.72001237 	 Best VMSE: 0.69544393
[2020-10-23 13:45:26] IELM.cv11: Checkpoint saved to experiments/normal/sili/IELM_sili_h1
[2020-10-23 13:45:26] IELM.cv11: Hidden size: 77 	 
Training MSE: 0.17486158 	 Validating MSE: 0.70247096 	 Best VMSE: 0.69544393
[2020-10-23 13:45:26] IELM.cv11: Checkpoint saved to experiments/normal/sili/IELM_sili_h1
[2020-10-23 13:45:26] IELM.cv11: Hidden size: 78 	 
Training MSE: 0.17308220 	 Validating MSE: 0.71086854 	 Best VMSE: 0.69544393
[2020-10-23 13:45:26] IELM.cv11: Checkpoint saved to experiments/normal/sili/IELM_sili_h1
[2020-10-23 13:45:26] IELM.cv11: Hidden size: 79 	 
Training MSE: 0.17308056 	 Validating MSE: 0.71041369 	 Best VMSE: 0.69544393
[2020-10-23 13:45:26] IELM.cv11: Checkpoint saved to experiments/normal/sili/IELM_sili_h1
[2020-10-23 13:45:26] IELM.cv11: Hidden size: 80 	 
Training MSE: 0.17285129 	 Validating MSE: 0.70012873 	 Best VMSE: 0.69544393
[2020-10-23 13:45:26] IELM.cv11: Checkpoint saved to experiments/normal/sili/IELM_sili_h1
[2020-10-23 13:45:26] IELM.cv11: Hidden size: 81 	 
Training MSE: 0.17272346 	 Validating MSE: 0.69209546 	 Best VMSE: 0.69544393
[2020-10-23 13:45:26] IELM.cv11: Found new best state
[2020-10-23 13:45:26] IELM.cv11: Best vmse: 0.6921
[2020-10-23 13:45:26] IELM.cv11: Checkpoint saved to experiments/normal/sili/IELM_sili_h1
[2020-10-23 13:45:26] IELM.cv11: Hidden size: 82 	 
Training MSE: 0.17148547 	 Validating MSE: 0.66192329 	 Best VMSE: 0.69209546
[2020-10-23 13:45:26] IELM.cv11: Found new best state
[2020-10-23 13:45:26] IELM.cv11: Best vmse: 0.6619
[2020-10-23 13:45:26] IELM.cv11: Checkpoint saved to experiments/normal/sili/IELM_sili_h1
[2020-10-23 13:45:26] IELM.cv11: Hidden size: 83 	 
Training MSE: 0.16806632 	 Validating MSE: 0.67236489 	 Best VMSE: 0.66192329
[2020-10-23 13:45:26] IELM.cv11: Checkpoint saved to experiments/normal/sili/IELM_sili_h1
[2020-10-23 13:45:26] IELM.cv11: Hidden size: 84 	 
Training MSE: 0.16756304 	 Validating MSE: 0.66672164 	 Best VMSE: 0.66192329
[2020-10-23 13:45:26] IELM.cv11: Checkpoint saved to experiments/normal/sili/IELM_sili_h1
[2020-10-23 13:45:26] IELM.cv11: Hidden size: 85 	 
Training MSE: 0.16750465 	 Validating MSE: 0.67219526 	 Best VMSE: 0.66192329
[2020-10-23 13:45:26] IELM.cv11: Checkpoint saved to experiments/normal/sili/IELM_sili_h1
[2020-10-23 13:45:26] IELM.cv11: Hidden size: 86 	 
Training MSE: 0.16705737 	 Validating MSE: 0.67656028 	 Best VMSE: 0.66192329
[2020-10-23 13:45:26] IELM.cv11: Checkpoint saved to experiments/normal/sili/IELM_sili_h1
[2020-10-23 13:45:26] IELM.cv11: Hidden size: 87 	 
Training MSE: 0.16676663 	 Validating MSE: 0.66442257 	 Best VMSE: 0.66192329
[2020-10-23 13:45:26] IELM.cv11: Checkpoint saved to experiments/normal/sili/IELM_sili_h1
[2020-10-23 13:45:26] IELM.cv11: Hidden size: 88 	 
Training MSE: 0.16671546 	 Validating MSE: 0.66598183 	 Best VMSE: 0.66192329
[2020-10-23 13:45:26] IELM.cv11: Checkpoint saved to experiments/normal/sili/IELM_sili_h1
[2020-10-23 13:45:26] IELM.cv11: Hidden size: 89 	 
Training MSE: 0.16661006 	 Validating MSE: 0.66253024 	 Best VMSE: 0.66192329
[2020-10-23 13:45:26] IELM.cv11: Checkpoint saved to experiments/normal/sili/IELM_sili_h1
[2020-10-23 13:45:26] IELM.cv11: Hidden size: 90 	 
Training MSE: 0.16649982 	 Validating MSE: 0.66550457 	 Best VMSE: 0.66192329
[2020-10-23 13:45:26] IELM.cv11: Checkpoint saved to experiments/normal/sili/IELM_sili_h1
[2020-10-23 13:45:26] IELM.cv11: Hidden size: 91 	 
Training MSE: 0.16626967 	 Validating MSE: 0.65125209 	 Best VMSE: 0.66192329
[2020-10-23 13:45:26] IELM.cv11: Found new best state
[2020-10-23 13:45:26] IELM.cv11: Best vmse: 0.6513
[2020-10-23 13:45:26] IELM.cv11: Checkpoint saved to experiments/normal/sili/IELM_sili_h1
[2020-10-23 13:45:26] IELM.cv11: Hidden size: 92 	 
Training MSE: 0.16554046 	 Validating MSE: 0.66302544 	 Best VMSE: 0.65125209
[2020-10-23 13:45:26] IELM.cv11: Checkpoint saved to experiments/normal/sili/IELM_sili_h1
[2020-10-23 13:45:26] IELM.cv11: Hidden size: 93 	 
Training MSE: 0.16183965 	 Validating MSE: 0.60641503 	 Best VMSE: 0.65125209
[2020-10-23 13:45:26] IELM.cv11: Found new best state
[2020-10-23 13:45:26] IELM.cv11: Best vmse: 0.6064
[2020-10-23 13:45:26] IELM.cv11: Checkpoint saved to experiments/normal/sili/IELM_sili_h1
[2020-10-23 13:45:26] IELM.cv11: Hidden size: 94 	 
Training MSE: 0.15938649 	 Validating MSE: 0.61780572 	 Best VMSE: 0.60641503
[2020-10-23 13:45:26] IELM.cv11: Checkpoint saved to experiments/normal/sili/IELM_sili_h1
[2020-10-23 13:45:26] IELM.cv11: Hidden size: 95 	 
Training MSE: 0.15824412 	 Validating MSE: 0.59437895 	 Best VMSE: 0.60641503
[2020-10-23 13:45:26] IELM.cv11: Found new best state
[2020-10-23 13:45:26] IELM.cv11: Best vmse: 0.5944
[2020-10-23 13:45:26] IELM.cv11: Checkpoint saved to experiments/normal/sili/IELM_sili_h1
[2020-10-23 13:45:26] IELM.cv11: Hidden size: 96 	 
Training MSE: 0.15822601 	 Validating MSE: 0.59702396 	 Best VMSE: 0.59437895
[2020-10-23 13:45:26] IELM.cv11: Checkpoint saved to experiments/normal/sili/IELM_sili_h1
[2020-10-23 13:45:26] IELM.cv11: Hidden size: 97 	 
Training MSE: 0.15759972 	 Validating MSE: 0.60131234 	 Best VMSE: 0.59437895
[2020-10-23 13:45:26] IELM.cv11: Checkpoint saved to experiments/normal/sili/IELM_sili_h1
[2020-10-23 13:45:26] IELM.cv11: Hidden size: 98 	 
Training MSE: 0.15744641 	 Validating MSE: 0.59272283 	 Best VMSE: 0.59437895
[2020-10-23 13:45:26] IELM.cv11: Found new best state
[2020-10-23 13:45:26] IELM.cv11: Best vmse: 0.5927
[2020-10-23 13:45:26] IELM.cv11: Checkpoint saved to experiments/normal/sili/IELM_sili_h1
[2020-10-23 13:45:26] IELM.cv11: Hidden size: 99 	 
Training MSE: 0.15725604 	 Validating MSE: 0.58127773 	 Best VMSE: 0.59272283
[2020-10-23 13:45:26] IELM.cv11: Found new best state
[2020-10-23 13:45:26] IELM.cv11: Best vmse: 0.5813
[2020-10-23 13:45:26] IELM.cv11: Checkpoint saved to experiments/normal/sili/IELM_sili_h1
[2020-10-23 13:45:26] IELM.cv11: Hidden size: 100 	 
Training MSE: 0.15702438 	 Validating MSE: 0.58610791 	 Best VMSE: 0.58127773
[2020-10-23 13:45:26] IELM.cv11: Checkpoint saved to experiments/normal/sili/IELM_sili_h1
[2020-10-23 13:45:26] IELM.cv11: Restoring best parameters from experiments/normal/sili/IELM_sili_h1/train.cv11.pth.tar
[2020-10-23 13:45:26] IELM.cv11: sili	 H: 1	 Trail: 30 
Testing RMSE: 0.8409 	 MAPE: 0.1297 	 SMAPE: 0.06991
