[2020-10-19 00:21:01] deepAR.cv10: Loading the datasets for 13th-batch-training
[2020-10-19 00:21:01] deepAR.cv10: Argument batch_size: 128
[2020-10-19 00:21:01] deepAR.cv10: Argument lstm_layers: 3
[2020-10-19 00:21:01] deepAR.cv10: Argument lstm_hidden_dim: 40
[2020-10-19 00:21:01] deepAR.cv10: Argument sample_times: 200
[2020-10-19 00:21:01] deepAR.cv10: Argument embedding_dim: 20
[2020-10-19 00:21:01] deepAR.cv10: Argument lstm_dropout: 0.1
[2020-10-19 00:21:01] deepAR.cv10: Argument learning_rate: 0.001
[2020-10-19 00:21:01] deepAR.cv10: Argument step_lr: 20
[2020-10-19 00:21:01] deepAR.cv10: Argument device: device(type='cpu')
[2020-10-19 00:21:01] deepAR.cv10: Argument dataset: 'ar1'
[2020-10-19 00:21:01] deepAR.cv10: Argument H: 3
[2020-10-19 00:21:01] deepAR.cv10: Argument num_epochs: 600
[2020-10-19 00:21:01] deepAR.cv10: Argument k: 5
[2020-10-19 00:21:01] deepAR.cv10: Argument sample_dense: True
[2020-10-19 00:21:01] deepAR.cv10: Argument restore: True
[2020-10-19 00:21:01] deepAR.cv10: Argument relative_metrics: False
[2020-10-19 00:21:01] deepAR.cv10: Argument sampling: False
[2020-10-19 00:21:01] deepAR.cv10: Argument save_best: False
[2020-10-19 00:21:01] deepAR.cv10: Argument test: False
[2020-10-19 00:21:01] deepAR.cv10: Argument normal: True
[2020-10-19 00:21:01] deepAR.cv10: Argument diff: False
[2020-10-19 00:21:01] deepAR.cv10: Argument datasets: {'ar1': {'lag_order': 15, 'normal': True, 'cov_dim': 0, 'kernel_size': 3}, 'wti': {'lag_order': 25, 'normal': True, 'cov_dim': 0, 'kernel_size': 5}, 'gold': {'lag_order': 25, 'normal': True, 'cov_dim': 0, 'kernel_size': 5}, 'sp': {'lag_order': 25, 'normal': True, 'cov_dim': 0, 'kernel_size': 5}, 'brent': {'lag_order': 24, 'normal': True, 'cov_dim': 0, 'kernel_size': 6}, 'sili': {'lag_order': 26, 'normal': True, 'cov_dim': 0, 'kernel_size': 6}}
[2020-10-19 00:21:01] deepAR.cv10: Argument steps: 15
[2020-10-19 00:21:01] deepAR.cv10: Argument cov_dim: 0
[2020-10-19 00:21:01] deepAR.cv10: Argument experiment: 'experiments/normal/ar1'
[2020-10-19 00:21:01] deepAR.cv10: Argument scaler: StandardScaler()
[2020-10-19 00:21:01] deepAR.cv10: Argument model_name: 'deepAR_norm_ar1_h3'
[2020-10-19 00:21:01] deepAR.cv10: Argument model_dir: 'experiments/normal/ar1/deepAR_norm_ar1_h3'
[2020-10-19 00:21:01] deepAR.cv10: Argument train_window: 18
[2020-10-19 00:21:01] deepAR.cv10: Argument test_window: 18
[2020-10-19 00:21:01] deepAR.cv10: Argument predict_start: 15
[2020-10-19 00:21:01] deepAR.cv10: Argument predict_steps: 3
[2020-10-19 00:21:01] deepAR.cv10: Argument cv: 10
[2020-10-19 00:21:01] deepAR.cv10: Argument plot_dir: 'experiments/normal/ar1/deepAR_norm_ar1_h3/figures'
[2020-10-19 00:21:01] deepAR.cv10: Not using cuda...
[2020-10-19 00:21:01] deepAR.cv10: Loading complete.
[2020-10-19 00:21:01] deepAR.cv10: Model: 
DeepAR(
  (lstm): LSTM(1, 40, num_layers=3, dropout=0.1)
  (relu): ReLU()
  (distribution_mu): Linear(in_features=120, out_features=1, bias=True)
  (distribution_presigma): Linear(in_features=120, out_features=1, bias=True)
  (distribution_sigma): Softplus(beta=1, threshold=20)
)
[2020-10-19 00:21:01] deepAR.cv10: Restoring best parameters from experiments/normal/ar1/deepAR_norm_ar1_h3/best.cv10.pth.tar
[2020-10-19 00:21:01] deepAR.cv10: ar1	 H: 3	 Trail: 13 
Testing RMSE: 0.6435 	 MAPE: 0.1284 	 SMAPE: 0.06957
