[2020-09-16 20:58:58] SCN.cv2: Loading the datasets and model for 3th-batch-training
[2020-09-16 20:58:58] SCN.cv2: Argument hidden_size: 100
[2020-09-16 20:58:58] SCN.cv2: Argument candidate_size: 300
[2020-09-16 20:58:58] SCN.cv2: Argument Lambdas: [0.5, 1, 5, 15, 30, 50, 100, 150, 200]
[2020-09-16 20:58:58] SCN.cv2: Argument Lambdas_std: [0.01, 0.05, 0.1, 0.5, 1]
[2020-09-16 20:58:58] SCN.cv2: Argument r: [0.8, 0.9, 0.99, 0.9999, 0.999999]
[2020-09-16 20:58:58] SCN.cv2: Argument tolerance: 0
[2020-09-16 20:58:58] SCN.cv2: Argument device: device(type='cuda')
[2020-09-16 20:58:58] SCN.cv2: Argument dataset: 'ar1'
[2020-09-16 20:58:58] SCN.cv2: Argument H: 6
[2020-09-16 20:58:58] SCN.cv2: Argument k: 5
[2020-09-16 20:58:58] SCN.cv2: Argument test: False
[2020-09-16 20:58:58] SCN.cv2: Argument normal: True
[2020-09-16 20:58:58] SCN.cv2: Argument diff: False
[2020-09-16 20:58:58] SCN.cv2: Argument times: 40
[2020-09-16 20:58:58] SCN.cv2: Argument datasets: {'ar1': {'lag_order': 15, 'normal': True, 'cov_dim': 0, 'kernel_size': 3}, 'wti': {'lag_order': 25, 'normal': True, 'cov_dim': 0, 'kernel_size': 5}, 'gold': {'lag_order': 25, 'normal': True, 'cov_dim': 0, 'kernel_size': 5}, 'sp': {'lag_order': 25, 'normal': True, 'cov_dim': 0, 'kernel_size': 5}, 'brent': {'lag_order': 24, 'normal': True, 'cov_dim': 0, 'kernel_size': 6}, 'sili': {'lag_order': 26, 'normal': True, 'cov_dim': 0, 'kernel_size': 6}}
[2020-09-16 20:58:58] SCN.cv2: Argument steps: 15
[2020-09-16 20:58:58] SCN.cv2: Argument experiment: 'experiments/normal/ar1'
[2020-09-16 20:58:58] SCN.cv2: Argument scaler: StandardScaler()
[2020-09-16 20:58:58] SCN.cv2: Argument model_name: 'SCN_ar1_h6'
[2020-09-16 20:58:58] SCN.cv2: Argument model_dir: 'experiments/normal/ar1/SCN_ar1_h6'
[2020-09-16 20:58:58] SCN.cv2: Argument restore: True
[2020-09-16 20:58:58] SCN.cv2: Argument cv: 2
[2020-09-16 20:58:58] SCN.cv2: Argument plot_dir: 'experiments/normal/ar1/SCN_ar1_h6/figures'
[2020-09-16 20:58:58] SCN.cv2: Using Cuda...
[2020-09-16 20:58:58] SCN.cv2: Loading complete.
[2020-09-16 20:58:58] SCN.cv2: Model: 
scnModel(
  (loss_fn): MSELoss()
)
[2020-09-16 20:58:58] SCN.cv2: Hidden size: 1 	 
Training MSE: 0.27611166 	 Validating MSE: 1.66142595 	 Best VMSE: 9999.00000000
[2020-09-16 20:58:58] SCN.cv2: Found new best state
[2020-09-16 20:58:58] SCN.cv2: Best vmse: 1.6614
[2020-09-16 20:58:58] SCN.cv2: Checkpoint saved to experiments/normal/ar1/SCN_ar1_h6
[2020-09-16 20:58:58] SCN.cv2: Hidden size: 2 	 
Training MSE: 0.14477582 	 Validating MSE: 0.09968881 	 Best VMSE: 1.66142595
[2020-09-16 20:58:58] SCN.cv2: Found new best state
[2020-09-16 20:58:58] SCN.cv2: Best vmse: 0.0997
[2020-09-16 20:58:58] SCN.cv2: Checkpoint saved to experiments/normal/ar1/SCN_ar1_h6
[2020-09-16 20:58:59] SCN.cv2: Hidden size: 3 	 
Training MSE: 0.11257614 	 Validating MSE: 0.11875112 	 Best VMSE: 0.09968881
[2020-09-16 20:58:59] SCN.cv2: Checkpoint saved to experiments/normal/ar1/SCN_ar1_h6
[2020-09-16 20:59:00] SCN.cv2: Hidden size: 4 	 
Training MSE: 0.08867158 	 Validating MSE: 0.11834060 	 Best VMSE: 0.09968881
[2020-09-16 20:59:00] SCN.cv2: Checkpoint saved to experiments/normal/ar1/SCN_ar1_h6
[2020-09-16 20:59:01] SCN.cv2: Hidden size: 5 	 
Training MSE: 0.07318603 	 Validating MSE: 0.10470805 	 Best VMSE: 0.09968881
[2020-09-16 20:59:01] SCN.cv2: Checkpoint saved to experiments/normal/ar1/SCN_ar1_h6
[2020-09-16 20:59:02] SCN.cv2: Hidden size: 6 	 
Training MSE: 0.06577311 	 Validating MSE: 0.32121131 	 Best VMSE: 0.09968881
[2020-09-16 20:59:02] SCN.cv2: Checkpoint saved to experiments/normal/ar1/SCN_ar1_h6
[2020-09-16 20:59:02] SCN.cv2: Hidden size: 7 	 
Training MSE: 0.06236828 	 Validating MSE: 0.35747248 	 Best VMSE: 0.09968881
[2020-09-16 20:59:02] SCN.cv2: Checkpoint saved to experiments/normal/ar1/SCN_ar1_h6
[2020-09-16 20:59:03] SCN.cv2: Hidden size: 8 	 
Training MSE: 0.05977556 	 Validating MSE: 0.34249267 	 Best VMSE: 0.09968881
[2020-09-16 20:59:03] SCN.cv2: Checkpoint saved to experiments/normal/ar1/SCN_ar1_h6
[2020-09-16 20:59:04] SCN.cv2: Hidden size: 9 	 
Training MSE: 0.05799285 	 Validating MSE: 0.28279060 	 Best VMSE: 0.09968881
[2020-09-16 20:59:04] SCN.cv2: Checkpoint saved to experiments/normal/ar1/SCN_ar1_h6
[2020-09-16 20:59:05] SCN.cv2: Hidden size: 10 	 
Training MSE: 0.05626550 	 Validating MSE: 0.29608864 	 Best VMSE: 0.09968881
[2020-09-16 20:59:05] SCN.cv2: Checkpoint saved to experiments/normal/ar1/SCN_ar1_h6
[2020-09-16 20:59:05] SCN.cv2: Hidden size: 11 	 
Training MSE: 0.05473937 	 Validating MSE: 0.16113681 	 Best VMSE: 0.09968881
[2020-09-16 20:59:05] SCN.cv2: Checkpoint saved to experiments/normal/ar1/SCN_ar1_h6
[2020-09-16 20:59:06] SCN.cv2: Hidden size: 12 	 
Training MSE: 0.05343583 	 Validating MSE: 0.10922202 	 Best VMSE: 0.09968881
[2020-09-16 20:59:06] SCN.cv2: Checkpoint saved to experiments/normal/ar1/SCN_ar1_h6
[2020-09-16 20:59:07] SCN.cv2: Hidden size: 13 	 
Training MSE: 0.05313230 	 Validating MSE: 0.09208886 	 Best VMSE: 0.09968881
[2020-09-16 20:59:07] SCN.cv2: Found new best state
[2020-09-16 20:59:07] SCN.cv2: Best vmse: 0.0921
[2020-09-16 20:59:07] SCN.cv2: Checkpoint saved to experiments/normal/ar1/SCN_ar1_h6
[2020-09-16 20:59:08] SCN.cv2: Hidden size: 14 	 
Training MSE: 0.05185571 	 Validating MSE: 0.11403966 	 Best VMSE: 0.09208886
[2020-09-16 20:59:08] SCN.cv2: Checkpoint saved to experiments/normal/ar1/SCN_ar1_h6
[2020-09-16 20:59:08] SCN.cv2: Hidden size: 15 	 
Training MSE: 0.05130055 	 Validating MSE: 0.12881303 	 Best VMSE: 0.09208886
[2020-09-16 20:59:08] SCN.cv2: Checkpoint saved to experiments/normal/ar1/SCN_ar1_h6
[2020-09-16 20:59:09] SCN.cv2: Hidden size: 16 	 
Training MSE: 0.05023937 	 Validating MSE: 0.22323141 	 Best VMSE: 0.09208886
[2020-09-16 20:59:09] SCN.cv2: Checkpoint saved to experiments/normal/ar1/SCN_ar1_h6
[2020-09-16 20:59:10] SCN.cv2: Hidden size: 17 	 
Training MSE: 0.04989653 	 Validating MSE: 0.18251279 	 Best VMSE: 0.09208886
[2020-09-16 20:59:10] SCN.cv2: Checkpoint saved to experiments/normal/ar1/SCN_ar1_h6
[2020-09-16 20:59:11] SCN.cv2: Hidden size: 18 	 
Training MSE: 0.04928900 	 Validating MSE: 0.44463345 	 Best VMSE: 0.09208886
[2020-09-16 20:59:11] SCN.cv2: Checkpoint saved to experiments/normal/ar1/SCN_ar1_h6
[2020-09-16 20:59:12] SCN.cv2: Hidden size: 19 	 
Training MSE: 0.04891620 	 Validating MSE: 0.40272012 	 Best VMSE: 0.09208886
[2020-09-16 20:59:12] SCN.cv2: Checkpoint saved to experiments/normal/ar1/SCN_ar1_h6
[2020-09-16 20:59:12] SCN.cv2: Hidden size: 20 	 
Training MSE: 0.04875112 	 Validating MSE: 0.44870722 	 Best VMSE: 0.09208886
[2020-09-16 20:59:12] SCN.cv2: Checkpoint saved to experiments/normal/ar1/SCN_ar1_h6
[2020-09-16 20:59:13] SCN.cv2: Hidden size: 21 	 
Training MSE: 0.04847522 	 Validating MSE: 0.76100576 	 Best VMSE: 0.09208886
[2020-09-16 20:59:13] SCN.cv2: Checkpoint saved to experiments/normal/ar1/SCN_ar1_h6
[2020-09-16 20:59:14] SCN.cv2: Hidden size: 22 	 
Training MSE: 0.04823434 	 Validating MSE: 0.61246711 	 Best VMSE: 0.09208886
[2020-09-16 20:59:14] SCN.cv2: Checkpoint saved to experiments/normal/ar1/SCN_ar1_h6
[2020-09-16 20:59:15] SCN.cv2: Hidden size: 23 	 
Training MSE: 0.04801175 	 Validating MSE: 0.62037057 	 Best VMSE: 0.09208886
[2020-09-16 20:59:15] SCN.cv2: Checkpoint saved to experiments/normal/ar1/SCN_ar1_h6
[2020-09-16 20:59:15] SCN.cv2: Hidden size: 24 	 
Training MSE: 0.04777825 	 Validating MSE: 0.51945001 	 Best VMSE: 0.09208886
[2020-09-16 20:59:15] SCN.cv2: Checkpoint saved to experiments/normal/ar1/SCN_ar1_h6
[2020-09-16 20:59:16] SCN.cv2: Hidden size: 25 	 
Training MSE: 0.04755181 	 Validating MSE: 0.44288081 	 Best VMSE: 0.09208886
[2020-09-16 20:59:16] SCN.cv2: Checkpoint saved to experiments/normal/ar1/SCN_ar1_h6
[2020-09-16 20:59:17] SCN.cv2: Hidden size: 26 	 
Training MSE: 0.04726860 	 Validating MSE: 0.36035034 	 Best VMSE: 0.09208886
[2020-09-16 20:59:17] SCN.cv2: Checkpoint saved to experiments/normal/ar1/SCN_ar1_h6
[2020-09-16 20:59:18] SCN.cv2: Hidden size: 27 	 
Training MSE: 0.04694439 	 Validating MSE: 0.41327420 	 Best VMSE: 0.09208886
[2020-09-16 20:59:18] SCN.cv2: Checkpoint saved to experiments/normal/ar1/SCN_ar1_h6
[2020-09-16 20:59:18] SCN.cv2: Hidden size: 28 	 
Training MSE: 0.04651052 	 Validating MSE: 0.39613062 	 Best VMSE: 0.09208886
[2020-09-16 20:59:18] SCN.cv2: Checkpoint saved to experiments/normal/ar1/SCN_ar1_h6
[2020-09-16 20:59:19] SCN.cv2: Hidden size: 29 	 
Training MSE: 0.04629498 	 Validating MSE: 0.35285795 	 Best VMSE: 0.09208886
[2020-09-16 20:59:19] SCN.cv2: Checkpoint saved to experiments/normal/ar1/SCN_ar1_h6
[2020-09-16 20:59:20] SCN.cv2: Hidden size: 30 	 
Training MSE: 0.04611334 	 Validating MSE: 0.34766221 	 Best VMSE: 0.09208886
[2020-09-16 20:59:20] SCN.cv2: Checkpoint saved to experiments/normal/ar1/SCN_ar1_h6
[2020-09-16 20:59:21] SCN.cv2: Hidden size: 31 	 
Training MSE: 0.04571785 	 Validating MSE: 0.26816347 	 Best VMSE: 0.09208886
[2020-09-16 20:59:21] SCN.cv2: Checkpoint saved to experiments/normal/ar1/SCN_ar1_h6
[2020-09-16 20:59:22] SCN.cv2: Hidden size: 32 	 
Training MSE: 0.04545852 	 Validating MSE: 0.29397655 	 Best VMSE: 0.09208886
[2020-09-16 20:59:22] SCN.cv2: Checkpoint saved to experiments/normal/ar1/SCN_ar1_h6
[2020-09-16 20:59:22] SCN.cv2: Hidden size: 33 	 
Training MSE: 0.04511867 	 Validating MSE: 0.27113351 	 Best VMSE: 0.09208886
[2020-09-16 20:59:22] SCN.cv2: Checkpoint saved to experiments/normal/ar1/SCN_ar1_h6
[2020-09-16 20:59:23] SCN.cv2: Hidden size: 34 	 
Training MSE: 0.04480229 	 Validating MSE: 0.23095228 	 Best VMSE: 0.09208886
[2020-09-16 20:59:23] SCN.cv2: Checkpoint saved to experiments/normal/ar1/SCN_ar1_h6
[2020-09-16 20:59:24] SCN.cv2: Hidden size: 35 	 
Training MSE: 0.04423626 	 Validating MSE: 0.35965189 	 Best VMSE: 0.09208886
[2020-09-16 20:59:24] SCN.cv2: Checkpoint saved to experiments/normal/ar1/SCN_ar1_h6
[2020-09-16 20:59:25] SCN.cv2: Hidden size: 36 	 
Training MSE: 0.04403989 	 Validating MSE: 0.51213878 	 Best VMSE: 0.09208886
[2020-09-16 20:59:25] SCN.cv2: Checkpoint saved to experiments/normal/ar1/SCN_ar1_h6
[2020-09-16 20:59:26] SCN.cv2: Hidden size: 37 	 
Training MSE: 0.04368995 	 Validating MSE: 0.82817090 	 Best VMSE: 0.09208886
[2020-09-16 20:59:26] SCN.cv2: Checkpoint saved to experiments/normal/ar1/SCN_ar1_h6
[2020-09-16 20:59:27] SCN.cv2: Hidden size: 38 	 
Training MSE: 0.04355279 	 Validating MSE: 0.71605659 	 Best VMSE: 0.09208886
[2020-09-16 20:59:27] SCN.cv2: Checkpoint saved to experiments/normal/ar1/SCN_ar1_h6
[2020-09-16 20:59:28] SCN.cv2: Hidden size: 39 	 
Training MSE: 0.04316204 	 Validating MSE: 0.62032199 	 Best VMSE: 0.09208886
[2020-09-16 20:59:28] SCN.cv2: Checkpoint saved to experiments/normal/ar1/SCN_ar1_h6
[2020-09-16 20:59:28] SCN.cv2: Hidden size: 40 	 
Training MSE: 0.04285616 	 Validating MSE: 1.07233357 	 Best VMSE: 0.09208886
[2020-09-16 20:59:28] SCN.cv2: Checkpoint saved to experiments/normal/ar1/SCN_ar1_h6
[2020-09-16 20:59:29] SCN.cv2: Hidden size: 41 	 
Training MSE: 0.04250645 	 Validating MSE: 0.98170191 	 Best VMSE: 0.09208886
[2020-09-16 20:59:29] SCN.cv2: Checkpoint saved to experiments/normal/ar1/SCN_ar1_h6
[2020-09-16 20:59:30] SCN.cv2: Hidden size: 42 	 
Training MSE: 0.04191721 	 Validating MSE: 1.07394326 	 Best VMSE: 0.09208886
[2020-09-16 20:59:30] SCN.cv2: Checkpoint saved to experiments/normal/ar1/SCN_ar1_h6
[2020-09-16 20:59:31] SCN.cv2: Hidden size: 43 	 
Training MSE: 0.04164194 	 Validating MSE: 0.68063438 	 Best VMSE: 0.09208886
[2020-09-16 20:59:31] SCN.cv2: Checkpoint saved to experiments/normal/ar1/SCN_ar1_h6
[2020-09-16 20:59:32] SCN.cv2: Hidden size: 44 	 
Training MSE: 0.04149689 	 Validating MSE: 0.51614720 	 Best VMSE: 0.09208886
[2020-09-16 20:59:32] SCN.cv2: Checkpoint saved to experiments/normal/ar1/SCN_ar1_h6
[2020-09-16 20:59:34] SCN.cv2: Hidden size: 45 	 
Training MSE: 0.04112119 	 Validating MSE: 1.28432882 	 Best VMSE: 0.09208886
[2020-09-16 20:59:34] SCN.cv2: Checkpoint saved to experiments/normal/ar1/SCN_ar1_h6
[2020-09-16 20:59:35] SCN.cv2: Hidden size: 46 	 
Training MSE: 0.04050527 	 Validating MSE: 1.30653453 	 Best VMSE: 0.09208886
[2020-09-16 20:59:35] SCN.cv2: Checkpoint saved to experiments/normal/ar1/SCN_ar1_h6
[2020-09-16 20:59:37] SCN.cv2: Hidden size: 47 	 
Training MSE: 0.03993346 	 Validating MSE: 1.94155324 	 Best VMSE: 0.09208886
[2020-09-16 20:59:37] SCN.cv2: Checkpoint saved to experiments/normal/ar1/SCN_ar1_h6
[2020-09-16 20:59:38] SCN.cv2: Hidden size: 48 	 
Training MSE: 0.03945240 	 Validating MSE: 2.07608676 	 Best VMSE: 0.09208886
[2020-09-16 20:59:38] SCN.cv2: Checkpoint saved to experiments/normal/ar1/SCN_ar1_h6
[2020-09-16 20:59:40] SCN.cv2: Hidden size: 49 	 
Training MSE: 0.03883854 	 Validating MSE: 2.93783402 	 Best VMSE: 0.09208886
[2020-09-16 20:59:40] SCN.cv2: Checkpoint saved to experiments/normal/ar1/SCN_ar1_h6
[2020-09-16 20:59:41] SCN.cv2: Hidden size: 50 	 
Training MSE: 0.03781161 	 Validating MSE: 3.77247071 	 Best VMSE: 0.09208886
[2020-09-16 20:59:41] SCN.cv2: Checkpoint saved to experiments/normal/ar1/SCN_ar1_h6
[2020-09-16 20:59:42] SCN.cv2: Hidden size: 51 	 
Training MSE: 0.03748226 	 Validating MSE: 3.64622068 	 Best VMSE: 0.09208886
[2020-09-16 20:59:42] SCN.cv2: Checkpoint saved to experiments/normal/ar1/SCN_ar1_h6
[2020-09-16 20:59:43] SCN.cv2: Hidden size: 52 	 
Training MSE: 0.03727716 	 Validating MSE: 4.26403952 	 Best VMSE: 0.09208886
[2020-09-16 20:59:43] SCN.cv2: Checkpoint saved to experiments/normal/ar1/SCN_ar1_h6
[2020-09-16 20:59:45] SCN.cv2: Hidden size: 53 	 
Training MSE: 0.03666705 	 Validating MSE: 2.97918177 	 Best VMSE: 0.09208886
[2020-09-16 20:59:45] SCN.cv2: Checkpoint saved to experiments/normal/ar1/SCN_ar1_h6
[2020-09-16 20:59:46] SCN.cv2: Hidden size: 54 	 
Training MSE: 0.03617057 	 Validating MSE: 3.17134333 	 Best VMSE: 0.09208886
[2020-09-16 20:59:46] SCN.cv2: Checkpoint saved to experiments/normal/ar1/SCN_ar1_h6
[2020-09-16 20:59:48] SCN.cv2: Hidden size: 55 	 
Training MSE: 0.03599438 	 Validating MSE: 3.04520988 	 Best VMSE: 0.09208886
[2020-09-16 20:59:48] SCN.cv2: Checkpoint saved to experiments/normal/ar1/SCN_ar1_h6
[2020-09-16 20:59:49] SCN.cv2: Hidden size: 56 	 
Training MSE: 0.03532575 	 Validating MSE: 2.80135298 	 Best VMSE: 0.09208886
[2020-09-16 20:59:49] SCN.cv2: Checkpoint saved to experiments/normal/ar1/SCN_ar1_h6
[2020-09-16 20:59:50] SCN.cv2: Hidden size: 57 	 
Training MSE: 0.03489608 	 Validating MSE: 3.74223089 	 Best VMSE: 0.09208886
[2020-09-16 20:59:50] SCN.cv2: Checkpoint saved to experiments/normal/ar1/SCN_ar1_h6
[2020-09-16 20:59:52] SCN.cv2: Hidden size: 58 	 
Training MSE: 0.03416142 	 Validating MSE: 2.25556326 	 Best VMSE: 0.09208886
[2020-09-16 20:59:52] SCN.cv2: Checkpoint saved to experiments/normal/ar1/SCN_ar1_h6
[2020-09-16 20:59:53] SCN.cv2: Hidden size: 59 	 
Training MSE: 0.03398351 	 Validating MSE: 2.18346643 	 Best VMSE: 0.09208886
[2020-09-16 20:59:53] SCN.cv2: Checkpoint saved to experiments/normal/ar1/SCN_ar1_h6
[2020-09-16 20:59:55] SCN.cv2: Hidden size: 60 	 
Training MSE: 0.03348035 	 Validating MSE: 2.17758346 	 Best VMSE: 0.09208886
[2020-09-16 20:59:55] SCN.cv2: Checkpoint saved to experiments/normal/ar1/SCN_ar1_h6
[2020-09-16 20:59:56] SCN.cv2: Hidden size: 61 	 
Training MSE: 0.03311656 	 Validating MSE: 2.54706097 	 Best VMSE: 0.09208886
[2020-09-16 20:59:56] SCN.cv2: Checkpoint saved to experiments/normal/ar1/SCN_ar1_h6
[2020-09-16 20:59:57] SCN.cv2: Hidden size: 62 	 
Training MSE: 0.03257968 	 Validating MSE: 1.79583335 	 Best VMSE: 0.09208886
[2020-09-16 20:59:57] SCN.cv2: Checkpoint saved to experiments/normal/ar1/SCN_ar1_h6
[2020-09-16 20:59:58] SCN.cv2: Hidden size: 63 	 
Training MSE: 0.03189548 	 Validating MSE: 1.81537533 	 Best VMSE: 0.09208886
[2020-09-16 20:59:58] SCN.cv2: Checkpoint saved to experiments/normal/ar1/SCN_ar1_h6
[2020-09-16 21:00:00] SCN.cv2: Hidden size: 64 	 
Training MSE: 0.03124476 	 Validating MSE: 2.07914519 	 Best VMSE: 0.09208886
[2020-09-16 21:00:00] SCN.cv2: Checkpoint saved to experiments/normal/ar1/SCN_ar1_h6
[2020-09-16 21:00:01] SCN.cv2: Hidden size: 65 	 
Training MSE: 0.03087750 	 Validating MSE: 1.43556166 	 Best VMSE: 0.09208886
[2020-09-16 21:00:01] SCN.cv2: Checkpoint saved to experiments/normal/ar1/SCN_ar1_h6
[2020-09-16 21:00:02] SCN.cv2: Hidden size: 66 	 
Training MSE: 0.03027141 	 Validating MSE: 1.50946367 	 Best VMSE: 0.09208886
[2020-09-16 21:00:02] SCN.cv2: Checkpoint saved to experiments/normal/ar1/SCN_ar1_h6
[2020-09-16 21:00:04] SCN.cv2: Hidden size: 67 	 
Training MSE: 0.03008820 	 Validating MSE: 1.19592416 	 Best VMSE: 0.09208886
[2020-09-16 21:00:04] SCN.cv2: Checkpoint saved to experiments/normal/ar1/SCN_ar1_h6
[2020-09-16 21:00:05] SCN.cv2: Hidden size: 68 	 
Training MSE: 0.02957988 	 Validating MSE: 2.36377740 	 Best VMSE: 0.09208886
[2020-09-16 21:00:05] SCN.cv2: Checkpoint saved to experiments/normal/ar1/SCN_ar1_h6
[2020-09-16 21:00:07] SCN.cv2: Hidden size: 69 	 
Training MSE: 0.02937802 	 Validating MSE: 2.12370968 	 Best VMSE: 0.09208886
[2020-09-16 21:00:07] SCN.cv2: Checkpoint saved to experiments/normal/ar1/SCN_ar1_h6
[2020-09-16 21:00:08] SCN.cv2: Hidden size: 70 	 
Training MSE: 0.02867734 	 Validating MSE: 2.01290679 	 Best VMSE: 0.09208886
[2020-09-16 21:00:08] SCN.cv2: Checkpoint saved to experiments/normal/ar1/SCN_ar1_h6
[2020-09-16 21:00:10] SCN.cv2: Hidden size: 71 	 
Training MSE: 0.02832900 	 Validating MSE: 2.08813167 	 Best VMSE: 0.09208886
[2020-09-16 21:00:10] SCN.cv2: Checkpoint saved to experiments/normal/ar1/SCN_ar1_h6
[2020-09-16 21:00:11] SCN.cv2: Hidden size: 72 	 
Training MSE: 0.02793585 	 Validating MSE: 2.23755264 	 Best VMSE: 0.09208886
[2020-09-16 21:00:11] SCN.cv2: Checkpoint saved to experiments/normal/ar1/SCN_ar1_h6
[2020-09-16 21:00:13] SCN.cv2: Hidden size: 73 	 
Training MSE: 0.02777808 	 Validating MSE: 2.13649154 	 Best VMSE: 0.09208886
[2020-09-16 21:00:13] SCN.cv2: Checkpoint saved to experiments/normal/ar1/SCN_ar1_h6
[2020-09-16 21:00:14] SCN.cv2: Hidden size: 74 	 
Training MSE: 0.02753485 	 Validating MSE: 2.17231655 	 Best VMSE: 0.09208886
[2020-09-16 21:00:14] SCN.cv2: Checkpoint saved to experiments/normal/ar1/SCN_ar1_h6
[2020-09-16 21:00:16] SCN.cv2: Hidden size: 75 	 
Training MSE: 0.02731779 	 Validating MSE: 2.77739334 	 Best VMSE: 0.09208886
[2020-09-16 21:00:16] SCN.cv2: Checkpoint saved to experiments/normal/ar1/SCN_ar1_h6
[2020-09-16 21:00:17] SCN.cv2: Hidden size: 76 	 
Training MSE: 0.02701238 	 Validating MSE: 2.73426962 	 Best VMSE: 0.09208886
[2020-09-16 21:00:17] SCN.cv2: Checkpoint saved to experiments/normal/ar1/SCN_ar1_h6
[2020-09-16 21:00:19] SCN.cv2: Hidden size: 77 	 
Training MSE: 0.02673378 	 Validating MSE: 2.75949049 	 Best VMSE: 0.09208886
[2020-09-16 21:00:19] SCN.cv2: Checkpoint saved to experiments/normal/ar1/SCN_ar1_h6
[2020-09-16 21:00:20] SCN.cv2: Hidden size: 78 	 
Training MSE: 0.02646472 	 Validating MSE: 2.89414787 	 Best VMSE: 0.09208886
[2020-09-16 21:00:20] SCN.cv2: Checkpoint saved to experiments/normal/ar1/SCN_ar1_h6
[2020-09-16 21:00:22] SCN.cv2: Hidden size: 79 	 
Training MSE: 0.02620893 	 Validating MSE: 2.77740049 	 Best VMSE: 0.09208886
[2020-09-16 21:00:22] SCN.cv2: Checkpoint saved to experiments/normal/ar1/SCN_ar1_h6
[2020-09-16 21:00:23] SCN.cv2: Hidden size: 80 	 
Training MSE: 0.02612886 	 Validating MSE: 2.75164270 	 Best VMSE: 0.09208886
[2020-09-16 21:00:23] SCN.cv2: Checkpoint saved to experiments/normal/ar1/SCN_ar1_h6
[2020-09-16 21:00:25] SCN.cv2: Hidden size: 81 	 
Training MSE: 0.02600208 	 Validating MSE: 2.74707508 	 Best VMSE: 0.09208886
[2020-09-16 21:00:25] SCN.cv2: Checkpoint saved to experiments/normal/ar1/SCN_ar1_h6
[2020-09-16 21:00:26] SCN.cv2: Hidden size: 82 	 
Training MSE: 0.02569594 	 Validating MSE: 2.80142641 	 Best VMSE: 0.09208886
[2020-09-16 21:00:26] SCN.cv2: Checkpoint saved to experiments/normal/ar1/SCN_ar1_h6
[2020-09-16 21:00:28] SCN.cv2: Hidden size: 83 	 
Training MSE: 0.02547800 	 Validating MSE: 3.35237598 	 Best VMSE: 0.09208886
[2020-09-16 21:00:28] SCN.cv2: Checkpoint saved to experiments/normal/ar1/SCN_ar1_h6
[2020-09-16 21:00:29] SCN.cv2: Hidden size: 84 	 
Training MSE: 0.02497555 	 Validating MSE: 3.53381610 	 Best VMSE: 0.09208886
[2020-09-16 21:00:29] SCN.cv2: Checkpoint saved to experiments/normal/ar1/SCN_ar1_h6
[2020-09-16 21:00:31] SCN.cv2: Hidden size: 85 	 
Training MSE: 0.02470649 	 Validating MSE: 3.23472095 	 Best VMSE: 0.09208886
[2020-09-16 21:00:31] SCN.cv2: Checkpoint saved to experiments/normal/ar1/SCN_ar1_h6
[2020-09-16 21:00:32] SCN.cv2: Hidden size: 86 	 
Training MSE: 0.02448229 	 Validating MSE: 3.06348205 	 Best VMSE: 0.09208886
[2020-09-16 21:00:32] SCN.cv2: Checkpoint saved to experiments/normal/ar1/SCN_ar1_h6
[2020-09-16 21:00:34] SCN.cv2: Hidden size: 87 	 
Training MSE: 0.02411383 	 Validating MSE: 3.37203789 	 Best VMSE: 0.09208886
[2020-09-16 21:00:34] SCN.cv2: Checkpoint saved to experiments/normal/ar1/SCN_ar1_h6
[2020-09-16 21:00:35] SCN.cv2: Hidden size: 88 	 
Training MSE: 0.02382923 	 Validating MSE: 3.54502583 	 Best VMSE: 0.09208886
[2020-09-16 21:00:35] SCN.cv2: Checkpoint saved to experiments/normal/ar1/SCN_ar1_h6
[2020-09-16 21:00:37] SCN.cv2: Hidden size: 89 	 
Training MSE: 0.02358737 	 Validating MSE: 3.82743502 	 Best VMSE: 0.09208886
[2020-09-16 21:00:37] SCN.cv2: Checkpoint saved to experiments/normal/ar1/SCN_ar1_h6
[2020-09-16 21:00:38] SCN.cv2: Hidden size: 90 	 
Training MSE: 0.02330346 	 Validating MSE: 3.90899348 	 Best VMSE: 0.09208886
[2020-09-16 21:00:38] SCN.cv2: Checkpoint saved to experiments/normal/ar1/SCN_ar1_h6
[2020-09-16 21:00:40] SCN.cv2: Hidden size: 91 	 
Training MSE: 0.02315037 	 Validating MSE: 4.03855467 	 Best VMSE: 0.09208886
[2020-09-16 21:00:40] SCN.cv2: Checkpoint saved to experiments/normal/ar1/SCN_ar1_h6
[2020-09-16 21:00:41] SCN.cv2: Hidden size: 92 	 
Training MSE: 0.02306139 	 Validating MSE: 3.86948180 	 Best VMSE: 0.09208886
[2020-09-16 21:00:41] SCN.cv2: Checkpoint saved to experiments/normal/ar1/SCN_ar1_h6
[2020-09-16 21:00:43] SCN.cv2: Hidden size: 93 	 
Training MSE: 0.02276961 	 Validating MSE: 4.37465143 	 Best VMSE: 0.09208886
[2020-09-16 21:00:43] SCN.cv2: Checkpoint saved to experiments/normal/ar1/SCN_ar1_h6
[2020-09-16 21:00:44] SCN.cv2: Hidden size: 94 	 
Training MSE: 0.02250637 	 Validating MSE: 4.49985504 	 Best VMSE: 0.09208886
[2020-09-16 21:00:44] SCN.cv2: Checkpoint saved to experiments/normal/ar1/SCN_ar1_h6
[2020-09-16 21:00:46] SCN.cv2: Hidden size: 95 	 
Training MSE: 0.02231755 	 Validating MSE: 5.05637598 	 Best VMSE: 0.09208886
[2020-09-16 21:00:46] SCN.cv2: Checkpoint saved to experiments/normal/ar1/SCN_ar1_h6
[2020-09-16 21:00:47] SCN.cv2: Hidden size: 96 	 
Training MSE: 0.02206755 	 Validating MSE: 6.52518272 	 Best VMSE: 0.09208886
[2020-09-16 21:00:47] SCN.cv2: Checkpoint saved to experiments/normal/ar1/SCN_ar1_h6
[2020-09-16 21:00:49] SCN.cv2: Hidden size: 97 	 
Training MSE: 0.02190188 	 Validating MSE: 6.68697453 	 Best VMSE: 0.09208886
[2020-09-16 21:00:49] SCN.cv2: Checkpoint saved to experiments/normal/ar1/SCN_ar1_h6
[2020-09-16 21:00:50] SCN.cv2: Hidden size: 98 	 
Training MSE: 0.02175172 	 Validating MSE: 7.62556601 	 Best VMSE: 0.09208886
[2020-09-16 21:00:50] SCN.cv2: Checkpoint saved to experiments/normal/ar1/SCN_ar1_h6
[2020-09-16 21:00:52] SCN.cv2: Hidden size: 99 	 
Training MSE: 0.02148392 	 Validating MSE: 6.89012384 	 Best VMSE: 0.09208886
[2020-09-16 21:00:52] SCN.cv2: Checkpoint saved to experiments/normal/ar1/SCN_ar1_h6
[2020-09-16 21:00:53] SCN.cv2: Hidden size: 100 	 
Training MSE: 0.02127705 	 Validating MSE: 8.38942242 	 Best VMSE: 0.09208886
[2020-09-16 21:00:53] SCN.cv2: Checkpoint saved to experiments/normal/ar1/SCN_ar1_h6
[2020-09-16 21:00:53] SCN.cv2: Restoring best parameters from experiments/normal/ar1/SCN_ar1_h6/train.cv2.pth.tar
[2020-09-16 21:00:53] SCN.cv2: ar1	 H: 6	 Trail: 3 
Testing RMSE: 0.4915 	 MAPE: 0.1002 	 SMAPE: 0.05266
