[2020-09-16 21:14:53] SCN.cv8: Loading the datasets and model for 12th-batch-training
[2020-09-16 21:14:53] SCN.cv8: Argument hidden_size: 100
[2020-09-16 21:14:53] SCN.cv8: Argument candidate_size: 300
[2020-09-16 21:14:53] SCN.cv8: Argument Lambdas: [0.5, 1, 5, 15, 30, 50, 100, 150, 200]
[2020-09-16 21:14:53] SCN.cv8: Argument Lambdas_std: [0.01, 0.05, 0.1, 0.5, 1]
[2020-09-16 21:14:53] SCN.cv8: Argument r: [0.8, 0.9, 0.99, 0.9999, 0.999999]
[2020-09-16 21:14:53] SCN.cv8: Argument tolerance: 0
[2020-09-16 21:14:53] SCN.cv8: Argument device: device(type='cuda')
[2020-09-16 21:14:53] SCN.cv8: Argument dataset: 'ar1'
[2020-09-16 21:14:53] SCN.cv8: Argument H: 6
[2020-09-16 21:14:53] SCN.cv8: Argument k: 5
[2020-09-16 21:14:53] SCN.cv8: Argument test: False
[2020-09-16 21:14:53] SCN.cv8: Argument normal: True
[2020-09-16 21:14:53] SCN.cv8: Argument diff: False
[2020-09-16 21:14:53] SCN.cv8: Argument times: 40
[2020-09-16 21:14:53] SCN.cv8: Argument datasets: {'ar1': {'lag_order': 15, 'normal': True, 'cov_dim': 0, 'kernel_size': 3}, 'wti': {'lag_order': 25, 'normal': True, 'cov_dim': 0, 'kernel_size': 5}, 'gold': {'lag_order': 25, 'normal': True, 'cov_dim': 0, 'kernel_size': 5}, 'sp': {'lag_order': 25, 'normal': True, 'cov_dim': 0, 'kernel_size': 5}, 'brent': {'lag_order': 24, 'normal': True, 'cov_dim': 0, 'kernel_size': 6}, 'sili': {'lag_order': 26, 'normal': True, 'cov_dim': 0, 'kernel_size': 6}}
[2020-09-16 21:14:53] SCN.cv8: Argument steps: 15
[2020-09-16 21:14:53] SCN.cv8: Argument experiment: 'experiments/normal/ar1'
[2020-09-16 21:14:53] SCN.cv8: Argument scaler: StandardScaler()
[2020-09-16 21:14:53] SCN.cv8: Argument model_name: 'SCN_ar1_h6'
[2020-09-16 21:14:53] SCN.cv8: Argument model_dir: 'experiments/normal/ar1/SCN_ar1_h6'
[2020-09-16 21:14:53] SCN.cv8: Argument restore: True
[2020-09-16 21:14:53] SCN.cv8: Argument cv: 8
[2020-09-16 21:14:53] SCN.cv8: Argument plot_dir: 'experiments/normal/ar1/SCN_ar1_h6/figures'
[2020-09-16 21:14:53] SCN.cv8: Using Cuda...
[2020-09-16 21:14:53] SCN.cv8: Loading complete.
[2020-09-16 21:14:53] SCN.cv8: Model: 
scnModel(
  (loss_fn): MSELoss()
)
[2020-09-16 21:14:53] SCN.cv8: Hidden size: 1 	 
Training MSE: 0.33384728 	 Validating MSE: 2.12997699 	 Best VMSE: 9999.00000000
[2020-09-16 21:14:53] SCN.cv8: Found new best state
[2020-09-16 21:14:53] SCN.cv8: Best vmse: 2.1300
[2020-09-16 21:14:53] SCN.cv8: Checkpoint saved to experiments/normal/ar1/SCN_ar1_h6
[2020-09-16 21:14:54] SCN.cv8: Hidden size: 2 	 
Training MSE: 0.14156541 	 Validating MSE: 0.10574187 	 Best VMSE: 2.12997699
[2020-09-16 21:14:54] SCN.cv8: Found new best state
[2020-09-16 21:14:54] SCN.cv8: Best vmse: 0.1057
[2020-09-16 21:14:54] SCN.cv8: Checkpoint saved to experiments/normal/ar1/SCN_ar1_h6
[2020-09-16 21:14:55] SCN.cv8: Hidden size: 3 	 
Training MSE: 0.12273878 	 Validating MSE: 0.11459458 	 Best VMSE: 0.10574187
[2020-09-16 21:14:55] SCN.cv8: Checkpoint saved to experiments/normal/ar1/SCN_ar1_h6
[2020-09-16 21:14:55] SCN.cv8: Hidden size: 4 	 
Training MSE: 0.10283918 	 Validating MSE: 0.10213859 	 Best VMSE: 0.10574187
[2020-09-16 21:14:55] SCN.cv8: Found new best state
[2020-09-16 21:14:55] SCN.cv8: Best vmse: 0.1021
[2020-09-16 21:14:55] SCN.cv8: Checkpoint saved to experiments/normal/ar1/SCN_ar1_h6
[2020-09-16 21:14:56] SCN.cv8: Hidden size: 5 	 
Training MSE: 0.07884467 	 Validating MSE: 0.15731390 	 Best VMSE: 0.10213859
[2020-09-16 21:14:56] SCN.cv8: Checkpoint saved to experiments/normal/ar1/SCN_ar1_h6
[2020-09-16 21:14:57] SCN.cv8: Hidden size: 6 	 
Training MSE: 0.06591891 	 Validating MSE: 0.37010345 	 Best VMSE: 0.10213859
[2020-09-16 21:14:57] SCN.cv8: Checkpoint saved to experiments/normal/ar1/SCN_ar1_h6
[2020-09-16 21:14:58] SCN.cv8: Hidden size: 7 	 
Training MSE: 0.06393363 	 Validating MSE: 0.47689071 	 Best VMSE: 0.10213859
[2020-09-16 21:14:58] SCN.cv8: Checkpoint saved to experiments/normal/ar1/SCN_ar1_h6
[2020-09-16 21:14:58] SCN.cv8: Hidden size: 8 	 
Training MSE: 0.06040204 	 Validating MSE: 0.42013636 	 Best VMSE: 0.10213859
[2020-09-16 21:14:58] SCN.cv8: Checkpoint saved to experiments/normal/ar1/SCN_ar1_h6
[2020-09-16 21:14:59] SCN.cv8: Hidden size: 9 	 
Training MSE: 0.05761342 	 Validating MSE: 0.40396413 	 Best VMSE: 0.10213859
[2020-09-16 21:14:59] SCN.cv8: Checkpoint saved to experiments/normal/ar1/SCN_ar1_h6
[2020-09-16 21:15:00] SCN.cv8: Hidden size: 10 	 
Training MSE: 0.05574911 	 Validating MSE: 0.41923663 	 Best VMSE: 0.10213859
[2020-09-16 21:15:00] SCN.cv8: Checkpoint saved to experiments/normal/ar1/SCN_ar1_h6
[2020-09-16 21:15:01] SCN.cv8: Hidden size: 11 	 
Training MSE: 0.05446716 	 Validating MSE: 0.33214682 	 Best VMSE: 0.10213859
[2020-09-16 21:15:01] SCN.cv8: Checkpoint saved to experiments/normal/ar1/SCN_ar1_h6
[2020-09-16 21:15:01] SCN.cv8: Hidden size: 12 	 
Training MSE: 0.05275482 	 Validating MSE: 0.34651688 	 Best VMSE: 0.10213859
[2020-09-16 21:15:01] SCN.cv8: Checkpoint saved to experiments/normal/ar1/SCN_ar1_h6
[2020-09-16 21:15:02] SCN.cv8: Hidden size: 13 	 
Training MSE: 0.05156505 	 Validating MSE: 0.32214147 	 Best VMSE: 0.10213859
[2020-09-16 21:15:02] SCN.cv8: Checkpoint saved to experiments/normal/ar1/SCN_ar1_h6
[2020-09-16 21:15:03] SCN.cv8: Hidden size: 14 	 
Training MSE: 0.05112744 	 Validating MSE: 0.30396444 	 Best VMSE: 0.10213859
[2020-09-16 21:15:03] SCN.cv8: Checkpoint saved to experiments/normal/ar1/SCN_ar1_h6
[2020-09-16 21:15:04] SCN.cv8: Hidden size: 15 	 
Training MSE: 0.05060403 	 Validating MSE: 0.53877491 	 Best VMSE: 0.10213859
[2020-09-16 21:15:04] SCN.cv8: Checkpoint saved to experiments/normal/ar1/SCN_ar1_h6
[2020-09-16 21:15:04] SCN.cv8: Hidden size: 16 	 
Training MSE: 0.05002820 	 Validating MSE: 0.76106077 	 Best VMSE: 0.10213859
[2020-09-16 21:15:04] SCN.cv8: Checkpoint saved to experiments/normal/ar1/SCN_ar1_h6
[2020-09-16 21:15:05] SCN.cv8: Hidden size: 17 	 
Training MSE: 0.04978536 	 Validating MSE: 0.80247700 	 Best VMSE: 0.10213859
[2020-09-16 21:15:05] SCN.cv8: Checkpoint saved to experiments/normal/ar1/SCN_ar1_h6
[2020-09-16 21:15:06] SCN.cv8: Hidden size: 18 	 
Training MSE: 0.04949844 	 Validating MSE: 0.91114587 	 Best VMSE: 0.10213859
[2020-09-16 21:15:06] SCN.cv8: Checkpoint saved to experiments/normal/ar1/SCN_ar1_h6
[2020-09-16 21:15:07] SCN.cv8: Hidden size: 19 	 
Training MSE: 0.04919604 	 Validating MSE: 1.04746151 	 Best VMSE: 0.10213859
[2020-09-16 21:15:07] SCN.cv8: Checkpoint saved to experiments/normal/ar1/SCN_ar1_h6
[2020-09-16 21:15:08] SCN.cv8: Hidden size: 20 	 
Training MSE: 0.04899208 	 Validating MSE: 1.03111494 	 Best VMSE: 0.10213859
[2020-09-16 21:15:08] SCN.cv8: Checkpoint saved to experiments/normal/ar1/SCN_ar1_h6
[2020-09-16 21:15:08] SCN.cv8: Hidden size: 21 	 
Training MSE: 0.04870645 	 Validating MSE: 0.83982784 	 Best VMSE: 0.10213859
[2020-09-16 21:15:08] SCN.cv8: Checkpoint saved to experiments/normal/ar1/SCN_ar1_h6
[2020-09-16 21:15:09] SCN.cv8: Hidden size: 22 	 
Training MSE: 0.04839548 	 Validating MSE: 0.92148101 	 Best VMSE: 0.10213859
[2020-09-16 21:15:09] SCN.cv8: Checkpoint saved to experiments/normal/ar1/SCN_ar1_h6
[2020-09-16 21:15:10] SCN.cv8: Hidden size: 23 	 
Training MSE: 0.04801701 	 Validating MSE: 0.87489921 	 Best VMSE: 0.10213859
[2020-09-16 21:15:10] SCN.cv8: Checkpoint saved to experiments/normal/ar1/SCN_ar1_h6
[2020-09-16 21:15:11] SCN.cv8: Hidden size: 24 	 
Training MSE: 0.04771240 	 Validating MSE: 0.73518753 	 Best VMSE: 0.10213859
[2020-09-16 21:15:11] SCN.cv8: Checkpoint saved to experiments/normal/ar1/SCN_ar1_h6
[2020-09-16 21:15:11] SCN.cv8: Hidden size: 25 	 
Training MSE: 0.04699435 	 Validating MSE: 0.72592908 	 Best VMSE: 0.10213859
[2020-09-16 21:15:11] SCN.cv8: Checkpoint saved to experiments/normal/ar1/SCN_ar1_h6
[2020-09-16 21:15:12] SCN.cv8: Hidden size: 26 	 
Training MSE: 0.04672363 	 Validating MSE: 0.66953504 	 Best VMSE: 0.10213859
[2020-09-16 21:15:12] SCN.cv8: Checkpoint saved to experiments/normal/ar1/SCN_ar1_h6
[2020-09-16 21:15:13] SCN.cv8: Hidden size: 27 	 
Training MSE: 0.04657035 	 Validating MSE: 0.67148703 	 Best VMSE: 0.10213859
[2020-09-16 21:15:13] SCN.cv8: Checkpoint saved to experiments/normal/ar1/SCN_ar1_h6
[2020-09-16 21:15:14] SCN.cv8: Hidden size: 28 	 
Training MSE: 0.04638024 	 Validating MSE: 0.90728962 	 Best VMSE: 0.10213859
[2020-09-16 21:15:14] SCN.cv8: Checkpoint saved to experiments/normal/ar1/SCN_ar1_h6
[2020-09-16 21:15:15] SCN.cv8: Hidden size: 29 	 
Training MSE: 0.04620016 	 Validating MSE: 1.01699996 	 Best VMSE: 0.10213859
[2020-09-16 21:15:15] SCN.cv8: Checkpoint saved to experiments/normal/ar1/SCN_ar1_h6
[2020-09-16 21:15:15] SCN.cv8: Hidden size: 30 	 
Training MSE: 0.04585442 	 Validating MSE: 0.88830519 	 Best VMSE: 0.10213859
[2020-09-16 21:15:15] SCN.cv8: Checkpoint saved to experiments/normal/ar1/SCN_ar1_h6
[2020-09-16 21:15:16] SCN.cv8: Hidden size: 31 	 
Training MSE: 0.04567230 	 Validating MSE: 0.70042950 	 Best VMSE: 0.10213859
[2020-09-16 21:15:16] SCN.cv8: Checkpoint saved to experiments/normal/ar1/SCN_ar1_h6
[2020-09-16 21:15:17] SCN.cv8: Hidden size: 32 	 
Training MSE: 0.04511453 	 Validating MSE: 0.64570051 	 Best VMSE: 0.10213859
[2020-09-16 21:15:17] SCN.cv8: Checkpoint saved to experiments/normal/ar1/SCN_ar1_h6
[2020-09-16 21:15:18] SCN.cv8: Hidden size: 33 	 
Training MSE: 0.04457248 	 Validating MSE: 1.18875039 	 Best VMSE: 0.10213859
[2020-09-16 21:15:18] SCN.cv8: Checkpoint saved to experiments/normal/ar1/SCN_ar1_h6
[2020-09-16 21:15:18] SCN.cv8: Hidden size: 34 	 
Training MSE: 0.04412131 	 Validating MSE: 1.68346095 	 Best VMSE: 0.10213859
[2020-09-16 21:15:18] SCN.cv8: Checkpoint saved to experiments/normal/ar1/SCN_ar1_h6
[2020-09-16 21:15:19] SCN.cv8: Hidden size: 35 	 
Training MSE: 0.04385005 	 Validating MSE: 0.97433424 	 Best VMSE: 0.10213859
[2020-09-16 21:15:19] SCN.cv8: Checkpoint saved to experiments/normal/ar1/SCN_ar1_h6
[2020-09-16 21:15:20] SCN.cv8: Hidden size: 36 	 
Training MSE: 0.04373481 	 Validating MSE: 1.04386389 	 Best VMSE: 0.10213859
[2020-09-16 21:15:20] SCN.cv8: Checkpoint saved to experiments/normal/ar1/SCN_ar1_h6
[2020-09-16 21:15:21] SCN.cv8: Hidden size: 37 	 
Training MSE: 0.04330374 	 Validating MSE: 1.70686829 	 Best VMSE: 0.10213859
[2020-09-16 21:15:21] SCN.cv8: Checkpoint saved to experiments/normal/ar1/SCN_ar1_h6
[2020-09-16 21:15:22] SCN.cv8: Hidden size: 38 	 
Training MSE: 0.04295109 	 Validating MSE: 1.88170028 	 Best VMSE: 0.10213859
[2020-09-16 21:15:22] SCN.cv8: Checkpoint saved to experiments/normal/ar1/SCN_ar1_h6
[2020-09-16 21:15:24] SCN.cv8: Hidden size: 39 	 
Training MSE: 0.04258887 	 Validating MSE: 1.95924020 	 Best VMSE: 0.10213859
[2020-09-16 21:15:24] SCN.cv8: Checkpoint saved to experiments/normal/ar1/SCN_ar1_h6
[2020-09-16 21:15:24] SCN.cv8: Hidden size: 40 	 
Training MSE: 0.04230727 	 Validating MSE: 3.19299316 	 Best VMSE: 0.10213859
[2020-09-16 21:15:24] SCN.cv8: Checkpoint saved to experiments/normal/ar1/SCN_ar1_h6
[2020-09-16 21:15:25] SCN.cv8: Hidden size: 41 	 
Training MSE: 0.04182095 	 Validating MSE: 2.32915854 	 Best VMSE: 0.10213859
[2020-09-16 21:15:25] SCN.cv8: Checkpoint saved to experiments/normal/ar1/SCN_ar1_h6
[2020-09-16 21:15:26] SCN.cv8: Hidden size: 42 	 
Training MSE: 0.04145114 	 Validating MSE: 1.42571807 	 Best VMSE: 0.10213859
[2020-09-16 21:15:26] SCN.cv8: Checkpoint saved to experiments/normal/ar1/SCN_ar1_h6
[2020-09-16 21:15:27] SCN.cv8: Hidden size: 43 	 
Training MSE: 0.04128024 	 Validating MSE: 1.56729424 	 Best VMSE: 0.10213859
[2020-09-16 21:15:27] SCN.cv8: Checkpoint saved to experiments/normal/ar1/SCN_ar1_h6
[2020-09-16 21:15:28] SCN.cv8: Hidden size: 44 	 
Training MSE: 0.04095130 	 Validating MSE: 2.13950634 	 Best VMSE: 0.10213859
[2020-09-16 21:15:28] SCN.cv8: Checkpoint saved to experiments/normal/ar1/SCN_ar1_h6
[2020-09-16 21:15:29] SCN.cv8: Hidden size: 45 	 
Training MSE: 0.04038521 	 Validating MSE: 2.37883568 	 Best VMSE: 0.10213859
[2020-09-16 21:15:29] SCN.cv8: Checkpoint saved to experiments/normal/ar1/SCN_ar1_h6
[2020-09-16 21:15:30] SCN.cv8: Hidden size: 46 	 
Training MSE: 0.04013883 	 Validating MSE: 2.59507346 	 Best VMSE: 0.10213859
[2020-09-16 21:15:30] SCN.cv8: Checkpoint saved to experiments/normal/ar1/SCN_ar1_h6
[2020-09-16 21:15:31] SCN.cv8: Hidden size: 47 	 
Training MSE: 0.03975690 	 Validating MSE: 3.58915186 	 Best VMSE: 0.10213859
[2020-09-16 21:15:31] SCN.cv8: Checkpoint saved to experiments/normal/ar1/SCN_ar1_h6
[2020-09-16 21:15:32] SCN.cv8: Hidden size: 48 	 
Training MSE: 0.03938913 	 Validating MSE: 5.00238991 	 Best VMSE: 0.10213859
[2020-09-16 21:15:32] SCN.cv8: Checkpoint saved to experiments/normal/ar1/SCN_ar1_h6
[2020-09-16 21:15:33] SCN.cv8: Hidden size: 49 	 
Training MSE: 0.03920713 	 Validating MSE: 5.12059593 	 Best VMSE: 0.10213859
[2020-09-16 21:15:33] SCN.cv8: Checkpoint saved to experiments/normal/ar1/SCN_ar1_h6
[2020-09-16 21:15:34] SCN.cv8: Hidden size: 50 	 
Training MSE: 0.03886262 	 Validating MSE: 4.69699669 	 Best VMSE: 0.10213859
[2020-09-16 21:15:34] SCN.cv8: Checkpoint saved to experiments/normal/ar1/SCN_ar1_h6
[2020-09-16 21:15:35] SCN.cv8: Hidden size: 51 	 
Training MSE: 0.03792356 	 Validating MSE: 3.76481581 	 Best VMSE: 0.10213859
[2020-09-16 21:15:35] SCN.cv8: Checkpoint saved to experiments/normal/ar1/SCN_ar1_h6
[2020-09-16 21:15:36] SCN.cv8: Hidden size: 52 	 
Training MSE: 0.03763989 	 Validating MSE: 5.37062836 	 Best VMSE: 0.10213859
[2020-09-16 21:15:36] SCN.cv8: Checkpoint saved to experiments/normal/ar1/SCN_ar1_h6
[2020-09-16 21:15:37] SCN.cv8: Hidden size: 53 	 
Training MSE: 0.03750489 	 Validating MSE: 6.28144264 	 Best VMSE: 0.10213859
[2020-09-16 21:15:37] SCN.cv8: Checkpoint saved to experiments/normal/ar1/SCN_ar1_h6
[2020-09-16 21:15:39] SCN.cv8: Hidden size: 54 	 
Training MSE: 0.03728076 	 Validating MSE: 5.16125965 	 Best VMSE: 0.10213859
[2020-09-16 21:15:39] SCN.cv8: Checkpoint saved to experiments/normal/ar1/SCN_ar1_h6
[2020-09-16 21:15:40] SCN.cv8: Hidden size: 55 	 
Training MSE: 0.03696201 	 Validating MSE: 7.16178465 	 Best VMSE: 0.10213859
[2020-09-16 21:15:40] SCN.cv8: Checkpoint saved to experiments/normal/ar1/SCN_ar1_h6
[2020-09-16 21:15:41] SCN.cv8: Hidden size: 56 	 
Training MSE: 0.03634307 	 Validating MSE: 5.61575842 	 Best VMSE: 0.10213859
[2020-09-16 21:15:41] SCN.cv8: Checkpoint saved to experiments/normal/ar1/SCN_ar1_h6
[2020-09-16 21:15:43] SCN.cv8: Hidden size: 57 	 
Training MSE: 0.03597626 	 Validating MSE: 4.93618727 	 Best VMSE: 0.10213859
[2020-09-16 21:15:43] SCN.cv8: Checkpoint saved to experiments/normal/ar1/SCN_ar1_h6
[2020-09-16 21:15:44] SCN.cv8: Hidden size: 58 	 
Training MSE: 0.03559678 	 Validating MSE: 5.18167639 	 Best VMSE: 0.10213859
[2020-09-16 21:15:44] SCN.cv8: Checkpoint saved to experiments/normal/ar1/SCN_ar1_h6
[2020-09-16 21:15:46] SCN.cv8: Hidden size: 59 	 
Training MSE: 0.03551827 	 Validating MSE: 4.96601915 	 Best VMSE: 0.10213859
[2020-09-16 21:15:46] SCN.cv8: Checkpoint saved to experiments/normal/ar1/SCN_ar1_h6
[2020-09-16 21:15:47] SCN.cv8: Hidden size: 60 	 
Training MSE: 0.03501314 	 Validating MSE: 5.22538233 	 Best VMSE: 0.10213859
[2020-09-16 21:15:47] SCN.cv8: Checkpoint saved to experiments/normal/ar1/SCN_ar1_h6
[2020-09-16 21:15:48] SCN.cv8: Hidden size: 61 	 
Training MSE: 0.03480888 	 Validating MSE: 5.56072569 	 Best VMSE: 0.10213859
[2020-09-16 21:15:48] SCN.cv8: Checkpoint saved to experiments/normal/ar1/SCN_ar1_h6
[2020-09-16 21:15:50] SCN.cv8: Hidden size: 62 	 
Training MSE: 0.03448575 	 Validating MSE: 4.89296484 	 Best VMSE: 0.10213859
[2020-09-16 21:15:50] SCN.cv8: Checkpoint saved to experiments/normal/ar1/SCN_ar1_h6
[2020-09-16 21:15:51] SCN.cv8: Hidden size: 63 	 
Training MSE: 0.03422342 	 Validating MSE: 6.56921721 	 Best VMSE: 0.10213859
[2020-09-16 21:15:51] SCN.cv8: Checkpoint saved to experiments/normal/ar1/SCN_ar1_h6
[2020-09-16 21:15:53] SCN.cv8: Hidden size: 64 	 
Training MSE: 0.03331897 	 Validating MSE: 4.49784088 	 Best VMSE: 0.10213859
[2020-09-16 21:15:53] SCN.cv8: Checkpoint saved to experiments/normal/ar1/SCN_ar1_h6
[2020-09-16 21:15:54] SCN.cv8: Hidden size: 65 	 
Training MSE: 0.03305298 	 Validating MSE: 4.13815260 	 Best VMSE: 0.10213859
[2020-09-16 21:15:54] SCN.cv8: Checkpoint saved to experiments/normal/ar1/SCN_ar1_h6
[2020-09-16 21:15:56] SCN.cv8: Hidden size: 66 	 
Training MSE: 0.03280893 	 Validating MSE: 5.77860212 	 Best VMSE: 0.10213859
[2020-09-16 21:15:56] SCN.cv8: Checkpoint saved to experiments/normal/ar1/SCN_ar1_h6
[2020-09-16 21:15:57] SCN.cv8: Hidden size: 67 	 
Training MSE: 0.03264461 	 Validating MSE: 6.21953821 	 Best VMSE: 0.10213859
[2020-09-16 21:15:57] SCN.cv8: Checkpoint saved to experiments/normal/ar1/SCN_ar1_h6
[2020-09-16 21:15:59] SCN.cv8: Hidden size: 68 	 
Training MSE: 0.03182448 	 Validating MSE: 9.22708130 	 Best VMSE: 0.10213859
[2020-09-16 21:15:59] SCN.cv8: Checkpoint saved to experiments/normal/ar1/SCN_ar1_h6
[2020-09-16 21:16:00] SCN.cv8: Hidden size: 69 	 
Training MSE: 0.03127775 	 Validating MSE: 11.67254543 	 Best VMSE: 0.10213859
[2020-09-16 21:16:00] SCN.cv8: Checkpoint saved to experiments/normal/ar1/SCN_ar1_h6
[2020-09-16 21:16:02] SCN.cv8: Hidden size: 70 	 
Training MSE: 0.03097499 	 Validating MSE: 14.08871937 	 Best VMSE: 0.10213859
[2020-09-16 21:16:02] SCN.cv8: Checkpoint saved to experiments/normal/ar1/SCN_ar1_h6
[2020-09-16 21:16:03] SCN.cv8: Hidden size: 71 	 
Training MSE: 0.03081021 	 Validating MSE: 12.95596313 	 Best VMSE: 0.10213859
[2020-09-16 21:16:03] SCN.cv8: Checkpoint saved to experiments/normal/ar1/SCN_ar1_h6
[2020-09-16 21:16:05] SCN.cv8: Hidden size: 72 	 
Training MSE: 0.03058145 	 Validating MSE: 13.48592091 	 Best VMSE: 0.10213859
[2020-09-16 21:16:05] SCN.cv8: Checkpoint saved to experiments/normal/ar1/SCN_ar1_h6
[2020-09-16 21:16:06] SCN.cv8: Hidden size: 73 	 
Training MSE: 0.03045746 	 Validating MSE: 13.13620186 	 Best VMSE: 0.10213859
[2020-09-16 21:16:06] SCN.cv8: Checkpoint saved to experiments/normal/ar1/SCN_ar1_h6
[2020-09-16 21:16:08] SCN.cv8: Hidden size: 74 	 
Training MSE: 0.02996409 	 Validating MSE: 12.24148560 	 Best VMSE: 0.10213859
[2020-09-16 21:16:08] SCN.cv8: Checkpoint saved to experiments/normal/ar1/SCN_ar1_h6
[2020-09-16 21:16:09] SCN.cv8: Hidden size: 75 	 
Training MSE: 0.02959748 	 Validating MSE: 14.29854584 	 Best VMSE: 0.10213859
[2020-09-16 21:16:09] SCN.cv8: Checkpoint saved to experiments/normal/ar1/SCN_ar1_h6
[2020-09-16 21:16:11] SCN.cv8: Hidden size: 76 	 
Training MSE: 0.02918550 	 Validating MSE: 13.29508495 	 Best VMSE: 0.10213859
[2020-09-16 21:16:11] SCN.cv8: Checkpoint saved to experiments/normal/ar1/SCN_ar1_h6
[2020-09-16 21:16:12] SCN.cv8: Hidden size: 77 	 
Training MSE: 0.02896856 	 Validating MSE: 13.81934643 	 Best VMSE: 0.10213859
[2020-09-16 21:16:12] SCN.cv8: Checkpoint saved to experiments/normal/ar1/SCN_ar1_h6
[2020-09-16 21:16:14] SCN.cv8: Hidden size: 78 	 
Training MSE: 0.02859965 	 Validating MSE: 13.54582596 	 Best VMSE: 0.10213859
[2020-09-16 21:16:14] SCN.cv8: Checkpoint saved to experiments/normal/ar1/SCN_ar1_h6
[2020-09-16 21:16:15] SCN.cv8: Hidden size: 79 	 
Training MSE: 0.02837050 	 Validating MSE: 16.88181877 	 Best VMSE: 0.10213859
[2020-09-16 21:16:15] SCN.cv8: Checkpoint saved to experiments/normal/ar1/SCN_ar1_h6
[2020-09-16 21:16:17] SCN.cv8: Hidden size: 80 	 
Training MSE: 0.02800854 	 Validating MSE: 16.06546593 	 Best VMSE: 0.10213859
[2020-09-16 21:16:17] SCN.cv8: Checkpoint saved to experiments/normal/ar1/SCN_ar1_h6
[2020-09-16 21:16:18] SCN.cv8: Hidden size: 81 	 
Training MSE: 0.02778878 	 Validating MSE: 16.04534531 	 Best VMSE: 0.10213859
[2020-09-16 21:16:18] SCN.cv8: Checkpoint saved to experiments/normal/ar1/SCN_ar1_h6
[2020-09-16 21:16:20] SCN.cv8: Hidden size: 82 	 
Training MSE: 0.02763011 	 Validating MSE: 18.51362228 	 Best VMSE: 0.10213859
[2020-09-16 21:16:20] SCN.cv8: Checkpoint saved to experiments/normal/ar1/SCN_ar1_h6
[2020-09-16 21:16:21] SCN.cv8: Hidden size: 83 	 
Training MSE: 0.02718088 	 Validating MSE: 17.54302979 	 Best VMSE: 0.10213859
[2020-09-16 21:16:21] SCN.cv8: Checkpoint saved to experiments/normal/ar1/SCN_ar1_h6
[2020-09-16 21:16:23] SCN.cv8: Hidden size: 84 	 
Training MSE: 0.02688248 	 Validating MSE: 17.24435616 	 Best VMSE: 0.10213859
[2020-09-16 21:16:23] SCN.cv8: Checkpoint saved to experiments/normal/ar1/SCN_ar1_h6
[2020-09-16 21:16:24] SCN.cv8: Hidden size: 85 	 
Training MSE: 0.02667448 	 Validating MSE: 17.48683739 	 Best VMSE: 0.10213859
[2020-09-16 21:16:24] SCN.cv8: Checkpoint saved to experiments/normal/ar1/SCN_ar1_h6
[2020-09-16 21:16:26] SCN.cv8: Hidden size: 86 	 
Training MSE: 0.02650905 	 Validating MSE: 18.76309586 	 Best VMSE: 0.10213859
[2020-09-16 21:16:26] SCN.cv8: Checkpoint saved to experiments/normal/ar1/SCN_ar1_h6
[2020-09-16 21:16:27] SCN.cv8: Hidden size: 87 	 
Training MSE: 0.02624338 	 Validating MSE: 20.08443451 	 Best VMSE: 0.10213859
[2020-09-16 21:16:27] SCN.cv8: Checkpoint saved to experiments/normal/ar1/SCN_ar1_h6
[2020-09-16 21:16:29] SCN.cv8: Hidden size: 88 	 
Training MSE: 0.02579362 	 Validating MSE: 29.53834343 	 Best VMSE: 0.10213859
[2020-09-16 21:16:29] SCN.cv8: Checkpoint saved to experiments/normal/ar1/SCN_ar1_h6
[2020-09-16 21:16:30] SCN.cv8: Hidden size: 89 	 
Training MSE: 0.02529908 	 Validating MSE: 30.90419769 	 Best VMSE: 0.10213859
[2020-09-16 21:16:30] SCN.cv8: Checkpoint saved to experiments/normal/ar1/SCN_ar1_h6
[2020-09-16 21:16:32] SCN.cv8: Hidden size: 90 	 
Training MSE: 0.02520888 	 Validating MSE: 30.58782196 	 Best VMSE: 0.10213859
[2020-09-16 21:16:32] SCN.cv8: Checkpoint saved to experiments/normal/ar1/SCN_ar1_h6
[2020-09-16 21:16:33] SCN.cv8: Hidden size: 91 	 
Training MSE: 0.02456011 	 Validating MSE: 24.29364586 	 Best VMSE: 0.10213859
[2020-09-16 21:16:33] SCN.cv8: Checkpoint saved to experiments/normal/ar1/SCN_ar1_h6
[2020-09-16 21:16:35] SCN.cv8: Hidden size: 92 	 
Training MSE: 0.02398923 	 Validating MSE: 25.21867371 	 Best VMSE: 0.10213859
[2020-09-16 21:16:35] SCN.cv8: Checkpoint saved to experiments/normal/ar1/SCN_ar1_h6
[2020-09-16 21:16:36] SCN.cv8: Hidden size: 93 	 
Training MSE: 0.02379454 	 Validating MSE: 33.49752045 	 Best VMSE: 0.10213859
[2020-09-16 21:16:36] SCN.cv8: Checkpoint saved to experiments/normal/ar1/SCN_ar1_h6
[2020-09-16 21:16:38] SCN.cv8: Hidden size: 94 	 
Training MSE: 0.02344090 	 Validating MSE: 34.29655075 	 Best VMSE: 0.10213859
[2020-09-16 21:16:38] SCN.cv8: Checkpoint saved to experiments/normal/ar1/SCN_ar1_h6
[2020-09-16 21:16:39] SCN.cv8: Hidden size: 95 	 
Training MSE: 0.02333315 	 Validating MSE: 36.33440018 	 Best VMSE: 0.10213859
[2020-09-16 21:16:39] SCN.cv8: Checkpoint saved to experiments/normal/ar1/SCN_ar1_h6
[2020-09-16 21:16:41] SCN.cv8: Hidden size: 96 	 
Training MSE: 0.02282612 	 Validating MSE: 41.17804718 	 Best VMSE: 0.10213859
[2020-09-16 21:16:41] SCN.cv8: Checkpoint saved to experiments/normal/ar1/SCN_ar1_h6
[2020-09-16 21:16:42] SCN.cv8: Hidden size: 97 	 
Training MSE: 0.02218681 	 Validating MSE: 35.81718063 	 Best VMSE: 0.10213859
[2020-09-16 21:16:42] SCN.cv8: Checkpoint saved to experiments/normal/ar1/SCN_ar1_h6
[2020-09-16 21:16:44] SCN.cv8: Hidden size: 98 	 
Training MSE: 0.02195379 	 Validating MSE: 33.31352234 	 Best VMSE: 0.10213859
[2020-09-16 21:16:44] SCN.cv8: Checkpoint saved to experiments/normal/ar1/SCN_ar1_h6
[2020-09-16 21:16:45] SCN.cv8: Hidden size: 99 	 
Training MSE: 0.02184113 	 Validating MSE: 35.95199585 	 Best VMSE: 0.10213859
[2020-09-16 21:16:45] SCN.cv8: Checkpoint saved to experiments/normal/ar1/SCN_ar1_h6
[2020-09-16 21:16:47] SCN.cv8: Hidden size: 100 	 
Training MSE: 0.02155338 	 Validating MSE: 33.62909317 	 Best VMSE: 0.10213859
[2020-09-16 21:16:47] SCN.cv8: Checkpoint saved to experiments/normal/ar1/SCN_ar1_h6
[2020-09-16 21:16:47] SCN.cv8: Restoring best parameters from experiments/normal/ar1/SCN_ar1_h6/train.cv8.pth.tar
[2020-09-16 21:16:47] SCN.cv8: ar1	 H: 6	 Trail: 12 
Testing RMSE: 0.6051 	 MAPE: 0.1088 	 SMAPE: 0.05849
