[2020-09-16 20:53:22] SCN.cv0: Loading the datasets and model for 0th-batch-training
[2020-09-16 20:53:22] SCN.cv0: Argument hidden_size: 100
[2020-09-16 20:53:22] SCN.cv0: Argument candidate_size: 300
[2020-09-16 20:53:22] SCN.cv0: Argument Lambdas: [0.5, 1, 5, 15, 30, 50, 100, 150, 200]
[2020-09-16 20:53:22] SCN.cv0: Argument Lambdas_std: [0.01, 0.05, 0.1, 0.5, 1]
[2020-09-16 20:53:22] SCN.cv0: Argument r: [0.8, 0.9, 0.99, 0.9999, 0.999999]
[2020-09-16 20:53:22] SCN.cv0: Argument tolerance: 0
[2020-09-16 20:53:22] SCN.cv0: Argument device: device(type='cuda')
[2020-09-16 20:53:22] SCN.cv0: Argument dataset: 'ar1'
[2020-09-16 20:53:22] SCN.cv0: Argument H: 6
[2020-09-16 20:53:22] SCN.cv0: Argument k: 5
[2020-09-16 20:53:22] SCN.cv0: Argument test: False
[2020-09-16 20:53:22] SCN.cv0: Argument normal: True
[2020-09-16 20:53:22] SCN.cv0: Argument diff: False
[2020-09-16 20:53:22] SCN.cv0: Argument times: 40
[2020-09-16 20:53:22] SCN.cv0: Argument datasets: {'ar1': {'lag_order': 15, 'normal': True, 'cov_dim': 0, 'kernel_size': 3}, 'wti': {'lag_order': 25, 'normal': True, 'cov_dim': 0, 'kernel_size': 5}, 'gold': {'lag_order': 25, 'normal': True, 'cov_dim': 0, 'kernel_size': 5}, 'sp': {'lag_order': 25, 'normal': True, 'cov_dim': 0, 'kernel_size': 5}, 'brent': {'lag_order': 24, 'normal': True, 'cov_dim': 0, 'kernel_size': 6}, 'sili': {'lag_order': 26, 'normal': True, 'cov_dim': 0, 'kernel_size': 6}}
[2020-09-16 20:53:22] SCN.cv0: Argument steps: 15
[2020-09-16 20:53:22] SCN.cv0: Argument experiment: 'experiments/normal/ar1'
[2020-09-16 20:53:22] SCN.cv0: Argument scaler: StandardScaler()
[2020-09-16 20:53:22] SCN.cv0: Argument model_name: 'SCN_ar1_h6'
[2020-09-16 20:53:22] SCN.cv0: Argument model_dir: 'experiments/normal/ar1/SCN_ar1_h6'
[2020-09-16 20:53:22] SCN.cv0: Argument restore: True
[2020-09-16 20:53:22] SCN.cv0: Argument cv: 0
[2020-09-16 20:53:24] SCN.cv0: Using Cuda...
[2020-09-16 20:53:24] SCN.cv0: Loading complete.
[2020-09-16 20:53:24] SCN.cv0: Model: 
scnModel(
  (loss_fn): MSELoss()
)
[2020-09-16 20:53:24] SCN.cv0: Hidden size: 1 	 
Training MSE: 0.25373960 	 Validating MSE: 1.44565928 	 Best VMSE: 9999.00000000
[2020-09-16 20:53:24] SCN.cv0: Found new best state
[2020-09-16 20:53:24] SCN.cv0: Best vmse: 1.4457
[2020-09-16 20:53:24] SCN.cv0: Checkpoint saved to experiments/normal/ar1/SCN_ar1_h6
[2020-09-16 20:53:25] SCN.cv0: Hidden size: 2 	 
Training MSE: 0.15856089 	 Validating MSE: 0.11581128 	 Best VMSE: 1.44565928
[2020-09-16 20:53:25] SCN.cv0: Found new best state
[2020-09-16 20:53:25] SCN.cv0: Best vmse: 0.1158
[2020-09-16 20:53:25] SCN.cv0: Checkpoint saved to experiments/normal/ar1/SCN_ar1_h6
[2020-09-16 20:53:25] SCN.cv0: Hidden size: 3 	 
Training MSE: 0.09769186 	 Validating MSE: 0.11688798 	 Best VMSE: 0.11581128
[2020-09-16 20:53:25] SCN.cv0: Checkpoint saved to experiments/normal/ar1/SCN_ar1_h6
[2020-09-16 20:53:26] SCN.cv0: Hidden size: 4 	 
Training MSE: 0.09048293 	 Validating MSE: 0.15352248 	 Best VMSE: 0.11581128
[2020-09-16 20:53:26] SCN.cv0: Checkpoint saved to experiments/normal/ar1/SCN_ar1_h6
[2020-09-16 20:53:27] SCN.cv0: Hidden size: 5 	 
Training MSE: 0.07959249 	 Validating MSE: 0.09294848 	 Best VMSE: 0.11581128
[2020-09-16 20:53:27] SCN.cv0: Found new best state
[2020-09-16 20:53:27] SCN.cv0: Best vmse: 0.0929
[2020-09-16 20:53:27] SCN.cv0: Checkpoint saved to experiments/normal/ar1/SCN_ar1_h6
[2020-09-16 20:53:28] SCN.cv0: Hidden size: 6 	 
Training MSE: 0.07321009 	 Validating MSE: 0.17870179 	 Best VMSE: 0.09294848
[2020-09-16 20:53:28] SCN.cv0: Checkpoint saved to experiments/normal/ar1/SCN_ar1_h6
[2020-09-16 20:53:28] SCN.cv0: Hidden size: 7 	 
Training MSE: 0.06676386 	 Validating MSE: 0.15088204 	 Best VMSE: 0.09294848
[2020-09-16 20:53:28] SCN.cv0: Checkpoint saved to experiments/normal/ar1/SCN_ar1_h6
[2020-09-16 20:53:29] SCN.cv0: Hidden size: 8 	 
Training MSE: 0.06329053 	 Validating MSE: 0.16345988 	 Best VMSE: 0.09294848
[2020-09-16 20:53:29] SCN.cv0: Checkpoint saved to experiments/normal/ar1/SCN_ar1_h6
[2020-09-16 20:53:30] SCN.cv0: Hidden size: 9 	 
Training MSE: 0.05946163 	 Validating MSE: 0.16474234 	 Best VMSE: 0.09294848
[2020-09-16 20:53:30] SCN.cv0: Checkpoint saved to experiments/normal/ar1/SCN_ar1_h6
[2020-09-16 20:53:31] SCN.cv0: Hidden size: 10 	 
Training MSE: 0.05672207 	 Validating MSE: 0.19309825 	 Best VMSE: 0.09294848
[2020-09-16 20:53:31] SCN.cv0: Checkpoint saved to experiments/normal/ar1/SCN_ar1_h6
[2020-09-16 20:53:32] SCN.cv0: Hidden size: 11 	 
Training MSE: 0.05508777 	 Validating MSE: 0.23510604 	 Best VMSE: 0.09294848
[2020-09-16 20:53:32] SCN.cv0: Checkpoint saved to experiments/normal/ar1/SCN_ar1_h6
[2020-09-16 20:53:32] SCN.cv0: Hidden size: 12 	 
Training MSE: 0.05381331 	 Validating MSE: 0.17681912 	 Best VMSE: 0.09294848
[2020-09-16 20:53:32] SCN.cv0: Checkpoint saved to experiments/normal/ar1/SCN_ar1_h6
[2020-09-16 20:53:33] SCN.cv0: Hidden size: 13 	 
Training MSE: 0.05298460 	 Validating MSE: 0.18044315 	 Best VMSE: 0.09294848
[2020-09-16 20:53:33] SCN.cv0: Checkpoint saved to experiments/normal/ar1/SCN_ar1_h6
[2020-09-16 20:53:34] SCN.cv0: Hidden size: 14 	 
Training MSE: 0.05177776 	 Validating MSE: 0.18837324 	 Best VMSE: 0.09294848
[2020-09-16 20:53:34] SCN.cv0: Checkpoint saved to experiments/normal/ar1/SCN_ar1_h6
[2020-09-16 20:53:35] SCN.cv0: Hidden size: 15 	 
Training MSE: 0.05048300 	 Validating MSE: 0.30535936 	 Best VMSE: 0.09294848
[2020-09-16 20:53:35] SCN.cv0: Checkpoint saved to experiments/normal/ar1/SCN_ar1_h6
[2020-09-16 20:53:35] SCN.cv0: Hidden size: 16 	 
Training MSE: 0.05021637 	 Validating MSE: 0.30195555 	 Best VMSE: 0.09294848
[2020-09-16 20:53:35] SCN.cv0: Checkpoint saved to experiments/normal/ar1/SCN_ar1_h6
[2020-09-16 20:53:36] SCN.cv0: Hidden size: 17 	 
Training MSE: 0.04957997 	 Validating MSE: 0.45457119 	 Best VMSE: 0.09294848
[2020-09-16 20:53:36] SCN.cv0: Checkpoint saved to experiments/normal/ar1/SCN_ar1_h6
[2020-09-16 20:53:37] SCN.cv0: Hidden size: 18 	 
Training MSE: 0.04943798 	 Validating MSE: 0.41778791 	 Best VMSE: 0.09294848
[2020-09-16 20:53:37] SCN.cv0: Checkpoint saved to experiments/normal/ar1/SCN_ar1_h6
[2020-09-16 20:53:38] SCN.cv0: Hidden size: 19 	 
Training MSE: 0.04913859 	 Validating MSE: 0.26944190 	 Best VMSE: 0.09294848
[2020-09-16 20:53:38] SCN.cv0: Checkpoint saved to experiments/normal/ar1/SCN_ar1_h6
[2020-09-16 20:53:38] SCN.cv0: Hidden size: 20 	 
Training MSE: 0.04864087 	 Validating MSE: 0.21621530 	 Best VMSE: 0.09294848
[2020-09-16 20:53:38] SCN.cv0: Checkpoint saved to experiments/normal/ar1/SCN_ar1_h6
[2020-09-16 20:53:39] SCN.cv0: Hidden size: 21 	 
Training MSE: 0.04833731 	 Validating MSE: 0.18084580 	 Best VMSE: 0.09294848
[2020-09-16 20:53:39] SCN.cv0: Checkpoint saved to experiments/normal/ar1/SCN_ar1_h6
[2020-09-16 20:53:40] SCN.cv0: Hidden size: 22 	 
Training MSE: 0.04812592 	 Validating MSE: 0.15248485 	 Best VMSE: 0.09294848
[2020-09-16 20:53:40] SCN.cv0: Checkpoint saved to experiments/normal/ar1/SCN_ar1_h6
[2020-09-16 20:53:41] SCN.cv0: Hidden size: 23 	 
Training MSE: 0.04791474 	 Validating MSE: 0.14682063 	 Best VMSE: 0.09294848
[2020-09-16 20:53:41] SCN.cv0: Checkpoint saved to experiments/normal/ar1/SCN_ar1_h6
[2020-09-16 20:53:42] SCN.cv0: Hidden size: 24 	 
Training MSE: 0.04764408 	 Validating MSE: 0.11188834 	 Best VMSE: 0.09294848
[2020-09-16 20:53:42] SCN.cv0: Checkpoint saved to experiments/normal/ar1/SCN_ar1_h6
[2020-09-16 20:53:42] SCN.cv0: Hidden size: 25 	 
Training MSE: 0.04723873 	 Validating MSE: 0.13606656 	 Best VMSE: 0.09294848
[2020-09-16 20:53:42] SCN.cv0: Checkpoint saved to experiments/normal/ar1/SCN_ar1_h6
[2020-09-16 20:53:43] SCN.cv0: Hidden size: 26 	 
Training MSE: 0.04686581 	 Validating MSE: 0.09953167 	 Best VMSE: 0.09294848
[2020-09-16 20:53:43] SCN.cv0: Checkpoint saved to experiments/normal/ar1/SCN_ar1_h6
[2020-09-16 20:53:44] SCN.cv0: Hidden size: 27 	 
Training MSE: 0.04661984 	 Validating MSE: 0.14550513 	 Best VMSE: 0.09294848
[2020-09-16 20:53:44] SCN.cv0: Checkpoint saved to experiments/normal/ar1/SCN_ar1_h6
[2020-09-16 20:53:45] SCN.cv0: Hidden size: 28 	 
Training MSE: 0.04640952 	 Validating MSE: 0.13672115 	 Best VMSE: 0.09294848
[2020-09-16 20:53:45] SCN.cv0: Checkpoint saved to experiments/normal/ar1/SCN_ar1_h6
[2020-09-16 20:53:45] SCN.cv0: Hidden size: 29 	 
Training MSE: 0.04602249 	 Validating MSE: 0.14786468 	 Best VMSE: 0.09294848
[2020-09-16 20:53:45] SCN.cv0: Checkpoint saved to experiments/normal/ar1/SCN_ar1_h6
[2020-09-16 20:53:46] SCN.cv0: Hidden size: 30 	 
Training MSE: 0.04584037 	 Validating MSE: 0.15003547 	 Best VMSE: 0.09294848
[2020-09-16 20:53:46] SCN.cv0: Checkpoint saved to experiments/normal/ar1/SCN_ar1_h6
[2020-09-16 20:53:47] SCN.cv0: Hidden size: 31 	 
Training MSE: 0.04544600 	 Validating MSE: 0.13432777 	 Best VMSE: 0.09294848
[2020-09-16 20:53:47] SCN.cv0: Checkpoint saved to experiments/normal/ar1/SCN_ar1_h6
[2020-09-16 20:53:48] SCN.cv0: Hidden size: 32 	 
Training MSE: 0.04532371 	 Validating MSE: 0.14314514 	 Best VMSE: 0.09294848
[2020-09-16 20:53:48] SCN.cv0: Checkpoint saved to experiments/normal/ar1/SCN_ar1_h6
[2020-09-16 20:53:48] SCN.cv0: Hidden size: 33 	 
Training MSE: 0.04502271 	 Validating MSE: 0.14782383 	 Best VMSE: 0.09294848
[2020-09-16 20:53:48] SCN.cv0: Checkpoint saved to experiments/normal/ar1/SCN_ar1_h6
[2020-09-16 20:53:49] SCN.cv0: Hidden size: 34 	 
Training MSE: 0.04455222 	 Validating MSE: 0.15249565 	 Best VMSE: 0.09294848
[2020-09-16 20:53:49] SCN.cv0: Checkpoint saved to experiments/normal/ar1/SCN_ar1_h6
[2020-09-16 20:53:50] SCN.cv0: Hidden size: 35 	 
Training MSE: 0.04425714 	 Validating MSE: 0.16370825 	 Best VMSE: 0.09294848
[2020-09-16 20:53:50] SCN.cv0: Checkpoint saved to experiments/normal/ar1/SCN_ar1_h6
[2020-09-16 20:53:51] SCN.cv0: Hidden size: 36 	 
Training MSE: 0.04410423 	 Validating MSE: 0.23440191 	 Best VMSE: 0.09294848
[2020-09-16 20:53:51] SCN.cv0: Checkpoint saved to experiments/normal/ar1/SCN_ar1_h6
[2020-09-16 20:53:52] SCN.cv0: Hidden size: 37 	 
Training MSE: 0.04384937 	 Validating MSE: 0.27898183 	 Best VMSE: 0.09294848
[2020-09-16 20:53:52] SCN.cv0: Checkpoint saved to experiments/normal/ar1/SCN_ar1_h6
[2020-09-16 20:53:52] SCN.cv0: Hidden size: 38 	 
Training MSE: 0.04359352 	 Validating MSE: 0.17913614 	 Best VMSE: 0.09294848
[2020-09-16 20:53:52] SCN.cv0: Checkpoint saved to experiments/normal/ar1/SCN_ar1_h6
[2020-09-16 20:53:54] SCN.cv0: Hidden size: 39 	 
Training MSE: 0.04338208 	 Validating MSE: 0.17330168 	 Best VMSE: 0.09294848
[2020-09-16 20:53:54] SCN.cv0: Checkpoint saved to experiments/normal/ar1/SCN_ar1_h6
[2020-09-16 20:53:54] SCN.cv0: Hidden size: 40 	 
Training MSE: 0.04292613 	 Validating MSE: 0.20686582 	 Best VMSE: 0.09294848
[2020-09-16 20:53:54] SCN.cv0: Checkpoint saved to experiments/normal/ar1/SCN_ar1_h6
[2020-09-16 20:53:55] SCN.cv0: Hidden size: 41 	 
Training MSE: 0.04275559 	 Validating MSE: 0.20762621 	 Best VMSE: 0.09294848
[2020-09-16 20:53:55] SCN.cv0: Checkpoint saved to experiments/normal/ar1/SCN_ar1_h6
[2020-09-16 20:53:56] SCN.cv0: Hidden size: 42 	 
Training MSE: 0.04195913 	 Validating MSE: 0.17434867 	 Best VMSE: 0.09294848
[2020-09-16 20:53:56] SCN.cv0: Checkpoint saved to experiments/normal/ar1/SCN_ar1_h6
[2020-09-16 20:53:57] SCN.cv0: Hidden size: 43 	 
Training MSE: 0.04143681 	 Validating MSE: 0.20964071 	 Best VMSE: 0.09294848
[2020-09-16 20:53:57] SCN.cv0: Checkpoint saved to experiments/normal/ar1/SCN_ar1_h6
[2020-09-16 20:53:58] SCN.cv0: Hidden size: 44 	 
Training MSE: 0.04118756 	 Validating MSE: 0.41563216 	 Best VMSE: 0.09294848
[2020-09-16 20:53:58] SCN.cv0: Checkpoint saved to experiments/normal/ar1/SCN_ar1_h6
[2020-09-16 20:53:58] SCN.cv0: Hidden size: 45 	 
Training MSE: 0.04082078 	 Validating MSE: 0.63160193 	 Best VMSE: 0.09294848
[2020-09-16 20:53:58] SCN.cv0: Checkpoint saved to experiments/normal/ar1/SCN_ar1_h6
[2020-09-16 20:54:00] SCN.cv0: Hidden size: 46 	 
Training MSE: 0.04005351 	 Validating MSE: 0.98350120 	 Best VMSE: 0.09294848
[2020-09-16 20:54:00] SCN.cv0: Checkpoint saved to experiments/normal/ar1/SCN_ar1_h6
[2020-09-16 20:54:01] SCN.cv0: Hidden size: 47 	 
Training MSE: 0.03979141 	 Validating MSE: 1.48514092 	 Best VMSE: 0.09294848
[2020-09-16 20:54:01] SCN.cv0: Checkpoint saved to experiments/normal/ar1/SCN_ar1_h6
[2020-09-16 20:54:01] SCN.cv0: Hidden size: 48 	 
Training MSE: 0.03953732 	 Validating MSE: 1.63910127 	 Best VMSE: 0.09294848
[2020-09-16 20:54:01] SCN.cv0: Checkpoint saved to experiments/normal/ar1/SCN_ar1_h6
[2020-09-16 20:54:02] SCN.cv0: Hidden size: 49 	 
Training MSE: 0.03904124 	 Validating MSE: 2.60101438 	 Best VMSE: 0.09294848
[2020-09-16 20:54:02] SCN.cv0: Checkpoint saved to experiments/normal/ar1/SCN_ar1_h6
[2020-09-16 20:54:04] SCN.cv0: Hidden size: 50 	 
Training MSE: 0.03872138 	 Validating MSE: 2.10251904 	 Best VMSE: 0.09294848
[2020-09-16 20:54:04] SCN.cv0: Checkpoint saved to experiments/normal/ar1/SCN_ar1_h6
[2020-09-16 20:54:04] SCN.cv0: Hidden size: 51 	 
Training MSE: 0.03805134 	 Validating MSE: 3.40669894 	 Best VMSE: 0.09294848
[2020-09-16 20:54:04] SCN.cv0: Checkpoint saved to experiments/normal/ar1/SCN_ar1_h6
[2020-09-16 20:54:05] SCN.cv0: Hidden size: 52 	 
Training MSE: 0.03780549 	 Validating MSE: 4.75676537 	 Best VMSE: 0.09294848
[2020-09-16 20:54:05] SCN.cv0: Checkpoint saved to experiments/normal/ar1/SCN_ar1_h6
[2020-09-16 20:54:07] SCN.cv0: Hidden size: 53 	 
Training MSE: 0.03766976 	 Validating MSE: 5.67740250 	 Best VMSE: 0.09294848
[2020-09-16 20:54:07] SCN.cv0: Checkpoint saved to experiments/normal/ar1/SCN_ar1_h6
[2020-09-16 20:54:08] SCN.cv0: Hidden size: 54 	 
Training MSE: 0.03719841 	 Validating MSE: 5.74544191 	 Best VMSE: 0.09294848
[2020-09-16 20:54:08] SCN.cv0: Checkpoint saved to experiments/normal/ar1/SCN_ar1_h6
[2020-09-16 20:54:09] SCN.cv0: Hidden size: 55 	 
Training MSE: 0.03678889 	 Validating MSE: 6.52114201 	 Best VMSE: 0.09294848
[2020-09-16 20:54:09] SCN.cv0: Checkpoint saved to experiments/normal/ar1/SCN_ar1_h6
[2020-09-16 20:54:10] SCN.cv0: Hidden size: 56 	 
Training MSE: 0.03601800 	 Validating MSE: 8.44059277 	 Best VMSE: 0.09294848
[2020-09-16 20:54:10] SCN.cv0: Checkpoint saved to experiments/normal/ar1/SCN_ar1_h6
[2020-09-16 20:54:12] SCN.cv0: Hidden size: 57 	 
Training MSE: 0.03553687 	 Validating MSE: 8.73136330 	 Best VMSE: 0.09294848
[2020-09-16 20:54:12] SCN.cv0: Checkpoint saved to experiments/normal/ar1/SCN_ar1_h6
[2020-09-16 20:54:13] SCN.cv0: Hidden size: 58 	 
Training MSE: 0.03513680 	 Validating MSE: 8.93502522 	 Best VMSE: 0.09294848
[2020-09-16 20:54:13] SCN.cv0: Checkpoint saved to experiments/normal/ar1/SCN_ar1_h6
[2020-09-16 20:54:14] SCN.cv0: Hidden size: 59 	 
Training MSE: 0.03470420 	 Validating MSE: 10.84719181 	 Best VMSE: 0.09294848
[2020-09-16 20:54:14] SCN.cv0: Checkpoint saved to experiments/normal/ar1/SCN_ar1_h6
[2020-09-16 20:54:16] SCN.cv0: Hidden size: 60 	 
Training MSE: 0.03455295 	 Validating MSE: 10.21938419 	 Best VMSE: 0.09294848
[2020-09-16 20:54:16] SCN.cv0: Checkpoint saved to experiments/normal/ar1/SCN_ar1_h6
[2020-09-16 20:54:17] SCN.cv0: Hidden size: 61 	 
Training MSE: 0.03430284 	 Validating MSE: 10.46619701 	 Best VMSE: 0.09294848
[2020-09-16 20:54:17] SCN.cv0: Checkpoint saved to experiments/normal/ar1/SCN_ar1_h6
[2020-09-16 20:54:19] SCN.cv0: Hidden size: 62 	 
Training MSE: 0.03409003 	 Validating MSE: 9.13103199 	 Best VMSE: 0.09294848
[2020-09-16 20:54:19] SCN.cv0: Checkpoint saved to experiments/normal/ar1/SCN_ar1_h6
[2020-09-16 20:54:20] SCN.cv0: Hidden size: 63 	 
Training MSE: 0.03384644 	 Validating MSE: 6.22767210 	 Best VMSE: 0.09294848
[2020-09-16 20:54:20] SCN.cv0: Checkpoint saved to experiments/normal/ar1/SCN_ar1_h6
[2020-09-16 20:54:22] SCN.cv0: Hidden size: 64 	 
Training MSE: 0.03324939 	 Validating MSE: 7.73259974 	 Best VMSE: 0.09294848
[2020-09-16 20:54:22] SCN.cv0: Checkpoint saved to experiments/normal/ar1/SCN_ar1_h6
[2020-09-16 20:54:23] SCN.cv0: Hidden size: 65 	 
Training MSE: 0.03300695 	 Validating MSE: 7.69725084 	 Best VMSE: 0.09294848
[2020-09-16 20:54:23] SCN.cv0: Checkpoint saved to experiments/normal/ar1/SCN_ar1_h6
[2020-09-16 20:54:25] SCN.cv0: Hidden size: 66 	 
Training MSE: 0.03279232 	 Validating MSE: 7.95336151 	 Best VMSE: 0.09294848
[2020-09-16 20:54:25] SCN.cv0: Checkpoint saved to experiments/normal/ar1/SCN_ar1_h6
[2020-09-16 20:54:26] SCN.cv0: Hidden size: 67 	 
Training MSE: 0.03244090 	 Validating MSE: 9.35153770 	 Best VMSE: 0.09294848
[2020-09-16 20:54:26] SCN.cv0: Checkpoint saved to experiments/normal/ar1/SCN_ar1_h6
[2020-09-16 20:54:27] SCN.cv0: Hidden size: 68 	 
Training MSE: 0.03222994 	 Validating MSE: 9.48178768 	 Best VMSE: 0.09294848
[2020-09-16 20:54:27] SCN.cv0: Checkpoint saved to experiments/normal/ar1/SCN_ar1_h6
[2020-09-16 20:54:29] SCN.cv0: Hidden size: 69 	 
Training MSE: 0.03180132 	 Validating MSE: 6.87388706 	 Best VMSE: 0.09294848
[2020-09-16 20:54:29] SCN.cv0: Checkpoint saved to experiments/normal/ar1/SCN_ar1_h6
[2020-09-16 20:54:30] SCN.cv0: Hidden size: 70 	 
Training MSE: 0.03146209 	 Validating MSE: 8.37138176 	 Best VMSE: 0.09294848
[2020-09-16 20:54:30] SCN.cv0: Checkpoint saved to experiments/normal/ar1/SCN_ar1_h6
[2020-09-16 20:54:32] SCN.cv0: Hidden size: 71 	 
Training MSE: 0.03118755 	 Validating MSE: 9.00243473 	 Best VMSE: 0.09294848
[2020-09-16 20:54:32] SCN.cv0: Checkpoint saved to experiments/normal/ar1/SCN_ar1_h6
[2020-09-16 20:54:33] SCN.cv0: Hidden size: 72 	 
Training MSE: 0.03104046 	 Validating MSE: 7.51940584 	 Best VMSE: 0.09294848
[2020-09-16 20:54:33] SCN.cv0: Checkpoint saved to experiments/normal/ar1/SCN_ar1_h6
[2020-09-16 20:54:35] SCN.cv0: Hidden size: 73 	 
Training MSE: 0.03083807 	 Validating MSE: 7.38797522 	 Best VMSE: 0.09294848
[2020-09-16 20:54:35] SCN.cv0: Checkpoint saved to experiments/normal/ar1/SCN_ar1_h6
[2020-09-16 20:54:36] SCN.cv0: Hidden size: 74 	 
Training MSE: 0.03063347 	 Validating MSE: 7.86061573 	 Best VMSE: 0.09294848
[2020-09-16 20:54:36] SCN.cv0: Checkpoint saved to experiments/normal/ar1/SCN_ar1_h6
[2020-09-16 20:54:38] SCN.cv0: Hidden size: 75 	 
Training MSE: 0.03036437 	 Validating MSE: 7.22462225 	 Best VMSE: 0.09294848
[2020-09-16 20:54:38] SCN.cv0: Checkpoint saved to experiments/normal/ar1/SCN_ar1_h6
[2020-09-16 20:54:39] SCN.cv0: Hidden size: 76 	 
Training MSE: 0.02982096 	 Validating MSE: 7.01400328 	 Best VMSE: 0.09294848
[2020-09-16 20:54:39] SCN.cv0: Checkpoint saved to experiments/normal/ar1/SCN_ar1_h6
[2020-09-16 20:54:41] SCN.cv0: Hidden size: 77 	 
Training MSE: 0.02960586 	 Validating MSE: 6.73928356 	 Best VMSE: 0.09294848
[2020-09-16 20:54:41] SCN.cv0: Checkpoint saved to experiments/normal/ar1/SCN_ar1_h6
[2020-09-16 20:54:42] SCN.cv0: Hidden size: 78 	 
Training MSE: 0.02900136 	 Validating MSE: 6.90516233 	 Best VMSE: 0.09294848
[2020-09-16 20:54:42] SCN.cv0: Checkpoint saved to experiments/normal/ar1/SCN_ar1_h6
[2020-09-16 20:54:44] SCN.cv0: Hidden size: 79 	 
Training MSE: 0.02887883 	 Validating MSE: 7.57271671 	 Best VMSE: 0.09294848
[2020-09-16 20:54:44] SCN.cv0: Checkpoint saved to experiments/normal/ar1/SCN_ar1_h6
[2020-09-16 20:54:45] SCN.cv0: Hidden size: 80 	 
Training MSE: 0.02862652 	 Validating MSE: 4.39418077 	 Best VMSE: 0.09294848
[2020-09-16 20:54:45] SCN.cv0: Checkpoint saved to experiments/normal/ar1/SCN_ar1_h6
[2020-09-16 20:54:47] SCN.cv0: Hidden size: 81 	 
Training MSE: 0.02832471 	 Validating MSE: 4.99446392 	 Best VMSE: 0.09294848
[2020-09-16 20:54:47] SCN.cv0: Checkpoint saved to experiments/normal/ar1/SCN_ar1_h6
[2020-09-16 20:54:48] SCN.cv0: Hidden size: 82 	 
Training MSE: 0.02817446 	 Validating MSE: 6.08156109 	 Best VMSE: 0.09294848
[2020-09-16 20:54:48] SCN.cv0: Checkpoint saved to experiments/normal/ar1/SCN_ar1_h6
[2020-09-16 20:54:50] SCN.cv0: Hidden size: 83 	 
Training MSE: 0.02786378 	 Validating MSE: 7.23571110 	 Best VMSE: 0.09294848
[2020-09-16 20:54:50] SCN.cv0: Checkpoint saved to experiments/normal/ar1/SCN_ar1_h6
[2020-09-16 20:54:51] SCN.cv0: Hidden size: 84 	 
Training MSE: 0.02769823 	 Validating MSE: 7.56310177 	 Best VMSE: 0.09294848
[2020-09-16 20:54:51] SCN.cv0: Checkpoint saved to experiments/normal/ar1/SCN_ar1_h6
[2020-09-16 20:54:53] SCN.cv0: Hidden size: 85 	 
Training MSE: 0.02758654 	 Validating MSE: 5.58906317 	 Best VMSE: 0.09294848
[2020-09-16 20:54:53] SCN.cv0: Checkpoint saved to experiments/normal/ar1/SCN_ar1_h6
[2020-09-16 20:54:54] SCN.cv0: Hidden size: 86 	 
Training MSE: 0.02698209 	 Validating MSE: 7.25792408 	 Best VMSE: 0.09294848
[2020-09-16 20:54:54] SCN.cv0: Checkpoint saved to experiments/normal/ar1/SCN_ar1_h6
[2020-09-16 20:54:56] SCN.cv0: Hidden size: 87 	 
Training MSE: 0.02674624 	 Validating MSE: 5.54501295 	 Best VMSE: 0.09294848
[2020-09-16 20:54:56] SCN.cv0: Checkpoint saved to experiments/normal/ar1/SCN_ar1_h6
[2020-09-16 20:54:57] SCN.cv0: Hidden size: 88 	 
Training MSE: 0.02647650 	 Validating MSE: 5.35392380 	 Best VMSE: 0.09294848
[2020-09-16 20:54:57] SCN.cv0: Checkpoint saved to experiments/normal/ar1/SCN_ar1_h6
[2020-09-16 20:54:59] SCN.cv0: Hidden size: 89 	 
Training MSE: 0.02625415 	 Validating MSE: 5.89188337 	 Best VMSE: 0.09294848
[2020-09-16 20:54:59] SCN.cv0: Checkpoint saved to experiments/normal/ar1/SCN_ar1_h6
[2020-09-16 20:55:00] SCN.cv0: Hidden size: 90 	 
Training MSE: 0.02597766 	 Validating MSE: 6.77864170 	 Best VMSE: 0.09294848
[2020-09-16 20:55:00] SCN.cv0: Checkpoint saved to experiments/normal/ar1/SCN_ar1_h6
[2020-09-16 20:55:02] SCN.cv0: Hidden size: 91 	 
Training MSE: 0.02584109 	 Validating MSE: 7.74327612 	 Best VMSE: 0.09294848
[2020-09-16 20:55:02] SCN.cv0: Checkpoint saved to experiments/normal/ar1/SCN_ar1_h6
[2020-09-16 20:55:03] SCN.cv0: Hidden size: 92 	 
Training MSE: 0.02556626 	 Validating MSE: 7.31451797 	 Best VMSE: 0.09294848
[2020-09-16 20:55:03] SCN.cv0: Checkpoint saved to experiments/normal/ar1/SCN_ar1_h6
[2020-09-16 20:55:05] SCN.cv0: Hidden size: 93 	 
Training MSE: 0.02547635 	 Validating MSE: 6.82069397 	 Best VMSE: 0.09294848
[2020-09-16 20:55:05] SCN.cv0: Checkpoint saved to experiments/normal/ar1/SCN_ar1_h6
[2020-09-16 20:55:06] SCN.cv0: Hidden size: 94 	 
Training MSE: 0.02518300 	 Validating MSE: 5.20680428 	 Best VMSE: 0.09294848
[2020-09-16 20:55:06] SCN.cv0: Checkpoint saved to experiments/normal/ar1/SCN_ar1_h6
[2020-09-16 20:55:08] SCN.cv0: Hidden size: 95 	 
Training MSE: 0.02480092 	 Validating MSE: 6.00334215 	 Best VMSE: 0.09294848
[2020-09-16 20:55:08] SCN.cv0: Checkpoint saved to experiments/normal/ar1/SCN_ar1_h6
[2020-09-16 20:55:09] SCN.cv0: Hidden size: 96 	 
Training MSE: 0.02460281 	 Validating MSE: 5.79862785 	 Best VMSE: 0.09294848
[2020-09-16 20:55:09] SCN.cv0: Checkpoint saved to experiments/normal/ar1/SCN_ar1_h6
[2020-09-16 20:55:11] SCN.cv0: Hidden size: 97 	 
Training MSE: 0.02429256 	 Validating MSE: 5.40728331 	 Best VMSE: 0.09294848
[2020-09-16 20:55:11] SCN.cv0: Checkpoint saved to experiments/normal/ar1/SCN_ar1_h6
[2020-09-16 20:55:12] SCN.cv0: Hidden size: 98 	 
Training MSE: 0.02408260 	 Validating MSE: 4.38898516 	 Best VMSE: 0.09294848
[2020-09-16 20:55:12] SCN.cv0: Checkpoint saved to experiments/normal/ar1/SCN_ar1_h6
[2020-09-16 20:55:13] SCN.cv0: Hidden size: 99 	 
Training MSE: 0.02371104 	 Validating MSE: 4.30894041 	 Best VMSE: 0.09294848
[2020-09-16 20:55:13] SCN.cv0: Checkpoint saved to experiments/normal/ar1/SCN_ar1_h6
[2020-09-16 20:55:15] SCN.cv0: Hidden size: 100 	 
Training MSE: 0.02322447 	 Validating MSE: 3.64598918 	 Best VMSE: 0.09294848
[2020-09-16 20:55:15] SCN.cv0: Checkpoint saved to experiments/normal/ar1/SCN_ar1_h6
[2020-09-16 20:55:15] SCN.cv0: Restoring best parameters from experiments/normal/ar1/SCN_ar1_h6/train.cv0.pth.tar
[2020-09-16 20:55:15] SCN.cv0: ar1	 H: 6	 Trail: 0 
Testing RMSE: 0.4539 	 MAPE: 0.09305 	 SMAPE: 0.0482
