[2020-09-14 16:34:05] RVFL.cv17: Loading the datasets and model for 17th-batch-training
[2020-09-14 16:34:05] RVFL.cv17: Argument hidden_size: 100
[2020-09-14 16:34:05] RVFL.cv17: Argument candidate_size: 300
[2020-09-14 16:34:05] RVFL.cv17: Argument Lambdas: [0.5, 1, 5, 15, 30, 50, 100, 150, 200]
[2020-09-14 16:34:05] RVFL.cv17: Argument Lambdas_std: [0.01, 0.05, 0.1, 0.5, 1]
[2020-09-14 16:34:05] RVFL.cv17: Argument r: [0.8, 0.9, 0.99, 0.9999, 0.999999]
[2020-09-14 16:34:05] RVFL.cv17: Argument tolerance: 0
[2020-09-14 16:34:05] RVFL.cv17: Argument device: device(type='cpu')
[2020-09-14 16:34:05] RVFL.cv17: Argument dataset: 'ar1'
[2020-09-14 16:34:05] RVFL.cv17: Argument H: 6
[2020-09-14 16:34:05] RVFL.cv17: Argument k: 5
[2020-09-14 16:34:05] RVFL.cv17: Argument test: False
[2020-09-14 16:34:05] RVFL.cv17: Argument normal: True
[2020-09-14 16:34:05] RVFL.cv17: Argument diff: False
[2020-09-14 16:34:05] RVFL.cv17: Argument times: 20
[2020-09-14 16:34:05] RVFL.cv17: Argument datasets: {'ar1': {'lag_order': 15, 'normal': True, 'cov_dim': 0, 'kernel_size': 3}, 'wti': {'lag_order': 25, 'normal': True, 'cov_dim': 0, 'kernel_size': 5}, 'gold': {'lag_order': 25, 'normal': True, 'cov_dim': 0, 'kernel_size': 5}, 'sp': {'lag_order': 25, 'normal': True, 'cov_dim': 0, 'kernel_size': 5}, 'brent': {'lag_order': 24, 'normal': True, 'cov_dim': 0, 'kernel_size': 6}, 'sili': {'lag_order': 26, 'normal': True, 'cov_dim': 0, 'kernel_size': 6}}
[2020-09-14 16:34:05] RVFL.cv17: Argument steps: 15
[2020-09-14 16:34:05] RVFL.cv17: Argument experiment: 'experiments/normal/ar1'
[2020-09-14 16:34:05] RVFL.cv17: Argument scaler: StandardScaler()
[2020-09-14 16:34:05] RVFL.cv17: Argument model_name: 'RVFL_ar1_h6'
[2020-09-14 16:34:05] RVFL.cv17: Argument model_dir: 'experiments/normal/ar1/RVFL_ar1_h6'
[2020-09-14 16:34:05] RVFL.cv17: Argument restore: True
[2020-09-14 16:34:05] RVFL.cv17: Argument cv: 17
[2020-09-14 16:34:05] RVFL.cv17: Loading complete.
[2020-09-14 16:34:05] RVFL.cv17: Model: 
RVFL(
  (loss_fn): MSELoss()
)
[2020-09-14 16:34:05] RVFL.cv17: Hidden size: 100 	 
Training MSE: 0.03567047 	 Validating MSE: 1.09279668 
[2020-09-14 16:34:05] RVFL.cv17: ar1	 H: 6	 Trail: 17 
Testing RMSE: 2.224 	 MAPE: 0.4929 	 SMAPE: 0.2279
