[2020-09-16 21:49:26] SCN.cv3: Loading the datasets and model for 5th-batch-training
[2020-09-16 21:49:26] SCN.cv3: Argument hidden_size: 100
[2020-09-16 21:49:26] SCN.cv3: Argument candidate_size: 300
[2020-09-16 21:49:26] SCN.cv3: Argument Lambdas: [0.5, 1, 5, 15, 30, 50, 100, 150, 200]
[2020-09-16 21:49:26] SCN.cv3: Argument Lambdas_std: [0.01, 0.05, 0.1, 0.5, 1]
[2020-09-16 21:49:26] SCN.cv3: Argument r: [0.8, 0.9, 0.99, 0.9999, 0.999999]
[2020-09-16 21:49:26] SCN.cv3: Argument tolerance: 0
[2020-09-16 21:49:26] SCN.cv3: Argument device: device(type='cuda')
[2020-09-16 21:49:26] SCN.cv3: Argument dataset: 'sili'
[2020-09-16 21:49:26] SCN.cv3: Argument H: 8
[2020-09-16 21:49:26] SCN.cv3: Argument k: 5
[2020-09-16 21:49:26] SCN.cv3: Argument test: False
[2020-09-16 21:49:26] SCN.cv3: Argument normal: True
[2020-09-16 21:49:26] SCN.cv3: Argument diff: False
[2020-09-16 21:49:26] SCN.cv3: Argument times: 40
[2020-09-16 21:49:26] SCN.cv3: Argument datasets: {'ar1': {'lag_order': 15, 'normal': True, 'cov_dim': 0, 'kernel_size': 3}, 'wti': {'lag_order': 25, 'normal': True, 'cov_dim': 0, 'kernel_size': 5}, 'gold': {'lag_order': 25, 'normal': True, 'cov_dim': 0, 'kernel_size': 5}, 'sp': {'lag_order': 25, 'normal': True, 'cov_dim': 0, 'kernel_size': 5}, 'brent': {'lag_order': 24, 'normal': True, 'cov_dim': 0, 'kernel_size': 6}, 'sili': {'lag_order': 26, 'normal': True, 'cov_dim': 0, 'kernel_size': 6}}
[2020-09-16 21:49:26] SCN.cv3: Argument steps: 26
[2020-09-16 21:49:26] SCN.cv3: Argument experiment: 'experiments/normal/sili'
[2020-09-16 21:49:26] SCN.cv3: Argument scaler: StandardScaler()
[2020-09-16 21:49:26] SCN.cv3: Argument model_name: 'SCN_sili_h8'
[2020-09-16 21:49:26] SCN.cv3: Argument model_dir: 'experiments/normal/sili/SCN_sili_h8'
[2020-09-16 21:49:26] SCN.cv3: Argument restore: True
[2020-09-16 21:49:26] SCN.cv3: Argument cv: 3
[2020-09-16 21:49:26] SCN.cv3: Argument plot_dir: 'experiments/normal/sili/SCN_sili_h8/figures'
[2020-09-16 21:49:26] SCN.cv3: Using Cuda...
[2020-09-16 21:49:26] SCN.cv3: Loading complete.
[2020-09-16 21:49:26] SCN.cv3: Model: 
scnModel(
  (loss_fn): MSELoss()
)
[2020-09-16 21:49:26] SCN.cv3: Hidden size: 1 	 
Training MSE: 0.35863957 	 Validating MSE: 1.56891119 	 Best VMSE: 9999.00000000
[2020-09-16 21:49:26] SCN.cv3: Found new best state
[2020-09-16 21:49:26] SCN.cv3: Best vmse: 1.5689
[2020-09-16 21:49:26] SCN.cv3: Checkpoint saved to experiments/normal/sili/SCN_sili_h8
[2020-09-16 21:49:27] SCN.cv3: Hidden size: 2 	 
Training MSE: 0.30314898 	 Validating MSE: 1.49282920 	 Best VMSE: 1.56891119
[2020-09-16 21:49:27] SCN.cv3: Found new best state
[2020-09-16 21:49:27] SCN.cv3: Best vmse: 1.4928
[2020-09-16 21:49:27] SCN.cv3: Checkpoint saved to experiments/normal/sili/SCN_sili_h8
[2020-09-16 21:49:28] SCN.cv3: Hidden size: 3 	 
Training MSE: 0.28623027 	 Validating MSE: 1.43858099 	 Best VMSE: 1.49282920
[2020-09-16 21:49:28] SCN.cv3: Found new best state
[2020-09-16 21:49:28] SCN.cv3: Best vmse: 1.4386
[2020-09-16 21:49:28] SCN.cv3: Checkpoint saved to experiments/normal/sili/SCN_sili_h8
[2020-09-16 21:49:29] SCN.cv3: Hidden size: 4 	 
Training MSE: 0.26433039 	 Validating MSE: 1.15699852 	 Best VMSE: 1.43858099
[2020-09-16 21:49:29] SCN.cv3: Found new best state
[2020-09-16 21:49:29] SCN.cv3: Best vmse: 1.1570
[2020-09-16 21:49:29] SCN.cv3: Checkpoint saved to experiments/normal/sili/SCN_sili_h8
[2020-09-16 21:49:30] SCN.cv3: Hidden size: 5 	 
Training MSE: 0.25019315 	 Validating MSE: 1.09773338 	 Best VMSE: 1.15699852
[2020-09-16 21:49:30] SCN.cv3: Found new best state
[2020-09-16 21:49:30] SCN.cv3: Best vmse: 1.0977
[2020-09-16 21:49:30] SCN.cv3: Checkpoint saved to experiments/normal/sili/SCN_sili_h8
[2020-09-16 21:49:31] SCN.cv3: Hidden size: 6 	 
Training MSE: 0.24062134 	 Validating MSE: 1.07523060 	 Best VMSE: 1.09773338
[2020-09-16 21:49:31] SCN.cv3: Found new best state
[2020-09-16 21:49:31] SCN.cv3: Best vmse: 1.0752
[2020-09-16 21:49:31] SCN.cv3: Checkpoint saved to experiments/normal/sili/SCN_sili_h8
[2020-09-16 21:49:32] SCN.cv3: Hidden size: 7 	 
Training MSE: 0.23646361 	 Validating MSE: 1.05193508 	 Best VMSE: 1.07523060
[2020-09-16 21:49:32] SCN.cv3: Found new best state
[2020-09-16 21:49:32] SCN.cv3: Best vmse: 1.0519
[2020-09-16 21:49:32] SCN.cv3: Checkpoint saved to experiments/normal/sili/SCN_sili_h8
[2020-09-16 21:49:33] SCN.cv3: Hidden size: 8 	 
Training MSE: 0.22889981 	 Validating MSE: 0.99772149 	 Best VMSE: 1.05193508
[2020-09-16 21:49:33] SCN.cv3: Found new best state
[2020-09-16 21:49:33] SCN.cv3: Best vmse: 0.9977
[2020-09-16 21:49:33] SCN.cv3: Checkpoint saved to experiments/normal/sili/SCN_sili_h8
[2020-09-16 21:49:34] SCN.cv3: Hidden size: 9 	 
Training MSE: 0.22444485 	 Validating MSE: 0.95832378 	 Best VMSE: 0.99772149
[2020-09-16 21:49:34] SCN.cv3: Found new best state
[2020-09-16 21:49:34] SCN.cv3: Best vmse: 0.9583
[2020-09-16 21:49:34] SCN.cv3: Checkpoint saved to experiments/normal/sili/SCN_sili_h8
[2020-09-16 21:49:35] SCN.cv3: Hidden size: 10 	 
Training MSE: 0.21855313 	 Validating MSE: 0.93296432 	 Best VMSE: 0.95832378
[2020-09-16 21:49:35] SCN.cv3: Found new best state
[2020-09-16 21:49:35] SCN.cv3: Best vmse: 0.9330
[2020-09-16 21:49:35] SCN.cv3: Checkpoint saved to experiments/normal/sili/SCN_sili_h8
[2020-09-16 21:49:36] SCN.cv3: Hidden size: 11 	 
Training MSE: 0.21687682 	 Validating MSE: 0.92644787 	 Best VMSE: 0.93296432
[2020-09-16 21:49:36] SCN.cv3: Found new best state
[2020-09-16 21:49:36] SCN.cv3: Best vmse: 0.9264
[2020-09-16 21:49:36] SCN.cv3: Checkpoint saved to experiments/normal/sili/SCN_sili_h8
[2020-09-16 21:49:37] SCN.cv3: Hidden size: 12 	 
Training MSE: 0.21346146 	 Validating MSE: 0.92867833 	 Best VMSE: 0.92644787
[2020-09-16 21:49:37] SCN.cv3: Checkpoint saved to experiments/normal/sili/SCN_sili_h8
[2020-09-16 21:49:38] SCN.cv3: Hidden size: 13 	 
Training MSE: 0.20997439 	 Validating MSE: 0.90397114 	 Best VMSE: 0.92644787
[2020-09-16 21:49:38] SCN.cv3: Found new best state
[2020-09-16 21:49:38] SCN.cv3: Best vmse: 0.9040
[2020-09-16 21:49:38] SCN.cv3: Checkpoint saved to experiments/normal/sili/SCN_sili_h8
[2020-09-16 21:49:39] SCN.cv3: Hidden size: 14 	 
Training MSE: 0.20325071 	 Validating MSE: 0.90221959 	 Best VMSE: 0.90397114
[2020-09-16 21:49:39] SCN.cv3: Found new best state
[2020-09-16 21:49:39] SCN.cv3: Best vmse: 0.9022
[2020-09-16 21:49:39] SCN.cv3: Checkpoint saved to experiments/normal/sili/SCN_sili_h8
[2020-09-16 21:49:40] SCN.cv3: Hidden size: 15 	 
Training MSE: 0.19990325 	 Validating MSE: 0.91222507 	 Best VMSE: 0.90221959
[2020-09-16 21:49:40] SCN.cv3: Checkpoint saved to experiments/normal/sili/SCN_sili_h8
[2020-09-16 21:49:41] SCN.cv3: Hidden size: 16 	 
Training MSE: 0.19511367 	 Validating MSE: 0.90680438 	 Best VMSE: 0.90221959
[2020-09-16 21:49:41] SCN.cv3: Checkpoint saved to experiments/normal/sili/SCN_sili_h8
[2020-09-16 21:49:42] SCN.cv3: Hidden size: 17 	 
Training MSE: 0.19220334 	 Validating MSE: 0.89450514 	 Best VMSE: 0.90221959
[2020-09-16 21:49:42] SCN.cv3: Found new best state
[2020-09-16 21:49:42] SCN.cv3: Best vmse: 0.8945
[2020-09-16 21:49:42] SCN.cv3: Checkpoint saved to experiments/normal/sili/SCN_sili_h8
[2020-09-16 21:49:43] SCN.cv3: Hidden size: 18 	 
Training MSE: 0.19038559 	 Validating MSE: 0.89331180 	 Best VMSE: 0.89450514
[2020-09-16 21:49:43] SCN.cv3: Found new best state
[2020-09-16 21:49:43] SCN.cv3: Best vmse: 0.8933
[2020-09-16 21:49:43] SCN.cv3: Checkpoint saved to experiments/normal/sili/SCN_sili_h8
[2020-09-16 21:49:44] SCN.cv3: Hidden size: 19 	 
Training MSE: 0.18676260 	 Validating MSE: 0.88428605 	 Best VMSE: 0.89331180
[2020-09-16 21:49:44] SCN.cv3: Found new best state
[2020-09-16 21:49:44] SCN.cv3: Best vmse: 0.8843
[2020-09-16 21:49:44] SCN.cv3: Checkpoint saved to experiments/normal/sili/SCN_sili_h8
[2020-09-16 21:49:45] SCN.cv3: Hidden size: 20 	 
Training MSE: 0.18478465 	 Validating MSE: 0.89245111 	 Best VMSE: 0.88428605
[2020-09-16 21:49:45] SCN.cv3: Checkpoint saved to experiments/normal/sili/SCN_sili_h8
[2020-09-16 21:49:46] SCN.cv3: Hidden size: 21 	 
Training MSE: 0.18291125 	 Validating MSE: 0.88678187 	 Best VMSE: 0.88428605
[2020-09-16 21:49:46] SCN.cv3: Checkpoint saved to experiments/normal/sili/SCN_sili_h8
[2020-09-16 21:49:47] SCN.cv3: Hidden size: 22 	 
Training MSE: 0.17987454 	 Validating MSE: 0.88873005 	 Best VMSE: 0.88428605
[2020-09-16 21:49:47] SCN.cv3: Checkpoint saved to experiments/normal/sili/SCN_sili_h8
[2020-09-16 21:49:48] SCN.cv3: Hidden size: 23 	 
Training MSE: 0.17753348 	 Validating MSE: 0.88373834 	 Best VMSE: 0.88428605
[2020-09-16 21:49:48] SCN.cv3: Found new best state
[2020-09-16 21:49:48] SCN.cv3: Best vmse: 0.8837
[2020-09-16 21:49:48] SCN.cv3: Checkpoint saved to experiments/normal/sili/SCN_sili_h8
[2020-09-16 21:49:49] SCN.cv3: Hidden size: 24 	 
Training MSE: 0.17629346 	 Validating MSE: 0.89238900 	 Best VMSE: 0.88373834
[2020-09-16 21:49:49] SCN.cv3: Checkpoint saved to experiments/normal/sili/SCN_sili_h8
[2020-09-16 21:49:50] SCN.cv3: Hidden size: 25 	 
Training MSE: 0.17498811 	 Validating MSE: 0.90005153 	 Best VMSE: 0.88373834
[2020-09-16 21:49:50] SCN.cv3: Checkpoint saved to experiments/normal/sili/SCN_sili_h8
[2020-09-16 21:49:51] SCN.cv3: Hidden size: 26 	 
Training MSE: 0.17175204 	 Validating MSE: 0.90322989 	 Best VMSE: 0.88373834
[2020-09-16 21:49:51] SCN.cv3: Checkpoint saved to experiments/normal/sili/SCN_sili_h8
[2020-09-16 21:49:52] SCN.cv3: Hidden size: 27 	 
Training MSE: 0.17032406 	 Validating MSE: 0.89802170 	 Best VMSE: 0.88373834
[2020-09-16 21:49:52] SCN.cv3: Checkpoint saved to experiments/normal/sili/SCN_sili_h8
[2020-09-16 21:49:53] SCN.cv3: Hidden size: 28 	 
Training MSE: 0.16765215 	 Validating MSE: 0.92970687 	 Best VMSE: 0.88373834
[2020-09-16 21:49:53] SCN.cv3: Checkpoint saved to experiments/normal/sili/SCN_sili_h8
[2020-09-16 21:49:54] SCN.cv3: Hidden size: 29 	 
Training MSE: 0.16663575 	 Validating MSE: 0.92353594 	 Best VMSE: 0.88373834
[2020-09-16 21:49:54] SCN.cv3: Checkpoint saved to experiments/normal/sili/SCN_sili_h8
[2020-09-16 21:49:55] SCN.cv3: Hidden size: 30 	 
Training MSE: 0.16369206 	 Validating MSE: 0.94091624 	 Best VMSE: 0.88373834
[2020-09-16 21:49:55] SCN.cv3: Checkpoint saved to experiments/normal/sili/SCN_sili_h8
[2020-09-16 21:49:56] SCN.cv3: Hidden size: 31 	 
Training MSE: 0.16219656 	 Validating MSE: 0.94364357 	 Best VMSE: 0.88373834
[2020-09-16 21:49:56] SCN.cv3: Checkpoint saved to experiments/normal/sili/SCN_sili_h8
[2020-09-16 21:49:57] SCN.cv3: Hidden size: 32 	 
Training MSE: 0.16138116 	 Validating MSE: 0.94038868 	 Best VMSE: 0.88373834
[2020-09-16 21:49:57] SCN.cv3: Checkpoint saved to experiments/normal/sili/SCN_sili_h8
[2020-09-16 21:49:58] SCN.cv3: Hidden size: 33 	 
Training MSE: 0.16053268 	 Validating MSE: 0.95667547 	 Best VMSE: 0.88373834
[2020-09-16 21:49:58] SCN.cv3: Checkpoint saved to experiments/normal/sili/SCN_sili_h8
[2020-09-16 21:50:00] SCN.cv3: Hidden size: 34 	 
Training MSE: 0.15840304 	 Validating MSE: 1.00719368 	 Best VMSE: 0.88373834
[2020-09-16 21:50:00] SCN.cv3: Checkpoint saved to experiments/normal/sili/SCN_sili_h8
[2020-09-16 21:50:01] SCN.cv3: Hidden size: 35 	 
Training MSE: 0.15763725 	 Validating MSE: 1.01647043 	 Best VMSE: 0.88373834
[2020-09-16 21:50:01] SCN.cv3: Checkpoint saved to experiments/normal/sili/SCN_sili_h8
[2020-09-16 21:50:02] SCN.cv3: Hidden size: 36 	 
Training MSE: 0.15436426 	 Validating MSE: 1.05681956 	 Best VMSE: 0.88373834
[2020-09-16 21:50:02] SCN.cv3: Checkpoint saved to experiments/normal/sili/SCN_sili_h8
[2020-09-16 21:50:03] SCN.cv3: Hidden size: 37 	 
Training MSE: 0.15269382 	 Validating MSE: 1.04806077 	 Best VMSE: 0.88373834
[2020-09-16 21:50:03] SCN.cv3: Checkpoint saved to experiments/normal/sili/SCN_sili_h8
[2020-09-16 21:50:04] SCN.cv3: Hidden size: 38 	 
Training MSE: 0.15121560 	 Validating MSE: 1.02536619 	 Best VMSE: 0.88373834
[2020-09-16 21:50:04] SCN.cv3: Checkpoint saved to experiments/normal/sili/SCN_sili_h8
[2020-09-16 21:50:05] SCN.cv3: Hidden size: 39 	 
Training MSE: 0.14924811 	 Validating MSE: 1.11092639 	 Best VMSE: 0.88373834
[2020-09-16 21:50:05] SCN.cv3: Checkpoint saved to experiments/normal/sili/SCN_sili_h8
[2020-09-16 21:50:06] SCN.cv3: Hidden size: 40 	 
Training MSE: 0.14749268 	 Validating MSE: 1.15196323 	 Best VMSE: 0.88373834
[2020-09-16 21:50:06] SCN.cv3: Checkpoint saved to experiments/normal/sili/SCN_sili_h8
[2020-09-16 21:50:07] SCN.cv3: Hidden size: 41 	 
Training MSE: 0.14590736 	 Validating MSE: 1.14871395 	 Best VMSE: 0.88373834
[2020-09-16 21:50:07] SCN.cv3: Checkpoint saved to experiments/normal/sili/SCN_sili_h8
[2020-09-16 21:50:08] SCN.cv3: Hidden size: 42 	 
Training MSE: 0.14458562 	 Validating MSE: 1.14290464 	 Best VMSE: 0.88373834
[2020-09-16 21:50:08] SCN.cv3: Checkpoint saved to experiments/normal/sili/SCN_sili_h8
[2020-09-16 21:50:09] SCN.cv3: Hidden size: 43 	 
Training MSE: 0.14360616 	 Validating MSE: 1.13006592 	 Best VMSE: 0.88373834
[2020-09-16 21:50:09] SCN.cv3: Checkpoint saved to experiments/normal/sili/SCN_sili_h8
[2020-09-16 21:50:10] SCN.cv3: Hidden size: 44 	 
Training MSE: 0.14170501 	 Validating MSE: 1.12124336 	 Best VMSE: 0.88373834
[2020-09-16 21:50:10] SCN.cv3: Checkpoint saved to experiments/normal/sili/SCN_sili_h8
[2020-09-16 21:50:11] SCN.cv3: Hidden size: 45 	 
Training MSE: 0.13983075 	 Validating MSE: 1.15492272 	 Best VMSE: 0.88373834
[2020-09-16 21:50:11] SCN.cv3: Checkpoint saved to experiments/normal/sili/SCN_sili_h8
[2020-09-16 21:50:12] SCN.cv3: Hidden size: 46 	 
Training MSE: 0.13781425 	 Validating MSE: 1.23757136 	 Best VMSE: 0.88373834
[2020-09-16 21:50:12] SCN.cv3: Checkpoint saved to experiments/normal/sili/SCN_sili_h8
[2020-09-16 21:50:13] SCN.cv3: Hidden size: 47 	 
Training MSE: 0.13654645 	 Validating MSE: 1.25569725 	 Best VMSE: 0.88373834
[2020-09-16 21:50:13] SCN.cv3: Checkpoint saved to experiments/normal/sili/SCN_sili_h8
[2020-09-16 21:50:14] SCN.cv3: Hidden size: 48 	 
Training MSE: 0.13476345 	 Validating MSE: 1.24130249 	 Best VMSE: 0.88373834
[2020-09-16 21:50:14] SCN.cv3: Checkpoint saved to experiments/normal/sili/SCN_sili_h8
[2020-09-16 21:50:15] SCN.cv3: Hidden size: 49 	 
Training MSE: 0.13199219 	 Validating MSE: 1.29072034 	 Best VMSE: 0.88373834
[2020-09-16 21:50:15] SCN.cv3: Checkpoint saved to experiments/normal/sili/SCN_sili_h8
[2020-09-16 21:50:16] SCN.cv3: Hidden size: 50 	 
Training MSE: 0.12850580 	 Validating MSE: 1.29356861 	 Best VMSE: 0.88373834
[2020-09-16 21:50:16] SCN.cv3: Checkpoint saved to experiments/normal/sili/SCN_sili_h8
[2020-09-16 21:50:17] SCN.cv3: Hidden size: 51 	 
Training MSE: 0.12596683 	 Validating MSE: 1.34448671 	 Best VMSE: 0.88373834
[2020-09-16 21:50:17] SCN.cv3: Checkpoint saved to experiments/normal/sili/SCN_sili_h8
[2020-09-16 21:50:18] SCN.cv3: Hidden size: 52 	 
Training MSE: 0.12424278 	 Validating MSE: 1.36688995 	 Best VMSE: 0.88373834
[2020-09-16 21:50:18] SCN.cv3: Checkpoint saved to experiments/normal/sili/SCN_sili_h8
[2020-09-16 21:50:19] SCN.cv3: Hidden size: 53 	 
Training MSE: 0.12300173 	 Validating MSE: 1.37733305 	 Best VMSE: 0.88373834
[2020-09-16 21:50:19] SCN.cv3: Checkpoint saved to experiments/normal/sili/SCN_sili_h8
[2020-09-16 21:50:20] SCN.cv3: Hidden size: 54 	 
Training MSE: 0.12164627 	 Validating MSE: 1.45012939 	 Best VMSE: 0.88373834
[2020-09-16 21:50:20] SCN.cv3: Checkpoint saved to experiments/normal/sili/SCN_sili_h8
[2020-09-16 21:50:21] SCN.cv3: Hidden size: 55 	 
Training MSE: 0.12089825 	 Validating MSE: 1.47049141 	 Best VMSE: 0.88373834
[2020-09-16 21:50:21] SCN.cv3: Checkpoint saved to experiments/normal/sili/SCN_sili_h8
[2020-09-16 21:50:22] SCN.cv3: Hidden size: 56 	 
Training MSE: 0.12008343 	 Validating MSE: 1.43871248 	 Best VMSE: 0.88373834
[2020-09-16 21:50:22] SCN.cv3: Checkpoint saved to experiments/normal/sili/SCN_sili_h8
[2020-09-16 21:50:23] SCN.cv3: Hidden size: 57 	 
Training MSE: 0.11858603 	 Validating MSE: 1.52607095 	 Best VMSE: 0.88373834
[2020-09-16 21:50:23] SCN.cv3: Checkpoint saved to experiments/normal/sili/SCN_sili_h8
[2020-09-16 21:50:24] SCN.cv3: Hidden size: 58 	 
Training MSE: 0.11525236 	 Validating MSE: 1.79845893 	 Best VMSE: 0.88373834
[2020-09-16 21:50:24] SCN.cv3: Checkpoint saved to experiments/normal/sili/SCN_sili_h8
[2020-09-16 21:50:25] SCN.cv3: Hidden size: 59 	 
Training MSE: 0.11393932 	 Validating MSE: 1.88784790 	 Best VMSE: 0.88373834
[2020-09-16 21:50:25] SCN.cv3: Checkpoint saved to experiments/normal/sili/SCN_sili_h8
[2020-09-16 21:50:26] SCN.cv3: Hidden size: 60 	 
Training MSE: 0.11313408 	 Validating MSE: 1.95842290 	 Best VMSE: 0.88373834
[2020-09-16 21:50:26] SCN.cv3: Checkpoint saved to experiments/normal/sili/SCN_sili_h8
[2020-09-16 21:50:27] SCN.cv3: Hidden size: 61 	 
Training MSE: 0.11251323 	 Validating MSE: 1.94781077 	 Best VMSE: 0.88373834
[2020-09-16 21:50:27] SCN.cv3: Checkpoint saved to experiments/normal/sili/SCN_sili_h8
[2020-09-16 21:50:28] SCN.cv3: Hidden size: 62 	 
Training MSE: 0.11175174 	 Validating MSE: 1.89243019 	 Best VMSE: 0.88373834
[2020-09-16 21:50:28] SCN.cv3: Checkpoint saved to experiments/normal/sili/SCN_sili_h8
[2020-09-16 21:50:29] SCN.cv3: Hidden size: 63 	 
Training MSE: 0.11085905 	 Validating MSE: 1.88523507 	 Best VMSE: 0.88373834
[2020-09-16 21:50:29] SCN.cv3: Checkpoint saved to experiments/normal/sili/SCN_sili_h8
[2020-09-16 21:50:30] SCN.cv3: Hidden size: 64 	 
Training MSE: 0.10969710 	 Validating MSE: 1.87327445 	 Best VMSE: 0.88373834
[2020-09-16 21:50:30] SCN.cv3: Checkpoint saved to experiments/normal/sili/SCN_sili_h8
[2020-09-16 21:50:31] SCN.cv3: Hidden size: 65 	 
Training MSE: 0.10871070 	 Validating MSE: 1.89600146 	 Best VMSE: 0.88373834
[2020-09-16 21:50:31] SCN.cv3: Checkpoint saved to experiments/normal/sili/SCN_sili_h8
[2020-09-16 21:50:32] SCN.cv3: Hidden size: 66 	 
Training MSE: 0.10726842 	 Validating MSE: 1.84219348 	 Best VMSE: 0.88373834
[2020-09-16 21:50:32] SCN.cv3: Checkpoint saved to experiments/normal/sili/SCN_sili_h8
[2020-09-16 21:50:33] SCN.cv3: Hidden size: 67 	 
Training MSE: 0.10598347 	 Validating MSE: 1.72456515 	 Best VMSE: 0.88373834
[2020-09-16 21:50:33] SCN.cv3: Checkpoint saved to experiments/normal/sili/SCN_sili_h8
[2020-09-16 21:50:34] SCN.cv3: Hidden size: 68 	 
Training MSE: 0.10513424 	 Validating MSE: 1.77294850 	 Best VMSE: 0.88373834
[2020-09-16 21:50:34] SCN.cv3: Checkpoint saved to experiments/normal/sili/SCN_sili_h8
[2020-09-16 21:50:35] SCN.cv3: Hidden size: 69 	 
Training MSE: 0.10438647 	 Validating MSE: 1.78900397 	 Best VMSE: 0.88373834
[2020-09-16 21:50:35] SCN.cv3: Checkpoint saved to experiments/normal/sili/SCN_sili_h8
[2020-09-16 21:50:36] SCN.cv3: Hidden size: 70 	 
Training MSE: 0.10382943 	 Validating MSE: 1.78874111 	 Best VMSE: 0.88373834
[2020-09-16 21:50:36] SCN.cv3: Checkpoint saved to experiments/normal/sili/SCN_sili_h8
[2020-09-16 21:50:37] SCN.cv3: Hidden size: 71 	 
Training MSE: 0.10286755 	 Validating MSE: 1.90714073 	 Best VMSE: 0.88373834
[2020-09-16 21:50:37] SCN.cv3: Checkpoint saved to experiments/normal/sili/SCN_sili_h8
[2020-09-16 21:50:38] SCN.cv3: Hidden size: 72 	 
Training MSE: 0.10203590 	 Validating MSE: 1.94540823 	 Best VMSE: 0.88373834
[2020-09-16 21:50:38] SCN.cv3: Checkpoint saved to experiments/normal/sili/SCN_sili_h8
[2020-09-16 21:50:40] SCN.cv3: Hidden size: 73 	 
Training MSE: 0.10105484 	 Validating MSE: 1.98972762 	 Best VMSE: 0.88373834
[2020-09-16 21:50:40] SCN.cv3: Checkpoint saved to experiments/normal/sili/SCN_sili_h8
[2020-09-16 21:50:41] SCN.cv3: Hidden size: 74 	 
Training MSE: 0.10045425 	 Validating MSE: 2.03964972 	 Best VMSE: 0.88373834
[2020-09-16 21:50:41] SCN.cv3: Checkpoint saved to experiments/normal/sili/SCN_sili_h8
[2020-09-16 21:50:42] SCN.cv3: Hidden size: 75 	 
Training MSE: 0.09975389 	 Validating MSE: 2.14206362 	 Best VMSE: 0.88373834
[2020-09-16 21:50:42] SCN.cv3: Checkpoint saved to experiments/normal/sili/SCN_sili_h8
[2020-09-16 21:50:43] SCN.cv3: Hidden size: 76 	 
Training MSE: 0.09879164 	 Validating MSE: 2.04699969 	 Best VMSE: 0.88373834
[2020-09-16 21:50:43] SCN.cv3: Checkpoint saved to experiments/normal/sili/SCN_sili_h8
[2020-09-16 21:50:44] SCN.cv3: Hidden size: 77 	 
Training MSE: 0.09800729 	 Validating MSE: 1.97123456 	 Best VMSE: 0.88373834
[2020-09-16 21:50:44] SCN.cv3: Checkpoint saved to experiments/normal/sili/SCN_sili_h8
[2020-09-16 21:50:45] SCN.cv3: Hidden size: 78 	 
Training MSE: 0.09718279 	 Validating MSE: 1.95174396 	 Best VMSE: 0.88373834
[2020-09-16 21:50:45] SCN.cv3: Checkpoint saved to experiments/normal/sili/SCN_sili_h8
[2020-09-16 21:50:46] SCN.cv3: Hidden size: 79 	 
Training MSE: 0.09598397 	 Validating MSE: 2.03874850 	 Best VMSE: 0.88373834
[2020-09-16 21:50:46] SCN.cv3: Checkpoint saved to experiments/normal/sili/SCN_sili_h8
[2020-09-16 21:50:47] SCN.cv3: Hidden size: 80 	 
Training MSE: 0.09460330 	 Validating MSE: 2.11799455 	 Best VMSE: 0.88373834
[2020-09-16 21:50:47] SCN.cv3: Checkpoint saved to experiments/normal/sili/SCN_sili_h8
[2020-09-16 21:50:48] SCN.cv3: Hidden size: 81 	 
Training MSE: 0.09377073 	 Validating MSE: 2.17664528 	 Best VMSE: 0.88373834
[2020-09-16 21:50:48] SCN.cv3: Checkpoint saved to experiments/normal/sili/SCN_sili_h8
[2020-09-16 21:50:49] SCN.cv3: Hidden size: 82 	 
Training MSE: 0.09296273 	 Validating MSE: 2.18313193 	 Best VMSE: 0.88373834
[2020-09-16 21:50:49] SCN.cv3: Checkpoint saved to experiments/normal/sili/SCN_sili_h8
[2020-09-16 21:50:50] SCN.cv3: Hidden size: 83 	 
Training MSE: 0.09183291 	 Validating MSE: 2.05510449 	 Best VMSE: 0.88373834
[2020-09-16 21:50:50] SCN.cv3: Checkpoint saved to experiments/normal/sili/SCN_sili_h8
[2020-09-16 21:50:51] SCN.cv3: Hidden size: 84 	 
Training MSE: 0.09087172 	 Validating MSE: 2.05940604 	 Best VMSE: 0.88373834
[2020-09-16 21:50:51] SCN.cv3: Checkpoint saved to experiments/normal/sili/SCN_sili_h8
[2020-09-16 21:50:52] SCN.cv3: Hidden size: 85 	 
Training MSE: 0.09008010 	 Validating MSE: 2.05890918 	 Best VMSE: 0.88373834
[2020-09-16 21:50:52] SCN.cv3: Checkpoint saved to experiments/normal/sili/SCN_sili_h8
[2020-09-16 21:50:53] SCN.cv3: Hidden size: 86 	 
Training MSE: 0.08969767 	 Validating MSE: 2.07652378 	 Best VMSE: 0.88373834
[2020-09-16 21:50:53] SCN.cv3: Checkpoint saved to experiments/normal/sili/SCN_sili_h8
[2020-09-16 21:50:54] SCN.cv3: Hidden size: 87 	 
Training MSE: 0.08870547 	 Validating MSE: 2.07934546 	 Best VMSE: 0.88373834
[2020-09-16 21:50:54] SCN.cv3: Checkpoint saved to experiments/normal/sili/SCN_sili_h8
[2020-09-16 21:50:55] SCN.cv3: Hidden size: 88 	 
Training MSE: 0.08810331 	 Validating MSE: 2.07080722 	 Best VMSE: 0.88373834
[2020-09-16 21:50:55] SCN.cv3: Checkpoint saved to experiments/normal/sili/SCN_sili_h8
[2020-09-16 21:50:56] SCN.cv3: Hidden size: 89 	 
Training MSE: 0.08758137 	 Validating MSE: 2.27300882 	 Best VMSE: 0.88373834
[2020-09-16 21:50:56] SCN.cv3: Checkpoint saved to experiments/normal/sili/SCN_sili_h8
[2020-09-16 21:50:57] SCN.cv3: Hidden size: 90 	 
Training MSE: 0.08663060 	 Validating MSE: 2.21400452 	 Best VMSE: 0.88373834
[2020-09-16 21:50:57] SCN.cv3: Checkpoint saved to experiments/normal/sili/SCN_sili_h8
[2020-09-16 21:50:58] SCN.cv3: Hidden size: 91 	 
Training MSE: 0.08574044 	 Validating MSE: 2.30471683 	 Best VMSE: 0.88373834
[2020-09-16 21:50:58] SCN.cv3: Checkpoint saved to experiments/normal/sili/SCN_sili_h8
[2020-09-16 21:50:59] SCN.cv3: Hidden size: 92 	 
Training MSE: 0.08499175 	 Validating MSE: 2.46764040 	 Best VMSE: 0.88373834
[2020-09-16 21:50:59] SCN.cv3: Checkpoint saved to experiments/normal/sili/SCN_sili_h8
[2020-09-16 21:51:00] SCN.cv3: Hidden size: 93 	 
Training MSE: 0.08428396 	 Validating MSE: 2.53615546 	 Best VMSE: 0.88373834
[2020-09-16 21:51:00] SCN.cv3: Checkpoint saved to experiments/normal/sili/SCN_sili_h8
[2020-09-16 21:51:01] SCN.cv3: Hidden size: 94 	 
Training MSE: 0.08362775 	 Validating MSE: 2.57460952 	 Best VMSE: 0.88373834
[2020-09-16 21:51:01] SCN.cv3: Checkpoint saved to experiments/normal/sili/SCN_sili_h8
[2020-09-16 21:51:02] SCN.cv3: Hidden size: 95 	 
Training MSE: 0.08268694 	 Validating MSE: 2.62659001 	 Best VMSE: 0.88373834
[2020-09-16 21:51:02] SCN.cv3: Checkpoint saved to experiments/normal/sili/SCN_sili_h8
[2020-09-16 21:51:03] SCN.cv3: Hidden size: 96 	 
Training MSE: 0.08193528 	 Validating MSE: 2.74328732 	 Best VMSE: 0.88373834
[2020-09-16 21:51:03] SCN.cv3: Checkpoint saved to experiments/normal/sili/SCN_sili_h8
[2020-09-16 21:51:04] SCN.cv3: Hidden size: 97 	 
Training MSE: 0.08162118 	 Validating MSE: 2.74779510 	 Best VMSE: 0.88373834
[2020-09-16 21:51:04] SCN.cv3: Checkpoint saved to experiments/normal/sili/SCN_sili_h8
[2020-09-16 21:51:05] SCN.cv3: Hidden size: 98 	 
Training MSE: 0.08057650 	 Validating MSE: 2.70570946 	 Best VMSE: 0.88373834
[2020-09-16 21:51:05] SCN.cv3: Checkpoint saved to experiments/normal/sili/SCN_sili_h8
[2020-09-16 21:51:06] SCN.cv3: Hidden size: 99 	 
Training MSE: 0.08002387 	 Validating MSE: 2.64721680 	 Best VMSE: 0.88373834
[2020-09-16 21:51:06] SCN.cv3: Checkpoint saved to experiments/normal/sili/SCN_sili_h8
[2020-09-16 21:51:07] SCN.cv3: Hidden size: 100 	 
Training MSE: 0.07942630 	 Validating MSE: 2.56538534 	 Best VMSE: 0.88373834
[2020-09-16 21:51:07] SCN.cv3: Checkpoint saved to experiments/normal/sili/SCN_sili_h8
[2020-09-16 21:51:07] SCN.cv3: Restoring best parameters from experiments/normal/sili/SCN_sili_h8/train.cv3.pth.tar
[2020-09-16 21:51:07] SCN.cv3: sili	 H: 8	 Trail: 5 
Testing RMSE: 1.151 	 MAPE: 0.2073 	 SMAPE: 0.1169
