[2020-09-16 22:18:55] SCN.cv14: Loading the datasets and model for 24th-batch-training
[2020-09-16 22:18:55] SCN.cv14: Argument hidden_size: 100
[2020-09-16 22:18:55] SCN.cv14: Argument candidate_size: 300
[2020-09-16 22:18:55] SCN.cv14: Argument Lambdas: [0.5, 1, 5, 15, 30, 50, 100, 150, 200]
[2020-09-16 22:18:55] SCN.cv14: Argument Lambdas_std: [0.01, 0.05, 0.1, 0.5, 1]
[2020-09-16 22:18:55] SCN.cv14: Argument r: [0.8, 0.9, 0.99, 0.9999, 0.999999]
[2020-09-16 22:18:55] SCN.cv14: Argument tolerance: 0
[2020-09-16 22:18:55] SCN.cv14: Argument device: device(type='cuda')
[2020-09-16 22:18:55] SCN.cv14: Argument dataset: 'sili'
[2020-09-16 22:18:55] SCN.cv14: Argument H: 8
[2020-09-16 22:18:55] SCN.cv14: Argument k: 5
[2020-09-16 22:18:55] SCN.cv14: Argument test: False
[2020-09-16 22:18:55] SCN.cv14: Argument normal: True
[2020-09-16 22:18:55] SCN.cv14: Argument diff: False
[2020-09-16 22:18:55] SCN.cv14: Argument times: 40
[2020-09-16 22:18:55] SCN.cv14: Argument datasets: {'ar1': {'lag_order': 15, 'normal': True, 'cov_dim': 0, 'kernel_size': 3}, 'wti': {'lag_order': 25, 'normal': True, 'cov_dim': 0, 'kernel_size': 5}, 'gold': {'lag_order': 25, 'normal': True, 'cov_dim': 0, 'kernel_size': 5}, 'sp': {'lag_order': 25, 'normal': True, 'cov_dim': 0, 'kernel_size': 5}, 'brent': {'lag_order': 24, 'normal': True, 'cov_dim': 0, 'kernel_size': 6}, 'sili': {'lag_order': 26, 'normal': True, 'cov_dim': 0, 'kernel_size': 6}}
[2020-09-16 22:18:55] SCN.cv14: Argument steps: 26
[2020-09-16 22:18:55] SCN.cv14: Argument experiment: 'experiments/normal/sili'
[2020-09-16 22:18:55] SCN.cv14: Argument scaler: StandardScaler()
[2020-09-16 22:18:55] SCN.cv14: Argument model_name: 'SCN_sili_h8'
[2020-09-16 22:18:55] SCN.cv14: Argument model_dir: 'experiments/normal/sili/SCN_sili_h8'
[2020-09-16 22:18:55] SCN.cv14: Argument restore: True
[2020-09-16 22:18:55] SCN.cv14: Argument cv: 14
[2020-09-16 22:18:55] SCN.cv14: Argument plot_dir: 'experiments/normal/sili/SCN_sili_h8/figures'
[2020-09-16 22:18:55] SCN.cv14: Using Cuda...
[2020-09-16 22:18:55] SCN.cv14: Loading complete.
[2020-09-16 22:18:55] SCN.cv14: Model: 
scnModel(
  (loss_fn): MSELoss()
)
[2020-09-16 22:18:55] SCN.cv14: Hidden size: 1 	 
Training MSE: 0.36976051 	 Validating MSE: 1.67182732 	 Best VMSE: 9999.00000000
[2020-09-16 22:18:55] SCN.cv14: Found new best state
[2020-09-16 22:18:55] SCN.cv14: Best vmse: 1.6718
[2020-09-16 22:18:55] SCN.cv14: Checkpoint saved to experiments/normal/sili/SCN_sili_h8
[2020-09-16 22:18:55] SCN.cv14: Hidden size: 2 	 
Training MSE: 0.30998009 	 Validating MSE: 1.44270706 	 Best VMSE: 1.67182732
[2020-09-16 22:18:55] SCN.cv14: Found new best state
[2020-09-16 22:18:55] SCN.cv14: Best vmse: 1.4427
[2020-09-16 22:18:55] SCN.cv14: Checkpoint saved to experiments/normal/sili/SCN_sili_h8
[2020-09-16 22:18:56] SCN.cv14: Hidden size: 3 	 
Training MSE: 0.28745183 	 Validating MSE: 1.25188899 	 Best VMSE: 1.44270706
[2020-09-16 22:18:56] SCN.cv14: Found new best state
[2020-09-16 22:18:56] SCN.cv14: Best vmse: 1.2519
[2020-09-16 22:18:56] SCN.cv14: Checkpoint saved to experiments/normal/sili/SCN_sili_h8
[2020-09-16 22:18:57] SCN.cv14: Hidden size: 4 	 
Training MSE: 0.26109299 	 Validating MSE: 1.12478435 	 Best VMSE: 1.25188899
[2020-09-16 22:18:57] SCN.cv14: Found new best state
[2020-09-16 22:18:57] SCN.cv14: Best vmse: 1.1248
[2020-09-16 22:18:57] SCN.cv14: Checkpoint saved to experiments/normal/sili/SCN_sili_h8
[2020-09-16 22:18:58] SCN.cv14: Hidden size: 5 	 
Training MSE: 0.25252378 	 Validating MSE: 1.18552577 	 Best VMSE: 1.12478435
[2020-09-16 22:18:58] SCN.cv14: Checkpoint saved to experiments/normal/sili/SCN_sili_h8
[2020-09-16 22:18:59] SCN.cv14: Hidden size: 6 	 
Training MSE: 0.24484453 	 Validating MSE: 1.12145221 	 Best VMSE: 1.12478435
[2020-09-16 22:18:59] SCN.cv14: Found new best state
[2020-09-16 22:18:59] SCN.cv14: Best vmse: 1.1215
[2020-09-16 22:18:59] SCN.cv14: Checkpoint saved to experiments/normal/sili/SCN_sili_h8
[2020-09-16 22:19:00] SCN.cv14: Hidden size: 7 	 
Training MSE: 0.23699558 	 Validating MSE: 1.08774149 	 Best VMSE: 1.12145221
[2020-09-16 22:19:00] SCN.cv14: Found new best state
[2020-09-16 22:19:00] SCN.cv14: Best vmse: 1.0877
[2020-09-16 22:19:00] SCN.cv14: Checkpoint saved to experiments/normal/sili/SCN_sili_h8
[2020-09-16 22:19:01] SCN.cv14: Hidden size: 8 	 
Training MSE: 0.23170146 	 Validating MSE: 1.05855954 	 Best VMSE: 1.08774149
[2020-09-16 22:19:01] SCN.cv14: Found new best state
[2020-09-16 22:19:01] SCN.cv14: Best vmse: 1.0586
[2020-09-16 22:19:01] SCN.cv14: Checkpoint saved to experiments/normal/sili/SCN_sili_h8
[2020-09-16 22:19:01] SCN.cv14: Hidden size: 9 	 
Training MSE: 0.22256356 	 Validating MSE: 1.00959945 	 Best VMSE: 1.05855954
[2020-09-16 22:19:01] SCN.cv14: Found new best state
[2020-09-16 22:19:01] SCN.cv14: Best vmse: 1.0096
[2020-09-16 22:19:01] SCN.cv14: Checkpoint saved to experiments/normal/sili/SCN_sili_h8
[2020-09-16 22:19:02] SCN.cv14: Hidden size: 10 	 
Training MSE: 0.21333557 	 Validating MSE: 0.96632653 	 Best VMSE: 1.00959945
[2020-09-16 22:19:02] SCN.cv14: Found new best state
[2020-09-16 22:19:02] SCN.cv14: Best vmse: 0.9663
[2020-09-16 22:19:02] SCN.cv14: Checkpoint saved to experiments/normal/sili/SCN_sili_h8
[2020-09-16 22:19:03] SCN.cv14: Hidden size: 11 	 
Training MSE: 0.20887490 	 Validating MSE: 0.95827830 	 Best VMSE: 0.96632653
[2020-09-16 22:19:03] SCN.cv14: Found new best state
[2020-09-16 22:19:03] SCN.cv14: Best vmse: 0.9583
[2020-09-16 22:19:03] SCN.cv14: Checkpoint saved to experiments/normal/sili/SCN_sili_h8
[2020-09-16 22:19:04] SCN.cv14: Hidden size: 12 	 
Training MSE: 0.20312171 	 Validating MSE: 0.91764659 	 Best VMSE: 0.95827830
[2020-09-16 22:19:04] SCN.cv14: Found new best state
[2020-09-16 22:19:04] SCN.cv14: Best vmse: 0.9176
[2020-09-16 22:19:04] SCN.cv14: Checkpoint saved to experiments/normal/sili/SCN_sili_h8
[2020-09-16 22:19:05] SCN.cv14: Hidden size: 13 	 
Training MSE: 0.20040804 	 Validating MSE: 0.91926497 	 Best VMSE: 0.91764659
[2020-09-16 22:19:05] SCN.cv14: Checkpoint saved to experiments/normal/sili/SCN_sili_h8
[2020-09-16 22:19:06] SCN.cv14: Hidden size: 14 	 
Training MSE: 0.19804527 	 Validating MSE: 0.90647411 	 Best VMSE: 0.91764659
[2020-09-16 22:19:06] SCN.cv14: Found new best state
[2020-09-16 22:19:06] SCN.cv14: Best vmse: 0.9065
[2020-09-16 22:19:06] SCN.cv14: Checkpoint saved to experiments/normal/sili/SCN_sili_h8
[2020-09-16 22:19:07] SCN.cv14: Hidden size: 15 	 
Training MSE: 0.19547926 	 Validating MSE: 0.92824584 	 Best VMSE: 0.90647411
[2020-09-16 22:19:07] SCN.cv14: Checkpoint saved to experiments/normal/sili/SCN_sili_h8
[2020-09-16 22:19:07] SCN.cv14: Hidden size: 16 	 
Training MSE: 0.19363771 	 Validating MSE: 0.92336267 	 Best VMSE: 0.90647411
[2020-09-16 22:19:07] SCN.cv14: Checkpoint saved to experiments/normal/sili/SCN_sili_h8
[2020-09-16 22:19:08] SCN.cv14: Hidden size: 17 	 
Training MSE: 0.19031911 	 Validating MSE: 0.91648096 	 Best VMSE: 0.90647411
[2020-09-16 22:19:08] SCN.cv14: Checkpoint saved to experiments/normal/sili/SCN_sili_h8
[2020-09-16 22:19:09] SCN.cv14: Hidden size: 18 	 
Training MSE: 0.18748847 	 Validating MSE: 0.90632266 	 Best VMSE: 0.90647411
[2020-09-16 22:19:09] SCN.cv14: Found new best state
[2020-09-16 22:19:09] SCN.cv14: Best vmse: 0.9063
[2020-09-16 22:19:09] SCN.cv14: Checkpoint saved to experiments/normal/sili/SCN_sili_h8
[2020-09-16 22:19:10] SCN.cv14: Hidden size: 19 	 
Training MSE: 0.18553206 	 Validating MSE: 0.91310596 	 Best VMSE: 0.90632266
[2020-09-16 22:19:10] SCN.cv14: Checkpoint saved to experiments/normal/sili/SCN_sili_h8
[2020-09-16 22:19:11] SCN.cv14: Hidden size: 20 	 
Training MSE: 0.18372117 	 Validating MSE: 0.90943366 	 Best VMSE: 0.90632266
[2020-09-16 22:19:11] SCN.cv14: Checkpoint saved to experiments/normal/sili/SCN_sili_h8
[2020-09-16 22:19:12] SCN.cv14: Hidden size: 21 	 
Training MSE: 0.18201016 	 Validating MSE: 0.91021985 	 Best VMSE: 0.90632266
[2020-09-16 22:19:12] SCN.cv14: Checkpoint saved to experiments/normal/sili/SCN_sili_h8
[2020-09-16 22:19:13] SCN.cv14: Hidden size: 22 	 
Training MSE: 0.18103279 	 Validating MSE: 0.91416991 	 Best VMSE: 0.90632266
[2020-09-16 22:19:13] SCN.cv14: Checkpoint saved to experiments/normal/sili/SCN_sili_h8
[2020-09-16 22:19:14] SCN.cv14: Hidden size: 23 	 
Training MSE: 0.17728499 	 Validating MSE: 0.90620846 	 Best VMSE: 0.90632266
[2020-09-16 22:19:14] SCN.cv14: Found new best state
[2020-09-16 22:19:14] SCN.cv14: Best vmse: 0.9062
[2020-09-16 22:19:14] SCN.cv14: Checkpoint saved to experiments/normal/sili/SCN_sili_h8
[2020-09-16 22:19:14] SCN.cv14: Hidden size: 24 	 
Training MSE: 0.17475773 	 Validating MSE: 0.91009474 	 Best VMSE: 0.90620846
[2020-09-16 22:19:14] SCN.cv14: Checkpoint saved to experiments/normal/sili/SCN_sili_h8
[2020-09-16 22:19:15] SCN.cv14: Hidden size: 25 	 
Training MSE: 0.17139822 	 Validating MSE: 0.91972637 	 Best VMSE: 0.90620846
[2020-09-16 22:19:15] SCN.cv14: Checkpoint saved to experiments/normal/sili/SCN_sili_h8
[2020-09-16 22:19:16] SCN.cv14: Hidden size: 26 	 
Training MSE: 0.17012335 	 Validating MSE: 0.92163342 	 Best VMSE: 0.90620846
[2020-09-16 22:19:16] SCN.cv14: Checkpoint saved to experiments/normal/sili/SCN_sili_h8
[2020-09-16 22:19:17] SCN.cv14: Hidden size: 27 	 
Training MSE: 0.16886178 	 Validating MSE: 0.91255951 	 Best VMSE: 0.90620846
[2020-09-16 22:19:17] SCN.cv14: Checkpoint saved to experiments/normal/sili/SCN_sili_h8
[2020-09-16 22:19:18] SCN.cv14: Hidden size: 28 	 
Training MSE: 0.16693684 	 Validating MSE: 0.91498274 	 Best VMSE: 0.90620846
[2020-09-16 22:19:18] SCN.cv14: Checkpoint saved to experiments/normal/sili/SCN_sili_h8
[2020-09-16 22:19:19] SCN.cv14: Hidden size: 29 	 
Training MSE: 0.16465338 	 Validating MSE: 0.91238350 	 Best VMSE: 0.90620846
[2020-09-16 22:19:19] SCN.cv14: Checkpoint saved to experiments/normal/sili/SCN_sili_h8
[2020-09-16 22:19:20] SCN.cv14: Hidden size: 30 	 
Training MSE: 0.16382672 	 Validating MSE: 0.91246396 	 Best VMSE: 0.90620846
[2020-09-16 22:19:20] SCN.cv14: Checkpoint saved to experiments/normal/sili/SCN_sili_h8
[2020-09-16 22:19:20] SCN.cv14: Hidden size: 31 	 
Training MSE: 0.16202700 	 Validating MSE: 0.91879958 	 Best VMSE: 0.90620846
[2020-09-16 22:19:20] SCN.cv14: Checkpoint saved to experiments/normal/sili/SCN_sili_h8
[2020-09-16 22:19:21] SCN.cv14: Hidden size: 32 	 
Training MSE: 0.15970545 	 Validating MSE: 0.92836756 	 Best VMSE: 0.90620846
[2020-09-16 22:19:21] SCN.cv14: Checkpoint saved to experiments/normal/sili/SCN_sili_h8
[2020-09-16 22:19:22] SCN.cv14: Hidden size: 33 	 
Training MSE: 0.15797751 	 Validating MSE: 0.93434870 	 Best VMSE: 0.90620846
[2020-09-16 22:19:22] SCN.cv14: Checkpoint saved to experiments/normal/sili/SCN_sili_h8
[2020-09-16 22:19:23] SCN.cv14: Hidden size: 34 	 
Training MSE: 0.15508528 	 Validating MSE: 0.92720079 	 Best VMSE: 0.90620846
[2020-09-16 22:19:23] SCN.cv14: Checkpoint saved to experiments/normal/sili/SCN_sili_h8
[2020-09-16 22:19:24] SCN.cv14: Hidden size: 35 	 
Training MSE: 0.15402402 	 Validating MSE: 0.92875576 	 Best VMSE: 0.90620846
[2020-09-16 22:19:24] SCN.cv14: Checkpoint saved to experiments/normal/sili/SCN_sili_h8
[2020-09-16 22:19:25] SCN.cv14: Hidden size: 36 	 
Training MSE: 0.15239164 	 Validating MSE: 0.92930251 	 Best VMSE: 0.90620846
[2020-09-16 22:19:25] SCN.cv14: Checkpoint saved to experiments/normal/sili/SCN_sili_h8
[2020-09-16 22:19:26] SCN.cv14: Hidden size: 37 	 
Training MSE: 0.15115899 	 Validating MSE: 0.93500870 	 Best VMSE: 0.90620846
[2020-09-16 22:19:26] SCN.cv14: Checkpoint saved to experiments/normal/sili/SCN_sili_h8
[2020-09-16 22:19:26] SCN.cv14: Hidden size: 38 	 
Training MSE: 0.14831720 	 Validating MSE: 0.95730108 	 Best VMSE: 0.90620846
[2020-09-16 22:19:26] SCN.cv14: Checkpoint saved to experiments/normal/sili/SCN_sili_h8
[2020-09-16 22:19:27] SCN.cv14: Hidden size: 39 	 
Training MSE: 0.14740330 	 Validating MSE: 0.96407479 	 Best VMSE: 0.90620846
[2020-09-16 22:19:27] SCN.cv14: Checkpoint saved to experiments/normal/sili/SCN_sili_h8
[2020-09-16 22:19:28] SCN.cv14: Hidden size: 40 	 
Training MSE: 0.14611277 	 Validating MSE: 0.96584541 	 Best VMSE: 0.90620846
[2020-09-16 22:19:28] SCN.cv14: Checkpoint saved to experiments/normal/sili/SCN_sili_h8
[2020-09-16 22:19:29] SCN.cv14: Hidden size: 41 	 
Training MSE: 0.14477025 	 Validating MSE: 0.98083764 	 Best VMSE: 0.90620846
[2020-09-16 22:19:29] SCN.cv14: Checkpoint saved to experiments/normal/sili/SCN_sili_h8
[2020-09-16 22:19:30] SCN.cv14: Hidden size: 42 	 
Training MSE: 0.14421533 	 Validating MSE: 0.98351574 	 Best VMSE: 0.90620846
[2020-09-16 22:19:30] SCN.cv14: Checkpoint saved to experiments/normal/sili/SCN_sili_h8
[2020-09-16 22:19:31] SCN.cv14: Hidden size: 43 	 
Training MSE: 0.14259140 	 Validating MSE: 1.00775182 	 Best VMSE: 0.90620846
[2020-09-16 22:19:31] SCN.cv14: Checkpoint saved to experiments/normal/sili/SCN_sili_h8
[2020-09-16 22:19:32] SCN.cv14: Hidden size: 44 	 
Training MSE: 0.14172420 	 Validating MSE: 1.00579011 	 Best VMSE: 0.90620846
[2020-09-16 22:19:32] SCN.cv14: Checkpoint saved to experiments/normal/sili/SCN_sili_h8
[2020-09-16 22:19:32] SCN.cv14: Hidden size: 45 	 
Training MSE: 0.13985753 	 Validating MSE: 1.01983631 	 Best VMSE: 0.90620846
[2020-09-16 22:19:32] SCN.cv14: Checkpoint saved to experiments/normal/sili/SCN_sili_h8
[2020-09-16 22:19:33] SCN.cv14: Hidden size: 46 	 
Training MSE: 0.13874532 	 Validating MSE: 1.01920879 	 Best VMSE: 0.90620846
[2020-09-16 22:19:33] SCN.cv14: Checkpoint saved to experiments/normal/sili/SCN_sili_h8
[2020-09-16 22:19:34] SCN.cv14: Hidden size: 47 	 
Training MSE: 0.13804677 	 Validating MSE: 1.01604724 	 Best VMSE: 0.90620846
[2020-09-16 22:19:34] SCN.cv14: Checkpoint saved to experiments/normal/sili/SCN_sili_h8
[2020-09-16 22:19:35] SCN.cv14: Hidden size: 48 	 
Training MSE: 0.13703971 	 Validating MSE: 1.02374780 	 Best VMSE: 0.90620846
[2020-09-16 22:19:35] SCN.cv14: Checkpoint saved to experiments/normal/sili/SCN_sili_h8
[2020-09-16 22:19:36] SCN.cv14: Hidden size: 49 	 
Training MSE: 0.13615631 	 Validating MSE: 1.02474201 	 Best VMSE: 0.90620846
[2020-09-16 22:19:36] SCN.cv14: Checkpoint saved to experiments/normal/sili/SCN_sili_h8
[2020-09-16 22:19:37] SCN.cv14: Hidden size: 50 	 
Training MSE: 0.13524464 	 Validating MSE: 1.04733360 	 Best VMSE: 0.90620846
[2020-09-16 22:19:37] SCN.cv14: Checkpoint saved to experiments/normal/sili/SCN_sili_h8
[2020-09-16 22:19:38] SCN.cv14: Hidden size: 51 	 
Training MSE: 0.13377422 	 Validating MSE: 1.08385539 	 Best VMSE: 0.90620846
[2020-09-16 22:19:38] SCN.cv14: Checkpoint saved to experiments/normal/sili/SCN_sili_h8
[2020-09-16 22:19:39] SCN.cv14: Hidden size: 52 	 
Training MSE: 0.13276231 	 Validating MSE: 1.10566890 	 Best VMSE: 0.90620846
[2020-09-16 22:19:39] SCN.cv14: Checkpoint saved to experiments/normal/sili/SCN_sili_h8
[2020-09-16 22:19:39] SCN.cv14: Hidden size: 53 	 
Training MSE: 0.13178633 	 Validating MSE: 1.09747589 	 Best VMSE: 0.90620846
[2020-09-16 22:19:39] SCN.cv14: Checkpoint saved to experiments/normal/sili/SCN_sili_h8
[2020-09-16 22:19:40] SCN.cv14: Hidden size: 54 	 
Training MSE: 0.13130097 	 Validating MSE: 1.09921384 	 Best VMSE: 0.90620846
[2020-09-16 22:19:40] SCN.cv14: Checkpoint saved to experiments/normal/sili/SCN_sili_h8
[2020-09-16 22:19:41] SCN.cv14: Hidden size: 55 	 
Training MSE: 0.13009442 	 Validating MSE: 1.12844431 	 Best VMSE: 0.90620846
[2020-09-16 22:19:41] SCN.cv14: Checkpoint saved to experiments/normal/sili/SCN_sili_h8
[2020-09-16 22:19:42] SCN.cv14: Hidden size: 56 	 
Training MSE: 0.12875047 	 Validating MSE: 1.15326464 	 Best VMSE: 0.90620846
[2020-09-16 22:19:42] SCN.cv14: Checkpoint saved to experiments/normal/sili/SCN_sili_h8
[2020-09-16 22:19:43] SCN.cv14: Hidden size: 57 	 
Training MSE: 0.12745219 	 Validating MSE: 1.20786762 	 Best VMSE: 0.90620846
[2020-09-16 22:19:43] SCN.cv14: Checkpoint saved to experiments/normal/sili/SCN_sili_h8
[2020-09-16 22:19:44] SCN.cv14: Hidden size: 58 	 
Training MSE: 0.12662996 	 Validating MSE: 1.21501195 	 Best VMSE: 0.90620846
[2020-09-16 22:19:44] SCN.cv14: Checkpoint saved to experiments/normal/sili/SCN_sili_h8
[2020-09-16 22:19:45] SCN.cv14: Hidden size: 59 	 
Training MSE: 0.12548746 	 Validating MSE: 1.22812045 	 Best VMSE: 0.90620846
[2020-09-16 22:19:45] SCN.cv14: Checkpoint saved to experiments/normal/sili/SCN_sili_h8
[2020-09-16 22:19:45] SCN.cv14: Hidden size: 60 	 
Training MSE: 0.12503275 	 Validating MSE: 1.22679949 	 Best VMSE: 0.90620846
[2020-09-16 22:19:45] SCN.cv14: Checkpoint saved to experiments/normal/sili/SCN_sili_h8
[2020-09-16 22:19:46] SCN.cv14: Hidden size: 61 	 
Training MSE: 0.12339862 	 Validating MSE: 1.22502518 	 Best VMSE: 0.90620846
[2020-09-16 22:19:46] SCN.cv14: Checkpoint saved to experiments/normal/sili/SCN_sili_h8
[2020-09-16 22:19:47] SCN.cv14: Hidden size: 62 	 
Training MSE: 0.12222741 	 Validating MSE: 1.26155031 	 Best VMSE: 0.90620846
[2020-09-16 22:19:47] SCN.cv14: Checkpoint saved to experiments/normal/sili/SCN_sili_h8
[2020-09-16 22:19:48] SCN.cv14: Hidden size: 63 	 
Training MSE: 0.12020573 	 Validating MSE: 1.31855190 	 Best VMSE: 0.90620846
[2020-09-16 22:19:48] SCN.cv14: Checkpoint saved to experiments/normal/sili/SCN_sili_h8
[2020-09-16 22:19:49] SCN.cv14: Hidden size: 64 	 
Training MSE: 0.11914556 	 Validating MSE: 1.37740314 	 Best VMSE: 0.90620846
[2020-09-16 22:19:49] SCN.cv14: Checkpoint saved to experiments/normal/sili/SCN_sili_h8
[2020-09-16 22:19:50] SCN.cv14: Hidden size: 65 	 
Training MSE: 0.11811215 	 Validating MSE: 1.37190533 	 Best VMSE: 0.90620846
[2020-09-16 22:19:50] SCN.cv14: Checkpoint saved to experiments/normal/sili/SCN_sili_h8
[2020-09-16 22:19:51] SCN.cv14: Hidden size: 66 	 
Training MSE: 0.11756527 	 Validating MSE: 1.38130319 	 Best VMSE: 0.90620846
[2020-09-16 22:19:51] SCN.cv14: Checkpoint saved to experiments/normal/sili/SCN_sili_h8
[2020-09-16 22:19:51] SCN.cv14: Hidden size: 67 	 
Training MSE: 0.11634764 	 Validating MSE: 1.45121396 	 Best VMSE: 0.90620846
[2020-09-16 22:19:51] SCN.cv14: Checkpoint saved to experiments/normal/sili/SCN_sili_h8
[2020-09-16 22:19:52] SCN.cv14: Hidden size: 68 	 
Training MSE: 0.11562893 	 Validating MSE: 1.43771815 	 Best VMSE: 0.90620846
[2020-09-16 22:19:52] SCN.cv14: Checkpoint saved to experiments/normal/sili/SCN_sili_h8
[2020-09-16 22:19:53] SCN.cv14: Hidden size: 69 	 
Training MSE: 0.11486395 	 Validating MSE: 1.43340635 	 Best VMSE: 0.90620846
[2020-09-16 22:19:53] SCN.cv14: Checkpoint saved to experiments/normal/sili/SCN_sili_h8
[2020-09-16 22:19:54] SCN.cv14: Hidden size: 70 	 
Training MSE: 0.11338842 	 Validating MSE: 1.49835217 	 Best VMSE: 0.90620846
[2020-09-16 22:19:54] SCN.cv14: Checkpoint saved to experiments/normal/sili/SCN_sili_h8
[2020-09-16 22:19:55] SCN.cv14: Hidden size: 71 	 
Training MSE: 0.11215487 	 Validating MSE: 1.54021049 	 Best VMSE: 0.90620846
[2020-09-16 22:19:55] SCN.cv14: Checkpoint saved to experiments/normal/sili/SCN_sili_h8
[2020-09-16 22:19:56] SCN.cv14: Hidden size: 72 	 
Training MSE: 0.11156341 	 Validating MSE: 1.54963970 	 Best VMSE: 0.90620846
[2020-09-16 22:19:56] SCN.cv14: Checkpoint saved to experiments/normal/sili/SCN_sili_h8
[2020-09-16 22:19:57] SCN.cv14: Hidden size: 73 	 
Training MSE: 0.11102508 	 Validating MSE: 1.55998921 	 Best VMSE: 0.90620846
[2020-09-16 22:19:57] SCN.cv14: Checkpoint saved to experiments/normal/sili/SCN_sili_h8
[2020-09-16 22:19:57] SCN.cv14: Hidden size: 74 	 
Training MSE: 0.10987783 	 Validating MSE: 1.60459447 	 Best VMSE: 0.90620846
[2020-09-16 22:19:57] SCN.cv14: Checkpoint saved to experiments/normal/sili/SCN_sili_h8
[2020-09-16 22:19:58] SCN.cv14: Hidden size: 75 	 
Training MSE: 0.10877655 	 Validating MSE: 1.69352758 	 Best VMSE: 0.90620846
[2020-09-16 22:19:58] SCN.cv14: Checkpoint saved to experiments/normal/sili/SCN_sili_h8
[2020-09-16 22:19:59] SCN.cv14: Hidden size: 76 	 
Training MSE: 0.10796828 	 Validating MSE: 1.68568265 	 Best VMSE: 0.90620846
[2020-09-16 22:19:59] SCN.cv14: Checkpoint saved to experiments/normal/sili/SCN_sili_h8
[2020-09-16 22:20:00] SCN.cv14: Hidden size: 77 	 
Training MSE: 0.10672928 	 Validating MSE: 1.76018298 	 Best VMSE: 0.90620846
[2020-09-16 22:20:00] SCN.cv14: Checkpoint saved to experiments/normal/sili/SCN_sili_h8
[2020-09-16 22:20:01] SCN.cv14: Hidden size: 78 	 
Training MSE: 0.10539914 	 Validating MSE: 1.87033963 	 Best VMSE: 0.90620846
[2020-09-16 22:20:01] SCN.cv14: Checkpoint saved to experiments/normal/sili/SCN_sili_h8
[2020-09-16 22:20:02] SCN.cv14: Hidden size: 79 	 
Training MSE: 0.10464839 	 Validating MSE: 1.92728961 	 Best VMSE: 0.90620846
[2020-09-16 22:20:02] SCN.cv14: Checkpoint saved to experiments/normal/sili/SCN_sili_h8
[2020-09-16 22:20:03] SCN.cv14: Hidden size: 80 	 
Training MSE: 0.10383271 	 Validating MSE: 1.90980399 	 Best VMSE: 0.90620846
[2020-09-16 22:20:03] SCN.cv14: Checkpoint saved to experiments/normal/sili/SCN_sili_h8
[2020-09-16 22:20:03] SCN.cv14: Hidden size: 81 	 
Training MSE: 0.10269600 	 Validating MSE: 1.98614466 	 Best VMSE: 0.90620846
[2020-09-16 22:20:03] SCN.cv14: Checkpoint saved to experiments/normal/sili/SCN_sili_h8
[2020-09-16 22:20:04] SCN.cv14: Hidden size: 82 	 
Training MSE: 0.10179764 	 Validating MSE: 2.07944274 	 Best VMSE: 0.90620846
[2020-09-16 22:20:04] SCN.cv14: Checkpoint saved to experiments/normal/sili/SCN_sili_h8
[2020-09-16 22:20:05] SCN.cv14: Hidden size: 83 	 
Training MSE: 0.10103065 	 Validating MSE: 2.12904024 	 Best VMSE: 0.90620846
[2020-09-16 22:20:05] SCN.cv14: Checkpoint saved to experiments/normal/sili/SCN_sili_h8
[2020-09-16 22:20:06] SCN.cv14: Hidden size: 84 	 
Training MSE: 0.10020916 	 Validating MSE: 2.12284613 	 Best VMSE: 0.90620846
[2020-09-16 22:20:06] SCN.cv14: Checkpoint saved to experiments/normal/sili/SCN_sili_h8
[2020-09-16 22:20:07] SCN.cv14: Hidden size: 85 	 
Training MSE: 0.09946667 	 Validating MSE: 2.14378333 	 Best VMSE: 0.90620846
[2020-09-16 22:20:07] SCN.cv14: Checkpoint saved to experiments/normal/sili/SCN_sili_h8
[2020-09-16 22:20:08] SCN.cv14: Hidden size: 86 	 
Training MSE: 0.09836130 	 Validating MSE: 2.06420588 	 Best VMSE: 0.90620846
[2020-09-16 22:20:08] SCN.cv14: Checkpoint saved to experiments/normal/sili/SCN_sili_h8
[2020-09-16 22:20:09] SCN.cv14: Hidden size: 87 	 
Training MSE: 0.09782776 	 Validating MSE: 2.05270743 	 Best VMSE: 0.90620846
[2020-09-16 22:20:09] SCN.cv14: Checkpoint saved to experiments/normal/sili/SCN_sili_h8
[2020-09-16 22:20:09] SCN.cv14: Hidden size: 88 	 
Training MSE: 0.09675945 	 Validating MSE: 2.18555808 	 Best VMSE: 0.90620846
[2020-09-16 22:20:09] SCN.cv14: Checkpoint saved to experiments/normal/sili/SCN_sili_h8
[2020-09-16 22:20:10] SCN.cv14: Hidden size: 89 	 
Training MSE: 0.09503861 	 Validating MSE: 2.06027865 	 Best VMSE: 0.90620846
[2020-09-16 22:20:10] SCN.cv14: Checkpoint saved to experiments/normal/sili/SCN_sili_h8
[2020-09-16 22:20:11] SCN.cv14: Hidden size: 90 	 
Training MSE: 0.09404166 	 Validating MSE: 2.06523514 	 Best VMSE: 0.90620846
[2020-09-16 22:20:11] SCN.cv14: Checkpoint saved to experiments/normal/sili/SCN_sili_h8
[2020-09-16 22:20:12] SCN.cv14: Hidden size: 91 	 
Training MSE: 0.09335957 	 Validating MSE: 2.10523152 	 Best VMSE: 0.90620846
[2020-09-16 22:20:12] SCN.cv14: Checkpoint saved to experiments/normal/sili/SCN_sili_h8
[2020-09-16 22:20:13] SCN.cv14: Hidden size: 92 	 
Training MSE: 0.09254727 	 Validating MSE: 2.11416674 	 Best VMSE: 0.90620846
[2020-09-16 22:20:13] SCN.cv14: Checkpoint saved to experiments/normal/sili/SCN_sili_h8
[2020-09-16 22:20:14] SCN.cv14: Hidden size: 93 	 
Training MSE: 0.09132814 	 Validating MSE: 2.18175268 	 Best VMSE: 0.90620846
[2020-09-16 22:20:14] SCN.cv14: Checkpoint saved to experiments/normal/sili/SCN_sili_h8
[2020-09-16 22:20:15] SCN.cv14: Hidden size: 94 	 
Training MSE: 0.09003697 	 Validating MSE: 2.24138618 	 Best VMSE: 0.90620846
[2020-09-16 22:20:15] SCN.cv14: Checkpoint saved to experiments/normal/sili/SCN_sili_h8
[2020-09-16 22:20:16] SCN.cv14: Hidden size: 95 	 
Training MSE: 0.08947151 	 Validating MSE: 2.28189087 	 Best VMSE: 0.90620846
[2020-09-16 22:20:16] SCN.cv14: Checkpoint saved to experiments/normal/sili/SCN_sili_h8
[2020-09-16 22:20:16] SCN.cv14: Hidden size: 96 	 
Training MSE: 0.08864214 	 Validating MSE: 2.28518748 	 Best VMSE: 0.90620846
[2020-09-16 22:20:16] SCN.cv14: Checkpoint saved to experiments/normal/sili/SCN_sili_h8
[2020-09-16 22:20:17] SCN.cv14: Hidden size: 97 	 
Training MSE: 0.08788851 	 Validating MSE: 2.27983928 	 Best VMSE: 0.90620846
[2020-09-16 22:20:17] SCN.cv14: Checkpoint saved to experiments/normal/sili/SCN_sili_h8
[2020-09-16 22:20:18] SCN.cv14: Hidden size: 98 	 
Training MSE: 0.08750684 	 Validating MSE: 2.27321410 	 Best VMSE: 0.90620846
[2020-09-16 22:20:18] SCN.cv14: Checkpoint saved to experiments/normal/sili/SCN_sili_h8
[2020-09-16 22:20:19] SCN.cv14: Hidden size: 99 	 
Training MSE: 0.08702180 	 Validating MSE: 2.24778080 	 Best VMSE: 0.90620846
[2020-09-16 22:20:19] SCN.cv14: Checkpoint saved to experiments/normal/sili/SCN_sili_h8
[2020-09-16 22:20:20] SCN.cv14: Hidden size: 100 	 
Training MSE: 0.08612550 	 Validating MSE: 2.10651159 	 Best VMSE: 0.90620846
[2020-09-16 22:20:20] SCN.cv14: Checkpoint saved to experiments/normal/sili/SCN_sili_h8
[2020-09-16 22:20:20] SCN.cv14: Restoring best parameters from experiments/normal/sili/SCN_sili_h8/train.cv14.pth.tar
[2020-09-16 22:20:20] SCN.cv14: sili	 H: 8	 Trail: 24 
Testing RMSE: 1.102 	 MAPE: 0.185 	 SMAPE: 0.1045
