[2020-09-16 22:31:40] SCN.cv18: Loading the datasets and model for 33th-batch-training
[2020-09-16 22:31:40] SCN.cv18: Argument hidden_size: 100
[2020-09-16 22:31:40] SCN.cv18: Argument candidate_size: 300
[2020-09-16 22:31:40] SCN.cv18: Argument Lambdas: [0.5, 1, 5, 15, 30, 50, 100, 150, 200]
[2020-09-16 22:31:40] SCN.cv18: Argument Lambdas_std: [0.01, 0.05, 0.1, 0.5, 1]
[2020-09-16 22:31:40] SCN.cv18: Argument r: [0.8, 0.9, 0.99, 0.9999, 0.999999]
[2020-09-16 22:31:40] SCN.cv18: Argument tolerance: 0
[2020-09-16 22:31:40] SCN.cv18: Argument device: device(type='cuda')
[2020-09-16 22:31:40] SCN.cv18: Argument dataset: 'sili'
[2020-09-16 22:31:40] SCN.cv18: Argument H: 8
[2020-09-16 22:31:40] SCN.cv18: Argument k: 5
[2020-09-16 22:31:40] SCN.cv18: Argument test: False
[2020-09-16 22:31:40] SCN.cv18: Argument normal: True
[2020-09-16 22:31:40] SCN.cv18: Argument diff: False
[2020-09-16 22:31:40] SCN.cv18: Argument times: 40
[2020-09-16 22:31:40] SCN.cv18: Argument datasets: {'ar1': {'lag_order': 15, 'normal': True, 'cov_dim': 0, 'kernel_size': 3}, 'wti': {'lag_order': 25, 'normal': True, 'cov_dim': 0, 'kernel_size': 5}, 'gold': {'lag_order': 25, 'normal': True, 'cov_dim': 0, 'kernel_size': 5}, 'sp': {'lag_order': 25, 'normal': True, 'cov_dim': 0, 'kernel_size': 5}, 'brent': {'lag_order': 24, 'normal': True, 'cov_dim': 0, 'kernel_size': 6}, 'sili': {'lag_order': 26, 'normal': True, 'cov_dim': 0, 'kernel_size': 6}}
[2020-09-16 22:31:40] SCN.cv18: Argument steps: 26
[2020-09-16 22:31:40] SCN.cv18: Argument experiment: 'experiments/normal/sili'
[2020-09-16 22:31:40] SCN.cv18: Argument scaler: StandardScaler()
[2020-09-16 22:31:40] SCN.cv18: Argument model_name: 'SCN_sili_h8'
[2020-09-16 22:31:40] SCN.cv18: Argument model_dir: 'experiments/normal/sili/SCN_sili_h8'
[2020-09-16 22:31:40] SCN.cv18: Argument restore: True
[2020-09-16 22:31:40] SCN.cv18: Argument cv: 18
[2020-09-16 22:31:40] SCN.cv18: Argument plot_dir: 'experiments/normal/sili/SCN_sili_h8/figures'
[2020-09-16 22:31:40] SCN.cv18: Using Cuda...
[2020-09-16 22:31:40] SCN.cv18: Loading complete.
[2020-09-16 22:31:40] SCN.cv18: Model: 
scnModel(
  (loss_fn): MSELoss()
)
[2020-09-16 22:31:40] SCN.cv18: Hidden size: 1 	 
Training MSE: 0.37282234 	 Validating MSE: 1.54348266 	 Best VMSE: 9999.00000000
[2020-09-16 22:31:40] SCN.cv18: Found new best state
[2020-09-16 22:31:40] SCN.cv18: Best vmse: 1.5435
[2020-09-16 22:31:40] SCN.cv18: Checkpoint saved to experiments/normal/sili/SCN_sili_h8
[2020-09-16 22:31:41] SCN.cv18: Hidden size: 2 	 
Training MSE: 0.32580584 	 Validating MSE: 1.46653163 	 Best VMSE: 1.54348266
[2020-09-16 22:31:41] SCN.cv18: Found new best state
[2020-09-16 22:31:41] SCN.cv18: Best vmse: 1.4665
[2020-09-16 22:31:41] SCN.cv18: Checkpoint saved to experiments/normal/sili/SCN_sili_h8
[2020-09-16 22:31:42] SCN.cv18: Hidden size: 3 	 
Training MSE: 0.28328469 	 Validating MSE: 1.39457762 	 Best VMSE: 1.46653163
[2020-09-16 22:31:42] SCN.cv18: Found new best state
[2020-09-16 22:31:42] SCN.cv18: Best vmse: 1.3946
[2020-09-16 22:31:42] SCN.cv18: Checkpoint saved to experiments/normal/sili/SCN_sili_h8
[2020-09-16 22:31:43] SCN.cv18: Hidden size: 4 	 
Training MSE: 0.26599821 	 Validating MSE: 1.22269523 	 Best VMSE: 1.39457762
[2020-09-16 22:31:43] SCN.cv18: Found new best state
[2020-09-16 22:31:43] SCN.cv18: Best vmse: 1.2227
[2020-09-16 22:31:43] SCN.cv18: Checkpoint saved to experiments/normal/sili/SCN_sili_h8
[2020-09-16 22:31:44] SCN.cv18: Hidden size: 5 	 
Training MSE: 0.25651279 	 Validating MSE: 1.17937648 	 Best VMSE: 1.22269523
[2020-09-16 22:31:44] SCN.cv18: Found new best state
[2020-09-16 22:31:44] SCN.cv18: Best vmse: 1.1794
[2020-09-16 22:31:44] SCN.cv18: Checkpoint saved to experiments/normal/sili/SCN_sili_h8
[2020-09-16 22:31:45] SCN.cv18: Hidden size: 6 	 
Training MSE: 0.25063619 	 Validating MSE: 1.08656585 	 Best VMSE: 1.17937648
[2020-09-16 22:31:45] SCN.cv18: Found new best state
[2020-09-16 22:31:45] SCN.cv18: Best vmse: 1.0866
[2020-09-16 22:31:45] SCN.cv18: Checkpoint saved to experiments/normal/sili/SCN_sili_h8
[2020-09-16 22:31:45] SCN.cv18: Hidden size: 7 	 
Training MSE: 0.24042210 	 Validating MSE: 1.08835721 	 Best VMSE: 1.08656585
[2020-09-16 22:31:45] SCN.cv18: Checkpoint saved to experiments/normal/sili/SCN_sili_h8
[2020-09-16 22:31:46] SCN.cv18: Hidden size: 8 	 
Training MSE: 0.23460621 	 Validating MSE: 1.07383144 	 Best VMSE: 1.08656585
[2020-09-16 22:31:46] SCN.cv18: Found new best state
[2020-09-16 22:31:46] SCN.cv18: Best vmse: 1.0738
[2020-09-16 22:31:46] SCN.cv18: Checkpoint saved to experiments/normal/sili/SCN_sili_h8
[2020-09-16 22:31:47] SCN.cv18: Hidden size: 9 	 
Training MSE: 0.22284801 	 Validating MSE: 1.02217686 	 Best VMSE: 1.07383144
[2020-09-16 22:31:47] SCN.cv18: Found new best state
[2020-09-16 22:31:47] SCN.cv18: Best vmse: 1.0222
[2020-09-16 22:31:47] SCN.cv18: Checkpoint saved to experiments/normal/sili/SCN_sili_h8
[2020-09-16 22:31:48] SCN.cv18: Hidden size: 10 	 
Training MSE: 0.21836583 	 Validating MSE: 1.00702953 	 Best VMSE: 1.02217686
[2020-09-16 22:31:48] SCN.cv18: Found new best state
[2020-09-16 22:31:48] SCN.cv18: Best vmse: 1.0070
[2020-09-16 22:31:48] SCN.cv18: Checkpoint saved to experiments/normal/sili/SCN_sili_h8
[2020-09-16 22:31:49] SCN.cv18: Hidden size: 11 	 
Training MSE: 0.21405362 	 Validating MSE: 0.97645819 	 Best VMSE: 1.00702953
[2020-09-16 22:31:49] SCN.cv18: Found new best state
[2020-09-16 22:31:49] SCN.cv18: Best vmse: 0.9765
[2020-09-16 22:31:49] SCN.cv18: Checkpoint saved to experiments/normal/sili/SCN_sili_h8
[2020-09-16 22:31:50] SCN.cv18: Hidden size: 12 	 
Training MSE: 0.21054353 	 Validating MSE: 0.97046489 	 Best VMSE: 0.97645819
[2020-09-16 22:31:50] SCN.cv18: Found new best state
[2020-09-16 22:31:50] SCN.cv18: Best vmse: 0.9705
[2020-09-16 22:31:50] SCN.cv18: Checkpoint saved to experiments/normal/sili/SCN_sili_h8
[2020-09-16 22:31:51] SCN.cv18: Hidden size: 13 	 
Training MSE: 0.20574369 	 Validating MSE: 0.96593523 	 Best VMSE: 0.97046489
[2020-09-16 22:31:51] SCN.cv18: Found new best state
[2020-09-16 22:31:51] SCN.cv18: Best vmse: 0.9659
[2020-09-16 22:31:51] SCN.cv18: Checkpoint saved to experiments/normal/sili/SCN_sili_h8
[2020-09-16 22:31:52] SCN.cv18: Hidden size: 14 	 
Training MSE: 0.20167866 	 Validating MSE: 0.95721000 	 Best VMSE: 0.96593523
[2020-09-16 22:31:52] SCN.cv18: Found new best state
[2020-09-16 22:31:52] SCN.cv18: Best vmse: 0.9572
[2020-09-16 22:31:52] SCN.cv18: Checkpoint saved to experiments/normal/sili/SCN_sili_h8
[2020-09-16 22:31:52] SCN.cv18: Hidden size: 15 	 
Training MSE: 0.19867955 	 Validating MSE: 0.95820409 	 Best VMSE: 0.95721000
[2020-09-16 22:31:52] SCN.cv18: Checkpoint saved to experiments/normal/sili/SCN_sili_h8
[2020-09-16 22:31:53] SCN.cv18: Hidden size: 16 	 
Training MSE: 0.19552970 	 Validating MSE: 0.97435790 	 Best VMSE: 0.95721000
[2020-09-16 22:31:53] SCN.cv18: Checkpoint saved to experiments/normal/sili/SCN_sili_h8
[2020-09-16 22:31:54] SCN.cv18: Hidden size: 17 	 
Training MSE: 0.19293931 	 Validating MSE: 0.97783595 	 Best VMSE: 0.95721000
[2020-09-16 22:31:54] SCN.cv18: Checkpoint saved to experiments/normal/sili/SCN_sili_h8
[2020-09-16 22:31:55] SCN.cv18: Hidden size: 18 	 
Training MSE: 0.19117643 	 Validating MSE: 0.98786461 	 Best VMSE: 0.95721000
[2020-09-16 22:31:55] SCN.cv18: Checkpoint saved to experiments/normal/sili/SCN_sili_h8
[2020-09-16 22:31:56] SCN.cv18: Hidden size: 19 	 
Training MSE: 0.18831207 	 Validating MSE: 1.01110303 	 Best VMSE: 0.95721000
[2020-09-16 22:31:56] SCN.cv18: Checkpoint saved to experiments/normal/sili/SCN_sili_h8
[2020-09-16 22:31:57] SCN.cv18: Hidden size: 20 	 
Training MSE: 0.18707523 	 Validating MSE: 1.03754032 	 Best VMSE: 0.95721000
[2020-09-16 22:31:57] SCN.cv18: Checkpoint saved to experiments/normal/sili/SCN_sili_h8
[2020-09-16 22:31:58] SCN.cv18: Hidden size: 21 	 
Training MSE: 0.18569669 	 Validating MSE: 1.03641367 	 Best VMSE: 0.95721000
[2020-09-16 22:31:58] SCN.cv18: Checkpoint saved to experiments/normal/sili/SCN_sili_h8
[2020-09-16 22:31:58] SCN.cv18: Hidden size: 22 	 
Training MSE: 0.18332765 	 Validating MSE: 1.02818692 	 Best VMSE: 0.95721000
[2020-09-16 22:31:58] SCN.cv18: Checkpoint saved to experiments/normal/sili/SCN_sili_h8
[2020-09-16 22:31:59] SCN.cv18: Hidden size: 23 	 
Training MSE: 0.18179525 	 Validating MSE: 1.02390373 	 Best VMSE: 0.95721000
[2020-09-16 22:31:59] SCN.cv18: Checkpoint saved to experiments/normal/sili/SCN_sili_h8
[2020-09-16 22:32:00] SCN.cv18: Hidden size: 24 	 
Training MSE: 0.18113260 	 Validating MSE: 1.01973593 	 Best VMSE: 0.95721000
[2020-09-16 22:32:00] SCN.cv18: Checkpoint saved to experiments/normal/sili/SCN_sili_h8
[2020-09-16 22:32:01] SCN.cv18: Hidden size: 25 	 
Training MSE: 0.17976709 	 Validating MSE: 1.02223253 	 Best VMSE: 0.95721000
[2020-09-16 22:32:01] SCN.cv18: Checkpoint saved to experiments/normal/sili/SCN_sili_h8
[2020-09-16 22:32:02] SCN.cv18: Hidden size: 26 	 
Training MSE: 0.17747082 	 Validating MSE: 1.04748428 	 Best VMSE: 0.95721000
[2020-09-16 22:32:02] SCN.cv18: Checkpoint saved to experiments/normal/sili/SCN_sili_h8
[2020-09-16 22:32:03] SCN.cv18: Hidden size: 27 	 
Training MSE: 0.17548566 	 Validating MSE: 1.05550849 	 Best VMSE: 0.95721000
[2020-09-16 22:32:03] SCN.cv18: Checkpoint saved to experiments/normal/sili/SCN_sili_h8
[2020-09-16 22:32:04] SCN.cv18: Hidden size: 28 	 
Training MSE: 0.17166013 	 Validating MSE: 1.10094285 	 Best VMSE: 0.95721000
[2020-09-16 22:32:04] SCN.cv18: Checkpoint saved to experiments/normal/sili/SCN_sili_h8
[2020-09-16 22:32:04] SCN.cv18: Hidden size: 29 	 
Training MSE: 0.17042945 	 Validating MSE: 1.09362721 	 Best VMSE: 0.95721000
[2020-09-16 22:32:04] SCN.cv18: Checkpoint saved to experiments/normal/sili/SCN_sili_h8
[2020-09-16 22:32:05] SCN.cv18: Hidden size: 30 	 
Training MSE: 0.16794030 	 Validating MSE: 1.08696783 	 Best VMSE: 0.95721000
[2020-09-16 22:32:05] SCN.cv18: Checkpoint saved to experiments/normal/sili/SCN_sili_h8
[2020-09-16 22:32:06] SCN.cv18: Hidden size: 31 	 
Training MSE: 0.16520642 	 Validating MSE: 1.08813834 	 Best VMSE: 0.95721000
[2020-09-16 22:32:06] SCN.cv18: Checkpoint saved to experiments/normal/sili/SCN_sili_h8
[2020-09-16 22:32:07] SCN.cv18: Hidden size: 32 	 
Training MSE: 0.16199023 	 Validating MSE: 1.10819817 	 Best VMSE: 0.95721000
[2020-09-16 22:32:07] SCN.cv18: Checkpoint saved to experiments/normal/sili/SCN_sili_h8
[2020-09-16 22:32:08] SCN.cv18: Hidden size: 33 	 
Training MSE: 0.16030036 	 Validating MSE: 1.12536907 	 Best VMSE: 0.95721000
[2020-09-16 22:32:08] SCN.cv18: Checkpoint saved to experiments/normal/sili/SCN_sili_h8
[2020-09-16 22:32:09] SCN.cv18: Hidden size: 34 	 
Training MSE: 0.15808399 	 Validating MSE: 1.11898017 	 Best VMSE: 0.95721000
[2020-09-16 22:32:09] SCN.cv18: Checkpoint saved to experiments/normal/sili/SCN_sili_h8
[2020-09-16 22:32:10] SCN.cv18: Hidden size: 35 	 
Training MSE: 0.15686448 	 Validating MSE: 1.12861884 	 Best VMSE: 0.95721000
[2020-09-16 22:32:10] SCN.cv18: Checkpoint saved to experiments/normal/sili/SCN_sili_h8
[2020-09-16 22:32:10] SCN.cv18: Hidden size: 36 	 
Training MSE: 0.15514386 	 Validating MSE: 1.13524616 	 Best VMSE: 0.95721000
[2020-09-16 22:32:10] SCN.cv18: Checkpoint saved to experiments/normal/sili/SCN_sili_h8
[2020-09-16 22:32:11] SCN.cv18: Hidden size: 37 	 
Training MSE: 0.15350831 	 Validating MSE: 1.16469765 	 Best VMSE: 0.95721000
[2020-09-16 22:32:11] SCN.cv18: Checkpoint saved to experiments/normal/sili/SCN_sili_h8
[2020-09-16 22:32:12] SCN.cv18: Hidden size: 38 	 
Training MSE: 0.15223530 	 Validating MSE: 1.16384459 	 Best VMSE: 0.95721000
[2020-09-16 22:32:12] SCN.cv18: Checkpoint saved to experiments/normal/sili/SCN_sili_h8
[2020-09-16 22:32:13] SCN.cv18: Hidden size: 39 	 
Training MSE: 0.15071324 	 Validating MSE: 1.16975594 	 Best VMSE: 0.95721000
[2020-09-16 22:32:13] SCN.cv18: Checkpoint saved to experiments/normal/sili/SCN_sili_h8
[2020-09-16 22:32:14] SCN.cv18: Hidden size: 40 	 
Training MSE: 0.14913714 	 Validating MSE: 1.16803873 	 Best VMSE: 0.95721000
[2020-09-16 22:32:14] SCN.cv18: Checkpoint saved to experiments/normal/sili/SCN_sili_h8
[2020-09-16 22:32:15] SCN.cv18: Hidden size: 41 	 
Training MSE: 0.14820617 	 Validating MSE: 1.21139407 	 Best VMSE: 0.95721000
[2020-09-16 22:32:15] SCN.cv18: Checkpoint saved to experiments/normal/sili/SCN_sili_h8
[2020-09-16 22:32:16] SCN.cv18: Hidden size: 42 	 
Training MSE: 0.14534523 	 Validating MSE: 1.20194185 	 Best VMSE: 0.95721000
[2020-09-16 22:32:16] SCN.cv18: Checkpoint saved to experiments/normal/sili/SCN_sili_h8
[2020-09-16 22:32:16] SCN.cv18: Hidden size: 43 	 
Training MSE: 0.14366905 	 Validating MSE: 1.25994813 	 Best VMSE: 0.95721000
[2020-09-16 22:32:16] SCN.cv18: Checkpoint saved to experiments/normal/sili/SCN_sili_h8
[2020-09-16 22:32:17] SCN.cv18: Hidden size: 44 	 
Training MSE: 0.14258748 	 Validating MSE: 1.25457215 	 Best VMSE: 0.95721000
[2020-09-16 22:32:17] SCN.cv18: Checkpoint saved to experiments/normal/sili/SCN_sili_h8
[2020-09-16 22:32:18] SCN.cv18: Hidden size: 45 	 
Training MSE: 0.14099981 	 Validating MSE: 1.29701936 	 Best VMSE: 0.95721000
[2020-09-16 22:32:18] SCN.cv18: Checkpoint saved to experiments/normal/sili/SCN_sili_h8
[2020-09-16 22:32:19] SCN.cv18: Hidden size: 46 	 
Training MSE: 0.13905540 	 Validating MSE: 1.33423841 	 Best VMSE: 0.95721000
[2020-09-16 22:32:19] SCN.cv18: Checkpoint saved to experiments/normal/sili/SCN_sili_h8
[2020-09-16 22:32:20] SCN.cv18: Hidden size: 47 	 
Training MSE: 0.13736302 	 Validating MSE: 1.32610285 	 Best VMSE: 0.95721000
[2020-09-16 22:32:20] SCN.cv18: Checkpoint saved to experiments/normal/sili/SCN_sili_h8
[2020-09-16 22:32:21] SCN.cv18: Hidden size: 48 	 
Training MSE: 0.13506676 	 Validating MSE: 1.36119378 	 Best VMSE: 0.95721000
[2020-09-16 22:32:21] SCN.cv18: Checkpoint saved to experiments/normal/sili/SCN_sili_h8
[2020-09-16 22:32:22] SCN.cv18: Hidden size: 49 	 
Training MSE: 0.13416275 	 Validating MSE: 1.35493028 	 Best VMSE: 0.95721000
[2020-09-16 22:32:22] SCN.cv18: Checkpoint saved to experiments/normal/sili/SCN_sili_h8
[2020-09-16 22:32:22] SCN.cv18: Hidden size: 50 	 
Training MSE: 0.13292328 	 Validating MSE: 1.35306859 	 Best VMSE: 0.95721000
[2020-09-16 22:32:22] SCN.cv18: Checkpoint saved to experiments/normal/sili/SCN_sili_h8
[2020-09-16 22:32:23] SCN.cv18: Hidden size: 51 	 
Training MSE: 0.13182452 	 Validating MSE: 1.38140178 	 Best VMSE: 0.95721000
[2020-09-16 22:32:23] SCN.cv18: Checkpoint saved to experiments/normal/sili/SCN_sili_h8
[2020-09-16 22:32:24] SCN.cv18: Hidden size: 52 	 
Training MSE: 0.13054499 	 Validating MSE: 1.42745531 	 Best VMSE: 0.95721000
[2020-09-16 22:32:24] SCN.cv18: Checkpoint saved to experiments/normal/sili/SCN_sili_h8
[2020-09-16 22:32:25] SCN.cv18: Hidden size: 53 	 
Training MSE: 0.12919188 	 Validating MSE: 1.43833673 	 Best VMSE: 0.95721000
[2020-09-16 22:32:25] SCN.cv18: Checkpoint saved to experiments/normal/sili/SCN_sili_h8
[2020-09-16 22:32:26] SCN.cv18: Hidden size: 54 	 
Training MSE: 0.12798661 	 Validating MSE: 1.42051208 	 Best VMSE: 0.95721000
[2020-09-16 22:32:26] SCN.cv18: Checkpoint saved to experiments/normal/sili/SCN_sili_h8
[2020-09-16 22:32:27] SCN.cv18: Hidden size: 55 	 
Training MSE: 0.12709451 	 Validating MSE: 1.39792812 	 Best VMSE: 0.95721000
[2020-09-16 22:32:27] SCN.cv18: Checkpoint saved to experiments/normal/sili/SCN_sili_h8
[2020-09-16 22:32:28] SCN.cv18: Hidden size: 56 	 
Training MSE: 0.12503570 	 Validating MSE: 1.35520744 	 Best VMSE: 0.95721000
[2020-09-16 22:32:28] SCN.cv18: Checkpoint saved to experiments/normal/sili/SCN_sili_h8
[2020-09-16 22:32:28] SCN.cv18: Hidden size: 57 	 
Training MSE: 0.12412635 	 Validating MSE: 1.36832082 	 Best VMSE: 0.95721000
[2020-09-16 22:32:28] SCN.cv18: Checkpoint saved to experiments/normal/sili/SCN_sili_h8
[2020-09-16 22:32:29] SCN.cv18: Hidden size: 58 	 
Training MSE: 0.12288398 	 Validating MSE: 1.38883364 	 Best VMSE: 0.95721000
[2020-09-16 22:32:29] SCN.cv18: Checkpoint saved to experiments/normal/sili/SCN_sili_h8
[2020-09-16 22:32:30] SCN.cv18: Hidden size: 59 	 
Training MSE: 0.12175294 	 Validating MSE: 1.41543972 	 Best VMSE: 0.95721000
[2020-09-16 22:32:30] SCN.cv18: Checkpoint saved to experiments/normal/sili/SCN_sili_h8
[2020-09-16 22:32:31] SCN.cv18: Hidden size: 60 	 
Training MSE: 0.12075002 	 Validating MSE: 1.41451418 	 Best VMSE: 0.95721000
[2020-09-16 22:32:31] SCN.cv18: Checkpoint saved to experiments/normal/sili/SCN_sili_h8
[2020-09-16 22:32:32] SCN.cv18: Hidden size: 61 	 
Training MSE: 0.12037957 	 Validating MSE: 1.42081261 	 Best VMSE: 0.95721000
[2020-09-16 22:32:32] SCN.cv18: Checkpoint saved to experiments/normal/sili/SCN_sili_h8
[2020-09-16 22:32:33] SCN.cv18: Hidden size: 62 	 
Training MSE: 0.11961477 	 Validating MSE: 1.43073690 	 Best VMSE: 0.95721000
[2020-09-16 22:32:33] SCN.cv18: Checkpoint saved to experiments/normal/sili/SCN_sili_h8
[2020-09-16 22:32:34] SCN.cv18: Hidden size: 63 	 
Training MSE: 0.11814149 	 Validating MSE: 1.50324178 	 Best VMSE: 0.95721000
[2020-09-16 22:32:34] SCN.cv18: Checkpoint saved to experiments/normal/sili/SCN_sili_h8
[2020-09-16 22:32:34] SCN.cv18: Hidden size: 64 	 
Training MSE: 0.11730808 	 Validating MSE: 1.51101577 	 Best VMSE: 0.95721000
[2020-09-16 22:32:34] SCN.cv18: Checkpoint saved to experiments/normal/sili/SCN_sili_h8
[2020-09-16 22:32:35] SCN.cv18: Hidden size: 65 	 
Training MSE: 0.11645799 	 Validating MSE: 1.54404354 	 Best VMSE: 0.95721000
[2020-09-16 22:32:35] SCN.cv18: Checkpoint saved to experiments/normal/sili/SCN_sili_h8
[2020-09-16 22:32:36] SCN.cv18: Hidden size: 66 	 
Training MSE: 0.11576606 	 Validating MSE: 1.55139756 	 Best VMSE: 0.95721000
[2020-09-16 22:32:36] SCN.cv18: Checkpoint saved to experiments/normal/sili/SCN_sili_h8
[2020-09-16 22:32:37] SCN.cv18: Hidden size: 67 	 
Training MSE: 0.11476538 	 Validating MSE: 1.62361240 	 Best VMSE: 0.95721000
[2020-09-16 22:32:37] SCN.cv18: Checkpoint saved to experiments/normal/sili/SCN_sili_h8
[2020-09-16 22:32:38] SCN.cv18: Hidden size: 68 	 
Training MSE: 0.11329491 	 Validating MSE: 1.64393127 	 Best VMSE: 0.95721000
[2020-09-16 22:32:38] SCN.cv18: Checkpoint saved to experiments/normal/sili/SCN_sili_h8
[2020-09-16 22:32:39] SCN.cv18: Hidden size: 69 	 
Training MSE: 0.11172372 	 Validating MSE: 1.63835394 	 Best VMSE: 0.95721000
[2020-09-16 22:32:39] SCN.cv18: Checkpoint saved to experiments/normal/sili/SCN_sili_h8
[2020-09-16 22:32:40] SCN.cv18: Hidden size: 70 	 
Training MSE: 0.11017926 	 Validating MSE: 1.64729679 	 Best VMSE: 0.95721000
[2020-09-16 22:32:40] SCN.cv18: Checkpoint saved to experiments/normal/sili/SCN_sili_h8
[2020-09-16 22:32:40] SCN.cv18: Hidden size: 71 	 
Training MSE: 0.10922137 	 Validating MSE: 1.69416559 	 Best VMSE: 0.95721000
[2020-09-16 22:32:40] SCN.cv18: Checkpoint saved to experiments/normal/sili/SCN_sili_h8
[2020-09-16 22:32:41] SCN.cv18: Hidden size: 72 	 
Training MSE: 0.10875297 	 Validating MSE: 1.68943751 	 Best VMSE: 0.95721000
[2020-09-16 22:32:41] SCN.cv18: Checkpoint saved to experiments/normal/sili/SCN_sili_h8
[2020-09-16 22:32:42] SCN.cv18: Hidden size: 73 	 
Training MSE: 0.10817651 	 Validating MSE: 1.72239232 	 Best VMSE: 0.95721000
[2020-09-16 22:32:42] SCN.cv18: Checkpoint saved to experiments/normal/sili/SCN_sili_h8
[2020-09-16 22:32:43] SCN.cv18: Hidden size: 74 	 
Training MSE: 0.10738814 	 Validating MSE: 1.71784782 	 Best VMSE: 0.95721000
[2020-09-16 22:32:43] SCN.cv18: Checkpoint saved to experiments/normal/sili/SCN_sili_h8
[2020-09-16 22:32:44] SCN.cv18: Hidden size: 75 	 
Training MSE: 0.10551302 	 Validating MSE: 1.66244316 	 Best VMSE: 0.95721000
[2020-09-16 22:32:44] SCN.cv18: Checkpoint saved to experiments/normal/sili/SCN_sili_h8
[2020-09-16 22:32:45] SCN.cv18: Hidden size: 76 	 
Training MSE: 0.10499419 	 Validating MSE: 1.65462339 	 Best VMSE: 0.95721000
[2020-09-16 22:32:45] SCN.cv18: Checkpoint saved to experiments/normal/sili/SCN_sili_h8
[2020-09-16 22:32:46] SCN.cv18: Hidden size: 77 	 
Training MSE: 0.10420215 	 Validating MSE: 1.68211544 	 Best VMSE: 0.95721000
[2020-09-16 22:32:46] SCN.cv18: Checkpoint saved to experiments/normal/sili/SCN_sili_h8
[2020-09-16 22:32:46] SCN.cv18: Hidden size: 78 	 
Training MSE: 0.10311990 	 Validating MSE: 1.65264547 	 Best VMSE: 0.95721000
[2020-09-16 22:32:46] SCN.cv18: Checkpoint saved to experiments/normal/sili/SCN_sili_h8
[2020-09-16 22:32:47] SCN.cv18: Hidden size: 79 	 
Training MSE: 0.10277791 	 Validating MSE: 1.64384389 	 Best VMSE: 0.95721000
[2020-09-16 22:32:47] SCN.cv18: Checkpoint saved to experiments/normal/sili/SCN_sili_h8
[2020-09-16 22:32:48] SCN.cv18: Hidden size: 80 	 
Training MSE: 0.10202524 	 Validating MSE: 1.63886297 	 Best VMSE: 0.95721000
[2020-09-16 22:32:48] SCN.cv18: Checkpoint saved to experiments/normal/sili/SCN_sili_h8
[2020-09-16 22:32:49] SCN.cv18: Hidden size: 81 	 
Training MSE: 0.10128136 	 Validating MSE: 1.66038454 	 Best VMSE: 0.95721000
[2020-09-16 22:32:49] SCN.cv18: Checkpoint saved to experiments/normal/sili/SCN_sili_h8
[2020-09-16 22:32:50] SCN.cv18: Hidden size: 82 	 
Training MSE: 0.10079299 	 Validating MSE: 1.66887462 	 Best VMSE: 0.95721000
[2020-09-16 22:32:50] SCN.cv18: Checkpoint saved to experiments/normal/sili/SCN_sili_h8
[2020-09-16 22:32:51] SCN.cv18: Hidden size: 83 	 
Training MSE: 0.09996685 	 Validating MSE: 1.65219200 	 Best VMSE: 0.95721000
[2020-09-16 22:32:51] SCN.cv18: Checkpoint saved to experiments/normal/sili/SCN_sili_h8
[2020-09-16 22:32:52] SCN.cv18: Hidden size: 84 	 
Training MSE: 0.09914745 	 Validating MSE: 1.62533593 	 Best VMSE: 0.95721000
[2020-09-16 22:32:52] SCN.cv18: Checkpoint saved to experiments/normal/sili/SCN_sili_h8
[2020-09-16 22:32:52] SCN.cv18: Hidden size: 85 	 
Training MSE: 0.09820813 	 Validating MSE: 1.62974167 	 Best VMSE: 0.95721000
[2020-09-16 22:32:52] SCN.cv18: Checkpoint saved to experiments/normal/sili/SCN_sili_h8
[2020-09-16 22:32:53] SCN.cv18: Hidden size: 86 	 
Training MSE: 0.09746374 	 Validating MSE: 1.62743413 	 Best VMSE: 0.95721000
[2020-09-16 22:32:53] SCN.cv18: Checkpoint saved to experiments/normal/sili/SCN_sili_h8
[2020-09-16 22:32:54] SCN.cv18: Hidden size: 87 	 
Training MSE: 0.09675164 	 Validating MSE: 1.67402673 	 Best VMSE: 0.95721000
[2020-09-16 22:32:54] SCN.cv18: Checkpoint saved to experiments/normal/sili/SCN_sili_h8
[2020-09-16 22:32:55] SCN.cv18: Hidden size: 88 	 
Training MSE: 0.09597031 	 Validating MSE: 1.66838098 	 Best VMSE: 0.95721000
[2020-09-16 22:32:55] SCN.cv18: Checkpoint saved to experiments/normal/sili/SCN_sili_h8
[2020-09-16 22:32:56] SCN.cv18: Hidden size: 89 	 
Training MSE: 0.09518363 	 Validating MSE: 1.67910802 	 Best VMSE: 0.95721000
[2020-09-16 22:32:56] SCN.cv18: Checkpoint saved to experiments/normal/sili/SCN_sili_h8
[2020-09-16 22:32:57] SCN.cv18: Hidden size: 90 	 
Training MSE: 0.09422085 	 Validating MSE: 1.70615411 	 Best VMSE: 0.95721000
[2020-09-16 22:32:57] SCN.cv18: Checkpoint saved to experiments/normal/sili/SCN_sili_h8
[2020-09-16 22:32:58] SCN.cv18: Hidden size: 91 	 
Training MSE: 0.09307376 	 Validating MSE: 1.77292907 	 Best VMSE: 0.95721000
[2020-09-16 22:32:58] SCN.cv18: Checkpoint saved to experiments/normal/sili/SCN_sili_h8
[2020-09-16 22:32:58] SCN.cv18: Hidden size: 92 	 
Training MSE: 0.09212095 	 Validating MSE: 1.86802185 	 Best VMSE: 0.95721000
[2020-09-16 22:32:58] SCN.cv18: Checkpoint saved to experiments/normal/sili/SCN_sili_h8
[2020-09-16 22:32:59] SCN.cv18: Hidden size: 93 	 
Training MSE: 0.09129483 	 Validating MSE: 1.77122724 	 Best VMSE: 0.95721000
[2020-09-16 22:32:59] SCN.cv18: Checkpoint saved to experiments/normal/sili/SCN_sili_h8
[2020-09-16 22:33:00] SCN.cv18: Hidden size: 94 	 
Training MSE: 0.09071063 	 Validating MSE: 1.82253766 	 Best VMSE: 0.95721000
[2020-09-16 22:33:00] SCN.cv18: Checkpoint saved to experiments/normal/sili/SCN_sili_h8
[2020-09-16 22:33:01] SCN.cv18: Hidden size: 95 	 
Training MSE: 0.09017435 	 Validating MSE: 1.81004846 	 Best VMSE: 0.95721000
[2020-09-16 22:33:01] SCN.cv18: Checkpoint saved to experiments/normal/sili/SCN_sili_h8
[2020-09-16 22:33:02] SCN.cv18: Hidden size: 96 	 
Training MSE: 0.08940463 	 Validating MSE: 1.84123099 	 Best VMSE: 0.95721000
[2020-09-16 22:33:02] SCN.cv18: Checkpoint saved to experiments/normal/sili/SCN_sili_h8
[2020-09-16 22:33:03] SCN.cv18: Hidden size: 97 	 
Training MSE: 0.08860338 	 Validating MSE: 1.91736066 	 Best VMSE: 0.95721000
[2020-09-16 22:33:03] SCN.cv18: Checkpoint saved to experiments/normal/sili/SCN_sili_h8
[2020-09-16 22:33:04] SCN.cv18: Hidden size: 98 	 
Training MSE: 0.08786115 	 Validating MSE: 1.98808324 	 Best VMSE: 0.95721000
[2020-09-16 22:33:04] SCN.cv18: Checkpoint saved to experiments/normal/sili/SCN_sili_h8
[2020-09-16 22:33:05] SCN.cv18: Hidden size: 99 	 
Training MSE: 0.08718478 	 Validating MSE: 2.00377512 	 Best VMSE: 0.95721000
[2020-09-16 22:33:05] SCN.cv18: Checkpoint saved to experiments/normal/sili/SCN_sili_h8
[2020-09-16 22:33:05] SCN.cv18: Hidden size: 100 	 
Training MSE: 0.08616278 	 Validating MSE: 1.91230869 	 Best VMSE: 0.95721000
[2020-09-16 22:33:05] SCN.cv18: Checkpoint saved to experiments/normal/sili/SCN_sili_h8
[2020-09-16 22:33:05] SCN.cv18: Restoring best parameters from experiments/normal/sili/SCN_sili_h8/train.cv18.pth.tar
[2020-09-16 22:33:05] SCN.cv18: sili	 H: 8	 Trail: 33 
Testing RMSE: 1.1 	 MAPE: 0.1843 	 SMAPE: 0.1045
