[2020-09-16 22:04:40] SCN.cv7: Loading the datasets and model for 14th-batch-training
[2020-09-16 22:04:40] SCN.cv7: Argument hidden_size: 100
[2020-09-16 22:04:40] SCN.cv7: Argument candidate_size: 300
[2020-09-16 22:04:40] SCN.cv7: Argument Lambdas: [0.5, 1, 5, 15, 30, 50, 100, 150, 200]
[2020-09-16 22:04:40] SCN.cv7: Argument Lambdas_std: [0.01, 0.05, 0.1, 0.5, 1]
[2020-09-16 22:04:40] SCN.cv7: Argument r: [0.8, 0.9, 0.99, 0.9999, 0.999999]
[2020-09-16 22:04:40] SCN.cv7: Argument tolerance: 0
[2020-09-16 22:04:40] SCN.cv7: Argument device: device(type='cuda')
[2020-09-16 22:04:40] SCN.cv7: Argument dataset: 'sili'
[2020-09-16 22:04:40] SCN.cv7: Argument H: 8
[2020-09-16 22:04:40] SCN.cv7: Argument k: 5
[2020-09-16 22:04:40] SCN.cv7: Argument test: False
[2020-09-16 22:04:40] SCN.cv7: Argument normal: True
[2020-09-16 22:04:40] SCN.cv7: Argument diff: False
[2020-09-16 22:04:40] SCN.cv7: Argument times: 40
[2020-09-16 22:04:40] SCN.cv7: Argument datasets: {'ar1': {'lag_order': 15, 'normal': True, 'cov_dim': 0, 'kernel_size': 3}, 'wti': {'lag_order': 25, 'normal': True, 'cov_dim': 0, 'kernel_size': 5}, 'gold': {'lag_order': 25, 'normal': True, 'cov_dim': 0, 'kernel_size': 5}, 'sp': {'lag_order': 25, 'normal': True, 'cov_dim': 0, 'kernel_size': 5}, 'brent': {'lag_order': 24, 'normal': True, 'cov_dim': 0, 'kernel_size': 6}, 'sili': {'lag_order': 26, 'normal': True, 'cov_dim': 0, 'kernel_size': 6}}
[2020-09-16 22:04:40] SCN.cv7: Argument steps: 26
[2020-09-16 22:04:40] SCN.cv7: Argument experiment: 'experiments/normal/sili'
[2020-09-16 22:04:40] SCN.cv7: Argument scaler: StandardScaler()
[2020-09-16 22:04:40] SCN.cv7: Argument model_name: 'SCN_sili_h8'
[2020-09-16 22:04:40] SCN.cv7: Argument model_dir: 'experiments/normal/sili/SCN_sili_h8'
[2020-09-16 22:04:40] SCN.cv7: Argument restore: True
[2020-09-16 22:04:40] SCN.cv7: Argument cv: 7
[2020-09-16 22:04:40] SCN.cv7: Argument plot_dir: 'experiments/normal/sili/SCN_sili_h8/figures'
[2020-09-16 22:04:40] SCN.cv7: Using Cuda...
[2020-09-16 22:04:40] SCN.cv7: Loading complete.
[2020-09-16 22:04:40] SCN.cv7: Model: 
scnModel(
  (loss_fn): MSELoss()
)
[2020-09-16 22:04:40] SCN.cv7: Hidden size: 1 	 
Training MSE: 0.37870508 	 Validating MSE: 1.48066223 	 Best VMSE: 9999.00000000
[2020-09-16 22:04:40] SCN.cv7: Found new best state
[2020-09-16 22:04:40] SCN.cv7: Best vmse: 1.4807
[2020-09-16 22:04:40] SCN.cv7: Checkpoint saved to experiments/normal/sili/SCN_sili_h8
[2020-09-16 22:04:41] SCN.cv7: Hidden size: 2 	 
Training MSE: 0.32760236 	 Validating MSE: 1.53373301 	 Best VMSE: 1.48066223
[2020-09-16 22:04:41] SCN.cv7: Checkpoint saved to experiments/normal/sili/SCN_sili_h8
[2020-09-16 22:04:42] SCN.cv7: Hidden size: 3 	 
Training MSE: 0.29152349 	 Validating MSE: 1.32823527 	 Best VMSE: 1.48066223
[2020-09-16 22:04:42] SCN.cv7: Found new best state
[2020-09-16 22:04:42] SCN.cv7: Best vmse: 1.3282
[2020-09-16 22:04:42] SCN.cv7: Checkpoint saved to experiments/normal/sili/SCN_sili_h8
[2020-09-16 22:04:44] SCN.cv7: Hidden size: 4 	 
Training MSE: 0.27750960 	 Validating MSE: 1.41530406 	 Best VMSE: 1.32823527
[2020-09-16 22:04:44] SCN.cv7: Checkpoint saved to experiments/normal/sili/SCN_sili_h8
[2020-09-16 22:04:45] SCN.cv7: Hidden size: 5 	 
Training MSE: 0.25243756 	 Validating MSE: 1.20171750 	 Best VMSE: 1.32823527
[2020-09-16 22:04:45] SCN.cv7: Found new best state
[2020-09-16 22:04:45] SCN.cv7: Best vmse: 1.2017
[2020-09-16 22:04:45] SCN.cv7: Checkpoint saved to experiments/normal/sili/SCN_sili_h8
[2020-09-16 22:04:46] SCN.cv7: Hidden size: 6 	 
Training MSE: 0.24027881 	 Validating MSE: 1.11304915 	 Best VMSE: 1.20171750
[2020-09-16 22:04:46] SCN.cv7: Found new best state
[2020-09-16 22:04:46] SCN.cv7: Best vmse: 1.1130
[2020-09-16 22:04:46] SCN.cv7: Checkpoint saved to experiments/normal/sili/SCN_sili_h8
[2020-09-16 22:04:47] SCN.cv7: Hidden size: 7 	 
Training MSE: 0.23200838 	 Validating MSE: 1.04253304 	 Best VMSE: 1.11304915
[2020-09-16 22:04:47] SCN.cv7: Found new best state
[2020-09-16 22:04:47] SCN.cv7: Best vmse: 1.0425
[2020-09-16 22:04:47] SCN.cv7: Checkpoint saved to experiments/normal/sili/SCN_sili_h8
[2020-09-16 22:04:48] SCN.cv7: Hidden size: 8 	 
Training MSE: 0.22801806 	 Validating MSE: 1.01764548 	 Best VMSE: 1.04253304
[2020-09-16 22:04:48] SCN.cv7: Found new best state
[2020-09-16 22:04:48] SCN.cv7: Best vmse: 1.0176
[2020-09-16 22:04:48] SCN.cv7: Checkpoint saved to experiments/normal/sili/SCN_sili_h8
[2020-09-16 22:04:49] SCN.cv7: Hidden size: 9 	 
Training MSE: 0.22382540 	 Validating MSE: 0.98319721 	 Best VMSE: 1.01764548
[2020-09-16 22:04:49] SCN.cv7: Found new best state
[2020-09-16 22:04:49] SCN.cv7: Best vmse: 0.9832
[2020-09-16 22:04:49] SCN.cv7: Checkpoint saved to experiments/normal/sili/SCN_sili_h8
[2020-09-16 22:04:50] SCN.cv7: Hidden size: 10 	 
Training MSE: 0.21971165 	 Validating MSE: 0.98910314 	 Best VMSE: 0.98319721
[2020-09-16 22:04:50] SCN.cv7: Checkpoint saved to experiments/normal/sili/SCN_sili_h8
[2020-09-16 22:04:51] SCN.cv7: Hidden size: 11 	 
Training MSE: 0.21577172 	 Validating MSE: 0.97466642 	 Best VMSE: 0.98319721
[2020-09-16 22:04:51] SCN.cv7: Found new best state
[2020-09-16 22:04:51] SCN.cv7: Best vmse: 0.9747
[2020-09-16 22:04:51] SCN.cv7: Checkpoint saved to experiments/normal/sili/SCN_sili_h8
[2020-09-16 22:04:52] SCN.cv7: Hidden size: 12 	 
Training MSE: 0.21371254 	 Validating MSE: 0.97697109 	 Best VMSE: 0.97466642
[2020-09-16 22:04:52] SCN.cv7: Checkpoint saved to experiments/normal/sili/SCN_sili_h8
[2020-09-16 22:04:53] SCN.cv7: Hidden size: 13 	 
Training MSE: 0.20607536 	 Validating MSE: 0.94832671 	 Best VMSE: 0.97466642
[2020-09-16 22:04:53] SCN.cv7: Found new best state
[2020-09-16 22:04:53] SCN.cv7: Best vmse: 0.9483
[2020-09-16 22:04:53] SCN.cv7: Checkpoint saved to experiments/normal/sili/SCN_sili_h8
[2020-09-16 22:04:54] SCN.cv7: Hidden size: 14 	 
Training MSE: 0.19939378 	 Validating MSE: 0.93222564 	 Best VMSE: 0.94832671
[2020-09-16 22:04:54] SCN.cv7: Found new best state
[2020-09-16 22:04:54] SCN.cv7: Best vmse: 0.9322
[2020-09-16 22:04:54] SCN.cv7: Checkpoint saved to experiments/normal/sili/SCN_sili_h8
[2020-09-16 22:04:55] SCN.cv7: Hidden size: 15 	 
Training MSE: 0.19673277 	 Validating MSE: 0.92886609 	 Best VMSE: 0.93222564
[2020-09-16 22:04:55] SCN.cv7: Found new best state
[2020-09-16 22:04:55] SCN.cv7: Best vmse: 0.9289
[2020-09-16 22:04:55] SCN.cv7: Checkpoint saved to experiments/normal/sili/SCN_sili_h8
[2020-09-16 22:04:56] SCN.cv7: Hidden size: 16 	 
Training MSE: 0.19384012 	 Validating MSE: 0.92314208 	 Best VMSE: 0.92886609
[2020-09-16 22:04:56] SCN.cv7: Found new best state
[2020-09-16 22:04:56] SCN.cv7: Best vmse: 0.9231
[2020-09-16 22:04:56] SCN.cv7: Checkpoint saved to experiments/normal/sili/SCN_sili_h8
[2020-09-16 22:04:57] SCN.cv7: Hidden size: 17 	 
Training MSE: 0.19033018 	 Validating MSE: 0.91186333 	 Best VMSE: 0.92314208
[2020-09-16 22:04:57] SCN.cv7: Found new best state
[2020-09-16 22:04:57] SCN.cv7: Best vmse: 0.9119
[2020-09-16 22:04:57] SCN.cv7: Checkpoint saved to experiments/normal/sili/SCN_sili_h8
[2020-09-16 22:04:58] SCN.cv7: Hidden size: 18 	 
Training MSE: 0.18774939 	 Validating MSE: 0.92728674 	 Best VMSE: 0.91186333
[2020-09-16 22:04:58] SCN.cv7: Checkpoint saved to experiments/normal/sili/SCN_sili_h8
[2020-09-16 22:04:59] SCN.cv7: Hidden size: 19 	 
Training MSE: 0.18643674 	 Validating MSE: 0.92184323 	 Best VMSE: 0.91186333
[2020-09-16 22:04:59] SCN.cv7: Checkpoint saved to experiments/normal/sili/SCN_sili_h8
[2020-09-16 22:05:00] SCN.cv7: Hidden size: 20 	 
Training MSE: 0.18409762 	 Validating MSE: 0.94989985 	 Best VMSE: 0.91186333
[2020-09-16 22:05:00] SCN.cv7: Checkpoint saved to experiments/normal/sili/SCN_sili_h8
[2020-09-16 22:05:01] SCN.cv7: Hidden size: 21 	 
Training MSE: 0.18136498 	 Validating MSE: 0.94491625 	 Best VMSE: 0.91186333
[2020-09-16 22:05:01] SCN.cv7: Checkpoint saved to experiments/normal/sili/SCN_sili_h8
[2020-09-16 22:05:02] SCN.cv7: Hidden size: 22 	 
Training MSE: 0.17863688 	 Validating MSE: 0.94393200 	 Best VMSE: 0.91186333
[2020-09-16 22:05:02] SCN.cv7: Checkpoint saved to experiments/normal/sili/SCN_sili_h8
[2020-09-16 22:05:03] SCN.cv7: Hidden size: 23 	 
Training MSE: 0.17722791 	 Validating MSE: 0.94014448 	 Best VMSE: 0.91186333
[2020-09-16 22:05:03] SCN.cv7: Checkpoint saved to experiments/normal/sili/SCN_sili_h8
[2020-09-16 22:05:04] SCN.cv7: Hidden size: 24 	 
Training MSE: 0.17613579 	 Validating MSE: 0.94077140 	 Best VMSE: 0.91186333
[2020-09-16 22:05:04] SCN.cv7: Checkpoint saved to experiments/normal/sili/SCN_sili_h8
[2020-09-16 22:05:05] SCN.cv7: Hidden size: 25 	 
Training MSE: 0.17452243 	 Validating MSE: 0.92000389 	 Best VMSE: 0.91186333
[2020-09-16 22:05:05] SCN.cv7: Checkpoint saved to experiments/normal/sili/SCN_sili_h8
[2020-09-16 22:05:06] SCN.cv7: Hidden size: 26 	 
Training MSE: 0.17173038 	 Validating MSE: 0.94436723 	 Best VMSE: 0.91186333
[2020-09-16 22:05:06] SCN.cv7: Checkpoint saved to experiments/normal/sili/SCN_sili_h8
[2020-09-16 22:05:06] SCN.cv7: Hidden size: 27 	 
Training MSE: 0.17086279 	 Validating MSE: 0.94952554 	 Best VMSE: 0.91186333
[2020-09-16 22:05:06] SCN.cv7: Checkpoint saved to experiments/normal/sili/SCN_sili_h8
[2020-09-16 22:05:07] SCN.cv7: Hidden size: 28 	 
Training MSE: 0.16940983 	 Validating MSE: 0.96785927 	 Best VMSE: 0.91186333
[2020-09-16 22:05:07] SCN.cv7: Checkpoint saved to experiments/normal/sili/SCN_sili_h8
[2020-09-16 22:05:08] SCN.cv7: Hidden size: 29 	 
Training MSE: 0.16697364 	 Validating MSE: 0.96825045 	 Best VMSE: 0.91186333
[2020-09-16 22:05:08] SCN.cv7: Checkpoint saved to experiments/normal/sili/SCN_sili_h8
[2020-09-16 22:05:09] SCN.cv7: Hidden size: 30 	 
Training MSE: 0.16474301 	 Validating MSE: 0.97360653 	 Best VMSE: 0.91186333
[2020-09-16 22:05:09] SCN.cv7: Checkpoint saved to experiments/normal/sili/SCN_sili_h8
[2020-09-16 22:05:10] SCN.cv7: Hidden size: 31 	 
Training MSE: 0.16029835 	 Validating MSE: 1.05315876 	 Best VMSE: 0.91186333
[2020-09-16 22:05:10] SCN.cv7: Checkpoint saved to experiments/normal/sili/SCN_sili_h8
[2020-09-16 22:05:11] SCN.cv7: Hidden size: 32 	 
Training MSE: 0.15904275 	 Validating MSE: 1.05085742 	 Best VMSE: 0.91186333
[2020-09-16 22:05:11] SCN.cv7: Checkpoint saved to experiments/normal/sili/SCN_sili_h8
[2020-09-16 22:05:12] SCN.cv7: Hidden size: 33 	 
Training MSE: 0.15703841 	 Validating MSE: 1.05378008 	 Best VMSE: 0.91186333
[2020-09-16 22:05:12] SCN.cv7: Checkpoint saved to experiments/normal/sili/SCN_sili_h8
[2020-09-16 22:05:13] SCN.cv7: Hidden size: 34 	 
Training MSE: 0.15655574 	 Validating MSE: 1.04032803 	 Best VMSE: 0.91186333
[2020-09-16 22:05:13] SCN.cv7: Checkpoint saved to experiments/normal/sili/SCN_sili_h8
[2020-09-16 22:05:13] SCN.cv7: Hidden size: 35 	 
Training MSE: 0.15527995 	 Validating MSE: 1.04142332 	 Best VMSE: 0.91186333
[2020-09-16 22:05:13] SCN.cv7: Checkpoint saved to experiments/normal/sili/SCN_sili_h8
[2020-09-16 22:05:14] SCN.cv7: Hidden size: 36 	 
Training MSE: 0.15425600 	 Validating MSE: 1.03670084 	 Best VMSE: 0.91186333
[2020-09-16 22:05:14] SCN.cv7: Checkpoint saved to experiments/normal/sili/SCN_sili_h8
[2020-09-16 22:05:15] SCN.cv7: Hidden size: 37 	 
Training MSE: 0.15286143 	 Validating MSE: 0.99613476 	 Best VMSE: 0.91186333
[2020-09-16 22:05:15] SCN.cv7: Checkpoint saved to experiments/normal/sili/SCN_sili_h8
[2020-09-16 22:05:16] SCN.cv7: Hidden size: 38 	 
Training MSE: 0.15034744 	 Validating MSE: 0.98684561 	 Best VMSE: 0.91186333
[2020-09-16 22:05:16] SCN.cv7: Checkpoint saved to experiments/normal/sili/SCN_sili_h8
[2020-09-16 22:05:17] SCN.cv7: Hidden size: 39 	 
Training MSE: 0.14938553 	 Validating MSE: 0.97976726 	 Best VMSE: 0.91186333
[2020-09-16 22:05:17] SCN.cv7: Checkpoint saved to experiments/normal/sili/SCN_sili_h8
[2020-09-16 22:05:18] SCN.cv7: Hidden size: 40 	 
Training MSE: 0.14842203 	 Validating MSE: 0.96647626 	 Best VMSE: 0.91186333
[2020-09-16 22:05:18] SCN.cv7: Checkpoint saved to experiments/normal/sili/SCN_sili_h8
[2020-09-16 22:05:19] SCN.cv7: Hidden size: 41 	 
Training MSE: 0.14746734 	 Validating MSE: 0.97887993 	 Best VMSE: 0.91186333
[2020-09-16 22:05:19] SCN.cv7: Checkpoint saved to experiments/normal/sili/SCN_sili_h8
[2020-09-16 22:05:19] SCN.cv7: Hidden size: 42 	 
Training MSE: 0.14554286 	 Validating MSE: 1.01718998 	 Best VMSE: 0.91186333
[2020-09-16 22:05:19] SCN.cv7: Checkpoint saved to experiments/normal/sili/SCN_sili_h8
[2020-09-16 22:05:20] SCN.cv7: Hidden size: 43 	 
Training MSE: 0.14439392 	 Validating MSE: 1.03949702 	 Best VMSE: 0.91186333
[2020-09-16 22:05:20] SCN.cv7: Checkpoint saved to experiments/normal/sili/SCN_sili_h8
[2020-09-16 22:05:21] SCN.cv7: Hidden size: 44 	 
Training MSE: 0.14351809 	 Validating MSE: 1.04097462 	 Best VMSE: 0.91186333
[2020-09-16 22:05:21] SCN.cv7: Checkpoint saved to experiments/normal/sili/SCN_sili_h8
[2020-09-16 22:05:22] SCN.cv7: Hidden size: 45 	 
Training MSE: 0.14162004 	 Validating MSE: 1.02271354 	 Best VMSE: 0.91186333
[2020-09-16 22:05:22] SCN.cv7: Checkpoint saved to experiments/normal/sili/SCN_sili_h8
[2020-09-16 22:05:23] SCN.cv7: Hidden size: 46 	 
Training MSE: 0.13987234 	 Validating MSE: 1.02547824 	 Best VMSE: 0.91186333
[2020-09-16 22:05:23] SCN.cv7: Checkpoint saved to experiments/normal/sili/SCN_sili_h8
[2020-09-16 22:05:24] SCN.cv7: Hidden size: 47 	 
Training MSE: 0.13907471 	 Validating MSE: 1.01986599 	 Best VMSE: 0.91186333
[2020-09-16 22:05:24] SCN.cv7: Checkpoint saved to experiments/normal/sili/SCN_sili_h8
[2020-09-16 22:05:25] SCN.cv7: Hidden size: 48 	 
Training MSE: 0.13764466 	 Validating MSE: 1.06914294 	 Best VMSE: 0.91186333
[2020-09-16 22:05:25] SCN.cv7: Checkpoint saved to experiments/normal/sili/SCN_sili_h8
[2020-09-16 22:05:25] SCN.cv7: Hidden size: 49 	 
Training MSE: 0.13534333 	 Validating MSE: 1.08033776 	 Best VMSE: 0.91186333
[2020-09-16 22:05:25] SCN.cv7: Checkpoint saved to experiments/normal/sili/SCN_sili_h8
[2020-09-16 22:05:26] SCN.cv7: Hidden size: 50 	 
Training MSE: 0.13362655 	 Validating MSE: 1.14083230 	 Best VMSE: 0.91186333
[2020-09-16 22:05:26] SCN.cv7: Checkpoint saved to experiments/normal/sili/SCN_sili_h8
[2020-09-16 22:05:27] SCN.cv7: Hidden size: 51 	 
Training MSE: 0.13252644 	 Validating MSE: 1.14210987 	 Best VMSE: 0.91186333
[2020-09-16 22:05:27] SCN.cv7: Checkpoint saved to experiments/normal/sili/SCN_sili_h8
[2020-09-16 22:05:28] SCN.cv7: Hidden size: 52 	 
Training MSE: 0.13110678 	 Validating MSE: 1.13900745 	 Best VMSE: 0.91186333
[2020-09-16 22:05:28] SCN.cv7: Checkpoint saved to experiments/normal/sili/SCN_sili_h8
[2020-09-16 22:05:29] SCN.cv7: Hidden size: 53 	 
Training MSE: 0.13014632 	 Validating MSE: 1.17168736 	 Best VMSE: 0.91186333
[2020-09-16 22:05:29] SCN.cv7: Checkpoint saved to experiments/normal/sili/SCN_sili_h8
[2020-09-16 22:05:30] SCN.cv7: Hidden size: 54 	 
Training MSE: 0.12853955 	 Validating MSE: 1.17581713 	 Best VMSE: 0.91186333
[2020-09-16 22:05:30] SCN.cv7: Checkpoint saved to experiments/normal/sili/SCN_sili_h8
[2020-09-16 22:05:31] SCN.cv7: Hidden size: 55 	 
Training MSE: 0.12739807 	 Validating MSE: 1.12316251 	 Best VMSE: 0.91186333
[2020-09-16 22:05:31] SCN.cv7: Checkpoint saved to experiments/normal/sili/SCN_sili_h8
[2020-09-16 22:05:31] SCN.cv7: Hidden size: 56 	 
Training MSE: 0.12574117 	 Validating MSE: 1.13614559 	 Best VMSE: 0.91186333
[2020-09-16 22:05:31] SCN.cv7: Checkpoint saved to experiments/normal/sili/SCN_sili_h8
[2020-09-16 22:05:32] SCN.cv7: Hidden size: 57 	 
Training MSE: 0.12524357 	 Validating MSE: 1.14106762 	 Best VMSE: 0.91186333
[2020-09-16 22:05:32] SCN.cv7: Checkpoint saved to experiments/normal/sili/SCN_sili_h8
[2020-09-16 22:05:33] SCN.cv7: Hidden size: 58 	 
Training MSE: 0.12480217 	 Validating MSE: 1.13835621 	 Best VMSE: 0.91186333
[2020-09-16 22:05:33] SCN.cv7: Checkpoint saved to experiments/normal/sili/SCN_sili_h8
[2020-09-16 22:05:34] SCN.cv7: Hidden size: 59 	 
Training MSE: 0.12400691 	 Validating MSE: 1.14021528 	 Best VMSE: 0.91186333
[2020-09-16 22:05:34] SCN.cv7: Checkpoint saved to experiments/normal/sili/SCN_sili_h8
[2020-09-16 22:05:35] SCN.cv7: Hidden size: 60 	 
Training MSE: 0.12348365 	 Validating MSE: 1.16977656 	 Best VMSE: 0.91186333
[2020-09-16 22:05:35] SCN.cv7: Checkpoint saved to experiments/normal/sili/SCN_sili_h8
[2020-09-16 22:05:36] SCN.cv7: Hidden size: 61 	 
Training MSE: 0.12251300 	 Validating MSE: 1.15594065 	 Best VMSE: 0.91186333
[2020-09-16 22:05:36] SCN.cv7: Checkpoint saved to experiments/normal/sili/SCN_sili_h8
[2020-09-16 22:05:37] SCN.cv7: Hidden size: 62 	 
Training MSE: 0.12163907 	 Validating MSE: 1.19457185 	 Best VMSE: 0.91186333
[2020-09-16 22:05:37] SCN.cv7: Checkpoint saved to experiments/normal/sili/SCN_sili_h8
[2020-09-16 22:05:37] SCN.cv7: Hidden size: 63 	 
Training MSE: 0.12099965 	 Validating MSE: 1.18899560 	 Best VMSE: 0.91186333
[2020-09-16 22:05:37] SCN.cv7: Checkpoint saved to experiments/normal/sili/SCN_sili_h8
[2020-09-16 22:05:38] SCN.cv7: Hidden size: 64 	 
Training MSE: 0.12011649 	 Validating MSE: 1.19472408 	 Best VMSE: 0.91186333
[2020-09-16 22:05:38] SCN.cv7: Checkpoint saved to experiments/normal/sili/SCN_sili_h8
[2020-09-16 22:05:39] SCN.cv7: Hidden size: 65 	 
Training MSE: 0.11869241 	 Validating MSE: 1.22764003 	 Best VMSE: 0.91186333
[2020-09-16 22:05:39] SCN.cv7: Checkpoint saved to experiments/normal/sili/SCN_sili_h8
[2020-09-16 22:05:40] SCN.cv7: Hidden size: 66 	 
Training MSE: 0.11796535 	 Validating MSE: 1.22833467 	 Best VMSE: 0.91186333
[2020-09-16 22:05:40] SCN.cv7: Checkpoint saved to experiments/normal/sili/SCN_sili_h8
[2020-09-16 22:05:41] SCN.cv7: Hidden size: 67 	 
Training MSE: 0.11657688 	 Validating MSE: 1.24590242 	 Best VMSE: 0.91186333
[2020-09-16 22:05:41] SCN.cv7: Checkpoint saved to experiments/normal/sili/SCN_sili_h8
[2020-09-16 22:05:42] SCN.cv7: Hidden size: 68 	 
Training MSE: 0.11565755 	 Validating MSE: 1.23425269 	 Best VMSE: 0.91186333
[2020-09-16 22:05:42] SCN.cv7: Checkpoint saved to experiments/normal/sili/SCN_sili_h8
[2020-09-16 22:05:43] SCN.cv7: Hidden size: 69 	 
Training MSE: 0.11481102 	 Validating MSE: 1.23619282 	 Best VMSE: 0.91186333
[2020-09-16 22:05:43] SCN.cv7: Checkpoint saved to experiments/normal/sili/SCN_sili_h8
[2020-09-16 22:05:43] SCN.cv7: Hidden size: 70 	 
Training MSE: 0.11377260 	 Validating MSE: 1.28155458 	 Best VMSE: 0.91186333
[2020-09-16 22:05:43] SCN.cv7: Checkpoint saved to experiments/normal/sili/SCN_sili_h8
[2020-09-16 22:05:44] SCN.cv7: Hidden size: 71 	 
Training MSE: 0.11236265 	 Validating MSE: 1.41770160 	 Best VMSE: 0.91186333
[2020-09-16 22:05:44] SCN.cv7: Checkpoint saved to experiments/normal/sili/SCN_sili_h8
[2020-09-16 22:05:45] SCN.cv7: Hidden size: 72 	 
Training MSE: 0.11071169 	 Validating MSE: 1.51623857 	 Best VMSE: 0.91186333
[2020-09-16 22:05:45] SCN.cv7: Checkpoint saved to experiments/normal/sili/SCN_sili_h8
[2020-09-16 22:05:46] SCN.cv7: Hidden size: 73 	 
Training MSE: 0.10933257 	 Validating MSE: 1.44199622 	 Best VMSE: 0.91186333
[2020-09-16 22:05:46] SCN.cv7: Checkpoint saved to experiments/normal/sili/SCN_sili_h8
[2020-09-16 22:05:47] SCN.cv7: Hidden size: 74 	 
Training MSE: 0.10861403 	 Validating MSE: 1.40790081 	 Best VMSE: 0.91186333
[2020-09-16 22:05:47] SCN.cv7: Checkpoint saved to experiments/normal/sili/SCN_sili_h8
[2020-09-16 22:05:48] SCN.cv7: Hidden size: 75 	 
Training MSE: 0.10752746 	 Validating MSE: 1.40179527 	 Best VMSE: 0.91186333
[2020-09-16 22:05:48] SCN.cv7: Checkpoint saved to experiments/normal/sili/SCN_sili_h8
[2020-09-16 22:05:49] SCN.cv7: Hidden size: 76 	 
Training MSE: 0.10581707 	 Validating MSE: 1.37895894 	 Best VMSE: 0.91186333
[2020-09-16 22:05:49] SCN.cv7: Checkpoint saved to experiments/normal/sili/SCN_sili_h8
[2020-09-16 22:05:49] SCN.cv7: Hidden size: 77 	 
Training MSE: 0.10432003 	 Validating MSE: 1.44108450 	 Best VMSE: 0.91186333
[2020-09-16 22:05:49] SCN.cv7: Checkpoint saved to experiments/normal/sili/SCN_sili_h8
[2020-09-16 22:05:50] SCN.cv7: Hidden size: 78 	 
Training MSE: 0.10340257 	 Validating MSE: 1.40532732 	 Best VMSE: 0.91186333
[2020-09-16 22:05:50] SCN.cv7: Checkpoint saved to experiments/normal/sili/SCN_sili_h8
[2020-09-16 22:05:51] SCN.cv7: Hidden size: 79 	 
Training MSE: 0.10218865 	 Validating MSE: 1.54281795 	 Best VMSE: 0.91186333
[2020-09-16 22:05:51] SCN.cv7: Checkpoint saved to experiments/normal/sili/SCN_sili_h8
[2020-09-16 22:05:52] SCN.cv7: Hidden size: 80 	 
Training MSE: 0.10056194 	 Validating MSE: 1.68175817 	 Best VMSE: 0.91186333
[2020-09-16 22:05:52] SCN.cv7: Checkpoint saved to experiments/normal/sili/SCN_sili_h8
[2020-09-16 22:05:53] SCN.cv7: Hidden size: 81 	 
Training MSE: 0.09982377 	 Validating MSE: 1.68671417 	 Best VMSE: 0.91186333
[2020-09-16 22:05:53] SCN.cv7: Checkpoint saved to experiments/normal/sili/SCN_sili_h8
[2020-09-16 22:05:54] SCN.cv7: Hidden size: 82 	 
Training MSE: 0.09897220 	 Validating MSE: 1.69369495 	 Best VMSE: 0.91186333
[2020-09-16 22:05:54] SCN.cv7: Checkpoint saved to experiments/normal/sili/SCN_sili_h8
[2020-09-16 22:05:55] SCN.cv7: Hidden size: 83 	 
Training MSE: 0.09801918 	 Validating MSE: 1.88188350 	 Best VMSE: 0.91186333
[2020-09-16 22:05:55] SCN.cv7: Checkpoint saved to experiments/normal/sili/SCN_sili_h8
[2020-09-16 22:05:55] SCN.cv7: Hidden size: 84 	 
Training MSE: 0.09753631 	 Validating MSE: 1.86483502 	 Best VMSE: 0.91186333
[2020-09-16 22:05:55] SCN.cv7: Checkpoint saved to experiments/normal/sili/SCN_sili_h8
[2020-09-16 22:05:56] SCN.cv7: Hidden size: 85 	 
Training MSE: 0.09661715 	 Validating MSE: 1.90607917 	 Best VMSE: 0.91186333
[2020-09-16 22:05:56] SCN.cv7: Checkpoint saved to experiments/normal/sili/SCN_sili_h8
[2020-09-16 22:05:57] SCN.cv7: Hidden size: 86 	 
Training MSE: 0.09607106 	 Validating MSE: 1.90699506 	 Best VMSE: 0.91186333
[2020-09-16 22:05:57] SCN.cv7: Checkpoint saved to experiments/normal/sili/SCN_sili_h8
[2020-09-16 22:05:58] SCN.cv7: Hidden size: 87 	 
Training MSE: 0.09436429 	 Validating MSE: 1.93562627 	 Best VMSE: 0.91186333
[2020-09-16 22:05:58] SCN.cv7: Checkpoint saved to experiments/normal/sili/SCN_sili_h8
[2020-09-16 22:05:59] SCN.cv7: Hidden size: 88 	 
Training MSE: 0.09403397 	 Validating MSE: 1.90338707 	 Best VMSE: 0.91186333
[2020-09-16 22:05:59] SCN.cv7: Checkpoint saved to experiments/normal/sili/SCN_sili_h8
[2020-09-16 22:06:00] SCN.cv7: Hidden size: 89 	 
Training MSE: 0.09315406 	 Validating MSE: 2.05232596 	 Best VMSE: 0.91186333
[2020-09-16 22:06:00] SCN.cv7: Checkpoint saved to experiments/normal/sili/SCN_sili_h8
[2020-09-16 22:06:01] SCN.cv7: Hidden size: 90 	 
Training MSE: 0.09264107 	 Validating MSE: 2.03973246 	 Best VMSE: 0.91186333
[2020-09-16 22:06:01] SCN.cv7: Checkpoint saved to experiments/normal/sili/SCN_sili_h8
[2020-09-16 22:06:01] SCN.cv7: Hidden size: 91 	 
Training MSE: 0.09215202 	 Validating MSE: 2.06185198 	 Best VMSE: 0.91186333
[2020-09-16 22:06:01] SCN.cv7: Checkpoint saved to experiments/normal/sili/SCN_sili_h8
[2020-09-16 22:06:02] SCN.cv7: Hidden size: 92 	 
Training MSE: 0.09099107 	 Validating MSE: 2.00984883 	 Best VMSE: 0.91186333
[2020-09-16 22:06:02] SCN.cv7: Checkpoint saved to experiments/normal/sili/SCN_sili_h8
[2020-09-16 22:06:03] SCN.cv7: Hidden size: 93 	 
Training MSE: 0.08896272 	 Validating MSE: 1.99577582 	 Best VMSE: 0.91186333
[2020-09-16 22:06:03] SCN.cv7: Checkpoint saved to experiments/normal/sili/SCN_sili_h8
[2020-09-16 22:06:04] SCN.cv7: Hidden size: 94 	 
Training MSE: 0.08792502 	 Validating MSE: 2.12200236 	 Best VMSE: 0.91186333
[2020-09-16 22:06:04] SCN.cv7: Checkpoint saved to experiments/normal/sili/SCN_sili_h8
[2020-09-16 22:06:05] SCN.cv7: Hidden size: 95 	 
Training MSE: 0.08724041 	 Validating MSE: 2.27014804 	 Best VMSE: 0.91186333
[2020-09-16 22:06:05] SCN.cv7: Checkpoint saved to experiments/normal/sili/SCN_sili_h8
[2020-09-16 22:06:06] SCN.cv7: Hidden size: 96 	 
Training MSE: 0.08619653 	 Validating MSE: 2.36909437 	 Best VMSE: 0.91186333
[2020-09-16 22:06:06] SCN.cv7: Checkpoint saved to experiments/normal/sili/SCN_sili_h8
[2020-09-16 22:06:07] SCN.cv7: Hidden size: 97 	 
Training MSE: 0.08555639 	 Validating MSE: 2.32832146 	 Best VMSE: 0.91186333
[2020-09-16 22:06:07] SCN.cv7: Checkpoint saved to experiments/normal/sili/SCN_sili_h8
[2020-09-16 22:06:07] SCN.cv7: Hidden size: 98 	 
Training MSE: 0.08462282 	 Validating MSE: 2.28341556 	 Best VMSE: 0.91186333
[2020-09-16 22:06:07] SCN.cv7: Checkpoint saved to experiments/normal/sili/SCN_sili_h8
[2020-09-16 22:06:08] SCN.cv7: Hidden size: 99 	 
Training MSE: 0.08409572 	 Validating MSE: 2.33519673 	 Best VMSE: 0.91186333
[2020-09-16 22:06:08] SCN.cv7: Checkpoint saved to experiments/normal/sili/SCN_sili_h8
[2020-09-16 22:06:09] SCN.cv7: Hidden size: 100 	 
Training MSE: 0.08337650 	 Validating MSE: 2.32625771 	 Best VMSE: 0.91186333
[2020-09-16 22:06:09] SCN.cv7: Checkpoint saved to experiments/normal/sili/SCN_sili_h8
[2020-09-16 22:06:09] SCN.cv7: Restoring best parameters from experiments/normal/sili/SCN_sili_h8/train.cv7.pth.tar
[2020-09-16 22:06:09] SCN.cv7: sili	 H: 8	 Trail: 14 
Testing RMSE: 1.105 	 MAPE: 0.1806 	 SMAPE: 0.1001
