[2020-09-16 21:57:54] SCN.cv6: Loading the datasets and model for 10th-batch-training
[2020-09-16 21:57:54] SCN.cv6: Argument hidden_size: 100
[2020-09-16 21:57:54] SCN.cv6: Argument candidate_size: 300
[2020-09-16 21:57:54] SCN.cv6: Argument Lambdas: [0.5, 1, 5, 15, 30, 50, 100, 150, 200]
[2020-09-16 21:57:54] SCN.cv6: Argument Lambdas_std: [0.01, 0.05, 0.1, 0.5, 1]
[2020-09-16 21:57:54] SCN.cv6: Argument r: [0.8, 0.9, 0.99, 0.9999, 0.999999]
[2020-09-16 21:57:54] SCN.cv6: Argument tolerance: 0
[2020-09-16 21:57:54] SCN.cv6: Argument device: device(type='cuda')
[2020-09-16 21:57:54] SCN.cv6: Argument dataset: 'sili'
[2020-09-16 21:57:54] SCN.cv6: Argument H: 8
[2020-09-16 21:57:54] SCN.cv6: Argument k: 5
[2020-09-16 21:57:54] SCN.cv6: Argument test: False
[2020-09-16 21:57:54] SCN.cv6: Argument normal: True
[2020-09-16 21:57:54] SCN.cv6: Argument diff: False
[2020-09-16 21:57:54] SCN.cv6: Argument times: 40
[2020-09-16 21:57:54] SCN.cv6: Argument datasets: {'ar1': {'lag_order': 15, 'normal': True, 'cov_dim': 0, 'kernel_size': 3}, 'wti': {'lag_order': 25, 'normal': True, 'cov_dim': 0, 'kernel_size': 5}, 'gold': {'lag_order': 25, 'normal': True, 'cov_dim': 0, 'kernel_size': 5}, 'sp': {'lag_order': 25, 'normal': True, 'cov_dim': 0, 'kernel_size': 5}, 'brent': {'lag_order': 24, 'normal': True, 'cov_dim': 0, 'kernel_size': 6}, 'sili': {'lag_order': 26, 'normal': True, 'cov_dim': 0, 'kernel_size': 6}}
[2020-09-16 21:57:54] SCN.cv6: Argument steps: 26
[2020-09-16 21:57:54] SCN.cv6: Argument experiment: 'experiments/normal/sili'
[2020-09-16 21:57:54] SCN.cv6: Argument scaler: StandardScaler()
[2020-09-16 21:57:54] SCN.cv6: Argument model_name: 'SCN_sili_h8'
[2020-09-16 21:57:54] SCN.cv6: Argument model_dir: 'experiments/normal/sili/SCN_sili_h8'
[2020-09-16 21:57:54] SCN.cv6: Argument restore: True
[2020-09-16 21:57:54] SCN.cv6: Argument cv: 6
[2020-09-16 21:57:54] SCN.cv6: Argument plot_dir: 'experiments/normal/sili/SCN_sili_h8/figures'
[2020-09-16 21:57:54] SCN.cv6: Using Cuda...
[2020-09-16 21:57:54] SCN.cv6: Loading complete.
[2020-09-16 21:57:54] SCN.cv6: Model: 
scnModel(
  (loss_fn): MSELoss()
)
[2020-09-16 21:57:54] SCN.cv6: Hidden size: 1 	 
Training MSE: 0.38902083 	 Validating MSE: 1.60529196 	 Best VMSE: 9999.00000000
[2020-09-16 21:57:54] SCN.cv6: Found new best state
[2020-09-16 21:57:54] SCN.cv6: Best vmse: 1.6053
[2020-09-16 21:57:54] SCN.cv6: Checkpoint saved to experiments/normal/sili/SCN_sili_h8
[2020-09-16 21:57:55] SCN.cv6: Hidden size: 2 	 
Training MSE: 0.29896495 	 Validating MSE: 1.20161426 	 Best VMSE: 1.60529196
[2020-09-16 21:57:55] SCN.cv6: Found new best state
[2020-09-16 21:57:55] SCN.cv6: Best vmse: 1.2016
[2020-09-16 21:57:55] SCN.cv6: Checkpoint saved to experiments/normal/sili/SCN_sili_h8
[2020-09-16 21:57:56] SCN.cv6: Hidden size: 3 	 
Training MSE: 0.25841603 	 Validating MSE: 1.19400263 	 Best VMSE: 1.20161426
[2020-09-16 21:57:56] SCN.cv6: Found new best state
[2020-09-16 21:57:56] SCN.cv6: Best vmse: 1.1940
[2020-09-16 21:57:56] SCN.cv6: Checkpoint saved to experiments/normal/sili/SCN_sili_h8
[2020-09-16 21:57:57] SCN.cv6: Hidden size: 4 	 
Training MSE: 0.25117874 	 Validating MSE: 1.20972717 	 Best VMSE: 1.19400263
[2020-09-16 21:57:57] SCN.cv6: Checkpoint saved to experiments/normal/sili/SCN_sili_h8
[2020-09-16 21:57:58] SCN.cv6: Hidden size: 5 	 
Training MSE: 0.24417616 	 Validating MSE: 1.08511245 	 Best VMSE: 1.19400263
[2020-09-16 21:57:58] SCN.cv6: Found new best state
[2020-09-16 21:57:58] SCN.cv6: Best vmse: 1.0851
[2020-09-16 21:57:58] SCN.cv6: Checkpoint saved to experiments/normal/sili/SCN_sili_h8
[2020-09-16 21:57:59] SCN.cv6: Hidden size: 6 	 
Training MSE: 0.23662242 	 Validating MSE: 1.06946468 	 Best VMSE: 1.08511245
[2020-09-16 21:57:59] SCN.cv6: Found new best state
[2020-09-16 21:57:59] SCN.cv6: Best vmse: 1.0695
[2020-09-16 21:57:59] SCN.cv6: Checkpoint saved to experiments/normal/sili/SCN_sili_h8
[2020-09-16 21:58:00] SCN.cv6: Hidden size: 7 	 
Training MSE: 0.22921933 	 Validating MSE: 1.03668308 	 Best VMSE: 1.06946468
[2020-09-16 21:58:00] SCN.cv6: Found new best state
[2020-09-16 21:58:00] SCN.cv6: Best vmse: 1.0367
[2020-09-16 21:58:00] SCN.cv6: Checkpoint saved to experiments/normal/sili/SCN_sili_h8
[2020-09-16 21:58:01] SCN.cv6: Hidden size: 8 	 
Training MSE: 0.22245519 	 Validating MSE: 0.97975761 	 Best VMSE: 1.03668308
[2020-09-16 21:58:01] SCN.cv6: Found new best state
[2020-09-16 21:58:01] SCN.cv6: Best vmse: 0.9798
[2020-09-16 21:58:01] SCN.cv6: Checkpoint saved to experiments/normal/sili/SCN_sili_h8
[2020-09-16 21:58:02] SCN.cv6: Hidden size: 9 	 
Training MSE: 0.21675177 	 Validating MSE: 0.96044523 	 Best VMSE: 0.97975761
[2020-09-16 21:58:02] SCN.cv6: Found new best state
[2020-09-16 21:58:02] SCN.cv6: Best vmse: 0.9604
[2020-09-16 21:58:02] SCN.cv6: Checkpoint saved to experiments/normal/sili/SCN_sili_h8
[2020-09-16 21:58:03] SCN.cv6: Hidden size: 10 	 
Training MSE: 0.20930439 	 Validating MSE: 0.96930850 	 Best VMSE: 0.96044523
[2020-09-16 21:58:03] SCN.cv6: Checkpoint saved to experiments/normal/sili/SCN_sili_h8
[2020-09-16 21:58:04] SCN.cv6: Hidden size: 11 	 
Training MSE: 0.20194572 	 Validating MSE: 0.97101098 	 Best VMSE: 0.96044523
[2020-09-16 21:58:04] SCN.cv6: Checkpoint saved to experiments/normal/sili/SCN_sili_h8
[2020-09-16 21:58:05] SCN.cv6: Hidden size: 12 	 
Training MSE: 0.19783191 	 Validating MSE: 0.96678811 	 Best VMSE: 0.96044523
[2020-09-16 21:58:05] SCN.cv6: Checkpoint saved to experiments/normal/sili/SCN_sili_h8
[2020-09-16 21:58:06] SCN.cv6: Hidden size: 13 	 
Training MSE: 0.19554873 	 Validating MSE: 0.97628993 	 Best VMSE: 0.96044523
[2020-09-16 21:58:06] SCN.cv6: Checkpoint saved to experiments/normal/sili/SCN_sili_h8
[2020-09-16 21:58:07] SCN.cv6: Hidden size: 14 	 
Training MSE: 0.19196554 	 Validating MSE: 0.96054429 	 Best VMSE: 0.96044523
[2020-09-16 21:58:07] SCN.cv6: Checkpoint saved to experiments/normal/sili/SCN_sili_h8
[2020-09-16 21:58:08] SCN.cv6: Hidden size: 15 	 
Training MSE: 0.18988727 	 Validating MSE: 0.95426416 	 Best VMSE: 0.96044523
[2020-09-16 21:58:08] SCN.cv6: Found new best state
[2020-09-16 21:58:08] SCN.cv6: Best vmse: 0.9543
[2020-09-16 21:58:08] SCN.cv6: Checkpoint saved to experiments/normal/sili/SCN_sili_h8
[2020-09-16 21:58:09] SCN.cv6: Hidden size: 16 	 
Training MSE: 0.18847913 	 Validating MSE: 0.95368701 	 Best VMSE: 0.95426416
[2020-09-16 21:58:09] SCN.cv6: Found new best state
[2020-09-16 21:58:09] SCN.cv6: Best vmse: 0.9537
[2020-09-16 21:58:09] SCN.cv6: Checkpoint saved to experiments/normal/sili/SCN_sili_h8
[2020-09-16 21:58:10] SCN.cv6: Hidden size: 17 	 
Training MSE: 0.18697011 	 Validating MSE: 0.93712425 	 Best VMSE: 0.95368701
[2020-09-16 21:58:10] SCN.cv6: Found new best state
[2020-09-16 21:58:10] SCN.cv6: Best vmse: 0.9371
[2020-09-16 21:58:10] SCN.cv6: Checkpoint saved to experiments/normal/sili/SCN_sili_h8
[2020-09-16 21:58:11] SCN.cv6: Hidden size: 18 	 
Training MSE: 0.18488301 	 Validating MSE: 0.93123764 	 Best VMSE: 0.93712425
[2020-09-16 21:58:11] SCN.cv6: Found new best state
[2020-09-16 21:58:11] SCN.cv6: Best vmse: 0.9312
[2020-09-16 21:58:11] SCN.cv6: Checkpoint saved to experiments/normal/sili/SCN_sili_h8
[2020-09-16 21:58:12] SCN.cv6: Hidden size: 19 	 
Training MSE: 0.18364011 	 Validating MSE: 0.92851794 	 Best VMSE: 0.93123764
[2020-09-16 21:58:12] SCN.cv6: Found new best state
[2020-09-16 21:58:12] SCN.cv6: Best vmse: 0.9285
[2020-09-16 21:58:12] SCN.cv6: Checkpoint saved to experiments/normal/sili/SCN_sili_h8
[2020-09-16 21:58:13] SCN.cv6: Hidden size: 20 	 
Training MSE: 0.18155205 	 Validating MSE: 0.93539900 	 Best VMSE: 0.92851794
[2020-09-16 21:58:13] SCN.cv6: Checkpoint saved to experiments/normal/sili/SCN_sili_h8
[2020-09-16 21:58:14] SCN.cv6: Hidden size: 21 	 
Training MSE: 0.17962138 	 Validating MSE: 0.92771548 	 Best VMSE: 0.92851794
[2020-09-16 21:58:14] SCN.cv6: Found new best state
[2020-09-16 21:58:14] SCN.cv6: Best vmse: 0.9277
[2020-09-16 21:58:14] SCN.cv6: Checkpoint saved to experiments/normal/sili/SCN_sili_h8
[2020-09-16 21:58:15] SCN.cv6: Hidden size: 22 	 
Training MSE: 0.17787331 	 Validating MSE: 0.93828642 	 Best VMSE: 0.92771548
[2020-09-16 21:58:15] SCN.cv6: Checkpoint saved to experiments/normal/sili/SCN_sili_h8
[2020-09-16 21:58:16] SCN.cv6: Hidden size: 23 	 
Training MSE: 0.17619850 	 Validating MSE: 0.94065171 	 Best VMSE: 0.92771548
[2020-09-16 21:58:16] SCN.cv6: Checkpoint saved to experiments/normal/sili/SCN_sili_h8
[2020-09-16 21:58:17] SCN.cv6: Hidden size: 24 	 
Training MSE: 0.17526706 	 Validating MSE: 0.92887002 	 Best VMSE: 0.92771548
[2020-09-16 21:58:17] SCN.cv6: Checkpoint saved to experiments/normal/sili/SCN_sili_h8
[2020-09-16 21:58:18] SCN.cv6: Hidden size: 25 	 
Training MSE: 0.17364672 	 Validating MSE: 0.93383282 	 Best VMSE: 0.92771548
[2020-09-16 21:58:18] SCN.cv6: Checkpoint saved to experiments/normal/sili/SCN_sili_h8
[2020-09-16 21:58:19] SCN.cv6: Hidden size: 26 	 
Training MSE: 0.17037782 	 Validating MSE: 0.94558781 	 Best VMSE: 0.92771548
[2020-09-16 21:58:19] SCN.cv6: Checkpoint saved to experiments/normal/sili/SCN_sili_h8
[2020-09-16 21:58:21] SCN.cv6: Hidden size: 27 	 
Training MSE: 0.16895293 	 Validating MSE: 0.95746768 	 Best VMSE: 0.92771548
[2020-09-16 21:58:21] SCN.cv6: Checkpoint saved to experiments/normal/sili/SCN_sili_h8
[2020-09-16 21:58:22] SCN.cv6: Hidden size: 28 	 
Training MSE: 0.16654076 	 Validating MSE: 0.97045785 	 Best VMSE: 0.92771548
[2020-09-16 21:58:22] SCN.cv6: Checkpoint saved to experiments/normal/sili/SCN_sili_h8
[2020-09-16 21:58:23] SCN.cv6: Hidden size: 29 	 
Training MSE: 0.16430651 	 Validating MSE: 0.99304229 	 Best VMSE: 0.92771548
[2020-09-16 21:58:23] SCN.cv6: Checkpoint saved to experiments/normal/sili/SCN_sili_h8
[2020-09-16 21:58:24] SCN.cv6: Hidden size: 30 	 
Training MSE: 0.16273482 	 Validating MSE: 0.98259276 	 Best VMSE: 0.92771548
[2020-09-16 21:58:24] SCN.cv6: Checkpoint saved to experiments/normal/sili/SCN_sili_h8
[2020-09-16 21:58:25] SCN.cv6: Hidden size: 31 	 
Training MSE: 0.16064286 	 Validating MSE: 0.96851629 	 Best VMSE: 0.92771548
[2020-09-16 21:58:25] SCN.cv6: Checkpoint saved to experiments/normal/sili/SCN_sili_h8
[2020-09-16 21:58:26] SCN.cv6: Hidden size: 32 	 
Training MSE: 0.15831624 	 Validating MSE: 0.98353446 	 Best VMSE: 0.92771548
[2020-09-16 21:58:26] SCN.cv6: Checkpoint saved to experiments/normal/sili/SCN_sili_h8
[2020-09-16 21:58:27] SCN.cv6: Hidden size: 33 	 
Training MSE: 0.15622206 	 Validating MSE: 1.04198432 	 Best VMSE: 0.92771548
[2020-09-16 21:58:27] SCN.cv6: Checkpoint saved to experiments/normal/sili/SCN_sili_h8
[2020-09-16 21:58:28] SCN.cv6: Hidden size: 34 	 
Training MSE: 0.15431923 	 Validating MSE: 1.07593238 	 Best VMSE: 0.92771548
[2020-09-16 21:58:28] SCN.cv6: Checkpoint saved to experiments/normal/sili/SCN_sili_h8
[2020-09-16 21:58:29] SCN.cv6: Hidden size: 35 	 
Training MSE: 0.15323615 	 Validating MSE: 1.07289565 	 Best VMSE: 0.92771548
[2020-09-16 21:58:29] SCN.cv6: Checkpoint saved to experiments/normal/sili/SCN_sili_h8
[2020-09-16 21:58:30] SCN.cv6: Hidden size: 36 	 
Training MSE: 0.15215553 	 Validating MSE: 1.08108127 	 Best VMSE: 0.92771548
[2020-09-16 21:58:30] SCN.cv6: Checkpoint saved to experiments/normal/sili/SCN_sili_h8
[2020-09-16 21:58:31] SCN.cv6: Hidden size: 37 	 
Training MSE: 0.15021470 	 Validating MSE: 1.11495447 	 Best VMSE: 0.92771548
[2020-09-16 21:58:31] SCN.cv6: Checkpoint saved to experiments/normal/sili/SCN_sili_h8
[2020-09-16 21:58:32] SCN.cv6: Hidden size: 38 	 
Training MSE: 0.14890340 	 Validating MSE: 1.08641553 	 Best VMSE: 0.92771548
[2020-09-16 21:58:32] SCN.cv6: Checkpoint saved to experiments/normal/sili/SCN_sili_h8
[2020-09-16 21:58:33] SCN.cv6: Hidden size: 39 	 
Training MSE: 0.14777367 	 Validating MSE: 1.08841693 	 Best VMSE: 0.92771548
[2020-09-16 21:58:33] SCN.cv6: Checkpoint saved to experiments/normal/sili/SCN_sili_h8
[2020-09-16 21:58:34] SCN.cv6: Hidden size: 40 	 
Training MSE: 0.14733540 	 Validating MSE: 1.09324825 	 Best VMSE: 0.92771548
[2020-09-16 21:58:34] SCN.cv6: Checkpoint saved to experiments/normal/sili/SCN_sili_h8
[2020-09-16 21:58:35] SCN.cv6: Hidden size: 41 	 
Training MSE: 0.14631957 	 Validating MSE: 1.11149633 	 Best VMSE: 0.92771548
[2020-09-16 21:58:35] SCN.cv6: Checkpoint saved to experiments/normal/sili/SCN_sili_h8
[2020-09-16 21:58:36] SCN.cv6: Hidden size: 42 	 
Training MSE: 0.14467692 	 Validating MSE: 1.14252210 	 Best VMSE: 0.92771548
[2020-09-16 21:58:36] SCN.cv6: Checkpoint saved to experiments/normal/sili/SCN_sili_h8
[2020-09-16 21:58:37] SCN.cv6: Hidden size: 43 	 
Training MSE: 0.14368200 	 Validating MSE: 1.14859545 	 Best VMSE: 0.92771548
[2020-09-16 21:58:37] SCN.cv6: Checkpoint saved to experiments/normal/sili/SCN_sili_h8
[2020-09-16 21:58:38] SCN.cv6: Hidden size: 44 	 
Training MSE: 0.14279042 	 Validating MSE: 1.14190900 	 Best VMSE: 0.92771548
[2020-09-16 21:58:38] SCN.cv6: Checkpoint saved to experiments/normal/sili/SCN_sili_h8
[2020-09-16 21:58:39] SCN.cv6: Hidden size: 45 	 
Training MSE: 0.14149582 	 Validating MSE: 1.15090811 	 Best VMSE: 0.92771548
[2020-09-16 21:58:39] SCN.cv6: Checkpoint saved to experiments/normal/sili/SCN_sili_h8
[2020-09-16 21:58:40] SCN.cv6: Hidden size: 46 	 
Training MSE: 0.14052765 	 Validating MSE: 1.14027882 	 Best VMSE: 0.92771548
[2020-09-16 21:58:40] SCN.cv6: Checkpoint saved to experiments/normal/sili/SCN_sili_h8
[2020-09-16 21:58:41] SCN.cv6: Hidden size: 47 	 
Training MSE: 0.13917777 	 Validating MSE: 1.14099622 	 Best VMSE: 0.92771548
[2020-09-16 21:58:41] SCN.cv6: Checkpoint saved to experiments/normal/sili/SCN_sili_h8
[2020-09-16 21:58:42] SCN.cv6: Hidden size: 48 	 
Training MSE: 0.13744925 	 Validating MSE: 1.11321974 	 Best VMSE: 0.92771548
[2020-09-16 21:58:42] SCN.cv6: Checkpoint saved to experiments/normal/sili/SCN_sili_h8
[2020-09-16 21:58:43] SCN.cv6: Hidden size: 49 	 
Training MSE: 0.13581197 	 Validating MSE: 1.11168861 	 Best VMSE: 0.92771548
[2020-09-16 21:58:43] SCN.cv6: Checkpoint saved to experiments/normal/sili/SCN_sili_h8
[2020-09-16 21:58:44] SCN.cv6: Hidden size: 50 	 
Training MSE: 0.13444656 	 Validating MSE: 1.11446083 	 Best VMSE: 0.92771548
[2020-09-16 21:58:44] SCN.cv6: Checkpoint saved to experiments/normal/sili/SCN_sili_h8
[2020-09-16 21:58:45] SCN.cv6: Hidden size: 51 	 
Training MSE: 0.13191204 	 Validating MSE: 1.10729730 	 Best VMSE: 0.92771548
[2020-09-16 21:58:45] SCN.cv6: Checkpoint saved to experiments/normal/sili/SCN_sili_h8
[2020-09-16 21:58:46] SCN.cv6: Hidden size: 52 	 
Training MSE: 0.13063985 	 Validating MSE: 1.10127783 	 Best VMSE: 0.92771548
[2020-09-16 21:58:46] SCN.cv6: Checkpoint saved to experiments/normal/sili/SCN_sili_h8
[2020-09-16 21:58:47] SCN.cv6: Hidden size: 53 	 
Training MSE: 0.12926930 	 Validating MSE: 1.16590512 	 Best VMSE: 0.92771548
[2020-09-16 21:58:47] SCN.cv6: Checkpoint saved to experiments/normal/sili/SCN_sili_h8
[2020-09-16 21:58:48] SCN.cv6: Hidden size: 54 	 
Training MSE: 0.12800184 	 Validating MSE: 1.17064142 	 Best VMSE: 0.92771548
[2020-09-16 21:58:48] SCN.cv6: Checkpoint saved to experiments/normal/sili/SCN_sili_h8
[2020-09-16 21:58:49] SCN.cv6: Hidden size: 55 	 
Training MSE: 0.12747440 	 Validating MSE: 1.17139530 	 Best VMSE: 0.92771548
[2020-09-16 21:58:49] SCN.cv6: Checkpoint saved to experiments/normal/sili/SCN_sili_h8
[2020-09-16 21:58:50] SCN.cv6: Hidden size: 56 	 
Training MSE: 0.12680866 	 Validating MSE: 1.19622159 	 Best VMSE: 0.92771548
[2020-09-16 21:58:50] SCN.cv6: Checkpoint saved to experiments/normal/sili/SCN_sili_h8
[2020-09-16 21:58:51] SCN.cv6: Hidden size: 57 	 
Training MSE: 0.12548502 	 Validating MSE: 1.19179249 	 Best VMSE: 0.92771548
[2020-09-16 21:58:51] SCN.cv6: Checkpoint saved to experiments/normal/sili/SCN_sili_h8
[2020-09-16 21:58:52] SCN.cv6: Hidden size: 58 	 
Training MSE: 0.12468936 	 Validating MSE: 1.19637096 	 Best VMSE: 0.92771548
[2020-09-16 21:58:52] SCN.cv6: Checkpoint saved to experiments/normal/sili/SCN_sili_h8
[2020-09-16 21:58:53] SCN.cv6: Hidden size: 59 	 
Training MSE: 0.12314689 	 Validating MSE: 1.20202184 	 Best VMSE: 0.92771548
[2020-09-16 21:58:53] SCN.cv6: Checkpoint saved to experiments/normal/sili/SCN_sili_h8
[2020-09-16 21:58:54] SCN.cv6: Hidden size: 60 	 
Training MSE: 0.12188331 	 Validating MSE: 1.19281304 	 Best VMSE: 0.92771548
[2020-09-16 21:58:54] SCN.cv6: Checkpoint saved to experiments/normal/sili/SCN_sili_h8
[2020-09-16 21:58:55] SCN.cv6: Hidden size: 61 	 
Training MSE: 0.11996055 	 Validating MSE: 1.24442887 	 Best VMSE: 0.92771548
[2020-09-16 21:58:55] SCN.cv6: Checkpoint saved to experiments/normal/sili/SCN_sili_h8
[2020-09-16 21:58:56] SCN.cv6: Hidden size: 62 	 
Training MSE: 0.11922844 	 Validating MSE: 1.22773826 	 Best VMSE: 0.92771548
[2020-09-16 21:58:56] SCN.cv6: Checkpoint saved to experiments/normal/sili/SCN_sili_h8
[2020-09-16 21:58:57] SCN.cv6: Hidden size: 63 	 
Training MSE: 0.11838628 	 Validating MSE: 1.23176122 	 Best VMSE: 0.92771548
[2020-09-16 21:58:57] SCN.cv6: Checkpoint saved to experiments/normal/sili/SCN_sili_h8
[2020-09-16 21:58:58] SCN.cv6: Hidden size: 64 	 
Training MSE: 0.11787876 	 Validating MSE: 1.25000644 	 Best VMSE: 0.92771548
[2020-09-16 21:58:58] SCN.cv6: Checkpoint saved to experiments/normal/sili/SCN_sili_h8
[2020-09-16 21:58:59] SCN.cv6: Hidden size: 65 	 
Training MSE: 0.11666337 	 Validating MSE: 1.27693045 	 Best VMSE: 0.92771548
[2020-09-16 21:58:59] SCN.cv6: Checkpoint saved to experiments/normal/sili/SCN_sili_h8
[2020-09-16 21:59:01] SCN.cv6: Hidden size: 66 	 
Training MSE: 0.11602054 	 Validating MSE: 1.29988825 	 Best VMSE: 0.92771548
[2020-09-16 21:59:01] SCN.cv6: Checkpoint saved to experiments/normal/sili/SCN_sili_h8
[2020-09-16 21:59:02] SCN.cv6: Hidden size: 67 	 
Training MSE: 0.11520097 	 Validating MSE: 1.24866712 	 Best VMSE: 0.92771548
[2020-09-16 21:59:02] SCN.cv6: Checkpoint saved to experiments/normal/sili/SCN_sili_h8
[2020-09-16 21:59:03] SCN.cv6: Hidden size: 68 	 
Training MSE: 0.11458493 	 Validating MSE: 1.27003825 	 Best VMSE: 0.92771548
[2020-09-16 21:59:03] SCN.cv6: Checkpoint saved to experiments/normal/sili/SCN_sili_h8
[2020-09-16 21:59:04] SCN.cv6: Hidden size: 69 	 
Training MSE: 0.11266457 	 Validating MSE: 1.28159320 	 Best VMSE: 0.92771548
[2020-09-16 21:59:04] SCN.cv6: Checkpoint saved to experiments/normal/sili/SCN_sili_h8
[2020-09-16 21:59:05] SCN.cv6: Hidden size: 70 	 
Training MSE: 0.11149330 	 Validating MSE: 1.31153715 	 Best VMSE: 0.92771548
[2020-09-16 21:59:05] SCN.cv6: Checkpoint saved to experiments/normal/sili/SCN_sili_h8
[2020-09-16 21:59:06] SCN.cv6: Hidden size: 71 	 
Training MSE: 0.11060712 	 Validating MSE: 1.34102106 	 Best VMSE: 0.92771548
[2020-09-16 21:59:06] SCN.cv6: Checkpoint saved to experiments/normal/sili/SCN_sili_h8
[2020-09-16 21:59:07] SCN.cv6: Hidden size: 72 	 
Training MSE: 0.10970250 	 Validating MSE: 1.31888103 	 Best VMSE: 0.92771548
[2020-09-16 21:59:07] SCN.cv6: Checkpoint saved to experiments/normal/sili/SCN_sili_h8
[2020-09-16 21:59:08] SCN.cv6: Hidden size: 73 	 
Training MSE: 0.10928416 	 Validating MSE: 1.32388294 	 Best VMSE: 0.92771548
[2020-09-16 21:59:08] SCN.cv6: Checkpoint saved to experiments/normal/sili/SCN_sili_h8
[2020-09-16 21:59:09] SCN.cv6: Hidden size: 74 	 
Training MSE: 0.10813449 	 Validating MSE: 1.31844556 	 Best VMSE: 0.92771548
[2020-09-16 21:59:09] SCN.cv6: Checkpoint saved to experiments/normal/sili/SCN_sili_h8
[2020-09-16 21:59:10] SCN.cv6: Hidden size: 75 	 
Training MSE: 0.10754992 	 Validating MSE: 1.35615480 	 Best VMSE: 0.92771548
[2020-09-16 21:59:10] SCN.cv6: Checkpoint saved to experiments/normal/sili/SCN_sili_h8
[2020-09-16 21:59:11] SCN.cv6: Hidden size: 76 	 
Training MSE: 0.10703387 	 Validating MSE: 1.39462388 	 Best VMSE: 0.92771548
[2020-09-16 21:59:11] SCN.cv6: Checkpoint saved to experiments/normal/sili/SCN_sili_h8
[2020-09-16 21:59:12] SCN.cv6: Hidden size: 77 	 
Training MSE: 0.10518122 	 Validating MSE: 1.48393762 	 Best VMSE: 0.92771548
[2020-09-16 21:59:12] SCN.cv6: Checkpoint saved to experiments/normal/sili/SCN_sili_h8
[2020-09-16 21:59:13] SCN.cv6: Hidden size: 78 	 
Training MSE: 0.10454562 	 Validating MSE: 1.49799085 	 Best VMSE: 0.92771548
[2020-09-16 21:59:13] SCN.cv6: Checkpoint saved to experiments/normal/sili/SCN_sili_h8
[2020-09-16 21:59:14] SCN.cv6: Hidden size: 79 	 
Training MSE: 0.10384668 	 Validating MSE: 1.49207389 	 Best VMSE: 0.92771548
[2020-09-16 21:59:14] SCN.cv6: Checkpoint saved to experiments/normal/sili/SCN_sili_h8
[2020-09-16 21:59:15] SCN.cv6: Hidden size: 80 	 
Training MSE: 0.10277702 	 Validating MSE: 1.50603712 	 Best VMSE: 0.92771548
[2020-09-16 21:59:15] SCN.cv6: Checkpoint saved to experiments/normal/sili/SCN_sili_h8
[2020-09-16 21:59:16] SCN.cv6: Hidden size: 81 	 
Training MSE: 0.10222925 	 Validating MSE: 1.52201545 	 Best VMSE: 0.92771548
[2020-09-16 21:59:16] SCN.cv6: Checkpoint saved to experiments/normal/sili/SCN_sili_h8
[2020-09-16 21:59:17] SCN.cv6: Hidden size: 82 	 
Training MSE: 0.10136805 	 Validating MSE: 1.52095377 	 Best VMSE: 0.92771548
[2020-09-16 21:59:17] SCN.cv6: Checkpoint saved to experiments/normal/sili/SCN_sili_h8
[2020-09-16 21:59:18] SCN.cv6: Hidden size: 83 	 
Training MSE: 0.09976333 	 Validating MSE: 1.65606403 	 Best VMSE: 0.92771548
[2020-09-16 21:59:18] SCN.cv6: Checkpoint saved to experiments/normal/sili/SCN_sili_h8
[2020-09-16 21:59:19] SCN.cv6: Hidden size: 84 	 
Training MSE: 0.09916610 	 Validating MSE: 1.68468893 	 Best VMSE: 0.92771548
[2020-09-16 21:59:19] SCN.cv6: Checkpoint saved to experiments/normal/sili/SCN_sili_h8
[2020-09-16 21:59:20] SCN.cv6: Hidden size: 85 	 
Training MSE: 0.09827557 	 Validating MSE: 1.74719167 	 Best VMSE: 0.92771548
[2020-09-16 21:59:20] SCN.cv6: Checkpoint saved to experiments/normal/sili/SCN_sili_h8
[2020-09-16 21:59:21] SCN.cv6: Hidden size: 86 	 
Training MSE: 0.09764900 	 Validating MSE: 1.76488388 	 Best VMSE: 0.92771548
[2020-09-16 21:59:21] SCN.cv6: Checkpoint saved to experiments/normal/sili/SCN_sili_h8
[2020-09-16 21:59:22] SCN.cv6: Hidden size: 87 	 
Training MSE: 0.09709382 	 Validating MSE: 1.81910932 	 Best VMSE: 0.92771548
[2020-09-16 21:59:22] SCN.cv6: Checkpoint saved to experiments/normal/sili/SCN_sili_h8
[2020-09-16 21:59:23] SCN.cv6: Hidden size: 88 	 
Training MSE: 0.09657807 	 Validating MSE: 1.82318294 	 Best VMSE: 0.92771548
[2020-09-16 21:59:23] SCN.cv6: Checkpoint saved to experiments/normal/sili/SCN_sili_h8
[2020-09-16 21:59:24] SCN.cv6: Hidden size: 89 	 
Training MSE: 0.09590255 	 Validating MSE: 1.86132705 	 Best VMSE: 0.92771548
[2020-09-16 21:59:24] SCN.cv6: Checkpoint saved to experiments/normal/sili/SCN_sili_h8
[2020-09-16 21:59:25] SCN.cv6: Hidden size: 90 	 
Training MSE: 0.09522054 	 Validating MSE: 1.88905525 	 Best VMSE: 0.92771548
[2020-09-16 21:59:25] SCN.cv6: Checkpoint saved to experiments/normal/sili/SCN_sili_h8
[2020-09-16 21:59:26] SCN.cv6: Hidden size: 91 	 
Training MSE: 0.09429573 	 Validating MSE: 1.86127245 	 Best VMSE: 0.92771548
[2020-09-16 21:59:26] SCN.cv6: Checkpoint saved to experiments/normal/sili/SCN_sili_h8
[2020-09-16 21:59:27] SCN.cv6: Hidden size: 92 	 
Training MSE: 0.09344390 	 Validating MSE: 1.89595246 	 Best VMSE: 0.92771548
[2020-09-16 21:59:27] SCN.cv6: Checkpoint saved to experiments/normal/sili/SCN_sili_h8
[2020-09-16 21:59:28] SCN.cv6: Hidden size: 93 	 
Training MSE: 0.09231125 	 Validating MSE: 1.97448051 	 Best VMSE: 0.92771548
[2020-09-16 21:59:28] SCN.cv6: Checkpoint saved to experiments/normal/sili/SCN_sili_h8
[2020-09-16 21:59:29] SCN.cv6: Hidden size: 94 	 
Training MSE: 0.09097823 	 Validating MSE: 2.19489741 	 Best VMSE: 0.92771548
[2020-09-16 21:59:29] SCN.cv6: Checkpoint saved to experiments/normal/sili/SCN_sili_h8
[2020-09-16 21:59:30] SCN.cv6: Hidden size: 95 	 
Training MSE: 0.08961596 	 Validating MSE: 2.41459942 	 Best VMSE: 0.92771548
[2020-09-16 21:59:30] SCN.cv6: Checkpoint saved to experiments/normal/sili/SCN_sili_h8
[2020-09-16 21:59:31] SCN.cv6: Hidden size: 96 	 
Training MSE: 0.08858197 	 Validating MSE: 2.41647863 	 Best VMSE: 0.92771548
[2020-09-16 21:59:31] SCN.cv6: Checkpoint saved to experiments/normal/sili/SCN_sili_h8
[2020-09-16 21:59:32] SCN.cv6: Hidden size: 97 	 
Training MSE: 0.08781915 	 Validating MSE: 2.42565989 	 Best VMSE: 0.92771548
[2020-09-16 21:59:32] SCN.cv6: Checkpoint saved to experiments/normal/sili/SCN_sili_h8
[2020-09-16 21:59:33] SCN.cv6: Hidden size: 98 	 
Training MSE: 0.08729696 	 Validating MSE: 2.45159173 	 Best VMSE: 0.92771548
[2020-09-16 21:59:33] SCN.cv6: Checkpoint saved to experiments/normal/sili/SCN_sili_h8
[2020-09-16 21:59:34] SCN.cv6: Hidden size: 99 	 
Training MSE: 0.08696618 	 Validating MSE: 2.45646930 	 Best VMSE: 0.92771548
[2020-09-16 21:59:34] SCN.cv6: Checkpoint saved to experiments/normal/sili/SCN_sili_h8
[2020-09-16 21:59:35] SCN.cv6: Hidden size: 100 	 
Training MSE: 0.08605222 	 Validating MSE: 2.51742983 	 Best VMSE: 0.92771548
[2020-09-16 21:59:35] SCN.cv6: Checkpoint saved to experiments/normal/sili/SCN_sili_h8
[2020-09-16 21:59:35] SCN.cv6: Restoring best parameters from experiments/normal/sili/SCN_sili_h8/train.cv6.pth.tar
[2020-09-16 21:59:35] SCN.cv6: sili	 H: 8	 Trail: 10 
Testing RMSE: 1.089 	 MAPE: 0.183 	 SMAPE: 0.1027
