[2020-10-21 22:20:38] esmCNN.cv9: Loading the datasets and model for 18th-batch-training
[2020-10-21 22:20:38] esmCNN.cv9: Argument channel_size: 100
[2020-10-21 22:20:38] esmCNN.cv9: Argument candidate_size: 300
[2020-10-21 22:20:38] esmCNN.cv9: Argument kernel_size: 3
[2020-10-21 22:20:38] esmCNN.cv9: Argument kernel_list: [5, 3, 3, 2]
[2020-10-21 22:20:38] esmCNN.cv9: Argument Lambdas: [0.5, 1, 5, 15, 30, 50, 100, 150, 200]
[2020-10-21 22:20:38] esmCNN.cv9: Argument Lambdas_std: [0.01, 0.05, 0.1, 0.5, 1]
[2020-10-21 22:20:38] esmCNN.cv9: Argument r: [0.8, 0.9, 0.99, 0.9999, 0.999999]
[2020-10-21 22:20:38] esmCNN.cv9: Argument tolerance: 0
[2020-10-21 22:20:38] esmCNN.cv9: Argument device: device(type='cuda')
[2020-10-21 22:20:38] esmCNN.cv9: Argument dataset: 'ar1'
[2020-10-21 22:20:38] esmCNN.cv9: Argument H: 6
[2020-10-21 22:20:38] esmCNN.cv9: Argument k: 5
[2020-10-21 22:20:38] esmCNN.cv9: Argument test: False
[2020-10-21 22:20:38] esmCNN.cv9: Argument search: 'random'
[2020-10-21 22:20:38] esmCNN.cv9: Argument normal: True
[2020-10-21 22:20:38] esmCNN.cv9: Argument diff: False
[2020-10-21 22:20:38] esmCNN.cv9: Argument times: 60
[2020-10-21 22:20:38] esmCNN.cv9: Argument datasets: {'ar1': {'lag_order': 15, 'normal': True, 'cov_dim': 0, 'kernel_size': 3}, 'wti': {'lag_order': 25, 'normal': True, 'cov_dim': 0, 'kernel_size': 5}, 'gold': {'lag_order': 25, 'normal': True, 'cov_dim': 0, 'kernel_size': 5}, 'sp': {'lag_order': 25, 'normal': True, 'cov_dim': 0, 'kernel_size': 5}, 'brent': {'lag_order': 24, 'normal': True, 'cov_dim': 0, 'kernel_size': 6}, 'sili': {'lag_order': 26, 'normal': True, 'cov_dim': 0, 'kernel_size': 6}}
[2020-10-21 22:20:38] esmCNN.cv9: Argument steps: 15
[2020-10-21 22:20:38] esmCNN.cv9: Argument cov_dim: 0
[2020-10-21 22:20:38] esmCNN.cv9: Argument experiment: 'experiments/normal/ar1'
[2020-10-21 22:20:38] esmCNN.cv9: Argument scaler: StandardScaler()
[2020-10-21 22:20:38] esmCNN.cv9: Argument model_name: 'esmCNN_random_ar1_h6'
[2020-10-21 22:20:38] esmCNN.cv9: Argument model_dir: 'experiments/normal/ar1/esmCNN_random_ar1_h6'
[2020-10-21 22:20:38] esmCNN.cv9: Argument In_channels: 1
[2020-10-21 22:20:38] esmCNN.cv9: Argument restore: True
[2020-10-21 22:20:38] esmCNN.cv9: Argument cv: 9
[2020-10-21 22:20:38] esmCNN.cv9: Argument plot_dir: 'experiments/normal/ar1/esmCNN_random_ar1_h6/figures'
[2020-10-21 22:20:38] esmCNN.cv9: Argument num_process: 8
[2020-10-21 22:20:38] esmCNN.cv9: Using Cuda...
[2020-10-21 22:20:38] esmCNN.cv9: Loading complete.
[2020-10-21 22:20:38] esmCNN.cv9: Model: 
ESM_CNN(
  (Pool): AvgPool1d(kernel_size=(3,), stride=(1,), padding=(0,))
  (loss_fn): MSELoss()
)
[2020-10-21 22:20:38] esmCNN.cv9: Found new best state
[2020-10-21 22:20:38] esmCNN.cv9: Best vmse: 0.8906
[2020-10-21 22:20:38] esmCNN.cv9: Channel size: 1 	 Kernel size: 3 
Training MSE: 0.25275683 	 Validating MSE: 0.89062208 	 Best VMSE: 0.89062208
[2020-10-21 22:20:38] esmCNN.cv9: Checkpoint saved to experiments/normal/ar1/esmCNN_random_ar1_h6
[2020-10-21 22:20:38] esmCNN.cv9: Find channel with Kernel size: 2 	 Lambda: 0.5: 	 Best Score: 0.0637
[2020-10-21 22:20:38] esmCNN.cv9: Found new best state
[2020-10-21 22:20:38] esmCNN.cv9: Best vmse: 0.0730
[2020-10-21 22:20:38] esmCNN.cv9: Channel size: 2 	 Kernel size: 2 
Training MSE: 0.06372831 	 Validating MSE: 0.07299628 	 Best VMSE: 0.07299628
[2020-10-21 22:20:38] esmCNN.cv9: Checkpoint saved to experiments/normal/ar1/esmCNN_random_ar1_h6
[2020-10-21 22:20:38] esmCNN.cv9: Find channel with Kernel size: 2 	 Lambda: 0.5: 	 Best Score: 0.0632
[2020-10-21 22:20:38] esmCNN.cv9: Found new best state
[2020-10-21 22:20:38] esmCNN.cv9: Best vmse: 0.0707
[2020-10-21 22:20:38] esmCNN.cv9: Channel size: 3 	 Kernel size: 2 
Training MSE: 0.06315546 	 Validating MSE: 0.07066912 	 Best VMSE: 0.07066912
[2020-10-21 22:20:38] esmCNN.cv9: Checkpoint saved to experiments/normal/ar1/esmCNN_random_ar1_h6
[2020-10-21 22:20:38] esmCNN.cv9: Find channel with Kernel size: 2 	 Lambda: 0.5: 	 Best Score: 0.0631
[2020-10-21 22:20:38] esmCNN.cv9: Channel size: 4 	 Kernel size: 2 
Training MSE: 0.06307367 	 Validating MSE: 0.07358453 	 Best VMSE: 0.07066912
[2020-10-21 22:20:38] esmCNN.cv9: Checkpoint saved to experiments/normal/ar1/esmCNN_random_ar1_h6
[2020-10-21 22:20:38] esmCNN.cv9: Find channel with Kernel size: 3 	 Lambda: 0.5: 	 Best Score: 0.0630
[2020-10-21 22:20:38] esmCNN.cv9: Channel size: 5 	 Kernel size: 3 
Training MSE: 0.06302495 	 Validating MSE: 0.07216979 	 Best VMSE: 0.07066912
[2020-10-21 22:20:38] esmCNN.cv9: Checkpoint saved to experiments/normal/ar1/esmCNN_random_ar1_h6
[2020-10-21 22:20:38] esmCNN.cv9: Find channel with Kernel size: 3 	 Lambda: 0.5: 	 Best Score: 0.0629
[2020-10-21 22:20:38] esmCNN.cv9: Channel size: 6 	 Kernel size: 3 
Training MSE: 0.06288178 	 Validating MSE: 0.07501511 	 Best VMSE: 0.07066912
[2020-10-21 22:20:38] esmCNN.cv9: Checkpoint saved to experiments/normal/ar1/esmCNN_random_ar1_h6
[2020-10-21 22:20:38] esmCNN.cv9: Find channel with Kernel size: 3 	 Lambda: 0.5: 	 Best Score: 0.0627
[2020-10-21 22:20:38] esmCNN.cv9: Channel size: 7 	 Kernel size: 3 
Training MSE: 0.06272309 	 Validating MSE: 0.07225636 	 Best VMSE: 0.07066912
[2020-10-21 22:20:38] esmCNN.cv9: Checkpoint saved to experiments/normal/ar1/esmCNN_random_ar1_h6
[2020-10-21 22:20:38] esmCNN.cv9: Find channel with Kernel size: 3 	 Lambda: 0.5: 	 Best Score: 0.0626
[2020-10-21 22:20:38] esmCNN.cv9: Channel size: 8 	 Kernel size: 3 
Training MSE: 0.06259187 	 Validating MSE: 0.07515822 	 Best VMSE: 0.07066912
[2020-10-21 22:20:38] esmCNN.cv9: Checkpoint saved to experiments/normal/ar1/esmCNN_random_ar1_h6
[2020-10-21 22:20:38] esmCNN.cv9: Find channel with Kernel size: 3 	 Lambda: 0.5: 	 Best Score: 0.0625
[2020-10-21 22:20:38] esmCNN.cv9: Channel size: 9 	 Kernel size: 3 
Training MSE: 0.06247139 	 Validating MSE: 0.07241042 	 Best VMSE: 0.07066912
[2020-10-21 22:20:38] esmCNN.cv9: Checkpoint saved to experiments/normal/ar1/esmCNN_random_ar1_h6
[2020-10-21 22:20:39] esmCNN.cv9: Find channel with Kernel size: 5 	 Lambda: 0.5: 	 Best Score: 0.0625
[2020-10-21 22:20:39] esmCNN.cv9: Channel size: 10 	 Kernel size: 5 
Training MSE: 0.06245313 	 Validating MSE: 0.07383441 	 Best VMSE: 0.07066912
[2020-10-21 22:20:39] esmCNN.cv9: Checkpoint saved to experiments/normal/ar1/esmCNN_random_ar1_h6
[2020-10-21 22:20:39] esmCNN.cv9: Find channel with Kernel size: 3 	 Lambda: 0.5: 	 Best Score: 0.0623
[2020-10-21 22:20:39] esmCNN.cv9: Channel size: 11 	 Kernel size: 3 
Training MSE: 0.06232865 	 Validating MSE: 0.07695797 	 Best VMSE: 0.07066912
[2020-10-21 22:20:39] esmCNN.cv9: Checkpoint saved to experiments/normal/ar1/esmCNN_random_ar1_h6
[2020-10-21 22:20:39] esmCNN.cv9: Find channel with Kernel size: 3 	 Lambda: 0.5: 	 Best Score: 0.0621
[2020-10-21 22:20:39] esmCNN.cv9: Channel size: 12 	 Kernel size: 3 
Training MSE: 0.06213531 	 Validating MSE: 0.07290216 	 Best VMSE: 0.07066912
[2020-10-21 22:20:39] esmCNN.cv9: Checkpoint saved to experiments/normal/ar1/esmCNN_random_ar1_h6
[2020-10-21 22:20:39] esmCNN.cv9: Find channel with Kernel size: 2 	 Lambda: 0.5: 	 Best Score: 0.0621
[2020-10-21 22:20:39] esmCNN.cv9: Channel size: 13 	 Kernel size: 2 
Training MSE: 0.06211930 	 Validating MSE: 0.07428563 	 Best VMSE: 0.07066912
[2020-10-21 22:20:39] esmCNN.cv9: Checkpoint saved to experiments/normal/ar1/esmCNN_random_ar1_h6
[2020-10-21 22:20:39] esmCNN.cv9: Find channel with Kernel size: 3 	 Lambda: 0.5: 	 Best Score: 0.0621
[2020-10-21 22:20:39] esmCNN.cv9: Channel size: 14 	 Kernel size: 3 
Training MSE: 0.06210113 	 Validating MSE: 0.07550187 	 Best VMSE: 0.07066912
[2020-10-21 22:20:39] esmCNN.cv9: Checkpoint saved to experiments/normal/ar1/esmCNN_random_ar1_h6
[2020-10-21 22:20:39] esmCNN.cv9: Find channel with Kernel size: 5 	 Lambda: 0.5: 	 Best Score: 0.0621
[2020-10-21 22:20:39] esmCNN.cv9: Channel size: 15 	 Kernel size: 5 
Training MSE: 0.06207176 	 Validating MSE: 0.07396298 	 Best VMSE: 0.07066912
[2020-10-21 22:20:39] esmCNN.cv9: Checkpoint saved to experiments/normal/ar1/esmCNN_random_ar1_h6
[2020-10-21 22:20:39] esmCNN.cv9: Find channel with Kernel size: 3 	 Lambda: 0.5: 	 Best Score: 0.0620
[2020-10-21 22:20:39] esmCNN.cv9: Channel size: 16 	 Kernel size: 3 
Training MSE: 0.06204396 	 Validating MSE: 0.07565127 	 Best VMSE: 0.07066912
[2020-10-21 22:20:39] esmCNN.cv9: Checkpoint saved to experiments/normal/ar1/esmCNN_random_ar1_h6
[2020-10-21 22:20:39] esmCNN.cv9: Find channel with Kernel size: 2 	 Lambda: 0.5: 	 Best Score: 0.0620
[2020-10-21 22:20:39] esmCNN.cv9: Channel size: 17 	 Kernel size: 2 
Training MSE: 0.06198405 	 Validating MSE: 0.07374159 	 Best VMSE: 0.07066912
[2020-10-21 22:20:39] esmCNN.cv9: Checkpoint saved to experiments/normal/ar1/esmCNN_random_ar1_h6
[2020-10-21 22:20:39] esmCNN.cv9: Find channel with Kernel size: 5 	 Lambda: 0.5: 	 Best Score: 0.0619
[2020-10-21 22:20:39] esmCNN.cv9: Channel size: 18 	 Kernel size: 5 
Training MSE: 0.06191400 	 Validating MSE: 0.07655817 	 Best VMSE: 0.07066912
[2020-10-21 22:20:39] esmCNN.cv9: Checkpoint saved to experiments/normal/ar1/esmCNN_random_ar1_h6
[2020-10-21 22:20:39] esmCNN.cv9: Find channel with Kernel size: 3 	 Lambda: 0.5: 	 Best Score: 0.0618
[2020-10-21 22:20:39] esmCNN.cv9: Channel size: 19 	 Kernel size: 3 
Training MSE: 0.06184693 	 Validating MSE: 0.07405470 	 Best VMSE: 0.07066912
[2020-10-21 22:20:39] esmCNN.cv9: Checkpoint saved to experiments/normal/ar1/esmCNN_random_ar1_h6
[2020-10-21 22:20:39] esmCNN.cv9: Find channel with Kernel size: 2 	 Lambda: 0.5: 	 Best Score: 0.0618
[2020-10-21 22:20:39] esmCNN.cv9: Channel size: 20 	 Kernel size: 2 
Training MSE: 0.06184429 	 Validating MSE: 0.07434671 	 Best VMSE: 0.07066912
[2020-10-21 22:20:39] esmCNN.cv9: Checkpoint saved to experiments/normal/ar1/esmCNN_random_ar1_h6
[2020-10-21 22:20:39] esmCNN.cv9: Find channel with Kernel size: 2 	 Lambda: 0.5: 	 Best Score: 0.0618
[2020-10-21 22:20:39] esmCNN.cv9: Channel size: 21 	 Kernel size: 2 
Training MSE: 0.06182537 	 Validating MSE: 0.07556123 	 Best VMSE: 0.07066912
[2020-10-21 22:20:39] esmCNN.cv9: Checkpoint saved to experiments/normal/ar1/esmCNN_random_ar1_h6
[2020-10-21 22:20:39] esmCNN.cv9: Find channel with Kernel size: 5 	 Lambda: 0.5: 	 Best Score: 0.0618
[2020-10-21 22:20:39] esmCNN.cv9: Channel size: 22 	 Kernel size: 5 
Training MSE: 0.06180180 	 Validating MSE: 0.07403369 	 Best VMSE: 0.07066912
[2020-10-21 22:20:39] esmCNN.cv9: Checkpoint saved to experiments/normal/ar1/esmCNN_random_ar1_h6
[2020-10-21 22:20:39] esmCNN.cv9: Find channel with Kernel size: 2 	 Lambda: 0.5: 	 Best Score: 0.0618
[2020-10-21 22:20:39] esmCNN.cv9: Channel size: 23 	 Kernel size: 2 
Training MSE: 0.06179788 	 Validating MSE: 0.07405292 	 Best VMSE: 0.07066912
[2020-10-21 22:20:39] esmCNN.cv9: Checkpoint saved to experiments/normal/ar1/esmCNN_random_ar1_h6
[2020-10-21 22:20:39] esmCNN.cv9: Find channel with Kernel size: 2 	 Lambda: 0.5: 	 Best Score: 0.0618
[2020-10-21 22:20:39] esmCNN.cv9: Channel size: 24 	 Kernel size: 2 
Training MSE: 0.06179516 	 Validating MSE: 0.07421778 	 Best VMSE: 0.07066912
[2020-10-21 22:20:39] esmCNN.cv9: Checkpoint saved to experiments/normal/ar1/esmCNN_random_ar1_h6
[2020-10-21 22:20:39] esmCNN.cv9: Find channel with Kernel size: 3 	 Lambda: 0.5: 	 Best Score: 0.0618
[2020-10-21 22:20:39] esmCNN.cv9: Channel size: 25 	 Kernel size: 3 
Training MSE: 0.06178777 	 Validating MSE: 0.07497061 	 Best VMSE: 0.07066912
[2020-10-21 22:20:39] esmCNN.cv9: Checkpoint saved to experiments/normal/ar1/esmCNN_random_ar1_h6
[2020-10-21 22:20:40] esmCNN.cv9: Find channel with Kernel size: 5 	 Lambda: 0.5: 	 Best Score: 0.0617
[2020-10-21 22:20:40] esmCNN.cv9: Channel size: 26 	 Kernel size: 5 
Training MSE: 0.06165219 	 Validating MSE: 0.07769796 	 Best VMSE: 0.07066912
[2020-10-21 22:20:40] esmCNN.cv9: Checkpoint saved to experiments/normal/ar1/esmCNN_random_ar1_h6
[2020-10-21 22:20:40] esmCNN.cv9: Find channel with Kernel size: 3 	 Lambda: 0.5: 	 Best Score: 0.0615
[2020-10-21 22:20:40] esmCNN.cv9: Channel size: 27 	 Kernel size: 3 
Training MSE: 0.06149270 	 Validating MSE: 0.07402882 	 Best VMSE: 0.07066912
[2020-10-21 22:20:40] esmCNN.cv9: Checkpoint saved to experiments/normal/ar1/esmCNN_random_ar1_h6
[2020-10-21 22:20:40] esmCNN.cv9: Find channel with Kernel size: 2 	 Lambda: 0.5: 	 Best Score: 0.0615
[2020-10-21 22:20:40] esmCNN.cv9: Channel size: 28 	 Kernel size: 2 
Training MSE: 0.06145781 	 Validating MSE: 0.07596190 	 Best VMSE: 0.07066912
[2020-10-21 22:20:40] esmCNN.cv9: Checkpoint saved to experiments/normal/ar1/esmCNN_random_ar1_h6
[2020-10-21 22:20:40] esmCNN.cv9: Find channel with Kernel size: 5 	 Lambda: 0.5: 	 Best Score: 0.0614
[2020-10-21 22:20:40] esmCNN.cv9: Channel size: 29 	 Kernel size: 5 
Training MSE: 0.06143341 	 Validating MSE: 0.07432585 	 Best VMSE: 0.07066912
[2020-10-21 22:20:40] esmCNN.cv9: Checkpoint saved to experiments/normal/ar1/esmCNN_random_ar1_h6
[2020-10-21 22:20:40] esmCNN.cv9: Find channel with Kernel size: 3 	 Lambda: 0.5: 	 Best Score: 0.0614
[2020-10-21 22:20:40] esmCNN.cv9: Channel size: 30 	 Kernel size: 3 
Training MSE: 0.06142227 	 Validating MSE: 0.07557459 	 Best VMSE: 0.07066912
[2020-10-21 22:20:40] esmCNN.cv9: Checkpoint saved to experiments/normal/ar1/esmCNN_random_ar1_h6
[2020-10-21 22:20:40] esmCNN.cv9: Find channel with Kernel size: 2 	 Lambda: 0.5: 	 Best Score: 0.0614
[2020-10-21 22:20:40] esmCNN.cv9: Channel size: 31 	 Kernel size: 2 
Training MSE: 0.06140425 	 Validating MSE: 0.07464544 	 Best VMSE: 0.07066912
[2020-10-21 22:20:40] esmCNN.cv9: Checkpoint saved to experiments/normal/ar1/esmCNN_random_ar1_h6
[2020-10-21 22:20:40] esmCNN.cv9: Find channel with Kernel size: 3 	 Lambda: 0.5: 	 Best Score: 0.0614
[2020-10-21 22:20:40] esmCNN.cv9: Channel size: 32 	 Kernel size: 3 
Training MSE: 0.06138719 	 Validating MSE: 0.07573693 	 Best VMSE: 0.07066912
[2020-10-21 22:20:40] esmCNN.cv9: Checkpoint saved to experiments/normal/ar1/esmCNN_random_ar1_h6
[2020-10-21 22:20:40] esmCNN.cv9: Find channel with Kernel size: 3 	 Lambda: 0.5: 	 Best Score: 0.0614
[2020-10-21 22:20:40] esmCNN.cv9: Channel size: 33 	 Kernel size: 3 
Training MSE: 0.06137818 	 Validating MSE: 0.07469001 	 Best VMSE: 0.07066912
[2020-10-21 22:20:40] esmCNN.cv9: Checkpoint saved to experiments/normal/ar1/esmCNN_random_ar1_h6
[2020-10-21 22:20:40] esmCNN.cv9: Find channel with Kernel size: 3 	 Lambda: 0.5: 	 Best Score: 0.0614
[2020-10-21 22:20:40] esmCNN.cv9: Channel size: 34 	 Kernel size: 3 
Training MSE: 0.06135934 	 Validating MSE: 0.07636147 	 Best VMSE: 0.07066912
[2020-10-21 22:20:40] esmCNN.cv9: Checkpoint saved to experiments/normal/ar1/esmCNN_random_ar1_h6
[2020-10-21 22:20:40] esmCNN.cv9: Find channel with Kernel size: 2 	 Lambda: 0.5: 	 Best Score: 0.0613
[2020-10-21 22:20:40] esmCNN.cv9: Channel size: 35 	 Kernel size: 2 
Training MSE: 0.06134688 	 Validating MSE: 0.07516536 	 Best VMSE: 0.07066912
[2020-10-21 22:20:40] esmCNN.cv9: Checkpoint saved to experiments/normal/ar1/esmCNN_random_ar1_h6
[2020-10-21 22:20:40] esmCNN.cv9: Find channel with Kernel size: 5 	 Lambda: 0.5: 	 Best Score: 0.0613
[2020-10-21 22:20:40] esmCNN.cv9: Channel size: 36 	 Kernel size: 5 
Training MSE: 0.06132201 	 Validating MSE: 0.07666173 	 Best VMSE: 0.07066912
[2020-10-21 22:20:40] esmCNN.cv9: Checkpoint saved to experiments/normal/ar1/esmCNN_random_ar1_h6
[2020-10-21 22:20:40] esmCNN.cv9: Find channel with Kernel size: 5 	 Lambda: 0.5: 	 Best Score: 0.0613
[2020-10-21 22:20:40] esmCNN.cv9: Channel size: 37 	 Kernel size: 5 
Training MSE: 0.06128767 	 Validating MSE: 0.07469456 	 Best VMSE: 0.07066912
[2020-10-21 22:20:40] esmCNN.cv9: Checkpoint saved to experiments/normal/ar1/esmCNN_random_ar1_h6
[2020-10-21 22:20:40] esmCNN.cv9: Find channel with Kernel size: 2 	 Lambda: 0.5: 	 Best Score: 0.0613
[2020-10-21 22:20:40] esmCNN.cv9: Channel size: 38 	 Kernel size: 2 
Training MSE: 0.06128606 	 Validating MSE: 0.07524837 	 Best VMSE: 0.07066912
[2020-10-21 22:20:41] esmCNN.cv9: Checkpoint saved to experiments/normal/ar1/esmCNN_random_ar1_h6
[2020-10-21 22:20:41] esmCNN.cv9: Find channel with Kernel size: 5 	 Lambda: 0.5: 	 Best Score: 0.0613
[2020-10-21 22:20:41] esmCNN.cv9: Channel size: 39 	 Kernel size: 5 
Training MSE: 0.06127196 	 Validating MSE: 0.07629948 	 Best VMSE: 0.07066912
[2020-10-21 22:20:41] esmCNN.cv9: Checkpoint saved to experiments/normal/ar1/esmCNN_random_ar1_h6
[2020-10-21 22:20:41] esmCNN.cv9: Find channel with Kernel size: 3 	 Lambda: 0.5: 	 Best Score: 0.0613
[2020-10-21 22:20:41] esmCNN.cv9: Channel size: 40 	 Kernel size: 3 
Training MSE: 0.06125809 	 Validating MSE: 0.07505375 	 Best VMSE: 0.07066912
[2020-10-21 22:20:41] esmCNN.cv9: Checkpoint saved to experiments/normal/ar1/esmCNN_random_ar1_h6
[2020-10-21 22:20:41] esmCNN.cv9: Find channel with Kernel size: 5 	 Lambda: 0.5: 	 Best Score: 0.0613
[2020-10-21 22:20:41] esmCNN.cv9: Channel size: 41 	 Kernel size: 5 
Training MSE: 0.06125117 	 Validating MSE: 0.07589209 	 Best VMSE: 0.07066912
[2020-10-21 22:20:41] esmCNN.cv9: Checkpoint saved to experiments/normal/ar1/esmCNN_random_ar1_h6
[2020-10-21 22:20:41] esmCNN.cv9: Find channel with Kernel size: 5 	 Lambda: 0.5: 	 Best Score: 0.0612
[2020-10-21 22:20:41] esmCNN.cv9: Channel size: 42 	 Kernel size: 5 
Training MSE: 0.06124562 	 Validating MSE: 0.07524557 	 Best VMSE: 0.07066912
[2020-10-21 22:20:41] esmCNN.cv9: Checkpoint saved to experiments/normal/ar1/esmCNN_random_ar1_h6
[2020-10-21 22:20:41] esmCNN.cv9: Find channel with Kernel size: 3 	 Lambda: 0.5: 	 Best Score: 0.0612
[2020-10-21 22:20:41] esmCNN.cv9: Channel size: 43 	 Kernel size: 3 
Training MSE: 0.06116626 	 Validating MSE: 0.07833056 	 Best VMSE: 0.07066912
[2020-10-21 22:20:41] esmCNN.cv9: Checkpoint saved to experiments/normal/ar1/esmCNN_random_ar1_h6
[2020-10-21 22:20:41] esmCNN.cv9: Find channel with Kernel size: 3 	 Lambda: 0.5: 	 Best Score: 0.0611
[2020-10-21 22:20:41] esmCNN.cv9: Channel size: 44 	 Kernel size: 3 
Training MSE: 0.06108452 	 Validating MSE: 0.07575589 	 Best VMSE: 0.07066912
[2020-10-21 22:20:41] esmCNN.cv9: Checkpoint saved to experiments/normal/ar1/esmCNN_random_ar1_h6
[2020-10-21 22:20:41] esmCNN.cv9: Find channel with Kernel size: 5 	 Lambda: 0.5: 	 Best Score: 0.0610
[2020-10-21 22:20:41] esmCNN.cv9: Channel size: 45 	 Kernel size: 5 
Training MSE: 0.06102266 	 Validating MSE: 0.07831435 	 Best VMSE: 0.07066912
[2020-10-21 22:20:41] esmCNN.cv9: Checkpoint saved to experiments/normal/ar1/esmCNN_random_ar1_h6
[2020-10-21 22:20:41] esmCNN.cv9: Find channel with Kernel size: 2 	 Lambda: 0.5: 	 Best Score: 0.0609
[2020-10-21 22:20:41] esmCNN.cv9: Channel size: 46 	 Kernel size: 2 
Training MSE: 0.06094859 	 Validating MSE: 0.07583410 	 Best VMSE: 0.07066912
[2020-10-21 22:20:41] esmCNN.cv9: Checkpoint saved to experiments/normal/ar1/esmCNN_random_ar1_h6
[2020-10-21 22:20:41] esmCNN.cv9: Find channel with Kernel size: 3 	 Lambda: 0.5: 	 Best Score: 0.0609
[2020-10-21 22:20:41] esmCNN.cv9: Channel size: 47 	 Kernel size: 3 
Training MSE: 0.06093340 	 Validating MSE: 0.07659320 	 Best VMSE: 0.07066912
[2020-10-21 22:20:41] esmCNN.cv9: Checkpoint saved to experiments/normal/ar1/esmCNN_random_ar1_h6
[2020-10-21 22:20:41] esmCNN.cv9: Find channel with Kernel size: 3 	 Lambda: 0.5: 	 Best Score: 0.0609
[2020-10-21 22:20:41] esmCNN.cv9: Channel size: 48 	 Kernel size: 3 
Training MSE: 0.06092397 	 Validating MSE: 0.07585159 	 Best VMSE: 0.07066912
[2020-10-21 22:20:41] esmCNN.cv9: Checkpoint saved to experiments/normal/ar1/esmCNN_random_ar1_h6
[2020-10-21 22:20:41] esmCNN.cv9: Find channel with Kernel size: 2 	 Lambda: 0.5: 	 Best Score: 0.0609
[2020-10-21 22:20:41] esmCNN.cv9: Channel size: 49 	 Kernel size: 2 
Training MSE: 0.06088610 	 Validating MSE: 0.07792318 	 Best VMSE: 0.07066912
[2020-10-21 22:20:41] esmCNN.cv9: Checkpoint saved to experiments/normal/ar1/esmCNN_random_ar1_h6
[2020-10-21 22:20:42] esmCNN.cv9: Find channel with Kernel size: 2 	 Lambda: 0.5: 	 Best Score: 0.0609
[2020-10-21 22:20:42] esmCNN.cv9: Channel size: 50 	 Kernel size: 2 
Training MSE: 0.06086018 	 Validating MSE: 0.07686681 	 Best VMSE: 0.07066912
[2020-10-21 22:20:42] esmCNN.cv9: Checkpoint saved to experiments/normal/ar1/esmCNN_random_ar1_h6
[2020-10-21 22:20:42] esmCNN.cv9: Find channel with Kernel size: 2 	 Lambda: 0.5: 	 Best Score: 0.0609
[2020-10-21 22:20:42] esmCNN.cv9: Channel size: 51 	 Kernel size: 2 
Training MSE: 0.06085260 	 Validating MSE: 0.07706347 	 Best VMSE: 0.07066912
[2020-10-21 22:20:42] esmCNN.cv9: Checkpoint saved to experiments/normal/ar1/esmCNN_random_ar1_h6
[2020-10-21 22:20:42] esmCNN.cv9: Find channel with Kernel size: 3 	 Lambda: 0.5: 	 Best Score: 0.0608
[2020-10-21 22:20:42] esmCNN.cv9: Channel size: 52 	 Kernel size: 3 
Training MSE: 0.06084573 	 Validating MSE: 0.07779098 	 Best VMSE: 0.07066912
[2020-10-21 22:20:42] esmCNN.cv9: Checkpoint saved to experiments/normal/ar1/esmCNN_random_ar1_h6
[2020-10-21 22:20:42] esmCNN.cv9: Find channel with Kernel size: 3 	 Lambda: 0.5: 	 Best Score: 0.0608
[2020-10-21 22:20:42] esmCNN.cv9: Channel size: 53 	 Kernel size: 3 
Training MSE: 0.06078830 	 Validating MSE: 0.08077926 	 Best VMSE: 0.07066912
[2020-10-21 22:20:42] esmCNN.cv9: Checkpoint saved to experiments/normal/ar1/esmCNN_random_ar1_h6
[2020-10-21 22:20:42] esmCNN.cv9: Find channel with Kernel size: 5 	 Lambda: 0.5: 	 Best Score: 0.0607
[2020-10-21 22:20:42] esmCNN.cv9: Channel size: 54 	 Kernel size: 5 
Training MSE: 0.06065965 	 Validating MSE: 0.07689399 	 Best VMSE: 0.07066912
[2020-10-21 22:20:42] esmCNN.cv9: Checkpoint saved to experiments/normal/ar1/esmCNN_random_ar1_h6
[2020-10-21 22:20:42] esmCNN.cv9: Find channel with Kernel size: 3 	 Lambda: 0.5: 	 Best Score: 0.0606
[2020-10-21 22:20:42] esmCNN.cv9: Channel size: 55 	 Kernel size: 3 
Training MSE: 0.06064154 	 Validating MSE: 0.07739761 	 Best VMSE: 0.07066912
[2020-10-21 22:20:42] esmCNN.cv9: Checkpoint saved to experiments/normal/ar1/esmCNN_random_ar1_h6
[2020-10-21 22:20:42] esmCNN.cv9: Find channel with Kernel size: 2 	 Lambda: 0.5: 	 Best Score: 0.0606
[2020-10-21 22:20:42] esmCNN.cv9: Channel size: 56 	 Kernel size: 2 
Training MSE: 0.06063320 	 Validating MSE: 0.07678519 	 Best VMSE: 0.07066912
[2020-10-21 22:20:42] esmCNN.cv9: Checkpoint saved to experiments/normal/ar1/esmCNN_random_ar1_h6
[2020-10-21 22:20:42] esmCNN.cv9: Find channel with Kernel size: 5 	 Lambda: 0.5: 	 Best Score: 0.0606
[2020-10-21 22:20:42] esmCNN.cv9: Channel size: 57 	 Kernel size: 5 
Training MSE: 0.06059368 	 Validating MSE: 0.07896619 	 Best VMSE: 0.07066912
[2020-10-21 22:20:42] esmCNN.cv9: Checkpoint saved to experiments/normal/ar1/esmCNN_random_ar1_h6
[2020-10-21 22:20:42] esmCNN.cv9: Find channel with Kernel size: 2 	 Lambda: 0.5: 	 Best Score: 0.0606
[2020-10-21 22:20:42] esmCNN.cv9: Channel size: 58 	 Kernel size: 2 
Training MSE: 0.06055466 	 Validating MSE: 0.07727543 	 Best VMSE: 0.07066912
[2020-10-21 22:20:42] esmCNN.cv9: Checkpoint saved to experiments/normal/ar1/esmCNN_random_ar1_h6
[2020-10-21 22:20:42] esmCNN.cv9: Find channel with Kernel size: 5 	 Lambda: 0.5: 	 Best Score: 0.0606
[2020-10-21 22:20:42] esmCNN.cv9: Channel size: 59 	 Kernel size: 5 
Training MSE: 0.06055183 	 Validating MSE: 0.07765249 	 Best VMSE: 0.07066912
[2020-10-21 22:20:42] esmCNN.cv9: Checkpoint saved to experiments/normal/ar1/esmCNN_random_ar1_h6
[2020-10-21 22:20:43] esmCNN.cv9: Find channel with Kernel size: 5 	 Lambda: 0.5: 	 Best Score: 0.0605
[2020-10-21 22:20:43] esmCNN.cv9: Channel size: 60 	 Kernel size: 5 
Training MSE: 0.06053895 	 Validating MSE: 0.07876836 	 Best VMSE: 0.07066912
[2020-10-21 22:20:43] esmCNN.cv9: Checkpoint saved to experiments/normal/ar1/esmCNN_random_ar1_h6
[2020-10-21 22:20:43] esmCNN.cv9: Find channel with Kernel size: 5 	 Lambda: 0.5: 	 Best Score: 0.0605
[2020-10-21 22:20:43] esmCNN.cv9: Channel size: 61 	 Kernel size: 5 
Training MSE: 0.06052819 	 Validating MSE: 0.07735776 	 Best VMSE: 0.07066912
[2020-10-21 22:20:43] esmCNN.cv9: Checkpoint saved to experiments/normal/ar1/esmCNN_random_ar1_h6
[2020-10-21 22:20:43] esmCNN.cv9: Find channel with Kernel size: 3 	 Lambda: 0.5: 	 Best Score: 0.0605
[2020-10-21 22:20:43] esmCNN.cv9: Channel size: 62 	 Kernel size: 3 
Training MSE: 0.06052313 	 Validating MSE: 0.07839899 	 Best VMSE: 0.07066912
[2020-10-21 22:20:43] esmCNN.cv9: Checkpoint saved to experiments/normal/ar1/esmCNN_random_ar1_h6
[2020-10-21 22:20:43] esmCNN.cv9: Find channel with Kernel size: 3 	 Lambda: 0.5: 	 Best Score: 0.0605
[2020-10-21 22:20:43] esmCNN.cv9: Channel size: 63 	 Kernel size: 3 
Training MSE: 0.06051094 	 Validating MSE: 0.07732382 	 Best VMSE: 0.07066912
[2020-10-21 22:20:43] esmCNN.cv9: Checkpoint saved to experiments/normal/ar1/esmCNN_random_ar1_h6
[2020-10-21 22:20:43] esmCNN.cv9: Find channel with Kernel size: 2 	 Lambda: 0.5: 	 Best Score: 0.0605
[2020-10-21 22:20:43] esmCNN.cv9: Channel size: 64 	 Kernel size: 2 
Training MSE: 0.06050765 	 Validating MSE: 0.07789230 	 Best VMSE: 0.07066912
[2020-10-21 22:20:43] esmCNN.cv9: Checkpoint saved to experiments/normal/ar1/esmCNN_random_ar1_h6
[2020-10-21 22:20:43] esmCNN.cv9: Find channel with Kernel size: 3 	 Lambda: 0.5: 	 Best Score: 0.0605
[2020-10-21 22:20:43] esmCNN.cv9: Channel size: 65 	 Kernel size: 3 
Training MSE: 0.06050524 	 Validating MSE: 0.07732933 	 Best VMSE: 0.07066912
[2020-10-21 22:20:43] esmCNN.cv9: Checkpoint saved to experiments/normal/ar1/esmCNN_random_ar1_h6
[2020-10-21 22:20:43] esmCNN.cv9: Find channel with Kernel size: 3 	 Lambda: 0.5: 	 Best Score: 0.0605
[2020-10-21 22:20:43] esmCNN.cv9: Channel size: 66 	 Kernel size: 3 
Training MSE: 0.06049838 	 Validating MSE: 0.07831979 	 Best VMSE: 0.07066912
[2020-10-21 22:20:43] esmCNN.cv9: Checkpoint saved to experiments/normal/ar1/esmCNN_random_ar1_h6
[2020-10-21 22:20:43] esmCNN.cv9: Find channel with Kernel size: 3 	 Lambda: 0.5: 	 Best Score: 0.0605
[2020-10-21 22:20:43] esmCNN.cv9: Channel size: 67 	 Kernel size: 3 
Training MSE: 0.06049213 	 Validating MSE: 0.07719065 	 Best VMSE: 0.07066912
[2020-10-21 22:20:43] esmCNN.cv9: Checkpoint saved to experiments/normal/ar1/esmCNN_random_ar1_h6
[2020-10-21 22:20:43] esmCNN.cv9: Find channel with Kernel size: 5 	 Lambda: 0.5: 	 Best Score: 0.0605
[2020-10-21 22:20:43] esmCNN.cv9: Channel size: 68 	 Kernel size: 5 
Training MSE: 0.06048805 	 Validating MSE: 0.07819591 	 Best VMSE: 0.07066912
[2020-10-21 22:20:43] esmCNN.cv9: Checkpoint saved to experiments/normal/ar1/esmCNN_random_ar1_h6
[2020-10-21 22:20:44] esmCNN.cv9: Find channel with Kernel size: 3 	 Lambda: 0.5: 	 Best Score: 0.0605
[2020-10-21 22:20:44] esmCNN.cv9: Channel size: 69 	 Kernel size: 3 
Training MSE: 0.06048188 	 Validating MSE: 0.07905094 	 Best VMSE: 0.07066912
[2020-10-21 22:20:44] esmCNN.cv9: Checkpoint saved to experiments/normal/ar1/esmCNN_random_ar1_h6
[2020-10-21 22:20:44] esmCNN.cv9: Find channel with Kernel size: 3 	 Lambda: 0.5: 	 Best Score: 0.0605
[2020-10-21 22:20:44] esmCNN.cv9: Channel size: 70 	 Kernel size: 3 
Training MSE: 0.06046289 	 Validating MSE: 0.07780028 	 Best VMSE: 0.07066912
[2020-10-21 22:20:44] esmCNN.cv9: Checkpoint saved to experiments/normal/ar1/esmCNN_random_ar1_h6
[2020-10-21 22:20:44] esmCNN.cv9: Find channel with Kernel size: 5 	 Lambda: 0.5: 	 Best Score: 0.0604
[2020-10-21 22:20:44] esmCNN.cv9: Channel size: 71 	 Kernel size: 5 
Training MSE: 0.06038195 	 Validating MSE: 0.08139066 	 Best VMSE: 0.07066912
[2020-10-21 22:20:44] esmCNN.cv9: Checkpoint saved to experiments/normal/ar1/esmCNN_random_ar1_h6
[2020-10-21 22:20:44] esmCNN.cv9: Find channel with Kernel size: 3 	 Lambda: 0.5: 	 Best Score: 0.0603
[2020-10-21 22:20:44] esmCNN.cv9: Channel size: 72 	 Kernel size: 3 
Training MSE: 0.06029644 	 Validating MSE: 0.07812188 	 Best VMSE: 0.07066912
[2020-10-21 22:20:44] esmCNN.cv9: Checkpoint saved to experiments/normal/ar1/esmCNN_random_ar1_h6
[2020-10-21 22:20:44] esmCNN.cv9: Find channel with Kernel size: 5 	 Lambda: 0.5: 	 Best Score: 0.0603
[2020-10-21 22:20:44] esmCNN.cv9: Channel size: 73 	 Kernel size: 5 
Training MSE: 0.06029224 	 Validating MSE: 0.07893495 	 Best VMSE: 0.07066912
[2020-10-21 22:20:44] esmCNN.cv9: Checkpoint saved to experiments/normal/ar1/esmCNN_random_ar1_h6
[2020-10-21 22:20:44] esmCNN.cv9: Find channel with Kernel size: 5 	 Lambda: 0.5: 	 Best Score: 0.0603
[2020-10-21 22:20:44] esmCNN.cv9: Channel size: 74 	 Kernel size: 5 
Training MSE: 0.06027966 	 Validating MSE: 0.08044758 	 Best VMSE: 0.07066912
[2020-10-21 22:20:44] esmCNN.cv9: Checkpoint saved to experiments/normal/ar1/esmCNN_random_ar1_h6
[2020-10-21 22:20:44] esmCNN.cv9: Find channel with Kernel size: 3 	 Lambda: 0.5: 	 Best Score: 0.0603
[2020-10-21 22:20:44] esmCNN.cv9: Channel size: 75 	 Kernel size: 3 
Training MSE: 0.06025454 	 Validating MSE: 0.07836369 	 Best VMSE: 0.07066912
[2020-10-21 22:20:44] esmCNN.cv9: Checkpoint saved to experiments/normal/ar1/esmCNN_random_ar1_h6
[2020-10-21 22:20:44] esmCNN.cv9: Find channel with Kernel size: 2 	 Lambda: 0.5: 	 Best Score: 0.0603
[2020-10-21 22:20:44] esmCNN.cv9: Channel size: 76 	 Kernel size: 2 
Training MSE: 0.06025247 	 Validating MSE: 0.07897229 	 Best VMSE: 0.07066912
[2020-10-21 22:20:44] esmCNN.cv9: Checkpoint saved to experiments/normal/ar1/esmCNN_random_ar1_h6
[2020-10-21 22:20:44] esmCNN.cv9: Find channel with Kernel size: 2 	 Lambda: 0.5: 	 Best Score: 0.0602
[2020-10-21 22:20:45] esmCNN.cv9: Channel size: 77 	 Kernel size: 2 
Training MSE: 0.06024936 	 Validating MSE: 0.07962660 	 Best VMSE: 0.07066912
[2020-10-21 22:20:45] esmCNN.cv9: Checkpoint saved to experiments/normal/ar1/esmCNN_random_ar1_h6
[2020-10-21 22:20:45] esmCNN.cv9: Find channel with Kernel size: 3 	 Lambda: 0.5: 	 Best Score: 0.0602
[2020-10-21 22:20:45] esmCNN.cv9: Channel size: 78 	 Kernel size: 3 
Training MSE: 0.06023837 	 Validating MSE: 0.08087763 	 Best VMSE: 0.07066912
[2020-10-21 22:20:45] esmCNN.cv9: Checkpoint saved to experiments/normal/ar1/esmCNN_random_ar1_h6
[2020-10-21 22:20:45] esmCNN.cv9: Find channel with Kernel size: 3 	 Lambda: 0.5: 	 Best Score: 0.0602
[2020-10-21 22:20:45] esmCNN.cv9: Channel size: 79 	 Kernel size: 3 
Training MSE: 0.06020433 	 Validating MSE: 0.07883056 	 Best VMSE: 0.07066912
[2020-10-21 22:20:45] esmCNN.cv9: Checkpoint saved to experiments/normal/ar1/esmCNN_random_ar1_h6
[2020-10-21 22:20:45] esmCNN.cv9: Find channel with Kernel size: 3 	 Lambda: 0.5: 	 Best Score: 0.0601
[2020-10-21 22:20:45] esmCNN.cv9: Channel size: 80 	 Kernel size: 3 
Training MSE: 0.06009712 	 Validating MSE: 0.08352708 	 Best VMSE: 0.07066912
[2020-10-21 22:20:45] esmCNN.cv9: Checkpoint saved to experiments/normal/ar1/esmCNN_random_ar1_h6
[2020-10-21 22:20:45] esmCNN.cv9: Find channel with Kernel size: 3 	 Lambda: 0.5: 	 Best Score: 0.0600
[2020-10-21 22:20:45] esmCNN.cv9: Channel size: 81 	 Kernel size: 3 
Training MSE: 0.05998204 	 Validating MSE: 0.07949896 	 Best VMSE: 0.07066912
[2020-10-21 22:20:45] esmCNN.cv9: Checkpoint saved to experiments/normal/ar1/esmCNN_random_ar1_h6
[2020-10-21 22:20:45] esmCNN.cv9: Find channel with Kernel size: 3 	 Lambda: 0.5: 	 Best Score: 0.0600
[2020-10-21 22:20:45] esmCNN.cv9: Channel size: 82 	 Kernel size: 3 
Training MSE: 0.05996018 	 Validating MSE: 0.08149229 	 Best VMSE: 0.07066912
[2020-10-21 22:20:45] esmCNN.cv9: Checkpoint saved to experiments/normal/ar1/esmCNN_random_ar1_h6
[2020-10-21 22:20:45] esmCNN.cv9: Find channel with Kernel size: 3 	 Lambda: 0.5: 	 Best Score: 0.0600
[2020-10-21 22:20:45] esmCNN.cv9: Channel size: 83 	 Kernel size: 3 
Training MSE: 0.05995279 	 Validating MSE: 0.08034646 	 Best VMSE: 0.07066912
[2020-10-21 22:20:45] esmCNN.cv9: Checkpoint saved to experiments/normal/ar1/esmCNN_random_ar1_h6
[2020-10-21 22:20:45] esmCNN.cv9: Find channel with Kernel size: 5 	 Lambda: 0.5: 	 Best Score: 0.0599
[2020-10-21 22:20:45] esmCNN.cv9: Channel size: 84 	 Kernel size: 5 
Training MSE: 0.05994936 	 Validating MSE: 0.08112402 	 Best VMSE: 0.07066912
[2020-10-21 22:20:45] esmCNN.cv9: Checkpoint saved to experiments/normal/ar1/esmCNN_random_ar1_h6
[2020-10-21 22:20:46] esmCNN.cv9: Find channel with Kernel size: 3 	 Lambda: 0.5: 	 Best Score: 0.0599
[2020-10-21 22:20:46] esmCNN.cv9: Channel size: 85 	 Kernel size: 3 
Training MSE: 0.05993949 	 Validating MSE: 0.07981779 	 Best VMSE: 0.07066912
[2020-10-21 22:20:46] esmCNN.cv9: Checkpoint saved to experiments/normal/ar1/esmCNN_random_ar1_h6
[2020-10-21 22:20:46] esmCNN.cv9: Find channel with Kernel size: 3 	 Lambda: 0.5: 	 Best Score: 0.0599
[2020-10-21 22:20:46] esmCNN.cv9: Channel size: 86 	 Kernel size: 3 
Training MSE: 0.05987748 	 Validating MSE: 0.08338031 	 Best VMSE: 0.07066912
[2020-10-21 22:20:46] esmCNN.cv9: Checkpoint saved to experiments/normal/ar1/esmCNN_random_ar1_h6
[2020-10-21 22:20:46] esmCNN.cv9: Find channel with Kernel size: 2 	 Lambda: 0.5: 	 Best Score: 0.0598
[2020-10-21 22:20:46] esmCNN.cv9: Channel size: 87 	 Kernel size: 2 
Training MSE: 0.05980733 	 Validating MSE: 0.08055618 	 Best VMSE: 0.07066912
[2020-10-21 22:20:46] esmCNN.cv9: Checkpoint saved to experiments/normal/ar1/esmCNN_random_ar1_h6
[2020-10-21 22:20:46] esmCNN.cv9: Find channel with Kernel size: 2 	 Lambda: 0.5: 	 Best Score: 0.0598
[2020-10-21 22:20:46] esmCNN.cv9: Channel size: 88 	 Kernel size: 2 
Training MSE: 0.05979593 	 Validating MSE: 0.08184370 	 Best VMSE: 0.07066912
[2020-10-21 22:20:46] esmCNN.cv9: Checkpoint saved to experiments/normal/ar1/esmCNN_random_ar1_h6
[2020-10-21 22:20:46] esmCNN.cv9: Find channel with Kernel size: 2 	 Lambda: 0.5: 	 Best Score: 0.0598
[2020-10-21 22:20:46] esmCNN.cv9: Channel size: 89 	 Kernel size: 2 
Training MSE: 0.05978317 	 Validating MSE: 0.08060510 	 Best VMSE: 0.07066912
[2020-10-21 22:20:46] esmCNN.cv9: Checkpoint saved to experiments/normal/ar1/esmCNN_random_ar1_h6
[2020-10-21 22:20:46] esmCNN.cv9: Find channel with Kernel size: 2 	 Lambda: 0.5: 	 Best Score: 0.0598
[2020-10-21 22:20:46] esmCNN.cv9: Channel size: 90 	 Kernel size: 2 
Training MSE: 0.05977033 	 Validating MSE: 0.08199140 	 Best VMSE: 0.07066912
[2020-10-21 22:20:46] esmCNN.cv9: Checkpoint saved to experiments/normal/ar1/esmCNN_random_ar1_h6
[2020-10-21 22:20:46] esmCNN.cv9: Find channel with Kernel size: 2 	 Lambda: 0.5: 	 Best Score: 0.0598
[2020-10-21 22:20:46] esmCNN.cv9: Channel size: 91 	 Kernel size: 2 
Training MSE: 0.05976150 	 Validating MSE: 0.08092457 	 Best VMSE: 0.07066912
[2020-10-21 22:20:46] esmCNN.cv9: Checkpoint saved to experiments/normal/ar1/esmCNN_random_ar1_h6
[2020-10-21 22:20:46] esmCNN.cv9: Find channel with Kernel size: 3 	 Lambda: 0.5: 	 Best Score: 0.0597
[2020-10-21 22:20:47] esmCNN.cv9: Channel size: 92 	 Kernel size: 3 
Training MSE: 0.05972461 	 Validating MSE: 0.08358998 	 Best VMSE: 0.07066912
[2020-10-21 22:20:47] esmCNN.cv9: Checkpoint saved to experiments/normal/ar1/esmCNN_random_ar1_h6
[2020-10-21 22:20:47] esmCNN.cv9: Find channel with Kernel size: 2 	 Lambda: 0.5: 	 Best Score: 0.0597
[2020-10-21 22:20:47] esmCNN.cv9: Channel size: 93 	 Kernel size: 2 
Training MSE: 0.05969235 	 Validating MSE: 0.08087341 	 Best VMSE: 0.07066912
[2020-10-21 22:20:47] esmCNN.cv9: Checkpoint saved to experiments/normal/ar1/esmCNN_random_ar1_h6
[2020-10-21 22:20:47] esmCNN.cv9: Find channel with Kernel size: 3 	 Lambda: 0.5: 	 Best Score: 0.0597
[2020-10-21 22:20:47] esmCNN.cv9: Channel size: 94 	 Kernel size: 3 
Training MSE: 0.05967424 	 Validating MSE: 0.08310146 	 Best VMSE: 0.07066912
[2020-10-21 22:20:47] esmCNN.cv9: Checkpoint saved to experiments/normal/ar1/esmCNN_random_ar1_h6
[2020-10-21 22:20:47] esmCNN.cv9: Find channel with Kernel size: 3 	 Lambda: 0.5: 	 Best Score: 0.0597
[2020-10-21 22:20:47] esmCNN.cv9: Channel size: 95 	 Kernel size: 3 
Training MSE: 0.05965396 	 Validating MSE: 0.08126483 	 Best VMSE: 0.07066912
[2020-10-21 22:20:47] esmCNN.cv9: Checkpoint saved to experiments/normal/ar1/esmCNN_random_ar1_h6
[2020-10-21 22:20:47] esmCNN.cv9: Find channel with Kernel size: 5 	 Lambda: 0.5: 	 Best Score: 0.0596
[2020-10-21 22:20:47] esmCNN.cv9: Channel size: 96 	 Kernel size: 5 
Training MSE: 0.05962488 	 Validating MSE: 0.08406810 	 Best VMSE: 0.07066912
[2020-10-21 22:20:47] esmCNN.cv9: Checkpoint saved to experiments/normal/ar1/esmCNN_random_ar1_h6
[2020-10-21 22:20:47] esmCNN.cv9: Find channel with Kernel size: 2 	 Lambda: 0.5: 	 Best Score: 0.0596
[2020-10-21 22:20:47] esmCNN.cv9: Channel size: 97 	 Kernel size: 2 
Training MSE: 0.05959748 	 Validating MSE: 0.08160356 	 Best VMSE: 0.07066912
[2020-10-21 22:20:47] esmCNN.cv9: Checkpoint saved to experiments/normal/ar1/esmCNN_random_ar1_h6
[2020-10-21 22:20:47] esmCNN.cv9: Find channel with Kernel size: 2 	 Lambda: 0.5: 	 Best Score: 0.0596
[2020-10-21 22:20:47] esmCNN.cv9: Channel size: 98 	 Kernel size: 2 
Training MSE: 0.05958134 	 Validating MSE: 0.08381639 	 Best VMSE: 0.07066912
[2020-10-21 22:20:47] esmCNN.cv9: Checkpoint saved to experiments/normal/ar1/esmCNN_random_ar1_h6
[2020-10-21 22:20:47] esmCNN.cv9: Find channel with Kernel size: 2 	 Lambda: 0.5: 	 Best Score: 0.0596
[2020-10-21 22:20:48] esmCNN.cv9: Channel size: 99 	 Kernel size: 2 
Training MSE: 0.05955994 	 Validating MSE: 0.08190630 	 Best VMSE: 0.07066912
[2020-10-21 22:20:48] esmCNN.cv9: Checkpoint saved to experiments/normal/ar1/esmCNN_random_ar1_h6
[2020-10-21 22:20:48] esmCNN.cv9: Find channel with Kernel size: 3 	 Lambda: 0.5: 	 Best Score: 0.0595
[2020-10-21 22:20:48] esmCNN.cv9: Channel size: 100 	 Kernel size: 3 
Training MSE: 0.05954863 	 Validating MSE: 0.08343504 	 Best VMSE: 0.07066912
[2020-10-21 22:20:48] esmCNN.cv9: Checkpoint saved to experiments/normal/ar1/esmCNN_random_ar1_h6
[2020-10-21 22:20:48] esmCNN.cv9: Restoring best parameters from experiments/normal/ar1/esmCNN_random_ar1_h6/train.cv9.pth.tar
[2020-10-21 22:20:48] esmCNN.cv9: ar1	 H: 6	 Trail: 18 
Testing RMSE: 0.3501 	 MAPE: 0.07181 	 SMAPE: 0.03681
