[2020-10-21 22:18:49] esmCNN.cv2: Loading the datasets and model for 7th-batch-training
[2020-10-21 22:18:49] esmCNN.cv2: Argument channel_size: 100
[2020-10-21 22:18:49] esmCNN.cv2: Argument candidate_size: 300
[2020-10-21 22:18:49] esmCNN.cv2: Argument kernel_size: 3
[2020-10-21 22:18:49] esmCNN.cv2: Argument kernel_list: [5, 3, 3, 2]
[2020-10-21 22:18:49] esmCNN.cv2: Argument Lambdas: [0.5, 1, 5, 15, 30, 50, 100, 150, 200]
[2020-10-21 22:18:49] esmCNN.cv2: Argument Lambdas_std: [0.01, 0.05, 0.1, 0.5, 1]
[2020-10-21 22:18:49] esmCNN.cv2: Argument r: [0.8, 0.9, 0.99, 0.9999, 0.999999]
[2020-10-21 22:18:49] esmCNN.cv2: Argument tolerance: 0
[2020-10-21 22:18:49] esmCNN.cv2: Argument device: device(type='cuda')
[2020-10-21 22:18:49] esmCNN.cv2: Argument dataset: 'ar1'
[2020-10-21 22:18:49] esmCNN.cv2: Argument H: 6
[2020-10-21 22:18:49] esmCNN.cv2: Argument k: 5
[2020-10-21 22:18:49] esmCNN.cv2: Argument test: False
[2020-10-21 22:18:49] esmCNN.cv2: Argument search: 'random'
[2020-10-21 22:18:49] esmCNN.cv2: Argument normal: True
[2020-10-21 22:18:49] esmCNN.cv2: Argument diff: False
[2020-10-21 22:18:49] esmCNN.cv2: Argument times: 60
[2020-10-21 22:18:49] esmCNN.cv2: Argument datasets: {'ar1': {'lag_order': 15, 'normal': True, 'cov_dim': 0, 'kernel_size': 3}, 'wti': {'lag_order': 25, 'normal': True, 'cov_dim': 0, 'kernel_size': 5}, 'gold': {'lag_order': 25, 'normal': True, 'cov_dim': 0, 'kernel_size': 5}, 'sp': {'lag_order': 25, 'normal': True, 'cov_dim': 0, 'kernel_size': 5}, 'brent': {'lag_order': 24, 'normal': True, 'cov_dim': 0, 'kernel_size': 6}, 'sili': {'lag_order': 26, 'normal': True, 'cov_dim': 0, 'kernel_size': 6}}
[2020-10-21 22:18:49] esmCNN.cv2: Argument steps: 15
[2020-10-21 22:18:49] esmCNN.cv2: Argument cov_dim: 0
[2020-10-21 22:18:49] esmCNN.cv2: Argument experiment: 'experiments/normal/ar1'
[2020-10-21 22:18:49] esmCNN.cv2: Argument scaler: StandardScaler()
[2020-10-21 22:18:49] esmCNN.cv2: Argument model_name: 'esmCNN_random_ar1_h6'
[2020-10-21 22:18:49] esmCNN.cv2: Argument model_dir: 'experiments/normal/ar1/esmCNN_random_ar1_h6'
[2020-10-21 22:18:49] esmCNN.cv2: Argument In_channels: 1
[2020-10-21 22:18:49] esmCNN.cv2: Argument restore: True
[2020-10-21 22:18:49] esmCNN.cv2: Argument cv: 2
[2020-10-21 22:18:49] esmCNN.cv2: Argument plot_dir: 'experiments/normal/ar1/esmCNN_random_ar1_h6/figures'
[2020-10-21 22:18:49] esmCNN.cv2: Argument num_process: 8
[2020-10-21 22:18:49] esmCNN.cv2: Using Cuda...
[2020-10-21 22:18:49] esmCNN.cv2: Loading complete.
[2020-10-21 22:18:49] esmCNN.cv2: Model: 
ESM_CNN(
  (Pool): AvgPool1d(kernel_size=(3,), stride=(1,), padding=(0,))
  (loss_fn): MSELoss()
)
[2020-10-21 22:18:49] esmCNN.cv2: Found new best state
[2020-10-21 22:18:49] esmCNN.cv2: Best vmse: 0.0853
[2020-10-21 22:18:49] esmCNN.cv2: Channel size: 1 	 Kernel size: 3 
Training MSE: 0.07459239 	 Validating MSE: 0.08531920 	 Best VMSE: 0.08531920
[2020-10-21 22:18:49] esmCNN.cv2: Checkpoint saved to experiments/normal/ar1/esmCNN_random_ar1_h6
[2020-10-21 22:18:49] esmCNN.cv2: Find channel with Kernel size: 3 	 Lambda: 0.5: 	 Best Score: 0.0644
[2020-10-21 22:18:49] esmCNN.cv2: Found new best state
[2020-10-21 22:18:49] esmCNN.cv2: Best vmse: 0.0733
[2020-10-21 22:18:49] esmCNN.cv2: Channel size: 2 	 Kernel size: 3 
Training MSE: 0.06435589 	 Validating MSE: 0.07331358 	 Best VMSE: 0.07331358
[2020-10-21 22:18:49] esmCNN.cv2: Checkpoint saved to experiments/normal/ar1/esmCNN_random_ar1_h6
[2020-10-21 22:18:49] esmCNN.cv2: Find channel with Kernel size: 2 	 Lambda: 0.5: 	 Best Score: 0.0625
[2020-10-21 22:18:49] esmCNN.cv2: Found new best state
[2020-10-21 22:18:49] esmCNN.cv2: Best vmse: 0.0714
[2020-10-21 22:18:49] esmCNN.cv2: Channel size: 3 	 Kernel size: 2 
Training MSE: 0.06251094 	 Validating MSE: 0.07137167 	 Best VMSE: 0.07137167
[2020-10-21 22:18:49] esmCNN.cv2: Checkpoint saved to experiments/normal/ar1/esmCNN_random_ar1_h6
[2020-10-21 22:18:49] esmCNN.cv2: Find channel with Kernel size: 3 	 Lambda: 0.5: 	 Best Score: 0.0624
[2020-10-21 22:18:49] esmCNN.cv2: Found new best state
[2020-10-21 22:18:49] esmCNN.cv2: Best vmse: 0.0708
[2020-10-21 22:18:49] esmCNN.cv2: Channel size: 4 	 Kernel size: 3 
Training MSE: 0.06244224 	 Validating MSE: 0.07078977 	 Best VMSE: 0.07078977
[2020-10-21 22:18:49] esmCNN.cv2: Checkpoint saved to experiments/normal/ar1/esmCNN_random_ar1_h6
[2020-10-21 22:18:50] esmCNN.cv2: Find channel with Kernel size: 2 	 Lambda: 0.5: 	 Best Score: 0.0624
[2020-10-21 22:18:50] esmCNN.cv2: Channel size: 5 	 Kernel size: 2 
Training MSE: 0.06241083 	 Validating MSE: 0.07268999 	 Best VMSE: 0.07078977
[2020-10-21 22:18:50] esmCNN.cv2: Checkpoint saved to experiments/normal/ar1/esmCNN_random_ar1_h6
[2020-10-21 22:18:50] esmCNN.cv2: Find channel with Kernel size: 3 	 Lambda: 0.5: 	 Best Score: 0.0624
[2020-10-21 22:18:50] esmCNN.cv2: Channel size: 6 	 Kernel size: 3 
Training MSE: 0.06237601 	 Validating MSE: 0.07117963 	 Best VMSE: 0.07078977
[2020-10-21 22:18:50] esmCNN.cv2: Checkpoint saved to experiments/normal/ar1/esmCNN_random_ar1_h6
[2020-10-21 22:18:50] esmCNN.cv2: Find channel with Kernel size: 3 	 Lambda: 0.5: 	 Best Score: 0.0623
[2020-10-21 22:18:50] esmCNN.cv2: Channel size: 7 	 Kernel size: 3 
Training MSE: 0.06227149 	 Validating MSE: 0.07467707 	 Best VMSE: 0.07078977
[2020-10-21 22:18:50] esmCNN.cv2: Checkpoint saved to experiments/normal/ar1/esmCNN_random_ar1_h6
[2020-10-21 22:18:50] esmCNN.cv2: Find channel with Kernel size: 3 	 Lambda: 0.5: 	 Best Score: 0.0622
[2020-10-21 22:18:50] esmCNN.cv2: Channel size: 8 	 Kernel size: 3 
Training MSE: 0.06216419 	 Validating MSE: 0.07150812 	 Best VMSE: 0.07078977
[2020-10-21 22:18:50] esmCNN.cv2: Checkpoint saved to experiments/normal/ar1/esmCNN_random_ar1_h6
[2020-10-21 22:18:50] esmCNN.cv2: Find channel with Kernel size: 3 	 Lambda: 0.5: 	 Best Score: 0.0621
[2020-10-21 22:18:50] esmCNN.cv2: Channel size: 9 	 Kernel size: 3 
Training MSE: 0.06212140 	 Validating MSE: 0.07385953 	 Best VMSE: 0.07078977
[2020-10-21 22:18:50] esmCNN.cv2: Checkpoint saved to experiments/normal/ar1/esmCNN_random_ar1_h6
[2020-10-21 22:18:50] esmCNN.cv2: Find channel with Kernel size: 3 	 Lambda: 0.5: 	 Best Score: 0.0621
[2020-10-21 22:18:50] esmCNN.cv2: Channel size: 10 	 Kernel size: 3 
Training MSE: 0.06209432 	 Validating MSE: 0.07211932 	 Best VMSE: 0.07078977
[2020-10-21 22:18:50] esmCNN.cv2: Checkpoint saved to experiments/normal/ar1/esmCNN_random_ar1_h6
[2020-10-21 22:18:50] esmCNN.cv2: Find channel with Kernel size: 5 	 Lambda: 0.5: 	 Best Score: 0.0618
[2020-10-21 22:18:50] esmCNN.cv2: Channel size: 11 	 Kernel size: 5 
Training MSE: 0.06184303 	 Validating MSE: 0.07975176 	 Best VMSE: 0.07078977
[2020-10-21 22:18:50] esmCNN.cv2: Checkpoint saved to experiments/normal/ar1/esmCNN_random_ar1_h6
[2020-10-21 22:18:50] esmCNN.cv2: Find channel with Kernel size: 3 	 Lambda: 0.5: 	 Best Score: 0.0616
[2020-10-21 22:18:50] esmCNN.cv2: Channel size: 12 	 Kernel size: 3 
Training MSE: 0.06160257 	 Validating MSE: 0.07366312 	 Best VMSE: 0.07078977
[2020-10-21 22:18:50] esmCNN.cv2: Checkpoint saved to experiments/normal/ar1/esmCNN_random_ar1_h6
[2020-10-21 22:18:50] esmCNN.cv2: Find channel with Kernel size: 2 	 Lambda: 0.5: 	 Best Score: 0.0616
[2020-10-21 22:18:50] esmCNN.cv2: Channel size: 13 	 Kernel size: 2 
Training MSE: 0.06155132 	 Validating MSE: 0.07677770 	 Best VMSE: 0.07078977
[2020-10-21 22:18:50] esmCNN.cv2: Checkpoint saved to experiments/normal/ar1/esmCNN_random_ar1_h6
[2020-10-21 22:18:50] esmCNN.cv2: Find channel with Kernel size: 3 	 Lambda: 0.5: 	 Best Score: 0.0615
[2020-10-21 22:18:50] esmCNN.cv2: Channel size: 14 	 Kernel size: 3 
Training MSE: 0.06150111 	 Validating MSE: 0.07386676 	 Best VMSE: 0.07078977
[2020-10-21 22:18:50] esmCNN.cv2: Checkpoint saved to experiments/normal/ar1/esmCNN_random_ar1_h6
[2020-10-21 22:18:50] esmCNN.cv2: Find channel with Kernel size: 3 	 Lambda: 0.5: 	 Best Score: 0.0615
[2020-10-21 22:18:50] esmCNN.cv2: Channel size: 15 	 Kernel size: 3 
Training MSE: 0.06149142 	 Validating MSE: 0.07547957 	 Best VMSE: 0.07078977
[2020-10-21 22:18:50] esmCNN.cv2: Checkpoint saved to experiments/normal/ar1/esmCNN_random_ar1_h6
[2020-10-21 22:18:50] esmCNN.cv2: Find channel with Kernel size: 3 	 Lambda: 0.5: 	 Best Score: 0.0615
[2020-10-21 22:18:50] esmCNN.cv2: Channel size: 16 	 Kernel size: 3 
Training MSE: 0.06147778 	 Validating MSE: 0.07409272 	 Best VMSE: 0.07078977
[2020-10-21 22:18:50] esmCNN.cv2: Checkpoint saved to experiments/normal/ar1/esmCNN_random_ar1_h6
[2020-10-21 22:18:50] esmCNN.cv2: Find channel with Kernel size: 5 	 Lambda: 0.5: 	 Best Score: 0.0614
[2020-10-21 22:18:50] esmCNN.cv2: Channel size: 17 	 Kernel size: 5 
Training MSE: 0.06144163 	 Validating MSE: 0.07690909 	 Best VMSE: 0.07078977
[2020-10-21 22:18:50] esmCNN.cv2: Checkpoint saved to experiments/normal/ar1/esmCNN_random_ar1_h6
[2020-10-21 22:18:50] esmCNN.cv2: Find channel with Kernel size: 5 	 Lambda: 0.5: 	 Best Score: 0.0614
[2020-10-21 22:18:50] esmCNN.cv2: Channel size: 18 	 Kernel size: 5 
Training MSE: 0.06141261 	 Validating MSE: 0.07444871 	 Best VMSE: 0.07078977
[2020-10-21 22:18:50] esmCNN.cv2: Checkpoint saved to experiments/normal/ar1/esmCNN_random_ar1_h6
[2020-10-21 22:18:50] esmCNN.cv2: Find channel with Kernel size: 5 	 Lambda: 0.5: 	 Best Score: 0.0612
[2020-10-21 22:18:50] esmCNN.cv2: Channel size: 19 	 Kernel size: 5 
Training MSE: 0.06119452 	 Validating MSE: 0.08218889 	 Best VMSE: 0.07078977
[2020-10-21 22:18:50] esmCNN.cv2: Checkpoint saved to experiments/normal/ar1/esmCNN_random_ar1_h6
[2020-10-21 22:18:50] esmCNN.cv2: Find channel with Kernel size: 3 	 Lambda: 0.5: 	 Best Score: 0.0610
[2020-10-21 22:18:50] esmCNN.cv2: Channel size: 20 	 Kernel size: 3 
Training MSE: 0.06097652 	 Validating MSE: 0.07853354 	 Best VMSE: 0.07078977
[2020-10-21 22:18:50] esmCNN.cv2: Checkpoint saved to experiments/normal/ar1/esmCNN_random_ar1_h6
[2020-10-21 22:18:50] esmCNN.cv2: Find channel with Kernel size: 2 	 Lambda: 0.5: 	 Best Score: 0.0610
[2020-10-21 22:18:50] esmCNN.cv2: Channel size: 21 	 Kernel size: 2 
Training MSE: 0.06096207 	 Validating MSE: 0.07582901 	 Best VMSE: 0.07078977
[2020-10-21 22:18:50] esmCNN.cv2: Checkpoint saved to experiments/normal/ar1/esmCNN_random_ar1_h6
[2020-10-21 22:18:50] esmCNN.cv2: Find channel with Kernel size: 5 	 Lambda: 0.5: 	 Best Score: 0.0609
[2020-10-21 22:18:51] esmCNN.cv2: Channel size: 22 	 Kernel size: 5 
Training MSE: 0.06088505 	 Validating MSE: 0.08015929 	 Best VMSE: 0.07078977
[2020-10-21 22:18:51] esmCNN.cv2: Checkpoint saved to experiments/normal/ar1/esmCNN_random_ar1_h6
[2020-10-21 22:18:51] esmCNN.cv2: Find channel with Kernel size: 5 	 Lambda: 0.5: 	 Best Score: 0.0608
[2020-10-21 22:18:51] esmCNN.cv2: Channel size: 23 	 Kernel size: 5 
Training MSE: 0.06081659 	 Validating MSE: 0.07677411 	 Best VMSE: 0.07078977
[2020-10-21 22:18:51] esmCNN.cv2: Checkpoint saved to experiments/normal/ar1/esmCNN_random_ar1_h6
[2020-10-21 22:18:51] esmCNN.cv2: Find channel with Kernel size: 3 	 Lambda: 0.5: 	 Best Score: 0.0607
[2020-10-21 22:18:51] esmCNN.cv2: Channel size: 24 	 Kernel size: 3 
Training MSE: 0.06074317 	 Validating MSE: 0.08078120 	 Best VMSE: 0.07078977
[2020-10-21 22:18:51] esmCNN.cv2: Checkpoint saved to experiments/normal/ar1/esmCNN_random_ar1_h6
[2020-10-21 22:18:51] esmCNN.cv2: Find channel with Kernel size: 3 	 Lambda: 0.5: 	 Best Score: 0.0607
[2020-10-21 22:18:51] esmCNN.cv2: Channel size: 25 	 Kernel size: 3 
Training MSE: 0.06066858 	 Validating MSE: 0.07729205 	 Best VMSE: 0.07078977
[2020-10-21 22:18:51] esmCNN.cv2: Checkpoint saved to experiments/normal/ar1/esmCNN_random_ar1_h6
[2020-10-21 22:18:51] esmCNN.cv2: Find channel with Kernel size: 3 	 Lambda: 0.5: 	 Best Score: 0.0606
[2020-10-21 22:18:51] esmCNN.cv2: Channel size: 26 	 Kernel size: 3 
Training MSE: 0.06064919 	 Validating MSE: 0.07913241 	 Best VMSE: 0.07078977
[2020-10-21 22:18:51] esmCNN.cv2: Checkpoint saved to experiments/normal/ar1/esmCNN_random_ar1_h6
[2020-10-21 22:18:51] esmCNN.cv2: Find channel with Kernel size: 5 	 Lambda: 0.5: 	 Best Score: 0.0606
[2020-10-21 22:18:51] esmCNN.cv2: Channel size: 27 	 Kernel size: 5 
Training MSE: 0.06059962 	 Validating MSE: 0.08287895 	 Best VMSE: 0.07078977
[2020-10-21 22:18:51] esmCNN.cv2: Checkpoint saved to experiments/normal/ar1/esmCNN_random_ar1_h6
[2020-10-21 22:18:51] esmCNN.cv2: Find channel with Kernel size: 5 	 Lambda: 0.5: 	 Best Score: 0.0605
[2020-10-21 22:18:51] esmCNN.cv2: Channel size: 28 	 Kernel size: 5 
Training MSE: 0.06048743 	 Validating MSE: 0.07805705 	 Best VMSE: 0.07078977
[2020-10-21 22:18:51] esmCNN.cv2: Checkpoint saved to experiments/normal/ar1/esmCNN_random_ar1_h6
[2020-10-21 22:18:51] esmCNN.cv2: Find channel with Kernel size: 3 	 Lambda: 0.5: 	 Best Score: 0.0605
[2020-10-21 22:18:51] esmCNN.cv2: Channel size: 29 	 Kernel size: 3 
Training MSE: 0.06047089 	 Validating MSE: 0.07997750 	 Best VMSE: 0.07078977
[2020-10-21 22:18:51] esmCNN.cv2: Checkpoint saved to experiments/normal/ar1/esmCNN_random_ar1_h6
[2020-10-21 22:18:51] esmCNN.cv2: Find channel with Kernel size: 3 	 Lambda: 0.5: 	 Best Score: 0.0604
[2020-10-21 22:18:51] esmCNN.cv2: Channel size: 30 	 Kernel size: 3 
Training MSE: 0.06041488 	 Validating MSE: 0.08399888 	 Best VMSE: 0.07078977
[2020-10-21 22:18:51] esmCNN.cv2: Checkpoint saved to experiments/normal/ar1/esmCNN_random_ar1_h6
[2020-10-21 22:18:51] esmCNN.cv2: Find channel with Kernel size: 3 	 Lambda: 0.5: 	 Best Score: 0.0603
[2020-10-21 22:18:51] esmCNN.cv2: Channel size: 31 	 Kernel size: 3 
Training MSE: 0.06031581 	 Validating MSE: 0.07896887 	 Best VMSE: 0.07078977
[2020-10-21 22:18:51] esmCNN.cv2: Checkpoint saved to experiments/normal/ar1/esmCNN_random_ar1_h6
[2020-10-21 22:18:51] esmCNN.cv2: Find channel with Kernel size: 3 	 Lambda: 0.5: 	 Best Score: 0.0603
[2020-10-21 22:18:51] esmCNN.cv2: Channel size: 32 	 Kernel size: 3 
Training MSE: 0.06030155 	 Validating MSE: 0.08062326 	 Best VMSE: 0.07078977
[2020-10-21 22:18:51] esmCNN.cv2: Checkpoint saved to experiments/normal/ar1/esmCNN_random_ar1_h6
[2020-10-21 22:18:51] esmCNN.cv2: Find channel with Kernel size: 3 	 Lambda: 0.5: 	 Best Score: 0.0602
[2020-10-21 22:18:51] esmCNN.cv2: Channel size: 33 	 Kernel size: 3 
Training MSE: 0.06022086 	 Validating MSE: 0.08551999 	 Best VMSE: 0.07078977
[2020-10-21 22:18:51] esmCNN.cv2: Checkpoint saved to experiments/normal/ar1/esmCNN_random_ar1_h6
[2020-10-21 22:18:51] esmCNN.cv2: Find channel with Kernel size: 2 	 Lambda: 0.5: 	 Best Score: 0.0601
[2020-10-21 22:18:51] esmCNN.cv2: Channel size: 34 	 Kernel size: 2 
Training MSE: 0.06011176 	 Validating MSE: 0.07982749 	 Best VMSE: 0.07078977
[2020-10-21 22:18:51] esmCNN.cv2: Checkpoint saved to experiments/normal/ar1/esmCNN_random_ar1_h6
[2020-10-21 22:18:51] esmCNN.cv2: Find channel with Kernel size: 2 	 Lambda: 0.5: 	 Best Score: 0.0601
[2020-10-21 22:18:51] esmCNN.cv2: Channel size: 35 	 Kernel size: 2 
Training MSE: 0.06006809 	 Validating MSE: 0.08401071 	 Best VMSE: 0.07078977
[2020-10-21 22:18:51] esmCNN.cv2: Checkpoint saved to experiments/normal/ar1/esmCNN_random_ar1_h6
[2020-10-21 22:18:52] esmCNN.cv2: Find channel with Kernel size: 3 	 Lambda: 0.5: 	 Best Score: 0.0600
[2020-10-21 22:18:52] esmCNN.cv2: Channel size: 36 	 Kernel size: 3 
Training MSE: 0.06002443 	 Validating MSE: 0.08102848 	 Best VMSE: 0.07078977
[2020-10-21 22:18:52] esmCNN.cv2: Checkpoint saved to experiments/normal/ar1/esmCNN_random_ar1_h6
[2020-10-21 22:18:52] esmCNN.cv2: Find channel with Kernel size: 3 	 Lambda: 0.5: 	 Best Score: 0.0600
[2020-10-21 22:18:52] esmCNN.cv2: Channel size: 37 	 Kernel size: 3 
Training MSE: 0.06001667 	 Validating MSE: 0.08234986 	 Best VMSE: 0.07078977
[2020-10-21 22:18:52] esmCNN.cv2: Checkpoint saved to experiments/normal/ar1/esmCNN_random_ar1_h6
[2020-10-21 22:18:52] esmCNN.cv2: Find channel with Kernel size: 3 	 Lambda: 0.5: 	 Best Score: 0.0600
[2020-10-21 22:18:52] esmCNN.cv2: Channel size: 38 	 Kernel size: 3 
Training MSE: 0.06000559 	 Validating MSE: 0.08117358 	 Best VMSE: 0.07078977
[2020-10-21 22:18:52] esmCNN.cv2: Checkpoint saved to experiments/normal/ar1/esmCNN_random_ar1_h6
[2020-10-21 22:18:52] esmCNN.cv2: Find channel with Kernel size: 3 	 Lambda: 0.5: 	 Best Score: 0.0600
[2020-10-21 22:18:52] esmCNN.cv2: Channel size: 39 	 Kernel size: 3 
Training MSE: 0.05997575 	 Validating MSE: 0.08394177 	 Best VMSE: 0.07078977
[2020-10-21 22:18:52] esmCNN.cv2: Checkpoint saved to experiments/normal/ar1/esmCNN_random_ar1_h6
[2020-10-21 22:18:52] esmCNN.cv2: Find channel with Kernel size: 2 	 Lambda: 0.5: 	 Best Score: 0.0600
[2020-10-21 22:18:52] esmCNN.cv2: Channel size: 40 	 Kernel size: 2 
Training MSE: 0.05995210 	 Validating MSE: 0.08128411 	 Best VMSE: 0.07078977
[2020-10-21 22:18:52] esmCNN.cv2: Checkpoint saved to experiments/normal/ar1/esmCNN_random_ar1_h6
[2020-10-21 22:18:52] esmCNN.cv2: Find channel with Kernel size: 3 	 Lambda: 0.5: 	 Best Score: 0.0599
[2020-10-21 22:18:52] esmCNN.cv2: Channel size: 41 	 Kernel size: 3 
Training MSE: 0.05994765 	 Validating MSE: 0.08218439 	 Best VMSE: 0.07078977
[2020-10-21 22:18:52] esmCNN.cv2: Checkpoint saved to experiments/normal/ar1/esmCNN_random_ar1_h6
[2020-10-21 22:18:52] esmCNN.cv2: Find channel with Kernel size: 2 	 Lambda: 0.5: 	 Best Score: 0.0599
[2020-10-21 22:18:52] esmCNN.cv2: Channel size: 42 	 Kernel size: 2 
Training MSE: 0.05993978 	 Validating MSE: 0.08348320 	 Best VMSE: 0.07078977
[2020-10-21 22:18:52] esmCNN.cv2: Checkpoint saved to experiments/normal/ar1/esmCNN_random_ar1_h6
[2020-10-21 22:18:52] esmCNN.cv2: Find channel with Kernel size: 2 	 Lambda: 0.5: 	 Best Score: 0.0599
[2020-10-21 22:18:52] esmCNN.cv2: Channel size: 43 	 Kernel size: 2 
Training MSE: 0.05992493 	 Validating MSE: 0.08168323 	 Best VMSE: 0.07078977
[2020-10-21 22:18:52] esmCNN.cv2: Checkpoint saved to experiments/normal/ar1/esmCNN_random_ar1_h6
[2020-10-21 22:18:52] esmCNN.cv2: Find channel with Kernel size: 3 	 Lambda: 0.5: 	 Best Score: 0.0599
[2020-10-21 22:18:52] esmCNN.cv2: Channel size: 44 	 Kernel size: 3 
Training MSE: 0.05987186 	 Validating MSE: 0.08565203 	 Best VMSE: 0.07078977
[2020-10-21 22:18:52] esmCNN.cv2: Checkpoint saved to experiments/normal/ar1/esmCNN_random_ar1_h6
[2020-10-21 22:18:52] esmCNN.cv2: Find channel with Kernel size: 3 	 Lambda: 0.5: 	 Best Score: 0.0598
[2020-10-21 22:18:52] esmCNN.cv2: Channel size: 45 	 Kernel size: 3 
Training MSE: 0.05982327 	 Validating MSE: 0.08222575 	 Best VMSE: 0.07078977
[2020-10-21 22:18:52] esmCNN.cv2: Checkpoint saved to experiments/normal/ar1/esmCNN_random_ar1_h6
[2020-10-21 22:18:52] esmCNN.cv2: Find channel with Kernel size: 3 	 Lambda: 0.5: 	 Best Score: 0.0597
[2020-10-21 22:18:52] esmCNN.cv2: Channel size: 46 	 Kernel size: 3 
Training MSE: 0.05973468 	 Validating MSE: 0.08815015 	 Best VMSE: 0.07078977
[2020-10-21 22:18:52] esmCNN.cv2: Checkpoint saved to experiments/normal/ar1/esmCNN_random_ar1_h6
[2020-10-21 22:18:53] esmCNN.cv2: Find channel with Kernel size: 3 	 Lambda: 0.5: 	 Best Score: 0.0596
[2020-10-21 22:18:53] esmCNN.cv2: Channel size: 47 	 Kernel size: 3 
Training MSE: 0.05964560 	 Validating MSE: 0.08352688 	 Best VMSE: 0.07078977
[2020-10-21 22:18:53] esmCNN.cv2: Checkpoint saved to experiments/normal/ar1/esmCNN_random_ar1_h6
[2020-10-21 22:18:53] esmCNN.cv2: Find channel with Kernel size: 3 	 Lambda: 0.5: 	 Best Score: 0.0596
[2020-10-21 22:18:53] esmCNN.cv2: Channel size: 48 	 Kernel size: 3 
Training MSE: 0.05963886 	 Validating MSE: 0.08369409 	 Best VMSE: 0.07078977
[2020-10-21 22:18:53] esmCNN.cv2: Checkpoint saved to experiments/normal/ar1/esmCNN_random_ar1_h6
[2020-10-21 22:18:53] esmCNN.cv2: Find channel with Kernel size: 2 	 Lambda: 0.5: 	 Best Score: 0.0596
[2020-10-21 22:18:53] esmCNN.cv2: Channel size: 49 	 Kernel size: 2 
Training MSE: 0.05963764 	 Validating MSE: 0.08427775 	 Best VMSE: 0.07078977
[2020-10-21 22:18:53] esmCNN.cv2: Checkpoint saved to experiments/normal/ar1/esmCNN_random_ar1_h6
[2020-10-21 22:18:53] esmCNN.cv2: Find channel with Kernel size: 3 	 Lambda: 0.5: 	 Best Score: 0.0596
[2020-10-21 22:18:53] esmCNN.cv2: Channel size: 50 	 Kernel size: 3 
Training MSE: 0.05958710 	 Validating MSE: 0.08858095 	 Best VMSE: 0.07078977
[2020-10-21 22:18:53] esmCNN.cv2: Checkpoint saved to experiments/normal/ar1/esmCNN_random_ar1_h6
[2020-10-21 22:18:53] esmCNN.cv2: Find channel with Kernel size: 3 	 Lambda: 0.5: 	 Best Score: 0.0595
[2020-10-21 22:18:53] esmCNN.cv2: Channel size: 51 	 Kernel size: 3 
Training MSE: 0.05952808 	 Validating MSE: 0.08404978 	 Best VMSE: 0.07078977
[2020-10-21 22:18:53] esmCNN.cv2: Checkpoint saved to experiments/normal/ar1/esmCNN_random_ar1_h6
[2020-10-21 22:18:53] esmCNN.cv2: Find channel with Kernel size: 3 	 Lambda: 0.5: 	 Best Score: 0.0595
[2020-10-21 22:18:53] esmCNN.cv2: Channel size: 52 	 Kernel size: 3 
Training MSE: 0.05952037 	 Validating MSE: 0.08417986 	 Best VMSE: 0.07078977
[2020-10-21 22:18:53] esmCNN.cv2: Checkpoint saved to experiments/normal/ar1/esmCNN_random_ar1_h6
[2020-10-21 22:18:53] esmCNN.cv2: Find channel with Kernel size: 5 	 Lambda: 0.5: 	 Best Score: 0.0595
[2020-10-21 22:18:53] esmCNN.cv2: Channel size: 53 	 Kernel size: 5 
Training MSE: 0.05950535 	 Validating MSE: 0.08657479 	 Best VMSE: 0.07078977
[2020-10-21 22:18:53] esmCNN.cv2: Checkpoint saved to experiments/normal/ar1/esmCNN_random_ar1_h6
[2020-10-21 22:18:53] esmCNN.cv2: Find channel with Kernel size: 2 	 Lambda: 0.5: 	 Best Score: 0.0595
[2020-10-21 22:18:53] esmCNN.cv2: Channel size: 54 	 Kernel size: 2 
Training MSE: 0.05948817 	 Validating MSE: 0.08423581 	 Best VMSE: 0.07078977
[2020-10-21 22:18:53] esmCNN.cv2: Checkpoint saved to experiments/normal/ar1/esmCNN_random_ar1_h6
[2020-10-21 22:18:53] esmCNN.cv2: Find channel with Kernel size: 3 	 Lambda: 0.5: 	 Best Score: 0.0595
[2020-10-21 22:18:53] esmCNN.cv2: Channel size: 55 	 Kernel size: 3 
Training MSE: 0.05947851 	 Validating MSE: 0.08611561 	 Best VMSE: 0.07078977
[2020-10-21 22:18:53] esmCNN.cv2: Checkpoint saved to experiments/normal/ar1/esmCNN_random_ar1_h6
[2020-10-21 22:18:53] esmCNN.cv2: Find channel with Kernel size: 5 	 Lambda: 0.5: 	 Best Score: 0.0595
[2020-10-21 22:18:53] esmCNN.cv2: Channel size: 56 	 Kernel size: 5 
Training MSE: 0.05946770 	 Validating MSE: 0.08429831 	 Best VMSE: 0.07078977
[2020-10-21 22:18:53] esmCNN.cv2: Checkpoint saved to experiments/normal/ar1/esmCNN_random_ar1_h6
[2020-10-21 22:18:54] esmCNN.cv2: Find channel with Kernel size: 3 	 Lambda: 0.5: 	 Best Score: 0.0595
[2020-10-21 22:18:54] esmCNN.cv2: Channel size: 57 	 Kernel size: 3 
Training MSE: 0.05945992 	 Validating MSE: 0.08593014 	 Best VMSE: 0.07078977
[2020-10-21 22:18:54] esmCNN.cv2: Checkpoint saved to experiments/normal/ar1/esmCNN_random_ar1_h6
[2020-10-21 22:18:54] esmCNN.cv2: Find channel with Kernel size: 3 	 Lambda: 0.5: 	 Best Score: 0.0594
[2020-10-21 22:18:54] esmCNN.cv2: Channel size: 58 	 Kernel size: 3 
Training MSE: 0.05944414 	 Validating MSE: 0.08776927 	 Best VMSE: 0.07078977
[2020-10-21 22:18:54] esmCNN.cv2: Checkpoint saved to experiments/normal/ar1/esmCNN_random_ar1_h6
[2020-10-21 22:18:54] esmCNN.cv2: Find channel with Kernel size: 3 	 Lambda: 0.5: 	 Best Score: 0.0594
[2020-10-21 22:18:54] esmCNN.cv2: Channel size: 59 	 Kernel size: 3 
Training MSE: 0.05940927 	 Validating MSE: 0.08460968 	 Best VMSE: 0.07078977
[2020-10-21 22:18:54] esmCNN.cv2: Checkpoint saved to experiments/normal/ar1/esmCNN_random_ar1_h6
[2020-10-21 22:18:54] esmCNN.cv2: Find channel with Kernel size: 3 	 Lambda: 0.5: 	 Best Score: 0.0594
[2020-10-21 22:18:54] esmCNN.cv2: Channel size: 60 	 Kernel size: 3 
Training MSE: 0.05936741 	 Validating MSE: 0.08882700 	 Best VMSE: 0.07078977
[2020-10-21 22:18:54] esmCNN.cv2: Checkpoint saved to experiments/normal/ar1/esmCNN_random_ar1_h6
[2020-10-21 22:18:54] esmCNN.cv2: Find channel with Kernel size: 5 	 Lambda: 0.5: 	 Best Score: 0.0593
[2020-10-21 22:18:54] esmCNN.cv2: Channel size: 61 	 Kernel size: 5 
Training MSE: 0.05932479 	 Validating MSE: 0.08564249 	 Best VMSE: 0.07078977
[2020-10-21 22:18:54] esmCNN.cv2: Checkpoint saved to experiments/normal/ar1/esmCNN_random_ar1_h6
[2020-10-21 22:18:54] esmCNN.cv2: Find channel with Kernel size: 5 	 Lambda: 0.5: 	 Best Score: 0.0591
[2020-10-21 22:18:54] esmCNN.cv2: Channel size: 62 	 Kernel size: 5 
Training MSE: 0.05908758 	 Validating MSE: 0.09718484 	 Best VMSE: 0.07078977
[2020-10-21 22:18:54] esmCNN.cv2: Checkpoint saved to experiments/normal/ar1/esmCNN_random_ar1_h6
[2020-10-21 22:18:54] esmCNN.cv2: Find channel with Kernel size: 3 	 Lambda: 0.5: 	 Best Score: 0.0589
[2020-10-21 22:18:54] esmCNN.cv2: Channel size: 63 	 Kernel size: 3 
Training MSE: 0.05891509 	 Validating MSE: 0.08942104 	 Best VMSE: 0.07078977
[2020-10-21 22:18:54] esmCNN.cv2: Checkpoint saved to experiments/normal/ar1/esmCNN_random_ar1_h6
[2020-10-21 22:18:54] esmCNN.cv2: Find channel with Kernel size: 5 	 Lambda: 0.5: 	 Best Score: 0.0589
[2020-10-21 22:18:54] esmCNN.cv2: Channel size: 64 	 Kernel size: 5 
Training MSE: 0.05889905 	 Validating MSE: 0.09189706 	 Best VMSE: 0.07078977
[2020-10-21 22:18:54] esmCNN.cv2: Checkpoint saved to experiments/normal/ar1/esmCNN_random_ar1_h6
[2020-10-21 22:18:54] esmCNN.cv2: Find channel with Kernel size: 2 	 Lambda: 0.5: 	 Best Score: 0.0589
[2020-10-21 22:18:54] esmCNN.cv2: Channel size: 65 	 Kernel size: 2 
Training MSE: 0.05887720 	 Validating MSE: 0.08950297 	 Best VMSE: 0.07078977
[2020-10-21 22:18:54] esmCNN.cv2: Checkpoint saved to experiments/normal/ar1/esmCNN_random_ar1_h6
[2020-10-21 22:18:55] esmCNN.cv2: Find channel with Kernel size: 5 	 Lambda: 0.5: 	 Best Score: 0.0589
[2020-10-21 22:18:55] esmCNN.cv2: Channel size: 66 	 Kernel size: 5 
Training MSE: 0.05887600 	 Validating MSE: 0.08932734 	 Best VMSE: 0.07078977
[2020-10-21 22:18:55] esmCNN.cv2: Checkpoint saved to experiments/normal/ar1/esmCNN_random_ar1_h6
[2020-10-21 22:18:55] esmCNN.cv2: Find channel with Kernel size: 5 	 Lambda: 0.5: 	 Best Score: 0.0589
[2020-10-21 22:18:55] esmCNN.cv2: Channel size: 67 	 Kernel size: 5 
Training MSE: 0.05887137 	 Validating MSE: 0.09076817 	 Best VMSE: 0.07078977
[2020-10-21 22:18:55] esmCNN.cv2: Checkpoint saved to experiments/normal/ar1/esmCNN_random_ar1_h6
[2020-10-21 22:18:55] esmCNN.cv2: Find channel with Kernel size: 3 	 Lambda: 0.5: 	 Best Score: 0.0589
[2020-10-21 22:18:55] esmCNN.cv2: Channel size: 68 	 Kernel size: 3 
Training MSE: 0.05886432 	 Validating MSE: 0.08918484 	 Best VMSE: 0.07078977
[2020-10-21 22:18:55] esmCNN.cv2: Checkpoint saved to experiments/normal/ar1/esmCNN_random_ar1_h6
[2020-10-21 22:18:55] esmCNN.cv2: Find channel with Kernel size: 5 	 Lambda: 0.5: 	 Best Score: 0.0589
[2020-10-21 22:18:55] esmCNN.cv2: Channel size: 69 	 Kernel size: 5 
Training MSE: 0.05886003 	 Validating MSE: 0.09044107 	 Best VMSE: 0.07078977
[2020-10-21 22:18:55] esmCNN.cv2: Checkpoint saved to experiments/normal/ar1/esmCNN_random_ar1_h6
[2020-10-21 22:18:55] esmCNN.cv2: Find channel with Kernel size: 5 	 Lambda: 0.5: 	 Best Score: 0.0589
[2020-10-21 22:18:55] esmCNN.cv2: Channel size: 70 	 Kernel size: 5 
Training MSE: 0.05885516 	 Validating MSE: 0.08895720 	 Best VMSE: 0.07078977
[2020-10-21 22:18:55] esmCNN.cv2: Checkpoint saved to experiments/normal/ar1/esmCNN_random_ar1_h6
[2020-10-21 22:18:55] esmCNN.cv2: Find channel with Kernel size: 5 	 Lambda: 0.5: 	 Best Score: 0.0588
[2020-10-21 22:18:55] esmCNN.cv2: Channel size: 71 	 Kernel size: 5 
Training MSE: 0.05880890 	 Validating MSE: 0.09332816 	 Best VMSE: 0.07078977
[2020-10-21 22:18:55] esmCNN.cv2: Checkpoint saved to experiments/normal/ar1/esmCNN_random_ar1_h6
[2020-10-21 22:18:55] esmCNN.cv2: Find channel with Kernel size: 5 	 Lambda: 0.5: 	 Best Score: 0.0588
[2020-10-21 22:18:55] esmCNN.cv2: Channel size: 72 	 Kernel size: 5 
Training MSE: 0.05876762 	 Validating MSE: 0.09019361 	 Best VMSE: 0.07078977
[2020-10-21 22:18:55] esmCNN.cv2: Checkpoint saved to experiments/normal/ar1/esmCNN_random_ar1_h6
[2020-10-21 22:18:55] esmCNN.cv2: Find channel with Kernel size: 5 	 Lambda: 0.5: 	 Best Score: 0.0588
[2020-10-21 22:18:55] esmCNN.cv2: Channel size: 73 	 Kernel size: 5 
Training MSE: 0.05875110 	 Validating MSE: 0.09200757 	 Best VMSE: 0.07078977
[2020-10-21 22:18:55] esmCNN.cv2: Checkpoint saved to experiments/normal/ar1/esmCNN_random_ar1_h6
[2020-10-21 22:18:55] esmCNN.cv2: Find channel with Kernel size: 2 	 Lambda: 0.5: 	 Best Score: 0.0587
[2020-10-21 22:18:56] esmCNN.cv2: Channel size: 74 	 Kernel size: 2 
Training MSE: 0.05874019 	 Validating MSE: 0.08985968 	 Best VMSE: 0.07078977
[2020-10-21 22:18:56] esmCNN.cv2: Checkpoint saved to experiments/normal/ar1/esmCNN_random_ar1_h6
[2020-10-21 22:18:56] esmCNN.cv2: Find channel with Kernel size: 5 	 Lambda: 0.5: 	 Best Score: 0.0587
[2020-10-21 22:18:56] esmCNN.cv2: Channel size: 75 	 Kernel size: 5 
Training MSE: 0.05873752 	 Validating MSE: 0.09088715 	 Best VMSE: 0.07078977
[2020-10-21 22:18:56] esmCNN.cv2: Checkpoint saved to experiments/normal/ar1/esmCNN_random_ar1_h6
[2020-10-21 22:18:56] esmCNN.cv2: Find channel with Kernel size: 3 	 Lambda: 0.5: 	 Best Score: 0.0587
[2020-10-21 22:18:56] esmCNN.cv2: Channel size: 76 	 Kernel size: 3 
Training MSE: 0.05873150 	 Validating MSE: 0.09233531 	 Best VMSE: 0.07078977
[2020-10-21 22:18:56] esmCNN.cv2: Checkpoint saved to experiments/normal/ar1/esmCNN_random_ar1_h6
[2020-10-21 22:18:56] esmCNN.cv2: Find channel with Kernel size: 3 	 Lambda: 0.5: 	 Best Score: 0.0587
[2020-10-21 22:18:56] esmCNN.cv2: Channel size: 77 	 Kernel size: 3 
Training MSE: 0.05871777 	 Validating MSE: 0.08989967 	 Best VMSE: 0.07078977
[2020-10-21 22:18:56] esmCNN.cv2: Checkpoint saved to experiments/normal/ar1/esmCNN_random_ar1_h6
[2020-10-21 22:18:56] esmCNN.cv2: Find channel with Kernel size: 3 	 Lambda: 0.5: 	 Best Score: 0.0587
[2020-10-21 22:18:56] esmCNN.cv2: Channel size: 78 	 Kernel size: 3 
Training MSE: 0.05871665 	 Validating MSE: 0.08978636 	 Best VMSE: 0.07078977
[2020-10-21 22:18:56] esmCNN.cv2: Checkpoint saved to experiments/normal/ar1/esmCNN_random_ar1_h6
[2020-10-21 22:18:56] esmCNN.cv2: Find channel with Kernel size: 3 	 Lambda: 0.5: 	 Best Score: 0.0587
[2020-10-21 22:18:56] esmCNN.cv2: Channel size: 79 	 Kernel size: 3 
Training MSE: 0.05871006 	 Validating MSE: 0.09125974 	 Best VMSE: 0.07078977
[2020-10-21 22:18:56] esmCNN.cv2: Checkpoint saved to experiments/normal/ar1/esmCNN_random_ar1_h6
[2020-10-21 22:18:56] esmCNN.cv2: Find channel with Kernel size: 2 	 Lambda: 0.5: 	 Best Score: 0.0587
[2020-10-21 22:18:56] esmCNN.cv2: Channel size: 80 	 Kernel size: 2 
Training MSE: 0.05870026 	 Validating MSE: 0.09308152 	 Best VMSE: 0.07078977
[2020-10-21 22:18:56] esmCNN.cv2: Checkpoint saved to experiments/normal/ar1/esmCNN_random_ar1_h6
[2020-10-21 22:18:56] esmCNN.cv2: Find channel with Kernel size: 3 	 Lambda: 0.5: 	 Best Score: 0.0587
[2020-10-21 22:18:56] esmCNN.cv2: Channel size: 81 	 Kernel size: 3 
Training MSE: 0.05868333 	 Validating MSE: 0.09025974 	 Best VMSE: 0.07078977
[2020-10-21 22:18:56] esmCNN.cv2: Checkpoint saved to experiments/normal/ar1/esmCNN_random_ar1_h6
[2020-10-21 22:18:57] esmCNN.cv2: Find channel with Kernel size: 5 	 Lambda: 0.5: 	 Best Score: 0.0587
[2020-10-21 22:18:57] esmCNN.cv2: Channel size: 82 	 Kernel size: 5 
Training MSE: 0.05867272 	 Validating MSE: 0.09257961 	 Best VMSE: 0.07078977
[2020-10-21 22:18:57] esmCNN.cv2: Checkpoint saved to experiments/normal/ar1/esmCNN_random_ar1_h6
[2020-10-21 22:18:57] esmCNN.cv2: Find channel with Kernel size: 2 	 Lambda: 0.5: 	 Best Score: 0.0587
[2020-10-21 22:18:57] esmCNN.cv2: Channel size: 83 	 Kernel size: 2 
Training MSE: 0.05866152 	 Validating MSE: 0.09064900 	 Best VMSE: 0.07078977
[2020-10-21 22:18:57] esmCNN.cv2: Checkpoint saved to experiments/normal/ar1/esmCNN_random_ar1_h6
[2020-10-21 22:18:57] esmCNN.cv2: Find channel with Kernel size: 3 	 Lambda: 0.5: 	 Best Score: 0.0586
[2020-10-21 22:18:57] esmCNN.cv2: Channel size: 84 	 Kernel size: 3 
Training MSE: 0.05864425 	 Validating MSE: 0.09353165 	 Best VMSE: 0.07078977
[2020-10-21 22:18:57] esmCNN.cv2: Checkpoint saved to experiments/normal/ar1/esmCNN_random_ar1_h6
[2020-10-21 22:18:57] esmCNN.cv2: Find channel with Kernel size: 3 	 Lambda: 0.5: 	 Best Score: 0.0586
[2020-10-21 22:18:57] esmCNN.cv2: Channel size: 85 	 Kernel size: 3 
Training MSE: 0.05862013 	 Validating MSE: 0.09084740 	 Best VMSE: 0.07078977
[2020-10-21 22:18:57] esmCNN.cv2: Checkpoint saved to experiments/normal/ar1/esmCNN_random_ar1_h6
[2020-10-21 22:18:57] esmCNN.cv2: Find channel with Kernel size: 3 	 Lambda: 0.5: 	 Best Score: 0.0586
[2020-10-21 22:18:57] esmCNN.cv2: Channel size: 86 	 Kernel size: 3 
Training MSE: 0.05860589 	 Validating MSE: 0.09324889 	 Best VMSE: 0.07078977
[2020-10-21 22:18:57] esmCNN.cv2: Checkpoint saved to experiments/normal/ar1/esmCNN_random_ar1_h6
[2020-10-21 22:18:57] esmCNN.cv2: Find channel with Kernel size: 3 	 Lambda: 0.5: 	 Best Score: 0.0586
[2020-10-21 22:18:57] esmCNN.cv2: Channel size: 87 	 Kernel size: 3 
Training MSE: 0.05859395 	 Validating MSE: 0.09082157 	 Best VMSE: 0.07078977
[2020-10-21 22:18:57] esmCNN.cv2: Checkpoint saved to experiments/normal/ar1/esmCNN_random_ar1_h6
[2020-10-21 22:18:57] esmCNN.cv2: Find channel with Kernel size: 5 	 Lambda: 0.5: 	 Best Score: 0.0586
[2020-10-21 22:18:57] esmCNN.cv2: Channel size: 88 	 Kernel size: 5 
Training MSE: 0.05859194 	 Validating MSE: 0.09143426 	 Best VMSE: 0.07078977
[2020-10-21 22:18:57] esmCNN.cv2: Checkpoint saved to experiments/normal/ar1/esmCNN_random_ar1_h6
[2020-10-21 22:18:57] esmCNN.cv2: Find channel with Kernel size: 5 	 Lambda: 0.5: 	 Best Score: 0.0585
[2020-10-21 22:18:58] esmCNN.cv2: Channel size: 89 	 Kernel size: 5 
Training MSE: 0.05854541 	 Validating MSE: 0.09682040 	 Best VMSE: 0.07078977
[2020-10-21 22:18:58] esmCNN.cv2: Checkpoint saved to experiments/normal/ar1/esmCNN_random_ar1_h6
[2020-10-21 22:18:58] esmCNN.cv2: Find channel with Kernel size: 3 	 Lambda: 0.5: 	 Best Score: 0.0585
[2020-10-21 22:18:58] esmCNN.cv2: Channel size: 90 	 Kernel size: 3 
Training MSE: 0.05850181 	 Validating MSE: 0.09219239 	 Best VMSE: 0.07078977
[2020-10-21 22:18:58] esmCNN.cv2: Checkpoint saved to experiments/normal/ar1/esmCNN_random_ar1_h6
[2020-10-21 22:18:58] esmCNN.cv2: Find channel with Kernel size: 2 	 Lambda: 0.5: 	 Best Score: 0.0585
[2020-10-21 22:18:58] esmCNN.cv2: Channel size: 91 	 Kernel size: 2 
Training MSE: 0.05849198 	 Validating MSE: 0.09440771 	 Best VMSE: 0.07078977
[2020-10-21 22:18:58] esmCNN.cv2: Checkpoint saved to experiments/normal/ar1/esmCNN_random_ar1_h6
[2020-10-21 22:18:58] esmCNN.cv2: Find channel with Kernel size: 3 	 Lambda: 0.5: 	 Best Score: 0.0585
[2020-10-21 22:18:58] esmCNN.cv2: Channel size: 92 	 Kernel size: 3 
Training MSE: 0.05848029 	 Validating MSE: 0.09285288 	 Best VMSE: 0.07078977
[2020-10-21 22:18:58] esmCNN.cv2: Checkpoint saved to experiments/normal/ar1/esmCNN_random_ar1_h6
[2020-10-21 22:18:58] esmCNN.cv2: Find channel with Kernel size: 3 	 Lambda: 0.5: 	 Best Score: 0.0585
[2020-10-21 22:18:58] esmCNN.cv2: Channel size: 93 	 Kernel size: 3 
Training MSE: 0.05847261 	 Validating MSE: 0.09436983 	 Best VMSE: 0.07078977
[2020-10-21 22:18:58] esmCNN.cv2: Checkpoint saved to experiments/normal/ar1/esmCNN_random_ar1_h6
[2020-10-21 22:18:58] esmCNN.cv2: Find channel with Kernel size: 2 	 Lambda: 0.5: 	 Best Score: 0.0585
[2020-10-21 22:18:58] esmCNN.cv2: Channel size: 94 	 Kernel size: 2 
Training MSE: 0.05846597 	 Validating MSE: 0.09272015 	 Best VMSE: 0.07078977
[2020-10-21 22:18:58] esmCNN.cv2: Checkpoint saved to experiments/normal/ar1/esmCNN_random_ar1_h6
[2020-10-21 22:18:58] esmCNN.cv2: Find channel with Kernel size: 5 	 Lambda: 0.5: 	 Best Score: 0.0585
[2020-10-21 22:18:58] esmCNN.cv2: Channel size: 95 	 Kernel size: 5 
Training MSE: 0.05846019 	 Validating MSE: 0.09441761 	 Best VMSE: 0.07078977
[2020-10-21 22:18:58] esmCNN.cv2: Checkpoint saved to experiments/normal/ar1/esmCNN_random_ar1_h6
[2020-10-21 22:18:58] esmCNN.cv2: Find channel with Kernel size: 3 	 Lambda: 0.5: 	 Best Score: 0.0585
[2020-10-21 22:18:59] esmCNN.cv2: Channel size: 96 	 Kernel size: 3 
Training MSE: 0.05845311 	 Validating MSE: 0.09240305 	 Best VMSE: 0.07078977
[2020-10-21 22:18:59] esmCNN.cv2: Checkpoint saved to experiments/normal/ar1/esmCNN_random_ar1_h6
[2020-10-21 22:18:59] esmCNN.cv2: Find channel with Kernel size: 5 	 Lambda: 0.5: 	 Best Score: 0.0584
[2020-10-21 22:18:59] esmCNN.cv2: Channel size: 97 	 Kernel size: 5 
Training MSE: 0.05843482 	 Validating MSE: 0.09624523 	 Best VMSE: 0.07078977
[2020-10-21 22:18:59] esmCNN.cv2: Checkpoint saved to experiments/normal/ar1/esmCNN_random_ar1_h6
[2020-10-21 22:18:59] esmCNN.cv2: Find channel with Kernel size: 3 	 Lambda: 0.5: 	 Best Score: 0.0584
[2020-10-21 22:18:59] esmCNN.cv2: Channel size: 98 	 Kernel size: 3 
Training MSE: 0.05841746 	 Validating MSE: 0.09357802 	 Best VMSE: 0.07078977
[2020-10-21 22:18:59] esmCNN.cv2: Checkpoint saved to experiments/normal/ar1/esmCNN_random_ar1_h6
[2020-10-21 22:18:59] esmCNN.cv2: Find channel with Kernel size: 3 	 Lambda: 0.5: 	 Best Score: 0.0584
[2020-10-21 22:18:59] esmCNN.cv2: Channel size: 99 	 Kernel size: 3 
Training MSE: 0.05841671 	 Validating MSE: 0.09405910 	 Best VMSE: 0.07078977
[2020-10-21 22:18:59] esmCNN.cv2: Checkpoint saved to experiments/normal/ar1/esmCNN_random_ar1_h6
[2020-10-21 22:18:59] esmCNN.cv2: Find channel with Kernel size: 2 	 Lambda: 0.5: 	 Best Score: 0.0584
[2020-10-21 22:18:59] esmCNN.cv2: Channel size: 100 	 Kernel size: 2 
Training MSE: 0.05841618 	 Validating MSE: 0.09426328 	 Best VMSE: 0.07078977
[2020-10-21 22:18:59] esmCNN.cv2: Checkpoint saved to experiments/normal/ar1/esmCNN_random_ar1_h6
[2020-10-21 22:18:59] esmCNN.cv2: Restoring best parameters from experiments/normal/ar1/esmCNN_random_ar1_h6/train.cv2.pth.tar
[2020-10-21 22:18:59] esmCNN.cv2: ar1	 H: 6	 Trail: 7 
Testing RMSE: 0.3902 	 MAPE: 0.07594 	 SMAPE: 0.03998
