[2020-10-21 22:17:49] esmCNN.cv0: Loading the datasets and model for 1th-batch-training
[2020-10-21 22:17:49] esmCNN.cv0: Argument channel_size: 100
[2020-10-21 22:17:49] esmCNN.cv0: Argument candidate_size: 300
[2020-10-21 22:17:49] esmCNN.cv0: Argument kernel_size: 3
[2020-10-21 22:17:49] esmCNN.cv0: Argument kernel_list: [5, 3, 3, 2]
[2020-10-21 22:17:49] esmCNN.cv0: Argument Lambdas: [0.5, 1, 5, 15, 30, 50, 100, 150, 200]
[2020-10-21 22:17:49] esmCNN.cv0: Argument Lambdas_std: [0.01, 0.05, 0.1, 0.5, 1]
[2020-10-21 22:17:49] esmCNN.cv0: Argument r: [0.8, 0.9, 0.99, 0.9999, 0.999999]
[2020-10-21 22:17:49] esmCNN.cv0: Argument tolerance: 0
[2020-10-21 22:17:49] esmCNN.cv0: Argument device: device(type='cuda')
[2020-10-21 22:17:49] esmCNN.cv0: Argument dataset: 'ar1'
[2020-10-21 22:17:49] esmCNN.cv0: Argument H: 6
[2020-10-21 22:17:49] esmCNN.cv0: Argument k: 5
[2020-10-21 22:17:49] esmCNN.cv0: Argument test: False
[2020-10-21 22:17:49] esmCNN.cv0: Argument search: 'random'
[2020-10-21 22:17:49] esmCNN.cv0: Argument normal: True
[2020-10-21 22:17:49] esmCNN.cv0: Argument diff: False
[2020-10-21 22:17:49] esmCNN.cv0: Argument times: 60
[2020-10-21 22:17:49] esmCNN.cv0: Argument datasets: {'ar1': {'lag_order': 15, 'normal': True, 'cov_dim': 0, 'kernel_size': 3}, 'wti': {'lag_order': 25, 'normal': True, 'cov_dim': 0, 'kernel_size': 5}, 'gold': {'lag_order': 25, 'normal': True, 'cov_dim': 0, 'kernel_size': 5}, 'sp': {'lag_order': 25, 'normal': True, 'cov_dim': 0, 'kernel_size': 5}, 'brent': {'lag_order': 24, 'normal': True, 'cov_dim': 0, 'kernel_size': 6}, 'sili': {'lag_order': 26, 'normal': True, 'cov_dim': 0, 'kernel_size': 6}}
[2020-10-21 22:17:49] esmCNN.cv0: Argument steps: 15
[2020-10-21 22:17:49] esmCNN.cv0: Argument cov_dim: 0
[2020-10-21 22:17:49] esmCNN.cv0: Argument experiment: 'experiments/normal/ar1'
[2020-10-21 22:17:49] esmCNN.cv0: Argument scaler: StandardScaler()
[2020-10-21 22:17:49] esmCNN.cv0: Argument model_name: 'esmCNN_random_ar1_h6'
[2020-10-21 22:17:49] esmCNN.cv0: Argument model_dir: 'experiments/normal/ar1/esmCNN_random_ar1_h6'
[2020-10-21 22:17:49] esmCNN.cv0: Argument In_channels: 1
[2020-10-21 22:17:49] esmCNN.cv0: Argument restore: True
[2020-10-21 22:17:49] esmCNN.cv0: Argument cv: 0
[2020-10-21 22:17:49] esmCNN.cv0: Argument plot_dir: 'experiments/normal/ar1/esmCNN_random_ar1_h6/figures'
[2020-10-21 22:17:49] esmCNN.cv0: Argument num_process: 8
[2020-10-21 22:17:49] esmCNN.cv0: Using Cuda...
[2020-10-21 22:17:49] esmCNN.cv0: Loading complete.
[2020-10-21 22:17:49] esmCNN.cv0: Model: 
ESM_CNN(
  (Pool): AvgPool1d(kernel_size=(3,), stride=(1,), padding=(0,))
  (loss_fn): MSELoss()
)
[2020-10-21 22:17:49] esmCNN.cv0: Found new best state
[2020-10-21 22:17:49] esmCNN.cv0: Best vmse: 0.2395
[2020-10-21 22:17:49] esmCNN.cv0: Channel size: 1 	 Kernel size: 3 
Training MSE: 0.15306839 	 Validating MSE: 0.23947947 	 Best VMSE: 0.23947947
[2020-10-21 22:17:49] esmCNN.cv0: Checkpoint saved to experiments/normal/ar1/esmCNN_random_ar1_h6
[2020-10-21 22:17:50] esmCNN.cv0: Find channel with Kernel size: 2 	 Lambda: 0.5: 	 Best Score: 0.0618
[2020-10-21 22:17:50] esmCNN.cv0: Found new best state
[2020-10-21 22:17:50] esmCNN.cv0: Best vmse: 0.0768
[2020-10-21 22:17:50] esmCNN.cv0: Channel size: 2 	 Kernel size: 2 
Training MSE: 0.06177488 	 Validating MSE: 0.07676917 	 Best VMSE: 0.07676917
[2020-10-21 22:17:50] esmCNN.cv0: Checkpoint saved to experiments/normal/ar1/esmCNN_random_ar1_h6
[2020-10-21 22:17:50] esmCNN.cv0: Find channel with Kernel size: 3 	 Lambda: 0.5: 	 Best Score: 0.0617
[2020-10-21 22:17:50] esmCNN.cv0: Found new best state
[2020-10-21 22:17:50] esmCNN.cv0: Best vmse: 0.0744
[2020-10-21 22:17:50] esmCNN.cv0: Channel size: 3 	 Kernel size: 3 
Training MSE: 0.06165848 	 Validating MSE: 0.07443310 	 Best VMSE: 0.07443310
[2020-10-21 22:17:50] esmCNN.cv0: Checkpoint saved to experiments/normal/ar1/esmCNN_random_ar1_h6
[2020-10-21 22:17:50] esmCNN.cv0: Find channel with Kernel size: 2 	 Lambda: 0.5: 	 Best Score: 0.0616
[2020-10-21 22:17:50] esmCNN.cv0: Channel size: 4 	 Kernel size: 2 
Training MSE: 0.06162902 	 Validating MSE: 0.07734441 	 Best VMSE: 0.07443310
[2020-10-21 22:17:50] esmCNN.cv0: Checkpoint saved to experiments/normal/ar1/esmCNN_random_ar1_h6
[2020-10-21 22:17:50] esmCNN.cv0: Find channel with Kernel size: 2 	 Lambda: 0.5: 	 Best Score: 0.0616
[2020-10-21 22:17:50] esmCNN.cv0: Channel size: 5 	 Kernel size: 2 
Training MSE: 0.06159683 	 Validating MSE: 0.07560577 	 Best VMSE: 0.07443310
[2020-10-21 22:17:50] esmCNN.cv0: Checkpoint saved to experiments/normal/ar1/esmCNN_random_ar1_h6
[2020-10-21 22:17:50] esmCNN.cv0: Find channel with Kernel size: 5 	 Lambda: 0.5: 	 Best Score: 0.0614
[2020-10-21 22:17:50] esmCNN.cv0: Channel size: 6 	 Kernel size: 5 
Training MSE: 0.06144427 	 Validating MSE: 0.08200195 	 Best VMSE: 0.07443310
[2020-10-21 22:17:50] esmCNN.cv0: Checkpoint saved to experiments/normal/ar1/esmCNN_random_ar1_h6
[2020-10-21 22:17:50] esmCNN.cv0: Find channel with Kernel size: 2 	 Lambda: 0.5: 	 Best Score: 0.0613
[2020-10-21 22:17:50] esmCNN.cv0: Channel size: 7 	 Kernel size: 2 
Training MSE: 0.06129496 	 Validating MSE: 0.07705225 	 Best VMSE: 0.07443310
[2020-10-21 22:17:50] esmCNN.cv0: Checkpoint saved to experiments/normal/ar1/esmCNN_random_ar1_h6
[2020-10-21 22:17:50] esmCNN.cv0: Find channel with Kernel size: 3 	 Lambda: 0.5: 	 Best Score: 0.0613
[2020-10-21 22:17:50] esmCNN.cv0: Channel size: 8 	 Kernel size: 3 
Training MSE: 0.06127091 	 Validating MSE: 0.07868230 	 Best VMSE: 0.07443310
[2020-10-21 22:17:50] esmCNN.cv0: Checkpoint saved to experiments/normal/ar1/esmCNN_random_ar1_h6
[2020-10-21 22:17:50] esmCNN.cv0: Find channel with Kernel size: 3 	 Lambda: 0.5: 	 Best Score: 0.0612
[2020-10-21 22:17:50] esmCNN.cv0: Channel size: 9 	 Kernel size: 3 
Training MSE: 0.06124673 	 Validating MSE: 0.07699725 	 Best VMSE: 0.07443310
[2020-10-21 22:17:50] esmCNN.cv0: Checkpoint saved to experiments/normal/ar1/esmCNN_random_ar1_h6
[2020-10-21 22:17:50] esmCNN.cv0: Find channel with Kernel size: 3 	 Lambda: 0.5: 	 Best Score: 0.0612
[2020-10-21 22:17:50] esmCNN.cv0: Channel size: 10 	 Kernel size: 3 
Training MSE: 0.06124302 	 Validating MSE: 0.07766772 	 Best VMSE: 0.07443310
[2020-10-21 22:17:50] esmCNN.cv0: Checkpoint saved to experiments/normal/ar1/esmCNN_random_ar1_h6
[2020-10-21 22:17:50] esmCNN.cv0: Find channel with Kernel size: 3 	 Lambda: 0.5: 	 Best Score: 0.0612
[2020-10-21 22:17:50] esmCNN.cv0: Channel size: 11 	 Kernel size: 3 
Training MSE: 0.06118114 	 Validating MSE: 0.08049978 	 Best VMSE: 0.07443310
[2020-10-21 22:17:50] esmCNN.cv0: Checkpoint saved to experiments/normal/ar1/esmCNN_random_ar1_h6
[2020-10-21 22:17:50] esmCNN.cv0: Find channel with Kernel size: 2 	 Lambda: 0.5: 	 Best Score: 0.0611
[2020-10-21 22:17:50] esmCNN.cv0: Channel size: 12 	 Kernel size: 2 
Training MSE: 0.06113040 	 Validating MSE: 0.07734269 	 Best VMSE: 0.07443310
[2020-10-21 22:17:50] esmCNN.cv0: Checkpoint saved to experiments/normal/ar1/esmCNN_random_ar1_h6
[2020-10-21 22:17:50] esmCNN.cv0: Find channel with Kernel size: 3 	 Lambda: 0.5: 	 Best Score: 0.0611
[2020-10-21 22:17:50] esmCNN.cv0: Channel size: 13 	 Kernel size: 3 
Training MSE: 0.06112106 	 Validating MSE: 0.07753929 	 Best VMSE: 0.07443310
[2020-10-21 22:17:50] esmCNN.cv0: Checkpoint saved to experiments/normal/ar1/esmCNN_random_ar1_h6
[2020-10-21 22:17:50] esmCNN.cv0: Find channel with Kernel size: 2 	 Lambda: 0.5: 	 Best Score: 0.0611
[2020-10-21 22:17:50] esmCNN.cv0: Channel size: 14 	 Kernel size: 2 
Training MSE: 0.06108824 	 Validating MSE: 0.07964998 	 Best VMSE: 0.07443310
[2020-10-21 22:17:50] esmCNN.cv0: Checkpoint saved to experiments/normal/ar1/esmCNN_random_ar1_h6
[2020-10-21 22:17:50] esmCNN.cv0: Find channel with Kernel size: 2 	 Lambda: 0.5: 	 Best Score: 0.0611
[2020-10-21 22:17:50] esmCNN.cv0: Channel size: 15 	 Kernel size: 2 
Training MSE: 0.06106098 	 Validating MSE: 0.07778462 	 Best VMSE: 0.07443310
[2020-10-21 22:17:50] esmCNN.cv0: Checkpoint saved to experiments/normal/ar1/esmCNN_random_ar1_h6
[2020-10-21 22:17:50] esmCNN.cv0: Find channel with Kernel size: 3 	 Lambda: 0.5: 	 Best Score: 0.0610
[2020-10-21 22:17:50] esmCNN.cv0: Channel size: 16 	 Kernel size: 3 
Training MSE: 0.06104824 	 Validating MSE: 0.07912982 	 Best VMSE: 0.07443310
[2020-10-21 22:17:50] esmCNN.cv0: Checkpoint saved to experiments/normal/ar1/esmCNN_random_ar1_h6
[2020-10-21 22:17:50] esmCNN.cv0: Find channel with Kernel size: 3 	 Lambda: 0.5: 	 Best Score: 0.0610
[2020-10-21 22:17:50] esmCNN.cv0: Channel size: 17 	 Kernel size: 3 
Training MSE: 0.06103621 	 Validating MSE: 0.07824777 	 Best VMSE: 0.07443310
[2020-10-21 22:17:50] esmCNN.cv0: Checkpoint saved to experiments/normal/ar1/esmCNN_random_ar1_h6
[2020-10-21 22:17:50] esmCNN.cv0: Find channel with Kernel size: 2 	 Lambda: 0.5: 	 Best Score: 0.0610
[2020-10-21 22:17:50] esmCNN.cv0: Channel size: 18 	 Kernel size: 2 
Training MSE: 0.06095009 	 Validating MSE: 0.08194224 	 Best VMSE: 0.07443310
[2020-10-21 22:17:50] esmCNN.cv0: Checkpoint saved to experiments/normal/ar1/esmCNN_random_ar1_h6
[2020-10-21 22:17:50] esmCNN.cv0: Find channel with Kernel size: 2 	 Lambda: 0.5: 	 Best Score: 0.0609
[2020-10-21 22:17:50] esmCNN.cv0: Channel size: 19 	 Kernel size: 2 
Training MSE: 0.06086348 	 Validating MSE: 0.07801953 	 Best VMSE: 0.07443310
[2020-10-21 22:17:50] esmCNN.cv0: Checkpoint saved to experiments/normal/ar1/esmCNN_random_ar1_h6
[2020-10-21 22:17:51] esmCNN.cv0: Find channel with Kernel size: 3 	 Lambda: 0.5: 	 Best Score: 0.0608
[2020-10-21 22:17:51] esmCNN.cv0: Channel size: 20 	 Kernel size: 3 
Training MSE: 0.06084997 	 Validating MSE: 0.07822870 	 Best VMSE: 0.07443310
[2020-10-21 22:17:51] esmCNN.cv0: Checkpoint saved to experiments/normal/ar1/esmCNN_random_ar1_h6
[2020-10-21 22:17:51] esmCNN.cv0: Find channel with Kernel size: 2 	 Lambda: 0.5: 	 Best Score: 0.0608
[2020-10-21 22:17:51] esmCNN.cv0: Channel size: 21 	 Kernel size: 2 
Training MSE: 0.06084519 	 Validating MSE: 0.07898482 	 Best VMSE: 0.07443310
[2020-10-21 22:17:51] esmCNN.cv0: Checkpoint saved to experiments/normal/ar1/esmCNN_random_ar1_h6
[2020-10-21 22:17:51] esmCNN.cv0: Find channel with Kernel size: 2 	 Lambda: 0.5: 	 Best Score: 0.0608
[2020-10-21 22:17:51] esmCNN.cv0: Channel size: 22 	 Kernel size: 2 
Training MSE: 0.06084344 	 Validating MSE: 0.07844005 	 Best VMSE: 0.07443310
[2020-10-21 22:17:51] esmCNN.cv0: Checkpoint saved to experiments/normal/ar1/esmCNN_random_ar1_h6
[2020-10-21 22:17:51] esmCNN.cv0: Find channel with Kernel size: 3 	 Lambda: 0.5: 	 Best Score: 0.0608
[2020-10-21 22:17:51] esmCNN.cv0: Channel size: 23 	 Kernel size: 3 
Training MSE: 0.06081224 	 Validating MSE: 0.08091018 	 Best VMSE: 0.07443310
[2020-10-21 22:17:51] esmCNN.cv0: Checkpoint saved to experiments/normal/ar1/esmCNN_random_ar1_h6
[2020-10-21 22:17:51] esmCNN.cv0: Find channel with Kernel size: 3 	 Lambda: 0.5: 	 Best Score: 0.0608
[2020-10-21 22:17:51] esmCNN.cv0: Channel size: 24 	 Kernel size: 3 
Training MSE: 0.06078127 	 Validating MSE: 0.07870971 	 Best VMSE: 0.07443310
[2020-10-21 22:17:51] esmCNN.cv0: Checkpoint saved to experiments/normal/ar1/esmCNN_random_ar1_h6
[2020-10-21 22:17:51] esmCNN.cv0: Find channel with Kernel size: 3 	 Lambda: 0.5: 	 Best Score: 0.0607
[2020-10-21 22:17:51] esmCNN.cv0: Channel size: 25 	 Kernel size: 3 
Training MSE: 0.06069538 	 Validating MSE: 0.08259948 	 Best VMSE: 0.07443310
[2020-10-21 22:17:51] esmCNN.cv0: Checkpoint saved to experiments/normal/ar1/esmCNN_random_ar1_h6
[2020-10-21 22:17:51] esmCNN.cv0: Find channel with Kernel size: 3 	 Lambda: 0.5: 	 Best Score: 0.0606
[2020-10-21 22:17:51] esmCNN.cv0: Channel size: 26 	 Kernel size: 3 
Training MSE: 0.06062619 	 Validating MSE: 0.07955866 	 Best VMSE: 0.07443310
[2020-10-21 22:17:51] esmCNN.cv0: Checkpoint saved to experiments/normal/ar1/esmCNN_random_ar1_h6
[2020-10-21 22:17:51] esmCNN.cv0: Find channel with Kernel size: 2 	 Lambda: 0.5: 	 Best Score: 0.0606
[2020-10-21 22:17:51] esmCNN.cv0: Channel size: 27 	 Kernel size: 2 
Training MSE: 0.06062026 	 Validating MSE: 0.07939440 	 Best VMSE: 0.07443310
[2020-10-21 22:17:51] esmCNN.cv0: Checkpoint saved to experiments/normal/ar1/esmCNN_random_ar1_h6
[2020-10-21 22:17:51] esmCNN.cv0: Find channel with Kernel size: 3 	 Lambda: 0.5: 	 Best Score: 0.0606
[2020-10-21 22:17:51] esmCNN.cv0: Channel size: 28 	 Kernel size: 3 
Training MSE: 0.06061395 	 Validating MSE: 0.08026436 	 Best VMSE: 0.07443310
[2020-10-21 22:17:51] esmCNN.cv0: Checkpoint saved to experiments/normal/ar1/esmCNN_random_ar1_h6
[2020-10-21 22:17:51] esmCNN.cv0: Find channel with Kernel size: 5 	 Lambda: 0.5: 	 Best Score: 0.0606
[2020-10-21 22:17:51] esmCNN.cv0: Channel size: 29 	 Kernel size: 5 
Training MSE: 0.06060632 	 Validating MSE: 0.08153231 	 Best VMSE: 0.07443310
[2020-10-21 22:17:51] esmCNN.cv0: Checkpoint saved to experiments/normal/ar1/esmCNN_random_ar1_h6
[2020-10-21 22:17:51] esmCNN.cv0: Find channel with Kernel size: 3 	 Lambda: 0.5: 	 Best Score: 0.0606
[2020-10-21 22:17:51] esmCNN.cv0: Channel size: 30 	 Kernel size: 3 
Training MSE: 0.06058141 	 Validating MSE: 0.07929779 	 Best VMSE: 0.07443310
[2020-10-21 22:17:51] esmCNN.cv0: Checkpoint saved to experiments/normal/ar1/esmCNN_random_ar1_h6
[2020-10-21 22:17:51] esmCNN.cv0: Find channel with Kernel size: 5 	 Lambda: 0.5: 	 Best Score: 0.0606
[2020-10-21 22:17:51] esmCNN.cv0: Channel size: 31 	 Kernel size: 5 
Training MSE: 0.06056505 	 Validating MSE: 0.08114505 	 Best VMSE: 0.07443310
[2020-10-21 22:17:51] esmCNN.cv0: Checkpoint saved to experiments/normal/ar1/esmCNN_random_ar1_h6
[2020-10-21 22:17:51] esmCNN.cv0: Find channel with Kernel size: 3 	 Lambda: 0.5: 	 Best Score: 0.0605
[2020-10-21 22:17:51] esmCNN.cv0: Channel size: 32 	 Kernel size: 3 
Training MSE: 0.06050970 	 Validating MSE: 0.08370326 	 Best VMSE: 0.07443310
[2020-10-21 22:17:51] esmCNN.cv0: Checkpoint saved to experiments/normal/ar1/esmCNN_random_ar1_h6
[2020-10-21 22:17:51] esmCNN.cv0: Find channel with Kernel size: 2 	 Lambda: 0.5: 	 Best Score: 0.0604
[2020-10-21 22:17:52] esmCNN.cv0: Channel size: 33 	 Kernel size: 2 
Training MSE: 0.06039460 	 Validating MSE: 0.08004326 	 Best VMSE: 0.07443310
[2020-10-21 22:17:52] esmCNN.cv0: Checkpoint saved to experiments/normal/ar1/esmCNN_random_ar1_h6
[2020-10-21 22:17:52] esmCNN.cv0: Find channel with Kernel size: 5 	 Lambda: 0.5: 	 Best Score: 0.0604
[2020-10-21 22:17:52] esmCNN.cv0: Channel size: 34 	 Kernel size: 5 
Training MSE: 0.06035971 	 Validating MSE: 0.08267415 	 Best VMSE: 0.07443310
[2020-10-21 22:17:52] esmCNN.cv0: Checkpoint saved to experiments/normal/ar1/esmCNN_random_ar1_h6
[2020-10-21 22:17:52] esmCNN.cv0: Find channel with Kernel size: 2 	 Lambda: 0.5: 	 Best Score: 0.0603
[2020-10-21 22:17:52] esmCNN.cv0: Channel size: 35 	 Kernel size: 2 
Training MSE: 0.06032261 	 Validating MSE: 0.08004378 	 Best VMSE: 0.07443310
[2020-10-21 22:17:52] esmCNN.cv0: Checkpoint saved to experiments/normal/ar1/esmCNN_random_ar1_h6
[2020-10-21 22:17:52] esmCNN.cv0: Find channel with Kernel size: 5 	 Lambda: 0.5: 	 Best Score: 0.0603
[2020-10-21 22:17:52] esmCNN.cv0: Channel size: 36 	 Kernel size: 5 
Training MSE: 0.06029078 	 Validating MSE: 0.08278786 	 Best VMSE: 0.07443310
[2020-10-21 22:17:52] esmCNN.cv0: Checkpoint saved to experiments/normal/ar1/esmCNN_random_ar1_h6
[2020-10-21 22:17:52] esmCNN.cv0: Find channel with Kernel size: 3 	 Lambda: 0.5: 	 Best Score: 0.0603
[2020-10-21 22:17:52] esmCNN.cv0: Channel size: 37 	 Kernel size: 3 
Training MSE: 0.06026272 	 Validating MSE: 0.08043846 	 Best VMSE: 0.07443310
[2020-10-21 22:17:52] esmCNN.cv0: Checkpoint saved to experiments/normal/ar1/esmCNN_random_ar1_h6
[2020-10-21 22:17:52] esmCNN.cv0: Find channel with Kernel size: 3 	 Lambda: 0.5: 	 Best Score: 0.0603
[2020-10-21 22:17:52] esmCNN.cv0: Channel size: 38 	 Kernel size: 3 
Training MSE: 0.06025757 	 Validating MSE: 0.08133712 	 Best VMSE: 0.07443310
[2020-10-21 22:17:52] esmCNN.cv0: Checkpoint saved to experiments/normal/ar1/esmCNN_random_ar1_h6
[2020-10-21 22:17:52] esmCNN.cv0: Find channel with Kernel size: 5 	 Lambda: 0.5: 	 Best Score: 0.0602
[2020-10-21 22:17:52] esmCNN.cv0: Channel size: 39 	 Kernel size: 5 
Training MSE: 0.06017512 	 Validating MSE: 0.08659685 	 Best VMSE: 0.07443310
[2020-10-21 22:17:52] esmCNN.cv0: Checkpoint saved to experiments/normal/ar1/esmCNN_random_ar1_h6
[2020-10-21 22:17:52] esmCNN.cv0: Find channel with Kernel size: 5 	 Lambda: 0.5: 	 Best Score: 0.0601
[2020-10-21 22:17:52] esmCNN.cv0: Channel size: 40 	 Kernel size: 5 
Training MSE: 0.06006779 	 Validating MSE: 0.08154335 	 Best VMSE: 0.07443310
[2020-10-21 22:17:52] esmCNN.cv0: Checkpoint saved to experiments/normal/ar1/esmCNN_random_ar1_h6
[2020-10-21 22:17:52] esmCNN.cv0: Find channel with Kernel size: 3 	 Lambda: 0.5: 	 Best Score: 0.0601
[2020-10-21 22:17:52] esmCNN.cv0: Channel size: 41 	 Kernel size: 3 
Training MSE: 0.06006038 	 Validating MSE: 0.08239770 	 Best VMSE: 0.07443310
[2020-10-21 22:17:52] esmCNN.cv0: Checkpoint saved to experiments/normal/ar1/esmCNN_random_ar1_h6
[2020-10-21 22:17:52] esmCNN.cv0: Find channel with Kernel size: 2 	 Lambda: 0.5: 	 Best Score: 0.0601
[2020-10-21 22:17:52] esmCNN.cv0: Channel size: 42 	 Kernel size: 2 
Training MSE: 0.06005437 	 Validating MSE: 0.08153849 	 Best VMSE: 0.07443310
[2020-10-21 22:17:52] esmCNN.cv0: Checkpoint saved to experiments/normal/ar1/esmCNN_random_ar1_h6
[2020-10-21 22:17:52] esmCNN.cv0: Find channel with Kernel size: 3 	 Lambda: 0.5: 	 Best Score: 0.0600
[2020-10-21 22:17:52] esmCNN.cv0: Channel size: 43 	 Kernel size: 3 
Training MSE: 0.06004735 	 Validating MSE: 0.08279316 	 Best VMSE: 0.07443310
[2020-10-21 22:17:52] esmCNN.cv0: Checkpoint saved to experiments/normal/ar1/esmCNN_random_ar1_h6
[2020-10-21 22:17:52] esmCNN.cv0: Find channel with Kernel size: 3 	 Lambda: 0.5: 	 Best Score: 0.0600
[2020-10-21 22:17:52] esmCNN.cv0: Channel size: 44 	 Kernel size: 3 
Training MSE: 0.05999972 	 Validating MSE: 0.08612861 	 Best VMSE: 0.07443310
[2020-10-21 22:17:52] esmCNN.cv0: Checkpoint saved to experiments/normal/ar1/esmCNN_random_ar1_h6
[2020-10-21 22:17:53] esmCNN.cv0: Find channel with Kernel size: 5 	 Lambda: 0.5: 	 Best Score: 0.0599
[2020-10-21 22:17:53] esmCNN.cv0: Channel size: 45 	 Kernel size: 5 
Training MSE: 0.05993033 	 Validating MSE: 0.08236405 	 Best VMSE: 0.07443310
[2020-10-21 22:17:53] esmCNN.cv0: Checkpoint saved to experiments/normal/ar1/esmCNN_random_ar1_h6
[2020-10-21 22:17:53] esmCNN.cv0: Find channel with Kernel size: 5 	 Lambda: 0.5: 	 Best Score: 0.0599
[2020-10-21 22:17:53] esmCNN.cv0: Channel size: 46 	 Kernel size: 5 
Training MSE: 0.05991395 	 Validating MSE: 0.08439834 	 Best VMSE: 0.07443310
[2020-10-21 22:17:53] esmCNN.cv0: Checkpoint saved to experiments/normal/ar1/esmCNN_random_ar1_h6
[2020-10-21 22:17:53] esmCNN.cv0: Find channel with Kernel size: 2 	 Lambda: 0.5: 	 Best Score: 0.0599
[2020-10-21 22:17:53] esmCNN.cv0: Channel size: 47 	 Kernel size: 2 
Training MSE: 0.05988583 	 Validating MSE: 0.08244555 	 Best VMSE: 0.07443310
[2020-10-21 22:17:53] esmCNN.cv0: Checkpoint saved to experiments/normal/ar1/esmCNN_random_ar1_h6
[2020-10-21 22:17:53] esmCNN.cv0: Find channel with Kernel size: 3 	 Lambda: 0.5: 	 Best Score: 0.0599
[2020-10-21 22:17:53] esmCNN.cv0: Channel size: 48 	 Kernel size: 3 
Training MSE: 0.05985632 	 Validating MSE: 0.08498935 	 Best VMSE: 0.07443310
[2020-10-21 22:17:53] esmCNN.cv0: Checkpoint saved to experiments/normal/ar1/esmCNN_random_ar1_h6
[2020-10-21 22:17:53] esmCNN.cv0: Find channel with Kernel size: 3 	 Lambda: 0.5: 	 Best Score: 0.0598
[2020-10-21 22:17:53] esmCNN.cv0: Channel size: 49 	 Kernel size: 3 
Training MSE: 0.05982274 	 Validating MSE: 0.08795146 	 Best VMSE: 0.07443310
[2020-10-21 22:17:53] esmCNN.cv0: Checkpoint saved to experiments/normal/ar1/esmCNN_random_ar1_h6
[2020-10-21 22:17:53] esmCNN.cv0: Find channel with Kernel size: 3 	 Lambda: 0.5: 	 Best Score: 0.0597
[2020-10-21 22:17:53] esmCNN.cv0: Channel size: 50 	 Kernel size: 3 
Training MSE: 0.05972194 	 Validating MSE: 0.08372866 	 Best VMSE: 0.07443310
[2020-10-21 22:17:53] esmCNN.cv0: Checkpoint saved to experiments/normal/ar1/esmCNN_random_ar1_h6
[2020-10-21 22:17:53] esmCNN.cv0: Find channel with Kernel size: 2 	 Lambda: 0.5: 	 Best Score: 0.0597
[2020-10-21 22:17:53] esmCNN.cv0: Channel size: 51 	 Kernel size: 2 
Training MSE: 0.05969726 	 Validating MSE: 0.08595460 	 Best VMSE: 0.07443310
[2020-10-21 22:17:53] esmCNN.cv0: Checkpoint saved to experiments/normal/ar1/esmCNN_random_ar1_h6
[2020-10-21 22:17:53] esmCNN.cv0: Find channel with Kernel size: 3 	 Lambda: 0.5: 	 Best Score: 0.0597
[2020-10-21 22:17:53] esmCNN.cv0: Channel size: 52 	 Kernel size: 3 
Training MSE: 0.05967201 	 Validating MSE: 0.08355024 	 Best VMSE: 0.07443310
[2020-10-21 22:17:53] esmCNN.cv0: Checkpoint saved to experiments/normal/ar1/esmCNN_random_ar1_h6
[2020-10-21 22:17:53] esmCNN.cv0: Find channel with Kernel size: 3 	 Lambda: 0.5: 	 Best Score: 0.0597
[2020-10-21 22:17:53] esmCNN.cv0: Channel size: 53 	 Kernel size: 3 
Training MSE: 0.05966480 	 Validating MSE: 0.08489554 	 Best VMSE: 0.07443310
[2020-10-21 22:17:53] esmCNN.cv0: Checkpoint saved to experiments/normal/ar1/esmCNN_random_ar1_h6
[2020-10-21 22:17:53] esmCNN.cv0: Find channel with Kernel size: 3 	 Lambda: 0.5: 	 Best Score: 0.0597
[2020-10-21 22:17:53] esmCNN.cv0: Channel size: 54 	 Kernel size: 3 
Training MSE: 0.05965857 	 Validating MSE: 0.08407412 	 Best VMSE: 0.07443310
[2020-10-21 22:17:53] esmCNN.cv0: Checkpoint saved to experiments/normal/ar1/esmCNN_random_ar1_h6
[2020-10-21 22:17:53] esmCNN.cv0: Find channel with Kernel size: 5 	 Lambda: 0.5: 	 Best Score: 0.0596
[2020-10-21 22:17:54] esmCNN.cv0: Channel size: 55 	 Kernel size: 5 
Training MSE: 0.05964806 	 Validating MSE: 0.08543277 	 Best VMSE: 0.07443310
[2020-10-21 22:17:54] esmCNN.cv0: Checkpoint saved to experiments/normal/ar1/esmCNN_random_ar1_h6
[2020-10-21 22:17:54] esmCNN.cv0: Find channel with Kernel size: 3 	 Lambda: 0.5: 	 Best Score: 0.0596
[2020-10-21 22:17:54] esmCNN.cv0: Channel size: 56 	 Kernel size: 3 
Training MSE: 0.05963967 	 Validating MSE: 0.08396271 	 Best VMSE: 0.07443310
[2020-10-21 22:17:54] esmCNN.cv0: Checkpoint saved to experiments/normal/ar1/esmCNN_random_ar1_h6
[2020-10-21 22:17:54] esmCNN.cv0: Find channel with Kernel size: 3 	 Lambda: 0.5: 	 Best Score: 0.0596
[2020-10-21 22:17:54] esmCNN.cv0: Channel size: 57 	 Kernel size: 3 
Training MSE: 0.05960685 	 Validating MSE: 0.08713672 	 Best VMSE: 0.07443310
[2020-10-21 22:17:54] esmCNN.cv0: Checkpoint saved to experiments/normal/ar1/esmCNN_random_ar1_h6
[2020-10-21 22:17:54] esmCNN.cv0: Find channel with Kernel size: 5 	 Lambda: 0.5: 	 Best Score: 0.0596
[2020-10-21 22:17:54] esmCNN.cv0: Channel size: 58 	 Kernel size: 5 
Training MSE: 0.05957516 	 Validating MSE: 0.08485701 	 Best VMSE: 0.07443310
[2020-10-21 22:17:54] esmCNN.cv0: Checkpoint saved to experiments/normal/ar1/esmCNN_random_ar1_h6
[2020-10-21 22:17:54] esmCNN.cv0: Find channel with Kernel size: 5 	 Lambda: 0.5: 	 Best Score: 0.0595
[2020-10-21 22:17:54] esmCNN.cv0: Channel size: 59 	 Kernel size: 5 
Training MSE: 0.05953186 	 Validating MSE: 0.08891042 	 Best VMSE: 0.07443310
[2020-10-21 22:17:54] esmCNN.cv0: Checkpoint saved to experiments/normal/ar1/esmCNN_random_ar1_h6
[2020-10-21 22:17:54] esmCNN.cv0: Find channel with Kernel size: 3 	 Lambda: 0.5: 	 Best Score: 0.0595
[2020-10-21 22:17:54] esmCNN.cv0: Channel size: 60 	 Kernel size: 3 
Training MSE: 0.05948257 	 Validating MSE: 0.08537886 	 Best VMSE: 0.07443310
[2020-10-21 22:17:54] esmCNN.cv0: Checkpoint saved to experiments/normal/ar1/esmCNN_random_ar1_h6
[2020-10-21 22:17:54] esmCNN.cv0: Find channel with Kernel size: 3 	 Lambda: 0.5: 	 Best Score: 0.0594
[2020-10-21 22:17:54] esmCNN.cv0: Channel size: 61 	 Kernel size: 3 
Training MSE: 0.05944927 	 Validating MSE: 0.08807284 	 Best VMSE: 0.07443310
[2020-10-21 22:17:54] esmCNN.cv0: Checkpoint saved to experiments/normal/ar1/esmCNN_random_ar1_h6
[2020-10-21 22:17:54] esmCNN.cv0: Find channel with Kernel size: 2 	 Lambda: 0.5: 	 Best Score: 0.0594
[2020-10-21 22:17:54] esmCNN.cv0: Channel size: 62 	 Kernel size: 2 
Training MSE: 0.05942326 	 Validating MSE: 0.08619830 	 Best VMSE: 0.07443310
[2020-10-21 22:17:54] esmCNN.cv0: Checkpoint saved to experiments/normal/ar1/esmCNN_random_ar1_h6
[2020-10-21 22:17:54] esmCNN.cv0: Find channel with Kernel size: 3 	 Lambda: 0.5: 	 Best Score: 0.0594
[2020-10-21 22:17:54] esmCNN.cv0: Channel size: 63 	 Kernel size: 3 
Training MSE: 0.05942150 	 Validating MSE: 0.08645819 	 Best VMSE: 0.07443310
[2020-10-21 22:17:54] esmCNN.cv0: Checkpoint saved to experiments/normal/ar1/esmCNN_random_ar1_h6
[2020-10-21 22:17:54] esmCNN.cv0: Find channel with Kernel size: 3 	 Lambda: 0.5: 	 Best Score: 0.0594
[2020-10-21 22:17:54] esmCNN.cv0: Channel size: 64 	 Kernel size: 3 
Training MSE: 0.05941360 	 Validating MSE: 0.08800995 	 Best VMSE: 0.07443310
[2020-10-21 22:17:54] esmCNN.cv0: Checkpoint saved to experiments/normal/ar1/esmCNN_random_ar1_h6
[2020-10-21 22:17:55] esmCNN.cv0: Find channel with Kernel size: 3 	 Lambda: 0.5: 	 Best Score: 0.0594
[2020-10-21 22:17:55] esmCNN.cv0: Channel size: 65 	 Kernel size: 3 
Training MSE: 0.05939521 	 Validating MSE: 0.08567431 	 Best VMSE: 0.07443310
[2020-10-21 22:17:55] esmCNN.cv0: Checkpoint saved to experiments/normal/ar1/esmCNN_random_ar1_h6
[2020-10-21 22:17:55] esmCNN.cv0: Find channel with Kernel size: 5 	 Lambda: 0.5: 	 Best Score: 0.0593
[2020-10-21 22:17:55] esmCNN.cv0: Channel size: 66 	 Kernel size: 5 
Training MSE: 0.05934759 	 Validating MSE: 0.09000187 	 Best VMSE: 0.07443310
[2020-10-21 22:17:55] esmCNN.cv0: Checkpoint saved to experiments/normal/ar1/esmCNN_random_ar1_h6
[2020-10-21 22:17:55] esmCNN.cv0: Find channel with Kernel size: 5 	 Lambda: 0.5: 	 Best Score: 0.0593
[2020-10-21 22:17:55] esmCNN.cv0: Channel size: 67 	 Kernel size: 5 
Training MSE: 0.05928623 	 Validating MSE: 0.09406222 	 Best VMSE: 0.07443310
[2020-10-21 22:17:55] esmCNN.cv0: Checkpoint saved to experiments/normal/ar1/esmCNN_random_ar1_h6
[2020-10-21 22:17:55] esmCNN.cv0: Find channel with Kernel size: 2 	 Lambda: 0.5: 	 Best Score: 0.0591
[2020-10-21 22:17:55] esmCNN.cv0: Channel size: 68 	 Kernel size: 2 
Training MSE: 0.05912000 	 Validating MSE: 0.08767504 	 Best VMSE: 0.07443310
[2020-10-21 22:17:55] esmCNN.cv0: Checkpoint saved to experiments/normal/ar1/esmCNN_random_ar1_h6
[2020-10-21 22:17:55] esmCNN.cv0: Find channel with Kernel size: 3 	 Lambda: 0.5: 	 Best Score: 0.0591
[2020-10-21 22:17:55] esmCNN.cv0: Channel size: 69 	 Kernel size: 3 
Training MSE: 0.05911621 	 Validating MSE: 0.08850518 	 Best VMSE: 0.07443310
[2020-10-21 22:17:55] esmCNN.cv0: Checkpoint saved to experiments/normal/ar1/esmCNN_random_ar1_h6
[2020-10-21 22:17:55] esmCNN.cv0: Find channel with Kernel size: 5 	 Lambda: 0.5: 	 Best Score: 0.0591
[2020-10-21 22:17:55] esmCNN.cv0: Channel size: 70 	 Kernel size: 5 
Training MSE: 0.05907874 	 Validating MSE: 0.09183486 	 Best VMSE: 0.07443310
[2020-10-21 22:17:55] esmCNN.cv0: Checkpoint saved to experiments/normal/ar1/esmCNN_random_ar1_h6
[2020-10-21 22:17:55] esmCNN.cv0: Find channel with Kernel size: 3 	 Lambda: 0.5: 	 Best Score: 0.0590
[2020-10-21 22:17:55] esmCNN.cv0: Channel size: 71 	 Kernel size: 3 
Training MSE: 0.05902867 	 Validating MSE: 0.08793968 	 Best VMSE: 0.07443310
[2020-10-21 22:17:55] esmCNN.cv0: Checkpoint saved to experiments/normal/ar1/esmCNN_random_ar1_h6
[2020-10-21 22:17:55] esmCNN.cv0: Find channel with Kernel size: 2 	 Lambda: 0.5: 	 Best Score: 0.0590
[2020-10-21 22:17:55] esmCNN.cv0: Channel size: 72 	 Kernel size: 2 
Training MSE: 0.05902091 	 Validating MSE: 0.08970871 	 Best VMSE: 0.07443310
[2020-10-21 22:17:55] esmCNN.cv0: Checkpoint saved to experiments/normal/ar1/esmCNN_random_ar1_h6
[2020-10-21 22:17:55] esmCNN.cv0: Find channel with Kernel size: 2 	 Lambda: 0.5: 	 Best Score: 0.0590
[2020-10-21 22:17:56] esmCNN.cv0: Channel size: 73 	 Kernel size: 2 
Training MSE: 0.05901315 	 Validating MSE: 0.08864754 	 Best VMSE: 0.07443310
[2020-10-21 22:17:56] esmCNN.cv0: Checkpoint saved to experiments/normal/ar1/esmCNN_random_ar1_h6
[2020-10-21 22:17:56] esmCNN.cv0: Find channel with Kernel size: 3 	 Lambda: 0.5: 	 Best Score: 0.0590
[2020-10-21 22:17:56] esmCNN.cv0: Channel size: 74 	 Kernel size: 3 
Training MSE: 0.05901187 	 Validating MSE: 0.08927948 	 Best VMSE: 0.07443310
[2020-10-21 22:17:56] esmCNN.cv0: Checkpoint saved to experiments/normal/ar1/esmCNN_random_ar1_h6
[2020-10-21 22:17:56] esmCNN.cv0: Find channel with Kernel size: 3 	 Lambda: 0.5: 	 Best Score: 0.0590
[2020-10-21 22:17:56] esmCNN.cv0: Channel size: 75 	 Kernel size: 3 
Training MSE: 0.05900456 	 Validating MSE: 0.09087137 	 Best VMSE: 0.07443310
[2020-10-21 22:17:56] esmCNN.cv0: Checkpoint saved to experiments/normal/ar1/esmCNN_random_ar1_h6
[2020-10-21 22:17:56] esmCNN.cv0: Find channel with Kernel size: 5 	 Lambda: 0.5: 	 Best Score: 0.0590
[2020-10-21 22:17:56] esmCNN.cv0: Channel size: 76 	 Kernel size: 5 
Training MSE: 0.05898965 	 Validating MSE: 0.08861031 	 Best VMSE: 0.07443310
[2020-10-21 22:17:56] esmCNN.cv0: Checkpoint saved to experiments/normal/ar1/esmCNN_random_ar1_h6
[2020-10-21 22:17:56] esmCNN.cv0: Find channel with Kernel size: 2 	 Lambda: 0.5: 	 Best Score: 0.0590
[2020-10-21 22:17:56] esmCNN.cv0: Channel size: 77 	 Kernel size: 2 
Training MSE: 0.05898669 	 Validating MSE: 0.08941723 	 Best VMSE: 0.07443310
[2020-10-21 22:17:56] esmCNN.cv0: Checkpoint saved to experiments/normal/ar1/esmCNN_random_ar1_h6
[2020-10-21 22:17:56] esmCNN.cv0: Find channel with Kernel size: 3 	 Lambda: 0.5: 	 Best Score: 0.0590
[2020-10-21 22:17:56] esmCNN.cv0: Channel size: 78 	 Kernel size: 3 
Training MSE: 0.05898580 	 Validating MSE: 0.08998884 	 Best VMSE: 0.07443310
[2020-10-21 22:17:56] esmCNN.cv0: Checkpoint saved to experiments/normal/ar1/esmCNN_random_ar1_h6
[2020-10-21 22:17:56] esmCNN.cv0: Find channel with Kernel size: 3 	 Lambda: 0.5: 	 Best Score: 0.0590
[2020-10-21 22:17:56] esmCNN.cv0: Channel size: 79 	 Kernel size: 3 
Training MSE: 0.05895408 	 Validating MSE: 0.09340018 	 Best VMSE: 0.07443310
[2020-10-21 22:17:56] esmCNN.cv0: Checkpoint saved to experiments/normal/ar1/esmCNN_random_ar1_h6
[2020-10-21 22:17:56] esmCNN.cv0: Find channel with Kernel size: 5 	 Lambda: 0.5: 	 Best Score: 0.0589
[2020-10-21 22:17:56] esmCNN.cv0: Channel size: 80 	 Kernel size: 5 
Training MSE: 0.05890381 	 Validating MSE: 0.08958191 	 Best VMSE: 0.07443310
[2020-10-21 22:17:56] esmCNN.cv0: Checkpoint saved to experiments/normal/ar1/esmCNN_random_ar1_h6
[2020-10-21 22:17:57] esmCNN.cv0: Find channel with Kernel size: 5 	 Lambda: 0.5: 	 Best Score: 0.0589
[2020-10-21 22:17:57] esmCNN.cv0: Channel size: 81 	 Kernel size: 5 
Training MSE: 0.05886102 	 Validating MSE: 0.09444014 	 Best VMSE: 0.07443310
[2020-10-21 22:17:57] esmCNN.cv0: Checkpoint saved to experiments/normal/ar1/esmCNN_random_ar1_h6
[2020-10-21 22:17:57] esmCNN.cv0: Find channel with Kernel size: 2 	 Lambda: 0.5: 	 Best Score: 0.0588
[2020-10-21 22:17:57] esmCNN.cv0: Channel size: 82 	 Kernel size: 2 
Training MSE: 0.05882085 	 Validating MSE: 0.09064962 	 Best VMSE: 0.07443310
[2020-10-21 22:17:57] esmCNN.cv0: Checkpoint saved to experiments/normal/ar1/esmCNN_random_ar1_h6
[2020-10-21 22:17:57] esmCNN.cv0: Find channel with Kernel size: 5 	 Lambda: 0.5: 	 Best Score: 0.0588
[2020-10-21 22:17:57] esmCNN.cv0: Channel size: 83 	 Kernel size: 5 
Training MSE: 0.05880084 	 Validating MSE: 0.09329884 	 Best VMSE: 0.07443310
[2020-10-21 22:17:57] esmCNN.cv0: Checkpoint saved to experiments/normal/ar1/esmCNN_random_ar1_h6
[2020-10-21 22:17:57] esmCNN.cv0: Find channel with Kernel size: 3 	 Lambda: 0.5: 	 Best Score: 0.0588
[2020-10-21 22:17:57] esmCNN.cv0: Channel size: 84 	 Kernel size: 3 
Training MSE: 0.05878411 	 Validating MSE: 0.09060381 	 Best VMSE: 0.07443310
[2020-10-21 22:17:57] esmCNN.cv0: Checkpoint saved to experiments/normal/ar1/esmCNN_random_ar1_h6
[2020-10-21 22:17:57] esmCNN.cv0: Find channel with Kernel size: 2 	 Lambda: 0.5: 	 Best Score: 0.0588
[2020-10-21 22:17:57] esmCNN.cv0: Channel size: 85 	 Kernel size: 2 
Training MSE: 0.05878282 	 Validating MSE: 0.09134014 	 Best VMSE: 0.07443310
[2020-10-21 22:17:57] esmCNN.cv0: Checkpoint saved to experiments/normal/ar1/esmCNN_random_ar1_h6
[2020-10-21 22:17:57] esmCNN.cv0: Find channel with Kernel size: 2 	 Lambda: 0.5: 	 Best Score: 0.0588
[2020-10-21 22:17:57] esmCNN.cv0: Channel size: 86 	 Kernel size: 2 
Training MSE: 0.05877982 	 Validating MSE: 0.09055287 	 Best VMSE: 0.07443310
[2020-10-21 22:17:57] esmCNN.cv0: Checkpoint saved to experiments/normal/ar1/esmCNN_random_ar1_h6
[2020-10-21 22:17:57] esmCNN.cv0: Find channel with Kernel size: 2 	 Lambda: 0.5: 	 Best Score: 0.0588
[2020-10-21 22:17:57] esmCNN.cv0: Channel size: 87 	 Kernel size: 2 
Training MSE: 0.05877760 	 Validating MSE: 0.09127758 	 Best VMSE: 0.07443310
[2020-10-21 22:17:57] esmCNN.cv0: Checkpoint saved to experiments/normal/ar1/esmCNN_random_ar1_h6
[2020-10-21 22:17:57] esmCNN.cv0: Find channel with Kernel size: 3 	 Lambda: 0.5: 	 Best Score: 0.0588
[2020-10-21 22:17:58] esmCNN.cv0: Channel size: 88 	 Kernel size: 3 
Training MSE: 0.05877639 	 Validating MSE: 0.09073388 	 Best VMSE: 0.07443310
[2020-10-21 22:17:58] esmCNN.cv0: Checkpoint saved to experiments/normal/ar1/esmCNN_random_ar1_h6
[2020-10-21 22:17:58] esmCNN.cv0: Find channel with Kernel size: 3 	 Lambda: 0.5: 	 Best Score: 0.0588
[2020-10-21 22:17:58] esmCNN.cv0: Channel size: 89 	 Kernel size: 3 
Training MSE: 0.05876337 	 Validating MSE: 0.09306330 	 Best VMSE: 0.07443310
[2020-10-21 22:17:58] esmCNN.cv0: Checkpoint saved to experiments/normal/ar1/esmCNN_random_ar1_h6
[2020-10-21 22:17:58] esmCNN.cv0: Find channel with Kernel size: 5 	 Lambda: 0.5: 	 Best Score: 0.0588
[2020-10-21 22:17:58] esmCNN.cv0: Channel size: 90 	 Kernel size: 5 
Training MSE: 0.05875376 	 Validating MSE: 0.09117638 	 Best VMSE: 0.07443310
[2020-10-21 22:17:58] esmCNN.cv0: Checkpoint saved to experiments/normal/ar1/esmCNN_random_ar1_h6
[2020-10-21 22:17:58] esmCNN.cv0: Find channel with Kernel size: 2 	 Lambda: 0.5: 	 Best Score: 0.0588
[2020-10-21 22:17:58] esmCNN.cv0: Channel size: 91 	 Kernel size: 2 
Training MSE: 0.05875001 	 Validating MSE: 0.09238352 	 Best VMSE: 0.07443310
[2020-10-21 22:17:58] esmCNN.cv0: Checkpoint saved to experiments/normal/ar1/esmCNN_random_ar1_h6
[2020-10-21 22:17:58] esmCNN.cv0: Find channel with Kernel size: 2 	 Lambda: 0.5: 	 Best Score: 0.0587
[2020-10-21 22:17:58] esmCNN.cv0: Channel size: 92 	 Kernel size: 2 
Training MSE: 0.05874611 	 Validating MSE: 0.09109966 	 Best VMSE: 0.07443310
[2020-10-21 22:17:58] esmCNN.cv0: Checkpoint saved to experiments/normal/ar1/esmCNN_random_ar1_h6
[2020-10-21 22:17:58] esmCNN.cv0: Find channel with Kernel size: 5 	 Lambda: 0.5: 	 Best Score: 0.0587
[2020-10-21 22:17:58] esmCNN.cv0: Channel size: 93 	 Kernel size: 5 
Training MSE: 0.05874022 	 Validating MSE: 0.09288991 	 Best VMSE: 0.07443310
[2020-10-21 22:17:58] esmCNN.cv0: Checkpoint saved to experiments/normal/ar1/esmCNN_random_ar1_h6
[2020-10-21 22:17:58] esmCNN.cv0: Find channel with Kernel size: 2 	 Lambda: 0.5: 	 Best Score: 0.0587
[2020-10-21 22:17:58] esmCNN.cv0: Channel size: 94 	 Kernel size: 2 
Training MSE: 0.05873428 	 Validating MSE: 0.09129904 	 Best VMSE: 0.07443310
[2020-10-21 22:17:58] esmCNN.cv0: Checkpoint saved to experiments/normal/ar1/esmCNN_random_ar1_h6
[2020-10-21 22:17:58] esmCNN.cv0: Find channel with Kernel size: 5 	 Lambda: 0.5: 	 Best Score: 0.0587
[2020-10-21 22:17:59] esmCNN.cv0: Channel size: 95 	 Kernel size: 5 
Training MSE: 0.05872852 	 Validating MSE: 0.09288287 	 Best VMSE: 0.07443310
[2020-10-21 22:17:59] esmCNN.cv0: Checkpoint saved to experiments/normal/ar1/esmCNN_random_ar1_h6
[2020-10-21 22:17:59] esmCNN.cv0: Find channel with Kernel size: 2 	 Lambda: 0.5: 	 Best Score: 0.0587
[2020-10-21 22:17:59] esmCNN.cv0: Channel size: 96 	 Kernel size: 2 
Training MSE: 0.05872032 	 Validating MSE: 0.09174633 	 Best VMSE: 0.07443310
[2020-10-21 22:17:59] esmCNN.cv0: Checkpoint saved to experiments/normal/ar1/esmCNN_random_ar1_h6
[2020-10-21 22:17:59] esmCNN.cv0: Find channel with Kernel size: 3 	 Lambda: 0.5: 	 Best Score: 0.0587
[2020-10-21 22:17:59] esmCNN.cv0: Channel size: 97 	 Kernel size: 3 
Training MSE: 0.05871883 	 Validating MSE: 0.09168565 	 Best VMSE: 0.07443310
[2020-10-21 22:17:59] esmCNN.cv0: Checkpoint saved to experiments/normal/ar1/esmCNN_random_ar1_h6
[2020-10-21 22:17:59] esmCNN.cv0: Find channel with Kernel size: 2 	 Lambda: 0.5: 	 Best Score: 0.0587
[2020-10-21 22:17:59] esmCNN.cv0: Channel size: 98 	 Kernel size: 2 
Training MSE: 0.05871521 	 Validating MSE: 0.09293456 	 Best VMSE: 0.07443310
[2020-10-21 22:17:59] esmCNN.cv0: Checkpoint saved to experiments/normal/ar1/esmCNN_random_ar1_h6
[2020-10-21 22:17:59] esmCNN.cv0: Find channel with Kernel size: 2 	 Lambda: 0.5: 	 Best Score: 0.0587
[2020-10-21 22:17:59] esmCNN.cv0: Channel size: 99 	 Kernel size: 2 
Training MSE: 0.05870961 	 Validating MSE: 0.09168493 	 Best VMSE: 0.07443310
[2020-10-21 22:17:59] esmCNN.cv0: Checkpoint saved to experiments/normal/ar1/esmCNN_random_ar1_h6
[2020-10-21 22:17:59] esmCNN.cv0: Find channel with Kernel size: 5 	 Lambda: 0.5: 	 Best Score: 0.0587
[2020-10-21 22:17:59] esmCNN.cv0: Channel size: 100 	 Kernel size: 5 
Training MSE: 0.05867141 	 Validating MSE: 0.09637615 	 Best VMSE: 0.07443310
[2020-10-21 22:17:59] esmCNN.cv0: Checkpoint saved to experiments/normal/ar1/esmCNN_random_ar1_h6
[2020-10-21 22:17:59] esmCNN.cv0: Restoring best parameters from experiments/normal/ar1/esmCNN_random_ar1_h6/train.cv0.pth.tar
[2020-10-21 22:17:59] esmCNN.cv0: ar1	 H: 6	 Trail: 1 
Testing RMSE: 0.4015 	 MAPE: 0.07806 	 SMAPE: 0.04122
