[2020-10-21 22:25:33] esmCNN.cv17: Loading the datasets and model for 48th-batch-training
[2020-10-21 22:25:33] esmCNN.cv17: Argument channel_size: 100
[2020-10-21 22:25:33] esmCNN.cv17: Argument candidate_size: 300
[2020-10-21 22:25:33] esmCNN.cv17: Argument kernel_size: 3
[2020-10-21 22:25:33] esmCNN.cv17: Argument kernel_list: [5, 3, 3, 2]
[2020-10-21 22:25:33] esmCNN.cv17: Argument Lambdas: [0.5, 1, 5, 15, 30, 50, 100, 150, 200]
[2020-10-21 22:25:33] esmCNN.cv17: Argument Lambdas_std: [0.01, 0.05, 0.1, 0.5, 1]
[2020-10-21 22:25:33] esmCNN.cv17: Argument r: [0.8, 0.9, 0.99, 0.9999, 0.999999]
[2020-10-21 22:25:33] esmCNN.cv17: Argument tolerance: 0
[2020-10-21 22:25:33] esmCNN.cv17: Argument device: device(type='cuda')
[2020-10-21 22:25:33] esmCNN.cv17: Argument dataset: 'ar1'
[2020-10-21 22:25:33] esmCNN.cv17: Argument H: 6
[2020-10-21 22:25:33] esmCNN.cv17: Argument k: 5
[2020-10-21 22:25:33] esmCNN.cv17: Argument test: False
[2020-10-21 22:25:33] esmCNN.cv17: Argument search: 'random'
[2020-10-21 22:25:33] esmCNN.cv17: Argument normal: True
[2020-10-21 22:25:33] esmCNN.cv17: Argument diff: False
[2020-10-21 22:25:33] esmCNN.cv17: Argument times: 60
[2020-10-21 22:25:33] esmCNN.cv17: Argument datasets: {'ar1': {'lag_order': 15, 'normal': True, 'cov_dim': 0, 'kernel_size': 3}, 'wti': {'lag_order': 25, 'normal': True, 'cov_dim': 0, 'kernel_size': 5}, 'gold': {'lag_order': 25, 'normal': True, 'cov_dim': 0, 'kernel_size': 5}, 'sp': {'lag_order': 25, 'normal': True, 'cov_dim': 0, 'kernel_size': 5}, 'brent': {'lag_order': 24, 'normal': True, 'cov_dim': 0, 'kernel_size': 6}, 'sili': {'lag_order': 26, 'normal': True, 'cov_dim': 0, 'kernel_size': 6}}
[2020-10-21 22:25:33] esmCNN.cv17: Argument steps: 15
[2020-10-21 22:25:33] esmCNN.cv17: Argument cov_dim: 0
[2020-10-21 22:25:33] esmCNN.cv17: Argument experiment: 'experiments/normal/ar1'
[2020-10-21 22:25:33] esmCNN.cv17: Argument scaler: StandardScaler()
[2020-10-21 22:25:33] esmCNN.cv17: Argument model_name: 'esmCNN_random_ar1_h6'
[2020-10-21 22:25:33] esmCNN.cv17: Argument model_dir: 'experiments/normal/ar1/esmCNN_random_ar1_h6'
[2020-10-21 22:25:33] esmCNN.cv17: Argument In_channels: 1
[2020-10-21 22:25:33] esmCNN.cv17: Argument restore: True
[2020-10-21 22:25:33] esmCNN.cv17: Argument cv: 17
[2020-10-21 22:25:33] esmCNN.cv17: Argument plot_dir: 'experiments/normal/ar1/esmCNN_random_ar1_h6/figures'
[2020-10-21 22:25:33] esmCNN.cv17: Argument num_process: 8
[2020-10-21 22:25:33] esmCNN.cv17: Using Cuda...
[2020-10-21 22:25:33] esmCNN.cv17: Loading complete.
[2020-10-21 22:25:33] esmCNN.cv17: Model: 
ESM_CNN(
  (Pool): AvgPool1d(kernel_size=(3,), stride=(1,), padding=(0,))
  (loss_fn): MSELoss()
)
[2020-10-21 22:25:33] esmCNN.cv17: Found new best state
[2020-10-21 22:25:33] esmCNN.cv17: Best vmse: 0.1087
[2020-10-21 22:25:33] esmCNN.cv17: Channel size: 1 	 Kernel size: 3 
Training MSE: 0.08872703 	 Validating MSE: 0.10873309 	 Best VMSE: 0.10873309
[2020-10-21 22:25:33] esmCNN.cv17: Checkpoint saved to experiments/normal/ar1/esmCNN_random_ar1_h6
[2020-10-21 22:25:33] esmCNN.cv17: Find channel with Kernel size: 2 	 Lambda: 0.5: 	 Best Score: 0.0621
[2020-10-21 22:25:33] esmCNN.cv17: Found new best state
[2020-10-21 22:25:33] esmCNN.cv17: Best vmse: 0.0762
[2020-10-21 22:25:33] esmCNN.cv17: Channel size: 2 	 Kernel size: 2 
Training MSE: 0.06211801 	 Validating MSE: 0.07619488 	 Best VMSE: 0.07619488
[2020-10-21 22:25:33] esmCNN.cv17: Checkpoint saved to experiments/normal/ar1/esmCNN_random_ar1_h6
[2020-10-21 22:25:33] esmCNN.cv17: Find channel with Kernel size: 3 	 Lambda: 0.5: 	 Best Score: 0.0620
[2020-10-21 22:25:33] esmCNN.cv17: Channel size: 3 	 Kernel size: 3 
Training MSE: 0.06199288 	 Validating MSE: 0.07703286 	 Best VMSE: 0.07619488
[2020-10-21 22:25:33] esmCNN.cv17: Checkpoint saved to experiments/normal/ar1/esmCNN_random_ar1_h6
[2020-10-21 22:25:33] esmCNN.cv17: Find channel with Kernel size: 3 	 Lambda: 0.5: 	 Best Score: 0.0620
[2020-10-21 22:25:33] esmCNN.cv17: Channel size: 4 	 Kernel size: 3 
Training MSE: 0.06196336 	 Validating MSE: 0.07884689 	 Best VMSE: 0.07619488
[2020-10-21 22:25:33] esmCNN.cv17: Checkpoint saved to experiments/normal/ar1/esmCNN_random_ar1_h6
[2020-10-21 22:25:33] esmCNN.cv17: Find channel with Kernel size: 2 	 Lambda: 0.5: 	 Best Score: 0.0618
[2020-10-21 22:25:33] esmCNN.cv17: Found new best state
[2020-10-21 22:25:33] esmCNN.cv17: Best vmse: 0.0748
[2020-10-21 22:25:33] esmCNN.cv17: Channel size: 5 	 Kernel size: 2 
Training MSE: 0.06180387 	 Validating MSE: 0.07477185 	 Best VMSE: 0.07477185
[2020-10-21 22:25:33] esmCNN.cv17: Checkpoint saved to experiments/normal/ar1/esmCNN_random_ar1_h6
[2020-10-21 22:25:33] esmCNN.cv17: Find channel with Kernel size: 3 	 Lambda: 0.5: 	 Best Score: 0.0618
[2020-10-21 22:25:33] esmCNN.cv17: Channel size: 6 	 Kernel size: 3 
Training MSE: 0.06175996 	 Validating MSE: 0.07736295 	 Best VMSE: 0.07477185
[2020-10-21 22:25:33] esmCNN.cv17: Checkpoint saved to experiments/normal/ar1/esmCNN_random_ar1_h6
[2020-10-21 22:25:33] esmCNN.cv17: Find channel with Kernel size: 2 	 Lambda: 0.5: 	 Best Score: 0.0617
[2020-10-21 22:25:33] esmCNN.cv17: Channel size: 7 	 Kernel size: 2 
Training MSE: 0.06171051 	 Validating MSE: 0.07540983 	 Best VMSE: 0.07477185
[2020-10-21 22:25:33] esmCNN.cv17: Checkpoint saved to experiments/normal/ar1/esmCNN_random_ar1_h6
[2020-10-21 22:25:33] esmCNN.cv17: Find channel with Kernel size: 2 	 Lambda: 0.5: 	 Best Score: 0.0617
[2020-10-21 22:25:33] esmCNN.cv17: Channel size: 8 	 Kernel size: 2 
Training MSE: 0.06168094 	 Validating MSE: 0.07733271 	 Best VMSE: 0.07477185
[2020-10-21 22:25:33] esmCNN.cv17: Checkpoint saved to experiments/normal/ar1/esmCNN_random_ar1_h6
[2020-10-21 22:25:33] esmCNN.cv17: Find channel with Kernel size: 3 	 Lambda: 0.5: 	 Best Score: 0.0617
[2020-10-21 22:25:33] esmCNN.cv17: Channel size: 9 	 Kernel size: 3 
Training MSE: 0.06165610 	 Validating MSE: 0.07555649 	 Best VMSE: 0.07477185
[2020-10-21 22:25:33] esmCNN.cv17: Checkpoint saved to experiments/normal/ar1/esmCNN_random_ar1_h6
[2020-10-21 22:25:34] esmCNN.cv17: Find channel with Kernel size: 3 	 Lambda: 0.5: 	 Best Score: 0.0615
[2020-10-21 22:25:34] esmCNN.cv17: Channel size: 10 	 Kernel size: 3 
Training MSE: 0.06149064 	 Validating MSE: 0.08104408 	 Best VMSE: 0.07477185
[2020-10-21 22:25:34] esmCNN.cv17: Checkpoint saved to experiments/normal/ar1/esmCNN_random_ar1_h6
[2020-10-21 22:25:34] esmCNN.cv17: Find channel with Kernel size: 2 	 Lambda: 0.5: 	 Best Score: 0.0614
[2020-10-21 22:25:34] esmCNN.cv17: Channel size: 11 	 Kernel size: 2 
Training MSE: 0.06137699 	 Validating MSE: 0.07726645 	 Best VMSE: 0.07477185
[2020-10-21 22:25:34] esmCNN.cv17: Checkpoint saved to experiments/normal/ar1/esmCNN_random_ar1_h6
[2020-10-21 22:25:34] esmCNN.cv17: Find channel with Kernel size: 3 	 Lambda: 0.5: 	 Best Score: 0.0614
[2020-10-21 22:25:34] esmCNN.cv17: Channel size: 12 	 Kernel size: 3 
Training MSE: 0.06137224 	 Validating MSE: 0.07686894 	 Best VMSE: 0.07477185
[2020-10-21 22:25:34] esmCNN.cv17: Checkpoint saved to experiments/normal/ar1/esmCNN_random_ar1_h6
[2020-10-21 22:25:34] esmCNN.cv17: Find channel with Kernel size: 2 	 Lambda: 0.5: 	 Best Score: 0.0614
[2020-10-21 22:25:34] esmCNN.cv17: Channel size: 13 	 Kernel size: 2 
Training MSE: 0.06136949 	 Validating MSE: 0.07715838 	 Best VMSE: 0.07477185
[2020-10-21 22:25:34] esmCNN.cv17: Checkpoint saved to experiments/normal/ar1/esmCNN_random_ar1_h6
[2020-10-21 22:25:34] esmCNN.cv17: Find channel with Kernel size: 3 	 Lambda: 0.5: 	 Best Score: 0.0614
[2020-10-21 22:25:34] esmCNN.cv17: Channel size: 14 	 Kernel size: 3 
Training MSE: 0.06136419 	 Validating MSE: 0.07626888 	 Best VMSE: 0.07477185
[2020-10-21 22:25:34] esmCNN.cv17: Checkpoint saved to experiments/normal/ar1/esmCNN_random_ar1_h6
[2020-10-21 22:25:34] esmCNN.cv17: Find channel with Kernel size: 5 	 Lambda: 0.5: 	 Best Score: 0.0614
[2020-10-21 22:25:34] esmCNN.cv17: Channel size: 15 	 Kernel size: 5 
Training MSE: 0.06135948 	 Validating MSE: 0.07725421 	 Best VMSE: 0.07477185
[2020-10-21 22:25:34] esmCNN.cv17: Checkpoint saved to experiments/normal/ar1/esmCNN_random_ar1_h6
[2020-10-21 22:25:34] esmCNN.cv17: Find channel with Kernel size: 5 	 Lambda: 0.5: 	 Best Score: 0.0613
[2020-10-21 22:25:34] esmCNN.cv17: Channel size: 16 	 Kernel size: 5 
Training MSE: 0.06134480 	 Validating MSE: 0.07823911 	 Best VMSE: 0.07477185
[2020-10-21 22:25:34] esmCNN.cv17: Checkpoint saved to experiments/normal/ar1/esmCNN_random_ar1_h6
[2020-10-21 22:25:34] esmCNN.cv17: Find channel with Kernel size: 5 	 Lambda: 0.5: 	 Best Score: 0.0613
[2020-10-21 22:25:34] esmCNN.cv17: Channel size: 17 	 Kernel size: 5 
Training MSE: 0.06132278 	 Validating MSE: 0.07652721 	 Best VMSE: 0.07477185
[2020-10-21 22:25:34] esmCNN.cv17: Checkpoint saved to experiments/normal/ar1/esmCNN_random_ar1_h6
[2020-10-21 22:25:34] esmCNN.cv17: Find channel with Kernel size: 3 	 Lambda: 0.5: 	 Best Score: 0.0613
[2020-10-21 22:25:34] esmCNN.cv17: Channel size: 18 	 Kernel size: 3 
Training MSE: 0.06131666 	 Validating MSE: 0.07749610 	 Best VMSE: 0.07477185
[2020-10-21 22:25:34] esmCNN.cv17: Checkpoint saved to experiments/normal/ar1/esmCNN_random_ar1_h6
[2020-10-21 22:25:34] esmCNN.cv17: Find channel with Kernel size: 3 	 Lambda: 0.5: 	 Best Score: 0.0613
[2020-10-21 22:25:34] esmCNN.cv17: Channel size: 19 	 Kernel size: 3 
Training MSE: 0.06130946 	 Validating MSE: 0.07661967 	 Best VMSE: 0.07477185
[2020-10-21 22:25:34] esmCNN.cv17: Checkpoint saved to experiments/normal/ar1/esmCNN_random_ar1_h6
[2020-10-21 22:25:34] esmCNN.cv17: Find channel with Kernel size: 3 	 Lambda: 0.5: 	 Best Score: 0.0612
[2020-10-21 22:25:34] esmCNN.cv17: Channel size: 20 	 Kernel size: 3 
Training MSE: 0.06123172 	 Validating MSE: 0.08016811 	 Best VMSE: 0.07477185
[2020-10-21 22:25:34] esmCNN.cv17: Checkpoint saved to experiments/normal/ar1/esmCNN_random_ar1_h6
[2020-10-21 22:25:34] esmCNN.cv17: Find channel with Kernel size: 3 	 Lambda: 0.5: 	 Best Score: 0.0612
[2020-10-21 22:25:34] esmCNN.cv17: Channel size: 21 	 Kernel size: 3 
Training MSE: 0.06115566 	 Validating MSE: 0.07701708 	 Best VMSE: 0.07477185
[2020-10-21 22:25:34] esmCNN.cv17: Checkpoint saved to experiments/normal/ar1/esmCNN_random_ar1_h6
[2020-10-21 22:25:34] esmCNN.cv17: Find channel with Kernel size: 3 	 Lambda: 0.5: 	 Best Score: 0.0611
[2020-10-21 22:25:34] esmCNN.cv17: Channel size: 22 	 Kernel size: 3 
Training MSE: 0.06113523 	 Validating MSE: 0.07879254 	 Best VMSE: 0.07477185
[2020-10-21 22:25:34] esmCNN.cv17: Checkpoint saved to experiments/normal/ar1/esmCNN_random_ar1_h6
[2020-10-21 22:25:34] esmCNN.cv17: Find channel with Kernel size: 2 	 Lambda: 0.5: 	 Best Score: 0.0611
[2020-10-21 22:25:34] esmCNN.cv17: Channel size: 23 	 Kernel size: 2 
Training MSE: 0.06111214 	 Validating MSE: 0.07721565 	 Best VMSE: 0.07477185
[2020-10-21 22:25:34] esmCNN.cv17: Checkpoint saved to experiments/normal/ar1/esmCNN_random_ar1_h6
[2020-10-21 22:25:34] esmCNN.cv17: Find channel with Kernel size: 3 	 Lambda: 0.5: 	 Best Score: 0.0611
[2020-10-21 22:25:34] esmCNN.cv17: Channel size: 24 	 Kernel size: 3 
Training MSE: 0.06109172 	 Validating MSE: 0.07901847 	 Best VMSE: 0.07477185
[2020-10-21 22:25:34] esmCNN.cv17: Checkpoint saved to experiments/normal/ar1/esmCNN_random_ar1_h6
[2020-10-21 22:25:35] esmCNN.cv17: Find channel with Kernel size: 3 	 Lambda: 0.5: 	 Best Score: 0.0611
[2020-10-21 22:25:35] esmCNN.cv17: Channel size: 25 	 Kernel size: 3 
Training MSE: 0.06108459 	 Validating MSE: 0.07794116 	 Best VMSE: 0.07477185
[2020-10-21 22:25:35] esmCNN.cv17: Checkpoint saved to experiments/normal/ar1/esmCNN_random_ar1_h6
[2020-10-21 22:25:35] esmCNN.cv17: Find channel with Kernel size: 2 	 Lambda: 0.5: 	 Best Score: 0.0611
[2020-10-21 22:25:35] esmCNN.cv17: Channel size: 26 	 Kernel size: 2 
Training MSE: 0.06108083 	 Validating MSE: 0.07730997 	 Best VMSE: 0.07477185
[2020-10-21 22:25:35] esmCNN.cv17: Checkpoint saved to experiments/normal/ar1/esmCNN_random_ar1_h6
[2020-10-21 22:25:35] esmCNN.cv17: Find channel with Kernel size: 3 	 Lambda: 0.5: 	 Best Score: 0.0611
[2020-10-21 22:25:35] esmCNN.cv17: Channel size: 27 	 Kernel size: 3 
Training MSE: 0.06106941 	 Validating MSE: 0.07856930 	 Best VMSE: 0.07477185
[2020-10-21 22:25:35] esmCNN.cv17: Checkpoint saved to experiments/normal/ar1/esmCNN_random_ar1_h6
[2020-10-21 22:25:35] esmCNN.cv17: Find channel with Kernel size: 3 	 Lambda: 0.5: 	 Best Score: 0.0611
[2020-10-21 22:25:35] esmCNN.cv17: Channel size: 28 	 Kernel size: 3 
Training MSE: 0.06106343 	 Validating MSE: 0.07750489 	 Best VMSE: 0.07477185
[2020-10-21 22:25:35] esmCNN.cv17: Checkpoint saved to experiments/normal/ar1/esmCNN_random_ar1_h6
[2020-10-21 22:25:35] esmCNN.cv17: Find channel with Kernel size: 3 	 Lambda: 0.5: 	 Best Score: 0.0611
[2020-10-21 22:25:35] esmCNN.cv17: Channel size: 29 	 Kernel size: 3 
Training MSE: 0.06105978 	 Validating MSE: 0.07848730 	 Best VMSE: 0.07477185
[2020-10-21 22:25:35] esmCNN.cv17: Checkpoint saved to experiments/normal/ar1/esmCNN_random_ar1_h6
[2020-10-21 22:25:35] esmCNN.cv17: Find channel with Kernel size: 3 	 Lambda: 0.5: 	 Best Score: 0.0611
[2020-10-21 22:25:35] esmCNN.cv17: Channel size: 30 	 Kernel size: 3 
Training MSE: 0.06105132 	 Validating MSE: 0.07743904 	 Best VMSE: 0.07477185
[2020-10-21 22:25:35] esmCNN.cv17: Checkpoint saved to experiments/normal/ar1/esmCNN_random_ar1_h6
[2020-10-21 22:25:35] esmCNN.cv17: Find channel with Kernel size: 5 	 Lambda: 0.5: 	 Best Score: 0.0610
[2020-10-21 22:25:35] esmCNN.cv17: Channel size: 31 	 Kernel size: 5 
Training MSE: 0.06100949 	 Validating MSE: 0.08089434 	 Best VMSE: 0.07477185
[2020-10-21 22:25:35] esmCNN.cv17: Checkpoint saved to experiments/normal/ar1/esmCNN_random_ar1_h6
[2020-10-21 22:25:35] esmCNN.cv17: Find channel with Kernel size: 3 	 Lambda: 0.5: 	 Best Score: 0.0610
[2020-10-21 22:25:35] esmCNN.cv17: Channel size: 32 	 Kernel size: 3 
Training MSE: 0.06097657 	 Validating MSE: 0.07799055 	 Best VMSE: 0.07477185
[2020-10-21 22:25:35] esmCNN.cv17: Checkpoint saved to experiments/normal/ar1/esmCNN_random_ar1_h6
[2020-10-21 22:25:35] esmCNN.cv17: Find channel with Kernel size: 3 	 Lambda: 0.5: 	 Best Score: 0.0609
[2020-10-21 22:25:35] esmCNN.cv17: Channel size: 33 	 Kernel size: 3 
Training MSE: 0.06094624 	 Validating MSE: 0.08051702 	 Best VMSE: 0.07477185
[2020-10-21 22:25:35] esmCNN.cv17: Checkpoint saved to experiments/normal/ar1/esmCNN_random_ar1_h6
[2020-10-21 22:25:35] esmCNN.cv17: Find channel with Kernel size: 2 	 Lambda: 0.5: 	 Best Score: 0.0609
[2020-10-21 22:25:35] esmCNN.cv17: Channel size: 34 	 Kernel size: 2 
Training MSE: 0.06090638 	 Validating MSE: 0.07849899 	 Best VMSE: 0.07477185
[2020-10-21 22:25:35] esmCNN.cv17: Checkpoint saved to experiments/normal/ar1/esmCNN_random_ar1_h6
[2020-10-21 22:25:35] esmCNN.cv17: Find channel with Kernel size: 3 	 Lambda: 0.5: 	 Best Score: 0.0609
[2020-10-21 22:25:35] esmCNN.cv17: Channel size: 35 	 Kernel size: 3 
Training MSE: 0.06090157 	 Validating MSE: 0.07926343 	 Best VMSE: 0.07477185
[2020-10-21 22:25:35] esmCNN.cv17: Checkpoint saved to experiments/normal/ar1/esmCNN_random_ar1_h6
[2020-10-21 22:25:35] esmCNN.cv17: Find channel with Kernel size: 3 	 Lambda: 0.5: 	 Best Score: 0.0609
[2020-10-21 22:25:35] esmCNN.cv17: Channel size: 36 	 Kernel size: 3 
Training MSE: 0.06089816 	 Validating MSE: 0.07854074 	 Best VMSE: 0.07477185
[2020-10-21 22:25:35] esmCNN.cv17: Checkpoint saved to experiments/normal/ar1/esmCNN_random_ar1_h6
[2020-10-21 22:25:35] esmCNN.cv17: Find channel with Kernel size: 3 	 Lambda: 0.5: 	 Best Score: 0.0609
[2020-10-21 22:25:35] esmCNN.cv17: Channel size: 37 	 Kernel size: 3 
Training MSE: 0.06088600 	 Validating MSE: 0.07986556 	 Best VMSE: 0.07477185
[2020-10-21 22:25:35] esmCNN.cv17: Checkpoint saved to experiments/normal/ar1/esmCNN_random_ar1_h6
[2020-10-21 22:25:36] esmCNN.cv17: Find channel with Kernel size: 5 	 Lambda: 0.5: 	 Best Score: 0.0609
[2020-10-21 22:25:36] esmCNN.cv17: Channel size: 38 	 Kernel size: 5 
Training MSE: 0.06086058 	 Validating MSE: 0.08162790 	 Best VMSE: 0.07477185
[2020-10-21 22:25:36] esmCNN.cv17: Checkpoint saved to experiments/normal/ar1/esmCNN_random_ar1_h6
[2020-10-21 22:25:36] esmCNN.cv17: Find channel with Kernel size: 2 	 Lambda: 0.5: 	 Best Score: 0.0608
[2020-10-21 22:25:36] esmCNN.cv17: Channel size: 39 	 Kernel size: 2 
Training MSE: 0.06081264 	 Validating MSE: 0.07859260 	 Best VMSE: 0.07477185
[2020-10-21 22:25:36] esmCNN.cv17: Checkpoint saved to experiments/normal/ar1/esmCNN_random_ar1_h6
[2020-10-21 22:25:36] esmCNN.cv17: Find channel with Kernel size: 5 	 Lambda: 0.5: 	 Best Score: 0.0607
[2020-10-21 22:25:36] esmCNN.cv17: Channel size: 40 	 Kernel size: 5 
Training MSE: 0.06066803 	 Validating MSE: 0.08456309 	 Best VMSE: 0.07477185
[2020-10-21 22:25:36] esmCNN.cv17: Checkpoint saved to experiments/normal/ar1/esmCNN_random_ar1_h6
[2020-10-21 22:25:36] esmCNN.cv17: Find channel with Kernel size: 2 	 Lambda: 0.5: 	 Best Score: 0.0605
[2020-10-21 22:25:36] esmCNN.cv17: Channel size: 41 	 Kernel size: 2 
Training MSE: 0.06052036 	 Validating MSE: 0.07980427 	 Best VMSE: 0.07477185
[2020-10-21 22:25:36] esmCNN.cv17: Checkpoint saved to experiments/normal/ar1/esmCNN_random_ar1_h6
[2020-10-21 22:25:36] esmCNN.cv17: Find channel with Kernel size: 3 	 Lambda: 0.5: 	 Best Score: 0.0605
[2020-10-21 22:25:36] esmCNN.cv17: Channel size: 42 	 Kernel size: 3 
Training MSE: 0.06046802 	 Validating MSE: 0.08280316 	 Best VMSE: 0.07477185
[2020-10-21 22:25:36] esmCNN.cv17: Checkpoint saved to experiments/normal/ar1/esmCNN_random_ar1_h6
[2020-10-21 22:25:36] esmCNN.cv17: Find channel with Kernel size: 5 	 Lambda: 0.5: 	 Best Score: 0.0604
[2020-10-21 22:25:36] esmCNN.cv17: Channel size: 43 	 Kernel size: 5 
Training MSE: 0.06037612 	 Validating MSE: 0.08861536 	 Best VMSE: 0.07477185
[2020-10-21 22:25:36] esmCNN.cv17: Checkpoint saved to experiments/normal/ar1/esmCNN_random_ar1_h6
[2020-10-21 22:25:36] esmCNN.cv17: Find channel with Kernel size: 2 	 Lambda: 0.5: 	 Best Score: 0.0601
[2020-10-21 22:25:36] esmCNN.cv17: Channel size: 44 	 Kernel size: 2 
Training MSE: 0.06013928 	 Validating MSE: 0.08136640 	 Best VMSE: 0.07477185
[2020-10-21 22:25:36] esmCNN.cv17: Checkpoint saved to experiments/normal/ar1/esmCNN_random_ar1_h6
[2020-10-21 22:25:36] esmCNN.cv17: Find channel with Kernel size: 3 	 Lambda: 0.5: 	 Best Score: 0.0601
[2020-10-21 22:25:36] esmCNN.cv17: Channel size: 45 	 Kernel size: 3 
Training MSE: 0.06007203 	 Validating MSE: 0.08561329 	 Best VMSE: 0.07477185
[2020-10-21 22:25:36] esmCNN.cv17: Checkpoint saved to experiments/normal/ar1/esmCNN_random_ar1_h6
[2020-10-21 22:25:36] esmCNN.cv17: Find channel with Kernel size: 5 	 Lambda: 0.5: 	 Best Score: 0.0600
[2020-10-21 22:25:36] esmCNN.cv17: Channel size: 46 	 Kernel size: 5 
Training MSE: 0.06001221 	 Validating MSE: 0.08219938 	 Best VMSE: 0.07477185
[2020-10-21 22:25:36] esmCNN.cv17: Checkpoint saved to experiments/normal/ar1/esmCNN_random_ar1_h6
[2020-10-21 22:25:36] esmCNN.cv17: Find channel with Kernel size: 3 	 Lambda: 0.5: 	 Best Score: 0.0600
[2020-10-21 22:25:36] esmCNN.cv17: Channel size: 47 	 Kernel size: 3 
Training MSE: 0.06000146 	 Validating MSE: 0.08369656 	 Best VMSE: 0.07477185
[2020-10-21 22:25:36] esmCNN.cv17: Checkpoint saved to experiments/normal/ar1/esmCNN_random_ar1_h6
[2020-10-21 22:25:36] esmCNN.cv17: Find channel with Kernel size: 5 	 Lambda: 0.5: 	 Best Score: 0.0600
[2020-10-21 22:25:36] esmCNN.cv17: Channel size: 48 	 Kernel size: 5 
Training MSE: 0.05999017 	 Validating MSE: 0.08209847 	 Best VMSE: 0.07477185
[2020-10-21 22:25:36] esmCNN.cv17: Checkpoint saved to experiments/normal/ar1/esmCNN_random_ar1_h6
[2020-10-21 22:25:37] esmCNN.cv17: Find channel with Kernel size: 5 	 Lambda: 0.5: 	 Best Score: 0.0600
[2020-10-21 22:25:37] esmCNN.cv17: Channel size: 49 	 Kernel size: 5 
Training MSE: 0.05998624 	 Validating MSE: 0.08290781 	 Best VMSE: 0.07477185
[2020-10-21 22:25:37] esmCNN.cv17: Checkpoint saved to experiments/normal/ar1/esmCNN_random_ar1_h6
[2020-10-21 22:25:37] esmCNN.cv17: Find channel with Kernel size: 5 	 Lambda: 0.5: 	 Best Score: 0.0600
[2020-10-21 22:25:37] esmCNN.cv17: Channel size: 50 	 Kernel size: 5 
Training MSE: 0.05996768 	 Validating MSE: 0.08470812 	 Best VMSE: 0.07477185
[2020-10-21 22:25:37] esmCNN.cv17: Checkpoint saved to experiments/normal/ar1/esmCNN_random_ar1_h6
[2020-10-21 22:25:37] esmCNN.cv17: Find channel with Kernel size: 3 	 Lambda: 0.5: 	 Best Score: 0.0600
[2020-10-21 22:25:37] esmCNN.cv17: Channel size: 51 	 Kernel size: 3 
Training MSE: 0.05995081 	 Validating MSE: 0.08266304 	 Best VMSE: 0.07477185
[2020-10-21 22:25:37] esmCNN.cv17: Checkpoint saved to experiments/normal/ar1/esmCNN_random_ar1_h6
[2020-10-21 22:25:37] esmCNN.cv17: Find channel with Kernel size: 3 	 Lambda: 0.5: 	 Best Score: 0.0599
[2020-10-21 22:25:37] esmCNN.cv17: Channel size: 52 	 Kernel size: 3 
Training MSE: 0.05994920 	 Validating MSE: 0.08329365 	 Best VMSE: 0.07477185
[2020-10-21 22:25:37] esmCNN.cv17: Checkpoint saved to experiments/normal/ar1/esmCNN_random_ar1_h6
[2020-10-21 22:25:37] esmCNN.cv17: Find channel with Kernel size: 3 	 Lambda: 0.5: 	 Best Score: 0.0599
[2020-10-21 22:25:37] esmCNN.cv17: Channel size: 53 	 Kernel size: 3 
Training MSE: 0.05994414 	 Validating MSE: 0.08231837 	 Best VMSE: 0.07477185
[2020-10-21 22:25:37] esmCNN.cv17: Checkpoint saved to experiments/normal/ar1/esmCNN_random_ar1_h6
[2020-10-21 22:25:37] esmCNN.cv17: Find channel with Kernel size: 5 	 Lambda: 0.5: 	 Best Score: 0.0599
[2020-10-21 22:25:37] esmCNN.cv17: Channel size: 54 	 Kernel size: 5 
Training MSE: 0.05994047 	 Validating MSE: 0.08319597 	 Best VMSE: 0.07477185
[2020-10-21 22:25:37] esmCNN.cv17: Checkpoint saved to experiments/normal/ar1/esmCNN_random_ar1_h6
[2020-10-21 22:25:37] esmCNN.cv17: Find channel with Kernel size: 3 	 Lambda: 0.5: 	 Best Score: 0.0599
[2020-10-21 22:25:37] esmCNN.cv17: Channel size: 55 	 Kernel size: 3 
Training MSE: 0.05993880 	 Validating MSE: 0.08261895 	 Best VMSE: 0.07477185
[2020-10-21 22:25:37] esmCNN.cv17: Checkpoint saved to experiments/normal/ar1/esmCNN_random_ar1_h6
[2020-10-21 22:25:37] esmCNN.cv17: Find channel with Kernel size: 5 	 Lambda: 0.5: 	 Best Score: 0.0599
[2020-10-21 22:25:37] esmCNN.cv17: Channel size: 56 	 Kernel size: 5 
Training MSE: 0.05993615 	 Validating MSE: 0.08328062 	 Best VMSE: 0.07477185
[2020-10-21 22:25:37] esmCNN.cv17: Checkpoint saved to experiments/normal/ar1/esmCNN_random_ar1_h6
[2020-10-21 22:25:37] esmCNN.cv17: Find channel with Kernel size: 5 	 Lambda: 0.5: 	 Best Score: 0.0599
[2020-10-21 22:25:37] esmCNN.cv17: Channel size: 57 	 Kernel size: 5 
Training MSE: 0.05991526 	 Validating MSE: 0.08572101 	 Best VMSE: 0.07477185
[2020-10-21 22:25:37] esmCNN.cv17: Checkpoint saved to experiments/normal/ar1/esmCNN_random_ar1_h6
[2020-10-21 22:25:37] esmCNN.cv17: Find channel with Kernel size: 3 	 Lambda: 0.5: 	 Best Score: 0.0599
[2020-10-21 22:25:37] esmCNN.cv17: Channel size: 58 	 Kernel size: 3 
Training MSE: 0.05988724 	 Validating MSE: 0.08301336 	 Best VMSE: 0.07477185
[2020-10-21 22:25:37] esmCNN.cv17: Checkpoint saved to experiments/normal/ar1/esmCNN_random_ar1_h6
[2020-10-21 22:25:38] esmCNN.cv17: Find channel with Kernel size: 5 	 Lambda: 0.5: 	 Best Score: 0.0599
[2020-10-21 22:25:38] esmCNN.cv17: Channel size: 59 	 Kernel size: 5 
Training MSE: 0.05987185 	 Validating MSE: 0.08516300 	 Best VMSE: 0.07477185
[2020-10-21 22:25:38] esmCNN.cv17: Checkpoint saved to experiments/normal/ar1/esmCNN_random_ar1_h6
[2020-10-21 22:25:38] esmCNN.cv17: Find channel with Kernel size: 3 	 Lambda: 0.5: 	 Best Score: 0.0598
[2020-10-21 22:25:38] esmCNN.cv17: Channel size: 60 	 Kernel size: 3 
Training MSE: 0.05984532 	 Validating MSE: 0.08281291 	 Best VMSE: 0.07477185
[2020-10-21 22:25:38] esmCNN.cv17: Checkpoint saved to experiments/normal/ar1/esmCNN_random_ar1_h6
[2020-10-21 22:25:38] esmCNN.cv17: Find channel with Kernel size: 5 	 Lambda: 0.5: 	 Best Score: 0.0598
[2020-10-21 22:25:38] esmCNN.cv17: Channel size: 61 	 Kernel size: 5 
Training MSE: 0.05983867 	 Validating MSE: 0.08438077 	 Best VMSE: 0.07477185
[2020-10-21 22:25:38] esmCNN.cv17: Checkpoint saved to experiments/normal/ar1/esmCNN_random_ar1_h6
[2020-10-21 22:25:38] esmCNN.cv17: Find channel with Kernel size: 3 	 Lambda: 0.5: 	 Best Score: 0.0598
[2020-10-21 22:25:38] esmCNN.cv17: Channel size: 62 	 Kernel size: 3 
Training MSE: 0.05981947 	 Validating MSE: 0.08603448 	 Best VMSE: 0.07477185
[2020-10-21 22:25:38] esmCNN.cv17: Checkpoint saved to experiments/normal/ar1/esmCNN_random_ar1_h6
[2020-10-21 22:25:38] esmCNN.cv17: Find channel with Kernel size: 5 	 Lambda: 0.5: 	 Best Score: 0.0598
[2020-10-21 22:25:38] esmCNN.cv17: Channel size: 63 	 Kernel size: 5 
Training MSE: 0.05979339 	 Validating MSE: 0.08408203 	 Best VMSE: 0.07477185
[2020-10-21 22:25:38] esmCNN.cv17: Checkpoint saved to experiments/normal/ar1/esmCNN_random_ar1_h6
[2020-10-21 22:25:38] esmCNN.cv17: Find channel with Kernel size: 2 	 Lambda: 0.5: 	 Best Score: 0.0598
[2020-10-21 22:25:38] esmCNN.cv17: Channel size: 64 	 Kernel size: 2 
Training MSE: 0.05978809 	 Validating MSE: 0.08382897 	 Best VMSE: 0.07477185
[2020-10-21 22:25:38] esmCNN.cv17: Checkpoint saved to experiments/normal/ar1/esmCNN_random_ar1_h6
[2020-10-21 22:25:38] esmCNN.cv17: Find channel with Kernel size: 2 	 Lambda: 0.5: 	 Best Score: 0.0598
[2020-10-21 22:25:38] esmCNN.cv17: Channel size: 65 	 Kernel size: 2 
Training MSE: 0.05978590 	 Validating MSE: 0.08440278 	 Best VMSE: 0.07477185
[2020-10-21 22:25:38] esmCNN.cv17: Checkpoint saved to experiments/normal/ar1/esmCNN_random_ar1_h6
[2020-10-21 22:25:38] esmCNN.cv17: Find channel with Kernel size: 3 	 Lambda: 0.5: 	 Best Score: 0.0598
[2020-10-21 22:25:38] esmCNN.cv17: Channel size: 66 	 Kernel size: 3 
Training MSE: 0.05978241 	 Validating MSE: 0.08350946 	 Best VMSE: 0.07477185
[2020-10-21 22:25:38] esmCNN.cv17: Checkpoint saved to experiments/normal/ar1/esmCNN_random_ar1_h6
[2020-10-21 22:25:38] esmCNN.cv17: Find channel with Kernel size: 5 	 Lambda: 0.5: 	 Best Score: 0.0598
[2020-10-21 22:25:38] esmCNN.cv17: Channel size: 67 	 Kernel size: 5 
Training MSE: 0.05976304 	 Validating MSE: 0.08574804 	 Best VMSE: 0.07477185
[2020-10-21 22:25:38] esmCNN.cv17: Checkpoint saved to experiments/normal/ar1/esmCNN_random_ar1_h6
[2020-10-21 22:25:39] esmCNN.cv17: Find channel with Kernel size: 3 	 Lambda: 0.5: 	 Best Score: 0.0597
[2020-10-21 22:25:39] esmCNN.cv17: Channel size: 68 	 Kernel size: 3 
Training MSE: 0.05974992 	 Validating MSE: 0.08441214 	 Best VMSE: 0.07477185
[2020-10-21 22:25:39] esmCNN.cv17: Checkpoint saved to experiments/normal/ar1/esmCNN_random_ar1_h6
[2020-10-21 22:25:39] esmCNN.cv17: Find channel with Kernel size: 3 	 Lambda: 0.5: 	 Best Score: 0.0597
[2020-10-21 22:25:39] esmCNN.cv17: Channel size: 69 	 Kernel size: 3 
Training MSE: 0.05965424 	 Validating MSE: 0.08945815 	 Best VMSE: 0.07477185
[2020-10-21 22:25:39] esmCNN.cv17: Checkpoint saved to experiments/normal/ar1/esmCNN_random_ar1_h6
[2020-10-21 22:25:39] esmCNN.cv17: Find channel with Kernel size: 3 	 Lambda: 0.5: 	 Best Score: 0.0596
[2020-10-21 22:25:39] esmCNN.cv17: Channel size: 70 	 Kernel size: 3 
Training MSE: 0.05956769 	 Validating MSE: 0.08467415 	 Best VMSE: 0.07477185
[2020-10-21 22:25:39] esmCNN.cv17: Checkpoint saved to experiments/normal/ar1/esmCNN_random_ar1_h6
[2020-10-21 22:25:39] esmCNN.cv17: Find channel with Kernel size: 3 	 Lambda: 0.5: 	 Best Score: 0.0596
[2020-10-21 22:25:39] esmCNN.cv17: Channel size: 71 	 Kernel size: 3 
Training MSE: 0.05956042 	 Validating MSE: 0.08617695 	 Best VMSE: 0.07477185
[2020-10-21 22:25:39] esmCNN.cv17: Checkpoint saved to experiments/normal/ar1/esmCNN_random_ar1_h6
[2020-10-21 22:25:39] esmCNN.cv17: Find channel with Kernel size: 3 	 Lambda: 0.5: 	 Best Score: 0.0596
[2020-10-21 22:25:39] esmCNN.cv17: Channel size: 72 	 Kernel size: 3 
Training MSE: 0.05955224 	 Validating MSE: 0.08476073 	 Best VMSE: 0.07477185
[2020-10-21 22:25:39] esmCNN.cv17: Checkpoint saved to experiments/normal/ar1/esmCNN_random_ar1_h6
[2020-10-21 22:25:39] esmCNN.cv17: Find channel with Kernel size: 2 	 Lambda: 0.5: 	 Best Score: 0.0595
[2020-10-21 22:25:39] esmCNN.cv17: Channel size: 73 	 Kernel size: 2 
Training MSE: 0.05953549 	 Validating MSE: 0.08700110 	 Best VMSE: 0.07477185
[2020-10-21 22:25:39] esmCNN.cv17: Checkpoint saved to experiments/normal/ar1/esmCNN_random_ar1_h6
[2020-10-21 22:25:39] esmCNN.cv17: Find channel with Kernel size: 3 	 Lambda: 0.5: 	 Best Score: 0.0595
[2020-10-21 22:25:39] esmCNN.cv17: Channel size: 74 	 Kernel size: 3 
Training MSE: 0.05951852 	 Validating MSE: 0.08470508 	 Best VMSE: 0.07477185
[2020-10-21 22:25:39] esmCNN.cv17: Checkpoint saved to experiments/normal/ar1/esmCNN_random_ar1_h6
[2020-10-21 22:25:39] esmCNN.cv17: Find channel with Kernel size: 3 	 Lambda: 0.5: 	 Best Score: 0.0595
[2020-10-21 22:25:39] esmCNN.cv17: Channel size: 75 	 Kernel size: 3 
Training MSE: 0.05951427 	 Validating MSE: 0.08601575 	 Best VMSE: 0.07477185
[2020-10-21 22:25:39] esmCNN.cv17: Checkpoint saved to experiments/normal/ar1/esmCNN_random_ar1_h6
[2020-10-21 22:25:39] esmCNN.cv17: Find channel with Kernel size: 2 	 Lambda: 0.5: 	 Best Score: 0.0595
[2020-10-21 22:25:40] esmCNN.cv17: Channel size: 76 	 Kernel size: 2 
Training MSE: 0.05950125 	 Validating MSE: 0.08796583 	 Best VMSE: 0.07477185
[2020-10-21 22:25:40] esmCNN.cv17: Checkpoint saved to experiments/normal/ar1/esmCNN_random_ar1_h6
[2020-10-21 22:25:40] esmCNN.cv17: Find channel with Kernel size: 2 	 Lambda: 0.5: 	 Best Score: 0.0595
[2020-10-21 22:25:40] esmCNN.cv17: Channel size: 77 	 Kernel size: 2 
Training MSE: 0.05947184 	 Validating MSE: 0.08536895 	 Best VMSE: 0.07477185
[2020-10-21 22:25:40] esmCNN.cv17: Checkpoint saved to experiments/normal/ar1/esmCNN_random_ar1_h6
[2020-10-21 22:25:40] esmCNN.cv17: Find channel with Kernel size: 3 	 Lambda: 0.5: 	 Best Score: 0.0595
[2020-10-21 22:25:40] esmCNN.cv17: Channel size: 78 	 Kernel size: 3 
Training MSE: 0.05947082 	 Validating MSE: 0.08510464 	 Best VMSE: 0.07477185
[2020-10-21 22:25:40] esmCNN.cv17: Checkpoint saved to experiments/normal/ar1/esmCNN_random_ar1_h6
[2020-10-21 22:25:40] esmCNN.cv17: Find channel with Kernel size: 3 	 Lambda: 0.5: 	 Best Score: 0.0595
[2020-10-21 22:25:40] esmCNN.cv17: Channel size: 79 	 Kernel size: 3 
Training MSE: 0.05946133 	 Validating MSE: 0.08681006 	 Best VMSE: 0.07477185
[2020-10-21 22:25:40] esmCNN.cv17: Checkpoint saved to experiments/normal/ar1/esmCNN_random_ar1_h6
[2020-10-21 22:25:40] esmCNN.cv17: Find channel with Kernel size: 5 	 Lambda: 0.5: 	 Best Score: 0.0594
[2020-10-21 22:25:40] esmCNN.cv17: Channel size: 80 	 Kernel size: 5 
Training MSE: 0.05943151 	 Validating MSE: 0.08997583 	 Best VMSE: 0.07477185
[2020-10-21 22:25:40] esmCNN.cv17: Checkpoint saved to experiments/normal/ar1/esmCNN_random_ar1_h6
[2020-10-21 22:25:40] esmCNN.cv17: Find channel with Kernel size: 3 	 Lambda: 0.5: 	 Best Score: 0.0594
[2020-10-21 22:25:40] esmCNN.cv17: Channel size: 81 	 Kernel size: 3 
Training MSE: 0.05936246 	 Validating MSE: 0.08572080 	 Best VMSE: 0.07477185
[2020-10-21 22:25:40] esmCNN.cv17: Checkpoint saved to experiments/normal/ar1/esmCNN_random_ar1_h6
[2020-10-21 22:25:40] esmCNN.cv17: Find channel with Kernel size: 5 	 Lambda: 0.5: 	 Best Score: 0.0593
[2020-10-21 22:25:40] esmCNN.cv17: Channel size: 82 	 Kernel size: 5 
Training MSE: 0.05934020 	 Validating MSE: 0.08836436 	 Best VMSE: 0.07477185
[2020-10-21 22:25:40] esmCNN.cv17: Checkpoint saved to experiments/normal/ar1/esmCNN_random_ar1_h6
[2020-10-21 22:25:40] esmCNN.cv17: Find channel with Kernel size: 5 	 Lambda: 0.5: 	 Best Score: 0.0593
[2020-10-21 22:25:40] esmCNN.cv17: Channel size: 83 	 Kernel size: 5 
Training MSE: 0.05931588 	 Validating MSE: 0.08606958 	 Best VMSE: 0.07477185
[2020-10-21 22:25:40] esmCNN.cv17: Checkpoint saved to experiments/normal/ar1/esmCNN_random_ar1_h6
[2020-10-21 22:25:41] esmCNN.cv17: Find channel with Kernel size: 5 	 Lambda: 0.5: 	 Best Score: 0.0593
[2020-10-21 22:25:41] esmCNN.cv17: Channel size: 84 	 Kernel size: 5 
Training MSE: 0.05929241 	 Validating MSE: 0.08923286 	 Best VMSE: 0.07477185
[2020-10-21 22:25:41] esmCNN.cv17: Checkpoint saved to experiments/normal/ar1/esmCNN_random_ar1_h6
[2020-10-21 22:25:41] esmCNN.cv17: Find channel with Kernel size: 3 	 Lambda: 0.5: 	 Best Score: 0.0593
[2020-10-21 22:25:41] esmCNN.cv17: Channel size: 85 	 Kernel size: 3 
Training MSE: 0.05927522 	 Validating MSE: 0.08691391 	 Best VMSE: 0.07477185
[2020-10-21 22:25:41] esmCNN.cv17: Checkpoint saved to experiments/normal/ar1/esmCNN_random_ar1_h6
[2020-10-21 22:25:41] esmCNN.cv17: Find channel with Kernel size: 5 	 Lambda: 0.5: 	 Best Score: 0.0593
[2020-10-21 22:25:41] esmCNN.cv17: Channel size: 86 	 Kernel size: 5 
Training MSE: 0.05926898 	 Validating MSE: 0.08843701 	 Best VMSE: 0.07477185
[2020-10-21 22:25:41] esmCNN.cv17: Checkpoint saved to experiments/normal/ar1/esmCNN_random_ar1_h6
[2020-10-21 22:25:41] esmCNN.cv17: Find channel with Kernel size: 2 	 Lambda: 0.5: 	 Best Score: 0.0593
[2020-10-21 22:25:41] esmCNN.cv17: Channel size: 87 	 Kernel size: 2 
Training MSE: 0.05926018 	 Validating MSE: 0.08674622 	 Best VMSE: 0.07477185
[2020-10-21 22:25:41] esmCNN.cv17: Checkpoint saved to experiments/normal/ar1/esmCNN_random_ar1_h6
[2020-10-21 22:25:41] esmCNN.cv17: Find channel with Kernel size: 3 	 Lambda: 0.5: 	 Best Score: 0.0592
[2020-10-21 22:25:41] esmCNN.cv17: Channel size: 88 	 Kernel size: 3 
Training MSE: 0.05922580 	 Validating MSE: 0.09048952 	 Best VMSE: 0.07477185
[2020-10-21 22:25:41] esmCNN.cv17: Checkpoint saved to experiments/normal/ar1/esmCNN_random_ar1_h6
[2020-10-21 22:25:41] esmCNN.cv17: Find channel with Kernel size: 3 	 Lambda: 0.5: 	 Best Score: 0.0592
[2020-10-21 22:25:41] esmCNN.cv17: Channel size: 89 	 Kernel size: 3 
Training MSE: 0.05920045 	 Validating MSE: 0.08769368 	 Best VMSE: 0.07477185
[2020-10-21 22:25:41] esmCNN.cv17: Checkpoint saved to experiments/normal/ar1/esmCNN_random_ar1_h6
[2020-10-21 22:25:41] esmCNN.cv17: Find channel with Kernel size: 3 	 Lambda: 0.5: 	 Best Score: 0.0592
[2020-10-21 22:25:41] esmCNN.cv17: Channel size: 90 	 Kernel size: 3 
Training MSE: 0.05919889 	 Validating MSE: 0.08746711 	 Best VMSE: 0.07477185
[2020-10-21 22:25:41] esmCNN.cv17: Checkpoint saved to experiments/normal/ar1/esmCNN_random_ar1_h6
[2020-10-21 22:25:41] esmCNN.cv17: Find channel with Kernel size: 2 	 Lambda: 0.5: 	 Best Score: 0.0592
[2020-10-21 22:25:42] esmCNN.cv17: Channel size: 91 	 Kernel size: 2 
Training MSE: 0.05919442 	 Validating MSE: 0.08863333 	 Best VMSE: 0.07477185
[2020-10-21 22:25:42] esmCNN.cv17: Checkpoint saved to experiments/normal/ar1/esmCNN_random_ar1_h6
[2020-10-21 22:25:42] esmCNN.cv17: Find channel with Kernel size: 5 	 Lambda: 0.5: 	 Best Score: 0.0592
[2020-10-21 22:25:42] esmCNN.cv17: Channel size: 92 	 Kernel size: 5 
Training MSE: 0.05919002 	 Validating MSE: 0.08837254 	 Best VMSE: 0.07477185
[2020-10-21 22:25:42] esmCNN.cv17: Checkpoint saved to experiments/normal/ar1/esmCNN_random_ar1_h6
[2020-10-21 22:25:42] esmCNN.cv17: Find channel with Kernel size: 5 	 Lambda: 0.5: 	 Best Score: 0.0592
[2020-10-21 22:25:42] esmCNN.cv17: Channel size: 93 	 Kernel size: 5 
Training MSE: 0.05915859 	 Validating MSE: 0.09098251 	 Best VMSE: 0.07477185
[2020-10-21 22:25:42] esmCNN.cv17: Checkpoint saved to experiments/normal/ar1/esmCNN_random_ar1_h6
[2020-10-21 22:25:42] esmCNN.cv17: Find channel with Kernel size: 3 	 Lambda: 0.5: 	 Best Score: 0.0591
[2020-10-21 22:25:42] esmCNN.cv17: Channel size: 94 	 Kernel size: 3 
Training MSE: 0.05912359 	 Validating MSE: 0.08840264 	 Best VMSE: 0.07477185
[2020-10-21 22:25:42] esmCNN.cv17: Checkpoint saved to experiments/normal/ar1/esmCNN_random_ar1_h6
[2020-10-21 22:25:42] esmCNN.cv17: Find channel with Kernel size: 2 	 Lambda: 0.5: 	 Best Score: 0.0591
[2020-10-21 22:25:42] esmCNN.cv17: Channel size: 95 	 Kernel size: 2 
Training MSE: 0.05912055 	 Validating MSE: 0.08785971 	 Best VMSE: 0.07477185
[2020-10-21 22:25:42] esmCNN.cv17: Checkpoint saved to experiments/normal/ar1/esmCNN_random_ar1_h6
[2020-10-21 22:25:42] esmCNN.cv17: Find channel with Kernel size: 2 	 Lambda: 0.5: 	 Best Score: 0.0591
[2020-10-21 22:25:42] esmCNN.cv17: Channel size: 96 	 Kernel size: 2 
Training MSE: 0.05910758 	 Validating MSE: 0.08997059 	 Best VMSE: 0.07477185
[2020-10-21 22:25:42] esmCNN.cv17: Checkpoint saved to experiments/normal/ar1/esmCNN_random_ar1_h6
[2020-10-21 22:25:42] esmCNN.cv17: Find channel with Kernel size: 3 	 Lambda: 0.5: 	 Best Score: 0.0591
[2020-10-21 22:25:42] esmCNN.cv17: Channel size: 97 	 Kernel size: 3 
Training MSE: 0.05909400 	 Validating MSE: 0.08765399 	 Best VMSE: 0.07477185
[2020-10-21 22:25:42] esmCNN.cv17: Checkpoint saved to experiments/normal/ar1/esmCNN_random_ar1_h6
[2020-10-21 22:25:42] esmCNN.cv17: Find channel with Kernel size: 5 	 Lambda: 0.5: 	 Best Score: 0.0590
[2020-10-21 22:25:43] esmCNN.cv17: Channel size: 98 	 Kernel size: 5 
Training MSE: 0.05901346 	 Validating MSE: 0.09400211 	 Best VMSE: 0.07477185
[2020-10-21 22:25:43] esmCNN.cv17: Checkpoint saved to experiments/normal/ar1/esmCNN_random_ar1_h6
[2020-10-21 22:25:43] esmCNN.cv17: Find channel with Kernel size: 3 	 Lambda: 0.5: 	 Best Score: 0.0589
[2020-10-21 22:25:43] esmCNN.cv17: Channel size: 99 	 Kernel size: 3 
Training MSE: 0.05893948 	 Validating MSE: 0.08852509 	 Best VMSE: 0.07477185
[2020-10-21 22:25:43] esmCNN.cv17: Checkpoint saved to experiments/normal/ar1/esmCNN_random_ar1_h6
[2020-10-21 22:25:43] esmCNN.cv17: Find channel with Kernel size: 5 	 Lambda: 0.5: 	 Best Score: 0.0589
[2020-10-21 22:25:43] esmCNN.cv17: Channel size: 100 	 Kernel size: 5 
Training MSE: 0.05890462 	 Validating MSE: 0.09354073 	 Best VMSE: 0.07477185
[2020-10-21 22:25:43] esmCNN.cv17: Checkpoint saved to experiments/normal/ar1/esmCNN_random_ar1_h6
[2020-10-21 22:25:43] esmCNN.cv17: Restoring best parameters from experiments/normal/ar1/esmCNN_random_ar1_h6/train.cv17.pth.tar
[2020-10-21 22:25:43] esmCNN.cv17: ar1	 H: 6	 Trail: 48 
Testing RMSE: 0.3968 	 MAPE: 0.07749 	 SMAPE: 0.04092
