[2020-10-23 13:50:21] IELM.cv4: Loading the datasets and model for 16th-batch-training
[2020-10-23 13:50:21] IELM.cv4: Argument hidden_size: 100
[2020-10-23 13:50:21] IELM.cv4: Argument candidate_size: 300
[2020-10-23 13:50:21] IELM.cv4: Argument Lambdas: [0.5, 1, 5, 15, 30, 50, 100, 150, 200]
[2020-10-23 13:50:21] IELM.cv4: Argument Lambdas_std: [0.01, 0.05, 0.1, 0.5, 1]
[2020-10-23 13:50:21] IELM.cv4: Argument r: [0.8, 0.9, 0.99, 0.9999, 0.999999]
[2020-10-23 13:50:21] IELM.cv4: Argument tolerance: 0
[2020-10-23 13:50:21] IELM.cv4: Argument device: device(type='cuda')
[2020-10-23 13:50:21] IELM.cv4: Argument dataset: 'sili'
[2020-10-23 13:50:21] IELM.cv4: Argument H: 8
[2020-10-23 13:50:21] IELM.cv4: Argument k: 5
[2020-10-23 13:50:21] IELM.cv4: Argument test: False
[2020-10-23 13:50:21] IELM.cv4: Argument normal: True
[2020-10-23 13:50:21] IELM.cv4: Argument diff: False
[2020-10-23 13:50:21] IELM.cv4: Argument times: 60
[2020-10-23 13:50:21] IELM.cv4: Argument datasets: {'ar1': {'lag_order': 15, 'normal': True, 'cov_dim': 0, 'kernel_size': 3}, 'wti': {'lag_order': 25, 'normal': True, 'cov_dim': 0, 'kernel_size': 5}, 'gold': {'lag_order': 25, 'normal': True, 'cov_dim': 0, 'kernel_size': 5}, 'sp': {'lag_order': 25, 'normal': True, 'cov_dim': 0, 'kernel_size': 5}, 'brent': {'lag_order': 24, 'normal': True, 'cov_dim': 0, 'kernel_size': 6}, 'sili': {'lag_order': 26, 'normal': True, 'cov_dim': 0, 'kernel_size': 6}}
[2020-10-23 13:50:21] IELM.cv4: Argument steps: 26
[2020-10-23 13:50:21] IELM.cv4: Argument experiment: 'experiments/normal/sili'
[2020-10-23 13:50:21] IELM.cv4: Argument scaler: StandardScaler()
[2020-10-23 13:50:21] IELM.cv4: Argument model_name: 'IELM_sili_h8'
[2020-10-23 13:50:21] IELM.cv4: Argument model_dir: 'experiments/normal/sili/IELM_sili_h8'
[2020-10-23 13:50:21] IELM.cv4: Argument restore: True
[2020-10-23 13:50:21] IELM.cv4: Argument cv: 4
[2020-10-23 13:50:21] IELM.cv4: Argument plot_dir: 'experiments/normal/sili/IELM_sili_h8/figures'
[2020-10-23 13:50:21] IELM.cv4: Using Cuda...
[2020-10-23 13:50:21] IELM.cv4: Loading complete.
[2020-10-23 13:50:21] IELM.cv4: Model: 
IELM(
  (loss_fn): MSELoss()
)
[2020-10-23 13:50:21] IELM.cv4: Hidden size: 1 	 
Training MSE: 0.34162146 	 Validating MSE: 1.52494848 	 Best VMSE: 9999.00000000
[2020-10-23 13:50:21] IELM.cv4: Found new best state
[2020-10-23 13:50:21] IELM.cv4: Best vmse: 1.5249
[2020-10-23 13:50:21] IELM.cv4: Checkpoint saved to experiments/normal/sili/IELM_sili_h8
[2020-10-23 13:50:21] IELM.cv4: Hidden size: 2 	 
Training MSE: 0.33954039 	 Validating MSE: 1.48219717 	 Best VMSE: 1.52494848
[2020-10-23 13:50:21] IELM.cv4: Found new best state
[2020-10-23 13:50:21] IELM.cv4: Best vmse: 1.4822
[2020-10-23 13:50:21] IELM.cv4: Checkpoint saved to experiments/normal/sili/IELM_sili_h8
[2020-10-23 13:50:21] IELM.cv4: Hidden size: 3 	 
Training MSE: 0.33533493 	 Validating MSE: 1.56441915 	 Best VMSE: 1.48219717
[2020-10-23 13:50:21] IELM.cv4: Checkpoint saved to experiments/normal/sili/IELM_sili_h8
[2020-10-23 13:50:21] IELM.cv4: Hidden size: 4 	 
Training MSE: 0.33484897 	 Validating MSE: 1.53893268 	 Best VMSE: 1.48219717
[2020-10-23 13:50:21] IELM.cv4: Checkpoint saved to experiments/normal/sili/IELM_sili_h8
[2020-10-23 13:50:21] IELM.cv4: Hidden size: 5 	 
Training MSE: 0.32207760 	 Validating MSE: 1.45171106 	 Best VMSE: 1.48219717
[2020-10-23 13:50:21] IELM.cv4: Found new best state
[2020-10-23 13:50:21] IELM.cv4: Best vmse: 1.4517
[2020-10-23 13:50:21] IELM.cv4: Checkpoint saved to experiments/normal/sili/IELM_sili_h8
[2020-10-23 13:50:21] IELM.cv4: Hidden size: 6 	 
Training MSE: 0.31603044 	 Validating MSE: 1.57172811 	 Best VMSE: 1.45171106
[2020-10-23 13:50:21] IELM.cv4: Checkpoint saved to experiments/normal/sili/IELM_sili_h8
[2020-10-23 13:50:21] IELM.cv4: Hidden size: 7 	 
Training MSE: 0.31465840 	 Validating MSE: 1.52955139 	 Best VMSE: 1.45171106
[2020-10-23 13:50:21] IELM.cv4: Checkpoint saved to experiments/normal/sili/IELM_sili_h8
[2020-10-23 13:50:21] IELM.cv4: Hidden size: 8 	 
Training MSE: 0.31405184 	 Validating MSE: 1.54908454 	 Best VMSE: 1.45171106
[2020-10-23 13:50:21] IELM.cv4: Checkpoint saved to experiments/normal/sili/IELM_sili_h8
[2020-10-23 13:50:21] IELM.cv4: Hidden size: 9 	 
Training MSE: 0.31211665 	 Validating MSE: 1.48472118 	 Best VMSE: 1.45171106
[2020-10-23 13:50:21] IELM.cv4: Checkpoint saved to experiments/normal/sili/IELM_sili_h8
[2020-10-23 13:50:21] IELM.cv4: Hidden size: 10 	 
Training MSE: 0.31023046 	 Validating MSE: 1.52929461 	 Best VMSE: 1.45171106
[2020-10-23 13:50:21] IELM.cv4: Checkpoint saved to experiments/normal/sili/IELM_sili_h8
[2020-10-23 13:50:21] IELM.cv4: Hidden size: 11 	 
Training MSE: 0.30664441 	 Validating MSE: 1.56610918 	 Best VMSE: 1.45171106
[2020-10-23 13:50:21] IELM.cv4: Checkpoint saved to experiments/normal/sili/IELM_sili_h8
[2020-10-23 13:50:21] IELM.cv4: Hidden size: 12 	 
Training MSE: 0.29847765 	 Validating MSE: 1.48296773 	 Best VMSE: 1.45171106
[2020-10-23 13:50:21] IELM.cv4: Checkpoint saved to experiments/normal/sili/IELM_sili_h8
[2020-10-23 13:50:21] IELM.cv4: Hidden size: 13 	 
Training MSE: 0.29789189 	 Validating MSE: 1.46336114 	 Best VMSE: 1.45171106
[2020-10-23 13:50:21] IELM.cv4: Checkpoint saved to experiments/normal/sili/IELM_sili_h8
[2020-10-23 13:50:21] IELM.cv4: Hidden size: 14 	 
Training MSE: 0.29737836 	 Validating MSE: 1.47901309 	 Best VMSE: 1.45171106
[2020-10-23 13:50:21] IELM.cv4: Checkpoint saved to experiments/normal/sili/IELM_sili_h8
[2020-10-23 13:50:21] IELM.cv4: Hidden size: 15 	 
Training MSE: 0.29720393 	 Validating MSE: 1.49501097 	 Best VMSE: 1.45171106
[2020-10-23 13:50:21] IELM.cv4: Checkpoint saved to experiments/normal/sili/IELM_sili_h8
[2020-10-23 13:50:21] IELM.cv4: Hidden size: 16 	 
Training MSE: 0.29469919 	 Validating MSE: 1.42842352 	 Best VMSE: 1.45171106
[2020-10-23 13:50:21] IELM.cv4: Found new best state
[2020-10-23 13:50:21] IELM.cv4: Best vmse: 1.4284
[2020-10-23 13:50:21] IELM.cv4: Checkpoint saved to experiments/normal/sili/IELM_sili_h8
[2020-10-23 13:50:21] IELM.cv4: Hidden size: 17 	 
Training MSE: 0.29421183 	 Validating MSE: 1.40807748 	 Best VMSE: 1.42842352
[2020-10-23 13:50:21] IELM.cv4: Found new best state
[2020-10-23 13:50:21] IELM.cv4: Best vmse: 1.4081
[2020-10-23 13:50:21] IELM.cv4: Checkpoint saved to experiments/normal/sili/IELM_sili_h8
[2020-10-23 13:50:21] IELM.cv4: Hidden size: 18 	 
Training MSE: 0.29224020 	 Validating MSE: 1.44744515 	 Best VMSE: 1.40807748
[2020-10-23 13:50:21] IELM.cv4: Checkpoint saved to experiments/normal/sili/IELM_sili_h8
[2020-10-23 13:50:22] IELM.cv4: Hidden size: 19 	 
Training MSE: 0.29204255 	 Validating MSE: 1.43022954 	 Best VMSE: 1.40807748
[2020-10-23 13:50:22] IELM.cv4: Checkpoint saved to experiments/normal/sili/IELM_sili_h8
[2020-10-23 13:50:22] IELM.cv4: Hidden size: 20 	 
Training MSE: 0.29155752 	 Validating MSE: 1.40925443 	 Best VMSE: 1.40807748
[2020-10-23 13:50:22] IELM.cv4: Checkpoint saved to experiments/normal/sili/IELM_sili_h8
[2020-10-23 13:50:22] IELM.cv4: Hidden size: 21 	 
Training MSE: 0.28870332 	 Validating MSE: 1.43470478 	 Best VMSE: 1.40807748
[2020-10-23 13:50:22] IELM.cv4: Checkpoint saved to experiments/normal/sili/IELM_sili_h8
[2020-10-23 13:50:22] IELM.cv4: Hidden size: 22 	 
Training MSE: 0.28853846 	 Validating MSE: 1.43511343 	 Best VMSE: 1.40807748
[2020-10-23 13:50:22] IELM.cv4: Checkpoint saved to experiments/normal/sili/IELM_sili_h8
[2020-10-23 13:50:22] IELM.cv4: Hidden size: 23 	 
Training MSE: 0.28752199 	 Validating MSE: 1.39891255 	 Best VMSE: 1.40807748
[2020-10-23 13:50:22] IELM.cv4: Found new best state
[2020-10-23 13:50:22] IELM.cv4: Best vmse: 1.3989
[2020-10-23 13:50:22] IELM.cv4: Checkpoint saved to experiments/normal/sili/IELM_sili_h8
[2020-10-23 13:50:22] IELM.cv4: Hidden size: 24 	 
Training MSE: 0.28736728 	 Validating MSE: 1.40771329 	 Best VMSE: 1.39891255
[2020-10-23 13:50:22] IELM.cv4: Checkpoint saved to experiments/normal/sili/IELM_sili_h8
[2020-10-23 13:50:22] IELM.cv4: Hidden size: 25 	 
Training MSE: 0.28679666 	 Validating MSE: 1.42093313 	 Best VMSE: 1.39891255
[2020-10-23 13:50:22] IELM.cv4: Checkpoint saved to experiments/normal/sili/IELM_sili_h8
[2020-10-23 13:50:22] IELM.cv4: Hidden size: 26 	 
Training MSE: 0.28592265 	 Validating MSE: 1.38558710 	 Best VMSE: 1.39891255
[2020-10-23 13:50:22] IELM.cv4: Found new best state
[2020-10-23 13:50:22] IELM.cv4: Best vmse: 1.3856
[2020-10-23 13:50:22] IELM.cv4: Checkpoint saved to experiments/normal/sili/IELM_sili_h8
[2020-10-23 13:50:22] IELM.cv4: Hidden size: 27 	 
Training MSE: 0.28579572 	 Validating MSE: 1.39488208 	 Best VMSE: 1.38558710
[2020-10-23 13:50:22] IELM.cv4: Checkpoint saved to experiments/normal/sili/IELM_sili_h8
[2020-10-23 13:50:22] IELM.cv4: Hidden size: 28 	 
Training MSE: 0.28457978 	 Validating MSE: 1.35568035 	 Best VMSE: 1.38558710
[2020-10-23 13:50:22] IELM.cv4: Found new best state
[2020-10-23 13:50:22] IELM.cv4: Best vmse: 1.3557
[2020-10-23 13:50:22] IELM.cv4: Checkpoint saved to experiments/normal/sili/IELM_sili_h8
[2020-10-23 13:50:22] IELM.cv4: Hidden size: 29 	 
Training MSE: 0.28391314 	 Validating MSE: 1.36511636 	 Best VMSE: 1.35568035
[2020-10-23 13:50:22] IELM.cv4: Checkpoint saved to experiments/normal/sili/IELM_sili_h8
[2020-10-23 13:50:22] IELM.cv4: Hidden size: 30 	 
Training MSE: 0.28385371 	 Validating MSE: 1.36559296 	 Best VMSE: 1.35568035
[2020-10-23 13:50:22] IELM.cv4: Checkpoint saved to experiments/normal/sili/IELM_sili_h8
[2020-10-23 13:50:22] IELM.cv4: Hidden size: 31 	 
Training MSE: 0.28364757 	 Validating MSE: 1.35239530 	 Best VMSE: 1.35568035
[2020-10-23 13:50:22] IELM.cv4: Found new best state
[2020-10-23 13:50:22] IELM.cv4: Best vmse: 1.3524
[2020-10-23 13:50:22] IELM.cv4: Checkpoint saved to experiments/normal/sili/IELM_sili_h8
[2020-10-23 13:50:22] IELM.cv4: Hidden size: 32 	 
Training MSE: 0.28335375 	 Validating MSE: 1.34370267 	 Best VMSE: 1.35239530
[2020-10-23 13:50:22] IELM.cv4: Found new best state
[2020-10-23 13:50:22] IELM.cv4: Best vmse: 1.3437
[2020-10-23 13:50:22] IELM.cv4: Checkpoint saved to experiments/normal/sili/IELM_sili_h8
[2020-10-23 13:50:22] IELM.cv4: Hidden size: 33 	 
Training MSE: 0.28332525 	 Validating MSE: 1.34028912 	 Best VMSE: 1.34370267
[2020-10-23 13:50:22] IELM.cv4: Found new best state
[2020-10-23 13:50:22] IELM.cv4: Best vmse: 1.3403
[2020-10-23 13:50:22] IELM.cv4: Checkpoint saved to experiments/normal/sili/IELM_sili_h8
[2020-10-23 13:50:22] IELM.cv4: Hidden size: 34 	 
Training MSE: 0.28200349 	 Validating MSE: 1.36542308 	 Best VMSE: 1.34028912
[2020-10-23 13:50:22] IELM.cv4: Checkpoint saved to experiments/normal/sili/IELM_sili_h8
[2020-10-23 13:50:22] IELM.cv4: Hidden size: 35 	 
Training MSE: 0.28079268 	 Validating MSE: 1.33491158 	 Best VMSE: 1.34028912
[2020-10-23 13:50:22] IELM.cv4: Found new best state
[2020-10-23 13:50:22] IELM.cv4: Best vmse: 1.3349
[2020-10-23 13:50:22] IELM.cv4: Checkpoint saved to experiments/normal/sili/IELM_sili_h8
[2020-10-23 13:50:22] IELM.cv4: Hidden size: 36 	 
Training MSE: 0.27944526 	 Validating MSE: 1.36418283 	 Best VMSE: 1.33491158
[2020-10-23 13:50:22] IELM.cv4: Checkpoint saved to experiments/normal/sili/IELM_sili_h8
[2020-10-23 13:50:22] IELM.cv4: Hidden size: 37 	 
Training MSE: 0.27913752 	 Validating MSE: 1.34657216 	 Best VMSE: 1.33491158
[2020-10-23 13:50:22] IELM.cv4: Checkpoint saved to experiments/normal/sili/IELM_sili_h8
[2020-10-23 13:50:22] IELM.cv4: Hidden size: 38 	 
Training MSE: 0.27906775 	 Validating MSE: 1.35026550 	 Best VMSE: 1.33491158
[2020-10-23 13:50:22] IELM.cv4: Checkpoint saved to experiments/normal/sili/IELM_sili_h8
[2020-10-23 13:50:22] IELM.cv4: Hidden size: 39 	 
Training MSE: 0.27871990 	 Validating MSE: 1.32803106 	 Best VMSE: 1.33491158
[2020-10-23 13:50:22] IELM.cv4: Found new best state
[2020-10-23 13:50:22] IELM.cv4: Best vmse: 1.3280
[2020-10-23 13:50:22] IELM.cv4: Checkpoint saved to experiments/normal/sili/IELM_sili_h8
[2020-10-23 13:50:22] IELM.cv4: Hidden size: 40 	 
Training MSE: 0.27446339 	 Validating MSE: 1.35278296 	 Best VMSE: 1.32803106
[2020-10-23 13:50:22] IELM.cv4: Checkpoint saved to experiments/normal/sili/IELM_sili_h8
[2020-10-23 13:50:22] IELM.cv4: Hidden size: 41 	 
Training MSE: 0.27368671 	 Validating MSE: 1.31072497 	 Best VMSE: 1.32803106
[2020-10-23 13:50:22] IELM.cv4: Found new best state
[2020-10-23 13:50:22] IELM.cv4: Best vmse: 1.3107
[2020-10-23 13:50:22] IELM.cv4: Checkpoint saved to experiments/normal/sili/IELM_sili_h8
[2020-10-23 13:50:22] IELM.cv4: Hidden size: 42 	 
Training MSE: 0.27060327 	 Validating MSE: 1.26178300 	 Best VMSE: 1.31072497
[2020-10-23 13:50:22] IELM.cv4: Found new best state
[2020-10-23 13:50:22] IELM.cv4: Best vmse: 1.2618
[2020-10-23 13:50:22] IELM.cv4: Checkpoint saved to experiments/normal/sili/IELM_sili_h8
[2020-10-23 13:50:22] IELM.cv4: Hidden size: 43 	 
Training MSE: 0.26935700 	 Validating MSE: 1.28489077 	 Best VMSE: 1.26178300
[2020-10-23 13:50:22] IELM.cv4: Checkpoint saved to experiments/normal/sili/IELM_sili_h8
[2020-10-23 13:50:22] IELM.cv4: Hidden size: 44 	 
Training MSE: 0.26925564 	 Validating MSE: 1.29194629 	 Best VMSE: 1.26178300
[2020-10-23 13:50:22] IELM.cv4: Checkpoint saved to experiments/normal/sili/IELM_sili_h8
[2020-10-23 13:50:22] IELM.cv4: Hidden size: 45 	 
Training MSE: 0.26877940 	 Validating MSE: 1.27686536 	 Best VMSE: 1.26178300
[2020-10-23 13:50:22] IELM.cv4: Checkpoint saved to experiments/normal/sili/IELM_sili_h8
[2020-10-23 13:50:22] IELM.cv4: Hidden size: 46 	 
Training MSE: 0.26685792 	 Validating MSE: 1.28922367 	 Best VMSE: 1.26178300
[2020-10-23 13:50:22] IELM.cv4: Checkpoint saved to experiments/normal/sili/IELM_sili_h8
[2020-10-23 13:50:22] IELM.cv4: Hidden size: 47 	 
Training MSE: 0.26676387 	 Validating MSE: 1.27800930 	 Best VMSE: 1.26178300
[2020-10-23 13:50:22] IELM.cv4: Checkpoint saved to experiments/normal/sili/IELM_sili_h8
[2020-10-23 13:50:22] IELM.cv4: Hidden size: 48 	 
Training MSE: 0.26673502 	 Validating MSE: 1.28130138 	 Best VMSE: 1.26178300
[2020-10-23 13:50:22] IELM.cv4: Checkpoint saved to experiments/normal/sili/IELM_sili_h8
[2020-10-23 13:50:22] IELM.cv4: Hidden size: 49 	 
Training MSE: 0.26671529 	 Validating MSE: 1.28394151 	 Best VMSE: 1.26178300
[2020-10-23 13:50:22] IELM.cv4: Checkpoint saved to experiments/normal/sili/IELM_sili_h8
[2020-10-23 13:50:22] IELM.cv4: Hidden size: 50 	 
Training MSE: 0.26656404 	 Validating MSE: 1.26954508 	 Best VMSE: 1.26178300
[2020-10-23 13:50:22] IELM.cv4: Checkpoint saved to experiments/normal/sili/IELM_sili_h8
[2020-10-23 13:50:22] IELM.cv4: Hidden size: 51 	 
Training MSE: 0.26623762 	 Validating MSE: 1.24795830 	 Best VMSE: 1.26178300
[2020-10-23 13:50:22] IELM.cv4: Found new best state
[2020-10-23 13:50:22] IELM.cv4: Best vmse: 1.2480
[2020-10-23 13:50:22] IELM.cv4: Checkpoint saved to experiments/normal/sili/IELM_sili_h8
[2020-10-23 13:50:22] IELM.cv4: Hidden size: 52 	 
Training MSE: 0.26599875 	 Validating MSE: 1.25330234 	 Best VMSE: 1.24795830
[2020-10-23 13:50:22] IELM.cv4: Checkpoint saved to experiments/normal/sili/IELM_sili_h8
[2020-10-23 13:50:22] IELM.cv4: Hidden size: 53 	 
Training MSE: 0.26588902 	 Validating MSE: 1.24300134 	 Best VMSE: 1.24795830
[2020-10-23 13:50:22] IELM.cv4: Found new best state
[2020-10-23 13:50:22] IELM.cv4: Best vmse: 1.2430
[2020-10-23 13:50:22] IELM.cv4: Checkpoint saved to experiments/normal/sili/IELM_sili_h8
[2020-10-23 13:50:22] IELM.cv4: Hidden size: 54 	 
Training MSE: 0.26565191 	 Validating MSE: 1.25366306 	 Best VMSE: 1.24300134
[2020-10-23 13:50:22] IELM.cv4: Checkpoint saved to experiments/normal/sili/IELM_sili_h8
[2020-10-23 13:50:22] IELM.cv4: Hidden size: 55 	 
Training MSE: 0.26539874 	 Validating MSE: 1.24080884 	 Best VMSE: 1.24300134
[2020-10-23 13:50:22] IELM.cv4: Found new best state
[2020-10-23 13:50:22] IELM.cv4: Best vmse: 1.2408
[2020-10-23 13:50:22] IELM.cv4: Checkpoint saved to experiments/normal/sili/IELM_sili_h8
[2020-10-23 13:50:23] IELM.cv4: Hidden size: 56 	 
Training MSE: 0.26509172 	 Validating MSE: 1.23273134 	 Best VMSE: 1.24080884
[2020-10-23 13:50:23] IELM.cv4: Found new best state
[2020-10-23 13:50:23] IELM.cv4: Best vmse: 1.2327
[2020-10-23 13:50:23] IELM.cv4: Checkpoint saved to experiments/normal/sili/IELM_sili_h8
[2020-10-23 13:50:23] IELM.cv4: Hidden size: 57 	 
Training MSE: 0.26492190 	 Validating MSE: 1.24713516 	 Best VMSE: 1.23273134
[2020-10-23 13:50:23] IELM.cv4: Checkpoint saved to experiments/normal/sili/IELM_sili_h8
[2020-10-23 13:50:23] IELM.cv4: Hidden size: 58 	 
Training MSE: 0.26490226 	 Validating MSE: 1.24639165 	 Best VMSE: 1.23273134
[2020-10-23 13:50:23] IELM.cv4: Checkpoint saved to experiments/normal/sili/IELM_sili_h8
[2020-10-23 13:50:23] IELM.cv4: Hidden size: 59 	 
Training MSE: 0.26487899 	 Validating MSE: 1.24892724 	 Best VMSE: 1.23273134
[2020-10-23 13:50:23] IELM.cv4: Checkpoint saved to experiments/normal/sili/IELM_sili_h8
[2020-10-23 13:50:23] IELM.cv4: Hidden size: 60 	 
Training MSE: 0.26483071 	 Validating MSE: 1.24486125 	 Best VMSE: 1.23273134
[2020-10-23 13:50:23] IELM.cv4: Checkpoint saved to experiments/normal/sili/IELM_sili_h8
[2020-10-23 13:50:23] IELM.cv4: Hidden size: 61 	 
Training MSE: 0.26398289 	 Validating MSE: 1.21452546 	 Best VMSE: 1.23273134
[2020-10-23 13:50:23] IELM.cv4: Found new best state
[2020-10-23 13:50:23] IELM.cv4: Best vmse: 1.2145
[2020-10-23 13:50:23] IELM.cv4: Checkpoint saved to experiments/normal/sili/IELM_sili_h8
[2020-10-23 13:50:23] IELM.cv4: Hidden size: 62 	 
Training MSE: 0.26313847 	 Validating MSE: 1.23938584 	 Best VMSE: 1.21452546
[2020-10-23 13:50:23] IELM.cv4: Checkpoint saved to experiments/normal/sili/IELM_sili_h8
[2020-10-23 13:50:23] IELM.cv4: Hidden size: 63 	 
Training MSE: 0.26303342 	 Validating MSE: 1.24227703 	 Best VMSE: 1.21452546
[2020-10-23 13:50:23] IELM.cv4: Checkpoint saved to experiments/normal/sili/IELM_sili_h8
[2020-10-23 13:50:23] IELM.cv4: Hidden size: 64 	 
Training MSE: 0.26262158 	 Validating MSE: 1.22735178 	 Best VMSE: 1.21452546
[2020-10-23 13:50:23] IELM.cv4: Checkpoint saved to experiments/normal/sili/IELM_sili_h8
[2020-10-23 13:50:23] IELM.cv4: Hidden size: 65 	 
Training MSE: 0.26252198 	 Validating MSE: 1.22083688 	 Best VMSE: 1.21452546
[2020-10-23 13:50:23] IELM.cv4: Checkpoint saved to experiments/normal/sili/IELM_sili_h8
[2020-10-23 13:50:23] IELM.cv4: Hidden size: 66 	 
Training MSE: 0.26144695 	 Validating MSE: 1.24411106 	 Best VMSE: 1.21452546
[2020-10-23 13:50:23] IELM.cv4: Checkpoint saved to experiments/normal/sili/IELM_sili_h8
[2020-10-23 13:50:23] IELM.cv4: Hidden size: 67 	 
Training MSE: 0.26088634 	 Validating MSE: 1.22968864 	 Best VMSE: 1.21452546
[2020-10-23 13:50:23] IELM.cv4: Checkpoint saved to experiments/normal/sili/IELM_sili_h8
[2020-10-23 13:50:23] IELM.cv4: Hidden size: 68 	 
Training MSE: 0.26065579 	 Validating MSE: 1.23990119 	 Best VMSE: 1.21452546
[2020-10-23 13:50:23] IELM.cv4: Checkpoint saved to experiments/normal/sili/IELM_sili_h8
[2020-10-23 13:50:23] IELM.cv4: Hidden size: 69 	 
Training MSE: 0.26011303 	 Validating MSE: 1.26486695 	 Best VMSE: 1.21452546
[2020-10-23 13:50:23] IELM.cv4: Checkpoint saved to experiments/normal/sili/IELM_sili_h8
[2020-10-23 13:50:23] IELM.cv4: Hidden size: 70 	 
Training MSE: 0.25952709 	 Validating MSE: 1.25201166 	 Best VMSE: 1.21452546
[2020-10-23 13:50:23] IELM.cv4: Checkpoint saved to experiments/normal/sili/IELM_sili_h8
[2020-10-23 13:50:23] IELM.cv4: Hidden size: 71 	 
Training MSE: 0.25952023 	 Validating MSE: 1.25148451 	 Best VMSE: 1.21452546
[2020-10-23 13:50:23] IELM.cv4: Checkpoint saved to experiments/normal/sili/IELM_sili_h8
[2020-10-23 13:50:23] IELM.cv4: Hidden size: 72 	 
Training MSE: 0.25906485 	 Validating MSE: 1.27680516 	 Best VMSE: 1.21452546
[2020-10-23 13:50:23] IELM.cv4: Checkpoint saved to experiments/normal/sili/IELM_sili_h8
[2020-10-23 13:50:23] IELM.cv4: Hidden size: 73 	 
Training MSE: 0.25887167 	 Validating MSE: 1.28105962 	 Best VMSE: 1.21452546
[2020-10-23 13:50:23] IELM.cv4: Checkpoint saved to experiments/normal/sili/IELM_sili_h8
[2020-10-23 13:50:23] IELM.cv4: Hidden size: 74 	 
Training MSE: 0.25867647 	 Validating MSE: 1.26830554 	 Best VMSE: 1.21452546
[2020-10-23 13:50:23] IELM.cv4: Checkpoint saved to experiments/normal/sili/IELM_sili_h8
[2020-10-23 13:50:23] IELM.cv4: Hidden size: 75 	 
Training MSE: 0.25832990 	 Validating MSE: 1.25085604 	 Best VMSE: 1.21452546
[2020-10-23 13:50:23] IELM.cv4: Checkpoint saved to experiments/normal/sili/IELM_sili_h8
[2020-10-23 13:50:23] IELM.cv4: Hidden size: 76 	 
Training MSE: 0.25817227 	 Validating MSE: 1.25489116 	 Best VMSE: 1.21452546
[2020-10-23 13:50:23] IELM.cv4: Checkpoint saved to experiments/normal/sili/IELM_sili_h8
[2020-10-23 13:50:23] IELM.cv4: Hidden size: 77 	 
Training MSE: 0.25797045 	 Validating MSE: 1.26142144 	 Best VMSE: 1.21452546
[2020-10-23 13:50:23] IELM.cv4: Checkpoint saved to experiments/normal/sili/IELM_sili_h8
[2020-10-23 13:50:23] IELM.cv4: Hidden size: 78 	 
Training MSE: 0.25782695 	 Validating MSE: 1.25088668 	 Best VMSE: 1.21452546
[2020-10-23 13:50:23] IELM.cv4: Checkpoint saved to experiments/normal/sili/IELM_sili_h8
[2020-10-23 13:50:23] IELM.cv4: Hidden size: 79 	 
Training MSE: 0.25723293 	 Validating MSE: 1.26554394 	 Best VMSE: 1.21452546
[2020-10-23 13:50:23] IELM.cv4: Checkpoint saved to experiments/normal/sili/IELM_sili_h8
[2020-10-23 13:50:23] IELM.cv4: Hidden size: 80 	 
Training MSE: 0.25644886 	 Validating MSE: 1.24608111 	 Best VMSE: 1.21452546
[2020-10-23 13:50:23] IELM.cv4: Checkpoint saved to experiments/normal/sili/IELM_sili_h8
[2020-10-23 13:50:23] IELM.cv4: Hidden size: 81 	 
Training MSE: 0.25632313 	 Validating MSE: 1.23725486 	 Best VMSE: 1.21452546
[2020-10-23 13:50:23] IELM.cv4: Checkpoint saved to experiments/normal/sili/IELM_sili_h8
[2020-10-23 13:50:23] IELM.cv4: Hidden size: 82 	 
Training MSE: 0.25625893 	 Validating MSE: 1.24074924 	 Best VMSE: 1.21452546
[2020-10-23 13:50:23] IELM.cv4: Checkpoint saved to experiments/normal/sili/IELM_sili_h8
[2020-10-23 13:50:23] IELM.cv4: Hidden size: 83 	 
Training MSE: 0.25623223 	 Validating MSE: 1.24195993 	 Best VMSE: 1.21452546
[2020-10-23 13:50:23] IELM.cv4: Checkpoint saved to experiments/normal/sili/IELM_sili_h8
[2020-10-23 13:50:23] IELM.cv4: Hidden size: 84 	 
Training MSE: 0.25612462 	 Validating MSE: 1.25111639 	 Best VMSE: 1.21452546
[2020-10-23 13:50:23] IELM.cv4: Checkpoint saved to experiments/normal/sili/IELM_sili_h8
[2020-10-23 13:50:23] IELM.cv4: Hidden size: 85 	 
Training MSE: 0.25610262 	 Validating MSE: 1.24829626 	 Best VMSE: 1.21452546
[2020-10-23 13:50:23] IELM.cv4: Checkpoint saved to experiments/normal/sili/IELM_sili_h8
[2020-10-23 13:50:23] IELM.cv4: Hidden size: 86 	 
Training MSE: 0.25567037 	 Validating MSE: 1.23114312 	 Best VMSE: 1.21452546
[2020-10-23 13:50:23] IELM.cv4: Checkpoint saved to experiments/normal/sili/IELM_sili_h8
[2020-10-23 13:50:23] IELM.cv4: Hidden size: 87 	 
Training MSE: 0.25377926 	 Validating MSE: 1.25605762 	 Best VMSE: 1.21452546
[2020-10-23 13:50:23] IELM.cv4: Checkpoint saved to experiments/normal/sili/IELM_sili_h8
[2020-10-23 13:50:23] IELM.cv4: Hidden size: 88 	 
Training MSE: 0.25333863 	 Validating MSE: 1.23816895 	 Best VMSE: 1.21452546
[2020-10-23 13:50:23] IELM.cv4: Checkpoint saved to experiments/normal/sili/IELM_sili_h8
[2020-10-23 13:50:23] IELM.cv4: Hidden size: 89 	 
Training MSE: 0.25330994 	 Validating MSE: 1.23213637 	 Best VMSE: 1.21452546
[2020-10-23 13:50:23] IELM.cv4: Checkpoint saved to experiments/normal/sili/IELM_sili_h8
[2020-10-23 13:50:23] IELM.cv4: Hidden size: 90 	 
Training MSE: 0.25319791 	 Validating MSE: 1.24285758 	 Best VMSE: 1.21452546
[2020-10-23 13:50:23] IELM.cv4: Checkpoint saved to experiments/normal/sili/IELM_sili_h8
[2020-10-23 13:50:23] IELM.cv4: Hidden size: 91 	 
Training MSE: 0.25294974 	 Validating MSE: 1.22290134 	 Best VMSE: 1.21452546
[2020-10-23 13:50:23] IELM.cv4: Checkpoint saved to experiments/normal/sili/IELM_sili_h8
[2020-10-23 13:50:23] IELM.cv4: Hidden size: 92 	 
Training MSE: 0.25290185 	 Validating MSE: 1.21715379 	 Best VMSE: 1.21452546
[2020-10-23 13:50:23] IELM.cv4: Checkpoint saved to experiments/normal/sili/IELM_sili_h8
[2020-10-23 13:50:24] IELM.cv4: Hidden size: 93 	 
Training MSE: 0.25183395 	 Validating MSE: 1.24872661 	 Best VMSE: 1.21452546
[2020-10-23 13:50:24] IELM.cv4: Checkpoint saved to experiments/normal/sili/IELM_sili_h8
[2020-10-23 13:50:24] IELM.cv4: Hidden size: 94 	 
Training MSE: 0.25181788 	 Validating MSE: 1.24600399 	 Best VMSE: 1.21452546
[2020-10-23 13:50:24] IELM.cv4: Checkpoint saved to experiments/normal/sili/IELM_sili_h8
[2020-10-23 13:50:24] IELM.cv4: Hidden size: 95 	 
Training MSE: 0.25175992 	 Validating MSE: 1.24927497 	 Best VMSE: 1.21452546
[2020-10-23 13:50:24] IELM.cv4: Checkpoint saved to experiments/normal/sili/IELM_sili_h8
[2020-10-23 13:50:24] IELM.cv4: Hidden size: 96 	 
Training MSE: 0.25014970 	 Validating MSE: 1.21289802 	 Best VMSE: 1.21452546
[2020-10-23 13:50:24] IELM.cv4: Found new best state
[2020-10-23 13:50:24] IELM.cv4: Best vmse: 1.2129
[2020-10-23 13:50:24] IELM.cv4: Checkpoint saved to experiments/normal/sili/IELM_sili_h8
[2020-10-23 13:50:24] IELM.cv4: Hidden size: 97 	 
Training MSE: 0.24976735 	 Validating MSE: 1.21961904 	 Best VMSE: 1.21289802
[2020-10-23 13:50:24] IELM.cv4: Checkpoint saved to experiments/normal/sili/IELM_sili_h8
[2020-10-23 13:50:24] IELM.cv4: Hidden size: 98 	 
Training MSE: 0.24967025 	 Validating MSE: 1.21361470 	 Best VMSE: 1.21289802
[2020-10-23 13:50:24] IELM.cv4: Checkpoint saved to experiments/normal/sili/IELM_sili_h8
[2020-10-23 13:50:24] IELM.cv4: Hidden size: 99 	 
Training MSE: 0.24950521 	 Validating MSE: 1.21793604 	 Best VMSE: 1.21289802
[2020-10-23 13:50:24] IELM.cv4: Checkpoint saved to experiments/normal/sili/IELM_sili_h8
[2020-10-23 13:50:24] IELM.cv4: Hidden size: 100 	 
Training MSE: 0.24948718 	 Validating MSE: 1.21667075 	 Best VMSE: 1.21289802
[2020-10-23 13:50:24] IELM.cv4: Checkpoint saved to experiments/normal/sili/IELM_sili_h8
[2020-10-23 13:50:24] IELM.cv4: Restoring best parameters from experiments/normal/sili/IELM_sili_h8/train.cv4.pth.tar
[2020-10-23 13:50:24] IELM.cv4: sili	 H: 8	 Trail: 16 
Testing RMSE: 1.157 	 MAPE: 0.1674 	 SMAPE: 0.09651
