[2020-10-23 13:51:36] IELM.cv15: Loading the datasets and model for 43th-batch-training
[2020-10-23 13:51:36] IELM.cv15: Argument hidden_size: 100
[2020-10-23 13:51:36] IELM.cv15: Argument candidate_size: 300
[2020-10-23 13:51:36] IELM.cv15: Argument Lambdas: [0.5, 1, 5, 15, 30, 50, 100, 150, 200]
[2020-10-23 13:51:36] IELM.cv15: Argument Lambdas_std: [0.01, 0.05, 0.1, 0.5, 1]
[2020-10-23 13:51:36] IELM.cv15: Argument r: [0.8, 0.9, 0.99, 0.9999, 0.999999]
[2020-10-23 13:51:36] IELM.cv15: Argument tolerance: 0
[2020-10-23 13:51:36] IELM.cv15: Argument device: device(type='cuda')
[2020-10-23 13:51:36] IELM.cv15: Argument dataset: 'sili'
[2020-10-23 13:51:36] IELM.cv15: Argument H: 8
[2020-10-23 13:51:36] IELM.cv15: Argument k: 5
[2020-10-23 13:51:36] IELM.cv15: Argument test: False
[2020-10-23 13:51:36] IELM.cv15: Argument normal: True
[2020-10-23 13:51:36] IELM.cv15: Argument diff: False
[2020-10-23 13:51:36] IELM.cv15: Argument times: 60
[2020-10-23 13:51:36] IELM.cv15: Argument datasets: {'ar1': {'lag_order': 15, 'normal': True, 'cov_dim': 0, 'kernel_size': 3}, 'wti': {'lag_order': 25, 'normal': True, 'cov_dim': 0, 'kernel_size': 5}, 'gold': {'lag_order': 25, 'normal': True, 'cov_dim': 0, 'kernel_size': 5}, 'sp': {'lag_order': 25, 'normal': True, 'cov_dim': 0, 'kernel_size': 5}, 'brent': {'lag_order': 24, 'normal': True, 'cov_dim': 0, 'kernel_size': 6}, 'sili': {'lag_order': 26, 'normal': True, 'cov_dim': 0, 'kernel_size': 6}}
[2020-10-23 13:51:36] IELM.cv15: Argument steps: 26
[2020-10-23 13:51:36] IELM.cv15: Argument experiment: 'experiments/normal/sili'
[2020-10-23 13:51:36] IELM.cv15: Argument scaler: StandardScaler()
[2020-10-23 13:51:36] IELM.cv15: Argument model_name: 'IELM_sili_h8'
[2020-10-23 13:51:36] IELM.cv15: Argument model_dir: 'experiments/normal/sili/IELM_sili_h8'
[2020-10-23 13:51:36] IELM.cv15: Argument restore: True
[2020-10-23 13:51:36] IELM.cv15: Argument cv: 15
[2020-10-23 13:51:36] IELM.cv15: Argument plot_dir: 'experiments/normal/sili/IELM_sili_h8/figures'
[2020-10-23 13:51:36] IELM.cv15: Using Cuda...
[2020-10-23 13:51:36] IELM.cv15: Loading complete.
[2020-10-23 13:51:36] IELM.cv15: Model: 
IELM(
  (loss_fn): MSELoss()
)
[2020-10-23 13:51:36] IELM.cv15: Hidden size: 1 	 
Training MSE: 0.38777849 	 Validating MSE: 1.51751804 	 Best VMSE: 9999.00000000
[2020-10-23 13:51:36] IELM.cv15: Found new best state
[2020-10-23 13:51:36] IELM.cv15: Best vmse: 1.5175
[2020-10-23 13:51:36] IELM.cv15: Checkpoint saved to experiments/normal/sili/IELM_sili_h8
[2020-10-23 13:51:36] IELM.cv15: Hidden size: 2 	 
Training MSE: 0.38646021 	 Validating MSE: 1.56492078 	 Best VMSE: 1.51751804
[2020-10-23 13:51:36] IELM.cv15: Checkpoint saved to experiments/normal/sili/IELM_sili_h8
[2020-10-23 13:51:36] IELM.cv15: Hidden size: 3 	 
Training MSE: 0.38376847 	 Validating MSE: 1.51183307 	 Best VMSE: 1.51751804
[2020-10-23 13:51:36] IELM.cv15: Found new best state
[2020-10-23 13:51:36] IELM.cv15: Best vmse: 1.5118
[2020-10-23 13:51:36] IELM.cv15: Checkpoint saved to experiments/normal/sili/IELM_sili_h8
[2020-10-23 13:51:36] IELM.cv15: Hidden size: 4 	 
Training MSE: 0.38372499 	 Validating MSE: 1.51533973 	 Best VMSE: 1.51183307
[2020-10-23 13:51:36] IELM.cv15: Checkpoint saved to experiments/normal/sili/IELM_sili_h8
[2020-10-23 13:51:36] IELM.cv15: Hidden size: 5 	 
Training MSE: 0.38356805 	 Validating MSE: 1.51402020 	 Best VMSE: 1.51183307
[2020-10-23 13:51:36] IELM.cv15: Checkpoint saved to experiments/normal/sili/IELM_sili_h8
[2020-10-23 13:51:36] IELM.cv15: Hidden size: 6 	 
Training MSE: 0.38263083 	 Validating MSE: 1.48298192 	 Best VMSE: 1.51183307
[2020-10-23 13:51:36] IELM.cv15: Found new best state
[2020-10-23 13:51:36] IELM.cv15: Best vmse: 1.4830
[2020-10-23 13:51:36] IELM.cv15: Checkpoint saved to experiments/normal/sili/IELM_sili_h8
[2020-10-23 13:51:36] IELM.cv15: Hidden size: 7 	 
Training MSE: 0.37185562 	 Validating MSE: 1.58044744 	 Best VMSE: 1.48298192
[2020-10-23 13:51:36] IELM.cv15: Checkpoint saved to experiments/normal/sili/IELM_sili_h8
[2020-10-23 13:51:36] IELM.cv15: Hidden size: 8 	 
Training MSE: 0.36459848 	 Validating MSE: 1.48434019 	 Best VMSE: 1.48298192
[2020-10-23 13:51:36] IELM.cv15: Checkpoint saved to experiments/normal/sili/IELM_sili_h8
[2020-10-23 13:51:36] IELM.cv15: Hidden size: 9 	 
Training MSE: 0.36156616 	 Validating MSE: 1.54462743 	 Best VMSE: 1.48298192
[2020-10-23 13:51:36] IELM.cv15: Checkpoint saved to experiments/normal/sili/IELM_sili_h8
[2020-10-23 13:51:36] IELM.cv15: Hidden size: 10 	 
Training MSE: 0.35869727 	 Validating MSE: 1.62656295 	 Best VMSE: 1.48298192
[2020-10-23 13:51:36] IELM.cv15: Checkpoint saved to experiments/normal/sili/IELM_sili_h8
[2020-10-23 13:51:36] IELM.cv15: Hidden size: 11 	 
Training MSE: 0.35697043 	 Validating MSE: 1.64650309 	 Best VMSE: 1.48298192
[2020-10-23 13:51:36] IELM.cv15: Checkpoint saved to experiments/normal/sili/IELM_sili_h8
[2020-10-23 13:51:36] IELM.cv15: Hidden size: 12 	 
Training MSE: 0.35315177 	 Validating MSE: 1.59052241 	 Best VMSE: 1.48298192
[2020-10-23 13:51:36] IELM.cv15: Checkpoint saved to experiments/normal/sili/IELM_sili_h8
[2020-10-23 13:51:36] IELM.cv15: Hidden size: 13 	 
Training MSE: 0.34019351 	 Validating MSE: 1.48084056 	 Best VMSE: 1.48298192
[2020-10-23 13:51:36] IELM.cv15: Found new best state
[2020-10-23 13:51:36] IELM.cv15: Best vmse: 1.4808
[2020-10-23 13:51:36] IELM.cv15: Checkpoint saved to experiments/normal/sili/IELM_sili_h8
[2020-10-23 13:51:36] IELM.cv15: Hidden size: 14 	 
Training MSE: 0.33317876 	 Validating MSE: 1.57458234 	 Best VMSE: 1.48084056
[2020-10-23 13:51:36] IELM.cv15: Checkpoint saved to experiments/normal/sili/IELM_sili_h8
[2020-10-23 13:51:36] IELM.cv15: Hidden size: 15 	 
Training MSE: 0.33221868 	 Validating MSE: 1.58444107 	 Best VMSE: 1.48084056
[2020-10-23 13:51:36] IELM.cv15: Checkpoint saved to experiments/normal/sili/IELM_sili_h8
[2020-10-23 13:51:36] IELM.cv15: Hidden size: 16 	 
Training MSE: 0.32930887 	 Validating MSE: 1.53395116 	 Best VMSE: 1.48084056
[2020-10-23 13:51:36] IELM.cv15: Checkpoint saved to experiments/normal/sili/IELM_sili_h8
[2020-10-23 13:51:36] IELM.cv15: Hidden size: 17 	 
Training MSE: 0.32914180 	 Validating MSE: 1.52229333 	 Best VMSE: 1.48084056
[2020-10-23 13:51:36] IELM.cv15: Checkpoint saved to experiments/normal/sili/IELM_sili_h8
[2020-10-23 13:51:36] IELM.cv15: Hidden size: 18 	 
Training MSE: 0.32811525 	 Validating MSE: 1.48771274 	 Best VMSE: 1.48084056
[2020-10-23 13:51:36] IELM.cv15: Checkpoint saved to experiments/normal/sili/IELM_sili_h8
[2020-10-23 13:51:36] IELM.cv15: Hidden size: 19 	 
Training MSE: 0.32686898 	 Validating MSE: 1.52518487 	 Best VMSE: 1.48084056
[2020-10-23 13:51:36] IELM.cv15: Checkpoint saved to experiments/normal/sili/IELM_sili_h8
[2020-10-23 13:51:36] IELM.cv15: Hidden size: 20 	 
Training MSE: 0.32514489 	 Validating MSE: 1.57600534 	 Best VMSE: 1.48084056
[2020-10-23 13:51:36] IELM.cv15: Checkpoint saved to experiments/normal/sili/IELM_sili_h8
[2020-10-23 13:51:36] IELM.cv15: Hidden size: 21 	 
Training MSE: 0.32321876 	 Validating MSE: 1.51597428 	 Best VMSE: 1.48084056
[2020-10-23 13:51:36] IELM.cv15: Checkpoint saved to experiments/normal/sili/IELM_sili_h8
[2020-10-23 13:51:36] IELM.cv15: Hidden size: 22 	 
Training MSE: 0.31408376 	 Validating MSE: 1.59650600 	 Best VMSE: 1.48084056
[2020-10-23 13:51:36] IELM.cv15: Checkpoint saved to experiments/normal/sili/IELM_sili_h8
[2020-10-23 13:51:36] IELM.cv15: Hidden size: 23 	 
Training MSE: 0.31359422 	 Validating MSE: 1.57625139 	 Best VMSE: 1.48084056
[2020-10-23 13:51:36] IELM.cv15: Checkpoint saved to experiments/normal/sili/IELM_sili_h8
[2020-10-23 13:51:36] IELM.cv15: Hidden size: 24 	 
Training MSE: 0.30848980 	 Validating MSE: 1.44812202 	 Best VMSE: 1.48084056
[2020-10-23 13:51:36] IELM.cv15: Found new best state
[2020-10-23 13:51:36] IELM.cv15: Best vmse: 1.4481
[2020-10-23 13:51:36] IELM.cv15: Checkpoint saved to experiments/normal/sili/IELM_sili_h8
[2020-10-23 13:51:36] IELM.cv15: Hidden size: 25 	 
Training MSE: 0.30744830 	 Validating MSE: 1.45613825 	 Best VMSE: 1.44812202
[2020-10-23 13:51:36] IELM.cv15: Checkpoint saved to experiments/normal/sili/IELM_sili_h8
[2020-10-23 13:51:36] IELM.cv15: Hidden size: 26 	 
Training MSE: 0.30504096 	 Validating MSE: 1.39532185 	 Best VMSE: 1.44812202
[2020-10-23 13:51:36] IELM.cv15: Found new best state
[2020-10-23 13:51:36] IELM.cv15: Best vmse: 1.3953
[2020-10-23 13:51:36] IELM.cv15: Checkpoint saved to experiments/normal/sili/IELM_sili_h8
[2020-10-23 13:51:36] IELM.cv15: Hidden size: 27 	 
Training MSE: 0.30497128 	 Validating MSE: 1.40318608 	 Best VMSE: 1.39532185
[2020-10-23 13:51:36] IELM.cv15: Checkpoint saved to experiments/normal/sili/IELM_sili_h8
[2020-10-23 13:51:36] IELM.cv15: Hidden size: 28 	 
Training MSE: 0.30243659 	 Validating MSE: 1.46361768 	 Best VMSE: 1.39532185
[2020-10-23 13:51:36] IELM.cv15: Checkpoint saved to experiments/normal/sili/IELM_sili_h8
[2020-10-23 13:51:36] IELM.cv15: Hidden size: 29 	 
Training MSE: 0.30108711 	 Validating MSE: 1.50238872 	 Best VMSE: 1.39532185
[2020-10-23 13:51:36] IELM.cv15: Checkpoint saved to experiments/normal/sili/IELM_sili_h8
[2020-10-23 13:51:36] IELM.cv15: Hidden size: 30 	 
Training MSE: 0.30098900 	 Validating MSE: 1.50656533 	 Best VMSE: 1.39532185
[2020-10-23 13:51:36] IELM.cv15: Checkpoint saved to experiments/normal/sili/IELM_sili_h8
[2020-10-23 13:51:36] IELM.cv15: Hidden size: 31 	 
Training MSE: 0.29248899 	 Validating MSE: 1.37385559 	 Best VMSE: 1.39532185
[2020-10-23 13:51:36] IELM.cv15: Found new best state
[2020-10-23 13:51:36] IELM.cv15: Best vmse: 1.3739
[2020-10-23 13:51:36] IELM.cv15: Checkpoint saved to experiments/normal/sili/IELM_sili_h8
[2020-10-23 13:51:36] IELM.cv15: Hidden size: 32 	 
Training MSE: 0.29138729 	 Validating MSE: 1.39402318 	 Best VMSE: 1.37385559
[2020-10-23 13:51:36] IELM.cv15: Checkpoint saved to experiments/normal/sili/IELM_sili_h8
[2020-10-23 13:51:36] IELM.cv15: Hidden size: 33 	 
Training MSE: 0.29131928 	 Validating MSE: 1.39211810 	 Best VMSE: 1.37385559
[2020-10-23 13:51:36] IELM.cv15: Checkpoint saved to experiments/normal/sili/IELM_sili_h8
[2020-10-23 13:51:36] IELM.cv15: Hidden size: 34 	 
Training MSE: 0.29065067 	 Validating MSE: 1.36265755 	 Best VMSE: 1.37385559
[2020-10-23 13:51:36] IELM.cv15: Found new best state
[2020-10-23 13:51:36] IELM.cv15: Best vmse: 1.3627
[2020-10-23 13:51:36] IELM.cv15: Checkpoint saved to experiments/normal/sili/IELM_sili_h8
[2020-10-23 13:51:37] IELM.cv15: Hidden size: 35 	 
Training MSE: 0.28807348 	 Validating MSE: 1.40728438 	 Best VMSE: 1.36265755
[2020-10-23 13:51:37] IELM.cv15: Checkpoint saved to experiments/normal/sili/IELM_sili_h8
[2020-10-23 13:51:37] IELM.cv15: Hidden size: 36 	 
Training MSE: 0.28795999 	 Validating MSE: 1.39962137 	 Best VMSE: 1.36265755
[2020-10-23 13:51:37] IELM.cv15: Checkpoint saved to experiments/normal/sili/IELM_sili_h8
[2020-10-23 13:51:37] IELM.cv15: Hidden size: 37 	 
Training MSE: 0.28790250 	 Validating MSE: 1.40399110 	 Best VMSE: 1.36265755
[2020-10-23 13:51:37] IELM.cv15: Checkpoint saved to experiments/normal/sili/IELM_sili_h8
[2020-10-23 13:51:37] IELM.cv15: Hidden size: 38 	 
Training MSE: 0.28735927 	 Validating MSE: 1.37777138 	 Best VMSE: 1.36265755
[2020-10-23 13:51:37] IELM.cv15: Checkpoint saved to experiments/normal/sili/IELM_sili_h8
[2020-10-23 13:51:37] IELM.cv15: Hidden size: 39 	 
Training MSE: 0.28731418 	 Validating MSE: 1.37216377 	 Best VMSE: 1.36265755
[2020-10-23 13:51:37] IELM.cv15: Checkpoint saved to experiments/normal/sili/IELM_sili_h8
[2020-10-23 13:51:37] IELM.cv15: Hidden size: 40 	 
Training MSE: 0.28722268 	 Validating MSE: 1.36510110 	 Best VMSE: 1.36265755
[2020-10-23 13:51:37] IELM.cv15: Checkpoint saved to experiments/normal/sili/IELM_sili_h8
[2020-10-23 13:51:37] IELM.cv15: Hidden size: 41 	 
Training MSE: 0.28684589 	 Validating MSE: 1.39224517 	 Best VMSE: 1.36265755
[2020-10-23 13:51:37] IELM.cv15: Checkpoint saved to experiments/normal/sili/IELM_sili_h8
[2020-10-23 13:51:37] IELM.cv15: Hidden size: 42 	 
Training MSE: 0.28572518 	 Validating MSE: 1.42144763 	 Best VMSE: 1.36265755
[2020-10-23 13:51:37] IELM.cv15: Checkpoint saved to experiments/normal/sili/IELM_sili_h8
[2020-10-23 13:51:37] IELM.cv15: Hidden size: 43 	 
Training MSE: 0.28495070 	 Validating MSE: 1.40031338 	 Best VMSE: 1.36265755
[2020-10-23 13:51:37] IELM.cv15: Checkpoint saved to experiments/normal/sili/IELM_sili_h8
[2020-10-23 13:51:37] IELM.cv15: Hidden size: 44 	 
Training MSE: 0.28491288 	 Validating MSE: 1.39609778 	 Best VMSE: 1.36265755
[2020-10-23 13:51:37] IELM.cv15: Checkpoint saved to experiments/normal/sili/IELM_sili_h8
[2020-10-23 13:51:37] IELM.cv15: Hidden size: 45 	 
Training MSE: 0.28486863 	 Validating MSE: 1.39338100 	 Best VMSE: 1.36265755
[2020-10-23 13:51:37] IELM.cv15: Checkpoint saved to experiments/normal/sili/IELM_sili_h8
[2020-10-23 13:51:37] IELM.cv15: Hidden size: 46 	 
Training MSE: 0.28474978 	 Validating MSE: 1.40215647 	 Best VMSE: 1.36265755
[2020-10-23 13:51:37] IELM.cv15: Checkpoint saved to experiments/normal/sili/IELM_sili_h8
[2020-10-23 13:51:37] IELM.cv15: Hidden size: 47 	 
Training MSE: 0.28420803 	 Validating MSE: 1.42401087 	 Best VMSE: 1.36265755
[2020-10-23 13:51:37] IELM.cv15: Checkpoint saved to experiments/normal/sili/IELM_sili_h8
[2020-10-23 13:51:37] IELM.cv15: Hidden size: 48 	 
Training MSE: 0.28411561 	 Validating MSE: 1.41819561 	 Best VMSE: 1.36265755
[2020-10-23 13:51:37] IELM.cv15: Checkpoint saved to experiments/normal/sili/IELM_sili_h8
[2020-10-23 13:51:37] IELM.cv15: Hidden size: 49 	 
Training MSE: 0.28264022 	 Validating MSE: 1.38079059 	 Best VMSE: 1.36265755
[2020-10-23 13:51:37] IELM.cv15: Checkpoint saved to experiments/normal/sili/IELM_sili_h8
[2020-10-23 13:51:37] IELM.cv15: Hidden size: 50 	 
Training MSE: 0.28045911 	 Validating MSE: 1.42619884 	 Best VMSE: 1.36265755
[2020-10-23 13:51:37] IELM.cv15: Checkpoint saved to experiments/normal/sili/IELM_sili_h8
[2020-10-23 13:51:37] IELM.cv15: Hidden size: 51 	 
Training MSE: 0.27858606 	 Validating MSE: 1.36451721 	 Best VMSE: 1.36265755
[2020-10-23 13:51:37] IELM.cv15: Checkpoint saved to experiments/normal/sili/IELM_sili_h8
[2020-10-23 13:51:37] IELM.cv15: Hidden size: 52 	 
Training MSE: 0.27853844 	 Validating MSE: 1.36566734 	 Best VMSE: 1.36265755
[2020-10-23 13:51:37] IELM.cv15: Checkpoint saved to experiments/normal/sili/IELM_sili_h8
[2020-10-23 13:51:37] IELM.cv15: Hidden size: 53 	 
Training MSE: 0.27848211 	 Validating MSE: 1.37238705 	 Best VMSE: 1.36265755
[2020-10-23 13:51:37] IELM.cv15: Checkpoint saved to experiments/normal/sili/IELM_sili_h8
[2020-10-23 13:51:37] IELM.cv15: Hidden size: 54 	 
Training MSE: 0.27841362 	 Validating MSE: 1.36362660 	 Best VMSE: 1.36265755
[2020-10-23 13:51:37] IELM.cv15: Checkpoint saved to experiments/normal/sili/IELM_sili_h8
[2020-10-23 13:51:37] IELM.cv15: Hidden size: 55 	 
Training MSE: 0.27821013 	 Validating MSE: 1.37609422 	 Best VMSE: 1.36265755
[2020-10-23 13:51:37] IELM.cv15: Checkpoint saved to experiments/normal/sili/IELM_sili_h8
[2020-10-23 13:51:37] IELM.cv15: Hidden size: 56 	 
Training MSE: 0.27812147 	 Validating MSE: 1.36706913 	 Best VMSE: 1.36265755
[2020-10-23 13:51:37] IELM.cv15: Checkpoint saved to experiments/normal/sili/IELM_sili_h8
[2020-10-23 13:51:37] IELM.cv15: Hidden size: 57 	 
Training MSE: 0.27712399 	 Validating MSE: 1.38584459 	 Best VMSE: 1.36265755
[2020-10-23 13:51:37] IELM.cv15: Checkpoint saved to experiments/normal/sili/IELM_sili_h8
[2020-10-23 13:51:37] IELM.cv15: Hidden size: 58 	 
Training MSE: 0.27701688 	 Validating MSE: 1.37738955 	 Best VMSE: 1.36265755
[2020-10-23 13:51:37] IELM.cv15: Checkpoint saved to experiments/normal/sili/IELM_sili_h8
[2020-10-23 13:51:37] IELM.cv15: Hidden size: 59 	 
Training MSE: 0.27700275 	 Validating MSE: 1.37608039 	 Best VMSE: 1.36265755
[2020-10-23 13:51:37] IELM.cv15: Checkpoint saved to experiments/normal/sili/IELM_sili_h8
[2020-10-23 13:51:37] IELM.cv15: Hidden size: 60 	 
Training MSE: 0.27559271 	 Validating MSE: 1.31626308 	 Best VMSE: 1.36265755
[2020-10-23 13:51:37] IELM.cv15: Found new best state
[2020-10-23 13:51:37] IELM.cv15: Best vmse: 1.3163
[2020-10-23 13:51:37] IELM.cv15: Checkpoint saved to experiments/normal/sili/IELM_sili_h8
[2020-10-23 13:51:37] IELM.cv15: Hidden size: 61 	 
Training MSE: 0.27365923 	 Validating MSE: 1.35431373 	 Best VMSE: 1.31626308
[2020-10-23 13:51:37] IELM.cv15: Checkpoint saved to experiments/normal/sili/IELM_sili_h8
[2020-10-23 13:51:37] IELM.cv15: Hidden size: 62 	 
Training MSE: 0.27354774 	 Validating MSE: 1.34578407 	 Best VMSE: 1.31626308
[2020-10-23 13:51:37] IELM.cv15: Checkpoint saved to experiments/normal/sili/IELM_sili_h8
[2020-10-23 13:51:37] IELM.cv15: Hidden size: 63 	 
Training MSE: 0.27345678 	 Validating MSE: 1.33664274 	 Best VMSE: 1.31626308
[2020-10-23 13:51:37] IELM.cv15: Checkpoint saved to experiments/normal/sili/IELM_sili_h8
[2020-10-23 13:51:37] IELM.cv15: Hidden size: 64 	 
Training MSE: 0.27242544 	 Validating MSE: 1.35724378 	 Best VMSE: 1.31626308
[2020-10-23 13:51:37] IELM.cv15: Checkpoint saved to experiments/normal/sili/IELM_sili_h8
[2020-10-23 13:51:37] IELM.cv15: Hidden size: 65 	 
Training MSE: 0.27109826 	 Validating MSE: 1.31930280 	 Best VMSE: 1.31626308
[2020-10-23 13:51:37] IELM.cv15: Checkpoint saved to experiments/normal/sili/IELM_sili_h8
[2020-10-23 13:51:37] IELM.cv15: Hidden size: 66 	 
Training MSE: 0.27085835 	 Validating MSE: 1.32599831 	 Best VMSE: 1.31626308
[2020-10-23 13:51:37] IELM.cv15: Checkpoint saved to experiments/normal/sili/IELM_sili_h8
[2020-10-23 13:51:37] IELM.cv15: Hidden size: 67 	 
Training MSE: 0.27085251 	 Validating MSE: 1.32571411 	 Best VMSE: 1.31626308
[2020-10-23 13:51:37] IELM.cv15: Checkpoint saved to experiments/normal/sili/IELM_sili_h8
[2020-10-23 13:51:37] IELM.cv15: Hidden size: 68 	 
Training MSE: 0.27053505 	 Validating MSE: 1.30834854 	 Best VMSE: 1.31626308
[2020-10-23 13:51:37] IELM.cv15: Found new best state
[2020-10-23 13:51:37] IELM.cv15: Best vmse: 1.3083
[2020-10-23 13:51:37] IELM.cv15: Checkpoint saved to experiments/normal/sili/IELM_sili_h8
[2020-10-23 13:51:37] IELM.cv15: Hidden size: 69 	 
Training MSE: 0.27026594 	 Validating MSE: 1.32132220 	 Best VMSE: 1.30834854
[2020-10-23 13:51:37] IELM.cv15: Checkpoint saved to experiments/normal/sili/IELM_sili_h8
[2020-10-23 13:51:37] IELM.cv15: Hidden size: 70 	 
Training MSE: 0.26948377 	 Validating MSE: 1.29290676 	 Best VMSE: 1.30834854
[2020-10-23 13:51:37] IELM.cv15: Found new best state
[2020-10-23 13:51:37] IELM.cv15: Best vmse: 1.2929
[2020-10-23 13:51:37] IELM.cv15: Checkpoint saved to experiments/normal/sili/IELM_sili_h8
[2020-10-23 13:51:38] IELM.cv15: Hidden size: 71 	 
Training MSE: 0.26944175 	 Validating MSE: 1.29008031 	 Best VMSE: 1.29290676
[2020-10-23 13:51:38] IELM.cv15: Found new best state
[2020-10-23 13:51:38] IELM.cv15: Best vmse: 1.2901
[2020-10-23 13:51:38] IELM.cv15: Checkpoint saved to experiments/normal/sili/IELM_sili_h8
[2020-10-23 13:51:38] IELM.cv15: Hidden size: 72 	 
Training MSE: 0.26939726 	 Validating MSE: 1.29691851 	 Best VMSE: 1.29008031
[2020-10-23 13:51:38] IELM.cv15: Checkpoint saved to experiments/normal/sili/IELM_sili_h8
[2020-10-23 13:51:38] IELM.cv15: Hidden size: 73 	 
Training MSE: 0.26891252 	 Validating MSE: 1.27008545 	 Best VMSE: 1.29008031
[2020-10-23 13:51:38] IELM.cv15: Found new best state
[2020-10-23 13:51:38] IELM.cv15: Best vmse: 1.2701
[2020-10-23 13:51:38] IELM.cv15: Checkpoint saved to experiments/normal/sili/IELM_sili_h8
[2020-10-23 13:51:38] IELM.cv15: Hidden size: 74 	 
Training MSE: 0.26822764 	 Validating MSE: 1.29319251 	 Best VMSE: 1.27008545
[2020-10-23 13:51:38] IELM.cv15: Checkpoint saved to experiments/normal/sili/IELM_sili_h8
[2020-10-23 13:51:38] IELM.cv15: Hidden size: 75 	 
Training MSE: 0.26813319 	 Validating MSE: 1.30058813 	 Best VMSE: 1.27008545
[2020-10-23 13:51:38] IELM.cv15: Checkpoint saved to experiments/normal/sili/IELM_sili_h8
[2020-10-23 13:51:38] IELM.cv15: Hidden size: 76 	 
Training MSE: 0.26758850 	 Validating MSE: 1.30978966 	 Best VMSE: 1.27008545
[2020-10-23 13:51:38] IELM.cv15: Checkpoint saved to experiments/normal/sili/IELM_sili_h8
[2020-10-23 13:51:38] IELM.cv15: Hidden size: 77 	 
Training MSE: 0.26756263 	 Validating MSE: 1.30836761 	 Best VMSE: 1.27008545
[2020-10-23 13:51:38] IELM.cv15: Checkpoint saved to experiments/normal/sili/IELM_sili_h8
[2020-10-23 13:51:38] IELM.cv15: Hidden size: 78 	 
Training MSE: 0.26741627 	 Validating MSE: 1.29438865 	 Best VMSE: 1.27008545
[2020-10-23 13:51:38] IELM.cv15: Checkpoint saved to experiments/normal/sili/IELM_sili_h8
[2020-10-23 13:51:38] IELM.cv15: Hidden size: 79 	 
Training MSE: 0.26738620 	 Validating MSE: 1.29806411 	 Best VMSE: 1.27008545
[2020-10-23 13:51:38] IELM.cv15: Checkpoint saved to experiments/normal/sili/IELM_sili_h8
[2020-10-23 13:51:38] IELM.cv15: Hidden size: 80 	 
Training MSE: 0.26674891 	 Validating MSE: 1.31581068 	 Best VMSE: 1.27008545
[2020-10-23 13:51:38] IELM.cv15: Checkpoint saved to experiments/normal/sili/IELM_sili_h8
[2020-10-23 13:51:38] IELM.cv15: Hidden size: 81 	 
Training MSE: 0.26612788 	 Validating MSE: 1.29707778 	 Best VMSE: 1.27008545
[2020-10-23 13:51:38] IELM.cv15: Checkpoint saved to experiments/normal/sili/IELM_sili_h8
[2020-10-23 13:51:38] IELM.cv15: Hidden size: 82 	 
Training MSE: 0.26584610 	 Validating MSE: 1.27764177 	 Best VMSE: 1.27008545
[2020-10-23 13:51:38] IELM.cv15: Checkpoint saved to experiments/normal/sili/IELM_sili_h8
[2020-10-23 13:51:38] IELM.cv15: Hidden size: 83 	 
Training MSE: 0.26498452 	 Validating MSE: 1.29462445 	 Best VMSE: 1.27008545
[2020-10-23 13:51:38] IELM.cv15: Checkpoint saved to experiments/normal/sili/IELM_sili_h8
[2020-10-23 13:51:38] IELM.cv15: Hidden size: 84 	 
Training MSE: 0.26476669 	 Validating MSE: 1.30735600 	 Best VMSE: 1.27008545
[2020-10-23 13:51:38] IELM.cv15: Checkpoint saved to experiments/normal/sili/IELM_sili_h8
[2020-10-23 13:51:38] IELM.cv15: Hidden size: 85 	 
Training MSE: 0.26344976 	 Validating MSE: 1.26789355 	 Best VMSE: 1.27008545
[2020-10-23 13:51:38] IELM.cv15: Found new best state
[2020-10-23 13:51:38] IELM.cv15: Best vmse: 1.2679
[2020-10-23 13:51:38] IELM.cv15: Checkpoint saved to experiments/normal/sili/IELM_sili_h8
[2020-10-23 13:51:38] IELM.cv15: Hidden size: 86 	 
Training MSE: 0.26293796 	 Validating MSE: 1.23239028 	 Best VMSE: 1.26789355
[2020-10-23 13:51:38] IELM.cv15: Found new best state
[2020-10-23 13:51:38] IELM.cv15: Best vmse: 1.2324
[2020-10-23 13:51:38] IELM.cv15: Checkpoint saved to experiments/normal/sili/IELM_sili_h8
[2020-10-23 13:51:38] IELM.cv15: Hidden size: 87 	 
Training MSE: 0.26040247 	 Validating MSE: 1.26998603 	 Best VMSE: 1.23239028
[2020-10-23 13:51:38] IELM.cv15: Checkpoint saved to experiments/normal/sili/IELM_sili_h8
[2020-10-23 13:51:38] IELM.cv15: Hidden size: 88 	 
Training MSE: 0.26021469 	 Validating MSE: 1.25664461 	 Best VMSE: 1.23239028
[2020-10-23 13:51:38] IELM.cv15: Checkpoint saved to experiments/normal/sili/IELM_sili_h8
[2020-10-23 13:51:38] IELM.cv15: Hidden size: 89 	 
Training MSE: 0.26014441 	 Validating MSE: 1.25926912 	 Best VMSE: 1.23239028
[2020-10-23 13:51:38] IELM.cv15: Checkpoint saved to experiments/normal/sili/IELM_sili_h8
[2020-10-23 13:51:38] IELM.cv15: Hidden size: 90 	 
Training MSE: 0.25996637 	 Validating MSE: 1.25179088 	 Best VMSE: 1.23239028
[2020-10-23 13:51:38] IELM.cv15: Checkpoint saved to experiments/normal/sili/IELM_sili_h8
[2020-10-23 13:51:38] IELM.cv15: Hidden size: 91 	 
Training MSE: 0.25996119 	 Validating MSE: 1.25331557 	 Best VMSE: 1.23239028
[2020-10-23 13:51:38] IELM.cv15: Checkpoint saved to experiments/normal/sili/IELM_sili_h8
[2020-10-23 13:51:38] IELM.cv15: Hidden size: 92 	 
Training MSE: 0.25964203 	 Validating MSE: 1.24016750 	 Best VMSE: 1.23239028
[2020-10-23 13:51:38] IELM.cv15: Checkpoint saved to experiments/normal/sili/IELM_sili_h8
[2020-10-23 13:51:38] IELM.cv15: Hidden size: 93 	 
Training MSE: 0.25926989 	 Validating MSE: 1.25232935 	 Best VMSE: 1.23239028
[2020-10-23 13:51:38] IELM.cv15: Checkpoint saved to experiments/normal/sili/IELM_sili_h8
[2020-10-23 13:51:38] IELM.cv15: Hidden size: 94 	 
Training MSE: 0.25890943 	 Validating MSE: 1.23446453 	 Best VMSE: 1.23239028
[2020-10-23 13:51:38] IELM.cv15: Checkpoint saved to experiments/normal/sili/IELM_sili_h8
[2020-10-23 13:51:38] IELM.cv15: Hidden size: 95 	 
Training MSE: 0.25880718 	 Validating MSE: 1.22178793 	 Best VMSE: 1.23239028
[2020-10-23 13:51:38] IELM.cv15: Found new best state
[2020-10-23 13:51:38] IELM.cv15: Best vmse: 1.2218
[2020-10-23 13:51:38] IELM.cv15: Checkpoint saved to experiments/normal/sili/IELM_sili_h8
[2020-10-23 13:51:38] IELM.cv15: Hidden size: 96 	 
Training MSE: 0.25671801 	 Validating MSE: 1.25914752 	 Best VMSE: 1.22178793
[2020-10-23 13:51:38] IELM.cv15: Checkpoint saved to experiments/normal/sili/IELM_sili_h8
[2020-10-23 13:51:38] IELM.cv15: Hidden size: 97 	 
Training MSE: 0.25588131 	 Validating MSE: 1.23451412 	 Best VMSE: 1.22178793
[2020-10-23 13:51:38] IELM.cv15: Checkpoint saved to experiments/normal/sili/IELM_sili_h8
[2020-10-23 13:51:38] IELM.cv15: Hidden size: 98 	 
Training MSE: 0.25540459 	 Validating MSE: 1.24863660 	 Best VMSE: 1.22178793
[2020-10-23 13:51:38] IELM.cv15: Checkpoint saved to experiments/normal/sili/IELM_sili_h8
[2020-10-23 13:51:38] IELM.cv15: Hidden size: 99 	 
Training MSE: 0.25506943 	 Validating MSE: 1.23143661 	 Best VMSE: 1.22178793
[2020-10-23 13:51:38] IELM.cv15: Checkpoint saved to experiments/normal/sili/IELM_sili_h8
[2020-10-23 13:51:38] IELM.cv15: Hidden size: 100 	 
Training MSE: 0.25452027 	 Validating MSE: 1.20703590 	 Best VMSE: 1.22178793
[2020-10-23 13:51:38] IELM.cv15: Found new best state
[2020-10-23 13:51:38] IELM.cv15: Best vmse: 1.2070
[2020-10-23 13:51:38] IELM.cv15: Checkpoint saved to experiments/normal/sili/IELM_sili_h8
[2020-10-23 13:51:38] IELM.cv15: Restoring best parameters from experiments/normal/sili/IELM_sili_h8/train.cv15.pth.tar
[2020-10-23 13:51:38] IELM.cv15: sili	 H: 8	 Trail: 43 
Testing RMSE: 1.185 	 MAPE: 0.1803 	 SMAPE: 0.1046
