[2020-10-23 13:51:19] IELM.cv14: Loading the datasets and model for 37th-batch-training
[2020-10-23 13:51:19] IELM.cv14: Argument hidden_size: 100
[2020-10-23 13:51:19] IELM.cv14: Argument candidate_size: 300
[2020-10-23 13:51:19] IELM.cv14: Argument Lambdas: [0.5, 1, 5, 15, 30, 50, 100, 150, 200]
[2020-10-23 13:51:19] IELM.cv14: Argument Lambdas_std: [0.01, 0.05, 0.1, 0.5, 1]
[2020-10-23 13:51:19] IELM.cv14: Argument r: [0.8, 0.9, 0.99, 0.9999, 0.999999]
[2020-10-23 13:51:19] IELM.cv14: Argument tolerance: 0
[2020-10-23 13:51:19] IELM.cv14: Argument device: device(type='cuda')
[2020-10-23 13:51:19] IELM.cv14: Argument dataset: 'sili'
[2020-10-23 13:51:19] IELM.cv14: Argument H: 8
[2020-10-23 13:51:19] IELM.cv14: Argument k: 5
[2020-10-23 13:51:19] IELM.cv14: Argument test: False
[2020-10-23 13:51:19] IELM.cv14: Argument normal: True
[2020-10-23 13:51:19] IELM.cv14: Argument diff: False
[2020-10-23 13:51:19] IELM.cv14: Argument times: 60
[2020-10-23 13:51:19] IELM.cv14: Argument datasets: {'ar1': {'lag_order': 15, 'normal': True, 'cov_dim': 0, 'kernel_size': 3}, 'wti': {'lag_order': 25, 'normal': True, 'cov_dim': 0, 'kernel_size': 5}, 'gold': {'lag_order': 25, 'normal': True, 'cov_dim': 0, 'kernel_size': 5}, 'sp': {'lag_order': 25, 'normal': True, 'cov_dim': 0, 'kernel_size': 5}, 'brent': {'lag_order': 24, 'normal': True, 'cov_dim': 0, 'kernel_size': 6}, 'sili': {'lag_order': 26, 'normal': True, 'cov_dim': 0, 'kernel_size': 6}}
[2020-10-23 13:51:19] IELM.cv14: Argument steps: 26
[2020-10-23 13:51:19] IELM.cv14: Argument experiment: 'experiments/normal/sili'
[2020-10-23 13:51:19] IELM.cv14: Argument scaler: StandardScaler()
[2020-10-23 13:51:19] IELM.cv14: Argument model_name: 'IELM_sili_h8'
[2020-10-23 13:51:19] IELM.cv14: Argument model_dir: 'experiments/normal/sili/IELM_sili_h8'
[2020-10-23 13:51:19] IELM.cv14: Argument restore: True
[2020-10-23 13:51:19] IELM.cv14: Argument cv: 14
[2020-10-23 13:51:19] IELM.cv14: Argument plot_dir: 'experiments/normal/sili/IELM_sili_h8/figures'
[2020-10-23 13:51:19] IELM.cv14: Using Cuda...
[2020-10-23 13:51:19] IELM.cv14: Loading complete.
[2020-10-23 13:51:19] IELM.cv14: Model: 
IELM(
  (loss_fn): MSELoss()
)
[2020-10-23 13:51:19] IELM.cv14: Hidden size: 1 	 
Training MSE: 0.37362856 	 Validating MSE: 1.40111089 	 Best VMSE: 9999.00000000
[2020-10-23 13:51:19] IELM.cv14: Found new best state
[2020-10-23 13:51:19] IELM.cv14: Best vmse: 1.4011
[2020-10-23 13:51:19] IELM.cv14: Checkpoint saved to experiments/normal/sili/IELM_sili_h8
[2020-10-23 13:51:19] IELM.cv14: Hidden size: 2 	 
Training MSE: 0.37300709 	 Validating MSE: 1.39047801 	 Best VMSE: 1.40111089
[2020-10-23 13:51:19] IELM.cv14: Found new best state
[2020-10-23 13:51:19] IELM.cv14: Best vmse: 1.3905
[2020-10-23 13:51:19] IELM.cv14: Checkpoint saved to experiments/normal/sili/IELM_sili_h8
[2020-10-23 13:51:19] IELM.cv14: Hidden size: 3 	 
Training MSE: 0.37093189 	 Validating MSE: 1.44849551 	 Best VMSE: 1.39047801
[2020-10-23 13:51:19] IELM.cv14: Checkpoint saved to experiments/normal/sili/IELM_sili_h8
[2020-10-23 13:51:19] IELM.cv14: Hidden size: 4 	 
Training MSE: 0.37012547 	 Validating MSE: 1.45897853 	 Best VMSE: 1.39047801
[2020-10-23 13:51:19] IELM.cv14: Checkpoint saved to experiments/normal/sili/IELM_sili_h8
[2020-10-23 13:51:19] IELM.cv14: Hidden size: 5 	 
Training MSE: 0.36627957 	 Validating MSE: 1.41507721 	 Best VMSE: 1.39047801
[2020-10-23 13:51:19] IELM.cv14: Checkpoint saved to experiments/normal/sili/IELM_sili_h8
[2020-10-23 13:51:19] IELM.cv14: Hidden size: 6 	 
Training MSE: 0.36202341 	 Validating MSE: 1.38178766 	 Best VMSE: 1.39047801
[2020-10-23 13:51:19] IELM.cv14: Found new best state
[2020-10-23 13:51:19] IELM.cv14: Best vmse: 1.3818
[2020-10-23 13:51:19] IELM.cv14: Checkpoint saved to experiments/normal/sili/IELM_sili_h8
[2020-10-23 13:51:19] IELM.cv14: Hidden size: 7 	 
Training MSE: 0.35618916 	 Validating MSE: 1.52358854 	 Best VMSE: 1.38178766
[2020-10-23 13:51:19] IELM.cv14: Checkpoint saved to experiments/normal/sili/IELM_sili_h8
[2020-10-23 13:51:19] IELM.cv14: Hidden size: 8 	 
Training MSE: 0.35443789 	 Validating MSE: 1.53185272 	 Best VMSE: 1.38178766
[2020-10-23 13:51:19] IELM.cv14: Checkpoint saved to experiments/normal/sili/IELM_sili_h8
[2020-10-23 13:51:19] IELM.cv14: Hidden size: 9 	 
Training MSE: 0.35025713 	 Validating MSE: 1.46521056 	 Best VMSE: 1.38178766
[2020-10-23 13:51:19] IELM.cv14: Checkpoint saved to experiments/normal/sili/IELM_sili_h8
[2020-10-23 13:51:19] IELM.cv14: Hidden size: 10 	 
Training MSE: 0.32944936 	 Validating MSE: 1.59358072 	 Best VMSE: 1.38178766
[2020-10-23 13:51:19] IELM.cv14: Checkpoint saved to experiments/normal/sili/IELM_sili_h8
[2020-10-23 13:51:19] IELM.cv14: Hidden size: 11 	 
Training MSE: 0.32197157 	 Validating MSE: 1.48829448 	 Best VMSE: 1.38178766
[2020-10-23 13:51:19] IELM.cv14: Checkpoint saved to experiments/normal/sili/IELM_sili_h8
[2020-10-23 13:51:19] IELM.cv14: Hidden size: 12 	 
Training MSE: 0.31869784 	 Validating MSE: 1.55354607 	 Best VMSE: 1.38178766
[2020-10-23 13:51:19] IELM.cv14: Checkpoint saved to experiments/normal/sili/IELM_sili_h8
[2020-10-23 13:51:19] IELM.cv14: Hidden size: 13 	 
Training MSE: 0.31610775 	 Validating MSE: 1.51586902 	 Best VMSE: 1.38178766
[2020-10-23 13:51:19] IELM.cv14: Checkpoint saved to experiments/normal/sili/IELM_sili_h8
[2020-10-23 13:51:19] IELM.cv14: Hidden size: 14 	 
Training MSE: 0.31429750 	 Validating MSE: 1.55270994 	 Best VMSE: 1.38178766
[2020-10-23 13:51:19] IELM.cv14: Checkpoint saved to experiments/normal/sili/IELM_sili_h8
[2020-10-23 13:51:19] IELM.cv14: Hidden size: 15 	 
Training MSE: 0.31391534 	 Validating MSE: 1.53046381 	 Best VMSE: 1.38178766
[2020-10-23 13:51:19] IELM.cv14: Checkpoint saved to experiments/normal/sili/IELM_sili_h8
[2020-10-23 13:51:19] IELM.cv14: Hidden size: 16 	 
Training MSE: 0.31353295 	 Validating MSE: 1.54119527 	 Best VMSE: 1.38178766
[2020-10-23 13:51:19] IELM.cv14: Checkpoint saved to experiments/normal/sili/IELM_sili_h8
[2020-10-23 13:51:19] IELM.cv14: Hidden size: 17 	 
Training MSE: 0.31283632 	 Validating MSE: 1.56489980 	 Best VMSE: 1.38178766
[2020-10-23 13:51:19] IELM.cv14: Checkpoint saved to experiments/normal/sili/IELM_sili_h8
[2020-10-23 13:51:19] IELM.cv14: Hidden size: 18 	 
Training MSE: 0.31088549 	 Validating MSE: 1.53543890 	 Best VMSE: 1.38178766
[2020-10-23 13:51:19] IELM.cv14: Checkpoint saved to experiments/normal/sili/IELM_sili_h8
[2020-10-23 13:51:19] IELM.cv14: Hidden size: 19 	 
Training MSE: 0.30980757 	 Validating MSE: 1.57460940 	 Best VMSE: 1.38178766
[2020-10-23 13:51:19] IELM.cv14: Checkpoint saved to experiments/normal/sili/IELM_sili_h8
[2020-10-23 13:51:19] IELM.cv14: Hidden size: 20 	 
Training MSE: 0.30975407 	 Validating MSE: 1.56727135 	 Best VMSE: 1.38178766
[2020-10-23 13:51:19] IELM.cv14: Checkpoint saved to experiments/normal/sili/IELM_sili_h8
[2020-10-23 13:51:20] IELM.cv14: Hidden size: 21 	 
Training MSE: 0.30789080 	 Validating MSE: 1.49909651 	 Best VMSE: 1.38178766
[2020-10-23 13:51:20] IELM.cv14: Checkpoint saved to experiments/normal/sili/IELM_sili_h8
[2020-10-23 13:51:20] IELM.cv14: Hidden size: 22 	 
Training MSE: 0.30693063 	 Validating MSE: 1.48068225 	 Best VMSE: 1.38178766
[2020-10-23 13:51:20] IELM.cv14: Checkpoint saved to experiments/normal/sili/IELM_sili_h8
[2020-10-23 13:51:20] IELM.cv14: Hidden size: 23 	 
Training MSE: 0.30602574 	 Validating MSE: 1.51218688 	 Best VMSE: 1.38178766
[2020-10-23 13:51:20] IELM.cv14: Checkpoint saved to experiments/normal/sili/IELM_sili_h8
[2020-10-23 13:51:20] IELM.cv14: Hidden size: 24 	 
Training MSE: 0.30153853 	 Validating MSE: 1.39106023 	 Best VMSE: 1.38178766
[2020-10-23 13:51:20] IELM.cv14: Checkpoint saved to experiments/normal/sili/IELM_sili_h8
[2020-10-23 13:51:20] IELM.cv14: Hidden size: 25 	 
Training MSE: 0.29733571 	 Validating MSE: 1.42421055 	 Best VMSE: 1.38178766
[2020-10-23 13:51:20] IELM.cv14: Checkpoint saved to experiments/normal/sili/IELM_sili_h8
[2020-10-23 13:51:20] IELM.cv14: Hidden size: 26 	 
Training MSE: 0.29716107 	 Validating MSE: 1.44249380 	 Best VMSE: 1.38178766
[2020-10-23 13:51:20] IELM.cv14: Checkpoint saved to experiments/normal/sili/IELM_sili_h8
[2020-10-23 13:51:20] IELM.cv14: Hidden size: 27 	 
Training MSE: 0.29398194 	 Validating MSE: 1.38715589 	 Best VMSE: 1.38178766
[2020-10-23 13:51:20] IELM.cv14: Checkpoint saved to experiments/normal/sili/IELM_sili_h8
[2020-10-23 13:51:20] IELM.cv14: Hidden size: 28 	 
Training MSE: 0.29073945 	 Validating MSE: 1.40733826 	 Best VMSE: 1.38178766
[2020-10-23 13:51:20] IELM.cv14: Checkpoint saved to experiments/normal/sili/IELM_sili_h8
[2020-10-23 13:51:20] IELM.cv14: Hidden size: 29 	 
Training MSE: 0.29037878 	 Validating MSE: 1.38775086 	 Best VMSE: 1.38178766
[2020-10-23 13:51:20] IELM.cv14: Checkpoint saved to experiments/normal/sili/IELM_sili_h8
[2020-10-23 13:51:20] IELM.cv14: Hidden size: 30 	 
Training MSE: 0.28973332 	 Validating MSE: 1.40051782 	 Best VMSE: 1.38178766
[2020-10-23 13:51:20] IELM.cv14: Checkpoint saved to experiments/normal/sili/IELM_sili_h8
[2020-10-23 13:51:20] IELM.cv14: Hidden size: 31 	 
Training MSE: 0.28934383 	 Validating MSE: 1.41897619 	 Best VMSE: 1.38178766
[2020-10-23 13:51:20] IELM.cv14: Checkpoint saved to experiments/normal/sili/IELM_sili_h8
[2020-10-23 13:51:20] IELM.cv14: Hidden size: 32 	 
Training MSE: 0.28849906 	 Validating MSE: 1.39273965 	 Best VMSE: 1.38178766
[2020-10-23 13:51:20] IELM.cv14: Checkpoint saved to experiments/normal/sili/IELM_sili_h8
[2020-10-23 13:51:20] IELM.cv14: Hidden size: 33 	 
Training MSE: 0.28766903 	 Validating MSE: 1.41185677 	 Best VMSE: 1.38178766
[2020-10-23 13:51:20] IELM.cv14: Checkpoint saved to experiments/normal/sili/IELM_sili_h8
[2020-10-23 13:51:20] IELM.cv14: Hidden size: 34 	 
Training MSE: 0.28727442 	 Validating MSE: 1.38743675 	 Best VMSE: 1.38178766
[2020-10-23 13:51:20] IELM.cv14: Checkpoint saved to experiments/normal/sili/IELM_sili_h8
[2020-10-23 13:51:20] IELM.cv14: Hidden size: 35 	 
Training MSE: 0.28106961 	 Validating MSE: 1.30597794 	 Best VMSE: 1.38178766
[2020-10-23 13:51:20] IELM.cv14: Found new best state
[2020-10-23 13:51:20] IELM.cv14: Best vmse: 1.3060
[2020-10-23 13:51:20] IELM.cv14: Checkpoint saved to experiments/normal/sili/IELM_sili_h8
[2020-10-23 13:51:20] IELM.cv14: Hidden size: 36 	 
Training MSE: 0.28047425 	 Validating MSE: 1.31556213 	 Best VMSE: 1.30597794
[2020-10-23 13:51:20] IELM.cv14: Checkpoint saved to experiments/normal/sili/IELM_sili_h8
[2020-10-23 13:51:20] IELM.cv14: Hidden size: 37 	 
Training MSE: 0.27832797 	 Validating MSE: 1.35401309 	 Best VMSE: 1.30597794
[2020-10-23 13:51:20] IELM.cv14: Checkpoint saved to experiments/normal/sili/IELM_sili_h8
[2020-10-23 13:51:20] IELM.cv14: Hidden size: 38 	 
Training MSE: 0.27810630 	 Validating MSE: 1.34653819 	 Best VMSE: 1.30597794
[2020-10-23 13:51:20] IELM.cv14: Checkpoint saved to experiments/normal/sili/IELM_sili_h8
[2020-10-23 13:51:20] IELM.cv14: Hidden size: 39 	 
Training MSE: 0.27787384 	 Validating MSE: 1.32549345 	 Best VMSE: 1.30597794
[2020-10-23 13:51:20] IELM.cv14: Checkpoint saved to experiments/normal/sili/IELM_sili_h8
[2020-10-23 13:51:20] IELM.cv14: Hidden size: 40 	 
Training MSE: 0.27768475 	 Validating MSE: 1.31559920 	 Best VMSE: 1.30597794
[2020-10-23 13:51:20] IELM.cv14: Checkpoint saved to experiments/normal/sili/IELM_sili_h8
[2020-10-23 13:51:20] IELM.cv14: Hidden size: 41 	 
Training MSE: 0.27731019 	 Validating MSE: 1.33738351 	 Best VMSE: 1.30597794
[2020-10-23 13:51:20] IELM.cv14: Checkpoint saved to experiments/normal/sili/IELM_sili_h8
[2020-10-23 13:51:20] IELM.cv14: Hidden size: 42 	 
Training MSE: 0.27719343 	 Validating MSE: 1.34712911 	 Best VMSE: 1.30597794
[2020-10-23 13:51:20] IELM.cv14: Checkpoint saved to experiments/normal/sili/IELM_sili_h8
[2020-10-23 13:51:20] IELM.cv14: Hidden size: 43 	 
Training MSE: 0.27713355 	 Validating MSE: 1.34738350 	 Best VMSE: 1.30597794
[2020-10-23 13:51:20] IELM.cv14: Checkpoint saved to experiments/normal/sili/IELM_sili_h8
[2020-10-23 13:51:20] IELM.cv14: Hidden size: 44 	 
Training MSE: 0.27710858 	 Validating MSE: 1.34971261 	 Best VMSE: 1.30597794
[2020-10-23 13:51:20] IELM.cv14: Checkpoint saved to experiments/normal/sili/IELM_sili_h8
[2020-10-23 13:51:20] IELM.cv14: Hidden size: 45 	 
Training MSE: 0.27619550 	 Validating MSE: 1.32349706 	 Best VMSE: 1.30597794
[2020-10-23 13:51:20] IELM.cv14: Checkpoint saved to experiments/normal/sili/IELM_sili_h8
[2020-10-23 13:51:20] IELM.cv14: Hidden size: 46 	 
Training MSE: 0.27432004 	 Validating MSE: 1.34390473 	 Best VMSE: 1.30597794
[2020-10-23 13:51:20] IELM.cv14: Checkpoint saved to experiments/normal/sili/IELM_sili_h8
[2020-10-23 13:51:20] IELM.cv14: Hidden size: 47 	 
Training MSE: 0.27390593 	 Validating MSE: 1.32568979 	 Best VMSE: 1.30597794
[2020-10-23 13:51:20] IELM.cv14: Checkpoint saved to experiments/normal/sili/IELM_sili_h8
[2020-10-23 13:51:20] IELM.cv14: Hidden size: 48 	 
Training MSE: 0.27326483 	 Validating MSE: 1.35365975 	 Best VMSE: 1.30597794
[2020-10-23 13:51:20] IELM.cv14: Checkpoint saved to experiments/normal/sili/IELM_sili_h8
[2020-10-23 13:51:20] IELM.cv14: Hidden size: 49 	 
Training MSE: 0.27274939 	 Validating MSE: 1.33747625 	 Best VMSE: 1.30597794
[2020-10-23 13:51:20] IELM.cv14: Checkpoint saved to experiments/normal/sili/IELM_sili_h8
[2020-10-23 13:51:20] IELM.cv14: Hidden size: 50 	 
Training MSE: 0.27266872 	 Validating MSE: 1.34344482 	 Best VMSE: 1.30597794
[2020-10-23 13:51:20] IELM.cv14: Checkpoint saved to experiments/normal/sili/IELM_sili_h8
[2020-10-23 13:51:20] IELM.cv14: Hidden size: 51 	 
Training MSE: 0.27264425 	 Validating MSE: 1.34711397 	 Best VMSE: 1.30597794
[2020-10-23 13:51:20] IELM.cv14: Checkpoint saved to experiments/normal/sili/IELM_sili_h8
[2020-10-23 13:51:20] IELM.cv14: Hidden size: 52 	 
Training MSE: 0.27255094 	 Validating MSE: 1.34075546 	 Best VMSE: 1.30597794
[2020-10-23 13:51:20] IELM.cv14: Checkpoint saved to experiments/normal/sili/IELM_sili_h8
[2020-10-23 13:51:20] IELM.cv14: Hidden size: 53 	 
Training MSE: 0.27147362 	 Validating MSE: 1.30676389 	 Best VMSE: 1.30597794
[2020-10-23 13:51:20] IELM.cv14: Checkpoint saved to experiments/normal/sili/IELM_sili_h8
[2020-10-23 13:51:20] IELM.cv14: Hidden size: 54 	 
Training MSE: 0.27104011 	 Validating MSE: 1.31820524 	 Best VMSE: 1.30597794
[2020-10-23 13:51:20] IELM.cv14: Checkpoint saved to experiments/normal/sili/IELM_sili_h8
[2020-10-23 13:51:20] IELM.cv14: Hidden size: 55 	 
Training MSE: 0.27091306 	 Validating MSE: 1.32253909 	 Best VMSE: 1.30597794
[2020-10-23 13:51:20] IELM.cv14: Checkpoint saved to experiments/normal/sili/IELM_sili_h8
[2020-10-23 13:51:20] IELM.cv14: Hidden size: 56 	 
Training MSE: 0.27084303 	 Validating MSE: 1.32494819 	 Best VMSE: 1.30597794
[2020-10-23 13:51:20] IELM.cv14: Checkpoint saved to experiments/normal/sili/IELM_sili_h8
[2020-10-23 13:51:20] IELM.cv14: Hidden size: 57 	 
Training MSE: 0.26980862 	 Validating MSE: 1.29023778 	 Best VMSE: 1.30597794
[2020-10-23 13:51:20] IELM.cv14: Found new best state
[2020-10-23 13:51:20] IELM.cv14: Best vmse: 1.2902
[2020-10-23 13:51:20] IELM.cv14: Checkpoint saved to experiments/normal/sili/IELM_sili_h8
[2020-10-23 13:51:21] IELM.cv14: Hidden size: 58 	 
Training MSE: 0.26791745 	 Validating MSE: 1.30311131 	 Best VMSE: 1.29023778
[2020-10-23 13:51:21] IELM.cv14: Checkpoint saved to experiments/normal/sili/IELM_sili_h8
[2020-10-23 13:51:21] IELM.cv14: Hidden size: 59 	 
Training MSE: 0.26707685 	 Validating MSE: 1.26958334 	 Best VMSE: 1.29023778
[2020-10-23 13:51:21] IELM.cv14: Found new best state
[2020-10-23 13:51:21] IELM.cv14: Best vmse: 1.2696
[2020-10-23 13:51:21] IELM.cv14: Checkpoint saved to experiments/normal/sili/IELM_sili_h8
[2020-10-23 13:51:21] IELM.cv14: Hidden size: 60 	 
Training MSE: 0.26676360 	 Validating MSE: 1.28234863 	 Best VMSE: 1.26958334
[2020-10-23 13:51:21] IELM.cv14: Checkpoint saved to experiments/normal/sili/IELM_sili_h8
[2020-10-23 13:51:21] IELM.cv14: Hidden size: 61 	 
Training MSE: 0.26619270 	 Validating MSE: 1.26283681 	 Best VMSE: 1.26958334
[2020-10-23 13:51:21] IELM.cv14: Found new best state
[2020-10-23 13:51:21] IELM.cv14: Best vmse: 1.2628
[2020-10-23 13:51:21] IELM.cv14: Checkpoint saved to experiments/normal/sili/IELM_sili_h8
[2020-10-23 13:51:21] IELM.cv14: Hidden size: 62 	 
Training MSE: 0.26605409 	 Validating MSE: 1.26918828 	 Best VMSE: 1.26283681
[2020-10-23 13:51:21] IELM.cv14: Checkpoint saved to experiments/normal/sili/IELM_sili_h8
[2020-10-23 13:51:21] IELM.cv14: Hidden size: 63 	 
Training MSE: 0.26581806 	 Validating MSE: 1.27818930 	 Best VMSE: 1.26283681
[2020-10-23 13:51:21] IELM.cv14: Checkpoint saved to experiments/normal/sili/IELM_sili_h8
[2020-10-23 13:51:21] IELM.cv14: Hidden size: 64 	 
Training MSE: 0.26575184 	 Validating MSE: 1.27269328 	 Best VMSE: 1.26283681
[2020-10-23 13:51:21] IELM.cv14: Checkpoint saved to experiments/normal/sili/IELM_sili_h8
[2020-10-23 13:51:21] IELM.cv14: Hidden size: 65 	 
Training MSE: 0.26574722 	 Validating MSE: 1.27184987 	 Best VMSE: 1.26283681
[2020-10-23 13:51:21] IELM.cv14: Checkpoint saved to experiments/normal/sili/IELM_sili_h8
[2020-10-23 13:51:21] IELM.cv14: Hidden size: 66 	 
Training MSE: 0.26556602 	 Validating MSE: 1.28590894 	 Best VMSE: 1.26283681
[2020-10-23 13:51:21] IELM.cv14: Checkpoint saved to experiments/normal/sili/IELM_sili_h8
[2020-10-23 13:51:21] IELM.cv14: Hidden size: 67 	 
Training MSE: 0.26494214 	 Validating MSE: 1.26634777 	 Best VMSE: 1.26283681
[2020-10-23 13:51:21] IELM.cv14: Checkpoint saved to experiments/normal/sili/IELM_sili_h8
[2020-10-23 13:51:21] IELM.cv14: Hidden size: 68 	 
Training MSE: 0.26448572 	 Validating MSE: 1.28466213 	 Best VMSE: 1.26283681
[2020-10-23 13:51:21] IELM.cv14: Checkpoint saved to experiments/normal/sili/IELM_sili_h8
[2020-10-23 13:51:21] IELM.cv14: Hidden size: 69 	 
Training MSE: 0.26442614 	 Validating MSE: 1.27862048 	 Best VMSE: 1.26283681
[2020-10-23 13:51:21] IELM.cv14: Checkpoint saved to experiments/normal/sili/IELM_sili_h8
[2020-10-23 13:51:21] IELM.cv14: Hidden size: 70 	 
Training MSE: 0.26437896 	 Validating MSE: 1.27884257 	 Best VMSE: 1.26283681
[2020-10-23 13:51:21] IELM.cv14: Checkpoint saved to experiments/normal/sili/IELM_sili_h8
[2020-10-23 13:51:21] IELM.cv14: Hidden size: 71 	 
Training MSE: 0.26434758 	 Validating MSE: 1.28286302 	 Best VMSE: 1.26283681
[2020-10-23 13:51:21] IELM.cv14: Checkpoint saved to experiments/normal/sili/IELM_sili_h8
[2020-10-23 13:51:21] IELM.cv14: Hidden size: 72 	 
Training MSE: 0.26432669 	 Validating MSE: 1.28496730 	 Best VMSE: 1.26283681
[2020-10-23 13:51:21] IELM.cv14: Checkpoint saved to experiments/normal/sili/IELM_sili_h8
[2020-10-23 13:51:21] IELM.cv14: Hidden size: 73 	 
Training MSE: 0.26432011 	 Validating MSE: 1.28555989 	 Best VMSE: 1.26283681
[2020-10-23 13:51:21] IELM.cv14: Checkpoint saved to experiments/normal/sili/IELM_sili_h8
[2020-10-23 13:51:21] IELM.cv14: Hidden size: 74 	 
Training MSE: 0.26419184 	 Validating MSE: 1.28945637 	 Best VMSE: 1.26283681
[2020-10-23 13:51:21] IELM.cv14: Checkpoint saved to experiments/normal/sili/IELM_sili_h8
[2020-10-23 13:51:21] IELM.cv14: Hidden size: 75 	 
Training MSE: 0.26409823 	 Validating MSE: 1.27952492 	 Best VMSE: 1.26283681
[2020-10-23 13:51:21] IELM.cv14: Checkpoint saved to experiments/normal/sili/IELM_sili_h8
[2020-10-23 13:51:21] IELM.cv14: Hidden size: 76 	 
Training MSE: 0.26394433 	 Validating MSE: 1.27639258 	 Best VMSE: 1.26283681
[2020-10-23 13:51:21] IELM.cv14: Checkpoint saved to experiments/normal/sili/IELM_sili_h8
[2020-10-23 13:51:21] IELM.cv14: Hidden size: 77 	 
Training MSE: 0.26382673 	 Validating MSE: 1.26769543 	 Best VMSE: 1.26283681
[2020-10-23 13:51:21] IELM.cv14: Checkpoint saved to experiments/normal/sili/IELM_sili_h8
[2020-10-23 13:51:21] IELM.cv14: Hidden size: 78 	 
Training MSE: 0.26380971 	 Validating MSE: 1.27136064 	 Best VMSE: 1.26283681
[2020-10-23 13:51:21] IELM.cv14: Checkpoint saved to experiments/normal/sili/IELM_sili_h8
[2020-10-23 13:51:21] IELM.cv14: Hidden size: 79 	 
Training MSE: 0.26366004 	 Validating MSE: 1.27681720 	 Best VMSE: 1.26283681
[2020-10-23 13:51:21] IELM.cv14: Checkpoint saved to experiments/normal/sili/IELM_sili_h8
[2020-10-23 13:51:21] IELM.cv14: Hidden size: 80 	 
Training MSE: 0.26296377 	 Validating MSE: 1.25899804 	 Best VMSE: 1.26283681
[2020-10-23 13:51:21] IELM.cv14: Found new best state
[2020-10-23 13:51:21] IELM.cv14: Best vmse: 1.2590
[2020-10-23 13:51:21] IELM.cv14: Checkpoint saved to experiments/normal/sili/IELM_sili_h8
[2020-10-23 13:51:21] IELM.cv14: Hidden size: 81 	 
Training MSE: 0.26242802 	 Validating MSE: 1.28154886 	 Best VMSE: 1.25899804
[2020-10-23 13:51:21] IELM.cv14: Checkpoint saved to experiments/normal/sili/IELM_sili_h8
[2020-10-23 13:51:21] IELM.cv14: Hidden size: 82 	 
Training MSE: 0.26236561 	 Validating MSE: 1.27999592 	 Best VMSE: 1.25899804
[2020-10-23 13:51:21] IELM.cv14: Checkpoint saved to experiments/normal/sili/IELM_sili_h8
[2020-10-23 13:51:21] IELM.cv14: Hidden size: 83 	 
Training MSE: 0.26214862 	 Validating MSE: 1.26126790 	 Best VMSE: 1.25899804
[2020-10-23 13:51:21] IELM.cv14: Checkpoint saved to experiments/normal/sili/IELM_sili_h8
[2020-10-23 13:51:21] IELM.cv14: Hidden size: 84 	 
Training MSE: 0.26200938 	 Validating MSE: 1.27018631 	 Best VMSE: 1.25899804
[2020-10-23 13:51:21] IELM.cv14: Checkpoint saved to experiments/normal/sili/IELM_sili_h8
[2020-10-23 13:51:21] IELM.cv14: Hidden size: 85 	 
Training MSE: 0.26155514 	 Validating MSE: 1.28249598 	 Best VMSE: 1.25899804
[2020-10-23 13:51:21] IELM.cv14: Checkpoint saved to experiments/normal/sili/IELM_sili_h8
[2020-10-23 13:51:21] IELM.cv14: Hidden size: 86 	 
Training MSE: 0.26154375 	 Validating MSE: 1.28179872 	 Best VMSE: 1.25899804
[2020-10-23 13:51:21] IELM.cv14: Checkpoint saved to experiments/normal/sili/IELM_sili_h8
[2020-10-23 13:51:21] IELM.cv14: Hidden size: 87 	 
Training MSE: 0.26146895 	 Validating MSE: 1.27660978 	 Best VMSE: 1.25899804
[2020-10-23 13:51:21] IELM.cv14: Checkpoint saved to experiments/normal/sili/IELM_sili_h8
[2020-10-23 13:51:21] IELM.cv14: Hidden size: 88 	 
Training MSE: 0.26086926 	 Validating MSE: 1.25983608 	 Best VMSE: 1.25899804
[2020-10-23 13:51:21] IELM.cv14: Checkpoint saved to experiments/normal/sili/IELM_sili_h8
[2020-10-23 13:51:21] IELM.cv14: Hidden size: 89 	 
Training MSE: 0.26027262 	 Validating MSE: 1.28045559 	 Best VMSE: 1.25899804
[2020-10-23 13:51:21] IELM.cv14: Checkpoint saved to experiments/normal/sili/IELM_sili_h8
[2020-10-23 13:51:21] IELM.cv14: Hidden size: 90 	 
Training MSE: 0.26015401 	 Validating MSE: 1.27388179 	 Best VMSE: 1.25899804
[2020-10-23 13:51:21] IELM.cv14: Checkpoint saved to experiments/normal/sili/IELM_sili_h8
[2020-10-23 13:51:21] IELM.cv14: Hidden size: 91 	 
Training MSE: 0.26011598 	 Validating MSE: 1.26833475 	 Best VMSE: 1.25899804
[2020-10-23 13:51:21] IELM.cv14: Checkpoint saved to experiments/normal/sili/IELM_sili_h8
[2020-10-23 13:51:21] IELM.cv14: Hidden size: 92 	 
Training MSE: 0.26007304 	 Validating MSE: 1.27057540 	 Best VMSE: 1.25899804
[2020-10-23 13:51:21] IELM.cv14: Checkpoint saved to experiments/normal/sili/IELM_sili_h8
[2020-10-23 13:51:21] IELM.cv14: Hidden size: 93 	 
Training MSE: 0.26003462 	 Validating MSE: 1.26593864 	 Best VMSE: 1.25899804
[2020-10-23 13:51:21] IELM.cv14: Checkpoint saved to experiments/normal/sili/IELM_sili_h8
[2020-10-23 13:51:21] IELM.cv14: Hidden size: 94 	 
Training MSE: 0.25994310 	 Validating MSE: 1.25784719 	 Best VMSE: 1.25899804
[2020-10-23 13:51:21] IELM.cv14: Found new best state
[2020-10-23 13:51:21] IELM.cv14: Best vmse: 1.2578
[2020-10-23 13:51:21] IELM.cv14: Checkpoint saved to experiments/normal/sili/IELM_sili_h8
[2020-10-23 13:51:22] IELM.cv14: Hidden size: 95 	 
Training MSE: 0.25927952 	 Validating MSE: 1.26775956 	 Best VMSE: 1.25784719
[2020-10-23 13:51:22] IELM.cv14: Checkpoint saved to experiments/normal/sili/IELM_sili_h8
[2020-10-23 13:51:22] IELM.cv14: Hidden size: 96 	 
Training MSE: 0.25894549 	 Validating MSE: 1.25297391 	 Best VMSE: 1.25784719
[2020-10-23 13:51:22] IELM.cv14: Found new best state
[2020-10-23 13:51:22] IELM.cv14: Best vmse: 1.2530
[2020-10-23 13:51:22] IELM.cv14: Checkpoint saved to experiments/normal/sili/IELM_sili_h8
[2020-10-23 13:51:22] IELM.cv14: Hidden size: 97 	 
Training MSE: 0.25879198 	 Validating MSE: 1.26707458 	 Best VMSE: 1.25297391
[2020-10-23 13:51:22] IELM.cv14: Checkpoint saved to experiments/normal/sili/IELM_sili_h8
[2020-10-23 13:51:22] IELM.cv14: Hidden size: 98 	 
Training MSE: 0.25878093 	 Validating MSE: 1.26836431 	 Best VMSE: 1.25297391
[2020-10-23 13:51:22] IELM.cv14: Checkpoint saved to experiments/normal/sili/IELM_sili_h8
[2020-10-23 13:51:22] IELM.cv14: Hidden size: 99 	 
Training MSE: 0.25863609 	 Validating MSE: 1.25783825 	 Best VMSE: 1.25297391
[2020-10-23 13:51:22] IELM.cv14: Checkpoint saved to experiments/normal/sili/IELM_sili_h8
[2020-10-23 13:51:22] IELM.cv14: Hidden size: 100 	 
Training MSE: 0.25853056 	 Validating MSE: 1.26672876 	 Best VMSE: 1.25297391
[2020-10-23 13:51:22] IELM.cv14: Checkpoint saved to experiments/normal/sili/IELM_sili_h8
[2020-10-23 13:51:22] IELM.cv14: Restoring best parameters from experiments/normal/sili/IELM_sili_h8/train.cv14.pth.tar
[2020-10-23 13:51:22] IELM.cv14: sili	 H: 8	 Trail: 37 
Testing RMSE: 1.176 	 MAPE: 0.1723 	 SMAPE: 0.09959
