[2020-10-23 11:06:58] esmCNN.cv13: Loading the datasets and model for 48th-batch-training
[2020-10-23 11:06:58] esmCNN.cv13: Argument channel_size: 100
[2020-10-23 11:06:58] esmCNN.cv13: Argument candidate_size: 300
[2020-10-23 11:06:58] esmCNN.cv13: Argument kernel_size: 6
[2020-10-23 11:06:58] esmCNN.cv13: Argument kernel_list: [8, 6, 5, 4]
[2020-10-23 11:06:58] esmCNN.cv13: Argument Lambdas: [0.5, 1, 5, 15, 30, 50, 100, 150, 200]
[2020-10-23 11:06:58] esmCNN.cv13: Argument Lambdas_std: [0.01, 0.05, 0.1, 0.5, 1]
[2020-10-23 11:06:58] esmCNN.cv13: Argument r: [0.8, 0.9, 0.99, 0.9999, 0.999999]
[2020-10-23 11:06:58] esmCNN.cv13: Argument tolerance: 0
[2020-10-23 11:06:58] esmCNN.cv13: Argument device: device(type='cuda')
[2020-10-23 11:06:58] esmCNN.cv13: Argument dataset: 'sili'
[2020-10-23 11:06:58] esmCNN.cv13: Argument H: 4
[2020-10-23 11:06:58] esmCNN.cv13: Argument k: 5
[2020-10-23 11:06:58] esmCNN.cv13: Argument test: False
[2020-10-23 11:06:58] esmCNN.cv13: Argument search: 'random'
[2020-10-23 11:06:58] esmCNN.cv13: Argument normal: True
[2020-10-23 11:06:58] esmCNN.cv13: Argument diff: False
[2020-10-23 11:06:58] esmCNN.cv13: Argument times: 60
[2020-10-23 11:06:58] esmCNN.cv13: Argument datasets: {'ar1': {'lag_order': 15, 'normal': True, 'cov_dim': 0, 'kernel_size': 3}, 'wti': {'lag_order': 25, 'normal': True, 'cov_dim': 0, 'kernel_size': 5}, 'gold': {'lag_order': 25, 'normal': True, 'cov_dim': 0, 'kernel_size': 5}, 'sp': {'lag_order': 25, 'normal': True, 'cov_dim': 0, 'kernel_size': 5}, 'brent': {'lag_order': 24, 'normal': True, 'cov_dim': 0, 'kernel_size': 6}, 'sili': {'lag_order': 26, 'normal': True, 'cov_dim': 0, 'kernel_size': 6}}
[2020-10-23 11:06:58] esmCNN.cv13: Argument steps: 26
[2020-10-23 11:06:58] esmCNN.cv13: Argument cov_dim: 0
[2020-10-23 11:06:58] esmCNN.cv13: Argument experiment: 'experiments/normal/sili'
[2020-10-23 11:06:58] esmCNN.cv13: Argument scaler: StandardScaler()
[2020-10-23 11:06:58] esmCNN.cv13: Argument model_name: 'esmCNN_random_sili_h4'
[2020-10-23 11:06:58] esmCNN.cv13: Argument model_dir: 'experiments/normal/sili/esmCNN_random_sili_h4'
[2020-10-23 11:06:58] esmCNN.cv13: Argument In_channels: 1
[2020-10-23 11:06:58] esmCNN.cv13: Argument restore: True
[2020-10-23 11:06:58] esmCNN.cv13: Argument cv: 13
[2020-10-23 11:06:58] esmCNN.cv13: Argument plot_dir: 'experiments/normal/sili/esmCNN_random_sili_h4/figures'
[2020-10-23 11:06:58] esmCNN.cv13: Argument num_process: 8
[2020-10-23 11:06:58] esmCNN.cv13: Using Cuda...
[2020-10-23 11:06:58] esmCNN.cv13: Loading complete.
[2020-10-23 11:06:58] esmCNN.cv13: Model: 
ESM_CNN(
  (Pool): AvgPool1d(kernel_size=(3,), stride=(1,), padding=(0,))
  (loss_fn): MSELoss()
)
[2020-10-23 11:06:58] esmCNN.cv13: Found new best state
[2020-10-23 11:06:58] esmCNN.cv13: Best vmse: 0.6974
[2020-10-23 11:06:58] esmCNN.cv13: Channel size: 1 	 Kernel size: 6 
Training MSE: 0.18909355 	 Validating MSE: 0.69737989 	 Best VMSE: 0.69737989
[2020-10-23 11:06:58] esmCNN.cv13: Checkpoint saved to experiments/normal/sili/esmCNN_random_sili_h4
[2020-10-23 11:06:58] esmCNN.cv13: Find channel with Kernel size: 5 	 Lambda: 0.5: 	 Best Score: 0.1649
[2020-10-23 11:06:58] esmCNN.cv13: Found new best state
[2020-10-23 11:06:58] esmCNN.cv13: Best vmse: 0.5715
[2020-10-23 11:06:58] esmCNN.cv13: Channel size: 2 	 Kernel size: 5 
Training MSE: 0.16490456 	 Validating MSE: 0.57154208 	 Best VMSE: 0.57154208
[2020-10-23 11:06:58] esmCNN.cv13: Checkpoint saved to experiments/normal/sili/esmCNN_random_sili_h4
[2020-10-23 11:06:58] esmCNN.cv13: Find channel with Kernel size: 5 	 Lambda: 0.5: 	 Best Score: 0.1641
[2020-10-23 11:06:58] esmCNN.cv13: Found new best state
[2020-10-23 11:06:58] esmCNN.cv13: Best vmse: 0.5684
[2020-10-23 11:06:58] esmCNN.cv13: Channel size: 3 	 Kernel size: 5 
Training MSE: 0.16410038 	 Validating MSE: 0.56836796 	 Best VMSE: 0.56836796
[2020-10-23 11:06:58] esmCNN.cv13: Checkpoint saved to experiments/normal/sili/esmCNN_random_sili_h4
[2020-10-23 11:06:58] esmCNN.cv13: Find channel with Kernel size: 4 	 Lambda: 0.5: 	 Best Score: 0.1630
[2020-10-23 11:06:58] esmCNN.cv13: Found new best state
[2020-10-23 11:06:58] esmCNN.cv13: Best vmse: 0.5669
[2020-10-23 11:06:58] esmCNN.cv13: Channel size: 4 	 Kernel size: 4 
Training MSE: 0.16304998 	 Validating MSE: 0.56688213 	 Best VMSE: 0.56688213
[2020-10-23 11:06:58] esmCNN.cv13: Checkpoint saved to experiments/normal/sili/esmCNN_random_sili_h4
[2020-10-23 11:06:58] esmCNN.cv13: Find channel with Kernel size: 6 	 Lambda: 0.5: 	 Best Score: 0.1626
[2020-10-23 11:06:58] esmCNN.cv13: Found new best state
[2020-10-23 11:06:58] esmCNN.cv13: Best vmse: 0.5600
[2020-10-23 11:06:58] esmCNN.cv13: Channel size: 5 	 Kernel size: 6 
Training MSE: 0.16258332 	 Validating MSE: 0.56001747 	 Best VMSE: 0.56001747
[2020-10-23 11:06:58] esmCNN.cv13: Checkpoint saved to experiments/normal/sili/esmCNN_random_sili_h4
[2020-10-23 11:06:58] esmCNN.cv13: Find channel with Kernel size: 8 	 Lambda: 0.5: 	 Best Score: 0.1622
[2020-10-23 11:06:58] esmCNN.cv13: Channel size: 6 	 Kernel size: 8 
Training MSE: 0.16217305 	 Validating MSE: 0.56995416 	 Best VMSE: 0.56001747
[2020-10-23 11:06:58] esmCNN.cv13: Checkpoint saved to experiments/normal/sili/esmCNN_random_sili_h4
[2020-10-23 11:06:59] esmCNN.cv13: Find channel with Kernel size: 6 	 Lambda: 0.5: 	 Best Score: 0.1615
[2020-10-23 11:06:59] esmCNN.cv13: Channel size: 7 	 Kernel size: 6 
Training MSE: 0.16147819 	 Validating MSE: 0.56739861 	 Best VMSE: 0.56001747
[2020-10-23 11:06:59] esmCNN.cv13: Checkpoint saved to experiments/normal/sili/esmCNN_random_sili_h4
[2020-10-23 11:06:59] esmCNN.cv13: Find channel with Kernel size: 6 	 Lambda: 0.5: 	 Best Score: 0.1610
[2020-10-23 11:06:59] esmCNN.cv13: Channel size: 8 	 Kernel size: 6 
Training MSE: 0.16099608 	 Validating MSE: 0.56524712 	 Best VMSE: 0.56001747
[2020-10-23 11:06:59] esmCNN.cv13: Checkpoint saved to experiments/normal/sili/esmCNN_random_sili_h4
[2020-10-23 11:06:59] esmCNN.cv13: Find channel with Kernel size: 8 	 Lambda: 0.5: 	 Best Score: 0.1606
[2020-10-23 11:06:59] esmCNN.cv13: Channel size: 9 	 Kernel size: 8 
Training MSE: 0.16064656 	 Validating MSE: 0.57486582 	 Best VMSE: 0.56001747
[2020-10-23 11:06:59] esmCNN.cv13: Checkpoint saved to experiments/normal/sili/esmCNN_random_sili_h4
[2020-10-23 11:06:59] esmCNN.cv13: Find channel with Kernel size: 8 	 Lambda: 0.5: 	 Best Score: 0.1604
[2020-10-23 11:06:59] esmCNN.cv13: Channel size: 10 	 Kernel size: 8 
Training MSE: 0.16042142 	 Validating MSE: 0.56671530 	 Best VMSE: 0.56001747
[2020-10-23 11:06:59] esmCNN.cv13: Checkpoint saved to experiments/normal/sili/esmCNN_random_sili_h4
[2020-10-23 11:06:59] esmCNN.cv13: Find channel with Kernel size: 6 	 Lambda: 0.5: 	 Best Score: 0.1602
[2020-10-23 11:06:59] esmCNN.cv13: Channel size: 11 	 Kernel size: 6 
Training MSE: 0.16017860 	 Validating MSE: 0.56976712 	 Best VMSE: 0.56001747
[2020-10-23 11:06:59] esmCNN.cv13: Checkpoint saved to experiments/normal/sili/esmCNN_random_sili_h4
[2020-10-23 11:06:59] esmCNN.cv13: Find channel with Kernel size: 4 	 Lambda: 0.5: 	 Best Score: 0.1598
[2020-10-23 11:06:59] esmCNN.cv13: Channel size: 12 	 Kernel size: 4 
Training MSE: 0.15983577 	 Validating MSE: 0.56685996 	 Best VMSE: 0.56001747
[2020-10-23 11:06:59] esmCNN.cv13: Checkpoint saved to experiments/normal/sili/esmCNN_random_sili_h4
[2020-10-23 11:06:59] esmCNN.cv13: Find channel with Kernel size: 5 	 Lambda: 0.5: 	 Best Score: 0.1593
[2020-10-23 11:06:59] esmCNN.cv13: Channel size: 13 	 Kernel size: 5 
Training MSE: 0.15934858 	 Validating MSE: 0.56436074 	 Best VMSE: 0.56001747
[2020-10-23 11:06:59] esmCNN.cv13: Checkpoint saved to experiments/normal/sili/esmCNN_random_sili_h4
[2020-10-23 11:06:59] esmCNN.cv13: Find channel with Kernel size: 8 	 Lambda: 0.5: 	 Best Score: 0.1587
[2020-10-23 11:06:59] esmCNN.cv13: Channel size: 14 	 Kernel size: 8 
Training MSE: 0.15870559 	 Validating MSE: 0.57412642 	 Best VMSE: 0.56001747
[2020-10-23 11:06:59] esmCNN.cv13: Checkpoint saved to experiments/normal/sili/esmCNN_random_sili_h4
[2020-10-23 11:06:59] esmCNN.cv13: Find channel with Kernel size: 6 	 Lambda: 0.5: 	 Best Score: 0.1586
[2020-10-23 11:06:59] esmCNN.cv13: Channel size: 15 	 Kernel size: 6 
Training MSE: 0.15855545 	 Validating MSE: 0.56766313 	 Best VMSE: 0.56001747
[2020-10-23 11:06:59] esmCNN.cv13: Checkpoint saved to experiments/normal/sili/esmCNN_random_sili_h4
[2020-10-23 11:06:59] esmCNN.cv13: Find channel with Kernel size: 6 	 Lambda: 0.5: 	 Best Score: 0.1585
[2020-10-23 11:06:59] esmCNN.cv13: Channel size: 16 	 Kernel size: 6 
Training MSE: 0.15850297 	 Validating MSE: 0.56941271 	 Best VMSE: 0.56001747
[2020-10-23 11:06:59] esmCNN.cv13: Checkpoint saved to experiments/normal/sili/esmCNN_random_sili_h4
[2020-10-23 11:06:59] esmCNN.cv13: Find channel with Kernel size: 5 	 Lambda: 0.5: 	 Best Score: 0.1584
[2020-10-23 11:06:59] esmCNN.cv13: Channel size: 17 	 Kernel size: 5 
Training MSE: 0.15839209 	 Validating MSE: 0.56574082 	 Best VMSE: 0.56001747
[2020-10-23 11:06:59] esmCNN.cv13: Checkpoint saved to experiments/normal/sili/esmCNN_random_sili_h4
[2020-10-23 11:06:59] esmCNN.cv13: Find channel with Kernel size: 4 	 Lambda: 0.5: 	 Best Score: 0.1582
[2020-10-23 11:06:59] esmCNN.cv13: Channel size: 18 	 Kernel size: 4 
Training MSE: 0.15817998 	 Validating MSE: 0.56416613 	 Best VMSE: 0.56001747
[2020-10-23 11:06:59] esmCNN.cv13: Checkpoint saved to experiments/normal/sili/esmCNN_random_sili_h4
[2020-10-23 11:06:59] esmCNN.cv13: Find channel with Kernel size: 4 	 Lambda: 0.5: 	 Best Score: 0.1577
[2020-10-23 11:06:59] esmCNN.cv13: Channel size: 19 	 Kernel size: 4 
Training MSE: 0.15766822 	 Validating MSE: 0.57002980 	 Best VMSE: 0.56001747
[2020-10-23 11:06:59] esmCNN.cv13: Checkpoint saved to experiments/normal/sili/esmCNN_random_sili_h4
[2020-10-23 11:06:59] esmCNN.cv13: Find channel with Kernel size: 6 	 Lambda: 0.5: 	 Best Score: 0.1575
[2020-10-23 11:06:59] esmCNN.cv13: Channel size: 20 	 Kernel size: 6 
Training MSE: 0.15753205 	 Validating MSE: 0.56573880 	 Best VMSE: 0.56001747
[2020-10-23 11:06:59] esmCNN.cv13: Checkpoint saved to experiments/normal/sili/esmCNN_random_sili_h4
[2020-10-23 11:06:59] esmCNN.cv13: Find channel with Kernel size: 4 	 Lambda: 0.5: 	 Best Score: 0.1573
[2020-10-23 11:06:59] esmCNN.cv13: Channel size: 21 	 Kernel size: 4 
Training MSE: 0.15728006 	 Validating MSE: 0.56631768 	 Best VMSE: 0.56001747
[2020-10-23 11:06:59] esmCNN.cv13: Checkpoint saved to experiments/normal/sili/esmCNN_random_sili_h4
[2020-10-23 11:06:59] esmCNN.cv13: Find channel with Kernel size: 8 	 Lambda: 0.5: 	 Best Score: 0.1570
[2020-10-23 11:06:59] esmCNN.cv13: Channel size: 22 	 Kernel size: 8 
Training MSE: 0.15698625 	 Validating MSE: 0.56703377 	 Best VMSE: 0.56001747
[2020-10-23 11:06:59] esmCNN.cv13: Checkpoint saved to experiments/normal/sili/esmCNN_random_sili_h4
[2020-10-23 11:06:59] esmCNN.cv13: Find channel with Kernel size: 8 	 Lambda: 0.5: 	 Best Score: 0.1559
[2020-10-23 11:06:59] esmCNN.cv13: Found new best state
[2020-10-23 11:06:59] esmCNN.cv13: Best vmse: 0.5565
[2020-10-23 11:06:59] esmCNN.cv13: Channel size: 23 	 Kernel size: 8 
Training MSE: 0.15586902 	 Validating MSE: 0.55645549 	 Best VMSE: 0.55645549
[2020-10-23 11:06:59] esmCNN.cv13: Checkpoint saved to experiments/normal/sili/esmCNN_random_sili_h4
[2020-10-23 11:06:59] esmCNN.cv13: Find channel with Kernel size: 5 	 Lambda: 0.5: 	 Best Score: 0.1556
[2020-10-23 11:06:59] esmCNN.cv13: Channel size: 24 	 Kernel size: 5 
Training MSE: 0.15561038 	 Validating MSE: 0.56422055 	 Best VMSE: 0.55645549
[2020-10-23 11:06:59] esmCNN.cv13: Checkpoint saved to experiments/normal/sili/esmCNN_random_sili_h4
[2020-10-23 11:06:59] esmCNN.cv13: Find channel with Kernel size: 6 	 Lambda: 0.5: 	 Best Score: 0.1554
[2020-10-23 11:06:59] esmCNN.cv13: Channel size: 25 	 Kernel size: 6 
Training MSE: 0.15539820 	 Validating MSE: 0.56546295 	 Best VMSE: 0.55645549
[2020-10-23 11:06:59] esmCNN.cv13: Checkpoint saved to experiments/normal/sili/esmCNN_random_sili_h4
[2020-10-23 11:06:59] esmCNN.cv13: Find channel with Kernel size: 6 	 Lambda: 0.5: 	 Best Score: 0.1552
[2020-10-23 11:06:59] esmCNN.cv13: Channel size: 26 	 Kernel size: 6 
Training MSE: 0.15523487 	 Validating MSE: 0.56077611 	 Best VMSE: 0.55645549
[2020-10-23 11:06:59] esmCNN.cv13: Checkpoint saved to experiments/normal/sili/esmCNN_random_sili_h4
[2020-10-23 11:06:59] esmCNN.cv13: Find channel with Kernel size: 6 	 Lambda: 0.5: 	 Best Score: 0.1545
[2020-10-23 11:06:59] esmCNN.cv13: Channel size: 27 	 Kernel size: 6 
Training MSE: 0.15452752 	 Validating MSE: 0.56288230 	 Best VMSE: 0.55645549
[2020-10-23 11:06:59] esmCNN.cv13: Checkpoint saved to experiments/normal/sili/esmCNN_random_sili_h4
[2020-10-23 11:07:00] esmCNN.cv13: Find channel with Kernel size: 4 	 Lambda: 0.5: 	 Best Score: 0.1538
[2020-10-23 11:07:00] esmCNN.cv13: Channel size: 28 	 Kernel size: 4 
Training MSE: 0.15384333 	 Validating MSE: 0.56809807 	 Best VMSE: 0.55645549
[2020-10-23 11:07:00] esmCNN.cv13: Checkpoint saved to experiments/normal/sili/esmCNN_random_sili_h4
[2020-10-23 11:07:00] esmCNN.cv13: Find channel with Kernel size: 8 	 Lambda: 0.5: 	 Best Score: 0.1537
[2020-10-23 11:07:00] esmCNN.cv13: Channel size: 29 	 Kernel size: 8 
Training MSE: 0.15367699 	 Validating MSE: 0.56722248 	 Best VMSE: 0.55645549
[2020-10-23 11:07:00] esmCNN.cv13: Checkpoint saved to experiments/normal/sili/esmCNN_random_sili_h4
[2020-10-23 11:07:00] esmCNN.cv13: Find channel with Kernel size: 4 	 Lambda: 0.5: 	 Best Score: 0.1533
[2020-10-23 11:07:00] esmCNN.cv13: Channel size: 30 	 Kernel size: 4 
Training MSE: 0.15331621 	 Validating MSE: 0.56851453 	 Best VMSE: 0.55645549
[2020-10-23 11:07:00] esmCNN.cv13: Checkpoint saved to experiments/normal/sili/esmCNN_random_sili_h4
[2020-10-23 11:07:00] esmCNN.cv13: Find channel with Kernel size: 8 	 Lambda: 0.5: 	 Best Score: 0.1531
[2020-10-23 11:07:00] esmCNN.cv13: Channel size: 31 	 Kernel size: 8 
Training MSE: 0.15309207 	 Validating MSE: 0.56814319 	 Best VMSE: 0.55645549
[2020-10-23 11:07:00] esmCNN.cv13: Checkpoint saved to experiments/normal/sili/esmCNN_random_sili_h4
[2020-10-23 11:07:00] esmCNN.cv13: Find channel with Kernel size: 8 	 Lambda: 0.5: 	 Best Score: 0.1527
[2020-10-23 11:07:00] esmCNN.cv13: Channel size: 32 	 Kernel size: 8 
Training MSE: 0.15271229 	 Validating MSE: 0.56074786 	 Best VMSE: 0.55645549
[2020-10-23 11:07:00] esmCNN.cv13: Checkpoint saved to experiments/normal/sili/esmCNN_random_sili_h4
[2020-10-23 11:07:00] esmCNN.cv13: Find channel with Kernel size: 8 	 Lambda: 0.5: 	 Best Score: 0.1525
[2020-10-23 11:07:00] esmCNN.cv13: Channel size: 33 	 Kernel size: 8 
Training MSE: 0.15253225 	 Validating MSE: 0.55927742 	 Best VMSE: 0.55645549
[2020-10-23 11:07:00] esmCNN.cv13: Checkpoint saved to experiments/normal/sili/esmCNN_random_sili_h4
[2020-10-23 11:07:00] esmCNN.cv13: Find channel with Kernel size: 5 	 Lambda: 0.5: 	 Best Score: 0.1523
[2020-10-23 11:07:00] esmCNN.cv13: Channel size: 34 	 Kernel size: 5 
Training MSE: 0.15232965 	 Validating MSE: 0.56332254 	 Best VMSE: 0.55645549
[2020-10-23 11:07:00] esmCNN.cv13: Checkpoint saved to experiments/normal/sili/esmCNN_random_sili_h4
[2020-10-23 11:07:00] esmCNN.cv13: Find channel with Kernel size: 4 	 Lambda: 0.5: 	 Best Score: 0.1521
[2020-10-23 11:07:00] esmCNN.cv13: Channel size: 35 	 Kernel size: 4 
Training MSE: 0.15213387 	 Validating MSE: 0.56831729 	 Best VMSE: 0.55645549
[2020-10-23 11:07:00] esmCNN.cv13: Checkpoint saved to experiments/normal/sili/esmCNN_random_sili_h4
[2020-10-23 11:07:00] esmCNN.cv13: Find channel with Kernel size: 5 	 Lambda: 0.5: 	 Best Score: 0.1519
[2020-10-23 11:07:00] esmCNN.cv13: Channel size: 36 	 Kernel size: 5 
Training MSE: 0.15191942 	 Validating MSE: 0.56668842 	 Best VMSE: 0.55645549
[2020-10-23 11:07:00] esmCNN.cv13: Checkpoint saved to experiments/normal/sili/esmCNN_random_sili_h4
[2020-10-23 11:07:00] esmCNN.cv13: Find channel with Kernel size: 5 	 Lambda: 0.5: 	 Best Score: 0.1516
[2020-10-23 11:07:00] esmCNN.cv13: Channel size: 37 	 Kernel size: 5 
Training MSE: 0.15164699 	 Validating MSE: 0.56242406 	 Best VMSE: 0.55645549
[2020-10-23 11:07:00] esmCNN.cv13: Checkpoint saved to experiments/normal/sili/esmCNN_random_sili_h4
[2020-10-23 11:07:00] esmCNN.cv13: Find channel with Kernel size: 8 	 Lambda: 0.5: 	 Best Score: 0.1514
[2020-10-23 11:07:00] esmCNN.cv13: Channel size: 38 	 Kernel size: 8 
Training MSE: 0.15138309 	 Validating MSE: 0.56612694 	 Best VMSE: 0.55645549
[2020-10-23 11:07:00] esmCNN.cv13: Checkpoint saved to experiments/normal/sili/esmCNN_random_sili_h4
[2020-10-23 11:07:00] esmCNN.cv13: Find channel with Kernel size: 6 	 Lambda: 0.5: 	 Best Score: 0.1511
[2020-10-23 11:07:00] esmCNN.cv13: Channel size: 39 	 Kernel size: 6 
Training MSE: 0.15112682 	 Validating MSE: 0.56353879 	 Best VMSE: 0.55645549
[2020-10-23 11:07:00] esmCNN.cv13: Checkpoint saved to experiments/normal/sili/esmCNN_random_sili_h4
[2020-10-23 11:07:00] esmCNN.cv13: Find channel with Kernel size: 8 	 Lambda: 0.5: 	 Best Score: 0.1510
[2020-10-23 11:07:00] esmCNN.cv13: Channel size: 40 	 Kernel size: 8 
Training MSE: 0.15101904 	 Validating MSE: 0.55945647 	 Best VMSE: 0.55645549
[2020-10-23 11:07:00] esmCNN.cv13: Checkpoint saved to experiments/normal/sili/esmCNN_random_sili_h4
[2020-10-23 11:07:00] esmCNN.cv13: Find channel with Kernel size: 8 	 Lambda: 0.5: 	 Best Score: 0.1506
[2020-10-23 11:07:00] esmCNN.cv13: Channel size: 41 	 Kernel size: 8 
Training MSE: 0.15060556 	 Validating MSE: 0.56859130 	 Best VMSE: 0.55645549
[2020-10-23 11:07:00] esmCNN.cv13: Checkpoint saved to experiments/normal/sili/esmCNN_random_sili_h4
[2020-10-23 11:07:00] esmCNN.cv13: Find channel with Kernel size: 6 	 Lambda: 0.5: 	 Best Score: 0.1503
[2020-10-23 11:07:00] esmCNN.cv13: Channel size: 42 	 Kernel size: 6 
Training MSE: 0.15026286 	 Validating MSE: 0.56998569 	 Best VMSE: 0.55645549
[2020-10-23 11:07:00] esmCNN.cv13: Checkpoint saved to experiments/normal/sili/esmCNN_random_sili_h4
[2020-10-23 11:07:00] esmCNN.cv13: Find channel with Kernel size: 8 	 Lambda: 0.5: 	 Best Score: 0.1502
[2020-10-23 11:07:00] esmCNN.cv13: Channel size: 43 	 Kernel size: 8 
Training MSE: 0.15020986 	 Validating MSE: 0.56757653 	 Best VMSE: 0.55645549
[2020-10-23 11:07:00] esmCNN.cv13: Checkpoint saved to experiments/normal/sili/esmCNN_random_sili_h4
[2020-10-23 11:07:01] esmCNN.cv13: Find channel with Kernel size: 8 	 Lambda: 0.5: 	 Best Score: 0.1501
[2020-10-23 11:07:01] esmCNN.cv13: Channel size: 44 	 Kernel size: 8 
Training MSE: 0.15005645 	 Validating MSE: 0.56538564 	 Best VMSE: 0.55645549
[2020-10-23 11:07:01] esmCNN.cv13: Checkpoint saved to experiments/normal/sili/esmCNN_random_sili_h4
[2020-10-23 11:07:01] esmCNN.cv13: Find channel with Kernel size: 4 	 Lambda: 0.5: 	 Best Score: 0.1495
[2020-10-23 11:07:01] esmCNN.cv13: Channel size: 45 	 Kernel size: 4 
Training MSE: 0.14948651 	 Validating MSE: 0.57155854 	 Best VMSE: 0.55645549
[2020-10-23 11:07:01] esmCNN.cv13: Checkpoint saved to experiments/normal/sili/esmCNN_random_sili_h4
[2020-10-23 11:07:01] esmCNN.cv13: Find channel with Kernel size: 5 	 Lambda: 0.5: 	 Best Score: 0.1486
[2020-10-23 11:07:01] esmCNN.cv13: Channel size: 46 	 Kernel size: 5 
Training MSE: 0.14862654 	 Validating MSE: 0.58699989 	 Best VMSE: 0.55645549
[2020-10-23 11:07:01] esmCNN.cv13: Checkpoint saved to experiments/normal/sili/esmCNN_random_sili_h4
[2020-10-23 11:07:01] esmCNN.cv13: Find channel with Kernel size: 5 	 Lambda: 0.5: 	 Best Score: 0.1483
[2020-10-23 11:07:01] esmCNN.cv13: Channel size: 47 	 Kernel size: 5 
Training MSE: 0.14827809 	 Validating MSE: 0.57371706 	 Best VMSE: 0.55645549
[2020-10-23 11:07:01] esmCNN.cv13: Checkpoint saved to experiments/normal/sili/esmCNN_random_sili_h4
[2020-10-23 11:07:01] esmCNN.cv13: Find channel with Kernel size: 6 	 Lambda: 0.5: 	 Best Score: 0.1481
[2020-10-23 11:07:01] esmCNN.cv13: Channel size: 48 	 Kernel size: 6 
Training MSE: 0.14814073 	 Validating MSE: 0.57006437 	 Best VMSE: 0.55645549
[2020-10-23 11:07:01] esmCNN.cv13: Checkpoint saved to experiments/normal/sili/esmCNN_random_sili_h4
[2020-10-23 11:07:01] esmCNN.cv13: Find channel with Kernel size: 6 	 Lambda: 0.5: 	 Best Score: 0.1480
[2020-10-23 11:07:01] esmCNN.cv13: Channel size: 49 	 Kernel size: 6 
Training MSE: 0.14795868 	 Validating MSE: 0.56543565 	 Best VMSE: 0.55645549
[2020-10-23 11:07:01] esmCNN.cv13: Checkpoint saved to experiments/normal/sili/esmCNN_random_sili_h4
[2020-10-23 11:07:01] esmCNN.cv13: Find channel with Kernel size: 6 	 Lambda: 0.5: 	 Best Score: 0.1478
[2020-10-23 11:07:01] esmCNN.cv13: Channel size: 50 	 Kernel size: 6 
Training MSE: 0.14778019 	 Validating MSE: 0.56996334 	 Best VMSE: 0.55645549
[2020-10-23 11:07:01] esmCNN.cv13: Checkpoint saved to experiments/normal/sili/esmCNN_random_sili_h4
[2020-10-23 11:07:01] esmCNN.cv13: Find channel with Kernel size: 8 	 Lambda: 0.5: 	 Best Score: 0.1476
[2020-10-23 11:07:01] esmCNN.cv13: Channel size: 51 	 Kernel size: 8 
Training MSE: 0.14761408 	 Validating MSE: 0.56680155 	 Best VMSE: 0.55645549
[2020-10-23 11:07:01] esmCNN.cv13: Checkpoint saved to experiments/normal/sili/esmCNN_random_sili_h4
[2020-10-23 11:07:01] esmCNN.cv13: Find channel with Kernel size: 4 	 Lambda: 0.5: 	 Best Score: 0.1473
[2020-10-23 11:07:01] esmCNN.cv13: Channel size: 52 	 Kernel size: 4 
Training MSE: 0.14732143 	 Validating MSE: 0.56685764 	 Best VMSE: 0.55645549
[2020-10-23 11:07:01] esmCNN.cv13: Checkpoint saved to experiments/normal/sili/esmCNN_random_sili_h4
[2020-10-23 11:07:01] esmCNN.cv13: Find channel with Kernel size: 6 	 Lambda: 0.5: 	 Best Score: 0.1472
[2020-10-23 11:07:01] esmCNN.cv13: Channel size: 53 	 Kernel size: 6 
Training MSE: 0.14715382 	 Validating MSE: 0.56882489 	 Best VMSE: 0.55645549
[2020-10-23 11:07:01] esmCNN.cv13: Checkpoint saved to experiments/normal/sili/esmCNN_random_sili_h4
[2020-10-23 11:07:01] esmCNN.cv13: Find channel with Kernel size: 8 	 Lambda: 0.5: 	 Best Score: 0.1468
[2020-10-23 11:07:01] esmCNN.cv13: Channel size: 54 	 Kernel size: 8 
Training MSE: 0.14678998 	 Validating MSE: 0.56648916 	 Best VMSE: 0.55645549
[2020-10-23 11:07:01] esmCNN.cv13: Checkpoint saved to experiments/normal/sili/esmCNN_random_sili_h4
[2020-10-23 11:07:01] esmCNN.cv13: Find channel with Kernel size: 6 	 Lambda: 0.5: 	 Best Score: 0.1466
[2020-10-23 11:07:01] esmCNN.cv13: Channel size: 55 	 Kernel size: 6 
Training MSE: 0.14658903 	 Validating MSE: 0.56632835 	 Best VMSE: 0.55645549
[2020-10-23 11:07:01] esmCNN.cv13: Checkpoint saved to experiments/normal/sili/esmCNN_random_sili_h4
[2020-10-23 11:07:01] esmCNN.cv13: Find channel with Kernel size: 6 	 Lambda: 0.5: 	 Best Score: 0.1465
[2020-10-23 11:07:01] esmCNN.cv13: Channel size: 56 	 Kernel size: 6 
Training MSE: 0.14648037 	 Validating MSE: 0.56516391 	 Best VMSE: 0.55645549
[2020-10-23 11:07:01] esmCNN.cv13: Checkpoint saved to experiments/normal/sili/esmCNN_random_sili_h4
[2020-10-23 11:07:01] esmCNN.cv13: Find channel with Kernel size: 5 	 Lambda: 0.5: 	 Best Score: 0.1464
[2020-10-23 11:07:01] esmCNN.cv13: Channel size: 57 	 Kernel size: 5 
Training MSE: 0.14636071 	 Validating MSE: 0.56910670 	 Best VMSE: 0.55645549
[2020-10-23 11:07:01] esmCNN.cv13: Checkpoint saved to experiments/normal/sili/esmCNN_random_sili_h4
[2020-10-23 11:07:02] esmCNN.cv13: Find channel with Kernel size: 5 	 Lambda: 0.5: 	 Best Score: 0.1462
[2020-10-23 11:07:02] esmCNN.cv13: Channel size: 58 	 Kernel size: 5 
Training MSE: 0.14617607 	 Validating MSE: 0.57264519 	 Best VMSE: 0.55645549
[2020-10-23 11:07:02] esmCNN.cv13: Checkpoint saved to experiments/normal/sili/esmCNN_random_sili_h4
[2020-10-23 11:07:02] esmCNN.cv13: Find channel with Kernel size: 8 	 Lambda: 0.5: 	 Best Score: 0.1459
[2020-10-23 11:07:02] esmCNN.cv13: Channel size: 59 	 Kernel size: 8 
Training MSE: 0.14586861 	 Validating MSE: 0.56977117 	 Best VMSE: 0.55645549
[2020-10-23 11:07:02] esmCNN.cv13: Checkpoint saved to experiments/normal/sili/esmCNN_random_sili_h4
[2020-10-23 11:07:02] esmCNN.cv13: Find channel with Kernel size: 6 	 Lambda: 0.5: 	 Best Score: 0.1456
[2020-10-23 11:07:02] esmCNN.cv13: Channel size: 60 	 Kernel size: 6 
Training MSE: 0.14561065 	 Validating MSE: 0.57445449 	 Best VMSE: 0.55645549
[2020-10-23 11:07:02] esmCNN.cv13: Checkpoint saved to experiments/normal/sili/esmCNN_random_sili_h4
[2020-10-23 11:07:02] esmCNN.cv13: Find channel with Kernel size: 8 	 Lambda: 0.5: 	 Best Score: 0.1455
[2020-10-23 11:07:02] esmCNN.cv13: Channel size: 61 	 Kernel size: 8 
Training MSE: 0.14552221 	 Validating MSE: 0.57241547 	 Best VMSE: 0.55645549
[2020-10-23 11:07:02] esmCNN.cv13: Checkpoint saved to experiments/normal/sili/esmCNN_random_sili_h4
[2020-10-23 11:07:02] esmCNN.cv13: Find channel with Kernel size: 4 	 Lambda: 0.5: 	 Best Score: 0.1454
[2020-10-23 11:07:02] esmCNN.cv13: Channel size: 62 	 Kernel size: 4 
Training MSE: 0.14536032 	 Validating MSE: 0.56949115 	 Best VMSE: 0.55645549
[2020-10-23 11:07:02] esmCNN.cv13: Checkpoint saved to experiments/normal/sili/esmCNN_random_sili_h4
[2020-10-23 11:07:02] esmCNN.cv13: Find channel with Kernel size: 4 	 Lambda: 0.5: 	 Best Score: 0.1451
[2020-10-23 11:07:02] esmCNN.cv13: Channel size: 63 	 Kernel size: 4 
Training MSE: 0.14512986 	 Validating MSE: 0.57196999 	 Best VMSE: 0.55645549
[2020-10-23 11:07:02] esmCNN.cv13: Checkpoint saved to experiments/normal/sili/esmCNN_random_sili_h4
[2020-10-23 11:07:02] esmCNN.cv13: Find channel with Kernel size: 8 	 Lambda: 0.5: 	 Best Score: 0.1450
[2020-10-23 11:07:02] esmCNN.cv13: Channel size: 64 	 Kernel size: 8 
Training MSE: 0.14503069 	 Validating MSE: 0.56839526 	 Best VMSE: 0.55645549
[2020-10-23 11:07:02] esmCNN.cv13: Checkpoint saved to experiments/normal/sili/esmCNN_random_sili_h4
[2020-10-23 11:07:02] esmCNN.cv13: Find channel with Kernel size: 5 	 Lambda: 0.5: 	 Best Score: 0.1449
[2020-10-23 11:07:02] esmCNN.cv13: Channel size: 65 	 Kernel size: 5 
Training MSE: 0.14492515 	 Validating MSE: 0.56804144 	 Best VMSE: 0.55645549
[2020-10-23 11:07:02] esmCNN.cv13: Checkpoint saved to experiments/normal/sili/esmCNN_random_sili_h4
[2020-10-23 11:07:02] esmCNN.cv13: Find channel with Kernel size: 6 	 Lambda: 0.5: 	 Best Score: 0.1445
[2020-10-23 11:07:02] esmCNN.cv13: Channel size: 66 	 Kernel size: 6 
Training MSE: 0.14449047 	 Validating MSE: 0.57068193 	 Best VMSE: 0.55645549
[2020-10-23 11:07:02] esmCNN.cv13: Checkpoint saved to experiments/normal/sili/esmCNN_random_sili_h4
[2020-10-23 11:07:02] esmCNN.cv13: Find channel with Kernel size: 6 	 Lambda: 0.5: 	 Best Score: 0.1442
[2020-10-23 11:07:02] esmCNN.cv13: Channel size: 67 	 Kernel size: 6 
Training MSE: 0.14420617 	 Validating MSE: 0.57900518 	 Best VMSE: 0.55645549
[2020-10-23 11:07:02] esmCNN.cv13: Checkpoint saved to experiments/normal/sili/esmCNN_random_sili_h4
[2020-10-23 11:07:02] esmCNN.cv13: Find channel with Kernel size: 5 	 Lambda: 0.5: 	 Best Score: 0.1440
[2020-10-23 11:07:02] esmCNN.cv13: Channel size: 68 	 Kernel size: 5 
Training MSE: 0.14403322 	 Validating MSE: 0.57497549 	 Best VMSE: 0.55645549
[2020-10-23 11:07:02] esmCNN.cv13: Checkpoint saved to experiments/normal/sili/esmCNN_random_sili_h4
[2020-10-23 11:07:02] esmCNN.cv13: Find channel with Kernel size: 5 	 Lambda: 0.5: 	 Best Score: 0.1438
[2020-10-23 11:07:02] esmCNN.cv13: Channel size: 69 	 Kernel size: 5 
Training MSE: 0.14379038 	 Validating MSE: 0.57564616 	 Best VMSE: 0.55645549
[2020-10-23 11:07:02] esmCNN.cv13: Checkpoint saved to experiments/normal/sili/esmCNN_random_sili_h4
[2020-10-23 11:07:02] esmCNN.cv13: Find channel with Kernel size: 4 	 Lambda: 0.5: 	 Best Score: 0.1437
[2020-10-23 11:07:03] esmCNN.cv13: Channel size: 70 	 Kernel size: 4 
Training MSE: 0.14369364 	 Validating MSE: 0.57876033 	 Best VMSE: 0.55645549
[2020-10-23 11:07:03] esmCNN.cv13: Checkpoint saved to experiments/normal/sili/esmCNN_random_sili_h4
[2020-10-23 11:07:03] esmCNN.cv13: Find channel with Kernel size: 8 	 Lambda: 0.5: 	 Best Score: 0.1436
[2020-10-23 11:07:03] esmCNN.cv13: Channel size: 71 	 Kernel size: 8 
Training MSE: 0.14363852 	 Validating MSE: 0.57642001 	 Best VMSE: 0.55645549
[2020-10-23 11:07:03] esmCNN.cv13: Checkpoint saved to experiments/normal/sili/esmCNN_random_sili_h4
[2020-10-23 11:07:03] esmCNN.cv13: Find channel with Kernel size: 8 	 Lambda: 0.5: 	 Best Score: 0.1436
[2020-10-23 11:07:03] esmCNN.cv13: Channel size: 72 	 Kernel size: 8 
Training MSE: 0.14355083 	 Validating MSE: 0.57575977 	 Best VMSE: 0.55645549
[2020-10-23 11:07:03] esmCNN.cv13: Checkpoint saved to experiments/normal/sili/esmCNN_random_sili_h4
[2020-10-23 11:07:03] esmCNN.cv13: Find channel with Kernel size: 6 	 Lambda: 0.5: 	 Best Score: 0.1434
[2020-10-23 11:07:03] esmCNN.cv13: Channel size: 73 	 Kernel size: 6 
Training MSE: 0.14344136 	 Validating MSE: 0.56928158 	 Best VMSE: 0.55645549
[2020-10-23 11:07:03] esmCNN.cv13: Checkpoint saved to experiments/normal/sili/esmCNN_random_sili_h4
[2020-10-23 11:07:03] esmCNN.cv13: Find channel with Kernel size: 5 	 Lambda: 0.5: 	 Best Score: 0.1432
[2020-10-23 11:07:03] esmCNN.cv13: Channel size: 74 	 Kernel size: 5 
Training MSE: 0.14319415 	 Validating MSE: 0.57135612 	 Best VMSE: 0.55645549
[2020-10-23 11:07:03] esmCNN.cv13: Checkpoint saved to experiments/normal/sili/esmCNN_random_sili_h4
[2020-10-23 11:07:03] esmCNN.cv13: Find channel with Kernel size: 6 	 Lambda: 0.5: 	 Best Score: 0.1431
[2020-10-23 11:07:03] esmCNN.cv13: Channel size: 75 	 Kernel size: 6 
Training MSE: 0.14307666 	 Validating MSE: 0.56935769 	 Best VMSE: 0.55645549
[2020-10-23 11:07:03] esmCNN.cv13: Checkpoint saved to experiments/normal/sili/esmCNN_random_sili_h4
[2020-10-23 11:07:03] esmCNN.cv13: Find channel with Kernel size: 4 	 Lambda: 0.5: 	 Best Score: 0.1430
[2020-10-23 11:07:03] esmCNN.cv13: Channel size: 76 	 Kernel size: 4 
Training MSE: 0.14298965 	 Validating MSE: 0.57260489 	 Best VMSE: 0.55645549
[2020-10-23 11:07:03] esmCNN.cv13: Checkpoint saved to experiments/normal/sili/esmCNN_random_sili_h4
[2020-10-23 11:07:03] esmCNN.cv13: Find channel with Kernel size: 5 	 Lambda: 0.5: 	 Best Score: 0.1429
[2020-10-23 11:07:03] esmCNN.cv13: Channel size: 77 	 Kernel size: 5 
Training MSE: 0.14285180 	 Validating MSE: 0.57432538 	 Best VMSE: 0.55645549
[2020-10-23 11:07:03] esmCNN.cv13: Checkpoint saved to experiments/normal/sili/esmCNN_random_sili_h4
[2020-10-23 11:07:03] esmCNN.cv13: Find channel with Kernel size: 6 	 Lambda: 0.5: 	 Best Score: 0.1427
[2020-10-23 11:07:03] esmCNN.cv13: Channel size: 78 	 Kernel size: 6 
Training MSE: 0.14270720 	 Validating MSE: 0.57402462 	 Best VMSE: 0.55645549
[2020-10-23 11:07:03] esmCNN.cv13: Checkpoint saved to experiments/normal/sili/esmCNN_random_sili_h4
[2020-10-23 11:07:03] esmCNN.cv13: Find channel with Kernel size: 4 	 Lambda: 0.5: 	 Best Score: 0.1426
[2020-10-23 11:07:03] esmCNN.cv13: Channel size: 79 	 Kernel size: 4 
Training MSE: 0.14259019 	 Validating MSE: 0.57390815 	 Best VMSE: 0.55645549
[2020-10-23 11:07:03] esmCNN.cv13: Checkpoint saved to experiments/normal/sili/esmCNN_random_sili_h4
[2020-10-23 11:07:03] esmCNN.cv13: Find channel with Kernel size: 8 	 Lambda: 0.5: 	 Best Score: 0.1425
[2020-10-23 11:07:03] esmCNN.cv13: Channel size: 80 	 Kernel size: 8 
Training MSE: 0.14251038 	 Validating MSE: 0.57003486 	 Best VMSE: 0.55645549
[2020-10-23 11:07:03] esmCNN.cv13: Checkpoint saved to experiments/normal/sili/esmCNN_random_sili_h4
[2020-10-23 11:07:03] esmCNN.cv13: Find channel with Kernel size: 4 	 Lambda: 0.5: 	 Best Score: 0.1424
[2020-10-23 11:07:04] esmCNN.cv13: Channel size: 81 	 Kernel size: 4 
Training MSE: 0.14239329 	 Validating MSE: 0.57034802 	 Best VMSE: 0.55645549
[2020-10-23 11:07:04] esmCNN.cv13: Checkpoint saved to experiments/normal/sili/esmCNN_random_sili_h4
[2020-10-23 11:07:04] esmCNN.cv13: Find channel with Kernel size: 4 	 Lambda: 0.5: 	 Best Score: 0.1423
[2020-10-23 11:07:04] esmCNN.cv13: Channel size: 82 	 Kernel size: 4 
Training MSE: 0.14229770 	 Validating MSE: 0.57409936 	 Best VMSE: 0.55645549
[2020-10-23 11:07:04] esmCNN.cv13: Checkpoint saved to experiments/normal/sili/esmCNN_random_sili_h4
[2020-10-23 11:07:04] esmCNN.cv13: Find channel with Kernel size: 8 	 Lambda: 0.5: 	 Best Score: 0.1422
[2020-10-23 11:07:04] esmCNN.cv13: Channel size: 83 	 Kernel size: 8 
Training MSE: 0.14218894 	 Validating MSE: 0.56949133 	 Best VMSE: 0.55645549
[2020-10-23 11:07:04] esmCNN.cv13: Checkpoint saved to experiments/normal/sili/esmCNN_random_sili_h4
[2020-10-23 11:07:04] esmCNN.cv13: Find channel with Kernel size: 8 	 Lambda: 0.5: 	 Best Score: 0.1420
[2020-10-23 11:07:04] esmCNN.cv13: Channel size: 84 	 Kernel size: 8 
Training MSE: 0.14198519 	 Validating MSE: 0.57135993 	 Best VMSE: 0.55645549
[2020-10-23 11:07:04] esmCNN.cv13: Checkpoint saved to experiments/normal/sili/esmCNN_random_sili_h4
[2020-10-23 11:07:04] esmCNN.cv13: Find channel with Kernel size: 5 	 Lambda: 0.5: 	 Best Score: 0.1418
[2020-10-23 11:07:04] esmCNN.cv13: Channel size: 85 	 Kernel size: 5 
Training MSE: 0.14179458 	 Validating MSE: 0.57327157 	 Best VMSE: 0.55645549
[2020-10-23 11:07:04] esmCNN.cv13: Checkpoint saved to experiments/normal/sili/esmCNN_random_sili_h4
[2020-10-23 11:07:04] esmCNN.cv13: Find channel with Kernel size: 5 	 Lambda: 0.5: 	 Best Score: 0.1417
[2020-10-23 11:07:04] esmCNN.cv13: Channel size: 86 	 Kernel size: 5 
Training MSE: 0.14165968 	 Validating MSE: 0.57218111 	 Best VMSE: 0.55645549
[2020-10-23 11:07:04] esmCNN.cv13: Checkpoint saved to experiments/normal/sili/esmCNN_random_sili_h4
[2020-10-23 11:07:04] esmCNN.cv13: Find channel with Kernel size: 6 	 Lambda: 0.5: 	 Best Score: 0.1414
[2020-10-23 11:07:04] esmCNN.cv13: Channel size: 87 	 Kernel size: 6 
Training MSE: 0.14139134 	 Validating MSE: 0.57180637 	 Best VMSE: 0.55645549
[2020-10-23 11:07:04] esmCNN.cv13: Checkpoint saved to experiments/normal/sili/esmCNN_random_sili_h4
[2020-10-23 11:07:04] esmCNN.cv13: Find channel with Kernel size: 8 	 Lambda: 0.5: 	 Best Score: 0.1412
[2020-10-23 11:07:04] esmCNN.cv13: Channel size: 88 	 Kernel size: 8 
Training MSE: 0.14117712 	 Validating MSE: 0.57864505 	 Best VMSE: 0.55645549
[2020-10-23 11:07:04] esmCNN.cv13: Checkpoint saved to experiments/normal/sili/esmCNN_random_sili_h4
[2020-10-23 11:07:04] esmCNN.cv13: Find channel with Kernel size: 4 	 Lambda: 0.5: 	 Best Score: 0.1410
[2020-10-23 11:07:04] esmCNN.cv13: Channel size: 89 	 Kernel size: 4 
Training MSE: 0.14101417 	 Validating MSE: 0.57539153 	 Best VMSE: 0.55645549
[2020-10-23 11:07:04] esmCNN.cv13: Checkpoint saved to experiments/normal/sili/esmCNN_random_sili_h4
[2020-10-23 11:07:04] esmCNN.cv13: Find channel with Kernel size: 4 	 Lambda: 0.5: 	 Best Score: 0.1408
[2020-10-23 11:07:04] esmCNN.cv13: Channel size: 90 	 Kernel size: 4 
Training MSE: 0.14078605 	 Validating MSE: 0.57612264 	 Best VMSE: 0.55645549
[2020-10-23 11:07:04] esmCNN.cv13: Checkpoint saved to experiments/normal/sili/esmCNN_random_sili_h4
[2020-10-23 11:07:04] esmCNN.cv13: Find channel with Kernel size: 8 	 Lambda: 0.5: 	 Best Score: 0.1407
[2020-10-23 11:07:05] esmCNN.cv13: Channel size: 91 	 Kernel size: 8 
Training MSE: 0.14073482 	 Validating MSE: 0.57588005 	 Best VMSE: 0.55645549
[2020-10-23 11:07:05] esmCNN.cv13: Checkpoint saved to experiments/normal/sili/esmCNN_random_sili_h4
[2020-10-23 11:07:05] esmCNN.cv13: Find channel with Kernel size: 4 	 Lambda: 0.5: 	 Best Score: 0.1406
[2020-10-23 11:07:05] esmCNN.cv13: Channel size: 92 	 Kernel size: 4 
Training MSE: 0.14063171 	 Validating MSE: 0.57647687 	 Best VMSE: 0.55645549
[2020-10-23 11:07:05] esmCNN.cv13: Checkpoint saved to experiments/normal/sili/esmCNN_random_sili_h4
[2020-10-23 11:07:05] esmCNN.cv13: Find channel with Kernel size: 5 	 Lambda: 0.5: 	 Best Score: 0.1406
[2020-10-23 11:07:05] esmCNN.cv13: Channel size: 93 	 Kernel size: 5 
Training MSE: 0.14056568 	 Validating MSE: 0.57746011 	 Best VMSE: 0.55645549
[2020-10-23 11:07:05] esmCNN.cv13: Checkpoint saved to experiments/normal/sili/esmCNN_random_sili_h4
[2020-10-23 11:07:05] esmCNN.cv13: Find channel with Kernel size: 5 	 Lambda: 0.5: 	 Best Score: 0.1404
[2020-10-23 11:07:05] esmCNN.cv13: Channel size: 94 	 Kernel size: 5 
Training MSE: 0.14040257 	 Validating MSE: 0.58330643 	 Best VMSE: 0.55645549
[2020-10-23 11:07:05] esmCNN.cv13: Checkpoint saved to experiments/normal/sili/esmCNN_random_sili_h4
[2020-10-23 11:07:05] esmCNN.cv13: Find channel with Kernel size: 6 	 Lambda: 0.5: 	 Best Score: 0.1402
[2020-10-23 11:07:05] esmCNN.cv13: Channel size: 95 	 Kernel size: 6 
Training MSE: 0.14016151 	 Validating MSE: 0.58167696 	 Best VMSE: 0.55645549
[2020-10-23 11:07:05] esmCNN.cv13: Checkpoint saved to experiments/normal/sili/esmCNN_random_sili_h4
[2020-10-23 11:07:05] esmCNN.cv13: Find channel with Kernel size: 8 	 Lambda: 0.5: 	 Best Score: 0.1399
[2020-10-23 11:07:05] esmCNN.cv13: Channel size: 96 	 Kernel size: 8 
Training MSE: 0.13985860 	 Validating MSE: 0.58083147 	 Best VMSE: 0.55645549
[2020-10-23 11:07:05] esmCNN.cv13: Checkpoint saved to experiments/normal/sili/esmCNN_random_sili_h4
[2020-10-23 11:07:05] esmCNN.cv13: Find channel with Kernel size: 8 	 Lambda: 0.5: 	 Best Score: 0.1395
[2020-10-23 11:07:05] esmCNN.cv13: Channel size: 97 	 Kernel size: 8 
Training MSE: 0.13954800 	 Validating MSE: 0.57148707 	 Best VMSE: 0.55645549
[2020-10-23 11:07:05] esmCNN.cv13: Checkpoint saved to experiments/normal/sili/esmCNN_random_sili_h4
[2020-10-23 11:07:05] esmCNN.cv13: Find channel with Kernel size: 4 	 Lambda: 0.5: 	 Best Score: 0.1395
[2020-10-23 11:07:05] esmCNN.cv13: Channel size: 98 	 Kernel size: 4 
Training MSE: 0.13945627 	 Validating MSE: 0.57696795 	 Best VMSE: 0.55645549
[2020-10-23 11:07:05] esmCNN.cv13: Checkpoint saved to experiments/normal/sili/esmCNN_random_sili_h4
[2020-10-23 11:07:05] esmCNN.cv13: Find channel with Kernel size: 5 	 Lambda: 0.5: 	 Best Score: 0.1393
[2020-10-23 11:07:05] esmCNN.cv13: Channel size: 99 	 Kernel size: 5 
Training MSE: 0.13928831 	 Validating MSE: 0.57929236 	 Best VMSE: 0.55645549
[2020-10-23 11:07:05] esmCNN.cv13: Checkpoint saved to experiments/normal/sili/esmCNN_random_sili_h4
[2020-10-23 11:07:05] esmCNN.cv13: Find channel with Kernel size: 5 	 Lambda: 0.5: 	 Best Score: 0.1391
[2020-10-23 11:07:06] esmCNN.cv13: Channel size: 100 	 Kernel size: 5 
Training MSE: 0.13905792 	 Validating MSE: 0.58077163 	 Best VMSE: 0.55645549
[2020-10-23 11:07:06] esmCNN.cv13: Checkpoint saved to experiments/normal/sili/esmCNN_random_sili_h4
[2020-10-23 11:07:06] esmCNN.cv13: Restoring best parameters from experiments/normal/sili/esmCNN_random_sili_h4/train.cv13.pth.tar
[2020-10-23 11:07:06] esmCNN.cv13: sili	 H: 4	 Trail: 48 
Testing RMSE: 0.8252 	 MAPE: 0.1287 	 SMAPE: 0.068
