[2020-10-23 11:07:57] esmCNN.cv18: Loading the datasets and model for 56th-batch-training
[2020-10-23 11:07:57] esmCNN.cv18: Argument channel_size: 100
[2020-10-23 11:07:57] esmCNN.cv18: Argument candidate_size: 300
[2020-10-23 11:07:57] esmCNN.cv18: Argument kernel_size: 6
[2020-10-23 11:07:57] esmCNN.cv18: Argument kernel_list: [8, 6, 5, 4]
[2020-10-23 11:07:57] esmCNN.cv18: Argument Lambdas: [0.5, 1, 5, 15, 30, 50, 100, 150, 200]
[2020-10-23 11:07:57] esmCNN.cv18: Argument Lambdas_std: [0.01, 0.05, 0.1, 0.5, 1]
[2020-10-23 11:07:57] esmCNN.cv18: Argument r: [0.8, 0.9, 0.99, 0.9999, 0.999999]
[2020-10-23 11:07:57] esmCNN.cv18: Argument tolerance: 0
[2020-10-23 11:07:57] esmCNN.cv18: Argument device: device(type='cuda')
[2020-10-23 11:07:57] esmCNN.cv18: Argument dataset: 'sili'
[2020-10-23 11:07:57] esmCNN.cv18: Argument H: 4
[2020-10-23 11:07:57] esmCNN.cv18: Argument k: 5
[2020-10-23 11:07:57] esmCNN.cv18: Argument test: False
[2020-10-23 11:07:57] esmCNN.cv18: Argument search: 'random'
[2020-10-23 11:07:57] esmCNN.cv18: Argument normal: True
[2020-10-23 11:07:57] esmCNN.cv18: Argument diff: False
[2020-10-23 11:07:57] esmCNN.cv18: Argument times: 60
[2020-10-23 11:07:57] esmCNN.cv18: Argument datasets: {'ar1': {'lag_order': 15, 'normal': True, 'cov_dim': 0, 'kernel_size': 3}, 'wti': {'lag_order': 25, 'normal': True, 'cov_dim': 0, 'kernel_size': 5}, 'gold': {'lag_order': 25, 'normal': True, 'cov_dim': 0, 'kernel_size': 5}, 'sp': {'lag_order': 25, 'normal': True, 'cov_dim': 0, 'kernel_size': 5}, 'brent': {'lag_order': 24, 'normal': True, 'cov_dim': 0, 'kernel_size': 6}, 'sili': {'lag_order': 26, 'normal': True, 'cov_dim': 0, 'kernel_size': 6}}
[2020-10-23 11:07:57] esmCNN.cv18: Argument steps: 26
[2020-10-23 11:07:57] esmCNN.cv18: Argument cov_dim: 0
[2020-10-23 11:07:57] esmCNN.cv18: Argument experiment: 'experiments/normal/sili'
[2020-10-23 11:07:57] esmCNN.cv18: Argument scaler: StandardScaler()
[2020-10-23 11:07:57] esmCNN.cv18: Argument model_name: 'esmCNN_random_sili_h4'
[2020-10-23 11:07:57] esmCNN.cv18: Argument model_dir: 'experiments/normal/sili/esmCNN_random_sili_h4'
[2020-10-23 11:07:57] esmCNN.cv18: Argument In_channels: 1
[2020-10-23 11:07:57] esmCNN.cv18: Argument restore: True
[2020-10-23 11:07:57] esmCNN.cv18: Argument cv: 18
[2020-10-23 11:07:57] esmCNN.cv18: Argument plot_dir: 'experiments/normal/sili/esmCNN_random_sili_h4/figures'
[2020-10-23 11:07:57] esmCNN.cv18: Argument num_process: 8
[2020-10-23 11:07:57] esmCNN.cv18: Using Cuda...
[2020-10-23 11:07:57] esmCNN.cv18: Loading complete.
[2020-10-23 11:07:57] esmCNN.cv18: Model: 
ESM_CNN(
  (Pool): AvgPool1d(kernel_size=(3,), stride=(1,), padding=(0,))
  (loss_fn): MSELoss()
)
[2020-10-23 11:07:57] esmCNN.cv18: Found new best state
[2020-10-23 11:07:57] esmCNN.cv18: Best vmse: 0.9267
[2020-10-23 11:07:57] esmCNN.cv18: Channel size: 1 	 Kernel size: 6 
Training MSE: 0.22541122 	 Validating MSE: 0.92672741 	 Best VMSE: 0.92672741
[2020-10-23 11:07:57] esmCNN.cv18: Checkpoint saved to experiments/normal/sili/esmCNN_random_sili_h4
[2020-10-23 11:07:57] esmCNN.cv18: Find channel with Kernel size: 4 	 Lambda: 0.5: 	 Best Score: 0.1748
[2020-10-23 11:07:57] esmCNN.cv18: Found new best state
[2020-10-23 11:07:57] esmCNN.cv18: Best vmse: 0.6494
[2020-10-23 11:07:57] esmCNN.cv18: Channel size: 2 	 Kernel size: 4 
Training MSE: 0.17481676 	 Validating MSE: 0.64942116 	 Best VMSE: 0.64942116
[2020-10-23 11:07:57] esmCNN.cv18: Checkpoint saved to experiments/normal/sili/esmCNN_random_sili_h4
[2020-10-23 11:07:57] esmCNN.cv18: Find channel with Kernel size: 4 	 Lambda: 0.5: 	 Best Score: 0.1666
[2020-10-23 11:07:57] esmCNN.cv18: Found new best state
[2020-10-23 11:07:57] esmCNN.cv18: Best vmse: 0.5843
[2020-10-23 11:07:57] esmCNN.cv18: Channel size: 3 	 Kernel size: 4 
Training MSE: 0.16658753 	 Validating MSE: 0.58428103 	 Best VMSE: 0.58428103
[2020-10-23 11:07:57] esmCNN.cv18: Checkpoint saved to experiments/normal/sili/esmCNN_random_sili_h4
[2020-10-23 11:07:57] esmCNN.cv18: Find channel with Kernel size: 5 	 Lambda: 0.5: 	 Best Score: 0.1637
[2020-10-23 11:07:57] esmCNN.cv18: Found new best state
[2020-10-23 11:07:57] esmCNN.cv18: Best vmse: 0.5833
[2020-10-23 11:07:57] esmCNN.cv18: Channel size: 4 	 Kernel size: 5 
Training MSE: 0.16366011 	 Validating MSE: 0.58329630 	 Best VMSE: 0.58329630
[2020-10-23 11:07:57] esmCNN.cv18: Checkpoint saved to experiments/normal/sili/esmCNN_random_sili_h4
[2020-10-23 11:07:57] esmCNN.cv18: Find channel with Kernel size: 4 	 Lambda: 0.5: 	 Best Score: 0.1627
[2020-10-23 11:07:57] esmCNN.cv18: Found new best state
[2020-10-23 11:07:57] esmCNN.cv18: Best vmse: 0.5785
[2020-10-23 11:07:57] esmCNN.cv18: Channel size: 5 	 Kernel size: 4 
Training MSE: 0.16274321 	 Validating MSE: 0.57849473 	 Best VMSE: 0.57849473
[2020-10-23 11:07:57] esmCNN.cv18: Checkpoint saved to experiments/normal/sili/esmCNN_random_sili_h4
[2020-10-23 11:07:57] esmCNN.cv18: Find channel with Kernel size: 5 	 Lambda: 0.5: 	 Best Score: 0.1624
[2020-10-23 11:07:57] esmCNN.cv18: Found new best state
[2020-10-23 11:07:57] esmCNN.cv18: Best vmse: 0.5751
[2020-10-23 11:07:57] esmCNN.cv18: Channel size: 6 	 Kernel size: 5 
Training MSE: 0.16243231 	 Validating MSE: 0.57514471 	 Best VMSE: 0.57514471
[2020-10-23 11:07:57] esmCNN.cv18: Checkpoint saved to experiments/normal/sili/esmCNN_random_sili_h4
[2020-10-23 11:07:57] esmCNN.cv18: Find channel with Kernel size: 6 	 Lambda: 0.5: 	 Best Score: 0.1622
[2020-10-23 11:07:57] esmCNN.cv18: Found new best state
[2020-10-23 11:07:57] esmCNN.cv18: Best vmse: 0.5727
[2020-10-23 11:07:57] esmCNN.cv18: Channel size: 7 	 Kernel size: 6 
Training MSE: 0.16218290 	 Validating MSE: 0.57272309 	 Best VMSE: 0.57272309
[2020-10-23 11:07:57] esmCNN.cv18: Checkpoint saved to experiments/normal/sili/esmCNN_random_sili_h4
[2020-10-23 11:07:57] esmCNN.cv18: Find channel with Kernel size: 8 	 Lambda: 0.5: 	 Best Score: 0.1618
[2020-10-23 11:07:57] esmCNN.cv18: Channel size: 8 	 Kernel size: 8 
Training MSE: 0.16184017 	 Validating MSE: 0.58421779 	 Best VMSE: 0.57272309
[2020-10-23 11:07:57] esmCNN.cv18: Checkpoint saved to experiments/normal/sili/esmCNN_random_sili_h4
[2020-10-23 11:07:57] esmCNN.cv18: Find channel with Kernel size: 5 	 Lambda: 0.5: 	 Best Score: 0.1616
[2020-10-23 11:07:57] esmCNN.cv18: Channel size: 9 	 Kernel size: 5 
Training MSE: 0.16156346 	 Validating MSE: 0.57847214 	 Best VMSE: 0.57272309
[2020-10-23 11:07:57] esmCNN.cv18: Checkpoint saved to experiments/normal/sili/esmCNN_random_sili_h4
[2020-10-23 11:07:57] esmCNN.cv18: Find channel with Kernel size: 8 	 Lambda: 0.5: 	 Best Score: 0.1614
[2020-10-23 11:07:57] esmCNN.cv18: Channel size: 10 	 Kernel size: 8 
Training MSE: 0.16138197 	 Validating MSE: 0.58001024 	 Best VMSE: 0.57272309
[2020-10-23 11:07:57] esmCNN.cv18: Checkpoint saved to experiments/normal/sili/esmCNN_random_sili_h4
[2020-10-23 11:07:57] esmCNN.cv18: Find channel with Kernel size: 6 	 Lambda: 0.5: 	 Best Score: 0.1611
[2020-10-23 11:07:57] esmCNN.cv18: Channel size: 11 	 Kernel size: 6 
Training MSE: 0.16108827 	 Validating MSE: 0.57458293 	 Best VMSE: 0.57272309
[2020-10-23 11:07:57] esmCNN.cv18: Checkpoint saved to experiments/normal/sili/esmCNN_random_sili_h4
[2020-10-23 11:07:57] esmCNN.cv18: Find channel with Kernel size: 4 	 Lambda: 0.5: 	 Best Score: 0.1608
[2020-10-23 11:07:57] esmCNN.cv18: Channel size: 12 	 Kernel size: 4 
Training MSE: 0.16075142 	 Validating MSE: 0.57900465 	 Best VMSE: 0.57272309
[2020-10-23 11:07:57] esmCNN.cv18: Checkpoint saved to experiments/normal/sili/esmCNN_random_sili_h4
[2020-10-23 11:07:57] esmCNN.cv18: Find channel with Kernel size: 8 	 Lambda: 0.5: 	 Best Score: 0.1606
[2020-10-23 11:07:57] esmCNN.cv18: Channel size: 13 	 Kernel size: 8 
Training MSE: 0.16056171 	 Validating MSE: 0.58798569 	 Best VMSE: 0.57272309
[2020-10-23 11:07:57] esmCNN.cv18: Checkpoint saved to experiments/normal/sili/esmCNN_random_sili_h4
[2020-10-23 11:07:57] esmCNN.cv18: Find channel with Kernel size: 5 	 Lambda: 0.5: 	 Best Score: 0.1601
[2020-10-23 11:07:57] esmCNN.cv18: Channel size: 14 	 Kernel size: 5 
Training MSE: 0.16013065 	 Validating MSE: 0.58238739 	 Best VMSE: 0.57272309
[2020-10-23 11:07:57] esmCNN.cv18: Checkpoint saved to experiments/normal/sili/esmCNN_random_sili_h4
[2020-10-23 11:07:57] esmCNN.cv18: Find channel with Kernel size: 5 	 Lambda: 0.5: 	 Best Score: 0.1599
[2020-10-23 11:07:57] esmCNN.cv18: Channel size: 15 	 Kernel size: 5 
Training MSE: 0.15992478 	 Validating MSE: 0.58341658 	 Best VMSE: 0.57272309
[2020-10-23 11:07:57] esmCNN.cv18: Checkpoint saved to experiments/normal/sili/esmCNN_random_sili_h4
[2020-10-23 11:07:57] esmCNN.cv18: Find channel with Kernel size: 5 	 Lambda: 0.5: 	 Best Score: 0.1596
[2020-10-23 11:07:57] esmCNN.cv18: Channel size: 16 	 Kernel size: 5 
Training MSE: 0.15959629 	 Validating MSE: 0.57700068 	 Best VMSE: 0.57272309
[2020-10-23 11:07:57] esmCNN.cv18: Checkpoint saved to experiments/normal/sili/esmCNN_random_sili_h4
[2020-10-23 11:07:57] esmCNN.cv18: Find channel with Kernel size: 8 	 Lambda: 0.5: 	 Best Score: 0.1593
[2020-10-23 11:07:57] esmCNN.cv18: Channel size: 17 	 Kernel size: 8 
Training MSE: 0.15926285 	 Validating MSE: 0.58706498 	 Best VMSE: 0.57272309
[2020-10-23 11:07:57] esmCNN.cv18: Checkpoint saved to experiments/normal/sili/esmCNN_random_sili_h4
[2020-10-23 11:07:58] esmCNN.cv18: Find channel with Kernel size: 8 	 Lambda: 0.5: 	 Best Score: 0.1589
[2020-10-23 11:07:58] esmCNN.cv18: Channel size: 18 	 Kernel size: 8 
Training MSE: 0.15892406 	 Validating MSE: 0.58255357 	 Best VMSE: 0.57272309
[2020-10-23 11:07:58] esmCNN.cv18: Checkpoint saved to experiments/normal/sili/esmCNN_random_sili_h4
[2020-10-23 11:07:58] esmCNN.cv18: Find channel with Kernel size: 4 	 Lambda: 0.5: 	 Best Score: 0.1586
[2020-10-23 11:07:58] esmCNN.cv18: Channel size: 19 	 Kernel size: 4 
Training MSE: 0.15859196 	 Validating MSE: 0.58515853 	 Best VMSE: 0.57272309
[2020-10-23 11:07:58] esmCNN.cv18: Checkpoint saved to experiments/normal/sili/esmCNN_random_sili_h4
[2020-10-23 11:07:58] esmCNN.cv18: Find channel with Kernel size: 6 	 Lambda: 0.5: 	 Best Score: 0.1580
[2020-10-23 11:07:58] esmCNN.cv18: Found new best state
[2020-10-23 11:07:58] esmCNN.cv18: Best vmse: 0.5717
[2020-10-23 11:07:58] esmCNN.cv18: Channel size: 20 	 Kernel size: 6 
Training MSE: 0.15803503 	 Validating MSE: 0.57165492 	 Best VMSE: 0.57165492
[2020-10-23 11:07:58] esmCNN.cv18: Checkpoint saved to experiments/normal/sili/esmCNN_random_sili_h4
[2020-10-23 11:07:58] esmCNN.cv18: Find channel with Kernel size: 8 	 Lambda: 0.5: 	 Best Score: 0.1575
[2020-10-23 11:07:58] esmCNN.cv18: Channel size: 21 	 Kernel size: 8 
Training MSE: 0.15749183 	 Validating MSE: 0.58417213 	 Best VMSE: 0.57165492
[2020-10-23 11:07:58] esmCNN.cv18: Checkpoint saved to experiments/normal/sili/esmCNN_random_sili_h4
[2020-10-23 11:07:58] esmCNN.cv18: Find channel with Kernel size: 8 	 Lambda: 0.5: 	 Best Score: 0.1573
[2020-10-23 11:07:58] esmCNN.cv18: Channel size: 22 	 Kernel size: 8 
Training MSE: 0.15732409 	 Validating MSE: 0.58099401 	 Best VMSE: 0.57165492
[2020-10-23 11:07:58] esmCNN.cv18: Checkpoint saved to experiments/normal/sili/esmCNN_random_sili_h4
[2020-10-23 11:07:58] esmCNN.cv18: Find channel with Kernel size: 5 	 Lambda: 0.5: 	 Best Score: 0.1568
[2020-10-23 11:07:58] esmCNN.cv18: Channel size: 23 	 Kernel size: 5 
Training MSE: 0.15679912 	 Validating MSE: 0.57552010 	 Best VMSE: 0.57165492
[2020-10-23 11:07:58] esmCNN.cv18: Checkpoint saved to experiments/normal/sili/esmCNN_random_sili_h4
[2020-10-23 11:07:58] esmCNN.cv18: Find channel with Kernel size: 6 	 Lambda: 0.5: 	 Best Score: 0.1566
[2020-10-23 11:07:58] esmCNN.cv18: Channel size: 24 	 Kernel size: 6 
Training MSE: 0.15661626 	 Validating MSE: 0.57805192 	 Best VMSE: 0.57165492
[2020-10-23 11:07:58] esmCNN.cv18: Checkpoint saved to experiments/normal/sili/esmCNN_random_sili_h4
[2020-10-23 11:07:58] esmCNN.cv18: Find channel with Kernel size: 6 	 Lambda: 0.5: 	 Best Score: 0.1563
[2020-10-23 11:07:58] esmCNN.cv18: Channel size: 25 	 Kernel size: 6 
Training MSE: 0.15629952 	 Validating MSE: 0.57819629 	 Best VMSE: 0.57165492
[2020-10-23 11:07:58] esmCNN.cv18: Checkpoint saved to experiments/normal/sili/esmCNN_random_sili_h4
[2020-10-23 11:07:58] esmCNN.cv18: Find channel with Kernel size: 5 	 Lambda: 0.5: 	 Best Score: 0.1559
[2020-10-23 11:07:58] esmCNN.cv18: Channel size: 26 	 Kernel size: 5 
Training MSE: 0.15593638 	 Validating MSE: 0.57751572 	 Best VMSE: 0.57165492
[2020-10-23 11:07:58] esmCNN.cv18: Checkpoint saved to experiments/normal/sili/esmCNN_random_sili_h4
[2020-10-23 11:07:58] esmCNN.cv18: Find channel with Kernel size: 5 	 Lambda: 0.5: 	 Best Score: 0.1557
[2020-10-23 11:07:58] esmCNN.cv18: Channel size: 27 	 Kernel size: 5 
Training MSE: 0.15569605 	 Validating MSE: 0.57790589 	 Best VMSE: 0.57165492
[2020-10-23 11:07:58] esmCNN.cv18: Checkpoint saved to experiments/normal/sili/esmCNN_random_sili_h4
[2020-10-23 11:07:58] esmCNN.cv18: Find channel with Kernel size: 8 	 Lambda: 0.5: 	 Best Score: 0.1550
[2020-10-23 11:07:58] esmCNN.cv18: Found new best state
[2020-10-23 11:07:58] esmCNN.cv18: Best vmse: 0.5698
[2020-10-23 11:07:58] esmCNN.cv18: Channel size: 28 	 Kernel size: 8 
Training MSE: 0.15497003 	 Validating MSE: 0.56979251 	 Best VMSE: 0.56979251
[2020-10-23 11:07:58] esmCNN.cv18: Checkpoint saved to experiments/normal/sili/esmCNN_random_sili_h4
[2020-10-23 11:07:58] esmCNN.cv18: Find channel with Kernel size: 5 	 Lambda: 0.5: 	 Best Score: 0.1541
[2020-10-23 11:07:58] esmCNN.cv18: Found new best state
[2020-10-23 11:07:58] esmCNN.cv18: Best vmse: 0.5692
[2020-10-23 11:07:58] esmCNN.cv18: Channel size: 29 	 Kernel size: 5 
Training MSE: 0.15411122 	 Validating MSE: 0.56922454 	 Best VMSE: 0.56922454
[2020-10-23 11:07:58] esmCNN.cv18: Checkpoint saved to experiments/normal/sili/esmCNN_random_sili_h4
[2020-10-23 11:07:58] esmCNN.cv18: Find channel with Kernel size: 8 	 Lambda: 0.5: 	 Best Score: 0.1538
[2020-10-23 11:07:58] esmCNN.cv18: Found new best state
[2020-10-23 11:07:58] esmCNN.cv18: Best vmse: 0.5676
[2020-10-23 11:07:58] esmCNN.cv18: Channel size: 30 	 Kernel size: 8 
Training MSE: 0.15382478 	 Validating MSE: 0.56760365 	 Best VMSE: 0.56760365
[2020-10-23 11:07:58] esmCNN.cv18: Checkpoint saved to experiments/normal/sili/esmCNN_random_sili_h4
[2020-10-23 11:07:58] esmCNN.cv18: Find channel with Kernel size: 4 	 Lambda: 0.5: 	 Best Score: 0.1537
[2020-10-23 11:07:58] esmCNN.cv18: Channel size: 31 	 Kernel size: 4 
Training MSE: 0.15366894 	 Validating MSE: 0.57594353 	 Best VMSE: 0.56760365
[2020-10-23 11:07:58] esmCNN.cv18: Checkpoint saved to experiments/normal/sili/esmCNN_random_sili_h4
[2020-10-23 11:07:58] esmCNN.cv18: Find channel with Kernel size: 8 	 Lambda: 0.5: 	 Best Score: 0.1531
[2020-10-23 11:07:58] esmCNN.cv18: Channel size: 32 	 Kernel size: 8 
Training MSE: 0.15306740 	 Validating MSE: 0.58681524 	 Best VMSE: 0.56760365
[2020-10-23 11:07:58] esmCNN.cv18: Checkpoint saved to experiments/normal/sili/esmCNN_random_sili_h4
[2020-10-23 11:07:58] esmCNN.cv18: Find channel with Kernel size: 6 	 Lambda: 0.5: 	 Best Score: 0.1526
[2020-10-23 11:07:58] esmCNN.cv18: Channel size: 33 	 Kernel size: 6 
Training MSE: 0.15260790 	 Validating MSE: 0.57347387 	 Best VMSE: 0.56760365
[2020-10-23 11:07:58] esmCNN.cv18: Checkpoint saved to experiments/normal/sili/esmCNN_random_sili_h4
[2020-10-23 11:07:58] esmCNN.cv18: Find channel with Kernel size: 5 	 Lambda: 0.5: 	 Best Score: 0.1524
[2020-10-23 11:07:58] esmCNN.cv18: Channel size: 34 	 Kernel size: 5 
Training MSE: 0.15241903 	 Validating MSE: 0.58254689 	 Best VMSE: 0.56760365
[2020-10-23 11:07:58] esmCNN.cv18: Checkpoint saved to experiments/normal/sili/esmCNN_random_sili_h4
[2020-10-23 11:07:58] esmCNN.cv18: Find channel with Kernel size: 8 	 Lambda: 0.5: 	 Best Score: 0.1516
[2020-10-23 11:07:58] esmCNN.cv18: Channel size: 35 	 Kernel size: 8 
Training MSE: 0.15163863 	 Validating MSE: 0.58727026 	 Best VMSE: 0.56760365
[2020-10-23 11:07:58] esmCNN.cv18: Checkpoint saved to experiments/normal/sili/esmCNN_random_sili_h4
[2020-10-23 11:07:59] esmCNN.cv18: Find channel with Kernel size: 4 	 Lambda: 0.5: 	 Best Score: 0.1511
[2020-10-23 11:07:59] esmCNN.cv18: Channel size: 36 	 Kernel size: 4 
Training MSE: 0.15105633 	 Validating MSE: 0.59162980 	 Best VMSE: 0.56760365
[2020-10-23 11:07:59] esmCNN.cv18: Checkpoint saved to experiments/normal/sili/esmCNN_random_sili_h4
[2020-10-23 11:07:59] esmCNN.cv18: Find channel with Kernel size: 8 	 Lambda: 0.5: 	 Best Score: 0.1509
[2020-10-23 11:07:59] esmCNN.cv18: Channel size: 37 	 Kernel size: 8 
Training MSE: 0.15093908 	 Validating MSE: 0.58658367 	 Best VMSE: 0.56760365
[2020-10-23 11:07:59] esmCNN.cv18: Checkpoint saved to experiments/normal/sili/esmCNN_random_sili_h4
[2020-10-23 11:07:59] esmCNN.cv18: Find channel with Kernel size: 4 	 Lambda: 0.5: 	 Best Score: 0.1508
[2020-10-23 11:07:59] esmCNN.cv18: Channel size: 38 	 Kernel size: 4 
Training MSE: 0.15077782 	 Validating MSE: 0.58860731 	 Best VMSE: 0.56760365
[2020-10-23 11:07:59] esmCNN.cv18: Checkpoint saved to experiments/normal/sili/esmCNN_random_sili_h4
[2020-10-23 11:07:59] esmCNN.cv18: Find channel with Kernel size: 8 	 Lambda: 0.5: 	 Best Score: 0.1507
[2020-10-23 11:07:59] esmCNN.cv18: Channel size: 39 	 Kernel size: 8 
Training MSE: 0.15070705 	 Validating MSE: 0.58842486 	 Best VMSE: 0.56760365
[2020-10-23 11:07:59] esmCNN.cv18: Checkpoint saved to experiments/normal/sili/esmCNN_random_sili_h4
[2020-10-23 11:07:59] esmCNN.cv18: Find channel with Kernel size: 8 	 Lambda: 0.5: 	 Best Score: 0.1500
[2020-10-23 11:07:59] esmCNN.cv18: Channel size: 40 	 Kernel size: 8 
Training MSE: 0.15002197 	 Validating MSE: 0.59690714 	 Best VMSE: 0.56760365
[2020-10-23 11:07:59] esmCNN.cv18: Checkpoint saved to experiments/normal/sili/esmCNN_random_sili_h4
[2020-10-23 11:07:59] esmCNN.cv18: Find channel with Kernel size: 4 	 Lambda: 0.5: 	 Best Score: 0.1493
[2020-10-23 11:07:59] esmCNN.cv18: Channel size: 41 	 Kernel size: 4 
Training MSE: 0.14928396 	 Validating MSE: 0.58485764 	 Best VMSE: 0.56760365
[2020-10-23 11:07:59] esmCNN.cv18: Checkpoint saved to experiments/normal/sili/esmCNN_random_sili_h4
[2020-10-23 11:07:59] esmCNN.cv18: Find channel with Kernel size: 6 	 Lambda: 0.5: 	 Best Score: 0.1492
[2020-10-23 11:07:59] esmCNN.cv18: Channel size: 42 	 Kernel size: 6 
Training MSE: 0.14922257 	 Validating MSE: 0.58548814 	 Best VMSE: 0.56760365
[2020-10-23 11:07:59] esmCNN.cv18: Checkpoint saved to experiments/normal/sili/esmCNN_random_sili_h4
[2020-10-23 11:07:59] esmCNN.cv18: Find channel with Kernel size: 8 	 Lambda: 0.5: 	 Best Score: 0.1491
[2020-10-23 11:07:59] esmCNN.cv18: Channel size: 43 	 Kernel size: 8 
Training MSE: 0.14909922 	 Validating MSE: 0.58142096 	 Best VMSE: 0.56760365
[2020-10-23 11:07:59] esmCNN.cv18: Checkpoint saved to experiments/normal/sili/esmCNN_random_sili_h4
[2020-10-23 11:07:59] esmCNN.cv18: Find channel with Kernel size: 4 	 Lambda: 0.5: 	 Best Score: 0.1486
[2020-10-23 11:07:59] esmCNN.cv18: Channel size: 44 	 Kernel size: 4 
Training MSE: 0.14861572 	 Validating MSE: 0.58147490 	 Best VMSE: 0.56760365
[2020-10-23 11:07:59] esmCNN.cv18: Checkpoint saved to experiments/normal/sili/esmCNN_random_sili_h4
[2020-10-23 11:07:59] esmCNN.cv18: Find channel with Kernel size: 4 	 Lambda: 0.5: 	 Best Score: 0.1484
[2020-10-23 11:07:59] esmCNN.cv18: Channel size: 45 	 Kernel size: 4 
Training MSE: 0.14836176 	 Validating MSE: 0.58875841 	 Best VMSE: 0.56760365
[2020-10-23 11:07:59] esmCNN.cv18: Checkpoint saved to experiments/normal/sili/esmCNN_random_sili_h4
[2020-10-23 11:07:59] esmCNN.cv18: Find channel with Kernel size: 6 	 Lambda: 0.5: 	 Best Score: 0.1483
[2020-10-23 11:07:59] esmCNN.cv18: Channel size: 46 	 Kernel size: 6 
Training MSE: 0.14825764 	 Validating MSE: 0.58849120 	 Best VMSE: 0.56760365
[2020-10-23 11:07:59] esmCNN.cv18: Checkpoint saved to experiments/normal/sili/esmCNN_random_sili_h4
[2020-10-23 11:07:59] esmCNN.cv18: Find channel with Kernel size: 6 	 Lambda: 0.5: 	 Best Score: 0.1468
[2020-10-23 11:07:59] esmCNN.cv18: Found new best state
[2020-10-23 11:07:59] esmCNN.cv18: Best vmse: 0.5605
[2020-10-23 11:07:59] esmCNN.cv18: Channel size: 47 	 Kernel size: 6 
Training MSE: 0.14680184 	 Validating MSE: 0.56051618 	 Best VMSE: 0.56051618
[2020-10-23 11:07:59] esmCNN.cv18: Checkpoint saved to experiments/normal/sili/esmCNN_random_sili_h4
[2020-10-23 11:07:59] esmCNN.cv18: Find channel with Kernel size: 5 	 Lambda: 0.5: 	 Best Score: 0.1455
[2020-10-23 11:07:59] esmCNN.cv18: Channel size: 48 	 Kernel size: 5 
Training MSE: 0.14553340 	 Validating MSE: 0.57958865 	 Best VMSE: 0.56051618
[2020-10-23 11:07:59] esmCNN.cv18: Checkpoint saved to experiments/normal/sili/esmCNN_random_sili_h4
[2020-10-23 11:07:59] esmCNN.cv18: Find channel with Kernel size: 5 	 Lambda: 0.5: 	 Best Score: 0.1455
[2020-10-23 11:07:59] esmCNN.cv18: Channel size: 49 	 Kernel size: 5 
Training MSE: 0.14546214 	 Validating MSE: 0.57931387 	 Best VMSE: 0.56051618
[2020-10-23 11:07:59] esmCNN.cv18: Checkpoint saved to experiments/normal/sili/esmCNN_random_sili_h4
[2020-10-23 11:07:59] esmCNN.cv18: Find channel with Kernel size: 5 	 Lambda: 0.5: 	 Best Score: 0.1449
[2020-10-23 11:07:59] esmCNN.cv18: Channel size: 50 	 Kernel size: 5 
Training MSE: 0.14492185 	 Validating MSE: 0.58913469 	 Best VMSE: 0.56051618
[2020-10-23 11:07:59] esmCNN.cv18: Checkpoint saved to experiments/normal/sili/esmCNN_random_sili_h4
[2020-10-23 11:08:00] esmCNN.cv18: Find channel with Kernel size: 4 	 Lambda: 0.5: 	 Best Score: 0.1445
[2020-10-23 11:08:00] esmCNN.cv18: Channel size: 51 	 Kernel size: 4 
Training MSE: 0.14454849 	 Validating MSE: 0.59740382 	 Best VMSE: 0.56051618
[2020-10-23 11:08:00] esmCNN.cv18: Checkpoint saved to experiments/normal/sili/esmCNN_random_sili_h4
[2020-10-23 11:08:00] esmCNN.cv18: Find channel with Kernel size: 4 	 Lambda: 0.5: 	 Best Score: 0.1444
[2020-10-23 11:08:00] esmCNN.cv18: Channel size: 52 	 Kernel size: 4 
Training MSE: 0.14441897 	 Validating MSE: 0.59065419 	 Best VMSE: 0.56051618
[2020-10-23 11:08:00] esmCNN.cv18: Checkpoint saved to experiments/normal/sili/esmCNN_random_sili_h4
[2020-10-23 11:08:00] esmCNN.cv18: Find channel with Kernel size: 8 	 Lambda: 0.5: 	 Best Score: 0.1442
[2020-10-23 11:08:00] esmCNN.cv18: Channel size: 53 	 Kernel size: 8 
Training MSE: 0.14416997 	 Validating MSE: 0.59318733 	 Best VMSE: 0.56051618
[2020-10-23 11:08:00] esmCNN.cv18: Checkpoint saved to experiments/normal/sili/esmCNN_random_sili_h4
[2020-10-23 11:08:00] esmCNN.cv18: Find channel with Kernel size: 5 	 Lambda: 0.5: 	 Best Score: 0.1438
[2020-10-23 11:08:00] esmCNN.cv18: Channel size: 54 	 Kernel size: 5 
Training MSE: 0.14384626 	 Validating MSE: 0.59215498 	 Best VMSE: 0.56051618
[2020-10-23 11:08:00] esmCNN.cv18: Checkpoint saved to experiments/normal/sili/esmCNN_random_sili_h4
[2020-10-23 11:08:00] esmCNN.cv18: Find channel with Kernel size: 5 	 Lambda: 0.5: 	 Best Score: 0.1436
[2020-10-23 11:08:00] esmCNN.cv18: Channel size: 55 	 Kernel size: 5 
Training MSE: 0.14364217 	 Validating MSE: 0.59262007 	 Best VMSE: 0.56051618
[2020-10-23 11:08:00] esmCNN.cv18: Checkpoint saved to experiments/normal/sili/esmCNN_random_sili_h4
[2020-10-23 11:08:00] esmCNN.cv18: Find channel with Kernel size: 5 	 Lambda: 0.5: 	 Best Score: 0.1432
[2020-10-23 11:08:00] esmCNN.cv18: Channel size: 56 	 Kernel size: 5 
Training MSE: 0.14317220 	 Validating MSE: 0.59359193 	 Best VMSE: 0.56051618
[2020-10-23 11:08:00] esmCNN.cv18: Checkpoint saved to experiments/normal/sili/esmCNN_random_sili_h4
[2020-10-23 11:08:00] esmCNN.cv18: Find channel with Kernel size: 4 	 Lambda: 0.5: 	 Best Score: 0.1428
[2020-10-23 11:08:00] esmCNN.cv18: Channel size: 57 	 Kernel size: 4 
Training MSE: 0.14278612 	 Validating MSE: 0.59131169 	 Best VMSE: 0.56051618
[2020-10-23 11:08:00] esmCNN.cv18: Checkpoint saved to experiments/normal/sili/esmCNN_random_sili_h4
[2020-10-23 11:08:00] esmCNN.cv18: Find channel with Kernel size: 4 	 Lambda: 0.5: 	 Best Score: 0.1426
[2020-10-23 11:08:00] esmCNN.cv18: Channel size: 58 	 Kernel size: 4 
Training MSE: 0.14258540 	 Validating MSE: 0.59078336 	 Best VMSE: 0.56051618
[2020-10-23 11:08:00] esmCNN.cv18: Checkpoint saved to experiments/normal/sili/esmCNN_random_sili_h4
[2020-10-23 11:08:00] esmCNN.cv18: Find channel with Kernel size: 8 	 Lambda: 0.5: 	 Best Score: 0.1425
[2020-10-23 11:08:00] esmCNN.cv18: Channel size: 59 	 Kernel size: 8 
Training MSE: 0.14245252 	 Validating MSE: 0.59216559 	 Best VMSE: 0.56051618
[2020-10-23 11:08:00] esmCNN.cv18: Checkpoint saved to experiments/normal/sili/esmCNN_random_sili_h4
[2020-10-23 11:08:00] esmCNN.cv18: Find channel with Kernel size: 6 	 Lambda: 0.5: 	 Best Score: 0.1423
[2020-10-23 11:08:00] esmCNN.cv18: Channel size: 60 	 Kernel size: 6 
Training MSE: 0.14228292 	 Validating MSE: 0.59238636 	 Best VMSE: 0.56051618
[2020-10-23 11:08:00] esmCNN.cv18: Checkpoint saved to experiments/normal/sili/esmCNN_random_sili_h4
[2020-10-23 11:08:00] esmCNN.cv18: Find channel with Kernel size: 4 	 Lambda: 0.5: 	 Best Score: 0.1422
[2020-10-23 11:08:00] esmCNN.cv18: Channel size: 61 	 Kernel size: 4 
Training MSE: 0.14218755 	 Validating MSE: 0.59293616 	 Best VMSE: 0.56051618
[2020-10-23 11:08:00] esmCNN.cv18: Checkpoint saved to experiments/normal/sili/esmCNN_random_sili_h4
[2020-10-23 11:08:00] esmCNN.cv18: Find channel with Kernel size: 8 	 Lambda: 0.5: 	 Best Score: 0.1419
[2020-10-23 11:08:00] esmCNN.cv18: Channel size: 62 	 Kernel size: 8 
Training MSE: 0.14192225 	 Validating MSE: 0.59298199 	 Best VMSE: 0.56051618
[2020-10-23 11:08:00] esmCNN.cv18: Checkpoint saved to experiments/normal/sili/esmCNN_random_sili_h4
[2020-10-23 11:08:00] esmCNN.cv18: Find channel with Kernel size: 4 	 Lambda: 0.5: 	 Best Score: 0.1416
[2020-10-23 11:08:00] esmCNN.cv18: Channel size: 63 	 Kernel size: 4 
Training MSE: 0.14164896 	 Validating MSE: 0.59050930 	 Best VMSE: 0.56051618
[2020-10-23 11:08:00] esmCNN.cv18: Checkpoint saved to experiments/normal/sili/esmCNN_random_sili_h4
[2020-10-23 11:08:01] esmCNN.cv18: Find channel with Kernel size: 6 	 Lambda: 0.5: 	 Best Score: 0.1416
[2020-10-23 11:08:01] esmCNN.cv18: Channel size: 64 	 Kernel size: 6 
Training MSE: 0.14155893 	 Validating MSE: 0.59262753 	 Best VMSE: 0.56051618
[2020-10-23 11:08:01] esmCNN.cv18: Checkpoint saved to experiments/normal/sili/esmCNN_random_sili_h4
[2020-10-23 11:08:01] esmCNN.cv18: Find channel with Kernel size: 6 	 Lambda: 0.5: 	 Best Score: 0.1415
[2020-10-23 11:08:01] esmCNN.cv18: Channel size: 65 	 Kernel size: 6 
Training MSE: 0.14146793 	 Validating MSE: 0.58860385 	 Best VMSE: 0.56051618
[2020-10-23 11:08:01] esmCNN.cv18: Checkpoint saved to experiments/normal/sili/esmCNN_random_sili_h4
[2020-10-23 11:08:01] esmCNN.cv18: Find channel with Kernel size: 5 	 Lambda: 0.5: 	 Best Score: 0.1414
[2020-10-23 11:08:01] esmCNN.cv18: Channel size: 66 	 Kernel size: 5 
Training MSE: 0.14137691 	 Validating MSE: 0.59015244 	 Best VMSE: 0.56051618
[2020-10-23 11:08:01] esmCNN.cv18: Checkpoint saved to experiments/normal/sili/esmCNN_random_sili_h4
[2020-10-23 11:08:01] esmCNN.cv18: Find channel with Kernel size: 6 	 Lambda: 0.5: 	 Best Score: 0.1412
[2020-10-23 11:08:01] esmCNN.cv18: Channel size: 67 	 Kernel size: 6 
Training MSE: 0.14116149 	 Validating MSE: 0.59365004 	 Best VMSE: 0.56051618
[2020-10-23 11:08:01] esmCNN.cv18: Checkpoint saved to experiments/normal/sili/esmCNN_random_sili_h4
[2020-10-23 11:08:01] esmCNN.cv18: Find channel with Kernel size: 8 	 Lambda: 0.5: 	 Best Score: 0.1410
[2020-10-23 11:08:01] esmCNN.cv18: Channel size: 68 	 Kernel size: 8 
Training MSE: 0.14095679 	 Validating MSE: 0.59364361 	 Best VMSE: 0.56051618
[2020-10-23 11:08:01] esmCNN.cv18: Checkpoint saved to experiments/normal/sili/esmCNN_random_sili_h4
[2020-10-23 11:08:01] esmCNN.cv18: Find channel with Kernel size: 5 	 Lambda: 0.5: 	 Best Score: 0.1407
[2020-10-23 11:08:01] esmCNN.cv18: Channel size: 69 	 Kernel size: 5 
Training MSE: 0.14069776 	 Validating MSE: 0.59291273 	 Best VMSE: 0.56051618
[2020-10-23 11:08:01] esmCNN.cv18: Checkpoint saved to experiments/normal/sili/esmCNN_random_sili_h4
[2020-10-23 11:08:01] esmCNN.cv18: Find channel with Kernel size: 4 	 Lambda: 0.5: 	 Best Score: 0.1403
[2020-10-23 11:08:01] esmCNN.cv18: Channel size: 70 	 Kernel size: 4 
Training MSE: 0.14034623 	 Validating MSE: 0.59610415 	 Best VMSE: 0.56051618
[2020-10-23 11:08:01] esmCNN.cv18: Checkpoint saved to experiments/normal/sili/esmCNN_random_sili_h4
[2020-10-23 11:08:01] esmCNN.cv18: Find channel with Kernel size: 4 	 Lambda: 0.5: 	 Best Score: 0.1399
[2020-10-23 11:08:01] esmCNN.cv18: Channel size: 71 	 Kernel size: 4 
Training MSE: 0.13991575 	 Validating MSE: 0.60005707 	 Best VMSE: 0.56051618
[2020-10-23 11:08:01] esmCNN.cv18: Checkpoint saved to experiments/normal/sili/esmCNN_random_sili_h4
[2020-10-23 11:08:01] esmCNN.cv18: Find channel with Kernel size: 8 	 Lambda: 0.5: 	 Best Score: 0.1398
[2020-10-23 11:08:01] esmCNN.cv18: Channel size: 72 	 Kernel size: 8 
Training MSE: 0.13979404 	 Validating MSE: 0.59588641 	 Best VMSE: 0.56051618
[2020-10-23 11:08:01] esmCNN.cv18: Checkpoint saved to experiments/normal/sili/esmCNN_random_sili_h4
[2020-10-23 11:08:01] esmCNN.cv18: Find channel with Kernel size: 4 	 Lambda: 0.5: 	 Best Score: 0.1396
[2020-10-23 11:08:01] esmCNN.cv18: Channel size: 73 	 Kernel size: 4 
Training MSE: 0.13962547 	 Validating MSE: 0.59727848 	 Best VMSE: 0.56051618
[2020-10-23 11:08:01] esmCNN.cv18: Checkpoint saved to experiments/normal/sili/esmCNN_random_sili_h4
[2020-10-23 11:08:01] esmCNN.cv18: Find channel with Kernel size: 5 	 Lambda: 0.5: 	 Best Score: 0.1394
[2020-10-23 11:08:01] esmCNN.cv18: Channel size: 74 	 Kernel size: 5 
Training MSE: 0.13937277 	 Validating MSE: 0.59830981 	 Best VMSE: 0.56051618
[2020-10-23 11:08:01] esmCNN.cv18: Checkpoint saved to experiments/normal/sili/esmCNN_random_sili_h4
[2020-10-23 11:08:01] esmCNN.cv18: Find channel with Kernel size: 8 	 Lambda: 0.5: 	 Best Score: 0.1391
[2020-10-23 11:08:02] esmCNN.cv18: Channel size: 75 	 Kernel size: 8 
Training MSE: 0.13913667 	 Validating MSE: 0.59350777 	 Best VMSE: 0.56051618
[2020-10-23 11:08:02] esmCNN.cv18: Checkpoint saved to experiments/normal/sili/esmCNN_random_sili_h4
[2020-10-23 11:08:02] esmCNN.cv18: Find channel with Kernel size: 8 	 Lambda: 0.5: 	 Best Score: 0.1390
[2020-10-23 11:08:02] esmCNN.cv18: Channel size: 76 	 Kernel size: 8 
Training MSE: 0.13898261 	 Validating MSE: 0.59425837 	 Best VMSE: 0.56051618
[2020-10-23 11:08:02] esmCNN.cv18: Checkpoint saved to experiments/normal/sili/esmCNN_random_sili_h4
[2020-10-23 11:08:02] esmCNN.cv18: Find channel with Kernel size: 6 	 Lambda: 0.5: 	 Best Score: 0.1389
[2020-10-23 11:08:02] esmCNN.cv18: Channel size: 77 	 Kernel size: 6 
Training MSE: 0.13885887 	 Validating MSE: 0.59340554 	 Best VMSE: 0.56051618
[2020-10-23 11:08:02] esmCNN.cv18: Checkpoint saved to experiments/normal/sili/esmCNN_random_sili_h4
[2020-10-23 11:08:02] esmCNN.cv18: Find channel with Kernel size: 8 	 Lambda: 0.5: 	 Best Score: 0.1385
[2020-10-23 11:08:02] esmCNN.cv18: Channel size: 78 	 Kernel size: 8 
Training MSE: 0.13848902 	 Validating MSE: 0.59641057 	 Best VMSE: 0.56051618
[2020-10-23 11:08:02] esmCNN.cv18: Checkpoint saved to experiments/normal/sili/esmCNN_random_sili_h4
[2020-10-23 11:08:02] esmCNN.cv18: Find channel with Kernel size: 8 	 Lambda: 0.5: 	 Best Score: 0.1381
[2020-10-23 11:08:02] esmCNN.cv18: Channel size: 79 	 Kernel size: 8 
Training MSE: 0.13811910 	 Validating MSE: 0.59114897 	 Best VMSE: 0.56051618
[2020-10-23 11:08:02] esmCNN.cv18: Checkpoint saved to experiments/normal/sili/esmCNN_random_sili_h4
[2020-10-23 11:08:02] esmCNN.cv18: Find channel with Kernel size: 6 	 Lambda: 0.5: 	 Best Score: 0.1379
[2020-10-23 11:08:02] esmCNN.cv18: Channel size: 80 	 Kernel size: 6 
Training MSE: 0.13787048 	 Validating MSE: 0.59636289 	 Best VMSE: 0.56051618
[2020-10-23 11:08:02] esmCNN.cv18: Checkpoint saved to experiments/normal/sili/esmCNN_random_sili_h4
[2020-10-23 11:08:02] esmCNN.cv18: Find channel with Kernel size: 8 	 Lambda: 0.5: 	 Best Score: 0.1378
[2020-10-23 11:08:02] esmCNN.cv18: Channel size: 81 	 Kernel size: 8 
Training MSE: 0.13775851 	 Validating MSE: 0.59672701 	 Best VMSE: 0.56051618
[2020-10-23 11:08:02] esmCNN.cv18: Checkpoint saved to experiments/normal/sili/esmCNN_random_sili_h4
[2020-10-23 11:08:02] esmCNN.cv18: Find channel with Kernel size: 5 	 Lambda: 0.5: 	 Best Score: 0.1377
[2020-10-23 11:08:02] esmCNN.cv18: Channel size: 82 	 Kernel size: 5 
Training MSE: 0.13765047 	 Validating MSE: 0.59723806 	 Best VMSE: 0.56051618
[2020-10-23 11:08:02] esmCNN.cv18: Checkpoint saved to experiments/normal/sili/esmCNN_random_sili_h4
[2020-10-23 11:08:02] esmCNN.cv18: Find channel with Kernel size: 5 	 Lambda: 0.5: 	 Best Score: 0.1376
[2020-10-23 11:08:02] esmCNN.cv18: Channel size: 83 	 Kernel size: 5 
Training MSE: 0.13758656 	 Validating MSE: 0.59603244 	 Best VMSE: 0.56051618
[2020-10-23 11:08:02] esmCNN.cv18: Checkpoint saved to experiments/normal/sili/esmCNN_random_sili_h4
[2020-10-23 11:08:02] esmCNN.cv18: Find channel with Kernel size: 5 	 Lambda: 0.5: 	 Best Score: 0.1375
[2020-10-23 11:08:02] esmCNN.cv18: Channel size: 84 	 Kernel size: 5 
Training MSE: 0.13754927 	 Validating MSE: 0.59477323 	 Best VMSE: 0.56051618
[2020-10-23 11:08:02] esmCNN.cv18: Checkpoint saved to experiments/normal/sili/esmCNN_random_sili_h4
[2020-10-23 11:08:02] esmCNN.cv18: Find channel with Kernel size: 5 	 Lambda: 0.5: 	 Best Score: 0.1375
[2020-10-23 11:08:02] esmCNN.cv18: Channel size: 85 	 Kernel size: 5 
Training MSE: 0.13746408 	 Validating MSE: 0.59592241 	 Best VMSE: 0.56051618
[2020-10-23 11:08:02] esmCNN.cv18: Checkpoint saved to experiments/normal/sili/esmCNN_random_sili_h4
[2020-10-23 11:08:02] esmCNN.cv18: Find channel with Kernel size: 6 	 Lambda: 0.5: 	 Best Score: 0.1371
[2020-10-23 11:08:03] esmCNN.cv18: Channel size: 86 	 Kernel size: 6 
Training MSE: 0.13711698 	 Validating MSE: 0.59595996 	 Best VMSE: 0.56051618
[2020-10-23 11:08:03] esmCNN.cv18: Checkpoint saved to experiments/normal/sili/esmCNN_random_sili_h4
[2020-10-23 11:08:03] esmCNN.cv18: Find channel with Kernel size: 5 	 Lambda: 0.5: 	 Best Score: 0.1367
[2020-10-23 11:08:03] esmCNN.cv18: Channel size: 87 	 Kernel size: 5 
Training MSE: 0.13670938 	 Validating MSE: 0.59497595 	 Best VMSE: 0.56051618
[2020-10-23 11:08:03] esmCNN.cv18: Checkpoint saved to experiments/normal/sili/esmCNN_random_sili_h4
[2020-10-23 11:08:03] esmCNN.cv18: Find channel with Kernel size: 6 	 Lambda: 0.5: 	 Best Score: 0.1366
[2020-10-23 11:08:03] esmCNN.cv18: Channel size: 88 	 Kernel size: 6 
Training MSE: 0.13660358 	 Validating MSE: 0.59095955 	 Best VMSE: 0.56051618
[2020-10-23 11:08:03] esmCNN.cv18: Checkpoint saved to experiments/normal/sili/esmCNN_random_sili_h4
[2020-10-23 11:08:03] esmCNN.cv18: Find channel with Kernel size: 4 	 Lambda: 0.5: 	 Best Score: 0.1364
[2020-10-23 11:08:03] esmCNN.cv18: Channel size: 89 	 Kernel size: 4 
Training MSE: 0.13641608 	 Validating MSE: 0.59423858 	 Best VMSE: 0.56051618
[2020-10-23 11:08:03] esmCNN.cv18: Checkpoint saved to experiments/normal/sili/esmCNN_random_sili_h4
[2020-10-23 11:08:03] esmCNN.cv18: Find channel with Kernel size: 5 	 Lambda: 0.5: 	 Best Score: 0.1356
[2020-10-23 11:08:03] esmCNN.cv18: Channel size: 90 	 Kernel size: 5 
Training MSE: 0.13558559 	 Validating MSE: 0.61222446 	 Best VMSE: 0.56051618
[2020-10-23 11:08:03] esmCNN.cv18: Checkpoint saved to experiments/normal/sili/esmCNN_random_sili_h4
[2020-10-23 11:08:03] esmCNN.cv18: Find channel with Kernel size: 5 	 Lambda: 0.5: 	 Best Score: 0.1348
[2020-10-23 11:08:03] esmCNN.cv18: Channel size: 91 	 Kernel size: 5 
Training MSE: 0.13481128 	 Validating MSE: 0.59633470 	 Best VMSE: 0.56051618
[2020-10-23 11:08:03] esmCNN.cv18: Checkpoint saved to experiments/normal/sili/esmCNN_random_sili_h4
[2020-10-23 11:08:03] esmCNN.cv18: Find channel with Kernel size: 6 	 Lambda: 0.5: 	 Best Score: 0.1343
[2020-10-23 11:08:03] esmCNN.cv18: Channel size: 92 	 Kernel size: 6 
Training MSE: 0.13431123 	 Validating MSE: 0.60181868 	 Best VMSE: 0.56051618
[2020-10-23 11:08:03] esmCNN.cv18: Checkpoint saved to experiments/normal/sili/esmCNN_random_sili_h4
[2020-10-23 11:08:03] esmCNN.cv18: Find channel with Kernel size: 5 	 Lambda: 0.5: 	 Best Score: 0.1338
[2020-10-23 11:08:03] esmCNN.cv18: Channel size: 93 	 Kernel size: 5 
Training MSE: 0.13381647 	 Validating MSE: 0.60124981 	 Best VMSE: 0.56051618
[2020-10-23 11:08:03] esmCNN.cv18: Checkpoint saved to experiments/normal/sili/esmCNN_random_sili_h4
[2020-10-23 11:08:03] esmCNN.cv18: Find channel with Kernel size: 5 	 Lambda: 0.5: 	 Best Score: 0.1336
[2020-10-23 11:08:03] esmCNN.cv18: Channel size: 94 	 Kernel size: 5 
Training MSE: 0.13361983 	 Validating MSE: 0.59795260 	 Best VMSE: 0.56051618
[2020-10-23 11:08:03] esmCNN.cv18: Checkpoint saved to experiments/normal/sili/esmCNN_random_sili_h4
[2020-10-23 11:08:03] esmCNN.cv18: Find channel with Kernel size: 4 	 Lambda: 0.5: 	 Best Score: 0.1335
[2020-10-23 11:08:03] esmCNN.cv18: Channel size: 95 	 Kernel size: 4 
Training MSE: 0.13346750 	 Validating MSE: 0.60310793 	 Best VMSE: 0.56051618
[2020-10-23 11:08:03] esmCNN.cv18: Checkpoint saved to experiments/normal/sili/esmCNN_random_sili_h4
[2020-10-23 11:08:04] esmCNN.cv18: Find channel with Kernel size: 4 	 Lambda: 0.5: 	 Best Score: 0.1332
[2020-10-23 11:08:04] esmCNN.cv18: Channel size: 96 	 Kernel size: 4 
Training MSE: 0.13315807 	 Validating MSE: 0.61186290 	 Best VMSE: 0.56051618
[2020-10-23 11:08:04] esmCNN.cv18: Checkpoint saved to experiments/normal/sili/esmCNN_random_sili_h4
[2020-10-23 11:08:04] esmCNN.cv18: Find channel with Kernel size: 8 	 Lambda: 0.5: 	 Best Score: 0.1328
[2020-10-23 11:08:04] esmCNN.cv18: Channel size: 97 	 Kernel size: 8 
Training MSE: 0.13280138 	 Validating MSE: 0.61107087 	 Best VMSE: 0.56051618
[2020-10-23 11:08:04] esmCNN.cv18: Checkpoint saved to experiments/normal/sili/esmCNN_random_sili_h4
[2020-10-23 11:08:04] esmCNN.cv18: Find channel with Kernel size: 5 	 Lambda: 0.5: 	 Best Score: 0.1325
[2020-10-23 11:08:04] esmCNN.cv18: Channel size: 98 	 Kernel size: 5 
Training MSE: 0.13251430 	 Validating MSE: 0.60825151 	 Best VMSE: 0.56051618
[2020-10-23 11:08:04] esmCNN.cv18: Checkpoint saved to experiments/normal/sili/esmCNN_random_sili_h4
[2020-10-23 11:08:04] esmCNN.cv18: Find channel with Kernel size: 6 	 Lambda: 0.5: 	 Best Score: 0.1325
[2020-10-23 11:08:04] esmCNN.cv18: Channel size: 99 	 Kernel size: 6 
Training MSE: 0.13246553 	 Validating MSE: 0.60677564 	 Best VMSE: 0.56051618
[2020-10-23 11:08:04] esmCNN.cv18: Checkpoint saved to experiments/normal/sili/esmCNN_random_sili_h4
[2020-10-23 11:08:04] esmCNN.cv18: Find channel with Kernel size: 8 	 Lambda: 0.5: 	 Best Score: 0.1322
[2020-10-23 11:08:04] esmCNN.cv18: Channel size: 100 	 Kernel size: 8 
Training MSE: 0.13220398 	 Validating MSE: 0.60480356 	 Best VMSE: 0.56051618
[2020-10-23 11:08:04] esmCNN.cv18: Checkpoint saved to experiments/normal/sili/esmCNN_random_sili_h4
[2020-10-23 11:08:04] esmCNN.cv18: Restoring best parameters from experiments/normal/sili/esmCNN_random_sili_h4/train.cv18.pth.tar
[2020-10-23 11:08:04] esmCNN.cv18: sili	 H: 4	 Trail: 56 
Testing RMSE: 0.8124 	 MAPE: 0.1219 	 SMAPE: 0.06459
