[2020-10-23 11:01:45] esmCNN.cv1: Loading the datasets and model for 5th-batch-training
[2020-10-23 11:01:45] esmCNN.cv1: Argument channel_size: 100
[2020-10-23 11:01:45] esmCNN.cv1: Argument candidate_size: 300
[2020-10-23 11:01:45] esmCNN.cv1: Argument kernel_size: 6
[2020-10-23 11:01:45] esmCNN.cv1: Argument kernel_list: [8, 6, 5, 4]
[2020-10-23 11:01:45] esmCNN.cv1: Argument Lambdas: [0.5, 1, 5, 15, 30, 50, 100, 150, 200]
[2020-10-23 11:01:45] esmCNN.cv1: Argument Lambdas_std: [0.01, 0.05, 0.1, 0.5, 1]
[2020-10-23 11:01:45] esmCNN.cv1: Argument r: [0.8, 0.9, 0.99, 0.9999, 0.999999]
[2020-10-23 11:01:45] esmCNN.cv1: Argument tolerance: 0
[2020-10-23 11:01:45] esmCNN.cv1: Argument device: device(type='cuda')
[2020-10-23 11:01:45] esmCNN.cv1: Argument dataset: 'sili'
[2020-10-23 11:01:45] esmCNN.cv1: Argument H: 4
[2020-10-23 11:01:45] esmCNN.cv1: Argument k: 5
[2020-10-23 11:01:45] esmCNN.cv1: Argument test: False
[2020-10-23 11:01:45] esmCNN.cv1: Argument search: 'random'
[2020-10-23 11:01:45] esmCNN.cv1: Argument normal: True
[2020-10-23 11:01:45] esmCNN.cv1: Argument diff: False
[2020-10-23 11:01:45] esmCNN.cv1: Argument times: 60
[2020-10-23 11:01:45] esmCNN.cv1: Argument datasets: {'ar1': {'lag_order': 15, 'normal': True, 'cov_dim': 0, 'kernel_size': 3}, 'wti': {'lag_order': 25, 'normal': True, 'cov_dim': 0, 'kernel_size': 5}, 'gold': {'lag_order': 25, 'normal': True, 'cov_dim': 0, 'kernel_size': 5}, 'sp': {'lag_order': 25, 'normal': True, 'cov_dim': 0, 'kernel_size': 5}, 'brent': {'lag_order': 24, 'normal': True, 'cov_dim': 0, 'kernel_size': 6}, 'sili': {'lag_order': 26, 'normal': True, 'cov_dim': 0, 'kernel_size': 6}}
[2020-10-23 11:01:45] esmCNN.cv1: Argument steps: 26
[2020-10-23 11:01:45] esmCNN.cv1: Argument cov_dim: 0
[2020-10-23 11:01:45] esmCNN.cv1: Argument experiment: 'experiments/normal/sili'
[2020-10-23 11:01:45] esmCNN.cv1: Argument scaler: StandardScaler()
[2020-10-23 11:01:45] esmCNN.cv1: Argument model_name: 'esmCNN_random_sili_h4'
[2020-10-23 11:01:45] esmCNN.cv1: Argument model_dir: 'experiments/normal/sili/esmCNN_random_sili_h4'
[2020-10-23 11:01:45] esmCNN.cv1: Argument In_channels: 1
[2020-10-23 11:01:45] esmCNN.cv1: Argument restore: True
[2020-10-23 11:01:45] esmCNN.cv1: Argument cv: 1
[2020-10-23 11:01:45] esmCNN.cv1: Argument plot_dir: 'experiments/normal/sili/esmCNN_random_sili_h4/figures'
[2020-10-23 11:01:45] esmCNN.cv1: Argument num_process: 8
[2020-10-23 11:01:45] esmCNN.cv1: Using Cuda...
[2020-10-23 11:01:45] esmCNN.cv1: Loading complete.
[2020-10-23 11:01:45] esmCNN.cv1: Model: 
ESM_CNN(
  (Pool): AvgPool1d(kernel_size=(3,), stride=(1,), padding=(0,))
  (loss_fn): MSELoss()
)
[2020-10-23 11:01:45] esmCNN.cv1: Found new best state
[2020-10-23 11:01:45] esmCNN.cv1: Best vmse: 0.9027
[2020-10-23 11:01:45] esmCNN.cv1: Channel size: 1 	 Kernel size: 6 
Training MSE: 0.22207943 	 Validating MSE: 0.90267175 	 Best VMSE: 0.90267175
[2020-10-23 11:01:45] esmCNN.cv1: Checkpoint saved to experiments/normal/sili/esmCNN_random_sili_h4
[2020-10-23 11:01:45] esmCNN.cv1: Find channel with Kernel size: 6 	 Lambda: 0.5: 	 Best Score: 0.1749
[2020-10-23 11:01:45] esmCNN.cv1: Found new best state
[2020-10-23 11:01:45] esmCNN.cv1: Best vmse: 0.6304
[2020-10-23 11:01:45] esmCNN.cv1: Channel size: 2 	 Kernel size: 6 
Training MSE: 0.17485799 	 Validating MSE: 0.63043815 	 Best VMSE: 0.63043815
[2020-10-23 11:01:45] esmCNN.cv1: Checkpoint saved to experiments/normal/sili/esmCNN_random_sili_h4
[2020-10-23 11:01:45] esmCNN.cv1: Find channel with Kernel size: 4 	 Lambda: 0.5: 	 Best Score: 0.1683
[2020-10-23 11:01:45] esmCNN.cv1: Found new best state
[2020-10-23 11:01:45] esmCNN.cv1: Best vmse: 0.6099
[2020-10-23 11:01:45] esmCNN.cv1: Channel size: 3 	 Kernel size: 4 
Training MSE: 0.16828896 	 Validating MSE: 0.60993773 	 Best VMSE: 0.60993773
[2020-10-23 11:01:45] esmCNN.cv1: Checkpoint saved to experiments/normal/sili/esmCNN_random_sili_h4
[2020-10-23 11:01:45] esmCNN.cv1: Find channel with Kernel size: 4 	 Lambda: 0.5: 	 Best Score: 0.1666
[2020-10-23 11:01:45] esmCNN.cv1: Found new best state
[2020-10-23 11:01:45] esmCNN.cv1: Best vmse: 0.6039
[2020-10-23 11:01:45] esmCNN.cv1: Channel size: 4 	 Kernel size: 4 
Training MSE: 0.16663730 	 Validating MSE: 0.60392970 	 Best VMSE: 0.60392970
[2020-10-23 11:01:45] esmCNN.cv1: Checkpoint saved to experiments/normal/sili/esmCNN_random_sili_h4
[2020-10-23 11:01:45] esmCNN.cv1: Find channel with Kernel size: 8 	 Lambda: 0.5: 	 Best Score: 0.1651
[2020-10-23 11:01:45] esmCNN.cv1: Found new best state
[2020-10-23 11:01:45] esmCNN.cv1: Best vmse: 0.5958
[2020-10-23 11:01:45] esmCNN.cv1: Channel size: 5 	 Kernel size: 8 
Training MSE: 0.16513667 	 Validating MSE: 0.59577155 	 Best VMSE: 0.59577155
[2020-10-23 11:01:45] esmCNN.cv1: Checkpoint saved to experiments/normal/sili/esmCNN_random_sili_h4
[2020-10-23 11:01:45] esmCNN.cv1: Find channel with Kernel size: 4 	 Lambda: 0.5: 	 Best Score: 0.1645
[2020-10-23 11:01:45] esmCNN.cv1: Found new best state
[2020-10-23 11:01:45] esmCNN.cv1: Best vmse: 0.5889
[2020-10-23 11:01:45] esmCNN.cv1: Channel size: 6 	 Kernel size: 4 
Training MSE: 0.16448951 	 Validating MSE: 0.58886260 	 Best VMSE: 0.58886260
[2020-10-23 11:01:45] esmCNN.cv1: Checkpoint saved to experiments/normal/sili/esmCNN_random_sili_h4
[2020-10-23 11:01:45] esmCNN.cv1: Find channel with Kernel size: 5 	 Lambda: 0.5: 	 Best Score: 0.1641
[2020-10-23 11:01:45] esmCNN.cv1: Found new best state
[2020-10-23 11:01:45] esmCNN.cv1: Best vmse: 0.5877
[2020-10-23 11:01:45] esmCNN.cv1: Channel size: 7 	 Kernel size: 5 
Training MSE: 0.16413344 	 Validating MSE: 0.58774829 	 Best VMSE: 0.58774829
[2020-10-23 11:01:45] esmCNN.cv1: Checkpoint saved to experiments/normal/sili/esmCNN_random_sili_h4
[2020-10-23 11:01:45] esmCNN.cv1: Find channel with Kernel size: 8 	 Lambda: 0.5: 	 Best Score: 0.1639
[2020-10-23 11:01:45] esmCNN.cv1: Channel size: 8 	 Kernel size: 8 
Training MSE: 0.16387226 	 Validating MSE: 0.59297663 	 Best VMSE: 0.58774829
[2020-10-23 11:01:45] esmCNN.cv1: Checkpoint saved to experiments/normal/sili/esmCNN_random_sili_h4
[2020-10-23 11:01:45] esmCNN.cv1: Find channel with Kernel size: 8 	 Lambda: 0.5: 	 Best Score: 0.1637
[2020-10-23 11:01:45] esmCNN.cv1: Found new best state
[2020-10-23 11:01:45] esmCNN.cv1: Best vmse: 0.5873
[2020-10-23 11:01:45] esmCNN.cv1: Channel size: 9 	 Kernel size: 8 
Training MSE: 0.16372302 	 Validating MSE: 0.58731472 	 Best VMSE: 0.58731472
[2020-10-23 11:01:45] esmCNN.cv1: Checkpoint saved to experiments/normal/sili/esmCNN_random_sili_h4
[2020-10-23 11:01:45] esmCNN.cv1: Find channel with Kernel size: 5 	 Lambda: 0.5: 	 Best Score: 0.1636
[2020-10-23 11:01:45] esmCNN.cv1: Channel size: 10 	 Kernel size: 5 
Training MSE: 0.16358848 	 Validating MSE: 0.58972901 	 Best VMSE: 0.58731472
[2020-10-23 11:01:45] esmCNN.cv1: Checkpoint saved to experiments/normal/sili/esmCNN_random_sili_h4
[2020-10-23 11:01:45] esmCNN.cv1: Find channel with Kernel size: 6 	 Lambda: 0.5: 	 Best Score: 0.1629
[2020-10-23 11:01:45] esmCNN.cv1: Found new best state
[2020-10-23 11:01:45] esmCNN.cv1: Best vmse: 0.5831
[2020-10-23 11:01:45] esmCNN.cv1: Channel size: 11 	 Kernel size: 6 
Training MSE: 0.16288750 	 Validating MSE: 0.58313376 	 Best VMSE: 0.58313376
[2020-10-23 11:01:45] esmCNN.cv1: Checkpoint saved to experiments/normal/sili/esmCNN_random_sili_h4
[2020-10-23 11:01:45] esmCNN.cv1: Find channel with Kernel size: 6 	 Lambda: 0.5: 	 Best Score: 0.1622
[2020-10-23 11:01:45] esmCNN.cv1: Channel size: 12 	 Kernel size: 6 
Training MSE: 0.16223945 	 Validating MSE: 0.59089363 	 Best VMSE: 0.58313376
[2020-10-23 11:01:45] esmCNN.cv1: Checkpoint saved to experiments/normal/sili/esmCNN_random_sili_h4
[2020-10-23 11:01:46] esmCNN.cv1: Find channel with Kernel size: 8 	 Lambda: 0.5: 	 Best Score: 0.1619
[2020-10-23 11:01:46] esmCNN.cv1: Found new best state
[2020-10-23 11:01:46] esmCNN.cv1: Best vmse: 0.5801
[2020-10-23 11:01:46] esmCNN.cv1: Channel size: 13 	 Kernel size: 8 
Training MSE: 0.16194558 	 Validating MSE: 0.58013803 	 Best VMSE: 0.58013803
[2020-10-23 11:01:46] esmCNN.cv1: Checkpoint saved to experiments/normal/sili/esmCNN_random_sili_h4
[2020-10-23 11:01:46] esmCNN.cv1: Find channel with Kernel size: 4 	 Lambda: 0.5: 	 Best Score: 0.1618
[2020-10-23 11:01:46] esmCNN.cv1: Channel size: 14 	 Kernel size: 4 
Training MSE: 0.16183637 	 Validating MSE: 0.58432043 	 Best VMSE: 0.58013803
[2020-10-23 11:01:46] esmCNN.cv1: Checkpoint saved to experiments/normal/sili/esmCNN_random_sili_h4
[2020-10-23 11:01:46] esmCNN.cv1: Find channel with Kernel size: 8 	 Lambda: 0.5: 	 Best Score: 0.1617
[2020-10-23 11:01:46] esmCNN.cv1: Channel size: 15 	 Kernel size: 8 
Training MSE: 0.16167790 	 Validating MSE: 0.58787614 	 Best VMSE: 0.58013803
[2020-10-23 11:01:46] esmCNN.cv1: Checkpoint saved to experiments/normal/sili/esmCNN_random_sili_h4
[2020-10-23 11:01:46] esmCNN.cv1: Find channel with Kernel size: 5 	 Lambda: 0.5: 	 Best Score: 0.1615
[2020-10-23 11:01:46] esmCNN.cv1: Channel size: 16 	 Kernel size: 5 
Training MSE: 0.16151407 	 Validating MSE: 0.58912957 	 Best VMSE: 0.58013803
[2020-10-23 11:01:46] esmCNN.cv1: Checkpoint saved to experiments/normal/sili/esmCNN_random_sili_h4
[2020-10-23 11:01:46] esmCNN.cv1: Find channel with Kernel size: 4 	 Lambda: 0.5: 	 Best Score: 0.1611
[2020-10-23 11:01:46] esmCNN.cv1: Channel size: 17 	 Kernel size: 4 
Training MSE: 0.16113940 	 Validating MSE: 0.58389103 	 Best VMSE: 0.58013803
[2020-10-23 11:01:46] esmCNN.cv1: Checkpoint saved to experiments/normal/sili/esmCNN_random_sili_h4
[2020-10-23 11:01:46] esmCNN.cv1: Find channel with Kernel size: 8 	 Lambda: 0.5: 	 Best Score: 0.1608
[2020-10-23 11:01:46] esmCNN.cv1: Channel size: 18 	 Kernel size: 8 
Training MSE: 0.16078454 	 Validating MSE: 0.58423775 	 Best VMSE: 0.58013803
[2020-10-23 11:01:46] esmCNN.cv1: Checkpoint saved to experiments/normal/sili/esmCNN_random_sili_h4
[2020-10-23 11:01:46] esmCNN.cv1: Find channel with Kernel size: 4 	 Lambda: 0.5: 	 Best Score: 0.1605
[2020-10-23 11:01:46] esmCNN.cv1: Channel size: 19 	 Kernel size: 4 
Training MSE: 0.16051057 	 Validating MSE: 0.58669722 	 Best VMSE: 0.58013803
[2020-10-23 11:01:46] esmCNN.cv1: Checkpoint saved to experiments/normal/sili/esmCNN_random_sili_h4
[2020-10-23 11:01:46] esmCNN.cv1: Find channel with Kernel size: 8 	 Lambda: 0.5: 	 Best Score: 0.1604
[2020-10-23 11:01:46] esmCNN.cv1: Channel size: 20 	 Kernel size: 8 
Training MSE: 0.16035840 	 Validating MSE: 0.58184445 	 Best VMSE: 0.58013803
[2020-10-23 11:01:46] esmCNN.cv1: Checkpoint saved to experiments/normal/sili/esmCNN_random_sili_h4
[2020-10-23 11:01:46] esmCNN.cv1: Find channel with Kernel size: 8 	 Lambda: 0.5: 	 Best Score: 0.1583
[2020-10-23 11:01:46] esmCNN.cv1: Channel size: 21 	 Kernel size: 8 
Training MSE: 0.15827557 	 Validating MSE: 0.58693612 	 Best VMSE: 0.58013803
[2020-10-23 11:01:46] esmCNN.cv1: Checkpoint saved to experiments/normal/sili/esmCNN_random_sili_h4
[2020-10-23 11:01:46] esmCNN.cv1: Find channel with Kernel size: 5 	 Lambda: 0.5: 	 Best Score: 0.1563
[2020-10-23 11:01:46] esmCNN.cv1: Channel size: 22 	 Kernel size: 5 
Training MSE: 0.15627816 	 Validating MSE: 0.58786750 	 Best VMSE: 0.58013803
[2020-10-23 11:01:46] esmCNN.cv1: Checkpoint saved to experiments/normal/sili/esmCNN_random_sili_h4
[2020-10-23 11:01:46] esmCNN.cv1: Find channel with Kernel size: 6 	 Lambda: 0.5: 	 Best Score: 0.1561
[2020-10-23 11:01:46] esmCNN.cv1: Channel size: 23 	 Kernel size: 6 
Training MSE: 0.15606491 	 Validating MSE: 0.59220207 	 Best VMSE: 0.58013803
[2020-10-23 11:01:46] esmCNN.cv1: Checkpoint saved to experiments/normal/sili/esmCNN_random_sili_h4
[2020-10-23 11:01:46] esmCNN.cv1: Find channel with Kernel size: 6 	 Lambda: 0.5: 	 Best Score: 0.1557
[2020-10-23 11:01:46] esmCNN.cv1: Channel size: 24 	 Kernel size: 6 
Training MSE: 0.15569143 	 Validating MSE: 0.58841562 	 Best VMSE: 0.58013803
[2020-10-23 11:01:46] esmCNN.cv1: Checkpoint saved to experiments/normal/sili/esmCNN_random_sili_h4
[2020-10-23 11:01:46] esmCNN.cv1: Find channel with Kernel size: 8 	 Lambda: 0.5: 	 Best Score: 0.1553
[2020-10-23 11:01:46] esmCNN.cv1: Channel size: 25 	 Kernel size: 8 
Training MSE: 0.15525220 	 Validating MSE: 0.59503323 	 Best VMSE: 0.58013803
[2020-10-23 11:01:46] esmCNN.cv1: Checkpoint saved to experiments/normal/sili/esmCNN_random_sili_h4
[2020-10-23 11:01:46] esmCNN.cv1: Find channel with Kernel size: 6 	 Lambda: 0.5: 	 Best Score: 0.1549
[2020-10-23 11:01:46] esmCNN.cv1: Channel size: 26 	 Kernel size: 6 
Training MSE: 0.15493864 	 Validating MSE: 0.58484256 	 Best VMSE: 0.58013803
[2020-10-23 11:01:46] esmCNN.cv1: Checkpoint saved to experiments/normal/sili/esmCNN_random_sili_h4
[2020-10-23 11:01:46] esmCNN.cv1: Find channel with Kernel size: 5 	 Lambda: 0.5: 	 Best Score: 0.1547
[2020-10-23 11:01:46] esmCNN.cv1: Channel size: 27 	 Kernel size: 5 
Training MSE: 0.15474914 	 Validating MSE: 0.58187139 	 Best VMSE: 0.58013803
[2020-10-23 11:01:46] esmCNN.cv1: Checkpoint saved to experiments/normal/sili/esmCNN_random_sili_h4
[2020-10-23 11:01:46] esmCNN.cv1: Find channel with Kernel size: 6 	 Lambda: 0.5: 	 Best Score: 0.1546
[2020-10-23 11:01:46] esmCNN.cv1: Channel size: 28 	 Kernel size: 6 
Training MSE: 0.15463054 	 Validating MSE: 0.58531380 	 Best VMSE: 0.58013803
[2020-10-23 11:01:46] esmCNN.cv1: Checkpoint saved to experiments/normal/sili/esmCNN_random_sili_h4
[2020-10-23 11:01:46] esmCNN.cv1: Find channel with Kernel size: 8 	 Lambda: 0.5: 	 Best Score: 0.1545
[2020-10-23 11:01:46] esmCNN.cv1: Channel size: 29 	 Kernel size: 8 
Training MSE: 0.15451726 	 Validating MSE: 0.58448070 	 Best VMSE: 0.58013803
[2020-10-23 11:01:46] esmCNN.cv1: Checkpoint saved to experiments/normal/sili/esmCNN_random_sili_h4
[2020-10-23 11:01:46] esmCNN.cv1: Find channel with Kernel size: 8 	 Lambda: 0.5: 	 Best Score: 0.1541
[2020-10-23 11:01:46] esmCNN.cv1: Channel size: 30 	 Kernel size: 8 
Training MSE: 0.15406844 	 Validating MSE: 0.58547330 	 Best VMSE: 0.58013803
[2020-10-23 11:01:46] esmCNN.cv1: Checkpoint saved to experiments/normal/sili/esmCNN_random_sili_h4
[2020-10-23 11:01:46] esmCNN.cv1: Find channel with Kernel size: 4 	 Lambda: 0.5: 	 Best Score: 0.1536
[2020-10-23 11:01:46] esmCNN.cv1: Channel size: 31 	 Kernel size: 4 
Training MSE: 0.15361254 	 Validating MSE: 0.58943975 	 Best VMSE: 0.58013803
[2020-10-23 11:01:46] esmCNN.cv1: Checkpoint saved to experiments/normal/sili/esmCNN_random_sili_h4
[2020-10-23 11:01:46] esmCNN.cv1: Find channel with Kernel size: 8 	 Lambda: 0.5: 	 Best Score: 0.1534
[2020-10-23 11:01:47] esmCNN.cv1: Channel size: 32 	 Kernel size: 8 
Training MSE: 0.15339388 	 Validating MSE: 0.58672476 	 Best VMSE: 0.58013803
[2020-10-23 11:01:47] esmCNN.cv1: Checkpoint saved to experiments/normal/sili/esmCNN_random_sili_h4
[2020-10-23 11:01:47] esmCNN.cv1: Find channel with Kernel size: 8 	 Lambda: 0.5: 	 Best Score: 0.1531
[2020-10-23 11:01:47] esmCNN.cv1: Channel size: 33 	 Kernel size: 8 
Training MSE: 0.15310535 	 Validating MSE: 0.58840495 	 Best VMSE: 0.58013803
[2020-10-23 11:01:47] esmCNN.cv1: Checkpoint saved to experiments/normal/sili/esmCNN_random_sili_h4
[2020-10-23 11:01:47] esmCNN.cv1: Find channel with Kernel size: 5 	 Lambda: 0.5: 	 Best Score: 0.1530
[2020-10-23 11:01:47] esmCNN.cv1: Channel size: 34 	 Kernel size: 5 
Training MSE: 0.15301040 	 Validating MSE: 0.59003794 	 Best VMSE: 0.58013803
[2020-10-23 11:01:47] esmCNN.cv1: Checkpoint saved to experiments/normal/sili/esmCNN_random_sili_h4
[2020-10-23 11:01:47] esmCNN.cv1: Find channel with Kernel size: 8 	 Lambda: 0.5: 	 Best Score: 0.1524
[2020-10-23 11:01:47] esmCNN.cv1: Channel size: 35 	 Kernel size: 8 
Training MSE: 0.15242565 	 Validating MSE: 0.58119428 	 Best VMSE: 0.58013803
[2020-10-23 11:01:47] esmCNN.cv1: Checkpoint saved to experiments/normal/sili/esmCNN_random_sili_h4
[2020-10-23 11:01:47] esmCNN.cv1: Find channel with Kernel size: 8 	 Lambda: 0.5: 	 Best Score: 0.1519
[2020-10-23 11:01:47] esmCNN.cv1: Channel size: 36 	 Kernel size: 8 
Training MSE: 0.15190454 	 Validating MSE: 0.58672357 	 Best VMSE: 0.58013803
[2020-10-23 11:01:47] esmCNN.cv1: Checkpoint saved to experiments/normal/sili/esmCNN_random_sili_h4
[2020-10-23 11:01:47] esmCNN.cv1: Find channel with Kernel size: 4 	 Lambda: 0.5: 	 Best Score: 0.1516
[2020-10-23 11:01:47] esmCNN.cv1: Found new best state
[2020-10-23 11:01:47] esmCNN.cv1: Best vmse: 0.5773
[2020-10-23 11:01:47] esmCNN.cv1: Channel size: 37 	 Kernel size: 4 
Training MSE: 0.15158309 	 Validating MSE: 0.57725829 	 Best VMSE: 0.57725829
[2020-10-23 11:01:47] esmCNN.cv1: Checkpoint saved to experiments/normal/sili/esmCNN_random_sili_h4
[2020-10-23 11:01:47] esmCNN.cv1: Find channel with Kernel size: 6 	 Lambda: 0.5: 	 Best Score: 0.1514
[2020-10-23 11:01:47] esmCNN.cv1: Channel size: 38 	 Kernel size: 6 
Training MSE: 0.15138325 	 Validating MSE: 0.57957745 	 Best VMSE: 0.57725829
[2020-10-23 11:01:47] esmCNN.cv1: Checkpoint saved to experiments/normal/sili/esmCNN_random_sili_h4
[2020-10-23 11:01:47] esmCNN.cv1: Find channel with Kernel size: 6 	 Lambda: 0.5: 	 Best Score: 0.1512
[2020-10-23 11:01:47] esmCNN.cv1: Channel size: 39 	 Kernel size: 6 
Training MSE: 0.15115346 	 Validating MSE: 0.58829218 	 Best VMSE: 0.57725829
[2020-10-23 11:01:47] esmCNN.cv1: Checkpoint saved to experiments/normal/sili/esmCNN_random_sili_h4
[2020-10-23 11:01:47] esmCNN.cv1: Find channel with Kernel size: 5 	 Lambda: 0.5: 	 Best Score: 0.1507
[2020-10-23 11:01:47] esmCNN.cv1: Channel size: 40 	 Kernel size: 5 
Training MSE: 0.15073985 	 Validating MSE: 0.58623713 	 Best VMSE: 0.57725829
[2020-10-23 11:01:47] esmCNN.cv1: Checkpoint saved to experiments/normal/sili/esmCNN_random_sili_h4
[2020-10-23 11:01:47] esmCNN.cv1: Find channel with Kernel size: 6 	 Lambda: 0.5: 	 Best Score: 0.1506
[2020-10-23 11:01:47] esmCNN.cv1: Channel size: 41 	 Kernel size: 6 
Training MSE: 0.15056264 	 Validating MSE: 0.58378029 	 Best VMSE: 0.57725829
[2020-10-23 11:01:47] esmCNN.cv1: Checkpoint saved to experiments/normal/sili/esmCNN_random_sili_h4
[2020-10-23 11:01:47] esmCNN.cv1: Find channel with Kernel size: 6 	 Lambda: 0.5: 	 Best Score: 0.1502
[2020-10-23 11:01:47] esmCNN.cv1: Channel size: 42 	 Kernel size: 6 
Training MSE: 0.15019438 	 Validating MSE: 0.59152740 	 Best VMSE: 0.57725829
[2020-10-23 11:01:47] esmCNN.cv1: Checkpoint saved to experiments/normal/sili/esmCNN_random_sili_h4
[2020-10-23 11:01:47] esmCNN.cv1: Find channel with Kernel size: 8 	 Lambda: 0.5: 	 Best Score: 0.1497
[2020-10-23 11:01:47] esmCNN.cv1: Channel size: 43 	 Kernel size: 8 
Training MSE: 0.14969239 	 Validating MSE: 0.57868117 	 Best VMSE: 0.57725829
[2020-10-23 11:01:47] esmCNN.cv1: Checkpoint saved to experiments/normal/sili/esmCNN_random_sili_h4
[2020-10-23 11:01:47] esmCNN.cv1: Find channel with Kernel size: 6 	 Lambda: 0.5: 	 Best Score: 0.1495
[2020-10-23 11:01:47] esmCNN.cv1: Channel size: 44 	 Kernel size: 6 
Training MSE: 0.14948058 	 Validating MSE: 0.58428252 	 Best VMSE: 0.57725829
[2020-10-23 11:01:47] esmCNN.cv1: Checkpoint saved to experiments/normal/sili/esmCNN_random_sili_h4
[2020-10-23 11:01:47] esmCNN.cv1: Find channel with Kernel size: 4 	 Lambda: 0.5: 	 Best Score: 0.1494
[2020-10-23 11:01:47] esmCNN.cv1: Channel size: 45 	 Kernel size: 4 
Training MSE: 0.14939204 	 Validating MSE: 0.58825272 	 Best VMSE: 0.57725829
[2020-10-23 11:01:47] esmCNN.cv1: Checkpoint saved to experiments/normal/sili/esmCNN_random_sili_h4
[2020-10-23 11:01:47] esmCNN.cv1: Find channel with Kernel size: 8 	 Lambda: 0.5: 	 Best Score: 0.1489
[2020-10-23 11:01:47] esmCNN.cv1: Channel size: 46 	 Kernel size: 8 
Training MSE: 0.14893083 	 Validating MSE: 0.59458685 	 Best VMSE: 0.57725829
[2020-10-23 11:01:47] esmCNN.cv1: Checkpoint saved to experiments/normal/sili/esmCNN_random_sili_h4
[2020-10-23 11:01:47] esmCNN.cv1: Find channel with Kernel size: 5 	 Lambda: 0.5: 	 Best Score: 0.1484
[2020-10-23 11:01:47] esmCNN.cv1: Channel size: 47 	 Kernel size: 5 
Training MSE: 0.14835516 	 Validating MSE: 0.58286786 	 Best VMSE: 0.57725829
[2020-10-23 11:01:47] esmCNN.cv1: Checkpoint saved to experiments/normal/sili/esmCNN_random_sili_h4
[2020-10-23 11:01:48] esmCNN.cv1: Find channel with Kernel size: 8 	 Lambda: 0.5: 	 Best Score: 0.1482
[2020-10-23 11:01:48] esmCNN.cv1: Channel size: 48 	 Kernel size: 8 
Training MSE: 0.14821948 	 Validating MSE: 0.57747602 	 Best VMSE: 0.57725829
[2020-10-23 11:01:48] esmCNN.cv1: Checkpoint saved to experiments/normal/sili/esmCNN_random_sili_h4
[2020-10-23 11:01:48] esmCNN.cv1: Find channel with Kernel size: 6 	 Lambda: 0.5: 	 Best Score: 0.1480
[2020-10-23 11:01:48] esmCNN.cv1: Channel size: 49 	 Kernel size: 6 
Training MSE: 0.14795616 	 Validating MSE: 0.59081846 	 Best VMSE: 0.57725829
[2020-10-23 11:01:48] esmCNN.cv1: Checkpoint saved to experiments/normal/sili/esmCNN_random_sili_h4
[2020-10-23 11:01:48] esmCNN.cv1: Find channel with Kernel size: 5 	 Lambda: 0.5: 	 Best Score: 0.1477
[2020-10-23 11:01:48] esmCNN.cv1: Channel size: 50 	 Kernel size: 5 
Training MSE: 0.14770786 	 Validating MSE: 0.58812457 	 Best VMSE: 0.57725829
[2020-10-23 11:01:48] esmCNN.cv1: Checkpoint saved to experiments/normal/sili/esmCNN_random_sili_h4
[2020-10-23 11:01:48] esmCNN.cv1: Find channel with Kernel size: 8 	 Lambda: 0.5: 	 Best Score: 0.1472
[2020-10-23 11:01:48] esmCNN.cv1: Channel size: 51 	 Kernel size: 8 
Training MSE: 0.14724913 	 Validating MSE: 0.58095485 	 Best VMSE: 0.57725829
[2020-10-23 11:01:48] esmCNN.cv1: Checkpoint saved to experiments/normal/sili/esmCNN_random_sili_h4
[2020-10-23 11:01:48] esmCNN.cv1: Find channel with Kernel size: 6 	 Lambda: 0.5: 	 Best Score: 0.1468
[2020-10-23 11:01:48] esmCNN.cv1: Channel size: 52 	 Kernel size: 6 
Training MSE: 0.14682183 	 Validating MSE: 0.58948123 	 Best VMSE: 0.57725829
[2020-10-23 11:01:48] esmCNN.cv1: Checkpoint saved to experiments/normal/sili/esmCNN_random_sili_h4
[2020-10-23 11:01:48] esmCNN.cv1: Find channel with Kernel size: 4 	 Lambda: 0.5: 	 Best Score: 0.1462
[2020-10-23 11:01:48] esmCNN.cv1: Channel size: 53 	 Kernel size: 4 
Training MSE: 0.14621937 	 Validating MSE: 0.58682317 	 Best VMSE: 0.57725829
[2020-10-23 11:01:48] esmCNN.cv1: Checkpoint saved to experiments/normal/sili/esmCNN_random_sili_h4
[2020-10-23 11:01:48] esmCNN.cv1: Find channel with Kernel size: 6 	 Lambda: 0.5: 	 Best Score: 0.1455
[2020-10-23 11:01:48] esmCNN.cv1: Channel size: 54 	 Kernel size: 6 
Training MSE: 0.14552145 	 Validating MSE: 0.58092856 	 Best VMSE: 0.57725829
[2020-10-23 11:01:48] esmCNN.cv1: Checkpoint saved to experiments/normal/sili/esmCNN_random_sili_h4
[2020-10-23 11:01:48] esmCNN.cv1: Find channel with Kernel size: 5 	 Lambda: 0.5: 	 Best Score: 0.1452
[2020-10-23 11:01:48] esmCNN.cv1: Channel size: 55 	 Kernel size: 5 
Training MSE: 0.14519902 	 Validating MSE: 0.58574736 	 Best VMSE: 0.57725829
[2020-10-23 11:01:48] esmCNN.cv1: Checkpoint saved to experiments/normal/sili/esmCNN_random_sili_h4
[2020-10-23 11:01:48] esmCNN.cv1: Find channel with Kernel size: 6 	 Lambda: 0.5: 	 Best Score: 0.1451
[2020-10-23 11:01:48] esmCNN.cv1: Channel size: 56 	 Kernel size: 6 
Training MSE: 0.14509277 	 Validating MSE: 0.58348447 	 Best VMSE: 0.57725829
[2020-10-23 11:01:48] esmCNN.cv1: Checkpoint saved to experiments/normal/sili/esmCNN_random_sili_h4
[2020-10-23 11:01:48] esmCNN.cv1: Find channel with Kernel size: 4 	 Lambda: 0.5: 	 Best Score: 0.1450
[2020-10-23 11:01:48] esmCNN.cv1: Channel size: 57 	 Kernel size: 4 
Training MSE: 0.14496392 	 Validating MSE: 0.58600813 	 Best VMSE: 0.57725829
[2020-10-23 11:01:48] esmCNN.cv1: Checkpoint saved to experiments/normal/sili/esmCNN_random_sili_h4
[2020-10-23 11:01:48] esmCNN.cv1: Find channel with Kernel size: 5 	 Lambda: 0.5: 	 Best Score: 0.1448
[2020-10-23 11:01:48] esmCNN.cv1: Channel size: 58 	 Kernel size: 5 
Training MSE: 0.14479338 	 Validating MSE: 0.59035665 	 Best VMSE: 0.57725829
[2020-10-23 11:01:48] esmCNN.cv1: Checkpoint saved to experiments/normal/sili/esmCNN_random_sili_h4
[2020-10-23 11:01:48] esmCNN.cv1: Find channel with Kernel size: 5 	 Lambda: 0.5: 	 Best Score: 0.1444
[2020-10-23 11:01:48] esmCNN.cv1: Channel size: 59 	 Kernel size: 5 
Training MSE: 0.14441645 	 Validating MSE: 0.58649796 	 Best VMSE: 0.57725829
[2020-10-23 11:01:48] esmCNN.cv1: Checkpoint saved to experiments/normal/sili/esmCNN_random_sili_h4
[2020-10-23 11:01:48] esmCNN.cv1: Find channel with Kernel size: 4 	 Lambda: 0.5: 	 Best Score: 0.1441
[2020-10-23 11:01:48] esmCNN.cv1: Channel size: 60 	 Kernel size: 4 
Training MSE: 0.14414683 	 Validating MSE: 0.58547288 	 Best VMSE: 0.57725829
[2020-10-23 11:01:48] esmCNN.cv1: Checkpoint saved to experiments/normal/sili/esmCNN_random_sili_h4
[2020-10-23 11:01:48] esmCNN.cv1: Find channel with Kernel size: 8 	 Lambda: 0.5: 	 Best Score: 0.1438
[2020-10-23 11:01:49] esmCNN.cv1: Channel size: 61 	 Kernel size: 8 
Training MSE: 0.14381710 	 Validating MSE: 0.59071684 	 Best VMSE: 0.57725829
[2020-10-23 11:01:49] esmCNN.cv1: Checkpoint saved to experiments/normal/sili/esmCNN_random_sili_h4
[2020-10-23 11:01:49] esmCNN.cv1: Find channel with Kernel size: 5 	 Lambda: 0.5: 	 Best Score: 0.1434
[2020-10-23 11:01:49] esmCNN.cv1: Channel size: 62 	 Kernel size: 5 
Training MSE: 0.14341159 	 Validating MSE: 0.58695924 	 Best VMSE: 0.57725829
[2020-10-23 11:01:49] esmCNN.cv1: Checkpoint saved to experiments/normal/sili/esmCNN_random_sili_h4
[2020-10-23 11:01:49] esmCNN.cv1: Find channel with Kernel size: 8 	 Lambda: 0.5: 	 Best Score: 0.1433
[2020-10-23 11:01:49] esmCNN.cv1: Channel size: 63 	 Kernel size: 8 
Training MSE: 0.14330140 	 Validating MSE: 0.58789134 	 Best VMSE: 0.57725829
[2020-10-23 11:01:49] esmCNN.cv1: Checkpoint saved to experiments/normal/sili/esmCNN_random_sili_h4
[2020-10-23 11:01:49] esmCNN.cv1: Find channel with Kernel size: 4 	 Lambda: 0.5: 	 Best Score: 0.1432
[2020-10-23 11:01:49] esmCNN.cv1: Channel size: 64 	 Kernel size: 4 
Training MSE: 0.14315325 	 Validating MSE: 0.58410817 	 Best VMSE: 0.57725829
[2020-10-23 11:01:49] esmCNN.cv1: Checkpoint saved to experiments/normal/sili/esmCNN_random_sili_h4
[2020-10-23 11:01:49] esmCNN.cv1: Find channel with Kernel size: 4 	 Lambda: 0.5: 	 Best Score: 0.1430
[2020-10-23 11:01:49] esmCNN.cv1: Channel size: 65 	 Kernel size: 4 
Training MSE: 0.14304653 	 Validating MSE: 0.58625782 	 Best VMSE: 0.57725829
[2020-10-23 11:01:49] esmCNN.cv1: Checkpoint saved to experiments/normal/sili/esmCNN_random_sili_h4
[2020-10-23 11:01:49] esmCNN.cv1: Find channel with Kernel size: 5 	 Lambda: 0.5: 	 Best Score: 0.1429
[2020-10-23 11:01:49] esmCNN.cv1: Channel size: 66 	 Kernel size: 5 
Training MSE: 0.14289951 	 Validating MSE: 0.58129096 	 Best VMSE: 0.57725829
[2020-10-23 11:01:49] esmCNN.cv1: Checkpoint saved to experiments/normal/sili/esmCNN_random_sili_h4
[2020-10-23 11:01:49] esmCNN.cv1: Find channel with Kernel size: 5 	 Lambda: 0.5: 	 Best Score: 0.1428
[2020-10-23 11:01:49] esmCNN.cv1: Channel size: 67 	 Kernel size: 5 
Training MSE: 0.14275002 	 Validating MSE: 0.58882791 	 Best VMSE: 0.57725829
[2020-10-23 11:01:49] esmCNN.cv1: Checkpoint saved to experiments/normal/sili/esmCNN_random_sili_h4
[2020-10-23 11:01:49] esmCNN.cv1: Find channel with Kernel size: 4 	 Lambda: 0.5: 	 Best Score: 0.1425
[2020-10-23 11:01:49] esmCNN.cv1: Channel size: 68 	 Kernel size: 4 
Training MSE: 0.14254799 	 Validating MSE: 0.59055609 	 Best VMSE: 0.57725829
[2020-10-23 11:01:49] esmCNN.cv1: Checkpoint saved to experiments/normal/sili/esmCNN_random_sili_h4
[2020-10-23 11:01:49] esmCNN.cv1: Find channel with Kernel size: 4 	 Lambda: 0.5: 	 Best Score: 0.1425
[2020-10-23 11:01:49] esmCNN.cv1: Channel size: 69 	 Kernel size: 4 
Training MSE: 0.14248426 	 Validating MSE: 0.58867592 	 Best VMSE: 0.57725829
[2020-10-23 11:01:49] esmCNN.cv1: Checkpoint saved to experiments/normal/sili/esmCNN_random_sili_h4
[2020-10-23 11:01:49] esmCNN.cv1: Find channel with Kernel size: 5 	 Lambda: 0.5: 	 Best Score: 0.1423
[2020-10-23 11:01:49] esmCNN.cv1: Channel size: 70 	 Kernel size: 5 
Training MSE: 0.14233044 	 Validating MSE: 0.59024400 	 Best VMSE: 0.57725829
[2020-10-23 11:01:49] esmCNN.cv1: Checkpoint saved to experiments/normal/sili/esmCNN_random_sili_h4
[2020-10-23 11:01:49] esmCNN.cv1: Find channel with Kernel size: 6 	 Lambda: 0.5: 	 Best Score: 0.1421
[2020-10-23 11:01:49] esmCNN.cv1: Channel size: 71 	 Kernel size: 6 
Training MSE: 0.14209864 	 Validating MSE: 0.59087116 	 Best VMSE: 0.57725829
[2020-10-23 11:01:49] esmCNN.cv1: Checkpoint saved to experiments/normal/sili/esmCNN_random_sili_h4
[2020-10-23 11:01:49] esmCNN.cv1: Find channel with Kernel size: 8 	 Lambda: 0.5: 	 Best Score: 0.1420
[2020-10-23 11:01:49] esmCNN.cv1: Channel size: 72 	 Kernel size: 8 
Training MSE: 0.14201494 	 Validating MSE: 0.59045821 	 Best VMSE: 0.57725829
[2020-10-23 11:01:49] esmCNN.cv1: Checkpoint saved to experiments/normal/sili/esmCNN_random_sili_h4
[2020-10-23 11:01:49] esmCNN.cv1: Find channel with Kernel size: 8 	 Lambda: 0.5: 	 Best Score: 0.1419
[2020-10-23 11:01:50] esmCNN.cv1: Channel size: 73 	 Kernel size: 8 
Training MSE: 0.14192012 	 Validating MSE: 0.59188986 	 Best VMSE: 0.57725829
[2020-10-23 11:01:50] esmCNN.cv1: Checkpoint saved to experiments/normal/sili/esmCNN_random_sili_h4
[2020-10-23 11:01:50] esmCNN.cv1: Find channel with Kernel size: 5 	 Lambda: 0.5: 	 Best Score: 0.1416
[2020-10-23 11:01:50] esmCNN.cv1: Channel size: 74 	 Kernel size: 5 
Training MSE: 0.14157522 	 Validating MSE: 0.59302151 	 Best VMSE: 0.57725829
[2020-10-23 11:01:50] esmCNN.cv1: Checkpoint saved to experiments/normal/sili/esmCNN_random_sili_h4
[2020-10-23 11:01:50] esmCNN.cv1: Find channel with Kernel size: 4 	 Lambda: 0.5: 	 Best Score: 0.1412
[2020-10-23 11:01:50] esmCNN.cv1: Channel size: 75 	 Kernel size: 4 
Training MSE: 0.14122324 	 Validating MSE: 0.58632630 	 Best VMSE: 0.57725829
[2020-10-23 11:01:50] esmCNN.cv1: Checkpoint saved to experiments/normal/sili/esmCNN_random_sili_h4
[2020-10-23 11:01:50] esmCNN.cv1: Find channel with Kernel size: 4 	 Lambda: 0.5: 	 Best Score: 0.1411
[2020-10-23 11:01:50] esmCNN.cv1: Channel size: 76 	 Kernel size: 4 
Training MSE: 0.14105079 	 Validating MSE: 0.59081614 	 Best VMSE: 0.57725829
[2020-10-23 11:01:50] esmCNN.cv1: Checkpoint saved to experiments/normal/sili/esmCNN_random_sili_h4
[2020-10-23 11:01:50] esmCNN.cv1: Find channel with Kernel size: 5 	 Lambda: 0.5: 	 Best Score: 0.1409
[2020-10-23 11:01:50] esmCNN.cv1: Channel size: 77 	 Kernel size: 5 
Training MSE: 0.14087486 	 Validating MSE: 0.59533101 	 Best VMSE: 0.57725829
[2020-10-23 11:01:50] esmCNN.cv1: Checkpoint saved to experiments/normal/sili/esmCNN_random_sili_h4
[2020-10-23 11:01:50] esmCNN.cv1: Find channel with Kernel size: 8 	 Lambda: 0.5: 	 Best Score: 0.1408
[2020-10-23 11:01:50] esmCNN.cv1: Channel size: 78 	 Kernel size: 8 
Training MSE: 0.14077401 	 Validating MSE: 0.59391570 	 Best VMSE: 0.57725829
[2020-10-23 11:01:50] esmCNN.cv1: Checkpoint saved to experiments/normal/sili/esmCNN_random_sili_h4
[2020-10-23 11:01:50] esmCNN.cv1: Find channel with Kernel size: 6 	 Lambda: 0.5: 	 Best Score: 0.1407
[2020-10-23 11:01:50] esmCNN.cv1: Channel size: 79 	 Kernel size: 6 
Training MSE: 0.14066315 	 Validating MSE: 0.59251463 	 Best VMSE: 0.57725829
[2020-10-23 11:01:50] esmCNN.cv1: Checkpoint saved to experiments/normal/sili/esmCNN_random_sili_h4
[2020-10-23 11:01:50] esmCNN.cv1: Find channel with Kernel size: 6 	 Lambda: 0.5: 	 Best Score: 0.1406
[2020-10-23 11:01:50] esmCNN.cv1: Channel size: 80 	 Kernel size: 6 
Training MSE: 0.14062054 	 Validating MSE: 0.59369868 	 Best VMSE: 0.57725829
[2020-10-23 11:01:50] esmCNN.cv1: Checkpoint saved to experiments/normal/sili/esmCNN_random_sili_h4
[2020-10-23 11:01:50] esmCNN.cv1: Find channel with Kernel size: 6 	 Lambda: 0.5: 	 Best Score: 0.1405
[2020-10-23 11:01:50] esmCNN.cv1: Channel size: 81 	 Kernel size: 6 
Training MSE: 0.14050522 	 Validating MSE: 0.59255135 	 Best VMSE: 0.57725829
[2020-10-23 11:01:50] esmCNN.cv1: Checkpoint saved to experiments/normal/sili/esmCNN_random_sili_h4
[2020-10-23 11:01:50] esmCNN.cv1: Find channel with Kernel size: 8 	 Lambda: 0.5: 	 Best Score: 0.1403
[2020-10-23 11:01:50] esmCNN.cv1: Channel size: 82 	 Kernel size: 8 
Training MSE: 0.14031722 	 Validating MSE: 0.59487629 	 Best VMSE: 0.57725829
[2020-10-23 11:01:50] esmCNN.cv1: Checkpoint saved to experiments/normal/sili/esmCNN_random_sili_h4
[2020-10-23 11:01:50] esmCNN.cv1: Find channel with Kernel size: 8 	 Lambda: 0.5: 	 Best Score: 0.1401
[2020-10-23 11:01:50] esmCNN.cv1: Channel size: 83 	 Kernel size: 8 
Training MSE: 0.14013019 	 Validating MSE: 0.59064001 	 Best VMSE: 0.57725829
[2020-10-23 11:01:50] esmCNN.cv1: Checkpoint saved to experiments/normal/sili/esmCNN_random_sili_h4
[2020-10-23 11:01:50] esmCNN.cv1: Find channel with Kernel size: 4 	 Lambda: 0.5: 	 Best Score: 0.1400
[2020-10-23 11:01:51] esmCNN.cv1: Channel size: 84 	 Kernel size: 4 
Training MSE: 0.14004777 	 Validating MSE: 0.59178084 	 Best VMSE: 0.57725829
[2020-10-23 11:01:51] esmCNN.cv1: Checkpoint saved to experiments/normal/sili/esmCNN_random_sili_h4
[2020-10-23 11:01:51] esmCNN.cv1: Find channel with Kernel size: 8 	 Lambda: 0.5: 	 Best Score: 0.1400
[2020-10-23 11:01:51] esmCNN.cv1: Channel size: 85 	 Kernel size: 8 
Training MSE: 0.13996558 	 Validating MSE: 0.58944154 	 Best VMSE: 0.57725829
[2020-10-23 11:01:51] esmCNN.cv1: Checkpoint saved to experiments/normal/sili/esmCNN_random_sili_h4
[2020-10-23 11:01:51] esmCNN.cv1: Find channel with Kernel size: 5 	 Lambda: 0.5: 	 Best Score: 0.1396
[2020-10-23 11:01:51] esmCNN.cv1: Channel size: 86 	 Kernel size: 5 
Training MSE: 0.13958685 	 Validating MSE: 0.59213263 	 Best VMSE: 0.57725829
[2020-10-23 11:01:51] esmCNN.cv1: Checkpoint saved to experiments/normal/sili/esmCNN_random_sili_h4
[2020-10-23 11:01:51] esmCNN.cv1: Find channel with Kernel size: 5 	 Lambda: 0.5: 	 Best Score: 0.1391
[2020-10-23 11:01:51] esmCNN.cv1: Channel size: 87 	 Kernel size: 5 
Training MSE: 0.13912317 	 Validating MSE: 0.59525383 	 Best VMSE: 0.57725829
[2020-10-23 11:01:51] esmCNN.cv1: Checkpoint saved to experiments/normal/sili/esmCNN_random_sili_h4
[2020-10-23 11:01:51] esmCNN.cv1: Find channel with Kernel size: 6 	 Lambda: 0.5: 	 Best Score: 0.1390
[2020-10-23 11:01:51] esmCNN.cv1: Channel size: 88 	 Kernel size: 6 
Training MSE: 0.13899045 	 Validating MSE: 0.59030950 	 Best VMSE: 0.57725829
[2020-10-23 11:01:51] esmCNN.cv1: Checkpoint saved to experiments/normal/sili/esmCNN_random_sili_h4
[2020-10-23 11:01:51] esmCNN.cv1: Find channel with Kernel size: 4 	 Lambda: 0.5: 	 Best Score: 0.1389
[2020-10-23 11:01:51] esmCNN.cv1: Channel size: 89 	 Kernel size: 4 
Training MSE: 0.13890247 	 Validating MSE: 0.58975321 	 Best VMSE: 0.57725829
[2020-10-23 11:01:51] esmCNN.cv1: Checkpoint saved to experiments/normal/sili/esmCNN_random_sili_h4
[2020-10-23 11:01:51] esmCNN.cv1: Find channel with Kernel size: 6 	 Lambda: 0.5: 	 Best Score: 0.1388
[2020-10-23 11:01:51] esmCNN.cv1: Channel size: 90 	 Kernel size: 6 
Training MSE: 0.13883883 	 Validating MSE: 0.59143543 	 Best VMSE: 0.57725829
[2020-10-23 11:01:51] esmCNN.cv1: Checkpoint saved to experiments/normal/sili/esmCNN_random_sili_h4
[2020-10-23 11:01:51] esmCNN.cv1: Find channel with Kernel size: 4 	 Lambda: 0.5: 	 Best Score: 0.1388
[2020-10-23 11:01:51] esmCNN.cv1: Channel size: 91 	 Kernel size: 4 
Training MSE: 0.13881965 	 Validating MSE: 0.59200484 	 Best VMSE: 0.57725829
[2020-10-23 11:01:51] esmCNN.cv1: Checkpoint saved to experiments/normal/sili/esmCNN_random_sili_h4
[2020-10-23 11:01:51] esmCNN.cv1: Find channel with Kernel size: 5 	 Lambda: 0.5: 	 Best Score: 0.1387
[2020-10-23 11:01:51] esmCNN.cv1: Channel size: 92 	 Kernel size: 5 
Training MSE: 0.13868818 	 Validating MSE: 0.58984298 	 Best VMSE: 0.57725829
[2020-10-23 11:01:51] esmCNN.cv1: Checkpoint saved to experiments/normal/sili/esmCNN_random_sili_h4
[2020-10-23 11:01:51] esmCNN.cv1: Find channel with Kernel size: 6 	 Lambda: 0.5: 	 Best Score: 0.1385
[2020-10-23 11:01:51] esmCNN.cv1: Channel size: 93 	 Kernel size: 6 
Training MSE: 0.13847719 	 Validating MSE: 0.58859187 	 Best VMSE: 0.57725829
[2020-10-23 11:01:51] esmCNN.cv1: Checkpoint saved to experiments/normal/sili/esmCNN_random_sili_h4
[2020-10-23 11:01:51] esmCNN.cv1: Find channel with Kernel size: 5 	 Lambda: 0.5: 	 Best Score: 0.1384
[2020-10-23 11:01:52] esmCNN.cv1: Channel size: 94 	 Kernel size: 5 
Training MSE: 0.13838242 	 Validating MSE: 0.59402686 	 Best VMSE: 0.57725829
[2020-10-23 11:01:52] esmCNN.cv1: Checkpoint saved to experiments/normal/sili/esmCNN_random_sili_h4
[2020-10-23 11:01:52] esmCNN.cv1: Find channel with Kernel size: 4 	 Lambda: 0.5: 	 Best Score: 0.1383
[2020-10-23 11:01:52] esmCNN.cv1: Channel size: 95 	 Kernel size: 4 
Training MSE: 0.13833174 	 Validating MSE: 0.58831584 	 Best VMSE: 0.57725829
[2020-10-23 11:01:52] esmCNN.cv1: Checkpoint saved to experiments/normal/sili/esmCNN_random_sili_h4
[2020-10-23 11:01:52] esmCNN.cv1: Find channel with Kernel size: 8 	 Lambda: 0.5: 	 Best Score: 0.1379
[2020-10-23 11:01:52] esmCNN.cv1: Channel size: 96 	 Kernel size: 8 
Training MSE: 0.13794190 	 Validating MSE: 0.59398288 	 Best VMSE: 0.57725829
[2020-10-23 11:01:52] esmCNN.cv1: Checkpoint saved to experiments/normal/sili/esmCNN_random_sili_h4
[2020-10-23 11:01:52] esmCNN.cv1: Find channel with Kernel size: 6 	 Lambda: 0.5: 	 Best Score: 0.1376
[2020-10-23 11:01:52] esmCNN.cv1: Channel size: 97 	 Kernel size: 6 
Training MSE: 0.13762125 	 Validating MSE: 0.59851855 	 Best VMSE: 0.57725829
[2020-10-23 11:01:52] esmCNN.cv1: Checkpoint saved to experiments/normal/sili/esmCNN_random_sili_h4
[2020-10-23 11:01:52] esmCNN.cv1: Find channel with Kernel size: 4 	 Lambda: 0.5: 	 Best Score: 0.1376
[2020-10-23 11:01:52] esmCNN.cv1: Channel size: 98 	 Kernel size: 4 
Training MSE: 0.13755798 	 Validating MSE: 0.59707397 	 Best VMSE: 0.57725829
[2020-10-23 11:01:52] esmCNN.cv1: Checkpoint saved to experiments/normal/sili/esmCNN_random_sili_h4
[2020-10-23 11:01:52] esmCNN.cv1: Find channel with Kernel size: 8 	 Lambda: 0.5: 	 Best Score: 0.1374
[2020-10-23 11:01:52] esmCNN.cv1: Channel size: 99 	 Kernel size: 8 
Training MSE: 0.13736853 	 Validating MSE: 0.59657884 	 Best VMSE: 0.57725829
[2020-10-23 11:01:52] esmCNN.cv1: Checkpoint saved to experiments/normal/sili/esmCNN_random_sili_h4
[2020-10-23 11:01:52] esmCNN.cv1: Find channel with Kernel size: 8 	 Lambda: 0.5: 	 Best Score: 0.1371
[2020-10-23 11:01:52] esmCNN.cv1: Channel size: 100 	 Kernel size: 8 
Training MSE: 0.13708544 	 Validating MSE: 0.60406601 	 Best VMSE: 0.57725829
[2020-10-23 11:01:52] esmCNN.cv1: Checkpoint saved to experiments/normal/sili/esmCNN_random_sili_h4
[2020-10-23 11:01:52] esmCNN.cv1: Restoring best parameters from experiments/normal/sili/esmCNN_random_sili_h4/train.cv1.pth.tar
[2020-10-23 11:01:52] esmCNN.cv1: sili	 H: 4	 Trail: 5 
Testing RMSE: 0.8096 	 MAPE: 0.1184 	 SMAPE: 0.06357
