[2020-10-23 11:01:23] esmCNN.cv0: Loading the datasets and model for 2th-batch-training
[2020-10-23 11:01:23] esmCNN.cv0: Argument channel_size: 100
[2020-10-23 11:01:23] esmCNN.cv0: Argument candidate_size: 300
[2020-10-23 11:01:23] esmCNN.cv0: Argument kernel_size: 6
[2020-10-23 11:01:23] esmCNN.cv0: Argument kernel_list: [8, 6, 5, 4]
[2020-10-23 11:01:23] esmCNN.cv0: Argument Lambdas: [0.5, 1, 5, 15, 30, 50, 100, 150, 200]
[2020-10-23 11:01:23] esmCNN.cv0: Argument Lambdas_std: [0.01, 0.05, 0.1, 0.5, 1]
[2020-10-23 11:01:23] esmCNN.cv0: Argument r: [0.8, 0.9, 0.99, 0.9999, 0.999999]
[2020-10-23 11:01:23] esmCNN.cv0: Argument tolerance: 0
[2020-10-23 11:01:23] esmCNN.cv0: Argument device: device(type='cuda')
[2020-10-23 11:01:23] esmCNN.cv0: Argument dataset: 'sili'
[2020-10-23 11:01:23] esmCNN.cv0: Argument H: 4
[2020-10-23 11:01:23] esmCNN.cv0: Argument k: 5
[2020-10-23 11:01:23] esmCNN.cv0: Argument test: False
[2020-10-23 11:01:23] esmCNN.cv0: Argument search: 'random'
[2020-10-23 11:01:23] esmCNN.cv0: Argument normal: True
[2020-10-23 11:01:23] esmCNN.cv0: Argument diff: False
[2020-10-23 11:01:23] esmCNN.cv0: Argument times: 60
[2020-10-23 11:01:23] esmCNN.cv0: Argument datasets: {'ar1': {'lag_order': 15, 'normal': True, 'cov_dim': 0, 'kernel_size': 3}, 'wti': {'lag_order': 25, 'normal': True, 'cov_dim': 0, 'kernel_size': 5}, 'gold': {'lag_order': 25, 'normal': True, 'cov_dim': 0, 'kernel_size': 5}, 'sp': {'lag_order': 25, 'normal': True, 'cov_dim': 0, 'kernel_size': 5}, 'brent': {'lag_order': 24, 'normal': True, 'cov_dim': 0, 'kernel_size': 6}, 'sili': {'lag_order': 26, 'normal': True, 'cov_dim': 0, 'kernel_size': 6}}
[2020-10-23 11:01:23] esmCNN.cv0: Argument steps: 26
[2020-10-23 11:01:23] esmCNN.cv0: Argument cov_dim: 0
[2020-10-23 11:01:23] esmCNN.cv0: Argument experiment: 'experiments/normal/sili'
[2020-10-23 11:01:23] esmCNN.cv0: Argument scaler: StandardScaler()
[2020-10-23 11:01:23] esmCNN.cv0: Argument model_name: 'esmCNN_random_sili_h4'
[2020-10-23 11:01:23] esmCNN.cv0: Argument model_dir: 'experiments/normal/sili/esmCNN_random_sili_h4'
[2020-10-23 11:01:23] esmCNN.cv0: Argument In_channels: 1
[2020-10-23 11:01:23] esmCNN.cv0: Argument restore: True
[2020-10-23 11:01:23] esmCNN.cv0: Argument cv: 0
[2020-10-23 11:01:23] esmCNN.cv0: Argument plot_dir: 'experiments/normal/sili/esmCNN_random_sili_h4/figures'
[2020-10-23 11:01:23] esmCNN.cv0: Argument num_process: 8
[2020-10-23 11:01:23] esmCNN.cv0: Using Cuda...
[2020-10-23 11:01:23] esmCNN.cv0: Loading complete.
[2020-10-23 11:01:23] esmCNN.cv0: Model: 
ESM_CNN(
  (Pool): AvgPool1d(kernel_size=(3,), stride=(1,), padding=(0,))
  (loss_fn): MSELoss()
)
[2020-10-23 11:01:23] esmCNN.cv0: Found new best state
[2020-10-23 11:01:23] esmCNN.cv0: Best vmse: 1.6819
[2020-10-23 11:01:23] esmCNN.cv0: Channel size: 1 	 Kernel size: 6 
Training MSE: 0.33270419 	 Validating MSE: 1.68193209 	 Best VMSE: 1.68193209
[2020-10-23 11:01:23] esmCNN.cv0: Checkpoint saved to experiments/normal/sili/esmCNN_random_sili_h4
[2020-10-23 11:01:23] esmCNN.cv0: Find channel with Kernel size: 5 	 Lambda: 0.5: 	 Best Score: 0.1962
[2020-10-23 11:01:23] esmCNN.cv0: Found new best state
[2020-10-23 11:01:23] esmCNN.cv0: Best vmse: 0.7365
[2020-10-23 11:01:23] esmCNN.cv0: Channel size: 2 	 Kernel size: 5 
Training MSE: 0.19621606 	 Validating MSE: 0.73646545 	 Best VMSE: 0.73646545
[2020-10-23 11:01:23] esmCNN.cv0: Checkpoint saved to experiments/normal/sili/esmCNN_random_sili_h4
[2020-10-23 11:01:23] esmCNN.cv0: Find channel with Kernel size: 8 	 Lambda: 0.5: 	 Best Score: 0.1702
[2020-10-23 11:01:23] esmCNN.cv0: Found new best state
[2020-10-23 11:01:23] esmCNN.cv0: Best vmse: 0.6284
[2020-10-23 11:01:23] esmCNN.cv0: Channel size: 3 	 Kernel size: 8 
Training MSE: 0.17019698 	 Validating MSE: 0.62843001 	 Best VMSE: 0.62843001
[2020-10-23 11:01:23] esmCNN.cv0: Checkpoint saved to experiments/normal/sili/esmCNN_random_sili_h4
[2020-10-23 11:01:23] esmCNN.cv0: Find channel with Kernel size: 5 	 Lambda: 0.5: 	 Best Score: 0.1654
[2020-10-23 11:01:23] esmCNN.cv0: Found new best state
[2020-10-23 11:01:23] esmCNN.cv0: Best vmse: 0.5963
[2020-10-23 11:01:23] esmCNN.cv0: Channel size: 4 	 Kernel size: 5 
Training MSE: 0.16541588 	 Validating MSE: 0.59631056 	 Best VMSE: 0.59631056
[2020-10-23 11:01:23] esmCNN.cv0: Checkpoint saved to experiments/normal/sili/esmCNN_random_sili_h4
[2020-10-23 11:01:23] esmCNN.cv0: Find channel with Kernel size: 4 	 Lambda: 0.5: 	 Best Score: 0.1644
[2020-10-23 11:01:23] esmCNN.cv0: Found new best state
[2020-10-23 11:01:23] esmCNN.cv0: Best vmse: 0.5830
[2020-10-23 11:01:23] esmCNN.cv0: Channel size: 5 	 Kernel size: 4 
Training MSE: 0.16443992 	 Validating MSE: 0.58295709 	 Best VMSE: 0.58295709
[2020-10-23 11:01:23] esmCNN.cv0: Checkpoint saved to experiments/normal/sili/esmCNN_random_sili_h4
[2020-10-23 11:01:23] esmCNN.cv0: Find channel with Kernel size: 4 	 Lambda: 0.5: 	 Best Score: 0.1643
[2020-10-23 11:01:23] esmCNN.cv0: Found new best state
[2020-10-23 11:01:23] esmCNN.cv0: Best vmse: 0.5778
[2020-10-23 11:01:23] esmCNN.cv0: Channel size: 6 	 Kernel size: 4 
Training MSE: 0.16427842 	 Validating MSE: 0.57777244 	 Best VMSE: 0.57777244
[2020-10-23 11:01:23] esmCNN.cv0: Checkpoint saved to experiments/normal/sili/esmCNN_random_sili_h4
[2020-10-23 11:01:23] esmCNN.cv0: Find channel with Kernel size: 4 	 Lambda: 0.5: 	 Best Score: 0.1636
[2020-10-23 11:01:23] esmCNN.cv0: Found new best state
[2020-10-23 11:01:23] esmCNN.cv0: Best vmse: 0.5738
[2020-10-23 11:01:23] esmCNN.cv0: Channel size: 7 	 Kernel size: 4 
Training MSE: 0.16360830 	 Validating MSE: 0.57379407 	 Best VMSE: 0.57379407
[2020-10-23 11:01:23] esmCNN.cv0: Checkpoint saved to experiments/normal/sili/esmCNN_random_sili_h4
[2020-10-23 11:01:24] esmCNN.cv0: Find channel with Kernel size: 8 	 Lambda: 0.5: 	 Best Score: 0.1630
[2020-10-23 11:01:24] esmCNN.cv0: Channel size: 8 	 Kernel size: 8 
Training MSE: 0.16295479 	 Validating MSE: 0.58215296 	 Best VMSE: 0.57379407
[2020-10-23 11:01:24] esmCNN.cv0: Checkpoint saved to experiments/normal/sili/esmCNN_random_sili_h4
[2020-10-23 11:01:24] esmCNN.cv0: Find channel with Kernel size: 5 	 Lambda: 0.5: 	 Best Score: 0.1627
[2020-10-23 11:01:24] esmCNN.cv0: Channel size: 9 	 Kernel size: 5 
Training MSE: 0.16269132 	 Validating MSE: 0.57759511 	 Best VMSE: 0.57379407
[2020-10-23 11:01:24] esmCNN.cv0: Checkpoint saved to experiments/normal/sili/esmCNN_random_sili_h4
[2020-10-23 11:01:24] esmCNN.cv0: Find channel with Kernel size: 8 	 Lambda: 0.5: 	 Best Score: 0.1621
[2020-10-23 11:01:24] esmCNN.cv0: Channel size: 10 	 Kernel size: 8 
Training MSE: 0.16211367 	 Validating MSE: 0.57823771 	 Best VMSE: 0.57379407
[2020-10-23 11:01:24] esmCNN.cv0: Checkpoint saved to experiments/normal/sili/esmCNN_random_sili_h4
[2020-10-23 11:01:24] esmCNN.cv0: Find channel with Kernel size: 4 	 Lambda: 0.5: 	 Best Score: 0.1615
[2020-10-23 11:01:24] esmCNN.cv0: Channel size: 11 	 Kernel size: 4 
Training MSE: 0.16146682 	 Validating MSE: 0.57980251 	 Best VMSE: 0.57379407
[2020-10-23 11:01:24] esmCNN.cv0: Checkpoint saved to experiments/normal/sili/esmCNN_random_sili_h4
[2020-10-23 11:01:24] esmCNN.cv0: Find channel with Kernel size: 6 	 Lambda: 0.5: 	 Best Score: 0.1613
[2020-10-23 11:01:24] esmCNN.cv0: Channel size: 12 	 Kernel size: 6 
Training MSE: 0.16131389 	 Validating MSE: 0.58133286 	 Best VMSE: 0.57379407
[2020-10-23 11:01:24] esmCNN.cv0: Checkpoint saved to experiments/normal/sili/esmCNN_random_sili_h4
[2020-10-23 11:01:24] esmCNN.cv0: Find channel with Kernel size: 6 	 Lambda: 0.5: 	 Best Score: 0.1612
[2020-10-23 11:01:24] esmCNN.cv0: Channel size: 13 	 Kernel size: 6 
Training MSE: 0.16118990 	 Validating MSE: 0.57418174 	 Best VMSE: 0.57379407
[2020-10-23 11:01:24] esmCNN.cv0: Checkpoint saved to experiments/normal/sili/esmCNN_random_sili_h4
[2020-10-23 11:01:24] esmCNN.cv0: Find channel with Kernel size: 5 	 Lambda: 0.5: 	 Best Score: 0.1608
[2020-10-23 11:01:24] esmCNN.cv0: Found new best state
[2020-10-23 11:01:24] esmCNN.cv0: Best vmse: 0.5731
[2020-10-23 11:01:24] esmCNN.cv0: Channel size: 14 	 Kernel size: 5 
Training MSE: 0.16081828 	 Validating MSE: 0.57305604 	 Best VMSE: 0.57305604
[2020-10-23 11:01:24] esmCNN.cv0: Checkpoint saved to experiments/normal/sili/esmCNN_random_sili_h4
[2020-10-23 11:01:24] esmCNN.cv0: Find channel with Kernel size: 5 	 Lambda: 0.5: 	 Best Score: 0.1602
[2020-10-23 11:01:24] esmCNN.cv0: Channel size: 15 	 Kernel size: 5 
Training MSE: 0.16016591 	 Validating MSE: 0.58363062 	 Best VMSE: 0.57305604
[2020-10-23 11:01:24] esmCNN.cv0: Checkpoint saved to experiments/normal/sili/esmCNN_random_sili_h4
[2020-10-23 11:01:24] esmCNN.cv0: Find channel with Kernel size: 5 	 Lambda: 0.5: 	 Best Score: 0.1591
[2020-10-23 11:01:24] esmCNN.cv0: Channel size: 16 	 Kernel size: 5 
Training MSE: 0.15913321 	 Validating MSE: 0.57945472 	 Best VMSE: 0.57305604
[2020-10-23 11:01:24] esmCNN.cv0: Checkpoint saved to experiments/normal/sili/esmCNN_random_sili_h4
[2020-10-23 11:01:24] esmCNN.cv0: Find channel with Kernel size: 5 	 Lambda: 0.5: 	 Best Score: 0.1586
[2020-10-23 11:01:24] esmCNN.cv0: Channel size: 17 	 Kernel size: 5 
Training MSE: 0.15860096 	 Validating MSE: 0.58189809 	 Best VMSE: 0.57305604
[2020-10-23 11:01:24] esmCNN.cv0: Checkpoint saved to experiments/normal/sili/esmCNN_random_sili_h4
[2020-10-23 11:01:24] esmCNN.cv0: Find channel with Kernel size: 8 	 Lambda: 0.5: 	 Best Score: 0.1585
[2020-10-23 11:01:24] esmCNN.cv0: Channel size: 18 	 Kernel size: 8 
Training MSE: 0.15851599 	 Validating MSE: 0.58042175 	 Best VMSE: 0.57305604
[2020-10-23 11:01:24] esmCNN.cv0: Checkpoint saved to experiments/normal/sili/esmCNN_random_sili_h4
[2020-10-23 11:01:24] esmCNN.cv0: Find channel with Kernel size: 6 	 Lambda: 0.5: 	 Best Score: 0.1582
[2020-10-23 11:01:24] esmCNN.cv0: Channel size: 19 	 Kernel size: 6 
Training MSE: 0.15819463 	 Validating MSE: 0.58020741 	 Best VMSE: 0.57305604
[2020-10-23 11:01:24] esmCNN.cv0: Checkpoint saved to experiments/normal/sili/esmCNN_random_sili_h4
[2020-10-23 11:01:24] esmCNN.cv0: Find channel with Kernel size: 4 	 Lambda: 0.5: 	 Best Score: 0.1578
[2020-10-23 11:01:24] esmCNN.cv0: Channel size: 20 	 Kernel size: 4 
Training MSE: 0.15782994 	 Validating MSE: 0.58560491 	 Best VMSE: 0.57305604
[2020-10-23 11:01:24] esmCNN.cv0: Checkpoint saved to experiments/normal/sili/esmCNN_random_sili_h4
[2020-10-23 11:01:24] esmCNN.cv0: Find channel with Kernel size: 5 	 Lambda: 0.5: 	 Best Score: 0.1575
[2020-10-23 11:01:24] esmCNN.cv0: Channel size: 21 	 Kernel size: 5 
Training MSE: 0.15747623 	 Validating MSE: 0.58889198 	 Best VMSE: 0.57305604
[2020-10-23 11:01:24] esmCNN.cv0: Checkpoint saved to experiments/normal/sili/esmCNN_random_sili_h4
[2020-10-23 11:01:24] esmCNN.cv0: Find channel with Kernel size: 4 	 Lambda: 0.5: 	 Best Score: 0.1570
[2020-10-23 11:01:24] esmCNN.cv0: Channel size: 22 	 Kernel size: 4 
Training MSE: 0.15699194 	 Validating MSE: 0.58765215 	 Best VMSE: 0.57305604
[2020-10-23 11:01:24] esmCNN.cv0: Checkpoint saved to experiments/normal/sili/esmCNN_random_sili_h4
[2020-10-23 11:01:24] esmCNN.cv0: Find channel with Kernel size: 5 	 Lambda: 0.5: 	 Best Score: 0.1565
[2020-10-23 11:01:24] esmCNN.cv0: Channel size: 23 	 Kernel size: 5 
Training MSE: 0.15649660 	 Validating MSE: 0.58482218 	 Best VMSE: 0.57305604
[2020-10-23 11:01:24] esmCNN.cv0: Checkpoint saved to experiments/normal/sili/esmCNN_random_sili_h4
[2020-10-23 11:01:24] esmCNN.cv0: Find channel with Kernel size: 4 	 Lambda: 0.5: 	 Best Score: 0.1561
[2020-10-23 11:01:24] esmCNN.cv0: Channel size: 24 	 Kernel size: 4 
Training MSE: 0.15614720 	 Validating MSE: 0.58796442 	 Best VMSE: 0.57305604
[2020-10-23 11:01:24] esmCNN.cv0: Checkpoint saved to experiments/normal/sili/esmCNN_random_sili_h4
[2020-10-23 11:01:24] esmCNN.cv0: Find channel with Kernel size: 8 	 Lambda: 0.5: 	 Best Score: 0.1556
[2020-10-23 11:01:24] esmCNN.cv0: Channel size: 25 	 Kernel size: 8 
Training MSE: 0.15559392 	 Validating MSE: 0.58949500 	 Best VMSE: 0.57305604
[2020-10-23 11:01:24] esmCNN.cv0: Checkpoint saved to experiments/normal/sili/esmCNN_random_sili_h4
[2020-10-23 11:01:24] esmCNN.cv0: Find channel with Kernel size: 5 	 Lambda: 0.5: 	 Best Score: 0.1550
[2020-10-23 11:01:24] esmCNN.cv0: Channel size: 26 	 Kernel size: 5 
Training MSE: 0.15501703 	 Validating MSE: 0.58129984 	 Best VMSE: 0.57305604
[2020-10-23 11:01:24] esmCNN.cv0: Checkpoint saved to experiments/normal/sili/esmCNN_random_sili_h4
[2020-10-23 11:01:24] esmCNN.cv0: Find channel with Kernel size: 5 	 Lambda: 0.5: 	 Best Score: 0.1548
[2020-10-23 11:01:24] esmCNN.cv0: Channel size: 27 	 Kernel size: 5 
Training MSE: 0.15475565 	 Validating MSE: 0.59128183 	 Best VMSE: 0.57305604
[2020-10-23 11:01:24] esmCNN.cv0: Checkpoint saved to experiments/normal/sili/esmCNN_random_sili_h4
[2020-10-23 11:01:24] esmCNN.cv0: Find channel with Kernel size: 5 	 Lambda: 0.5: 	 Best Score: 0.1545
[2020-10-23 11:01:24] esmCNN.cv0: Channel size: 28 	 Kernel size: 5 
Training MSE: 0.15447828 	 Validating MSE: 0.58772290 	 Best VMSE: 0.57305604
[2020-10-23 11:01:24] esmCNN.cv0: Checkpoint saved to experiments/normal/sili/esmCNN_random_sili_h4
[2020-10-23 11:01:25] esmCNN.cv0: Find channel with Kernel size: 5 	 Lambda: 0.5: 	 Best Score: 0.1541
[2020-10-23 11:01:25] esmCNN.cv0: Channel size: 29 	 Kernel size: 5 
Training MSE: 0.15413715 	 Validating MSE: 0.59363621 	 Best VMSE: 0.57305604
[2020-10-23 11:01:25] esmCNN.cv0: Checkpoint saved to experiments/normal/sili/esmCNN_random_sili_h4
[2020-10-23 11:01:25] esmCNN.cv0: Find channel with Kernel size: 8 	 Lambda: 0.5: 	 Best Score: 0.1532
[2020-10-23 11:01:25] esmCNN.cv0: Channel size: 30 	 Kernel size: 8 
Training MSE: 0.15321127 	 Validating MSE: 0.59063601 	 Best VMSE: 0.57305604
[2020-10-23 11:01:25] esmCNN.cv0: Checkpoint saved to experiments/normal/sili/esmCNN_random_sili_h4
[2020-10-23 11:01:25] esmCNN.cv0: Find channel with Kernel size: 4 	 Lambda: 0.5: 	 Best Score: 0.1521
[2020-10-23 11:01:25] esmCNN.cv0: Channel size: 31 	 Kernel size: 4 
Training MSE: 0.15209450 	 Validating MSE: 0.58728379 	 Best VMSE: 0.57305604
[2020-10-23 11:01:25] esmCNN.cv0: Checkpoint saved to experiments/normal/sili/esmCNN_random_sili_h4
[2020-10-23 11:01:25] esmCNN.cv0: Find channel with Kernel size: 8 	 Lambda: 0.5: 	 Best Score: 0.1517
[2020-10-23 11:01:25] esmCNN.cv0: Channel size: 32 	 Kernel size: 8 
Training MSE: 0.15167293 	 Validating MSE: 0.57936472 	 Best VMSE: 0.57305604
[2020-10-23 11:01:25] esmCNN.cv0: Checkpoint saved to experiments/normal/sili/esmCNN_random_sili_h4
[2020-10-23 11:01:25] esmCNN.cv0: Find channel with Kernel size: 5 	 Lambda: 0.5: 	 Best Score: 0.1511
[2020-10-23 11:01:25] esmCNN.cv0: Found new best state
[2020-10-23 11:01:25] esmCNN.cv0: Best vmse: 0.5694
[2020-10-23 11:01:25] esmCNN.cv0: Channel size: 33 	 Kernel size: 5 
Training MSE: 0.15109110 	 Validating MSE: 0.56942326 	 Best VMSE: 0.56942326
[2020-10-23 11:01:25] esmCNN.cv0: Checkpoint saved to experiments/normal/sili/esmCNN_random_sili_h4
[2020-10-23 11:01:25] esmCNN.cv0: Find channel with Kernel size: 6 	 Lambda: 0.5: 	 Best Score: 0.1504
[2020-10-23 11:01:25] esmCNN.cv0: Channel size: 34 	 Kernel size: 6 
Training MSE: 0.15043810 	 Validating MSE: 0.57753021 	 Best VMSE: 0.56942326
[2020-10-23 11:01:25] esmCNN.cv0: Checkpoint saved to experiments/normal/sili/esmCNN_random_sili_h4
[2020-10-23 11:01:25] esmCNN.cv0: Find channel with Kernel size: 4 	 Lambda: 0.5: 	 Best Score: 0.1501
[2020-10-23 11:01:25] esmCNN.cv0: Channel size: 35 	 Kernel size: 4 
Training MSE: 0.15012148 	 Validating MSE: 0.58597863 	 Best VMSE: 0.56942326
[2020-10-23 11:01:25] esmCNN.cv0: Checkpoint saved to experiments/normal/sili/esmCNN_random_sili_h4
[2020-10-23 11:01:25] esmCNN.cv0: Find channel with Kernel size: 8 	 Lambda: 0.5: 	 Best Score: 0.1500
[2020-10-23 11:01:25] esmCNN.cv0: Channel size: 36 	 Kernel size: 8 
Training MSE: 0.14995825 	 Validating MSE: 0.58481431 	 Best VMSE: 0.56942326
[2020-10-23 11:01:25] esmCNN.cv0: Checkpoint saved to experiments/normal/sili/esmCNN_random_sili_h4
[2020-10-23 11:01:25] esmCNN.cv0: Find channel with Kernel size: 8 	 Lambda: 0.5: 	 Best Score: 0.1497
[2020-10-23 11:01:25] esmCNN.cv0: Channel size: 37 	 Kernel size: 8 
Training MSE: 0.14973222 	 Validating MSE: 0.58894187 	 Best VMSE: 0.56942326
[2020-10-23 11:01:25] esmCNN.cv0: Checkpoint saved to experiments/normal/sili/esmCNN_random_sili_h4
[2020-10-23 11:01:25] esmCNN.cv0: Find channel with Kernel size: 8 	 Lambda: 0.5: 	 Best Score: 0.1491
[2020-10-23 11:01:25] esmCNN.cv0: Channel size: 38 	 Kernel size: 8 
Training MSE: 0.14911050 	 Validating MSE: 0.59479094 	 Best VMSE: 0.56942326
[2020-10-23 11:01:25] esmCNN.cv0: Checkpoint saved to experiments/normal/sili/esmCNN_random_sili_h4
[2020-10-23 11:01:25] esmCNN.cv0: Find channel with Kernel size: 4 	 Lambda: 0.5: 	 Best Score: 0.1479
[2020-10-23 11:01:25] esmCNN.cv0: Channel size: 39 	 Kernel size: 4 
Training MSE: 0.14794669 	 Validating MSE: 0.60489541 	 Best VMSE: 0.56942326
[2020-10-23 11:01:25] esmCNN.cv0: Checkpoint saved to experiments/normal/sili/esmCNN_random_sili_h4
[2020-10-23 11:01:25] esmCNN.cv0: Find channel with Kernel size: 5 	 Lambda: 0.5: 	 Best Score: 0.1474
[2020-10-23 11:01:25] esmCNN.cv0: Channel size: 40 	 Kernel size: 5 
Training MSE: 0.14735040 	 Validating MSE: 0.60043806 	 Best VMSE: 0.56942326
[2020-10-23 11:01:25] esmCNN.cv0: Checkpoint saved to experiments/normal/sili/esmCNN_random_sili_h4
[2020-10-23 11:01:25] esmCNN.cv0: Find channel with Kernel size: 4 	 Lambda: 0.5: 	 Best Score: 0.1471
[2020-10-23 11:01:25] esmCNN.cv0: Channel size: 41 	 Kernel size: 4 
Training MSE: 0.14705208 	 Validating MSE: 0.59695005 	 Best VMSE: 0.56942326
[2020-10-23 11:01:25] esmCNN.cv0: Checkpoint saved to experiments/normal/sili/esmCNN_random_sili_h4
[2020-10-23 11:01:25] esmCNN.cv0: Find channel with Kernel size: 5 	 Lambda: 0.5: 	 Best Score: 0.1465
[2020-10-23 11:01:25] esmCNN.cv0: Channel size: 42 	 Kernel size: 5 
Training MSE: 0.14646636 	 Validating MSE: 0.60684627 	 Best VMSE: 0.56942326
[2020-10-23 11:01:25] esmCNN.cv0: Checkpoint saved to experiments/normal/sili/esmCNN_random_sili_h4
[2020-10-23 11:01:25] esmCNN.cv0: Find channel with Kernel size: 8 	 Lambda: 0.5: 	 Best Score: 0.1459
[2020-10-23 11:01:25] esmCNN.cv0: Channel size: 43 	 Kernel size: 8 
Training MSE: 0.14592455 	 Validating MSE: 0.59328872 	 Best VMSE: 0.56942326
[2020-10-23 11:01:25] esmCNN.cv0: Checkpoint saved to experiments/normal/sili/esmCNN_random_sili_h4
[2020-10-23 11:01:25] esmCNN.cv0: Find channel with Kernel size: 5 	 Lambda: 0.5: 	 Best Score: 0.1453
[2020-10-23 11:01:25] esmCNN.cv0: Channel size: 44 	 Kernel size: 5 
Training MSE: 0.14532715 	 Validating MSE: 0.58208787 	 Best VMSE: 0.56942326
[2020-10-23 11:01:25] esmCNN.cv0: Checkpoint saved to experiments/normal/sili/esmCNN_random_sili_h4
[2020-10-23 11:01:26] esmCNN.cv0: Find channel with Kernel size: 5 	 Lambda: 0.5: 	 Best Score: 0.1444
[2020-10-23 11:01:26] esmCNN.cv0: Channel size: 45 	 Kernel size: 5 
Training MSE: 0.14441052 	 Validating MSE: 0.59002835 	 Best VMSE: 0.56942326
[2020-10-23 11:01:26] esmCNN.cv0: Checkpoint saved to experiments/normal/sili/esmCNN_random_sili_h4
[2020-10-23 11:01:26] esmCNN.cv0: Find channel with Kernel size: 5 	 Lambda: 0.5: 	 Best Score: 0.1439
[2020-10-23 11:01:26] esmCNN.cv0: Channel size: 46 	 Kernel size: 5 
Training MSE: 0.14390799 	 Validating MSE: 0.60180974 	 Best VMSE: 0.56942326
[2020-10-23 11:01:26] esmCNN.cv0: Checkpoint saved to experiments/normal/sili/esmCNN_random_sili_h4
[2020-10-23 11:01:26] esmCNN.cv0: Find channel with Kernel size: 8 	 Lambda: 0.5: 	 Best Score: 0.1434
[2020-10-23 11:01:26] esmCNN.cv0: Channel size: 47 	 Kernel size: 8 
Training MSE: 0.14342411 	 Validating MSE: 0.59491432 	 Best VMSE: 0.56942326
[2020-10-23 11:01:26] esmCNN.cv0: Checkpoint saved to experiments/normal/sili/esmCNN_random_sili_h4
[2020-10-23 11:01:26] esmCNN.cv0: Find channel with Kernel size: 8 	 Lambda: 0.5: 	 Best Score: 0.1424
[2020-10-23 11:01:26] esmCNN.cv0: Channel size: 48 	 Kernel size: 8 
Training MSE: 0.14244437 	 Validating MSE: 0.58968174 	 Best VMSE: 0.56942326
[2020-10-23 11:01:26] esmCNN.cv0: Checkpoint saved to experiments/normal/sili/esmCNN_random_sili_h4
[2020-10-23 11:01:26] esmCNN.cv0: Find channel with Kernel size: 4 	 Lambda: 0.5: 	 Best Score: 0.1416
[2020-10-23 11:01:26] esmCNN.cv0: Channel size: 49 	 Kernel size: 4 
Training MSE: 0.14160487 	 Validating MSE: 0.60365570 	 Best VMSE: 0.56942326
[2020-10-23 11:01:26] esmCNN.cv0: Checkpoint saved to experiments/normal/sili/esmCNN_random_sili_h4
[2020-10-23 11:01:26] esmCNN.cv0: Find channel with Kernel size: 8 	 Lambda: 0.5: 	 Best Score: 0.1414
[2020-10-23 11:01:26] esmCNN.cv0: Channel size: 50 	 Kernel size: 8 
Training MSE: 0.14140819 	 Validating MSE: 0.59681606 	 Best VMSE: 0.56942326
[2020-10-23 11:01:26] esmCNN.cv0: Checkpoint saved to experiments/normal/sili/esmCNN_random_sili_h4
[2020-10-23 11:01:26] esmCNN.cv0: Find channel with Kernel size: 6 	 Lambda: 0.5: 	 Best Score: 0.1409
[2020-10-23 11:01:26] esmCNN.cv0: Channel size: 51 	 Kernel size: 6 
Training MSE: 0.14088853 	 Validating MSE: 0.60241252 	 Best VMSE: 0.56942326
[2020-10-23 11:01:26] esmCNN.cv0: Checkpoint saved to experiments/normal/sili/esmCNN_random_sili_h4
[2020-10-23 11:01:26] esmCNN.cv0: Find channel with Kernel size: 5 	 Lambda: 0.5: 	 Best Score: 0.1405
[2020-10-23 11:01:26] esmCNN.cv0: Channel size: 52 	 Kernel size: 5 
Training MSE: 0.14049490 	 Validating MSE: 0.60154021 	 Best VMSE: 0.56942326
[2020-10-23 11:01:26] esmCNN.cv0: Checkpoint saved to experiments/normal/sili/esmCNN_random_sili_h4
[2020-10-23 11:01:26] esmCNN.cv0: Find channel with Kernel size: 6 	 Lambda: 0.5: 	 Best Score: 0.1403
[2020-10-23 11:01:26] esmCNN.cv0: Channel size: 53 	 Kernel size: 6 
Training MSE: 0.14026633 	 Validating MSE: 0.60328084 	 Best VMSE: 0.56942326
[2020-10-23 11:01:26] esmCNN.cv0: Checkpoint saved to experiments/normal/sili/esmCNN_random_sili_h4
[2020-10-23 11:01:26] esmCNN.cv0: Find channel with Kernel size: 6 	 Lambda: 0.5: 	 Best Score: 0.1401
[2020-10-23 11:01:26] esmCNN.cv0: Channel size: 54 	 Kernel size: 6 
Training MSE: 0.14008409 	 Validating MSE: 0.60469133 	 Best VMSE: 0.56942326
[2020-10-23 11:01:26] esmCNN.cv0: Checkpoint saved to experiments/normal/sili/esmCNN_random_sili_h4
[2020-10-23 11:01:26] esmCNN.cv0: Find channel with Kernel size: 5 	 Lambda: 0.5: 	 Best Score: 0.1400
[2020-10-23 11:01:26] esmCNN.cv0: Channel size: 55 	 Kernel size: 5 
Training MSE: 0.13997172 	 Validating MSE: 0.60504973 	 Best VMSE: 0.56942326
[2020-10-23 11:01:26] esmCNN.cv0: Checkpoint saved to experiments/normal/sili/esmCNN_random_sili_h4
[2020-10-23 11:01:26] esmCNN.cv0: Find channel with Kernel size: 8 	 Lambda: 0.5: 	 Best Score: 0.1397
[2020-10-23 11:01:26] esmCNN.cv0: Channel size: 56 	 Kernel size: 8 
Training MSE: 0.13970159 	 Validating MSE: 0.60227621 	 Best VMSE: 0.56942326
[2020-10-23 11:01:26] esmCNN.cv0: Checkpoint saved to experiments/normal/sili/esmCNN_random_sili_h4
[2020-10-23 11:01:26] esmCNN.cv0: Find channel with Kernel size: 4 	 Lambda: 0.5: 	 Best Score: 0.1395
[2020-10-23 11:01:26] esmCNN.cv0: Channel size: 57 	 Kernel size: 4 
Training MSE: 0.13948278 	 Validating MSE: 0.60146725 	 Best VMSE: 0.56942326
[2020-10-23 11:01:26] esmCNN.cv0: Checkpoint saved to experiments/normal/sili/esmCNN_random_sili_h4
[2020-10-23 11:01:26] esmCNN.cv0: Find channel with Kernel size: 8 	 Lambda: 0.5: 	 Best Score: 0.1394
[2020-10-23 11:01:27] esmCNN.cv0: Channel size: 58 	 Kernel size: 8 
Training MSE: 0.13940382 	 Validating MSE: 0.60015279 	 Best VMSE: 0.56942326
[2020-10-23 11:01:27] esmCNN.cv0: Checkpoint saved to experiments/normal/sili/esmCNN_random_sili_h4
[2020-10-23 11:01:27] esmCNN.cv0: Find channel with Kernel size: 8 	 Lambda: 0.5: 	 Best Score: 0.1392
[2020-10-23 11:01:27] esmCNN.cv0: Channel size: 59 	 Kernel size: 8 
Training MSE: 0.13923901 	 Validating MSE: 0.59824711 	 Best VMSE: 0.56942326
[2020-10-23 11:01:27] esmCNN.cv0: Checkpoint saved to experiments/normal/sili/esmCNN_random_sili_h4
[2020-10-23 11:01:27] esmCNN.cv0: Find channel with Kernel size: 6 	 Lambda: 0.5: 	 Best Score: 0.1389
[2020-10-23 11:01:27] esmCNN.cv0: Channel size: 60 	 Kernel size: 6 
Training MSE: 0.13892210 	 Validating MSE: 0.60554248 	 Best VMSE: 0.56942326
[2020-10-23 11:01:27] esmCNN.cv0: Checkpoint saved to experiments/normal/sili/esmCNN_random_sili_h4
[2020-10-23 11:01:27] esmCNN.cv0: Find channel with Kernel size: 8 	 Lambda: 0.5: 	 Best Score: 0.1386
[2020-10-23 11:01:27] esmCNN.cv0: Channel size: 61 	 Kernel size: 8 
Training MSE: 0.13858484 	 Validating MSE: 0.60836858 	 Best VMSE: 0.56942326
[2020-10-23 11:01:27] esmCNN.cv0: Checkpoint saved to experiments/normal/sili/esmCNN_random_sili_h4
[2020-10-23 11:01:27] esmCNN.cv0: Find channel with Kernel size: 6 	 Lambda: 0.5: 	 Best Score: 0.1384
[2020-10-23 11:01:27] esmCNN.cv0: Channel size: 62 	 Kernel size: 6 
Training MSE: 0.13843909 	 Validating MSE: 0.60960221 	 Best VMSE: 0.56942326
[2020-10-23 11:01:27] esmCNN.cv0: Checkpoint saved to experiments/normal/sili/esmCNN_random_sili_h4
[2020-10-23 11:01:27] esmCNN.cv0: Find channel with Kernel size: 6 	 Lambda: 0.5: 	 Best Score: 0.1384
[2020-10-23 11:01:27] esmCNN.cv0: Channel size: 63 	 Kernel size: 6 
Training MSE: 0.13837498 	 Validating MSE: 0.60560668 	 Best VMSE: 0.56942326
[2020-10-23 11:01:27] esmCNN.cv0: Checkpoint saved to experiments/normal/sili/esmCNN_random_sili_h4
[2020-10-23 11:01:27] esmCNN.cv0: Find channel with Kernel size: 4 	 Lambda: 0.5: 	 Best Score: 0.1383
[2020-10-23 11:01:27] esmCNN.cv0: Channel size: 64 	 Kernel size: 4 
Training MSE: 0.13830477 	 Validating MSE: 0.60396409 	 Best VMSE: 0.56942326
[2020-10-23 11:01:27] esmCNN.cv0: Checkpoint saved to experiments/normal/sili/esmCNN_random_sili_h4
[2020-10-23 11:01:27] esmCNN.cv0: Find channel with Kernel size: 8 	 Lambda: 0.5: 	 Best Score: 0.1378
[2020-10-23 11:01:27] esmCNN.cv0: Channel size: 65 	 Kernel size: 8 
Training MSE: 0.13780347 	 Validating MSE: 0.61006045 	 Best VMSE: 0.56942326
[2020-10-23 11:01:27] esmCNN.cv0: Checkpoint saved to experiments/normal/sili/esmCNN_random_sili_h4
[2020-10-23 11:01:27] esmCNN.cv0: Find channel with Kernel size: 5 	 Lambda: 0.5: 	 Best Score: 0.1374
[2020-10-23 11:01:27] esmCNN.cv0: Channel size: 66 	 Kernel size: 5 
Training MSE: 0.13739461 	 Validating MSE: 0.62132174 	 Best VMSE: 0.56942326
[2020-10-23 11:01:27] esmCNN.cv0: Checkpoint saved to experiments/normal/sili/esmCNN_random_sili_h4
[2020-10-23 11:01:27] esmCNN.cv0: Find channel with Kernel size: 5 	 Lambda: 0.5: 	 Best Score: 0.1371
[2020-10-23 11:01:27] esmCNN.cv0: Channel size: 67 	 Kernel size: 5 
Training MSE: 0.13713983 	 Validating MSE: 0.61844516 	 Best VMSE: 0.56942326
[2020-10-23 11:01:27] esmCNN.cv0: Checkpoint saved to experiments/normal/sili/esmCNN_random_sili_h4
[2020-10-23 11:01:27] esmCNN.cv0: Find channel with Kernel size: 4 	 Lambda: 0.5: 	 Best Score: 0.1370
[2020-10-23 11:01:27] esmCNN.cv0: Channel size: 68 	 Kernel size: 4 
Training MSE: 0.13699141 	 Validating MSE: 0.61748165 	 Best VMSE: 0.56942326
[2020-10-23 11:01:27] esmCNN.cv0: Checkpoint saved to experiments/normal/sili/esmCNN_random_sili_h4
[2020-10-23 11:01:27] esmCNN.cv0: Find channel with Kernel size: 8 	 Lambda: 0.5: 	 Best Score: 0.1367
[2020-10-23 11:01:27] esmCNN.cv0: Channel size: 69 	 Kernel size: 8 
Training MSE: 0.13667293 	 Validating MSE: 0.61624253 	 Best VMSE: 0.56942326
[2020-10-23 11:01:27] esmCNN.cv0: Checkpoint saved to experiments/normal/sili/esmCNN_random_sili_h4
[2020-10-23 11:01:27] esmCNN.cv0: Find channel with Kernel size: 8 	 Lambda: 0.5: 	 Best Score: 0.1362
[2020-10-23 11:01:27] esmCNN.cv0: Channel size: 70 	 Kernel size: 8 
Training MSE: 0.13623491 	 Validating MSE: 0.61169451 	 Best VMSE: 0.56942326
[2020-10-23 11:01:27] esmCNN.cv0: Checkpoint saved to experiments/normal/sili/esmCNN_random_sili_h4
[2020-10-23 11:01:28] esmCNN.cv0: Find channel with Kernel size: 6 	 Lambda: 0.5: 	 Best Score: 0.1360
[2020-10-23 11:01:28] esmCNN.cv0: Channel size: 71 	 Kernel size: 6 
Training MSE: 0.13596897 	 Validating MSE: 0.62179083 	 Best VMSE: 0.56942326
[2020-10-23 11:01:28] esmCNN.cv0: Checkpoint saved to experiments/normal/sili/esmCNN_random_sili_h4
[2020-10-23 11:01:28] esmCNN.cv0: Find channel with Kernel size: 5 	 Lambda: 0.5: 	 Best Score: 0.1358
[2020-10-23 11:01:28] esmCNN.cv0: Channel size: 72 	 Kernel size: 5 
Training MSE: 0.13582595 	 Validating MSE: 0.62383008 	 Best VMSE: 0.56942326
[2020-10-23 11:01:28] esmCNN.cv0: Checkpoint saved to experiments/normal/sili/esmCNN_random_sili_h4
[2020-10-23 11:01:28] esmCNN.cv0: Find channel with Kernel size: 5 	 Lambda: 0.5: 	 Best Score: 0.1355
[2020-10-23 11:01:28] esmCNN.cv0: Channel size: 73 	 Kernel size: 5 
Training MSE: 0.13551581 	 Validating MSE: 0.62184256 	 Best VMSE: 0.56942326
[2020-10-23 11:01:28] esmCNN.cv0: Checkpoint saved to experiments/normal/sili/esmCNN_random_sili_h4
[2020-10-23 11:01:28] esmCNN.cv0: Find channel with Kernel size: 6 	 Lambda: 0.5: 	 Best Score: 0.1352
[2020-10-23 11:01:28] esmCNN.cv0: Channel size: 74 	 Kernel size: 6 
Training MSE: 0.13520379 	 Validating MSE: 0.61986834 	 Best VMSE: 0.56942326
[2020-10-23 11:01:28] esmCNN.cv0: Checkpoint saved to experiments/normal/sili/esmCNN_random_sili_h4
[2020-10-23 11:01:28] esmCNN.cv0: Find channel with Kernel size: 4 	 Lambda: 0.5: 	 Best Score: 0.1351
[2020-10-23 11:01:28] esmCNN.cv0: Channel size: 75 	 Kernel size: 4 
Training MSE: 0.13512635 	 Validating MSE: 0.62150991 	 Best VMSE: 0.56942326
[2020-10-23 11:01:28] esmCNN.cv0: Checkpoint saved to experiments/normal/sili/esmCNN_random_sili_h4
[2020-10-23 11:01:28] esmCNN.cv0: Find channel with Kernel size: 6 	 Lambda: 0.5: 	 Best Score: 0.1351
[2020-10-23 11:01:28] esmCNN.cv0: Channel size: 76 	 Kernel size: 6 
Training MSE: 0.13506128 	 Validating MSE: 0.62140960 	 Best VMSE: 0.56942326
[2020-10-23 11:01:28] esmCNN.cv0: Checkpoint saved to experiments/normal/sili/esmCNN_random_sili_h4
[2020-10-23 11:01:28] esmCNN.cv0: Find channel with Kernel size: 8 	 Lambda: 0.5: 	 Best Score: 0.1349
[2020-10-23 11:01:28] esmCNN.cv0: Channel size: 77 	 Kernel size: 8 
Training MSE: 0.13493598 	 Validating MSE: 0.62109500 	 Best VMSE: 0.56942326
[2020-10-23 11:01:28] esmCNN.cv0: Checkpoint saved to experiments/normal/sili/esmCNN_random_sili_h4
[2020-10-23 11:01:28] esmCNN.cv0: Find channel with Kernel size: 8 	 Lambda: 0.5: 	 Best Score: 0.1346
[2020-10-23 11:01:28] esmCNN.cv0: Channel size: 78 	 Kernel size: 8 
Training MSE: 0.13462707 	 Validating MSE: 0.63071269 	 Best VMSE: 0.56942326
[2020-10-23 11:01:28] esmCNN.cv0: Checkpoint saved to experiments/normal/sili/esmCNN_random_sili_h4
[2020-10-23 11:01:28] esmCNN.cv0: Find channel with Kernel size: 4 	 Lambda: 0.5: 	 Best Score: 0.1343
[2020-10-23 11:01:28] esmCNN.cv0: Channel size: 79 	 Kernel size: 4 
Training MSE: 0.13425833 	 Validating MSE: 0.63244867 	 Best VMSE: 0.56942326
[2020-10-23 11:01:28] esmCNN.cv0: Checkpoint saved to experiments/normal/sili/esmCNN_random_sili_h4
[2020-10-23 11:01:28] esmCNN.cv0: Find channel with Kernel size: 4 	 Lambda: 0.5: 	 Best Score: 0.1342
[2020-10-23 11:01:28] esmCNN.cv0: Channel size: 80 	 Kernel size: 4 
Training MSE: 0.13421956 	 Validating MSE: 0.63153911 	 Best VMSE: 0.56942326
[2020-10-23 11:01:28] esmCNN.cv0: Checkpoint saved to experiments/normal/sili/esmCNN_random_sili_h4
[2020-10-23 11:01:28] esmCNN.cv0: Find channel with Kernel size: 8 	 Lambda: 0.5: 	 Best Score: 0.1341
[2020-10-23 11:01:28] esmCNN.cv0: Channel size: 81 	 Kernel size: 8 
Training MSE: 0.13414511 	 Validating MSE: 0.63491094 	 Best VMSE: 0.56942326
[2020-10-23 11:01:28] esmCNN.cv0: Checkpoint saved to experiments/normal/sili/esmCNN_random_sili_h4
[2020-10-23 11:01:29] esmCNN.cv0: Find channel with Kernel size: 5 	 Lambda: 0.5: 	 Best Score: 0.1340
[2020-10-23 11:01:29] esmCNN.cv0: Channel size: 82 	 Kernel size: 5 
Training MSE: 0.13395941 	 Validating MSE: 0.62849796 	 Best VMSE: 0.56942326
[2020-10-23 11:01:29] esmCNN.cv0: Checkpoint saved to experiments/normal/sili/esmCNN_random_sili_h4
[2020-10-23 11:01:29] esmCNN.cv0: Find channel with Kernel size: 5 	 Lambda: 0.5: 	 Best Score: 0.1338
[2020-10-23 11:01:29] esmCNN.cv0: Channel size: 83 	 Kernel size: 5 
Training MSE: 0.13380721 	 Validating MSE: 0.62737006 	 Best VMSE: 0.56942326
[2020-10-23 11:01:29] esmCNN.cv0: Checkpoint saved to experiments/normal/sili/esmCNN_random_sili_h4
[2020-10-23 11:01:29] esmCNN.cv0: Find channel with Kernel size: 5 	 Lambda: 0.5: 	 Best Score: 0.1336
[2020-10-23 11:01:29] esmCNN.cv0: Channel size: 84 	 Kernel size: 5 
Training MSE: 0.13363567 	 Validating MSE: 0.62276065 	 Best VMSE: 0.56942326
[2020-10-23 11:01:29] esmCNN.cv0: Checkpoint saved to experiments/normal/sili/esmCNN_random_sili_h4
[2020-10-23 11:01:29] esmCNN.cv0: Find channel with Kernel size: 4 	 Lambda: 0.5: 	 Best Score: 0.1324
[2020-10-23 11:01:29] esmCNN.cv0: Channel size: 85 	 Kernel size: 4 
Training MSE: 0.13242666 	 Validating MSE: 0.62269473 	 Best VMSE: 0.56942326
[2020-10-23 11:01:29] esmCNN.cv0: Checkpoint saved to experiments/normal/sili/esmCNN_random_sili_h4
[2020-10-23 11:01:29] esmCNN.cv0: Find channel with Kernel size: 6 	 Lambda: 0.5: 	 Best Score: 0.1319
[2020-10-23 11:01:29] esmCNN.cv0: Channel size: 86 	 Kernel size: 6 
Training MSE: 0.13187660 	 Validating MSE: 0.61774367 	 Best VMSE: 0.56942326
[2020-10-23 11:01:29] esmCNN.cv0: Checkpoint saved to experiments/normal/sili/esmCNN_random_sili_h4
[2020-10-23 11:01:29] esmCNN.cv0: Find channel with Kernel size: 5 	 Lambda: 0.5: 	 Best Score: 0.1317
[2020-10-23 11:01:29] esmCNN.cv0: Channel size: 87 	 Kernel size: 5 
Training MSE: 0.13169326 	 Validating MSE: 0.61562043 	 Best VMSE: 0.56942326
[2020-10-23 11:01:29] esmCNN.cv0: Checkpoint saved to experiments/normal/sili/esmCNN_random_sili_h4
[2020-10-23 11:01:29] esmCNN.cv0: Find channel with Kernel size: 4 	 Lambda: 0.5: 	 Best Score: 0.1314
[2020-10-23 11:01:29] esmCNN.cv0: Channel size: 88 	 Kernel size: 4 
Training MSE: 0.13144793 	 Validating MSE: 0.62472367 	 Best VMSE: 0.56942326
[2020-10-23 11:01:29] esmCNN.cv0: Checkpoint saved to experiments/normal/sili/esmCNN_random_sili_h4
[2020-10-23 11:01:29] esmCNN.cv0: Find channel with Kernel size: 8 	 Lambda: 0.5: 	 Best Score: 0.1312
[2020-10-23 11:01:29] esmCNN.cv0: Channel size: 89 	 Kernel size: 8 
Training MSE: 0.13121502 	 Validating MSE: 0.63505006 	 Best VMSE: 0.56942326
[2020-10-23 11:01:29] esmCNN.cv0: Checkpoint saved to experiments/normal/sili/esmCNN_random_sili_h4
[2020-10-23 11:01:29] esmCNN.cv0: Find channel with Kernel size: 4 	 Lambda: 0.5: 	 Best Score: 0.1308
[2020-10-23 11:01:29] esmCNN.cv0: Channel size: 90 	 Kernel size: 4 
Training MSE: 0.13078508 	 Validating MSE: 0.62776059 	 Best VMSE: 0.56942326
[2020-10-23 11:01:29] esmCNN.cv0: Checkpoint saved to experiments/normal/sili/esmCNN_random_sili_h4
[2020-10-23 11:01:29] esmCNN.cv0: Find channel with Kernel size: 6 	 Lambda: 0.5: 	 Best Score: 0.1305
[2020-10-23 11:01:29] esmCNN.cv0: Channel size: 91 	 Kernel size: 6 
Training MSE: 0.13051087 	 Validating MSE: 0.63483757 	 Best VMSE: 0.56942326
[2020-10-23 11:01:29] esmCNN.cv0: Checkpoint saved to experiments/normal/sili/esmCNN_random_sili_h4
[2020-10-23 11:01:30] esmCNN.cv0: Find channel with Kernel size: 8 	 Lambda: 0.5: 	 Best Score: 0.1300
[2020-10-23 11:01:30] esmCNN.cv0: Channel size: 92 	 Kernel size: 8 
Training MSE: 0.13004708 	 Validating MSE: 0.62006617 	 Best VMSE: 0.56942326
[2020-10-23 11:01:30] esmCNN.cv0: Checkpoint saved to experiments/normal/sili/esmCNN_random_sili_h4
[2020-10-23 11:01:30] esmCNN.cv0: Find channel with Kernel size: 4 	 Lambda: 0.5: 	 Best Score: 0.1296
[2020-10-23 11:01:30] esmCNN.cv0: Channel size: 93 	 Kernel size: 4 
Training MSE: 0.12956983 	 Validating MSE: 0.62829995 	 Best VMSE: 0.56942326
[2020-10-23 11:01:30] esmCNN.cv0: Checkpoint saved to experiments/normal/sili/esmCNN_random_sili_h4
[2020-10-23 11:01:30] esmCNN.cv0: Find channel with Kernel size: 6 	 Lambda: 0.5: 	 Best Score: 0.1292
[2020-10-23 11:01:30] esmCNN.cv0: Channel size: 94 	 Kernel size: 6 
Training MSE: 0.12922621 	 Validating MSE: 0.63682103 	 Best VMSE: 0.56942326
[2020-10-23 11:01:30] esmCNN.cv0: Checkpoint saved to experiments/normal/sili/esmCNN_random_sili_h4
[2020-10-23 11:01:30] esmCNN.cv0: Find channel with Kernel size: 4 	 Lambda: 0.5: 	 Best Score: 0.1290
[2020-10-23 11:01:30] esmCNN.cv0: Channel size: 95 	 Kernel size: 4 
Training MSE: 0.12900828 	 Validating MSE: 0.64076841 	 Best VMSE: 0.56942326
[2020-10-23 11:01:30] esmCNN.cv0: Checkpoint saved to experiments/normal/sili/esmCNN_random_sili_h4
[2020-10-23 11:01:30] esmCNN.cv0: Find channel with Kernel size: 5 	 Lambda: 0.5: 	 Best Score: 0.1290
[2020-10-23 11:01:30] esmCNN.cv0: Channel size: 96 	 Kernel size: 5 
Training MSE: 0.12897074 	 Validating MSE: 0.63751346 	 Best VMSE: 0.56942326
[2020-10-23 11:01:30] esmCNN.cv0: Checkpoint saved to experiments/normal/sili/esmCNN_random_sili_h4
[2020-10-23 11:01:30] esmCNN.cv0: Find channel with Kernel size: 5 	 Lambda: 0.5: 	 Best Score: 0.1289
[2020-10-23 11:01:30] esmCNN.cv0: Channel size: 97 	 Kernel size: 5 
Training MSE: 0.12889063 	 Validating MSE: 0.64032257 	 Best VMSE: 0.56942326
[2020-10-23 11:01:30] esmCNN.cv0: Checkpoint saved to experiments/normal/sili/esmCNN_random_sili_h4
[2020-10-23 11:01:30] esmCNN.cv0: Find channel with Kernel size: 4 	 Lambda: 0.5: 	 Best Score: 0.1288
[2020-10-23 11:01:30] esmCNN.cv0: Channel size: 98 	 Kernel size: 4 
Training MSE: 0.12880369 	 Validating MSE: 0.64313924 	 Best VMSE: 0.56942326
[2020-10-23 11:01:30] esmCNN.cv0: Checkpoint saved to experiments/normal/sili/esmCNN_random_sili_h4
[2020-10-23 11:01:30] esmCNN.cv0: Find channel with Kernel size: 6 	 Lambda: 0.5: 	 Best Score: 0.1287
[2020-10-23 11:01:30] esmCNN.cv0: Channel size: 99 	 Kernel size: 6 
Training MSE: 0.12873766 	 Validating MSE: 0.64202875 	 Best VMSE: 0.56942326
[2020-10-23 11:01:30] esmCNN.cv0: Checkpoint saved to experiments/normal/sili/esmCNN_random_sili_h4
[2020-10-23 11:01:30] esmCNN.cv0: Find channel with Kernel size: 8 	 Lambda: 0.5: 	 Best Score: 0.1283
[2020-10-23 11:01:30] esmCNN.cv0: Channel size: 100 	 Kernel size: 8 
Training MSE: 0.12833270 	 Validating MSE: 0.65152061 	 Best VMSE: 0.56942326
[2020-10-23 11:01:30] esmCNN.cv0: Checkpoint saved to experiments/normal/sili/esmCNN_random_sili_h4
[2020-10-23 11:01:31] esmCNN.cv0: Restoring best parameters from experiments/normal/sili/esmCNN_random_sili_h4/train.cv0.pth.tar
[2020-10-23 11:01:31] esmCNN.cv0: sili	 H: 4	 Trail: 2 
Testing RMSE: 0.802 	 MAPE: 0.1198 	 SMAPE: 0.06401
