[2020-10-23 11:07:42] esmCNN.cv16: Loading the datasets and model for 54th-batch-training
[2020-10-23 11:07:42] esmCNN.cv16: Argument channel_size: 100
[2020-10-23 11:07:42] esmCNN.cv16: Argument candidate_size: 300
[2020-10-23 11:07:42] esmCNN.cv16: Argument kernel_size: 6
[2020-10-23 11:07:42] esmCNN.cv16: Argument kernel_list: [8, 6, 5, 4]
[2020-10-23 11:07:42] esmCNN.cv16: Argument Lambdas: [0.5, 1, 5, 15, 30, 50, 100, 150, 200]
[2020-10-23 11:07:42] esmCNN.cv16: Argument Lambdas_std: [0.01, 0.05, 0.1, 0.5, 1]
[2020-10-23 11:07:42] esmCNN.cv16: Argument r: [0.8, 0.9, 0.99, 0.9999, 0.999999]
[2020-10-23 11:07:42] esmCNN.cv16: Argument tolerance: 0
[2020-10-23 11:07:42] esmCNN.cv16: Argument device: device(type='cuda')
[2020-10-23 11:07:42] esmCNN.cv16: Argument dataset: 'sili'
[2020-10-23 11:07:42] esmCNN.cv16: Argument H: 4
[2020-10-23 11:07:42] esmCNN.cv16: Argument k: 5
[2020-10-23 11:07:42] esmCNN.cv16: Argument test: False
[2020-10-23 11:07:42] esmCNN.cv16: Argument search: 'random'
[2020-10-23 11:07:42] esmCNN.cv16: Argument normal: True
[2020-10-23 11:07:42] esmCNN.cv16: Argument diff: False
[2020-10-23 11:07:42] esmCNN.cv16: Argument times: 60
[2020-10-23 11:07:42] esmCNN.cv16: Argument datasets: {'ar1': {'lag_order': 15, 'normal': True, 'cov_dim': 0, 'kernel_size': 3}, 'wti': {'lag_order': 25, 'normal': True, 'cov_dim': 0, 'kernel_size': 5}, 'gold': {'lag_order': 25, 'normal': True, 'cov_dim': 0, 'kernel_size': 5}, 'sp': {'lag_order': 25, 'normal': True, 'cov_dim': 0, 'kernel_size': 5}, 'brent': {'lag_order': 24, 'normal': True, 'cov_dim': 0, 'kernel_size': 6}, 'sili': {'lag_order': 26, 'normal': True, 'cov_dim': 0, 'kernel_size': 6}}
[2020-10-23 11:07:42] esmCNN.cv16: Argument steps: 26
[2020-10-23 11:07:42] esmCNN.cv16: Argument cov_dim: 0
[2020-10-23 11:07:42] esmCNN.cv16: Argument experiment: 'experiments/normal/sili'
[2020-10-23 11:07:42] esmCNN.cv16: Argument scaler: StandardScaler()
[2020-10-23 11:07:42] esmCNN.cv16: Argument model_name: 'esmCNN_random_sili_h4'
[2020-10-23 11:07:42] esmCNN.cv16: Argument model_dir: 'experiments/normal/sili/esmCNN_random_sili_h4'
[2020-10-23 11:07:42] esmCNN.cv16: Argument In_channels: 1
[2020-10-23 11:07:42] esmCNN.cv16: Argument restore: True
[2020-10-23 11:07:42] esmCNN.cv16: Argument cv: 16
[2020-10-23 11:07:42] esmCNN.cv16: Argument plot_dir: 'experiments/normal/sili/esmCNN_random_sili_h4/figures'
[2020-10-23 11:07:42] esmCNN.cv16: Argument num_process: 8
[2020-10-23 11:07:42] esmCNN.cv16: Using Cuda...
[2020-10-23 11:07:42] esmCNN.cv16: Loading complete.
[2020-10-23 11:07:42] esmCNN.cv16: Model: 
ESM_CNN(
  (Pool): AvgPool1d(kernel_size=(3,), stride=(1,), padding=(0,))
  (loss_fn): MSELoss()
)
[2020-10-23 11:07:42] esmCNN.cv16: Found new best state
[2020-10-23 11:07:42] esmCNN.cv16: Best vmse: 0.9175
[2020-10-23 11:07:42] esmCNN.cv16: Channel size: 1 	 Kernel size: 6 
Training MSE: 0.22877164 	 Validating MSE: 0.91752428 	 Best VMSE: 0.91752428
[2020-10-23 11:07:42] esmCNN.cv16: Checkpoint saved to experiments/normal/sili/esmCNN_random_sili_h4
[2020-10-23 11:07:42] esmCNN.cv16: Find channel with Kernel size: 6 	 Lambda: 0.5: 	 Best Score: 0.1812
[2020-10-23 11:07:42] esmCNN.cv16: Found new best state
[2020-10-23 11:07:42] esmCNN.cv16: Best vmse: 0.6966
[2020-10-23 11:07:42] esmCNN.cv16: Channel size: 2 	 Kernel size: 6 
Training MSE: 0.18118116 	 Validating MSE: 0.69661254 	 Best VMSE: 0.69661254
[2020-10-23 11:07:42] esmCNN.cv16: Checkpoint saved to experiments/normal/sili/esmCNN_random_sili_h4
[2020-10-23 11:07:42] esmCNN.cv16: Find channel with Kernel size: 4 	 Lambda: 0.5: 	 Best Score: 0.1688
[2020-10-23 11:07:42] esmCNN.cv16: Found new best state
[2020-10-23 11:07:42] esmCNN.cv16: Best vmse: 0.6044
[2020-10-23 11:07:42] esmCNN.cv16: Channel size: 3 	 Kernel size: 4 
Training MSE: 0.16881788 	 Validating MSE: 0.60437709 	 Best VMSE: 0.60437709
[2020-10-23 11:07:42] esmCNN.cv16: Checkpoint saved to experiments/normal/sili/esmCNN_random_sili_h4
[2020-10-23 11:07:42] esmCNN.cv16: Find channel with Kernel size: 8 	 Lambda: 0.5: 	 Best Score: 0.1639
[2020-10-23 11:07:42] esmCNN.cv16: Found new best state
[2020-10-23 11:07:42] esmCNN.cv16: Best vmse: 0.5861
[2020-10-23 11:07:42] esmCNN.cv16: Channel size: 4 	 Kernel size: 8 
Training MSE: 0.16392913 	 Validating MSE: 0.58609629 	 Best VMSE: 0.58609629
[2020-10-23 11:07:42] esmCNN.cv16: Checkpoint saved to experiments/normal/sili/esmCNN_random_sili_h4
[2020-10-23 11:07:42] esmCNN.cv16: Find channel with Kernel size: 4 	 Lambda: 0.5: 	 Best Score: 0.1622
[2020-10-23 11:07:42] esmCNN.cv16: Found new best state
[2020-10-23 11:07:42] esmCNN.cv16: Best vmse: 0.5755
[2020-10-23 11:07:42] esmCNN.cv16: Channel size: 5 	 Kernel size: 4 
Training MSE: 0.16215104 	 Validating MSE: 0.57546604 	 Best VMSE: 0.57546604
[2020-10-23 11:07:42] esmCNN.cv16: Checkpoint saved to experiments/normal/sili/esmCNN_random_sili_h4
[2020-10-23 11:07:42] esmCNN.cv16: Find channel with Kernel size: 6 	 Lambda: 0.5: 	 Best Score: 0.1603
[2020-10-23 11:07:42] esmCNN.cv16: Channel size: 6 	 Kernel size: 6 
Training MSE: 0.16031195 	 Validating MSE: 0.57680768 	 Best VMSE: 0.57546604
[2020-10-23 11:07:42] esmCNN.cv16: Checkpoint saved to experiments/normal/sili/esmCNN_random_sili_h4
[2020-10-23 11:07:42] esmCNN.cv16: Find channel with Kernel size: 4 	 Lambda: 0.5: 	 Best Score: 0.1581
[2020-10-23 11:07:42] esmCNN.cv16: Channel size: 7 	 Kernel size: 4 
Training MSE: 0.15812528 	 Validating MSE: 0.58157784 	 Best VMSE: 0.57546604
[2020-10-23 11:07:42] esmCNN.cv16: Checkpoint saved to experiments/normal/sili/esmCNN_random_sili_h4
[2020-10-23 11:07:42] esmCNN.cv16: Find channel with Kernel size: 8 	 Lambda: 0.5: 	 Best Score: 0.1576
[2020-10-23 11:07:42] esmCNN.cv16: Found new best state
[2020-10-23 11:07:42] esmCNN.cv16: Best vmse: 0.5690
[2020-10-23 11:07:42] esmCNN.cv16: Channel size: 8 	 Kernel size: 8 
Training MSE: 0.15756419 	 Validating MSE: 0.56904781 	 Best VMSE: 0.56904781
[2020-10-23 11:07:42] esmCNN.cv16: Checkpoint saved to experiments/normal/sili/esmCNN_random_sili_h4
[2020-10-23 11:07:43] esmCNN.cv16: Find channel with Kernel size: 4 	 Lambda: 0.5: 	 Best Score: 0.1571
[2020-10-23 11:07:43] esmCNN.cv16: Channel size: 9 	 Kernel size: 4 
Training MSE: 0.15709782 	 Validating MSE: 0.57386446 	 Best VMSE: 0.56904781
[2020-10-23 11:07:43] esmCNN.cv16: Checkpoint saved to experiments/normal/sili/esmCNN_random_sili_h4
[2020-10-23 11:07:43] esmCNN.cv16: Find channel with Kernel size: 4 	 Lambda: 0.5: 	 Best Score: 0.1566
[2020-10-23 11:07:43] esmCNN.cv16: Channel size: 10 	 Kernel size: 4 
Training MSE: 0.15658471 	 Validating MSE: 0.57851624 	 Best VMSE: 0.56904781
[2020-10-23 11:07:43] esmCNN.cv16: Checkpoint saved to experiments/normal/sili/esmCNN_random_sili_h4
[2020-10-23 11:07:43] esmCNN.cv16: Find channel with Kernel size: 5 	 Lambda: 0.5: 	 Best Score: 0.1565
[2020-10-23 11:07:43] esmCNN.cv16: Channel size: 11 	 Kernel size: 5 
Training MSE: 0.15651546 	 Validating MSE: 0.57525504 	 Best VMSE: 0.56904781
[2020-10-23 11:07:43] esmCNN.cv16: Checkpoint saved to experiments/normal/sili/esmCNN_random_sili_h4
[2020-10-23 11:07:43] esmCNN.cv16: Find channel with Kernel size: 6 	 Lambda: 0.5: 	 Best Score: 0.1560
[2020-10-23 11:07:43] esmCNN.cv16: Channel size: 12 	 Kernel size: 6 
Training MSE: 0.15597600 	 Validating MSE: 0.57498848 	 Best VMSE: 0.56904781
[2020-10-23 11:07:43] esmCNN.cv16: Checkpoint saved to experiments/normal/sili/esmCNN_random_sili_h4
[2020-10-23 11:07:43] esmCNN.cv16: Find channel with Kernel size: 4 	 Lambda: 0.5: 	 Best Score: 0.1557
[2020-10-23 11:07:43] esmCNN.cv16: Channel size: 13 	 Kernel size: 4 
Training MSE: 0.15569894 	 Validating MSE: 0.57901031 	 Best VMSE: 0.56904781
[2020-10-23 11:07:43] esmCNN.cv16: Checkpoint saved to experiments/normal/sili/esmCNN_random_sili_h4
[2020-10-23 11:07:43] esmCNN.cv16: Find channel with Kernel size: 8 	 Lambda: 0.5: 	 Best Score: 0.1554
[2020-10-23 11:07:43] esmCNN.cv16: Channel size: 14 	 Kernel size: 8 
Training MSE: 0.15541621 	 Validating MSE: 0.58409232 	 Best VMSE: 0.56904781
[2020-10-23 11:07:43] esmCNN.cv16: Checkpoint saved to experiments/normal/sili/esmCNN_random_sili_h4
[2020-10-23 11:07:43] esmCNN.cv16: Find channel with Kernel size: 8 	 Lambda: 0.5: 	 Best Score: 0.1551
[2020-10-23 11:07:43] esmCNN.cv16: Channel size: 15 	 Kernel size: 8 
Training MSE: 0.15505698 	 Validating MSE: 0.58383757 	 Best VMSE: 0.56904781
[2020-10-23 11:07:43] esmCNN.cv16: Checkpoint saved to experiments/normal/sili/esmCNN_random_sili_h4
[2020-10-23 11:07:43] esmCNN.cv16: Find channel with Kernel size: 5 	 Lambda: 0.5: 	 Best Score: 0.1548
[2020-10-23 11:07:43] esmCNN.cv16: Channel size: 16 	 Kernel size: 5 
Training MSE: 0.15482062 	 Validating MSE: 0.58348471 	 Best VMSE: 0.56904781
[2020-10-23 11:07:43] esmCNN.cv16: Checkpoint saved to experiments/normal/sili/esmCNN_random_sili_h4
[2020-10-23 11:07:43] esmCNN.cv16: Find channel with Kernel size: 5 	 Lambda: 0.5: 	 Best Score: 0.1541
[2020-10-23 11:07:43] esmCNN.cv16: Channel size: 17 	 Kernel size: 5 
Training MSE: 0.15405050 	 Validating MSE: 0.57867062 	 Best VMSE: 0.56904781
[2020-10-23 11:07:43] esmCNN.cv16: Checkpoint saved to experiments/normal/sili/esmCNN_random_sili_h4
[2020-10-23 11:07:43] esmCNN.cv16: Find channel with Kernel size: 5 	 Lambda: 0.5: 	 Best Score: 0.1534
[2020-10-23 11:07:43] esmCNN.cv16: Channel size: 18 	 Kernel size: 5 
Training MSE: 0.15338422 	 Validating MSE: 0.58942604 	 Best VMSE: 0.56904781
[2020-10-23 11:07:43] esmCNN.cv16: Checkpoint saved to experiments/normal/sili/esmCNN_random_sili_h4
[2020-10-23 11:07:43] esmCNN.cv16: Find channel with Kernel size: 8 	 Lambda: 0.5: 	 Best Score: 0.1530
[2020-10-23 11:07:43] esmCNN.cv16: Channel size: 19 	 Kernel size: 8 
Training MSE: 0.15302604 	 Validating MSE: 0.58019507 	 Best VMSE: 0.56904781
[2020-10-23 11:07:43] esmCNN.cv16: Checkpoint saved to experiments/normal/sili/esmCNN_random_sili_h4
[2020-10-23 11:07:43] esmCNN.cv16: Find channel with Kernel size: 6 	 Lambda: 0.5: 	 Best Score: 0.1527
[2020-10-23 11:07:43] esmCNN.cv16: Channel size: 20 	 Kernel size: 6 
Training MSE: 0.15268058 	 Validating MSE: 0.57879657 	 Best VMSE: 0.56904781
[2020-10-23 11:07:43] esmCNN.cv16: Checkpoint saved to experiments/normal/sili/esmCNN_random_sili_h4
[2020-10-23 11:07:43] esmCNN.cv16: Find channel with Kernel size: 4 	 Lambda: 0.5: 	 Best Score: 0.1525
[2020-10-23 11:07:43] esmCNN.cv16: Channel size: 21 	 Kernel size: 4 
Training MSE: 0.15247366 	 Validating MSE: 0.58216310 	 Best VMSE: 0.56904781
[2020-10-23 11:07:43] esmCNN.cv16: Checkpoint saved to experiments/normal/sili/esmCNN_random_sili_h4
[2020-10-23 11:07:43] esmCNN.cv16: Find channel with Kernel size: 5 	 Lambda: 0.5: 	 Best Score: 0.1522
[2020-10-23 11:07:43] esmCNN.cv16: Channel size: 22 	 Kernel size: 5 
Training MSE: 0.15224972 	 Validating MSE: 0.58502626 	 Best VMSE: 0.56904781
[2020-10-23 11:07:43] esmCNN.cv16: Checkpoint saved to experiments/normal/sili/esmCNN_random_sili_h4
[2020-10-23 11:07:43] esmCNN.cv16: Find channel with Kernel size: 4 	 Lambda: 0.5: 	 Best Score: 0.1519
[2020-10-23 11:07:43] esmCNN.cv16: Channel size: 23 	 Kernel size: 4 
Training MSE: 0.15194316 	 Validating MSE: 0.58102632 	 Best VMSE: 0.56904781
[2020-10-23 11:07:43] esmCNN.cv16: Checkpoint saved to experiments/normal/sili/esmCNN_random_sili_h4
[2020-10-23 11:07:43] esmCNN.cv16: Find channel with Kernel size: 4 	 Lambda: 0.5: 	 Best Score: 0.1518
[2020-10-23 11:07:43] esmCNN.cv16: Channel size: 24 	 Kernel size: 4 
Training MSE: 0.15175126 	 Validating MSE: 0.58182794 	 Best VMSE: 0.56904781
[2020-10-23 11:07:43] esmCNN.cv16: Checkpoint saved to experiments/normal/sili/esmCNN_random_sili_h4
[2020-10-23 11:07:43] esmCNN.cv16: Find channel with Kernel size: 6 	 Lambda: 0.5: 	 Best Score: 0.1510
[2020-10-23 11:07:43] esmCNN.cv16: Found new best state
[2020-10-23 11:07:43] esmCNN.cv16: Best vmse: 0.5640
[2020-10-23 11:07:43] esmCNN.cv16: Channel size: 25 	 Kernel size: 6 
Training MSE: 0.15104572 	 Validating MSE: 0.56397462 	 Best VMSE: 0.56397462
[2020-10-23 11:07:43] esmCNN.cv16: Checkpoint saved to experiments/normal/sili/esmCNN_random_sili_h4
[2020-10-23 11:07:43] esmCNN.cv16: Find channel with Kernel size: 4 	 Lambda: 0.5: 	 Best Score: 0.1503
[2020-10-23 11:07:43] esmCNN.cv16: Channel size: 26 	 Kernel size: 4 
Training MSE: 0.15027025 	 Validating MSE: 0.57430172 	 Best VMSE: 0.56397462
[2020-10-23 11:07:43] esmCNN.cv16: Checkpoint saved to experiments/normal/sili/esmCNN_random_sili_h4
[2020-10-23 11:07:43] esmCNN.cv16: Find channel with Kernel size: 6 	 Lambda: 0.5: 	 Best Score: 0.1501
[2020-10-23 11:07:43] esmCNN.cv16: Channel size: 27 	 Kernel size: 6 
Training MSE: 0.15014924 	 Validating MSE: 0.57156837 	 Best VMSE: 0.56397462
[2020-10-23 11:07:43] esmCNN.cv16: Checkpoint saved to experiments/normal/sili/esmCNN_random_sili_h4
[2020-10-23 11:07:43] esmCNN.cv16: Find channel with Kernel size: 4 	 Lambda: 0.5: 	 Best Score: 0.1498
[2020-10-23 11:07:43] esmCNN.cv16: Channel size: 28 	 Kernel size: 4 
Training MSE: 0.14975646 	 Validating MSE: 0.56947047 	 Best VMSE: 0.56397462
[2020-10-23 11:07:43] esmCNN.cv16: Checkpoint saved to experiments/normal/sili/esmCNN_random_sili_h4
[2020-10-23 11:07:43] esmCNN.cv16: Find channel with Kernel size: 6 	 Lambda: 0.5: 	 Best Score: 0.1496
[2020-10-23 11:07:44] esmCNN.cv16: Channel size: 29 	 Kernel size: 6 
Training MSE: 0.14958133 	 Validating MSE: 0.57249010 	 Best VMSE: 0.56397462
[2020-10-23 11:07:44] esmCNN.cv16: Checkpoint saved to experiments/normal/sili/esmCNN_random_sili_h4
[2020-10-23 11:07:44] esmCNN.cv16: Find channel with Kernel size: 6 	 Lambda: 0.5: 	 Best Score: 0.1492
[2020-10-23 11:07:44] esmCNN.cv16: Channel size: 30 	 Kernel size: 6 
Training MSE: 0.14921977 	 Validating MSE: 0.57368904 	 Best VMSE: 0.56397462
[2020-10-23 11:07:44] esmCNN.cv16: Checkpoint saved to experiments/normal/sili/esmCNN_random_sili_h4
[2020-10-23 11:07:44] esmCNN.cv16: Find channel with Kernel size: 4 	 Lambda: 0.5: 	 Best Score: 0.1490
[2020-10-23 11:07:44] esmCNN.cv16: Channel size: 31 	 Kernel size: 4 
Training MSE: 0.14896925 	 Validating MSE: 0.57805234 	 Best VMSE: 0.56397462
[2020-10-23 11:07:44] esmCNN.cv16: Checkpoint saved to experiments/normal/sili/esmCNN_random_sili_h4
[2020-10-23 11:07:44] esmCNN.cv16: Find channel with Kernel size: 8 	 Lambda: 0.5: 	 Best Score: 0.1484
[2020-10-23 11:07:44] esmCNN.cv16: Channel size: 32 	 Kernel size: 8 
Training MSE: 0.14843293 	 Validating MSE: 0.57684094 	 Best VMSE: 0.56397462
[2020-10-23 11:07:44] esmCNN.cv16: Checkpoint saved to experiments/normal/sili/esmCNN_random_sili_h4
[2020-10-23 11:07:44] esmCNN.cv16: Find channel with Kernel size: 4 	 Lambda: 0.5: 	 Best Score: 0.1479
[2020-10-23 11:07:44] esmCNN.cv16: Channel size: 33 	 Kernel size: 4 
Training MSE: 0.14792940 	 Validating MSE: 0.57585496 	 Best VMSE: 0.56397462
[2020-10-23 11:07:44] esmCNN.cv16: Checkpoint saved to experiments/normal/sili/esmCNN_random_sili_h4
[2020-10-23 11:07:44] esmCNN.cv16: Find channel with Kernel size: 5 	 Lambda: 0.5: 	 Best Score: 0.1474
[2020-10-23 11:07:44] esmCNN.cv16: Found new best state
[2020-10-23 11:07:44] esmCNN.cv16: Best vmse: 0.5628
[2020-10-23 11:07:44] esmCNN.cv16: Channel size: 34 	 Kernel size: 5 
Training MSE: 0.14739500 	 Validating MSE: 0.56283987 	 Best VMSE: 0.56283987
[2020-10-23 11:07:44] esmCNN.cv16: Checkpoint saved to experiments/normal/sili/esmCNN_random_sili_h4
[2020-10-23 11:07:44] esmCNN.cv16: Find channel with Kernel size: 8 	 Lambda: 0.5: 	 Best Score: 0.1465
[2020-10-23 11:07:44] esmCNN.cv16: Channel size: 35 	 Kernel size: 8 
Training MSE: 0.14649051 	 Validating MSE: 0.56324607 	 Best VMSE: 0.56283987
[2020-10-23 11:07:44] esmCNN.cv16: Checkpoint saved to experiments/normal/sili/esmCNN_random_sili_h4
[2020-10-23 11:07:44] esmCNN.cv16: Find channel with Kernel size: 4 	 Lambda: 0.5: 	 Best Score: 0.1458
[2020-10-23 11:07:44] esmCNN.cv16: Channel size: 36 	 Kernel size: 4 
Training MSE: 0.14584041 	 Validating MSE: 0.57177138 	 Best VMSE: 0.56283987
[2020-10-23 11:07:44] esmCNN.cv16: Checkpoint saved to experiments/normal/sili/esmCNN_random_sili_h4
[2020-10-23 11:07:44] esmCNN.cv16: Find channel with Kernel size: 8 	 Lambda: 0.5: 	 Best Score: 0.1456
[2020-10-23 11:07:44] esmCNN.cv16: Channel size: 37 	 Kernel size: 8 
Training MSE: 0.14557835 	 Validating MSE: 0.57080680 	 Best VMSE: 0.56283987
[2020-10-23 11:07:44] esmCNN.cv16: Checkpoint saved to experiments/normal/sili/esmCNN_random_sili_h4
[2020-10-23 11:07:44] esmCNN.cv16: Find channel with Kernel size: 8 	 Lambda: 0.5: 	 Best Score: 0.1453
[2020-10-23 11:07:44] esmCNN.cv16: Channel size: 38 	 Kernel size: 8 
Training MSE: 0.14532973 	 Validating MSE: 0.57684600 	 Best VMSE: 0.56283987
[2020-10-23 11:07:44] esmCNN.cv16: Checkpoint saved to experiments/normal/sili/esmCNN_random_sili_h4
[2020-10-23 11:07:44] esmCNN.cv16: Find channel with Kernel size: 5 	 Lambda: 0.5: 	 Best Score: 0.1451
[2020-10-23 11:07:44] esmCNN.cv16: Channel size: 39 	 Kernel size: 5 
Training MSE: 0.14510237 	 Validating MSE: 0.57463413 	 Best VMSE: 0.56283987
[2020-10-23 11:07:44] esmCNN.cv16: Checkpoint saved to experiments/normal/sili/esmCNN_random_sili_h4
[2020-10-23 11:07:44] esmCNN.cv16: Find channel with Kernel size: 4 	 Lambda: 0.5: 	 Best Score: 0.1447
[2020-10-23 11:07:44] esmCNN.cv16: Channel size: 40 	 Kernel size: 4 
Training MSE: 0.14472790 	 Validating MSE: 0.57485920 	 Best VMSE: 0.56283987
[2020-10-23 11:07:44] esmCNN.cv16: Checkpoint saved to experiments/normal/sili/esmCNN_random_sili_h4
[2020-10-23 11:07:44] esmCNN.cv16: Find channel with Kernel size: 8 	 Lambda: 0.5: 	 Best Score: 0.1443
[2020-10-23 11:07:44] esmCNN.cv16: Channel size: 41 	 Kernel size: 8 
Training MSE: 0.14429653 	 Validating MSE: 0.58664733 	 Best VMSE: 0.56283987
[2020-10-23 11:07:44] esmCNN.cv16: Checkpoint saved to experiments/normal/sili/esmCNN_random_sili_h4
[2020-10-23 11:07:44] esmCNN.cv16: Find channel with Kernel size: 5 	 Lambda: 0.5: 	 Best Score: 0.1440
[2020-10-23 11:07:44] esmCNN.cv16: Channel size: 42 	 Kernel size: 5 
Training MSE: 0.14403860 	 Validating MSE: 0.57613140 	 Best VMSE: 0.56283987
[2020-10-23 11:07:44] esmCNN.cv16: Checkpoint saved to experiments/normal/sili/esmCNN_random_sili_h4
[2020-10-23 11:07:44] esmCNN.cv16: Find channel with Kernel size: 6 	 Lambda: 0.5: 	 Best Score: 0.1439
[2020-10-23 11:07:44] esmCNN.cv16: Channel size: 43 	 Kernel size: 6 
Training MSE: 0.14391550 	 Validating MSE: 0.57868755 	 Best VMSE: 0.56283987
[2020-10-23 11:07:44] esmCNN.cv16: Checkpoint saved to experiments/normal/sili/esmCNN_random_sili_h4
[2020-10-23 11:07:44] esmCNN.cv16: Find channel with Kernel size: 4 	 Lambda: 0.5: 	 Best Score: 0.1438
[2020-10-23 11:07:44] esmCNN.cv16: Channel size: 44 	 Kernel size: 4 
Training MSE: 0.14376073 	 Validating MSE: 0.57960248 	 Best VMSE: 0.56283987
[2020-10-23 11:07:44] esmCNN.cv16: Checkpoint saved to experiments/normal/sili/esmCNN_random_sili_h4
[2020-10-23 11:07:44] esmCNN.cv16: Find channel with Kernel size: 5 	 Lambda: 0.5: 	 Best Score: 0.1436
[2020-10-23 11:07:45] esmCNN.cv16: Channel size: 45 	 Kernel size: 5 
Training MSE: 0.14356974 	 Validating MSE: 0.57848638 	 Best VMSE: 0.56283987
[2020-10-23 11:07:45] esmCNN.cv16: Checkpoint saved to experiments/normal/sili/esmCNN_random_sili_h4
[2020-10-23 11:07:45] esmCNN.cv16: Find channel with Kernel size: 4 	 Lambda: 0.5: 	 Best Score: 0.1432
[2020-10-23 11:07:45] esmCNN.cv16: Channel size: 46 	 Kernel size: 4 
Training MSE: 0.14319013 	 Validating MSE: 0.57572818 	 Best VMSE: 0.56283987
[2020-10-23 11:07:45] esmCNN.cv16: Checkpoint saved to experiments/normal/sili/esmCNN_random_sili_h4
[2020-10-23 11:07:45] esmCNN.cv16: Find channel with Kernel size: 6 	 Lambda: 0.5: 	 Best Score: 0.1430
[2020-10-23 11:07:45] esmCNN.cv16: Channel size: 47 	 Kernel size: 6 
Training MSE: 0.14302756 	 Validating MSE: 0.57377779 	 Best VMSE: 0.56283987
[2020-10-23 11:07:45] esmCNN.cv16: Checkpoint saved to experiments/normal/sili/esmCNN_random_sili_h4
[2020-10-23 11:07:45] esmCNN.cv16: Find channel with Kernel size: 5 	 Lambda: 0.5: 	 Best Score: 0.1429
[2020-10-23 11:07:45] esmCNN.cv16: Channel size: 48 	 Kernel size: 5 
Training MSE: 0.14289567 	 Validating MSE: 0.58008093 	 Best VMSE: 0.56283987
[2020-10-23 11:07:45] esmCNN.cv16: Checkpoint saved to experiments/normal/sili/esmCNN_random_sili_h4
[2020-10-23 11:07:45] esmCNN.cv16: Find channel with Kernel size: 5 	 Lambda: 0.5: 	 Best Score: 0.1427
[2020-10-23 11:07:45] esmCNN.cv16: Channel size: 49 	 Kernel size: 5 
Training MSE: 0.14273007 	 Validating MSE: 0.57620543 	 Best VMSE: 0.56283987
[2020-10-23 11:07:45] esmCNN.cv16: Checkpoint saved to experiments/normal/sili/esmCNN_random_sili_h4
[2020-10-23 11:07:45] esmCNN.cv16: Find channel with Kernel size: 4 	 Lambda: 0.5: 	 Best Score: 0.1425
[2020-10-23 11:07:45] esmCNN.cv16: Channel size: 50 	 Kernel size: 4 
Training MSE: 0.14245757 	 Validating MSE: 0.58202744 	 Best VMSE: 0.56283987
[2020-10-23 11:07:45] esmCNN.cv16: Checkpoint saved to experiments/normal/sili/esmCNN_random_sili_h4
[2020-10-23 11:07:45] esmCNN.cv16: Find channel with Kernel size: 6 	 Lambda: 0.5: 	 Best Score: 0.1422
[2020-10-23 11:07:45] esmCNN.cv16: Channel size: 51 	 Kernel size: 6 
Training MSE: 0.14218807 	 Validating MSE: 0.57758319 	 Best VMSE: 0.56283987
[2020-10-23 11:07:45] esmCNN.cv16: Checkpoint saved to experiments/normal/sili/esmCNN_random_sili_h4
[2020-10-23 11:07:45] esmCNN.cv16: Find channel with Kernel size: 6 	 Lambda: 0.5: 	 Best Score: 0.1418
[2020-10-23 11:07:45] esmCNN.cv16: Channel size: 52 	 Kernel size: 6 
Training MSE: 0.14177179 	 Validating MSE: 0.56657583 	 Best VMSE: 0.56283987
[2020-10-23 11:07:45] esmCNN.cv16: Checkpoint saved to experiments/normal/sili/esmCNN_random_sili_h4
[2020-10-23 11:07:45] esmCNN.cv16: Find channel with Kernel size: 6 	 Lambda: 0.5: 	 Best Score: 0.1415
[2020-10-23 11:07:45] esmCNN.cv16: Channel size: 53 	 Kernel size: 6 
Training MSE: 0.14150678 	 Validating MSE: 0.57455623 	 Best VMSE: 0.56283987
[2020-10-23 11:07:45] esmCNN.cv16: Checkpoint saved to experiments/normal/sili/esmCNN_random_sili_h4
[2020-10-23 11:07:45] esmCNN.cv16: Find channel with Kernel size: 8 	 Lambda: 0.5: 	 Best Score: 0.1414
[2020-10-23 11:07:45] esmCNN.cv16: Channel size: 54 	 Kernel size: 8 
Training MSE: 0.14137490 	 Validating MSE: 0.57200050 	 Best VMSE: 0.56283987
[2020-10-23 11:07:45] esmCNN.cv16: Checkpoint saved to experiments/normal/sili/esmCNN_random_sili_h4
[2020-10-23 11:07:45] esmCNN.cv16: Find channel with Kernel size: 8 	 Lambda: 0.5: 	 Best Score: 0.1413
[2020-10-23 11:07:45] esmCNN.cv16: Channel size: 55 	 Kernel size: 8 
Training MSE: 0.14125684 	 Validating MSE: 0.57545882 	 Best VMSE: 0.56283987
[2020-10-23 11:07:45] esmCNN.cv16: Checkpoint saved to experiments/normal/sili/esmCNN_random_sili_h4
[2020-10-23 11:07:45] esmCNN.cv16: Find channel with Kernel size: 8 	 Lambda: 0.5: 	 Best Score: 0.1412
[2020-10-23 11:07:45] esmCNN.cv16: Channel size: 56 	 Kernel size: 8 
Training MSE: 0.14116523 	 Validating MSE: 0.57698441 	 Best VMSE: 0.56283987
[2020-10-23 11:07:45] esmCNN.cv16: Checkpoint saved to experiments/normal/sili/esmCNN_random_sili_h4
[2020-10-23 11:07:45] esmCNN.cv16: Find channel with Kernel size: 6 	 Lambda: 0.5: 	 Best Score: 0.1410
[2020-10-23 11:07:45] esmCNN.cv16: Channel size: 57 	 Kernel size: 6 
Training MSE: 0.14104728 	 Validating MSE: 0.57823163 	 Best VMSE: 0.56283987
[2020-10-23 11:07:45] esmCNN.cv16: Checkpoint saved to experiments/normal/sili/esmCNN_random_sili_h4
[2020-10-23 11:07:45] esmCNN.cv16: Find channel with Kernel size: 5 	 Lambda: 0.5: 	 Best Score: 0.1409
[2020-10-23 11:07:45] esmCNN.cv16: Channel size: 58 	 Kernel size: 5 
Training MSE: 0.14091720 	 Validating MSE: 0.57921618 	 Best VMSE: 0.56283987
[2020-10-23 11:07:45] esmCNN.cv16: Checkpoint saved to experiments/normal/sili/esmCNN_random_sili_h4
[2020-10-23 11:07:46] esmCNN.cv16: Find channel with Kernel size: 6 	 Lambda: 0.5: 	 Best Score: 0.1407
[2020-10-23 11:07:46] esmCNN.cv16: Channel size: 59 	 Kernel size: 6 
Training MSE: 0.14074484 	 Validating MSE: 0.57361680 	 Best VMSE: 0.56283987
[2020-10-23 11:07:46] esmCNN.cv16: Checkpoint saved to experiments/normal/sili/esmCNN_random_sili_h4
[2020-10-23 11:07:46] esmCNN.cv16: Find channel with Kernel size: 4 	 Lambda: 0.5: 	 Best Score: 0.1405
[2020-10-23 11:07:46] esmCNN.cv16: Channel size: 60 	 Kernel size: 4 
Training MSE: 0.14045089 	 Validating MSE: 0.57597816 	 Best VMSE: 0.56283987
[2020-10-23 11:07:46] esmCNN.cv16: Checkpoint saved to experiments/normal/sili/esmCNN_random_sili_h4
[2020-10-23 11:07:46] esmCNN.cv16: Find channel with Kernel size: 8 	 Lambda: 0.5: 	 Best Score: 0.1403
[2020-10-23 11:07:46] esmCNN.cv16: Channel size: 61 	 Kernel size: 8 
Training MSE: 0.14031059 	 Validating MSE: 0.57828343 	 Best VMSE: 0.56283987
[2020-10-23 11:07:46] esmCNN.cv16: Checkpoint saved to experiments/normal/sili/esmCNN_random_sili_h4
[2020-10-23 11:07:46] esmCNN.cv16: Find channel with Kernel size: 5 	 Lambda: 0.5: 	 Best Score: 0.1401
[2020-10-23 11:07:46] esmCNN.cv16: Channel size: 62 	 Kernel size: 5 
Training MSE: 0.14005929 	 Validating MSE: 0.58063239 	 Best VMSE: 0.56283987
[2020-10-23 11:07:46] esmCNN.cv16: Checkpoint saved to experiments/normal/sili/esmCNN_random_sili_h4
[2020-10-23 11:07:46] esmCNN.cv16: Find channel with Kernel size: 6 	 Lambda: 0.5: 	 Best Score: 0.1398
[2020-10-23 11:07:46] esmCNN.cv16: Channel size: 63 	 Kernel size: 6 
Training MSE: 0.13979287 	 Validating MSE: 0.57997245 	 Best VMSE: 0.56283987
[2020-10-23 11:07:46] esmCNN.cv16: Checkpoint saved to experiments/normal/sili/esmCNN_random_sili_h4
[2020-10-23 11:07:46] esmCNN.cv16: Find channel with Kernel size: 4 	 Lambda: 0.5: 	 Best Score: 0.1395
[2020-10-23 11:07:46] esmCNN.cv16: Channel size: 64 	 Kernel size: 4 
Training MSE: 0.13952601 	 Validating MSE: 0.58207977 	 Best VMSE: 0.56283987
[2020-10-23 11:07:46] esmCNN.cv16: Checkpoint saved to experiments/normal/sili/esmCNN_random_sili_h4
[2020-10-23 11:07:46] esmCNN.cv16: Find channel with Kernel size: 6 	 Lambda: 0.5: 	 Best Score: 0.1386
[2020-10-23 11:07:46] esmCNN.cv16: Channel size: 65 	 Kernel size: 6 
Training MSE: 0.13864362 	 Validating MSE: 0.58949202 	 Best VMSE: 0.56283987
[2020-10-23 11:07:46] esmCNN.cv16: Checkpoint saved to experiments/normal/sili/esmCNN_random_sili_h4
[2020-10-23 11:07:46] esmCNN.cv16: Find channel with Kernel size: 5 	 Lambda: 0.5: 	 Best Score: 0.1377
[2020-10-23 11:07:46] esmCNN.cv16: Channel size: 66 	 Kernel size: 5 
Training MSE: 0.13770746 	 Validating MSE: 0.59352934 	 Best VMSE: 0.56283987
[2020-10-23 11:07:46] esmCNN.cv16: Checkpoint saved to experiments/normal/sili/esmCNN_random_sili_h4
[2020-10-23 11:07:46] esmCNN.cv16: Find channel with Kernel size: 6 	 Lambda: 0.5: 	 Best Score: 0.1373
[2020-10-23 11:07:46] esmCNN.cv16: Channel size: 67 	 Kernel size: 6 
Training MSE: 0.13729590 	 Validating MSE: 0.59214407 	 Best VMSE: 0.56283987
[2020-10-23 11:07:46] esmCNN.cv16: Checkpoint saved to experiments/normal/sili/esmCNN_random_sili_h4
[2020-10-23 11:07:46] esmCNN.cv16: Find channel with Kernel size: 6 	 Lambda: 0.5: 	 Best Score: 0.1369
[2020-10-23 11:07:46] esmCNN.cv16: Channel size: 68 	 Kernel size: 6 
Training MSE: 0.13691545 	 Validating MSE: 0.58797759 	 Best VMSE: 0.56283987
[2020-10-23 11:07:46] esmCNN.cv16: Checkpoint saved to experiments/normal/sili/esmCNN_random_sili_h4
[2020-10-23 11:07:46] esmCNN.cv16: Find channel with Kernel size: 5 	 Lambda: 0.5: 	 Best Score: 0.1368
[2020-10-23 11:07:46] esmCNN.cv16: Channel size: 69 	 Kernel size: 5 
Training MSE: 0.13677612 	 Validating MSE: 0.58840919 	 Best VMSE: 0.56283987
[2020-10-23 11:07:46] esmCNN.cv16: Checkpoint saved to experiments/normal/sili/esmCNN_random_sili_h4
[2020-10-23 11:07:46] esmCNN.cv16: Find channel with Kernel size: 4 	 Lambda: 0.5: 	 Best Score: 0.1366
[2020-10-23 11:07:46] esmCNN.cv16: Channel size: 70 	 Kernel size: 4 
Training MSE: 0.13662893 	 Validating MSE: 0.59408963 	 Best VMSE: 0.56283987
[2020-10-23 11:07:46] esmCNN.cv16: Checkpoint saved to experiments/normal/sili/esmCNN_random_sili_h4
[2020-10-23 11:07:47] esmCNN.cv16: Find channel with Kernel size: 6 	 Lambda: 0.5: 	 Best Score: 0.1364
[2020-10-23 11:07:47] esmCNN.cv16: Channel size: 71 	 Kernel size: 6 
Training MSE: 0.13641271 	 Validating MSE: 0.59156024 	 Best VMSE: 0.56283987
[2020-10-23 11:07:47] esmCNN.cv16: Checkpoint saved to experiments/normal/sili/esmCNN_random_sili_h4
[2020-10-23 11:07:47] esmCNN.cv16: Find channel with Kernel size: 8 	 Lambda: 0.5: 	 Best Score: 0.1363
[2020-10-23 11:07:47] esmCNN.cv16: Channel size: 72 	 Kernel size: 8 
Training MSE: 0.13631591 	 Validating MSE: 0.59167230 	 Best VMSE: 0.56283987
[2020-10-23 11:07:47] esmCNN.cv16: Checkpoint saved to experiments/normal/sili/esmCNN_random_sili_h4
[2020-10-23 11:07:47] esmCNN.cv16: Find channel with Kernel size: 4 	 Lambda: 0.5: 	 Best Score: 0.1362
[2020-10-23 11:07:47] esmCNN.cv16: Channel size: 73 	 Kernel size: 4 
Training MSE: 0.13622166 	 Validating MSE: 0.59323019 	 Best VMSE: 0.56283987
[2020-10-23 11:07:47] esmCNN.cv16: Checkpoint saved to experiments/normal/sili/esmCNN_random_sili_h4
[2020-10-23 11:07:47] esmCNN.cv16: Find channel with Kernel size: 6 	 Lambda: 0.5: 	 Best Score: 0.1360
[2020-10-23 11:07:47] esmCNN.cv16: Channel size: 74 	 Kernel size: 6 
Training MSE: 0.13601594 	 Validating MSE: 0.59934020 	 Best VMSE: 0.56283987
[2020-10-23 11:07:47] esmCNN.cv16: Checkpoint saved to experiments/normal/sili/esmCNN_random_sili_h4
[2020-10-23 11:07:47] esmCNN.cv16: Find channel with Kernel size: 8 	 Lambda: 0.5: 	 Best Score: 0.1357
[2020-10-23 11:07:47] esmCNN.cv16: Channel size: 75 	 Kernel size: 8 
Training MSE: 0.13571523 	 Validating MSE: 0.59894776 	 Best VMSE: 0.56283987
[2020-10-23 11:07:47] esmCNN.cv16: Checkpoint saved to experiments/normal/sili/esmCNN_random_sili_h4
[2020-10-23 11:07:47] esmCNN.cv16: Find channel with Kernel size: 6 	 Lambda: 0.5: 	 Best Score: 0.1355
[2020-10-23 11:07:47] esmCNN.cv16: Channel size: 76 	 Kernel size: 6 
Training MSE: 0.13553800 	 Validating MSE: 0.59237719 	 Best VMSE: 0.56283987
[2020-10-23 11:07:47] esmCNN.cv16: Checkpoint saved to experiments/normal/sili/esmCNN_random_sili_h4
[2020-10-23 11:07:47] esmCNN.cv16: Find channel with Kernel size: 4 	 Lambda: 0.5: 	 Best Score: 0.1355
[2020-10-23 11:07:47] esmCNN.cv16: Channel size: 77 	 Kernel size: 4 
Training MSE: 0.13545530 	 Validating MSE: 0.59330970 	 Best VMSE: 0.56283987
[2020-10-23 11:07:47] esmCNN.cv16: Checkpoint saved to experiments/normal/sili/esmCNN_random_sili_h4
[2020-10-23 11:07:47] esmCNN.cv16: Find channel with Kernel size: 8 	 Lambda: 0.5: 	 Best Score: 0.1353
[2020-10-23 11:07:47] esmCNN.cv16: Channel size: 78 	 Kernel size: 8 
Training MSE: 0.13532206 	 Validating MSE: 0.59290171 	 Best VMSE: 0.56283987
[2020-10-23 11:07:47] esmCNN.cv16: Checkpoint saved to experiments/normal/sili/esmCNN_random_sili_h4
[2020-10-23 11:07:47] esmCNN.cv16: Find channel with Kernel size: 8 	 Lambda: 0.5: 	 Best Score: 0.1351
[2020-10-23 11:07:47] esmCNN.cv16: Channel size: 79 	 Kernel size: 8 
Training MSE: 0.13507994 	 Validating MSE: 0.59699494 	 Best VMSE: 0.56283987
[2020-10-23 11:07:47] esmCNN.cv16: Checkpoint saved to experiments/normal/sili/esmCNN_random_sili_h4
[2020-10-23 11:07:47] esmCNN.cv16: Find channel with Kernel size: 6 	 Lambda: 0.5: 	 Best Score: 0.1349
[2020-10-23 11:07:47] esmCNN.cv16: Channel size: 80 	 Kernel size: 6 
Training MSE: 0.13493359 	 Validating MSE: 0.58891386 	 Best VMSE: 0.56283987
[2020-10-23 11:07:47] esmCNN.cv16: Checkpoint saved to experiments/normal/sili/esmCNN_random_sili_h4
[2020-10-23 11:07:47] esmCNN.cv16: Find channel with Kernel size: 6 	 Lambda: 0.5: 	 Best Score: 0.1346
[2020-10-23 11:07:47] esmCNN.cv16: Channel size: 81 	 Kernel size: 6 
Training MSE: 0.13455388 	 Validating MSE: 0.58539939 	 Best VMSE: 0.56283987
[2020-10-23 11:07:47] esmCNN.cv16: Checkpoint saved to experiments/normal/sili/esmCNN_random_sili_h4
[2020-10-23 11:07:48] esmCNN.cv16: Find channel with Kernel size: 6 	 Lambda: 0.5: 	 Best Score: 0.1343
[2020-10-23 11:07:48] esmCNN.cv16: Channel size: 82 	 Kernel size: 6 
Training MSE: 0.13428175 	 Validating MSE: 0.59592837 	 Best VMSE: 0.56283987
[2020-10-23 11:07:48] esmCNN.cv16: Checkpoint saved to experiments/normal/sili/esmCNN_random_sili_h4
[2020-10-23 11:07:48] esmCNN.cv16: Find channel with Kernel size: 5 	 Lambda: 0.5: 	 Best Score: 0.1342
[2020-10-23 11:07:48] esmCNN.cv16: Channel size: 83 	 Kernel size: 5 
Training MSE: 0.13418077 	 Validating MSE: 0.59444863 	 Best VMSE: 0.56283987
[2020-10-23 11:07:48] esmCNN.cv16: Checkpoint saved to experiments/normal/sili/esmCNN_random_sili_h4
[2020-10-23 11:07:48] esmCNN.cv16: Find channel with Kernel size: 5 	 Lambda: 0.5: 	 Best Score: 0.1341
[2020-10-23 11:07:48] esmCNN.cv16: Channel size: 84 	 Kernel size: 5 
Training MSE: 0.13406621 	 Validating MSE: 0.59663045 	 Best VMSE: 0.56283987
[2020-10-23 11:07:48] esmCNN.cv16: Checkpoint saved to experiments/normal/sili/esmCNN_random_sili_h4
[2020-10-23 11:07:48] esmCNN.cv16: Find channel with Kernel size: 6 	 Lambda: 0.5: 	 Best Score: 0.1339
[2020-10-23 11:07:48] esmCNN.cv16: Channel size: 85 	 Kernel size: 6 
Training MSE: 0.13393378 	 Validating MSE: 0.59973711 	 Best VMSE: 0.56283987
[2020-10-23 11:07:48] esmCNN.cv16: Checkpoint saved to experiments/normal/sili/esmCNN_random_sili_h4
[2020-10-23 11:07:48] esmCNN.cv16: Find channel with Kernel size: 8 	 Lambda: 0.5: 	 Best Score: 0.1336
[2020-10-23 11:07:48] esmCNN.cv16: Channel size: 86 	 Kernel size: 8 
Training MSE: 0.13358168 	 Validating MSE: 0.59876502 	 Best VMSE: 0.56283987
[2020-10-23 11:07:48] esmCNN.cv16: Checkpoint saved to experiments/normal/sili/esmCNN_random_sili_h4
[2020-10-23 11:07:48] esmCNN.cv16: Find channel with Kernel size: 8 	 Lambda: 0.5: 	 Best Score: 0.1334
[2020-10-23 11:07:48] esmCNN.cv16: Channel size: 87 	 Kernel size: 8 
Training MSE: 0.13340454 	 Validating MSE: 0.59583563 	 Best VMSE: 0.56283987
[2020-10-23 11:07:48] esmCNN.cv16: Checkpoint saved to experiments/normal/sili/esmCNN_random_sili_h4
[2020-10-23 11:07:48] esmCNN.cv16: Find channel with Kernel size: 6 	 Lambda: 0.5: 	 Best Score: 0.1333
[2020-10-23 11:07:48] esmCNN.cv16: Channel size: 88 	 Kernel size: 6 
Training MSE: 0.13327493 	 Validating MSE: 0.59376556 	 Best VMSE: 0.56283987
[2020-10-23 11:07:48] esmCNN.cv16: Checkpoint saved to experiments/normal/sili/esmCNN_random_sili_h4
[2020-10-23 11:07:48] esmCNN.cv16: Find channel with Kernel size: 4 	 Lambda: 0.5: 	 Best Score: 0.1332
[2020-10-23 11:07:48] esmCNN.cv16: Channel size: 89 	 Kernel size: 4 
Training MSE: 0.13320740 	 Validating MSE: 0.59547526 	 Best VMSE: 0.56283987
[2020-10-23 11:07:48] esmCNN.cv16: Checkpoint saved to experiments/normal/sili/esmCNN_random_sili_h4
[2020-10-23 11:07:48] esmCNN.cv16: Find channel with Kernel size: 5 	 Lambda: 0.5: 	 Best Score: 0.1331
[2020-10-23 11:07:48] esmCNN.cv16: Channel size: 90 	 Kernel size: 5 
Training MSE: 0.13312328 	 Validating MSE: 0.59531796 	 Best VMSE: 0.56283987
[2020-10-23 11:07:48] esmCNN.cv16: Checkpoint saved to experiments/normal/sili/esmCNN_random_sili_h4
[2020-10-23 11:07:48] esmCNN.cv16: Find channel with Kernel size: 4 	 Lambda: 0.5: 	 Best Score: 0.1331
[2020-10-23 11:07:48] esmCNN.cv16: Channel size: 91 	 Kernel size: 4 
Training MSE: 0.13308761 	 Validating MSE: 0.59733707 	 Best VMSE: 0.56283987
[2020-10-23 11:07:48] esmCNN.cv16: Checkpoint saved to experiments/normal/sili/esmCNN_random_sili_h4
[2020-10-23 11:07:48] esmCNN.cv16: Find channel with Kernel size: 6 	 Lambda: 0.5: 	 Best Score: 0.1330
[2020-10-23 11:07:49] esmCNN.cv16: Channel size: 92 	 Kernel size: 6 
Training MSE: 0.13298072 	 Validating MSE: 0.59789568 	 Best VMSE: 0.56283987
[2020-10-23 11:07:49] esmCNN.cv16: Checkpoint saved to experiments/normal/sili/esmCNN_random_sili_h4
[2020-10-23 11:07:49] esmCNN.cv16: Find channel with Kernel size: 5 	 Lambda: 0.5: 	 Best Score: 0.1328
[2020-10-23 11:07:49] esmCNN.cv16: Channel size: 93 	 Kernel size: 5 
Training MSE: 0.13281372 	 Validating MSE: 0.60099638 	 Best VMSE: 0.56283987
[2020-10-23 11:07:49] esmCNN.cv16: Checkpoint saved to experiments/normal/sili/esmCNN_random_sili_h4
[2020-10-23 11:07:49] esmCNN.cv16: Find channel with Kernel size: 8 	 Lambda: 0.5: 	 Best Score: 0.1324
[2020-10-23 11:07:49] esmCNN.cv16: Channel size: 94 	 Kernel size: 8 
Training MSE: 0.13238931 	 Validating MSE: 0.60344833 	 Best VMSE: 0.56283987
[2020-10-23 11:07:49] esmCNN.cv16: Checkpoint saved to experiments/normal/sili/esmCNN_random_sili_h4
[2020-10-23 11:07:49] esmCNN.cv16: Find channel with Kernel size: 4 	 Lambda: 0.5: 	 Best Score: 0.1322
[2020-10-23 11:07:49] esmCNN.cv16: Channel size: 95 	 Kernel size: 4 
Training MSE: 0.13217402 	 Validating MSE: 0.59790915 	 Best VMSE: 0.56283987
[2020-10-23 11:07:49] esmCNN.cv16: Checkpoint saved to experiments/normal/sili/esmCNN_random_sili_h4
[2020-10-23 11:07:49] esmCNN.cv16: Find channel with Kernel size: 5 	 Lambda: 0.5: 	 Best Score: 0.1321
[2020-10-23 11:07:49] esmCNN.cv16: Channel size: 96 	 Kernel size: 5 
Training MSE: 0.13205415 	 Validating MSE: 0.59239763 	 Best VMSE: 0.56283987
[2020-10-23 11:07:49] esmCNN.cv16: Checkpoint saved to experiments/normal/sili/esmCNN_random_sili_h4
[2020-10-23 11:07:49] esmCNN.cv16: Find channel with Kernel size: 6 	 Lambda: 0.5: 	 Best Score: 0.1317
[2020-10-23 11:07:49] esmCNN.cv16: Channel size: 97 	 Kernel size: 6 
Training MSE: 0.13167568 	 Validating MSE: 0.59528434 	 Best VMSE: 0.56283987
[2020-10-23 11:07:49] esmCNN.cv16: Checkpoint saved to experiments/normal/sili/esmCNN_random_sili_h4
[2020-10-23 11:07:49] esmCNN.cv16: Find channel with Kernel size: 5 	 Lambda: 0.5: 	 Best Score: 0.1313
[2020-10-23 11:07:49] esmCNN.cv16: Channel size: 98 	 Kernel size: 5 
Training MSE: 0.13132794 	 Validating MSE: 0.60320777 	 Best VMSE: 0.56283987
[2020-10-23 11:07:49] esmCNN.cv16: Checkpoint saved to experiments/normal/sili/esmCNN_random_sili_h4
[2020-10-23 11:07:49] esmCNN.cv16: Find channel with Kernel size: 6 	 Lambda: 0.5: 	 Best Score: 0.1313
[2020-10-23 11:07:49] esmCNN.cv16: Channel size: 99 	 Kernel size: 6 
Training MSE: 0.13126202 	 Validating MSE: 0.59965086 	 Best VMSE: 0.56283987
[2020-10-23 11:07:49] esmCNN.cv16: Checkpoint saved to experiments/normal/sili/esmCNN_random_sili_h4
[2020-10-23 11:07:49] esmCNN.cv16: Find channel with Kernel size: 6 	 Lambda: 0.5: 	 Best Score: 0.1310
[2020-10-23 11:07:49] esmCNN.cv16: Channel size: 100 	 Kernel size: 6 
Training MSE: 0.13100974 	 Validating MSE: 0.59616208 	 Best VMSE: 0.56283987
[2020-10-23 11:07:49] esmCNN.cv16: Checkpoint saved to experiments/normal/sili/esmCNN_random_sili_h4
[2020-10-23 11:07:49] esmCNN.cv16: Restoring best parameters from experiments/normal/sili/esmCNN_random_sili_h4/train.cv16.pth.tar
[2020-10-23 11:07:50] esmCNN.cv16: sili	 H: 4	 Trail: 54 
Testing RMSE: 0.8091 	 MAPE: 0.1267 	 SMAPE: 0.06724
