[2020-10-23 11:05:38] esmCNN.cv10: Loading the datasets and model for 37th-batch-training
[2020-10-23 11:05:38] esmCNN.cv10: Argument channel_size: 100
[2020-10-23 11:05:38] esmCNN.cv10: Argument candidate_size: 300
[2020-10-23 11:05:38] esmCNN.cv10: Argument kernel_size: 6
[2020-10-23 11:05:38] esmCNN.cv10: Argument kernel_list: [8, 6, 5, 4]
[2020-10-23 11:05:38] esmCNN.cv10: Argument Lambdas: [0.5, 1, 5, 15, 30, 50, 100, 150, 200]
[2020-10-23 11:05:38] esmCNN.cv10: Argument Lambdas_std: [0.01, 0.05, 0.1, 0.5, 1]
[2020-10-23 11:05:38] esmCNN.cv10: Argument r: [0.8, 0.9, 0.99, 0.9999, 0.999999]
[2020-10-23 11:05:38] esmCNN.cv10: Argument tolerance: 0
[2020-10-23 11:05:38] esmCNN.cv10: Argument device: device(type='cuda')
[2020-10-23 11:05:38] esmCNN.cv10: Argument dataset: 'sili'
[2020-10-23 11:05:38] esmCNN.cv10: Argument H: 4
[2020-10-23 11:05:38] esmCNN.cv10: Argument k: 5
[2020-10-23 11:05:38] esmCNN.cv10: Argument test: False
[2020-10-23 11:05:38] esmCNN.cv10: Argument search: 'random'
[2020-10-23 11:05:38] esmCNN.cv10: Argument normal: True
[2020-10-23 11:05:38] esmCNN.cv10: Argument diff: False
[2020-10-23 11:05:38] esmCNN.cv10: Argument times: 60
[2020-10-23 11:05:38] esmCNN.cv10: Argument datasets: {'ar1': {'lag_order': 15, 'normal': True, 'cov_dim': 0, 'kernel_size': 3}, 'wti': {'lag_order': 25, 'normal': True, 'cov_dim': 0, 'kernel_size': 5}, 'gold': {'lag_order': 25, 'normal': True, 'cov_dim': 0, 'kernel_size': 5}, 'sp': {'lag_order': 25, 'normal': True, 'cov_dim': 0, 'kernel_size': 5}, 'brent': {'lag_order': 24, 'normal': True, 'cov_dim': 0, 'kernel_size': 6}, 'sili': {'lag_order': 26, 'normal': True, 'cov_dim': 0, 'kernel_size': 6}}
[2020-10-23 11:05:38] esmCNN.cv10: Argument steps: 26
[2020-10-23 11:05:38] esmCNN.cv10: Argument cov_dim: 0
[2020-10-23 11:05:38] esmCNN.cv10: Argument experiment: 'experiments/normal/sili'
[2020-10-23 11:05:38] esmCNN.cv10: Argument scaler: StandardScaler()
[2020-10-23 11:05:38] esmCNN.cv10: Argument model_name: 'esmCNN_random_sili_h4'
[2020-10-23 11:05:38] esmCNN.cv10: Argument model_dir: 'experiments/normal/sili/esmCNN_random_sili_h4'
[2020-10-23 11:05:38] esmCNN.cv10: Argument In_channels: 1
[2020-10-23 11:05:38] esmCNN.cv10: Argument restore: True
[2020-10-23 11:05:38] esmCNN.cv10: Argument cv: 10
[2020-10-23 11:05:38] esmCNN.cv10: Argument plot_dir: 'experiments/normal/sili/esmCNN_random_sili_h4/figures'
[2020-10-23 11:05:38] esmCNN.cv10: Argument num_process: 8
[2020-10-23 11:05:38] esmCNN.cv10: Using Cuda...
[2020-10-23 11:05:38] esmCNN.cv10: Loading complete.
[2020-10-23 11:05:38] esmCNN.cv10: Model: 
ESM_CNN(
  (Pool): AvgPool1d(kernel_size=(3,), stride=(1,), padding=(0,))
  (loss_fn): MSELoss()
)
[2020-10-23 11:05:38] esmCNN.cv10: Found new best state
[2020-10-23 11:05:38] esmCNN.cv10: Best vmse: 0.6060
[2020-10-23 11:05:38] esmCNN.cv10: Channel size: 1 	 Kernel size: 6 
Training MSE: 0.17374790 	 Validating MSE: 0.60600334 	 Best VMSE: 0.60600334
[2020-10-23 11:05:38] esmCNN.cv10: Checkpoint saved to experiments/normal/sili/esmCNN_random_sili_h4
[2020-10-23 11:05:38] esmCNN.cv10: Find channel with Kernel size: 6 	 Lambda: 0.5: 	 Best Score: 0.1673
[2020-10-23 11:05:38] esmCNN.cv10: Channel size: 2 	 Kernel size: 6 
Training MSE: 0.16725476 	 Validating MSE: 0.61873919 	 Best VMSE: 0.60600334
[2020-10-23 11:05:38] esmCNN.cv10: Checkpoint saved to experiments/normal/sili/esmCNN_random_sili_h4
[2020-10-23 11:05:38] esmCNN.cv10: Find channel with Kernel size: 4 	 Lambda: 0.5: 	 Best Score: 0.1650
[2020-10-23 11:05:38] esmCNN.cv10: Found new best state
[2020-10-23 11:05:38] esmCNN.cv10: Best vmse: 0.5929
[2020-10-23 11:05:38] esmCNN.cv10: Channel size: 3 	 Kernel size: 4 
Training MSE: 0.16495426 	 Validating MSE: 0.59287190 	 Best VMSE: 0.59287190
[2020-10-23 11:05:38] esmCNN.cv10: Checkpoint saved to experiments/normal/sili/esmCNN_random_sili_h4
[2020-10-23 11:05:38] esmCNN.cv10: Find channel with Kernel size: 4 	 Lambda: 0.5: 	 Best Score: 0.1636
[2020-10-23 11:05:38] esmCNN.cv10: Found new best state
[2020-10-23 11:05:38] esmCNN.cv10: Best vmse: 0.5895
[2020-10-23 11:05:38] esmCNN.cv10: Channel size: 4 	 Kernel size: 4 
Training MSE: 0.16364519 	 Validating MSE: 0.58952022 	 Best VMSE: 0.58952022
[2020-10-23 11:05:38] esmCNN.cv10: Checkpoint saved to experiments/normal/sili/esmCNN_random_sili_h4
[2020-10-23 11:05:38] esmCNN.cv10: Find channel with Kernel size: 6 	 Lambda: 0.5: 	 Best Score: 0.1634
[2020-10-23 11:05:38] esmCNN.cv10: Found new best state
[2020-10-23 11:05:38] esmCNN.cv10: Best vmse: 0.5724
[2020-10-23 11:05:38] esmCNN.cv10: Channel size: 5 	 Kernel size: 6 
Training MSE: 0.16338831 	 Validating MSE: 0.57244599 	 Best VMSE: 0.57244599
[2020-10-23 11:05:38] esmCNN.cv10: Checkpoint saved to experiments/normal/sili/esmCNN_random_sili_h4
[2020-10-23 11:05:38] esmCNN.cv10: Find channel with Kernel size: 8 	 Lambda: 0.5: 	 Best Score: 0.1629
[2020-10-23 11:05:38] esmCNN.cv10: Found new best state
[2020-10-23 11:05:38] esmCNN.cv10: Best vmse: 0.5656
[2020-10-23 11:05:38] esmCNN.cv10: Channel size: 6 	 Kernel size: 8 
Training MSE: 0.16293825 	 Validating MSE: 0.56559175 	 Best VMSE: 0.56559175
[2020-10-23 11:05:38] esmCNN.cv10: Checkpoint saved to experiments/normal/sili/esmCNN_random_sili_h4
[2020-10-23 11:05:38] esmCNN.cv10: Find channel with Kernel size: 8 	 Lambda: 0.5: 	 Best Score: 0.1621
[2020-10-23 11:05:38] esmCNN.cv10: Channel size: 7 	 Kernel size: 8 
Training MSE: 0.16211864 	 Validating MSE: 0.58299166 	 Best VMSE: 0.56559175
[2020-10-23 11:05:38] esmCNN.cv10: Checkpoint saved to experiments/normal/sili/esmCNN_random_sili_h4
[2020-10-23 11:05:38] esmCNN.cv10: Find channel with Kernel size: 6 	 Lambda: 0.5: 	 Best Score: 0.1610
[2020-10-23 11:05:38] esmCNN.cv10: Channel size: 8 	 Kernel size: 6 
Training MSE: 0.16104679 	 Validating MSE: 0.56991971 	 Best VMSE: 0.56559175
[2020-10-23 11:05:38] esmCNN.cv10: Checkpoint saved to experiments/normal/sili/esmCNN_random_sili_h4
[2020-10-23 11:05:38] esmCNN.cv10: Find channel with Kernel size: 6 	 Lambda: 0.5: 	 Best Score: 0.1606
[2020-10-23 11:05:38] esmCNN.cv10: Channel size: 9 	 Kernel size: 6 
Training MSE: 0.16063705 	 Validating MSE: 0.57551563 	 Best VMSE: 0.56559175
[2020-10-23 11:05:38] esmCNN.cv10: Checkpoint saved to experiments/normal/sili/esmCNN_random_sili_h4
[2020-10-23 11:05:38] esmCNN.cv10: Find channel with Kernel size: 4 	 Lambda: 0.5: 	 Best Score: 0.1601
[2020-10-23 11:05:38] esmCNN.cv10: Channel size: 10 	 Kernel size: 4 
Training MSE: 0.16012302 	 Validating MSE: 0.58445138 	 Best VMSE: 0.56559175
[2020-10-23 11:05:38] esmCNN.cv10: Checkpoint saved to experiments/normal/sili/esmCNN_random_sili_h4
[2020-10-23 11:05:38] esmCNN.cv10: Find channel with Kernel size: 6 	 Lambda: 0.5: 	 Best Score: 0.1598
[2020-10-23 11:05:38] esmCNN.cv10: Channel size: 11 	 Kernel size: 6 
Training MSE: 0.15979119 	 Validating MSE: 0.57140297 	 Best VMSE: 0.56559175
[2020-10-23 11:05:38] esmCNN.cv10: Checkpoint saved to experiments/normal/sili/esmCNN_random_sili_h4
[2020-10-23 11:05:39] esmCNN.cv10: Find channel with Kernel size: 5 	 Lambda: 0.5: 	 Best Score: 0.1594
[2020-10-23 11:05:39] esmCNN.cv10: Channel size: 12 	 Kernel size: 5 
Training MSE: 0.15942842 	 Validating MSE: 0.57155997 	 Best VMSE: 0.56559175
[2020-10-23 11:05:39] esmCNN.cv10: Checkpoint saved to experiments/normal/sili/esmCNN_random_sili_h4
[2020-10-23 11:05:39] esmCNN.cv10: Find channel with Kernel size: 6 	 Lambda: 0.5: 	 Best Score: 0.1593
[2020-10-23 11:05:39] esmCNN.cv10: Channel size: 13 	 Kernel size: 6 
Training MSE: 0.15927245 	 Validating MSE: 0.57584518 	 Best VMSE: 0.56559175
[2020-10-23 11:05:39] esmCNN.cv10: Checkpoint saved to experiments/normal/sili/esmCNN_random_sili_h4
[2020-10-23 11:05:39] esmCNN.cv10: Find channel with Kernel size: 6 	 Lambda: 0.5: 	 Best Score: 0.1592
[2020-10-23 11:05:39] esmCNN.cv10: Channel size: 14 	 Kernel size: 6 
Training MSE: 0.15916455 	 Validating MSE: 0.57273889 	 Best VMSE: 0.56559175
[2020-10-23 11:05:39] esmCNN.cv10: Checkpoint saved to experiments/normal/sili/esmCNN_random_sili_h4
[2020-10-23 11:05:39] esmCNN.cv10: Find channel with Kernel size: 4 	 Lambda: 0.5: 	 Best Score: 0.1590
[2020-10-23 11:05:39] esmCNN.cv10: Channel size: 15 	 Kernel size: 4 
Training MSE: 0.15901759 	 Validating MSE: 0.57514679 	 Best VMSE: 0.56559175
[2020-10-23 11:05:39] esmCNN.cv10: Checkpoint saved to experiments/normal/sili/esmCNN_random_sili_h4
[2020-10-23 11:05:39] esmCNN.cv10: Find channel with Kernel size: 4 	 Lambda: 0.5: 	 Best Score: 0.1585
[2020-10-23 11:05:39] esmCNN.cv10: Channel size: 16 	 Kernel size: 4 
Training MSE: 0.15851942 	 Validating MSE: 0.57164186 	 Best VMSE: 0.56559175
[2020-10-23 11:05:39] esmCNN.cv10: Checkpoint saved to experiments/normal/sili/esmCNN_random_sili_h4
[2020-10-23 11:05:39] esmCNN.cv10: Find channel with Kernel size: 6 	 Lambda: 0.5: 	 Best Score: 0.1580
[2020-10-23 11:05:39] esmCNN.cv10: Channel size: 17 	 Kernel size: 6 
Training MSE: 0.15802337 	 Validating MSE: 0.57582009 	 Best VMSE: 0.56559175
[2020-10-23 11:05:39] esmCNN.cv10: Checkpoint saved to experiments/normal/sili/esmCNN_random_sili_h4
[2020-10-23 11:05:39] esmCNN.cv10: Find channel with Kernel size: 5 	 Lambda: 0.5: 	 Best Score: 0.1578
[2020-10-23 11:05:39] esmCNN.cv10: Channel size: 18 	 Kernel size: 5 
Training MSE: 0.15782733 	 Validating MSE: 0.57016450 	 Best VMSE: 0.56559175
[2020-10-23 11:05:39] esmCNN.cv10: Checkpoint saved to experiments/normal/sili/esmCNN_random_sili_h4
[2020-10-23 11:05:39] esmCNN.cv10: Find channel with Kernel size: 8 	 Lambda: 0.5: 	 Best Score: 0.1577
[2020-10-23 11:05:39] esmCNN.cv10: Channel size: 19 	 Kernel size: 8 
Training MSE: 0.15772682 	 Validating MSE: 0.56909931 	 Best VMSE: 0.56559175
[2020-10-23 11:05:39] esmCNN.cv10: Checkpoint saved to experiments/normal/sili/esmCNN_random_sili_h4
[2020-10-23 11:05:39] esmCNN.cv10: Find channel with Kernel size: 4 	 Lambda: 0.5: 	 Best Score: 0.1576
[2020-10-23 11:05:39] esmCNN.cv10: Channel size: 20 	 Kernel size: 4 
Training MSE: 0.15759283 	 Validating MSE: 0.56957835 	 Best VMSE: 0.56559175
[2020-10-23 11:05:39] esmCNN.cv10: Checkpoint saved to experiments/normal/sili/esmCNN_random_sili_h4
[2020-10-23 11:05:39] esmCNN.cv10: Find channel with Kernel size: 4 	 Lambda: 0.5: 	 Best Score: 0.1574
[2020-10-23 11:05:39] esmCNN.cv10: Channel size: 21 	 Kernel size: 4 
Training MSE: 0.15743633 	 Validating MSE: 0.57227862 	 Best VMSE: 0.56559175
[2020-10-23 11:05:39] esmCNN.cv10: Checkpoint saved to experiments/normal/sili/esmCNN_random_sili_h4
[2020-10-23 11:05:39] esmCNN.cv10: Find channel with Kernel size: 6 	 Lambda: 0.5: 	 Best Score: 0.1572
[2020-10-23 11:05:39] esmCNN.cv10: Channel size: 22 	 Kernel size: 6 
Training MSE: 0.15724486 	 Validating MSE: 0.56870466 	 Best VMSE: 0.56559175
[2020-10-23 11:05:39] esmCNN.cv10: Checkpoint saved to experiments/normal/sili/esmCNN_random_sili_h4
[2020-10-23 11:05:39] esmCNN.cv10: Find channel with Kernel size: 8 	 Lambda: 0.5: 	 Best Score: 0.1571
[2020-10-23 11:05:39] esmCNN.cv10: Channel size: 23 	 Kernel size: 8 
Training MSE: 0.15707430 	 Validating MSE: 0.56781852 	 Best VMSE: 0.56559175
[2020-10-23 11:05:39] esmCNN.cv10: Checkpoint saved to experiments/normal/sili/esmCNN_random_sili_h4
[2020-10-23 11:05:39] esmCNN.cv10: Find channel with Kernel size: 6 	 Lambda: 0.5: 	 Best Score: 0.1567
[2020-10-23 11:05:39] esmCNN.cv10: Channel size: 24 	 Kernel size: 6 
Training MSE: 0.15670569 	 Validating MSE: 0.57372749 	 Best VMSE: 0.56559175
[2020-10-23 11:05:39] esmCNN.cv10: Checkpoint saved to experiments/normal/sili/esmCNN_random_sili_h4
[2020-10-23 11:05:39] esmCNN.cv10: Find channel with Kernel size: 8 	 Lambda: 0.5: 	 Best Score: 0.1564
[2020-10-23 11:05:39] esmCNN.cv10: Channel size: 25 	 Kernel size: 8 
Training MSE: 0.15639560 	 Validating MSE: 0.57151335 	 Best VMSE: 0.56559175
[2020-10-23 11:05:39] esmCNN.cv10: Checkpoint saved to experiments/normal/sili/esmCNN_random_sili_h4
[2020-10-23 11:05:39] esmCNN.cv10: Find channel with Kernel size: 5 	 Lambda: 0.5: 	 Best Score: 0.1556
[2020-10-23 11:05:39] esmCNN.cv10: Channel size: 26 	 Kernel size: 5 
Training MSE: 0.15564243 	 Validating MSE: 0.58815897 	 Best VMSE: 0.56559175
[2020-10-23 11:05:39] esmCNN.cv10: Checkpoint saved to experiments/normal/sili/esmCNN_random_sili_h4
[2020-10-23 11:05:39] esmCNN.cv10: Find channel with Kernel size: 4 	 Lambda: 0.5: 	 Best Score: 0.1548
[2020-10-23 11:05:39] esmCNN.cv10: Channel size: 27 	 Kernel size: 4 
Training MSE: 0.15482309 	 Validating MSE: 0.58087218 	 Best VMSE: 0.56559175
[2020-10-23 11:05:39] esmCNN.cv10: Checkpoint saved to experiments/normal/sili/esmCNN_random_sili_h4
[2020-10-23 11:05:39] esmCNN.cv10: Find channel with Kernel size: 8 	 Lambda: 0.5: 	 Best Score: 0.1543
[2020-10-23 11:05:39] esmCNN.cv10: Channel size: 28 	 Kernel size: 8 
Training MSE: 0.15425727 	 Validating MSE: 0.57195753 	 Best VMSE: 0.56559175
[2020-10-23 11:05:39] esmCNN.cv10: Checkpoint saved to experiments/normal/sili/esmCNN_random_sili_h4
[2020-10-23 11:05:39] esmCNN.cv10: Find channel with Kernel size: 4 	 Lambda: 0.5: 	 Best Score: 0.1540
[2020-10-23 11:05:39] esmCNN.cv10: Channel size: 29 	 Kernel size: 4 
Training MSE: 0.15397450 	 Validating MSE: 0.57723880 	 Best VMSE: 0.56559175
[2020-10-23 11:05:39] esmCNN.cv10: Checkpoint saved to experiments/normal/sili/esmCNN_random_sili_h4
[2020-10-23 11:05:39] esmCNN.cv10: Find channel with Kernel size: 6 	 Lambda: 0.5: 	 Best Score: 0.1527
[2020-10-23 11:05:39] esmCNN.cv10: Channel size: 30 	 Kernel size: 6 
Training MSE: 0.15273212 	 Validating MSE: 0.57581949 	 Best VMSE: 0.56559175
[2020-10-23 11:05:39] esmCNN.cv10: Checkpoint saved to experiments/normal/sili/esmCNN_random_sili_h4
[2020-10-23 11:05:39] esmCNN.cv10: Find channel with Kernel size: 5 	 Lambda: 0.5: 	 Best Score: 0.1518
[2020-10-23 11:05:39] esmCNN.cv10: Channel size: 31 	 Kernel size: 5 
Training MSE: 0.15178235 	 Validating MSE: 0.59209168 	 Best VMSE: 0.56559175
[2020-10-23 11:05:39] esmCNN.cv10: Checkpoint saved to experiments/normal/sili/esmCNN_random_sili_h4
[2020-10-23 11:05:40] esmCNN.cv10: Find channel with Kernel size: 8 	 Lambda: 0.5: 	 Best Score: 0.1512
[2020-10-23 11:05:40] esmCNN.cv10: Channel size: 32 	 Kernel size: 8 
Training MSE: 0.15115061 	 Validating MSE: 0.58380157 	 Best VMSE: 0.56559175
[2020-10-23 11:05:40] esmCNN.cv10: Checkpoint saved to experiments/normal/sili/esmCNN_random_sili_h4
[2020-10-23 11:05:40] esmCNN.cv10: Find channel with Kernel size: 4 	 Lambda: 0.5: 	 Best Score: 0.1504
[2020-10-23 11:05:40] esmCNN.cv10: Channel size: 33 	 Kernel size: 4 
Training MSE: 0.15035537 	 Validating MSE: 0.59413809 	 Best VMSE: 0.56559175
[2020-10-23 11:05:40] esmCNN.cv10: Checkpoint saved to experiments/normal/sili/esmCNN_random_sili_h4
[2020-10-23 11:05:40] esmCNN.cv10: Find channel with Kernel size: 6 	 Lambda: 0.5: 	 Best Score: 0.1495
[2020-10-23 11:05:40] esmCNN.cv10: Channel size: 34 	 Kernel size: 6 
Training MSE: 0.14950396 	 Validating MSE: 0.59125841 	 Best VMSE: 0.56559175
[2020-10-23 11:05:40] esmCNN.cv10: Checkpoint saved to experiments/normal/sili/esmCNN_random_sili_h4
[2020-10-23 11:05:40] esmCNN.cv10: Find channel with Kernel size: 6 	 Lambda: 0.5: 	 Best Score: 0.1487
[2020-10-23 11:05:40] esmCNN.cv10: Channel size: 35 	 Kernel size: 6 
Training MSE: 0.14874558 	 Validating MSE: 0.58834374 	 Best VMSE: 0.56559175
[2020-10-23 11:05:40] esmCNN.cv10: Checkpoint saved to experiments/normal/sili/esmCNN_random_sili_h4
[2020-10-23 11:05:40] esmCNN.cv10: Find channel with Kernel size: 4 	 Lambda: 0.5: 	 Best Score: 0.1485
[2020-10-23 11:05:40] esmCNN.cv10: Channel size: 36 	 Kernel size: 4 
Training MSE: 0.14854676 	 Validating MSE: 0.59159595 	 Best VMSE: 0.56559175
[2020-10-23 11:05:40] esmCNN.cv10: Checkpoint saved to experiments/normal/sili/esmCNN_random_sili_h4
[2020-10-23 11:05:40] esmCNN.cv10: Find channel with Kernel size: 8 	 Lambda: 0.5: 	 Best Score: 0.1484
[2020-10-23 11:05:40] esmCNN.cv10: Channel size: 37 	 Kernel size: 8 
Training MSE: 0.14840016 	 Validating MSE: 0.58690131 	 Best VMSE: 0.56559175
[2020-10-23 11:05:40] esmCNN.cv10: Checkpoint saved to experiments/normal/sili/esmCNN_random_sili_h4
[2020-10-23 11:05:40] esmCNN.cv10: Find channel with Kernel size: 5 	 Lambda: 0.5: 	 Best Score: 0.1480
[2020-10-23 11:05:40] esmCNN.cv10: Channel size: 38 	 Kernel size: 5 
Training MSE: 0.14796339 	 Validating MSE: 0.59235656 	 Best VMSE: 0.56559175
[2020-10-23 11:05:40] esmCNN.cv10: Checkpoint saved to experiments/normal/sili/esmCNN_random_sili_h4
[2020-10-23 11:05:40] esmCNN.cv10: Find channel with Kernel size: 4 	 Lambda: 0.5: 	 Best Score: 0.1475
[2020-10-23 11:05:40] esmCNN.cv10: Channel size: 39 	 Kernel size: 4 
Training MSE: 0.14747150 	 Validating MSE: 0.59290898 	 Best VMSE: 0.56559175
[2020-10-23 11:05:40] esmCNN.cv10: Checkpoint saved to experiments/normal/sili/esmCNN_random_sili_h4
[2020-10-23 11:05:40] esmCNN.cv10: Find channel with Kernel size: 8 	 Lambda: 0.5: 	 Best Score: 0.1474
[2020-10-23 11:05:40] esmCNN.cv10: Channel size: 40 	 Kernel size: 8 
Training MSE: 0.14738744 	 Validating MSE: 0.59101045 	 Best VMSE: 0.56559175
[2020-10-23 11:05:40] esmCNN.cv10: Checkpoint saved to experiments/normal/sili/esmCNN_random_sili_h4
[2020-10-23 11:05:40] esmCNN.cv10: Find channel with Kernel size: 4 	 Lambda: 0.5: 	 Best Score: 0.1466
[2020-10-23 11:05:40] esmCNN.cv10: Channel size: 41 	 Kernel size: 4 
Training MSE: 0.14660549 	 Validating MSE: 0.59010082 	 Best VMSE: 0.56559175
[2020-10-23 11:05:40] esmCNN.cv10: Checkpoint saved to experiments/normal/sili/esmCNN_random_sili_h4
[2020-10-23 11:05:40] esmCNN.cv10: Find channel with Kernel size: 5 	 Lambda: 0.5: 	 Best Score: 0.1460
[2020-10-23 11:05:40] esmCNN.cv10: Channel size: 42 	 Kernel size: 5 
Training MSE: 0.14597104 	 Validating MSE: 0.59497625 	 Best VMSE: 0.56559175
[2020-10-23 11:05:40] esmCNN.cv10: Checkpoint saved to experiments/normal/sili/esmCNN_random_sili_h4
[2020-10-23 11:05:40] esmCNN.cv10: Find channel with Kernel size: 4 	 Lambda: 0.5: 	 Best Score: 0.1459
[2020-10-23 11:05:40] esmCNN.cv10: Channel size: 43 	 Kernel size: 4 
Training MSE: 0.14585759 	 Validating MSE: 0.59320587 	 Best VMSE: 0.56559175
[2020-10-23 11:05:40] esmCNN.cv10: Checkpoint saved to experiments/normal/sili/esmCNN_random_sili_h4
[2020-10-23 11:05:40] esmCNN.cv10: Find channel with Kernel size: 8 	 Lambda: 0.5: 	 Best Score: 0.1457
[2020-10-23 11:05:40] esmCNN.cv10: Channel size: 44 	 Kernel size: 8 
Training MSE: 0.14568454 	 Validating MSE: 0.59892106 	 Best VMSE: 0.56559175
[2020-10-23 11:05:40] esmCNN.cv10: Checkpoint saved to experiments/normal/sili/esmCNN_random_sili_h4
[2020-10-23 11:05:40] esmCNN.cv10: Find channel with Kernel size: 5 	 Lambda: 0.5: 	 Best Score: 0.1453
[2020-10-23 11:05:40] esmCNN.cv10: Channel size: 45 	 Kernel size: 5 
Training MSE: 0.14527988 	 Validating MSE: 0.60129339 	 Best VMSE: 0.56559175
[2020-10-23 11:05:40] esmCNN.cv10: Checkpoint saved to experiments/normal/sili/esmCNN_random_sili_h4
[2020-10-23 11:05:40] esmCNN.cv10: Find channel with Kernel size: 4 	 Lambda: 0.5: 	 Best Score: 0.1451
[2020-10-23 11:05:40] esmCNN.cv10: Channel size: 46 	 Kernel size: 4 
Training MSE: 0.14510028 	 Validating MSE: 0.59634513 	 Best VMSE: 0.56559175
[2020-10-23 11:05:40] esmCNN.cv10: Checkpoint saved to experiments/normal/sili/esmCNN_random_sili_h4
[2020-10-23 11:05:40] esmCNN.cv10: Find channel with Kernel size: 5 	 Lambda: 0.5: 	 Best Score: 0.1450
[2020-10-23 11:05:41] esmCNN.cv10: Channel size: 47 	 Kernel size: 5 
Training MSE: 0.14498572 	 Validating MSE: 0.59510404 	 Best VMSE: 0.56559175
[2020-10-23 11:05:41] esmCNN.cv10: Checkpoint saved to experiments/normal/sili/esmCNN_random_sili_h4
[2020-10-23 11:05:41] esmCNN.cv10: Find channel with Kernel size: 5 	 Lambda: 0.5: 	 Best Score: 0.1449
[2020-10-23 11:05:41] esmCNN.cv10: Channel size: 48 	 Kernel size: 5 
Training MSE: 0.14492777 	 Validating MSE: 0.59537011 	 Best VMSE: 0.56559175
[2020-10-23 11:05:41] esmCNN.cv10: Checkpoint saved to experiments/normal/sili/esmCNN_random_sili_h4
[2020-10-23 11:05:41] esmCNN.cv10: Find channel with Kernel size: 6 	 Lambda: 0.5: 	 Best Score: 0.1448
[2020-10-23 11:05:41] esmCNN.cv10: Channel size: 49 	 Kernel size: 6 
Training MSE: 0.14478664 	 Validating MSE: 0.59387153 	 Best VMSE: 0.56559175
[2020-10-23 11:05:41] esmCNN.cv10: Checkpoint saved to experiments/normal/sili/esmCNN_random_sili_h4
[2020-10-23 11:05:41] esmCNN.cv10: Find channel with Kernel size: 5 	 Lambda: 0.5: 	 Best Score: 0.1445
[2020-10-23 11:05:41] esmCNN.cv10: Channel size: 50 	 Kernel size: 5 
Training MSE: 0.14452127 	 Validating MSE: 0.59382373 	 Best VMSE: 0.56559175
[2020-10-23 11:05:41] esmCNN.cv10: Checkpoint saved to experiments/normal/sili/esmCNN_random_sili_h4
[2020-10-23 11:05:41] esmCNN.cv10: Find channel with Kernel size: 5 	 Lambda: 0.5: 	 Best Score: 0.1441
[2020-10-23 11:05:41] esmCNN.cv10: Channel size: 51 	 Kernel size: 5 
Training MSE: 0.14413038 	 Validating MSE: 0.59633750 	 Best VMSE: 0.56559175
[2020-10-23 11:05:41] esmCNN.cv10: Checkpoint saved to experiments/normal/sili/esmCNN_random_sili_h4
[2020-10-23 11:05:41] esmCNN.cv10: Find channel with Kernel size: 5 	 Lambda: 0.5: 	 Best Score: 0.1439
[2020-10-23 11:05:41] esmCNN.cv10: Channel size: 52 	 Kernel size: 5 
Training MSE: 0.14389867 	 Validating MSE: 0.59903777 	 Best VMSE: 0.56559175
[2020-10-23 11:05:41] esmCNN.cv10: Checkpoint saved to experiments/normal/sili/esmCNN_random_sili_h4
[2020-10-23 11:05:41] esmCNN.cv10: Find channel with Kernel size: 6 	 Lambda: 0.5: 	 Best Score: 0.1438
[2020-10-23 11:05:41] esmCNN.cv10: Channel size: 53 	 Kernel size: 6 
Training MSE: 0.14378124 	 Validating MSE: 0.59954542 	 Best VMSE: 0.56559175
[2020-10-23 11:05:41] esmCNN.cv10: Checkpoint saved to experiments/normal/sili/esmCNN_random_sili_h4
[2020-10-23 11:05:41] esmCNN.cv10: Find channel with Kernel size: 6 	 Lambda: 0.5: 	 Best Score: 0.1437
[2020-10-23 11:05:41] esmCNN.cv10: Channel size: 54 	 Kernel size: 6 
Training MSE: 0.14366679 	 Validating MSE: 0.59993255 	 Best VMSE: 0.56559175
[2020-10-23 11:05:41] esmCNN.cv10: Checkpoint saved to experiments/normal/sili/esmCNN_random_sili_h4
[2020-10-23 11:05:41] esmCNN.cv10: Find channel with Kernel size: 6 	 Lambda: 0.5: 	 Best Score: 0.1434
[2020-10-23 11:05:41] esmCNN.cv10: Channel size: 55 	 Kernel size: 6 
Training MSE: 0.14342327 	 Validating MSE: 0.59900349 	 Best VMSE: 0.56559175
[2020-10-23 11:05:41] esmCNN.cv10: Checkpoint saved to experiments/normal/sili/esmCNN_random_sili_h4
[2020-10-23 11:05:41] esmCNN.cv10: Find channel with Kernel size: 4 	 Lambda: 0.5: 	 Best Score: 0.1431
[2020-10-23 11:05:41] esmCNN.cv10: Channel size: 56 	 Kernel size: 4 
Training MSE: 0.14314543 	 Validating MSE: 0.59947890 	 Best VMSE: 0.56559175
[2020-10-23 11:05:41] esmCNN.cv10: Checkpoint saved to experiments/normal/sili/esmCNN_random_sili_h4
[2020-10-23 11:05:41] esmCNN.cv10: Find channel with Kernel size: 4 	 Lambda: 0.5: 	 Best Score: 0.1430
[2020-10-23 11:05:41] esmCNN.cv10: Channel size: 57 	 Kernel size: 4 
Training MSE: 0.14298868 	 Validating MSE: 0.60163796 	 Best VMSE: 0.56559175
[2020-10-23 11:05:41] esmCNN.cv10: Checkpoint saved to experiments/normal/sili/esmCNN_random_sili_h4
[2020-10-23 11:05:41] esmCNN.cv10: Find channel with Kernel size: 5 	 Lambda: 0.5: 	 Best Score: 0.1429
[2020-10-23 11:05:41] esmCNN.cv10: Channel size: 58 	 Kernel size: 5 
Training MSE: 0.14285770 	 Validating MSE: 0.59908193 	 Best VMSE: 0.56559175
[2020-10-23 11:05:41] esmCNN.cv10: Checkpoint saved to experiments/normal/sili/esmCNN_random_sili_h4
[2020-10-23 11:05:41] esmCNN.cv10: Find channel with Kernel size: 8 	 Lambda: 0.5: 	 Best Score: 0.1421
[2020-10-23 11:05:41] esmCNN.cv10: Channel size: 59 	 Kernel size: 8 
Training MSE: 0.14211179 	 Validating MSE: 0.61321568 	 Best VMSE: 0.56559175
[2020-10-23 11:05:41] esmCNN.cv10: Checkpoint saved to experiments/normal/sili/esmCNN_random_sili_h4
[2020-10-23 11:05:41] esmCNN.cv10: Find channel with Kernel size: 6 	 Lambda: 0.5: 	 Best Score: 0.1414
[2020-10-23 11:05:41] esmCNN.cv10: Channel size: 60 	 Kernel size: 6 
Training MSE: 0.14142576 	 Validating MSE: 0.60676432 	 Best VMSE: 0.56559175
[2020-10-23 11:05:41] esmCNN.cv10: Checkpoint saved to experiments/normal/sili/esmCNN_random_sili_h4
[2020-10-23 11:05:42] esmCNN.cv10: Find channel with Kernel size: 5 	 Lambda: 0.5: 	 Best Score: 0.1410
[2020-10-23 11:05:42] esmCNN.cv10: Channel size: 61 	 Kernel size: 5 
Training MSE: 0.14095321 	 Validating MSE: 0.60367739 	 Best VMSE: 0.56559175
[2020-10-23 11:05:42] esmCNN.cv10: Checkpoint saved to experiments/normal/sili/esmCNN_random_sili_h4
[2020-10-23 11:05:42] esmCNN.cv10: Find channel with Kernel size: 4 	 Lambda: 0.5: 	 Best Score: 0.1406
[2020-10-23 11:05:42] esmCNN.cv10: Channel size: 62 	 Kernel size: 4 
Training MSE: 0.14063682 	 Validating MSE: 0.60983968 	 Best VMSE: 0.56559175
[2020-10-23 11:05:42] esmCNN.cv10: Checkpoint saved to experiments/normal/sili/esmCNN_random_sili_h4
[2020-10-23 11:05:42] esmCNN.cv10: Find channel with Kernel size: 6 	 Lambda: 0.5: 	 Best Score: 0.1404
[2020-10-23 11:05:42] esmCNN.cv10: Channel size: 63 	 Kernel size: 6 
Training MSE: 0.14044811 	 Validating MSE: 0.60541439 	 Best VMSE: 0.56559175
[2020-10-23 11:05:42] esmCNN.cv10: Checkpoint saved to experiments/normal/sili/esmCNN_random_sili_h4
[2020-10-23 11:05:42] esmCNN.cv10: Find channel with Kernel size: 4 	 Lambda: 0.5: 	 Best Score: 0.1403
[2020-10-23 11:05:42] esmCNN.cv10: Channel size: 64 	 Kernel size: 4 
Training MSE: 0.14033596 	 Validating MSE: 0.60653406 	 Best VMSE: 0.56559175
[2020-10-23 11:05:42] esmCNN.cv10: Checkpoint saved to experiments/normal/sili/esmCNN_random_sili_h4
[2020-10-23 11:05:42] esmCNN.cv10: Find channel with Kernel size: 5 	 Lambda: 0.5: 	 Best Score: 0.1402
[2020-10-23 11:05:42] esmCNN.cv10: Channel size: 65 	 Kernel size: 5 
Training MSE: 0.14019267 	 Validating MSE: 0.60795414 	 Best VMSE: 0.56559175
[2020-10-23 11:05:42] esmCNN.cv10: Checkpoint saved to experiments/normal/sili/esmCNN_random_sili_h4
[2020-10-23 11:05:42] esmCNN.cv10: Find channel with Kernel size: 5 	 Lambda: 0.5: 	 Best Score: 0.1401
[2020-10-23 11:05:42] esmCNN.cv10: Channel size: 66 	 Kernel size: 5 
Training MSE: 0.14006691 	 Validating MSE: 0.60999757 	 Best VMSE: 0.56559175
[2020-10-23 11:05:42] esmCNN.cv10: Checkpoint saved to experiments/normal/sili/esmCNN_random_sili_h4
[2020-10-23 11:05:42] esmCNN.cv10: Find channel with Kernel size: 4 	 Lambda: 0.5: 	 Best Score: 0.1399
[2020-10-23 11:05:42] esmCNN.cv10: Channel size: 67 	 Kernel size: 4 
Training MSE: 0.13986576 	 Validating MSE: 0.60432905 	 Best VMSE: 0.56559175
[2020-10-23 11:05:42] esmCNN.cv10: Checkpoint saved to experiments/normal/sili/esmCNN_random_sili_h4
[2020-10-23 11:05:42] esmCNN.cv10: Find channel with Kernel size: 6 	 Lambda: 0.5: 	 Best Score: 0.1396
[2020-10-23 11:05:42] esmCNN.cv10: Channel size: 68 	 Kernel size: 6 
Training MSE: 0.13960105 	 Validating MSE: 0.60702509 	 Best VMSE: 0.56559175
[2020-10-23 11:05:42] esmCNN.cv10: Checkpoint saved to experiments/normal/sili/esmCNN_random_sili_h4
[2020-10-23 11:05:42] esmCNN.cv10: Find channel with Kernel size: 4 	 Lambda: 0.5: 	 Best Score: 0.1392
[2020-10-23 11:05:42] esmCNN.cv10: Channel size: 69 	 Kernel size: 4 
Training MSE: 0.13919935 	 Validating MSE: 0.61504978 	 Best VMSE: 0.56559175
[2020-10-23 11:05:42] esmCNN.cv10: Checkpoint saved to experiments/normal/sili/esmCNN_random_sili_h4
[2020-10-23 11:05:42] esmCNN.cv10: Find channel with Kernel size: 5 	 Lambda: 0.5: 	 Best Score: 0.1391
[2020-10-23 11:05:42] esmCNN.cv10: Channel size: 70 	 Kernel size: 5 
Training MSE: 0.13907486 	 Validating MSE: 0.61472267 	 Best VMSE: 0.56559175
[2020-10-23 11:05:42] esmCNN.cv10: Checkpoint saved to experiments/normal/sili/esmCNN_random_sili_h4
[2020-10-23 11:05:42] esmCNN.cv10: Find channel with Kernel size: 5 	 Lambda: 0.5: 	 Best Score: 0.1389
[2020-10-23 11:05:42] esmCNN.cv10: Channel size: 71 	 Kernel size: 5 
Training MSE: 0.13886212 	 Validating MSE: 0.61806774 	 Best VMSE: 0.56559175
[2020-10-23 11:05:42] esmCNN.cv10: Checkpoint saved to experiments/normal/sili/esmCNN_random_sili_h4
[2020-10-23 11:05:42] esmCNN.cv10: Find channel with Kernel size: 6 	 Lambda: 0.5: 	 Best Score: 0.1385
[2020-10-23 11:05:42] esmCNN.cv10: Channel size: 72 	 Kernel size: 6 
Training MSE: 0.13847014 	 Validating MSE: 0.62605536 	 Best VMSE: 0.56559175
[2020-10-23 11:05:42] esmCNN.cv10: Checkpoint saved to experiments/normal/sili/esmCNN_random_sili_h4
[2020-10-23 11:05:43] esmCNN.cv10: Find channel with Kernel size: 8 	 Lambda: 0.5: 	 Best Score: 0.1382
[2020-10-23 11:05:43] esmCNN.cv10: Channel size: 73 	 Kernel size: 8 
Training MSE: 0.13816585 	 Validating MSE: 0.62247312 	 Best VMSE: 0.56559175
[2020-10-23 11:05:43] esmCNN.cv10: Checkpoint saved to experiments/normal/sili/esmCNN_random_sili_h4
[2020-10-23 11:05:43] esmCNN.cv10: Find channel with Kernel size: 5 	 Lambda: 0.5: 	 Best Score: 0.1381
[2020-10-23 11:05:43] esmCNN.cv10: Channel size: 74 	 Kernel size: 5 
Training MSE: 0.13806964 	 Validating MSE: 0.62317878 	 Best VMSE: 0.56559175
[2020-10-23 11:05:43] esmCNN.cv10: Checkpoint saved to experiments/normal/sili/esmCNN_random_sili_h4
[2020-10-23 11:05:43] esmCNN.cv10: Find channel with Kernel size: 6 	 Lambda: 0.5: 	 Best Score: 0.1379
[2020-10-23 11:05:43] esmCNN.cv10: Channel size: 75 	 Kernel size: 6 
Training MSE: 0.13790958 	 Validating MSE: 0.62677795 	 Best VMSE: 0.56559175
[2020-10-23 11:05:43] esmCNN.cv10: Checkpoint saved to experiments/normal/sili/esmCNN_random_sili_h4
[2020-10-23 11:05:43] esmCNN.cv10: Find channel with Kernel size: 4 	 Lambda: 0.5: 	 Best Score: 0.1378
[2020-10-23 11:05:43] esmCNN.cv10: Channel size: 76 	 Kernel size: 4 
Training MSE: 0.13776749 	 Validating MSE: 0.62273049 	 Best VMSE: 0.56559175
[2020-10-23 11:05:43] esmCNN.cv10: Checkpoint saved to experiments/normal/sili/esmCNN_random_sili_h4
[2020-10-23 11:05:43] esmCNN.cv10: Find channel with Kernel size: 5 	 Lambda: 0.5: 	 Best Score: 0.1376
[2020-10-23 11:05:43] esmCNN.cv10: Channel size: 77 	 Kernel size: 5 
Training MSE: 0.13755235 	 Validating MSE: 0.62550342 	 Best VMSE: 0.56559175
[2020-10-23 11:05:43] esmCNN.cv10: Checkpoint saved to experiments/normal/sili/esmCNN_random_sili_h4
[2020-10-23 11:05:43] esmCNN.cv10: Find channel with Kernel size: 4 	 Lambda: 0.5: 	 Best Score: 0.1374
[2020-10-23 11:05:43] esmCNN.cv10: Channel size: 78 	 Kernel size: 4 
Training MSE: 0.13743128 	 Validating MSE: 0.62589568 	 Best VMSE: 0.56559175
[2020-10-23 11:05:43] esmCNN.cv10: Checkpoint saved to experiments/normal/sili/esmCNN_random_sili_h4
[2020-10-23 11:05:43] esmCNN.cv10: Find channel with Kernel size: 4 	 Lambda: 0.5: 	 Best Score: 0.1373
[2020-10-23 11:05:43] esmCNN.cv10: Channel size: 79 	 Kernel size: 4 
Training MSE: 0.13728523 	 Validating MSE: 0.62790048 	 Best VMSE: 0.56559175
[2020-10-23 11:05:43] esmCNN.cv10: Checkpoint saved to experiments/normal/sili/esmCNN_random_sili_h4
[2020-10-23 11:05:43] esmCNN.cv10: Find channel with Kernel size: 6 	 Lambda: 0.5: 	 Best Score: 0.1371
[2020-10-23 11:05:43] esmCNN.cv10: Channel size: 80 	 Kernel size: 6 
Training MSE: 0.13712880 	 Validating MSE: 0.63388050 	 Best VMSE: 0.56559175
[2020-10-23 11:05:43] esmCNN.cv10: Checkpoint saved to experiments/normal/sili/esmCNN_random_sili_h4
[2020-10-23 11:05:43] esmCNN.cv10: Find channel with Kernel size: 5 	 Lambda: 0.5: 	 Best Score: 0.1370
[2020-10-23 11:05:43] esmCNN.cv10: Channel size: 81 	 Kernel size: 5 
Training MSE: 0.13703096 	 Validating MSE: 0.63063747 	 Best VMSE: 0.56559175
[2020-10-23 11:05:43] esmCNN.cv10: Checkpoint saved to experiments/normal/sili/esmCNN_random_sili_h4
[2020-10-23 11:05:43] esmCNN.cv10: Find channel with Kernel size: 8 	 Lambda: 0.5: 	 Best Score: 0.1369
[2020-10-23 11:05:43] esmCNN.cv10: Channel size: 82 	 Kernel size: 8 
Training MSE: 0.13694619 	 Validating MSE: 0.62940508 	 Best VMSE: 0.56559175
[2020-10-23 11:05:43] esmCNN.cv10: Checkpoint saved to experiments/normal/sili/esmCNN_random_sili_h4
[2020-10-23 11:05:43] esmCNN.cv10: Find channel with Kernel size: 4 	 Lambda: 0.5: 	 Best Score: 0.1368
[2020-10-23 11:05:44] esmCNN.cv10: Channel size: 83 	 Kernel size: 4 
Training MSE: 0.13684410 	 Validating MSE: 0.62882966 	 Best VMSE: 0.56559175
[2020-10-23 11:05:44] esmCNN.cv10: Checkpoint saved to experiments/normal/sili/esmCNN_random_sili_h4
[2020-10-23 11:05:44] esmCNN.cv10: Find channel with Kernel size: 8 	 Lambda: 0.5: 	 Best Score: 0.1358
[2020-10-23 11:05:44] esmCNN.cv10: Channel size: 84 	 Kernel size: 8 
Training MSE: 0.13580853 	 Validating MSE: 0.65141422 	 Best VMSE: 0.56559175
[2020-10-23 11:05:44] esmCNN.cv10: Checkpoint saved to experiments/normal/sili/esmCNN_random_sili_h4
[2020-10-23 11:05:44] esmCNN.cv10: Find channel with Kernel size: 6 	 Lambda: 0.5: 	 Best Score: 0.1348
[2020-10-23 11:05:44] esmCNN.cv10: Channel size: 85 	 Kernel size: 6 
Training MSE: 0.13484907 	 Validating MSE: 0.64183807 	 Best VMSE: 0.56559175
[2020-10-23 11:05:44] esmCNN.cv10: Checkpoint saved to experiments/normal/sili/esmCNN_random_sili_h4
[2020-10-23 11:05:44] esmCNN.cv10: Find channel with Kernel size: 5 	 Lambda: 0.5: 	 Best Score: 0.1341
[2020-10-23 11:05:44] esmCNN.cv10: Channel size: 86 	 Kernel size: 5 
Training MSE: 0.13413250 	 Validating MSE: 0.64555162 	 Best VMSE: 0.56559175
[2020-10-23 11:05:44] esmCNN.cv10: Checkpoint saved to experiments/normal/sili/esmCNN_random_sili_h4
[2020-10-23 11:05:44] esmCNN.cv10: Find channel with Kernel size: 4 	 Lambda: 0.5: 	 Best Score: 0.1341
[2020-10-23 11:05:44] esmCNN.cv10: Channel size: 87 	 Kernel size: 4 
Training MSE: 0.13407075 	 Validating MSE: 0.64637327 	 Best VMSE: 0.56559175
[2020-10-23 11:05:44] esmCNN.cv10: Checkpoint saved to experiments/normal/sili/esmCNN_random_sili_h4
[2020-10-23 11:05:44] esmCNN.cv10: Find channel with Kernel size: 6 	 Lambda: 0.5: 	 Best Score: 0.1338
[2020-10-23 11:05:44] esmCNN.cv10: Channel size: 88 	 Kernel size: 6 
Training MSE: 0.13383201 	 Validating MSE: 0.64682180 	 Best VMSE: 0.56559175
[2020-10-23 11:05:44] esmCNN.cv10: Checkpoint saved to experiments/normal/sili/esmCNN_random_sili_h4
[2020-10-23 11:05:44] esmCNN.cv10: Find channel with Kernel size: 4 	 Lambda: 0.5: 	 Best Score: 0.1337
[2020-10-23 11:05:44] esmCNN.cv10: Channel size: 89 	 Kernel size: 4 
Training MSE: 0.13367124 	 Validating MSE: 0.64703244 	 Best VMSE: 0.56559175
[2020-10-23 11:05:44] esmCNN.cv10: Checkpoint saved to experiments/normal/sili/esmCNN_random_sili_h4
[2020-10-23 11:05:44] esmCNN.cv10: Find channel with Kernel size: 5 	 Lambda: 0.5: 	 Best Score: 0.1336
[2020-10-23 11:05:44] esmCNN.cv10: Channel size: 90 	 Kernel size: 5 
Training MSE: 0.13357660 	 Validating MSE: 0.64615887 	 Best VMSE: 0.56559175
[2020-10-23 11:05:44] esmCNN.cv10: Checkpoint saved to experiments/normal/sili/esmCNN_random_sili_h4
[2020-10-23 11:05:44] esmCNN.cv10: Find channel with Kernel size: 5 	 Lambda: 0.5: 	 Best Score: 0.1335
[2020-10-23 11:05:44] esmCNN.cv10: Channel size: 91 	 Kernel size: 5 
Training MSE: 0.13347253 	 Validating MSE: 0.64837211 	 Best VMSE: 0.56559175
[2020-10-23 11:05:44] esmCNN.cv10: Checkpoint saved to experiments/normal/sili/esmCNN_random_sili_h4
[2020-10-23 11:05:44] esmCNN.cv10: Find channel with Kernel size: 8 	 Lambda: 0.5: 	 Best Score: 0.1332
[2020-10-23 11:05:44] esmCNN.cv10: Channel size: 92 	 Kernel size: 8 
Training MSE: 0.13316028 	 Validating MSE: 0.65939969 	 Best VMSE: 0.56559175
[2020-10-23 11:05:44] esmCNN.cv10: Checkpoint saved to experiments/normal/sili/esmCNN_random_sili_h4
[2020-10-23 11:05:44] esmCNN.cv10: Find channel with Kernel size: 5 	 Lambda: 0.5: 	 Best Score: 0.1326
[2020-10-23 11:05:45] esmCNN.cv10: Channel size: 93 	 Kernel size: 5 
Training MSE: 0.13258654 	 Validating MSE: 0.65324229 	 Best VMSE: 0.56559175
[2020-10-23 11:05:45] esmCNN.cv10: Checkpoint saved to experiments/normal/sili/esmCNN_random_sili_h4
[2020-10-23 11:05:45] esmCNN.cv10: Find channel with Kernel size: 4 	 Lambda: 0.5: 	 Best Score: 0.1324
[2020-10-23 11:05:45] esmCNN.cv10: Channel size: 94 	 Kernel size: 4 
Training MSE: 0.13242324 	 Validating MSE: 0.65163898 	 Best VMSE: 0.56559175
[2020-10-23 11:05:45] esmCNN.cv10: Checkpoint saved to experiments/normal/sili/esmCNN_random_sili_h4
[2020-10-23 11:05:45] esmCNN.cv10: Find channel with Kernel size: 4 	 Lambda: 0.5: 	 Best Score: 0.1322
[2020-10-23 11:05:45] esmCNN.cv10: Channel size: 95 	 Kernel size: 4 
Training MSE: 0.13223672 	 Validating MSE: 0.65326267 	 Best VMSE: 0.56559175
[2020-10-23 11:05:45] esmCNN.cv10: Checkpoint saved to experiments/normal/sili/esmCNN_random_sili_h4
[2020-10-23 11:05:45] esmCNN.cv10: Find channel with Kernel size: 8 	 Lambda: 0.5: 	 Best Score: 0.1321
[2020-10-23 11:05:45] esmCNN.cv10: Channel size: 96 	 Kernel size: 8 
Training MSE: 0.13210306 	 Validating MSE: 0.65692443 	 Best VMSE: 0.56559175
[2020-10-23 11:05:45] esmCNN.cv10: Checkpoint saved to experiments/normal/sili/esmCNN_random_sili_h4
[2020-10-23 11:05:45] esmCNN.cv10: Find channel with Kernel size: 5 	 Lambda: 0.5: 	 Best Score: 0.1320
[2020-10-23 11:05:45] esmCNN.cv10: Channel size: 97 	 Kernel size: 5 
Training MSE: 0.13198718 	 Validating MSE: 0.65764785 	 Best VMSE: 0.56559175
[2020-10-23 11:05:45] esmCNN.cv10: Checkpoint saved to experiments/normal/sili/esmCNN_random_sili_h4
[2020-10-23 11:05:45] esmCNN.cv10: Find channel with Kernel size: 6 	 Lambda: 0.5: 	 Best Score: 0.1319
[2020-10-23 11:05:45] esmCNN.cv10: Channel size: 98 	 Kernel size: 6 
Training MSE: 0.13189952 	 Validating MSE: 0.65683192 	 Best VMSE: 0.56559175
[2020-10-23 11:05:45] esmCNN.cv10: Checkpoint saved to experiments/normal/sili/esmCNN_random_sili_h4
[2020-10-23 11:05:45] esmCNN.cv10: Find channel with Kernel size: 4 	 Lambda: 0.5: 	 Best Score: 0.1318
[2020-10-23 11:05:45] esmCNN.cv10: Channel size: 99 	 Kernel size: 4 
Training MSE: 0.13179857 	 Validating MSE: 0.66181916 	 Best VMSE: 0.56559175
[2020-10-23 11:05:45] esmCNN.cv10: Checkpoint saved to experiments/normal/sili/esmCNN_random_sili_h4
[2020-10-23 11:05:45] esmCNN.cv10: Find channel with Kernel size: 5 	 Lambda: 0.5: 	 Best Score: 0.1317
[2020-10-23 11:05:45] esmCNN.cv10: Channel size: 100 	 Kernel size: 5 
Training MSE: 0.13168104 	 Validating MSE: 0.66159230 	 Best VMSE: 0.56559175
[2020-10-23 11:05:45] esmCNN.cv10: Checkpoint saved to experiments/normal/sili/esmCNN_random_sili_h4
[2020-10-23 11:05:45] esmCNN.cv10: Restoring best parameters from experiments/normal/sili/esmCNN_random_sili_h4/train.cv10.pth.tar
[2020-10-23 11:05:45] esmCNN.cv10: sili	 H: 4	 Trail: 37 
Testing RMSE: 0.8211 	 MAPE: 0.1259 	 SMAPE: 0.06746
