[2020-10-23 11:02:58] esmCNN.cv4: Loading the datasets and model for 15th-batch-training
[2020-10-23 11:02:58] esmCNN.cv4: Argument channel_size: 100
[2020-10-23 11:02:58] esmCNN.cv4: Argument candidate_size: 300
[2020-10-23 11:02:58] esmCNN.cv4: Argument kernel_size: 6
[2020-10-23 11:02:58] esmCNN.cv4: Argument kernel_list: [8, 6, 5, 4]
[2020-10-23 11:02:58] esmCNN.cv4: Argument Lambdas: [0.5, 1, 5, 15, 30, 50, 100, 150, 200]
[2020-10-23 11:02:58] esmCNN.cv4: Argument Lambdas_std: [0.01, 0.05, 0.1, 0.5, 1]
[2020-10-23 11:02:58] esmCNN.cv4: Argument r: [0.8, 0.9, 0.99, 0.9999, 0.999999]
[2020-10-23 11:02:58] esmCNN.cv4: Argument tolerance: 0
[2020-10-23 11:02:58] esmCNN.cv4: Argument device: device(type='cuda')
[2020-10-23 11:02:58] esmCNN.cv4: Argument dataset: 'sili'
[2020-10-23 11:02:58] esmCNN.cv4: Argument H: 4
[2020-10-23 11:02:58] esmCNN.cv4: Argument k: 5
[2020-10-23 11:02:58] esmCNN.cv4: Argument test: False
[2020-10-23 11:02:58] esmCNN.cv4: Argument search: 'random'
[2020-10-23 11:02:58] esmCNN.cv4: Argument normal: True
[2020-10-23 11:02:58] esmCNN.cv4: Argument diff: False
[2020-10-23 11:02:58] esmCNN.cv4: Argument times: 60
[2020-10-23 11:02:58] esmCNN.cv4: Argument datasets: {'ar1': {'lag_order': 15, 'normal': True, 'cov_dim': 0, 'kernel_size': 3}, 'wti': {'lag_order': 25, 'normal': True, 'cov_dim': 0, 'kernel_size': 5}, 'gold': {'lag_order': 25, 'normal': True, 'cov_dim': 0, 'kernel_size': 5}, 'sp': {'lag_order': 25, 'normal': True, 'cov_dim': 0, 'kernel_size': 5}, 'brent': {'lag_order': 24, 'normal': True, 'cov_dim': 0, 'kernel_size': 6}, 'sili': {'lag_order': 26, 'normal': True, 'cov_dim': 0, 'kernel_size': 6}}
[2020-10-23 11:02:58] esmCNN.cv4: Argument steps: 26
[2020-10-23 11:02:58] esmCNN.cv4: Argument cov_dim: 0
[2020-10-23 11:02:58] esmCNN.cv4: Argument experiment: 'experiments/normal/sili'
[2020-10-23 11:02:58] esmCNN.cv4: Argument scaler: StandardScaler()
[2020-10-23 11:02:58] esmCNN.cv4: Argument model_name: 'esmCNN_random_sili_h4'
[2020-10-23 11:02:58] esmCNN.cv4: Argument model_dir: 'experiments/normal/sili/esmCNN_random_sili_h4'
[2020-10-23 11:02:58] esmCNN.cv4: Argument In_channels: 1
[2020-10-23 11:02:58] esmCNN.cv4: Argument restore: True
[2020-10-23 11:02:58] esmCNN.cv4: Argument cv: 4
[2020-10-23 11:02:58] esmCNN.cv4: Argument plot_dir: 'experiments/normal/sili/esmCNN_random_sili_h4/figures'
[2020-10-23 11:02:58] esmCNN.cv4: Argument num_process: 8
[2020-10-23 11:02:58] esmCNN.cv4: Using Cuda...
[2020-10-23 11:02:58] esmCNN.cv4: Loading complete.
[2020-10-23 11:02:58] esmCNN.cv4: Model: 
ESM_CNN(
  (Pool): AvgPool1d(kernel_size=(3,), stride=(1,), padding=(0,))
  (loss_fn): MSELoss()
)
[2020-10-23 11:02:58] esmCNN.cv4: Found new best state
[2020-10-23 11:02:58] esmCNN.cv4: Best vmse: 0.5777
[2020-10-23 11:02:58] esmCNN.cv4: Channel size: 1 	 Kernel size: 6 
Training MSE: 0.17055032 	 Validating MSE: 0.57773805 	 Best VMSE: 0.57773805
[2020-10-23 11:02:58] esmCNN.cv4: Checkpoint saved to experiments/normal/sili/esmCNN_random_sili_h4
[2020-10-23 11:02:58] esmCNN.cv4: Find channel with Kernel size: 4 	 Lambda: 0.5: 	 Best Score: 0.1665
[2020-10-23 11:02:58] esmCNN.cv4: Found new best state
[2020-10-23 11:02:58] esmCNN.cv4: Best vmse: 0.5678
[2020-10-23 11:02:58] esmCNN.cv4: Channel size: 2 	 Kernel size: 4 
Training MSE: 0.16654955 	 Validating MSE: 0.56780434 	 Best VMSE: 0.56780434
[2020-10-23 11:02:58] esmCNN.cv4: Checkpoint saved to experiments/normal/sili/esmCNN_random_sili_h4
[2020-10-23 11:02:58] esmCNN.cv4: Find channel with Kernel size: 4 	 Lambda: 0.5: 	 Best Score: 0.1662
[2020-10-23 11:02:58] esmCNN.cv4: Channel size: 3 	 Kernel size: 4 
Training MSE: 0.16618781 	 Validating MSE: 0.56811798 	 Best VMSE: 0.56780434
[2020-10-23 11:02:58] esmCNN.cv4: Checkpoint saved to experiments/normal/sili/esmCNN_random_sili_h4
[2020-10-23 11:02:58] esmCNN.cv4: Find channel with Kernel size: 6 	 Lambda: 0.5: 	 Best Score: 0.1654
[2020-10-23 11:02:58] esmCNN.cv4: Channel size: 4 	 Kernel size: 6 
Training MSE: 0.16536985 	 Validating MSE: 0.58008552 	 Best VMSE: 0.56780434
[2020-10-23 11:02:58] esmCNN.cv4: Checkpoint saved to experiments/normal/sili/esmCNN_random_sili_h4
[2020-10-23 11:02:58] esmCNN.cv4: Find channel with Kernel size: 5 	 Lambda: 0.5: 	 Best Score: 0.1641
[2020-10-23 11:02:58] esmCNN.cv4: Channel size: 5 	 Kernel size: 5 
Training MSE: 0.16405705 	 Validating MSE: 0.56815261 	 Best VMSE: 0.56780434
[2020-10-23 11:02:58] esmCNN.cv4: Checkpoint saved to experiments/normal/sili/esmCNN_random_sili_h4
[2020-10-23 11:02:58] esmCNN.cv4: Find channel with Kernel size: 5 	 Lambda: 0.5: 	 Best Score: 0.1639
[2020-10-23 11:02:58] esmCNN.cv4: Channel size: 6 	 Kernel size: 5 
Training MSE: 0.16386843 	 Validating MSE: 0.56796509 	 Best VMSE: 0.56780434
[2020-10-23 11:02:58] esmCNN.cv4: Checkpoint saved to experiments/normal/sili/esmCNN_random_sili_h4
[2020-10-23 11:02:58] esmCNN.cv4: Find channel with Kernel size: 8 	 Lambda: 0.5: 	 Best Score: 0.1632
[2020-10-23 11:02:58] esmCNN.cv4: Channel size: 7 	 Kernel size: 8 
Training MSE: 0.16321282 	 Validating MSE: 0.56897670 	 Best VMSE: 0.56780434
[2020-10-23 11:02:58] esmCNN.cv4: Checkpoint saved to experiments/normal/sili/esmCNN_random_sili_h4
[2020-10-23 11:02:58] esmCNN.cv4: Find channel with Kernel size: 4 	 Lambda: 0.5: 	 Best Score: 0.1623
[2020-10-23 11:02:58] esmCNN.cv4: Channel size: 8 	 Kernel size: 4 
Training MSE: 0.16229451 	 Validating MSE: 0.57696795 	 Best VMSE: 0.56780434
[2020-10-23 11:02:58] esmCNN.cv4: Checkpoint saved to experiments/normal/sili/esmCNN_random_sili_h4
[2020-10-23 11:02:58] esmCNN.cv4: Find channel with Kernel size: 8 	 Lambda: 0.5: 	 Best Score: 0.1618
[2020-10-23 11:02:58] esmCNN.cv4: Channel size: 9 	 Kernel size: 8 
Training MSE: 0.16180973 	 Validating MSE: 0.57429928 	 Best VMSE: 0.56780434
[2020-10-23 11:02:58] esmCNN.cv4: Checkpoint saved to experiments/normal/sili/esmCNN_random_sili_h4
[2020-10-23 11:02:58] esmCNN.cv4: Find channel with Kernel size: 5 	 Lambda: 0.5: 	 Best Score: 0.1613
[2020-10-23 11:02:58] esmCNN.cv4: Channel size: 10 	 Kernel size: 5 
Training MSE: 0.16127399 	 Validating MSE: 0.57498568 	 Best VMSE: 0.56780434
[2020-10-23 11:02:58] esmCNN.cv4: Checkpoint saved to experiments/normal/sili/esmCNN_random_sili_h4
[2020-10-23 11:02:58] esmCNN.cv4: Find channel with Kernel size: 5 	 Lambda: 0.5: 	 Best Score: 0.1612
[2020-10-23 11:02:58] esmCNN.cv4: Channel size: 11 	 Kernel size: 5 
Training MSE: 0.16115116 	 Validating MSE: 0.57139367 	 Best VMSE: 0.56780434
[2020-10-23 11:02:58] esmCNN.cv4: Checkpoint saved to experiments/normal/sili/esmCNN_random_sili_h4
[2020-10-23 11:02:58] esmCNN.cv4: Find channel with Kernel size: 6 	 Lambda: 0.5: 	 Best Score: 0.1609
[2020-10-23 11:02:58] esmCNN.cv4: Channel size: 12 	 Kernel size: 6 
Training MSE: 0.16094054 	 Validating MSE: 0.56936097 	 Best VMSE: 0.56780434
[2020-10-23 11:02:58] esmCNN.cv4: Checkpoint saved to experiments/normal/sili/esmCNN_random_sili_h4
[2020-10-23 11:02:58] esmCNN.cv4: Find channel with Kernel size: 6 	 Lambda: 0.5: 	 Best Score: 0.1607
[2020-10-23 11:02:58] esmCNN.cv4: Channel size: 13 	 Kernel size: 6 
Training MSE: 0.16074780 	 Validating MSE: 0.56930041 	 Best VMSE: 0.56780434
[2020-10-23 11:02:58] esmCNN.cv4: Checkpoint saved to experiments/normal/sili/esmCNN_random_sili_h4
[2020-10-23 11:02:58] esmCNN.cv4: Find channel with Kernel size: 6 	 Lambda: 0.5: 	 Best Score: 0.1606
[2020-10-23 11:02:58] esmCNN.cv4: Found new best state
[2020-10-23 11:02:58] esmCNN.cv4: Best vmse: 0.5675
[2020-10-23 11:02:58] esmCNN.cv4: Channel size: 14 	 Kernel size: 6 
Training MSE: 0.16058192 	 Validating MSE: 0.56745744 	 Best VMSE: 0.56745744
[2020-10-23 11:02:58] esmCNN.cv4: Checkpoint saved to experiments/normal/sili/esmCNN_random_sili_h4
[2020-10-23 11:02:58] esmCNN.cv4: Find channel with Kernel size: 8 	 Lambda: 0.5: 	 Best Score: 0.1603
[2020-10-23 11:02:58] esmCNN.cv4: Found new best state
[2020-10-23 11:02:58] esmCNN.cv4: Best vmse: 0.5648
[2020-10-23 11:02:58] esmCNN.cv4: Channel size: 15 	 Kernel size: 8 
Training MSE: 0.16032392 	 Validating MSE: 0.56480497 	 Best VMSE: 0.56480497
[2020-10-23 11:02:58] esmCNN.cv4: Checkpoint saved to experiments/normal/sili/esmCNN_random_sili_h4
[2020-10-23 11:02:58] esmCNN.cv4: Find channel with Kernel size: 6 	 Lambda: 0.5: 	 Best Score: 0.1596
[2020-10-23 11:02:58] esmCNN.cv4: Channel size: 16 	 Kernel size: 6 
Training MSE: 0.15956254 	 Validating MSE: 0.57704914 	 Best VMSE: 0.56480497
[2020-10-23 11:02:58] esmCNN.cv4: Checkpoint saved to experiments/normal/sili/esmCNN_random_sili_h4
[2020-10-23 11:02:58] esmCNN.cv4: Find channel with Kernel size: 4 	 Lambda: 0.5: 	 Best Score: 0.1579
[2020-10-23 11:02:58] esmCNN.cv4: Found new best state
[2020-10-23 11:02:58] esmCNN.cv4: Best vmse: 0.5569
[2020-10-23 11:02:58] esmCNN.cv4: Channel size: 17 	 Kernel size: 4 
Training MSE: 0.15788239 	 Validating MSE: 0.55690283 	 Best VMSE: 0.55690283
[2020-10-23 11:02:58] esmCNN.cv4: Checkpoint saved to experiments/normal/sili/esmCNN_random_sili_h4
[2020-10-23 11:02:58] esmCNN.cv4: Find channel with Kernel size: 6 	 Lambda: 0.5: 	 Best Score: 0.1571
[2020-10-23 11:02:58] esmCNN.cv4: Channel size: 18 	 Kernel size: 6 
Training MSE: 0.15712106 	 Validating MSE: 0.57268131 	 Best VMSE: 0.55690283
[2020-10-23 11:02:58] esmCNN.cv4: Checkpoint saved to experiments/normal/sili/esmCNN_random_sili_h4
[2020-10-23 11:02:58] esmCNN.cv4: Find channel with Kernel size: 6 	 Lambda: 0.5: 	 Best Score: 0.1568
[2020-10-23 11:02:58] esmCNN.cv4: Channel size: 19 	 Kernel size: 6 
Training MSE: 0.15683997 	 Validating MSE: 0.57346815 	 Best VMSE: 0.55690283
[2020-10-23 11:02:58] esmCNN.cv4: Checkpoint saved to experiments/normal/sili/esmCNN_random_sili_h4
[2020-10-23 11:02:59] esmCNN.cv4: Find channel with Kernel size: 8 	 Lambda: 0.5: 	 Best Score: 0.1567
[2020-10-23 11:02:59] esmCNN.cv4: Channel size: 20 	 Kernel size: 8 
Training MSE: 0.15672256 	 Validating MSE: 0.57330132 	 Best VMSE: 0.55690283
[2020-10-23 11:02:59] esmCNN.cv4: Checkpoint saved to experiments/normal/sili/esmCNN_random_sili_h4
[2020-10-23 11:02:59] esmCNN.cv4: Find channel with Kernel size: 6 	 Lambda: 0.5: 	 Best Score: 0.1566
[2020-10-23 11:02:59] esmCNN.cv4: Channel size: 21 	 Kernel size: 6 
Training MSE: 0.15659469 	 Validating MSE: 0.57195449 	 Best VMSE: 0.55690283
[2020-10-23 11:02:59] esmCNN.cv4: Checkpoint saved to experiments/normal/sili/esmCNN_random_sili_h4
[2020-10-23 11:02:59] esmCNN.cv4: Find channel with Kernel size: 8 	 Lambda: 0.5: 	 Best Score: 0.1563
[2020-10-23 11:02:59] esmCNN.cv4: Channel size: 22 	 Kernel size: 8 
Training MSE: 0.15634380 	 Validating MSE: 0.57215381 	 Best VMSE: 0.55690283
[2020-10-23 11:02:59] esmCNN.cv4: Checkpoint saved to experiments/normal/sili/esmCNN_random_sili_h4
[2020-10-23 11:02:59] esmCNN.cv4: Find channel with Kernel size: 5 	 Lambda: 0.5: 	 Best Score: 0.1561
[2020-10-23 11:02:59] esmCNN.cv4: Channel size: 23 	 Kernel size: 5 
Training MSE: 0.15612510 	 Validating MSE: 0.57913893 	 Best VMSE: 0.55690283
[2020-10-23 11:02:59] esmCNN.cv4: Checkpoint saved to experiments/normal/sili/esmCNN_random_sili_h4
[2020-10-23 11:02:59] esmCNN.cv4: Find channel with Kernel size: 4 	 Lambda: 0.5: 	 Best Score: 0.1560
[2020-10-23 11:02:59] esmCNN.cv4: Channel size: 24 	 Kernel size: 4 
Training MSE: 0.15601787 	 Validating MSE: 0.57537574 	 Best VMSE: 0.55690283
[2020-10-23 11:02:59] esmCNN.cv4: Checkpoint saved to experiments/normal/sili/esmCNN_random_sili_h4
[2020-10-23 11:02:59] esmCNN.cv4: Find channel with Kernel size: 6 	 Lambda: 0.5: 	 Best Score: 0.1557
[2020-10-23 11:02:59] esmCNN.cv4: Channel size: 25 	 Kernel size: 6 
Training MSE: 0.15569270 	 Validating MSE: 0.58027875 	 Best VMSE: 0.55690283
[2020-10-23 11:02:59] esmCNN.cv4: Checkpoint saved to experiments/normal/sili/esmCNN_random_sili_h4
[2020-10-23 11:02:59] esmCNN.cv4: Find channel with Kernel size: 5 	 Lambda: 0.5: 	 Best Score: 0.1554
[2020-10-23 11:02:59] esmCNN.cv4: Channel size: 26 	 Kernel size: 5 
Training MSE: 0.15541784 	 Validating MSE: 0.57690054 	 Best VMSE: 0.55690283
[2020-10-23 11:02:59] esmCNN.cv4: Checkpoint saved to experiments/normal/sili/esmCNN_random_sili_h4
[2020-10-23 11:02:59] esmCNN.cv4: Find channel with Kernel size: 4 	 Lambda: 0.5: 	 Best Score: 0.1554
[2020-10-23 11:02:59] esmCNN.cv4: Channel size: 27 	 Kernel size: 4 
Training MSE: 0.15535398 	 Validating MSE: 0.57946193 	 Best VMSE: 0.55690283
[2020-10-23 11:02:59] esmCNN.cv4: Checkpoint saved to experiments/normal/sili/esmCNN_random_sili_h4
[2020-10-23 11:02:59] esmCNN.cv4: Find channel with Kernel size: 5 	 Lambda: 0.5: 	 Best Score: 0.1552
[2020-10-23 11:02:59] esmCNN.cv4: Channel size: 28 	 Kernel size: 5 
Training MSE: 0.15519224 	 Validating MSE: 0.57991505 	 Best VMSE: 0.55690283
[2020-10-23 11:02:59] esmCNN.cv4: Checkpoint saved to experiments/normal/sili/esmCNN_random_sili_h4
[2020-10-23 11:02:59] esmCNN.cv4: Find channel with Kernel size: 8 	 Lambda: 0.5: 	 Best Score: 0.1550
[2020-10-23 11:02:59] esmCNN.cv4: Channel size: 29 	 Kernel size: 8 
Training MSE: 0.15502302 	 Validating MSE: 0.57702005 	 Best VMSE: 0.55690283
[2020-10-23 11:02:59] esmCNN.cv4: Checkpoint saved to experiments/normal/sili/esmCNN_random_sili_h4
[2020-10-23 11:02:59] esmCNN.cv4: Find channel with Kernel size: 4 	 Lambda: 0.5: 	 Best Score: 0.1549
[2020-10-23 11:02:59] esmCNN.cv4: Channel size: 30 	 Kernel size: 4 
Training MSE: 0.15490909 	 Validating MSE: 0.58336055 	 Best VMSE: 0.55690283
[2020-10-23 11:02:59] esmCNN.cv4: Checkpoint saved to experiments/normal/sili/esmCNN_random_sili_h4
[2020-10-23 11:02:59] esmCNN.cv4: Find channel with Kernel size: 5 	 Lambda: 0.5: 	 Best Score: 0.1542
[2020-10-23 11:02:59] esmCNN.cv4: Channel size: 31 	 Kernel size: 5 
Training MSE: 0.15422931 	 Validating MSE: 0.58335507 	 Best VMSE: 0.55690283
[2020-10-23 11:02:59] esmCNN.cv4: Checkpoint saved to experiments/normal/sili/esmCNN_random_sili_h4
[2020-10-23 11:02:59] esmCNN.cv4: Find channel with Kernel size: 4 	 Lambda: 0.5: 	 Best Score: 0.1536
[2020-10-23 11:02:59] esmCNN.cv4: Channel size: 32 	 Kernel size: 4 
Training MSE: 0.15358594 	 Validating MSE: 0.58685029 	 Best VMSE: 0.55690283
[2020-10-23 11:02:59] esmCNN.cv4: Checkpoint saved to experiments/normal/sili/esmCNN_random_sili_h4
[2020-10-23 11:02:59] esmCNN.cv4: Find channel with Kernel size: 5 	 Lambda: 0.5: 	 Best Score: 0.1533
[2020-10-23 11:02:59] esmCNN.cv4: Channel size: 33 	 Kernel size: 5 
Training MSE: 0.15328114 	 Validating MSE: 0.58267295 	 Best VMSE: 0.55690283
[2020-10-23 11:02:59] esmCNN.cv4: Checkpoint saved to experiments/normal/sili/esmCNN_random_sili_h4
[2020-10-23 11:02:59] esmCNN.cv4: Find channel with Kernel size: 8 	 Lambda: 0.5: 	 Best Score: 0.1531
[2020-10-23 11:02:59] esmCNN.cv4: Channel size: 34 	 Kernel size: 8 
Training MSE: 0.15307705 	 Validating MSE: 0.58340311 	 Best VMSE: 0.55690283
[2020-10-23 11:02:59] esmCNN.cv4: Checkpoint saved to experiments/normal/sili/esmCNN_random_sili_h4
[2020-10-23 11:02:59] esmCNN.cv4: Find channel with Kernel size: 8 	 Lambda: 0.5: 	 Best Score: 0.1527
[2020-10-23 11:02:59] esmCNN.cv4: Channel size: 35 	 Kernel size: 8 
Training MSE: 0.15266439 	 Validating MSE: 0.58894891 	 Best VMSE: 0.55690283
[2020-10-23 11:02:59] esmCNN.cv4: Checkpoint saved to experiments/normal/sili/esmCNN_random_sili_h4
[2020-10-23 11:02:59] esmCNN.cv4: Find channel with Kernel size: 6 	 Lambda: 0.5: 	 Best Score: 0.1521
[2020-10-23 11:02:59] esmCNN.cv4: Channel size: 36 	 Kernel size: 6 
Training MSE: 0.15211843 	 Validating MSE: 0.59481049 	 Best VMSE: 0.55690283
[2020-10-23 11:02:59] esmCNN.cv4: Checkpoint saved to experiments/normal/sili/esmCNN_random_sili_h4
[2020-10-23 11:02:59] esmCNN.cv4: Find channel with Kernel size: 6 	 Lambda: 0.5: 	 Best Score: 0.1517
[2020-10-23 11:02:59] esmCNN.cv4: Channel size: 37 	 Kernel size: 6 
Training MSE: 0.15170214 	 Validating MSE: 0.58818024 	 Best VMSE: 0.55690283
[2020-10-23 11:02:59] esmCNN.cv4: Checkpoint saved to experiments/normal/sili/esmCNN_random_sili_h4
[2020-10-23 11:03:00] esmCNN.cv4: Find channel with Kernel size: 5 	 Lambda: 0.5: 	 Best Score: 0.1514
[2020-10-23 11:03:00] esmCNN.cv4: Channel size: 38 	 Kernel size: 5 
Training MSE: 0.15139410 	 Validating MSE: 0.58232754 	 Best VMSE: 0.55690283
[2020-10-23 11:03:00] esmCNN.cv4: Checkpoint saved to experiments/normal/sili/esmCNN_random_sili_h4
[2020-10-23 11:03:00] esmCNN.cv4: Find channel with Kernel size: 6 	 Lambda: 0.5: 	 Best Score: 0.1513
[2020-10-23 11:03:00] esmCNN.cv4: Channel size: 39 	 Kernel size: 6 
Training MSE: 0.15130450 	 Validating MSE: 0.58830994 	 Best VMSE: 0.55690283
[2020-10-23 11:03:00] esmCNN.cv4: Checkpoint saved to experiments/normal/sili/esmCNN_random_sili_h4
[2020-10-23 11:03:00] esmCNN.cv4: Find channel with Kernel size: 5 	 Lambda: 0.5: 	 Best Score: 0.1511
[2020-10-23 11:03:00] esmCNN.cv4: Channel size: 40 	 Kernel size: 5 
Training MSE: 0.15110451 	 Validating MSE: 0.58891505 	 Best VMSE: 0.55690283
[2020-10-23 11:03:00] esmCNN.cv4: Checkpoint saved to experiments/normal/sili/esmCNN_random_sili_h4
[2020-10-23 11:03:00] esmCNN.cv4: Find channel with Kernel size: 4 	 Lambda: 0.5: 	 Best Score: 0.1508
[2020-10-23 11:03:00] esmCNN.cv4: Channel size: 41 	 Kernel size: 4 
Training MSE: 0.15078889 	 Validating MSE: 0.58730197 	 Best VMSE: 0.55690283
[2020-10-23 11:03:00] esmCNN.cv4: Checkpoint saved to experiments/normal/sili/esmCNN_random_sili_h4
[2020-10-23 11:03:00] esmCNN.cv4: Find channel with Kernel size: 6 	 Lambda: 0.5: 	 Best Score: 0.1504
[2020-10-23 11:03:00] esmCNN.cv4: Channel size: 42 	 Kernel size: 6 
Training MSE: 0.15044314 	 Validating MSE: 0.58507419 	 Best VMSE: 0.55690283
[2020-10-23 11:03:00] esmCNN.cv4: Checkpoint saved to experiments/normal/sili/esmCNN_random_sili_h4
[2020-10-23 11:03:00] esmCNN.cv4: Find channel with Kernel size: 4 	 Lambda: 0.5: 	 Best Score: 0.1502
[2020-10-23 11:03:00] esmCNN.cv4: Channel size: 43 	 Kernel size: 4 
Training MSE: 0.15021643 	 Validating MSE: 0.59139377 	 Best VMSE: 0.55690283
[2020-10-23 11:03:00] esmCNN.cv4: Checkpoint saved to experiments/normal/sili/esmCNN_random_sili_h4
[2020-10-23 11:03:00] esmCNN.cv4: Find channel with Kernel size: 8 	 Lambda: 0.5: 	 Best Score: 0.1500
[2020-10-23 11:03:00] esmCNN.cv4: Channel size: 44 	 Kernel size: 8 
Training MSE: 0.15001146 	 Validating MSE: 0.59621286 	 Best VMSE: 0.55690283
[2020-10-23 11:03:00] esmCNN.cv4: Checkpoint saved to experiments/normal/sili/esmCNN_random_sili_h4
[2020-10-23 11:03:00] esmCNN.cv4: Find channel with Kernel size: 4 	 Lambda: 0.5: 	 Best Score: 0.1497
[2020-10-23 11:03:00] esmCNN.cv4: Channel size: 45 	 Kernel size: 4 
Training MSE: 0.14972213 	 Validating MSE: 0.58434665 	 Best VMSE: 0.55690283
[2020-10-23 11:03:00] esmCNN.cv4: Checkpoint saved to experiments/normal/sili/esmCNN_random_sili_h4
[2020-10-23 11:03:00] esmCNN.cv4: Find channel with Kernel size: 8 	 Lambda: 0.5: 	 Best Score: 0.1489
[2020-10-23 11:03:00] esmCNN.cv4: Channel size: 46 	 Kernel size: 8 
Training MSE: 0.14887735 	 Validating MSE: 0.58061963 	 Best VMSE: 0.55690283
[2020-10-23 11:03:00] esmCNN.cv4: Checkpoint saved to experiments/normal/sili/esmCNN_random_sili_h4
[2020-10-23 11:03:00] esmCNN.cv4: Find channel with Kernel size: 5 	 Lambda: 0.5: 	 Best Score: 0.1482
[2020-10-23 11:03:00] esmCNN.cv4: Channel size: 47 	 Kernel size: 5 
Training MSE: 0.14820944 	 Validating MSE: 0.59154576 	 Best VMSE: 0.55690283
[2020-10-23 11:03:00] esmCNN.cv4: Checkpoint saved to experiments/normal/sili/esmCNN_random_sili_h4
[2020-10-23 11:03:00] esmCNN.cv4: Find channel with Kernel size: 5 	 Lambda: 0.5: 	 Best Score: 0.1481
[2020-10-23 11:03:00] esmCNN.cv4: Channel size: 48 	 Kernel size: 5 
Training MSE: 0.14811967 	 Validating MSE: 0.59161270 	 Best VMSE: 0.55690283
[2020-10-23 11:03:00] esmCNN.cv4: Checkpoint saved to experiments/normal/sili/esmCNN_random_sili_h4
[2020-10-23 11:03:00] esmCNN.cv4: Find channel with Kernel size: 4 	 Lambda: 0.5: 	 Best Score: 0.1480
[2020-10-23 11:03:00] esmCNN.cv4: Channel size: 49 	 Kernel size: 4 
Training MSE: 0.14800896 	 Validating MSE: 0.59370553 	 Best VMSE: 0.55690283
[2020-10-23 11:03:00] esmCNN.cv4: Checkpoint saved to experiments/normal/sili/esmCNN_random_sili_h4
[2020-10-23 11:03:00] esmCNN.cv4: Find channel with Kernel size: 5 	 Lambda: 0.5: 	 Best Score: 0.1479
[2020-10-23 11:03:00] esmCNN.cv4: Channel size: 50 	 Kernel size: 5 
Training MSE: 0.14789645 	 Validating MSE: 0.59442860 	 Best VMSE: 0.55690283
[2020-10-23 11:03:00] esmCNN.cv4: Checkpoint saved to experiments/normal/sili/esmCNN_random_sili_h4
[2020-10-23 11:03:00] esmCNN.cv4: Find channel with Kernel size: 4 	 Lambda: 0.5: 	 Best Score: 0.1476
[2020-10-23 11:03:00] esmCNN.cv4: Channel size: 51 	 Kernel size: 4 
Training MSE: 0.14763995 	 Validating MSE: 0.58889371 	 Best VMSE: 0.55690283
[2020-10-23 11:03:00] esmCNN.cv4: Checkpoint saved to experiments/normal/sili/esmCNN_random_sili_h4
[2020-10-23 11:03:00] esmCNN.cv4: Find channel with Kernel size: 4 	 Lambda: 0.5: 	 Best Score: 0.1474
[2020-10-23 11:03:00] esmCNN.cv4: Channel size: 52 	 Kernel size: 4 
Training MSE: 0.14741163 	 Validating MSE: 0.59257257 	 Best VMSE: 0.55690283
[2020-10-23 11:03:00] esmCNN.cv4: Checkpoint saved to experiments/normal/sili/esmCNN_random_sili_h4
[2020-10-23 11:03:01] esmCNN.cv4: Find channel with Kernel size: 4 	 Lambda: 0.5: 	 Best Score: 0.1472
[2020-10-23 11:03:01] esmCNN.cv4: Channel size: 53 	 Kernel size: 4 
Training MSE: 0.14719841 	 Validating MSE: 0.59574753 	 Best VMSE: 0.55690283
[2020-10-23 11:03:01] esmCNN.cv4: Checkpoint saved to experiments/normal/sili/esmCNN_random_sili_h4
[2020-10-23 11:03:01] esmCNN.cv4: Find channel with Kernel size: 6 	 Lambda: 0.5: 	 Best Score: 0.1469
[2020-10-23 11:03:01] esmCNN.cv4: Channel size: 54 	 Kernel size: 6 
Training MSE: 0.14693129 	 Validating MSE: 0.59595680 	 Best VMSE: 0.55690283
[2020-10-23 11:03:01] esmCNN.cv4: Checkpoint saved to experiments/normal/sili/esmCNN_random_sili_h4
[2020-10-23 11:03:01] esmCNN.cv4: Find channel with Kernel size: 5 	 Lambda: 0.5: 	 Best Score: 0.1467
[2020-10-23 11:03:01] esmCNN.cv4: Channel size: 55 	 Kernel size: 5 
Training MSE: 0.14665210 	 Validating MSE: 0.59793752 	 Best VMSE: 0.55690283
[2020-10-23 11:03:01] esmCNN.cv4: Checkpoint saved to experiments/normal/sili/esmCNN_random_sili_h4
[2020-10-23 11:03:01] esmCNN.cv4: Find channel with Kernel size: 6 	 Lambda: 0.5: 	 Best Score: 0.1465
[2020-10-23 11:03:01] esmCNN.cv4: Channel size: 56 	 Kernel size: 6 
Training MSE: 0.14648157 	 Validating MSE: 0.59710407 	 Best VMSE: 0.55690283
[2020-10-23 11:03:01] esmCNN.cv4: Checkpoint saved to experiments/normal/sili/esmCNN_random_sili_h4
[2020-10-23 11:03:01] esmCNN.cv4: Find channel with Kernel size: 6 	 Lambda: 0.5: 	 Best Score: 0.1462
[2020-10-23 11:03:01] esmCNN.cv4: Channel size: 57 	 Kernel size: 6 
Training MSE: 0.14623362 	 Validating MSE: 0.60247749 	 Best VMSE: 0.55690283
[2020-10-23 11:03:01] esmCNN.cv4: Checkpoint saved to experiments/normal/sili/esmCNN_random_sili_h4
[2020-10-23 11:03:01] esmCNN.cv4: Find channel with Kernel size: 4 	 Lambda: 0.5: 	 Best Score: 0.1459
[2020-10-23 11:03:01] esmCNN.cv4: Channel size: 58 	 Kernel size: 4 
Training MSE: 0.14589994 	 Validating MSE: 0.59451103 	 Best VMSE: 0.55690283
[2020-10-23 11:03:01] esmCNN.cv4: Checkpoint saved to experiments/normal/sili/esmCNN_random_sili_h4
[2020-10-23 11:03:01] esmCNN.cv4: Find channel with Kernel size: 4 	 Lambda: 0.5: 	 Best Score: 0.1458
[2020-10-23 11:03:01] esmCNN.cv4: Channel size: 59 	 Kernel size: 4 
Training MSE: 0.14576101 	 Validating MSE: 0.59829617 	 Best VMSE: 0.55690283
[2020-10-23 11:03:01] esmCNN.cv4: Checkpoint saved to experiments/normal/sili/esmCNN_random_sili_h4
[2020-10-23 11:03:01] esmCNN.cv4: Find channel with Kernel size: 4 	 Lambda: 0.5: 	 Best Score: 0.1457
[2020-10-23 11:03:01] esmCNN.cv4: Channel size: 60 	 Kernel size: 4 
Training MSE: 0.14566812 	 Validating MSE: 0.59845680 	 Best VMSE: 0.55690283
[2020-10-23 11:03:01] esmCNN.cv4: Checkpoint saved to experiments/normal/sili/esmCNN_random_sili_h4
[2020-10-23 11:03:01] esmCNN.cv4: Find channel with Kernel size: 4 	 Lambda: 0.5: 	 Best Score: 0.1454
[2020-10-23 11:03:01] esmCNN.cv4: Channel size: 61 	 Kernel size: 4 
Training MSE: 0.14539699 	 Validating MSE: 0.59814054 	 Best VMSE: 0.55690283
[2020-10-23 11:03:01] esmCNN.cv4: Checkpoint saved to experiments/normal/sili/esmCNN_random_sili_h4
[2020-10-23 11:03:01] esmCNN.cv4: Find channel with Kernel size: 4 	 Lambda: 0.5: 	 Best Score: 0.1452
[2020-10-23 11:03:01] esmCNN.cv4: Channel size: 62 	 Kernel size: 4 
Training MSE: 0.14516295 	 Validating MSE: 0.59927452 	 Best VMSE: 0.55690283
[2020-10-23 11:03:01] esmCNN.cv4: Checkpoint saved to experiments/normal/sili/esmCNN_random_sili_h4
[2020-10-23 11:03:01] esmCNN.cv4: Find channel with Kernel size: 5 	 Lambda: 0.5: 	 Best Score: 0.1451
[2020-10-23 11:03:01] esmCNN.cv4: Channel size: 63 	 Kernel size: 5 
Training MSE: 0.14507781 	 Validating MSE: 0.60069644 	 Best VMSE: 0.55690283
[2020-10-23 11:03:01] esmCNN.cv4: Checkpoint saved to experiments/normal/sili/esmCNN_random_sili_h4
[2020-10-23 11:03:01] esmCNN.cv4: Find channel with Kernel size: 4 	 Lambda: 0.5: 	 Best Score: 0.1449
[2020-10-23 11:03:01] esmCNN.cv4: Channel size: 64 	 Kernel size: 4 
Training MSE: 0.14491937 	 Validating MSE: 0.59783542 	 Best VMSE: 0.55690283
[2020-10-23 11:03:01] esmCNN.cv4: Checkpoint saved to experiments/normal/sili/esmCNN_random_sili_h4
[2020-10-23 11:03:01] esmCNN.cv4: Find channel with Kernel size: 8 	 Lambda: 0.5: 	 Best Score: 0.1448
[2020-10-23 11:03:01] esmCNN.cv4: Channel size: 65 	 Kernel size: 8 
Training MSE: 0.14480704 	 Validating MSE: 0.59230989 	 Best VMSE: 0.55690283
[2020-10-23 11:03:02] esmCNN.cv4: Checkpoint saved to experiments/normal/sili/esmCNN_random_sili_h4
[2020-10-23 11:03:02] esmCNN.cv4: Find channel with Kernel size: 5 	 Lambda: 0.5: 	 Best Score: 0.1447
[2020-10-23 11:03:02] esmCNN.cv4: Channel size: 66 	 Kernel size: 5 
Training MSE: 0.14469318 	 Validating MSE: 0.59746861 	 Best VMSE: 0.55690283
[2020-10-23 11:03:02] esmCNN.cv4: Checkpoint saved to experiments/normal/sili/esmCNN_random_sili_h4
[2020-10-23 11:03:02] esmCNN.cv4: Find channel with Kernel size: 6 	 Lambda: 0.5: 	 Best Score: 0.1445
[2020-10-23 11:03:02] esmCNN.cv4: Channel size: 67 	 Kernel size: 6 
Training MSE: 0.14449745 	 Validating MSE: 0.59946090 	 Best VMSE: 0.55690283
[2020-10-23 11:03:02] esmCNN.cv4: Checkpoint saved to experiments/normal/sili/esmCNN_random_sili_h4
[2020-10-23 11:03:02] esmCNN.cv4: Find channel with Kernel size: 5 	 Lambda: 0.5: 	 Best Score: 0.1443
[2020-10-23 11:03:02] esmCNN.cv4: Channel size: 68 	 Kernel size: 5 
Training MSE: 0.14430405 	 Validating MSE: 0.60447031 	 Best VMSE: 0.55690283
[2020-10-23 11:03:02] esmCNN.cv4: Checkpoint saved to experiments/normal/sili/esmCNN_random_sili_h4
[2020-10-23 11:03:02] esmCNN.cv4: Find channel with Kernel size: 6 	 Lambda: 0.5: 	 Best Score: 0.1440
[2020-10-23 11:03:02] esmCNN.cv4: Channel size: 69 	 Kernel size: 6 
Training MSE: 0.14404248 	 Validating MSE: 0.60519415 	 Best VMSE: 0.55690283
[2020-10-23 11:03:02] esmCNN.cv4: Checkpoint saved to experiments/normal/sili/esmCNN_random_sili_h4
[2020-10-23 11:03:02] esmCNN.cv4: Find channel with Kernel size: 8 	 Lambda: 0.5: 	 Best Score: 0.1438
[2020-10-23 11:03:02] esmCNN.cv4: Channel size: 70 	 Kernel size: 8 
Training MSE: 0.14379388 	 Validating MSE: 0.60687387 	 Best VMSE: 0.55690283
[2020-10-23 11:03:02] esmCNN.cv4: Checkpoint saved to experiments/normal/sili/esmCNN_random_sili_h4
[2020-10-23 11:03:02] esmCNN.cv4: Find channel with Kernel size: 4 	 Lambda: 0.5: 	 Best Score: 0.1434
[2020-10-23 11:03:02] esmCNN.cv4: Channel size: 71 	 Kernel size: 4 
Training MSE: 0.14344807 	 Validating MSE: 0.60297418 	 Best VMSE: 0.55690283
[2020-10-23 11:03:02] esmCNN.cv4: Checkpoint saved to experiments/normal/sili/esmCNN_random_sili_h4
[2020-10-23 11:03:02] esmCNN.cv4: Find channel with Kernel size: 6 	 Lambda: 0.5: 	 Best Score: 0.1432
[2020-10-23 11:03:02] esmCNN.cv4: Channel size: 72 	 Kernel size: 6 
Training MSE: 0.14317670 	 Validating MSE: 0.60339123 	 Best VMSE: 0.55690283
[2020-10-23 11:03:02] esmCNN.cv4: Checkpoint saved to experiments/normal/sili/esmCNN_random_sili_h4
[2020-10-23 11:03:02] esmCNN.cv4: Find channel with Kernel size: 5 	 Lambda: 0.5: 	 Best Score: 0.1429
[2020-10-23 11:03:02] esmCNN.cv4: Channel size: 73 	 Kernel size: 5 
Training MSE: 0.14293775 	 Validating MSE: 0.60180026 	 Best VMSE: 0.55690283
[2020-10-23 11:03:02] esmCNN.cv4: Checkpoint saved to experiments/normal/sili/esmCNN_random_sili_h4
[2020-10-23 11:03:02] esmCNN.cv4: Find channel with Kernel size: 6 	 Lambda: 0.5: 	 Best Score: 0.1427
[2020-10-23 11:03:02] esmCNN.cv4: Channel size: 74 	 Kernel size: 6 
Training MSE: 0.14269584 	 Validating MSE: 0.60784453 	 Best VMSE: 0.55690283
[2020-10-23 11:03:02] esmCNN.cv4: Checkpoint saved to experiments/normal/sili/esmCNN_random_sili_h4
[2020-10-23 11:03:02] esmCNN.cv4: Find channel with Kernel size: 4 	 Lambda: 0.5: 	 Best Score: 0.1425
[2020-10-23 11:03:02] esmCNN.cv4: Channel size: 75 	 Kernel size: 4 
Training MSE: 0.14246953 	 Validating MSE: 0.61261082 	 Best VMSE: 0.55690283
[2020-10-23 11:03:02] esmCNN.cv4: Checkpoint saved to experiments/normal/sili/esmCNN_random_sili_h4
[2020-10-23 11:03:02] esmCNN.cv4: Find channel with Kernel size: 8 	 Lambda: 0.5: 	 Best Score: 0.1424
[2020-10-23 11:03:02] esmCNN.cv4: Channel size: 76 	 Kernel size: 8 
Training MSE: 0.14241296 	 Validating MSE: 0.61171198 	 Best VMSE: 0.55690283
[2020-10-23 11:03:02] esmCNN.cv4: Checkpoint saved to experiments/normal/sili/esmCNN_random_sili_h4
[2020-10-23 11:03:02] esmCNN.cv4: Find channel with Kernel size: 4 	 Lambda: 0.5: 	 Best Score: 0.1423
[2020-10-23 11:03:03] esmCNN.cv4: Channel size: 77 	 Kernel size: 4 
Training MSE: 0.14225590 	 Validating MSE: 0.61381274 	 Best VMSE: 0.55690283
[2020-10-23 11:03:03] esmCNN.cv4: Checkpoint saved to experiments/normal/sili/esmCNN_random_sili_h4
[2020-10-23 11:03:03] esmCNN.cv4: Find channel with Kernel size: 4 	 Lambda: 0.5: 	 Best Score: 0.1422
[2020-10-23 11:03:03] esmCNN.cv4: Channel size: 78 	 Kernel size: 4 
Training MSE: 0.14219759 	 Validating MSE: 0.61477256 	 Best VMSE: 0.55690283
[2020-10-23 11:03:03] esmCNN.cv4: Checkpoint saved to experiments/normal/sili/esmCNN_random_sili_h4
[2020-10-23 11:03:03] esmCNN.cv4: Find channel with Kernel size: 8 	 Lambda: 0.5: 	 Best Score: 0.1421
[2020-10-23 11:03:03] esmCNN.cv4: Channel size: 79 	 Kernel size: 8 
Training MSE: 0.14212494 	 Validating MSE: 0.61523294 	 Best VMSE: 0.55690283
[2020-10-23 11:03:03] esmCNN.cv4: Checkpoint saved to experiments/normal/sili/esmCNN_random_sili_h4
[2020-10-23 11:03:03] esmCNN.cv4: Find channel with Kernel size: 6 	 Lambda: 0.5: 	 Best Score: 0.1419
[2020-10-23 11:03:03] esmCNN.cv4: Channel size: 80 	 Kernel size: 6 
Training MSE: 0.14188795 	 Validating MSE: 0.61121380 	 Best VMSE: 0.55690283
[2020-10-23 11:03:03] esmCNN.cv4: Checkpoint saved to experiments/normal/sili/esmCNN_random_sili_h4
[2020-10-23 11:03:03] esmCNN.cv4: Find channel with Kernel size: 5 	 Lambda: 0.5: 	 Best Score: 0.1417
[2020-10-23 11:03:03] esmCNN.cv4: Channel size: 81 	 Kernel size: 5 
Training MSE: 0.14171638 	 Validating MSE: 0.61606902 	 Best VMSE: 0.55690283
[2020-10-23 11:03:03] esmCNN.cv4: Checkpoint saved to experiments/normal/sili/esmCNN_random_sili_h4
[2020-10-23 11:03:03] esmCNN.cv4: Find channel with Kernel size: 6 	 Lambda: 0.5: 	 Best Score: 0.1416
[2020-10-23 11:03:03] esmCNN.cv4: Channel size: 82 	 Kernel size: 6 
Training MSE: 0.14156809 	 Validating MSE: 0.62136543 	 Best VMSE: 0.55690283
[2020-10-23 11:03:03] esmCNN.cv4: Checkpoint saved to experiments/normal/sili/esmCNN_random_sili_h4
[2020-10-23 11:03:03] esmCNN.cv4: Find channel with Kernel size: 8 	 Lambda: 0.5: 	 Best Score: 0.1414
[2020-10-23 11:03:03] esmCNN.cv4: Channel size: 83 	 Kernel size: 8 
Training MSE: 0.14138016 	 Validating MSE: 0.62126726 	 Best VMSE: 0.55690283
[2020-10-23 11:03:03] esmCNN.cv4: Checkpoint saved to experiments/normal/sili/esmCNN_random_sili_h4
[2020-10-23 11:03:03] esmCNN.cv4: Find channel with Kernel size: 6 	 Lambda: 0.5: 	 Best Score: 0.1409
[2020-10-23 11:03:03] esmCNN.cv4: Channel size: 84 	 Kernel size: 6 
Training MSE: 0.14091240 	 Validating MSE: 0.63086712 	 Best VMSE: 0.55690283
[2020-10-23 11:03:03] esmCNN.cv4: Checkpoint saved to experiments/normal/sili/esmCNN_random_sili_h4
[2020-10-23 11:03:03] esmCNN.cv4: Find channel with Kernel size: 4 	 Lambda: 0.5: 	 Best Score: 0.1408
[2020-10-23 11:03:03] esmCNN.cv4: Channel size: 85 	 Kernel size: 4 
Training MSE: 0.14075625 	 Validating MSE: 0.62400424 	 Best VMSE: 0.55690283
[2020-10-23 11:03:03] esmCNN.cv4: Checkpoint saved to experiments/normal/sili/esmCNN_random_sili_h4
[2020-10-23 11:03:03] esmCNN.cv4: Find channel with Kernel size: 5 	 Lambda: 0.5: 	 Best Score: 0.1406
[2020-10-23 11:03:03] esmCNN.cv4: Channel size: 86 	 Kernel size: 5 
Training MSE: 0.14060703 	 Validating MSE: 0.62211454 	 Best VMSE: 0.55690283
[2020-10-23 11:03:03] esmCNN.cv4: Checkpoint saved to experiments/normal/sili/esmCNN_random_sili_h4
[2020-10-23 11:03:03] esmCNN.cv4: Find channel with Kernel size: 6 	 Lambda: 0.5: 	 Best Score: 0.1404
[2020-10-23 11:03:03] esmCNN.cv4: Channel size: 87 	 Kernel size: 6 
Training MSE: 0.14040868 	 Validating MSE: 0.62765110 	 Best VMSE: 0.55690283
[2020-10-23 11:03:04] esmCNN.cv4: Checkpoint saved to experiments/normal/sili/esmCNN_random_sili_h4
[2020-10-23 11:03:04] esmCNN.cv4: Find channel with Kernel size: 5 	 Lambda: 0.5: 	 Best Score: 0.1403
[2020-10-23 11:03:04] esmCNN.cv4: Channel size: 88 	 Kernel size: 5 
Training MSE: 0.14032298 	 Validating MSE: 0.62852514 	 Best VMSE: 0.55690283
[2020-10-23 11:03:04] esmCNN.cv4: Checkpoint saved to experiments/normal/sili/esmCNN_random_sili_h4
[2020-10-23 11:03:04] esmCNN.cv4: Find channel with Kernel size: 5 	 Lambda: 0.5: 	 Best Score: 0.1403
[2020-10-23 11:03:04] esmCNN.cv4: Channel size: 89 	 Kernel size: 5 
Training MSE: 0.14025874 	 Validating MSE: 0.62593180 	 Best VMSE: 0.55690283
[2020-10-23 11:03:04] esmCNN.cv4: Checkpoint saved to experiments/normal/sili/esmCNN_random_sili_h4
[2020-10-23 11:03:04] esmCNN.cv4: Find channel with Kernel size: 5 	 Lambda: 0.5: 	 Best Score: 0.1401
[2020-10-23 11:03:04] esmCNN.cv4: Channel size: 90 	 Kernel size: 5 
Training MSE: 0.14013359 	 Validating MSE: 0.62661695 	 Best VMSE: 0.55690283
[2020-10-23 11:03:04] esmCNN.cv4: Checkpoint saved to experiments/normal/sili/esmCNN_random_sili_h4
[2020-10-23 11:03:04] esmCNN.cv4: Find channel with Kernel size: 4 	 Lambda: 0.5: 	 Best Score: 0.1400
[2020-10-23 11:03:04] esmCNN.cv4: Channel size: 91 	 Kernel size: 4 
Training MSE: 0.13995865 	 Validating MSE: 0.62364048 	 Best VMSE: 0.55690283
[2020-10-23 11:03:04] esmCNN.cv4: Checkpoint saved to experiments/normal/sili/esmCNN_random_sili_h4
[2020-10-23 11:03:04] esmCNN.cv4: Find channel with Kernel size: 4 	 Lambda: 0.5: 	 Best Score: 0.1398
[2020-10-23 11:03:04] esmCNN.cv4: Channel size: 92 	 Kernel size: 4 
Training MSE: 0.13977009 	 Validating MSE: 0.62446785 	 Best VMSE: 0.55690283
[2020-10-23 11:03:04] esmCNN.cv4: Checkpoint saved to experiments/normal/sili/esmCNN_random_sili_h4
[2020-10-23 11:03:04] esmCNN.cv4: Find channel with Kernel size: 8 	 Lambda: 0.5: 	 Best Score: 0.1396
[2020-10-23 11:03:04] esmCNN.cv4: Channel size: 93 	 Kernel size: 8 
Training MSE: 0.13958956 	 Validating MSE: 0.62386221 	 Best VMSE: 0.55690283
[2020-10-23 11:03:04] esmCNN.cv4: Checkpoint saved to experiments/normal/sili/esmCNN_random_sili_h4
[2020-10-23 11:03:04] esmCNN.cv4: Find channel with Kernel size: 5 	 Lambda: 0.5: 	 Best Score: 0.1393
[2020-10-23 11:03:04] esmCNN.cv4: Channel size: 94 	 Kernel size: 5 
Training MSE: 0.13933207 	 Validating MSE: 0.62852108 	 Best VMSE: 0.55690283
[2020-10-23 11:03:04] esmCNN.cv4: Checkpoint saved to experiments/normal/sili/esmCNN_random_sili_h4
[2020-10-23 11:03:04] esmCNN.cv4: Find channel with Kernel size: 5 	 Lambda: 0.5: 	 Best Score: 0.1391
[2020-10-23 11:03:04] esmCNN.cv4: Channel size: 95 	 Kernel size: 5 
Training MSE: 0.13909675 	 Validating MSE: 0.62829727 	 Best VMSE: 0.55690283
[2020-10-23 11:03:04] esmCNN.cv4: Checkpoint saved to experiments/normal/sili/esmCNN_random_sili_h4
[2020-10-23 11:03:04] esmCNN.cv4: Find channel with Kernel size: 4 	 Lambda: 0.5: 	 Best Score: 0.1388
[2020-10-23 11:03:04] esmCNN.cv4: Channel size: 96 	 Kernel size: 4 
Training MSE: 0.13877092 	 Validating MSE: 0.63369852 	 Best VMSE: 0.55690283
[2020-10-23 11:03:04] esmCNN.cv4: Checkpoint saved to experiments/normal/sili/esmCNN_random_sili_h4
[2020-10-23 11:03:04] esmCNN.cv4: Find channel with Kernel size: 5 	 Lambda: 0.5: 	 Best Score: 0.1385
[2020-10-23 11:03:05] esmCNN.cv4: Channel size: 97 	 Kernel size: 5 
Training MSE: 0.13854697 	 Validating MSE: 0.63351524 	 Best VMSE: 0.55690283
[2020-10-23 11:03:05] esmCNN.cv4: Checkpoint saved to experiments/normal/sili/esmCNN_random_sili_h4
[2020-10-23 11:03:05] esmCNN.cv4: Find channel with Kernel size: 4 	 Lambda: 0.5: 	 Best Score: 0.1384
[2020-10-23 11:03:05] esmCNN.cv4: Channel size: 98 	 Kernel size: 4 
Training MSE: 0.13835455 	 Validating MSE: 0.63344473 	 Best VMSE: 0.55690283
[2020-10-23 11:03:05] esmCNN.cv4: Checkpoint saved to experiments/normal/sili/esmCNN_random_sili_h4
[2020-10-23 11:03:05] esmCNN.cv4: Find channel with Kernel size: 8 	 Lambda: 0.5: 	 Best Score: 0.1382
[2020-10-23 11:03:05] esmCNN.cv4: Channel size: 99 	 Kernel size: 8 
Training MSE: 0.13819148 	 Validating MSE: 0.63391548 	 Best VMSE: 0.55690283
[2020-10-23 11:03:05] esmCNN.cv4: Checkpoint saved to experiments/normal/sili/esmCNN_random_sili_h4
[2020-10-23 11:03:05] esmCNN.cv4: Find channel with Kernel size: 4 	 Lambda: 0.5: 	 Best Score: 0.1381
[2020-10-23 11:03:05] esmCNN.cv4: Channel size: 100 	 Kernel size: 4 
Training MSE: 0.13812838 	 Validating MSE: 0.63637263 	 Best VMSE: 0.55690283
[2020-10-23 11:03:05] esmCNN.cv4: Checkpoint saved to experiments/normal/sili/esmCNN_random_sili_h4
[2020-10-23 11:03:05] esmCNN.cv4: Restoring best parameters from experiments/normal/sili/esmCNN_random_sili_h4/train.cv4.pth.tar
[2020-10-23 11:03:05] esmCNN.cv4: sili	 H: 4	 Trail: 15 
Testing RMSE: 0.817 	 MAPE: 0.1284 	 SMAPE: 0.06794
