[2020-10-23 11:07:50] esmCNN.cv17: Loading the datasets and model for 55th-batch-training
[2020-10-23 11:07:50] esmCNN.cv17: Argument channel_size: 100
[2020-10-23 11:07:50] esmCNN.cv17: Argument candidate_size: 300
[2020-10-23 11:07:50] esmCNN.cv17: Argument kernel_size: 6
[2020-10-23 11:07:50] esmCNN.cv17: Argument kernel_list: [8, 6, 5, 4]
[2020-10-23 11:07:50] esmCNN.cv17: Argument Lambdas: [0.5, 1, 5, 15, 30, 50, 100, 150, 200]
[2020-10-23 11:07:50] esmCNN.cv17: Argument Lambdas_std: [0.01, 0.05, 0.1, 0.5, 1]
[2020-10-23 11:07:50] esmCNN.cv17: Argument r: [0.8, 0.9, 0.99, 0.9999, 0.999999]
[2020-10-23 11:07:50] esmCNN.cv17: Argument tolerance: 0
[2020-10-23 11:07:50] esmCNN.cv17: Argument device: device(type='cuda')
[2020-10-23 11:07:50] esmCNN.cv17: Argument dataset: 'sili'
[2020-10-23 11:07:50] esmCNN.cv17: Argument H: 4
[2020-10-23 11:07:50] esmCNN.cv17: Argument k: 5
[2020-10-23 11:07:50] esmCNN.cv17: Argument test: False
[2020-10-23 11:07:50] esmCNN.cv17: Argument search: 'random'
[2020-10-23 11:07:50] esmCNN.cv17: Argument normal: True
[2020-10-23 11:07:50] esmCNN.cv17: Argument diff: False
[2020-10-23 11:07:50] esmCNN.cv17: Argument times: 60
[2020-10-23 11:07:50] esmCNN.cv17: Argument datasets: {'ar1': {'lag_order': 15, 'normal': True, 'cov_dim': 0, 'kernel_size': 3}, 'wti': {'lag_order': 25, 'normal': True, 'cov_dim': 0, 'kernel_size': 5}, 'gold': {'lag_order': 25, 'normal': True, 'cov_dim': 0, 'kernel_size': 5}, 'sp': {'lag_order': 25, 'normal': True, 'cov_dim': 0, 'kernel_size': 5}, 'brent': {'lag_order': 24, 'normal': True, 'cov_dim': 0, 'kernel_size': 6}, 'sili': {'lag_order': 26, 'normal': True, 'cov_dim': 0, 'kernel_size': 6}}
[2020-10-23 11:07:50] esmCNN.cv17: Argument steps: 26
[2020-10-23 11:07:50] esmCNN.cv17: Argument cov_dim: 0
[2020-10-23 11:07:50] esmCNN.cv17: Argument experiment: 'experiments/normal/sili'
[2020-10-23 11:07:50] esmCNN.cv17: Argument scaler: StandardScaler()
[2020-10-23 11:07:50] esmCNN.cv17: Argument model_name: 'esmCNN_random_sili_h4'
[2020-10-23 11:07:50] esmCNN.cv17: Argument model_dir: 'experiments/normal/sili/esmCNN_random_sili_h4'
[2020-10-23 11:07:50] esmCNN.cv17: Argument In_channels: 1
[2020-10-23 11:07:50] esmCNN.cv17: Argument restore: True
[2020-10-23 11:07:50] esmCNN.cv17: Argument cv: 17
[2020-10-23 11:07:50] esmCNN.cv17: Argument plot_dir: 'experiments/normal/sili/esmCNN_random_sili_h4/figures'
[2020-10-23 11:07:50] esmCNN.cv17: Argument num_process: 8
[2020-10-23 11:07:50] esmCNN.cv17: Using Cuda...
[2020-10-23 11:07:50] esmCNN.cv17: Loading complete.
[2020-10-23 11:07:50] esmCNN.cv17: Model: 
ESM_CNN(
  (Pool): AvgPool1d(kernel_size=(3,), stride=(1,), padding=(0,))
  (loss_fn): MSELoss()
)
[2020-10-23 11:07:50] esmCNN.cv17: Found new best state
[2020-10-23 11:07:50] esmCNN.cv17: Best vmse: 0.6412
[2020-10-23 11:07:50] esmCNN.cv17: Channel size: 1 	 Kernel size: 6 
Training MSE: 0.18356130 	 Validating MSE: 0.64119136 	 Best VMSE: 0.64119136
[2020-10-23 11:07:50] esmCNN.cv17: Checkpoint saved to experiments/normal/sili/esmCNN_random_sili_h4
[2020-10-23 11:07:50] esmCNN.cv17: Find channel with Kernel size: 4 	 Lambda: 0.5: 	 Best Score: 0.1700
[2020-10-23 11:07:50] esmCNN.cv17: Found new best state
[2020-10-23 11:07:50] esmCNN.cv17: Best vmse: 0.5825
[2020-10-23 11:07:50] esmCNN.cv17: Channel size: 2 	 Kernel size: 4 
Training MSE: 0.17001846 	 Validating MSE: 0.58250803 	 Best VMSE: 0.58250803
[2020-10-23 11:07:50] esmCNN.cv17: Checkpoint saved to experiments/normal/sili/esmCNN_random_sili_h4
[2020-10-23 11:07:50] esmCNN.cv17: Find channel with Kernel size: 6 	 Lambda: 0.5: 	 Best Score: 0.1655
[2020-10-23 11:07:50] esmCNN.cv17: Found new best state
[2020-10-23 11:07:50] esmCNN.cv17: Best vmse: 0.5689
[2020-10-23 11:07:50] esmCNN.cv17: Channel size: 3 	 Kernel size: 6 
Training MSE: 0.16548894 	 Validating MSE: 0.56891698 	 Best VMSE: 0.56891698
[2020-10-23 11:07:50] esmCNN.cv17: Checkpoint saved to experiments/normal/sili/esmCNN_random_sili_h4
[2020-10-23 11:07:50] esmCNN.cv17: Find channel with Kernel size: 8 	 Lambda: 0.5: 	 Best Score: 0.1648
[2020-10-23 11:07:50] esmCNN.cv17: Found new best state
[2020-10-23 11:07:50] esmCNN.cv17: Best vmse: 0.5618
[2020-10-23 11:07:50] esmCNN.cv17: Channel size: 4 	 Kernel size: 8 
Training MSE: 0.16479647 	 Validating MSE: 0.56179875 	 Best VMSE: 0.56179875
[2020-10-23 11:07:50] esmCNN.cv17: Checkpoint saved to experiments/normal/sili/esmCNN_random_sili_h4
[2020-10-23 11:07:50] esmCNN.cv17: Find channel with Kernel size: 4 	 Lambda: 0.5: 	 Best Score: 0.1641
[2020-10-23 11:07:50] esmCNN.cv17: Channel size: 5 	 Kernel size: 4 
Training MSE: 0.16414997 	 Validating MSE: 0.56811017 	 Best VMSE: 0.56179875
[2020-10-23 11:07:50] esmCNN.cv17: Checkpoint saved to experiments/normal/sili/esmCNN_random_sili_h4
[2020-10-23 11:07:50] esmCNN.cv17: Find channel with Kernel size: 8 	 Lambda: 0.5: 	 Best Score: 0.1639
[2020-10-23 11:07:50] esmCNN.cv17: Found new best state
[2020-10-23 11:07:50] esmCNN.cv17: Best vmse: 0.5593
[2020-10-23 11:07:50] esmCNN.cv17: Channel size: 6 	 Kernel size: 8 
Training MSE: 0.16393630 	 Validating MSE: 0.55934519 	 Best VMSE: 0.55934519
[2020-10-23 11:07:50] esmCNN.cv17: Checkpoint saved to experiments/normal/sili/esmCNN_random_sili_h4
[2020-10-23 11:07:50] esmCNN.cv17: Find channel with Kernel size: 8 	 Lambda: 0.5: 	 Best Score: 0.1631
[2020-10-23 11:07:50] esmCNN.cv17: Channel size: 7 	 Kernel size: 8 
Training MSE: 0.16312745 	 Validating MSE: 0.56459755 	 Best VMSE: 0.55934519
[2020-10-23 11:07:50] esmCNN.cv17: Checkpoint saved to experiments/normal/sili/esmCNN_random_sili_h4
[2020-10-23 11:07:50] esmCNN.cv17: Find channel with Kernel size: 4 	 Lambda: 0.5: 	 Best Score: 0.1622
[2020-10-23 11:07:50] esmCNN.cv17: Channel size: 8 	 Kernel size: 4 
Training MSE: 0.16219705 	 Validating MSE: 0.57722735 	 Best VMSE: 0.55934519
[2020-10-23 11:07:50] esmCNN.cv17: Checkpoint saved to experiments/normal/sili/esmCNN_random_sili_h4
[2020-10-23 11:07:50] esmCNN.cv17: Find channel with Kernel size: 8 	 Lambda: 0.5: 	 Best Score: 0.1617
[2020-10-23 11:07:50] esmCNN.cv17: Channel size: 9 	 Kernel size: 8 
Training MSE: 0.16165601 	 Validating MSE: 0.57075131 	 Best VMSE: 0.55934519
[2020-10-23 11:07:50] esmCNN.cv17: Checkpoint saved to experiments/normal/sili/esmCNN_random_sili_h4
[2020-10-23 11:07:50] esmCNN.cv17: Find channel with Kernel size: 5 	 Lambda: 0.5: 	 Best Score: 0.1611
[2020-10-23 11:07:50] esmCNN.cv17: Channel size: 10 	 Kernel size: 5 
Training MSE: 0.16108468 	 Validating MSE: 0.57230049 	 Best VMSE: 0.55934519
[2020-10-23 11:07:50] esmCNN.cv17: Checkpoint saved to experiments/normal/sili/esmCNN_random_sili_h4
[2020-10-23 11:07:50] esmCNN.cv17: Find channel with Kernel size: 6 	 Lambda: 0.5: 	 Best Score: 0.1607
[2020-10-23 11:07:50] esmCNN.cv17: Channel size: 11 	 Kernel size: 6 
Training MSE: 0.16074398 	 Validating MSE: 0.56946868 	 Best VMSE: 0.55934519
[2020-10-23 11:07:50] esmCNN.cv17: Checkpoint saved to experiments/normal/sili/esmCNN_random_sili_h4
[2020-10-23 11:07:50] esmCNN.cv17: Find channel with Kernel size: 4 	 Lambda: 0.5: 	 Best Score: 0.1603
[2020-10-23 11:07:50] esmCNN.cv17: Channel size: 12 	 Kernel size: 4 
Training MSE: 0.16032848 	 Validating MSE: 0.56130928 	 Best VMSE: 0.55934519
[2020-10-23 11:07:50] esmCNN.cv17: Checkpoint saved to experiments/normal/sili/esmCNN_random_sili_h4
[2020-10-23 11:07:50] esmCNN.cv17: Find channel with Kernel size: 5 	 Lambda: 0.5: 	 Best Score: 0.1599
[2020-10-23 11:07:50] esmCNN.cv17: Found new best state
[2020-10-23 11:07:50] esmCNN.cv17: Best vmse: 0.5589
[2020-10-23 11:07:50] esmCNN.cv17: Channel size: 13 	 Kernel size: 5 
Training MSE: 0.15989453 	 Validating MSE: 0.55889946 	 Best VMSE: 0.55889946
[2020-10-23 11:07:50] esmCNN.cv17: Checkpoint saved to experiments/normal/sili/esmCNN_random_sili_h4
[2020-10-23 11:07:50] esmCNN.cv17: Find channel with Kernel size: 4 	 Lambda: 0.5: 	 Best Score: 0.1595
[2020-10-23 11:07:50] esmCNN.cv17: Channel size: 14 	 Kernel size: 4 
Training MSE: 0.15949577 	 Validating MSE: 0.56827307 	 Best VMSE: 0.55889946
[2020-10-23 11:07:50] esmCNN.cv17: Checkpoint saved to experiments/normal/sili/esmCNN_random_sili_h4
[2020-10-23 11:07:50] esmCNN.cv17: Find channel with Kernel size: 6 	 Lambda: 0.5: 	 Best Score: 0.1587
[2020-10-23 11:07:50] esmCNN.cv17: Channel size: 15 	 Kernel size: 6 
Training MSE: 0.15872999 	 Validating MSE: 0.56700015 	 Best VMSE: 0.55889946
[2020-10-23 11:07:50] esmCNN.cv17: Checkpoint saved to experiments/normal/sili/esmCNN_random_sili_h4
[2020-10-23 11:07:50] esmCNN.cv17: Find channel with Kernel size: 6 	 Lambda: 0.5: 	 Best Score: 0.1581
[2020-10-23 11:07:50] esmCNN.cv17: Channel size: 16 	 Kernel size: 6 
Training MSE: 0.15806986 	 Validating MSE: 0.57411373 	 Best VMSE: 0.55889946
[2020-10-23 11:07:50] esmCNN.cv17: Checkpoint saved to experiments/normal/sili/esmCNN_random_sili_h4
[2020-10-23 11:07:50] esmCNN.cv17: Find channel with Kernel size: 8 	 Lambda: 0.5: 	 Best Score: 0.1579
[2020-10-23 11:07:50] esmCNN.cv17: Channel size: 17 	 Kernel size: 8 
Training MSE: 0.15794426 	 Validating MSE: 0.57058197 	 Best VMSE: 0.55889946
[2020-10-23 11:07:50] esmCNN.cv17: Checkpoint saved to experiments/normal/sili/esmCNN_random_sili_h4
[2020-10-23 11:07:50] esmCNN.cv17: Find channel with Kernel size: 8 	 Lambda: 0.5: 	 Best Score: 0.1578
[2020-10-23 11:07:50] esmCNN.cv17: Channel size: 18 	 Kernel size: 8 
Training MSE: 0.15782264 	 Validating MSE: 0.56643087 	 Best VMSE: 0.55889946
[2020-10-23 11:07:50] esmCNN.cv17: Checkpoint saved to experiments/normal/sili/esmCNN_random_sili_h4
[2020-10-23 11:07:50] esmCNN.cv17: Find channel with Kernel size: 5 	 Lambda: 0.5: 	 Best Score: 0.1574
[2020-10-23 11:07:50] esmCNN.cv17: Channel size: 19 	 Kernel size: 5 
Training MSE: 0.15740995 	 Validating MSE: 0.56562459 	 Best VMSE: 0.55889946
[2020-10-23 11:07:50] esmCNN.cv17: Checkpoint saved to experiments/normal/sili/esmCNN_random_sili_h4
[2020-10-23 11:07:50] esmCNN.cv17: Find channel with Kernel size: 5 	 Lambda: 0.5: 	 Best Score: 0.1570
[2020-10-23 11:07:50] esmCNN.cv17: Channel size: 20 	 Kernel size: 5 
Training MSE: 0.15698132 	 Validating MSE: 0.57241857 	 Best VMSE: 0.55889946
[2020-10-23 11:07:50] esmCNN.cv17: Checkpoint saved to experiments/normal/sili/esmCNN_random_sili_h4
[2020-10-23 11:07:50] esmCNN.cv17: Find channel with Kernel size: 6 	 Lambda: 0.5: 	 Best Score: 0.1568
[2020-10-23 11:07:50] esmCNN.cv17: Channel size: 21 	 Kernel size: 6 
Training MSE: 0.15676582 	 Validating MSE: 0.56834984 	 Best VMSE: 0.55889946
[2020-10-23 11:07:50] esmCNN.cv17: Checkpoint saved to experiments/normal/sili/esmCNN_random_sili_h4
[2020-10-23 11:07:50] esmCNN.cv17: Find channel with Kernel size: 4 	 Lambda: 0.5: 	 Best Score: 0.1565
[2020-10-23 11:07:50] esmCNN.cv17: Channel size: 22 	 Kernel size: 4 
Training MSE: 0.15654038 	 Validating MSE: 0.56908792 	 Best VMSE: 0.55889946
[2020-10-23 11:07:50] esmCNN.cv17: Checkpoint saved to experiments/normal/sili/esmCNN_random_sili_h4
[2020-10-23 11:07:50] esmCNN.cv17: Find channel with Kernel size: 6 	 Lambda: 0.5: 	 Best Score: 0.1565
[2020-10-23 11:07:51] esmCNN.cv17: Channel size: 23 	 Kernel size: 6 
Training MSE: 0.15645832 	 Validating MSE: 0.56846923 	 Best VMSE: 0.55889946
[2020-10-23 11:07:51] esmCNN.cv17: Checkpoint saved to experiments/normal/sili/esmCNN_random_sili_h4
[2020-10-23 11:07:51] esmCNN.cv17: Find channel with Kernel size: 5 	 Lambda: 0.5: 	 Best Score: 0.1561
[2020-10-23 11:07:51] esmCNN.cv17: Channel size: 24 	 Kernel size: 5 
Training MSE: 0.15613435 	 Validating MSE: 0.56965470 	 Best VMSE: 0.55889946
[2020-10-23 11:07:51] esmCNN.cv17: Checkpoint saved to experiments/normal/sili/esmCNN_random_sili_h4
[2020-10-23 11:07:51] esmCNN.cv17: Find channel with Kernel size: 5 	 Lambda: 0.5: 	 Best Score: 0.1557
[2020-10-23 11:07:51] esmCNN.cv17: Channel size: 25 	 Kernel size: 5 
Training MSE: 0.15573084 	 Validating MSE: 0.57080382 	 Best VMSE: 0.55889946
[2020-10-23 11:07:51] esmCNN.cv17: Checkpoint saved to experiments/normal/sili/esmCNN_random_sili_h4
[2020-10-23 11:07:51] esmCNN.cv17: Find channel with Kernel size: 8 	 Lambda: 0.5: 	 Best Score: 0.1556
[2020-10-23 11:07:51] esmCNN.cv17: Channel size: 26 	 Kernel size: 8 
Training MSE: 0.15559418 	 Validating MSE: 0.57273740 	 Best VMSE: 0.55889946
[2020-10-23 11:07:51] esmCNN.cv17: Checkpoint saved to experiments/normal/sili/esmCNN_random_sili_h4
[2020-10-23 11:07:51] esmCNN.cv17: Find channel with Kernel size: 4 	 Lambda: 0.5: 	 Best Score: 0.1549
[2020-10-23 11:07:51] esmCNN.cv17: Channel size: 27 	 Kernel size: 4 
Training MSE: 0.15491618 	 Validating MSE: 0.57219136 	 Best VMSE: 0.55889946
[2020-10-23 11:07:51] esmCNN.cv17: Checkpoint saved to experiments/normal/sili/esmCNN_random_sili_h4
[2020-10-23 11:07:51] esmCNN.cv17: Find channel with Kernel size: 6 	 Lambda: 0.5: 	 Best Score: 0.1545
[2020-10-23 11:07:51] esmCNN.cv17: Channel size: 28 	 Kernel size: 6 
Training MSE: 0.15448827 	 Validating MSE: 0.57263118 	 Best VMSE: 0.55889946
[2020-10-23 11:07:51] esmCNN.cv17: Checkpoint saved to experiments/normal/sili/esmCNN_random_sili_h4
[2020-10-23 11:07:51] esmCNN.cv17: Find channel with Kernel size: 4 	 Lambda: 0.5: 	 Best Score: 0.1544
[2020-10-23 11:07:51] esmCNN.cv17: Channel size: 29 	 Kernel size: 4 
Training MSE: 0.15440153 	 Validating MSE: 0.56925225 	 Best VMSE: 0.55889946
[2020-10-23 11:07:51] esmCNN.cv17: Checkpoint saved to experiments/normal/sili/esmCNN_random_sili_h4
[2020-10-23 11:07:51] esmCNN.cv17: Find channel with Kernel size: 6 	 Lambda: 0.5: 	 Best Score: 0.1543
[2020-10-23 11:07:51] esmCNN.cv17: Channel size: 30 	 Kernel size: 6 
Training MSE: 0.15432180 	 Validating MSE: 0.57094181 	 Best VMSE: 0.55889946
[2020-10-23 11:07:51] esmCNN.cv17: Checkpoint saved to experiments/normal/sili/esmCNN_random_sili_h4
[2020-10-23 11:07:51] esmCNN.cv17: Find channel with Kernel size: 5 	 Lambda: 0.5: 	 Best Score: 0.1541
[2020-10-23 11:07:51] esmCNN.cv17: Channel size: 31 	 Kernel size: 5 
Training MSE: 0.15405048 	 Validating MSE: 0.56850088 	 Best VMSE: 0.55889946
[2020-10-23 11:07:51] esmCNN.cv17: Checkpoint saved to experiments/normal/sili/esmCNN_random_sili_h4
[2020-10-23 11:07:51] esmCNN.cv17: Find channel with Kernel size: 4 	 Lambda: 0.5: 	 Best Score: 0.1538
[2020-10-23 11:07:51] esmCNN.cv17: Channel size: 32 	 Kernel size: 4 
Training MSE: 0.15381740 	 Validating MSE: 0.57169151 	 Best VMSE: 0.55889946
[2020-10-23 11:07:51] esmCNN.cv17: Checkpoint saved to experiments/normal/sili/esmCNN_random_sili_h4
[2020-10-23 11:07:51] esmCNN.cv17: Find channel with Kernel size: 6 	 Lambda: 0.5: 	 Best Score: 0.1537
[2020-10-23 11:07:51] esmCNN.cv17: Channel size: 33 	 Kernel size: 6 
Training MSE: 0.15369532 	 Validating MSE: 0.57402140 	 Best VMSE: 0.55889946
[2020-10-23 11:07:51] esmCNN.cv17: Checkpoint saved to experiments/normal/sili/esmCNN_random_sili_h4
[2020-10-23 11:07:51] esmCNN.cv17: Find channel with Kernel size: 6 	 Lambda: 0.5: 	 Best Score: 0.1535
[2020-10-23 11:07:51] esmCNN.cv17: Channel size: 34 	 Kernel size: 6 
Training MSE: 0.15351665 	 Validating MSE: 0.57473648 	 Best VMSE: 0.55889946
[2020-10-23 11:07:51] esmCNN.cv17: Checkpoint saved to experiments/normal/sili/esmCNN_random_sili_h4
[2020-10-23 11:07:51] esmCNN.cv17: Find channel with Kernel size: 6 	 Lambda: 0.5: 	 Best Score: 0.1531
[2020-10-23 11:07:51] esmCNN.cv17: Channel size: 35 	 Kernel size: 6 
Training MSE: 0.15308483 	 Validating MSE: 0.57573330 	 Best VMSE: 0.55889946
[2020-10-23 11:07:51] esmCNN.cv17: Checkpoint saved to experiments/normal/sili/esmCNN_random_sili_h4
[2020-10-23 11:07:51] esmCNN.cv17: Find channel with Kernel size: 8 	 Lambda: 0.5: 	 Best Score: 0.1526
[2020-10-23 11:07:51] esmCNN.cv17: Channel size: 36 	 Kernel size: 8 
Training MSE: 0.15256876 	 Validating MSE: 0.56883544 	 Best VMSE: 0.55889946
[2020-10-23 11:07:51] esmCNN.cv17: Checkpoint saved to experiments/normal/sili/esmCNN_random_sili_h4
[2020-10-23 11:07:51] esmCNN.cv17: Find channel with Kernel size: 4 	 Lambda: 0.5: 	 Best Score: 0.1524
[2020-10-23 11:07:51] esmCNN.cv17: Channel size: 37 	 Kernel size: 4 
Training MSE: 0.15236741 	 Validating MSE: 0.57877868 	 Best VMSE: 0.55889946
[2020-10-23 11:07:51] esmCNN.cv17: Checkpoint saved to experiments/normal/sili/esmCNN_random_sili_h4
[2020-10-23 11:07:51] esmCNN.cv17: Find channel with Kernel size: 4 	 Lambda: 0.5: 	 Best Score: 0.1522
[2020-10-23 11:07:51] esmCNN.cv17: Channel size: 38 	 Kernel size: 4 
Training MSE: 0.15219247 	 Validating MSE: 0.57840359 	 Best VMSE: 0.55889946
[2020-10-23 11:07:51] esmCNN.cv17: Checkpoint saved to experiments/normal/sili/esmCNN_random_sili_h4
[2020-10-23 11:07:51] esmCNN.cv17: Find channel with Kernel size: 6 	 Lambda: 0.5: 	 Best Score: 0.1519
[2020-10-23 11:07:51] esmCNN.cv17: Channel size: 39 	 Kernel size: 6 
Training MSE: 0.15186119 	 Validating MSE: 0.57950574 	 Best VMSE: 0.55889946
[2020-10-23 11:07:51] esmCNN.cv17: Checkpoint saved to experiments/normal/sili/esmCNN_random_sili_h4
[2020-10-23 11:07:51] esmCNN.cv17: Find channel with Kernel size: 4 	 Lambda: 0.5: 	 Best Score: 0.1513
[2020-10-23 11:07:51] esmCNN.cv17: Channel size: 40 	 Kernel size: 4 
Training MSE: 0.15128718 	 Validating MSE: 0.58779699 	 Best VMSE: 0.55889946
[2020-10-23 11:07:52] esmCNN.cv17: Checkpoint saved to experiments/normal/sili/esmCNN_random_sili_h4
[2020-10-23 11:07:52] esmCNN.cv17: Find channel with Kernel size: 8 	 Lambda: 0.5: 	 Best Score: 0.1506
[2020-10-23 11:07:52] esmCNN.cv17: Channel size: 41 	 Kernel size: 8 
Training MSE: 0.15060364 	 Validating MSE: 0.58329493 	 Best VMSE: 0.55889946
[2020-10-23 11:07:52] esmCNN.cv17: Checkpoint saved to experiments/normal/sili/esmCNN_random_sili_h4
[2020-10-23 11:07:52] esmCNN.cv17: Find channel with Kernel size: 4 	 Lambda: 0.5: 	 Best Score: 0.1497
[2020-10-23 11:07:52] esmCNN.cv17: Channel size: 42 	 Kernel size: 4 
Training MSE: 0.14974542 	 Validating MSE: 0.58247274 	 Best VMSE: 0.55889946
[2020-10-23 11:07:52] esmCNN.cv17: Checkpoint saved to experiments/normal/sili/esmCNN_random_sili_h4
[2020-10-23 11:07:52] esmCNN.cv17: Find channel with Kernel size: 6 	 Lambda: 0.5: 	 Best Score: 0.1492
[2020-10-23 11:07:52] esmCNN.cv17: Channel size: 43 	 Kernel size: 6 
Training MSE: 0.14922094 	 Validating MSE: 0.58103085 	 Best VMSE: 0.55889946
[2020-10-23 11:07:52] esmCNN.cv17: Checkpoint saved to experiments/normal/sili/esmCNN_random_sili_h4
[2020-10-23 11:07:52] esmCNN.cv17: Find channel with Kernel size: 5 	 Lambda: 0.5: 	 Best Score: 0.1488
[2020-10-23 11:07:52] esmCNN.cv17: Channel size: 44 	 Kernel size: 5 
Training MSE: 0.14878102 	 Validating MSE: 0.57701284 	 Best VMSE: 0.55889946
[2020-10-23 11:07:52] esmCNN.cv17: Checkpoint saved to experiments/normal/sili/esmCNN_random_sili_h4
[2020-10-23 11:07:52] esmCNN.cv17: Find channel with Kernel size: 4 	 Lambda: 0.5: 	 Best Score: 0.1487
[2020-10-23 11:07:52] esmCNN.cv17: Channel size: 45 	 Kernel size: 4 
Training MSE: 0.14872897 	 Validating MSE: 0.57793450 	 Best VMSE: 0.55889946
[2020-10-23 11:07:52] esmCNN.cv17: Checkpoint saved to experiments/normal/sili/esmCNN_random_sili_h4
[2020-10-23 11:07:52] esmCNN.cv17: Find channel with Kernel size: 6 	 Lambda: 0.5: 	 Best Score: 0.1485
[2020-10-23 11:07:52] esmCNN.cv17: Channel size: 46 	 Kernel size: 6 
Training MSE: 0.14853732 	 Validating MSE: 0.58313191 	 Best VMSE: 0.55889946
[2020-10-23 11:07:52] esmCNN.cv17: Checkpoint saved to experiments/normal/sili/esmCNN_random_sili_h4
[2020-10-23 11:07:52] esmCNN.cv17: Find channel with Kernel size: 4 	 Lambda: 0.5: 	 Best Score: 0.1482
[2020-10-23 11:07:52] esmCNN.cv17: Channel size: 47 	 Kernel size: 4 
Training MSE: 0.14820659 	 Validating MSE: 0.58484215 	 Best VMSE: 0.55889946
[2020-10-23 11:07:52] esmCNN.cv17: Checkpoint saved to experiments/normal/sili/esmCNN_random_sili_h4
[2020-10-23 11:07:52] esmCNN.cv17: Find channel with Kernel size: 5 	 Lambda: 0.5: 	 Best Score: 0.1479
[2020-10-23 11:07:52] esmCNN.cv17: Channel size: 48 	 Kernel size: 5 
Training MSE: 0.14787233 	 Validating MSE: 0.58162481 	 Best VMSE: 0.55889946
[2020-10-23 11:07:52] esmCNN.cv17: Checkpoint saved to experiments/normal/sili/esmCNN_random_sili_h4
[2020-10-23 11:07:52] esmCNN.cv17: Find channel with Kernel size: 6 	 Lambda: 0.5: 	 Best Score: 0.1476
[2020-10-23 11:07:52] esmCNN.cv17: Channel size: 49 	 Kernel size: 6 
Training MSE: 0.14761288 	 Validating MSE: 0.58303595 	 Best VMSE: 0.55889946
[2020-10-23 11:07:52] esmCNN.cv17: Checkpoint saved to experiments/normal/sili/esmCNN_random_sili_h4
[2020-10-23 11:07:52] esmCNN.cv17: Find channel with Kernel size: 6 	 Lambda: 0.5: 	 Best Score: 0.1471
[2020-10-23 11:07:52] esmCNN.cv17: Channel size: 50 	 Kernel size: 6 
Training MSE: 0.14713758 	 Validating MSE: 0.58129084 	 Best VMSE: 0.55889946
[2020-10-23 11:07:52] esmCNN.cv17: Checkpoint saved to experiments/normal/sili/esmCNN_random_sili_h4
[2020-10-23 11:07:52] esmCNN.cv17: Find channel with Kernel size: 6 	 Lambda: 0.5: 	 Best Score: 0.1467
[2020-10-23 11:07:52] esmCNN.cv17: Channel size: 51 	 Kernel size: 6 
Training MSE: 0.14674374 	 Validating MSE: 0.58553636 	 Best VMSE: 0.55889946
[2020-10-23 11:07:52] esmCNN.cv17: Checkpoint saved to experiments/normal/sili/esmCNN_random_sili_h4
[2020-10-23 11:07:52] esmCNN.cv17: Find channel with Kernel size: 6 	 Lambda: 0.5: 	 Best Score: 0.1466
[2020-10-23 11:07:52] esmCNN.cv17: Channel size: 52 	 Kernel size: 6 
Training MSE: 0.14656003 	 Validating MSE: 0.58604598 	 Best VMSE: 0.55889946
[2020-10-23 11:07:52] esmCNN.cv17: Checkpoint saved to experiments/normal/sili/esmCNN_random_sili_h4
[2020-10-23 11:07:52] esmCNN.cv17: Find channel with Kernel size: 4 	 Lambda: 0.5: 	 Best Score: 0.1464
[2020-10-23 11:07:52] esmCNN.cv17: Channel size: 53 	 Kernel size: 4 
Training MSE: 0.14642026 	 Validating MSE: 0.58853793 	 Best VMSE: 0.55889946
[2020-10-23 11:07:52] esmCNN.cv17: Checkpoint saved to experiments/normal/sili/esmCNN_random_sili_h4
[2020-10-23 11:07:52] esmCNN.cv17: Find channel with Kernel size: 8 	 Lambda: 0.5: 	 Best Score: 0.1463
[2020-10-23 11:07:52] esmCNN.cv17: Channel size: 54 	 Kernel size: 8 
Training MSE: 0.14634141 	 Validating MSE: 0.58927310 	 Best VMSE: 0.55889946
[2020-10-23 11:07:52] esmCNN.cv17: Checkpoint saved to experiments/normal/sili/esmCNN_random_sili_h4
[2020-10-23 11:07:53] esmCNN.cv17: Find channel with Kernel size: 8 	 Lambda: 0.5: 	 Best Score: 0.1462
[2020-10-23 11:07:53] esmCNN.cv17: Channel size: 55 	 Kernel size: 8 
Training MSE: 0.14615102 	 Validating MSE: 0.59225816 	 Best VMSE: 0.55889946
[2020-10-23 11:07:53] esmCNN.cv17: Checkpoint saved to experiments/normal/sili/esmCNN_random_sili_h4
[2020-10-23 11:07:53] esmCNN.cv17: Find channel with Kernel size: 4 	 Lambda: 0.5: 	 Best Score: 0.1456
[2020-10-23 11:07:53] esmCNN.cv17: Channel size: 56 	 Kernel size: 4 
Training MSE: 0.14560530 	 Validating MSE: 0.58701676 	 Best VMSE: 0.55889946
[2020-10-23 11:07:53] esmCNN.cv17: Checkpoint saved to experiments/normal/sili/esmCNN_random_sili_h4
[2020-10-23 11:07:53] esmCNN.cv17: Find channel with Kernel size: 8 	 Lambda: 0.5: 	 Best Score: 0.1450
[2020-10-23 11:07:53] esmCNN.cv17: Channel size: 57 	 Kernel size: 8 
Training MSE: 0.14498495 	 Validating MSE: 0.60134900 	 Best VMSE: 0.55889946
[2020-10-23 11:07:53] esmCNN.cv17: Checkpoint saved to experiments/normal/sili/esmCNN_random_sili_h4
[2020-10-23 11:07:53] esmCNN.cv17: Find channel with Kernel size: 5 	 Lambda: 0.5: 	 Best Score: 0.1447
[2020-10-23 11:07:53] esmCNN.cv17: Channel size: 58 	 Kernel size: 5 
Training MSE: 0.14465356 	 Validating MSE: 0.59740967 	 Best VMSE: 0.55889946
[2020-10-23 11:07:53] esmCNN.cv17: Checkpoint saved to experiments/normal/sili/esmCNN_random_sili_h4
[2020-10-23 11:07:53] esmCNN.cv17: Find channel with Kernel size: 4 	 Lambda: 0.5: 	 Best Score: 0.1443
[2020-10-23 11:07:53] esmCNN.cv17: Channel size: 59 	 Kernel size: 4 
Training MSE: 0.14430611 	 Validating MSE: 0.59400201 	 Best VMSE: 0.55889946
[2020-10-23 11:07:53] esmCNN.cv17: Checkpoint saved to experiments/normal/sili/esmCNN_random_sili_h4
[2020-10-23 11:07:53] esmCNN.cv17: Find channel with Kernel size: 5 	 Lambda: 0.5: 	 Best Score: 0.1438
[2020-10-23 11:07:53] esmCNN.cv17: Channel size: 60 	 Kernel size: 5 
Training MSE: 0.14383028 	 Validating MSE: 0.59124106 	 Best VMSE: 0.55889946
[2020-10-23 11:07:53] esmCNN.cv17: Checkpoint saved to experiments/normal/sili/esmCNN_random_sili_h4
[2020-10-23 11:07:53] esmCNN.cv17: Find channel with Kernel size: 8 	 Lambda: 0.5: 	 Best Score: 0.1435
[2020-10-23 11:07:53] esmCNN.cv17: Channel size: 61 	 Kernel size: 8 
Training MSE: 0.14354105 	 Validating MSE: 0.59031039 	 Best VMSE: 0.55889946
[2020-10-23 11:07:53] esmCNN.cv17: Checkpoint saved to experiments/normal/sili/esmCNN_random_sili_h4
[2020-10-23 11:07:53] esmCNN.cv17: Find channel with Kernel size: 4 	 Lambda: 0.5: 	 Best Score: 0.1434
[2020-10-23 11:07:53] esmCNN.cv17: Channel size: 62 	 Kernel size: 4 
Training MSE: 0.14343257 	 Validating MSE: 0.59358144 	 Best VMSE: 0.55889946
[2020-10-23 11:07:53] esmCNN.cv17: Checkpoint saved to experiments/normal/sili/esmCNN_random_sili_h4
[2020-10-23 11:07:53] esmCNN.cv17: Find channel with Kernel size: 8 	 Lambda: 0.5: 	 Best Score: 0.1433
[2020-10-23 11:07:53] esmCNN.cv17: Channel size: 63 	 Kernel size: 8 
Training MSE: 0.14328729 	 Validating MSE: 0.59098673 	 Best VMSE: 0.55889946
[2020-10-23 11:07:53] esmCNN.cv17: Checkpoint saved to experiments/normal/sili/esmCNN_random_sili_h4
[2020-10-23 11:07:53] esmCNN.cv17: Find channel with Kernel size: 6 	 Lambda: 0.5: 	 Best Score: 0.1431
[2020-10-23 11:07:53] esmCNN.cv17: Channel size: 64 	 Kernel size: 6 
Training MSE: 0.14308782 	 Validating MSE: 0.59735620 	 Best VMSE: 0.55889946
[2020-10-23 11:07:53] esmCNN.cv17: Checkpoint saved to experiments/normal/sili/esmCNN_random_sili_h4
[2020-10-23 11:07:53] esmCNN.cv17: Find channel with Kernel size: 8 	 Lambda: 0.5: 	 Best Score: 0.1429
[2020-10-23 11:07:53] esmCNN.cv17: Channel size: 65 	 Kernel size: 8 
Training MSE: 0.14287952 	 Validating MSE: 0.59588140 	 Best VMSE: 0.55889946
[2020-10-23 11:07:53] esmCNN.cv17: Checkpoint saved to experiments/normal/sili/esmCNN_random_sili_h4
[2020-10-23 11:07:53] esmCNN.cv17: Find channel with Kernel size: 6 	 Lambda: 0.5: 	 Best Score: 0.1427
[2020-10-23 11:07:53] esmCNN.cv17: Channel size: 66 	 Kernel size: 6 
Training MSE: 0.14266266 	 Validating MSE: 0.59897268 	 Best VMSE: 0.55889946
[2020-10-23 11:07:53] esmCNN.cv17: Checkpoint saved to experiments/normal/sili/esmCNN_random_sili_h4
[2020-10-23 11:07:53] esmCNN.cv17: Find channel with Kernel size: 5 	 Lambda: 0.5: 	 Best Score: 0.1426
[2020-10-23 11:07:54] esmCNN.cv17: Channel size: 67 	 Kernel size: 5 
Training MSE: 0.14256941 	 Validating MSE: 0.59619111 	 Best VMSE: 0.55889946
[2020-10-23 11:07:54] esmCNN.cv17: Checkpoint saved to experiments/normal/sili/esmCNN_random_sili_h4
[2020-10-23 11:07:54] esmCNN.cv17: Find channel with Kernel size: 4 	 Lambda: 0.5: 	 Best Score: 0.1425
[2020-10-23 11:07:54] esmCNN.cv17: Channel size: 68 	 Kernel size: 4 
Training MSE: 0.14246945 	 Validating MSE: 0.59799075 	 Best VMSE: 0.55889946
[2020-10-23 11:07:54] esmCNN.cv17: Checkpoint saved to experiments/normal/sili/esmCNN_random_sili_h4
[2020-10-23 11:07:54] esmCNN.cv17: Find channel with Kernel size: 5 	 Lambda: 0.5: 	 Best Score: 0.1423
[2020-10-23 11:07:54] esmCNN.cv17: Channel size: 69 	 Kernel size: 5 
Training MSE: 0.14234443 	 Validating MSE: 0.59597844 	 Best VMSE: 0.55889946
[2020-10-23 11:07:54] esmCNN.cv17: Checkpoint saved to experiments/normal/sili/esmCNN_random_sili_h4
[2020-10-23 11:07:54] esmCNN.cv17: Find channel with Kernel size: 6 	 Lambda: 0.5: 	 Best Score: 0.1422
[2020-10-23 11:07:54] esmCNN.cv17: Channel size: 70 	 Kernel size: 6 
Training MSE: 0.14222984 	 Validating MSE: 0.59421086 	 Best VMSE: 0.55889946
[2020-10-23 11:07:54] esmCNN.cv17: Checkpoint saved to experiments/normal/sili/esmCNN_random_sili_h4
[2020-10-23 11:07:54] esmCNN.cv17: Find channel with Kernel size: 6 	 Lambda: 0.5: 	 Best Score: 0.1416
[2020-10-23 11:07:54] esmCNN.cv17: Channel size: 71 	 Kernel size: 6 
Training MSE: 0.14158240 	 Validating MSE: 0.60040975 	 Best VMSE: 0.55889946
[2020-10-23 11:07:54] esmCNN.cv17: Checkpoint saved to experiments/normal/sili/esmCNN_random_sili_h4
[2020-10-23 11:07:54] esmCNN.cv17: Find channel with Kernel size: 4 	 Lambda: 0.5: 	 Best Score: 0.1410
[2020-10-23 11:07:54] esmCNN.cv17: Channel size: 72 	 Kernel size: 4 
Training MSE: 0.14100389 	 Validating MSE: 0.59134936 	 Best VMSE: 0.55889946
[2020-10-23 11:07:54] esmCNN.cv17: Checkpoint saved to experiments/normal/sili/esmCNN_random_sili_h4
[2020-10-23 11:07:54] esmCNN.cv17: Find channel with Kernel size: 8 	 Lambda: 0.5: 	 Best Score: 0.1406
[2020-10-23 11:07:54] esmCNN.cv17: Channel size: 73 	 Kernel size: 8 
Training MSE: 0.14057423 	 Validating MSE: 0.60302931 	 Best VMSE: 0.55889946
[2020-10-23 11:07:54] esmCNN.cv17: Checkpoint saved to experiments/normal/sili/esmCNN_random_sili_h4
[2020-10-23 11:07:54] esmCNN.cv17: Find channel with Kernel size: 8 	 Lambda: 0.5: 	 Best Score: 0.1404
[2020-10-23 11:07:54] esmCNN.cv17: Channel size: 74 	 Kernel size: 8 
Training MSE: 0.14042807 	 Validating MSE: 0.60522950 	 Best VMSE: 0.55889946
[2020-10-23 11:07:54] esmCNN.cv17: Checkpoint saved to experiments/normal/sili/esmCNN_random_sili_h4
[2020-10-23 11:07:54] esmCNN.cv17: Find channel with Kernel size: 8 	 Lambda: 0.5: 	 Best Score: 0.1403
[2020-10-23 11:07:54] esmCNN.cv17: Channel size: 75 	 Kernel size: 8 
Training MSE: 0.14033255 	 Validating MSE: 0.60515785 	 Best VMSE: 0.55889946
[2020-10-23 11:07:54] esmCNN.cv17: Checkpoint saved to experiments/normal/sili/esmCNN_random_sili_h4
[2020-10-23 11:07:54] esmCNN.cv17: Find channel with Kernel size: 8 	 Lambda: 0.5: 	 Best Score: 0.1401
[2020-10-23 11:07:54] esmCNN.cv17: Channel size: 76 	 Kernel size: 8 
Training MSE: 0.14005660 	 Validating MSE: 0.61214256 	 Best VMSE: 0.55889946
[2020-10-23 11:07:54] esmCNN.cv17: Checkpoint saved to experiments/normal/sili/esmCNN_random_sili_h4
[2020-10-23 11:07:54] esmCNN.cv17: Find channel with Kernel size: 8 	 Lambda: 0.5: 	 Best Score: 0.1395
[2020-10-23 11:07:54] esmCNN.cv17: Channel size: 77 	 Kernel size: 8 
Training MSE: 0.13952298 	 Validating MSE: 0.61613625 	 Best VMSE: 0.55889946
[2020-10-23 11:07:54] esmCNN.cv17: Checkpoint saved to experiments/normal/sili/esmCNN_random_sili_h4
[2020-10-23 11:07:54] esmCNN.cv17: Find channel with Kernel size: 4 	 Lambda: 0.5: 	 Best Score: 0.1389
[2020-10-23 11:07:54] esmCNN.cv17: Channel size: 78 	 Kernel size: 4 
Training MSE: 0.13885187 	 Validating MSE: 0.60762638 	 Best VMSE: 0.55889946
[2020-10-23 11:07:54] esmCNN.cv17: Checkpoint saved to experiments/normal/sili/esmCNN_random_sili_h4
[2020-10-23 11:07:55] esmCNN.cv17: Find channel with Kernel size: 8 	 Lambda: 0.5: 	 Best Score: 0.1388
[2020-10-23 11:07:55] esmCNN.cv17: Channel size: 79 	 Kernel size: 8 
Training MSE: 0.13881904 	 Validating MSE: 0.61064929 	 Best VMSE: 0.55889946
[2020-10-23 11:07:55] esmCNN.cv17: Checkpoint saved to experiments/normal/sili/esmCNN_random_sili_h4
[2020-10-23 11:07:55] esmCNN.cv17: Find channel with Kernel size: 5 	 Lambda: 0.5: 	 Best Score: 0.1386
[2020-10-23 11:07:55] esmCNN.cv17: Channel size: 80 	 Kernel size: 5 
Training MSE: 0.13862090 	 Validating MSE: 0.61027080 	 Best VMSE: 0.55889946
[2020-10-23 11:07:55] esmCNN.cv17: Checkpoint saved to experiments/normal/sili/esmCNN_random_sili_h4
[2020-10-23 11:07:55] esmCNN.cv17: Find channel with Kernel size: 5 	 Lambda: 0.5: 	 Best Score: 0.1384
[2020-10-23 11:07:55] esmCNN.cv17: Channel size: 81 	 Kernel size: 5 
Training MSE: 0.13843130 	 Validating MSE: 0.61168814 	 Best VMSE: 0.55889946
[2020-10-23 11:07:55] esmCNN.cv17: Checkpoint saved to experiments/normal/sili/esmCNN_random_sili_h4
[2020-10-23 11:07:55] esmCNN.cv17: Find channel with Kernel size: 4 	 Lambda: 0.5: 	 Best Score: 0.1382
[2020-10-23 11:07:55] esmCNN.cv17: Channel size: 82 	 Kernel size: 4 
Training MSE: 0.13818179 	 Validating MSE: 0.60671031 	 Best VMSE: 0.55889946
[2020-10-23 11:07:55] esmCNN.cv17: Checkpoint saved to experiments/normal/sili/esmCNN_random_sili_h4
[2020-10-23 11:07:55] esmCNN.cv17: Find channel with Kernel size: 6 	 Lambda: 0.5: 	 Best Score: 0.1378
[2020-10-23 11:07:55] esmCNN.cv17: Channel size: 83 	 Kernel size: 6 
Training MSE: 0.13784245 	 Validating MSE: 0.61603492 	 Best VMSE: 0.55889946
[2020-10-23 11:07:55] esmCNN.cv17: Checkpoint saved to experiments/normal/sili/esmCNN_random_sili_h4
[2020-10-23 11:07:55] esmCNN.cv17: Find channel with Kernel size: 4 	 Lambda: 0.5: 	 Best Score: 0.1377
[2020-10-23 11:07:55] esmCNN.cv17: Channel size: 84 	 Kernel size: 4 
Training MSE: 0.13767464 	 Validating MSE: 0.61317188 	 Best VMSE: 0.55889946
[2020-10-23 11:07:55] esmCNN.cv17: Checkpoint saved to experiments/normal/sili/esmCNN_random_sili_h4
[2020-10-23 11:07:55] esmCNN.cv17: Find channel with Kernel size: 8 	 Lambda: 0.5: 	 Best Score: 0.1375
[2020-10-23 11:07:55] esmCNN.cv17: Channel size: 85 	 Kernel size: 8 
Training MSE: 0.13754290 	 Validating MSE: 0.61466146 	 Best VMSE: 0.55889946
[2020-10-23 11:07:55] esmCNN.cv17: Checkpoint saved to experiments/normal/sili/esmCNN_random_sili_h4
[2020-10-23 11:07:55] esmCNN.cv17: Find channel with Kernel size: 5 	 Lambda: 0.5: 	 Best Score: 0.1374
[2020-10-23 11:07:55] esmCNN.cv17: Channel size: 86 	 Kernel size: 5 
Training MSE: 0.13739306 	 Validating MSE: 0.61544114 	 Best VMSE: 0.55889946
[2020-10-23 11:07:55] esmCNN.cv17: Checkpoint saved to experiments/normal/sili/esmCNN_random_sili_h4
[2020-10-23 11:07:55] esmCNN.cv17: Find channel with Kernel size: 6 	 Lambda: 0.5: 	 Best Score: 0.1373
[2020-10-23 11:07:55] esmCNN.cv17: Channel size: 87 	 Kernel size: 6 
Training MSE: 0.13729651 	 Validating MSE: 0.61412674 	 Best VMSE: 0.55889946
[2020-10-23 11:07:55] esmCNN.cv17: Checkpoint saved to experiments/normal/sili/esmCNN_random_sili_h4
[2020-10-23 11:07:55] esmCNN.cv17: Find channel with Kernel size: 8 	 Lambda: 0.5: 	 Best Score: 0.1372
[2020-10-23 11:07:55] esmCNN.cv17: Channel size: 88 	 Kernel size: 8 
Training MSE: 0.13720794 	 Validating MSE: 0.61425352 	 Best VMSE: 0.55889946
[2020-10-23 11:07:55] esmCNN.cv17: Checkpoint saved to experiments/normal/sili/esmCNN_random_sili_h4
[2020-10-23 11:07:55] esmCNN.cv17: Find channel with Kernel size: 6 	 Lambda: 0.5: 	 Best Score: 0.1371
[2020-10-23 11:07:56] esmCNN.cv17: Channel size: 89 	 Kernel size: 6 
Training MSE: 0.13710655 	 Validating MSE: 0.61667401 	 Best VMSE: 0.55889946
[2020-10-23 11:07:56] esmCNN.cv17: Checkpoint saved to experiments/normal/sili/esmCNN_random_sili_h4
[2020-10-23 11:07:56] esmCNN.cv17: Find channel with Kernel size: 4 	 Lambda: 0.5: 	 Best Score: 0.1365
[2020-10-23 11:07:56] esmCNN.cv17: Channel size: 90 	 Kernel size: 4 
Training MSE: 0.13652469 	 Validating MSE: 0.60683614 	 Best VMSE: 0.55889946
[2020-10-23 11:07:56] esmCNN.cv17: Checkpoint saved to experiments/normal/sili/esmCNN_random_sili_h4
[2020-10-23 11:07:56] esmCNN.cv17: Find channel with Kernel size: 6 	 Lambda: 0.5: 	 Best Score: 0.1357
[2020-10-23 11:07:56] esmCNN.cv17: Channel size: 91 	 Kernel size: 6 
Training MSE: 0.13569674 	 Validating MSE: 0.62422723 	 Best VMSE: 0.55889946
[2020-10-23 11:07:56] esmCNN.cv17: Checkpoint saved to experiments/normal/sili/esmCNN_random_sili_h4
[2020-10-23 11:07:56] esmCNN.cv17: Find channel with Kernel size: 5 	 Lambda: 0.5: 	 Best Score: 0.1355
[2020-10-23 11:07:56] esmCNN.cv17: Channel size: 92 	 Kernel size: 5 
Training MSE: 0.13545769 	 Validating MSE: 0.63152307 	 Best VMSE: 0.55889946
[2020-10-23 11:07:56] esmCNN.cv17: Checkpoint saved to experiments/normal/sili/esmCNN_random_sili_h4
[2020-10-23 11:07:56] esmCNN.cv17: Find channel with Kernel size: 8 	 Lambda: 0.5: 	 Best Score: 0.1353
[2020-10-23 11:07:56] esmCNN.cv17: Channel size: 93 	 Kernel size: 8 
Training MSE: 0.13528711 	 Validating MSE: 0.62798536 	 Best VMSE: 0.55889946
[2020-10-23 11:07:56] esmCNN.cv17: Checkpoint saved to experiments/normal/sili/esmCNN_random_sili_h4
[2020-10-23 11:07:56] esmCNN.cv17: Find channel with Kernel size: 4 	 Lambda: 0.5: 	 Best Score: 0.1351
[2020-10-23 11:07:56] esmCNN.cv17: Channel size: 94 	 Kernel size: 4 
Training MSE: 0.13511963 	 Validating MSE: 0.62660229 	 Best VMSE: 0.55889946
[2020-10-23 11:07:56] esmCNN.cv17: Checkpoint saved to experiments/normal/sili/esmCNN_random_sili_h4
[2020-10-23 11:07:56] esmCNN.cv17: Find channel with Kernel size: 8 	 Lambda: 0.5: 	 Best Score: 0.1350
[2020-10-23 11:07:56] esmCNN.cv17: Channel size: 95 	 Kernel size: 8 
Training MSE: 0.13504492 	 Validating MSE: 0.62740856 	 Best VMSE: 0.55889946
[2020-10-23 11:07:56] esmCNN.cv17: Checkpoint saved to experiments/normal/sili/esmCNN_random_sili_h4
[2020-10-23 11:07:56] esmCNN.cv17: Find channel with Kernel size: 6 	 Lambda: 0.5: 	 Best Score: 0.1349
[2020-10-23 11:07:56] esmCNN.cv17: Channel size: 96 	 Kernel size: 6 
Training MSE: 0.13490106 	 Validating MSE: 0.63060862 	 Best VMSE: 0.55889946
[2020-10-23 11:07:56] esmCNN.cv17: Checkpoint saved to experiments/normal/sili/esmCNN_random_sili_h4
[2020-10-23 11:07:56] esmCNN.cv17: Find channel with Kernel size: 8 	 Lambda: 0.5: 	 Best Score: 0.1348
[2020-10-23 11:07:56] esmCNN.cv17: Channel size: 97 	 Kernel size: 8 
Training MSE: 0.13475466 	 Validating MSE: 0.62816530 	 Best VMSE: 0.55889946
[2020-10-23 11:07:56] esmCNN.cv17: Checkpoint saved to experiments/normal/sili/esmCNN_random_sili_h4
[2020-10-23 11:07:56] esmCNN.cv17: Find channel with Kernel size: 5 	 Lambda: 0.5: 	 Best Score: 0.1347
[2020-10-23 11:07:56] esmCNN.cv17: Channel size: 98 	 Kernel size: 5 
Training MSE: 0.13466215 	 Validating MSE: 0.62793225 	 Best VMSE: 0.55889946
[2020-10-23 11:07:56] esmCNN.cv17: Checkpoint saved to experiments/normal/sili/esmCNN_random_sili_h4
[2020-10-23 11:07:57] esmCNN.cv17: Find channel with Kernel size: 4 	 Lambda: 0.5: 	 Best Score: 0.1346
[2020-10-23 11:07:57] esmCNN.cv17: Channel size: 99 	 Kernel size: 4 
Training MSE: 0.13460976 	 Validating MSE: 0.63222808 	 Best VMSE: 0.55889946
[2020-10-23 11:07:57] esmCNN.cv17: Checkpoint saved to experiments/normal/sili/esmCNN_random_sili_h4
[2020-10-23 11:07:57] esmCNN.cv17: Find channel with Kernel size: 5 	 Lambda: 0.5: 	 Best Score: 0.1345
[2020-10-23 11:07:57] esmCNN.cv17: Channel size: 100 	 Kernel size: 5 
Training MSE: 0.13451532 	 Validating MSE: 0.63034898 	 Best VMSE: 0.55889946
[2020-10-23 11:07:57] esmCNN.cv17: Checkpoint saved to experiments/normal/sili/esmCNN_random_sili_h4
[2020-10-23 11:07:57] esmCNN.cv17: Restoring best parameters from experiments/normal/sili/esmCNN_random_sili_h4/train.cv17.pth.tar
[2020-10-23 11:07:57] esmCNN.cv17: sili	 H: 4	 Trail: 55 
Testing RMSE: 0.8219 	 MAPE: 0.1293 	 SMAPE: 0.06766
