[2020-10-19 00:24:29] deepAR.cv19: Loading the datasets for 29th-batch-training
[2020-10-19 00:24:29] deepAR.cv19: Argument batch_size: 128
[2020-10-19 00:24:29] deepAR.cv19: Argument lstm_layers: 3
[2020-10-19 00:24:29] deepAR.cv19: Argument lstm_hidden_dim: 40
[2020-10-19 00:24:29] deepAR.cv19: Argument sample_times: 200
[2020-10-19 00:24:29] deepAR.cv19: Argument embedding_dim: 20
[2020-10-19 00:24:29] deepAR.cv19: Argument lstm_dropout: 0.1
[2020-10-19 00:24:29] deepAR.cv19: Argument learning_rate: 0.001
[2020-10-19 00:24:29] deepAR.cv19: Argument step_lr: 20
[2020-10-19 00:24:29] deepAR.cv19: Argument device: device(type='cpu')
[2020-10-19 00:24:29] deepAR.cv19: Argument dataset: 'sili'
[2020-10-19 00:24:29] deepAR.cv19: Argument H: 8
[2020-10-19 00:24:29] deepAR.cv19: Argument num_epochs: 600
[2020-10-19 00:24:29] deepAR.cv19: Argument k: 5
[2020-10-19 00:24:29] deepAR.cv19: Argument sample_dense: True
[2020-10-19 00:24:29] deepAR.cv19: Argument restore: True
[2020-10-19 00:24:29] deepAR.cv19: Argument relative_metrics: False
[2020-10-19 00:24:29] deepAR.cv19: Argument sampling: False
[2020-10-19 00:24:29] deepAR.cv19: Argument save_best: False
[2020-10-19 00:24:29] deepAR.cv19: Argument test: False
[2020-10-19 00:24:29] deepAR.cv19: Argument normal: True
[2020-10-19 00:24:29] deepAR.cv19: Argument diff: False
[2020-10-19 00:24:29] deepAR.cv19: Argument datasets: {'ar1': {'lag_order': 15, 'normal': True, 'cov_dim': 0, 'kernel_size': 3}, 'wti': {'lag_order': 25, 'normal': True, 'cov_dim': 0, 'kernel_size': 5}, 'gold': {'lag_order': 25, 'normal': True, 'cov_dim': 0, 'kernel_size': 5}, 'sp': {'lag_order': 25, 'normal': True, 'cov_dim': 0, 'kernel_size': 5}, 'brent': {'lag_order': 24, 'normal': True, 'cov_dim': 0, 'kernel_size': 6}, 'sili': {'lag_order': 26, 'normal': True, 'cov_dim': 0, 'kernel_size': 6}}
[2020-10-19 00:24:29] deepAR.cv19: Argument steps: 26
[2020-10-19 00:24:29] deepAR.cv19: Argument cov_dim: 0
[2020-10-19 00:24:29] deepAR.cv19: Argument experiment: 'experiments/normal/sili'
[2020-10-19 00:24:29] deepAR.cv19: Argument scaler: StandardScaler()
[2020-10-19 00:24:29] deepAR.cv19: Argument model_name: 'deepAR_norm_sili_h8'
[2020-10-19 00:24:29] deepAR.cv19: Argument model_dir: 'experiments/normal/sili/deepAR_norm_sili_h8'
[2020-10-19 00:24:29] deepAR.cv19: Argument train_window: 34
[2020-10-19 00:24:29] deepAR.cv19: Argument test_window: 34
[2020-10-19 00:24:29] deepAR.cv19: Argument predict_start: 26
[2020-10-19 00:24:29] deepAR.cv19: Argument predict_steps: 8
[2020-10-19 00:24:29] deepAR.cv19: Argument cv: 19
[2020-10-19 00:24:29] deepAR.cv19: Argument plot_dir: 'experiments/normal/sili/deepAR_norm_sili_h8/figures'
[2020-10-19 00:24:29] deepAR.cv19: Not using cuda...
[2020-10-19 00:24:29] deepAR.cv19: Loading complete.
[2020-10-19 00:24:29] deepAR.cv19: Model: 
DeepAR(
  (lstm): LSTM(1, 40, num_layers=3, dropout=0.1)
  (relu): ReLU()
  (distribution_mu): Linear(in_features=120, out_features=1, bias=True)
  (distribution_presigma): Linear(in_features=120, out_features=1, bias=True)
  (distribution_sigma): Softplus(beta=1, threshold=20)
)
[2020-10-19 00:24:29] deepAR.cv19: Restoring best parameters from experiments/normal/sili/deepAR_norm_sili_h8/best.cv19.pth.tar
[2020-10-19 00:24:30] deepAR.cv19: sili	 H: 8	 Trail: 29 
Testing RMSE: 1.165 	 MAPE: 0.1763 	 SMAPE: 0.09878
