[2020-09-14 16:34:01] RVFL.cv18: Loading the datasets and model for 18th-batch-training
[2020-09-14 16:34:01] RVFL.cv18: Argument hidden_size: 100
[2020-09-14 16:34:01] RVFL.cv18: Argument candidate_size: 300
[2020-09-14 16:34:01] RVFL.cv18: Argument Lambdas: [0.5, 1, 5, 15, 30, 50, 100, 150, 200]
[2020-09-14 16:34:01] RVFL.cv18: Argument Lambdas_std: [0.01, 0.05, 0.1, 0.5, 1]
[2020-09-14 16:34:01] RVFL.cv18: Argument r: [0.8, 0.9, 0.99, 0.9999, 0.999999]
[2020-09-14 16:34:01] RVFL.cv18: Argument tolerance: 0
[2020-09-14 16:34:01] RVFL.cv18: Argument device: device(type='cpu')
[2020-09-14 16:34:01] RVFL.cv18: Argument dataset: 'ar1'
[2020-09-14 16:34:01] RVFL.cv18: Argument H: 3
[2020-09-14 16:34:01] RVFL.cv18: Argument k: 5
[2020-09-14 16:34:01] RVFL.cv18: Argument test: False
[2020-09-14 16:34:01] RVFL.cv18: Argument normal: True
[2020-09-14 16:34:01] RVFL.cv18: Argument diff: False
[2020-09-14 16:34:01] RVFL.cv18: Argument times: 20
[2020-09-14 16:34:01] RVFL.cv18: Argument datasets: {'ar1': {'lag_order': 15, 'normal': True, 'cov_dim': 0, 'kernel_size': 3}, 'wti': {'lag_order': 25, 'normal': True, 'cov_dim': 0, 'kernel_size': 5}, 'gold': {'lag_order': 25, 'normal': True, 'cov_dim': 0, 'kernel_size': 5}, 'sp': {'lag_order': 25, 'normal': True, 'cov_dim': 0, 'kernel_size': 5}, 'brent': {'lag_order': 24, 'normal': True, 'cov_dim': 0, 'kernel_size': 6}, 'sili': {'lag_order': 26, 'normal': True, 'cov_dim': 0, 'kernel_size': 6}}
[2020-09-14 16:34:01] RVFL.cv18: Argument steps: 15
[2020-09-14 16:34:01] RVFL.cv18: Argument experiment: 'experiments/normal/ar1'
[2020-09-14 16:34:01] RVFL.cv18: Argument scaler: StandardScaler()
[2020-09-14 16:34:01] RVFL.cv18: Argument model_name: 'RVFL_ar1_h3'
[2020-09-14 16:34:01] RVFL.cv18: Argument model_dir: 'experiments/normal/ar1/RVFL_ar1_h3'
[2020-09-14 16:34:01] RVFL.cv18: Argument restore: True
[2020-09-14 16:34:01] RVFL.cv18: Argument cv: 18
[2020-09-14 16:34:01] RVFL.cv18: Loading complete.
[2020-09-14 16:34:01] RVFL.cv18: Model: 
RVFL(
  (loss_fn): MSELoss()
)
[2020-09-14 16:34:01] RVFL.cv18: Hidden size: 100 	 
Training MSE: 0.01837337 	 Validating MSE: 11.55672550 
[2020-09-14 16:34:01] RVFL.cv18: ar1	 H: 3	 Trail: 18 
Testing RMSE: 8.831 	 MAPE: 2.083 	 SMAPE: 9.802
