[2020-10-23 11:09:05] esmCNN.cv0: Loading the datasets and model for 5th-batch-training
[2020-10-23 11:09:05] esmCNN.cv0: Argument channel_size: 100
[2020-10-23 11:09:05] esmCNN.cv0: Argument candidate_size: 300
[2020-10-23 11:09:05] esmCNN.cv0: Argument kernel_size: 6
[2020-10-23 11:09:05] esmCNN.cv0: Argument kernel_list: [8, 6, 5, 4]
[2020-10-23 11:09:05] esmCNN.cv0: Argument Lambdas: [0.5, 1, 5, 15, 30, 50, 100, 150, 200]
[2020-10-23 11:09:05] esmCNN.cv0: Argument Lambdas_std: [0.01, 0.05, 0.1, 0.5, 1]
[2020-10-23 11:09:05] esmCNN.cv0: Argument r: [0.8, 0.9, 0.99, 0.9999, 0.999999]
[2020-10-23 11:09:05] esmCNN.cv0: Argument tolerance: 0
[2020-10-23 11:09:05] esmCNN.cv0: Argument device: device(type='cuda')
[2020-10-23 11:09:05] esmCNN.cv0: Argument dataset: 'sili'
[2020-10-23 11:09:05] esmCNN.cv0: Argument H: 8
[2020-10-23 11:09:05] esmCNN.cv0: Argument k: 5
[2020-10-23 11:09:05] esmCNN.cv0: Argument test: False
[2020-10-23 11:09:05] esmCNN.cv0: Argument search: 'random'
[2020-10-23 11:09:05] esmCNN.cv0: Argument normal: True
[2020-10-23 11:09:05] esmCNN.cv0: Argument diff: False
[2020-10-23 11:09:05] esmCNN.cv0: Argument times: 60
[2020-10-23 11:09:05] esmCNN.cv0: Argument datasets: {'ar1': {'lag_order': 15, 'normal': True, 'cov_dim': 0, 'kernel_size': 3}, 'wti': {'lag_order': 25, 'normal': True, 'cov_dim': 0, 'kernel_size': 5}, 'gold': {'lag_order': 25, 'normal': True, 'cov_dim': 0, 'kernel_size': 5}, 'sp': {'lag_order': 25, 'normal': True, 'cov_dim': 0, 'kernel_size': 5}, 'brent': {'lag_order': 24, 'normal': True, 'cov_dim': 0, 'kernel_size': 6}, 'sili': {'lag_order': 26, 'normal': True, 'cov_dim': 0, 'kernel_size': 6}}
[2020-10-23 11:09:05] esmCNN.cv0: Argument steps: 26
[2020-10-23 11:09:05] esmCNN.cv0: Argument cov_dim: 0
[2020-10-23 11:09:05] esmCNN.cv0: Argument experiment: 'experiments/normal/sili'
[2020-10-23 11:09:05] esmCNN.cv0: Argument scaler: StandardScaler()
[2020-10-23 11:09:05] esmCNN.cv0: Argument model_name: 'esmCNN_random_sili_h8'
[2020-10-23 11:09:05] esmCNN.cv0: Argument model_dir: 'experiments/normal/sili/esmCNN_random_sili_h8'
[2020-10-23 11:09:05] esmCNN.cv0: Argument In_channels: 1
[2020-10-23 11:09:05] esmCNN.cv0: Argument restore: True
[2020-10-23 11:09:05] esmCNN.cv0: Argument cv: 0
[2020-10-23 11:09:05] esmCNN.cv0: Argument plot_dir: 'experiments/normal/sili/esmCNN_random_sili_h8/figures'
[2020-10-23 11:09:05] esmCNN.cv0: Argument num_process: 8
[2020-10-23 11:09:05] esmCNN.cv0: Using Cuda...
[2020-10-23 11:09:05] esmCNN.cv0: Loading complete.
[2020-10-23 11:09:05] esmCNN.cv0: Model: 
ESM_CNN(
  (Pool): AvgPool1d(kernel_size=(3,), stride=(1,), padding=(0,))
  (loss_fn): MSELoss()
)
[2020-10-23 11:09:05] esmCNN.cv0: Found new best state
[2020-10-23 11:09:05] esmCNN.cv0: Best vmse: 1.1051
[2020-10-23 11:09:05] esmCNN.cv0: Channel size: 1 	 Kernel size: 6 
Training MSE: 0.23991615 	 Validating MSE: 1.10510480 	 Best VMSE: 1.10510480
[2020-10-23 11:09:05] esmCNN.cv0: Checkpoint saved to experiments/normal/sili/esmCNN_random_sili_h8
[2020-10-23 11:09:05] esmCNN.cv0: Find channel with Kernel size: 4 	 Lambda: 0.5: 	 Best Score: 0.2250
[2020-10-23 11:09:05] esmCNN.cv0: Found new best state
[2020-10-23 11:09:05] esmCNN.cv0: Best vmse: 1.0192
[2020-10-23 11:09:05] esmCNN.cv0: Channel size: 2 	 Kernel size: 4 
Training MSE: 0.22497027 	 Validating MSE: 1.01922393 	 Best VMSE: 1.01922393
[2020-10-23 11:09:05] esmCNN.cv0: Checkpoint saved to experiments/normal/sili/esmCNN_random_sili_h8
[2020-10-23 11:09:05] esmCNN.cv0: Find channel with Kernel size: 4 	 Lambda: 0.5: 	 Best Score: 0.2232
[2020-10-23 11:09:05] esmCNN.cv0: Found new best state
[2020-10-23 11:09:05] esmCNN.cv0: Best vmse: 1.0102
[2020-10-23 11:09:05] esmCNN.cv0: Channel size: 3 	 Kernel size: 4 
Training MSE: 0.22320981 	 Validating MSE: 1.01022947 	 Best VMSE: 1.01022947
[2020-10-23 11:09:05] esmCNN.cv0: Checkpoint saved to experiments/normal/sili/esmCNN_random_sili_h8
[2020-10-23 11:09:05] esmCNN.cv0: Find channel with Kernel size: 4 	 Lambda: 0.5: 	 Best Score: 0.2210
[2020-10-23 11:09:05] esmCNN.cv0: Found new best state
[2020-10-23 11:09:05] esmCNN.cv0: Best vmse: 1.0092
[2020-10-23 11:09:05] esmCNN.cv0: Channel size: 4 	 Kernel size: 4 
Training MSE: 0.22103058 	 Validating MSE: 1.00918841 	 Best VMSE: 1.00918841
[2020-10-23 11:09:05] esmCNN.cv0: Checkpoint saved to experiments/normal/sili/esmCNN_random_sili_h8
[2020-10-23 11:09:05] esmCNN.cv0: Find channel with Kernel size: 5 	 Lambda: 0.5: 	 Best Score: 0.2204
[2020-10-23 11:09:05] esmCNN.cv0: Found new best state
[2020-10-23 11:09:05] esmCNN.cv0: Best vmse: 0.9757
[2020-10-23 11:09:05] esmCNN.cv0: Channel size: 5 	 Kernel size: 5 
Training MSE: 0.22037999 	 Validating MSE: 0.97570008 	 Best VMSE: 0.97570008
[2020-10-23 11:09:05] esmCNN.cv0: Checkpoint saved to experiments/normal/sili/esmCNN_random_sili_h8
[2020-10-23 11:09:05] esmCNN.cv0: Find channel with Kernel size: 5 	 Lambda: 0.5: 	 Best Score: 0.2198
[2020-10-23 11:09:05] esmCNN.cv0: Channel size: 6 	 Kernel size: 5 
Training MSE: 0.21975002 	 Validating MSE: 0.98910969 	 Best VMSE: 0.97570008
[2020-10-23 11:09:05] esmCNN.cv0: Checkpoint saved to experiments/normal/sili/esmCNN_random_sili_h8
[2020-10-23 11:09:05] esmCNN.cv0: Find channel with Kernel size: 6 	 Lambda: 0.5: 	 Best Score: 0.2193
[2020-10-23 11:09:05] esmCNN.cv0: Found new best state
[2020-10-23 11:09:05] esmCNN.cv0: Best vmse: 0.9734
[2020-10-23 11:09:05] esmCNN.cv0: Channel size: 7 	 Kernel size: 6 
Training MSE: 0.21929875 	 Validating MSE: 0.97344398 	 Best VMSE: 0.97344398
[2020-10-23 11:09:05] esmCNN.cv0: Checkpoint saved to experiments/normal/sili/esmCNN_random_sili_h8
[2020-10-23 11:09:05] esmCNN.cv0: Find channel with Kernel size: 6 	 Lambda: 0.5: 	 Best Score: 0.2183
[2020-10-23 11:09:05] esmCNN.cv0: Found new best state
[2020-10-23 11:09:05] esmCNN.cv0: Best vmse: 0.9725
[2020-10-23 11:09:05] esmCNN.cv0: Channel size: 8 	 Kernel size: 6 
Training MSE: 0.21829323 	 Validating MSE: 0.97252351 	 Best VMSE: 0.97252351
[2020-10-23 11:09:05] esmCNN.cv0: Checkpoint saved to experiments/normal/sili/esmCNN_random_sili_h8
[2020-10-23 11:09:05] esmCNN.cv0: Find channel with Kernel size: 5 	 Lambda: 0.5: 	 Best Score: 0.2164
[2020-10-23 11:09:05] esmCNN.cv0: Channel size: 9 	 Kernel size: 5 
Training MSE: 0.21638347 	 Validating MSE: 0.98519176 	 Best VMSE: 0.97252351
[2020-10-23 11:09:05] esmCNN.cv0: Checkpoint saved to experiments/normal/sili/esmCNN_random_sili_h8
[2020-10-23 11:09:05] esmCNN.cv0: Find channel with Kernel size: 6 	 Lambda: 0.5: 	 Best Score: 0.2159
[2020-10-23 11:09:05] esmCNN.cv0: Channel size: 10 	 Kernel size: 6 
Training MSE: 0.21590428 	 Validating MSE: 0.97289199 	 Best VMSE: 0.97252351
[2020-10-23 11:09:05] esmCNN.cv0: Checkpoint saved to experiments/normal/sili/esmCNN_random_sili_h8
[2020-10-23 11:09:05] esmCNN.cv0: Find channel with Kernel size: 4 	 Lambda: 0.5: 	 Best Score: 0.2153
[2020-10-23 11:09:05] esmCNN.cv0: Channel size: 11 	 Kernel size: 4 
Training MSE: 0.21533568 	 Validating MSE: 0.99235767 	 Best VMSE: 0.97252351
[2020-10-23 11:09:05] esmCNN.cv0: Checkpoint saved to experiments/normal/sili/esmCNN_random_sili_h8
[2020-10-23 11:09:05] esmCNN.cv0: Find channel with Kernel size: 8 	 Lambda: 0.5: 	 Best Score: 0.2151
[2020-10-23 11:09:05] esmCNN.cv0: Channel size: 12 	 Kernel size: 8 
Training MSE: 0.21506278 	 Validating MSE: 0.98285884 	 Best VMSE: 0.97252351
[2020-10-23 11:09:05] esmCNN.cv0: Checkpoint saved to experiments/normal/sili/esmCNN_random_sili_h8
[2020-10-23 11:09:05] esmCNN.cv0: Find channel with Kernel size: 4 	 Lambda: 0.5: 	 Best Score: 0.2148
[2020-10-23 11:09:05] esmCNN.cv0: Channel size: 13 	 Kernel size: 4 
Training MSE: 0.21482480 	 Validating MSE: 0.98630804 	 Best VMSE: 0.97252351
[2020-10-23 11:09:05] esmCNN.cv0: Checkpoint saved to experiments/normal/sili/esmCNN_random_sili_h8
[2020-10-23 11:09:05] esmCNN.cv0: Find channel with Kernel size: 4 	 Lambda: 0.5: 	 Best Score: 0.2148
[2020-10-23 11:09:05] esmCNN.cv0: Channel size: 14 	 Kernel size: 4 
Training MSE: 0.21475047 	 Validating MSE: 0.98039132 	 Best VMSE: 0.97252351
[2020-10-23 11:09:05] esmCNN.cv0: Checkpoint saved to experiments/normal/sili/esmCNN_random_sili_h8
[2020-10-23 11:09:05] esmCNN.cv0: Find channel with Kernel size: 6 	 Lambda: 0.5: 	 Best Score: 0.2145
[2020-10-23 11:09:05] esmCNN.cv0: Found new best state
[2020-10-23 11:09:05] esmCNN.cv0: Best vmse: 0.9679
[2020-10-23 11:09:05] esmCNN.cv0: Channel size: 15 	 Kernel size: 6 
Training MSE: 0.21447669 	 Validating MSE: 0.96790665 	 Best VMSE: 0.96790665
[2020-10-23 11:09:05] esmCNN.cv0: Checkpoint saved to experiments/normal/sili/esmCNN_random_sili_h8
[2020-10-23 11:09:05] esmCNN.cv0: Find channel with Kernel size: 6 	 Lambda: 0.5: 	 Best Score: 0.2140
[2020-10-23 11:09:05] esmCNN.cv0: Channel size: 16 	 Kernel size: 6 
Training MSE: 0.21402791 	 Validating MSE: 0.98597878 	 Best VMSE: 0.96790665
[2020-10-23 11:09:05] esmCNN.cv0: Checkpoint saved to experiments/normal/sili/esmCNN_random_sili_h8
[2020-10-23 11:09:05] esmCNN.cv0: Find channel with Kernel size: 4 	 Lambda: 0.5: 	 Best Score: 0.2138
[2020-10-23 11:09:06] esmCNN.cv0: Channel size: 17 	 Kernel size: 4 
Training MSE: 0.21381578 	 Validating MSE: 0.97730237 	 Best VMSE: 0.96790665
[2020-10-23 11:09:06] esmCNN.cv0: Checkpoint saved to experiments/normal/sili/esmCNN_random_sili_h8
[2020-10-23 11:09:06] esmCNN.cv0: Find channel with Kernel size: 5 	 Lambda: 0.5: 	 Best Score: 0.2135
[2020-10-23 11:09:06] esmCNN.cv0: Channel size: 18 	 Kernel size: 5 
Training MSE: 0.21349472 	 Validating MSE: 0.97369337 	 Best VMSE: 0.96790665
[2020-10-23 11:09:06] esmCNN.cv0: Checkpoint saved to experiments/normal/sili/esmCNN_random_sili_h8
[2020-10-23 11:09:06] esmCNN.cv0: Find channel with Kernel size: 4 	 Lambda: 0.5: 	 Best Score: 0.2131
[2020-10-23 11:09:06] esmCNN.cv0: Channel size: 19 	 Kernel size: 4 
Training MSE: 0.21305840 	 Validating MSE: 0.98762971 	 Best VMSE: 0.96790665
[2020-10-23 11:09:06] esmCNN.cv0: Checkpoint saved to experiments/normal/sili/esmCNN_random_sili_h8
[2020-10-23 11:09:06] esmCNN.cv0: Find channel with Kernel size: 5 	 Lambda: 0.5: 	 Best Score: 0.2123
[2020-10-23 11:09:06] esmCNN.cv0: Found new best state
[2020-10-23 11:09:06] esmCNN.cv0: Best vmse: 0.9634
[2020-10-23 11:09:06] esmCNN.cv0: Channel size: 20 	 Kernel size: 5 
Training MSE: 0.21226309 	 Validating MSE: 0.96337742 	 Best VMSE: 0.96337742
[2020-10-23 11:09:06] esmCNN.cv0: Checkpoint saved to experiments/normal/sili/esmCNN_random_sili_h8
[2020-10-23 11:09:06] esmCNN.cv0: Find channel with Kernel size: 5 	 Lambda: 0.5: 	 Best Score: 0.2118
[2020-10-23 11:09:06] esmCNN.cv0: Channel size: 21 	 Kernel size: 5 
Training MSE: 0.21180448 	 Validating MSE: 0.97750443 	 Best VMSE: 0.96337742
[2020-10-23 11:09:06] esmCNN.cv0: Checkpoint saved to experiments/normal/sili/esmCNN_random_sili_h8
[2020-10-23 11:09:06] esmCNN.cv0: Find channel with Kernel size: 8 	 Lambda: 0.5: 	 Best Score: 0.2102
[2020-10-23 11:09:06] esmCNN.cv0: Found new best state
[2020-10-23 11:09:06] esmCNN.cv0: Best vmse: 0.9591
[2020-10-23 11:09:06] esmCNN.cv0: Channel size: 22 	 Kernel size: 8 
Training MSE: 0.21020217 	 Validating MSE: 0.95912933 	 Best VMSE: 0.95912933
[2020-10-23 11:09:06] esmCNN.cv0: Checkpoint saved to experiments/normal/sili/esmCNN_random_sili_h8
[2020-10-23 11:09:06] esmCNN.cv0: Find channel with Kernel size: 5 	 Lambda: 0.5: 	 Best Score: 0.2087
[2020-10-23 11:09:06] esmCNN.cv0: Channel size: 23 	 Kernel size: 5 
Training MSE: 0.20867294 	 Validating MSE: 0.96268141 	 Best VMSE: 0.95912933
[2020-10-23 11:09:06] esmCNN.cv0: Checkpoint saved to experiments/normal/sili/esmCNN_random_sili_h8
[2020-10-23 11:09:06] esmCNN.cv0: Find channel with Kernel size: 5 	 Lambda: 0.5: 	 Best Score: 0.2085
[2020-10-23 11:09:06] esmCNN.cv0: Channel size: 24 	 Kernel size: 5 
Training MSE: 0.20846151 	 Validating MSE: 0.96473736 	 Best VMSE: 0.95912933
[2020-10-23 11:09:06] esmCNN.cv0: Checkpoint saved to experiments/normal/sili/esmCNN_random_sili_h8
[2020-10-23 11:09:06] esmCNN.cv0: Find channel with Kernel size: 8 	 Lambda: 0.5: 	 Best Score: 0.2082
[2020-10-23 11:09:06] esmCNN.cv0: Found new best state
[2020-10-23 11:09:06] esmCNN.cv0: Best vmse: 0.9509
[2020-10-23 11:09:06] esmCNN.cv0: Channel size: 25 	 Kernel size: 8 
Training MSE: 0.20815939 	 Validating MSE: 0.95093888 	 Best VMSE: 0.95093888
[2020-10-23 11:09:06] esmCNN.cv0: Checkpoint saved to experiments/normal/sili/esmCNN_random_sili_h8
[2020-10-23 11:09:06] esmCNN.cv0: Find channel with Kernel size: 5 	 Lambda: 0.5: 	 Best Score: 0.2076
[2020-10-23 11:09:06] esmCNN.cv0: Channel size: 26 	 Kernel size: 5 
Training MSE: 0.20758040 	 Validating MSE: 0.97463810 	 Best VMSE: 0.95093888
[2020-10-23 11:09:06] esmCNN.cv0: Checkpoint saved to experiments/normal/sili/esmCNN_random_sili_h8
[2020-10-23 11:09:06] esmCNN.cv0: Find channel with Kernel size: 5 	 Lambda: 0.5: 	 Best Score: 0.2066
[2020-10-23 11:09:06] esmCNN.cv0: Channel size: 27 	 Kernel size: 5 
Training MSE: 0.20658319 	 Validating MSE: 0.95876408 	 Best VMSE: 0.95093888
[2020-10-23 11:09:06] esmCNN.cv0: Checkpoint saved to experiments/normal/sili/esmCNN_random_sili_h8
[2020-10-23 11:09:06] esmCNN.cv0: Find channel with Kernel size: 4 	 Lambda: 0.5: 	 Best Score: 0.2057
[2020-10-23 11:09:06] esmCNN.cv0: Channel size: 28 	 Kernel size: 4 
Training MSE: 0.20573181 	 Validating MSE: 0.96720839 	 Best VMSE: 0.95093888
[2020-10-23 11:09:06] esmCNN.cv0: Checkpoint saved to experiments/normal/sili/esmCNN_random_sili_h8
[2020-10-23 11:09:06] esmCNN.cv0: Find channel with Kernel size: 5 	 Lambda: 0.5: 	 Best Score: 0.2055
[2020-10-23 11:09:06] esmCNN.cv0: Channel size: 29 	 Kernel size: 5 
Training MSE: 0.20553842 	 Validating MSE: 0.96323174 	 Best VMSE: 0.95093888
[2020-10-23 11:09:06] esmCNN.cv0: Checkpoint saved to experiments/normal/sili/esmCNN_random_sili_h8
[2020-10-23 11:09:06] esmCNN.cv0: Find channel with Kernel size: 8 	 Lambda: 0.5: 	 Best Score: 0.2053
[2020-10-23 11:09:06] esmCNN.cv0: Channel size: 30 	 Kernel size: 8 
Training MSE: 0.20528211 	 Validating MSE: 0.96618766 	 Best VMSE: 0.95093888
[2020-10-23 11:09:06] esmCNN.cv0: Checkpoint saved to experiments/normal/sili/esmCNN_random_sili_h8
[2020-10-23 11:09:06] esmCNN.cv0: Find channel with Kernel size: 5 	 Lambda: 0.5: 	 Best Score: 0.2051
[2020-10-23 11:09:06] esmCNN.cv0: Channel size: 31 	 Kernel size: 5 
Training MSE: 0.20506321 	 Validating MSE: 0.96466941 	 Best VMSE: 0.95093888
[2020-10-23 11:09:06] esmCNN.cv0: Checkpoint saved to experiments/normal/sili/esmCNN_random_sili_h8
[2020-10-23 11:09:06] esmCNN.cv0: Find channel with Kernel size: 8 	 Lambda: 0.5: 	 Best Score: 0.2049
[2020-10-23 11:09:06] esmCNN.cv0: Channel size: 32 	 Kernel size: 8 
Training MSE: 0.20487569 	 Validating MSE: 0.96638423 	 Best VMSE: 0.95093888
[2020-10-23 11:09:06] esmCNN.cv0: Checkpoint saved to experiments/normal/sili/esmCNN_random_sili_h8
[2020-10-23 11:09:06] esmCNN.cv0: Find channel with Kernel size: 6 	 Lambda: 0.5: 	 Best Score: 0.2047
[2020-10-23 11:09:06] esmCNN.cv0: Channel size: 33 	 Kernel size: 6 
Training MSE: 0.20473443 	 Validating MSE: 0.97380906 	 Best VMSE: 0.95093888
[2020-10-23 11:09:06] esmCNN.cv0: Checkpoint saved to experiments/normal/sili/esmCNN_random_sili_h8
[2020-10-23 11:09:06] esmCNN.cv0: Find channel with Kernel size: 5 	 Lambda: 0.5: 	 Best Score: 0.2045
[2020-10-23 11:09:06] esmCNN.cv0: Channel size: 34 	 Kernel size: 5 
Training MSE: 0.20454367 	 Validating MSE: 0.97163737 	 Best VMSE: 0.95093888
[2020-10-23 11:09:06] esmCNN.cv0: Checkpoint saved to experiments/normal/sili/esmCNN_random_sili_h8
[2020-10-23 11:09:06] esmCNN.cv0: Find channel with Kernel size: 5 	 Lambda: 0.5: 	 Best Score: 0.2044
[2020-10-23 11:09:06] esmCNN.cv0: Channel size: 35 	 Kernel size: 5 
Training MSE: 0.20438044 	 Validating MSE: 0.97312707 	 Best VMSE: 0.95093888
[2020-10-23 11:09:06] esmCNN.cv0: Checkpoint saved to experiments/normal/sili/esmCNN_random_sili_h8
[2020-10-23 11:09:07] esmCNN.cv0: Find channel with Kernel size: 8 	 Lambda: 0.5: 	 Best Score: 0.2042
[2020-10-23 11:09:07] esmCNN.cv0: Channel size: 36 	 Kernel size: 8 
Training MSE: 0.20423551 	 Validating MSE: 0.96682835 	 Best VMSE: 0.95093888
[2020-10-23 11:09:07] esmCNN.cv0: Checkpoint saved to experiments/normal/sili/esmCNN_random_sili_h8
[2020-10-23 11:09:07] esmCNN.cv0: Find channel with Kernel size: 6 	 Lambda: 0.5: 	 Best Score: 0.2038
[2020-10-23 11:09:07] esmCNN.cv0: Channel size: 37 	 Kernel size: 6 
Training MSE: 0.20379591 	 Validating MSE: 0.97391015 	 Best VMSE: 0.95093888
[2020-10-23 11:09:07] esmCNN.cv0: Checkpoint saved to experiments/normal/sili/esmCNN_random_sili_h8
[2020-10-23 11:09:07] esmCNN.cv0: Find channel with Kernel size: 5 	 Lambda: 0.5: 	 Best Score: 0.2033
[2020-10-23 11:09:07] esmCNN.cv0: Channel size: 38 	 Kernel size: 5 
Training MSE: 0.20333765 	 Validating MSE: 0.96424860 	 Best VMSE: 0.95093888
[2020-10-23 11:09:07] esmCNN.cv0: Checkpoint saved to experiments/normal/sili/esmCNN_random_sili_h8
[2020-10-23 11:09:07] esmCNN.cv0: Find channel with Kernel size: 8 	 Lambda: 0.5: 	 Best Score: 0.2022
[2020-10-23 11:09:07] esmCNN.cv0: Channel size: 39 	 Kernel size: 8 
Training MSE: 0.20218219 	 Validating MSE: 0.96476853 	 Best VMSE: 0.95093888
[2020-10-23 11:09:07] esmCNN.cv0: Checkpoint saved to experiments/normal/sili/esmCNN_random_sili_h8
[2020-10-23 11:09:07] esmCNN.cv0: Find channel with Kernel size: 6 	 Lambda: 0.5: 	 Best Score: 0.2012
[2020-10-23 11:09:07] esmCNN.cv0: Channel size: 40 	 Kernel size: 6 
Training MSE: 0.20120376 	 Validating MSE: 0.98381919 	 Best VMSE: 0.95093888
[2020-10-23 11:09:07] esmCNN.cv0: Checkpoint saved to experiments/normal/sili/esmCNN_random_sili_h8
[2020-10-23 11:09:07] esmCNN.cv0: Find channel with Kernel size: 5 	 Lambda: 0.5: 	 Best Score: 0.2008
[2020-10-23 11:09:07] esmCNN.cv0: Channel size: 41 	 Kernel size: 5 
Training MSE: 0.20077723 	 Validating MSE: 0.97192764 	 Best VMSE: 0.95093888
[2020-10-23 11:09:07] esmCNN.cv0: Checkpoint saved to experiments/normal/sili/esmCNN_random_sili_h8
[2020-10-23 11:09:07] esmCNN.cv0: Find channel with Kernel size: 8 	 Lambda: 0.5: 	 Best Score: 0.2001
[2020-10-23 11:09:07] esmCNN.cv0: Found new best state
[2020-10-23 11:09:07] esmCNN.cv0: Best vmse: 0.9499
[2020-10-23 11:09:07] esmCNN.cv0: Channel size: 42 	 Kernel size: 8 
Training MSE: 0.20005007 	 Validating MSE: 0.94993609 	 Best VMSE: 0.94993609
[2020-10-23 11:09:07] esmCNN.cv0: Checkpoint saved to experiments/normal/sili/esmCNN_random_sili_h8
[2020-10-23 11:09:07] esmCNN.cv0: Find channel with Kernel size: 5 	 Lambda: 0.5: 	 Best Score: 0.1990
[2020-10-23 11:09:07] esmCNN.cv0: Channel size: 43 	 Kernel size: 5 
Training MSE: 0.19902375 	 Validating MSE: 0.97195286 	 Best VMSE: 0.94993609
[2020-10-23 11:09:07] esmCNN.cv0: Checkpoint saved to experiments/normal/sili/esmCNN_random_sili_h8
[2020-10-23 11:09:07] esmCNN.cv0: Find channel with Kernel size: 4 	 Lambda: 0.5: 	 Best Score: 0.1987
[2020-10-23 11:09:07] esmCNN.cv0: Channel size: 44 	 Kernel size: 4 
Training MSE: 0.19866762 	 Validating MSE: 0.96588004 	 Best VMSE: 0.94993609
[2020-10-23 11:09:07] esmCNN.cv0: Checkpoint saved to experiments/normal/sili/esmCNN_random_sili_h8
[2020-10-23 11:09:07] esmCNN.cv0: Find channel with Kernel size: 8 	 Lambda: 0.5: 	 Best Score: 0.1985
[2020-10-23 11:09:07] esmCNN.cv0: Channel size: 45 	 Kernel size: 8 
Training MSE: 0.19846560 	 Validating MSE: 0.96610779 	 Best VMSE: 0.94993609
[2020-10-23 11:09:07] esmCNN.cv0: Checkpoint saved to experiments/normal/sili/esmCNN_random_sili_h8
[2020-10-23 11:09:07] esmCNN.cv0: Find channel with Kernel size: 4 	 Lambda: 0.5: 	 Best Score: 0.1984
[2020-10-23 11:09:07] esmCNN.cv0: Channel size: 46 	 Kernel size: 4 
Training MSE: 0.19836174 	 Validating MSE: 0.97167397 	 Best VMSE: 0.94993609
[2020-10-23 11:09:07] esmCNN.cv0: Checkpoint saved to experiments/normal/sili/esmCNN_random_sili_h8
[2020-10-23 11:09:07] esmCNN.cv0: Find channel with Kernel size: 6 	 Lambda: 0.5: 	 Best Score: 0.1979
[2020-10-23 11:09:07] esmCNN.cv0: Channel size: 47 	 Kernel size: 6 
Training MSE: 0.19786158 	 Validating MSE: 0.96289027 	 Best VMSE: 0.94993609
[2020-10-23 11:09:07] esmCNN.cv0: Checkpoint saved to experiments/normal/sili/esmCNN_random_sili_h8
[2020-10-23 11:09:07] esmCNN.cv0: Find channel with Kernel size: 8 	 Lambda: 0.5: 	 Best Score: 0.1977
[2020-10-23 11:09:07] esmCNN.cv0: Channel size: 48 	 Kernel size: 8 
Training MSE: 0.19768122 	 Validating MSE: 0.96693653 	 Best VMSE: 0.94993609
[2020-10-23 11:09:07] esmCNN.cv0: Checkpoint saved to experiments/normal/sili/esmCNN_random_sili_h8
[2020-10-23 11:09:07] esmCNN.cv0: Find channel with Kernel size: 5 	 Lambda: 0.5: 	 Best Score: 0.1969
[2020-10-23 11:09:07] esmCNN.cv0: Channel size: 49 	 Kernel size: 5 
Training MSE: 0.19689941 	 Validating MSE: 0.96129555 	 Best VMSE: 0.94993609
[2020-10-23 11:09:07] esmCNN.cv0: Checkpoint saved to experiments/normal/sili/esmCNN_random_sili_h8
[2020-10-23 11:09:07] esmCNN.cv0: Find channel with Kernel size: 4 	 Lambda: 0.5: 	 Best Score: 0.1961
[2020-10-23 11:09:07] esmCNN.cv0: Channel size: 50 	 Kernel size: 4 
Training MSE: 0.19607238 	 Validating MSE: 0.97160381 	 Best VMSE: 0.94993609
[2020-10-23 11:09:07] esmCNN.cv0: Checkpoint saved to experiments/normal/sili/esmCNN_random_sili_h8
[2020-10-23 11:09:08] esmCNN.cv0: Find channel with Kernel size: 8 	 Lambda: 0.5: 	 Best Score: 0.1960
[2020-10-23 11:09:08] esmCNN.cv0: Channel size: 51 	 Kernel size: 8 
Training MSE: 0.19598031 	 Validating MSE: 0.97500896 	 Best VMSE: 0.94993609
[2020-10-23 11:09:08] esmCNN.cv0: Checkpoint saved to experiments/normal/sili/esmCNN_random_sili_h8
[2020-10-23 11:09:08] esmCNN.cv0: Find channel with Kernel size: 6 	 Lambda: 0.5: 	 Best Score: 0.1958
[2020-10-23 11:09:08] esmCNN.cv0: Channel size: 52 	 Kernel size: 6 
Training MSE: 0.19578083 	 Validating MSE: 0.96437150 	 Best VMSE: 0.94993609
[2020-10-23 11:09:08] esmCNN.cv0: Checkpoint saved to experiments/normal/sili/esmCNN_random_sili_h8
[2020-10-23 11:09:08] esmCNN.cv0: Find channel with Kernel size: 5 	 Lambda: 0.5: 	 Best Score: 0.1955
[2020-10-23 11:09:08] esmCNN.cv0: Channel size: 53 	 Kernel size: 5 
Training MSE: 0.19554588 	 Validating MSE: 0.96789545 	 Best VMSE: 0.94993609
[2020-10-23 11:09:08] esmCNN.cv0: Checkpoint saved to experiments/normal/sili/esmCNN_random_sili_h8
[2020-10-23 11:09:08] esmCNN.cv0: Find channel with Kernel size: 8 	 Lambda: 0.5: 	 Best Score: 0.1955
[2020-10-23 11:09:08] esmCNN.cv0: Channel size: 54 	 Kernel size: 8 
Training MSE: 0.19546427 	 Validating MSE: 0.96634066 	 Best VMSE: 0.94993609
[2020-10-23 11:09:08] esmCNN.cv0: Checkpoint saved to experiments/normal/sili/esmCNN_random_sili_h8
[2020-10-23 11:09:08] esmCNN.cv0: Find channel with Kernel size: 5 	 Lambda: 0.5: 	 Best Score: 0.1952
[2020-10-23 11:09:08] esmCNN.cv0: Channel size: 55 	 Kernel size: 5 
Training MSE: 0.19523869 	 Validating MSE: 0.95669222 	 Best VMSE: 0.94993609
[2020-10-23 11:09:08] esmCNN.cv0: Checkpoint saved to experiments/normal/sili/esmCNN_random_sili_h8
[2020-10-23 11:09:08] esmCNN.cv0: Find channel with Kernel size: 8 	 Lambda: 0.5: 	 Best Score: 0.1947
[2020-10-23 11:09:08] esmCNN.cv0: Channel size: 56 	 Kernel size: 8 
Training MSE: 0.19473863 	 Validating MSE: 0.96028578 	 Best VMSE: 0.94993609
[2020-10-23 11:09:08] esmCNN.cv0: Checkpoint saved to experiments/normal/sili/esmCNN_random_sili_h8
[2020-10-23 11:09:08] esmCNN.cv0: Find channel with Kernel size: 6 	 Lambda: 0.5: 	 Best Score: 0.1938
[2020-10-23 11:09:08] esmCNN.cv0: Found new best state
[2020-10-23 11:09:08] esmCNN.cv0: Best vmse: 0.9454
[2020-10-23 11:09:08] esmCNN.cv0: Channel size: 57 	 Kernel size: 6 
Training MSE: 0.19376263 	 Validating MSE: 0.94540691 	 Best VMSE: 0.94540691
[2020-10-23 11:09:08] esmCNN.cv0: Checkpoint saved to experiments/normal/sili/esmCNN_random_sili_h8
[2020-10-23 11:09:08] esmCNN.cv0: Find channel with Kernel size: 8 	 Lambda: 0.5: 	 Best Score: 0.1930
[2020-10-23 11:09:08] esmCNN.cv0: Channel size: 58 	 Kernel size: 8 
Training MSE: 0.19295293 	 Validating MSE: 0.96965486 	 Best VMSE: 0.94540691
[2020-10-23 11:09:08] esmCNN.cv0: Checkpoint saved to experiments/normal/sili/esmCNN_random_sili_h8
[2020-10-23 11:09:08] esmCNN.cv0: Find channel with Kernel size: 6 	 Lambda: 0.5: 	 Best Score: 0.1927
[2020-10-23 11:09:08] esmCNN.cv0: Channel size: 59 	 Kernel size: 6 
Training MSE: 0.19271636 	 Validating MSE: 0.96331406 	 Best VMSE: 0.94540691
[2020-10-23 11:09:08] esmCNN.cv0: Checkpoint saved to experiments/normal/sili/esmCNN_random_sili_h8
[2020-10-23 11:09:08] esmCNN.cv0: Find channel with Kernel size: 8 	 Lambda: 0.5: 	 Best Score: 0.1925
[2020-10-23 11:09:08] esmCNN.cv0: Channel size: 60 	 Kernel size: 8 
Training MSE: 0.19253419 	 Validating MSE: 0.96896785 	 Best VMSE: 0.94540691
[2020-10-23 11:09:08] esmCNN.cv0: Checkpoint saved to experiments/normal/sili/esmCNN_random_sili_h8
[2020-10-23 11:09:08] esmCNN.cv0: Find channel with Kernel size: 6 	 Lambda: 0.5: 	 Best Score: 0.1919
[2020-10-23 11:09:08] esmCNN.cv0: Channel size: 61 	 Kernel size: 6 
Training MSE: 0.19190173 	 Validating MSE: 0.95631760 	 Best VMSE: 0.94540691
[2020-10-23 11:09:08] esmCNN.cv0: Checkpoint saved to experiments/normal/sili/esmCNN_random_sili_h8
[2020-10-23 11:09:08] esmCNN.cv0: Find channel with Kernel size: 6 	 Lambda: 0.5: 	 Best Score: 0.1912
[2020-10-23 11:09:08] esmCNN.cv0: Channel size: 62 	 Kernel size: 6 
Training MSE: 0.19118147 	 Validating MSE: 0.96441901 	 Best VMSE: 0.94540691
[2020-10-23 11:09:08] esmCNN.cv0: Checkpoint saved to experiments/normal/sili/esmCNN_random_sili_h8
[2020-10-23 11:09:08] esmCNN.cv0: Find channel with Kernel size: 5 	 Lambda: 0.5: 	 Best Score: 0.1910
[2020-10-23 11:09:08] esmCNN.cv0: Channel size: 63 	 Kernel size: 5 
Training MSE: 0.19095507 	 Validating MSE: 0.95472860 	 Best VMSE: 0.94540691
[2020-10-23 11:09:08] esmCNN.cv0: Checkpoint saved to experiments/normal/sili/esmCNN_random_sili_h8
[2020-10-23 11:09:09] esmCNN.cv0: Find channel with Kernel size: 6 	 Lambda: 0.5: 	 Best Score: 0.1902
[2020-10-23 11:09:09] esmCNN.cv0: Channel size: 64 	 Kernel size: 6 
Training MSE: 0.19019629 	 Validating MSE: 0.95106977 	 Best VMSE: 0.94540691
[2020-10-23 11:09:09] esmCNN.cv0: Checkpoint saved to experiments/normal/sili/esmCNN_random_sili_h8
[2020-10-23 11:09:09] esmCNN.cv0: Find channel with Kernel size: 6 	 Lambda: 0.5: 	 Best Score: 0.1896
[2020-10-23 11:09:09] esmCNN.cv0: Channel size: 65 	 Kernel size: 6 
Training MSE: 0.18957460 	 Validating MSE: 0.96321154 	 Best VMSE: 0.94540691
[2020-10-23 11:09:09] esmCNN.cv0: Checkpoint saved to experiments/normal/sili/esmCNN_random_sili_h8
[2020-10-23 11:09:09] esmCNN.cv0: Find channel with Kernel size: 8 	 Lambda: 0.5: 	 Best Score: 0.1894
[2020-10-23 11:09:09] esmCNN.cv0: Channel size: 66 	 Kernel size: 8 
Training MSE: 0.18938501 	 Validating MSE: 0.96242160 	 Best VMSE: 0.94540691
[2020-10-23 11:09:09] esmCNN.cv0: Checkpoint saved to experiments/normal/sili/esmCNN_random_sili_h8
[2020-10-23 11:09:09] esmCNN.cv0: Find channel with Kernel size: 6 	 Lambda: 0.5: 	 Best Score: 0.1888
[2020-10-23 11:09:09] esmCNN.cv0: Channel size: 67 	 Kernel size: 6 
Training MSE: 0.18875627 	 Validating MSE: 0.95433724 	 Best VMSE: 0.94540691
[2020-10-23 11:09:09] esmCNN.cv0: Checkpoint saved to experiments/normal/sili/esmCNN_random_sili_h8
[2020-10-23 11:09:09] esmCNN.cv0: Find channel with Kernel size: 4 	 Lambda: 0.5: 	 Best Score: 0.1881
[2020-10-23 11:09:09] esmCNN.cv0: Channel size: 68 	 Kernel size: 4 
Training MSE: 0.18812580 	 Validating MSE: 0.97031385 	 Best VMSE: 0.94540691
[2020-10-23 11:09:09] esmCNN.cv0: Checkpoint saved to experiments/normal/sili/esmCNN_random_sili_h8
[2020-10-23 11:09:09] esmCNN.cv0: Find channel with Kernel size: 6 	 Lambda: 0.5: 	 Best Score: 0.1880
[2020-10-23 11:09:09] esmCNN.cv0: Channel size: 69 	 Kernel size: 6 
Training MSE: 0.18799461 	 Validating MSE: 0.96288931 	 Best VMSE: 0.94540691
[2020-10-23 11:09:09] esmCNN.cv0: Checkpoint saved to experiments/normal/sili/esmCNN_random_sili_h8
[2020-10-23 11:09:09] esmCNN.cv0: Find channel with Kernel size: 4 	 Lambda: 0.5: 	 Best Score: 0.1879
[2020-10-23 11:09:09] esmCNN.cv0: Channel size: 70 	 Kernel size: 4 
Training MSE: 0.18786846 	 Validating MSE: 0.96785814 	 Best VMSE: 0.94540691
[2020-10-23 11:09:09] esmCNN.cv0: Checkpoint saved to experiments/normal/sili/esmCNN_random_sili_h8
[2020-10-23 11:09:09] esmCNN.cv0: Find channel with Kernel size: 6 	 Lambda: 0.5: 	 Best Score: 0.1878
[2020-10-23 11:09:09] esmCNN.cv0: Channel size: 71 	 Kernel size: 6 
Training MSE: 0.18778968 	 Validating MSE: 0.96620142 	 Best VMSE: 0.94540691
[2020-10-23 11:09:09] esmCNN.cv0: Checkpoint saved to experiments/normal/sili/esmCNN_random_sili_h8
[2020-10-23 11:09:09] esmCNN.cv0: Find channel with Kernel size: 6 	 Lambda: 0.5: 	 Best Score: 0.1877
[2020-10-23 11:09:09] esmCNN.cv0: Channel size: 72 	 Kernel size: 6 
Training MSE: 0.18768106 	 Validating MSE: 0.96495742 	 Best VMSE: 0.94540691
[2020-10-23 11:09:09] esmCNN.cv0: Checkpoint saved to experiments/normal/sili/esmCNN_random_sili_h8
[2020-10-23 11:09:09] esmCNN.cv0: Find channel with Kernel size: 8 	 Lambda: 0.5: 	 Best Score: 0.1874
[2020-10-23 11:09:09] esmCNN.cv0: Channel size: 73 	 Kernel size: 8 
Training MSE: 0.18743744 	 Validating MSE: 0.95318836 	 Best VMSE: 0.94540691
[2020-10-23 11:09:09] esmCNN.cv0: Checkpoint saved to experiments/normal/sili/esmCNN_random_sili_h8
[2020-10-23 11:09:09] esmCNN.cv0: Find channel with Kernel size: 6 	 Lambda: 0.5: 	 Best Score: 0.1873
[2020-10-23 11:09:09] esmCNN.cv0: Channel size: 74 	 Kernel size: 6 
Training MSE: 0.18728405 	 Validating MSE: 0.96163017 	 Best VMSE: 0.94540691
[2020-10-23 11:09:09] esmCNN.cv0: Checkpoint saved to experiments/normal/sili/esmCNN_random_sili_h8
[2020-10-23 11:09:09] esmCNN.cv0: Find channel with Kernel size: 8 	 Lambda: 0.5: 	 Best Score: 0.1869
[2020-10-23 11:09:10] esmCNN.cv0: Channel size: 75 	 Kernel size: 8 
Training MSE: 0.18685949 	 Validating MSE: 0.94691390 	 Best VMSE: 0.94540691
[2020-10-23 11:09:10] esmCNN.cv0: Checkpoint saved to experiments/normal/sili/esmCNN_random_sili_h8
[2020-10-23 11:09:10] esmCNN.cv0: Find channel with Kernel size: 4 	 Lambda: 0.5: 	 Best Score: 0.1864
[2020-10-23 11:09:10] esmCNN.cv0: Channel size: 76 	 Kernel size: 4 
Training MSE: 0.18638800 	 Validating MSE: 0.96028203 	 Best VMSE: 0.94540691
[2020-10-23 11:09:10] esmCNN.cv0: Checkpoint saved to experiments/normal/sili/esmCNN_random_sili_h8
[2020-10-23 11:09:10] esmCNN.cv0: Find channel with Kernel size: 8 	 Lambda: 0.5: 	 Best Score: 0.1861
[2020-10-23 11:09:10] esmCNN.cv0: Channel size: 77 	 Kernel size: 8 
Training MSE: 0.18612011 	 Validating MSE: 0.94675416 	 Best VMSE: 0.94540691
[2020-10-23 11:09:10] esmCNN.cv0: Checkpoint saved to experiments/normal/sili/esmCNN_random_sili_h8
[2020-10-23 11:09:10] esmCNN.cv0: Find channel with Kernel size: 4 	 Lambda: 0.5: 	 Best Score: 0.1859
[2020-10-23 11:09:10] esmCNN.cv0: Channel size: 78 	 Kernel size: 4 
Training MSE: 0.18586664 	 Validating MSE: 0.95179695 	 Best VMSE: 0.94540691
[2020-10-23 11:09:10] esmCNN.cv0: Checkpoint saved to experiments/normal/sili/esmCNN_random_sili_h8
[2020-10-23 11:09:10] esmCNN.cv0: Find channel with Kernel size: 6 	 Lambda: 0.5: 	 Best Score: 0.1857
[2020-10-23 11:09:10] esmCNN.cv0: Channel size: 79 	 Kernel size: 6 
Training MSE: 0.18567853 	 Validating MSE: 0.96024495 	 Best VMSE: 0.94540691
[2020-10-23 11:09:10] esmCNN.cv0: Checkpoint saved to experiments/normal/sili/esmCNN_random_sili_h8
[2020-10-23 11:09:10] esmCNN.cv0: Find channel with Kernel size: 5 	 Lambda: 0.5: 	 Best Score: 0.1848
[2020-10-23 11:09:10] esmCNN.cv0: Channel size: 80 	 Kernel size: 5 
Training MSE: 0.18475722 	 Validating MSE: 0.96044636 	 Best VMSE: 0.94540691
[2020-10-23 11:09:10] esmCNN.cv0: Checkpoint saved to experiments/normal/sili/esmCNN_random_sili_h8
[2020-10-23 11:09:10] esmCNN.cv0: Find channel with Kernel size: 8 	 Lambda: 0.5: 	 Best Score: 0.1841
[2020-10-23 11:09:10] esmCNN.cv0: Channel size: 81 	 Kernel size: 8 
Training MSE: 0.18414032 	 Validating MSE: 0.97584957 	 Best VMSE: 0.94540691
[2020-10-23 11:09:10] esmCNN.cv0: Checkpoint saved to experiments/normal/sili/esmCNN_random_sili_h8
[2020-10-23 11:09:10] esmCNN.cv0: Find channel with Kernel size: 4 	 Lambda: 0.5: 	 Best Score: 0.1839
[2020-10-23 11:09:10] esmCNN.cv0: Channel size: 82 	 Kernel size: 4 
Training MSE: 0.18387966 	 Validating MSE: 0.96132165 	 Best VMSE: 0.94540691
[2020-10-23 11:09:10] esmCNN.cv0: Checkpoint saved to experiments/normal/sili/esmCNN_random_sili_h8
[2020-10-23 11:09:10] esmCNN.cv0: Find channel with Kernel size: 5 	 Lambda: 0.5: 	 Best Score: 0.1835
[2020-10-23 11:09:10] esmCNN.cv0: Channel size: 83 	 Kernel size: 5 
Training MSE: 0.18348050 	 Validating MSE: 0.96196395 	 Best VMSE: 0.94540691
[2020-10-23 11:09:10] esmCNN.cv0: Checkpoint saved to experiments/normal/sili/esmCNN_random_sili_h8
[2020-10-23 11:09:10] esmCNN.cv0: Find channel with Kernel size: 5 	 Lambda: 0.5: 	 Best Score: 0.1829
[2020-10-23 11:09:10] esmCNN.cv0: Channel size: 84 	 Kernel size: 5 
Training MSE: 0.18294498 	 Validating MSE: 0.95954382 	 Best VMSE: 0.94540691
[2020-10-23 11:09:10] esmCNN.cv0: Checkpoint saved to experiments/normal/sili/esmCNN_random_sili_h8
[2020-10-23 11:09:10] esmCNN.cv0: Find channel with Kernel size: 8 	 Lambda: 0.5: 	 Best Score: 0.1828
[2020-10-23 11:09:10] esmCNN.cv0: Channel size: 85 	 Kernel size: 8 
Training MSE: 0.18281631 	 Validating MSE: 0.95785713 	 Best VMSE: 0.94540691
[2020-10-23 11:09:10] esmCNN.cv0: Checkpoint saved to experiments/normal/sili/esmCNN_random_sili_h8
[2020-10-23 11:09:10] esmCNN.cv0: Find channel with Kernel size: 8 	 Lambda: 0.5: 	 Best Score: 0.1827
[2020-10-23 11:09:11] esmCNN.cv0: Channel size: 86 	 Kernel size: 8 
Training MSE: 0.18270743 	 Validating MSE: 0.96427137 	 Best VMSE: 0.94540691
[2020-10-23 11:09:11] esmCNN.cv0: Checkpoint saved to experiments/normal/sili/esmCNN_random_sili_h8
[2020-10-23 11:09:11] esmCNN.cv0: Find channel with Kernel size: 4 	 Lambda: 0.5: 	 Best Score: 0.1825
[2020-10-23 11:09:11] esmCNN.cv0: Channel size: 87 	 Kernel size: 4 
Training MSE: 0.18250746 	 Validating MSE: 0.96093607 	 Best VMSE: 0.94540691
[2020-10-23 11:09:11] esmCNN.cv0: Checkpoint saved to experiments/normal/sili/esmCNN_random_sili_h8
[2020-10-23 11:09:11] esmCNN.cv0: Find channel with Kernel size: 6 	 Lambda: 0.5: 	 Best Score: 0.1823
[2020-10-23 11:09:11] esmCNN.cv0: Channel size: 88 	 Kernel size: 6 
Training MSE: 0.18231107 	 Validating MSE: 0.95946187 	 Best VMSE: 0.94540691
[2020-10-23 11:09:11] esmCNN.cv0: Checkpoint saved to experiments/normal/sili/esmCNN_random_sili_h8
[2020-10-23 11:09:11] esmCNN.cv0: Find channel with Kernel size: 4 	 Lambda: 0.5: 	 Best Score: 0.1821
[2020-10-23 11:09:11] esmCNN.cv0: Channel size: 89 	 Kernel size: 4 
Training MSE: 0.18210159 	 Validating MSE: 0.96457130 	 Best VMSE: 0.94540691
[2020-10-23 11:09:11] esmCNN.cv0: Checkpoint saved to experiments/normal/sili/esmCNN_random_sili_h8
[2020-10-23 11:09:11] esmCNN.cv0: Find channel with Kernel size: 6 	 Lambda: 0.5: 	 Best Score: 0.1819
[2020-10-23 11:09:11] esmCNN.cv0: Channel size: 90 	 Kernel size: 6 
Training MSE: 0.18193129 	 Validating MSE: 0.97253066 	 Best VMSE: 0.94540691
[2020-10-23 11:09:11] esmCNN.cv0: Checkpoint saved to experiments/normal/sili/esmCNN_random_sili_h8
[2020-10-23 11:09:11] esmCNN.cv0: Find channel with Kernel size: 4 	 Lambda: 0.5: 	 Best Score: 0.1818
[2020-10-23 11:09:11] esmCNN.cv0: Channel size: 91 	 Kernel size: 4 
Training MSE: 0.18178853 	 Validating MSE: 0.96351618 	 Best VMSE: 0.94540691
[2020-10-23 11:09:11] esmCNN.cv0: Checkpoint saved to experiments/normal/sili/esmCNN_random_sili_h8
[2020-10-23 11:09:11] esmCNN.cv0: Find channel with Kernel size: 4 	 Lambda: 0.5: 	 Best Score: 0.1815
[2020-10-23 11:09:11] esmCNN.cv0: Channel size: 92 	 Kernel size: 4 
Training MSE: 0.18148564 	 Validating MSE: 0.96364325 	 Best VMSE: 0.94540691
[2020-10-23 11:09:11] esmCNN.cv0: Checkpoint saved to experiments/normal/sili/esmCNN_random_sili_h8
[2020-10-23 11:09:11] esmCNN.cv0: Find channel with Kernel size: 8 	 Lambda: 0.5: 	 Best Score: 0.1811
[2020-10-23 11:09:11] esmCNN.cv0: Channel size: 93 	 Kernel size: 8 
Training MSE: 0.18106841 	 Validating MSE: 0.95459443 	 Best VMSE: 0.94540691
[2020-10-23 11:09:11] esmCNN.cv0: Checkpoint saved to experiments/normal/sili/esmCNN_random_sili_h8
[2020-10-23 11:09:11] esmCNN.cv0: Find channel with Kernel size: 4 	 Lambda: 0.5: 	 Best Score: 0.1808
[2020-10-23 11:09:11] esmCNN.cv0: Channel size: 94 	 Kernel size: 4 
Training MSE: 0.18084149 	 Validating MSE: 0.95793933 	 Best VMSE: 0.94540691
[2020-10-23 11:09:11] esmCNN.cv0: Checkpoint saved to experiments/normal/sili/esmCNN_random_sili_h8
[2020-10-23 11:09:11] esmCNN.cv0: Find channel with Kernel size: 6 	 Lambda: 0.5: 	 Best Score: 0.1808
[2020-10-23 11:09:11] esmCNN.cv0: Channel size: 95 	 Kernel size: 6 
Training MSE: 0.18077224 	 Validating MSE: 0.95809329 	 Best VMSE: 0.94540691
[2020-10-23 11:09:11] esmCNN.cv0: Checkpoint saved to experiments/normal/sili/esmCNN_random_sili_h8
[2020-10-23 11:09:12] esmCNN.cv0: Find channel with Kernel size: 8 	 Lambda: 0.5: 	 Best Score: 0.1803
[2020-10-23 11:09:12] esmCNN.cv0: Channel size: 96 	 Kernel size: 8 
Training MSE: 0.18034761 	 Validating MSE: 0.96418154 	 Best VMSE: 0.94540691
[2020-10-23 11:09:12] esmCNN.cv0: Checkpoint saved to experiments/normal/sili/esmCNN_random_sili_h8
[2020-10-23 11:09:12] esmCNN.cv0: Find channel with Kernel size: 4 	 Lambda: 0.5: 	 Best Score: 0.1800
[2020-10-23 11:09:12] esmCNN.cv0: Channel size: 97 	 Kernel size: 4 
Training MSE: 0.17997135 	 Validating MSE: 0.95626605 	 Best VMSE: 0.94540691
[2020-10-23 11:09:12] esmCNN.cv0: Checkpoint saved to experiments/normal/sili/esmCNN_random_sili_h8
[2020-10-23 11:09:12] esmCNN.cv0: Find channel with Kernel size: 8 	 Lambda: 0.5: 	 Best Score: 0.1798
[2020-10-23 11:09:12] esmCNN.cv0: Channel size: 98 	 Kernel size: 8 
Training MSE: 0.17982322 	 Validating MSE: 0.96546233 	 Best VMSE: 0.94540691
[2020-10-23 11:09:12] esmCNN.cv0: Checkpoint saved to experiments/normal/sili/esmCNN_random_sili_h8
[2020-10-23 11:09:12] esmCNN.cv0: Find channel with Kernel size: 6 	 Lambda: 0.5: 	 Best Score: 0.1796
[2020-10-23 11:09:12] esmCNN.cv0: Channel size: 99 	 Kernel size: 6 
Training MSE: 0.17957075 	 Validating MSE: 0.95762169 	 Best VMSE: 0.94540691
[2020-10-23 11:09:12] esmCNN.cv0: Checkpoint saved to experiments/normal/sili/esmCNN_random_sili_h8
[2020-10-23 11:09:12] esmCNN.cv0: Find channel with Kernel size: 8 	 Lambda: 0.5: 	 Best Score: 0.1794
[2020-10-23 11:09:12] esmCNN.cv0: Channel size: 100 	 Kernel size: 8 
Training MSE: 0.17935605 	 Validating MSE: 0.96386760 	 Best VMSE: 0.94540691
[2020-10-23 11:09:12] esmCNN.cv0: Checkpoint saved to experiments/normal/sili/esmCNN_random_sili_h8
[2020-10-23 11:09:12] esmCNN.cv0: Restoring best parameters from experiments/normal/sili/esmCNN_random_sili_h8/train.cv0.pth.tar
[2020-10-23 11:09:12] esmCNN.cv0: sili	 H: 8	 Trail: 5 
Testing RMSE: 1.036 	 MAPE: 0.1507 	 SMAPE: 0.08505
