[2020-10-23 11:13:50] esmCNN.cv14: Loading the datasets and model for 44th-batch-training
[2020-10-23 11:13:50] esmCNN.cv14: Argument channel_size: 100
[2020-10-23 11:13:50] esmCNN.cv14: Argument candidate_size: 300
[2020-10-23 11:13:50] esmCNN.cv14: Argument kernel_size: 6
[2020-10-23 11:13:50] esmCNN.cv14: Argument kernel_list: [8, 6, 5, 4]
[2020-10-23 11:13:50] esmCNN.cv14: Argument Lambdas: [0.5, 1, 5, 15, 30, 50, 100, 150, 200]
[2020-10-23 11:13:50] esmCNN.cv14: Argument Lambdas_std: [0.01, 0.05, 0.1, 0.5, 1]
[2020-10-23 11:13:50] esmCNN.cv14: Argument r: [0.8, 0.9, 0.99, 0.9999, 0.999999]
[2020-10-23 11:13:50] esmCNN.cv14: Argument tolerance: 0
[2020-10-23 11:13:50] esmCNN.cv14: Argument device: device(type='cuda')
[2020-10-23 11:13:50] esmCNN.cv14: Argument dataset: 'sili'
[2020-10-23 11:13:50] esmCNN.cv14: Argument H: 8
[2020-10-23 11:13:50] esmCNN.cv14: Argument k: 5
[2020-10-23 11:13:50] esmCNN.cv14: Argument test: False
[2020-10-23 11:13:50] esmCNN.cv14: Argument search: 'random'
[2020-10-23 11:13:50] esmCNN.cv14: Argument normal: True
[2020-10-23 11:13:50] esmCNN.cv14: Argument diff: False
[2020-10-23 11:13:50] esmCNN.cv14: Argument times: 60
[2020-10-23 11:13:50] esmCNN.cv14: Argument datasets: {'ar1': {'lag_order': 15, 'normal': True, 'cov_dim': 0, 'kernel_size': 3}, 'wti': {'lag_order': 25, 'normal': True, 'cov_dim': 0, 'kernel_size': 5}, 'gold': {'lag_order': 25, 'normal': True, 'cov_dim': 0, 'kernel_size': 5}, 'sp': {'lag_order': 25, 'normal': True, 'cov_dim': 0, 'kernel_size': 5}, 'brent': {'lag_order': 24, 'normal': True, 'cov_dim': 0, 'kernel_size': 6}, 'sili': {'lag_order': 26, 'normal': True, 'cov_dim': 0, 'kernel_size': 6}}
[2020-10-23 11:13:50] esmCNN.cv14: Argument steps: 26
[2020-10-23 11:13:50] esmCNN.cv14: Argument cov_dim: 0
[2020-10-23 11:13:50] esmCNN.cv14: Argument experiment: 'experiments/normal/sili'
[2020-10-23 11:13:50] esmCNN.cv14: Argument scaler: StandardScaler()
[2020-10-23 11:13:50] esmCNN.cv14: Argument model_name: 'esmCNN_random_sili_h8'
[2020-10-23 11:13:50] esmCNN.cv14: Argument model_dir: 'experiments/normal/sili/esmCNN_random_sili_h8'
[2020-10-23 11:13:50] esmCNN.cv14: Argument In_channels: 1
[2020-10-23 11:13:50] esmCNN.cv14: Argument restore: True
[2020-10-23 11:13:50] esmCNN.cv14: Argument cv: 14
[2020-10-23 11:13:50] esmCNN.cv14: Argument plot_dir: 'experiments/normal/sili/esmCNN_random_sili_h8/figures'
[2020-10-23 11:13:50] esmCNN.cv14: Argument num_process: 8
[2020-10-23 11:13:50] esmCNN.cv14: Using Cuda...
[2020-10-23 11:13:50] esmCNN.cv14: Loading complete.
[2020-10-23 11:13:50] esmCNN.cv14: Model: 
ESM_CNN(
  (Pool): AvgPool1d(kernel_size=(3,), stride=(1,), padding=(0,))
  (loss_fn): MSELoss()
)
[2020-10-23 11:13:50] esmCNN.cv14: Found new best state
[2020-10-23 11:13:50] esmCNN.cv14: Best vmse: 1.0789
[2020-10-23 11:13:50] esmCNN.cv14: Channel size: 1 	 Kernel size: 6 
Training MSE: 0.25310725 	 Validating MSE: 1.07894647 	 Best VMSE: 1.07894647
[2020-10-23 11:13:50] esmCNN.cv14: Checkpoint saved to experiments/normal/sili/esmCNN_random_sili_h8
[2020-10-23 11:13:50] esmCNN.cv14: Find channel with Kernel size: 6 	 Lambda: 0.5: 	 Best Score: 0.2282
[2020-10-23 11:13:50] esmCNN.cv14: Found new best state
[2020-10-23 11:13:50] esmCNN.cv14: Best vmse: 1.0461
[2020-10-23 11:13:50] esmCNN.cv14: Channel size: 2 	 Kernel size: 6 
Training MSE: 0.22818790 	 Validating MSE: 1.04611790 	 Best VMSE: 1.04611790
[2020-10-23 11:13:50] esmCNN.cv14: Checkpoint saved to experiments/normal/sili/esmCNN_random_sili_h8
[2020-10-23 11:13:50] esmCNN.cv14: Find channel with Kernel size: 4 	 Lambda: 0.5: 	 Best Score: 0.2211
[2020-10-23 11:13:50] esmCNN.cv14: Found new best state
[2020-10-23 11:13:50] esmCNN.cv14: Best vmse: 0.9681
[2020-10-23 11:13:50] esmCNN.cv14: Channel size: 3 	 Kernel size: 4 
Training MSE: 0.22113796 	 Validating MSE: 0.96810436 	 Best VMSE: 0.96810436
[2020-10-23 11:13:50] esmCNN.cv14: Checkpoint saved to experiments/normal/sili/esmCNN_random_sili_h8
[2020-10-23 11:13:50] esmCNN.cv14: Find channel with Kernel size: 8 	 Lambda: 0.5: 	 Best Score: 0.2194
[2020-10-23 11:13:50] esmCNN.cv14: Found new best state
[2020-10-23 11:13:50] esmCNN.cv14: Best vmse: 0.9580
[2020-10-23 11:13:50] esmCNN.cv14: Channel size: 4 	 Kernel size: 8 
Training MSE: 0.21941432 	 Validating MSE: 0.95795536 	 Best VMSE: 0.95795536
[2020-10-23 11:13:50] esmCNN.cv14: Checkpoint saved to experiments/normal/sili/esmCNN_random_sili_h8
[2020-10-23 11:13:50] esmCNN.cv14: Find channel with Kernel size: 4 	 Lambda: 0.5: 	 Best Score: 0.2184
[2020-10-23 11:13:50] esmCNN.cv14: Found new best state
[2020-10-23 11:13:50] esmCNN.cv14: Best vmse: 0.9564
[2020-10-23 11:13:50] esmCNN.cv14: Channel size: 5 	 Kernel size: 4 
Training MSE: 0.21841370 	 Validating MSE: 0.95635527 	 Best VMSE: 0.95635527
[2020-10-23 11:13:50] esmCNN.cv14: Checkpoint saved to experiments/normal/sili/esmCNN_random_sili_h8
[2020-10-23 11:13:50] esmCNN.cv14: Find channel with Kernel size: 5 	 Lambda: 0.5: 	 Best Score: 0.2181
[2020-10-23 11:13:50] esmCNN.cv14: Found new best state
[2020-10-23 11:13:50] esmCNN.cv14: Best vmse: 0.9514
[2020-10-23 11:13:50] esmCNN.cv14: Channel size: 6 	 Kernel size: 5 
Training MSE: 0.21810165 	 Validating MSE: 0.95141840 	 Best VMSE: 0.95141840
[2020-10-23 11:13:50] esmCNN.cv14: Checkpoint saved to experiments/normal/sili/esmCNN_random_sili_h8
[2020-10-23 11:13:50] esmCNN.cv14: Find channel with Kernel size: 5 	 Lambda: 0.5: 	 Best Score: 0.2178
[2020-10-23 11:13:50] esmCNN.cv14: Channel size: 7 	 Kernel size: 5 
Training MSE: 0.21775532 	 Validating MSE: 0.95205414 	 Best VMSE: 0.95141840
[2020-10-23 11:13:50] esmCNN.cv14: Checkpoint saved to experiments/normal/sili/esmCNN_random_sili_h8
[2020-10-23 11:13:50] esmCNN.cv14: Find channel with Kernel size: 6 	 Lambda: 0.5: 	 Best Score: 0.2170
[2020-10-23 11:13:51] esmCNN.cv14: Found new best state
[2020-10-23 11:13:51] esmCNN.cv14: Best vmse: 0.9405
[2020-10-23 11:13:51] esmCNN.cv14: Channel size: 8 	 Kernel size: 6 
Training MSE: 0.21698093 	 Validating MSE: 0.94048119 	 Best VMSE: 0.94048119
[2020-10-23 11:13:51] esmCNN.cv14: Checkpoint saved to experiments/normal/sili/esmCNN_random_sili_h8
[2020-10-23 11:13:51] esmCNN.cv14: Find channel with Kernel size: 4 	 Lambda: 0.5: 	 Best Score: 0.2161
[2020-10-23 11:13:51] esmCNN.cv14: Channel size: 9 	 Kernel size: 4 
Training MSE: 0.21608216 	 Validating MSE: 0.96015912 	 Best VMSE: 0.94048119
[2020-10-23 11:13:51] esmCNN.cv14: Checkpoint saved to experiments/normal/sili/esmCNN_random_sili_h8
[2020-10-23 11:13:51] esmCNN.cv14: Find channel with Kernel size: 8 	 Lambda: 0.5: 	 Best Score: 0.2147
[2020-10-23 11:13:51] esmCNN.cv14: Found new best state
[2020-10-23 11:13:51] esmCNN.cv14: Best vmse: 0.9402
[2020-10-23 11:13:51] esmCNN.cv14: Channel size: 10 	 Kernel size: 8 
Training MSE: 0.21470428 	 Validating MSE: 0.94017154 	 Best VMSE: 0.94017154
[2020-10-23 11:13:51] esmCNN.cv14: Checkpoint saved to experiments/normal/sili/esmCNN_random_sili_h8
[2020-10-23 11:13:51] esmCNN.cv14: Find channel with Kernel size: 6 	 Lambda: 0.5: 	 Best Score: 0.2129
[2020-10-23 11:13:51] esmCNN.cv14: Channel size: 11 	 Kernel size: 6 
Training MSE: 0.21285014 	 Validating MSE: 0.96165389 	 Best VMSE: 0.94017154
[2020-10-23 11:13:51] esmCNN.cv14: Checkpoint saved to experiments/normal/sili/esmCNN_random_sili_h8
[2020-10-23 11:13:51] esmCNN.cv14: Find channel with Kernel size: 5 	 Lambda: 0.5: 	 Best Score: 0.2122
[2020-10-23 11:13:51] esmCNN.cv14: Channel size: 12 	 Kernel size: 5 
Training MSE: 0.21215357 	 Validating MSE: 0.94457483 	 Best VMSE: 0.94017154
[2020-10-23 11:13:51] esmCNN.cv14: Checkpoint saved to experiments/normal/sili/esmCNN_random_sili_h8
[2020-10-23 11:13:51] esmCNN.cv14: Find channel with Kernel size: 8 	 Lambda: 0.5: 	 Best Score: 0.2117
[2020-10-23 11:13:51] esmCNN.cv14: Channel size: 13 	 Kernel size: 8 
Training MSE: 0.21165031 	 Validating MSE: 0.96004307 	 Best VMSE: 0.94017154
[2020-10-23 11:13:51] esmCNN.cv14: Checkpoint saved to experiments/normal/sili/esmCNN_random_sili_h8
[2020-10-23 11:13:51] esmCNN.cv14: Find channel with Kernel size: 4 	 Lambda: 0.5: 	 Best Score: 0.2112
[2020-10-23 11:13:51] esmCNN.cv14: Channel size: 14 	 Kernel size: 4 
Training MSE: 0.21118043 	 Validating MSE: 0.94672519 	 Best VMSE: 0.94017154
[2020-10-23 11:13:51] esmCNN.cv14: Checkpoint saved to experiments/normal/sili/esmCNN_random_sili_h8
[2020-10-23 11:13:51] esmCNN.cv14: Find channel with Kernel size: 8 	 Lambda: 0.5: 	 Best Score: 0.2109
[2020-10-23 11:13:51] esmCNN.cv14: Channel size: 15 	 Kernel size: 8 
Training MSE: 0.21087497 	 Validating MSE: 0.95949233 	 Best VMSE: 0.94017154
[2020-10-23 11:13:51] esmCNN.cv14: Checkpoint saved to experiments/normal/sili/esmCNN_random_sili_h8
[2020-10-23 11:13:51] esmCNN.cv14: Find channel with Kernel size: 6 	 Lambda: 0.5: 	 Best Score: 0.2106
[2020-10-23 11:13:51] esmCNN.cv14: Channel size: 16 	 Kernel size: 6 
Training MSE: 0.21064690 	 Validating MSE: 0.95599502 	 Best VMSE: 0.94017154
[2020-10-23 11:13:51] esmCNN.cv14: Checkpoint saved to experiments/normal/sili/esmCNN_random_sili_h8
[2020-10-23 11:13:51] esmCNN.cv14: Find channel with Kernel size: 4 	 Lambda: 0.5: 	 Best Score: 0.2103
[2020-10-23 11:13:51] esmCNN.cv14: Channel size: 17 	 Kernel size: 4 
Training MSE: 0.21026923 	 Validating MSE: 0.94535190 	 Best VMSE: 0.94017154
[2020-10-23 11:13:51] esmCNN.cv14: Checkpoint saved to experiments/normal/sili/esmCNN_random_sili_h8
[2020-10-23 11:13:51] esmCNN.cv14: Find channel with Kernel size: 4 	 Lambda: 0.5: 	 Best Score: 0.2100
[2020-10-23 11:13:51] esmCNN.cv14: Channel size: 18 	 Kernel size: 4 
Training MSE: 0.21001253 	 Validating MSE: 0.95004189 	 Best VMSE: 0.94017154
[2020-10-23 11:13:51] esmCNN.cv14: Checkpoint saved to experiments/normal/sili/esmCNN_random_sili_h8
[2020-10-23 11:13:51] esmCNN.cv14: Find channel with Kernel size: 6 	 Lambda: 0.5: 	 Best Score: 0.2098
[2020-10-23 11:13:51] esmCNN.cv14: Channel size: 19 	 Kernel size: 6 
Training MSE: 0.20982617 	 Validating MSE: 0.94370645 	 Best VMSE: 0.94017154
[2020-10-23 11:13:51] esmCNN.cv14: Checkpoint saved to experiments/normal/sili/esmCNN_random_sili_h8
[2020-10-23 11:13:51] esmCNN.cv14: Find channel with Kernel size: 8 	 Lambda: 0.5: 	 Best Score: 0.2097
[2020-10-23 11:13:51] esmCNN.cv14: Found new best state
[2020-10-23 11:13:51] esmCNN.cv14: Best vmse: 0.9380
[2020-10-23 11:13:51] esmCNN.cv14: Channel size: 20 	 Kernel size: 8 
Training MSE: 0.20968062 	 Validating MSE: 0.93796492 	 Best VMSE: 0.93796492
[2020-10-23 11:13:51] esmCNN.cv14: Checkpoint saved to experiments/normal/sili/esmCNN_random_sili_h8
[2020-10-23 11:13:51] esmCNN.cv14: Find channel with Kernel size: 5 	 Lambda: 0.5: 	 Best Score: 0.2092
[2020-10-23 11:13:51] esmCNN.cv14: Channel size: 21 	 Kernel size: 5 
Training MSE: 0.20924434 	 Validating MSE: 0.95124990 	 Best VMSE: 0.93796492
[2020-10-23 11:13:51] esmCNN.cv14: Checkpoint saved to experiments/normal/sili/esmCNN_random_sili_h8
[2020-10-23 11:13:51] esmCNN.cv14: Find channel with Kernel size: 8 	 Lambda: 0.5: 	 Best Score: 0.2091
[2020-10-23 11:13:51] esmCNN.cv14: Channel size: 22 	 Kernel size: 8 
Training MSE: 0.20908412 	 Validating MSE: 0.94587672 	 Best VMSE: 0.93796492
[2020-10-23 11:13:51] esmCNN.cv14: Checkpoint saved to experiments/normal/sili/esmCNN_random_sili_h8
[2020-10-23 11:13:51] esmCNN.cv14: Find channel with Kernel size: 6 	 Lambda: 0.5: 	 Best Score: 0.2089
[2020-10-23 11:13:51] esmCNN.cv14: Channel size: 23 	 Kernel size: 6 
Training MSE: 0.20891775 	 Validating MSE: 0.95060122 	 Best VMSE: 0.93796492
[2020-10-23 11:13:51] esmCNN.cv14: Checkpoint saved to experiments/normal/sili/esmCNN_random_sili_h8
[2020-10-23 11:13:51] esmCNN.cv14: Find channel with Kernel size: 8 	 Lambda: 0.5: 	 Best Score: 0.2086
[2020-10-23 11:13:51] esmCNN.cv14: Channel size: 24 	 Kernel size: 8 
Training MSE: 0.20857784 	 Validating MSE: 0.94400853 	 Best VMSE: 0.93796492
[2020-10-23 11:13:51] esmCNN.cv14: Checkpoint saved to experiments/normal/sili/esmCNN_random_sili_h8
[2020-10-23 11:13:51] esmCNN.cv14: Find channel with Kernel size: 8 	 Lambda: 0.5: 	 Best Score: 0.2069
[2020-10-23 11:13:51] esmCNN.cv14: Channel size: 25 	 Kernel size: 8 
Training MSE: 0.20694633 	 Validating MSE: 0.94690841 	 Best VMSE: 0.93796492
[2020-10-23 11:13:51] esmCNN.cv14: Checkpoint saved to experiments/normal/sili/esmCNN_random_sili_h8
[2020-10-23 11:13:51] esmCNN.cv14: Find channel with Kernel size: 4 	 Lambda: 0.5: 	 Best Score: 0.2055
[2020-10-23 11:13:51] esmCNN.cv14: Channel size: 26 	 Kernel size: 4 
Training MSE: 0.20554750 	 Validating MSE: 0.95503759 	 Best VMSE: 0.93796492
[2020-10-23 11:13:51] esmCNN.cv14: Checkpoint saved to experiments/normal/sili/esmCNN_random_sili_h8
[2020-10-23 11:13:51] esmCNN.cv14: Find channel with Kernel size: 8 	 Lambda: 0.5: 	 Best Score: 0.2050
[2020-10-23 11:13:51] esmCNN.cv14: Channel size: 27 	 Kernel size: 8 
Training MSE: 0.20500240 	 Validating MSE: 0.94831622 	 Best VMSE: 0.93796492
[2020-10-23 11:13:51] esmCNN.cv14: Checkpoint saved to experiments/normal/sili/esmCNN_random_sili_h8
[2020-10-23 11:13:51] esmCNN.cv14: Find channel with Kernel size: 4 	 Lambda: 0.5: 	 Best Score: 0.2046
[2020-10-23 11:13:51] esmCNN.cv14: Channel size: 28 	 Kernel size: 4 
Training MSE: 0.20455317 	 Validating MSE: 0.95892280 	 Best VMSE: 0.93796492
[2020-10-23 11:13:51] esmCNN.cv14: Checkpoint saved to experiments/normal/sili/esmCNN_random_sili_h8
[2020-10-23 11:13:52] esmCNN.cv14: Find channel with Kernel size: 5 	 Lambda: 0.5: 	 Best Score: 0.2044
[2020-10-23 11:13:52] esmCNN.cv14: Channel size: 29 	 Kernel size: 5 
Training MSE: 0.20438039 	 Validating MSE: 0.94856405 	 Best VMSE: 0.93796492
[2020-10-23 11:13:52] esmCNN.cv14: Checkpoint saved to experiments/normal/sili/esmCNN_random_sili_h8
[2020-10-23 11:13:52] esmCNN.cv14: Find channel with Kernel size: 6 	 Lambda: 0.5: 	 Best Score: 0.2042
[2020-10-23 11:13:52] esmCNN.cv14: Channel size: 30 	 Kernel size: 6 
Training MSE: 0.20421648 	 Validating MSE: 0.95183676 	 Best VMSE: 0.93796492
[2020-10-23 11:13:52] esmCNN.cv14: Checkpoint saved to experiments/normal/sili/esmCNN_random_sili_h8
[2020-10-23 11:13:52] esmCNN.cv14: Find channel with Kernel size: 6 	 Lambda: 0.5: 	 Best Score: 0.2040
[2020-10-23 11:13:52] esmCNN.cv14: Channel size: 31 	 Kernel size: 6 
Training MSE: 0.20403238 	 Validating MSE: 0.94968504 	 Best VMSE: 0.93796492
[2020-10-23 11:13:52] esmCNN.cv14: Checkpoint saved to experiments/normal/sili/esmCNN_random_sili_h8
[2020-10-23 11:13:52] esmCNN.cv14: Find channel with Kernel size: 8 	 Lambda: 0.5: 	 Best Score: 0.2037
[2020-10-23 11:13:52] esmCNN.cv14: Channel size: 32 	 Kernel size: 8 
Training MSE: 0.20373915 	 Validating MSE: 0.95085096 	 Best VMSE: 0.93796492
[2020-10-23 11:13:52] esmCNN.cv14: Checkpoint saved to experiments/normal/sili/esmCNN_random_sili_h8
[2020-10-23 11:13:52] esmCNN.cv14: Find channel with Kernel size: 6 	 Lambda: 0.5: 	 Best Score: 0.2029
[2020-10-23 11:13:52] esmCNN.cv14: Channel size: 33 	 Kernel size: 6 
Training MSE: 0.20289542 	 Validating MSE: 0.94231033 	 Best VMSE: 0.93796492
[2020-10-23 11:13:52] esmCNN.cv14: Checkpoint saved to experiments/normal/sili/esmCNN_random_sili_h8
[2020-10-23 11:13:52] esmCNN.cv14: Find channel with Kernel size: 5 	 Lambda: 0.5: 	 Best Score: 0.2023
[2020-10-23 11:13:52] esmCNN.cv14: Channel size: 34 	 Kernel size: 5 
Training MSE: 0.20232853 	 Validating MSE: 0.95603669 	 Best VMSE: 0.93796492
[2020-10-23 11:13:52] esmCNN.cv14: Checkpoint saved to experiments/normal/sili/esmCNN_random_sili_h8
[2020-10-23 11:13:52] esmCNN.cv14: Find channel with Kernel size: 8 	 Lambda: 0.5: 	 Best Score: 0.2022
[2020-10-23 11:13:52] esmCNN.cv14: Channel size: 35 	 Kernel size: 8 
Training MSE: 0.20219682 	 Validating MSE: 0.95259494 	 Best VMSE: 0.93796492
[2020-10-23 11:13:52] esmCNN.cv14: Checkpoint saved to experiments/normal/sili/esmCNN_random_sili_h8
[2020-10-23 11:13:52] esmCNN.cv14: Find channel with Kernel size: 6 	 Lambda: 0.5: 	 Best Score: 0.2020
[2020-10-23 11:13:52] esmCNN.cv14: Channel size: 36 	 Kernel size: 6 
Training MSE: 0.20197609 	 Validating MSE: 0.95478803 	 Best VMSE: 0.93796492
[2020-10-23 11:13:52] esmCNN.cv14: Checkpoint saved to experiments/normal/sili/esmCNN_random_sili_h8
[2020-10-23 11:13:52] esmCNN.cv14: Find channel with Kernel size: 5 	 Lambda: 0.5: 	 Best Score: 0.2015
[2020-10-23 11:13:52] esmCNN.cv14: Channel size: 37 	 Kernel size: 5 
Training MSE: 0.20154510 	 Validating MSE: 0.94791621 	 Best VMSE: 0.93796492
[2020-10-23 11:13:52] esmCNN.cv14: Checkpoint saved to experiments/normal/sili/esmCNN_random_sili_h8
[2020-10-23 11:13:52] esmCNN.cv14: Find channel with Kernel size: 5 	 Lambda: 0.5: 	 Best Score: 0.2014
[2020-10-23 11:13:52] esmCNN.cv14: Channel size: 38 	 Kernel size: 5 
Training MSE: 0.20138972 	 Validating MSE: 0.95524162 	 Best VMSE: 0.93796492
[2020-10-23 11:13:52] esmCNN.cv14: Checkpoint saved to experiments/normal/sili/esmCNN_random_sili_h8
[2020-10-23 11:13:52] esmCNN.cv14: Find channel with Kernel size: 5 	 Lambda: 0.5: 	 Best Score: 0.2012
[2020-10-23 11:13:52] esmCNN.cv14: Channel size: 39 	 Kernel size: 5 
Training MSE: 0.20119070 	 Validating MSE: 0.94751757 	 Best VMSE: 0.93796492
[2020-10-23 11:13:52] esmCNN.cv14: Checkpoint saved to experiments/normal/sili/esmCNN_random_sili_h8
[2020-10-23 11:13:52] esmCNN.cv14: Find channel with Kernel size: 5 	 Lambda: 0.5: 	 Best Score: 0.2010
[2020-10-23 11:13:52] esmCNN.cv14: Channel size: 40 	 Kernel size: 5 
Training MSE: 0.20103168 	 Validating MSE: 0.94182360 	 Best VMSE: 0.93796492
[2020-10-23 11:13:52] esmCNN.cv14: Checkpoint saved to experiments/normal/sili/esmCNN_random_sili_h8
[2020-10-23 11:13:52] esmCNN.cv14: Find channel with Kernel size: 6 	 Lambda: 0.5: 	 Best Score: 0.2007
[2020-10-23 11:13:52] esmCNN.cv14: Channel size: 41 	 Kernel size: 6 
Training MSE: 0.20071387 	 Validating MSE: 0.95062333 	 Best VMSE: 0.93796492
[2020-10-23 11:13:52] esmCNN.cv14: Checkpoint saved to experiments/normal/sili/esmCNN_random_sili_h8
[2020-10-23 11:13:52] esmCNN.cv14: Find channel with Kernel size: 5 	 Lambda: 0.5: 	 Best Score: 0.2006
[2020-10-23 11:13:52] esmCNN.cv14: Channel size: 42 	 Kernel size: 5 
Training MSE: 0.20063668 	 Validating MSE: 0.94810885 	 Best VMSE: 0.93796492
[2020-10-23 11:13:52] esmCNN.cv14: Checkpoint saved to experiments/normal/sili/esmCNN_random_sili_h8
[2020-10-23 11:13:52] esmCNN.cv14: Find channel with Kernel size: 4 	 Lambda: 0.5: 	 Best Score: 0.2004
[2020-10-23 11:13:52] esmCNN.cv14: Channel size: 43 	 Kernel size: 4 
Training MSE: 0.20043415 	 Validating MSE: 0.94039816 	 Best VMSE: 0.93796492
[2020-10-23 11:13:52] esmCNN.cv14: Checkpoint saved to experiments/normal/sili/esmCNN_random_sili_h8
[2020-10-23 11:13:52] esmCNN.cv14: Find channel with Kernel size: 4 	 Lambda: 0.5: 	 Best Score: 0.2001
[2020-10-23 11:13:52] esmCNN.cv14: Channel size: 44 	 Kernel size: 4 
Training MSE: 0.20005833 	 Validating MSE: 0.94656909 	 Best VMSE: 0.93796492
[2020-10-23 11:13:52] esmCNN.cv14: Checkpoint saved to experiments/normal/sili/esmCNN_random_sili_h8
[2020-10-23 11:13:53] esmCNN.cv14: Find channel with Kernel size: 4 	 Lambda: 0.5: 	 Best Score: 0.1996
[2020-10-23 11:13:53] esmCNN.cv14: Channel size: 45 	 Kernel size: 4 
Training MSE: 0.19956741 	 Validating MSE: 0.94782734 	 Best VMSE: 0.93796492
[2020-10-23 11:13:53] esmCNN.cv14: Checkpoint saved to experiments/normal/sili/esmCNN_random_sili_h8
[2020-10-23 11:13:53] esmCNN.cv14: Find channel with Kernel size: 5 	 Lambda: 0.5: 	 Best Score: 0.1966
[2020-10-23 11:13:53] esmCNN.cv14: Found new best state
[2020-10-23 11:13:53] esmCNN.cv14: Best vmse: 0.9082
[2020-10-23 11:13:53] esmCNN.cv14: Channel size: 46 	 Kernel size: 5 
Training MSE: 0.19659995 	 Validating MSE: 0.90823936 	 Best VMSE: 0.90823936
[2020-10-23 11:13:53] esmCNN.cv14: Checkpoint saved to experiments/normal/sili/esmCNN_random_sili_h8
[2020-10-23 11:13:53] esmCNN.cv14: Find channel with Kernel size: 4 	 Lambda: 0.5: 	 Best Score: 0.1935
[2020-10-23 11:13:53] esmCNN.cv14: Channel size: 47 	 Kernel size: 4 
Training MSE: 0.19353439 	 Validating MSE: 0.93728828 	 Best VMSE: 0.90823936
[2020-10-23 11:13:53] esmCNN.cv14: Checkpoint saved to experiments/normal/sili/esmCNN_random_sili_h8
[2020-10-23 11:13:53] esmCNN.cv14: Find channel with Kernel size: 6 	 Lambda: 0.5: 	 Best Score: 0.1934
[2020-10-23 11:13:53] esmCNN.cv14: Channel size: 48 	 Kernel size: 6 
Training MSE: 0.19341202 	 Validating MSE: 0.93612760 	 Best VMSE: 0.90823936
[2020-10-23 11:13:53] esmCNN.cv14: Checkpoint saved to experiments/normal/sili/esmCNN_random_sili_h8
[2020-10-23 11:13:53] esmCNN.cv14: Find channel with Kernel size: 6 	 Lambda: 0.5: 	 Best Score: 0.1932
[2020-10-23 11:13:53] esmCNN.cv14: Channel size: 49 	 Kernel size: 6 
Training MSE: 0.19323285 	 Validating MSE: 0.93796867 	 Best VMSE: 0.90823936
[2020-10-23 11:13:53] esmCNN.cv14: Checkpoint saved to experiments/normal/sili/esmCNN_random_sili_h8
[2020-10-23 11:13:53] esmCNN.cv14: Find channel with Kernel size: 8 	 Lambda: 0.5: 	 Best Score: 0.1930
[2020-10-23 11:13:53] esmCNN.cv14: Channel size: 50 	 Kernel size: 8 
Training MSE: 0.19302373 	 Validating MSE: 0.93560916 	 Best VMSE: 0.90823936
[2020-10-23 11:13:53] esmCNN.cv14: Checkpoint saved to experiments/normal/sili/esmCNN_random_sili_h8
[2020-10-23 11:13:53] esmCNN.cv14: Find channel with Kernel size: 4 	 Lambda: 0.5: 	 Best Score: 0.1928
[2020-10-23 11:13:53] esmCNN.cv14: Channel size: 51 	 Kernel size: 4 
Training MSE: 0.19284457 	 Validating MSE: 0.93428773 	 Best VMSE: 0.90823936
[2020-10-23 11:13:53] esmCNN.cv14: Checkpoint saved to experiments/normal/sili/esmCNN_random_sili_h8
[2020-10-23 11:13:53] esmCNN.cv14: Find channel with Kernel size: 6 	 Lambda: 0.5: 	 Best Score: 0.1925
[2020-10-23 11:13:53] esmCNN.cv14: Channel size: 52 	 Kernel size: 6 
Training MSE: 0.19253227 	 Validating MSE: 0.93971080 	 Best VMSE: 0.90823936
[2020-10-23 11:13:53] esmCNN.cv14: Checkpoint saved to experiments/normal/sili/esmCNN_random_sili_h8
[2020-10-23 11:13:53] esmCNN.cv14: Find channel with Kernel size: 8 	 Lambda: 0.5: 	 Best Score: 0.1920
[2020-10-23 11:13:53] esmCNN.cv14: Channel size: 53 	 Kernel size: 8 
Training MSE: 0.19202554 	 Validating MSE: 0.93989581 	 Best VMSE: 0.90823936
[2020-10-23 11:13:53] esmCNN.cv14: Checkpoint saved to experiments/normal/sili/esmCNN_random_sili_h8
[2020-10-23 11:13:53] esmCNN.cv14: Find channel with Kernel size: 5 	 Lambda: 0.5: 	 Best Score: 0.1917
[2020-10-23 11:13:53] esmCNN.cv14: Channel size: 54 	 Kernel size: 5 
Training MSE: 0.19169615 	 Validating MSE: 0.95183545 	 Best VMSE: 0.90823936
[2020-10-23 11:13:53] esmCNN.cv14: Checkpoint saved to experiments/normal/sili/esmCNN_random_sili_h8
[2020-10-23 11:13:53] esmCNN.cv14: Find channel with Kernel size: 5 	 Lambda: 0.5: 	 Best Score: 0.1915
[2020-10-23 11:13:53] esmCNN.cv14: Channel size: 55 	 Kernel size: 5 
Training MSE: 0.19153959 	 Validating MSE: 0.94316477 	 Best VMSE: 0.90823936
[2020-10-23 11:13:53] esmCNN.cv14: Checkpoint saved to experiments/normal/sili/esmCNN_random_sili_h8
[2020-10-23 11:13:53] esmCNN.cv14: Find channel with Kernel size: 8 	 Lambda: 0.5: 	 Best Score: 0.1915
[2020-10-23 11:13:53] esmCNN.cv14: Channel size: 56 	 Kernel size: 8 
Training MSE: 0.19146751 	 Validating MSE: 0.94135374 	 Best VMSE: 0.90823936
[2020-10-23 11:13:53] esmCNN.cv14: Checkpoint saved to experiments/normal/sili/esmCNN_random_sili_h8
[2020-10-23 11:13:53] esmCNN.cv14: Find channel with Kernel size: 6 	 Lambda: 0.5: 	 Best Score: 0.1913
[2020-10-23 11:13:53] esmCNN.cv14: Channel size: 57 	 Kernel size: 6 
Training MSE: 0.19130759 	 Validating MSE: 0.94428867 	 Best VMSE: 0.90823936
[2020-10-23 11:13:53] esmCNN.cv14: Checkpoint saved to experiments/normal/sili/esmCNN_random_sili_h8
[2020-10-23 11:13:53] esmCNN.cv14: Find channel with Kernel size: 8 	 Lambda: 0.5: 	 Best Score: 0.1908
[2020-10-23 11:13:53] esmCNN.cv14: Channel size: 58 	 Kernel size: 8 
Training MSE: 0.19080693 	 Validating MSE: 0.93889999 	 Best VMSE: 0.90823936
[2020-10-23 11:13:54] esmCNN.cv14: Checkpoint saved to experiments/normal/sili/esmCNN_random_sili_h8
[2020-10-23 11:13:54] esmCNN.cv14: Find channel with Kernel size: 5 	 Lambda: 0.5: 	 Best Score: 0.1904
[2020-10-23 11:13:54] esmCNN.cv14: Channel size: 59 	 Kernel size: 5 
Training MSE: 0.19040729 	 Validating MSE: 0.94990331 	 Best VMSE: 0.90823936
[2020-10-23 11:13:54] esmCNN.cv14: Checkpoint saved to experiments/normal/sili/esmCNN_random_sili_h8
[2020-10-23 11:13:54] esmCNN.cv14: Find channel with Kernel size: 8 	 Lambda: 0.5: 	 Best Score: 0.1903
[2020-10-23 11:13:54] esmCNN.cv14: Channel size: 60 	 Kernel size: 8 
Training MSE: 0.19032215 	 Validating MSE: 0.94139272 	 Best VMSE: 0.90823936
[2020-10-23 11:13:54] esmCNN.cv14: Checkpoint saved to experiments/normal/sili/esmCNN_random_sili_h8
[2020-10-23 11:13:54] esmCNN.cv14: Find channel with Kernel size: 6 	 Lambda: 0.5: 	 Best Score: 0.1902
[2020-10-23 11:13:54] esmCNN.cv14: Channel size: 61 	 Kernel size: 6 
Training MSE: 0.19015855 	 Validating MSE: 0.94563037 	 Best VMSE: 0.90823936
[2020-10-23 11:13:54] esmCNN.cv14: Checkpoint saved to experiments/normal/sili/esmCNN_random_sili_h8
[2020-10-23 11:13:54] esmCNN.cv14: Find channel with Kernel size: 5 	 Lambda: 0.5: 	 Best Score: 0.1901
[2020-10-23 11:13:54] esmCNN.cv14: Channel size: 62 	 Kernel size: 5 
Training MSE: 0.19006491 	 Validating MSE: 0.94029754 	 Best VMSE: 0.90823936
[2020-10-23 11:13:54] esmCNN.cv14: Checkpoint saved to experiments/normal/sili/esmCNN_random_sili_h8
[2020-10-23 11:13:54] esmCNN.cv14: Find channel with Kernel size: 8 	 Lambda: 0.5: 	 Best Score: 0.1898
[2020-10-23 11:13:54] esmCNN.cv14: Channel size: 63 	 Kernel size: 8 
Training MSE: 0.18979181 	 Validating MSE: 0.94477695 	 Best VMSE: 0.90823936
[2020-10-23 11:13:54] esmCNN.cv14: Checkpoint saved to experiments/normal/sili/esmCNN_random_sili_h8
[2020-10-23 11:13:54] esmCNN.cv14: Find channel with Kernel size: 8 	 Lambda: 0.5: 	 Best Score: 0.1894
[2020-10-23 11:13:54] esmCNN.cv14: Channel size: 64 	 Kernel size: 8 
Training MSE: 0.18944284 	 Validating MSE: 0.94947875 	 Best VMSE: 0.90823936
[2020-10-23 11:13:54] esmCNN.cv14: Checkpoint saved to experiments/normal/sili/esmCNN_random_sili_h8
[2020-10-23 11:13:54] esmCNN.cv14: Find channel with Kernel size: 4 	 Lambda: 0.5: 	 Best Score: 0.1888
[2020-10-23 11:13:54] esmCNN.cv14: Channel size: 65 	 Kernel size: 4 
Training MSE: 0.18879022 	 Validating MSE: 0.95517510 	 Best VMSE: 0.90823936
[2020-10-23 11:13:54] esmCNN.cv14: Checkpoint saved to experiments/normal/sili/esmCNN_random_sili_h8
[2020-10-23 11:13:54] esmCNN.cv14: Find channel with Kernel size: 5 	 Lambda: 0.5: 	 Best Score: 0.1884
[2020-10-23 11:13:54] esmCNN.cv14: Channel size: 66 	 Kernel size: 5 
Training MSE: 0.18844932 	 Validating MSE: 0.94373763 	 Best VMSE: 0.90823936
[2020-10-23 11:13:54] esmCNN.cv14: Checkpoint saved to experiments/normal/sili/esmCNN_random_sili_h8
[2020-10-23 11:13:54] esmCNN.cv14: Find channel with Kernel size: 6 	 Lambda: 0.5: 	 Best Score: 0.1880
[2020-10-23 11:13:54] esmCNN.cv14: Channel size: 67 	 Kernel size: 6 
Training MSE: 0.18800426 	 Validating MSE: 0.95311433 	 Best VMSE: 0.90823936
[2020-10-23 11:13:54] esmCNN.cv14: Checkpoint saved to experiments/normal/sili/esmCNN_random_sili_h8
[2020-10-23 11:13:54] esmCNN.cv14: Find channel with Kernel size: 6 	 Lambda: 0.5: 	 Best Score: 0.1878
[2020-10-23 11:13:54] esmCNN.cv14: Channel size: 68 	 Kernel size: 6 
Training MSE: 0.18776843 	 Validating MSE: 0.94962674 	 Best VMSE: 0.90823936
[2020-10-23 11:13:54] esmCNN.cv14: Checkpoint saved to experiments/normal/sili/esmCNN_random_sili_h8
[2020-10-23 11:13:54] esmCNN.cv14: Find channel with Kernel size: 8 	 Lambda: 0.5: 	 Best Score: 0.1877
[2020-10-23 11:13:54] esmCNN.cv14: Channel size: 69 	 Kernel size: 8 
Training MSE: 0.18768896 	 Validating MSE: 0.95256311 	 Best VMSE: 0.90823936
[2020-10-23 11:13:54] esmCNN.cv14: Checkpoint saved to experiments/normal/sili/esmCNN_random_sili_h8
[2020-10-23 11:13:54] esmCNN.cv14: Find channel with Kernel size: 4 	 Lambda: 0.5: 	 Best Score: 0.1869
[2020-10-23 11:13:54] esmCNN.cv14: Channel size: 70 	 Kernel size: 4 
Training MSE: 0.18688890 	 Validating MSE: 0.94104749 	 Best VMSE: 0.90823936
[2020-10-23 11:13:54] esmCNN.cv14: Checkpoint saved to experiments/normal/sili/esmCNN_random_sili_h8
[2020-10-23 11:13:55] esmCNN.cv14: Find channel with Kernel size: 4 	 Lambda: 0.5: 	 Best Score: 0.1863
[2020-10-23 11:13:55] esmCNN.cv14: Channel size: 71 	 Kernel size: 4 
Training MSE: 0.18630581 	 Validating MSE: 0.95040911 	 Best VMSE: 0.90823936
[2020-10-23 11:13:55] esmCNN.cv14: Checkpoint saved to experiments/normal/sili/esmCNN_random_sili_h8
[2020-10-23 11:13:55] esmCNN.cv14: Find channel with Kernel size: 4 	 Lambda: 0.5: 	 Best Score: 0.1863
[2020-10-23 11:13:55] esmCNN.cv14: Channel size: 72 	 Kernel size: 4 
Training MSE: 0.18625419 	 Validating MSE: 0.95308286 	 Best VMSE: 0.90823936
[2020-10-23 11:13:55] esmCNN.cv14: Checkpoint saved to experiments/normal/sili/esmCNN_random_sili_h8
[2020-10-23 11:13:55] esmCNN.cv14: Find channel with Kernel size: 8 	 Lambda: 0.5: 	 Best Score: 0.1861
[2020-10-23 11:13:55] esmCNN.cv14: Channel size: 73 	 Kernel size: 8 
Training MSE: 0.18605034 	 Validating MSE: 0.94695759 	 Best VMSE: 0.90823936
[2020-10-23 11:13:55] esmCNN.cv14: Checkpoint saved to experiments/normal/sili/esmCNN_random_sili_h8
[2020-10-23 11:13:55] esmCNN.cv14: Find channel with Kernel size: 8 	 Lambda: 0.5: 	 Best Score: 0.1858
[2020-10-23 11:13:55] esmCNN.cv14: Channel size: 74 	 Kernel size: 8 
Training MSE: 0.18583108 	 Validating MSE: 0.95192558 	 Best VMSE: 0.90823936
[2020-10-23 11:13:55] esmCNN.cv14: Checkpoint saved to experiments/normal/sili/esmCNN_random_sili_h8
[2020-10-23 11:13:55] esmCNN.cv14: Find channel with Kernel size: 6 	 Lambda: 0.5: 	 Best Score: 0.1856
[2020-10-23 11:13:55] esmCNN.cv14: Channel size: 75 	 Kernel size: 6 
Training MSE: 0.18562026 	 Validating MSE: 0.95692837 	 Best VMSE: 0.90823936
[2020-10-23 11:13:55] esmCNN.cv14: Checkpoint saved to experiments/normal/sili/esmCNN_random_sili_h8
[2020-10-23 11:13:55] esmCNN.cv14: Find channel with Kernel size: 8 	 Lambda: 0.5: 	 Best Score: 0.1855
[2020-10-23 11:13:55] esmCNN.cv14: Channel size: 76 	 Kernel size: 8 
Training MSE: 0.18551010 	 Validating MSE: 0.95798129 	 Best VMSE: 0.90823936
[2020-10-23 11:13:55] esmCNN.cv14: Checkpoint saved to experiments/normal/sili/esmCNN_random_sili_h8
[2020-10-23 11:13:55] esmCNN.cv14: Find channel with Kernel size: 6 	 Lambda: 0.5: 	 Best Score: 0.1854
[2020-10-23 11:13:55] esmCNN.cv14: Channel size: 77 	 Kernel size: 6 
Training MSE: 0.18538406 	 Validating MSE: 0.95442003 	 Best VMSE: 0.90823936
[2020-10-23 11:13:55] esmCNN.cv14: Checkpoint saved to experiments/normal/sili/esmCNN_random_sili_h8
[2020-10-23 11:13:55] esmCNN.cv14: Find channel with Kernel size: 5 	 Lambda: 0.5: 	 Best Score: 0.1849
[2020-10-23 11:13:55] esmCNN.cv14: Channel size: 78 	 Kernel size: 5 
Training MSE: 0.18486485 	 Validating MSE: 0.95558405 	 Best VMSE: 0.90823936
[2020-10-23 11:13:55] esmCNN.cv14: Checkpoint saved to experiments/normal/sili/esmCNN_random_sili_h8
[2020-10-23 11:13:55] esmCNN.cv14: Find channel with Kernel size: 5 	 Lambda: 0.5: 	 Best Score: 0.1844
[2020-10-23 11:13:55] esmCNN.cv14: Channel size: 79 	 Kernel size: 5 
Training MSE: 0.18440247 	 Validating MSE: 0.96663779 	 Best VMSE: 0.90823936
[2020-10-23 11:13:55] esmCNN.cv14: Checkpoint saved to experiments/normal/sili/esmCNN_random_sili_h8
[2020-10-23 11:13:55] esmCNN.cv14: Find channel with Kernel size: 5 	 Lambda: 0.5: 	 Best Score: 0.1843
[2020-10-23 11:13:55] esmCNN.cv14: Channel size: 80 	 Kernel size: 5 
Training MSE: 0.18431860 	 Validating MSE: 0.96256298 	 Best VMSE: 0.90823936
[2020-10-23 11:13:55] esmCNN.cv14: Checkpoint saved to experiments/normal/sili/esmCNN_random_sili_h8
[2020-10-23 11:13:55] esmCNN.cv14: Find channel with Kernel size: 8 	 Lambda: 0.5: 	 Best Score: 0.1841
[2020-10-23 11:13:55] esmCNN.cv14: Channel size: 81 	 Kernel size: 8 
Training MSE: 0.18409669 	 Validating MSE: 0.95732260 	 Best VMSE: 0.90823936
[2020-10-23 11:13:55] esmCNN.cv14: Checkpoint saved to experiments/normal/sili/esmCNN_random_sili_h8
[2020-10-23 11:13:56] esmCNN.cv14: Find channel with Kernel size: 4 	 Lambda: 0.5: 	 Best Score: 0.1839
[2020-10-23 11:13:56] esmCNN.cv14: Channel size: 82 	 Kernel size: 4 
Training MSE: 0.18386632 	 Validating MSE: 0.96460527 	 Best VMSE: 0.90823936
[2020-10-23 11:13:56] esmCNN.cv14: Checkpoint saved to experiments/normal/sili/esmCNN_random_sili_h8
[2020-10-23 11:13:56] esmCNN.cv14: Find channel with Kernel size: 5 	 Lambda: 0.5: 	 Best Score: 0.1838
[2020-10-23 11:13:56] esmCNN.cv14: Channel size: 83 	 Kernel size: 5 
Training MSE: 0.18375680 	 Validating MSE: 0.95833302 	 Best VMSE: 0.90823936
[2020-10-23 11:13:56] esmCNN.cv14: Checkpoint saved to experiments/normal/sili/esmCNN_random_sili_h8
[2020-10-23 11:13:56] esmCNN.cv14: Find channel with Kernel size: 8 	 Lambda: 0.5: 	 Best Score: 0.1833
[2020-10-23 11:13:56] esmCNN.cv14: Channel size: 84 	 Kernel size: 8 
Training MSE: 0.18333599 	 Validating MSE: 0.95619041 	 Best VMSE: 0.90823936
[2020-10-23 11:13:56] esmCNN.cv14: Checkpoint saved to experiments/normal/sili/esmCNN_random_sili_h8
[2020-10-23 11:13:56] esmCNN.cv14: Find channel with Kernel size: 6 	 Lambda: 0.5: 	 Best Score: 0.1829
[2020-10-23 11:13:56] esmCNN.cv14: Channel size: 85 	 Kernel size: 6 
Training MSE: 0.18290864 	 Validating MSE: 0.96544188 	 Best VMSE: 0.90823936
[2020-10-23 11:13:56] esmCNN.cv14: Checkpoint saved to experiments/normal/sili/esmCNN_random_sili_h8
[2020-10-23 11:13:56] esmCNN.cv14: Find channel with Kernel size: 5 	 Lambda: 0.5: 	 Best Score: 0.1826
[2020-10-23 11:13:56] esmCNN.cv14: Channel size: 86 	 Kernel size: 5 
Training MSE: 0.18263884 	 Validating MSE: 0.96324348 	 Best VMSE: 0.90823936
[2020-10-23 11:13:56] esmCNN.cv14: Checkpoint saved to experiments/normal/sili/esmCNN_random_sili_h8
[2020-10-23 11:13:56] esmCNN.cv14: Find channel with Kernel size: 6 	 Lambda: 0.5: 	 Best Score: 0.1825
[2020-10-23 11:13:56] esmCNN.cv14: Channel size: 87 	 Kernel size: 6 
Training MSE: 0.18245263 	 Validating MSE: 0.96550179 	 Best VMSE: 0.90823936
[2020-10-23 11:13:56] esmCNN.cv14: Checkpoint saved to experiments/normal/sili/esmCNN_random_sili_h8
[2020-10-23 11:13:56] esmCNN.cv14: Find channel with Kernel size: 6 	 Lambda: 0.5: 	 Best Score: 0.1823
[2020-10-23 11:13:56] esmCNN.cv14: Channel size: 88 	 Kernel size: 6 
Training MSE: 0.18233578 	 Validating MSE: 0.96449322 	 Best VMSE: 0.90823936
[2020-10-23 11:13:56] esmCNN.cv14: Checkpoint saved to experiments/normal/sili/esmCNN_random_sili_h8
[2020-10-23 11:13:56] esmCNN.cv14: Find channel with Kernel size: 4 	 Lambda: 0.5: 	 Best Score: 0.1823
[2020-10-23 11:13:56] esmCNN.cv14: Channel size: 89 	 Kernel size: 4 
Training MSE: 0.18226081 	 Validating MSE: 0.96334028 	 Best VMSE: 0.90823936
[2020-10-23 11:13:56] esmCNN.cv14: Checkpoint saved to experiments/normal/sili/esmCNN_random_sili_h8
[2020-10-23 11:13:56] esmCNN.cv14: Find channel with Kernel size: 4 	 Lambda: 0.5: 	 Best Score: 0.1822
[2020-10-23 11:13:56] esmCNN.cv14: Channel size: 90 	 Kernel size: 4 
Training MSE: 0.18217601 	 Validating MSE: 0.96349907 	 Best VMSE: 0.90823936
[2020-10-23 11:13:56] esmCNN.cv14: Checkpoint saved to experiments/normal/sili/esmCNN_random_sili_h8
[2020-10-23 11:13:56] esmCNN.cv14: Find channel with Kernel size: 4 	 Lambda: 0.5: 	 Best Score: 0.1821
[2020-10-23 11:13:56] esmCNN.cv14: Channel size: 91 	 Kernel size: 4 
Training MSE: 0.18205285 	 Validating MSE: 0.96497995 	 Best VMSE: 0.90823936
[2020-10-23 11:13:56] esmCNN.cv14: Checkpoint saved to experiments/normal/sili/esmCNN_random_sili_h8
[2020-10-23 11:13:57] esmCNN.cv14: Find channel with Kernel size: 6 	 Lambda: 0.5: 	 Best Score: 0.1814
[2020-10-23 11:13:57] esmCNN.cv14: Channel size: 92 	 Kernel size: 6 
Training MSE: 0.18141055 	 Validating MSE: 0.96807176 	 Best VMSE: 0.90823936
[2020-10-23 11:13:57] esmCNN.cv14: Checkpoint saved to experiments/normal/sili/esmCNN_random_sili_h8
[2020-10-23 11:13:57] esmCNN.cv14: Find channel with Kernel size: 6 	 Lambda: 0.5: 	 Best Score: 0.1810
[2020-10-23 11:13:57] esmCNN.cv14: Channel size: 93 	 Kernel size: 6 
Training MSE: 0.18098538 	 Validating MSE: 0.97821742 	 Best VMSE: 0.90823936
[2020-10-23 11:13:57] esmCNN.cv14: Checkpoint saved to experiments/normal/sili/esmCNN_random_sili_h8
[2020-10-23 11:13:57] esmCNN.cv14: Find channel with Kernel size: 4 	 Lambda: 0.5: 	 Best Score: 0.1809
[2020-10-23 11:13:57] esmCNN.cv14: Channel size: 94 	 Kernel size: 4 
Training MSE: 0.18086857 	 Validating MSE: 0.97483808 	 Best VMSE: 0.90823936
[2020-10-23 11:13:57] esmCNN.cv14: Checkpoint saved to experiments/normal/sili/esmCNN_random_sili_h8
[2020-10-23 11:13:57] esmCNN.cv14: Find channel with Kernel size: 5 	 Lambda: 0.5: 	 Best Score: 0.1808
[2020-10-23 11:13:57] esmCNN.cv14: Channel size: 95 	 Kernel size: 5 
Training MSE: 0.18080513 	 Validating MSE: 0.97112077 	 Best VMSE: 0.90823936
[2020-10-23 11:13:57] esmCNN.cv14: Checkpoint saved to experiments/normal/sili/esmCNN_random_sili_h8
[2020-10-23 11:13:57] esmCNN.cv14: Find channel with Kernel size: 6 	 Lambda: 0.5: 	 Best Score: 0.1806
[2020-10-23 11:13:57] esmCNN.cv14: Channel size: 96 	 Kernel size: 6 
Training MSE: 0.18055853 	 Validating MSE: 0.96655750 	 Best VMSE: 0.90823936
[2020-10-23 11:13:57] esmCNN.cv14: Checkpoint saved to experiments/normal/sili/esmCNN_random_sili_h8
[2020-10-23 11:13:57] esmCNN.cv14: Find channel with Kernel size: 6 	 Lambda: 0.5: 	 Best Score: 0.1804
[2020-10-23 11:13:57] esmCNN.cv14: Channel size: 97 	 Kernel size: 6 
Training MSE: 0.18036646 	 Validating MSE: 0.96891421 	 Best VMSE: 0.90823936
[2020-10-23 11:13:57] esmCNN.cv14: Checkpoint saved to experiments/normal/sili/esmCNN_random_sili_h8
[2020-10-23 11:13:57] esmCNN.cv14: Find channel with Kernel size: 6 	 Lambda: 0.5: 	 Best Score: 0.1803
[2020-10-23 11:13:57] esmCNN.cv14: Channel size: 98 	 Kernel size: 6 
Training MSE: 0.18028052 	 Validating MSE: 0.97561437 	 Best VMSE: 0.90823936
[2020-10-23 11:13:57] esmCNN.cv14: Checkpoint saved to experiments/normal/sili/esmCNN_random_sili_h8
[2020-10-23 11:13:57] esmCNN.cv14: Find channel with Kernel size: 6 	 Lambda: 0.5: 	 Best Score: 0.1798
[2020-10-23 11:13:57] esmCNN.cv14: Channel size: 99 	 Kernel size: 6 
Training MSE: 0.17978489 	 Validating MSE: 0.97844505 	 Best VMSE: 0.90823936
[2020-10-23 11:13:57] esmCNN.cv14: Checkpoint saved to experiments/normal/sili/esmCNN_random_sili_h8
[2020-10-23 11:13:57] esmCNN.cv14: Find channel with Kernel size: 6 	 Lambda: 0.5: 	 Best Score: 0.1795
[2020-10-23 11:13:57] esmCNN.cv14: Channel size: 100 	 Kernel size: 6 
Training MSE: 0.17948426 	 Validating MSE: 0.98559302 	 Best VMSE: 0.90823936
[2020-10-23 11:13:57] esmCNN.cv14: Checkpoint saved to experiments/normal/sili/esmCNN_random_sili_h8
[2020-10-23 11:13:58] esmCNN.cv14: Restoring best parameters from experiments/normal/sili/esmCNN_random_sili_h8/train.cv14.pth.tar
[2020-10-23 11:13:58] esmCNN.cv14: sili	 H: 8	 Trail: 44 
Testing RMSE: 1.035 	 MAPE: 0.1516 	 SMAPE: 0.08307
