[2020-10-23 11:11:16] esmCNN.cv4: Loading the datasets and model for 23th-batch-training
[2020-10-23 11:11:16] esmCNN.cv4: Argument channel_size: 100
[2020-10-23 11:11:16] esmCNN.cv4: Argument candidate_size: 300
[2020-10-23 11:11:16] esmCNN.cv4: Argument kernel_size: 6
[2020-10-23 11:11:16] esmCNN.cv4: Argument kernel_list: [8, 6, 5, 4]
[2020-10-23 11:11:16] esmCNN.cv4: Argument Lambdas: [0.5, 1, 5, 15, 30, 50, 100, 150, 200]
[2020-10-23 11:11:16] esmCNN.cv4: Argument Lambdas_std: [0.01, 0.05, 0.1, 0.5, 1]
[2020-10-23 11:11:16] esmCNN.cv4: Argument r: [0.8, 0.9, 0.99, 0.9999, 0.999999]
[2020-10-23 11:11:16] esmCNN.cv4: Argument tolerance: 0
[2020-10-23 11:11:16] esmCNN.cv4: Argument device: device(type='cuda')
[2020-10-23 11:11:16] esmCNN.cv4: Argument dataset: 'sili'
[2020-10-23 11:11:16] esmCNN.cv4: Argument H: 8
[2020-10-23 11:11:16] esmCNN.cv4: Argument k: 5
[2020-10-23 11:11:16] esmCNN.cv4: Argument test: False
[2020-10-23 11:11:16] esmCNN.cv4: Argument search: 'random'
[2020-10-23 11:11:16] esmCNN.cv4: Argument normal: True
[2020-10-23 11:11:16] esmCNN.cv4: Argument diff: False
[2020-10-23 11:11:16] esmCNN.cv4: Argument times: 60
[2020-10-23 11:11:16] esmCNN.cv4: Argument datasets: {'ar1': {'lag_order': 15, 'normal': True, 'cov_dim': 0, 'kernel_size': 3}, 'wti': {'lag_order': 25, 'normal': True, 'cov_dim': 0, 'kernel_size': 5}, 'gold': {'lag_order': 25, 'normal': True, 'cov_dim': 0, 'kernel_size': 5}, 'sp': {'lag_order': 25, 'normal': True, 'cov_dim': 0, 'kernel_size': 5}, 'brent': {'lag_order': 24, 'normal': True, 'cov_dim': 0, 'kernel_size': 6}, 'sili': {'lag_order': 26, 'normal': True, 'cov_dim': 0, 'kernel_size': 6}}
[2020-10-23 11:11:16] esmCNN.cv4: Argument steps: 26
[2020-10-23 11:11:16] esmCNN.cv4: Argument cov_dim: 0
[2020-10-23 11:11:16] esmCNN.cv4: Argument experiment: 'experiments/normal/sili'
[2020-10-23 11:11:16] esmCNN.cv4: Argument scaler: StandardScaler()
[2020-10-23 11:11:16] esmCNN.cv4: Argument model_name: 'esmCNN_random_sili_h8'
[2020-10-23 11:11:16] esmCNN.cv4: Argument model_dir: 'experiments/normal/sili/esmCNN_random_sili_h8'
[2020-10-23 11:11:16] esmCNN.cv4: Argument In_channels: 1
[2020-10-23 11:11:16] esmCNN.cv4: Argument restore: True
[2020-10-23 11:11:16] esmCNN.cv4: Argument cv: 4
[2020-10-23 11:11:16] esmCNN.cv4: Argument plot_dir: 'experiments/normal/sili/esmCNN_random_sili_h8/figures'
[2020-10-23 11:11:16] esmCNN.cv4: Argument num_process: 8
[2020-10-23 11:11:16] esmCNN.cv4: Using Cuda...
[2020-10-23 11:11:16] esmCNN.cv4: Loading complete.
[2020-10-23 11:11:16] esmCNN.cv4: Model: 
ESM_CNN(
  (Pool): AvgPool1d(kernel_size=(3,), stride=(1,), padding=(0,))
  (loss_fn): MSELoss()
)
[2020-10-23 11:11:16] esmCNN.cv4: Found new best state
[2020-10-23 11:11:16] esmCNN.cv4: Best vmse: 1.2310
[2020-10-23 11:11:16] esmCNN.cv4: Channel size: 1 	 Kernel size: 6 
Training MSE: 0.26502180 	 Validating MSE: 1.23101652 	 Best VMSE: 1.23101652
[2020-10-23 11:11:16] esmCNN.cv4: Checkpoint saved to experiments/normal/sili/esmCNN_random_sili_h8
[2020-10-23 11:11:16] esmCNN.cv4: Find channel with Kernel size: 6 	 Lambda: 0.5: 	 Best Score: 0.2285
[2020-10-23 11:11:16] esmCNN.cv4: Found new best state
[2020-10-23 11:11:16] esmCNN.cv4: Best vmse: 1.0068
[2020-10-23 11:11:16] esmCNN.cv4: Channel size: 2 	 Kernel size: 6 
Training MSE: 0.22854641 	 Validating MSE: 1.00682449 	 Best VMSE: 1.00682449
[2020-10-23 11:11:16] esmCNN.cv4: Checkpoint saved to experiments/normal/sili/esmCNN_random_sili_h8
[2020-10-23 11:11:16] esmCNN.cv4: Find channel with Kernel size: 6 	 Lambda: 0.5: 	 Best Score: 0.2244
[2020-10-23 11:11:16] esmCNN.cv4: Found new best state
[2020-10-23 11:11:16] esmCNN.cv4: Best vmse: 0.9694
[2020-10-23 11:11:16] esmCNN.cv4: Channel size: 3 	 Kernel size: 6 
Training MSE: 0.22435899 	 Validating MSE: 0.96944362 	 Best VMSE: 0.96944362
[2020-10-23 11:11:16] esmCNN.cv4: Checkpoint saved to experiments/normal/sili/esmCNN_random_sili_h8
[2020-10-23 11:11:16] esmCNN.cv4: Find channel with Kernel size: 5 	 Lambda: 0.5: 	 Best Score: 0.2220
[2020-10-23 11:11:16] esmCNN.cv4: Channel size: 4 	 Kernel size: 5 
Training MSE: 0.22195971 	 Validating MSE: 0.98346967 	 Best VMSE: 0.96944362
[2020-10-23 11:11:16] esmCNN.cv4: Checkpoint saved to experiments/normal/sili/esmCNN_random_sili_h8
[2020-10-23 11:11:16] esmCNN.cv4: Find channel with Kernel size: 4 	 Lambda: 0.5: 	 Best Score: 0.2213
[2020-10-23 11:11:16] esmCNN.cv4: Found new best state
[2020-10-23 11:11:16] esmCNN.cv4: Best vmse: 0.9687
[2020-10-23 11:11:16] esmCNN.cv4: Channel size: 5 	 Kernel size: 4 
Training MSE: 0.22133717 	 Validating MSE: 0.96873897 	 Best VMSE: 0.96873897
[2020-10-23 11:11:16] esmCNN.cv4: Checkpoint saved to experiments/normal/sili/esmCNN_random_sili_h8
[2020-10-23 11:11:16] esmCNN.cv4: Find channel with Kernel size: 5 	 Lambda: 0.5: 	 Best Score: 0.2211
[2020-10-23 11:11:16] esmCNN.cv4: Channel size: 6 	 Kernel size: 5 
Training MSE: 0.22105505 	 Validating MSE: 0.97675717 	 Best VMSE: 0.96873897
[2020-10-23 11:11:16] esmCNN.cv4: Checkpoint saved to experiments/normal/sili/esmCNN_random_sili_h8
[2020-10-23 11:11:16] esmCNN.cv4: Find channel with Kernel size: 5 	 Lambda: 0.5: 	 Best Score: 0.2207
[2020-10-23 11:11:16] esmCNN.cv4: Found new best state
[2020-10-23 11:11:16] esmCNN.cv4: Best vmse: 0.9644
[2020-10-23 11:11:16] esmCNN.cv4: Channel size: 7 	 Kernel size: 5 
Training MSE: 0.22071078 	 Validating MSE: 0.96441728 	 Best VMSE: 0.96441728
[2020-10-23 11:11:16] esmCNN.cv4: Checkpoint saved to experiments/normal/sili/esmCNN_random_sili_h8
[2020-10-23 11:11:17] esmCNN.cv4: Find channel with Kernel size: 8 	 Lambda: 0.5: 	 Best Score: 0.2199
[2020-10-23 11:11:17] esmCNN.cv4: Found new best state
[2020-10-23 11:11:17] esmCNN.cv4: Best vmse: 0.9514
[2020-10-23 11:11:17] esmCNN.cv4: Channel size: 8 	 Kernel size: 8 
Training MSE: 0.21991971 	 Validating MSE: 0.95135367 	 Best VMSE: 0.95135367
[2020-10-23 11:11:17] esmCNN.cv4: Checkpoint saved to experiments/normal/sili/esmCNN_random_sili_h8
[2020-10-23 11:11:17] esmCNN.cv4: Find channel with Kernel size: 6 	 Lambda: 0.5: 	 Best Score: 0.2185
[2020-10-23 11:11:17] esmCNN.cv4: Channel size: 9 	 Kernel size: 6 
Training MSE: 0.21845621 	 Validating MSE: 0.97724980 	 Best VMSE: 0.95135367
[2020-10-23 11:11:17] esmCNN.cv4: Checkpoint saved to experiments/normal/sili/esmCNN_random_sili_h8
[2020-10-23 11:11:17] esmCNN.cv4: Find channel with Kernel size: 8 	 Lambda: 0.5: 	 Best Score: 0.2180
[2020-10-23 11:11:17] esmCNN.cv4: Channel size: 10 	 Kernel size: 8 
Training MSE: 0.21802936 	 Validating MSE: 0.95988894 	 Best VMSE: 0.95135367
[2020-10-23 11:11:17] esmCNN.cv4: Checkpoint saved to experiments/normal/sili/esmCNN_random_sili_h8
[2020-10-23 11:11:17] esmCNN.cv4: Find channel with Kernel size: 5 	 Lambda: 0.5: 	 Best Score: 0.2175
[2020-10-23 11:11:17] esmCNN.cv4: Channel size: 11 	 Kernel size: 5 
Training MSE: 0.21754073 	 Validating MSE: 0.96241182 	 Best VMSE: 0.95135367
[2020-10-23 11:11:17] esmCNN.cv4: Checkpoint saved to experiments/normal/sili/esmCNN_random_sili_h8
[2020-10-23 11:11:17] esmCNN.cv4: Find channel with Kernel size: 5 	 Lambda: 0.5: 	 Best Score: 0.2163
[2020-10-23 11:11:17] esmCNN.cv4: Found new best state
[2020-10-23 11:11:17] esmCNN.cv4: Best vmse: 0.9448
[2020-10-23 11:11:17] esmCNN.cv4: Channel size: 12 	 Kernel size: 5 
Training MSE: 0.21634328 	 Validating MSE: 0.94475698 	 Best VMSE: 0.94475698
[2020-10-23 11:11:17] esmCNN.cv4: Checkpoint saved to experiments/normal/sili/esmCNN_random_sili_h8
[2020-10-23 11:11:17] esmCNN.cv4: Find channel with Kernel size: 5 	 Lambda: 0.5: 	 Best Score: 0.2153
[2020-10-23 11:11:17] esmCNN.cv4: Channel size: 13 	 Kernel size: 5 
Training MSE: 0.21529078 	 Validating MSE: 0.96834022 	 Best VMSE: 0.94475698
[2020-10-23 11:11:17] esmCNN.cv4: Checkpoint saved to experiments/normal/sili/esmCNN_random_sili_h8
[2020-10-23 11:11:17] esmCNN.cv4: Find channel with Kernel size: 6 	 Lambda: 0.5: 	 Best Score: 0.2143
[2020-10-23 11:11:17] esmCNN.cv4: Channel size: 14 	 Kernel size: 6 
Training MSE: 0.21429785 	 Validating MSE: 0.95710260 	 Best VMSE: 0.94475698
[2020-10-23 11:11:17] esmCNN.cv4: Checkpoint saved to experiments/normal/sili/esmCNN_random_sili_h8
[2020-10-23 11:11:17] esmCNN.cv4: Find channel with Kernel size: 5 	 Lambda: 0.5: 	 Best Score: 0.2133
[2020-10-23 11:11:17] esmCNN.cv4: Channel size: 15 	 Kernel size: 5 
Training MSE: 0.21327920 	 Validating MSE: 0.95993119 	 Best VMSE: 0.94475698
[2020-10-23 11:11:17] esmCNN.cv4: Checkpoint saved to experiments/normal/sili/esmCNN_random_sili_h8
[2020-10-23 11:11:17] esmCNN.cv4: Find channel with Kernel size: 6 	 Lambda: 0.5: 	 Best Score: 0.2120
[2020-10-23 11:11:17] esmCNN.cv4: Channel size: 16 	 Kernel size: 6 
Training MSE: 0.21202953 	 Validating MSE: 0.94632113 	 Best VMSE: 0.94475698
[2020-10-23 11:11:17] esmCNN.cv4: Checkpoint saved to experiments/normal/sili/esmCNN_random_sili_h8
[2020-10-23 11:11:17] esmCNN.cv4: Find channel with Kernel size: 4 	 Lambda: 0.5: 	 Best Score: 0.2109
[2020-10-23 11:11:17] esmCNN.cv4: Channel size: 17 	 Kernel size: 4 
Training MSE: 0.21088642 	 Validating MSE: 0.95885706 	 Best VMSE: 0.94475698
[2020-10-23 11:11:17] esmCNN.cv4: Checkpoint saved to experiments/normal/sili/esmCNN_random_sili_h8
[2020-10-23 11:11:17] esmCNN.cv4: Find channel with Kernel size: 5 	 Lambda: 0.5: 	 Best Score: 0.2107
[2020-10-23 11:11:17] esmCNN.cv4: Channel size: 18 	 Kernel size: 5 
Training MSE: 0.21071319 	 Validating MSE: 0.95987338 	 Best VMSE: 0.94475698
[2020-10-23 11:11:17] esmCNN.cv4: Checkpoint saved to experiments/normal/sili/esmCNN_random_sili_h8
[2020-10-23 11:11:17] esmCNN.cv4: Find channel with Kernel size: 8 	 Lambda: 0.5: 	 Best Score: 0.2102
[2020-10-23 11:11:17] esmCNN.cv4: Found new best state
[2020-10-23 11:11:17] esmCNN.cv4: Best vmse: 0.9406
[2020-10-23 11:11:17] esmCNN.cv4: Channel size: 19 	 Kernel size: 8 
Training MSE: 0.21022058 	 Validating MSE: 0.94060916 	 Best VMSE: 0.94060916
[2020-10-23 11:11:17] esmCNN.cv4: Checkpoint saved to experiments/normal/sili/esmCNN_random_sili_h8
[2020-10-23 11:11:17] esmCNN.cv4: Find channel with Kernel size: 5 	 Lambda: 0.5: 	 Best Score: 0.2098
[2020-10-23 11:11:17] esmCNN.cv4: Channel size: 20 	 Kernel size: 5 
Training MSE: 0.20980458 	 Validating MSE: 0.95308840 	 Best VMSE: 0.94060916
[2020-10-23 11:11:17] esmCNN.cv4: Checkpoint saved to experiments/normal/sili/esmCNN_random_sili_h8
[2020-10-23 11:11:17] esmCNN.cv4: Find channel with Kernel size: 6 	 Lambda: 0.5: 	 Best Score: 0.2093
[2020-10-23 11:11:17] esmCNN.cv4: Channel size: 21 	 Kernel size: 6 
Training MSE: 0.20926411 	 Validating MSE: 0.95660192 	 Best VMSE: 0.94060916
[2020-10-23 11:11:17] esmCNN.cv4: Checkpoint saved to experiments/normal/sili/esmCNN_random_sili_h8
[2020-10-23 11:11:17] esmCNN.cv4: Find channel with Kernel size: 8 	 Lambda: 0.5: 	 Best Score: 0.2088
[2020-10-23 11:11:17] esmCNN.cv4: Channel size: 22 	 Kernel size: 8 
Training MSE: 0.20883302 	 Validating MSE: 0.95200396 	 Best VMSE: 0.94060916
[2020-10-23 11:11:17] esmCNN.cv4: Checkpoint saved to experiments/normal/sili/esmCNN_random_sili_h8
[2020-10-23 11:11:17] esmCNN.cv4: Find channel with Kernel size: 8 	 Lambda: 0.5: 	 Best Score: 0.2085
[2020-10-23 11:11:17] esmCNN.cv4: Channel size: 23 	 Kernel size: 8 
Training MSE: 0.20848697 	 Validating MSE: 0.95325357 	 Best VMSE: 0.94060916
[2020-10-23 11:11:17] esmCNN.cv4: Checkpoint saved to experiments/normal/sili/esmCNN_random_sili_h8
[2020-10-23 11:11:17] esmCNN.cv4: Find channel with Kernel size: 6 	 Lambda: 0.5: 	 Best Score: 0.2080
[2020-10-23 11:11:17] esmCNN.cv4: Channel size: 24 	 Kernel size: 6 
Training MSE: 0.20796479 	 Validating MSE: 0.95379269 	 Best VMSE: 0.94060916
[2020-10-23 11:11:17] esmCNN.cv4: Checkpoint saved to experiments/normal/sili/esmCNN_random_sili_h8
[2020-10-23 11:11:17] esmCNN.cv4: Find channel with Kernel size: 4 	 Lambda: 0.5: 	 Best Score: 0.2073
[2020-10-23 11:11:17] esmCNN.cv4: Channel size: 25 	 Kernel size: 4 
Training MSE: 0.20733382 	 Validating MSE: 0.95777410 	 Best VMSE: 0.94060916
[2020-10-23 11:11:17] esmCNN.cv4: Checkpoint saved to experiments/normal/sili/esmCNN_random_sili_h8
[2020-10-23 11:11:17] esmCNN.cv4: Find channel with Kernel size: 6 	 Lambda: 0.5: 	 Best Score: 0.2068
[2020-10-23 11:11:17] esmCNN.cv4: Channel size: 26 	 Kernel size: 6 
Training MSE: 0.20679410 	 Validating MSE: 0.94290346 	 Best VMSE: 0.94060916
[2020-10-23 11:11:17] esmCNN.cv4: Checkpoint saved to experiments/normal/sili/esmCNN_random_sili_h8
[2020-10-23 11:11:17] esmCNN.cv4: Find channel with Kernel size: 5 	 Lambda: 0.5: 	 Best Score: 0.2062
[2020-10-23 11:11:17] esmCNN.cv4: Channel size: 27 	 Kernel size: 5 
Training MSE: 0.20620738 	 Validating MSE: 0.95900166 	 Best VMSE: 0.94060916
[2020-10-23 11:11:17] esmCNN.cv4: Checkpoint saved to experiments/normal/sili/esmCNN_random_sili_h8
[2020-10-23 11:11:17] esmCNN.cv4: Find channel with Kernel size: 8 	 Lambda: 0.5: 	 Best Score: 0.2060
[2020-10-23 11:11:17] esmCNN.cv4: Channel size: 28 	 Kernel size: 8 
Training MSE: 0.20600376 	 Validating MSE: 0.95041859 	 Best VMSE: 0.94060916
[2020-10-23 11:11:17] esmCNN.cv4: Checkpoint saved to experiments/normal/sili/esmCNN_random_sili_h8
[2020-10-23 11:11:18] esmCNN.cv4: Find channel with Kernel size: 4 	 Lambda: 0.5: 	 Best Score: 0.2055
[2020-10-23 11:11:18] esmCNN.cv4: Channel size: 29 	 Kernel size: 4 
Training MSE: 0.20552836 	 Validating MSE: 0.94750732 	 Best VMSE: 0.94060916
[2020-10-23 11:11:18] esmCNN.cv4: Checkpoint saved to experiments/normal/sili/esmCNN_random_sili_h8
[2020-10-23 11:11:18] esmCNN.cv4: Find channel with Kernel size: 4 	 Lambda: 0.5: 	 Best Score: 0.2050
[2020-10-23 11:11:18] esmCNN.cv4: Channel size: 30 	 Kernel size: 4 
Training MSE: 0.20495637 	 Validating MSE: 0.96554106 	 Best VMSE: 0.94060916
[2020-10-23 11:11:18] esmCNN.cv4: Checkpoint saved to experiments/normal/sili/esmCNN_random_sili_h8
[2020-10-23 11:11:18] esmCNN.cv4: Find channel with Kernel size: 8 	 Lambda: 0.5: 	 Best Score: 0.2048
[2020-10-23 11:11:18] esmCNN.cv4: Channel size: 31 	 Kernel size: 8 
Training MSE: 0.20482977 	 Validating MSE: 0.96031421 	 Best VMSE: 0.94060916
[2020-10-23 11:11:18] esmCNN.cv4: Checkpoint saved to experiments/normal/sili/esmCNN_random_sili_h8
[2020-10-23 11:11:18] esmCNN.cv4: Find channel with Kernel size: 4 	 Lambda: 0.5: 	 Best Score: 0.2046
[2020-10-23 11:11:18] esmCNN.cv4: Channel size: 32 	 Kernel size: 4 
Training MSE: 0.20463035 	 Validating MSE: 0.96909714 	 Best VMSE: 0.94060916
[2020-10-23 11:11:18] esmCNN.cv4: Checkpoint saved to experiments/normal/sili/esmCNN_random_sili_h8
[2020-10-23 11:11:18] esmCNN.cv4: Find channel with Kernel size: 4 	 Lambda: 0.5: 	 Best Score: 0.2045
[2020-10-23 11:11:18] esmCNN.cv4: Channel size: 33 	 Kernel size: 4 
Training MSE: 0.20447777 	 Validating MSE: 0.95375699 	 Best VMSE: 0.94060916
[2020-10-23 11:11:18] esmCNN.cv4: Checkpoint saved to experiments/normal/sili/esmCNN_random_sili_h8
[2020-10-23 11:11:18] esmCNN.cv4: Find channel with Kernel size: 4 	 Lambda: 0.5: 	 Best Score: 0.2043
[2020-10-23 11:11:18] esmCNN.cv4: Channel size: 34 	 Kernel size: 4 
Training MSE: 0.20432939 	 Validating MSE: 0.95938379 	 Best VMSE: 0.94060916
[2020-10-23 11:11:18] esmCNN.cv4: Checkpoint saved to experiments/normal/sili/esmCNN_random_sili_h8
[2020-10-23 11:11:18] esmCNN.cv4: Find channel with Kernel size: 8 	 Lambda: 0.5: 	 Best Score: 0.2039
[2020-10-23 11:11:18] esmCNN.cv4: Channel size: 35 	 Kernel size: 8 
Training MSE: 0.20385915 	 Validating MSE: 0.94582349 	 Best VMSE: 0.94060916
[2020-10-23 11:11:18] esmCNN.cv4: Checkpoint saved to experiments/normal/sili/esmCNN_random_sili_h8
[2020-10-23 11:11:18] esmCNN.cv4: Find channel with Kernel size: 6 	 Lambda: 0.5: 	 Best Score: 0.2034
[2020-10-23 11:11:18] esmCNN.cv4: Channel size: 36 	 Kernel size: 6 
Training MSE: 0.20338227 	 Validating MSE: 0.96040648 	 Best VMSE: 0.94060916
[2020-10-23 11:11:18] esmCNN.cv4: Checkpoint saved to experiments/normal/sili/esmCNN_random_sili_h8
[2020-10-23 11:11:18] esmCNN.cv4: Find channel with Kernel size: 8 	 Lambda: 0.5: 	 Best Score: 0.2031
[2020-10-23 11:11:18] esmCNN.cv4: Channel size: 37 	 Kernel size: 8 
Training MSE: 0.20310129 	 Validating MSE: 0.94632798 	 Best VMSE: 0.94060916
[2020-10-23 11:11:18] esmCNN.cv4: Checkpoint saved to experiments/normal/sili/esmCNN_random_sili_h8
[2020-10-23 11:11:18] esmCNN.cv4: Find channel with Kernel size: 8 	 Lambda: 0.5: 	 Best Score: 0.2028
[2020-10-23 11:11:18] esmCNN.cv4: Channel size: 38 	 Kernel size: 8 
Training MSE: 0.20278955 	 Validating MSE: 0.94703370 	 Best VMSE: 0.94060916
[2020-10-23 11:11:18] esmCNN.cv4: Checkpoint saved to experiments/normal/sili/esmCNN_random_sili_h8
[2020-10-23 11:11:18] esmCNN.cv4: Find channel with Kernel size: 4 	 Lambda: 0.5: 	 Best Score: 0.2023
[2020-10-23 11:11:18] esmCNN.cv4: Channel size: 39 	 Kernel size: 4 
Training MSE: 0.20227170 	 Validating MSE: 0.95193070 	 Best VMSE: 0.94060916
[2020-10-23 11:11:18] esmCNN.cv4: Checkpoint saved to experiments/normal/sili/esmCNN_random_sili_h8
[2020-10-23 11:11:18] esmCNN.cv4: Find channel with Kernel size: 4 	 Lambda: 0.5: 	 Best Score: 0.2021
[2020-10-23 11:11:18] esmCNN.cv4: Channel size: 40 	 Kernel size: 4 
Training MSE: 0.20209406 	 Validating MSE: 0.95491523 	 Best VMSE: 0.94060916
[2020-10-23 11:11:18] esmCNN.cv4: Checkpoint saved to experiments/normal/sili/esmCNN_random_sili_h8
[2020-10-23 11:11:18] esmCNN.cv4: Find channel with Kernel size: 4 	 Lambda: 0.5: 	 Best Score: 0.2017
[2020-10-23 11:11:18] esmCNN.cv4: Channel size: 41 	 Kernel size: 4 
Training MSE: 0.20165677 	 Validating MSE: 0.94905376 	 Best VMSE: 0.94060916
[2020-10-23 11:11:18] esmCNN.cv4: Checkpoint saved to experiments/normal/sili/esmCNN_random_sili_h8
[2020-10-23 11:11:18] esmCNN.cv4: Find channel with Kernel size: 8 	 Lambda: 0.5: 	 Best Score: 0.2014
[2020-10-23 11:11:18] esmCNN.cv4: Channel size: 42 	 Kernel size: 8 
Training MSE: 0.20143488 	 Validating MSE: 0.94567436 	 Best VMSE: 0.94060916
[2020-10-23 11:11:18] esmCNN.cv4: Checkpoint saved to experiments/normal/sili/esmCNN_random_sili_h8
[2020-10-23 11:11:18] esmCNN.cv4: Find channel with Kernel size: 5 	 Lambda: 0.5: 	 Best Score: 0.2012
[2020-10-23 11:11:18] esmCNN.cv4: Channel size: 43 	 Kernel size: 5 
Training MSE: 0.20116219 	 Validating MSE: 0.94870502 	 Best VMSE: 0.94060916
[2020-10-23 11:11:18] esmCNN.cv4: Checkpoint saved to experiments/normal/sili/esmCNN_random_sili_h8
[2020-10-23 11:11:18] esmCNN.cv4: Find channel with Kernel size: 4 	 Lambda: 0.5: 	 Best Score: 0.2011
[2020-10-23 11:11:18] esmCNN.cv4: Channel size: 44 	 Kernel size: 4 
Training MSE: 0.20105718 	 Validating MSE: 0.95258904 	 Best VMSE: 0.94060916
[2020-10-23 11:11:18] esmCNN.cv4: Checkpoint saved to experiments/normal/sili/esmCNN_random_sili_h8
[2020-10-23 11:11:19] esmCNN.cv4: Find channel with Kernel size: 6 	 Lambda: 0.5: 	 Best Score: 0.2010
[2020-10-23 11:11:19] esmCNN.cv4: Channel size: 45 	 Kernel size: 6 
Training MSE: 0.20095512 	 Validating MSE: 0.95061511 	 Best VMSE: 0.94060916
[2020-10-23 11:11:19] esmCNN.cv4: Checkpoint saved to experiments/normal/sili/esmCNN_random_sili_h8
[2020-10-23 11:11:19] esmCNN.cv4: Find channel with Kernel size: 5 	 Lambda: 0.5: 	 Best Score: 0.2007
[2020-10-23 11:11:19] esmCNN.cv4: Channel size: 46 	 Kernel size: 5 
Training MSE: 0.20073992 	 Validating MSE: 0.95315361 	 Best VMSE: 0.94060916
[2020-10-23 11:11:19] esmCNN.cv4: Checkpoint saved to experiments/normal/sili/esmCNN_random_sili_h8
[2020-10-23 11:11:19] esmCNN.cv4: Find channel with Kernel size: 5 	 Lambda: 0.5: 	 Best Score: 0.2004
[2020-10-23 11:11:19] esmCNN.cv4: Channel size: 47 	 Kernel size: 5 
Training MSE: 0.20042165 	 Validating MSE: 0.95661014 	 Best VMSE: 0.94060916
[2020-10-23 11:11:19] esmCNN.cv4: Checkpoint saved to experiments/normal/sili/esmCNN_random_sili_h8
[2020-10-23 11:11:19] esmCNN.cv4: Find channel with Kernel size: 8 	 Lambda: 0.5: 	 Best Score: 0.2001
[2020-10-23 11:11:19] esmCNN.cv4: Channel size: 48 	 Kernel size: 8 
Training MSE: 0.20009670 	 Validating MSE: 0.94300550 	 Best VMSE: 0.94060916
[2020-10-23 11:11:19] esmCNN.cv4: Checkpoint saved to experiments/normal/sili/esmCNN_random_sili_h8
[2020-10-23 11:11:19] esmCNN.cv4: Find channel with Kernel size: 5 	 Lambda: 0.5: 	 Best Score: 0.1998
[2020-10-23 11:11:19] esmCNN.cv4: Channel size: 49 	 Kernel size: 5 
Training MSE: 0.19984169 	 Validating MSE: 0.94779110 	 Best VMSE: 0.94060916
[2020-10-23 11:11:19] esmCNN.cv4: Checkpoint saved to experiments/normal/sili/esmCNN_random_sili_h8
[2020-10-23 11:11:19] esmCNN.cv4: Find channel with Kernel size: 4 	 Lambda: 0.5: 	 Best Score: 0.1991
[2020-10-23 11:11:19] esmCNN.cv4: Channel size: 50 	 Kernel size: 4 
Training MSE: 0.19907516 	 Validating MSE: 0.96742624 	 Best VMSE: 0.94060916
[2020-10-23 11:11:19] esmCNN.cv4: Checkpoint saved to experiments/normal/sili/esmCNN_random_sili_h8
[2020-10-23 11:11:19] esmCNN.cv4: Find channel with Kernel size: 8 	 Lambda: 0.5: 	 Best Score: 0.1988
[2020-10-23 11:11:19] esmCNN.cv4: Channel size: 51 	 Kernel size: 8 
Training MSE: 0.19876885 	 Validating MSE: 0.95561469 	 Best VMSE: 0.94060916
[2020-10-23 11:11:19] esmCNN.cv4: Checkpoint saved to experiments/normal/sili/esmCNN_random_sili_h8
[2020-10-23 11:11:19] esmCNN.cv4: Find channel with Kernel size: 8 	 Lambda: 0.5: 	 Best Score: 0.1974
[2020-10-23 11:11:19] esmCNN.cv4: Channel size: 52 	 Kernel size: 8 
Training MSE: 0.19743718 	 Validating MSE: 0.95913619 	 Best VMSE: 0.94060916
[2020-10-23 11:11:19] esmCNN.cv4: Checkpoint saved to experiments/normal/sili/esmCNN_random_sili_h8
[2020-10-23 11:11:19] esmCNN.cv4: Find channel with Kernel size: 5 	 Lambda: 0.5: 	 Best Score: 0.1959
[2020-10-23 11:11:19] esmCNN.cv4: Channel size: 53 	 Kernel size: 5 
Training MSE: 0.19585066 	 Validating MSE: 0.95905203 	 Best VMSE: 0.94060916
[2020-10-23 11:11:19] esmCNN.cv4: Checkpoint saved to experiments/normal/sili/esmCNN_random_sili_h8
[2020-10-23 11:11:19] esmCNN.cv4: Find channel with Kernel size: 5 	 Lambda: 0.5: 	 Best Score: 0.1956
[2020-10-23 11:11:19] esmCNN.cv4: Channel size: 54 	 Kernel size: 5 
Training MSE: 0.19564997 	 Validating MSE: 0.95784903 	 Best VMSE: 0.94060916
[2020-10-23 11:11:19] esmCNN.cv4: Checkpoint saved to experiments/normal/sili/esmCNN_random_sili_h8
[2020-10-23 11:11:19] esmCNN.cv4: Find channel with Kernel size: 8 	 Lambda: 0.5: 	 Best Score: 0.1950
[2020-10-23 11:11:19] esmCNN.cv4: Channel size: 55 	 Kernel size: 8 
Training MSE: 0.19501996 	 Validating MSE: 0.94100970 	 Best VMSE: 0.94060916
[2020-10-23 11:11:19] esmCNN.cv4: Checkpoint saved to experiments/normal/sili/esmCNN_random_sili_h8
[2020-10-23 11:11:19] esmCNN.cv4: Find channel with Kernel size: 5 	 Lambda: 0.5: 	 Best Score: 0.1946
[2020-10-23 11:11:19] esmCNN.cv4: Channel size: 56 	 Kernel size: 5 
Training MSE: 0.19456567 	 Validating MSE: 0.95482141 	 Best VMSE: 0.94060916
[2020-10-23 11:11:19] esmCNN.cv4: Checkpoint saved to experiments/normal/sili/esmCNN_random_sili_h8
[2020-10-23 11:11:19] esmCNN.cv4: Find channel with Kernel size: 5 	 Lambda: 0.5: 	 Best Score: 0.1943
[2020-10-23 11:11:19] esmCNN.cv4: Channel size: 57 	 Kernel size: 5 
Training MSE: 0.19426762 	 Validating MSE: 0.94251311 	 Best VMSE: 0.94060916
[2020-10-23 11:11:19] esmCNN.cv4: Checkpoint saved to experiments/normal/sili/esmCNN_random_sili_h8
[2020-10-23 11:11:19] esmCNN.cv4: Find channel with Kernel size: 5 	 Lambda: 0.5: 	 Best Score: 0.1940
[2020-10-23 11:11:20] esmCNN.cv4: Channel size: 58 	 Kernel size: 5 
Training MSE: 0.19399293 	 Validating MSE: 0.95234156 	 Best VMSE: 0.94060916
[2020-10-23 11:11:20] esmCNN.cv4: Checkpoint saved to experiments/normal/sili/esmCNN_random_sili_h8
[2020-10-23 11:11:20] esmCNN.cv4: Find channel with Kernel size: 8 	 Lambda: 0.5: 	 Best Score: 0.1934
[2020-10-23 11:11:20] esmCNN.cv4: Found new best state
[2020-10-23 11:11:20] esmCNN.cv4: Best vmse: 0.9354
[2020-10-23 11:11:20] esmCNN.cv4: Channel size: 59 	 Kernel size: 8 
Training MSE: 0.19344155 	 Validating MSE: 0.93544465 	 Best VMSE: 0.93544465
[2020-10-23 11:11:20] esmCNN.cv4: Checkpoint saved to experiments/normal/sili/esmCNN_random_sili_h8
[2020-10-23 11:11:20] esmCNN.cv4: Find channel with Kernel size: 8 	 Lambda: 0.5: 	 Best Score: 0.1928
[2020-10-23 11:11:20] esmCNN.cv4: Channel size: 60 	 Kernel size: 8 
Training MSE: 0.19281968 	 Validating MSE: 0.95337212 	 Best VMSE: 0.93544465
[2020-10-23 11:11:20] esmCNN.cv4: Checkpoint saved to experiments/normal/sili/esmCNN_random_sili_h8
[2020-10-23 11:11:20] esmCNN.cv4: Find channel with Kernel size: 4 	 Lambda: 0.5: 	 Best Score: 0.1926
[2020-10-23 11:11:20] esmCNN.cv4: Channel size: 61 	 Kernel size: 4 
Training MSE: 0.19262205 	 Validating MSE: 0.94814318 	 Best VMSE: 0.93544465
[2020-10-23 11:11:20] esmCNN.cv4: Checkpoint saved to experiments/normal/sili/esmCNN_random_sili_h8
[2020-10-23 11:11:20] esmCNN.cv4: Find channel with Kernel size: 5 	 Lambda: 0.5: 	 Best Score: 0.1926
[2020-10-23 11:11:20] esmCNN.cv4: Channel size: 62 	 Kernel size: 5 
Training MSE: 0.19259278 	 Validating MSE: 0.95083809 	 Best VMSE: 0.93544465
[2020-10-23 11:11:20] esmCNN.cv4: Checkpoint saved to experiments/normal/sili/esmCNN_random_sili_h8
[2020-10-23 11:11:20] esmCNN.cv4: Find channel with Kernel size: 8 	 Lambda: 0.5: 	 Best Score: 0.1925
[2020-10-23 11:11:20] esmCNN.cv4: Channel size: 63 	 Kernel size: 8 
Training MSE: 0.19248764 	 Validating MSE: 0.94473201 	 Best VMSE: 0.93544465
[2020-10-23 11:11:20] esmCNN.cv4: Checkpoint saved to experiments/normal/sili/esmCNN_random_sili_h8
[2020-10-23 11:11:20] esmCNN.cv4: Find channel with Kernel size: 5 	 Lambda: 0.5: 	 Best Score: 0.1924
[2020-10-23 11:11:20] esmCNN.cv4: Channel size: 64 	 Kernel size: 5 
Training MSE: 0.19236529 	 Validating MSE: 0.94931048 	 Best VMSE: 0.93544465
[2020-10-23 11:11:20] esmCNN.cv4: Checkpoint saved to experiments/normal/sili/esmCNN_random_sili_h8
[2020-10-23 11:11:20] esmCNN.cv4: Find channel with Kernel size: 8 	 Lambda: 0.5: 	 Best Score: 0.1922
[2020-10-23 11:11:20] esmCNN.cv4: Channel size: 65 	 Kernel size: 8 
Training MSE: 0.19215403 	 Validating MSE: 0.94006127 	 Best VMSE: 0.93544465
[2020-10-23 11:11:20] esmCNN.cv4: Checkpoint saved to experiments/normal/sili/esmCNN_random_sili_h8
[2020-10-23 11:11:20] esmCNN.cv4: Find channel with Kernel size: 6 	 Lambda: 0.5: 	 Best Score: 0.1919
[2020-10-23 11:11:20] esmCNN.cv4: Channel size: 66 	 Kernel size: 6 
Training MSE: 0.19193318 	 Validating MSE: 0.94707072 	 Best VMSE: 0.93544465
[2020-10-23 11:11:20] esmCNN.cv4: Checkpoint saved to experiments/normal/sili/esmCNN_random_sili_h8
[2020-10-23 11:11:20] esmCNN.cv4: Find channel with Kernel size: 8 	 Lambda: 0.5: 	 Best Score: 0.1919
[2020-10-23 11:11:20] esmCNN.cv4: Channel size: 67 	 Kernel size: 8 
Training MSE: 0.19186160 	 Validating MSE: 0.94689482 	 Best VMSE: 0.93544465
[2020-10-23 11:11:20] esmCNN.cv4: Checkpoint saved to experiments/normal/sili/esmCNN_random_sili_h8
[2020-10-23 11:11:20] esmCNN.cv4: Find channel with Kernel size: 8 	 Lambda: 0.5: 	 Best Score: 0.1916
[2020-10-23 11:11:20] esmCNN.cv4: Channel size: 68 	 Kernel size: 8 
Training MSE: 0.19159408 	 Validating MSE: 0.94177639 	 Best VMSE: 0.93544465
[2020-10-23 11:11:20] esmCNN.cv4: Checkpoint saved to experiments/normal/sili/esmCNN_random_sili_h8
[2020-10-23 11:11:20] esmCNN.cv4: Find channel with Kernel size: 4 	 Lambda: 0.5: 	 Best Score: 0.1914
[2020-10-23 11:11:20] esmCNN.cv4: Channel size: 69 	 Kernel size: 4 
Training MSE: 0.19139026 	 Validating MSE: 0.94402713 	 Best VMSE: 0.93544465
[2020-10-23 11:11:20] esmCNN.cv4: Checkpoint saved to experiments/normal/sili/esmCNN_random_sili_h8
[2020-10-23 11:11:20] esmCNN.cv4: Find channel with Kernel size: 8 	 Lambda: 0.5: 	 Best Score: 0.1913
[2020-10-23 11:11:21] esmCNN.cv4: Channel size: 70 	 Kernel size: 8 
Training MSE: 0.19133298 	 Validating MSE: 0.94417286 	 Best VMSE: 0.93544465
[2020-10-23 11:11:21] esmCNN.cv4: Checkpoint saved to experiments/normal/sili/esmCNN_random_sili_h8
[2020-10-23 11:11:21] esmCNN.cv4: Find channel with Kernel size: 5 	 Lambda: 0.5: 	 Best Score: 0.1907
[2020-10-23 11:11:21] esmCNN.cv4: Channel size: 71 	 Kernel size: 5 
Training MSE: 0.19066431 	 Validating MSE: 0.94159824 	 Best VMSE: 0.93544465
[2020-10-23 11:11:21] esmCNN.cv4: Checkpoint saved to experiments/normal/sili/esmCNN_random_sili_h8
[2020-10-23 11:11:21] esmCNN.cv4: Find channel with Kernel size: 4 	 Lambda: 0.5: 	 Best Score: 0.1893
[2020-10-23 11:11:21] esmCNN.cv4: Channel size: 72 	 Kernel size: 4 
Training MSE: 0.18933898 	 Validating MSE: 0.95481235 	 Best VMSE: 0.93544465
[2020-10-23 11:11:21] esmCNN.cv4: Checkpoint saved to experiments/normal/sili/esmCNN_random_sili_h8
[2020-10-23 11:11:21] esmCNN.cv4: Find channel with Kernel size: 8 	 Lambda: 0.5: 	 Best Score: 0.1886
[2020-10-23 11:11:21] esmCNN.cv4: Found new best state
[2020-10-23 11:11:21] esmCNN.cv4: Best vmse: 0.9354
[2020-10-23 11:11:21] esmCNN.cv4: Channel size: 73 	 Kernel size: 8 
Training MSE: 0.18859170 	 Validating MSE: 0.93542385 	 Best VMSE: 0.93542385
[2020-10-23 11:11:21] esmCNN.cv4: Checkpoint saved to experiments/normal/sili/esmCNN_random_sili_h8
[2020-10-23 11:11:21] esmCNN.cv4: Find channel with Kernel size: 5 	 Lambda: 0.5: 	 Best Score: 0.1883
[2020-10-23 11:11:21] esmCNN.cv4: Channel size: 74 	 Kernel size: 5 
Training MSE: 0.18831697 	 Validating MSE: 0.94790584 	 Best VMSE: 0.93542385
[2020-10-23 11:11:21] esmCNN.cv4: Checkpoint saved to experiments/normal/sili/esmCNN_random_sili_h8
[2020-10-23 11:11:21] esmCNN.cv4: Find channel with Kernel size: 6 	 Lambda: 0.5: 	 Best Score: 0.1881
[2020-10-23 11:11:21] esmCNN.cv4: Channel size: 75 	 Kernel size: 6 
Training MSE: 0.18810670 	 Validating MSE: 0.95191759 	 Best VMSE: 0.93542385
[2020-10-23 11:11:21] esmCNN.cv4: Checkpoint saved to experiments/normal/sili/esmCNN_random_sili_h8
[2020-10-23 11:11:21] esmCNN.cv4: Find channel with Kernel size: 8 	 Lambda: 0.5: 	 Best Score: 0.1876
[2020-10-23 11:11:21] esmCNN.cv4: Found new best state
[2020-10-23 11:11:21] esmCNN.cv4: Best vmse: 0.9332
[2020-10-23 11:11:21] esmCNN.cv4: Channel size: 76 	 Kernel size: 8 
Training MSE: 0.18764611 	 Validating MSE: 0.93315333 	 Best VMSE: 0.93315333
[2020-10-23 11:11:21] esmCNN.cv4: Checkpoint saved to experiments/normal/sili/esmCNN_random_sili_h8
[2020-10-23 11:11:21] esmCNN.cv4: Find channel with Kernel size: 8 	 Lambda: 0.5: 	 Best Score: 0.1874
[2020-10-23 11:11:21] esmCNN.cv4: Channel size: 77 	 Kernel size: 8 
Training MSE: 0.18736942 	 Validating MSE: 0.94668096 	 Best VMSE: 0.93315333
[2020-10-23 11:11:21] esmCNN.cv4: Checkpoint saved to experiments/normal/sili/esmCNN_random_sili_h8
[2020-10-23 11:11:21] esmCNN.cv4: Find channel with Kernel size: 8 	 Lambda: 0.5: 	 Best Score: 0.1867
[2020-10-23 11:11:21] esmCNN.cv4: Channel size: 78 	 Kernel size: 8 
Training MSE: 0.18666811 	 Validating MSE: 0.94481248 	 Best VMSE: 0.93315333
[2020-10-23 11:11:21] esmCNN.cv4: Checkpoint saved to experiments/normal/sili/esmCNN_random_sili_h8
[2020-10-23 11:11:21] esmCNN.cv4: Find channel with Kernel size: 5 	 Lambda: 0.5: 	 Best Score: 0.1860
[2020-10-23 11:11:21] esmCNN.cv4: Channel size: 79 	 Kernel size: 5 
Training MSE: 0.18599328 	 Validating MSE: 0.94440168 	 Best VMSE: 0.93315333
[2020-10-23 11:11:21] esmCNN.cv4: Checkpoint saved to experiments/normal/sili/esmCNN_random_sili_h8
[2020-10-23 11:11:21] esmCNN.cv4: Find channel with Kernel size: 8 	 Lambda: 0.5: 	 Best Score: 0.1857
[2020-10-23 11:11:21] esmCNN.cv4: Channel size: 80 	 Kernel size: 8 
Training MSE: 0.18567593 	 Validating MSE: 0.94124204 	 Best VMSE: 0.93315333
[2020-10-23 11:11:21] esmCNN.cv4: Checkpoint saved to experiments/normal/sili/esmCNN_random_sili_h8
[2020-10-23 11:11:21] esmCNN.cv4: Find channel with Kernel size: 5 	 Lambda: 0.5: 	 Best Score: 0.1852
[2020-10-23 11:11:22] esmCNN.cv4: Channel size: 81 	 Kernel size: 5 
Training MSE: 0.18523443 	 Validating MSE: 0.94664013 	 Best VMSE: 0.93315333
[2020-10-23 11:11:22] esmCNN.cv4: Checkpoint saved to experiments/normal/sili/esmCNN_random_sili_h8
[2020-10-23 11:11:22] esmCNN.cv4: Find channel with Kernel size: 5 	 Lambda: 0.5: 	 Best Score: 0.1850
[2020-10-23 11:11:22] esmCNN.cv4: Channel size: 82 	 Kernel size: 5 
Training MSE: 0.18504342 	 Validating MSE: 0.94117272 	 Best VMSE: 0.93315333
[2020-10-23 11:11:22] esmCNN.cv4: Checkpoint saved to experiments/normal/sili/esmCNN_random_sili_h8
[2020-10-23 11:11:22] esmCNN.cv4: Find channel with Kernel size: 6 	 Lambda: 0.5: 	 Best Score: 0.1847
[2020-10-23 11:11:22] esmCNN.cv4: Channel size: 83 	 Kernel size: 6 
Training MSE: 0.18474969 	 Validating MSE: 0.94578040 	 Best VMSE: 0.93315333
[2020-10-23 11:11:22] esmCNN.cv4: Checkpoint saved to experiments/normal/sili/esmCNN_random_sili_h8
[2020-10-23 11:11:22] esmCNN.cv4: Find channel with Kernel size: 4 	 Lambda: 0.5: 	 Best Score: 0.1845
[2020-10-23 11:11:22] esmCNN.cv4: Channel size: 84 	 Kernel size: 4 
Training MSE: 0.18454787 	 Validating MSE: 0.94595528 	 Best VMSE: 0.93315333
[2020-10-23 11:11:22] esmCNN.cv4: Checkpoint saved to experiments/normal/sili/esmCNN_random_sili_h8
[2020-10-23 11:11:22] esmCNN.cv4: Find channel with Kernel size: 6 	 Lambda: 0.5: 	 Best Score: 0.1845
[2020-10-23 11:11:22] esmCNN.cv4: Channel size: 85 	 Kernel size: 6 
Training MSE: 0.18450886 	 Validating MSE: 0.94711840 	 Best VMSE: 0.93315333
[2020-10-23 11:11:22] esmCNN.cv4: Checkpoint saved to experiments/normal/sili/esmCNN_random_sili_h8
[2020-10-23 11:11:22] esmCNN.cv4: Find channel with Kernel size: 4 	 Lambda: 0.5: 	 Best Score: 0.1844
[2020-10-23 11:11:22] esmCNN.cv4: Channel size: 86 	 Kernel size: 4 
Training MSE: 0.18438567 	 Validating MSE: 0.94346923 	 Best VMSE: 0.93315333
[2020-10-23 11:11:22] esmCNN.cv4: Checkpoint saved to experiments/normal/sili/esmCNN_random_sili_h8
[2020-10-23 11:11:22] esmCNN.cv4: Find channel with Kernel size: 5 	 Lambda: 0.5: 	 Best Score: 0.1843
[2020-10-23 11:11:22] esmCNN.cv4: Channel size: 87 	 Kernel size: 5 
Training MSE: 0.18429175 	 Validating MSE: 0.94899112 	 Best VMSE: 0.93315333
[2020-10-23 11:11:22] esmCNN.cv4: Checkpoint saved to experiments/normal/sili/esmCNN_random_sili_h8
[2020-10-23 11:11:22] esmCNN.cv4: Find channel with Kernel size: 4 	 Lambda: 0.5: 	 Best Score: 0.1841
[2020-10-23 11:11:22] esmCNN.cv4: Channel size: 88 	 Kernel size: 4 
Training MSE: 0.18405762 	 Validating MSE: 0.94467658 	 Best VMSE: 0.93315333
[2020-10-23 11:11:22] esmCNN.cv4: Checkpoint saved to experiments/normal/sili/esmCNN_random_sili_h8
[2020-10-23 11:11:22] esmCNN.cv4: Find channel with Kernel size: 6 	 Lambda: 0.5: 	 Best Score: 0.1838
[2020-10-23 11:11:22] esmCNN.cv4: Channel size: 89 	 Kernel size: 6 
Training MSE: 0.18382740 	 Validating MSE: 0.95230722 	 Best VMSE: 0.93315333
[2020-10-23 11:11:22] esmCNN.cv4: Checkpoint saved to experiments/normal/sili/esmCNN_random_sili_h8
[2020-10-23 11:11:22] esmCNN.cv4: Find channel with Kernel size: 8 	 Lambda: 0.5: 	 Best Score: 0.1834
[2020-10-23 11:11:22] esmCNN.cv4: Channel size: 90 	 Kernel size: 8 
Training MSE: 0.18342039 	 Validating MSE: 0.96259779 	 Best VMSE: 0.93315333
[2020-10-23 11:11:22] esmCNN.cv4: Checkpoint saved to experiments/normal/sili/esmCNN_random_sili_h8
[2020-10-23 11:11:22] esmCNN.cv4: Find channel with Kernel size: 6 	 Lambda: 0.5: 	 Best Score: 0.1829
[2020-10-23 11:11:23] esmCNN.cv4: Channel size: 91 	 Kernel size: 6 
Training MSE: 0.18287571 	 Validating MSE: 0.94313049 	 Best VMSE: 0.93315333
[2020-10-23 11:11:23] esmCNN.cv4: Checkpoint saved to experiments/normal/sili/esmCNN_random_sili_h8
[2020-10-23 11:11:23] esmCNN.cv4: Find channel with Kernel size: 8 	 Lambda: 0.5: 	 Best Score: 0.1827
[2020-10-23 11:11:23] esmCNN.cv4: Channel size: 92 	 Kernel size: 8 
Training MSE: 0.18273798 	 Validating MSE: 0.94114512 	 Best VMSE: 0.93315333
[2020-10-23 11:11:23] esmCNN.cv4: Checkpoint saved to experiments/normal/sili/esmCNN_random_sili_h8
[2020-10-23 11:11:23] esmCNN.cv4: Find channel with Kernel size: 8 	 Lambda: 0.5: 	 Best Score: 0.1824
[2020-10-23 11:11:23] esmCNN.cv4: Found new best state
[2020-10-23 11:11:23] esmCNN.cv4: Best vmse: 0.9309
[2020-10-23 11:11:23] esmCNN.cv4: Channel size: 93 	 Kernel size: 8 
Training MSE: 0.18235208 	 Validating MSE: 0.93089151 	 Best VMSE: 0.93089151
[2020-10-23 11:11:23] esmCNN.cv4: Checkpoint saved to experiments/normal/sili/esmCNN_random_sili_h8
[2020-10-23 11:11:23] esmCNN.cv4: Find channel with Kernel size: 6 	 Lambda: 0.5: 	 Best Score: 0.1820
[2020-10-23 11:11:23] esmCNN.cv4: Channel size: 94 	 Kernel size: 6 
Training MSE: 0.18196531 	 Validating MSE: 0.94336683 	 Best VMSE: 0.93089151
[2020-10-23 11:11:23] esmCNN.cv4: Checkpoint saved to experiments/normal/sili/esmCNN_random_sili_h8
[2020-10-23 11:11:23] esmCNN.cv4: Find channel with Kernel size: 8 	 Lambda: 0.5: 	 Best Score: 0.1816
[2020-10-23 11:11:23] esmCNN.cv4: Channel size: 95 	 Kernel size: 8 
Training MSE: 0.18157391 	 Validating MSE: 0.94493818 	 Best VMSE: 0.93089151
[2020-10-23 11:11:23] esmCNN.cv4: Checkpoint saved to experiments/normal/sili/esmCNN_random_sili_h8
[2020-10-23 11:11:23] esmCNN.cv4: Find channel with Kernel size: 5 	 Lambda: 0.5: 	 Best Score: 0.1812
[2020-10-23 11:11:23] esmCNN.cv4: Channel size: 96 	 Kernel size: 5 
Training MSE: 0.18116631 	 Validating MSE: 0.93886644 	 Best VMSE: 0.93089151
[2020-10-23 11:11:23] esmCNN.cv4: Checkpoint saved to experiments/normal/sili/esmCNN_random_sili_h8
[2020-10-23 11:11:23] esmCNN.cv4: Find channel with Kernel size: 6 	 Lambda: 0.5: 	 Best Score: 0.1810
[2020-10-23 11:11:23] esmCNN.cv4: Channel size: 97 	 Kernel size: 6 
Training MSE: 0.18099014 	 Validating MSE: 0.94582605 	 Best VMSE: 0.93089151
[2020-10-23 11:11:23] esmCNN.cv4: Checkpoint saved to experiments/normal/sili/esmCNN_random_sili_h8
[2020-10-23 11:11:23] esmCNN.cv4: Find channel with Kernel size: 6 	 Lambda: 0.5: 	 Best Score: 0.1807
[2020-10-23 11:11:23] esmCNN.cv4: Channel size: 98 	 Kernel size: 6 
Training MSE: 0.18074816 	 Validating MSE: 0.94324416 	 Best VMSE: 0.93089151
[2020-10-23 11:11:23] esmCNN.cv4: Checkpoint saved to experiments/normal/sili/esmCNN_random_sili_h8
[2020-10-23 11:11:23] esmCNN.cv4: Find channel with Kernel size: 6 	 Lambda: 0.5: 	 Best Score: 0.1806
[2020-10-23 11:11:23] esmCNN.cv4: Channel size: 99 	 Kernel size: 6 
Training MSE: 0.18055193 	 Validating MSE: 0.94865382 	 Best VMSE: 0.93089151
[2020-10-23 11:11:23] esmCNN.cv4: Checkpoint saved to experiments/normal/sili/esmCNN_random_sili_h8
[2020-10-23 11:11:23] esmCNN.cv4: Find channel with Kernel size: 8 	 Lambda: 0.5: 	 Best Score: 0.1805
[2020-10-23 11:11:23] esmCNN.cv4: Channel size: 100 	 Kernel size: 8 
Training MSE: 0.18045677 	 Validating MSE: 0.94490379 	 Best VMSE: 0.93089151
[2020-10-23 11:11:23] esmCNN.cv4: Checkpoint saved to experiments/normal/sili/esmCNN_random_sili_h8
[2020-10-23 11:11:24] esmCNN.cv4: Restoring best parameters from experiments/normal/sili/esmCNN_random_sili_h8/train.cv4.pth.tar
[2020-10-23 11:11:24] esmCNN.cv4: sili	 H: 8	 Trail: 23 
Testing RMSE: 1.02 	 MAPE: 0.1489 	 SMAPE: 0.08371
