[2020-10-23 11:09:12] esmCNN.cv1: Loading the datasets and model for 6th-batch-training
[2020-10-23 11:09:12] esmCNN.cv1: Argument channel_size: 100
[2020-10-23 11:09:12] esmCNN.cv1: Argument candidate_size: 300
[2020-10-23 11:09:12] esmCNN.cv1: Argument kernel_size: 6
[2020-10-23 11:09:12] esmCNN.cv1: Argument kernel_list: [8, 6, 5, 4]
[2020-10-23 11:09:12] esmCNN.cv1: Argument Lambdas: [0.5, 1, 5, 15, 30, 50, 100, 150, 200]
[2020-10-23 11:09:12] esmCNN.cv1: Argument Lambdas_std: [0.01, 0.05, 0.1, 0.5, 1]
[2020-10-23 11:09:12] esmCNN.cv1: Argument r: [0.8, 0.9, 0.99, 0.9999, 0.999999]
[2020-10-23 11:09:12] esmCNN.cv1: Argument tolerance: 0
[2020-10-23 11:09:12] esmCNN.cv1: Argument device: device(type='cuda')
[2020-10-23 11:09:12] esmCNN.cv1: Argument dataset: 'sili'
[2020-10-23 11:09:12] esmCNN.cv1: Argument H: 8
[2020-10-23 11:09:12] esmCNN.cv1: Argument k: 5
[2020-10-23 11:09:12] esmCNN.cv1: Argument test: False
[2020-10-23 11:09:12] esmCNN.cv1: Argument search: 'random'
[2020-10-23 11:09:12] esmCNN.cv1: Argument normal: True
[2020-10-23 11:09:12] esmCNN.cv1: Argument diff: False
[2020-10-23 11:09:12] esmCNN.cv1: Argument times: 60
[2020-10-23 11:09:12] esmCNN.cv1: Argument datasets: {'ar1': {'lag_order': 15, 'normal': True, 'cov_dim': 0, 'kernel_size': 3}, 'wti': {'lag_order': 25, 'normal': True, 'cov_dim': 0, 'kernel_size': 5}, 'gold': {'lag_order': 25, 'normal': True, 'cov_dim': 0, 'kernel_size': 5}, 'sp': {'lag_order': 25, 'normal': True, 'cov_dim': 0, 'kernel_size': 5}, 'brent': {'lag_order': 24, 'normal': True, 'cov_dim': 0, 'kernel_size': 6}, 'sili': {'lag_order': 26, 'normal': True, 'cov_dim': 0, 'kernel_size': 6}}
[2020-10-23 11:09:12] esmCNN.cv1: Argument steps: 26
[2020-10-23 11:09:12] esmCNN.cv1: Argument cov_dim: 0
[2020-10-23 11:09:12] esmCNN.cv1: Argument experiment: 'experiments/normal/sili'
[2020-10-23 11:09:12] esmCNN.cv1: Argument scaler: StandardScaler()
[2020-10-23 11:09:12] esmCNN.cv1: Argument model_name: 'esmCNN_random_sili_h8'
[2020-10-23 11:09:12] esmCNN.cv1: Argument model_dir: 'experiments/normal/sili/esmCNN_random_sili_h8'
[2020-10-23 11:09:12] esmCNN.cv1: Argument In_channels: 1
[2020-10-23 11:09:12] esmCNN.cv1: Argument restore: True
[2020-10-23 11:09:12] esmCNN.cv1: Argument cv: 1
[2020-10-23 11:09:12] esmCNN.cv1: Argument plot_dir: 'experiments/normal/sili/esmCNN_random_sili_h8/figures'
[2020-10-23 11:09:12] esmCNN.cv1: Argument num_process: 8
[2020-10-23 11:09:12] esmCNN.cv1: Using Cuda...
[2020-10-23 11:09:12] esmCNN.cv1: Loading complete.
[2020-10-23 11:09:12] esmCNN.cv1: Model: 
ESM_CNN(
  (Pool): AvgPool1d(kernel_size=(3,), stride=(1,), padding=(0,))
  (loss_fn): MSELoss()
)
[2020-10-23 11:09:12] esmCNN.cv1: Found new best state
[2020-10-23 11:09:12] esmCNN.cv1: Best vmse: 1.2588
[2020-10-23 11:09:12] esmCNN.cv1: Channel size: 1 	 Kernel size: 6 
Training MSE: 0.26710674 	 Validating MSE: 1.25876510 	 Best VMSE: 1.25876510
[2020-10-23 11:09:12] esmCNN.cv1: Checkpoint saved to experiments/normal/sili/esmCNN_random_sili_h8
[2020-10-23 11:09:12] esmCNN.cv1: Find channel with Kernel size: 4 	 Lambda: 0.5: 	 Best Score: 0.2213
[2020-10-23 11:09:12] esmCNN.cv1: Found new best state
[2020-10-23 11:09:12] esmCNN.cv1: Best vmse: 0.9725
[2020-10-23 11:09:12] esmCNN.cv1: Channel size: 2 	 Kernel size: 4 
Training MSE: 0.22132936 	 Validating MSE: 0.97252768 	 Best VMSE: 0.97252768
[2020-10-23 11:09:12] esmCNN.cv1: Checkpoint saved to experiments/normal/sili/esmCNN_random_sili_h8
[2020-10-23 11:09:12] esmCNN.cv1: Find channel with Kernel size: 4 	 Lambda: 0.5: 	 Best Score: 0.2207
[2020-10-23 11:09:12] esmCNN.cv1: Channel size: 3 	 Kernel size: 4 
Training MSE: 0.22067778 	 Validating MSE: 0.97363406 	 Best VMSE: 0.97252768
[2020-10-23 11:09:12] esmCNN.cv1: Checkpoint saved to experiments/normal/sili/esmCNN_random_sili_h8
[2020-10-23 11:09:12] esmCNN.cv1: Find channel with Kernel size: 6 	 Lambda: 0.5: 	 Best Score: 0.2202
[2020-10-23 11:09:12] esmCNN.cv1: Channel size: 4 	 Kernel size: 6 
Training MSE: 0.22024830 	 Validating MSE: 0.97778130 	 Best VMSE: 0.97252768
[2020-10-23 11:09:12] esmCNN.cv1: Checkpoint saved to experiments/normal/sili/esmCNN_random_sili_h8
[2020-10-23 11:09:12] esmCNN.cv1: Find channel with Kernel size: 8 	 Lambda: 0.5: 	 Best Score: 0.2191
[2020-10-23 11:09:12] esmCNN.cv1: Found new best state
[2020-10-23 11:09:12] esmCNN.cv1: Best vmse: 0.9553
[2020-10-23 11:09:12] esmCNN.cv1: Channel size: 5 	 Kernel size: 8 
Training MSE: 0.21911481 	 Validating MSE: 0.95532322 	 Best VMSE: 0.95532322
[2020-10-23 11:09:12] esmCNN.cv1: Checkpoint saved to experiments/normal/sili/esmCNN_random_sili_h8
[2020-10-23 11:09:12] esmCNN.cv1: Find channel with Kernel size: 8 	 Lambda: 0.5: 	 Best Score: 0.2184
[2020-10-23 11:09:12] esmCNN.cv1: Channel size: 6 	 Kernel size: 8 
Training MSE: 0.21836598 	 Validating MSE: 0.96537048 	 Best VMSE: 0.95532322
[2020-10-23 11:09:12] esmCNN.cv1: Checkpoint saved to experiments/normal/sili/esmCNN_random_sili_h8
[2020-10-23 11:09:12] esmCNN.cv1: Find channel with Kernel size: 4 	 Lambda: 0.5: 	 Best Score: 0.2172
[2020-10-23 11:09:12] esmCNN.cv1: Channel size: 7 	 Kernel size: 4 
Training MSE: 0.21724711 	 Validating MSE: 0.95571482 	 Best VMSE: 0.95532322
[2020-10-23 11:09:12] esmCNN.cv1: Checkpoint saved to experiments/normal/sili/esmCNN_random_sili_h8
[2020-10-23 11:09:12] esmCNN.cv1: Find channel with Kernel size: 5 	 Lambda: 0.5: 	 Best Score: 0.2161
[2020-10-23 11:09:12] esmCNN.cv1: Channel size: 8 	 Kernel size: 5 
Training MSE: 0.21614255 	 Validating MSE: 0.95952034 	 Best VMSE: 0.95532322
[2020-10-23 11:09:12] esmCNN.cv1: Checkpoint saved to experiments/normal/sili/esmCNN_random_sili_h8
[2020-10-23 11:09:12] esmCNN.cv1: Find channel with Kernel size: 6 	 Lambda: 0.5: 	 Best Score: 0.2159
[2020-10-23 11:09:12] esmCNN.cv1: Channel size: 9 	 Kernel size: 6 
Training MSE: 0.21585548 	 Validating MSE: 0.96982682 	 Best VMSE: 0.95532322
[2020-10-23 11:09:12] esmCNN.cv1: Checkpoint saved to experiments/normal/sili/esmCNN_random_sili_h8
[2020-10-23 11:09:12] esmCNN.cv1: Find channel with Kernel size: 8 	 Lambda: 0.5: 	 Best Score: 0.2154
[2020-10-23 11:09:12] esmCNN.cv1: Channel size: 10 	 Kernel size: 8 
Training MSE: 0.21539234 	 Validating MSE: 0.96111488 	 Best VMSE: 0.95532322
[2020-10-23 11:09:12] esmCNN.cv1: Checkpoint saved to experiments/normal/sili/esmCNN_random_sili_h8
[2020-10-23 11:09:13] esmCNN.cv1: Find channel with Kernel size: 5 	 Lambda: 0.5: 	 Best Score: 0.2151
[2020-10-23 11:09:13] esmCNN.cv1: Channel size: 11 	 Kernel size: 5 
Training MSE: 0.21508119 	 Validating MSE: 0.96735096 	 Best VMSE: 0.95532322
[2020-10-23 11:09:13] esmCNN.cv1: Checkpoint saved to experiments/normal/sili/esmCNN_random_sili_h8
[2020-10-23 11:09:13] esmCNN.cv1: Find channel with Kernel size: 6 	 Lambda: 0.5: 	 Best Score: 0.2126
[2020-10-23 11:09:13] esmCNN.cv1: Found new best state
[2020-10-23 11:09:13] esmCNN.cv1: Best vmse: 0.9409
[2020-10-23 11:09:13] esmCNN.cv1: Channel size: 12 	 Kernel size: 6 
Training MSE: 0.21262592 	 Validating MSE: 0.94092351 	 Best VMSE: 0.94092351
[2020-10-23 11:09:13] esmCNN.cv1: Checkpoint saved to experiments/normal/sili/esmCNN_random_sili_h8
[2020-10-23 11:09:13] esmCNN.cv1: Find channel with Kernel size: 5 	 Lambda: 0.5: 	 Best Score: 0.2101
[2020-10-23 11:09:13] esmCNN.cv1: Channel size: 13 	 Kernel size: 5 
Training MSE: 0.21005513 	 Validating MSE: 0.96384019 	 Best VMSE: 0.94092351
[2020-10-23 11:09:13] esmCNN.cv1: Checkpoint saved to experiments/normal/sili/esmCNN_random_sili_h8
[2020-10-23 11:09:13] esmCNN.cv1: Find channel with Kernel size: 8 	 Lambda: 0.5: 	 Best Score: 0.2097
[2020-10-23 11:09:13] esmCNN.cv1: Channel size: 14 	 Kernel size: 8 
Training MSE: 0.20973852 	 Validating MSE: 0.95929861 	 Best VMSE: 0.94092351
[2020-10-23 11:09:13] esmCNN.cv1: Checkpoint saved to experiments/normal/sili/esmCNN_random_sili_h8
[2020-10-23 11:09:13] esmCNN.cv1: Find channel with Kernel size: 6 	 Lambda: 0.5: 	 Best Score: 0.2088
[2020-10-23 11:09:13] esmCNN.cv1: Found new best state
[2020-10-23 11:09:13] esmCNN.cv1: Best vmse: 0.9358
[2020-10-23 11:09:13] esmCNN.cv1: Channel size: 15 	 Kernel size: 6 
Training MSE: 0.20880231 	 Validating MSE: 0.93580818 	 Best VMSE: 0.93580818
[2020-10-23 11:09:13] esmCNN.cv1: Checkpoint saved to experiments/normal/sili/esmCNN_random_sili_h8
[2020-10-23 11:09:13] esmCNN.cv1: Find channel with Kernel size: 6 	 Lambda: 0.5: 	 Best Score: 0.2074
[2020-10-23 11:09:13] esmCNN.cv1: Channel size: 16 	 Kernel size: 6 
Training MSE: 0.20741652 	 Validating MSE: 0.95957321 	 Best VMSE: 0.93580818
[2020-10-23 11:09:13] esmCNN.cv1: Checkpoint saved to experiments/normal/sili/esmCNN_random_sili_h8
[2020-10-23 11:09:13] esmCNN.cv1: Find channel with Kernel size: 4 	 Lambda: 0.5: 	 Best Score: 0.2069
[2020-10-23 11:09:13] esmCNN.cv1: Channel size: 17 	 Kernel size: 4 
Training MSE: 0.20692736 	 Validating MSE: 0.95632285 	 Best VMSE: 0.93580818
[2020-10-23 11:09:13] esmCNN.cv1: Checkpoint saved to experiments/normal/sili/esmCNN_random_sili_h8
[2020-10-23 11:09:13] esmCNN.cv1: Find channel with Kernel size: 6 	 Lambda: 0.5: 	 Best Score: 0.2064
[2020-10-23 11:09:13] esmCNN.cv1: Channel size: 18 	 Kernel size: 6 
Training MSE: 0.20642816 	 Validating MSE: 0.95193666 	 Best VMSE: 0.93580818
[2020-10-23 11:09:13] esmCNN.cv1: Checkpoint saved to experiments/normal/sili/esmCNN_random_sili_h8
[2020-10-23 11:09:13] esmCNN.cv1: Find channel with Kernel size: 6 	 Lambda: 0.5: 	 Best Score: 0.2061
[2020-10-23 11:09:13] esmCNN.cv1: Channel size: 19 	 Kernel size: 6 
Training MSE: 0.20605950 	 Validating MSE: 0.96308005 	 Best VMSE: 0.93580818
[2020-10-23 11:09:13] esmCNN.cv1: Checkpoint saved to experiments/normal/sili/esmCNN_random_sili_h8
[2020-10-23 11:09:13] esmCNN.cv1: Find channel with Kernel size: 8 	 Lambda: 0.5: 	 Best Score: 0.2059
[2020-10-23 11:09:13] esmCNN.cv1: Channel size: 20 	 Kernel size: 8 
Training MSE: 0.20586346 	 Validating MSE: 0.95797771 	 Best VMSE: 0.93580818
[2020-10-23 11:09:13] esmCNN.cv1: Checkpoint saved to experiments/normal/sili/esmCNN_random_sili_h8
[2020-10-23 11:09:13] esmCNN.cv1: Find channel with Kernel size: 5 	 Lambda: 0.5: 	 Best Score: 0.2055
[2020-10-23 11:09:13] esmCNN.cv1: Channel size: 21 	 Kernel size: 5 
Training MSE: 0.20551556 	 Validating MSE: 0.96084195 	 Best VMSE: 0.93580818
[2020-10-23 11:09:13] esmCNN.cv1: Checkpoint saved to experiments/normal/sili/esmCNN_random_sili_h8
[2020-10-23 11:09:13] esmCNN.cv1: Find channel with Kernel size: 8 	 Lambda: 0.5: 	 Best Score: 0.2053
[2020-10-23 11:09:13] esmCNN.cv1: Channel size: 22 	 Kernel size: 8 
Training MSE: 0.20529850 	 Validating MSE: 0.95433539 	 Best VMSE: 0.93580818
[2020-10-23 11:09:13] esmCNN.cv1: Checkpoint saved to experiments/normal/sili/esmCNN_random_sili_h8
[2020-10-23 11:09:13] esmCNN.cv1: Find channel with Kernel size: 8 	 Lambda: 0.5: 	 Best Score: 0.2047
[2020-10-23 11:09:13] esmCNN.cv1: Channel size: 23 	 Kernel size: 8 
Training MSE: 0.20468058 	 Validating MSE: 0.95493740 	 Best VMSE: 0.93580818
[2020-10-23 11:09:13] esmCNN.cv1: Checkpoint saved to experiments/normal/sili/esmCNN_random_sili_h8
[2020-10-23 11:09:13] esmCNN.cv1: Find channel with Kernel size: 4 	 Lambda: 0.5: 	 Best Score: 0.2042
[2020-10-23 11:09:13] esmCNN.cv1: Channel size: 24 	 Kernel size: 4 
Training MSE: 0.20415547 	 Validating MSE: 0.96440810 	 Best VMSE: 0.93580818
[2020-10-23 11:09:13] esmCNN.cv1: Checkpoint saved to experiments/normal/sili/esmCNN_random_sili_h8
[2020-10-23 11:09:13] esmCNN.cv1: Find channel with Kernel size: 6 	 Lambda: 0.5: 	 Best Score: 0.2041
[2020-10-23 11:09:13] esmCNN.cv1: Channel size: 25 	 Kernel size: 6 
Training MSE: 0.20408770 	 Validating MSE: 0.96392918 	 Best VMSE: 0.93580818
[2020-10-23 11:09:13] esmCNN.cv1: Checkpoint saved to experiments/normal/sili/esmCNN_random_sili_h8
[2020-10-23 11:09:13] esmCNN.cv1: Find channel with Kernel size: 8 	 Lambda: 0.5: 	 Best Score: 0.2036
[2020-10-23 11:09:13] esmCNN.cv1: Channel size: 26 	 Kernel size: 8 
Training MSE: 0.20363677 	 Validating MSE: 0.95602894 	 Best VMSE: 0.93580818
[2020-10-23 11:09:13] esmCNN.cv1: Checkpoint saved to experiments/normal/sili/esmCNN_random_sili_h8
[2020-10-23 11:09:13] esmCNN.cv1: Find channel with Kernel size: 5 	 Lambda: 0.5: 	 Best Score: 0.2032
[2020-10-23 11:09:13] esmCNN.cv1: Channel size: 27 	 Kernel size: 5 
Training MSE: 0.20320117 	 Validating MSE: 0.96424788 	 Best VMSE: 0.93580818
[2020-10-23 11:09:13] esmCNN.cv1: Checkpoint saved to experiments/normal/sili/esmCNN_random_sili_h8
[2020-10-23 11:09:13] esmCNN.cv1: Find channel with Kernel size: 8 	 Lambda: 0.5: 	 Best Score: 0.2022
[2020-10-23 11:09:13] esmCNN.cv1: Channel size: 28 	 Kernel size: 8 
Training MSE: 0.20220132 	 Validating MSE: 0.96224433 	 Best VMSE: 0.93580818
[2020-10-23 11:09:13] esmCNN.cv1: Checkpoint saved to experiments/normal/sili/esmCNN_random_sili_h8
[2020-10-23 11:09:13] esmCNN.cv1: Find channel with Kernel size: 4 	 Lambda: 0.5: 	 Best Score: 0.2011
[2020-10-23 11:09:13] esmCNN.cv1: Channel size: 29 	 Kernel size: 4 
Training MSE: 0.20109658 	 Validating MSE: 0.96746761 	 Best VMSE: 0.93580818
[2020-10-23 11:09:13] esmCNN.cv1: Checkpoint saved to experiments/normal/sili/esmCNN_random_sili_h8
[2020-10-23 11:09:13] esmCNN.cv1: Find channel with Kernel size: 5 	 Lambda: 0.5: 	 Best Score: 0.2009
[2020-10-23 11:09:13] esmCNN.cv1: Channel size: 30 	 Kernel size: 5 
Training MSE: 0.20087449 	 Validating MSE: 0.95783103 	 Best VMSE: 0.93580818
[2020-10-23 11:09:13] esmCNN.cv1: Checkpoint saved to experiments/normal/sili/esmCNN_random_sili_h8
[2020-10-23 11:09:14] esmCNN.cv1: Find channel with Kernel size: 8 	 Lambda: 0.5: 	 Best Score: 0.2007
[2020-10-23 11:09:14] esmCNN.cv1: Channel size: 31 	 Kernel size: 8 
Training MSE: 0.20067850 	 Validating MSE: 0.96416360 	 Best VMSE: 0.93580818
[2020-10-23 11:09:14] esmCNN.cv1: Checkpoint saved to experiments/normal/sili/esmCNN_random_sili_h8
[2020-10-23 11:09:14] esmCNN.cv1: Find channel with Kernel size: 4 	 Lambda: 0.5: 	 Best Score: 0.2002
[2020-10-23 11:09:14] esmCNN.cv1: Channel size: 32 	 Kernel size: 4 
Training MSE: 0.20015717 	 Validating MSE: 0.96661443 	 Best VMSE: 0.93580818
[2020-10-23 11:09:14] esmCNN.cv1: Checkpoint saved to experiments/normal/sili/esmCNN_random_sili_h8
[2020-10-23 11:09:14] esmCNN.cv1: Find channel with Kernel size: 4 	 Lambda: 0.5: 	 Best Score: 0.1997
[2020-10-23 11:09:14] esmCNN.cv1: Channel size: 33 	 Kernel size: 4 
Training MSE: 0.19965965 	 Validating MSE: 0.97329217 	 Best VMSE: 0.93580818
[2020-10-23 11:09:14] esmCNN.cv1: Checkpoint saved to experiments/normal/sili/esmCNN_random_sili_h8
[2020-10-23 11:09:14] esmCNN.cv1: Find channel with Kernel size: 8 	 Lambda: 0.5: 	 Best Score: 0.1990
[2020-10-23 11:09:14] esmCNN.cv1: Channel size: 34 	 Kernel size: 8 
Training MSE: 0.19895260 	 Validating MSE: 0.95678443 	 Best VMSE: 0.93580818
[2020-10-23 11:09:14] esmCNN.cv1: Checkpoint saved to experiments/normal/sili/esmCNN_random_sili_h8
[2020-10-23 11:09:14] esmCNN.cv1: Find channel with Kernel size: 4 	 Lambda: 0.5: 	 Best Score: 0.1982
[2020-10-23 11:09:14] esmCNN.cv1: Channel size: 35 	 Kernel size: 4 
Training MSE: 0.19821864 	 Validating MSE: 0.97247088 	 Best VMSE: 0.93580818
[2020-10-23 11:09:14] esmCNN.cv1: Checkpoint saved to experiments/normal/sili/esmCNN_random_sili_h8
[2020-10-23 11:09:14] esmCNN.cv1: Find channel with Kernel size: 5 	 Lambda: 0.5: 	 Best Score: 0.1978
[2020-10-23 11:09:14] esmCNN.cv1: Channel size: 36 	 Kernel size: 5 
Training MSE: 0.19779465 	 Validating MSE: 0.96009082 	 Best VMSE: 0.93580818
[2020-10-23 11:09:14] esmCNN.cv1: Checkpoint saved to experiments/normal/sili/esmCNN_random_sili_h8
[2020-10-23 11:09:14] esmCNN.cv1: Find channel with Kernel size: 4 	 Lambda: 0.5: 	 Best Score: 0.1975
[2020-10-23 11:09:14] esmCNN.cv1: Channel size: 37 	 Kernel size: 4 
Training MSE: 0.19749837 	 Validating MSE: 0.96736449 	 Best VMSE: 0.93580818
[2020-10-23 11:09:14] esmCNN.cv1: Checkpoint saved to experiments/normal/sili/esmCNN_random_sili_h8
[2020-10-23 11:09:14] esmCNN.cv1: Find channel with Kernel size: 6 	 Lambda: 0.5: 	 Best Score: 0.1973
[2020-10-23 11:09:14] esmCNN.cv1: Channel size: 38 	 Kernel size: 6 
Training MSE: 0.19733092 	 Validating MSE: 0.96808356 	 Best VMSE: 0.93580818
[2020-10-23 11:09:14] esmCNN.cv1: Checkpoint saved to experiments/normal/sili/esmCNN_random_sili_h8
[2020-10-23 11:09:14] esmCNN.cv1: Find channel with Kernel size: 8 	 Lambda: 0.5: 	 Best Score: 0.1971
[2020-10-23 11:09:14] esmCNN.cv1: Channel size: 39 	 Kernel size: 8 
Training MSE: 0.19714794 	 Validating MSE: 0.97038823 	 Best VMSE: 0.93580818
[2020-10-23 11:09:14] esmCNN.cv1: Checkpoint saved to experiments/normal/sili/esmCNN_random_sili_h8
[2020-10-23 11:09:14] esmCNN.cv1: Find channel with Kernel size: 4 	 Lambda: 0.5: 	 Best Score: 0.1969
[2020-10-23 11:09:14] esmCNN.cv1: Channel size: 40 	 Kernel size: 4 
Training MSE: 0.19686881 	 Validating MSE: 0.96719933 	 Best VMSE: 0.93580818
[2020-10-23 11:09:14] esmCNN.cv1: Checkpoint saved to experiments/normal/sili/esmCNN_random_sili_h8
[2020-10-23 11:09:14] esmCNN.cv1: Find channel with Kernel size: 4 	 Lambda: 0.5: 	 Best Score: 0.1965
[2020-10-23 11:09:14] esmCNN.cv1: Channel size: 41 	 Kernel size: 4 
Training MSE: 0.19654983 	 Validating MSE: 0.97671568 	 Best VMSE: 0.93580818
[2020-10-23 11:09:14] esmCNN.cv1: Checkpoint saved to experiments/normal/sili/esmCNN_random_sili_h8
[2020-10-23 11:09:14] esmCNN.cv1: Find channel with Kernel size: 8 	 Lambda: 0.5: 	 Best Score: 0.1964
[2020-10-23 11:09:14] esmCNN.cv1: Channel size: 42 	 Kernel size: 8 
Training MSE: 0.19644031 	 Validating MSE: 0.96755964 	 Best VMSE: 0.93580818
[2020-10-23 11:09:14] esmCNN.cv1: Checkpoint saved to experiments/normal/sili/esmCNN_random_sili_h8
[2020-10-23 11:09:14] esmCNN.cv1: Find channel with Kernel size: 5 	 Lambda: 0.5: 	 Best Score: 0.1963
[2020-10-23 11:09:14] esmCNN.cv1: Channel size: 43 	 Kernel size: 5 
Training MSE: 0.19628096 	 Validating MSE: 0.97422695 	 Best VMSE: 0.93580818
[2020-10-23 11:09:14] esmCNN.cv1: Checkpoint saved to experiments/normal/sili/esmCNN_random_sili_h8
[2020-10-23 11:09:14] esmCNN.cv1: Find channel with Kernel size: 8 	 Lambda: 0.5: 	 Best Score: 0.1957
[2020-10-23 11:09:14] esmCNN.cv1: Channel size: 44 	 Kernel size: 8 
Training MSE: 0.19566472 	 Validating MSE: 0.96280128 	 Best VMSE: 0.93580818
[2020-10-23 11:09:14] esmCNN.cv1: Checkpoint saved to experiments/normal/sili/esmCNN_random_sili_h8
[2020-10-23 11:09:14] esmCNN.cv1: Find channel with Kernel size: 4 	 Lambda: 0.5: 	 Best Score: 0.1951
[2020-10-23 11:09:14] esmCNN.cv1: Channel size: 45 	 Kernel size: 4 
Training MSE: 0.19514644 	 Validating MSE: 0.97094595 	 Best VMSE: 0.93580818
[2020-10-23 11:09:14] esmCNN.cv1: Checkpoint saved to experiments/normal/sili/esmCNN_random_sili_h8
[2020-10-23 11:09:14] esmCNN.cv1: Find channel with Kernel size: 4 	 Lambda: 0.5: 	 Best Score: 0.1950
[2020-10-23 11:09:14] esmCNN.cv1: Channel size: 46 	 Kernel size: 4 
Training MSE: 0.19499524 	 Validating MSE: 0.96771717 	 Best VMSE: 0.93580818
[2020-10-23 11:09:14] esmCNN.cv1: Checkpoint saved to experiments/normal/sili/esmCNN_random_sili_h8
[2020-10-23 11:09:15] esmCNN.cv1: Find channel with Kernel size: 8 	 Lambda: 0.5: 	 Best Score: 0.1948
[2020-10-23 11:09:15] esmCNN.cv1: Channel size: 47 	 Kernel size: 8 
Training MSE: 0.19478427 	 Validating MSE: 0.96868557 	 Best VMSE: 0.93580818
[2020-10-23 11:09:15] esmCNN.cv1: Checkpoint saved to experiments/normal/sili/esmCNN_random_sili_h8
[2020-10-23 11:09:15] esmCNN.cv1: Find channel with Kernel size: 5 	 Lambda: 0.5: 	 Best Score: 0.1946
[2020-10-23 11:09:15] esmCNN.cv1: Channel size: 48 	 Kernel size: 5 
Training MSE: 0.19459181 	 Validating MSE: 0.96883625 	 Best VMSE: 0.93580818
[2020-10-23 11:09:15] esmCNN.cv1: Checkpoint saved to experiments/normal/sili/esmCNN_random_sili_h8
[2020-10-23 11:09:15] esmCNN.cv1: Find channel with Kernel size: 5 	 Lambda: 0.5: 	 Best Score: 0.1945
[2020-10-23 11:09:15] esmCNN.cv1: Channel size: 49 	 Kernel size: 5 
Training MSE: 0.19448176 	 Validating MSE: 0.96472466 	 Best VMSE: 0.93580818
[2020-10-23 11:09:15] esmCNN.cv1: Checkpoint saved to experiments/normal/sili/esmCNN_random_sili_h8
[2020-10-23 11:09:15] esmCNN.cv1: Find channel with Kernel size: 5 	 Lambda: 0.5: 	 Best Score: 0.1944
[2020-10-23 11:09:15] esmCNN.cv1: Channel size: 50 	 Kernel size: 5 
Training MSE: 0.19435364 	 Validating MSE: 0.96921271 	 Best VMSE: 0.93580818
[2020-10-23 11:09:15] esmCNN.cv1: Checkpoint saved to experiments/normal/sili/esmCNN_random_sili_h8
[2020-10-23 11:09:15] esmCNN.cv1: Find channel with Kernel size: 4 	 Lambda: 0.5: 	 Best Score: 0.1941
[2020-10-23 11:09:15] esmCNN.cv1: Channel size: 51 	 Kernel size: 4 
Training MSE: 0.19412732 	 Validating MSE: 0.97241175 	 Best VMSE: 0.93580818
[2020-10-23 11:09:15] esmCNN.cv1: Checkpoint saved to experiments/normal/sili/esmCNN_random_sili_h8
[2020-10-23 11:09:15] esmCNN.cv1: Find channel with Kernel size: 8 	 Lambda: 0.5: 	 Best Score: 0.1937
[2020-10-23 11:09:15] esmCNN.cv1: Channel size: 52 	 Kernel size: 8 
Training MSE: 0.19374558 	 Validating MSE: 0.96006358 	 Best VMSE: 0.93580818
[2020-10-23 11:09:15] esmCNN.cv1: Checkpoint saved to experiments/normal/sili/esmCNN_random_sili_h8
[2020-10-23 11:09:15] esmCNN.cv1: Find channel with Kernel size: 8 	 Lambda: 0.5: 	 Best Score: 0.1932
[2020-10-23 11:09:15] esmCNN.cv1: Channel size: 53 	 Kernel size: 8 
Training MSE: 0.19320042 	 Validating MSE: 0.97297126 	 Best VMSE: 0.93580818
[2020-10-23 11:09:15] esmCNN.cv1: Checkpoint saved to experiments/normal/sili/esmCNN_random_sili_h8
[2020-10-23 11:09:15] esmCNN.cv1: Find channel with Kernel size: 8 	 Lambda: 0.5: 	 Best Score: 0.1926
[2020-10-23 11:09:15] esmCNN.cv1: Channel size: 54 	 Kernel size: 8 
Training MSE: 0.19264430 	 Validating MSE: 0.97208959 	 Best VMSE: 0.93580818
[2020-10-23 11:09:15] esmCNN.cv1: Checkpoint saved to experiments/normal/sili/esmCNN_random_sili_h8
[2020-10-23 11:09:15] esmCNN.cv1: Find channel with Kernel size: 5 	 Lambda: 0.5: 	 Best Score: 0.1922
[2020-10-23 11:09:15] esmCNN.cv1: Channel size: 55 	 Kernel size: 5 
Training MSE: 0.19216579 	 Validating MSE: 0.98378277 	 Best VMSE: 0.93580818
[2020-10-23 11:09:15] esmCNN.cv1: Checkpoint saved to experiments/normal/sili/esmCNN_random_sili_h8
[2020-10-23 11:09:15] esmCNN.cv1: Find channel with Kernel size: 6 	 Lambda: 0.5: 	 Best Score: 0.1920
[2020-10-23 11:09:15] esmCNN.cv1: Channel size: 56 	 Kernel size: 6 
Training MSE: 0.19202484 	 Validating MSE: 0.97424126 	 Best VMSE: 0.93580818
[2020-10-23 11:09:15] esmCNN.cv1: Checkpoint saved to experiments/normal/sili/esmCNN_random_sili_h8
[2020-10-23 11:09:15] esmCNN.cv1: Find channel with Kernel size: 6 	 Lambda: 0.5: 	 Best Score: 0.1916
[2020-10-23 11:09:15] esmCNN.cv1: Channel size: 57 	 Kernel size: 6 
Training MSE: 0.19164421 	 Validating MSE: 0.97562522 	 Best VMSE: 0.93580818
[2020-10-23 11:09:15] esmCNN.cv1: Checkpoint saved to experiments/normal/sili/esmCNN_random_sili_h8
[2020-10-23 11:09:15] esmCNN.cv1: Find channel with Kernel size: 5 	 Lambda: 0.5: 	 Best Score: 0.1913
[2020-10-23 11:09:15] esmCNN.cv1: Channel size: 58 	 Kernel size: 5 
Training MSE: 0.19134425 	 Validating MSE: 0.97257656 	 Best VMSE: 0.93580818
[2020-10-23 11:09:15] esmCNN.cv1: Checkpoint saved to experiments/normal/sili/esmCNN_random_sili_h8
[2020-10-23 11:09:15] esmCNN.cv1: Find channel with Kernel size: 6 	 Lambda: 0.5: 	 Best Score: 0.1911
[2020-10-23 11:09:15] esmCNN.cv1: Channel size: 59 	 Kernel size: 6 
Training MSE: 0.19114336 	 Validating MSE: 0.97594053 	 Best VMSE: 0.93580818
[2020-10-23 11:09:15] esmCNN.cv1: Checkpoint saved to experiments/normal/sili/esmCNN_random_sili_h8
[2020-10-23 11:09:15] esmCNN.cv1: Find channel with Kernel size: 5 	 Lambda: 0.5: 	 Best Score: 0.1907
[2020-10-23 11:09:16] esmCNN.cv1: Channel size: 60 	 Kernel size: 5 
Training MSE: 0.19074534 	 Validating MSE: 0.97139645 	 Best VMSE: 0.93580818
[2020-10-23 11:09:16] esmCNN.cv1: Checkpoint saved to experiments/normal/sili/esmCNN_random_sili_h8
[2020-10-23 11:09:16] esmCNN.cv1: Find channel with Kernel size: 4 	 Lambda: 0.5: 	 Best Score: 0.1906
[2020-10-23 11:09:16] esmCNN.cv1: Channel size: 61 	 Kernel size: 4 
Training MSE: 0.19060087 	 Validating MSE: 0.97252238 	 Best VMSE: 0.93580818
[2020-10-23 11:09:16] esmCNN.cv1: Checkpoint saved to experiments/normal/sili/esmCNN_random_sili_h8
[2020-10-23 11:09:16] esmCNN.cv1: Find channel with Kernel size: 6 	 Lambda: 0.5: 	 Best Score: 0.1905
[2020-10-23 11:09:16] esmCNN.cv1: Channel size: 62 	 Kernel size: 6 
Training MSE: 0.19046649 	 Validating MSE: 0.96444052 	 Best VMSE: 0.93580818
[2020-10-23 11:09:16] esmCNN.cv1: Checkpoint saved to experiments/normal/sili/esmCNN_random_sili_h8
[2020-10-23 11:09:16] esmCNN.cv1: Find channel with Kernel size: 6 	 Lambda: 0.5: 	 Best Score: 0.1903
[2020-10-23 11:09:16] esmCNN.cv1: Channel size: 63 	 Kernel size: 6 
Training MSE: 0.19026183 	 Validating MSE: 0.96635705 	 Best VMSE: 0.93580818
[2020-10-23 11:09:16] esmCNN.cv1: Checkpoint saved to experiments/normal/sili/esmCNN_random_sili_h8
[2020-10-23 11:09:16] esmCNN.cv1: Find channel with Kernel size: 4 	 Lambda: 0.5: 	 Best Score: 0.1901
[2020-10-23 11:09:16] esmCNN.cv1: Channel size: 64 	 Kernel size: 4 
Training MSE: 0.19008711 	 Validating MSE: 0.96750414 	 Best VMSE: 0.93580818
[2020-10-23 11:09:16] esmCNN.cv1: Checkpoint saved to experiments/normal/sili/esmCNN_random_sili_h8
[2020-10-23 11:09:16] esmCNN.cv1: Find channel with Kernel size: 5 	 Lambda: 0.5: 	 Best Score: 0.1899
[2020-10-23 11:09:16] esmCNN.cv1: Channel size: 65 	 Kernel size: 5 
Training MSE: 0.18992074 	 Validating MSE: 0.97212315 	 Best VMSE: 0.93580818
[2020-10-23 11:09:16] esmCNN.cv1: Checkpoint saved to experiments/normal/sili/esmCNN_random_sili_h8
[2020-10-23 11:09:16] esmCNN.cv1: Find channel with Kernel size: 8 	 Lambda: 0.5: 	 Best Score: 0.1893
[2020-10-23 11:09:16] esmCNN.cv1: Channel size: 66 	 Kernel size: 8 
Training MSE: 0.18932596 	 Validating MSE: 0.96922112 	 Best VMSE: 0.93580818
[2020-10-23 11:09:16] esmCNN.cv1: Checkpoint saved to experiments/normal/sili/esmCNN_random_sili_h8
[2020-10-23 11:09:16] esmCNN.cv1: Find channel with Kernel size: 8 	 Lambda: 0.5: 	 Best Score: 0.1888
[2020-10-23 11:09:16] esmCNN.cv1: Channel size: 67 	 Kernel size: 8 
Training MSE: 0.18882789 	 Validating MSE: 0.96557659 	 Best VMSE: 0.93580818
[2020-10-23 11:09:16] esmCNN.cv1: Checkpoint saved to experiments/normal/sili/esmCNN_random_sili_h8
[2020-10-23 11:09:16] esmCNN.cv1: Find channel with Kernel size: 4 	 Lambda: 0.5: 	 Best Score: 0.1886
[2020-10-23 11:09:16] esmCNN.cv1: Channel size: 68 	 Kernel size: 4 
Training MSE: 0.18863943 	 Validating MSE: 0.97284126 	 Best VMSE: 0.93580818
[2020-10-23 11:09:16] esmCNN.cv1: Checkpoint saved to experiments/normal/sili/esmCNN_random_sili_h8
[2020-10-23 11:09:16] esmCNN.cv1: Find channel with Kernel size: 8 	 Lambda: 0.5: 	 Best Score: 0.1886
[2020-10-23 11:09:16] esmCNN.cv1: Channel size: 69 	 Kernel size: 8 
Training MSE: 0.18855023 	 Validating MSE: 0.97541112 	 Best VMSE: 0.93580818
[2020-10-23 11:09:16] esmCNN.cv1: Checkpoint saved to experiments/normal/sili/esmCNN_random_sili_h8
[2020-10-23 11:09:16] esmCNN.cv1: Find channel with Kernel size: 8 	 Lambda: 0.5: 	 Best Score: 0.1882
[2020-10-23 11:09:16] esmCNN.cv1: Channel size: 70 	 Kernel size: 8 
Training MSE: 0.18815999 	 Validating MSE: 0.96784431 	 Best VMSE: 0.93580818
[2020-10-23 11:09:16] esmCNN.cv1: Checkpoint saved to experiments/normal/sili/esmCNN_random_sili_h8
[2020-10-23 11:09:16] esmCNN.cv1: Find channel with Kernel size: 5 	 Lambda: 0.5: 	 Best Score: 0.1877
[2020-10-23 11:09:16] esmCNN.cv1: Channel size: 71 	 Kernel size: 5 
Training MSE: 0.18772136 	 Validating MSE: 0.97379059 	 Best VMSE: 0.93580818
[2020-10-23 11:09:16] esmCNN.cv1: Checkpoint saved to experiments/normal/sili/esmCNN_random_sili_h8
[2020-10-23 11:09:16] esmCNN.cv1: Find channel with Kernel size: 5 	 Lambda: 0.5: 	 Best Score: 0.1875
[2020-10-23 11:09:17] esmCNN.cv1: Channel size: 72 	 Kernel size: 5 
Training MSE: 0.18745749 	 Validating MSE: 0.97049600 	 Best VMSE: 0.93580818
[2020-10-23 11:09:17] esmCNN.cv1: Checkpoint saved to experiments/normal/sili/esmCNN_random_sili_h8
[2020-10-23 11:09:17] esmCNN.cv1: Find channel with Kernel size: 5 	 Lambda: 0.5: 	 Best Score: 0.1874
[2020-10-23 11:09:17] esmCNN.cv1: Channel size: 73 	 Kernel size: 5 
Training MSE: 0.18735324 	 Validating MSE: 0.97664565 	 Best VMSE: 0.93580818
[2020-10-23 11:09:17] esmCNN.cv1: Checkpoint saved to experiments/normal/sili/esmCNN_random_sili_h8
[2020-10-23 11:09:17] esmCNN.cv1: Find channel with Kernel size: 4 	 Lambda: 0.5: 	 Best Score: 0.1870
[2020-10-23 11:09:17] esmCNN.cv1: Channel size: 74 	 Kernel size: 4 
Training MSE: 0.18700451 	 Validating MSE: 0.97166079 	 Best VMSE: 0.93580818
[2020-10-23 11:09:17] esmCNN.cv1: Checkpoint saved to experiments/normal/sili/esmCNN_random_sili_h8
[2020-10-23 11:09:17] esmCNN.cv1: Find channel with Kernel size: 4 	 Lambda: 0.5: 	 Best Score: 0.1865
[2020-10-23 11:09:17] esmCNN.cv1: Channel size: 75 	 Kernel size: 4 
Training MSE: 0.18651567 	 Validating MSE: 0.97572106 	 Best VMSE: 0.93580818
[2020-10-23 11:09:17] esmCNN.cv1: Checkpoint saved to experiments/normal/sili/esmCNN_random_sili_h8
[2020-10-23 11:09:17] esmCNN.cv1: Find channel with Kernel size: 8 	 Lambda: 0.5: 	 Best Score: 0.1864
[2020-10-23 11:09:17] esmCNN.cv1: Channel size: 76 	 Kernel size: 8 
Training MSE: 0.18642227 	 Validating MSE: 0.97357619 	 Best VMSE: 0.93580818
[2020-10-23 11:09:17] esmCNN.cv1: Checkpoint saved to experiments/normal/sili/esmCNN_random_sili_h8
[2020-10-23 11:09:17] esmCNN.cv1: Find channel with Kernel size: 8 	 Lambda: 0.5: 	 Best Score: 0.1861
[2020-10-23 11:09:17] esmCNN.cv1: Channel size: 77 	 Kernel size: 8 
Training MSE: 0.18608651 	 Validating MSE: 0.97677583 	 Best VMSE: 0.93580818
[2020-10-23 11:09:17] esmCNN.cv1: Checkpoint saved to experiments/normal/sili/esmCNN_random_sili_h8
[2020-10-23 11:09:17] esmCNN.cv1: Find channel with Kernel size: 4 	 Lambda: 0.5: 	 Best Score: 0.1859
[2020-10-23 11:09:17] esmCNN.cv1: Channel size: 78 	 Kernel size: 4 
Training MSE: 0.18588768 	 Validating MSE: 0.98156607 	 Best VMSE: 0.93580818
[2020-10-23 11:09:17] esmCNN.cv1: Checkpoint saved to experiments/normal/sili/esmCNN_random_sili_h8
[2020-10-23 11:09:17] esmCNN.cv1: Find channel with Kernel size: 8 	 Lambda: 0.5: 	 Best Score: 0.1846
[2020-10-23 11:09:17] esmCNN.cv1: Channel size: 79 	 Kernel size: 8 
Training MSE: 0.18461885 	 Validating MSE: 0.98276657 	 Best VMSE: 0.93580818
[2020-10-23 11:09:17] esmCNN.cv1: Checkpoint saved to experiments/normal/sili/esmCNN_random_sili_h8
[2020-10-23 11:09:17] esmCNN.cv1: Find channel with Kernel size: 8 	 Lambda: 0.5: 	 Best Score: 0.1838
[2020-10-23 11:09:17] esmCNN.cv1: Channel size: 80 	 Kernel size: 8 
Training MSE: 0.18381146 	 Validating MSE: 0.99452078 	 Best VMSE: 0.93580818
[2020-10-23 11:09:17] esmCNN.cv1: Checkpoint saved to experiments/normal/sili/esmCNN_random_sili_h8
[2020-10-23 11:09:17] esmCNN.cv1: Find channel with Kernel size: 6 	 Lambda: 0.5: 	 Best Score: 0.1836
[2020-10-23 11:09:17] esmCNN.cv1: Channel size: 81 	 Kernel size: 6 
Training MSE: 0.18359894 	 Validating MSE: 0.98324966 	 Best VMSE: 0.93580818
[2020-10-23 11:09:17] esmCNN.cv1: Checkpoint saved to experiments/normal/sili/esmCNN_random_sili_h8
[2020-10-23 11:09:17] esmCNN.cv1: Find channel with Kernel size: 4 	 Lambda: 0.5: 	 Best Score: 0.1833
[2020-10-23 11:09:17] esmCNN.cv1: Channel size: 82 	 Kernel size: 4 
Training MSE: 0.18332197 	 Validating MSE: 0.97531223 	 Best VMSE: 0.93580818
[2020-10-23 11:09:17] esmCNN.cv1: Checkpoint saved to experiments/normal/sili/esmCNN_random_sili_h8
[2020-10-23 11:09:18] esmCNN.cv1: Find channel with Kernel size: 5 	 Lambda: 0.5: 	 Best Score: 0.1806
[2020-10-23 11:09:18] esmCNN.cv1: Found new best state
[2020-10-23 11:09:18] esmCNN.cv1: Best vmse: 0.9194
[2020-10-23 11:09:18] esmCNN.cv1: Channel size: 83 	 Kernel size: 5 
Training MSE: 0.18063180 	 Validating MSE: 0.91941243 	 Best VMSE: 0.91941243
[2020-10-23 11:09:18] esmCNN.cv1: Checkpoint saved to experiments/normal/sili/esmCNN_random_sili_h8
[2020-10-23 11:09:18] esmCNN.cv1: Find channel with Kernel size: 5 	 Lambda: 0.5: 	 Best Score: 0.1785
[2020-10-23 11:09:18] esmCNN.cv1: Channel size: 84 	 Kernel size: 5 
Training MSE: 0.17847566 	 Validating MSE: 0.96208066 	 Best VMSE: 0.91941243
[2020-10-23 11:09:18] esmCNN.cv1: Checkpoint saved to experiments/normal/sili/esmCNN_random_sili_h8
[2020-10-23 11:09:18] esmCNN.cv1: Find channel with Kernel size: 8 	 Lambda: 0.5: 	 Best Score: 0.1781
[2020-10-23 11:09:18] esmCNN.cv1: Channel size: 85 	 Kernel size: 8 
Training MSE: 0.17810813 	 Validating MSE: 0.96635354 	 Best VMSE: 0.91941243
[2020-10-23 11:09:18] esmCNN.cv1: Checkpoint saved to experiments/normal/sili/esmCNN_random_sili_h8
[2020-10-23 11:09:18] esmCNN.cv1: Find channel with Kernel size: 6 	 Lambda: 0.5: 	 Best Score: 0.1778
[2020-10-23 11:09:18] esmCNN.cv1: Channel size: 86 	 Kernel size: 6 
Training MSE: 0.17778741 	 Validating MSE: 0.96576595 	 Best VMSE: 0.91941243
[2020-10-23 11:09:18] esmCNN.cv1: Checkpoint saved to experiments/normal/sili/esmCNN_random_sili_h8
[2020-10-23 11:09:18] esmCNN.cv1: Find channel with Kernel size: 6 	 Lambda: 0.5: 	 Best Score: 0.1776
[2020-10-23 11:09:18] esmCNN.cv1: Channel size: 87 	 Kernel size: 6 
Training MSE: 0.17763501 	 Validating MSE: 0.96708643 	 Best VMSE: 0.91941243
[2020-10-23 11:09:18] esmCNN.cv1: Checkpoint saved to experiments/normal/sili/esmCNN_random_sili_h8
[2020-10-23 11:09:18] esmCNN.cv1: Find channel with Kernel size: 8 	 Lambda: 0.5: 	 Best Score: 0.1773
[2020-10-23 11:09:18] esmCNN.cv1: Channel size: 88 	 Kernel size: 8 
Training MSE: 0.17725666 	 Validating MSE: 0.96599144 	 Best VMSE: 0.91941243
[2020-10-23 11:09:18] esmCNN.cv1: Checkpoint saved to experiments/normal/sili/esmCNN_random_sili_h8
[2020-10-23 11:09:18] esmCNN.cv1: Find channel with Kernel size: 5 	 Lambda: 0.5: 	 Best Score: 0.1769
[2020-10-23 11:09:18] esmCNN.cv1: Channel size: 89 	 Kernel size: 5 
Training MSE: 0.17689209 	 Validating MSE: 0.97288555 	 Best VMSE: 0.91941243
[2020-10-23 11:09:18] esmCNN.cv1: Checkpoint saved to experiments/normal/sili/esmCNN_random_sili_h8
[2020-10-23 11:09:18] esmCNN.cv1: Find channel with Kernel size: 8 	 Lambda: 0.5: 	 Best Score: 0.1768
[2020-10-23 11:09:18] esmCNN.cv1: Channel size: 90 	 Kernel size: 8 
Training MSE: 0.17681152 	 Validating MSE: 0.96759397 	 Best VMSE: 0.91941243
[2020-10-23 11:09:18] esmCNN.cv1: Checkpoint saved to experiments/normal/sili/esmCNN_random_sili_h8
[2020-10-23 11:09:18] esmCNN.cv1: Find channel with Kernel size: 6 	 Lambda: 0.5: 	 Best Score: 0.1767
[2020-10-23 11:09:18] esmCNN.cv1: Channel size: 91 	 Kernel size: 6 
Training MSE: 0.17669986 	 Validating MSE: 0.97380745 	 Best VMSE: 0.91941243
[2020-10-23 11:09:18] esmCNN.cv1: Checkpoint saved to experiments/normal/sili/esmCNN_random_sili_h8
[2020-10-23 11:09:18] esmCNN.cv1: Find channel with Kernel size: 6 	 Lambda: 0.5: 	 Best Score: 0.1767
[2020-10-23 11:09:18] esmCNN.cv1: Channel size: 92 	 Kernel size: 6 
Training MSE: 0.17666334 	 Validating MSE: 0.97473735 	 Best VMSE: 0.91941243
[2020-10-23 11:09:18] esmCNN.cv1: Checkpoint saved to experiments/normal/sili/esmCNN_random_sili_h8
[2020-10-23 11:09:18] esmCNN.cv1: Find channel with Kernel size: 4 	 Lambda: 0.5: 	 Best Score: 0.1766
[2020-10-23 11:09:19] esmCNN.cv1: Channel size: 93 	 Kernel size: 4 
Training MSE: 0.17657547 	 Validating MSE: 0.97011560 	 Best VMSE: 0.91941243
[2020-10-23 11:09:19] esmCNN.cv1: Checkpoint saved to experiments/normal/sili/esmCNN_random_sili_h8
[2020-10-23 11:09:19] esmCNN.cv1: Find channel with Kernel size: 5 	 Lambda: 0.5: 	 Best Score: 0.1765
[2020-10-23 11:09:19] esmCNN.cv1: Channel size: 94 	 Kernel size: 5 
Training MSE: 0.17651524 	 Validating MSE: 0.97370738 	 Best VMSE: 0.91941243
[2020-10-23 11:09:19] esmCNN.cv1: Checkpoint saved to experiments/normal/sili/esmCNN_random_sili_h8
[2020-10-23 11:09:19] esmCNN.cv1: Find channel with Kernel size: 5 	 Lambda: 0.5: 	 Best Score: 0.1764
[2020-10-23 11:09:19] esmCNN.cv1: Channel size: 95 	 Kernel size: 5 
Training MSE: 0.17635067 	 Validating MSE: 0.97125882 	 Best VMSE: 0.91941243
[2020-10-23 11:09:19] esmCNN.cv1: Checkpoint saved to experiments/normal/sili/esmCNN_random_sili_h8
[2020-10-23 11:09:19] esmCNN.cv1: Find channel with Kernel size: 8 	 Lambda: 0.5: 	 Best Score: 0.1760
[2020-10-23 11:09:19] esmCNN.cv1: Channel size: 96 	 Kernel size: 8 
Training MSE: 0.17602731 	 Validating MSE: 0.98164862 	 Best VMSE: 0.91941243
[2020-10-23 11:09:19] esmCNN.cv1: Checkpoint saved to experiments/normal/sili/esmCNN_random_sili_h8
[2020-10-23 11:09:19] esmCNN.cv1: Find channel with Kernel size: 5 	 Lambda: 0.5: 	 Best Score: 0.1758
[2020-10-23 11:09:19] esmCNN.cv1: Channel size: 97 	 Kernel size: 5 
Training MSE: 0.17583449 	 Validating MSE: 0.97680682 	 Best VMSE: 0.91941243
[2020-10-23 11:09:19] esmCNN.cv1: Checkpoint saved to experiments/normal/sili/esmCNN_random_sili_h8
[2020-10-23 11:09:19] esmCNN.cv1: Find channel with Kernel size: 8 	 Lambda: 0.5: 	 Best Score: 0.1758
[2020-10-23 11:09:19] esmCNN.cv1: Channel size: 98 	 Kernel size: 8 
Training MSE: 0.17575313 	 Validating MSE: 0.97335762 	 Best VMSE: 0.91941243
[2020-10-23 11:09:19] esmCNN.cv1: Checkpoint saved to experiments/normal/sili/esmCNN_random_sili_h8
[2020-10-23 11:09:19] esmCNN.cv1: Find channel with Kernel size: 6 	 Lambda: 0.5: 	 Best Score: 0.1756
[2020-10-23 11:09:19] esmCNN.cv1: Channel size: 99 	 Kernel size: 6 
Training MSE: 0.17558958 	 Validating MSE: 0.97540379 	 Best VMSE: 0.91941243
[2020-10-23 11:09:19] esmCNN.cv1: Checkpoint saved to experiments/normal/sili/esmCNN_random_sili_h8
[2020-10-23 11:09:19] esmCNN.cv1: Find channel with Kernel size: 6 	 Lambda: 0.5: 	 Best Score: 0.1753
[2020-10-23 11:09:19] esmCNN.cv1: Channel size: 100 	 Kernel size: 6 
Training MSE: 0.17526436 	 Validating MSE: 0.97642213 	 Best VMSE: 0.91941243
[2020-10-23 11:09:19] esmCNN.cv1: Checkpoint saved to experiments/normal/sili/esmCNN_random_sili_h8
[2020-10-23 11:09:19] esmCNN.cv1: Restoring best parameters from experiments/normal/sili/esmCNN_random_sili_h8/train.cv1.pth.tar
[2020-10-23 11:09:19] esmCNN.cv1: sili	 H: 8	 Trail: 6 
Testing RMSE: 1.026 	 MAPE: 0.1514 	 SMAPE: 0.08419
